current work directory:  /home/imsuhan22/few-shot-tc/custom_ssl/code
Data set -> corcod_extended_data
save_name: 5_unixcoder-base_0.0004_0.7_corcod_extended_data

data_path:  ../data/problem_based_split/corcod_extended_data

There are 2 GPU(s) available.
We will use the GPU- 0 Quadro RTX 8000

**line 147 모델 =>  microsoft/unixcoder-base
**tokenizer type =  microsoft/unixcoder-base 

pesudo label class개수 기준 -> 7
n_labeled_per_class:  5
train_df samples: 739
train_labeled_df samples: 25
train_unlabeled_df samples: 714
n_classes:  5 


net_arch:  microsoft/unixcoder-base 
lr:  0.0004 
lr_linear:  0.001 




line 303 => train data수 25
line 258 => 인스턴스 수 4
Step 0  Tim 0:00:03
acc_train_cw(현재 train의 class별 acc) [0.0, 0.0, 0.6, 0.0, 0.0]
cw_psl_total_eval(pseudo label 클래스별 총 샘플 수):  [0, 0, 0, 0, 0]
cw_psl_correct_eval(pseudo label 클래스별 맞은 샘플 수):  [0, 0, 0, 0, 0]
psl_acc(PSL 평가에서의 정확도): None 
cw_psl_acc(클래스별 PSL 평가에서의 정확도):  [nan, nan, nan, nan, nan]
***best_acc_model_save --- epoch = 1***
Save model to ./experiment/corcod_extended_data/output/
**pseudo_label ->  [0.1324, 0.1635, 0.2448, 0.3038, 0.1556] **
max =  0.3038 | max_idx =  3
**pseudo_label ->  [0.1499, 0.1548, 0.2415, 0.2516, 0.2022] **
max =  0.2516 | max_idx =  3
**pseudo_label ->  [0.1489, 0.1491, 0.4119, 0.2074, 0.0827] **
max =  0.4119 | max_idx =  2
**pseudo_label ->  [0.1509, 0.1765, 0.4031, 0.163, 0.1065] **
max =  0.4031 | max_idx =  2
**pseudo_label ->  [0.1575, 0.1988, 0.2461, 0.2826, 0.1151] **
max =  0.2826 | max_idx =  3
Epoch 1/37, Train Loss: 1.9347, Valid Loss: 3.0067, Train Acc: 0.1200, Val Acc: 0.3878, Test Acc: 0.3474, Test F1(macro): 0.1484, Test F1(micro) : 0.1200,Total Pseudo-Labels: 0, Correct Pseudo-Labels: 0, Train Data Number: 25



line 303 => train data수 25
line 258 => 인스턴스 수 4
Step 4  Tim 0:00:21
acc_train_cw(현재 train의 class별 acc) [1.0, 0.0, 0.0, 0.0, 0.0]
cw_psl_total_eval(pseudo label 클래스별 총 샘플 수):  [0, 0, 0, 0, 0]
cw_psl_correct_eval(pseudo label 클래스별 맞은 샘플 수):  [0, 0, 0, 0, 0]
psl_acc(PSL 평가에서의 정확도): None 
cw_psl_acc(클래스별 PSL 평가에서의 정확도):  [nan, nan, nan, nan, nan]
**pseudo_label ->  [0.7216, 0.0909, 0.0277, 0.1052, 0.0546] **
max =  0.7216 | max_idx =  0
**pseudo_label ->  [0.7504, 0.0774, 0.0297, 0.0998, 0.0427] **
max =  0.7504 | max_idx =  0
**pseudo_label ->  [0.7502, 0.0647, 0.025, 0.1272, 0.0329] **
max =  0.7502 | max_idx =  0
**pseudo_label ->  [0.7405, 0.073, 0.0285, 0.1048, 0.0532] **
max =  0.7405 | max_idx =  0
**pseudo_label ->  [0.744, 0.0717, 0.0362, 0.0915, 0.0567] **
max =  0.744 | max_idx =  0
Epoch 2/37, Train Loss: 2.1038, Valid Loss: 1.4558, Train Acc: 0.2000, Val Acc: 0.1020, Test Acc: 0.1263, Test F1(macro): 0.0449, Test F1(micro) : 0.2000,Total Pseudo-Labels: 1, Correct Pseudo-Labels: 0, Train Data Number: 25



line 303 => train data수 25
line 258 => 인스턴스 수 4
Step 8  Tim 0:00:38
acc_train_cw(현재 train의 class별 acc) [0.0, 0.0, 1.0, 0.0, 0.0]
cw_psl_total_eval(pseudo label 클래스별 총 샘플 수):  [604, 0, 0, 0, 0]
cw_psl_correct_eval(pseudo label 클래스별 맞은 샘플 수):  [102, 0, 0, 0, 0]
psl_acc(PSL 평가에서의 정확도):  0.169 
cw_psl_acc(클래스별 PSL 평가에서의 정확도):  [0.16887417435646057, nan, nan, nan, nan]
***best_acc_model_save --- epoch = 3***
Save model to ./experiment/corcod_extended_data/output/
**pseudo_label ->  [0.2133, 0.1309, 0.3376, 0.1111, 0.2071] **
max =  0.3376 | max_idx =  2
**pseudo_label ->  [0.1812, 0.0992, 0.3645, 0.1126, 0.2425] **
max =  0.3645 | max_idx =  2
**pseudo_label ->  [0.1911, 0.1478, 0.3218, 0.1233, 0.216] **
max =  0.3218 | max_idx =  2
**pseudo_label ->  [0.1907, 0.0701, 0.4458, 0.1152, 0.1783] **
max =  0.4458 | max_idx =  2
**pseudo_label ->  [0.175, 0.1243, 0.349, 0.1277, 0.224] **
max =  0.349 | max_idx =  2
Epoch 3/37, Train Loss: 1.9185, Valid Loss: 2.0140, Train Acc: 0.2000, Val Acc: 0.4490, Test Acc: 0.3579, Test F1(macro): 0.1054, Test F1(micro) : 0.2000,Total Pseudo-Labels: 0, Correct Pseudo-Labels: 0, Train Data Number: 25



line 303 => train data수 25
line 258 => 인스턴스 수 4
Step 12  Tim 0:01:03
acc_train_cw(현재 train의 class별 acc) [0.0, 1.0, 0.0, 0.0, 0.0]
cw_psl_total_eval(pseudo label 클래스별 총 샘플 수):  [0, 0, 0, 0, 0]
cw_psl_correct_eval(pseudo label 클래스별 맞은 샘플 수):  [0, 0, 0, 0, 0]
psl_acc(PSL 평가에서의 정확도): None 
cw_psl_acc(클래스별 PSL 평가에서의 정확도):  [nan, nan, nan, nan, nan]
**pseudo_label ->  [0.2425, 0.2365, 0.0686, 0.3019, 0.1504] **
max =  0.3019 | max_idx =  3
**pseudo_label ->  [0.2273, 0.2991, 0.0886, 0.2217, 0.1633] **
max =  0.2991 | max_idx =  1
**pseudo_label ->  [0.2306, 0.2852, 0.0751, 0.2546, 0.1545] **
max =  0.2852 | max_idx =  1
**pseudo_label ->  [0.2236, 0.2869, 0.0713, 0.2821, 0.136] **
max =  0.2869 | max_idx =  1
**pseudo_label ->  [0.2338, 0.2996, 0.083, 0.2307, 0.1529] **
max =  0.2996 | max_idx =  1
Epoch 4/37, Train Loss: 1.8421, Valid Loss: 1.9204, Train Acc: 0.2000, Val Acc: 0.0612, Test Acc: 0.0526, Test F1(macro): 0.0200, Test F1(micro) : 0.2000,Total Pseudo-Labels: 0, Correct Pseudo-Labels: 0, Train Data Number: 25



line 303 => train data수 25
line 258 => 인스턴스 수 4
Step 16  Tim 0:01:20
acc_train_cw(현재 train의 class별 acc) [0.0, 1.0, 0.0, 0.0, 0.0]
cw_psl_total_eval(pseudo label 클래스별 총 샘플 수):  [0, 0, 0, 0, 0]
cw_psl_correct_eval(pseudo label 클래스별 맞은 샘플 수):  [0, 0, 0, 0, 0]
psl_acc(PSL 평가에서의 정확도): None 
cw_psl_acc(클래스별 PSL 평가에서의 정확도):  [nan, nan, nan, nan, nan]
**pseudo_label ->  [0.1064, 0.3957, 0.1141, 0.1664, 0.2174] **
max =  0.3957 | max_idx =  1
**pseudo_label ->  [0.084, 0.4343, 0.0979, 0.1387, 0.2452] **
max =  0.4343 | max_idx =  1
**pseudo_label ->  [0.0941, 0.3933, 0.1131, 0.1544, 0.2451] **
max =  0.3933 | max_idx =  1
**pseudo_label ->  [0.0843, 0.4916, 0.094, 0.0991, 0.231] **
max =  0.4916 | max_idx =  1
**pseudo_label ->  [0.1097, 0.461, 0.1105, 0.1121, 0.2067] **
max =  0.461 | max_idx =  1
Epoch 5/37, Train Loss: 1.7285, Valid Loss: 1.4570, Train Acc: 0.2000, Val Acc: 0.0612, Test Acc: 0.0526, Test F1(macro): 0.0200, Test F1(micro) : 0.2000,Total Pseudo-Labels: 0, Correct Pseudo-Labels: 0, Train Data Number: 25



line 303 => train data수 25
line 258 => 인스턴스 수 4
Step 20  Tim 0:01:37
acc_train_cw(현재 train의 class별 acc) [0.0, 0.0, 1.0, 0.0, 0.0]
cw_psl_total_eval(pseudo label 클래스별 총 샘플 수):  [0, 0, 0, 0, 0]
cw_psl_correct_eval(pseudo label 클래스별 맞은 샘플 수):  [0, 0, 0, 0, 0]
psl_acc(PSL 평가에서의 정확도): None 
cw_psl_acc(클래스별 PSL 평가에서의 정확도):  [nan, nan, nan, nan, nan]
**pseudo_label ->  [0.1428, 0.169, 0.2654, 0.1574, 0.2655] **
max =  0.2655 | max_idx =  4
**pseudo_label ->  [0.1375, 0.1515, 0.248, 0.1841, 0.2789] **
max =  0.2789 | max_idx =  4
**pseudo_label ->  [0.1432, 0.1645, 0.3079, 0.162, 0.2224] **
max =  0.3079 | max_idx =  2
**pseudo_label ->  [0.1233, 0.1713, 0.2853, 0.1425, 0.2775] **
max =  0.2853 | max_idx =  2
**pseudo_label ->  [0.0754, 0.0991, 0.401, 0.1569, 0.2676] **
max =  0.401 | max_idx =  2
Epoch 6/37, Train Loss: 1.6393, Valid Loss: 1.4593, Train Acc: 0.2000, Val Acc: 0.4490, Test Acc: 0.3579, Test F1(macro): 0.1054, Test F1(micro) : 0.2000,Total Pseudo-Labels: 0, Correct Pseudo-Labels: 0, Train Data Number: 25



line 303 => train data수 25
line 258 => 인스턴스 수 4
Step 24  Tim 0:01:53
acc_train_cw(현재 train의 class별 acc) [0.0, 0.0, 1.0, 0.0, 0.0]
cw_psl_total_eval(pseudo label 클래스별 총 샘플 수):  [0, 0, 0, 0, 0]
cw_psl_correct_eval(pseudo label 클래스별 맞은 샘플 수):  [0, 0, 0, 0, 0]
psl_acc(PSL 평가에서의 정확도): None 
cw_psl_acc(클래스별 PSL 평가에서의 정확도):  [nan, nan, nan, nan, nan]
**pseudo_label ->  [0.1761, 0.1157, 0.271, 0.2567, 0.1805] **
max =  0.271 | max_idx =  2
**pseudo_label ->  [0.1886, 0.1196, 0.2837, 0.2067, 0.2014] **
max =  0.2837 | max_idx =  2
**pseudo_label ->  [0.1729, 0.1098, 0.2816, 0.2019, 0.2338] **
max =  0.2816 | max_idx =  2
**pseudo_label ->  [0.1742, 0.0902, 0.332, 0.2146, 0.189] **
max =  0.332 | max_idx =  2
**pseudo_label ->  [0.1669, 0.1007, 0.3046, 0.2509, 0.1769] **
max =  0.3046 | max_idx =  2
Epoch 7/37, Train Loss: 1.7170, Valid Loss: 1.5504, Train Acc: 0.2000, Val Acc: 0.4490, Test Acc: 0.3579, Test F1(macro): 0.1054, Test F1(micro) : 0.2000,Total Pseudo-Labels: 0, Correct Pseudo-Labels: 0, Train Data Number: 25



line 303 => train data수 25
line 258 => 인스턴스 수 4
Step 28  Tim 0:02:10
acc_train_cw(현재 train의 class별 acc) [0.0, 0.0, 0.0, 0.0, 1.0]
cw_psl_total_eval(pseudo label 클래스별 총 샘플 수):  [0, 0, 0, 0, 0]
cw_psl_correct_eval(pseudo label 클래스별 맞은 샘플 수):  [0, 0, 0, 0, 0]
psl_acc(PSL 평가에서의 정확도): None 
cw_psl_acc(클래스별 PSL 평가에서의 정확도):  [nan, nan, nan, nan, nan]
**pseudo_label ->  [0.2264, 0.1145, 0.2039, 0.2003, 0.2549] **
max =  0.2549 | max_idx =  4
**pseudo_label ->  [0.2133, 0.1036, 0.2196, 0.1856, 0.278] **
max =  0.278 | max_idx =  4
**pseudo_label ->  [0.1666, 0.1053, 0.2297, 0.2357, 0.2627] **
max =  0.2627 | max_idx =  4
**pseudo_label ->  [0.2024, 0.0951, 0.21, 0.2179, 0.2746] **
max =  0.2746 | max_idx =  4
**pseudo_label ->  [0.2044, 0.087, 0.2064, 0.222, 0.2801] **
max =  0.2801 | max_idx =  4
Epoch 8/37, Train Loss: 1.6810, Valid Loss: 1.6789, Train Acc: 0.2000, Val Acc: 0.2449, Test Acc: 0.2316, Test F1(macro): 0.0752, Test F1(micro) : 0.2000,Total Pseudo-Labels: 0, Correct Pseudo-Labels: 0, Train Data Number: 25



line 303 => train data수 25
line 258 => 인스턴스 수 4
Step 32  Tim 0:02:26
acc_train_cw(현재 train의 class별 acc) [1.0, 0.0, 0.0, 0.0, 0.0]
cw_psl_total_eval(pseudo label 클래스별 총 샘플 수):  [0, 0, 0, 0, 0]
cw_psl_correct_eval(pseudo label 클래스별 맞은 샘플 수):  [0, 0, 0, 0, 0]
psl_acc(PSL 평가에서의 정확도): None 
cw_psl_acc(클래스별 PSL 평가에서의 정확도):  [nan, nan, nan, nan, nan]
**pseudo_label ->  [0.2502, 0.1555, 0.1466, 0.2926, 0.1551] **
max =  0.2926 | max_idx =  3
**pseudo_label ->  [0.2704, 0.1674, 0.1855, 0.2137, 0.163] **
max =  0.2704 | max_idx =  0
**pseudo_label ->  [0.2604, 0.1806, 0.1876, 0.2127, 0.1587] **
max =  0.2604 | max_idx =  0
**pseudo_label ->  [0.502, 0.099, 0.0958, 0.139, 0.1642] **
max =  0.502 | max_idx =  0
**pseudo_label ->  [0.2872, 0.1663, 0.1935, 0.1983, 0.1548] **
max =  0.2872 | max_idx =  0
Epoch 9/37, Train Loss: 1.6732, Valid Loss: 1.7305, Train Acc: 0.2000, Val Acc: 0.1020, Test Acc: 0.1263, Test F1(macro): 0.0449, Test F1(micro) : 0.2000,Total Pseudo-Labels: 0, Correct Pseudo-Labels: 0, Train Data Number: 25



line 303 => train data수 25
line 258 => 인스턴스 수 4
Step 36  Tim 0:02:43
acc_train_cw(현재 train의 class별 acc) [0.0, 1.0, 0.0, 0.0, 0.0]
cw_psl_total_eval(pseudo label 클래스별 총 샘플 수):  [0, 0, 0, 0, 0]
cw_psl_correct_eval(pseudo label 클래스별 맞은 샘플 수):  [0, 0, 0, 0, 0]
psl_acc(PSL 평가에서의 정확도): None 
cw_psl_acc(클래스별 PSL 평가에서의 정확도):  [nan, nan, nan, nan, nan]
**pseudo_label ->  [0.2008, 0.2786, 0.1977, 0.1394, 0.1835] **
max =  0.2786 | max_idx =  1
**pseudo_label ->  [0.2079, 0.3146, 0.1714, 0.1416, 0.1645] **
max =  0.3146 | max_idx =  1
**pseudo_label ->  [0.2326, 0.3051, 0.1579, 0.1566, 0.1478] **
max =  0.3051 | max_idx =  1
**pseudo_label ->  [0.2383, 0.3229, 0.1584, 0.1167, 0.1637] **
max =  0.3229 | max_idx =  1
**pseudo_label ->  [0.2161, 0.2878, 0.1762, 0.1447, 0.1752] **
max =  0.2878 | max_idx =  1
Epoch 10/37, Train Loss: 1.6655, Valid Loss: 1.6585, Train Acc: 0.2000, Val Acc: 0.0612, Test Acc: 0.0526, Test F1(macro): 0.0200, Test F1(micro) : 0.2000,Total Pseudo-Labels: 0, Correct Pseudo-Labels: 0, Train Data Number: 25



line 303 => train data수 25
line 258 => 인스턴스 수 4
Step 40  Tim 0:03:00
acc_train_cw(현재 train의 class별 acc) [0.0, 1.0, 0.0, 0.0, 0.0]
cw_psl_total_eval(pseudo label 클래스별 총 샘플 수):  [0, 0, 0, 0, 0]
cw_psl_correct_eval(pseudo label 클래스별 맞은 샘플 수):  [0, 0, 0, 0, 0]
psl_acc(PSL 평가에서의 정확도): None 
cw_psl_acc(클래스별 PSL 평가에서의 정확도):  [nan, nan, nan, nan, nan]
**pseudo_label ->  [0.2051, 0.2725, 0.2222, 0.1403, 0.1598] **
max =  0.2725 | max_idx =  1
**pseudo_label ->  [0.1804, 0.3169, 0.1565, 0.1684, 0.1778] **
max =  0.3169 | max_idx =  1
**pseudo_label ->  [0.1849, 0.2921, 0.2134, 0.1431, 0.1665] **
max =  0.2921 | max_idx =  1
**pseudo_label ->  [0.2048, 0.3011, 0.1854, 0.1421, 0.1667] **
max =  0.3011 | max_idx =  1
**pseudo_label ->  [0.2234, 0.2524, 0.2069, 0.1516, 0.1657] **
max =  0.2524 | max_idx =  1
Epoch 11/37, Train Loss: 1.6612, Valid Loss: 1.5584, Train Acc: 0.2000, Val Acc: 0.0612, Test Acc: 0.0526, Test F1(macro): 0.0200, Test F1(micro) : 0.2000,Total Pseudo-Labels: 0, Correct Pseudo-Labels: 0, Train Data Number: 25



line 303 => train data수 25
line 258 => 인스턴스 수 4
Step 44  Tim 0:03:16
acc_train_cw(현재 train의 class별 acc) [0.0, 0.0, 1.0, 0.0, 0.0]
cw_psl_total_eval(pseudo label 클래스별 총 샘플 수):  [0, 0, 0, 0, 0]
cw_psl_correct_eval(pseudo label 클래스별 맞은 샘플 수):  [0, 0, 0, 0, 0]
psl_acc(PSL 평가에서의 정확도): None 
cw_psl_acc(클래스별 PSL 평가에서의 정확도):  [nan, nan, nan, nan, nan]
**pseudo_label ->  [0.2116, 0.1807, 0.2112, 0.1437, 0.2527] **
max =  0.2527 | max_idx =  4
**pseudo_label ->  [0.2079, 0.1996, 0.2118, 0.161, 0.2196] **
max =  0.2196 | max_idx =  4
**pseudo_label ->  [0.1794, 0.2177, 0.2463, 0.1677, 0.189] **
max =  0.2463 | max_idx =  2
**pseudo_label ->  [0.2038, 0.1765, 0.2243, 0.1767, 0.2188] **
max =  0.2243 | max_idx =  2
**pseudo_label ->  [0.1905, 0.2317, 0.2121, 0.1751, 0.1905] **
max =  0.2317 | max_idx =  1
Epoch 12/37, Train Loss: 1.7553, Valid Loss: 1.5459, Train Acc: 0.2000, Val Acc: 0.4490, Test Acc: 0.3579, Test F1(macro): 0.1054, Test F1(micro) : 0.2000,Total Pseudo-Labels: 0, Correct Pseudo-Labels: 0, Train Data Number: 25



line 303 => train data수 25
line 258 => 인스턴스 수 4
Step 48  Tim 0:03:32
acc_train_cw(현재 train의 class별 acc) [0.0, 0.0, 0.0, 1.0, 0.0]
cw_psl_total_eval(pseudo label 클래스별 총 샘플 수):  [0, 0, 0, 0, 0]
cw_psl_correct_eval(pseudo label 클래스별 맞은 샘플 수):  [0, 0, 0, 0, 0]
psl_acc(PSL 평가에서의 정확도): None 
cw_psl_acc(클래스별 PSL 평가에서의 정확도):  [nan, nan, nan, nan, nan]
**pseudo_label ->  [0.1261, 0.1663, 0.2352, 0.2267, 0.2458] **
max =  0.2458 | max_idx =  4
**pseudo_label ->  [0.1093, 0.171, 0.2289, 0.1877, 0.3032] **
max =  0.3032 | max_idx =  4
**pseudo_label ->  [0.1485, 0.165, 0.2091, 0.2201, 0.2573] **
max =  0.2573 | max_idx =  4
**pseudo_label ->  [0.1216, 0.181, 0.238, 0.238, 0.2213] **
max =  0.238 | max_idx =  3
**pseudo_label ->  [0.1274, 0.1777, 0.2344, 0.2498, 0.2107] **
max =  0.2498 | max_idx =  3
Epoch 13/37, Train Loss: 1.7051, Valid Loss: 1.6550, Train Acc: 0.2000, Val Acc: 0.1429, Test Acc: 0.2316, Test F1(macro): 0.0752, Test F1(micro) : 0.2000,Total Pseudo-Labels: 0, Correct Pseudo-Labels: 0, Train Data Number: 25



line 303 => train data수 25
line 258 => 인스턴스 수 4
Step 52  Tim 0:03:49
acc_train_cw(현재 train의 class별 acc) [1.0, 0.0, 0.0, 0.0, 0.0]
cw_psl_total_eval(pseudo label 클래스별 총 샘플 수):  [0, 0, 0, 0, 0]
cw_psl_correct_eval(pseudo label 클래스별 맞은 샘플 수):  [0, 0, 0, 0, 0]
psl_acc(PSL 평가에서의 정확도): None 
cw_psl_acc(클래스별 PSL 평가에서의 정확도):  [nan, nan, nan, nan, nan]
**pseudo_label ->  [0.259, 0.2003, 0.1609, 0.2066, 0.1732] **
max =  0.259 | max_idx =  0
**pseudo_label ->  [0.2745, 0.1569, 0.173, 0.2079, 0.1877] **
max =  0.2745 | max_idx =  0
**pseudo_label ->  [0.2833, 0.1579, 0.1949, 0.2126, 0.1512] **
max =  0.2833 | max_idx =  0
**pseudo_label ->  [0.3164, 0.1549, 0.1523, 0.2114, 0.165] **
max =  0.3164 | max_idx =  0
**pseudo_label ->  [0.2385, 0.1834, 0.1714, 0.1906, 0.2161] **
max =  0.2385 | max_idx =  0
Epoch 14/37, Train Loss: 1.6392, Valid Loss: 1.6427, Train Acc: 0.2000, Val Acc: 0.1020, Test Acc: 0.1263, Test F1(macro): 0.0449, Test F1(micro) : 0.2000,Total Pseudo-Labels: 0, Correct Pseudo-Labels: 0, Train Data Number: 25



line 303 => train data수 25
line 258 => 인스턴스 수 4
Step 56  Tim 0:04:05
acc_train_cw(현재 train의 class별 acc) [1.0, 0.0, 0.0, 0.0, 0.0]
cw_psl_total_eval(pseudo label 클래스별 총 샘플 수):  [0, 0, 0, 0, 0]
cw_psl_correct_eval(pseudo label 클래스별 맞은 샘플 수):  [0, 0, 0, 0, 0]
psl_acc(PSL 평가에서의 정확도): None 
cw_psl_acc(클래스별 PSL 평가에서의 정확도):  [nan, nan, nan, nan, nan]
**pseudo_label ->  [0.2601, 0.2201, 0.1955, 0.1733, 0.1509] **
max =  0.2601 | max_idx =  0
**pseudo_label ->  [0.2543, 0.2269, 0.2103, 0.1534, 0.1551] **
max =  0.2543 | max_idx =  0
**pseudo_label ->  [0.2472, 0.233, 0.2026, 0.1622, 0.1551] **
max =  0.2472 | max_idx =  0
**pseudo_label ->  [0.2485, 0.2113, 0.1981, 0.1678, 0.1743] **
max =  0.2485 | max_idx =  0
**pseudo_label ->  [0.238, 0.2397, 0.218, 0.1651, 0.1393] **
max =  0.2397 | max_idx =  1
Epoch 15/37, Train Loss: 1.6340, Valid Loss: 1.6015, Train Acc: 0.2000, Val Acc: 0.1020, Test Acc: 0.1263, Test F1(macro): 0.0449, Test F1(micro) : 0.2000,Total Pseudo-Labels: 0, Correct Pseudo-Labels: 0, Train Data Number: 25



line 303 => train data수 25
line 258 => 인스턴스 수 4
Step 60  Tim 0:04:22
acc_train_cw(현재 train의 class별 acc) [0.0, 0.0, 1.0, 0.0, 0.0]
cw_psl_total_eval(pseudo label 클래스별 총 샘플 수):  [0, 0, 0, 0, 0]
cw_psl_correct_eval(pseudo label 클래스별 맞은 샘플 수):  [0, 0, 0, 0, 0]
psl_acc(PSL 평가에서의 정확도): None 
cw_psl_acc(클래스별 PSL 평가에서의 정확도):  [nan, nan, nan, nan, nan]
**pseudo_label ->  [0.2122, 0.2408, 0.2174, 0.1225, 0.2071] **
max =  0.2408 | max_idx =  1
**pseudo_label ->  [0.1979, 0.2152, 0.2049, 0.1293, 0.2527] **
max =  0.2527 | max_idx =  4
**pseudo_label ->  [0.2252, 0.2135, 0.2348, 0.1392, 0.1874] **
max =  0.2348 | max_idx =  2
**pseudo_label ->  [0.3041, 0.2379, 0.1946, 0.0702, 0.1933] **
max =  0.3041 | max_idx =  0
**pseudo_label ->  [0.242, 0.1991, 0.2272, 0.1339, 0.1978] **
max =  0.242 | max_idx =  0
Epoch 16/37, Train Loss: 1.6477, Valid Loss: 1.6065, Train Acc: 0.2000, Val Acc: 0.4490, Test Acc: 0.3579, Test F1(macro): 0.1054, Test F1(micro) : 0.2000,Total Pseudo-Labels: 0, Correct Pseudo-Labels: 0, Train Data Number: 25



line 303 => train data수 25
line 258 => 인스턴스 수 4
Step 64  Tim 0:04:38
acc_train_cw(현재 train의 class별 acc) [0.0, 0.0, 0.0, 0.0, 1.0]
cw_psl_total_eval(pseudo label 클래스별 총 샘플 수):  [0, 0, 0, 0, 0]
cw_psl_correct_eval(pseudo label 클래스별 맞은 샘플 수):  [0, 0, 0, 0, 0]
psl_acc(PSL 평가에서의 정확도): None 
cw_psl_acc(클래스별 PSL 평가에서의 정확도):  [nan, nan, nan, nan, nan]
**pseudo_label ->  [0.203, 0.2213, 0.1914, 0.1875, 0.1968] **
max =  0.2213 | max_idx =  1
**pseudo_label ->  [0.2042, 0.1819, 0.1755, 0.2142, 0.2242] **
max =  0.2242 | max_idx =  4
**pseudo_label ->  [0.1815, 0.1846, 0.1887, 0.2043, 0.2408] **
max =  0.2408 | max_idx =  4
**pseudo_label ->  [0.1822, 0.1915, 0.1944, 0.2413, 0.1906] **
max =  0.2413 | max_idx =  3
**pseudo_label ->  [0.2095, 0.158, 0.1695, 0.1885, 0.2745] **
max =  0.2745 | max_idx =  4
Epoch 17/37, Train Loss: 1.5651, Valid Loss: 1.6217, Train Acc: 0.2000, Val Acc: 0.2449, Test Acc: 0.2316, Test F1(macro): 0.0752, Test F1(micro) : 0.2000,Total Pseudo-Labels: 0, Correct Pseudo-Labels: 0, Train Data Number: 25



line 303 => train data수 25
line 258 => 인스턴스 수 4
Step 68  Tim 0:04:54
acc_train_cw(현재 train의 class별 acc) [1.0, 0.0, 0.0, 0.0, 0.0]
cw_psl_total_eval(pseudo label 클래스별 총 샘플 수):  [0, 0, 0, 0, 0]
cw_psl_correct_eval(pseudo label 클래스별 맞은 샘플 수):  [0, 0, 0, 0, 0]
psl_acc(PSL 평가에서의 정확도): None 
cw_psl_acc(클래스별 PSL 평가에서의 정확도):  [nan, nan, nan, nan, nan]
**pseudo_label ->  [0.2367, 0.1704, 0.1948, 0.2274, 0.1707] **
max =  0.2367 | max_idx =  0
**pseudo_label ->  [0.1975, 0.1889, 0.1821, 0.2264, 0.205] **
max =  0.2264 | max_idx =  3
**pseudo_label ->  [0.2427, 0.1803, 0.2223, 0.1898, 0.1648] **
max =  0.2427 | max_idx =  0
**pseudo_label ->  [0.2625, 0.1501, 0.1869, 0.2037, 0.1968] **
max =  0.2625 | max_idx =  0
**pseudo_label ->  [0.2208, 0.1614, 0.1665, 0.179, 0.2724] **
max =  0.2724 | max_idx =  4
Epoch 18/37, Train Loss: 1.6543, Valid Loss: 1.6168, Train Acc: 0.2000, Val Acc: 0.1020, Test Acc: 0.1263, Test F1(macro): 0.0449, Test F1(micro) : 0.2000,Total Pseudo-Labels: 0, Correct Pseudo-Labels: 0, Train Data Number: 25



line 303 => train data수 25
line 258 => 인스턴스 수 4
Step 72  Tim 0:05:10
acc_train_cw(현재 train의 class별 acc) [0.0, 0.0, 0.0, 1.0, 0.0]
cw_psl_total_eval(pseudo label 클래스별 총 샘플 수):  [0, 0, 0, 0, 0]
cw_psl_correct_eval(pseudo label 클래스별 맞은 샘플 수):  [0, 0, 0, 0, 0]
psl_acc(PSL 평가에서의 정확도): None 
cw_psl_acc(클래스별 PSL 평가에서의 정확도):  [nan, nan, nan, nan, nan]
**pseudo_label ->  [0.24, 0.1584, 0.1791, 0.2098, 0.2126] **
max =  0.24 | max_idx =  0
**pseudo_label ->  [0.2399, 0.1342, 0.1543, 0.1884, 0.2832] **
max =  0.2832 | max_idx =  4
**pseudo_label ->  [0.1942, 0.1537, 0.1525, 0.2785, 0.2211] **
max =  0.2785 | max_idx =  3
**pseudo_label ->  [0.2097, 0.1604, 0.2003, 0.2346, 0.1949] **
max =  0.2346 | max_idx =  3
**pseudo_label ->  [0.2149, 0.1522, 0.1915, 0.1977, 0.2437] **
max =  0.2437 | max_idx =  4
Epoch 19/37, Train Loss: 1.6351, Valid Loss: 1.5151, Train Acc: 0.2000, Val Acc: 0.1429, Test Acc: 0.2316, Test F1(macro): 0.0752, Test F1(micro) : 0.2000,Total Pseudo-Labels: 0, Correct Pseudo-Labels: 0, Train Data Number: 25



line 303 => train data수 25
line 258 => 인스턴스 수 4
Step 76  Tim 0:05:27
acc_train_cw(현재 train의 class별 acc) [0.0, 0.0, 0.0, 0.0, 1.0]
cw_psl_total_eval(pseudo label 클래스별 총 샘플 수):  [0, 0, 0, 0, 0]
cw_psl_correct_eval(pseudo label 클래스별 맞은 샘플 수):  [0, 0, 0, 0, 0]
psl_acc(PSL 평가에서의 정확도): None 
cw_psl_acc(클래스별 PSL 평가에서의 정확도):  [nan, nan, nan, nan, nan]
**pseudo_label ->  [0.1761, 0.1521, 0.24, 0.1511, 0.2807] **
max =  0.2807 | max_idx =  4
**pseudo_label ->  [0.2014, 0.1472, 0.246, 0.1397, 0.2657] **
max =  0.2657 | max_idx =  4
**pseudo_label ->  [0.2114, 0.1303, 0.2239, 0.1249, 0.3096] **
max =  0.3096 | max_idx =  4
**pseudo_label ->  [0.2069, 0.1689, 0.2606, 0.1684, 0.1952] **
max =  0.2606 | max_idx =  2
**pseudo_label ->  [0.1987, 0.1494, 0.2212, 0.1896, 0.2411] **
max =  0.2411 | max_idx =  4
Epoch 20/37, Train Loss: 1.6804, Valid Loss: 1.5603, Train Acc: 0.2000, Val Acc: 0.2449, Test Acc: 0.2316, Test F1(macro): 0.0752, Test F1(micro) : 0.2000,Total Pseudo-Labels: 0, Correct Pseudo-Labels: 0, Train Data Number: 25



line 303 => train data수 25
line 258 => 인스턴스 수 4
Step 80  Tim 0:05:43
acc_train_cw(현재 train의 class별 acc) [0.0, 0.0, 1.0, 0.0, 0.0]
cw_psl_total_eval(pseudo label 클래스별 총 샘플 수):  [0, 0, 0, 0, 0]
cw_psl_correct_eval(pseudo label 클래스별 맞은 샘플 수):  [0, 0, 0, 0, 0]
psl_acc(PSL 평가에서의 정확도): None 
cw_psl_acc(클래스별 PSL 평가에서의 정확도):  [nan, nan, nan, nan, nan]
**pseudo_label ->  [0.1895, 0.2139, 0.2282, 0.1302, 0.2383] **
max =  0.2383 | max_idx =  4
**pseudo_label ->  [0.2064, 0.2285, 0.2204, 0.1423, 0.2025] **
max =  0.2285 | max_idx =  1
**pseudo_label ->  [0.1737, 0.2249, 0.2483, 0.1577, 0.1953] **
max =  0.2483 | max_idx =  2
**pseudo_label ->  [0.198, 0.2038, 0.2442, 0.1427, 0.2113] **
max =  0.2442 | max_idx =  2
**pseudo_label ->  [0.2104, 0.2039, 0.2621, 0.1309, 0.1928] **
max =  0.2621 | max_idx =  2
Epoch 21/37, Train Loss: 1.6853, Valid Loss: 1.6789, Train Acc: 0.2000, Val Acc: 0.4490, Test Acc: 0.3579, Test F1(macro): 0.1054, Test F1(micro) : 0.2000,Total Pseudo-Labels: 0, Correct Pseudo-Labels: 0, Train Data Number: 25



line 303 => train data수 25
line 258 => 인스턴스 수 4
Step 84  Tim 0:05:59
acc_train_cw(현재 train의 class별 acc) [0.0, 1.0, 0.0, 0.0, 0.0]
cw_psl_total_eval(pseudo label 클래스별 총 샘플 수):  [0, 0, 0, 0, 0]
cw_psl_correct_eval(pseudo label 클래스별 맞은 샘플 수):  [0, 0, 0, 0, 0]
psl_acc(PSL 평가에서의 정확도): None 
cw_psl_acc(클래스별 PSL 평가에서의 정확도):  [nan, nan, nan, nan, nan]
**pseudo_label ->  [0.169, 0.2672, 0.1866, 0.2172, 0.16] **
max =  0.2672 | max_idx =  1
**pseudo_label ->  [0.1704, 0.2993, 0.1794, 0.206, 0.1449] **
max =  0.2993 | max_idx =  1
**pseudo_label ->  [0.1424, 0.3, 0.2013, 0.1975, 0.1588] **
max =  0.3 | max_idx =  1
**pseudo_label ->  [0.1411, 0.2538, 0.2164, 0.2297, 0.159] **
max =  0.2538 | max_idx =  1
**pseudo_label ->  [0.1283, 0.2956, 0.1567, 0.2384, 0.1809] **
max =  0.2956 | max_idx =  1
Epoch 22/37, Train Loss: 1.6941, Valid Loss: 1.7098, Train Acc: 0.2000, Val Acc: 0.0612, Test Acc: 0.0526, Test F1(macro): 0.0200, Test F1(micro) : 0.2000,Total Pseudo-Labels: 0, Correct Pseudo-Labels: 0, Train Data Number: 25



line 303 => train data수 25
line 258 => 인스턴스 수 4
Step 88  Tim 0:06:15
acc_train_cw(현재 train의 class별 acc) [1.0, 0.0, 0.0, 0.0, 0.0]
cw_psl_total_eval(pseudo label 클래스별 총 샘플 수):  [0, 0, 0, 0, 0]
cw_psl_correct_eval(pseudo label 클래스별 맞은 샘플 수):  [0, 0, 0, 0, 0]
psl_acc(PSL 평가에서의 정확도): None 
cw_psl_acc(클래스별 PSL 평가에서의 정확도):  [nan, nan, nan, nan, nan]
**pseudo_label ->  [0.2616, 0.2465, 0.1744, 0.1882, 0.1293] **
max =  0.2616 | max_idx =  0
**pseudo_label ->  [0.2057, 0.2414, 0.165, 0.2341, 0.1539] **
max =  0.2414 | max_idx =  1
**pseudo_label ->  [0.2527, 0.2197, 0.1667, 0.226, 0.1348] **
max =  0.2527 | max_idx =  0
**pseudo_label ->  [0.1808, 0.213, 0.1823, 0.2841, 0.1397] **
max =  0.2841 | max_idx =  3
**pseudo_label ->  [0.2199, 0.2175, 0.1892, 0.2181, 0.1554] **
max =  0.2199 | max_idx =  0
Epoch 23/37, Train Loss: 1.6573, Valid Loss: 1.6916, Train Acc: 0.2000, Val Acc: 0.1020, Test Acc: 0.1263, Test F1(macro): 0.0449, Test F1(micro) : 0.2000,Total Pseudo-Labels: 0, Correct Pseudo-Labels: 0, Train Data Number: 25



line 303 => train data수 25
line 258 => 인스턴스 수 4
Step 92  Tim 0:06:32
acc_train_cw(현재 train의 class별 acc) [0.0, 0.0, 0.0, 1.0, 0.0]
cw_psl_total_eval(pseudo label 클래스별 총 샘플 수):  [5, 0, 0, 0, 0]
cw_psl_correct_eval(pseudo label 클래스별 맞은 샘플 수):  [1, 0, 0, 0, 0]
psl_acc(PSL 평가에서의 정확도):  0.2 
cw_psl_acc(클래스별 PSL 평가에서의 정확도):  [0.20000000298023224, nan, nan, nan, nan]
**pseudo_label ->  [0.2148, 0.1748, 0.1589, 0.219, 0.2325] **
max =  0.2325 | max_idx =  4
**pseudo_label ->  [0.2722, 0.1797, 0.1376, 0.2128, 0.1977] **
max =  0.2722 | max_idx =  0
**pseudo_label ->  [0.2364, 0.141, 0.134, 0.2266, 0.2621] **
max =  0.2621 | max_idx =  4
**pseudo_label ->  [0.2167, 0.1392, 0.1505, 0.2946, 0.199] **
max =  0.2946 | max_idx =  3
**pseudo_label ->  [0.2319, 0.1542, 0.1554, 0.2081, 0.2503] **
max =  0.2503 | max_idx =  4
Epoch 24/37, Train Loss: 1.6918, Valid Loss: 1.5677, Train Acc: 0.2000, Val Acc: 0.1429, Test Acc: 0.2316, Test F1(macro): 0.0752, Test F1(micro) : 0.2000,Total Pseudo-Labels: 0, Correct Pseudo-Labels: 0, Train Data Number: 25



line 303 => train data수 25
line 258 => 인스턴스 수 4
Step 96  Tim 0:06:48
acc_train_cw(현재 train의 class별 acc) [1.0, 0.0, 0.0, 0.0, 0.0]
cw_psl_total_eval(pseudo label 클래스별 총 샘플 수):  [1, 0, 0, 0, 0]
cw_psl_correct_eval(pseudo label 클래스별 맞은 샘플 수):  [0, 0, 0, 0, 0]
psl_acc(PSL 평가에서의 정확도):  0.0 
cw_psl_acc(클래스별 PSL 평가에서의 정확도):  [0.0, nan, nan, nan, nan]
**pseudo_label ->  [0.2388, 0.1868, 0.2011, 0.1554, 0.2178] **
max =  0.2388 | max_idx =  0
**pseudo_label ->  [0.2178, 0.1836, 0.2177, 0.189, 0.1918] **
max =  0.2178 | max_idx =  0
**pseudo_label ->  [0.2409, 0.1646, 0.2161, 0.155, 0.2234] **
max =  0.2409 | max_idx =  0
**pseudo_label ->  [0.2426, 0.1398, 0.2111, 0.1829, 0.2235] **
max =  0.2426 | max_idx =  0
**pseudo_label ->  [0.2434, 0.1797, 0.2292, 0.1463, 0.2014] **
max =  0.2434 | max_idx =  0
Epoch 25/37, Train Loss: 1.6307, Valid Loss: 1.5490, Train Acc: 0.2000, Val Acc: 0.1020, Test Acc: 0.1263, Test F1(macro): 0.0449, Test F1(micro) : 0.2000,Total Pseudo-Labels: 0, Correct Pseudo-Labels: 0, Train Data Number: 25



line 303 => train data수 25
line 258 => 인스턴스 수 4
Step 100  Tim 0:07:04
acc_train_cw(현재 train의 class별 acc) [0.0, 0.0, 1.0, 0.0, 0.0]
cw_psl_total_eval(pseudo label 클래스별 총 샘플 수):  [11, 0, 0, 0, 0]
cw_psl_correct_eval(pseudo label 클래스별 맞은 샘플 수):  [1, 0, 0, 0, 0]
psl_acc(PSL 평가에서의 정확도):  0.091 
cw_psl_acc(클래스별 PSL 평가에서의 정확도):  [0.09090909361839294, nan, nan, nan, nan]
**pseudo_label ->  [0.1517, 0.2043, 0.2475, 0.2378, 0.1587] **
max =  0.2475 | max_idx =  2
**pseudo_label ->  [0.1518, 0.1938, 0.2344, 0.24, 0.18] **
max =  0.24 | max_idx =  3
**pseudo_label ->  [0.1712, 0.2095, 0.2616, 0.2031, 0.1546] **
max =  0.2616 | max_idx =  2
**pseudo_label ->  [0.1549, 0.1811, 0.2393, 0.2357, 0.1889] **
max =  0.2393 | max_idx =  2
**pseudo_label ->  [0.1388, 0.1812, 0.2092, 0.306, 0.1647] **
max =  0.306 | max_idx =  3
Epoch 26/37, Train Loss: 1.7124, Valid Loss: 1.5843, Train Acc: 0.2000, Val Acc: 0.4490, Test Acc: 0.3579, Test F1(macro): 0.1054, Test F1(micro) : 0.2000,Total Pseudo-Labels: 0, Correct Pseudo-Labels: 0, Train Data Number: 25



line 303 => train data수 25
line 258 => 인스턴스 수 4
Step 104  Tim 0:07:20
acc_train_cw(현재 train의 class별 acc) [0.0, 0.0, 0.0, 1.0, 0.0]
cw_psl_total_eval(pseudo label 클래스별 총 샘플 수):  [4, 0, 0, 0, 0]
cw_psl_correct_eval(pseudo label 클래스별 맞은 샘플 수):  [0, 0, 0, 0, 0]
psl_acc(PSL 평가에서의 정확도):  0.0 
cw_psl_acc(클래스별 PSL 평가에서의 정확도):  [0.0, nan, nan, nan, nan]
**pseudo_label ->  [0.1473, 0.192, 0.2297, 0.2392, 0.1917] **
max =  0.2392 | max_idx =  3
**pseudo_label ->  [0.1652, 0.2001, 0.2161, 0.253, 0.1656] **
max =  0.253 | max_idx =  3
**pseudo_label ->  [0.1666, 0.1969, 0.1971, 0.2242, 0.2152] **
max =  0.2242 | max_idx =  3
**pseudo_label ->  [0.1793, 0.1768, 0.1808, 0.2221, 0.241] **
max =  0.241 | max_idx =  4
**pseudo_label ->  [0.1666, 0.2144, 0.2214, 0.2044, 0.1932] **
max =  0.2214 | max_idx =  2
Epoch 27/37, Train Loss: 1.6266, Valid Loss: 1.6264, Train Acc: 0.2000, Val Acc: 0.1429, Test Acc: 0.2316, Test F1(macro): 0.0752, Test F1(micro) : 0.2000,Total Pseudo-Labels: 0, Correct Pseudo-Labels: 0, Train Data Number: 25



line 303 => train data수 25
line 258 => 인스턴스 수 4
Step 108  Tim 0:07:37
acc_train_cw(현재 train의 class별 acc) [0.0, 0.0, 0.0, 0.0, 1.0]
cw_psl_total_eval(pseudo label 클래스별 총 샘플 수):  [2, 0, 0, 0, 0]
cw_psl_correct_eval(pseudo label 클래스별 맞은 샘플 수):  [1, 0, 0, 0, 0]
psl_acc(PSL 평가에서의 정확도):  0.5 
cw_psl_acc(클래스별 PSL 평가에서의 정확도):  [0.5, nan, nan, nan, nan]
**pseudo_label ->  [0.2279, 0.2026, 0.2023, 0.1718, 0.1954] **
max =  0.2279 | max_idx =  0
**pseudo_label ->  [0.2104, 0.2168, 0.1936, 0.1769, 0.2023] **
max =  0.2168 | max_idx =  1
**pseudo_label ->  [0.215, 0.2221, 0.1986, 0.1929, 0.1714] **
max =  0.2221 | max_idx =  1
**pseudo_label ->  [0.2219, 0.2347, 0.1964, 0.1471, 0.1999] **
max =  0.2347 | max_idx =  1
**pseudo_label ->  [0.2209, 0.1999, 0.1837, 0.1462, 0.2492] **
max =  0.2492 | max_idx =  4
Epoch 28/37, Train Loss: 1.6619, Valid Loss: 1.6920, Train Acc: 0.2000, Val Acc: 0.2449, Test Acc: 0.2316, Test F1(macro): 0.0752, Test F1(micro) : 0.2000,Total Pseudo-Labels: 0, Correct Pseudo-Labels: 0, Train Data Number: 25



line 303 => train data수 25
line 258 => 인스턴스 수 4
Step 112  Tim 0:07:53
acc_train_cw(현재 train의 class별 acc) [0.0, 1.0, 0.0, 0.0, 0.0]
cw_psl_total_eval(pseudo label 클래스별 총 샘플 수):  [0, 0, 0, 0, 0]
cw_psl_correct_eval(pseudo label 클래스별 맞은 샘플 수):  [0, 0, 0, 0, 0]
psl_acc(PSL 평가에서의 정확도): None 
cw_psl_acc(클래스별 PSL 평가에서의 정확도):  [nan, nan, nan, nan, nan]
**pseudo_label ->  [0.2142, 0.239, 0.1654, 0.1831, 0.1983] **
max =  0.239 | max_idx =  1
**pseudo_label ->  [0.258, 0.2244, 0.1162, 0.1296, 0.2717] **
max =  0.2717 | max_idx =  4
**pseudo_label ->  [0.2088, 0.244, 0.1794, 0.1493, 0.2185] **
max =  0.244 | max_idx =  1
**pseudo_label ->  [0.2224, 0.2006, 0.1409, 0.1591, 0.277] **
max =  0.277 | max_idx =  4
**pseudo_label ->  [0.1814, 0.2275, 0.1522, 0.135, 0.3039] **
max =  0.3039 | max_idx =  4
Epoch 29/37, Train Loss: 1.6758, Valid Loss: 1.7088, Train Acc: 0.2000, Val Acc: 0.0612, Test Acc: 0.0526, Test F1(macro): 0.0200, Test F1(micro) : 0.2000,Total Pseudo-Labels: 0, Correct Pseudo-Labels: 0, Train Data Number: 25



line 303 => train data수 25
line 258 => 인스턴스 수 4
Step 116  Tim 0:08:09
acc_train_cw(현재 train의 class별 acc) [1.0, 0.0, 0.0, 0.0, 0.0]
cw_psl_total_eval(pseudo label 클래스별 총 샘플 수):  [0, 0, 0, 0, 0]
cw_psl_correct_eval(pseudo label 클래스별 맞은 샘플 수):  [0, 0, 0, 0, 0]
psl_acc(PSL 평가에서의 정확도): None 
cw_psl_acc(클래스별 PSL 평가에서의 정확도):  [nan, nan, nan, nan, nan]
**pseudo_label ->  [0.2544, 0.2104, 0.1492, 0.2219, 0.1641] **
max =  0.2544 | max_idx =  0
**pseudo_label ->  [0.2548, 0.1946, 0.1884, 0.2359, 0.1263] **
max =  0.2548 | max_idx =  0
**pseudo_label ->  [0.2228, 0.2244, 0.1764, 0.2167, 0.1597] **
max =  0.2244 | max_idx =  1
**pseudo_label ->  [0.2635, 0.2011, 0.1719, 0.2149, 0.1485] **
max =  0.2635 | max_idx =  0
**pseudo_label ->  [0.2296, 0.1996, 0.1773, 0.2573, 0.1363] **
max =  0.2573 | max_idx =  3
Epoch 30/37, Train Loss: 1.6253, Valid Loss: 1.6746, Train Acc: 0.2000, Val Acc: 0.1020, Test Acc: 0.1263, Test F1(macro): 0.0449, Test F1(micro) : 0.2000,Total Pseudo-Labels: 0, Correct Pseudo-Labels: 0, Train Data Number: 25



line 303 => train data수 25
line 258 => 인스턴스 수 4
Step 120  Tim 0:08:25
acc_train_cw(현재 train의 class별 acc) [0.0, 0.0, 0.0, 1.0, 0.0]
cw_psl_total_eval(pseudo label 클래스별 총 샘플 수):  [0, 0, 0, 0, 0]
cw_psl_correct_eval(pseudo label 클래스별 맞은 샘플 수):  [0, 0, 0, 0, 0]
psl_acc(PSL 평가에서의 정확도): None 
cw_psl_acc(클래스별 PSL 평가에서의 정확도):  [nan, nan, nan, nan, nan]
**pseudo_label ->  [0.2175, 0.1657, 0.1384, 0.2763, 0.202] **
max =  0.2763 | max_idx =  3
**pseudo_label ->  [0.2122, 0.1902, 0.1695, 0.239, 0.1891] **
max =  0.239 | max_idx =  3
**pseudo_label ->  [0.2098, 0.1924, 0.1573, 0.2654, 0.1751] **
max =  0.2654 | max_idx =  3
**pseudo_label ->  [0.225, 0.1683, 0.1451, 0.2645, 0.1971] **
max =  0.2645 | max_idx =  3
**pseudo_label ->  [0.1944, 0.1842, 0.2046, 0.2543, 0.1626] **
max =  0.2543 | max_idx =  3
Epoch 31/37, Train Loss: 1.6946, Valid Loss: 1.6340, Train Acc: 0.2000, Val Acc: 0.1429, Test Acc: 0.2316, Test F1(macro): 0.0752, Test F1(micro) : 0.2000,Total Pseudo-Labels: 0, Correct Pseudo-Labels: 0, Train Data Number: 25



line 303 => train data수 25
line 258 => 인스턴스 수 4
Step 124  Tim 0:08:42
acc_train_cw(현재 train의 class별 acc) [0.0, 0.0, 0.0, 1.0, 0.0]
cw_psl_total_eval(pseudo label 클래스별 총 샘플 수):  [0, 0, 0, 0, 0]
cw_psl_correct_eval(pseudo label 클래스별 맞은 샘플 수):  [0, 0, 0, 0, 0]
psl_acc(PSL 평가에서의 정확도): None 
cw_psl_acc(클래스별 PSL 평가에서의 정확도):  [nan, nan, nan, nan, nan]
**pseudo_label ->  [0.2561, 0.1647, 0.1725, 0.2317, 0.1751] **
max =  0.2561 | max_idx =  0
**pseudo_label ->  [0.2357, 0.1698, 0.1814, 0.2397, 0.1734] **
max =  0.2397 | max_idx =  3
**pseudo_label ->  [0.2, 0.1612, 0.2078, 0.2373, 0.1937] **
max =  0.2373 | max_idx =  3
**pseudo_label ->  [0.2299, 0.1567, 0.1595, 0.2397, 0.2143] **
max =  0.2397 | max_idx =  3
**pseudo_label ->  [0.2295, 0.1291, 0.1433, 0.2446, 0.2535] **
max =  0.2535 | max_idx =  4
Epoch 32/37, Train Loss: 1.6882, Valid Loss: 1.5056, Train Acc: 0.2000, Val Acc: 0.1429, Test Acc: 0.2316, Test F1(macro): 0.0752, Test F1(micro) : 0.2000,Total Pseudo-Labels: 0, Correct Pseudo-Labels: 0, Train Data Number: 25



line 303 => train data수 25
line 258 => 인스턴스 수 4
Step 128  Tim 0:08:58
acc_train_cw(현재 train의 class별 acc) [0.0, 0.0, 1.0, 0.0, 0.0]
cw_psl_total_eval(pseudo label 클래스별 총 샘플 수):  [0, 0, 0, 0, 0]
cw_psl_correct_eval(pseudo label 클래스별 맞은 샘플 수):  [0, 0, 0, 0, 0]
psl_acc(PSL 평가에서의 정확도): None 
cw_psl_acc(클래스별 PSL 평가에서의 정확도):  [nan, nan, nan, nan, nan]
**pseudo_label ->  [0.2265, 0.1098, 0.4512, 0.1297, 0.0828] **
max =  0.4512 | max_idx =  2
**pseudo_label ->  [0.2187, 0.1767, 0.2696, 0.1654, 0.1696] **
max =  0.2696 | max_idx =  2
**pseudo_label ->  [0.1999, 0.1816, 0.2605, 0.1864, 0.1716] **
max =  0.2605 | max_idx =  2
**pseudo_label ->  [0.2042, 0.1738, 0.2848, 0.1957, 0.1415] **
max =  0.2848 | max_idx =  2
**pseudo_label ->  [0.18, 0.161, 0.2871, 0.1219, 0.25] **
max =  0.2871 | max_idx =  2
Epoch 33/37, Train Loss: 1.7160, Valid Loss: 1.5925, Train Acc: 0.2000, Val Acc: 0.4490, Test Acc: 0.3579, Test F1(macro): 0.1054, Test F1(micro) : 0.2000,Total Pseudo-Labels: 0, Correct Pseudo-Labels: 0, Train Data Number: 25



line 303 => train data수 25
line 258 => 인스턴스 수 4
Step 132  Tim 0:09:14
acc_train_cw(현재 train의 class별 acc) [0.0, 0.0, 0.0, 0.0, 1.0]
cw_psl_total_eval(pseudo label 클래스별 총 샘플 수):  [0, 0, 0, 0, 0]
cw_psl_correct_eval(pseudo label 클래스별 맞은 샘플 수):  [0, 0, 0, 0, 0]
psl_acc(PSL 평가에서의 정확도): None 
cw_psl_acc(클래스별 PSL 평가에서의 정확도):  [nan, nan, nan, nan, nan]
**pseudo_label ->  [0.2075, 0.2264, 0.1976, 0.1392, 0.2294] **
max =  0.2294 | max_idx =  4
**pseudo_label ->  [0.2142, 0.1828, 0.213, 0.1214, 0.2686] **
max =  0.2686 | max_idx =  4
**pseudo_label ->  [0.2219, 0.204, 0.2036, 0.1281, 0.2423] **
max =  0.2423 | max_idx =  4
**pseudo_label ->  [0.1772, 0.2038, 0.2385, 0.0976, 0.2829] **
max =  0.2829 | max_idx =  4
**pseudo_label ->  [0.1735, 0.1923, 0.2585, 0.1283, 0.2474] **
max =  0.2585 | max_idx =  2
Epoch 34/37, Train Loss: 1.6859, Valid Loss: 1.6379, Train Acc: 0.2000, Val Acc: 0.2449, Test Acc: 0.2316, Test F1(macro): 0.0752, Test F1(micro) : 0.2000,Total Pseudo-Labels: 0, Correct Pseudo-Labels: 0, Train Data Number: 25



line 303 => train data수 25
line 258 => 인스턴스 수 4
Step 136  Tim 0:09:31
acc_train_cw(현재 train의 class별 acc) [0.0, 0.0, 0.0, 0.0, 1.0]
cw_psl_total_eval(pseudo label 클래스별 총 샘플 수):  [0, 0, 0, 0, 0]
cw_psl_correct_eval(pseudo label 클래스별 맞은 샘플 수):  [0, 0, 0, 0, 0]
psl_acc(PSL 평가에서의 정확도): None 
cw_psl_acc(클래스별 PSL 평가에서의 정확도):  [nan, nan, nan, nan, nan]
**pseudo_label ->  [0.151, 0.2614, 0.2001, 0.1966, 0.191] **
max =  0.2614 | max_idx =  1
**pseudo_label ->  [0.1637, 0.221, 0.1602, 0.2284, 0.2267] **
max =  0.2284 | max_idx =  3
**pseudo_label ->  [0.1764, 0.1815, 0.1798, 0.1328, 0.3295] **
max =  0.3295 | max_idx =  4
**pseudo_label ->  [0.1612, 0.2197, 0.1584, 0.2262, 0.2345] **
max =  0.2345 | max_idx =  4
**pseudo_label ->  [0.1368, 0.2227, 0.1581, 0.2503, 0.2322] **
max =  0.2503 | max_idx =  3
Epoch 35/37, Train Loss: 1.6556, Valid Loss: 1.6506, Train Acc: 0.2000, Val Acc: 0.2449, Test Acc: 0.2316, Test F1(macro): 0.0752, Test F1(micro) : 0.2000,Total Pseudo-Labels: 0, Correct Pseudo-Labels: 0, Train Data Number: 25



line 303 => train data수 25
line 258 => 인스턴스 수 4
Step 140  Tim 0:09:47
acc_train_cw(현재 train의 class별 acc) [0.0, 1.0, 0.0, 0.0, 0.0]
cw_psl_total_eval(pseudo label 클래스별 총 샘플 수):  [0, 0, 0, 0, 0]
cw_psl_correct_eval(pseudo label 클래스별 맞은 샘플 수):  [0, 0, 0, 0, 0]
psl_acc(PSL 평가에서의 정확도): None 
cw_psl_acc(클래스별 PSL 평가에서의 정확도):  [nan, nan, nan, nan, nan]
**pseudo_label ->  [0.1922, 0.2579, 0.1875, 0.1746, 0.1879] **
max =  0.2579 | max_idx =  1
**pseudo_label ->  [0.1945, 0.2381, 0.192, 0.1962, 0.1792] **
max =  0.2381 | max_idx =  1
**pseudo_label ->  [0.1686, 0.2192, 0.1988, 0.256, 0.1574] **
max =  0.256 | max_idx =  3
**pseudo_label ->  [0.1558, 0.2274, 0.1522, 0.2726, 0.1919] **
max =  0.2726 | max_idx =  3
**pseudo_label ->  [0.1777, 0.2368, 0.2019, 0.2131, 0.1706] **
max =  0.2368 | max_idx =  1
Epoch 36/37, Train Loss: 1.6901, Valid Loss: 1.6208, Train Acc: 0.2000, Val Acc: 0.0612, Test Acc: 0.0526, Test F1(macro): 0.0200, Test F1(micro) : 0.2000,Total Pseudo-Labels: 0, Correct Pseudo-Labels: 0, Train Data Number: 25



line 303 => train data수 25
line 258 => 인스턴스 수 4
Step 144  Tim 0:10:03
acc_train_cw(현재 train의 class별 acc) [0.0, 0.0, 1.0, 0.0, 0.0]
cw_psl_total_eval(pseudo label 클래스별 총 샘플 수):  [0, 0, 0, 0, 0]
cw_psl_correct_eval(pseudo label 클래스별 맞은 샘플 수):  [0, 0, 0, 0, 0]
psl_acc(PSL 평가에서의 정확도): None 
cw_psl_acc(클래스별 PSL 평가에서의 정확도):  [nan, nan, nan, nan, nan]
**pseudo_label ->  [0.211, 0.1973, 0.2178, 0.2116, 0.1623] **
max =  0.2178 | max_idx =  2
**pseudo_label ->  [0.218, 0.1926, 0.2723, 0.1961, 0.1209] **
max =  0.2723 | max_idx =  2
**pseudo_label ->  [0.2336, 0.1819, 0.2415, 0.2146, 0.1285] **
max =  0.2415 | max_idx =  2
**pseudo_label ->  [0.2203, 0.2168, 0.2415, 0.2032, 0.1181] **
max =  0.2415 | max_idx =  2
**pseudo_label ->  [0.2222, 0.2121, 0.254, 0.1788, 0.1328] **
max =  0.254 | max_idx =  2
Epoch 37/37, Train Loss: 1.6944, Valid Loss: 1.6023, Train Acc: 0.2000, Val Acc: 0.4490, Test Acc: 0.3579, Test F1(macro): 0.1054, Test F1(micro) : 0.2000,Total Pseudo-Labels: 0, Correct Pseudo-Labels: 0, Train Data Number: 25

Training complete!
Total training took 0:10:16 (h:mm:ss)
Load model from ./experiment/corcod_extended_data/output/5_unixcoder-base_0.0004_0.7_corcod_extended_data_net0.pth
Save training statistics in:  ./experiment/corcod_extended_data/log/unixcoder/class7//5_unixcoder-base_0.0004_0.7_corcod_extended_data/training_statistics.csv

best_trian_loss, epoch => 1.5651129186153412 17
Epoch-1_train_loss => 1.9347400069236755
max_epoch_train_loss => 1.6943950653076172 


best_val_loss, epoch =>  1.455799861830108 2
Epoch-1_val_loss => 3.0066708736881917
max_epoch_val_loss => 1.6022551242186098 

pse_epoch =>  [2, 23, 24, 25, 26, 27]
추가되는 pse_epoch =>  [] 

total_data:  25 
Best_step:  8 
Best_epoch:  2 
best_val_acc:  0.4489795918367347 
best_test_acc:  0.35789473684210527 
best_test_f1:  0.1054263565891473
Save best record in:  ./experiment/corcod_extended_data/log/unixcoder/class7/summary.csv