current work directory:  /home/imsuhan22/few-shot-tc/JointMatch_SSL/codebert/code
python_extended_data
save_name: 5_codet5p-110m-embedding_1e-05_0.7_20_python_extended_data

data_path:  ../data/../data/problem_based_split/python_extended_data

There are 1 GPU(s) available.
We will use the GPU- 0 NVIDIA GeForce RTX 3090

**line 147 모델 =>  Salesforce/codet5p-110m-embedding
**tokenizer type =  Salesforce/codet5p-110m-embedding 

n_labeled_per_class:  5
train_df samples: 3974
train_labeled_df samples: 35
train_unlabeled_df samples: 3939
n_classes:  7 

net_arch:  Salesforce/codet5p-110m-embedding lr:  1e-05

line 303 => train data수 35
line 258 => 인스턴스 수 5
=======test_loader=======
=======dev_loader=======
=======train_labeled_loader=======
=======finish=======
>>Epoch 1 Step 0 acc_test 0.120902 f1_test 0.038092 acc_val 0.019544 f1_val 0.015444 acc_train 0.028571 f1_train 0.009852 psl_cor 0 psl_totl 0 pslt_global 0.000000  Tim 0:00:08
acc_train_cw [0.0, 0.2, 0.0, 0.0, 0.0, 0.0, 0.0]
cw_psl_eval:  [0, 0, 0, 0, 0, 0, 0] [0, 0, 0, 0, 0, 0, 0]
psl_acc: None cw_psl_acc:  [nan, nan, nan, nan, nan, nan, nan]
Save model to ./experiment/few_shot/output/

line 303 => train data수 35
line 258 => 인스턴스 수 5
=======test_loader=======
=======dev_loader=======
=======train_labeled_loader=======
=======finish=======
>>Epoch 2 Step 5 acc_test 0.274590 f1_test 0.062558 acc_val 0.006515 f1_val 0.001905 acc_train 0.142857 f1_train 0.036630 psl_cor 0 psl_totl 0 pslt_global 0.700000  Tim 0:00:34
acc_train_cw [0.0, 1.0, 0.0, 0.0, 0.0, 0.0, 0.0]
cw_psl_eval:  [0, 0, 0, 0, 0, 0, 0] [0, 0, 0, 0, 0, 0, 0]
psl_acc: None cw_psl_acc:  [nan, nan, nan, nan, nan, nan, nan]

line 303 => train data수 35
line 258 => 인스턴스 수 5
=======test_loader=======
=======dev_loader=======
=======train_labeled_loader=======
=======finish=======
>>Epoch 3 Step 10 acc_test 0.297131 f1_test 0.090439 acc_val 0.006515 f1_val 0.001944 acc_train 0.142857 f1_train 0.037594 psl_cor 0 psl_totl 0 pslt_global 0.700000  Tim 0:00:59
acc_train_cw [0.0, 1.0, 0.0, 0.0, 0.0, 0.0, 0.0]
cw_psl_eval:  [0, 0, 0, 0, 0, 0, 0] [0, 0, 0, 0, 0, 0, 0]
psl_acc: None cw_psl_acc:  [nan, nan, nan, nan, nan, nan, nan]

line 303 => train data수 35
line 258 => 인스턴스 수 5
=======test_loader=======
=======dev_loader=======
=======train_labeled_loader=======
=======finish=======
>>Epoch 4 Step 15 acc_test 0.307377 f1_test 0.111080 acc_val 0.013029 f1_val 0.010746 acc_train 0.200000 f1_train 0.120181 psl_cor 0 psl_totl 0 pslt_global 0.700000  Tim 0:01:24
acc_train_cw [0.0, 1.0, 0.0, 0.0, 0.0, 0.2, 0.2]
cw_psl_eval:  [0, 0, 0, 0, 0, 0, 0] [0, 0, 0, 0, 0, 0, 0]
psl_acc: None cw_psl_acc:  [nan, nan, nan, nan, nan, nan, nan]

line 303 => train data수 35
line 258 => 인스턴스 수 5
=======test_loader=======
=======dev_loader=======
=======train_labeled_loader=======
=======finish=======
>>Epoch 5 Step 20 acc_test 0.344262 f1_test 0.152561 acc_val 0.026059 f1_val 0.036273 acc_train 0.371429 f1_train 0.301587 psl_cor 0 psl_totl 0 pslt_global 0.700000  Tim 0:01:49
acc_train_cw [0.2, 1.0, 0.0, 0.0, 0.0, 1.0, 0.4]
cw_psl_eval:  [0, 0, 0, 0, 0, 0, 0] [0, 0, 0, 0, 0, 0, 0]
psl_acc: None cw_psl_acc:  [nan, nan, nan, nan, nan, nan, nan]
Save model to ./experiment/few_shot/output/

line 303 => train data수 35
line 258 => 인스턴스 수 5
=======test_loader=======
=======dev_loader=======
=======train_labeled_loader=======
=======finish=======
>>Epoch 6 Step 25 acc_test 0.350410 f1_test 0.176220 acc_val 0.029316 f1_val 0.040574 acc_train 0.571429 f1_train 0.511647 psl_cor 0 psl_totl 0 pslt_global 0.700000  Tim 0:02:19
acc_train_cw [0.8, 1.0, 0.0, 0.0, 0.4, 1.0, 0.8]
cw_psl_eval:  [0, 0, 0, 0, 0, 0, 0] [0, 0, 0, 0, 0, 0, 0]
psl_acc: None cw_psl_acc:  [nan, nan, nan, nan, nan, nan, nan]
Save model to ./experiment/few_shot/output/

line 303 => train data수 35
line 258 => 인스턴스 수 5
=======test_loader=======
=======dev_loader=======
=======train_labeled_loader=======
=======finish=======
>>Epoch 7 Step 30 acc_test 0.348361 f1_test 0.198137 acc_val 0.061889 f1_val 0.073548 acc_train 0.771429 f1_train 0.779663 psl_cor 0 psl_totl 0 pslt_global 0.700000  Tim 0:02:45
acc_train_cw [0.8, 1.0, 0.4, 0.6, 0.6, 1.0, 1.0]
cw_psl_eval:  [0, 0, 0, 0, 0, 0, 0] [0, 0, 0, 0, 0, 0, 0]
psl_acc: None cw_psl_acc:  [nan, nan, nan, nan, nan, nan, nan]
Save model to ./experiment/few_shot/output/

line 303 => train data수 35
line 258 => 인스턴스 수 5
=======test_loader=======
=======dev_loader=======
=======train_labeled_loader=======
=======finish=======
>>Epoch 8 Step 35 acc_test 0.303279 f1_test 0.200151 acc_val 0.114007 f1_val 0.117829 acc_train 0.942857 f1_train 0.938312 psl_cor 0 psl_totl 0 pslt_global 0.700000  Tim 0:03:15
acc_train_cw [1.0, 1.0, 1.0, 0.6, 1.0, 1.0, 1.0]
cw_psl_eval:  [0, 0, 0, 0, 0, 0, 0] [0, 0, 0, 0, 0, 0, 0]
psl_acc: None cw_psl_acc:  [nan, nan, nan, nan, nan, nan, nan]
Save model to ./experiment/few_shot/output/

line 303 => train data수 35
line 258 => 인스턴스 수 5
=======test_loader=======
=======dev_loader=======
=======train_labeled_loader=======
=======finish=======
>>Epoch 9 Step 40 acc_test 0.336066 f1_test 0.226270 acc_val 0.120521 f1_val 0.120056 acc_train 0.971429 f1_train 0.971140 psl_cor 0 psl_totl 0 pslt_global 0.700000  Tim 0:03:42
acc_train_cw [1.0, 1.0, 1.0, 0.8, 1.0, 1.0, 1.0]
cw_psl_eval:  [0, 0, 0, 0, 0, 0, 0] [0, 0, 0, 0, 0, 0, 0]
psl_acc: None cw_psl_acc:  [nan, nan, nan, nan, nan, nan, nan]
Save model to ./experiment/few_shot/output/

line 303 => train data수 35
line 258 => 인스턴스 수 5
=======test_loader=======
=======dev_loader=======
=======train_labeled_loader=======
=======finish=======
>>Epoch 10 Step 45 acc_test 0.329918 f1_test 0.240654 acc_val 0.136808 f1_val 0.128461 acc_train 0.971429 f1_train 0.971140 psl_cor 0 psl_totl 0 pslt_global 0.700000  Tim 0:04:12
acc_train_cw [1.0, 1.0, 1.0, 0.8, 1.0, 1.0, 1.0]
cw_psl_eval:  [0, 0, 0, 0, 0, 0, 0] [0, 0, 0, 0, 0, 0, 0]
psl_acc: None cw_psl_acc:  [nan, nan, nan, nan, nan, nan, nan]
Save model to ./experiment/few_shot/output/

line 303 => train data수 35
line 258 => 인스턴스 수 5
=======test_loader=======
=======dev_loader=======
=======train_labeled_loader=======
=======finish=======
>>Epoch 11 Step 50 acc_test 0.319672 f1_test 0.235529 acc_val 0.136808 f1_val 0.123033 acc_train 0.971429 f1_train 0.971140 psl_cor 0 psl_totl 0 pslt_global 0.700000  Tim 0:04:38
acc_train_cw [1.0, 1.0, 1.0, 0.8, 1.0, 1.0, 1.0]
cw_psl_eval:  [0, 0, 0, 0, 0, 0, 0] [0, 0, 0, 0, 0, 0, 0]
psl_acc: None cw_psl_acc:  [nan, nan, nan, nan, nan, nan, nan]

line 303 => train data수 35
line 258 => 인스턴스 수 5
=======test_loader=======
=======dev_loader=======
=======train_labeled_loader=======
=======finish=======
>>Epoch 12 Step 55 acc_test 0.295082 f1_test 0.219261 acc_val 0.175896 f1_val 0.155852 acc_train 0.971429 f1_train 0.971140 psl_cor 0 psl_totl 0 pslt_global 0.700000  Tim 0:05:03
acc_train_cw [1.0, 1.0, 1.0, 0.8, 1.0, 1.0, 1.0]
cw_psl_eval:  [0, 0, 0, 0, 0, 0, 0] [0, 0, 0, 0, 0, 0, 0]
psl_acc: None cw_psl_acc:  [nan, nan, nan, nan, nan, nan, nan]
Save model to ./experiment/few_shot/output/

line 303 => train data수 35
line 258 => 인스턴스 수 5
=======test_loader=======
=======dev_loader=======
=======train_labeled_loader=======
=======finish=======
>>Epoch 13 Step 60 acc_test 0.315574 f1_test 0.220913 acc_val 0.175896 f1_val 0.157798 acc_train 0.971429 f1_train 0.971140 psl_cor 0 psl_totl 0 pslt_global 0.700000  Tim 0:05:33
acc_train_cw [1.0, 1.0, 1.0, 0.8, 1.0, 1.0, 1.0]
cw_psl_eval:  [0, 0, 0, 0, 0, 0, 0] [0, 0, 0, 0, 0, 0, 0]
psl_acc: None cw_psl_acc:  [nan, nan, nan, nan, nan, nan, nan]

line 303 => train data수 35
line 258 => 인스턴스 수 5
=======test_loader=======
=======dev_loader=======
=======train_labeled_loader=======
=======finish=======
>>Epoch 14 Step 65 acc_test 0.307377 f1_test 0.217269 acc_val 0.169381 f1_val 0.156489 acc_train 0.971429 f1_train 0.971140 psl_cor 0 psl_totl 0 pslt_global 0.700000  Tim 0:05:58
acc_train_cw [1.0, 1.0, 1.0, 0.8, 1.0, 1.0, 1.0]
cw_psl_eval:  [0, 0, 0, 0, 0, 0, 0] [0, 0, 0, 0, 0, 0, 0]
psl_acc: None cw_psl_acc:  [nan, nan, nan, nan, nan, nan, nan]

line 303 => train data수 35
line 258 => 인스턴스 수 5
=======test_loader=======
=======dev_loader=======
=======train_labeled_loader=======
=======finish=======
>>Epoch 15 Step 70 acc_test 0.325820 f1_test 0.221885 acc_val 0.166124 f1_val 0.151018 acc_train 0.971429 f1_train 0.971140 psl_cor 0 psl_totl 0 pslt_global 0.700000  Tim 0:06:24
acc_train_cw [1.0, 1.0, 1.0, 0.8, 1.0, 1.0, 1.0]
cw_psl_eval:  [0, 0, 0, 0, 0, 0, 0] [0, 0, 0, 0, 0, 0, 0]
psl_acc: None cw_psl_acc:  [nan, nan, nan, nan, nan, nan, nan]

line 303 => train data수 35
line 258 => 인스턴스 수 5
=======test_loader=======
=======dev_loader=======
=======train_labeled_loader=======
=======finish=======
>>Epoch 16 Step 75 acc_test 0.313525 f1_test 0.207740 acc_val 0.162866 f1_val 0.147907 acc_train 0.971429 f1_train 0.971140 psl_cor 0 psl_totl 0 pslt_global 0.700000  Tim 0:06:49
acc_train_cw [1.0, 1.0, 1.0, 0.8, 1.0, 1.0, 1.0]
cw_psl_eval:  [0, 0, 0, 0, 0, 0, 0] [0, 0, 0, 0, 0, 0, 0]
psl_acc: None cw_psl_acc:  [nan, nan, nan, nan, nan, nan, nan]

line 303 => train data수 35
line 258 => 인스턴스 수 5
=======test_loader=======
=======dev_loader=======
=======train_labeled_loader=======
=======finish=======
>>Epoch 17 Step 80 acc_test 0.319672 f1_test 0.224682 acc_val 0.175896 f1_val 0.162423 acc_train 1.000000 f1_train 1.000000 psl_cor 0 psl_totl 0 pslt_global 0.700000  Tim 0:07:14
acc_train_cw [1.0, 1.0, 1.0, 1.0, 1.0, 1.0, 1.0]
cw_psl_eval:  [0, 0, 0, 0, 0, 0, 0] [0, 0, 0, 0, 0, 0, 0]
psl_acc: None cw_psl_acc:  [nan, nan, nan, nan, nan, nan, nan]

line 303 => train data수 35
line 258 => 인스턴스 수 5
=======test_loader=======
=======dev_loader=======
=======train_labeled_loader=======
=======finish=======
>>Epoch 18 Step 85 acc_test 0.325820 f1_test 0.228223 acc_val 0.179153 f1_val 0.163018 acc_train 1.000000 f1_train 1.000000 psl_cor 0 psl_totl 0 pslt_global 0.700000  Tim 0:07:39
acc_train_cw [1.0, 1.0, 1.0, 1.0, 1.0, 1.0, 1.0]
cw_psl_eval:  [0, 0, 0, 0, 0, 0, 0] [0, 0, 0, 0, 0, 0, 0]
psl_acc: None cw_psl_acc:  [nan, nan, nan, nan, nan, nan, nan]
Save model to ./experiment/few_shot/output/

line 303 => train data수 35
line 258 => 인스턴스 수 5
=======test_loader=======
=======dev_loader=======
=======train_labeled_loader=======
=======finish=======
>>Epoch 19 Step 90 acc_test 0.336066 f1_test 0.235364 acc_val 0.172638 f1_val 0.158196 acc_train 1.000000 f1_train 1.000000 psl_cor 0 psl_totl 0 pslt_global 0.700000  Tim 0:08:09
acc_train_cw [1.0, 1.0, 1.0, 1.0, 1.0, 1.0, 1.0]
cw_psl_eval:  [0, 0, 0, 0, 0, 0, 0] [0, 0, 0, 0, 0, 0, 0]
psl_acc: None cw_psl_acc:  [nan, nan, nan, nan, nan, nan, nan]

line 303 => train data수 35
line 258 => 인스턴스 수 5
=======test_loader=======
=======dev_loader=======
=======train_labeled_loader=======
=======finish=======
>>Epoch 20 Step 95 acc_test 0.319672 f1_test 0.222837 acc_val 0.169381 f1_val 0.157291 acc_train 1.000000 f1_train 1.000000 psl_cor 0 psl_totl 0 pslt_global 0.700000  Tim 0:08:35
acc_train_cw [1.0, 1.0, 1.0, 1.0, 1.0, 1.0, 1.0]
cw_psl_eval:  [0, 0, 0, 0, 0, 0, 0] [0, 0, 0, 0, 0, 0, 0]
psl_acc: None cw_psl_acc:  [nan, nan, nan, nan, nan, nan, nan]

line 303 => train data수 35
line 258 => 인스턴스 수 5
=======test_loader=======
=======dev_loader=======
=======train_labeled_loader=======
=======finish=======
>>Epoch 21 Step 100 acc_test 0.325820 f1_test 0.232128 acc_val 0.162866 f1_val 0.154406 acc_train 1.000000 f1_train 1.000000 psl_cor 0 psl_totl 0 pslt_global 0.700000  Tim 0:09:00
acc_train_cw [1.0, 1.0, 1.0, 1.0, 1.0, 1.0, 1.0]
cw_psl_eval:  [0, 0, 0, 0, 0, 0, 0] [0, 0, 0, 0, 0, 0, 0]
psl_acc: None cw_psl_acc:  [nan, nan, nan, nan, nan, nan, nan]

line 303 => train data수 35
line 258 => 인스턴스 수 5
=======test_loader=======
=======dev_loader=======
=======train_labeled_loader=======
=======finish=======
>>Epoch 22 Step 105 acc_test 0.334016 f1_test 0.228497 acc_val 0.156352 f1_val 0.147788 acc_train 1.000000 f1_train 1.000000 psl_cor 0 psl_totl 0 pslt_global 0.700000  Tim 0:09:25
acc_train_cw [1.0, 1.0, 1.0, 1.0, 1.0, 1.0, 1.0]
cw_psl_eval:  [0, 0, 0, 0, 0, 0, 0] [0, 0, 0, 0, 0, 0, 0]
psl_acc: None cw_psl_acc:  [nan, nan, nan, nan, nan, nan, nan]

line 303 => train data수 35
line 258 => 인스턴스 수 5
=======test_loader=======
=======dev_loader=======
=======train_labeled_loader=======
=======finish=======
>>Epoch 23 Step 110 acc_test 0.338115 f1_test 0.233135 acc_val 0.156352 f1_val 0.150048 acc_train 1.000000 f1_train 1.000000 psl_cor 0 psl_totl 0 pslt_global 0.700000  Tim 0:09:50
acc_train_cw [1.0, 1.0, 1.0, 1.0, 1.0, 1.0, 1.0]
cw_psl_eval:  [0, 0, 0, 0, 0, 0, 0] [0, 0, 0, 0, 0, 0, 0]
psl_acc: None cw_psl_acc:  [nan, nan, nan, nan, nan, nan, nan]

line 303 => train data수 35
line 258 => 인스턴스 수 5
=======test_loader=======
=======dev_loader=======
=======train_labeled_loader=======
=======finish=======
>>Epoch 24 Step 115 acc_test 0.327869 f1_test 0.227861 acc_val 0.166124 f1_val 0.156819 acc_train 1.000000 f1_train 1.000000 psl_cor 0 psl_totl 0 pslt_global 0.700000  Tim 0:10:16
acc_train_cw [1.0, 1.0, 1.0, 1.0, 1.0, 1.0, 1.0]
cw_psl_eval:  [0, 0, 0, 0, 0, 0, 0] [0, 0, 0, 0, 0, 0, 0]
psl_acc: None cw_psl_acc:  [nan, nan, nan, nan, nan, nan, nan]

line 303 => train data수 35
line 258 => 인스턴스 수 5
=======test_loader=======
=======dev_loader=======
=======train_labeled_loader=======
=======finish=======
>>Epoch 25 Step 120 acc_test 0.336066 f1_test 0.238242 acc_val 0.166124 f1_val 0.157204 acc_train 1.000000 f1_train 1.000000 psl_cor 0 psl_totl 0 pslt_global 0.700000  Tim 0:10:41
acc_train_cw [1.0, 1.0, 1.0, 1.0, 1.0, 1.0, 1.0]
cw_psl_eval:  [0, 0, 0, 0, 0, 0, 0] [0, 0, 0, 0, 0, 0, 0]
psl_acc: None cw_psl_acc:  [nan, nan, nan, nan, nan, nan, nan]

line 303 => train data수 35
line 258 => 인스턴스 수 5
=======test_loader=======
=======dev_loader=======
=======train_labeled_loader=======
=======finish=======
>>Epoch 26 Step 125 acc_test 0.334016 f1_test 0.238627 acc_val 0.172638 f1_val 0.161989 acc_train 1.000000 f1_train 1.000000 psl_cor 0 psl_totl 0 pslt_global 0.700000  Tim 0:11:06
acc_train_cw [1.0, 1.0, 1.0, 1.0, 1.0, 1.0, 1.0]
cw_psl_eval:  [0, 0, 0, 0, 0, 0, 0] [0, 0, 0, 0, 0, 0, 0]
psl_acc: None cw_psl_acc:  [nan, nan, nan, nan, nan, nan, nan]

line 303 => train data수 35
line 258 => 인스턴스 수 5
=======test_loader=======
=======dev_loader=======
=======train_labeled_loader=======
=======finish=======
>>Epoch 27 Step 130 acc_test 0.331967 f1_test 0.233118 acc_val 0.175896 f1_val 0.167044 acc_train 1.000000 f1_train 1.000000 psl_cor 0 psl_totl 0 pslt_global 0.700000  Tim 0:11:32
acc_train_cw [1.0, 1.0, 1.0, 1.0, 1.0, 1.0, 1.0]
cw_psl_eval:  [0, 0, 0, 0, 0, 0, 0] [0, 0, 0, 0, 0, 0, 0]
psl_acc: None cw_psl_acc:  [nan, nan, nan, nan, nan, nan, nan]

line 303 => train data수 35
line 258 => 인스턴스 수 5
=======test_loader=======
=======dev_loader=======
=======train_labeled_loader=======
=======finish=======
>>Epoch 28 Step 135 acc_test 0.329918 f1_test 0.236030 acc_val 0.185668 f1_val 0.173539 acc_train 1.000000 f1_train 1.000000 psl_cor 0 psl_totl 0 pslt_global 0.700000  Tim 0:11:57
acc_train_cw [1.0, 1.0, 1.0, 1.0, 1.0, 1.0, 1.0]
cw_psl_eval:  [0, 0, 0, 0, 0, 0, 0] [0, 0, 0, 0, 0, 0, 0]
psl_acc: None cw_psl_acc:  [nan, nan, nan, nan, nan, nan, nan]
Save model to ./experiment/few_shot/output/

line 303 => train data수 35
line 258 => 인스턴스 수 5
=======test_loader=======
=======dev_loader=======
=======train_labeled_loader=======
=======finish=======
>>Epoch 29 Step 140 acc_test 0.317623 f1_test 0.232594 acc_val 0.192182 f1_val 0.182166 acc_train 1.000000 f1_train 1.000000 psl_cor 0 psl_totl 0 pslt_global 0.700000  Tim 0:12:27
acc_train_cw [1.0, 1.0, 1.0, 1.0, 1.0, 1.0, 1.0]
cw_psl_eval:  [0, 0, 0, 0, 0, 0, 0] [0, 0, 0, 0, 0, 0, 0]
psl_acc: None cw_psl_acc:  [nan, nan, nan, nan, nan, nan, nan]
Save model to ./experiment/few_shot/output/

line 303 => train data수 35
line 258 => 인스턴스 수 5
=======test_loader=======
=======dev_loader=======
=======train_labeled_loader=======
=======finish=======
>>Epoch 30 Step 145 acc_test 0.323770 f1_test 0.223833 acc_val 0.179153 f1_val 0.167155 acc_train 1.000000 f1_train 1.000000 psl_cor 0 psl_totl 0 pslt_global 0.700000  Tim 0:12:53
acc_train_cw [1.0, 1.0, 1.0, 1.0, 1.0, 1.0, 1.0]
cw_psl_eval:  [0, 0, 0, 0, 0, 0, 0] [0, 0, 0, 0, 0, 0, 0]
psl_acc: None cw_psl_acc:  [nan, nan, nan, nan, nan, nan, nan]

line 303 => train data수 35
line 258 => 인스턴스 수 5
=======test_loader=======
=======dev_loader=======
=======train_labeled_loader=======
=======finish=======
>>Epoch 31 Step 150 acc_test 0.323770 f1_test 0.230717 acc_val 0.188925 f1_val 0.179195 acc_train 1.000000 f1_train 1.000000 psl_cor 0 psl_totl 0 pslt_global 0.700000  Tim 0:13:19
acc_train_cw [1.0, 1.0, 1.0, 1.0, 1.0, 1.0, 1.0]
cw_psl_eval:  [0, 0, 0, 0, 0, 0, 0] [0, 0, 0, 0, 0, 0, 0]
psl_acc: None cw_psl_acc:  [nan, nan, nan, nan, nan, nan, nan]

line 303 => train data수 35
line 258 => 인스턴스 수 5
=======test_loader=======
=======dev_loader=======
=======train_labeled_loader=======
=======finish=======
>>Epoch 32 Step 155 acc_test 0.327869 f1_test 0.233577 acc_val 0.182410 f1_val 0.173842 acc_train 1.000000 f1_train 1.000000 psl_cor 0 psl_totl 0 pslt_global 0.700000  Tim 0:13:44
acc_train_cw [1.0, 1.0, 1.0, 1.0, 1.0, 1.0, 1.0]
cw_psl_eval:  [0, 0, 0, 0, 0, 0, 0] [0, 0, 0, 0, 0, 0, 0]
psl_acc: None cw_psl_acc:  [nan, nan, nan, nan, nan, nan, nan]

line 303 => train data수 35
line 258 => 인스턴스 수 5
=======test_loader=======
=======dev_loader=======
=======train_labeled_loader=======
=======finish=======
>>Epoch 33 Step 160 acc_test 0.325820 f1_test 0.229343 acc_val 0.185668 f1_val 0.173536 acc_train 1.000000 f1_train 1.000000 psl_cor 0 psl_totl 0 pslt_global 0.700000  Tim 0:14:09
acc_train_cw [1.0, 1.0, 1.0, 1.0, 1.0, 1.0, 1.0]
cw_psl_eval:  [0, 0, 0, 0, 0, 0, 0] [0, 0, 0, 0, 0, 0, 0]
psl_acc: None cw_psl_acc:  [nan, nan, nan, nan, nan, nan, nan]

line 303 => train data수 35
line 258 => 인스턴스 수 5
=======test_loader=======
=======dev_loader=======
=======train_labeled_loader=======
=======finish=======
>>Epoch 34 Step 165 acc_test 0.311475 f1_test 0.216695 acc_val 0.192182 f1_val 0.180735 acc_train 1.000000 f1_train 1.000000 psl_cor 0 psl_totl 0 pslt_global 0.700000  Tim 0:14:34
acc_train_cw [1.0, 1.0, 1.0, 1.0, 1.0, 1.0, 1.0]
cw_psl_eval:  [0, 0, 0, 0, 0, 0, 0] [0, 0, 0, 0, 0, 0, 0]
psl_acc: None cw_psl_acc:  [nan, nan, nan, nan, nan, nan, nan]

line 303 => train data수 35
line 258 => 인스턴스 수 5
=======test_loader=======
=======dev_loader=======
=======train_labeled_loader=======
=======finish=======
>>Epoch 35 Step 170 acc_test 0.303279 f1_test 0.208240 acc_val 0.188925 f1_val 0.180902 acc_train 1.000000 f1_train 1.000000 psl_cor 0 psl_totl 0 pslt_global 0.700000  Tim 0:15:00
acc_train_cw [1.0, 1.0, 1.0, 1.0, 1.0, 1.0, 1.0]
cw_psl_eval:  [0, 0, 0, 0, 0, 0, 0] [0, 0, 0, 0, 0, 0, 0]
psl_acc: None cw_psl_acc:  [nan, nan, nan, nan, nan, nan, nan]

line 303 => train data수 35
line 258 => 인스턴스 수 5
=======test_loader=======
=======dev_loader=======
=======train_labeled_loader=======
=======finish=======
>>Epoch 36 Step 175 acc_test 0.319672 f1_test 0.221798 acc_val 0.188925 f1_val 0.179908 acc_train 1.000000 f1_train 1.000000 psl_cor 0 psl_totl 0 pslt_global 0.700000  Tim 0:15:25
acc_train_cw [1.0, 1.0, 1.0, 1.0, 1.0, 1.0, 1.0]
cw_psl_eval:  [0, 0, 0, 0, 0, 0, 0] [0, 0, 0, 0, 0, 0, 0]
psl_acc: None cw_psl_acc:  [nan, nan, nan, nan, nan, nan, nan]

line 303 => train data수 35
line 258 => 인스턴스 수 5
=======test_loader=======
=======dev_loader=======
=======train_labeled_loader=======
=======finish=======
>>Epoch 37 Step 180 acc_test 0.325820 f1_test 0.220244 acc_val 0.182410 f1_val 0.173382 acc_train 1.000000 f1_train 1.000000 psl_cor 0 psl_totl 0 pslt_global 0.700000  Tim 0:15:50
acc_train_cw [1.0, 1.0, 1.0, 1.0, 1.0, 1.0, 1.0]
cw_psl_eval:  [0, 0, 0, 0, 0, 0, 0] [0, 0, 0, 0, 0, 0, 0]
psl_acc: None cw_psl_acc:  [nan, nan, nan, nan, nan, nan, nan]

line 303 => train data수 35
line 258 => 인스턴스 수 5
=======test_loader=======
=======dev_loader=======
=======train_labeled_loader=======
=======finish=======
>>Epoch 38 Step 185 acc_test 0.309426 f1_test 0.209669 acc_val 0.179153 f1_val 0.171378 acc_train 1.000000 f1_train 1.000000 psl_cor 0 psl_totl 0 pslt_global 0.700000  Tim 0:16:16
acc_train_cw [1.0, 1.0, 1.0, 1.0, 1.0, 1.0, 1.0]
cw_psl_eval:  [0, 0, 0, 0, 0, 0, 0] [0, 0, 0, 0, 0, 0, 0]
psl_acc: None cw_psl_acc:  [nan, nan, nan, nan, nan, nan, nan]

line 303 => train data수 35
line 258 => 인스턴스 수 5
=======test_loader=======
=======dev_loader=======
=======train_labeled_loader=======
=======finish=======
>>Epoch 39 Step 190 acc_test 0.307377 f1_test 0.212058 acc_val 0.182410 f1_val 0.176256 acc_train 1.000000 f1_train 1.000000 psl_cor 0 psl_totl 0 pslt_global 0.700000  Tim 0:16:41
acc_train_cw [1.0, 1.0, 1.0, 1.0, 1.0, 1.0, 1.0]
cw_psl_eval:  [0, 0, 0, 0, 0, 0, 0] [0, 0, 0, 0, 0, 0, 0]
psl_acc: None cw_psl_acc:  [nan, nan, nan, nan, nan, nan, nan]

line 303 => train data수 35
line 258 => 인스턴스 수 5
=======test_loader=======
=======dev_loader=======
=======train_labeled_loader=======
=======finish=======
>>Epoch 40 Step 195 acc_test 0.313525 f1_test 0.217928 acc_val 0.182410 f1_val 0.174651 acc_train 1.000000 f1_train 1.000000 psl_cor 0 psl_totl 0 pslt_global 0.700000  Tim 0:17:06
acc_train_cw [1.0, 1.0, 1.0, 1.0, 1.0, 1.0, 1.0]
cw_psl_eval:  [0, 0, 0, 0, 0, 0, 0] [0, 0, 0, 0, 0, 0, 0]
psl_acc: None cw_psl_acc:  [nan, nan, nan, nan, nan, nan, nan]

line 303 => train data수 35
line 258 => 인스턴스 수 5
=======test_loader=======
=======dev_loader=======
=======train_labeled_loader=======
=======finish=======
>>Epoch 41 Step 200 acc_test 0.327869 f1_test 0.228545 acc_val 0.182410 f1_val 0.174613 acc_train 1.000000 f1_train 1.000000 psl_cor 0 psl_totl 0 pslt_global 0.700000  Tim 0:17:31
acc_train_cw [1.0, 1.0, 1.0, 1.0, 1.0, 1.0, 1.0]
cw_psl_eval:  [0, 0, 0, 0, 0, 0, 0] [0, 0, 0, 0, 0, 0, 0]
psl_acc: None cw_psl_acc:  [nan, nan, nan, nan, nan, nan, nan]

line 303 => train data수 35
line 258 => 인스턴스 수 5
=======test_loader=======
=======dev_loader=======
=======train_labeled_loader=======
=======finish=======
>>Epoch 42 Step 205 acc_test 0.313525 f1_test 0.211384 acc_val 0.182410 f1_val 0.176667 acc_train 1.000000 f1_train 1.000000 psl_cor 0 psl_totl 0 pslt_global 0.700000  Tim 0:17:57
acc_train_cw [1.0, 1.0, 1.0, 1.0, 1.0, 1.0, 1.0]
cw_psl_eval:  [0, 0, 0, 0, 0, 0, 0] [0, 0, 0, 0, 0, 0, 0]
psl_acc: None cw_psl_acc:  [nan, nan, nan, nan, nan, nan, nan]

line 303 => train data수 35
line 258 => 인스턴스 수 5
=======test_loader=======
=======dev_loader=======
=======train_labeled_loader=======
=======finish=======
>>Epoch 43 Step 210 acc_test 0.299180 f1_test 0.203301 acc_val 0.185668 f1_val 0.182237 acc_train 1.000000 f1_train 1.000000 psl_cor 0 psl_totl 0 pslt_global 0.700000  Tim 0:18:22
acc_train_cw [1.0, 1.0, 1.0, 1.0, 1.0, 1.0, 1.0]
cw_psl_eval:  [0, 0, 0, 0, 0, 0, 0] [0, 0, 0, 0, 0, 0, 0]
psl_acc: None cw_psl_acc:  [nan, nan, nan, nan, nan, nan, nan]

line 303 => train data수 35
line 258 => 인스턴스 수 5
=======test_loader=======
=======dev_loader=======
=======train_labeled_loader=======
=======finish=======
>>Epoch 44 Step 215 acc_test 0.307377 f1_test 0.213971 acc_val 0.175896 f1_val 0.170838 acc_train 1.000000 f1_train 1.000000 psl_cor 0 psl_totl 0 pslt_global 0.700000  Tim 0:18:47
acc_train_cw [1.0, 1.0, 1.0, 1.0, 1.0, 1.0, 1.0]
cw_psl_eval:  [0, 0, 0, 0, 0, 0, 0] [0, 0, 0, 0, 0, 0, 0]
psl_acc: None cw_psl_acc:  [nan, nan, nan, nan, nan, nan, nan]

line 303 => train data수 35
line 258 => 인스턴스 수 5
=======test_loader=======
=======dev_loader=======
=======train_labeled_loader=======
=======finish=======
>>Epoch 45 Step 220 acc_test 0.317623 f1_test 0.216707 acc_val 0.185668 f1_val 0.176744 acc_train 1.000000 f1_train 1.000000 psl_cor 0 psl_totl 0 pslt_global 0.700000  Tim 0:19:12
acc_train_cw [1.0, 1.0, 1.0, 1.0, 1.0, 1.0, 1.0]
cw_psl_eval:  [0, 0, 0, 0, 0, 0, 0] [0, 0, 0, 0, 0, 0, 0]
psl_acc: None cw_psl_acc:  [nan, nan, nan, nan, nan, nan, nan]

line 303 => train data수 35
line 258 => 인스턴스 수 5
=======test_loader=======
=======dev_loader=======
=======train_labeled_loader=======
=======finish=======
>>Epoch 46 Step 225 acc_test 0.317623 f1_test 0.215779 acc_val 0.188925 f1_val 0.178615 acc_train 1.000000 f1_train 1.000000 psl_cor 0 psl_totl 0 pslt_global 0.700000  Tim 0:19:38
acc_train_cw [1.0, 1.0, 1.0, 1.0, 1.0, 1.0, 1.0]
cw_psl_eval:  [0, 0, 0, 0, 0, 0, 0] [0, 0, 0, 0, 0, 0, 0]
psl_acc: None cw_psl_acc:  [nan, nan, nan, nan, nan, nan, nan]

line 303 => train data수 35
line 258 => 인스턴스 수 5
=======test_loader=======
=======dev_loader=======
=======train_labeled_loader=======
=======finish=======
>>Epoch 47 Step 230 acc_test 0.317623 f1_test 0.216295 acc_val 0.185668 f1_val 0.180056 acc_train 1.000000 f1_train 1.000000 psl_cor 0 psl_totl 0 pslt_global 0.700000  Tim 0:20:03
acc_train_cw [1.0, 1.0, 1.0, 1.0, 1.0, 1.0, 1.0]
cw_psl_eval:  [0, 0, 0, 0, 0, 0, 0] [0, 0, 0, 0, 0, 0, 0]
psl_acc: None cw_psl_acc:  [nan, nan, nan, nan, nan, nan, nan]

line 303 => train data수 35
line 258 => 인스턴스 수 5
=======test_loader=======
=======dev_loader=======
=======train_labeled_loader=======
=======finish=======
>>Epoch 48 Step 235 acc_test 0.319672 f1_test 0.222920 acc_val 0.179153 f1_val 0.171567 acc_train 1.000000 f1_train 1.000000 psl_cor 0 psl_totl 0 pslt_global 0.700000  Tim 0:20:28
acc_train_cw [1.0, 1.0, 1.0, 1.0, 1.0, 1.0, 1.0]
cw_psl_eval:  [0, 0, 0, 0, 0, 0, 0] [0, 0, 0, 0, 0, 0, 0]
psl_acc: None cw_psl_acc:  [nan, nan, nan, nan, nan, nan, nan]

line 303 => train data수 35
line 258 => 인스턴스 수 5
=======test_loader=======
=======dev_loader=======
=======train_labeled_loader=======
=======finish=======
>>Epoch 49 Step 240 acc_test 0.323770 f1_test 0.222148 acc_val 0.188925 f1_val 0.179996 acc_train 1.000000 f1_train 1.000000 psl_cor 0 psl_totl 0 pslt_global 0.700000  Tim 0:20:54
acc_train_cw [1.0, 1.0, 1.0, 1.0, 1.0, 1.0, 1.0]
cw_psl_eval:  [0, 0, 0, 0, 0, 0, 0] [0, 0, 0, 0, 0, 0, 0]
psl_acc: None cw_psl_acc:  [nan, nan, nan, nan, nan, nan, nan]
Early stopping trigger at step:  240
Best model at step:  140
**조기종료됨**
종료된 epoch시점 :  50 (epoch - 11에서부터 acc_val증가 안됨.)
조기종료 early_stop_flag 

Training complete!
Total training took 0:21:11 (h:mm:ss)
Load model from ./experiment/few_shot/output/5_codet5p-110m-embedding_1e-05_0.7_20_python_extended_data_net0.pth
Save training statistics in:  ./experiment/few_shot/log/20240402-072644/0/training_statistics.csv

Best_step:  140 
best_test_acc:  0.3176229508196721 
best_test_f1:  0.2325938903187282
Save best record in:  ./experiment/few_shot/log/20240402-072644/summary.csv
Save best record in:  ./experiment/few_shot/log/summary_avgrun.csv
