current work directory:  /home/imsuhan22/few-shot-tc/custom_ssl/code
Data set -> java_extended_data
save_name: 10_codet5p-110m-embedding_0.00025_0.7_java_extended_data

data_path:  ../data/problem_based_split/java_extended_data

There are 1 GPU(s) available.
We will use the GPU- 0 Quadro RTX 8000

**line 147 모델 =>  Salesforce/codet5p-110m-embedding
**tokenizer type =  Salesforce/codet5p-110m-embedding 

pesudo label class개수 기준 -> 5
n_labeled_per_class:  10
train_df samples: 3851
train_labeled_df samples: 70
train_unlabeled_df samples: 3781
n_classes:  7 


net_arch:  Salesforce/codet5p-110m-embedding 
lr:  0.00025 
lr_linear:  0.001 




line 303 => train data수 70
line 258 => 인스턴스 수 10
Step 0  Tim 0:00:19
acc_train_cw(현재 train의 class별 acc) [0.0, 0.3, 0.0, 0.0, 0.0, 0.4, 0.0]
cw_psl_total_eval(pseudo label 클래스별 총 샘플 수):  [0, 0, 0, 0, 0, 0, 0]
cw_psl_correct_eval(pseudo label 클래스별 맞은 샘플 수):  [0, 0, 0, 0, 0, 0, 0]
psl_acc(PSL 평가에서의 정확도): None 
cw_psl_acc(클래스별 PSL 평가에서의 정확도):  [nan, nan, nan, nan, nan, nan, nan]
***best_acc_model_save --- epoch = 1***
Save model to ./experiment/java_extended_data/output/
**pseudo_label ->  [0.1489, 0.1519, 0.1431, 0.1383, 0.1385, 0.1461, 0.1333] **
max =  0.1519 | max_idx =  1
**pseudo_label ->  [0.1448, 0.1487, 0.1476, 0.1384, 0.1322, 0.1539, 0.1345] **
max =  0.1539 | max_idx =  5
**pseudo_label ->  [0.1426, 0.1529, 0.1475, 0.1423, 0.136, 0.1462, 0.1326] **
max =  0.1529 | max_idx =  1
**pseudo_label ->  [0.1415, 0.1562, 0.144, 0.1359, 0.1385, 0.1513, 0.1327] **
max =  0.1562 | max_idx =  1
**pseudo_label ->  [0.1467, 0.1507, 0.1389, 0.1432, 0.1353, 0.1533, 0.1319] **
max =  0.1533 | max_idx =  5
Epoch 1/50, Train Loss: 1.9748, Valid Loss: 1.9197, Train Acc: 0.1000, Val Acc: 0.1184, Test Acc: 0.1924, Test F1: 0.0769, Total Pseudo-Labels: 0, Correct Pseudo-Labels: 0, Train Data Number: 70



line 303 => train data수 70
line 258 => 인스턴스 수 10
Step 10  Tim 0:02:02
acc_train_cw(현재 train의 class별 acc) [0.0, 0.0, 0.7, 0.6, 0.0, 0.0, 0.0]
cw_psl_total_eval(pseudo label 클래스별 총 샘플 수):  [0, 0, 0, 0, 0, 0, 0]
cw_psl_correct_eval(pseudo label 클래스별 맞은 샘플 수):  [0, 0, 0, 0, 0, 0, 0]
psl_acc(PSL 평가에서의 정확도): None 
cw_psl_acc(클래스별 PSL 평가에서의 정확도):  [nan, nan, nan, nan, nan, nan, nan]
***best_acc_model_save --- epoch = 2***
Save model to ./experiment/java_extended_data/output/
**pseudo_label ->  [0.1482, 0.1428, 0.1521, 0.1475, 0.1433, 0.1252, 0.141] **
max =  0.1521 | max_idx =  2
**pseudo_label ->  [0.1452, 0.1426, 0.151, 0.1507, 0.1448, 0.1262, 0.1396] **
max =  0.151 | max_idx =  2
**pseudo_label ->  [0.147, 0.1431, 0.15, 0.149, 0.1446, 0.1263, 0.1401] **
max =  0.15 | max_idx =  2
**pseudo_label ->  [0.148, 0.1448, 0.1474, 0.1476, 0.1449, 0.1253, 0.142] **
max =  0.148 | max_idx =  0
**pseudo_label ->  [0.1468, 0.1439, 0.1493, 0.1502, 0.1424, 0.124, 0.1433] **
max =  0.1502 | max_idx =  3
Epoch 2/50, Train Loss: 1.9516, Valid Loss: 1.9310, Train Acc: 0.1857, Val Acc: 0.1810, Test Acc: 0.1051, Test F1: 0.0421, Total Pseudo-Labels: 0, Correct Pseudo-Labels: 0, Train Data Number: 70



line 303 => train data수 70
line 258 => 인스턴스 수 10
Step 20  Tim 0:03:55
acc_train_cw(현재 train의 class별 acc) [0.0, 0.0, 0.0, 1.0, 0.0, 0.0, 0.0]
cw_psl_total_eval(pseudo label 클래스별 총 샘플 수):  [0, 0, 0, 0, 0, 0, 0]
cw_psl_correct_eval(pseudo label 클래스별 맞은 샘플 수):  [0, 0, 0, 0, 0, 0, 0]
psl_acc(PSL 평가에서의 정확도): None 
cw_psl_acc(클래스별 PSL 평가에서의 정확도):  [nan, nan, nan, nan, nan, nan, nan]
***best_acc_model_save --- epoch = 3***
Save model to ./experiment/java_extended_data/output/
**pseudo_label ->  [0.1446, 0.147, 0.138, 0.1486, 0.1463, 0.1386, 0.1369] **
max =  0.1486 | max_idx =  3
**pseudo_label ->  [0.1444, 0.1466, 0.1378, 0.1508, 0.1461, 0.1394, 0.135] **
max =  0.1508 | max_idx =  3
**pseudo_label ->  [0.145, 0.1454, 0.1366, 0.1516, 0.1463, 0.1377, 0.1374] **
max =  0.1516 | max_idx =  3
**pseudo_label ->  [0.1446, 0.1435, 0.1365, 0.1521, 0.1478, 0.1395, 0.1359] **
max =  0.1521 | max_idx =  3
**pseudo_label ->  [0.1432, 0.146, 0.1362, 0.1501, 0.1471, 0.1398, 0.1377] **
max =  0.1501 | max_idx =  3
Epoch 3/50, Train Loss: 1.9333, Valid Loss: 1.9479, Train Acc: 0.1429, Val Acc: 0.2064, Test Acc: 0.0425, Test F1: 0.0116, Total Pseudo-Labels: 0, Correct Pseudo-Labels: 0, Train Data Number: 70



line 303 => train data수 70
line 258 => 인스턴스 수 10
Step 30  Tim 0:05:48
acc_train_cw(현재 train의 class별 acc) [0.0, 0.7, 0.0, 0.9, 0.0, 0.1, 0.0]
cw_psl_total_eval(pseudo label 클래스별 총 샘플 수):  [0, 0, 0, 0, 0, 0, 0]
cw_psl_correct_eval(pseudo label 클래스별 맞은 샘플 수):  [0, 0, 0, 0, 0, 0, 0]
psl_acc(PSL 평가에서의 정확도): None 
cw_psl_acc(클래스별 PSL 평가에서의 정확도):  [nan, nan, nan, nan, nan, nan, nan]
***best_acc_model_save --- epoch = 4***
Save model to ./experiment/java_extended_data/output/
**pseudo_label ->  [0.1371, 0.1618, 0.1332, 0.1631, 0.1305, 0.1589, 0.1156] **
max =  0.1631 | max_idx =  3
**pseudo_label ->  [0.1369, 0.1545, 0.1356, 0.1652, 0.1308, 0.1607, 0.1163] **
max =  0.1652 | max_idx =  3
**pseudo_label ->  [0.1347, 0.1596, 0.1333, 0.1652, 0.1297, 0.1582, 0.1192] **
max =  0.1652 | max_idx =  3
**pseudo_label ->  [0.1368, 0.1528, 0.1319, 0.165, 0.1338, 0.1609, 0.1189] **
max =  0.165 | max_idx =  3
**pseudo_label ->  [0.1344, 0.1605, 0.1305, 0.1628, 0.1297, 0.1609, 0.1212] **
max =  0.1628 | max_idx =  3
Epoch 4/50, Train Loss: 1.9302, Valid Loss: 1.9277, Train Acc: 0.2429, Val Acc: 0.2217, Test Acc: 0.0582, Test F1: 0.0347, Total Pseudo-Labels: 0, Correct Pseudo-Labels: 0, Train Data Number: 70



line 303 => train data수 70
line 258 => 인스턴스 수 10
Step 40  Tim 0:07:41
acc_train_cw(현재 train의 class별 acc) [0.8, 0.6, 0.6, 0.3, 0.6, 0.1, 0.9]
cw_psl_total_eval(pseudo label 클래스별 총 샘플 수):  [0, 0, 0, 0, 0, 0, 0]
cw_psl_correct_eval(pseudo label 클래스별 맞은 샘플 수):  [0, 0, 0, 0, 0, 0, 0]
psl_acc(PSL 평가에서의 정확도): None 
cw_psl_acc(클래스별 PSL 평가에서의 정확도):  [nan, nan, nan, nan, nan, nan, nan]
**pseudo_label ->  [0.1462, 0.1779, 0.1601, 0.1422, 0.1278, 0.1385, 0.1072] **
max =  0.1779 | max_idx =  1
**pseudo_label ->  [0.1623, 0.1321, 0.1693, 0.1597, 0.138, 0.1357, 0.103] **
max =  0.1693 | max_idx =  2
**pseudo_label ->  [0.1308, 0.1882, 0.1605, 0.142, 0.1257, 0.1323, 0.1204] **
max =  0.1882 | max_idx =  1
**pseudo_label ->  [0.1333, 0.161, 0.1507, 0.145, 0.1503, 0.1532, 0.1065] **
max =  0.161 | max_idx =  1
**pseudo_label ->  [0.162, 0.1512, 0.1581, 0.1458, 0.1296, 0.1496, 0.1036] **
max =  0.162 | max_idx =  0
Epoch 5/50, Train Loss: 1.8065, Valid Loss: 1.9008, Train Acc: 0.5571, Val Acc: 0.1269, Test Acc: 0.1141, Test F1: 0.1132, Total Pseudo-Labels: 0, Correct Pseudo-Labels: 0, Train Data Number: 70



line 303 => train data수 70
line 258 => 인스턴스 수 10
Step 50  Tim 0:09:23
acc_train_cw(현재 train의 class별 acc) [0.7, 0.9, 0.8, 0.3, 0.8, 0.3, 0.5]
cw_psl_total_eval(pseudo label 클래스별 총 샘플 수):  [0, 0, 0, 0, 0, 0, 0]
cw_psl_correct_eval(pseudo label 클래스별 맞은 샘플 수):  [0, 0, 0, 0, 0, 0, 0]
psl_acc(PSL 평가에서의 정확도): None 
cw_psl_acc(클래스별 PSL 평가에서의 정확도):  [nan, nan, nan, nan, nan, nan, nan]
**pseudo_label ->  [0.1195, 0.1966, 0.1206, 0.1343, 0.1219, 0.1591, 0.148] **
max =  0.1966 | max_idx =  1
**pseudo_label ->  [0.1615, 0.1459, 0.1563, 0.1387, 0.1624, 0.1351, 0.1] **
max =  0.1624 | max_idx =  4
**pseudo_label ->  [0.1174, 0.2024, 0.1277, 0.1353, 0.1302, 0.1536, 0.1334] **
max =  0.2024 | max_idx =  1
**pseudo_label ->  [0.1177, 0.1671, 0.1325, 0.1294, 0.1524, 0.1605, 0.1406] **
max =  0.1671 | max_idx =  1
**pseudo_label ->  [0.125, 0.1081, 0.1586, 0.1377, 0.161, 0.1715, 0.1381] **
max =  0.1715 | max_idx =  5
Epoch 6/50, Train Loss: 1.7320, Valid Loss: 1.9428, Train Acc: 0.6143, Val Acc: 0.2166, Test Acc: 0.4318, Test F1: 0.2557, Total Pseudo-Labels: 0, Correct Pseudo-Labels: 0, Train Data Number: 70



line 303 => train data수 70
line 258 => 인스턴스 수 10
Step 60  Tim 0:11:04
acc_train_cw(현재 train의 class별 acc) [0.8, 1.0, 0.8, 0.7, 0.6, 0.4, 1.0]
cw_psl_total_eval(pseudo label 클래스별 총 샘플 수):  [0, 0, 0, 0, 0, 0, 0]
cw_psl_correct_eval(pseudo label 클래스별 맞은 샘플 수):  [0, 0, 0, 0, 0, 0, 0]
psl_acc(PSL 평가에서의 정확도): None 
cw_psl_acc(클래스별 PSL 평가에서의 정확도):  [nan, nan, nan, nan, nan, nan, nan]
**pseudo_label ->  [0.1516, 0.2206, 0.1401, 0.1231, 0.1129, 0.1397, 0.112] **
max =  0.2206 | max_idx =  1
**pseudo_label ->  [0.1917, 0.1521, 0.1647, 0.1493, 0.1131, 0.1288, 0.1003] **
max =  0.1917 | max_idx =  0
**pseudo_label ->  [0.1398, 0.224, 0.1414, 0.1379, 0.1115, 0.1296, 0.1159] **
max =  0.224 | max_idx =  1
**pseudo_label ->  [0.1367, 0.1646, 0.1296, 0.1987, 0.1153, 0.1233, 0.1317] **
max =  0.1987 | max_idx =  3
**pseudo_label ->  [0.1034, 0.1558, 0.1382, 0.1272, 0.1168, 0.1576, 0.2009] **
max =  0.2009 | max_idx =  6
Epoch 7/50, Train Loss: 1.6416, Valid Loss: 1.8906, Train Acc: 0.7571, Val Acc: 0.2200, Test Acc: 0.0828, Test F1: 0.1119, Total Pseudo-Labels: 0, Correct Pseudo-Labels: 0, Train Data Number: 70



line 303 => train data수 70
line 258 => 인스턴스 수 10
Step 70  Tim 0:12:45
acc_train_cw(현재 train의 class별 acc) [1.0, 0.9, 0.9, 0.9, 0.8, 0.4, 1.0]
cw_psl_total_eval(pseudo label 클래스별 총 샘플 수):  [0, 0, 0, 0, 0, 0, 0]
cw_psl_correct_eval(pseudo label 클래스별 맞은 샘플 수):  [0, 0, 0, 0, 0, 0, 0]
psl_acc(PSL 평가에서의 정확도): None 
cw_psl_acc(클래스별 PSL 평가에서의 정확도):  [nan, nan, nan, nan, nan, nan, nan]
***best_acc_model_save --- epoch = 8***
Save model to ./experiment/java_extended_data/output/
**pseudo_label ->  [0.1278, 0.2452, 0.1222, 0.1369, 0.119, 0.1242, 0.1246] **
max =  0.2452 | max_idx =  1
**pseudo_label ->  [0.1716, 0.181, 0.1667, 0.1328, 0.122, 0.1271, 0.0988] **
max =  0.181 | max_idx =  1
**pseudo_label ->  [0.1228, 0.2259, 0.1252, 0.1606, 0.1302, 0.115, 0.1203] **
max =  0.2259 | max_idx =  1
**pseudo_label ->  [0.123, 0.1382, 0.1127, 0.2279, 0.1289, 0.1213, 0.1479] **
max =  0.2279 | max_idx =  3
**pseudo_label ->  [0.1019, 0.1212, 0.1344, 0.1287, 0.1267, 0.1828, 0.2044] **
max =  0.2044 | max_idx =  6
Epoch 8/50, Train Loss: 1.5652, Valid Loss: 1.7957, Train Acc: 0.8429, Val Acc: 0.2995, Test Acc: 0.1298, Test F1: 0.1664, Total Pseudo-Labels: 0, Correct Pseudo-Labels: 0, Train Data Number: 70



line 303 => train data수 70
line 258 => 인스턴스 수 10
Step 80  Tim 0:14:37
acc_train_cw(현재 train의 class별 acc) [1.0, 1.0, 0.8, 1.0, 0.8, 0.9, 0.8]
cw_psl_total_eval(pseudo label 클래스별 총 샘플 수):  [0, 0, 0, 0, 0, 0, 0]
cw_psl_correct_eval(pseudo label 클래스별 맞은 샘플 수):  [0, 0, 0, 0, 0, 0, 0]
psl_acc(PSL 평가에서의 정확도): None 
cw_psl_acc(클래스별 PSL 평가에서의 정확도):  [nan, nan, nan, nan, nan, nan, nan]
***best_acc_model_save --- epoch = 9***
Save model to ./experiment/java_extended_data/output/
**pseudo_label ->  [0.1451, 0.2501, 0.1361, 0.1202, 0.1199, 0.1225, 0.1062] **
max =  0.2501 | max_idx =  1
**pseudo_label ->  [0.171, 0.1626, 0.203, 0.1081, 0.1156, 0.1395, 0.1002] **
max =  0.203 | max_idx =  2
**pseudo_label ->  [0.1369, 0.2486, 0.1391, 0.1295, 0.1276, 0.1144, 0.1039] **
max =  0.2486 | max_idx =  1
**pseudo_label ->  [0.1253, 0.1509, 0.1273, 0.2378, 0.1252, 0.1174, 0.1161] **
max =  0.2378 | max_idx =  3
**pseudo_label ->  [0.1023, 0.1311, 0.1433, 0.1158, 0.1201, 0.2064, 0.1809] **
max =  0.2064 | max_idx =  5
Epoch 9/50, Train Loss: 1.4944, Valid Loss: 1.8498, Train Acc: 0.9000, Val Acc: 0.3807, Test Acc: 0.2148, Test F1: 0.2174, Total Pseudo-Labels: 0, Correct Pseudo-Labels: 0, Train Data Number: 70



line 303 => train data수 70
line 258 => 인스턴스 수 10
Step 90  Tim 0:16:31
acc_train_cw(현재 train의 class별 acc) [1.0, 1.0, 0.9, 1.0, 0.8, 0.9, 1.0]
cw_psl_total_eval(pseudo label 클래스별 총 샘플 수):  [0, 0, 0, 0, 0, 0, 0]
cw_psl_correct_eval(pseudo label 클래스별 맞은 샘플 수):  [0, 0, 0, 0, 0, 0, 0]
psl_acc(PSL 평가에서의 정확도): None 
cw_psl_acc(클래스별 PSL 평가에서의 정확도):  [nan, nan, nan, nan, nan, nan, nan]
**pseudo_label ->  [0.1175, 0.2606, 0.1429, 0.1188, 0.1225, 0.122, 0.1157] **
max =  0.2606 | max_idx =  1
**pseudo_label ->  [0.148, 0.1247, 0.2386, 0.1238, 0.121, 0.1361, 0.1078] **
max =  0.2386 | max_idx =  2
**pseudo_label ->  [0.1173, 0.2566, 0.1346, 0.1375, 0.1269, 0.1116, 0.1157] **
max =  0.2566 | max_idx =  1
**pseudo_label ->  [0.1164, 0.1227, 0.1243, 0.25, 0.1369, 0.1227, 0.127] **
max =  0.25 | max_idx =  3
**pseudo_label ->  [0.0991, 0.1213, 0.1205, 0.1255, 0.1285, 0.1934, 0.2116] **
max =  0.2116 | max_idx =  6
Epoch 10/50, Train Loss: 1.4333, Valid Loss: 1.8591, Train Acc: 0.9429, Val Acc: 0.2792, Test Acc: 0.1365, Test F1: 0.1491, Total Pseudo-Labels: 0, Correct Pseudo-Labels: 0, Train Data Number: 70



line 303 => train data수 70
line 258 => 인스턴스 수 10
Step 100  Tim 0:18:12
acc_train_cw(현재 train의 class별 acc) [1.0, 1.0, 0.9, 1.0, 0.8, 0.8, 1.0]
cw_psl_total_eval(pseudo label 클래스별 총 샘플 수):  [0, 0, 0, 0, 0, 0, 0]
cw_psl_correct_eval(pseudo label 클래스별 맞은 샘플 수):  [0, 0, 0, 0, 0, 0, 0]
psl_acc(PSL 평가에서의 정확도): None 
cw_psl_acc(클래스별 PSL 평가에서의 정확도):  [nan, nan, nan, nan, nan, nan, nan]
**pseudo_label ->  [0.1266, 0.2698, 0.1209, 0.1302, 0.1163, 0.1187, 0.1175] **
max =  0.2698 | max_idx =  1
**pseudo_label ->  [0.1833, 0.1342, 0.2206, 0.1157, 0.1194, 0.1267, 0.1001] **
max =  0.2206 | max_idx =  2
**pseudo_label ->  [0.1205, 0.1921, 0.1147, 0.2233, 0.1256, 0.108, 0.116] **
max =  0.2233 | max_idx =  3
**pseudo_label ->  [0.118, 0.127, 0.1174, 0.2613, 0.127, 0.1196, 0.1297] **
max =  0.2613 | max_idx =  3
**pseudo_label ->  [0.1152, 0.1282, 0.1256, 0.1035, 0.1204, 0.1957, 0.2115] **
max =  0.2115 | max_idx =  6
Epoch 11/50, Train Loss: 1.4122, Valid Loss: 1.8816, Train Acc: 0.9286, Val Acc: 0.2758, Test Acc: 0.1409, Test F1: 0.1544, Total Pseudo-Labels: 0, Correct Pseudo-Labels: 0, Train Data Number: 70



line 303 => train data수 70
line 258 => 인스턴스 수 10
Step 110  Tim 0:19:53
acc_train_cw(현재 train의 class별 acc) [1.0, 1.0, 1.0, 1.0, 0.9, 0.9, 1.0]
cw_psl_total_eval(pseudo label 클래스별 총 샘플 수):  [0, 0, 0, 0, 0, 0, 0]
cw_psl_correct_eval(pseudo label 클래스별 맞은 샘플 수):  [0, 0, 0, 0, 0, 0, 0]
psl_acc(PSL 평가에서의 정확도): None 
cw_psl_acc(클래스별 PSL 평가에서의 정확도):  [nan, nan, nan, nan, nan, nan, nan]
**pseudo_label ->  [0.1291, 0.2643, 0.1504, 0.1186, 0.1095, 0.1275, 0.1005] **
max =  0.2643 | max_idx =  1
**pseudo_label ->  [0.1771, 0.1414, 0.2304, 0.1199, 0.1153, 0.1118, 0.104] **
max =  0.2304 | max_idx =  2
**pseudo_label ->  [0.1812, 0.1939, 0.1338, 0.1673, 0.1342, 0.0864, 0.1032] **
max =  0.1939 | max_idx =  1
**pseudo_label ->  [0.1417, 0.1252, 0.1173, 0.2647, 0.1266, 0.1115, 0.113] **
max =  0.2647 | max_idx =  3
**pseudo_label ->  [0.1119, 0.1261, 0.1292, 0.106, 0.1178, 0.2301, 0.1789] **
max =  0.2301 | max_idx =  5
Epoch 12/50, Train Loss: 1.4028, Valid Loss: 1.9063, Train Acc: 0.9714, Val Acc: 0.2572, Test Acc: 0.1655, Test F1: 0.1624, Total Pseudo-Labels: 0, Correct Pseudo-Labels: 0, Train Data Number: 70



line 303 => train data수 70
line 258 => 인스턴스 수 10
Step 120  Tim 0:21:34
acc_train_cw(현재 train의 class별 acc) [1.0, 1.0, 1.0, 1.0, 0.8, 1.0, 1.0]
cw_psl_total_eval(pseudo label 클래스별 총 샘플 수):  [0, 0, 0, 0, 0, 0, 0]
cw_psl_correct_eval(pseudo label 클래스별 맞은 샘플 수):  [0, 0, 0, 0, 0, 0, 0]
psl_acc(PSL 평가에서의 정확도): None 
cw_psl_acc(클래스별 PSL 평가에서의 정확도):  [nan, nan, nan, nan, nan, nan, nan]
**pseudo_label ->  [0.1121, 0.2631, 0.1442, 0.1379, 0.1019, 0.1345, 0.1063] **
max =  0.2631 | max_idx =  1
**pseudo_label ->  [0.1385, 0.1506, 0.2485, 0.1141, 0.1047, 0.1438, 0.0998] **
max =  0.2485 | max_idx =  2
**pseudo_label ->  [0.1304, 0.2734, 0.1434, 0.1341, 0.1047, 0.1115, 0.1025] **
max =  0.2734 | max_idx =  1
**pseudo_label ->  [0.1165, 0.1276, 0.1307, 0.2703, 0.113, 0.1284, 0.1134] **
max =  0.2703 | max_idx =  3
**pseudo_label ->  [0.1062, 0.1135, 0.1288, 0.1288, 0.1207, 0.2554, 0.1465] **
max =  0.2554 | max_idx =  5
Epoch 13/50, Train Loss: 1.3588, Valid Loss: 1.8631, Train Acc: 0.9714, Val Acc: 0.2217, Test Acc: 0.2707, Test F1: 0.2197, Total Pseudo-Labels: 0, Correct Pseudo-Labels: 0, Train Data Number: 70



line 303 => train data수 70
line 258 => 인스턴스 수 10
Step 130  Tim 0:23:14
acc_train_cw(현재 train의 class별 acc) [1.0, 1.0, 1.0, 1.0, 0.9, 1.0, 1.0]
cw_psl_total_eval(pseudo label 클래스별 총 샘플 수):  [0, 0, 0, 0, 0, 0, 0]
cw_psl_correct_eval(pseudo label 클래스별 맞은 샘플 수):  [0, 0, 0, 0, 0, 0, 0]
psl_acc(PSL 평가에서의 정확도): None 
cw_psl_acc(클래스별 PSL 평가에서의 정확도):  [nan, nan, nan, nan, nan, nan, nan]
**pseudo_label ->  [0.1332, 0.2844, 0.1199, 0.1328, 0.1057, 0.1118, 0.1122] **
max =  0.2844 | max_idx =  1
**pseudo_label ->  [0.1525, 0.1482, 0.2503, 0.1067, 0.132, 0.1144, 0.0958] **
max =  0.2503 | max_idx =  2
**pseudo_label ->  [0.1417, 0.2813, 0.1265, 0.1314, 0.1106, 0.1045, 0.104] **
max =  0.2813 | max_idx =  1
**pseudo_label ->  [0.1188, 0.1205, 0.1082, 0.2812, 0.1253, 0.1193, 0.1268] **
max =  0.2812 | max_idx =  3
**pseudo_label ->  [0.113, 0.119, 0.1146, 0.1062, 0.133, 0.2415, 0.1728] **
max =  0.2415 | max_idx =  5
Epoch 14/50, Train Loss: 1.3126, Valid Loss: 1.8891, Train Acc: 0.9857, Val Acc: 0.2521, Test Acc: 0.2550, Test F1: 0.2144, Total Pseudo-Labels: 0, Correct Pseudo-Labels: 0, Train Data Number: 70



line 303 => train data수 70
line 258 => 인스턴스 수 10
Step 140  Tim 0:24:55
acc_train_cw(현재 train의 class별 acc) [1.0, 1.0, 1.0, 1.0, 0.9, 1.0, 1.0]
cw_psl_total_eval(pseudo label 클래스별 총 샘플 수):  [0, 0, 0, 0, 0, 0, 0]
cw_psl_correct_eval(pseudo label 클래스별 맞은 샘플 수):  [0, 0, 0, 0, 0, 0, 0]
psl_acc(PSL 평가에서의 정확도): None 
cw_psl_acc(클래스별 PSL 평가에서의 정확도):  [nan, nan, nan, nan, nan, nan, nan]
**pseudo_label ->  [0.1202, 0.2934, 0.1236, 0.1215, 0.1055, 0.1222, 0.1136] **
max =  0.2934 | max_idx =  1
**pseudo_label ->  [0.2333, 0.1414, 0.1902, 0.1085, 0.1019, 0.1263, 0.0983] **
max =  0.2333 | max_idx =  0
**pseudo_label ->  [0.1234, 0.2905, 0.1249, 0.1298, 0.1015, 0.1186, 0.1113] **
max =  0.2905 | max_idx =  1
**pseudo_label ->  [0.1188, 0.1268, 0.1164, 0.29, 0.113, 0.1159, 0.1192] **
max =  0.29 | max_idx =  3
**pseudo_label ->  [0.1112, 0.1197, 0.1229, 0.1181, 0.1101, 0.2672, 0.1508] **
max =  0.2672 | max_idx =  5
Epoch 15/50, Train Loss: 1.2826, Valid Loss: 1.8885, Train Acc: 0.9857, Val Acc: 0.2538, Test Acc: 0.3020, Test F1: 0.2217, Total Pseudo-Labels: 0, Correct Pseudo-Labels: 0, Train Data Number: 70



line 303 => train data수 70
line 258 => 인스턴스 수 10
Step 150  Tim 0:26:35
acc_train_cw(현재 train의 class별 acc) [1.0, 1.0, 1.0, 1.0, 0.9, 1.0, 1.0]
cw_psl_total_eval(pseudo label 클래스별 총 샘플 수):  [0, 0, 0, 0, 0, 0, 0]
cw_psl_correct_eval(pseudo label 클래스별 맞은 샘플 수):  [0, 0, 0, 0, 0, 0, 0]
psl_acc(PSL 평가에서의 정확도): None 
cw_psl_acc(클래스별 PSL 평가에서의 정확도):  [nan, nan, nan, nan, nan, nan, nan]
**pseudo_label ->  [0.1218, 0.3015, 0.1219, 0.1186, 0.1221, 0.1121, 0.102] **
max =  0.3015 | max_idx =  1
**pseudo_label ->  [0.2483, 0.1304, 0.1863, 0.1118, 0.1084, 0.1237, 0.0912] **
max =  0.2483 | max_idx =  0
**pseudo_label ->  [0.1459, 0.2776, 0.1566, 0.1085, 0.1175, 0.1027, 0.0914] **
max =  0.2776 | max_idx =  1
**pseudo_label ->  [0.1177, 0.1249, 0.1119, 0.296, 0.1158, 0.1158, 0.1178] **
max =  0.296 | max_idx =  3
**pseudo_label ->  [0.1082, 0.1086, 0.1313, 0.123, 0.1117, 0.2777, 0.1395] **
max =  0.2777 | max_idx =  5
Epoch 16/50, Train Loss: 1.2516, Valid Loss: 1.8786, Train Acc: 0.9857, Val Acc: 0.2521, Test Acc: 0.2729, Test F1: 0.2172, Total Pseudo-Labels: 0, Correct Pseudo-Labels: 0, Train Data Number: 70



line 303 => train data수 70
line 258 => 인스턴스 수 10
Step 160  Tim 0:28:16
acc_train_cw(현재 train의 class별 acc) [1.0, 1.0, 1.0, 1.0, 0.9, 1.0, 1.0]
cw_psl_total_eval(pseudo label 클래스별 총 샘플 수):  [0, 0, 0, 0, 0, 0, 0]
cw_psl_correct_eval(pseudo label 클래스별 맞은 샘플 수):  [0, 0, 0, 0, 0, 0, 0]
psl_acc(PSL 평가에서의 정확도): None 
cw_psl_acc(클래스별 PSL 평가에서의 정확도):  [nan, nan, nan, nan, nan, nan, nan]
**pseudo_label ->  [0.1227, 0.3097, 0.1213, 0.1189, 0.1143, 0.1115, 0.1016] **
max =  0.3097 | max_idx =  1
**pseudo_label ->  [0.2311, 0.1293, 0.2115, 0.105, 0.1221, 0.1124, 0.0886] **
max =  0.2311 | max_idx =  0
**pseudo_label ->  [0.1271, 0.3079, 0.1211, 0.1222, 0.1172, 0.1058, 0.0986] **
max =  0.3079 | max_idx =  1
**pseudo_label ->  [0.1147, 0.1175, 0.1125, 0.3027, 0.1135, 0.1203, 0.1187] **
max =  0.3027 | max_idx =  3
**pseudo_label ->  [0.1094, 0.1139, 0.133, 0.1144, 0.118, 0.2849, 0.1265] **
max =  0.2849 | max_idx =  5
Epoch 17/50, Train Loss: 1.2266, Valid Loss: 1.8846, Train Acc: 0.9857, Val Acc: 0.2555, Test Acc: 0.2931, Test F1: 0.2323, Total Pseudo-Labels: 0, Correct Pseudo-Labels: 0, Train Data Number: 70



line 303 => train data수 70
line 258 => 인스턴스 수 10
Step 170  Tim 0:29:56
acc_train_cw(현재 train의 class별 acc) [1.0, 1.0, 1.0, 1.0, 0.9, 1.0, 1.0]
cw_psl_total_eval(pseudo label 클래스별 총 샘플 수):  [0, 0, 0, 0, 0, 0, 0]
cw_psl_correct_eval(pseudo label 클래스별 맞은 샘플 수):  [0, 0, 0, 0, 0, 0, 0]
psl_acc(PSL 평가에서의 정확도): None 
cw_psl_acc(클래스별 PSL 평가에서의 정확도):  [nan, nan, nan, nan, nan, nan, nan]
**pseudo_label ->  [0.12, 0.3181, 0.1217, 0.1141, 0.1117, 0.1053, 0.109] **
max =  0.3181 | max_idx =  1
**pseudo_label ->  [0.1358, 0.1549, 0.2804, 0.0994, 0.1138, 0.1241, 0.0917] **
max =  0.2804 | max_idx =  2
**pseudo_label ->  [0.1279, 0.3177, 0.1213, 0.1147, 0.1094, 0.1042, 0.1048] **
max =  0.3177 | max_idx =  1
**pseudo_label ->  [0.1134, 0.1212, 0.1104, 0.3088, 0.1113, 0.1164, 0.1184] **
max =  0.3088 | max_idx =  3
**pseudo_label ->  [0.1073, 0.115, 0.1295, 0.1142, 0.1117, 0.2923, 0.13] **
max =  0.2923 | max_idx =  5
Epoch 18/50, Train Loss: 1.2043, Valid Loss: 1.8766, Train Acc: 0.9857, Val Acc: 0.2572, Test Acc: 0.2796, Test F1: 0.2199, Total Pseudo-Labels: 0, Correct Pseudo-Labels: 0, Train Data Number: 70



line 303 => train data수 70
line 258 => 인스턴스 수 10
Step 180  Tim 0:31:36
acc_train_cw(현재 train의 class별 acc) [1.0, 1.0, 1.0, 1.0, 0.9, 1.0, 1.0]
cw_psl_total_eval(pseudo label 클래스별 총 샘플 수):  [0, 0, 0, 0, 0, 0, 0]
cw_psl_correct_eval(pseudo label 클래스별 맞은 샘플 수):  [0, 0, 0, 0, 0, 0, 0]
psl_acc(PSL 평가에서의 정확도): None 
cw_psl_acc(클래스별 PSL 평가에서의 정확도):  [nan, nan, nan, nan, nan, nan, nan]
**pseudo_label ->  [0.1195, 0.3244, 0.1188, 0.1138, 0.1096, 0.1091, 0.1048] **
max =  0.3244 | max_idx =  1
**pseudo_label ->  [0.1414, 0.142, 0.2904, 0.1043, 0.1044, 0.1257, 0.0919] **
max =  0.2904 | max_idx =  2
**pseudo_label ->  [0.1215, 0.3228, 0.121, 0.1242, 0.1065, 0.1042, 0.0999] **
max =  0.3228 | max_idx =  1
**pseudo_label ->  [0.1114, 0.1198, 0.1085, 0.3165, 0.109, 0.1158, 0.1191] **
max =  0.3165 | max_idx =  3
**pseudo_label ->  [0.1056, 0.1085, 0.1327, 0.1147, 0.11, 0.2988, 0.1297] **
max =  0.2988 | max_idx =  5
Epoch 19/50, Train Loss: 1.1930, Valid Loss: 1.8892, Train Acc: 0.9857, Val Acc: 0.2606, Test Acc: 0.2908, Test F1: 0.2248, Total Pseudo-Labels: 0, Correct Pseudo-Labels: 0, Train Data Number: 70



line 303 => train data수 70
line 258 => 인스턴스 수 10
Step 190  Tim 0:33:17
acc_train_cw(현재 train의 class별 acc) [1.0, 1.0, 1.0, 1.0, 0.9, 0.6, 1.0]
cw_psl_total_eval(pseudo label 클래스별 총 샘플 수):  [0, 0, 0, 0, 0, 0, 0]
cw_psl_correct_eval(pseudo label 클래스별 맞은 샘플 수):  [0, 0, 0, 0, 0, 0, 0]
psl_acc(PSL 평가에서의 정확도): None 
cw_psl_acc(클래스별 PSL 평가에서의 정확도):  [nan, nan, nan, nan, nan, nan, nan]
**pseudo_label ->  [0.1186, 0.3312, 0.1157, 0.1153, 0.1115, 0.1062, 0.1014] **
max =  0.3312 | max_idx =  1
**pseudo_label ->  [0.1394, 0.1519, 0.2918, 0.0994, 0.1148, 0.1164, 0.0863] **
max =  0.2918 | max_idx =  2
**pseudo_label ->  [0.1198, 0.3306, 0.1162, 0.1194, 0.1107, 0.1018, 0.1015] **
max =  0.3306 | max_idx =  1
**pseudo_label ->  [0.108, 0.1148, 0.1087, 0.3234, 0.111, 0.1129, 0.1213] **
max =  0.3234 | max_idx =  3
**pseudo_label ->  [0.0932, 0.1089, 0.1174, 0.1005, 0.1336, 0.1515, 0.2949] **
max =  0.2949 | max_idx =  6
Epoch 20/50, Train Loss: 1.1968, Valid Loss: 1.8906, Train Acc: 0.9286, Val Acc: 0.2555, Test Acc: 0.1298, Test F1: 0.1267, Total Pseudo-Labels: 0, Correct Pseudo-Labels: 0, Train Data Number: 70



line 303 => train data수 70
line 258 => 인스턴스 수 10
Step 200  Tim 0:34:58
acc_train_cw(현재 train의 class별 acc) [1.0, 1.0, 1.0, 1.0, 0.9, 0.9, 1.0]
cw_psl_total_eval(pseudo label 클래스별 총 샘플 수):  [0, 0, 0, 0, 0, 0, 0]
cw_psl_correct_eval(pseudo label 클래스별 맞은 샘플 수):  [0, 0, 0, 0, 0, 0, 0]
psl_acc(PSL 평가에서의 정확도): None 
cw_psl_acc(클래스별 PSL 평가에서의 정확도):  [nan, nan, nan, nan, nan, nan, nan]
**pseudo_label ->  [0.1168, 0.3385, 0.1201, 0.1096, 0.1098, 0.1056, 0.0996] **
max =  0.3385 | max_idx =  1
**pseudo_label ->  [0.2285, 0.1236, 0.2375, 0.1008, 0.099, 0.1266, 0.0839] **
max =  0.2375 | max_idx =  2
**pseudo_label ->  [0.1208, 0.3353, 0.1246, 0.1154, 0.1079, 0.1028, 0.0932] **
max =  0.3353 | max_idx =  1
**pseudo_label ->  [0.1084, 0.1104, 0.1086, 0.3296, 0.1125, 0.1175, 0.113] **
max =  0.3296 | max_idx =  3
**pseudo_label ->  [0.0964, 0.1037, 0.138, 0.103, 0.1173, 0.305, 0.1365] **
max =  0.305 | max_idx =  5
Epoch 21/50, Train Loss: 1.1469, Valid Loss: 1.8793, Train Acc: 0.9714, Val Acc: 0.2690, Test Acc: 0.1946, Test F1: 0.1746, Total Pseudo-Labels: 0, Correct Pseudo-Labels: 0, Train Data Number: 70



line 303 => train data수 70
line 258 => 인스턴스 수 10
Step 210  Tim 0:36:38
acc_train_cw(현재 train의 class별 acc) [1.0, 1.0, 1.0, 1.0, 1.0, 1.0, 1.0]
cw_psl_total_eval(pseudo label 클래스별 총 샘플 수):  [0, 0, 0, 0, 0, 0, 0]
cw_psl_correct_eval(pseudo label 클래스별 맞은 샘플 수):  [0, 0, 0, 0, 0, 0, 0]
psl_acc(PSL 평가에서의 정확도): None 
cw_psl_acc(클래스별 PSL 평가에서의 정확도):  [nan, nan, nan, nan, nan, nan, nan]
**pseudo_label ->  [0.1105, 0.3449, 0.1141, 0.1136, 0.1087, 0.1085, 0.0997] **
max =  0.3449 | max_idx =  1
**pseudo_label ->  [0.2171, 0.1288, 0.2534, 0.1, 0.1015, 0.1182, 0.081] **
max =  0.2534 | max_idx =  2
**pseudo_label ->  [0.1193, 0.3439, 0.1181, 0.1125, 0.1114, 0.1018, 0.093] **
max =  0.3439 | max_idx =  1
**pseudo_label ->  [0.1069, 0.1154, 0.1067, 0.3376, 0.1068, 0.1115, 0.1153] **
max =  0.3376 | max_idx =  3
**pseudo_label ->  [0.1053, 0.1172, 0.1191, 0.1168, 0.1071, 0.3166, 0.1179] **
max =  0.3166 | max_idx =  5
Epoch 22/50, Train Loss: 1.1249, Valid Loss: 1.8540, Train Acc: 1.0000, Val Acc: 0.2657, Test Acc: 0.2617, Test F1: 0.2394, Total Pseudo-Labels: 0, Correct Pseudo-Labels: 0, Train Data Number: 70



line 303 => train data수 70
line 258 => 인스턴스 수 10
Step 220  Tim 0:38:19
acc_train_cw(현재 train의 class별 acc) [1.0, 1.0, 1.0, 0.9, 1.0, 1.0, 1.0]
cw_psl_total_eval(pseudo label 클래스별 총 샘플 수):  [0, 0, 0, 0, 0, 0, 0]
cw_psl_correct_eval(pseudo label 클래스별 맞은 샘플 수):  [0, 0, 0, 0, 0, 0, 0]
psl_acc(PSL 평가에서의 정확도): None 
cw_psl_acc(클래스별 PSL 평가에서의 정확도):  [nan, nan, nan, nan, nan, nan, nan]
**pseudo_label ->  [0.1157, 0.3503, 0.1176, 0.1079, 0.0986, 0.111, 0.099] **
max =  0.3503 | max_idx =  1
**pseudo_label ->  [0.1553, 0.1334, 0.308, 0.1019, 0.1005, 0.1186, 0.0824] **
max =  0.308 | max_idx =  2
**pseudo_label ->  [0.11, 0.3383, 0.1189, 0.1061, 0.139, 0.0948, 0.0928] **
max =  0.3383 | max_idx =  1
**pseudo_label ->  [0.1094, 0.1146, 0.1053, 0.3407, 0.1078, 0.1183, 0.1038] **
max =  0.3407 | max_idx =  3
**pseudo_label ->  [0.0974, 0.1072, 0.126, 0.1095, 0.1104, 0.3242, 0.1252] **
max =  0.3242 | max_idx =  5
Epoch 23/50, Train Loss: 1.1068, Valid Loss: 1.9122, Train Acc: 0.9857, Val Acc: 0.2809, Test Acc: 0.3624, Test F1: 0.2808, Total Pseudo-Labels: 0, Correct Pseudo-Labels: 0, Train Data Number: 70



line 303 => train data수 70
line 258 => 인스턴스 수 10
Step 230  Tim 0:39:59
acc_train_cw(현재 train의 class별 acc) [1.0, 1.0, 1.0, 1.0, 1.0, 1.0, 1.0]
cw_psl_total_eval(pseudo label 클래스별 총 샘플 수):  [0, 0, 0, 0, 0, 0, 0]
cw_psl_correct_eval(pseudo label 클래스별 맞은 샘플 수):  [0, 0, 0, 0, 0, 0, 0]
psl_acc(PSL 평가에서의 정확도): None 
cw_psl_acc(클래스별 PSL 평가에서의 정확도):  [nan, nan, nan, nan, nan, nan, nan]
**pseudo_label ->  [0.1164, 0.3575, 0.1206, 0.1069, 0.0937, 0.1055, 0.0994] **
max =  0.3575 | max_idx =  1
**pseudo_label ->  [0.2303, 0.1296, 0.2489, 0.1062, 0.0793, 0.1189, 0.0869] **
max =  0.2489 | max_idx =  2
**pseudo_label ->  [0.123, 0.3551, 0.1208, 0.1067, 0.0914, 0.1014, 0.1016] **
max =  0.3551 | max_idx =  1
**pseudo_label ->  [0.1148, 0.1156, 0.1022, 0.3508, 0.0965, 0.1086, 0.1115] **
max =  0.3508 | max_idx =  3
**pseudo_label ->  [0.0941, 0.1061, 0.1134, 0.1018, 0.1083, 0.3199, 0.1565] **
max =  0.3199 | max_idx =  5
Epoch 24/50, Train Loss: 1.0826, Valid Loss: 1.9458, Train Acc: 1.0000, Val Acc: 0.2657, Test Acc: 0.2058, Test F1: 0.1886, Total Pseudo-Labels: 0, Correct Pseudo-Labels: 0, Train Data Number: 70



line 303 => train data수 70
line 258 => 인스턴스 수 10
Step 240  Tim 0:41:40
acc_train_cw(현재 train의 class별 acc) [1.0, 1.0, 1.0, 1.0, 1.0, 1.0, 1.0]
cw_psl_total_eval(pseudo label 클래스별 총 샘플 수):  [0, 0, 0, 0, 0, 0, 0]
cw_psl_correct_eval(pseudo label 클래스별 맞은 샘플 수):  [0, 0, 0, 0, 0, 0, 0]
psl_acc(PSL 평가에서의 정확도): None 
cw_psl_acc(클래스별 PSL 평가에서의 정확도):  [nan, nan, nan, nan, nan, nan, nan]
**pseudo_label ->  [0.1108, 0.3662, 0.1157, 0.1098, 0.1036, 0.1032, 0.0907] **
max =  0.3662 | max_idx =  1
**pseudo_label ->  [0.1051, 0.1234, 0.3429, 0.1059, 0.0992, 0.1183, 0.1051] **
max =  0.3429 | max_idx =  2
**pseudo_label ->  [0.1075, 0.3508, 0.1543, 0.1029, 0.0939, 0.1, 0.0905] **
max =  0.3508 | max_idx =  1
**pseudo_label ->  [0.1043, 0.1026, 0.1035, 0.3561, 0.103, 0.1074, 0.123] **
max =  0.3561 | max_idx =  3
**pseudo_label ->  [0.104, 0.1086, 0.115, 0.1077, 0.1195, 0.3342, 0.1109] **
max =  0.3342 | max_idx =  5
Epoch 25/50, Train Loss: 1.0574, Valid Loss: 1.9537, Train Acc: 1.0000, Val Acc: 0.2284, Test Acc: 0.1834, Test F1: 0.1633, Total Pseudo-Labels: 0, Correct Pseudo-Labels: 0, Train Data Number: 70



line 303 => train data수 70
line 258 => 인스턴스 수 10
Step 250  Tim 0:43:20
acc_train_cw(현재 train의 class별 acc) [1.0, 1.0, 0.9, 1.0, 1.0, 1.0, 1.0]
cw_psl_total_eval(pseudo label 클래스별 총 샘플 수):  [0, 0, 0, 0, 0, 0, 0]
cw_psl_correct_eval(pseudo label 클래스별 맞은 샘플 수):  [0, 0, 0, 0, 0, 0, 0]
psl_acc(PSL 평가에서의 정확도): None 
cw_psl_acc(클래스별 PSL 평가에서의 정확도):  [nan, nan, nan, nan, nan, nan, nan]
**pseudo_label ->  [0.1103, 0.3742, 0.11, 0.1083, 0.101, 0.101, 0.0952] **
max =  0.3742 | max_idx =  1
**pseudo_label ->  [0.1194, 0.1105, 0.1526, 0.3317, 0.0794, 0.111, 0.0953] **
max =  0.3317 | max_idx =  3
**pseudo_label ->  [0.1128, 0.3733, 0.1133, 0.1078, 0.0973, 0.099, 0.0966] **
max =  0.3733 | max_idx =  1
**pseudo_label ->  [0.108, 0.1101, 0.0999, 0.3653, 0.0982, 0.106, 0.1124] **
max =  0.3653 | max_idx =  3
**pseudo_label ->  [0.097, 0.1066, 0.1109, 0.1067, 0.1105, 0.3428, 0.1255] **
max =  0.3428 | max_idx =  5
Epoch 26/50, Train Loss: 1.0370, Valid Loss: 1.8452, Train Acc: 0.9857, Val Acc: 0.2183, Test Acc: 0.1655, Test F1: 0.1428, Total Pseudo-Labels: 0, Correct Pseudo-Labels: 0, Train Data Number: 70



line 303 => train data수 70
line 258 => 인스턴스 수 10
Step 260  Tim 0:45:00
acc_train_cw(현재 train의 class별 acc) [1.0, 1.0, 0.9, 1.0, 1.0, 1.0, 1.0]
cw_psl_total_eval(pseudo label 클래스별 총 샘플 수):  [0, 0, 0, 0, 0, 0, 0]
cw_psl_correct_eval(pseudo label 클래스별 맞은 샘플 수):  [0, 0, 0, 0, 0, 0, 0]
psl_acc(PSL 평가에서의 정확도): None 
cw_psl_acc(클래스별 PSL 평가에서의 정확도):  [nan, nan, nan, nan, nan, nan, nan]
**pseudo_label ->  [0.1103, 0.3804, 0.1112, 0.1002, 0.0986, 0.1006, 0.0987] **
max =  0.3804 | max_idx =  1
**pseudo_label ->  [0.1174, 0.1276, 0.3534, 0.0919, 0.0942, 0.1162, 0.0992] **
max =  0.3534 | max_idx =  2
**pseudo_label ->  [0.1411, 0.1649, 0.3174, 0.0729, 0.1016, 0.1087, 0.0933] **
max =  0.3174 | max_idx =  2
**pseudo_label ->  [0.1383, 0.1119, 0.0821, 0.1376, 0.3177, 0.1004, 0.112] **
max =  0.3177 | max_idx =  4
**pseudo_label ->  [0.1025, 0.0978, 0.1072, 0.1054, 0.1148, 0.3481, 0.1241] **
max =  0.3481 | max_idx =  5
Epoch 27/50, Train Loss: 1.0478, Valid Loss: 1.8546, Train Acc: 0.9857, Val Acc: 0.2690, Test Acc: 0.1723, Test F1: 0.1600, Total Pseudo-Labels: 0, Correct Pseudo-Labels: 0, Train Data Number: 70



line 303 => train data수 70
line 258 => 인스턴스 수 10
Step 270  Tim 0:46:40
acc_train_cw(현재 train의 class별 acc) [1.0, 1.0, 0.9, 1.0, 1.0, 1.0, 1.0]
cw_psl_total_eval(pseudo label 클래스별 총 샘플 수):  [0, 0, 0, 0, 0, 0, 0]
cw_psl_correct_eval(pseudo label 클래스별 맞은 샘플 수):  [0, 0, 0, 0, 0, 0, 0]
psl_acc(PSL 평가에서의 정확도): None 
cw_psl_acc(클래스별 PSL 평가에서의 정확도):  [nan, nan, nan, nan, nan, nan, nan]
**pseudo_label ->  [0.1032, 0.3783, 0.1369, 0.1061, 0.0906, 0.0961, 0.0888] **
max =  0.3783 | max_idx =  1
**pseudo_label ->  [0.1116, 0.1134, 0.3567, 0.1261, 0.0884, 0.1078, 0.096] **
max =  0.3567 | max_idx =  2
**pseudo_label ->  [0.1028, 0.269, 0.2576, 0.1072, 0.0819, 0.0945, 0.0872] **
max =  0.269 | max_idx =  1
**pseudo_label ->  [0.1011, 0.1009, 0.1, 0.3775, 0.1042, 0.1026, 0.1138] **
max =  0.3775 | max_idx =  3
**pseudo_label ->  [0.0828, 0.1011, 0.1575, 0.1125, 0.0999, 0.3419, 0.1043] **
max =  0.3419 | max_idx =  5
Epoch 28/50, Train Loss: 1.0152, Valid Loss: 1.9539, Train Acc: 0.9857, Val Acc: 0.2910, Test Acc: 0.2327, Test F1: 0.1981, Total Pseudo-Labels: 0, Correct Pseudo-Labels: 0, Train Data Number: 70



line 303 => train data수 70
line 258 => 인스턴스 수 10
Step 280  Tim 0:48:20
acc_train_cw(현재 train의 class별 acc) [1.0, 1.0, 0.9, 1.0, 1.0, 1.0, 1.0]
cw_psl_total_eval(pseudo label 클래스별 총 샘플 수):  [0, 0, 0, 0, 0, 0, 0]
cw_psl_correct_eval(pseudo label 클래스별 맞은 샘플 수):  [0, 0, 0, 0, 0, 0, 0]
psl_acc(PSL 평가에서의 정확도): None 
cw_psl_acc(클래스별 PSL 평가에서의 정확도):  [nan, nan, nan, nan, nan, nan, nan]
**pseudo_label ->  [0.1073, 0.3916, 0.0943, 0.1054, 0.1029, 0.1008, 0.0978] **
max =  0.3916 | max_idx =  1
**pseudo_label ->  [0.1111, 0.1228, 0.3635, 0.1154, 0.0858, 0.1069, 0.0945] **
max =  0.3635 | max_idx =  2
**pseudo_label ->  [0.1104, 0.3925, 0.0944, 0.1064, 0.1024, 0.0965, 0.0975] **
max =  0.3925 | max_idx =  1
**pseudo_label ->  [0.0915, 0.1884, 0.0913, 0.3351, 0.0994, 0.0963, 0.098] **
max =  0.3351 | max_idx =  3
**pseudo_label ->  [0.0821, 0.0978, 0.1102, 0.1036, 0.1025, 0.3512, 0.1527] **
max =  0.3512 | max_idx =  5
Epoch 29/50, Train Loss: 0.9905, Valid Loss: 1.9858, Train Acc: 0.9857, Val Acc: 0.2301, Test Acc: 0.1857, Test F1: 0.1699, Total Pseudo-Labels: 0, Correct Pseudo-Labels: 0, Train Data Number: 70



line 303 => train data수 70
line 258 => 인스턴스 수 10
Step 290  Tim 0:50:01
acc_train_cw(현재 train의 class별 acc) [1.0, 1.0, 0.9, 1.0, 1.0, 1.0, 1.0]
cw_psl_total_eval(pseudo label 클래스별 총 샘플 수):  [0, 0, 0, 0, 0, 0, 0]
cw_psl_correct_eval(pseudo label 클래스별 맞은 샘플 수):  [0, 0, 0, 0, 0, 0, 0]
psl_acc(PSL 평가에서의 정확도): None 
cw_psl_acc(클래스별 PSL 평가에서의 정확도):  [nan, nan, nan, nan, nan, nan, nan]
**pseudo_label ->  [0.1058, 0.4033, 0.1052, 0.1025, 0.0973, 0.0931, 0.0927] **
max =  0.4033 | max_idx =  1
**pseudo_label ->  [0.1083, 0.1178, 0.3746, 0.0913, 0.0992, 0.1113, 0.0976] **
max =  0.3746 | max_idx =  2
**pseudo_label ->  [0.1079, 0.4027, 0.1047, 0.0997, 0.0961, 0.091, 0.098] **
max =  0.4027 | max_idx =  1
**pseudo_label ->  [0.0921, 0.2654, 0.0917, 0.2697, 0.0981, 0.0942, 0.0888] **
max =  0.2697 | max_idx =  3
**pseudo_label ->  [0.0845, 0.0943, 0.0913, 0.1039, 0.1133, 0.1416, 0.3712] **
max =  0.3712 | max_idx =  6
Epoch 30/50, Train Loss: 0.9649, Valid Loss: 1.9872, Train Acc: 0.9857, Val Acc: 0.2064, Test Acc: 0.1655, Test F1: 0.1629, Total Pseudo-Labels: 0, Correct Pseudo-Labels: 0, Train Data Number: 70



line 303 => train data수 70
line 258 => 인스턴스 수 10
Step 300  Tim 0:51:41
acc_train_cw(현재 train의 class별 acc) [1.0, 1.0, 1.0, 1.0, 1.0, 1.0, 1.0]
cw_psl_total_eval(pseudo label 클래스별 총 샘플 수):  [0, 0, 0, 0, 0, 0, 0]
cw_psl_correct_eval(pseudo label 클래스별 맞은 샘플 수):  [0, 0, 0, 0, 0, 0, 0]
psl_acc(PSL 평가에서의 정확도): None 
cw_psl_acc(클래스별 PSL 평가에서의 정확도):  [nan, nan, nan, nan, nan, nan, nan]
**pseudo_label ->  [0.1005, 0.4098, 0.1086, 0.0988, 0.0953, 0.0953, 0.0916] **
max =  0.4098 | max_idx =  1
**pseudo_label ->  [0.1107, 0.116, 0.3805, 0.0981, 0.0935, 0.1055, 0.0955] **
max =  0.3805 | max_idx =  2
**pseudo_label ->  [0.1039, 0.4104, 0.1099, 0.1012, 0.0927, 0.0906, 0.0913] **
max =  0.4104 | max_idx =  1
**pseudo_label ->  [0.0993, 0.4073, 0.1015, 0.113, 0.0951, 0.0907, 0.093] **
max =  0.4073 | max_idx =  1
**pseudo_label ->  [0.0741, 0.0928, 0.0959, 0.0954, 0.1052, 0.2419, 0.2948] **
max =  0.2948 | max_idx =  6
Epoch 31/50, Train Loss: 0.9439, Valid Loss: 2.0323, Train Acc: 1.0000, Val Acc: 0.1929, Test Acc: 0.1588, Test F1: 0.1569, Total Pseudo-Labels: 0, Correct Pseudo-Labels: 0, Train Data Number: 70



line 303 => train data수 70
line 258 => 인스턴스 수 10
Step 310  Tim 0:53:21
acc_train_cw(현재 train의 class별 acc) [1.0, 1.0, 0.9, 1.0, 1.0, 1.0, 1.0]
cw_psl_total_eval(pseudo label 클래스별 총 샘플 수):  [0, 0, 0, 0, 0, 0, 0]
cw_psl_correct_eval(pseudo label 클래스별 맞은 샘플 수):  [0, 0, 0, 0, 0, 0, 0]
psl_acc(PSL 평가에서의 정확도): None 
cw_psl_acc(클래스별 PSL 평가에서의 정확도):  [nan, nan, nan, nan, nan, nan, nan]
**pseudo_label ->  [0.1035, 0.4173, 0.103, 0.0994, 0.0964, 0.0923, 0.088] **
max =  0.4173 | max_idx =  1
**pseudo_label ->  [0.1049, 0.1138, 0.3874, 0.098, 0.1012, 0.1038, 0.0909] **
max =  0.3874 | max_idx =  2
**pseudo_label ->  [0.1004, 0.4167, 0.0997, 0.1, 0.0981, 0.0932, 0.0919] **
max =  0.4167 | max_idx =  1
**pseudo_label ->  [0.0912, 0.187, 0.0882, 0.3537, 0.0954, 0.0927, 0.0918] **
max =  0.3537 | max_idx =  3
**pseudo_label ->  [0.0724, 0.0959, 0.0946, 0.1028, 0.0986, 0.1734, 0.3623] **
max =  0.3623 | max_idx =  6
Epoch 32/50, Train Loss: 0.9249, Valid Loss: 2.0399, Train Acc: 0.9857, Val Acc: 0.1827, Test Acc: 0.1834, Test F1: 0.1796, Total Pseudo-Labels: 0, Correct Pseudo-Labels: 0, Train Data Number: 70



line 303 => train data수 70
line 258 => 인스턴스 수 10
Step 320  Tim 0:55:02
acc_train_cw(현재 train의 class별 acc) [1.0, 1.0, 1.0, 1.0, 0.9, 1.0, 1.0]
cw_psl_total_eval(pseudo label 클래스별 총 샘플 수):  [0, 0, 0, 0, 0, 0, 0]
cw_psl_correct_eval(pseudo label 클래스별 맞은 샘플 수):  [0, 0, 0, 0, 0, 0, 0]
psl_acc(PSL 평가에서의 정확도): None 
cw_psl_acc(클래스별 PSL 평가에서의 정확도):  [nan, nan, nan, nan, nan, nan, nan]
**pseudo_label ->  [0.104, 0.4245, 0.0991, 0.0968, 0.0933, 0.0927, 0.0896] **
max =  0.4245 | max_idx =  1
**pseudo_label ->  [0.1076, 0.1092, 0.394, 0.0995, 0.0876, 0.1063, 0.0958] **
max =  0.394 | max_idx =  2
**pseudo_label ->  [0.1025, 0.4242, 0.1016, 0.1014, 0.0885, 0.0919, 0.0899] **
max =  0.4242 | max_idx =  1
**pseudo_label ->  [0.0902, 0.3216, 0.0946, 0.2326, 0.0861, 0.0915, 0.0835] **
max =  0.3216 | max_idx =  1
**pseudo_label ->  [0.0845, 0.098, 0.1025, 0.1031, 0.0898, 0.3873, 0.1348] **
max =  0.3873 | max_idx =  5
Epoch 33/50, Train Loss: 0.9389, Valid Loss: 1.9690, Train Acc: 0.9857, Val Acc: 0.1912, Test Acc: 0.1700, Test F1: 0.1548, Total Pseudo-Labels: 0, Correct Pseudo-Labels: 0, Train Data Number: 70



line 303 => train data수 70
line 258 => 인스턴스 수 10
Step 330  Tim 0:56:42
acc_train_cw(현재 train의 class별 acc) [1.0, 1.0, 0.5, 1.0, 1.0, 1.0, 1.0]
cw_psl_total_eval(pseudo label 클래스별 총 샘플 수):  [0, 0, 0, 0, 0, 0, 0]
cw_psl_correct_eval(pseudo label 클래스별 맞은 샘플 수):  [0, 0, 0, 0, 0, 0, 0]
psl_acc(PSL 평가에서의 정확도): None 
cw_psl_acc(클래스별 PSL 평가에서의 정확도):  [nan, nan, nan, nan, nan, nan, nan]
**pseudo_label ->  [0.0966, 0.4311, 0.0979, 0.0985, 0.0949, 0.0932, 0.0877] **
max =  0.4311 | max_idx =  1
**pseudo_label ->  [0.4114, 0.1032, 0.1139, 0.1016, 0.0906, 0.0944, 0.0848] **
max =  0.4114 | max_idx =  0
**pseudo_label ->  [0.1115, 0.428, 0.089, 0.0965, 0.0959, 0.087, 0.0921] **
max =  0.428 | max_idx =  1
**pseudo_label ->  [0.0868, 0.1015, 0.0913, 0.4189, 0.0967, 0.0986, 0.1063] **
max =  0.4189 | max_idx =  3
**pseudo_label ->  [0.0799, 0.0943, 0.0857, 0.1014, 0.0972, 0.1439, 0.3976] **
max =  0.3976 | max_idx =  6
Epoch 34/50, Train Loss: 0.9754, Valid Loss: 1.8876, Train Acc: 0.9286, Val Acc: 0.2555, Test Acc: 0.2148, Test F1: 0.1897, Total Pseudo-Labels: 0, Correct Pseudo-Labels: 0, Train Data Number: 70



line 303 => train data수 70
line 258 => 인스턴스 수 10
Step 340  Tim 0:58:22
acc_train_cw(현재 train의 class별 acc) [1.0, 0.9, 0.6, 1.0, 1.0, 1.0, 1.0]
cw_psl_total_eval(pseudo label 클래스별 총 샘플 수):  [0, 0, 0, 0, 0, 0, 0]
cw_psl_correct_eval(pseudo label 클래스별 맞은 샘플 수):  [0, 0, 0, 0, 0, 0, 0]
psl_acc(PSL 평가에서의 정확도): None 
cw_psl_acc(클래스별 PSL 평가에서의 정확도):  [nan, nan, nan, nan, nan, nan, nan]
**pseudo_label ->  [0.1059, 0.4356, 0.1125, 0.0923, 0.0902, 0.0869, 0.0767] **
max =  0.4356 | max_idx =  1
**pseudo_label ->  [0.349, 0.1049, 0.2041, 0.0863, 0.0925, 0.0946, 0.0686] **
max =  0.349 | max_idx =  0
**pseudo_label ->  [0.1205, 0.4312, 0.1085, 0.0877, 0.091, 0.0851, 0.0759] **
max =  0.4312 | max_idx =  1
**pseudo_label ->  [0.0976, 0.0892, 0.0978, 0.4271, 0.0916, 0.0985, 0.0982] **
max =  0.4271 | max_idx =  3
**pseudo_label ->  [0.0858, 0.0885, 0.1035, 0.0949, 0.1033, 0.4071, 0.117] **
max =  0.4071 | max_idx =  5
Epoch 35/50, Train Loss: 1.1153, Valid Loss: 1.8628, Train Acc: 0.9286, Val Acc: 0.3029, Test Acc: 0.2886, Test F1: 0.2605, Total Pseudo-Labels: 0, Correct Pseudo-Labels: 0, Train Data Number: 70



line 303 => train data수 70
line 258 => 인스턴스 수 10
Step 350  Tim 1:00:02
acc_train_cw(현재 train의 class별 acc) [0.9, 0.8, 0.7, 0.7, 1.0, 0.8, 1.0]
cw_psl_total_eval(pseudo label 클래스별 총 샘플 수):  [0, 0, 0, 0, 0, 0, 0]
cw_psl_correct_eval(pseudo label 클래스별 맞은 샘플 수):  [0, 0, 0, 0, 0, 0, 0]
psl_acc(PSL 평가에서의 정확도): None 
cw_psl_acc(클래스별 PSL 평가에서의 정확도):  [nan, nan, nan, nan, nan, nan, nan]
**pseudo_label ->  [0.1321, 0.4249, 0.1206, 0.0799, 0.0868, 0.0793, 0.0764] **
max =  0.4249 | max_idx =  1
**pseudo_label ->  [0.09, 0.1401, 0.3578, 0.0657, 0.1075, 0.1576, 0.0813] **
max =  0.3578 | max_idx =  2
**pseudo_label ->  [0.1425, 0.4202, 0.1153, 0.0797, 0.0876, 0.0749, 0.0796] **
max =  0.4202 | max_idx =  1
**pseudo_label ->  [0.1042, 0.1154, 0.0943, 0.4261, 0.0895, 0.088, 0.0824] **
max =  0.4261 | max_idx =  3
**pseudo_label ->  [0.1006, 0.1147, 0.0868, 0.0952, 0.3955, 0.0886, 0.1186] **
max =  0.3955 | max_idx =  4
Epoch 36/50, Train Loss: 1.1582, Valid Loss: 1.7802, Train Acc: 0.8429, Val Acc: 0.2826, Test Acc: 0.2685, Test F1: 0.2291, Total Pseudo-Labels: 0, Correct Pseudo-Labels: 0, Train Data Number: 70



line 303 => train data수 70
line 258 => 인스턴스 수 10
Step 360  Tim 1:01:42
acc_train_cw(현재 train의 class별 acc) [0.9, 0.9, 0.9, 1.0, 0.9, 0.9, 1.0]
cw_psl_total_eval(pseudo label 클래스별 총 샘플 수):  [0, 0, 0, 0, 0, 0, 0]
cw_psl_correct_eval(pseudo label 클래스별 맞은 샘플 수):  [0, 0, 0, 0, 0, 0, 0]
psl_acc(PSL 평가에서의 정확도): None 
cw_psl_acc(클래스별 PSL 평가에서의 정확도):  [nan, nan, nan, nan, nan, nan, nan]
**pseudo_label ->  [0.1571, 0.418, 0.0923, 0.0914, 0.0805, 0.083, 0.0776] **
max =  0.418 | max_idx =  1
**pseudo_label ->  [0.1205, 0.4074, 0.1574, 0.0887, 0.0741, 0.0805, 0.0713] **
max =  0.4074 | max_idx =  1
**pseudo_label ->  [0.144, 0.4282, 0.0916, 0.0937, 0.084, 0.081, 0.0775] **
max =  0.4282 | max_idx =  1
**pseudo_label ->  [0.0739, 0.1124, 0.129, 0.405, 0.0971, 0.1036, 0.0791] **
max =  0.405 | max_idx =  3
**pseudo_label ->  [0.0548, 0.1096, 0.1596, 0.0966, 0.1499, 0.3383, 0.0914] **
max =  0.3383 | max_idx =  5
Epoch 37/50, Train Loss: 1.0138, Valid Loss: 1.8804, Train Acc: 0.9286, Val Acc: 0.3299, Test Acc: 0.2349, Test F1: 0.2269, Total Pseudo-Labels: 0, Correct Pseudo-Labels: 0, Train Data Number: 70



line 303 => train data수 70
line 258 => 인스턴스 수 10
Step 370  Tim 1:03:23
acc_train_cw(현재 train의 class별 acc) [1.0, 0.9, 1.0, 1.0, 0.7, 1.0, 1.0]
cw_psl_total_eval(pseudo label 클래스별 총 샘플 수):  [0, 0, 0, 0, 0, 0, 0]
cw_psl_correct_eval(pseudo label 클래스별 맞은 샘플 수):  [0, 0, 0, 0, 0, 0, 0]
psl_acc(PSL 평가에서의 정확도): None 
cw_psl_acc(클래스별 PSL 평가에서의 정확도):  [nan, nan, nan, nan, nan, nan, nan]
**pseudo_label ->  [0.0853, 0.4478, 0.0942, 0.1007, 0.0923, 0.0941, 0.0857] **
max =  0.4478 | max_idx =  1
**pseudo_label ->  [0.1068, 0.0931, 0.4158, 0.0979, 0.1002, 0.0932, 0.093] **
max =  0.4158 | max_idx =  2
**pseudo_label ->  [0.0914, 0.4443, 0.0836, 0.1077, 0.0975, 0.0818, 0.0936] **
max =  0.4443 | max_idx =  1
**pseudo_label ->  [0.0796, 0.0985, 0.1, 0.4383, 0.0992, 0.0876, 0.0969] **
max =  0.4383 | max_idx =  3
**pseudo_label ->  [0.0955, 0.0857, 0.1002, 0.0996, 0.0868, 0.4265, 0.1058] **
max =  0.4265 | max_idx =  5
Epoch 38/50, Train Loss: 1.0366, Valid Loss: 2.0310, Train Acc: 0.9429, Val Acc: 0.3029, Test Acc: 0.2192, Test F1: 0.1927, Total Pseudo-Labels: 0, Correct Pseudo-Labels: 0, Train Data Number: 70



line 303 => train data수 70
line 258 => 인스턴스 수 10
Step 380  Tim 1:05:02
acc_train_cw(현재 train의 class별 acc) [1.0, 0.8, 0.2, 0.9, 0.8, 0.9, 1.0]
cw_psl_total_eval(pseudo label 클래스별 총 샘플 수):  [0, 0, 0, 0, 0, 0, 0]
cw_psl_correct_eval(pseudo label 클래스별 맞은 샘플 수):  [0, 0, 0, 0, 0, 0, 0]
psl_acc(PSL 평가에서의 정확도): None 
cw_psl_acc(클래스별 PSL 평가에서의 정확도):  [nan, nan, nan, nan, nan, nan, nan]
**pseudo_label ->  [0.1582, 0.4236, 0.0844, 0.0996, 0.0849, 0.079, 0.0703] **
max =  0.4236 | max_idx =  1
**pseudo_label ->  [0.4394, 0.0906, 0.0984, 0.1051, 0.093, 0.0896, 0.0839] **
max =  0.4394 | max_idx =  0
**pseudo_label ->  [0.2058, 0.3789, 0.0787, 0.1031, 0.0857, 0.0713, 0.0765] **
max =  0.3789 | max_idx =  1
**pseudo_label ->  [0.1044, 0.1383, 0.0807, 0.4285, 0.0819, 0.0788, 0.0874] **
max =  0.4285 | max_idx =  3
**pseudo_label ->  [0.086, 0.0848, 0.0881, 0.0957, 0.0899, 0.4276, 0.1279] **
max =  0.4276 | max_idx =  5
Epoch 39/50, Train Loss: 1.0484, Valid Loss: 1.9697, Train Acc: 0.8000, Val Acc: 0.2318, Test Acc: 0.2953, Test F1: 0.2090, Total Pseudo-Labels: 0, Correct Pseudo-Labels: 0, Train Data Number: 70



line 303 => train data수 70
line 258 => 인스턴스 수 10
Step 390  Tim 1:06:42
acc_train_cw(현재 train의 class별 acc) [1.0, 1.0, 0.7, 1.0, 0.9, 1.0, 1.0]
cw_psl_total_eval(pseudo label 클래스별 총 샘플 수):  [0, 0, 0, 0, 0, 0, 0]
cw_psl_correct_eval(pseudo label 클래스별 맞은 샘플 수):  [0, 0, 0, 0, 0, 0, 0]
psl_acc(PSL 평가에서의 정확도): None 
cw_psl_acc(클래스별 PSL 평가에서의 정확도):  [nan, nan, nan, nan, nan, nan, nan]
**pseudo_label ->  [0.0886, 0.4567, 0.1072, 0.0893, 0.086, 0.0963, 0.0758] **
max =  0.4567 | max_idx =  1
**pseudo_label ->  [0.0982, 0.4557, 0.1178, 0.0892, 0.0842, 0.0831, 0.0718] **
max =  0.4557 | max_idx =  1
**pseudo_label ->  [0.0869, 0.4592, 0.1086, 0.0927, 0.0891, 0.0859, 0.0777] **
max =  0.4592 | max_idx =  1
**pseudo_label ->  [0.0738, 0.1246, 0.0851, 0.4396, 0.0834, 0.0986, 0.0948] **
max =  0.4396 | max_idx =  3
**pseudo_label ->  [0.0774, 0.0913, 0.086, 0.0828, 0.2497, 0.3111, 0.1017] **
max =  0.3111 | max_idx =  5
Epoch 40/50, Train Loss: 0.9168, Valid Loss: 1.8494, Train Acc: 0.9429, Val Acc: 0.2860, Test Acc: 0.3714, Test F1: 0.3112, Total Pseudo-Labels: 0, Correct Pseudo-Labels: 0, Train Data Number: 70



line 303 => train data수 70
line 258 => 인스턴스 수 10
Step 400  Tim 1:08:23
acc_train_cw(현재 train의 class별 acc) [1.0, 1.0, 1.0, 1.0, 1.0, 1.0, 0.9]
cw_psl_total_eval(pseudo label 클래스별 총 샘플 수):  [0, 0, 0, 0, 0, 0, 0]
cw_psl_correct_eval(pseudo label 클래스별 맞은 샘플 수):  [0, 0, 0, 0, 0, 0, 0]
psl_acc(PSL 평가에서의 정확도): None 
cw_psl_acc(클래스별 PSL 평가에서의 정확도):  [nan, nan, nan, nan, nan, nan, nan]
**pseudo_label ->  [0.081, 0.461, 0.1148, 0.0884, 0.0895, 0.0877, 0.0775] **
max =  0.461 | max_idx =  1
**pseudo_label ->  [0.0909, 0.4571, 0.1275, 0.0846, 0.0861, 0.0805, 0.0733] **
max =  0.4571 | max_idx =  1
**pseudo_label ->  [0.0846, 0.4643, 0.1107, 0.0906, 0.0934, 0.0767, 0.0798] **
max =  0.4643 | max_idx =  1
**pseudo_label ->  [0.0664, 0.112, 0.0936, 0.4202, 0.082, 0.1423, 0.0835] **
max =  0.4202 | max_idx =  3
**pseudo_label ->  [0.077, 0.0897, 0.111, 0.0747, 0.1607, 0.3998, 0.0873] **
max =  0.3998 | max_idx =  5
Epoch 41/50, Train Loss: 0.8818, Valid Loss: 1.8807, Train Acc: 0.9857, Val Acc: 0.3046, Test Acc: 0.4049, Test F1: 0.3701, Total Pseudo-Labels: 0, Correct Pseudo-Labels: 0, Train Data Number: 70



line 303 => train data수 70
line 258 => 인스턴스 수 10
Step 410  Tim 1:10:03
acc_train_cw(현재 train의 class별 acc) [1.0, 0.9, 1.0, 1.0, 1.0, 0.9, 1.0]
cw_psl_total_eval(pseudo label 클래스별 총 샘플 수):  [0, 0, 0, 0, 0, 0, 0]
cw_psl_correct_eval(pseudo label 클래스별 맞은 샘플 수):  [0, 0, 0, 0, 0, 0, 0]
psl_acc(PSL 평가에서의 정확도): None 
cw_psl_acc(클래스별 PSL 평가에서의 정확도):  [nan, nan, nan, nan, nan, nan, nan]
**pseudo_label ->  [0.0887, 0.473, 0.1097, 0.087, 0.0859, 0.0771, 0.0787] **
max =  0.473 | max_idx =  1
**pseudo_label ->  [0.101, 0.4638, 0.1243, 0.0826, 0.0842, 0.0695, 0.0744] **
max =  0.4638 | max_idx =  1
**pseudo_label ->  [0.0953, 0.4711, 0.1068, 0.0831, 0.0906, 0.0701, 0.0829] **
max =  0.4711 | max_idx =  1
**pseudo_label ->  [0.0811, 0.0839, 0.0915, 0.4673, 0.0964, 0.089, 0.0909] **
max =  0.4673 | max_idx =  3
**pseudo_label ->  [0.0741, 0.086, 0.1315, 0.0817, 0.095, 0.4405, 0.0911] **
max =  0.4405 | max_idx =  5
Epoch 42/50, Train Loss: 0.9403, Valid Loss: 1.8632, Train Acc: 0.9714, Val Acc: 0.2690, Test Acc: 0.1834, Test F1: 0.1803, Total Pseudo-Labels: 0, Correct Pseudo-Labels: 0, Train Data Number: 70



line 303 => train data수 70
line 258 => 인스턴스 수 10
Step 420  Tim 1:11:43
acc_train_cw(현재 train의 class별 acc) [1.0, 0.8, 0.9, 0.9, 1.0, 1.0, 1.0]
cw_psl_total_eval(pseudo label 클래스별 총 샘플 수):  [0, 0, 0, 0, 0, 0, 0]
cw_psl_correct_eval(pseudo label 클래스별 맞은 샘플 수):  [0, 0, 0, 0, 0, 0, 0]
psl_acc(PSL 평가에서의 정확도): None 
cw_psl_acc(클래스별 PSL 평가에서의 정확도):  [nan, nan, nan, nan, nan, nan, nan]
**pseudo_label ->  [0.0833, 0.4501, 0.1386, 0.0761, 0.0736, 0.1025, 0.0757] **
max =  0.4501 | max_idx =  1
**pseudo_label ->  [0.1319, 0.0887, 0.4295, 0.0928, 0.0843, 0.1022, 0.0706] **
max =  0.4295 | max_idx =  2
**pseudo_label ->  [0.0839, 0.4809, 0.0969, 0.091, 0.0861, 0.0817, 0.0795] **
max =  0.4809 | max_idx =  1
**pseudo_label ->  [0.0792, 0.0695, 0.0966, 0.4095, 0.0764, 0.1785, 0.0902] **
max =  0.4095 | max_idx =  3
**pseudo_label ->  [0.079, 0.0786, 0.1071, 0.0703, 0.0977, 0.4463, 0.1209] **
max =  0.4463 | max_idx =  5
Epoch 43/50, Train Loss: 0.9204, Valid Loss: 1.8208, Train Acc: 0.9429, Val Acc: 0.3367, Test Acc: 0.3356, Test F1: 0.2885, Total Pseudo-Labels: 0, Correct Pseudo-Labels: 0, Train Data Number: 70



line 303 => train data수 70
line 258 => 인스턴스 수 10
Step 430  Tim 1:13:23
acc_train_cw(현재 train의 class별 acc) [0.8, 1.0, 0.9, 1.0, 1.0, 0.9, 1.0]
cw_psl_total_eval(pseudo label 클래스별 총 샘플 수):  [0, 0, 0, 0, 0, 0, 0]
cw_psl_correct_eval(pseudo label 클래스별 맞은 샘플 수):  [0, 0, 0, 0, 0, 0, 0]
psl_acc(PSL 평가에서의 정확도): None 
cw_psl_acc(클래스별 PSL 평가에서의 정확도):  [nan, nan, nan, nan, nan, nan, nan]
**pseudo_label ->  [0.0935, 0.4762, 0.1148, 0.0754, 0.0807, 0.0903, 0.0691] **
max =  0.4762 | max_idx =  1
**pseudo_label ->  [0.1048, 0.479, 0.1112, 0.0823, 0.0775, 0.0778, 0.0673] **
max =  0.479 | max_idx =  1
**pseudo_label ->  [0.0942, 0.4879, 0.0906, 0.0888, 0.0843, 0.079, 0.0752] **
max =  0.4879 | max_idx =  1
**pseudo_label ->  [0.0877, 0.0874, 0.0858, 0.4813, 0.0777, 0.094, 0.0862] **
max =  0.4813 | max_idx =  3
**pseudo_label ->  [0.0722, 0.0961, 0.082, 0.0875, 0.1063, 0.4517, 0.1043] **
max =  0.4517 | max_idx =  5
Epoch 44/50, Train Loss: 0.8535, Valid Loss: 1.9241, Train Acc: 0.9429, Val Acc: 0.3536, Test Acc: 0.3602, Test F1: 0.3195, Total Pseudo-Labels: 0, Correct Pseudo-Labels: 0, Train Data Number: 70



line 303 => train data수 70
line 258 => 인스턴스 수 10
Step 440  Tim 1:15:04
acc_train_cw(현재 train의 class별 acc) [1.0, 1.0, 1.0, 1.0, 1.0, 1.0, 1.0]
cw_psl_total_eval(pseudo label 클래스별 총 샘플 수):  [0, 0, 0, 0, 0, 0, 0]
cw_psl_correct_eval(pseudo label 클래스별 맞은 샘플 수):  [0, 0, 0, 0, 0, 0, 0]
psl_acc(PSL 평가에서의 정확도): None 
cw_psl_acc(클래스별 PSL 평가에서의 정확도):  [nan, nan, nan, nan, nan, nan, nan]
**pseudo_label ->  [0.1422, 0.4279, 0.12, 0.0594, 0.0658, 0.1137, 0.071] **
max =  0.4279 | max_idx =  1
**pseudo_label ->  [0.0948, 0.1257, 0.4478, 0.0863, 0.0802, 0.0917, 0.0736] **
max =  0.4478 | max_idx =  2
**pseudo_label ->  [0.1275, 0.4734, 0.0763, 0.0922, 0.0855, 0.0776, 0.0674] **
max =  0.4734 | max_idx =  1
**pseudo_label ->  [0.0813, 0.0851, 0.0806, 0.4891, 0.0867, 0.0878, 0.0894] **
max =  0.4891 | max_idx =  3
**pseudo_label ->  [0.077, 0.0885, 0.0765, 0.0866, 0.0939, 0.4569, 0.1207] **
max =  0.4569 | max_idx =  5
Epoch 45/50, Train Loss: 0.8328, Valid Loss: 1.8074, Train Acc: 1.0000, Val Acc: 0.2944, Test Acc: 0.3043, Test F1: 0.2744, Total Pseudo-Labels: 0, Correct Pseudo-Labels: 0, Train Data Number: 70



line 303 => train data수 70
line 258 => 인스턴스 수 10
Step 450  Tim 1:16:44
acc_train_cw(현재 train의 class별 acc) [1.0, 1.0, 1.0, 1.0, 1.0, 0.7, 1.0]
cw_psl_total_eval(pseudo label 클래스별 총 샘플 수):  [0, 0, 0, 0, 0, 0, 0]
cw_psl_correct_eval(pseudo label 클래스별 맞은 샘플 수):  [0, 0, 0, 0, 0, 0, 0]
psl_acc(PSL 평가에서의 정확도): None 
cw_psl_acc(클래스별 PSL 평가에서의 정확도):  [nan, nan, nan, nan, nan, nan, nan]
**pseudo_label ->  [0.1609, 0.0915, 0.4291, 0.0777, 0.0737, 0.0958, 0.0713] **
max =  0.4291 | max_idx =  2
**pseudo_label ->  [0.0935, 0.1006, 0.46, 0.0938, 0.0882, 0.0854, 0.0785] **
max =  0.46 | max_idx =  2
**pseudo_label ->  [0.1142, 0.4664, 0.0842, 0.1252, 0.084, 0.0655, 0.0605] **
max =  0.4664 | max_idx =  1
**pseudo_label ->  [0.0781, 0.09, 0.0868, 0.4931, 0.0737, 0.0825, 0.0958] **
max =  0.4931 | max_idx =  3
**pseudo_label ->  [0.0698, 0.078, 0.1074, 0.0625, 0.3287, 0.244, 0.1097] **
max =  0.3287 | max_idx =  4
Epoch 46/50, Train Loss: 0.7874, Valid Loss: 1.8445, Train Acc: 0.9571, Val Acc: 0.3672, Test Acc: 0.1812, Test F1: 0.2202, Total Pseudo-Labels: 0, Correct Pseudo-Labels: 0, Train Data Number: 70



line 303 => train data수 70
line 258 => 인스턴스 수 10
Step 460  Tim 1:18:25
acc_train_cw(현재 train의 class별 acc) [1.0, 1.0, 0.9, 1.0, 1.0, 1.0, 1.0]
cw_psl_total_eval(pseudo label 클래스별 총 샘플 수):  [0, 0, 0, 0, 0, 0, 0]
cw_psl_correct_eval(pseudo label 클래스별 맞은 샘플 수):  [0, 0, 0, 0, 0, 0, 0]
psl_acc(PSL 평가에서의 정확도): None 
cw_psl_acc(클래스별 PSL 평가에서의 정확도):  [nan, nan, nan, nan, nan, nan, nan]
**pseudo_label ->  [0.3975, 0.2234, 0.0779, 0.0733, 0.0845, 0.0769, 0.0664] **
max =  0.3975 | max_idx =  0
**pseudo_label ->  [0.116, 0.4971, 0.0921, 0.0787, 0.0798, 0.0721, 0.0642] **
max =  0.4971 | max_idx =  1
**pseudo_label ->  [0.1363, 0.4703, 0.0687, 0.1041, 0.0867, 0.0667, 0.0671] **
max =  0.4703 | max_idx =  1
**pseudo_label ->  [0.0775, 0.0878, 0.0834, 0.4977, 0.0696, 0.0916, 0.0924] **
max =  0.4977 | max_idx =  3
**pseudo_label ->  [0.064, 0.0862, 0.0809, 0.0677, 0.3853, 0.1735, 0.1424] **
max =  0.3853 | max_idx =  4
Epoch 47/50, Train Loss: 0.7991, Valid Loss: 1.8694, Train Acc: 0.9857, Val Acc: 0.3469, Test Acc: 0.2416, Test F1: 0.2400, Total Pseudo-Labels: 0, Correct Pseudo-Labels: 0, Train Data Number: 70



line 303 => train data수 70
line 258 => 인스턴스 수 10
Step 470  Tim 1:20:05
acc_train_cw(현재 train의 class별 acc) [1.0, 1.0, 1.0, 1.0, 1.0, 1.0, 1.0]
cw_psl_total_eval(pseudo label 클래스별 총 샘플 수):  [0, 0, 0, 0, 0, 0, 0]
cw_psl_correct_eval(pseudo label 클래스별 맞은 샘플 수):  [0, 0, 0, 0, 0, 0, 0]
psl_acc(PSL 평가에서의 정확도): None 
cw_psl_acc(클래스별 PSL 평가에서의 정확도):  [nan, nan, nan, nan, nan, nan, nan]
**pseudo_label ->  [0.4893, 0.0841, 0.1081, 0.0749, 0.083, 0.0867, 0.0738] **
max =  0.4893 | max_idx =  0
**pseudo_label ->  [0.2829, 0.0917, 0.3292, 0.0741, 0.073, 0.0902, 0.0588] **
max =  0.3292 | max_idx =  2
**pseudo_label ->  [0.1087, 0.4985, 0.0872, 0.0991, 0.0776, 0.0571, 0.0717] **
max =  0.4985 | max_idx =  1
**pseudo_label ->  [0.0786, 0.0842, 0.0734, 0.5068, 0.0817, 0.0864, 0.0889] **
max =  0.5068 | max_idx =  3
**pseudo_label ->  [0.0728, 0.0775, 0.1087, 0.0845, 0.0751, 0.4842, 0.0972] **
max =  0.4842 | max_idx =  5
Epoch 48/50, Train Loss: 0.7709, Valid Loss: 1.7735, Train Acc: 1.0000, Val Acc: 0.3299, Test Acc: 0.3915, Test F1: 0.3373, Total Pseudo-Labels: 0, Correct Pseudo-Labels: 0, Train Data Number: 70



line 303 => train data수 70
line 258 => 인스턴스 수 10
Step 480  Tim 1:21:45
acc_train_cw(현재 train의 class별 acc) [1.0, 1.0, 1.0, 1.0, 1.0, 0.9, 1.0]
cw_psl_total_eval(pseudo label 클래스별 총 샘플 수):  [0, 0, 0, 0, 0, 0, 0]
cw_psl_correct_eval(pseudo label 클래스별 맞은 샘플 수):  [0, 0, 0, 0, 0, 0, 0]
psl_acc(PSL 평가에서의 정확도): None 
cw_psl_acc(클래스별 PSL 평가에서의 정확도):  [nan, nan, nan, nan, nan, nan, nan]
**pseudo_label ->  [0.1148, 0.4758, 0.1424, 0.0732, 0.064, 0.0676, 0.0622] **
max =  0.4758 | max_idx =  1
**pseudo_label ->  [0.2359, 0.0972, 0.3784, 0.071, 0.0781, 0.0763, 0.063] **
max =  0.3784 | max_idx =  2
**pseudo_label ->  [0.0872, 0.5074, 0.0998, 0.0954, 0.0759, 0.0579, 0.0764] **
max =  0.5074 | max_idx =  1
**pseudo_label ->  [0.0838, 0.0859, 0.073, 0.5139, 0.0837, 0.0759, 0.0838] **
max =  0.5139 | max_idx =  3
**pseudo_label ->  [0.0649, 0.077, 0.1095, 0.0747, 0.0867, 0.485, 0.1022] **
max =  0.485 | max_idx =  5
Epoch 49/50, Train Loss: 0.7226, Valid Loss: 1.8075, Train Acc: 0.9857, Val Acc: 0.3689, Test Acc: 0.2774, Test F1: 0.2626, Total Pseudo-Labels: 0, Correct Pseudo-Labels: 0, Train Data Number: 70



line 303 => train data수 70
line 258 => 인스턴스 수 10
Step 490  Tim 1:23:25
acc_train_cw(현재 train의 class별 acc) [1.0, 1.0, 1.0, 1.0, 1.0, 1.0, 1.0]
cw_psl_total_eval(pseudo label 클래스별 총 샘플 수):  [0, 0, 0, 0, 0, 0, 0]
cw_psl_correct_eval(pseudo label 클래스별 맞은 샘플 수):  [0, 0, 0, 0, 0, 0, 0]
psl_acc(PSL 평가에서의 정확도): None 
cw_psl_acc(클래스별 PSL 평가에서의 정확도):  [nan, nan, nan, nan, nan, nan, nan]
**pseudo_label ->  [0.0825, 0.5208, 0.0941, 0.0713, 0.073, 0.0852, 0.0731] **
max =  0.5208 | max_idx =  1
**pseudo_label ->  [0.0871, 0.4771, 0.1601, 0.0706, 0.071, 0.0705, 0.0635] **
max =  0.4771 | max_idx =  1
**pseudo_label ->  [0.0886, 0.5253, 0.0894, 0.0795, 0.0791, 0.0652, 0.073] **
max =  0.5253 | max_idx =  1
**pseudo_label ->  [0.0791, 0.083, 0.0782, 0.5192, 0.0855, 0.0768, 0.0782] **
max =  0.5192 | max_idx =  3
**pseudo_label ->  [0.0685, 0.0774, 0.0987, 0.0825, 0.0822, 0.4983, 0.0924] **
max =  0.4983 | max_idx =  5
Epoch 50/50, Train Loss: 0.6839, Valid Loss: 1.8158, Train Acc: 1.0000, Val Acc: 0.3689, Test Acc: 0.3065, Test F1: 0.2662, Total Pseudo-Labels: 0, Correct Pseudo-Labels: 0, Train Data Number: 70

Training complete!
Total training took 1:24:47 (h:mm:ss)
Load model from ./experiment/java_extended_data/output/10_codet5p-110m-embedding_0.00025_0.7_java_extended_data_net0.pth
Save training statistics in:  ./experiment/java_extended_data/log/codet5p/class5//10_codet5p-110m-embedding_0.00025_0.7_java_extended_data/training_statistics.csv

best_trian_loss, epoch => 0.683924525976181 50
Epoch-1_train_loss => 1.9747614979743957
max_epoch_train_loss => 0.683924525976181 


best_val_loss, epoch =>  1.773549220787894 48
Epoch-1_val_loss => 1.9197465100667601
max_epoch_val_loss => 1.8158153529497976 

pse_epoch =>  []
추가되는 pse_epoch =>  [] 

total_data:  70 
Best_step:  80 
Best_epoch:  8 
best_val_acc:  0.38071065989847713 
best_test_acc:  0.21476510067114093 
best_test_f1:  0.21737410325845166
Save best record in:  ./experiment/java_extended_data/log/codet5p/class5/summary.csv
Save best record in:  ./experiment/java_extended_data/log/summary_avgrun.csv
