current work directory:  /home/imsuhan22/few-shot-tc/custom_ssl/code
Data set -> java_extended_data
save_name: 5_codet5p-110m-embedding_0.0003_0.7_java_extended_data

data_path:  ../data/problem_based_split/java_extended_data

There are 2 GPU(s) available.
We will use the GPU- 0 Quadro RTX 8000

**line 147 모델 =>  Salesforce/codet5p-110m-embedding
**tokenizer type =  Salesforce/codet5p-110m-embedding 

pesudo label class개수 기준 -> 5
n_labeled_per_class:  5
train_df samples: 3851
train_labeled_df samples: 35
train_unlabeled_df samples: 3816
n_classes:  7 


net_arch:  Salesforce/codet5p-110m-embedding 
lr:  0.0003 
lr_linear:  0.001 




line 303 => train data수 35
line 258 => 인스턴스 수 5
Step 0  Tim 0:00:18
acc_train_cw(현재 train의 class별 acc) [0.2, 0.4, 0.0, 0.0, 0.0, 0.0, 0.0]
cw_psl_total_eval(pseudo label 클래스별 총 샘플 수):  [0, 0, 0, 0, 0, 0, 0]
cw_psl_correct_eval(pseudo label 클래스별 맞은 샘플 수):  [0, 0, 0, 0, 0, 0, 0]
psl_acc(PSL 평가에서의 정확도): None 
cw_psl_acc(클래스별 PSL 평가에서의 정확도):  [nan, nan, nan, nan, nan, nan, nan]
***best_acc_model_save --- epoch = 1***
Save model to ./experiment/java_extended_data/output/
**pseudo_label ->  [0.1455, 0.1528, 0.1454, 0.1437, 0.1333, 0.1403, 0.1392] **
max =  0.1528 | max_idx =  1
**pseudo_label ->  [0.1444, 0.1486, 0.1402, 0.1469, 0.1348, 0.1403, 0.1448] **
max =  0.1486 | max_idx =  1
**pseudo_label ->  [0.1453, 0.1552, 0.1482, 0.1433, 0.1309, 0.1406, 0.1365] **
max =  0.1552 | max_idx =  1
**pseudo_label ->  [0.1465, 0.1556, 0.141, 0.1439, 0.1371, 0.1381, 0.1378] **
max =  0.1556 | max_idx =  1
**pseudo_label ->  [0.1466, 0.1546, 0.1474, 0.1456, 0.1325, 0.1377, 0.1355] **
max =  0.1546 | max_idx =  1
Epoch 1/50, Train Loss: 2.0112, Valid Loss: 1.9552, Train Acc: 0.0857, Val Acc: 0.1760, Test Acc: 0.0850, Test F1: 0.0642, Total Pseudo-Labels: 0, Correct Pseudo-Labels: 0, Train Data Number: 35



line 303 => train data수 35
line 258 => 인스턴스 수 5
Step 5  Tim 0:01:59
acc_train_cw(현재 train의 class별 acc) [0.0, 1.0, 0.0, 0.0, 0.0, 0.0, 0.0]
cw_psl_total_eval(pseudo label 클래스별 총 샘플 수):  [0, 0, 0, 0, 0, 0, 0]
cw_psl_correct_eval(pseudo label 클래스별 맞은 샘플 수):  [0, 0, 0, 0, 0, 0, 0]
psl_acc(PSL 평가에서의 정확도): None 
cw_psl_acc(클래스별 PSL 평가에서의 정확도):  [nan, nan, nan, nan, nan, nan, nan]
***best_acc_model_save --- epoch = 2***
Save model to ./experiment/java_extended_data/output/
**pseudo_label ->  [0.1293, 0.1659, 0.1311, 0.1233, 0.1535, 0.1547, 0.1422] **
max =  0.1659 | max_idx =  1
**pseudo_label ->  [0.1293, 0.1685, 0.1296, 0.1247, 0.1554, 0.1516, 0.1409] **
max =  0.1685 | max_idx =  1
**pseudo_label ->  [0.1278, 0.1671, 0.1302, 0.1216, 0.1532, 0.1561, 0.1441] **
max =  0.1671 | max_idx =  1
**pseudo_label ->  [0.1279, 0.1652, 0.1314, 0.1229, 0.1538, 0.1562, 0.1427] **
max =  0.1652 | max_idx =  1
**pseudo_label ->  [0.1277, 0.1673, 0.1293, 0.1224, 0.1549, 0.1566, 0.1419] **
max =  0.1673 | max_idx =  1
Epoch 2/50, Train Loss: 1.9504, Valid Loss: 1.9438, Train Acc: 0.1429, Val Acc: 0.1997, Test Acc: 0.0604, Test F1: 0.0163, Total Pseudo-Labels: 0, Correct Pseudo-Labels: 0, Train Data Number: 35



line 303 => train data수 35
line 258 => 인스턴스 수 5
Step 10  Tim 0:03:51
acc_train_cw(현재 train의 class별 acc) [0.0, 1.0, 0.0, 0.0, 0.0, 0.8, 0.0]
cw_psl_total_eval(pseudo label 클래스별 총 샘플 수):  [0, 0, 0, 0, 0, 0, 0]
cw_psl_correct_eval(pseudo label 클래스별 맞은 샘플 수):  [0, 0, 0, 0, 0, 0, 0]
psl_acc(PSL 평가에서의 정확도): None 
cw_psl_acc(클래스별 PSL 평가에서의 정확도):  [nan, nan, nan, nan, nan, nan, nan]
**pseudo_label ->  [0.1279, 0.1546, 0.1489, 0.1331, 0.1459, 0.151, 0.1387] **
max =  0.1546 | max_idx =  1
**pseudo_label ->  [0.1282, 0.1569, 0.1465, 0.133, 0.1453, 0.1528, 0.1374] **
max =  0.1569 | max_idx =  1
**pseudo_label ->  [0.1313, 0.1551, 0.1472, 0.1321, 0.1403, 0.1566, 0.1373] **
max =  0.1566 | max_idx =  5
**pseudo_label ->  [0.127, 0.1522, 0.1488, 0.1324, 0.1463, 0.1523, 0.1409] **
max =  0.1523 | max_idx =  5
**pseudo_label ->  [0.1307, 0.1558, 0.1448, 0.135, 0.1428, 0.1535, 0.1375] **
max =  0.1558 | max_idx =  1
Epoch 3/50, Train Loss: 1.8944, Valid Loss: 1.9299, Train Acc: 0.2571, Val Acc: 0.1827, Test Acc: 0.1074, Test F1: 0.0456, Total Pseudo-Labels: 0, Correct Pseudo-Labels: 0, Train Data Number: 35



line 303 => train data수 35
line 258 => 인스턴스 수 5
Step 15  Tim 0:05:32
acc_train_cw(현재 train의 class별 acc) [0.0, 1.0, 1.0, 0.0, 0.0, 0.4, 1.0]
cw_psl_total_eval(pseudo label 클래스별 총 샘플 수):  [0, 0, 0, 0, 0, 0, 0]
cw_psl_correct_eval(pseudo label 클래스별 맞은 샘플 수):  [0, 0, 0, 0, 0, 0, 0]
psl_acc(PSL 평가에서의 정확도): None 
cw_psl_acc(클래스별 PSL 평가에서의 정확도):  [nan, nan, nan, nan, nan, nan, nan]
***best_acc_model_save --- epoch = 4***
Save model to ./experiment/java_extended_data/output/
**pseudo_label ->  [0.1406, 0.1379, 0.1688, 0.1373, 0.132, 0.1445, 0.1389] **
max =  0.1688 | max_idx =  2
**pseudo_label ->  [0.1423, 0.1432, 0.1688, 0.141, 0.1318, 0.1437, 0.1292] **
max =  0.1688 | max_idx =  2
**pseudo_label ->  [0.1447, 0.1367, 0.1682, 0.1395, 0.1308, 0.1473, 0.1327] **
max =  0.1682 | max_idx =  2
**pseudo_label ->  [0.1361, 0.1224, 0.1698, 0.1382, 0.1407, 0.1443, 0.1484] **
max =  0.1698 | max_idx =  2
**pseudo_label ->  [0.1452, 0.1328, 0.1709, 0.139, 0.1331, 0.1466, 0.1323] **
max =  0.1709 | max_idx =  2
Epoch 4/50, Train Loss: 1.7715, Valid Loss: 1.9124, Train Acc: 0.4857, Val Acc: 0.2437, Test Acc: 0.1723, Test F1: 0.1349, Total Pseudo-Labels: 0, Correct Pseudo-Labels: 0, Train Data Number: 35



line 303 => train data수 35
line 258 => 인스턴스 수 5
Step 20  Tim 0:07:23
acc_train_cw(현재 train의 class별 acc) [0.4, 1.0, 1.0, 0.4, 1.0, 0.8, 1.0]
cw_psl_total_eval(pseudo label 클래스별 총 샘플 수):  [0, 0, 0, 0, 0, 0, 0]
cw_psl_correct_eval(pseudo label 클래스별 맞은 샘플 수):  [0, 0, 0, 0, 0, 0, 0]
psl_acc(PSL 평가에서의 정확도): None 
cw_psl_acc(클래스별 PSL 평가에서의 정확도):  [nan, nan, nan, nan, nan, nan, nan]
**pseudo_label ->  [0.1254, 0.1272, 0.1561, 0.1318, 0.159, 0.1496, 0.1509] **
max =  0.159 | max_idx =  4
**pseudo_label ->  [0.1243, 0.1535, 0.1352, 0.1314, 0.1558, 0.1666, 0.1332] **
max =  0.1666 | max_idx =  5
**pseudo_label ->  [0.1608, 0.1518, 0.1471, 0.1322, 0.1271, 0.1684, 0.1126] **
max =  0.1684 | max_idx =  5
**pseudo_label ->  [0.1144, 0.1229, 0.1482, 0.1245, 0.1614, 0.172, 0.1566] **
max =  0.172 | max_idx =  5
**pseudo_label ->  [0.1429, 0.158, 0.1388, 0.1381, 0.1436, 0.145, 0.1336] **
max =  0.158 | max_idx =  1
Epoch 5/50, Train Loss: 1.6469, Valid Loss: 1.8860, Train Acc: 0.8000, Val Acc: 0.2217, Test Acc: 0.1946, Test F1: 0.1688, Total Pseudo-Labels: 0, Correct Pseudo-Labels: 0, Train Data Number: 35



line 303 => train data수 35
line 258 => 인스턴스 수 5
Step 25  Tim 0:09:03
acc_train_cw(현재 train의 class별 acc) [1.0, 1.0, 1.0, 0.8, 1.0, 1.0, 1.0]
cw_psl_total_eval(pseudo label 클래스별 총 샘플 수):  [0, 0, 0, 0, 0, 0, 0]
cw_psl_correct_eval(pseudo label 클래스별 맞은 샘플 수):  [0, 0, 0, 0, 0, 0, 0]
psl_acc(PSL 평가에서의 정확도): None 
cw_psl_acc(클래스별 PSL 평가에서의 정확도):  [nan, nan, nan, nan, nan, nan, nan]
***best_acc_model_save --- epoch = 6***
Save model to ./experiment/java_extended_data/output/
**pseudo_label ->  [0.1199, 0.1202, 0.1762, 0.1361, 0.1561, 0.1389, 0.1526] **
max =  0.1762 | max_idx =  2
**pseudo_label ->  [0.1299, 0.1674, 0.1466, 0.1517, 0.1488, 0.1477, 0.108] **
max =  0.1674 | max_idx =  1
**pseudo_label ->  [0.1695, 0.1499, 0.1561, 0.1502, 0.1152, 0.1562, 0.1029] **
max =  0.1695 | max_idx =  0
**pseudo_label ->  [0.1223, 0.1229, 0.1815, 0.1425, 0.1491, 0.1494, 0.1322] **
max =  0.1815 | max_idx =  2
**pseudo_label ->  [0.1296, 0.1517, 0.1582, 0.148, 0.1531, 0.1273, 0.1321] **
max =  0.1582 | max_idx =  2
Epoch 6/50, Train Loss: 1.5523, Valid Loss: 1.9201, Train Acc: 0.9714, Val Acc: 0.2453, Test Acc: 0.1432, Test F1: 0.1345, Total Pseudo-Labels: 0, Correct Pseudo-Labels: 0, Train Data Number: 35



line 303 => train data수 35
line 258 => 인스턴스 수 5
Step 30  Tim 0:10:54
acc_train_cw(현재 train의 class별 acc) [1.0, 1.0, 1.0, 1.0, 1.0, 1.0, 1.0]
cw_psl_total_eval(pseudo label 클래스별 총 샘플 수):  [0, 0, 0, 0, 0, 0, 0]
cw_psl_correct_eval(pseudo label 클래스별 맞은 샘플 수):  [0, 0, 0, 0, 0, 0, 0]
psl_acc(PSL 평가에서의 정확도): None 
cw_psl_acc(클래스별 PSL 평가에서의 정확도):  [nan, nan, nan, nan, nan, nan, nan]
**pseudo_label ->  [0.1069, 0.1313, 0.1566, 0.1087, 0.1486, 0.1972, 0.1506] **
max =  0.1972 | max_idx =  5
**pseudo_label ->  [0.1136, 0.1993, 0.1318, 0.1247, 0.1423, 0.1678, 0.1205] **
max =  0.1993 | max_idx =  1
**pseudo_label ->  [0.1046, 0.1494, 0.1353, 0.1443, 0.1311, 0.1869, 0.1484] **
max =  0.1869 | max_idx =  5
**pseudo_label ->  [0.1062, 0.1138, 0.1603, 0.1142, 0.1445, 0.1797, 0.1812] **
max =  0.1812 | max_idx =  6
**pseudo_label ->  [0.1179, 0.1484, 0.167, 0.1161, 0.1535, 0.1424, 0.1546] **
max =  0.167 | max_idx =  2
Epoch 7/50, Train Loss: 1.4923, Valid Loss: 1.9088, Train Acc: 1.0000, Val Acc: 0.2014, Test Acc: 0.3020, Test F1: 0.2343, Total Pseudo-Labels: 0, Correct Pseudo-Labels: 0, Train Data Number: 35



line 303 => train data수 35
line 258 => 인스턴스 수 5
Step 35  Tim 0:12:34
acc_train_cw(현재 train의 class별 acc) [1.0, 1.0, 1.0, 1.0, 1.0, 1.0, 1.0]
cw_psl_total_eval(pseudo label 클래스별 총 샘플 수):  [0, 0, 0, 0, 0, 0, 0]
cw_psl_correct_eval(pseudo label 클래스별 맞은 샘플 수):  [0, 0, 0, 0, 0, 0, 0]
psl_acc(PSL 평가에서의 정확도): None 
cw_psl_acc(클래스별 PSL 평가에서의 정확도):  [nan, nan, nan, nan, nan, nan, nan]
**pseudo_label ->  [0.1118, 0.117, 0.173, 0.1173, 0.143, 0.209, 0.129] **
max =  0.209 | max_idx =  5
**pseudo_label ->  [0.1339, 0.1794, 0.1293, 0.1582, 0.1405, 0.1652, 0.0935] **
max =  0.1794 | max_idx =  1
**pseudo_label ->  [0.1318, 0.1194, 0.1401, 0.1996, 0.1169, 0.1705, 0.1217] **
max =  0.1996 | max_idx =  3
**pseudo_label ->  [0.1107, 0.1118, 0.1582, 0.123, 0.1387, 0.2192, 0.1385] **
max =  0.2192 | max_idx =  5
**pseudo_label ->  [0.1392, 0.1602, 0.1589, 0.1245, 0.1438, 0.1243, 0.1491] **
max =  0.1602 | max_idx =  1
Epoch 8/50, Train Loss: 1.4479, Valid Loss: 1.8856, Train Acc: 1.0000, Val Acc: 0.2030, Test Acc: 0.2752, Test F1: 0.2121, Total Pseudo-Labels: 0, Correct Pseudo-Labels: 0, Train Data Number: 35



line 303 => train data수 35
line 258 => 인스턴스 수 5
Step 40  Tim 0:14:13
acc_train_cw(현재 train의 class별 acc) [1.0, 1.0, 1.0, 1.0, 1.0, 1.0, 1.0]
cw_psl_total_eval(pseudo label 클래스별 총 샘플 수):  [0, 0, 0, 0, 0, 0, 0]
cw_psl_correct_eval(pseudo label 클래스별 맞은 샘플 수):  [0, 0, 0, 0, 0, 0, 0]
psl_acc(PSL 평가에서의 정확도): None 
cw_psl_acc(클래스별 PSL 평가에서의 정확도):  [nan, nan, nan, nan, nan, nan, nan]
**pseudo_label ->  [0.1025, 0.1117, 0.1941, 0.1142, 0.1499, 0.1836, 0.1441] **
max =  0.1941 | max_idx =  2
**pseudo_label ->  [0.11, 0.1534, 0.152, 0.1441, 0.19, 0.1422, 0.1083] **
max =  0.19 | max_idx =  4
**pseudo_label ->  [0.1111, 0.1214, 0.1494, 0.2129, 0.1198, 0.1545, 0.1308] **
max =  0.2129 | max_idx =  3
**pseudo_label ->  [0.1025, 0.1106, 0.1716, 0.117, 0.1346, 0.2193, 0.1444] **
max =  0.2193 | max_idx =  5
**pseudo_label ->  [0.1086, 0.1531, 0.1797, 0.1135, 0.1621, 0.1281, 0.155] **
max =  0.1797 | max_idx =  2
Epoch 9/50, Train Loss: 1.4319, Valid Loss: 1.8955, Train Acc: 1.0000, Val Acc: 0.2369, Test Acc: 0.2819, Test F1: 0.2262, Total Pseudo-Labels: 0, Correct Pseudo-Labels: 0, Train Data Number: 35



line 303 => train data수 35
line 258 => 인스턴스 수 5
Step 45  Tim 0:15:52
acc_train_cw(현재 train의 class별 acc) [1.0, 1.0, 1.0, 1.0, 1.0, 1.0, 1.0]
cw_psl_total_eval(pseudo label 클래스별 총 샘플 수):  [0, 0, 0, 0, 0, 0, 0]
cw_psl_correct_eval(pseudo label 클래스별 맞은 샘플 수):  [0, 0, 0, 0, 0, 0, 0]
psl_acc(PSL 평가에서의 정확도): None 
cw_psl_acc(클래스별 PSL 평가에서의 정확도):  [nan, nan, nan, nan, nan, nan, nan]
**pseudo_label ->  [0.1117, 0.1153, 0.2172, 0.1094, 0.1553, 0.1559, 0.1352] **
max =  0.2172 | max_idx =  2
**pseudo_label ->  [0.1094, 0.1731, 0.129, 0.1595, 0.1682, 0.1628, 0.0981] **
max =  0.1731 | max_idx =  1
**pseudo_label ->  [0.1223, 0.1271, 0.1345, 0.2303, 0.1126, 0.15, 0.1231] **
max =  0.2303 | max_idx =  3
**pseudo_label ->  [0.1122, 0.1143, 0.1581, 0.1188, 0.1421, 0.2324, 0.1222] **
max =  0.2324 | max_idx =  5
**pseudo_label ->  [0.1166, 0.1461, 0.209, 0.1234, 0.1468, 0.1409, 0.1173] **
max =  0.209 | max_idx =  2
Epoch 10/50, Train Loss: 1.3987, Valid Loss: 1.8498, Train Acc: 1.0000, Val Acc: 0.2301, Test Acc: 0.2886, Test F1: 0.2353, Total Pseudo-Labels: 0, Correct Pseudo-Labels: 0, Train Data Number: 35



line 303 => train data수 35
line 258 => 인스턴스 수 5
Step 50  Tim 0:17:32
acc_train_cw(현재 train의 class별 acc) [1.0, 1.0, 1.0, 1.0, 1.0, 1.0, 1.0]
cw_psl_total_eval(pseudo label 클래스별 총 샘플 수):  [0, 0, 0, 0, 0, 0, 0]
cw_psl_correct_eval(pseudo label 클래스별 맞은 샘플 수):  [0, 0, 0, 0, 0, 0, 0]
psl_acc(PSL 평가에서의 정확도): None 
cw_psl_acc(클래스별 PSL 평가에서의 정확도):  [nan, nan, nan, nan, nan, nan, nan]
***best_acc_model_save --- epoch = 11***
Save model to ./experiment/java_extended_data/output/
**pseudo_label ->  [0.1202, 0.1081, 0.2029, 0.1124, 0.1844, 0.1409, 0.1311] **
max =  0.2029 | max_idx =  2
**pseudo_label ->  [0.1078, 0.1713, 0.1251, 0.1671, 0.1951, 0.1262, 0.1074] **
max =  0.1951 | max_idx =  4
**pseudo_label ->  [0.1219, 0.12, 0.1314, 0.2378, 0.122, 0.1417, 0.1252] **
max =  0.2378 | max_idx =  3
**pseudo_label ->  [0.127, 0.1012, 0.1891, 0.1163, 0.1874, 0.1509, 0.1282] **
max =  0.1891 | max_idx =  2
**pseudo_label ->  [0.1294, 0.1168, 0.2022, 0.1239, 0.1815, 0.1221, 0.124] **
max =  0.2022 | max_idx =  2
Epoch 11/50, Train Loss: 1.3965, Valid Loss: 1.8511, Train Acc: 1.0000, Val Acc: 0.2724, Test Acc: 0.2550, Test F1: 0.2190, Total Pseudo-Labels: 0, Correct Pseudo-Labels: 0, Train Data Number: 35



line 303 => train data수 35
line 258 => 인스턴스 수 5
Step 55  Tim 0:19:23
acc_train_cw(현재 train의 class별 acc) [1.0, 1.0, 1.0, 1.0, 1.0, 1.0, 1.0]
cw_psl_total_eval(pseudo label 클래스별 총 샘플 수):  [0, 0, 0, 0, 0, 0, 0]
cw_psl_correct_eval(pseudo label 클래스별 맞은 샘플 수):  [0, 0, 0, 0, 0, 0, 0]
psl_acc(PSL 평가에서의 정확도): None 
cw_psl_acc(클래스별 PSL 평가에서의 정확도):  [nan, nan, nan, nan, nan, nan, nan]
**pseudo_label ->  [0.1179, 0.1108, 0.2148, 0.1055, 0.1753, 0.1466, 0.1291] **
max =  0.2148 | max_idx =  2
**pseudo_label ->  [0.1109, 0.2012, 0.1333, 0.1576, 0.181, 0.1148, 0.1013] **
max =  0.2012 | max_idx =  1
**pseudo_label ->  [0.1202, 0.1172, 0.1322, 0.2399, 0.1216, 0.1435, 0.1253] **
max =  0.2399 | max_idx =  3
**pseudo_label ->  [0.1156, 0.1062, 0.1941, 0.1091, 0.1924, 0.1544, 0.1282] **
max =  0.1941 | max_idx =  2
**pseudo_label ->  [0.1213, 0.1282, 0.201, 0.1062, 0.1931, 0.1217, 0.1284] **
max =  0.201 | max_idx =  2
Epoch 12/50, Train Loss: 1.3666, Valid Loss: 1.8732, Train Acc: 1.0000, Val Acc: 0.2589, Test Acc: 0.2528, Test F1: 0.2158, Total Pseudo-Labels: 0, Correct Pseudo-Labels: 0, Train Data Number: 35



line 303 => train data수 35
line 258 => 인스턴스 수 5
Step 60  Tim 0:21:03
acc_train_cw(현재 train의 class별 acc) [1.0, 1.0, 1.0, 1.0, 1.0, 1.0, 1.0]
cw_psl_total_eval(pseudo label 클래스별 총 샘플 수):  [0, 0, 0, 0, 0, 0, 0]
cw_psl_correct_eval(pseudo label 클래스별 맞은 샘플 수):  [0, 0, 0, 0, 0, 0, 0]
psl_acc(PSL 평가에서의 정확도): None 
cw_psl_acc(클래스별 PSL 평가에서의 정확도):  [nan, nan, nan, nan, nan, nan, nan]
**pseudo_label ->  [0.1131, 0.1041, 0.1882, 0.1086, 0.1997, 0.1518, 0.1345] **
max =  0.1997 | max_idx =  4
**pseudo_label ->  [0.1133, 0.1949, 0.121, 0.1425, 0.2034, 0.1235, 0.1013] **
max =  0.2034 | max_idx =  4
**pseudo_label ->  [0.1225, 0.1177, 0.1299, 0.245, 0.1198, 0.1419, 0.1233] **
max =  0.245 | max_idx =  3
**pseudo_label ->  [0.1115, 0.1079, 0.1643, 0.1121, 0.2211, 0.1557, 0.1274] **
max =  0.2211 | max_idx =  4
**pseudo_label ->  [0.1094, 0.1187, 0.1714, 0.1168, 0.2226, 0.1322, 0.1288] **
max =  0.2226 | max_idx =  4
Epoch 13/50, Train Loss: 1.3508, Valid Loss: 1.8696, Train Acc: 1.0000, Val Acc: 0.2453, Test Acc: 0.2752, Test F1: 0.2333, Total Pseudo-Labels: 0, Correct Pseudo-Labels: 0, Train Data Number: 35



line 303 => train data수 35
line 258 => 인스턴스 수 5
Step 65  Tim 0:22:42
acc_train_cw(현재 train의 class별 acc) [1.0, 1.0, 1.0, 1.0, 1.0, 1.0, 1.0]
cw_psl_total_eval(pseudo label 클래스별 총 샘플 수):  [0, 0, 0, 0, 0, 0, 0]
cw_psl_correct_eval(pseudo label 클래스별 맞은 샘플 수):  [0, 0, 0, 0, 0, 0, 0]
psl_acc(PSL 평가에서의 정확도): None 
cw_psl_acc(클래스별 PSL 평가에서의 정확도):  [nan, nan, nan, nan, nan, nan, nan]
**pseudo_label ->  [0.1124, 0.1095, 0.2087, 0.1029, 0.1841, 0.1564, 0.126] **
max =  0.2087 | max_idx =  2
**pseudo_label ->  [0.1074, 0.1847, 0.1217, 0.1518, 0.2125, 0.115, 0.1068] **
max =  0.2125 | max_idx =  4
**pseudo_label ->  [0.1144, 0.1179, 0.1303, 0.2487, 0.1199, 0.1423, 0.1266] **
max =  0.2487 | max_idx =  3
**pseudo_label ->  [0.112, 0.1097, 0.1585, 0.1111, 0.231, 0.1535, 0.1243] **
max =  0.231 | max_idx =  4
**pseudo_label ->  [0.1093, 0.1163, 0.1867, 0.1185, 0.217, 0.1253, 0.1269] **
max =  0.217 | max_idx =  4
Epoch 14/50, Train Loss: 1.3337, Valid Loss: 1.8517, Train Acc: 1.0000, Val Acc: 0.2437, Test Acc: 0.2595, Test F1: 0.2126, Total Pseudo-Labels: 0, Correct Pseudo-Labels: 0, Train Data Number: 35



line 303 => train data수 35
line 258 => 인스턴스 수 5
Step 70  Tim 0:24:21
acc_train_cw(현재 train의 class별 acc) [1.0, 1.0, 1.0, 1.0, 1.0, 1.0, 1.0]
cw_psl_total_eval(pseudo label 클래스별 총 샘플 수):  [0, 0, 0, 0, 0, 0, 0]
cw_psl_correct_eval(pseudo label 클래스별 맞은 샘플 수):  [0, 0, 0, 0, 0, 0, 0]
psl_acc(PSL 평가에서의 정확도): None 
cw_psl_acc(클래스별 PSL 평가에서의 정확도):  [nan, nan, nan, nan, nan, nan, nan]
**pseudo_label ->  [0.1156, 0.1093, 0.2032, 0.1018, 0.199, 0.1474, 0.1237] **
max =  0.2032 | max_idx =  2
**pseudo_label ->  [0.1105, 0.2166, 0.1203, 0.1451, 0.1953, 0.1081, 0.1041] **
max =  0.2166 | max_idx =  1
**pseudo_label ->  [0.118, 0.1193, 0.1285, 0.2545, 0.1202, 0.1371, 0.1224] **
max =  0.2545 | max_idx =  3
**pseudo_label ->  [0.1115, 0.115, 0.1586, 0.1127, 0.2385, 0.1448, 0.1189] **
max =  0.2385 | max_idx =  4
**pseudo_label ->  [0.1123, 0.128, 0.1993, 0.116, 0.2082, 0.1157, 0.1204] **
max =  0.2082 | max_idx =  4
Epoch 15/50, Train Loss: 1.3191, Valid Loss: 1.8678, Train Acc: 1.0000, Val Acc: 0.2555, Test Acc: 0.2148, Test F1: 0.1878, Total Pseudo-Labels: 0, Correct Pseudo-Labels: 0, Train Data Number: 35



line 303 => train data수 35
line 258 => 인스턴스 수 5
Step 75  Tim 0:26:00
acc_train_cw(현재 train의 class별 acc) [1.0, 1.0, 1.0, 1.0, 1.0, 1.0, 1.0]
cw_psl_total_eval(pseudo label 클래스별 총 샘플 수):  [0, 0, 0, 0, 0, 0, 0]
cw_psl_correct_eval(pseudo label 클래스별 맞은 샘플 수):  [0, 0, 0, 0, 0, 0, 0]
psl_acc(PSL 평가에서의 정확도): None 
cw_psl_acc(클래스별 PSL 평가에서의 정확도):  [nan, nan, nan, nan, nan, nan, nan]
**pseudo_label ->  [0.1047, 0.1002, 0.1777, 0.1129, 0.2165, 0.1531, 0.135] **
max =  0.2165 | max_idx =  4
**pseudo_label ->  [0.1017, 0.2332, 0.1158, 0.1607, 0.1636, 0.1238, 0.1011] **
max =  0.2332 | max_idx =  1
**pseudo_label ->  [0.1132, 0.1121, 0.124, 0.2536, 0.1249, 0.1489, 0.1233] **
max =  0.2536 | max_idx =  3
**pseudo_label ->  [0.1073, 0.1054, 0.1572, 0.1147, 0.2366, 0.1524, 0.1265] **
max =  0.2366 | max_idx =  4
**pseudo_label ->  [0.1108, 0.1162, 0.1622, 0.1175, 0.2443, 0.1234, 0.1255] **
max =  0.2443 | max_idx =  4
Epoch 16/50, Train Loss: 1.3046, Valid Loss: 1.8662, Train Acc: 1.0000, Val Acc: 0.2403, Test Acc: 0.2617, Test F1: 0.2141, Total Pseudo-Labels: 0, Correct Pseudo-Labels: 0, Train Data Number: 35



line 303 => train data수 35
line 258 => 인스턴스 수 5
Step 80  Tim 0:27:39
acc_train_cw(현재 train의 class별 acc) [1.0, 1.0, 1.0, 1.0, 1.0, 1.0, 1.0]
cw_psl_total_eval(pseudo label 클래스별 총 샘플 수):  [0, 0, 0, 0, 0, 0, 0]
cw_psl_correct_eval(pseudo label 클래스별 맞은 샘플 수):  [0, 0, 0, 0, 0, 0, 0]
psl_acc(PSL 평가에서의 정확도): None 
cw_psl_acc(클래스별 PSL 평가에서의 정확도):  [nan, nan, nan, nan, nan, nan, nan]
**pseudo_label ->  [0.1077, 0.1022, 0.1836, 0.105, 0.2173, 0.1537, 0.1304] **
max =  0.2173 | max_idx =  4
**pseudo_label ->  [0.1035, 0.2203, 0.1161, 0.1563, 0.1894, 0.1131, 0.1013] **
max =  0.2203 | max_idx =  1
**pseudo_label ->  [0.1123, 0.1168, 0.1257, 0.2601, 0.1203, 0.1454, 0.1195] **
max =  0.2601 | max_idx =  3
**pseudo_label ->  [0.1051, 0.1048, 0.1585, 0.1139, 0.2383, 0.1542, 0.1252] **
max =  0.2383 | max_idx =  4
**pseudo_label ->  [0.109, 0.1166, 0.1844, 0.1184, 0.2304, 0.121, 0.1202] **
max =  0.2304 | max_idx =  4
Epoch 17/50, Train Loss: 1.2897, Valid Loss: 1.8627, Train Acc: 1.0000, Val Acc: 0.2420, Test Acc: 0.2685, Test F1: 0.2195, Total Pseudo-Labels: 0, Correct Pseudo-Labels: 0, Train Data Number: 35



line 303 => train data수 35
line 258 => 인스턴스 수 5
Step 85  Tim 0:29:18
acc_train_cw(현재 train의 class별 acc) [1.0, 1.0, 1.0, 1.0, 1.0, 1.0, 1.0]
cw_psl_total_eval(pseudo label 클래스별 총 샘플 수):  [0, 0, 0, 0, 0, 0, 0]
cw_psl_correct_eval(pseudo label 클래스별 맞은 샘플 수):  [0, 0, 0, 0, 0, 0, 0]
psl_acc(PSL 평가에서의 정확도): None 
cw_psl_acc(클래스별 PSL 평가에서의 정확도):  [nan, nan, nan, nan, nan, nan, nan]
**pseudo_label ->  [0.1078, 0.106, 0.2329, 0.1045, 0.1802, 0.1451, 0.1234] **
max =  0.2329 | max_idx =  2
**pseudo_label ->  [0.1089, 0.2276, 0.118, 0.1575, 0.1845, 0.1098, 0.0937] **
max =  0.2276 | max_idx =  1
**pseudo_label ->  [0.1161, 0.1196, 0.1254, 0.2678, 0.1188, 0.1337, 0.1186] **
max =  0.2678 | max_idx =  3
**pseudo_label ->  [0.1072, 0.1094, 0.1569, 0.1114, 0.2447, 0.153, 0.1174] **
max =  0.2447 | max_idx =  4
**pseudo_label ->  [0.112, 0.1229, 0.1857, 0.1157, 0.2325, 0.1123, 0.119] **
max =  0.2325 | max_idx =  4
Epoch 18/50, Train Loss: 1.2756, Valid Loss: 1.8687, Train Acc: 1.0000, Val Acc: 0.2420, Test Acc: 0.2595, Test F1: 0.2181, Total Pseudo-Labels: 0, Correct Pseudo-Labels: 0, Train Data Number: 35



line 303 => train data수 35
line 258 => 인스턴스 수 5
Step 90  Tim 0:30:57
acc_train_cw(현재 train의 class별 acc) [1.0, 1.0, 1.0, 1.0, 1.0, 1.0, 1.0]
cw_psl_total_eval(pseudo label 클래스별 총 샘플 수):  [0, 0, 0, 0, 0, 0, 0]
cw_psl_correct_eval(pseudo label 클래스별 맞은 샘플 수):  [0, 0, 0, 0, 0, 0, 0]
psl_acc(PSL 평가에서의 정확도): None 
cw_psl_acc(클래스별 PSL 평가에서의 정확도):  [nan, nan, nan, nan, nan, nan, nan]
**pseudo_label ->  [0.1066, 0.0996, 0.1962, 0.1015, 0.2081, 0.1623, 0.1257] **
max =  0.2081 | max_idx =  4
**pseudo_label ->  [0.1111, 0.2002, 0.1106, 0.1563, 0.214, 0.1128, 0.0949] **
max =  0.214 | max_idx =  4
**pseudo_label ->  [0.111, 0.1168, 0.1247, 0.2684, 0.1174, 0.1394, 0.1223] **
max =  0.2684 | max_idx =  3
**pseudo_label ->  [0.1061, 0.1036, 0.1593, 0.1102, 0.2419, 0.1589, 0.12] **
max =  0.2419 | max_idx =  4
**pseudo_label ->  [0.113, 0.1149, 0.1867, 0.1104, 0.2342, 0.1242, 0.1166] **
max =  0.2342 | max_idx =  4
Epoch 19/50, Train Loss: 1.2616, Valid Loss: 1.8674, Train Acc: 1.0000, Val Acc: 0.2284, Test Acc: 0.2617, Test F1: 0.2156, Total Pseudo-Labels: 0, Correct Pseudo-Labels: 0, Train Data Number: 35



line 303 => train data수 35
line 258 => 인스턴스 수 5
Step 95  Tim 0:32:36
acc_train_cw(현재 train의 class별 acc) [1.0, 1.0, 1.0, 1.0, 1.0, 1.0, 1.0]
cw_psl_total_eval(pseudo label 클래스별 총 샘플 수):  [0, 0, 0, 0, 0, 0, 0]
cw_psl_correct_eval(pseudo label 클래스별 맞은 샘플 수):  [0, 0, 0, 0, 0, 0, 0]
psl_acc(PSL 평가에서의 정확도): None 
cw_psl_acc(클래스별 PSL 평가에서의 정확도):  [nan, nan, nan, nan, nan, nan, nan]
**pseudo_label ->  [0.1042, 0.108, 0.2204, 0.0937, 0.1941, 0.1502, 0.1295] **
max =  0.2204 | max_idx =  2
**pseudo_label ->  [0.1048, 0.2382, 0.1108, 0.1452, 0.1897, 0.1162, 0.0951] **
max =  0.2382 | max_idx =  1
**pseudo_label ->  [0.1098, 0.1152, 0.124, 0.2711, 0.1147, 0.1402, 0.125] **
max =  0.2711 | max_idx =  3
**pseudo_label ->  [0.1037, 0.1112, 0.1546, 0.1107, 0.2549, 0.1481, 0.1166] **
max =  0.2549 | max_idx =  4
**pseudo_label ->  [0.1078, 0.1191, 0.1941, 0.1132, 0.2322, 0.1205, 0.1131] **
max =  0.2322 | max_idx =  4
Epoch 20/50, Train Loss: 1.2477, Valid Loss: 1.8582, Train Acc: 1.0000, Val Acc: 0.2386, Test Acc: 0.2729, Test F1: 0.2262, Total Pseudo-Labels: 0, Correct Pseudo-Labels: 0, Train Data Number: 35



line 303 => train data수 35
line 258 => 인스턴스 수 5
Step 100  Tim 0:34:15
acc_train_cw(현재 train의 class별 acc) [1.0, 1.0, 1.0, 1.0, 1.0, 1.0, 1.0]
cw_psl_total_eval(pseudo label 클래스별 총 샘플 수):  [0, 0, 0, 0, 0, 0, 0]
cw_psl_correct_eval(pseudo label 클래스별 맞은 샘플 수):  [0, 0, 0, 0, 0, 0, 0]
psl_acc(PSL 평가에서의 정확도): None 
cw_psl_acc(클래스별 PSL 평가에서의 정확도):  [nan, nan, nan, nan, nan, nan, nan]
**pseudo_label ->  [0.1037, 0.1012, 0.2029, 0.0964, 0.2128, 0.1531, 0.1299] **
max =  0.2128 | max_idx =  4
**pseudo_label ->  [0.1074, 0.2711, 0.1134, 0.1474, 0.1552, 0.1105, 0.095] **
max =  0.2711 | max_idx =  1
**pseudo_label ->  [0.1096, 0.1116, 0.1216, 0.2735, 0.1158, 0.1448, 0.123] **
max =  0.2735 | max_idx =  3
**pseudo_label ->  [0.1041, 0.1062, 0.1527, 0.1091, 0.2568, 0.1503, 0.1209] **
max =  0.2568 | max_idx =  4
**pseudo_label ->  [0.1125, 0.1254, 0.178, 0.1048, 0.2486, 0.1179, 0.1127] **
max =  0.2486 | max_idx =  4
Epoch 21/50, Train Loss: 1.2337, Valid Loss: 1.8641, Train Acc: 1.0000, Val Acc: 0.2369, Test Acc: 0.2685, Test F1: 0.2224, Total Pseudo-Labels: 0, Correct Pseudo-Labels: 0, Train Data Number: 35



line 303 => train data수 35
line 258 => 인스턴스 수 5
Step 105  Tim 0:35:54
acc_train_cw(현재 train의 class별 acc) [1.0, 1.0, 1.0, 1.0, 1.0, 1.0, 1.0]
cw_psl_total_eval(pseudo label 클래스별 총 샘플 수):  [0, 0, 0, 0, 0, 0, 0]
cw_psl_correct_eval(pseudo label 클래스별 맞은 샘플 수):  [0, 0, 0, 0, 0, 0, 0]
psl_acc(PSL 평가에서의 정확도): None 
cw_psl_acc(클래스별 PSL 평가에서의 정확도):  [nan, nan, nan, nan, nan, nan, nan]
**pseudo_label ->  [0.1038, 0.1006, 0.2054, 0.1021, 0.2158, 0.1535, 0.1187] **
max =  0.2158 | max_idx =  4
**pseudo_label ->  [0.1052, 0.2241, 0.1098, 0.1434, 0.21, 0.1133, 0.0942] **
max =  0.2241 | max_idx =  1
**pseudo_label ->  [0.112, 0.1164, 0.119, 0.2823, 0.1185, 0.1354, 0.1165] **
max =  0.2823 | max_idx =  3
**pseudo_label ->  [0.1054, 0.1063, 0.151, 0.1094, 0.2597, 0.1541, 0.1141] **
max =  0.2597 | max_idx =  4
**pseudo_label ->  [0.1155, 0.1166, 0.1943, 0.1156, 0.238, 0.1154, 0.1046] **
max =  0.238 | max_idx =  4
Epoch 22/50, Train Loss: 1.2200, Valid Loss: 1.8713, Train Acc: 1.0000, Val Acc: 0.2369, Test Acc: 0.2707, Test F1: 0.2258, Total Pseudo-Labels: 0, Correct Pseudo-Labels: 0, Train Data Number: 35



line 303 => train data수 35
line 258 => 인스턴스 수 5
Step 110  Tim 0:37:33
acc_train_cw(현재 train의 class별 acc) [1.0, 1.0, 1.0, 1.0, 1.0, 1.0, 1.0]
cw_psl_total_eval(pseudo label 클래스별 총 샘플 수):  [0, 0, 0, 0, 0, 0, 0]
cw_psl_correct_eval(pseudo label 클래스별 맞은 샘플 수):  [0, 0, 0, 0, 0, 0, 0]
psl_acc(PSL 평가에서의 정확도): None 
cw_psl_acc(클래스별 PSL 평가에서의 정확도):  [nan, nan, nan, nan, nan, nan, nan]
**pseudo_label ->  [0.1034, 0.0969, 0.223, 0.0967, 0.185, 0.1767, 0.1184] **
max =  0.223 | max_idx =  2
**pseudo_label ->  [0.1034, 0.2413, 0.1071, 0.1438, 0.1983, 0.1128, 0.0933] **
max =  0.2413 | max_idx =  1
**pseudo_label ->  [0.1106, 0.1122, 0.1211, 0.2837, 0.1159, 0.1416, 0.115] **
max =  0.2837 | max_idx =  3
**pseudo_label ->  [0.1054, 0.104, 0.1495, 0.1079, 0.2632, 0.1548, 0.1152] **
max =  0.2632 | max_idx =  4
**pseudo_label ->  [0.1125, 0.1204, 0.1888, 0.1062, 0.2464, 0.1147, 0.111] **
max =  0.2464 | max_idx =  4
Epoch 23/50, Train Loss: 1.2065, Valid Loss: 1.8640, Train Acc: 1.0000, Val Acc: 0.2386, Test Acc: 0.2729, Test F1: 0.2274, Total Pseudo-Labels: 0, Correct Pseudo-Labels: 0, Train Data Number: 35



line 303 => train data수 35
line 258 => 인스턴스 수 5
Step 115  Tim 0:39:12
acc_train_cw(현재 train의 class별 acc) [1.0, 1.0, 1.0, 1.0, 1.0, 1.0, 1.0]
cw_psl_total_eval(pseudo label 클래스별 총 샘플 수):  [0, 0, 0, 0, 0, 0, 0]
cw_psl_correct_eval(pseudo label 클래스별 맞은 샘플 수):  [0, 0, 0, 0, 0, 0, 0]
psl_acc(PSL 평가에서의 정확도): None 
cw_psl_acc(클래스별 PSL 평가에서의 정확도):  [nan, nan, nan, nan, nan, nan, nan]
**pseudo_label ->  [0.103, 0.1003, 0.2077, 0.0912, 0.214, 0.1611, 0.1227] **
max =  0.214 | max_idx =  4
**pseudo_label ->  [0.1062, 0.2718, 0.1226, 0.1267, 0.1734, 0.1129, 0.0864] **
max =  0.2718 | max_idx =  1
**pseudo_label ->  [0.111, 0.1082, 0.1211, 0.2864, 0.1169, 0.1413, 0.115] **
max =  0.2864 | max_idx =  3
**pseudo_label ->  [0.1069, 0.1066, 0.1506, 0.1055, 0.275, 0.139, 0.1163] **
max =  0.275 | max_idx =  4
**pseudo_label ->  [0.1093, 0.1209, 0.2413, 0.1013, 0.2, 0.1175, 0.1097] **
max =  0.2413 | max_idx =  2
Epoch 24/50, Train Loss: 1.1931, Valid Loss: 1.8654, Train Acc: 1.0000, Val Acc: 0.2386, Test Acc: 0.2662, Test F1: 0.2211, Total Pseudo-Labels: 0, Correct Pseudo-Labels: 0, Train Data Number: 35



line 303 => train data수 35
line 258 => 인스턴스 수 5
Step 120  Tim 0:40:51
acc_train_cw(현재 train의 class별 acc) [1.0, 1.0, 1.0, 1.0, 1.0, 1.0, 1.0]
cw_psl_total_eval(pseudo label 클래스별 총 샘플 수):  [0, 0, 0, 0, 0, 0, 0]
cw_psl_correct_eval(pseudo label 클래스별 맞은 샘플 수):  [0, 0, 0, 0, 0, 0, 0]
psl_acc(PSL 평가에서의 정확도): None 
cw_psl_acc(클래스별 PSL 평가에서의 정확도):  [nan, nan, nan, nan, nan, nan, nan]
**pseudo_label ->  [0.0966, 0.0979, 0.2062, 0.0968, 0.2159, 0.1628, 0.1238] **
max =  0.2159 | max_idx =  4
**pseudo_label ->  [0.1044, 0.2261, 0.1069, 0.1466, 0.2162, 0.109, 0.0908] **
max =  0.2261 | max_idx =  1
**pseudo_label ->  [0.1098, 0.1127, 0.115, 0.2942, 0.113, 0.1323, 0.123] **
max =  0.2942 | max_idx =  3
**pseudo_label ->  [0.1028, 0.1015, 0.1494, 0.1101, 0.2732, 0.1476, 0.1153] **
max =  0.2732 | max_idx =  4
**pseudo_label ->  [0.1044, 0.1237, 0.2103, 0.1065, 0.2335, 0.1134, 0.1081] **
max =  0.2335 | max_idx =  4
Epoch 25/50, Train Loss: 1.1797, Valid Loss: 1.8650, Train Acc: 1.0000, Val Acc: 0.2369, Test Acc: 0.2685, Test F1: 0.2230, Total Pseudo-Labels: 0, Correct Pseudo-Labels: 0, Train Data Number: 35



line 303 => train data수 35
line 258 => 인스턴스 수 5
Step 125  Tim 0:42:30
acc_train_cw(현재 train의 class별 acc) [1.0, 1.0, 1.0, 1.0, 1.0, 1.0, 1.0]
cw_psl_total_eval(pseudo label 클래스별 총 샘플 수):  [0, 0, 0, 0, 0, 0, 0]
cw_psl_correct_eval(pseudo label 클래스별 맞은 샘플 수):  [0, 0, 0, 0, 0, 0, 0]
psl_acc(PSL 평가에서의 정확도): None 
cw_psl_acc(클래스별 PSL 평가에서의 정확도):  [nan, nan, nan, nan, nan, nan, nan]
**pseudo_label ->  [0.1033, 0.0937, 0.2188, 0.0945, 0.2071, 0.1631, 0.1195] **
max =  0.2188 | max_idx =  2
**pseudo_label ->  [0.0991, 0.2577, 0.1117, 0.1387, 0.1937, 0.1066, 0.0924] **
max =  0.2577 | max_idx =  1
**pseudo_label ->  [0.1097, 0.1117, 0.1178, 0.2979, 0.1118, 0.133, 0.1181] **
max =  0.2979 | max_idx =  3
**pseudo_label ->  [0.1028, 0.104, 0.1495, 0.1066, 0.2775, 0.1472, 0.1123] **
max =  0.2775 | max_idx =  4
**pseudo_label ->  [0.1022, 0.1233, 0.2254, 0.0974, 0.2216, 0.1188, 0.1113] **
max =  0.2254 | max_idx =  2
Epoch 26/50, Train Loss: 1.1667, Valid Loss: 1.8714, Train Acc: 1.0000, Val Acc: 0.2369, Test Acc: 0.2774, Test F1: 0.2259, Total Pseudo-Labels: 0, Correct Pseudo-Labels: 0, Train Data Number: 35



line 303 => train data수 35
line 258 => 인스턴스 수 5
Step 130  Tim 0:44:09
acc_train_cw(현재 train의 class별 acc) [1.0, 1.0, 1.0, 1.0, 1.0, 1.0, 1.0]
cw_psl_total_eval(pseudo label 클래스별 총 샘플 수):  [0, 0, 0, 0, 0, 0, 0]
cw_psl_correct_eval(pseudo label 클래스별 맞은 샘플 수):  [0, 0, 0, 0, 0, 0, 0]
psl_acc(PSL 평가에서의 정확도): None 
cw_psl_acc(클래스별 PSL 평가에서의 정확도):  [nan, nan, nan, nan, nan, nan, nan]
**pseudo_label ->  [0.0983, 0.0914, 0.2017, 0.092, 0.19, 0.2076, 0.1191] **
max =  0.2076 | max_idx =  5
**pseudo_label ->  [0.0973, 0.2745, 0.1153, 0.1444, 0.1716, 0.1114, 0.0855] **
max =  0.2745 | max_idx =  1
**pseudo_label ->  [0.1087, 0.114, 0.1186, 0.3026, 0.1114, 0.1308, 0.1138] **
max =  0.3026 | max_idx =  3
**pseudo_label ->  [0.1036, 0.1051, 0.1449, 0.1106, 0.2869, 0.1405, 0.1085] **
max =  0.2869 | max_idx =  4
**pseudo_label ->  [0.1039, 0.1304, 0.2344, 0.1026, 0.2126, 0.1131, 0.103] **
max =  0.2344 | max_idx =  2
Epoch 27/50, Train Loss: 1.1535, Valid Loss: 1.8761, Train Acc: 1.0000, Val Acc: 0.2369, Test Acc: 0.2617, Test F1: 0.2202, Total Pseudo-Labels: 0, Correct Pseudo-Labels: 0, Train Data Number: 35



line 303 => train data수 35
line 258 => 인스턴스 수 5
Step 135  Tim 0:45:48
acc_train_cw(현재 train의 class별 acc) [1.0, 1.0, 1.0, 1.0, 1.0, 1.0, 1.0]
cw_psl_total_eval(pseudo label 클래스별 총 샘플 수):  [0, 0, 0, 0, 0, 0, 0]
cw_psl_correct_eval(pseudo label 클래스별 맞은 샘플 수):  [0, 0, 0, 0, 0, 0, 0]
psl_acc(PSL 평가에서의 정확도): None 
cw_psl_acc(클래스별 PSL 평가에서의 정확도):  [nan, nan, nan, nan, nan, nan, nan]
**pseudo_label ->  [0.1039, 0.0911, 0.2199, 0.0868, 0.2091, 0.165, 0.1241] **
max =  0.2199 | max_idx =  2
**pseudo_label ->  [0.0975, 0.274, 0.1082, 0.1396, 0.1826, 0.1088, 0.0895] **
max =  0.274 | max_idx =  1
**pseudo_label ->  [0.1051, 0.1071, 0.1155, 0.3041, 0.1115, 0.1346, 0.1221] **
max =  0.3041 | max_idx =  3
**pseudo_label ->  [0.0962, 0.1004, 0.1632, 0.0998, 0.2603, 0.1691, 0.111] **
max =  0.2603 | max_idx =  4
**pseudo_label ->  [0.1017, 0.1205, 0.2082, 0.0991, 0.2455, 0.114, 0.111] **
max =  0.2455 | max_idx =  4
Epoch 28/50, Train Loss: 1.1407, Valid Loss: 1.8642, Train Acc: 1.0000, Val Acc: 0.2301, Test Acc: 0.2729, Test F1: 0.2244, Total Pseudo-Labels: 0, Correct Pseudo-Labels: 0, Train Data Number: 35



line 303 => train data수 35
line 258 => 인스턴스 수 5
Step 140  Tim 0:47:26
acc_train_cw(현재 train의 class별 acc) [1.0, 1.0, 1.0, 1.0, 1.0, 1.0, 1.0]
cw_psl_total_eval(pseudo label 클래스별 총 샘플 수):  [0, 0, 0, 0, 0, 0, 0]
cw_psl_correct_eval(pseudo label 클래스별 맞은 샘플 수):  [0, 0, 0, 0, 0, 0, 0]
psl_acc(PSL 평가에서의 정확도): None 
cw_psl_acc(클래스별 PSL 평가에서의 정확도):  [nan, nan, nan, nan, nan, nan, nan]
**pseudo_label ->  [0.0972, 0.0904, 0.2091, 0.089, 0.2044, 0.189, 0.121] **
max =  0.2091 | max_idx =  2
**pseudo_label ->  [0.1004, 0.2927, 0.1076, 0.1282, 0.1709, 0.1143, 0.086] **
max =  0.2927 | max_idx =  1
**pseudo_label ->  [0.1053, 0.112, 0.1105, 0.311, 0.1132, 0.1308, 0.1173] **
max =  0.311 | max_idx =  3
**pseudo_label ->  [0.1023, 0.0994, 0.1538, 0.1027, 0.28, 0.1541, 0.1077] **
max =  0.28 | max_idx =  4
**pseudo_label ->  [0.1034, 0.1246, 0.2178, 0.0968, 0.2392, 0.1092, 0.109] **
max =  0.2392 | max_idx =  4
Epoch 29/50, Train Loss: 1.1277, Valid Loss: 1.8617, Train Acc: 1.0000, Val Acc: 0.2386, Test Acc: 0.2573, Test F1: 0.2143, Total Pseudo-Labels: 0, Correct Pseudo-Labels: 0, Train Data Number: 35



line 303 => train data수 35
line 258 => 인스턴스 수 5
Step 145  Tim 0:49:05
acc_train_cw(현재 train의 class별 acc) [1.0, 1.0, 1.0, 1.0, 1.0, 1.0, 1.0]
cw_psl_total_eval(pseudo label 클래스별 총 샘플 수):  [0, 0, 0, 0, 0, 0, 0]
cw_psl_correct_eval(pseudo label 클래스별 맞은 샘플 수):  [0, 0, 0, 0, 0, 0, 0]
psl_acc(PSL 평가에서의 정확도): None 
cw_psl_acc(클래스별 PSL 평가에서의 정확도):  [nan, nan, nan, nan, nan, nan, nan]
**pseudo_label ->  [0.0954, 0.0974, 0.2271, 0.0909, 0.2104, 0.1669, 0.112] **
max =  0.2271 | max_idx =  2
**pseudo_label ->  [0.0971, 0.3049, 0.1093, 0.1338, 0.1587, 0.1102, 0.086] **
max =  0.3049 | max_idx =  1
**pseudo_label ->  [0.1064, 0.1038, 0.1174, 0.3094, 0.109, 0.1417, 0.1122] **
max =  0.3094 | max_idx =  3
**pseudo_label ->  [0.093, 0.0947, 0.174, 0.1007, 0.2169, 0.2189, 0.1017] **
max =  0.2189 | max_idx =  5
**pseudo_label ->  [0.0999, 0.1203, 0.2099, 0.0962, 0.2506, 0.1149, 0.1081] **
max =  0.2506 | max_idx =  4
Epoch 30/50, Train Loss: 1.1151, Valid Loss: 1.8732, Train Acc: 1.0000, Val Acc: 0.2386, Test Acc: 0.2685, Test F1: 0.2261, Total Pseudo-Labels: 0, Correct Pseudo-Labels: 0, Train Data Number: 35



line 303 => train data수 35
line 258 => 인스턴스 수 5
Step 150  Tim 0:50:44
acc_train_cw(현재 train의 class별 acc) [1.0, 1.0, 1.0, 1.0, 1.0, 1.0, 1.0]
cw_psl_total_eval(pseudo label 클래스별 총 샘플 수):  [0, 0, 0, 0, 0, 0, 0]
cw_psl_correct_eval(pseudo label 클래스별 맞은 샘플 수):  [0, 0, 0, 0, 0, 0, 0]
psl_acc(PSL 평가에서의 정확도): None 
cw_psl_acc(클래스별 PSL 평가에서의 정확도):  [nan, nan, nan, nan, nan, nan, nan]
**pseudo_label ->  [0.0981, 0.0897, 0.2156, 0.0867, 0.2141, 0.1746, 0.1211] **
max =  0.2156 | max_idx =  2
**pseudo_label ->  [0.0917, 0.2677, 0.1022, 0.137, 0.1978, 0.114, 0.0896] **
max =  0.2677 | max_idx =  1
**pseudo_label ->  [0.1028, 0.1037, 0.1135, 0.3163, 0.1124, 0.1338, 0.1176] **
max =  0.3163 | max_idx =  3
**pseudo_label ->  [0.099, 0.0976, 0.1413, 0.1014, 0.2824, 0.1703, 0.1078] **
max =  0.2824 | max_idx =  4
**pseudo_label ->  [0.0998, 0.1161, 0.2155, 0.0952, 0.2485, 0.1179, 0.1071] **
max =  0.2485 | max_idx =  4
Epoch 31/50, Train Loss: 1.1019, Valid Loss: 1.8640, Train Acc: 1.0000, Val Acc: 0.2403, Test Acc: 0.2707, Test F1: 0.2218, Total Pseudo-Labels: 0, Correct Pseudo-Labels: 0, Train Data Number: 35



line 303 => train data수 35
line 258 => 인스턴스 수 5
Step 155  Tim 0:52:23
acc_train_cw(현재 train의 class별 acc) [1.0, 1.0, 1.0, 1.0, 1.0, 1.0, 1.0]
cw_psl_total_eval(pseudo label 클래스별 총 샘플 수):  [0, 0, 0, 0, 0, 0, 0]
cw_psl_correct_eval(pseudo label 클래스별 맞은 샘플 수):  [0, 0, 0, 0, 0, 0, 0]
psl_acc(PSL 평가에서의 정확도): None 
cw_psl_acc(클래스별 PSL 평가에서의 정확도):  [nan, nan, nan, nan, nan, nan, nan]
**pseudo_label ->  [0.0914, 0.0951, 0.2331, 0.0881, 0.1954, 0.1871, 0.1097] **
max =  0.2331 | max_idx =  2
**pseudo_label ->  [0.0976, 0.3005, 0.1083, 0.1247, 0.1788, 0.1033, 0.0868] **
max =  0.3005 | max_idx =  1
**pseudo_label ->  [0.1055, 0.1085, 0.1099, 0.3234, 0.1091, 0.1303, 0.1135] **
max =  0.3234 | max_idx =  3
**pseudo_label ->  [0.0962, 0.1025, 0.1448, 0.0982, 0.2929, 0.1577, 0.1077] **
max =  0.2929 | max_idx =  4
**pseudo_label ->  [0.102, 0.1218, 0.2171, 0.0954, 0.2507, 0.1068, 0.106] **
max =  0.2507 | max_idx =  4
Epoch 32/50, Train Loss: 1.0893, Valid Loss: 1.8607, Train Acc: 1.0000, Val Acc: 0.2386, Test Acc: 0.2752, Test F1: 0.2243, Total Pseudo-Labels: 0, Correct Pseudo-Labels: 0, Train Data Number: 35



line 303 => train data수 35
line 258 => 인스턴스 수 5
Step 160  Tim 0:54:02
acc_train_cw(현재 train의 class별 acc) [1.0, 1.0, 1.0, 1.0, 1.0, 1.0, 1.0]
cw_psl_total_eval(pseudo label 클래스별 총 샘플 수):  [0, 0, 0, 0, 0, 0, 0]
cw_psl_correct_eval(pseudo label 클래스별 맞은 샘플 수):  [0, 0, 0, 0, 0, 0, 0]
psl_acc(PSL 평가에서의 정확도): None 
cw_psl_acc(클래스별 PSL 평가에서의 정확도):  [nan, nan, nan, nan, nan, nan, nan]
**pseudo_label ->  [0.0944, 0.0937, 0.2401, 0.087, 0.2081, 0.1642, 0.1127] **
max =  0.2401 | max_idx =  2
**pseudo_label ->  [0.0962, 0.3166, 0.1142, 0.124, 0.1616, 0.1046, 0.0828] **
max =  0.3166 | max_idx =  1
**pseudo_label ->  [0.1001, 0.1104, 0.114, 0.3265, 0.1087, 0.1293, 0.111] **
max =  0.3265 | max_idx =  3
**pseudo_label ->  [0.0972, 0.0967, 0.1451, 0.1043, 0.2978, 0.154, 0.105] **
max =  0.2978 | max_idx =  4
**pseudo_label ->  [0.0916, 0.1221, 0.2291, 0.1007, 0.2396, 0.1103, 0.1066] **
max =  0.2396 | max_idx =  4
Epoch 33/50, Train Loss: 1.0767, Valid Loss: 1.8777, Train Acc: 1.0000, Val Acc: 0.2420, Test Acc: 0.2640, Test F1: 0.2193, Total Pseudo-Labels: 0, Correct Pseudo-Labels: 0, Train Data Number: 35



line 303 => train data수 35
line 258 => 인스턴스 수 5
Step 165  Tim 0:55:41
acc_train_cw(현재 train의 class별 acc) [1.0, 1.0, 1.0, 1.0, 1.0, 1.0, 1.0]
cw_psl_total_eval(pseudo label 클래스별 총 샘플 수):  [0, 0, 0, 0, 0, 0, 0]
cw_psl_correct_eval(pseudo label 클래스별 맞은 샘플 수):  [0, 0, 0, 0, 0, 0, 0]
psl_acc(PSL 평가에서의 정확도): None 
cw_psl_acc(클래스별 PSL 평가에서의 정확도):  [nan, nan, nan, nan, nan, nan, nan]
**pseudo_label ->  [0.096, 0.0886, 0.2161, 0.0854, 0.2159, 0.1879, 0.1101] **
max =  0.2161 | max_idx =  2
**pseudo_label ->  [0.0967, 0.3076, 0.1088, 0.1197, 0.1784, 0.1061, 0.0827] **
max =  0.3076 | max_idx =  1
**pseudo_label ->  [0.099, 0.1044, 0.1095, 0.3303, 0.1104, 0.1304, 0.116] **
max =  0.3303 | max_idx =  3
**pseudo_label ->  [0.0944, 0.0906, 0.1525, 0.0938, 0.2524, 0.2101, 0.1062] **
max =  0.2524 | max_idx =  4
**pseudo_label ->  [0.1033, 0.1173, 0.1645, 0.099, 0.3056, 0.1043, 0.106] **
max =  0.3056 | max_idx =  4
Epoch 34/50, Train Loss: 1.0645, Valid Loss: 1.8738, Train Acc: 1.0000, Val Acc: 0.2386, Test Acc: 0.2640, Test F1: 0.2211, Total Pseudo-Labels: 0, Correct Pseudo-Labels: 0, Train Data Number: 35



line 303 => train data수 35
line 258 => 인스턴스 수 5
Step 170  Tim 0:57:20
acc_train_cw(현재 train의 class별 acc) [1.0, 1.0, 1.0, 1.0, 1.0, 1.0, 1.0]
cw_psl_total_eval(pseudo label 클래스별 총 샘플 수):  [0, 0, 0, 0, 0, 0, 0]
cw_psl_correct_eval(pseudo label 클래스별 맞은 샘플 수):  [0, 0, 0, 0, 0, 0, 0]
psl_acc(PSL 평가에서의 정확도): None 
cw_psl_acc(클래스별 PSL 평가에서의 정확도):  [nan, nan, nan, nan, nan, nan, nan]
**pseudo_label ->  [0.0909, 0.0943, 0.2453, 0.085, 0.2162, 0.1487, 0.1197] **
max =  0.2453 | max_idx =  2
**pseudo_label ->  [0.0958, 0.3337, 0.1025, 0.1228, 0.1569, 0.0995, 0.0887] **
max =  0.3337 | max_idx =  1
**pseudo_label ->  [0.0993, 0.101, 0.1099, 0.3314, 0.1053, 0.1362, 0.1169] **
max =  0.3314 | max_idx =  3
**pseudo_label ->  [0.0961, 0.0964, 0.1416, 0.1004, 0.3111, 0.1473, 0.107] **
max =  0.3111 | max_idx =  4
**pseudo_label ->  [0.0963, 0.1337, 0.2312, 0.0894, 0.2434, 0.1048, 0.1012] **
max =  0.2434 | max_idx =  4
Epoch 35/50, Train Loss: 1.0523, Valid Loss: 1.8712, Train Acc: 1.0000, Val Acc: 0.2437, Test Acc: 0.2528, Test F1: 0.2102, Total Pseudo-Labels: 0, Correct Pseudo-Labels: 0, Train Data Number: 35



line 303 => train data수 35
line 258 => 인스턴스 수 5
Step 175  Tim 0:58:59
acc_train_cw(현재 train의 class별 acc) [1.0, 1.0, 1.0, 1.0, 1.0, 1.0, 1.0]
cw_psl_total_eval(pseudo label 클래스별 총 샘플 수):  [0, 0, 0, 0, 0, 0, 0]
cw_psl_correct_eval(pseudo label 클래스별 맞은 샘플 수):  [0, 0, 0, 0, 0, 0, 0]
psl_acc(PSL 평가에서의 정확도): None 
cw_psl_acc(클래스별 PSL 평가에서의 정확도):  [nan, nan, nan, nan, nan, nan, nan]
**pseudo_label ->  [0.1001, 0.0886, 0.2678, 0.0822, 0.1829, 0.1749, 0.1036] **
max =  0.2678 | max_idx =  2
**pseudo_label ->  [0.0922, 0.2141, 0.1039, 0.1323, 0.2626, 0.1146, 0.0801] **
max =  0.2626 | max_idx =  4
**pseudo_label ->  [0.0997, 0.1068, 0.1108, 0.3397, 0.1061, 0.1285, 0.1085] **
max =  0.3397 | max_idx =  3
**pseudo_label ->  [0.0948, 0.0921, 0.1475, 0.0959, 0.2828, 0.1861, 0.1008] **
max =  0.2828 | max_idx =  4
**pseudo_label ->  [0.1044, 0.1125, 0.2707, 0.0934, 0.215, 0.1078, 0.0963] **
max =  0.2707 | max_idx =  2
Epoch 36/50, Train Loss: 1.0399, Valid Loss: 1.8835, Train Acc: 1.0000, Val Acc: 0.2369, Test Acc: 0.2774, Test F1: 0.2276, Total Pseudo-Labels: 0, Correct Pseudo-Labels: 0, Train Data Number: 35



line 303 => train data수 35
line 258 => 인스턴스 수 5
Step 180  Tim 1:00:38
acc_train_cw(현재 train의 class별 acc) [1.0, 1.0, 1.0, 1.0, 1.0, 1.0, 1.0]
cw_psl_total_eval(pseudo label 클래스별 총 샘플 수):  [0, 0, 0, 0, 0, 0, 0]
cw_psl_correct_eval(pseudo label 클래스별 맞은 샘플 수):  [0, 0, 0, 0, 0, 0, 0]
psl_acc(PSL 평가에서의 정확도): None 
cw_psl_acc(클래스별 PSL 평가에서의 정확도):  [nan, nan, nan, nan, nan, nan, nan]
**pseudo_label ->  [0.0943, 0.086, 0.2541, 0.0826, 0.1992, 0.173, 0.1108] **
max =  0.2541 | max_idx =  2
**pseudo_label ->  [0.0908, 0.2321, 0.0988, 0.1308, 0.251, 0.1136, 0.0828] **
max =  0.251 | max_idx =  4
**pseudo_label ->  [0.0976, 0.1078, 0.1101, 0.3427, 0.102, 0.1275, 0.1123] **
max =  0.3427 | max_idx =  3
**pseudo_label ->  [0.0942, 0.0933, 0.1413, 0.0975, 0.3131, 0.154, 0.1065] **
max =  0.3131 | max_idx =  4
**pseudo_label ->  [0.0974, 0.1137, 0.3274, 0.092, 0.1518, 0.1201, 0.0976] **
max =  0.3274 | max_idx =  2
Epoch 37/50, Train Loss: 1.0276, Valid Loss: 1.8693, Train Acc: 1.0000, Val Acc: 0.2369, Test Acc: 0.2662, Test F1: 0.2207, Total Pseudo-Labels: 0, Correct Pseudo-Labels: 0, Train Data Number: 35



line 303 => train data수 35
line 258 => 인스턴스 수 5
Step 185  Tim 1:02:17
acc_train_cw(현재 train의 class별 acc) [1.0, 1.0, 1.0, 1.0, 1.0, 1.0, 1.0]
cw_psl_total_eval(pseudo label 클래스별 총 샘플 수):  [0, 0, 0, 0, 0, 0, 0]
cw_psl_correct_eval(pseudo label 클래스별 맞은 샘플 수):  [0, 0, 0, 0, 0, 0, 0]
psl_acc(PSL 평가에서의 정확도): None 
cw_psl_acc(클래스별 PSL 평가에서의 정확도):  [nan, nan, nan, nan, nan, nan, nan]
**pseudo_label ->  [0.0929, 0.0893, 0.2072, 0.0817, 0.2526, 0.1662, 0.1102] **
max =  0.2526 | max_idx =  4
**pseudo_label ->  [0.0925, 0.3412, 0.1038, 0.1216, 0.1566, 0.102, 0.0824] **
max =  0.3412 | max_idx =  1
**pseudo_label ->  [0.099, 0.0998, 0.1047, 0.3449, 0.1044, 0.1322, 0.1149] **
max =  0.3449 | max_idx =  3
**pseudo_label ->  [0.0934, 0.0938, 0.1401, 0.0938, 0.2999, 0.178, 0.101] **
max =  0.2999 | max_idx =  4
**pseudo_label ->  [0.094, 0.1145, 0.2619, 0.0892, 0.2274, 0.1076, 0.1055] **
max =  0.2619 | max_idx =  2
Epoch 38/50, Train Loss: 1.0163, Valid Loss: 1.8787, Train Acc: 1.0000, Val Acc: 0.2437, Test Acc: 0.2595, Test F1: 0.2160, Total Pseudo-Labels: 0, Correct Pseudo-Labels: 0, Train Data Number: 35



line 303 => train data수 35
line 258 => 인스턴스 수 5
Step 190  Tim 1:03:55
acc_train_cw(현재 train의 class별 acc) [1.0, 1.0, 1.0, 1.0, 1.0, 1.0, 1.0]
cw_psl_total_eval(pseudo label 클래스별 총 샘플 수):  [0, 0, 0, 0, 0, 0, 0]
cw_psl_correct_eval(pseudo label 클래스별 맞은 샘플 수):  [0, 0, 0, 0, 0, 0, 0]
psl_acc(PSL 평가에서의 정확도): None 
cw_psl_acc(클래스별 PSL 평가에서의 정확도):  [nan, nan, nan, nan, nan, nan, nan]
**pseudo_label ->  [0.0918, 0.0845, 0.2288, 0.0862, 0.2455, 0.1491, 0.1141] **
max =  0.2455 | max_idx =  4
**pseudo_label ->  [0.0899, 0.2838, 0.1086, 0.1208, 0.2132, 0.1084, 0.0752] **
max =  0.2838 | max_idx =  1
**pseudo_label ->  [0.0995, 0.1012, 0.1086, 0.3517, 0.107, 0.1277, 0.1043] **
max =  0.3517 | max_idx =  3
**pseudo_label ->  [0.0918, 0.0929, 0.1349, 0.0946, 0.3155, 0.1653, 0.105] **
max =  0.3155 | max_idx =  4
**pseudo_label ->  [0.0937, 0.1283, 0.2244, 0.0867, 0.2641, 0.1016, 0.1013] **
max =  0.2641 | max_idx =  4
Epoch 39/50, Train Loss: 1.0040, Valid Loss: 1.8855, Train Acc: 1.0000, Val Acc: 0.2403, Test Acc: 0.2729, Test F1: 0.2240, Total Pseudo-Labels: 0, Correct Pseudo-Labels: 0, Train Data Number: 35



line 303 => train data수 35
line 258 => 인스턴스 수 5
Step 195  Tim 1:05:34
acc_train_cw(현재 train의 class별 acc) [1.0, 1.0, 1.0, 1.0, 1.0, 1.0, 1.0]
cw_psl_total_eval(pseudo label 클래스별 총 샘플 수):  [0, 0, 0, 0, 0, 0, 0]
cw_psl_correct_eval(pseudo label 클래스별 맞은 샘플 수):  [0, 0, 0, 0, 0, 0, 0]
psl_acc(PSL 평가에서의 정확도): None 
cw_psl_acc(클래스별 PSL 평가에서의 정확도):  [nan, nan, nan, nan, nan, nan, nan]
**pseudo_label ->  [0.0917, 0.0863, 0.2032, 0.0803, 0.2616, 0.1666, 0.1105] **
max =  0.2616 | max_idx =  4
**pseudo_label ->  [0.0892, 0.2716, 0.0952, 0.1228, 0.2288, 0.1123, 0.0801] **
max =  0.2716 | max_idx =  1
**pseudo_label ->  [0.0943, 0.1042, 0.103, 0.3554, 0.1018, 0.1307, 0.1105] **
max =  0.3554 | max_idx =  3
**pseudo_label ->  [0.0886, 0.0941, 0.1319, 0.0985, 0.3235, 0.161, 0.1024] **
max =  0.3235 | max_idx =  4
**pseudo_label ->  [0.0899, 0.114, 0.2417, 0.0908, 0.253, 0.1102, 0.1006] **
max =  0.253 | max_idx =  4
Epoch 40/50, Train Loss: 0.9924, Valid Loss: 1.8727, Train Acc: 1.0000, Val Acc: 0.2420, Test Acc: 0.2819, Test F1: 0.2290, Total Pseudo-Labels: 0, Correct Pseudo-Labels: 0, Train Data Number: 35



line 303 => train data수 35
line 258 => 인스턴스 수 5
Step 200  Tim 1:07:13
acc_train_cw(현재 train의 class별 acc) [1.0, 1.0, 1.0, 1.0, 1.0, 1.0, 1.0]
cw_psl_total_eval(pseudo label 클래스별 총 샘플 수):  [0, 0, 0, 0, 0, 0, 0]
cw_psl_correct_eval(pseudo label 클래스별 맞은 샘플 수):  [0, 0, 0, 0, 0, 0, 0]
psl_acc(PSL 평가에서의 정확도): None 
cw_psl_acc(클래스별 PSL 평가에서의 정확도):  [nan, nan, nan, nan, nan, nan, nan]
**pseudo_label ->  [0.0893, 0.0866, 0.2375, 0.0788, 0.2371, 0.158, 0.1127] **
max =  0.2375 | max_idx =  2
**pseudo_label ->  [0.0884, 0.3326, 0.1047, 0.1259, 0.1715, 0.0996, 0.0773] **
max =  0.3326 | max_idx =  1
**pseudo_label ->  [0.0955, 0.1021, 0.1046, 0.3604, 0.1044, 0.1289, 0.1041] **
max =  0.3604 | max_idx =  3
**pseudo_label ->  [0.0893, 0.0887, 0.1443, 0.0943, 0.3143, 0.1681, 0.101] **
max =  0.3143 | max_idx =  4
**pseudo_label ->  [0.0916, 0.1117, 0.1716, 0.1029, 0.3222, 0.0992, 0.1008] **
max =  0.3222 | max_idx =  4
Epoch 41/50, Train Loss: 0.9802, Valid Loss: 1.8870, Train Acc: 1.0000, Val Acc: 0.2487, Test Acc: 0.2617, Test F1: 0.2179, Total Pseudo-Labels: 0, Correct Pseudo-Labels: 0, Train Data Number: 35



line 303 => train data수 35
line 258 => 인스턴스 수 5
Step 205  Tim 1:08:52
acc_train_cw(현재 train의 class별 acc) [1.0, 1.0, 1.0, 1.0, 1.0, 1.0, 1.0]
cw_psl_total_eval(pseudo label 클래스별 총 샘플 수):  [0, 0, 0, 0, 0, 0, 0]
cw_psl_correct_eval(pseudo label 클래스별 맞은 샘플 수):  [0, 0, 0, 0, 0, 0, 0]
psl_acc(PSL 평가에서의 정확도): None 
cw_psl_acc(클래스별 PSL 평가에서의 정확도):  [nan, nan, nan, nan, nan, nan, nan]
**pseudo_label ->  [0.0947, 0.0816, 0.1999, 0.0792, 0.2769, 0.1532, 0.1145] **
max =  0.2769 | max_idx =  4
**pseudo_label ->  [0.0861, 0.2757, 0.0977, 0.129, 0.2322, 0.1, 0.0793] **
max =  0.2757 | max_idx =  1
**pseudo_label ->  [0.0966, 0.0972, 0.1048, 0.3651, 0.1035, 0.1234, 0.1094] **
max =  0.3651 | max_idx =  3
**pseudo_label ->  [0.0912, 0.0909, 0.1489, 0.0914, 0.3301, 0.1457, 0.1018] **
max =  0.3301 | max_idx =  4
**pseudo_label ->  [0.09, 0.12, 0.2516, 0.0822, 0.2468, 0.1096, 0.0998] **
max =  0.2516 | max_idx =  2
Epoch 42/50, Train Loss: 0.9693, Valid Loss: 1.8952, Train Acc: 1.0000, Val Acc: 0.2352, Test Acc: 0.2685, Test F1: 0.2216, Total Pseudo-Labels: 0, Correct Pseudo-Labels: 0, Train Data Number: 35



line 303 => train data수 35
line 258 => 인스턴스 수 5
Step 210  Tim 1:10:31
acc_train_cw(현재 train의 class별 acc) [1.0, 1.0, 1.0, 1.0, 1.0, 1.0, 1.0]
cw_psl_total_eval(pseudo label 클래스별 총 샘플 수):  [0, 0, 0, 0, 0, 0, 0]
cw_psl_correct_eval(pseudo label 클래스별 맞은 샘플 수):  [0, 0, 0, 0, 0, 0, 0]
psl_acc(PSL 평가에서의 정확도): None 
cw_psl_acc(클래스별 PSL 평가에서의 정확도):  [nan, nan, nan, nan, nan, nan, nan]
**pseudo_label ->  [0.0941, 0.0808, 0.1832, 0.0801, 0.2935, 0.1542, 0.1142] **
max =  0.2935 | max_idx =  4
**pseudo_label ->  [0.0813, 0.2225, 0.0994, 0.1131, 0.2897, 0.106, 0.088] **
max =  0.2897 | max_idx =  4
**pseudo_label ->  [0.0951, 0.0988, 0.1025, 0.369, 0.0986, 0.1273, 0.1087] **
max =  0.369 | max_idx =  3
**pseudo_label ->  [0.0919, 0.091, 0.1339, 0.0934, 0.3448, 0.1433, 0.1017] **
max =  0.3448 | max_idx =  4
**pseudo_label ->  [0.0888, 0.1087, 0.204, 0.0894, 0.3018, 0.1006, 0.1066] **
max =  0.3018 | max_idx =  4
Epoch 43/50, Train Loss: 0.9582, Valid Loss: 1.8850, Train Acc: 1.0000, Val Acc: 0.2284, Test Acc: 0.2685, Test F1: 0.2217, Total Pseudo-Labels: 0, Correct Pseudo-Labels: 0, Train Data Number: 35



line 303 => train data수 35
line 258 => 인스턴스 수 5
Step 215  Tim 1:12:10
acc_train_cw(현재 train의 class별 acc) [1.0, 1.0, 1.0, 1.0, 1.0, 1.0, 1.0]
cw_psl_total_eval(pseudo label 클래스별 총 샘플 수):  [0, 0, 0, 0, 0, 0, 0]
cw_psl_correct_eval(pseudo label 클래스별 맞은 샘플 수):  [0, 0, 0, 0, 0, 0, 0]
psl_acc(PSL 평가에서의 정확도): None 
cw_psl_acc(클래스별 PSL 평가에서의 정확도):  [nan, nan, nan, nan, nan, nan, nan]
**pseudo_label ->  [0.0888, 0.0809, 0.1932, 0.0798, 0.2802, 0.1673, 0.1097] **
max =  0.2802 | max_idx =  4
**pseudo_label ->  [0.0841, 0.3062, 0.0951, 0.1241, 0.2065, 0.1077, 0.0762] **
max =  0.3062 | max_idx =  1
**pseudo_label ->  [0.0945, 0.103, 0.1017, 0.3741, 0.0971, 0.1272, 0.1024] **
max =  0.3741 | max_idx =  3
**pseudo_label ->  [0.0915, 0.0924, 0.1432, 0.0944, 0.3442, 0.1399, 0.0945] **
max =  0.3442 | max_idx =  4
**pseudo_label ->  [0.0908, 0.1205, 0.3119, 0.0931, 0.1947, 0.0993, 0.0896] **
max =  0.3119 | max_idx =  2
Epoch 44/50, Train Loss: 0.9468, Valid Loss: 1.8893, Train Acc: 1.0000, Val Acc: 0.2386, Test Acc: 0.2617, Test F1: 0.2199, Total Pseudo-Labels: 0, Correct Pseudo-Labels: 0, Train Data Number: 35



line 303 => train data수 35
line 258 => 인스턴스 수 5
Step 220  Tim 1:13:49
acc_train_cw(현재 train의 class별 acc) [1.0, 1.0, 1.0, 1.0, 1.0, 1.0, 1.0]
cw_psl_total_eval(pseudo label 클래스별 총 샘플 수):  [0, 0, 0, 0, 0, 0, 0]
cw_psl_correct_eval(pseudo label 클래스별 맞은 샘플 수):  [0, 0, 0, 0, 0, 0, 0]
psl_acc(PSL 평가에서의 정확도): None 
cw_psl_acc(클래스별 PSL 평가에서의 정확도):  [nan, nan, nan, nan, nan, nan, nan]
**pseudo_label ->  [0.0895, 0.0857, 0.193, 0.0746, 0.2916, 0.153, 0.1125] **
max =  0.2916 | max_idx =  4
**pseudo_label ->  [0.0885, 0.2522, 0.0981, 0.1166, 0.2677, 0.1022, 0.0747] **
max =  0.2677 | max_idx =  4
**pseudo_label ->  [0.0901, 0.099, 0.0992, 0.3786, 0.1032, 0.121, 0.1089] **
max =  0.3786 | max_idx =  3
**pseudo_label ->  [0.0856, 0.0833, 0.1365, 0.0878, 0.2916, 0.2151, 0.1] **
max =  0.2916 | max_idx =  4
**pseudo_label ->  [0.091, 0.1058, 0.2414, 0.0828, 0.2744, 0.1024, 0.1023] **
max =  0.2744 | max_idx =  4
Epoch 45/50, Train Loss: 0.9355, Valid Loss: 1.8905, Train Acc: 1.0000, Val Acc: 0.2403, Test Acc: 0.2707, Test F1: 0.2215, Total Pseudo-Labels: 0, Correct Pseudo-Labels: 0, Train Data Number: 35



line 303 => train data수 35
line 258 => 인스턴스 수 5
Step 225  Tim 1:15:29
acc_train_cw(현재 train의 class별 acc) [1.0, 1.0, 1.0, 1.0, 1.0, 1.0, 1.0]
cw_psl_total_eval(pseudo label 클래스별 총 샘플 수):  [0, 0, 0, 0, 0, 0, 0]
cw_psl_correct_eval(pseudo label 클래스별 맞은 샘플 수):  [0, 0, 0, 0, 0, 0, 0]
psl_acc(PSL 평가에서의 정확도): None 
cw_psl_acc(클래스별 PSL 평가에서의 정확도):  [nan, nan, nan, nan, nan, nan, nan]
**pseudo_label ->  [0.0891, 0.0815, 0.2623, 0.0748, 0.2238, 0.166, 0.1025] **
max =  0.2623 | max_idx =  2
**pseudo_label ->  [0.0822, 0.3009, 0.104, 0.1068, 0.2286, 0.1001, 0.0774] **
max =  0.3009 | max_idx =  1
**pseudo_label ->  [0.0909, 0.0927, 0.104, 0.378, 0.0961, 0.1304, 0.1079] **
max =  0.378 | max_idx =  3
**pseudo_label ->  [0.0903, 0.0876, 0.1373, 0.0882, 0.3458, 0.1537, 0.0971] **
max =  0.3458 | max_idx =  4
**pseudo_label ->  [0.0882, 0.1139, 0.3052, 0.0825, 0.2106, 0.11, 0.0896] **
max =  0.3052 | max_idx =  2
Epoch 46/50, Train Loss: 0.9241, Valid Loss: 1.9030, Train Acc: 1.0000, Val Acc: 0.2352, Test Acc: 0.2819, Test F1: 0.2293, Total Pseudo-Labels: 0, Correct Pseudo-Labels: 0, Train Data Number: 35



line 303 => train data수 35
line 258 => 인스턴스 수 5
Step 230  Tim 1:17:08
acc_train_cw(현재 train의 class별 acc) [1.0, 1.0, 1.0, 1.0, 1.0, 1.0, 1.0]
cw_psl_total_eval(pseudo label 클래스별 총 샘플 수):  [0, 0, 0, 0, 0, 0, 0]
cw_psl_correct_eval(pseudo label 클래스별 맞은 샘플 수):  [0, 0, 0, 0, 0, 0, 0]
psl_acc(PSL 평가에서의 정확도): None 
cw_psl_acc(클래스별 PSL 평가에서의 정확도):  [nan, nan, nan, nan, nan, nan, nan]
**pseudo_label ->  [0.0864, 0.082, 0.3103, 0.0771, 0.1633, 0.1832, 0.0977] **
max =  0.3103 | max_idx =  2
**pseudo_label ->  [0.0836, 0.3038, 0.0958, 0.1101, 0.2312, 0.097, 0.0784] **
max =  0.3038 | max_idx =  1
**pseudo_label ->  [0.0944, 0.0986, 0.0982, 0.3876, 0.0922, 0.1226, 0.1064] **
max =  0.3876 | max_idx =  3
**pseudo_label ->  [0.0895, 0.0892, 0.137, 0.0901, 0.3575, 0.1413, 0.0954] **
max =  0.3575 | max_idx =  4
**pseudo_label ->  [0.0914, 0.1183, 0.328, 0.0846, 0.1889, 0.0995, 0.0893] **
max =  0.328 | max_idx =  2
Epoch 47/50, Train Loss: 0.9132, Valid Loss: 1.8931, Train Acc: 1.0000, Val Acc: 0.2352, Test Acc: 0.2707, Test F1: 0.2239, Total Pseudo-Labels: 0, Correct Pseudo-Labels: 0, Train Data Number: 35



line 303 => train data수 35
line 258 => 인스턴스 수 5
Step 235  Tim 1:18:47
acc_train_cw(현재 train의 class별 acc) [1.0, 1.0, 1.0, 1.0, 1.0, 1.0, 1.0]
cw_psl_total_eval(pseudo label 클래스별 총 샘플 수):  [0, 0, 0, 0, 0, 0, 0]
cw_psl_correct_eval(pseudo label 클래스별 맞은 샘플 수):  [0, 0, 0, 0, 0, 0, 0]
psl_acc(PSL 평가에서의 정확도): None 
cw_psl_acc(클래스별 PSL 평가에서의 정확도):  [nan, nan, nan, nan, nan, nan, nan]
**pseudo_label ->  [0.0852, 0.0847, 0.2492, 0.0749, 0.2576, 0.1426, 0.1058] **
max =  0.2576 | max_idx =  4
**pseudo_label ->  [0.085, 0.3374, 0.0972, 0.1109, 0.1992, 0.0972, 0.0732] **
max =  0.3374 | max_idx =  1
**pseudo_label ->  [0.0905, 0.0975, 0.0977, 0.392, 0.0976, 0.1222, 0.1024] **
max =  0.392 | max_idx =  3
**pseudo_label ->  [0.087, 0.0899, 0.1374, 0.0865, 0.3531, 0.152, 0.0942] **
max =  0.3531 | max_idx =  4
**pseudo_label ->  [0.0904, 0.1232, 0.2421, 0.0779, 0.2783, 0.0953, 0.093] **
max =  0.2783 | max_idx =  4
Epoch 48/50, Train Loss: 0.9024, Valid Loss: 1.8993, Train Acc: 1.0000, Val Acc: 0.2420, Test Acc: 0.2662, Test F1: 0.2200, Total Pseudo-Labels: 0, Correct Pseudo-Labels: 0, Train Data Number: 35



line 303 => train data수 35
line 258 => 인스턴스 수 5
Step 240  Tim 1:20:27
acc_train_cw(현재 train의 class별 acc) [1.0, 1.0, 1.0, 1.0, 1.0, 1.0, 1.0]
cw_psl_total_eval(pseudo label 클래스별 총 샘플 수):  [0, 0, 0, 0, 0, 0, 0]
cw_psl_correct_eval(pseudo label 클래스별 맞은 샘플 수):  [0, 0, 0, 0, 0, 0, 0]
psl_acc(PSL 평가에서의 정확도): None 
cw_psl_acc(클래스별 PSL 평가에서의 정확도):  [nan, nan, nan, nan, nan, nan, nan]
**pseudo_label ->  [0.0827, 0.0817, 0.2174, 0.0754, 0.2915, 0.1326, 0.1188] **
max =  0.2915 | max_idx =  4
**pseudo_label ->  [0.0818, 0.313, 0.1034, 0.1114, 0.2197, 0.1012, 0.0695] **
max =  0.313 | max_idx =  1
**pseudo_label ->  [0.0893, 0.0905, 0.1048, 0.3939, 0.0969, 0.1205, 0.1041] **
max =  0.3939 | max_idx =  3
**pseudo_label ->  [0.0838, 0.0868, 0.1386, 0.0896, 0.351, 0.1571, 0.093] **
max =  0.351 | max_idx =  4
**pseudo_label ->  [0.0854, 0.1127, 0.2692, 0.0831, 0.2582, 0.0918, 0.0997] **
max =  0.2692 | max_idx =  2
Epoch 49/50, Train Loss: 0.8915, Valid Loss: 1.9040, Train Acc: 1.0000, Val Acc: 0.2403, Test Acc: 0.2774, Test F1: 0.2269, Total Pseudo-Labels: 0, Correct Pseudo-Labels: 0, Train Data Number: 35



line 303 => train data수 35
line 258 => 인스턴스 수 5
Step 245  Tim 1:22:06
acc_train_cw(현재 train의 class별 acc) [1.0, 1.0, 1.0, 1.0, 1.0, 1.0, 1.0]
cw_psl_total_eval(pseudo label 클래스별 총 샘플 수):  [0, 0, 0, 0, 0, 0, 0]
cw_psl_correct_eval(pseudo label 클래스별 맞은 샘플 수):  [0, 0, 0, 0, 0, 0, 0]
psl_acc(PSL 평가에서의 정확도): None 
cw_psl_acc(클래스별 PSL 평가에서의 정확도):  [nan, nan, nan, nan, nan, nan, nan]
**pseudo_label ->  [0.0863, 0.0732, 0.243, 0.0747, 0.1959, 0.2339, 0.0929] **
max =  0.243 | max_idx =  2
**pseudo_label ->  [0.0809, 0.3824, 0.0938, 0.1081, 0.1608, 0.0958, 0.0782] **
max =  0.3824 | max_idx =  1
**pseudo_label ->  [0.0904, 0.092, 0.0992, 0.4016, 0.097, 0.1137, 0.106] **
max =  0.4016 | max_idx =  3
**pseudo_label ->  [0.0858, 0.0811, 0.136, 0.0882, 0.35, 0.1645, 0.0944] **
max =  0.35 | max_idx =  4
**pseudo_label ->  [0.0844, 0.1021, 0.2628, 0.0886, 0.2696, 0.1003, 0.0921] **
max =  0.2696 | max_idx =  4
Epoch 50/50, Train Loss: 0.8806, Valid Loss: 1.9045, Train Acc: 1.0000, Val Acc: 0.2369, Test Acc: 0.2707, Test F1: 0.2238, Total Pseudo-Labels: 0, Correct Pseudo-Labels: 0, Train Data Number: 35

Training complete!
Total training took 1:23:27 (h:mm:ss)
Load model from ./experiment/java_extended_data/output/5_codet5p-110m-embedding_0.0003_0.7_java_extended_data_net0.pth
Save training statistics in:  ./experiment/java_extended_data/log/codet5p/class5//5_codet5p-110m-embedding_0.0003_0.7_java_extended_data/training_statistics.csv

best_trian_loss, epoch => 0.8805549621582032 50
Epoch-1_train_loss => 2.011184239387512
max_epoch_train_loss => 0.8805549621582032 


best_val_loss, epoch =>  1.8497923372562364 10
Epoch-1_val_loss => 1.95521445040372
max_epoch_val_loss => 1.9045329768645582 

pse_epoch =>  []
추가되는 pse_epoch =>  [] 

total_data:  35 
Best_step:  50 
Best_epoch:  10 
best_val_acc:  0.272419627749577 
best_test_acc:  0.2550335570469799 
best_test_f1:  0.21903362666031062
Save best record in:  ./experiment/java_extended_data/log/codet5p/class5/summary.csv
Save best record in:  ./experiment/java_extended_data/log/summary_avgrun.csv
