current work directory:  /home/imsuhan22/few-shot-tc/JointMatch_SSL/codebert/code
java_extended_data
save_name: 5_unixcoder-base_1e-05_0.9_10_java_extended_data

data_path:  ../data/../data/problem_based_split/java_extended_data

There are 1 GPU(s) available.
We will use the GPU- 0 NVIDIA GeForce RTX 3090

**line 147 모델 =>  microsoft/unixcoder-base
**tokenizer type =  microsoft/unixcoder-base 

n_labeled_per_class:  5
train_df samples: 3851
train_labeled_df samples: 35
train_unlabeled_df samples: 3816
n_classes:  7 

net_arch:  microsoft/unixcoder-base lr:  1e-05

line 303 => train data수 35
line 258 => 인스턴스 수 5
=======test_loader=======
=======dev_loader=======
=======train_labeled_loader=======
=======finish=======
>>Epoch 1 Step 0 acc_test 0.038031 f1_test 0.031177 acc_val 0.074450 f1_val 0.049749 acc_train 0.171429 f1_train 0.108277 psl_cor 0 psl_totl 0 pslt_global 0.000000  Tim 0:00:10
acc_train_cw [0.2, 0.4, 0.0, 0.0, 0.0, 0.0, 0.6]
cw_psl_eval:  [0, 0, 0, 0, 0, 0, 0] [0, 0, 0, 0, 0, 0, 0]
psl_acc: None cw_psl_acc:  [nan, nan, nan, nan, nan, nan, nan]
Save model to ./experiment/few_shot/output/

line 303 => train data수 35
line 258 => 인스턴스 수 5
=======test_loader=======
=======dev_loader=======
=======train_labeled_loader=======
=======finish=======
>>Epoch 2 Step 5 acc_test 0.087248 f1_test 0.072968 acc_val 0.175973 f1_val 0.146375 acc_train 0.314286 f1_train 0.295751 psl_cor 0 psl_totl 0 pslt_global 0.900000  Tim 0:00:39
acc_train_cw [0.4, 0.2, 0.6, 0.2, 0.4, 0.0, 0.4]
cw_psl_eval:  [0, 0, 0, 0, 0, 0, 0] [0, 0, 0, 0, 0, 0, 0]
psl_acc: None cw_psl_acc:  [nan, nan, nan, nan, nan, nan, nan]
Save model to ./experiment/few_shot/output/

line 303 => train data수 35
line 258 => 인스턴스 수 5
=======test_loader=======
=======dev_loader=======
=======train_labeled_loader=======
=======finish=======
>>Epoch 3 Step 10 acc_test 0.145414 f1_test 0.102488 acc_val 0.221658 f1_val 0.145070 acc_train 0.514286 f1_train 0.479443 psl_cor 0 psl_totl 0 pslt_global 0.900000  Tim 0:01:13
acc_train_cw [0.8, 0.4, 0.8, 0.4, 0.8, 0.0, 0.4]
cw_psl_eval:  [0, 0, 0, 0, 0, 0, 0] [0, 0, 0, 0, 0, 0, 0]
psl_acc: None cw_psl_acc:  [nan, nan, nan, nan, nan, nan, nan]
Save model to ./experiment/few_shot/output/

line 303 => train data수 35
line 258 => 인스턴스 수 5
=======test_loader=======
=======dev_loader=======
=======train_labeled_loader=======
=======finish=======
>>Epoch 4 Step 15 acc_test 0.170022 f1_test 0.148767 acc_val 0.219966 f1_val 0.162806 acc_train 0.628571 f1_train 0.604576 psl_cor 0 psl_totl 0 pslt_global 0.900000  Tim 0:01:46
acc_train_cw [0.8, 0.6, 0.6, 1.0, 0.8, 0.2, 0.4]
cw_psl_eval:  [0, 0, 0, 0, 0, 0, 0] [0, 0, 0, 0, 0, 0, 0]
psl_acc: None cw_psl_acc:  [nan, nan, nan, nan, nan, nan, nan]

line 303 => train data수 35
line 258 => 인스턴스 수 5
=======test_loader=======
=======dev_loader=======
=======train_labeled_loader=======
=======finish=======
>>Epoch 5 Step 20 acc_test 0.185682 f1_test 0.157628 acc_val 0.263959 f1_val 0.206146 acc_train 0.800000 f1_train 0.789286 psl_cor 0 psl_totl 0 pslt_global 0.900000  Tim 0:02:14
acc_train_cw [0.8, 1.0, 1.0, 1.0, 0.8, 0.6, 0.4]
cw_psl_eval:  [0, 0, 0, 0, 0, 0, 0] [0, 0, 0, 0, 0, 0, 0]
psl_acc: None cw_psl_acc:  [nan, nan, nan, nan, nan, nan, nan]
Save model to ./experiment/few_shot/output/

line 303 => train data수 35
line 258 => 인스턴스 수 5
=======test_loader=======
=======dev_loader=======
=======train_labeled_loader=======
=======finish=======
>>Epoch 6 Step 25 acc_test 0.196868 f1_test 0.159721 acc_val 0.292724 f1_val 0.226440 acc_train 0.885714 f1_train 0.882756 psl_cor 0 psl_totl 0 pslt_global 0.900000  Tim 0:02:48
acc_train_cw [0.8, 1.0, 1.0, 1.0, 1.0, 0.8, 0.6]
cw_psl_eval:  [0, 0, 0, 0, 0, 0, 0] [0, 0, 0, 0, 0, 0, 0]
psl_acc: None cw_psl_acc:  [nan, nan, nan, nan, nan, nan, nan]
Save model to ./experiment/few_shot/output/

line 303 => train data수 35
line 258 => 인스턴스 수 5
=======test_loader=======
=======dev_loader=======
=======train_labeled_loader=======
=======finish=======
>>Epoch 7 Step 30 acc_test 0.185682 f1_test 0.168891 acc_val 0.263959 f1_val 0.211877 acc_train 0.885714 f1_train 0.883478 psl_cor 0 psl_totl 0 pslt_global 0.900000  Tim 0:03:22
acc_train_cw [0.8, 1.0, 1.0, 1.0, 0.8, 1.0, 0.6]
cw_psl_eval:  [0, 0, 0, 0, 0, 0, 0] [0, 0, 0, 0, 0, 0, 0]
psl_acc: None cw_psl_acc:  [nan, nan, nan, nan, nan, nan, nan]

line 303 => train data수 35
line 258 => 인스턴스 수 5
=======test_loader=======
=======dev_loader=======
=======train_labeled_loader=======
=======finish=======
>>Epoch 8 Step 35 acc_test 0.246085 f1_test 0.199406 acc_val 0.280880 f1_val 0.213351 acc_train 0.885714 f1_train 0.883333 psl_cor 0 psl_totl 0 pslt_global 0.900000  Tim 0:03:50
acc_train_cw [0.8, 0.8, 1.0, 1.0, 1.0, 1.0, 0.6]
cw_psl_eval:  [0, 0, 0, 0, 0, 0, 0] [0, 0, 0, 0, 0, 0, 0]
psl_acc: None cw_psl_acc:  [nan, nan, nan, nan, nan, nan, nan]

line 303 => train data수 35
line 258 => 인스턴스 수 5
=======test_loader=======
=======dev_loader=======
=======train_labeled_loader=======
=======finish=======
>>Epoch 9 Step 40 acc_test 0.232662 f1_test 0.196755 acc_val 0.287648 f1_val 0.217553 acc_train 0.942857 f1_train 0.942280 psl_cor 0 psl_totl 0 pslt_global 0.900000  Tim 0:04:18
acc_train_cw [0.8, 1.0, 1.0, 1.0, 1.0, 1.0, 0.8]
cw_psl_eval:  [0, 0, 0, 0, 0, 0, 0] [0, 0, 0, 0, 0, 0, 0]
psl_acc: None cw_psl_acc:  [nan, nan, nan, nan, nan, nan, nan]

line 303 => train data수 35
line 258 => 인스턴스 수 5
=======test_loader=======
=======dev_loader=======
=======train_labeled_loader=======
=======finish=======
>>Epoch 10 Step 45 acc_test 0.194631 f1_test 0.172086 acc_val 0.274112 f1_val 0.207182 acc_train 0.971429 f1_train 0.971140 psl_cor 0 psl_totl 0 pslt_global 0.900000  Tim 0:04:46
acc_train_cw [0.8, 1.0, 1.0, 1.0, 1.0, 1.0, 1.0]
cw_psl_eval:  [0, 0, 0, 0, 0, 0, 0] [0, 0, 0, 0, 0, 0, 0]
psl_acc: None cw_psl_acc:  [nan, nan, nan, nan, nan, nan, nan]

line 303 => train data수 38
line 258 => 인스턴스 수 6
=======test_loader=======
=======dev_loader=======
=======train_labeled_loader=======
=======finish=======
>>Epoch 11 Step 50 acc_test 0.185682 f1_test 0.167508 acc_val 0.275804 f1_val 0.204992 acc_train 1.000000 f1_train 1.000000 psl_cor 3 psl_totl 3 pslt_global 0.900000  Tim 0:05:14
acc_train_cw [1.0, 1.0, 1.0, 1.0, 1.0, 1.0, 1.0]
cw_psl_eval:  [2, 0, 0, 0, 0, 1, 0] [2, 0, 0, 0, 0, 1, 0]
psl_acc:  1.0 cw_psl_acc:  [1.0, nan, nan, nan, nan, 1.0, nan]
train batch instace수가 7안됨 pass

line 303 => train data수 63
line 258 => 인스턴스 수 9
=======test_loader=======
=======dev_loader=======
=======train_labeled_loader=======
=======finish=======
>>Epoch 12 Step 56 acc_test 0.176734 f1_test 0.160128 acc_val 0.302876 f1_val 0.222155 acc_train 0.984127 f1_train 0.984212 psl_cor 23 psl_totl 28 pslt_global 0.900000  Tim 0:05:42
acc_train_cw [0.962, 1.0, 1.0, 1.0, 1.0, 1.0, 1.0]
cw_psl_eval:  [21, 0, 0, 0, 0, 7, 0] [19, 0, 0, 0, 0, 4, 0]
psl_acc:  0.821 cw_psl_acc:  [0.9047619104385376, nan, nan, nan, nan, 0.5714285969734192, nan]
Save model to ./experiment/few_shot/output/

line 303 => train data수 108
line 258 => 인스턴스 수 16
=======test_loader=======
=======dev_loader=======
=======train_labeled_loader=======
=======finish=======
>>Epoch 13 Step 65 acc_test 0.205817 f1_test 0.157691 acc_val 0.267343 f1_val 0.184195 acc_train 0.925926 f1_train 0.912664 psl_cor 21 psl_totl 52 pslt_global 0.900000  Tim 0:06:17
acc_train_cw [1.0, 1.0, 0.933, 1.0, 1.0, 0.773, 0.818]
cw_psl_eval:  [1, 4, 10, 1, 14, 16, 6] [1, 2, 3, 0, 7, 6, 2]
psl_acc:  0.404 cw_psl_acc:  [1.0, 0.5, 0.30000001192092896, 0.0, 0.5, 0.375, 0.3333333432674408]
train batch instace수가 7안됨 pass

line 303 => train data수 259
line 258 => 인스턴스 수 37
=======test_loader=======
=======dev_loader=======
=======train_labeled_loader=======
=======finish=======
>>Epoch 14 Step 81 acc_test 0.288591 f1_test 0.239583 acc_val 0.280880 f1_val 0.200498 acc_train 0.992278 f1_train 0.983302 psl_cor 119 psl_totl 182 pslt_global 0.900000  Tim 0:06:47
acc_train_cw [1.0, 0.867, 1.0, 1.0, 1.0, 1.0, 1.0]
cw_psl_eval:  [150, 7, 12, 1, 3, 7, 2] [110, 2, 3, 0, 2, 1, 1]
psl_acc:  0.654 cw_psl_acc:  [0.7333333492279053, 0.2857142984867096, 0.25, 0.0, 0.6666666865348816, 0.1428571492433548, 0.5]

line 303 => train data수 922
line 258 => 인스턴스 수 132
=======test_loader=======
=======dev_loader=======
=======train_labeled_loader=======
=======finish=======
>>Epoch 15 Step 118 acc_test 0.277405 f1_test 0.241180 acc_val 0.282572 f1_val 0.191315 acc_train 0.931670 f1_train 0.877734 psl_cor 329 psl_totl 868 pslt_global 0.900000  Tim 0:07:22
acc_train_cw [1.0, 0.831, 1.0, 0.8, 1.0, 0.739, 0.932]
cw_psl_eval:  [359, 53, 27, 8, 167, 158, 96] [206, 27, 7, 1, 44, 23, 21]
psl_acc:  0.379 cw_psl_acc:  [0.573816180229187, 0.5094339847564697, 0.25925925374031067, 0.125, 0.2634730637073517, 0.14556962251663208, 0.21875]
train batch instace수가 7안됨 pass

line 303 => train data수 2278
line 258 => 인스턴스 수 326
=======test_loader=======
=======dev_loader=======
=======train_labeled_loader=======
=======finish=======
>>Epoch 16 Step 250 acc_test 0.342282 f1_test 0.253531 acc_val 0.265651 f1_val 0.200749 acc_train 0.978929 f1_train 0.930412 psl_cor 690 psl_totl 2179 pslt_global 0.900000  Tim 0:08:12
acc_train_cw [0.982, 0.943, 0.997, 0.471, 0.998, 0.992, 0.975]
cw_psl_eval:  [500, 274, 380, 5, 453, 180, 387] [270, 127, 107, 1, 84, 22, 79]
psl_acc:  0.317 cw_psl_acc:  [0.5400000214576721, 0.4635036587715149, 0.2815789580345154, 0.20000000298023224, 0.18543046712875366, 0.12222222238779068, 0.20413435995578766]
train batch instace수가 7안됨 pass

line 303 => train data수 3167
line 258 => 인스턴스 수 453
=======test_loader=======
=======dev_loader=======
=======train_labeled_loader=======
=======finish=======
>>Epoch 17 Step 576 acc_test 0.317673 f1_test 0.238131 acc_val 0.265651 f1_val 0.199399 acc_train 0.978529 f1_train 0.945214 psl_cor 852 psl_totl 3073 pslt_global 0.900000  Tim 0:09:25
acc_train_cw [0.99, 0.944, 0.997, 0.667, 0.996, 0.963, 0.981]
cw_psl_eval:  [582, 445, 622, 6, 507, 503, 408] [297, 174, 149, 0, 88, 64, 80]
psl_acc:  0.277 cw_psl_acc:  [0.5103092789649963, 0.39101123809814453, 0.23954984545707703, 0.0, 0.17357002198696136, 0.12723657488822937, 0.19607843458652496]
train batch instace수가 7안됨 pass
**bs에 맞지않음!!!!!**


line 303 => train data수 3496
line 258 => 인스턴스 수 500
=======test_loader=======
=======dev_loader=======
=======train_labeled_loader=======
=======finish=======
>>Epoch 18 Step 1029 acc_test 0.293065 f1_test 0.229089 acc_val 0.294416 f1_val 0.223433 acc_train 0.979977 f1_train 0.913166 psl_cor 917 psl_totl 3339 pslt_global 0.900000  Tim 0:10:51
acc_train_cw [0.98, 0.971, 0.996, 0.357, 0.998, 0.959, 0.993]
cw_psl_eval:  [574, 522, 666, 3, 531, 612, 431] [303, 195, 165, 0, 91, 79, 84]
psl_acc:  0.275 cw_psl_acc:  [0.5278745889663696, 0.3735632300376892, 0.2477477490901947, 0.0, 0.17137476801872253, 0.129084974527359, 0.19489559531211853]
train batch instace수가 7안됨 pass
**bs에 맞지않음!!!!!**


line 303 => train data수 3639
line 258 => 인스턴스 수 520
=======test_loader=======
=======dev_loader=======
=======train_labeled_loader=======
=======finish=======
>>Epoch 19 Step 1529 acc_test 0.313199 f1_test 0.243573 acc_val 0.304569 f1_val 0.229052 acc_train 0.979390 f1_train 0.935849 psl_cor 940 psl_totl 3443 pslt_global 0.900000  Tim 0:12:23
acc_train_cw [0.98, 0.985, 0.993, 0.5, 0.998, 0.943, 0.993]
cw_psl_eval:  [575, 602, 653, 3, 575, 605, 430] [297, 211, 166, 0, 97, 85, 84]
psl_acc:  0.273 cw_psl_acc:  [0.5165217518806458, 0.35049834847450256, 0.25421133637428284, 0.0, 0.16869565844535828, 0.14049586653709412, 0.1953488439321518]
Save model to ./experiment/few_shot/output/
train batch instace수가 7안됨 pass
**bs에 맞지않음!!!!!**


line 303 => train data수 3739
line 258 => 인스턴스 수 535
=======test_loader=======
=======dev_loader=======
=======train_labeled_loader=======
=======finish=======
>>Epoch 20 Step 2049 acc_test 0.290828 f1_test 0.236588 acc_val 0.294416 f1_val 0.220144 acc_train 0.975662 f1_train 0.944968 psl_cor 978 psl_totl 3590 pslt_global 0.900000  Tim 0:14:03
acc_train_cw [0.993, 0.95, 1.0, 0.6, 1.0, 0.929, 0.993]
cw_psl_eval:  [600, 571, 761, 6, 605, 613, 434] [313, 208, 186, 0, 100, 84, 87]
psl_acc:  0.272 cw_psl_acc:  [0.5216666460037231, 0.36427319049835205, 0.24441523849964142, 0.0, 0.1652892529964447, 0.13703098893165588, 0.20046083629131317]
train batch instace수가 7안됨 pass
**bs에 맞지않음!!!!!**


line 303 => train data수 3778
line 258 => 인스턴스 수 540
=======test_loader=======
=======dev_loader=======
=======train_labeled_loader=======
=======finish=======
>>Epoch 21 Step 2584 acc_test 0.286353 f1_test 0.227282 acc_val 0.296108 f1_val 0.224750 acc_train 0.984383 f1_train 0.962779 psl_cor 989 psl_totl 3619 pslt_global 0.900000  Tim 0:15:39
acc_train_cw [0.987, 0.966, 0.999, 0.8, 0.99, 0.979, 0.987]
cw_psl_eval:  [605, 568, 765, 10, 576, 651, 444] [315, 207, 188, 0, 99, 91, 89]
psl_acc:  0.273 cw_psl_acc:  [0.5206611752510071, 0.36443662643432617, 0.24575163424015045, 0.0, 0.171875, 0.13978494703769684, 0.20045045018196106]
train batch instace수가 7안됨 pass
**bs에 맞지않음!!!!!**


line 303 => train data수 3809
line 258 => 인스턴스 수 545
=======test_loader=======
=======dev_loader=======
=======train_labeled_loader=======
=======finish=======
>>Epoch 22 Step 3124 acc_test 0.304251 f1_test 0.229278 acc_val 0.269036 f1_val 0.196681 acc_train 0.980835 f1_train 0.969710 psl_cor 976 psl_totl 3652 pslt_global 0.900000  Tim 0:17:15
acc_train_cw [0.988, 0.914, 0.998, 0.867, 1.0, 0.988, 0.998]
cw_psl_eval:  [640, 536, 777, 9, 596, 655, 439] [323, 191, 184, 0, 101, 87, 90]
psl_acc:  0.267 cw_psl_acc:  [0.504687488079071, 0.35634326934814453, 0.23680824041366577, 0.0, 0.16946308314800262, 0.13282442092895508, 0.20501138269901276]
train batch instace수가 7안됨 pass
**bs에 맞지않음!!!!!**


line 303 => train data수 3816
line 258 => 인스턴스 수 546
=======test_loader=======
=======dev_loader=======
=======train_labeled_loader=======
=======finish=======
>>Epoch 23 Step 3669 acc_test 0.288591 f1_test 0.235093 acc_val 0.275804 f1_val 0.202874 acc_train 0.987945 f1_train 0.978841 psl_cor 999 psl_totl 3709 pslt_global 0.900000  Tim 0:18:52
acc_train_cw [0.986, 0.98, 1.0, 1.0, 0.995, 0.967, 1.0]
cw_psl_eval:  [635, 587, 796, 13, 591, 644, 443] [324, 205, 193, 1, 98, 87, 91]
psl_acc:  0.269 cw_psl_acc:  [0.5102362036705017, 0.34923338890075684, 0.24246230721473694, 0.07692307978868484, 0.1658206433057785, 0.13509316742420197, 0.20541760325431824]
train batch instace수가 7안됨 pass
**bs에 맞지않음!!!!!**


line 303 => train data수 3825
line 258 => 인스턴스 수 547
=======test_loader=======
=======dev_loader=======
=======train_labeled_loader=======
=======finish=======
>>Epoch 24 Step 4215 acc_test 0.302013 f1_test 0.233485 acc_val 0.262267 f1_val 0.196315 acc_train 0.995033 f1_train 0.991555 psl_cor 995 psl_totl 3722 pslt_global 0.900000  Tim 0:20:28
acc_train_cw [0.998, 0.998, 0.995, 1.0, 0.998, 0.985, 0.995]
cw_psl_eval:  [638, 602, 771, 13, 590, 680, 428] [322, 209, 182, 1, 98, 94, 89]
psl_acc:  0.267 cw_psl_acc:  [0.5047022104263306, 0.34717607498168945, 0.2360570728778839, 0.07692307978868484, 0.16610169410705566, 0.13823530077934265, 0.20794393122196198]
train batch instace수가 7안됨 pass
**bs에 맞지않음!!!!!**


line 303 => train data수 3830
line 258 => 인스턴스 수 548
=======test_loader=======
=======dev_loader=======
=======train_labeled_loader=======
=======finish=======
>>Epoch 25 Step 4762 acc_test 0.304251 f1_test 0.234066 acc_val 0.262267 f1_val 0.201752 acc_train 0.994778 f1_train 0.992245 psl_cor 1006 psl_totl 3717 pslt_global 0.900000  Tim 0:22:50
acc_train_cw [0.997, 0.987, 0.999, 1.0, 0.998, 0.988, 1.0]
cw_psl_eval:  [643, 574, 771, 16, 597, 679, 437] [324, 208, 186, 1, 99, 97, 91]
psl_acc:  0.271 cw_psl_acc:  [0.5038880109786987, 0.3623693287372589, 0.24124513566493988, 0.0625, 0.1658291518688202, 0.1428571492433548, 0.20823799073696136]
train batch instace수가 7안됨 pass
**bs에 맞지않음!!!!!**


line 303 => train data수 3835
line 258 => 인스턴스 수 548
=======test_loader=======
=======dev_loader=======
=======train_labeled_loader=======
=======finish=======
>>Epoch 26 Step 5310 acc_test 0.302013 f1_test 0.238874 acc_val 0.282572 f1_val 0.211717 acc_train 0.991656 f1_train 0.986626 psl_cor 1012 psl_totl 3765 pslt_global 0.900000  Tim 0:25:30
acc_train_cw [0.997, 0.994, 0.996, 0.952, 1.0, 0.97, 0.998]
cw_psl_eval:  [650, 605, 784, 17, 597, 673, 439] [326, 208, 190, 1, 99, 97, 91]
psl_acc:  0.269 cw_psl_acc:  [0.5015384554862976, 0.3438016474246979, 0.24234694242477417, 0.05882352963089943, 0.1658291518688202, 0.14413075149059296, 0.20728929340839386]
train batch instace수가 7안됨 pass
**bs에 맞지않음!!!!!**


line 303 => train data수 3836
line 258 => 인스턴스 수 548
=======test_loader=======
=======dev_loader=======
=======train_labeled_loader=======
=======finish=======
>>Epoch 27 Step 5858 acc_test 0.315436 f1_test 0.229153 acc_val 0.228426 f1_val 0.170802 acc_train 0.992961 f1_train 0.991543 psl_cor 994 psl_totl 3723 pslt_global 0.900000  Tim 0:28:15
acc_train_cw [0.998, 0.983, 0.994, 0.96, 1.0, 0.986, 1.0]
cw_psl_eval:  [651, 560, 770, 21, 586, 696, 439] [323, 199, 183, 1, 99, 98, 91]
psl_acc:  0.267 cw_psl_acc:  [0.49615976214408875, 0.3553571403026581, 0.23766233026981354, 0.0476190485060215, 0.16894197463989258, 0.14080460369586945, 0.20728929340839386]
**bs에 맞지않음!!!!!**


line 303 => train data수 3837
line 258 => 인스턴스 수 549
=======test_loader=======
=======dev_loader=======
=======train_labeled_loader=======
=======finish=======
>>Epoch 28 Step 6406 acc_test 0.308725 f1_test 0.228673 acc_val 0.235195 f1_val 0.179062 acc_train 0.997133 f1_train 0.997522 psl_cor 1005 psl_totl 3767 pslt_global 0.900000  Tim 0:31:00
acc_train_cw [0.997, 0.998, 0.998, 1.0, 0.998, 0.994, 0.998]
cw_psl_eval:  [653, 586, 773, 21, 596, 702, 436] [326, 203, 187, 1, 98, 99, 91]
psl_acc:  0.267 cw_psl_acc:  [0.49923428893089294, 0.3464163839817047, 0.24191461503505707, 0.0476190485060215, 0.16442953050136566, 0.14102564752101898, 0.20871560275554657]
train batch instace수가 7안됨 pass
**bs에 맞지않음!!!!!**


line 303 => train data수 3839
line 258 => 인스턴스 수 549
=======test_loader=======
=======dev_loader=======
=======train_labeled_loader=======
=======finish=======
>>Epoch 29 Step 6955 acc_test 0.302013 f1_test 0.235755 acc_val 0.272420 f1_val 0.208606 acc_train 0.998437 f1_train 0.995890 psl_cor 1013 psl_totl 3782 pslt_global 0.900000  Tim 0:33:40
acc_train_cw [0.998, 0.997, 1.0, 1.0, 1.0, 0.996, 1.0]
cw_psl_eval:  [641, 597, 798, 20, 579, 709, 438] [323, 206, 193, 1, 98, 101, 91]
psl_acc:  0.268 cw_psl_acc:  [0.5039001703262329, 0.3450586199760437, 0.24185463786125183, 0.05000000074505806, 0.16925734281539917, 0.14245416224002838, 0.20776255428791046]
Early stopping trigger at step:  6955
Best model at step:  1529
**조기종료됨**
**bs에 맞지않음!!!!!**

종료된 epoch시점 :  30 (epoch - 11에서부터 acc_val증가 안됨.)
조기종료 early_stop_flag 

Training complete!
Total training took 0:34:13 (h:mm:ss)
Load model from ./experiment/few_shot/output/5_unixcoder-base_1e-05_0.9_10_java_extended_data_net0.pth
Save training statistics in:  ./experiment/few_shot/log/20240403-131918/0/training_statistics.csv

Best_step:  1529 
best_test_acc:  0.3131991051454139 
best_test_f1:  0.2435734234916657
Save best record in:  ./experiment/few_shot/log/20240403-131918/summary.csv
Save best record in:  ./experiment/few_shot/log/summary_avgrun.csv
