current work directory:  /home/imsuhan22/few-shot-tc/custom_ssl/code
Data set -> java_extended_data
save_name: 5_unixcoder-base_0.0004_0.7_java_extended_data

data_path:  ../data/problem_based_split/java_extended_data

There are 2 GPU(s) available.
We will use the GPU- 0 Quadro RTX 8000

**line 147 모델 =>  microsoft/unixcoder-base
**tokenizer type =  microsoft/unixcoder-base 

pesudo label class개수 기준 -> 7
n_labeled_per_class:  5
train_df samples: 3851
train_labeled_df samples: 35
train_unlabeled_df samples: 3816
n_classes:  7 


net_arch:  microsoft/unixcoder-base 
lr:  0.0004 
lr_linear:  0.001 




line 303 => train data수 35
line 258 => 인스턴스 수 5
Step 0  Tim 0:00:16
acc_train_cw(현재 train의 class별 acc) [0.0, 0.0, 0.0, 0.6, 0.0, 0.0, 0.2]
cw_psl_total_eval(pseudo label 클래스별 총 샘플 수):  [0, 0, 0, 0, 0, 0, 0]
cw_psl_correct_eval(pseudo label 클래스별 맞은 샘플 수):  [0, 0, 0, 0, 0, 0, 0]
psl_acc(PSL 평가에서의 정확도): None 
cw_psl_acc(클래스별 PSL 평가에서의 정확도):  [nan, nan, nan, nan, nan, nan, nan]
***best_acc_model_save --- epoch = 1***
Save model to ./experiment/java_extended_data/output/
**pseudo_label ->  [0.1127, 0.1572, 0.1435, 0.1874, 0.1013, 0.1218, 0.176] **
max =  0.1874 | max_idx =  3
**pseudo_label ->  [0.1174, 0.0999, 0.145, 0.173, 0.15, 0.1186, 0.1961] **
max =  0.1961 | max_idx =  6
**pseudo_label ->  [0.1318, 0.139, 0.13, 0.1531, 0.1369, 0.1326, 0.1765] **
max =  0.1765 | max_idx =  6
**pseudo_label ->  [0.0802, 0.1115, 0.127, 0.1701, 0.17, 0.1425, 0.1986] **
max =  0.1986 | max_idx =  6
**pseudo_label ->  [0.1517, 0.0856, 0.1046, 0.2576, 0.1359, 0.1333, 0.1312] **
max =  0.2576 | max_idx =  3
Epoch 1/37, Train Loss: 2.4246, Valid Loss: 1.9101, Train Acc: 0.1143, Val Acc: 0.0914, Test Acc: 0.0447, Test F1(macro): 0.0392, Test F1(micro) : 0.1143,Total Pseudo-Labels: 0, Correct Pseudo-Labels: 0, Train Data Number: 35



line 303 => train data수 35
line 258 => 인스턴스 수 5
Step 5  Tim 0:01:48
acc_train_cw(현재 train의 class별 acc) [0.0, 1.0, 0.0, 0.0, 0.0, 0.0, 0.0]
cw_psl_total_eval(pseudo label 클래스별 총 샘플 수):  [0, 0, 0, 0, 0, 0, 0]
cw_psl_correct_eval(pseudo label 클래스별 맞은 샘플 수):  [0, 0, 0, 0, 0, 0, 0]
psl_acc(PSL 평가에서의 정확도): None 
cw_psl_acc(클래스별 PSL 평가에서의 정확도):  [nan, nan, nan, nan, nan, nan, nan]
***best_acc_model_save --- epoch = 2***
Save model to ./experiment/java_extended_data/output/
**pseudo_label ->  [0.0882, 0.1959, 0.0894, 0.2028, 0.1553, 0.1061, 0.1624] **
max =  0.2028 | max_idx =  3
**pseudo_label ->  [0.0651, 0.2264, 0.074, 0.2346, 0.1896, 0.065, 0.1452] **
max =  0.2346 | max_idx =  3
**pseudo_label ->  [0.0801, 0.1641, 0.1104, 0.2082, 0.1748, 0.1123, 0.1502] **
max =  0.2082 | max_idx =  3
**pseudo_label ->  [0.0827, 0.2176, 0.0896, 0.1828, 0.1642, 0.1096, 0.1535] **
max =  0.2176 | max_idx =  1
**pseudo_label ->  [0.0832, 0.242, 0.092, 0.1666, 0.1512, 0.0904, 0.1747] **
max =  0.242 | max_idx =  1
Epoch 2/37, Train Loss: 2.2054, Valid Loss: 1.8788, Train Acc: 0.1429, Val Acc: 0.1997, Test Acc: 0.0604, Test F1(macro): 0.0165, Test F1(micro) : 0.1429,Total Pseudo-Labels: 0, Correct Pseudo-Labels: 0, Train Data Number: 35



line 303 => train data수 35
line 258 => 인스턴스 수 5
Step 10  Tim 0:03:30
acc_train_cw(현재 train의 class별 acc) [0.0, 0.0, 0.0, 0.0, 1.0, 0.0, 0.0]
cw_psl_total_eval(pseudo label 클래스별 총 샘플 수):  [0, 0, 0, 0, 0, 0, 0]
cw_psl_correct_eval(pseudo label 클래스별 맞은 샘플 수):  [0, 0, 0, 0, 0, 0, 0]
psl_acc(PSL 평가에서의 정확도): None 
cw_psl_acc(클래스별 PSL 평가에서의 정확도):  [nan, nan, nan, nan, nan, nan, nan]
***best_acc_model_save --- epoch = 3***
Save model to ./experiment/java_extended_data/output/
**pseudo_label ->  [0.0704, 0.197, 0.2256, 0.0967, 0.1813, 0.0756, 0.1534] **
max =  0.2256 | max_idx =  2
**pseudo_label ->  [0.067, 0.098, 0.2017, 0.1899, 0.1886, 0.1483, 0.1066] **
max =  0.2017 | max_idx =  2
**pseudo_label ->  [0.0625, 0.1691, 0.199, 0.0928, 0.1933, 0.0888, 0.1945] **
max =  0.199 | max_idx =  2
**pseudo_label ->  [0.0751, 0.1266, 0.1709, 0.1315, 0.2082, 0.1357, 0.152] **
max =  0.2082 | max_idx =  4
**pseudo_label ->  [0.0752, 0.1859, 0.1911, 0.1001, 0.1954, 0.1018, 0.1504] **
max =  0.1954 | max_idx =  4
Epoch 3/37, Train Loss: 2.0379, Valid Loss: 2.1856, Train Acc: 0.1429, Val Acc: 0.2843, Test Acc: 0.2282, Test F1(macro): 0.0570, Test F1(micro) : 0.1429,Total Pseudo-Labels: 0, Correct Pseudo-Labels: 0, Train Data Number: 35



line 303 => train data수 35
line 258 => 인스턴스 수 5
Step 15  Tim 0:05:13
acc_train_cw(현재 train의 class별 acc) [0.0, 1.0, 0.0, 0.0, 0.0, 0.0, 0.0]
cw_psl_total_eval(pseudo label 클래스별 총 샘플 수):  [0, 0, 0, 0, 0, 0, 0]
cw_psl_correct_eval(pseudo label 클래스별 맞은 샘플 수):  [0, 0, 0, 0, 0, 0, 0]
psl_acc(PSL 평가에서의 정확도): None 
cw_psl_acc(클래스별 PSL 평가에서의 정확도):  [nan, nan, nan, nan, nan, nan, nan]
**pseudo_label ->  [0.1207, 0.209, 0.0781, 0.0812, 0.1044, 0.1649, 0.2417] **
max =  0.2417 | max_idx =  6
**pseudo_label ->  [0.1299, 0.2191, 0.0825, 0.1134, 0.1156, 0.1851, 0.1544] **
max =  0.2191 | max_idx =  1
**pseudo_label ->  [0.1406, 0.2129, 0.0613, 0.0789, 0.0972, 0.2404, 0.1687] **
max =  0.2404 | max_idx =  5
**pseudo_label ->  [0.1273, 0.1783, 0.0754, 0.1001, 0.1164, 0.2018, 0.2006] **
max =  0.2018 | max_idx =  5
**pseudo_label ->  [0.1188, 0.1837, 0.0655, 0.0727, 0.1232, 0.1469, 0.2891] **
max =  0.2891 | max_idx =  6
Epoch 4/37, Train Loss: 2.0555, Valid Loss: 1.9397, Train Acc: 0.1429, Val Acc: 0.1997, Test Acc: 0.0604, Test F1(macro): 0.0163, Test F1(micro) : 0.1429,Total Pseudo-Labels: 0, Correct Pseudo-Labels: 0, Train Data Number: 35



line 303 => train data수 35
line 258 => 인스턴스 수 5
Step 20  Tim 0:06:42
acc_train_cw(현재 train의 class별 acc) [0.0, 1.0, 0.0, 0.0, 0.0, 0.0, 0.0]
cw_psl_total_eval(pseudo label 클래스별 총 샘플 수):  [0, 0, 0, 0, 0, 0, 0]
cw_psl_correct_eval(pseudo label 클래스별 맞은 샘플 수):  [0, 0, 0, 0, 0, 0, 0]
psl_acc(PSL 평가에서의 정확도): None 
cw_psl_acc(클래스별 PSL 평가에서의 정확도):  [nan, nan, nan, nan, nan, nan, nan]
**pseudo_label ->  [0.1206, 0.1722, 0.1427, 0.1639, 0.1324, 0.1331, 0.1353] **
max =  0.1722 | max_idx =  1
**pseudo_label ->  [0.1284, 0.1606, 0.1392, 0.1323, 0.1386, 0.1768, 0.1243] **
max =  0.1768 | max_idx =  5
**pseudo_label ->  [0.1154, 0.16, 0.1389, 0.1508, 0.1617, 0.1428, 0.1304] **
max =  0.1617 | max_idx =  4
**pseudo_label ->  [0.1176, 0.1591, 0.1469, 0.1529, 0.1558, 0.1592, 0.1085] **
max =  0.1592 | max_idx =  5
**pseudo_label ->  [0.1205, 0.1754, 0.1395, 0.131, 0.1393, 0.1802, 0.114] **
max =  0.1802 | max_idx =  5
Epoch 5/37, Train Loss: 2.0243, Valid Loss: 1.8693, Train Acc: 0.1429, Val Acc: 0.1997, Test Acc: 0.0604, Test F1(macro): 0.0163, Test F1(micro) : 0.1429,Total Pseudo-Labels: 0, Correct Pseudo-Labels: 0, Train Data Number: 35



line 303 => train data수 35
line 258 => 인스턴스 수 5
Step 25  Tim 0:08:11
acc_train_cw(현재 train의 class별 acc) [0.0, 0.0, 1.0, 0.0, 0.0, 0.0, 0.0]
cw_psl_total_eval(pseudo label 클래스별 총 샘플 수):  [0, 0, 0, 0, 0, 0, 0]
cw_psl_correct_eval(pseudo label 클래스별 맞은 샘플 수):  [0, 0, 0, 0, 0, 0, 0]
psl_acc(PSL 평가에서의 정확도): None 
cw_psl_acc(클래스별 PSL 평가에서의 정확도):  [nan, nan, nan, nan, nan, nan, nan]
**pseudo_label ->  [0.1097, 0.1342, 0.2355, 0.1605, 0.146, 0.067, 0.1471] **
max =  0.2355 | max_idx =  2
**pseudo_label ->  [0.1491, 0.1071, 0.1868, 0.1212, 0.1686, 0.0711, 0.1961] **
max =  0.1961 | max_idx =  6
**pseudo_label ->  [0.1217, 0.1554, 0.1986, 0.1396, 0.1665, 0.0677, 0.1504] **
max =  0.1986 | max_idx =  2
**pseudo_label ->  [0.1194, 0.1513, 0.192, 0.1812, 0.1399, 0.0646, 0.1516] **
max =  0.192 | max_idx =  2
**pseudo_label ->  [0.1229, 0.1276, 0.2068, 0.1666, 0.1341, 0.0697, 0.1723] **
max =  0.2068 | max_idx =  2
Epoch 6/37, Train Loss: 2.0858, Valid Loss: 2.0665, Train Acc: 0.1429, Val Acc: 0.2115, Test Acc: 0.1544, Test F1(macro): 0.0382, Test F1(micro) : 0.1429,Total Pseudo-Labels: 0, Correct Pseudo-Labels: 0, Train Data Number: 35



line 303 => train data수 35
line 258 => 인스턴스 수 5
Step 30  Tim 0:09:39
acc_train_cw(현재 train의 class별 acc) [1.0, 0.0, 0.0, 0.0, 0.0, 0.0, 0.0]
cw_psl_total_eval(pseudo label 클래스별 총 샘플 수):  [0, 0, 0, 0, 0, 0, 0]
cw_psl_correct_eval(pseudo label 클래스별 맞은 샘플 수):  [0, 0, 0, 0, 0, 0, 0]
psl_acc(PSL 평가에서의 정확도): None 
cw_psl_acc(클래스별 PSL 평가에서의 정확도):  [nan, nan, nan, nan, nan, nan, nan]
**pseudo_label ->  [0.1996, 0.0781, 0.1069, 0.119, 0.1799, 0.1358, 0.1807] **
max =  0.1996 | max_idx =  0
**pseudo_label ->  [0.1932, 0.0815, 0.1093, 0.1095, 0.1666, 0.1522, 0.1878] **
max =  0.1932 | max_idx =  0
**pseudo_label ->  [0.2164, 0.05, 0.0684, 0.0808, 0.1949, 0.179, 0.2105] **
max =  0.2164 | max_idx =  0
**pseudo_label ->  [0.2433, 0.0917, 0.0965, 0.104, 0.1617, 0.1537, 0.1491] **
max =  0.2433 | max_idx =  0
**pseudo_label ->  [0.1915, 0.0805, 0.1211, 0.1204, 0.1653, 0.1291, 0.1921] **
max =  0.1921 | max_idx =  6
Epoch 7/37, Train Loss: 2.0772, Valid Loss: 2.1015, Train Acc: 0.1429, Val Acc: 0.0981, Test Acc: 0.1342, Test F1(macro): 0.0338, Test F1(micro) : 0.1429,Total Pseudo-Labels: 0, Correct Pseudo-Labels: 0, Train Data Number: 35



line 303 => train data수 35
line 258 => 인스턴스 수 5
Step 35  Tim 0:11:07
acc_train_cw(현재 train의 class별 acc) [0.0, 0.0, 0.0, 0.0, 0.0, 1.0, 0.0]
cw_psl_total_eval(pseudo label 클래스별 총 샘플 수):  [0, 0, 0, 0, 4, 0, 0]
cw_psl_correct_eval(pseudo label 클래스별 맞은 샘플 수):  [0, 0, 0, 0, 1, 0, 0]
psl_acc(PSL 평가에서의 정확도):  0.25 
cw_psl_acc(클래스별 PSL 평가에서의 정확도):  [nan, nan, nan, nan, 0.25, nan, nan]
**pseudo_label ->  [0.1615, 0.1647, 0.0857, 0.2082, 0.0826, 0.1939, 0.1034] **
max =  0.2082 | max_idx =  3
**pseudo_label ->  [0.1513, 0.157, 0.0962, 0.2286, 0.0721, 0.1938, 0.101] **
max =  0.2286 | max_idx =  3
**pseudo_label ->  [0.1531, 0.152, 0.0845, 0.1716, 0.1078, 0.2088, 0.1223] **
max =  0.2088 | max_idx =  5
**pseudo_label ->  [0.1692, 0.156, 0.1024, 0.1969, 0.0743, 0.2011, 0.1002] **
max =  0.2011 | max_idx =  5
**pseudo_label ->  [0.1606, 0.1632, 0.1021, 0.1906, 0.0875, 0.1995, 0.0965] **
max =  0.1995 | max_idx =  5
Epoch 8/37, Train Loss: 2.1074, Valid Loss: 1.8672, Train Acc: 0.1429, Val Acc: 0.0000, Test Acc: 0.3669, Test F1(macro): 0.0767, Test F1(micro) : 0.1429,Total Pseudo-Labels: 0, Correct Pseudo-Labels: 0, Train Data Number: 35



line 303 => train data수 35
line 258 => 인스턴스 수 5
Step 40  Tim 0:12:35
acc_train_cw(현재 train의 class별 acc) [0.0, 1.0, 0.0, 0.0, 0.0, 0.0, 0.0]
cw_psl_total_eval(pseudo label 클래스별 총 샘플 수):  [0, 0, 0, 0, 1, 0, 0]
cw_psl_correct_eval(pseudo label 클래스별 맞은 샘플 수):  [0, 0, 0, 0, 0, 0, 0]
psl_acc(PSL 평가에서의 정확도):  0.0 
cw_psl_acc(클래스별 PSL 평가에서의 정확도):  [nan, nan, nan, nan, 0.0, nan, nan]
**pseudo_label ->  [0.1015, 0.2484, 0.1874, 0.1564, 0.1178, 0.0929, 0.0958] **
max =  0.2484 | max_idx =  1
**pseudo_label ->  [0.0943, 0.2245, 0.186, 0.1618, 0.13, 0.0919, 0.1115] **
max =  0.2245 | max_idx =  1
**pseudo_label ->  [0.1124, 0.1679, 0.199, 0.1496, 0.1268, 0.1132, 0.131] **
max =  0.199 | max_idx =  2
**pseudo_label ->  [0.1039, 0.226, 0.1718, 0.1442, 0.1349, 0.1044, 0.1148] **
max =  0.226 | max_idx =  1
**pseudo_label ->  [0.0945, 0.2493, 0.1962, 0.1327, 0.1265, 0.1007, 0.1002] **
max =  0.2493 | max_idx =  1
Epoch 9/37, Train Loss: 2.0003, Valid Loss: 1.9482, Train Acc: 0.1429, Val Acc: 0.1997, Test Acc: 0.0604, Test F1(macro): 0.0163, Test F1(micro) : 0.1429,Total Pseudo-Labels: 0, Correct Pseudo-Labels: 0, Train Data Number: 35



line 303 => train data수 35
line 258 => 인스턴스 수 5
Step 45  Tim 0:14:03
acc_train_cw(현재 train의 class별 acc) [0.0, 0.0, 0.0, 1.0, 0.0, 0.0, 0.0]
cw_psl_total_eval(pseudo label 클래스별 총 샘플 수):  [0, 0, 0, 0, 5, 0, 0]
cw_psl_correct_eval(pseudo label 클래스별 맞은 샘플 수):  [0, 0, 0, 0, 1, 0, 0]
psl_acc(PSL 평가에서의 정확도):  0.2 
cw_psl_acc(클래스별 PSL 평가에서의 정확도):  [nan, nan, nan, nan, 0.20000000298023224, nan, nan]
**pseudo_label ->  [0.1044, 0.1047, 0.186, 0.2094, 0.1268, 0.1159, 0.1528] **
max =  0.2094 | max_idx =  3
**pseudo_label ->  [0.0887, 0.0821, 0.1767, 0.1599, 0.1371, 0.1435, 0.2119] **
max =  0.2119 | max_idx =  6
**pseudo_label ->  [0.0934, 0.0905, 0.2059, 0.2033, 0.1068, 0.1273, 0.1729] **
max =  0.2059 | max_idx =  2
**pseudo_label ->  [0.1206, 0.0949, 0.1718, 0.2038, 0.1305, 0.1261, 0.1523] **
max =  0.2038 | max_idx =  3
**pseudo_label ->  [0.1278, 0.1025, 0.1667, 0.2106, 0.1175, 0.1371, 0.1378] **
max =  0.2106 | max_idx =  3
Epoch 10/37, Train Loss: 2.0280, Valid Loss: 2.0746, Train Acc: 0.1429, Val Acc: 0.2064, Test Acc: 0.0425, Test F1(macro): 0.0116, Test F1(micro) : 0.1429,Total Pseudo-Labels: 0, Correct Pseudo-Labels: 0, Train Data Number: 35



line 303 => train data수 35
line 258 => 인스턴스 수 5
Step 50  Tim 0:15:32
acc_train_cw(현재 train의 class별 acc) [0.0, 0.0, 0.0, 0.0, 1.0, 0.0, 0.0]
cw_psl_total_eval(pseudo label 클래스별 총 샘플 수):  [0, 0, 0, 0, 2, 0, 0]
cw_psl_correct_eval(pseudo label 클래스별 맞은 샘플 수):  [0, 0, 0, 0, 0, 0, 0]
psl_acc(PSL 평가에서의 정확도):  0.0 
cw_psl_acc(클래스별 PSL 평가에서의 정확도):  [nan, nan, nan, nan, 0.0, nan, nan]
**pseudo_label ->  [0.106, 0.0862, 0.1057, 0.094, 0.2084, 0.2196, 0.1801] **
max =  0.2196 | max_idx =  5
**pseudo_label ->  [0.0833, 0.0649, 0.1058, 0.0729, 0.2015, 0.2092, 0.2624] **
max =  0.2624 | max_idx =  6
**pseudo_label ->  [0.1105, 0.0888, 0.1002, 0.107, 0.2057, 0.1721, 0.2158] **
max =  0.2158 | max_idx =  6
**pseudo_label ->  [0.0981, 0.0874, 0.1087, 0.0883, 0.1721, 0.2231, 0.2223] **
max =  0.2231 | max_idx =  5
**pseudo_label ->  [0.1214, 0.0788, 0.1213, 0.1164, 0.1861, 0.1727, 0.2033] **
max =  0.2033 | max_idx =  6
Epoch 11/37, Train Loss: 2.0471, Valid Loss: 2.0338, Train Acc: 0.1429, Val Acc: 0.2843, Test Acc: 0.2282, Test F1(macro): 0.0531, Test F1(micro) : 0.1429,Total Pseudo-Labels: 0, Correct Pseudo-Labels: 0, Train Data Number: 35



line 303 => train data수 35
line 258 => 인스턴스 수 5
Step 55  Tim 0:17:00
acc_train_cw(현재 train의 class별 acc) [1.0, 0.0, 0.0, 0.0, 0.0, 0.0, 0.0]
cw_psl_total_eval(pseudo label 클래스별 총 샘플 수):  [0, 0, 0, 0, 12, 0, 0]
cw_psl_correct_eval(pseudo label 클래스별 맞은 샘플 수):  [0, 0, 0, 0, 1, 0, 0]
psl_acc(PSL 평가에서의 정확도):  0.083 
cw_psl_acc(클래스별 PSL 평가에서의 정확도):  [nan, nan, nan, nan, 0.0833333358168602, nan, nan]
**pseudo_label ->  [0.2743, 0.0813, 0.1109, 0.0971, 0.1524, 0.1778, 0.1062] **
max =  0.2743 | max_idx =  0
**pseudo_label ->  [0.2412, 0.0938, 0.1107, 0.115, 0.1377, 0.1678, 0.1338] **
max =  0.2412 | max_idx =  0
**pseudo_label ->  [0.2123, 0.1052, 0.1375, 0.1165, 0.1529, 0.164, 0.1116] **
max =  0.2123 | max_idx =  0
**pseudo_label ->  [0.2329, 0.0998, 0.1158, 0.1167, 0.1559, 0.1459, 0.1329] **
max =  0.2329 | max_idx =  0
**pseudo_label ->  [0.2287, 0.0975, 0.1249, 0.117, 0.1571, 0.1476, 0.1273] **
max =  0.2287 | max_idx =  0
Epoch 12/37, Train Loss: 2.0365, Valid Loss: 1.9641, Train Acc: 0.1429, Val Acc: 0.0981, Test Acc: 0.1342, Test F1(macro): 0.0338, Test F1(micro) : 0.1429,Total Pseudo-Labels: 0, Correct Pseudo-Labels: 0, Train Data Number: 35



line 303 => train data수 35
line 258 => 인스턴스 수 5
Step 60  Tim 0:18:28
acc_train_cw(현재 train의 class별 acc) [1.0, 0.0, 0.0, 0.0, 0.0, 0.0, 0.0]
cw_psl_total_eval(pseudo label 클래스별 총 샘플 수):  [0, 0, 0, 0, 1, 0, 0]
cw_psl_correct_eval(pseudo label 클래스별 맞은 샘플 수):  [0, 0, 0, 0, 1, 0, 0]
psl_acc(PSL 평가에서의 정확도):  1.0 
cw_psl_acc(클래스별 PSL 평가에서의 정확도):  [nan, nan, nan, nan, 1.0, nan, nan]
**pseudo_label ->  [0.1852, 0.1483, 0.1595, 0.1322, 0.1367, 0.1448, 0.0933] **
max =  0.1852 | max_idx =  0
**pseudo_label ->  [0.2198, 0.1585, 0.1252, 0.1232, 0.1116, 0.1538, 0.1081] **
max =  0.2198 | max_idx =  0
**pseudo_label ->  [0.1934, 0.1451, 0.1616, 0.1321, 0.1342, 0.1235, 0.1102] **
max =  0.1934 | max_idx =  0
**pseudo_label ->  [0.2082, 0.1713, 0.1324, 0.1168, 0.1379, 0.1315, 0.1019] **
max =  0.2082 | max_idx =  0
**pseudo_label ->  [0.2173, 0.1684, 0.144, 0.1141, 0.1119, 0.1593, 0.085] **
max =  0.2173 | max_idx =  0
Epoch 13/37, Train Loss: 2.0241, Valid Loss: 2.0596, Train Acc: 0.1429, Val Acc: 0.0981, Test Acc: 0.1342, Test F1(macro): 0.0338, Test F1(micro) : 0.1429,Total Pseudo-Labels: 0, Correct Pseudo-Labels: 0, Train Data Number: 35



line 303 => train data수 35
line 258 => 인스턴스 수 5
Step 65  Tim 0:19:55
acc_train_cw(현재 train의 class별 acc) [0.0, 0.0, 0.0, 0.0, 0.0, 1.0, 0.0]
cw_psl_total_eval(pseudo label 클래스별 총 샘플 수):  [0, 0, 0, 0, 1, 0, 0]
cw_psl_correct_eval(pseudo label 클래스별 맞은 샘플 수):  [0, 0, 0, 0, 0, 0, 0]
psl_acc(PSL 평가에서의 정확도):  0.0 
cw_psl_acc(클래스별 PSL 평가에서의 정확도):  [nan, nan, nan, nan, 0.0, nan, nan]
**pseudo_label ->  [0.0943, 0.1961, 0.1133, 0.1658, 0.096, 0.1777, 0.1568] **
max =  0.1961 | max_idx =  1
**pseudo_label ->  [0.0914, 0.1944, 0.14, 0.1721, 0.0895, 0.1679, 0.1447] **
max =  0.1944 | max_idx =  1
**pseudo_label ->  [0.0979, 0.1852, 0.1074, 0.1511, 0.0831, 0.2374, 0.1379] **
max =  0.2374 | max_idx =  5
**pseudo_label ->  [0.126, 0.1891, 0.1264, 0.1349, 0.1015, 0.1787, 0.1435] **
max =  0.1891 | max_idx =  1
**pseudo_label ->  [0.0997, 0.1853, 0.1308, 0.1585, 0.0913, 0.1922, 0.1422] **
max =  0.1922 | max_idx =  5
Epoch 14/37, Train Loss: 2.0048, Valid Loss: 1.9620, Train Acc: 0.1429, Val Acc: 0.0000, Test Acc: 0.3669, Test F1(macro): 0.0767, Test F1(micro) : 0.1429,Total Pseudo-Labels: 0, Correct Pseudo-Labels: 0, Train Data Number: 35



line 303 => train data수 35
line 258 => 인스턴스 수 5
Step 70  Tim 0:21:23
acc_train_cw(현재 train의 class별 acc) [0.0, 0.0, 0.0, 1.0, 0.0, 0.0, 0.0]
cw_psl_total_eval(pseudo label 클래스별 총 샘플 수):  [0, 0, 0, 0, 0, 0, 0]
cw_psl_correct_eval(pseudo label 클래스별 맞은 샘플 수):  [0, 0, 0, 0, 0, 0, 0]
psl_acc(PSL 평가에서의 정확도): None 
cw_psl_acc(클래스별 PSL 평가에서의 정확도):  [nan, nan, nan, nan, nan, nan, nan]
**pseudo_label ->  [0.1025, 0.1552, 0.137, 0.1984, 0.1295, 0.1176, 0.1597] **
max =  0.1984 | max_idx =  3
**pseudo_label ->  [0.1101, 0.1603, 0.1392, 0.1625, 0.1375, 0.1276, 0.1628] **
max =  0.1628 | max_idx =  6
**pseudo_label ->  [0.1093, 0.1667, 0.1132, 0.1892, 0.1572, 0.1115, 0.1529] **
max =  0.1892 | max_idx =  3
**pseudo_label ->  [0.1021, 0.1782, 0.1225, 0.1731, 0.1381, 0.1165, 0.1694] **
max =  0.1782 | max_idx =  1
**pseudo_label ->  [0.1024, 0.1819, 0.1224, 0.1696, 0.1193, 0.1332, 0.1712] **
max =  0.1819 | max_idx =  1
Epoch 15/37, Train Loss: 2.0146, Valid Loss: 1.9876, Train Acc: 0.1429, Val Acc: 0.2064, Test Acc: 0.0425, Test F1(macro): 0.0116, Test F1(micro) : 0.1429,Total Pseudo-Labels: 0, Correct Pseudo-Labels: 0, Train Data Number: 35



line 303 => train data수 35
line 258 => 인스턴스 수 5
Step 75  Tim 0:22:52
acc_train_cw(현재 train의 class별 acc) [0.0, 0.0, 0.0, 0.0, 0.0, 0.0, 1.0]
cw_psl_total_eval(pseudo label 클래스별 총 샘플 수):  [0, 0, 0, 0, 0, 0, 0]
cw_psl_correct_eval(pseudo label 클래스별 맞은 샘플 수):  [0, 0, 0, 0, 0, 0, 0]
psl_acc(PSL 평가에서의 정확도): None 
cw_psl_acc(클래스별 PSL 평가에서의 정확도):  [nan, nan, nan, nan, nan, nan, nan]
**pseudo_label ->  [0.1223, 0.1223, 0.1798, 0.1143, 0.1548, 0.1265, 0.18] **
max =  0.18 | max_idx =  6
**pseudo_label ->  [0.1373, 0.1223, 0.1568, 0.1255, 0.1458, 0.152, 0.1602] **
max =  0.1602 | max_idx =  6
**pseudo_label ->  [0.1309, 0.1185, 0.1841, 0.1155, 0.1556, 0.1496, 0.1458] **
max =  0.1841 | max_idx =  2
**pseudo_label ->  [0.0979, 0.0896, 0.1814, 0.1078, 0.1384, 0.1807, 0.2041] **
max =  0.2041 | max_idx =  6
**pseudo_label ->  [0.1022, 0.1297, 0.1788, 0.1151, 0.184, 0.1329, 0.1572] **
max =  0.184 | max_idx =  4
Epoch 16/37, Train Loss: 1.9601, Valid Loss: 1.9691, Train Acc: 0.1429, Val Acc: 0.0000, Test Acc: 0.0134, Test F1(macro): 0.0038, Test F1(micro) : 0.1429,Total Pseudo-Labels: 0, Correct Pseudo-Labels: 0, Train Data Number: 35



line 303 => train data수 35
line 258 => 인스턴스 수 5
Step 80  Tim 0:24:20
acc_train_cw(현재 train의 class별 acc) [0.0, 0.0, 0.0, 0.0, 0.0, 1.0, 0.0]
cw_psl_total_eval(pseudo label 클래스별 총 샘플 수):  [0, 0, 0, 0, 0, 0, 0]
cw_psl_correct_eval(pseudo label 클래스별 맞은 샘플 수):  [0, 0, 0, 0, 0, 0, 0]
psl_acc(PSL 평가에서의 정확도): None 
cw_psl_acc(클래스별 PSL 평가에서의 정확도):  [nan, nan, nan, nan, nan, nan, nan]
**pseudo_label ->  [0.1336, 0.1136, 0.1302, 0.1731, 0.1399, 0.1641, 0.1456] **
max =  0.1731 | max_idx =  3
**pseudo_label ->  [0.12, 0.1133, 0.1711, 0.1629, 0.1336, 0.1774, 0.1217] **
max =  0.1774 | max_idx =  5
**pseudo_label ->  [0.1216, 0.1082, 0.1433, 0.1841, 0.1647, 0.1459, 0.1323] **
max =  0.1841 | max_idx =  3
**pseudo_label ->  [0.1395, 0.1139, 0.1676, 0.1525, 0.156, 0.1486, 0.1218] **
max =  0.1676 | max_idx =  2
**pseudo_label ->  [0.1363, 0.1073, 0.1498, 0.1654, 0.1601, 0.145, 0.1361] **
max =  0.1654 | max_idx =  3
Epoch 17/37, Train Loss: 2.0162, Valid Loss: 1.9643, Train Acc: 0.1429, Val Acc: 0.0000, Test Acc: 0.3669, Test F1(macro): 0.0767, Test F1(micro) : 0.1429,Total Pseudo-Labels: 0, Correct Pseudo-Labels: 0, Train Data Number: 35



line 303 => train data수 35
line 258 => 인스턴스 수 5
Step 85  Tim 0:25:48
acc_train_cw(현재 train의 class별 acc) [1.0, 0.0, 0.0, 0.0, 0.0, 0.0, 0.0]
cw_psl_total_eval(pseudo label 클래스별 총 샘플 수):  [0, 0, 0, 0, 0, 0, 0]
cw_psl_correct_eval(pseudo label 클래스별 맞은 샘플 수):  [0, 0, 0, 0, 0, 0, 0]
psl_acc(PSL 평가에서의 정확도): None 
cw_psl_acc(클래스별 PSL 평가에서의 정확도):  [nan, nan, nan, nan, nan, nan, nan]
**pseudo_label ->  [0.1998, 0.1425, 0.1077, 0.1439, 0.1337, 0.1713, 0.1011] **
max =  0.1998 | max_idx =  0
**pseudo_label ->  [0.1994, 0.1404, 0.1252, 0.139, 0.1445, 0.1335, 0.1181] **
max =  0.1994 | max_idx =  0
**pseudo_label ->  [0.1963, 0.1429, 0.1339, 0.1378, 0.124, 0.1544, 0.1108] **
max =  0.1963 | max_idx =  0
**pseudo_label ->  [0.1972, 0.1371, 0.1089, 0.1582, 0.1228, 0.165, 0.1107] **
max =  0.1972 | max_idx =  0
**pseudo_label ->  [0.2066, 0.1543, 0.1223, 0.1456, 0.1309, 0.1341, 0.1063] **
max =  0.2066 | max_idx =  0
Epoch 18/37, Train Loss: 1.9541, Valid Loss: 2.0026, Train Acc: 0.1429, Val Acc: 0.0981, Test Acc: 0.1342, Test F1(macro): 0.0338, Test F1(micro) : 0.1429,Total Pseudo-Labels: 0, Correct Pseudo-Labels: 0, Train Data Number: 35



line 303 => train data수 35
line 258 => 인스턴스 수 5
Step 90  Tim 0:27:16
acc_train_cw(현재 train의 class별 acc) [1.0, 0.0, 0.0, 0.0, 0.0, 0.0, 0.0]
cw_psl_total_eval(pseudo label 클래스별 총 샘플 수):  [0, 0, 0, 0, 0, 0, 0]
cw_psl_correct_eval(pseudo label 클래스별 맞은 샘플 수):  [0, 0, 0, 0, 0, 0, 0]
psl_acc(PSL 평가에서의 정확도): None 
cw_psl_acc(클래스별 PSL 평가에서의 정확도):  [nan, nan, nan, nan, nan, nan, nan]
**pseudo_label ->  [0.1575, 0.1596, 0.1319, 0.1361, 0.1221, 0.1302, 0.1626] **
max =  0.1626 | max_idx =  6
**pseudo_label ->  [0.1783, 0.1663, 0.1051, 0.1275, 0.1313, 0.1333, 0.1582] **
max =  0.1783 | max_idx =  0
**pseudo_label ->  [0.1889, 0.1312, 0.1167, 0.146, 0.1158, 0.1437, 0.1577] **
max =  0.1889 | max_idx =  0
**pseudo_label ->  [0.1866, 0.1576, 0.1242, 0.1216, 0.143, 0.115, 0.152] **
max =  0.1866 | max_idx =  0
**pseudo_label ->  [0.1817, 0.1734, 0.1058, 0.0967, 0.1374, 0.1252, 0.1798] **
max =  0.1817 | max_idx =  0
Epoch 19/37, Train Loss: 1.9748, Valid Loss: 1.9475, Train Acc: 0.1429, Val Acc: 0.0981, Test Acc: 0.1342, Test F1(macro): 0.0338, Test F1(micro) : 0.1429,Total Pseudo-Labels: 0, Correct Pseudo-Labels: 0, Train Data Number: 35



line 303 => train data수 35
line 258 => 인스턴스 수 5
Step 95  Tim 0:28:44
acc_train_cw(현재 train의 class별 acc) [0.0, 0.0, 0.0, 0.0, 0.0, 0.0, 1.0]
cw_psl_total_eval(pseudo label 클래스별 총 샘플 수):  [0, 0, 0, 0, 0, 0, 0]
cw_psl_correct_eval(pseudo label 클래스별 맞은 샘플 수):  [0, 0, 0, 0, 0, 0, 0]
psl_acc(PSL 평가에서의 정확도): None 
cw_psl_acc(클래스별 PSL 평가에서의 정확도):  [nan, nan, nan, nan, nan, nan, nan]
**pseudo_label ->  [0.1513, 0.1478, 0.1578, 0.126, 0.1364, 0.1084, 0.1723] **
max =  0.1723 | max_idx =  6
**pseudo_label ->  [0.1404, 0.1192, 0.1711, 0.1393, 0.1288, 0.1223, 0.179] **
max =  0.179 | max_idx =  6
**pseudo_label ->  [0.1355, 0.1449, 0.1517, 0.1284, 0.1407, 0.135, 0.1637] **
max =  0.1637 | max_idx =  6
**pseudo_label ->  [0.1613, 0.145, 0.1477, 0.1304, 0.1377, 0.0991, 0.1787] **
max =  0.1787 | max_idx =  6
**pseudo_label ->  [0.1549, 0.1668, 0.1603, 0.126, 0.1339, 0.0966, 0.1616] **
max =  0.1668 | max_idx =  1
Epoch 20/37, Train Loss: 1.9728, Valid Loss: 1.9109, Train Acc: 0.1429, Val Acc: 0.0000, Test Acc: 0.0134, Test F1(macro): 0.0038, Test F1(micro) : 0.1429,Total Pseudo-Labels: 0, Correct Pseudo-Labels: 0, Train Data Number: 35



line 303 => train data수 35
line 258 => 인스턴스 수 5
Step 100  Tim 0:30:13
acc_train_cw(현재 train의 class별 acc) [0.0, 0.0, 1.0, 0.0, 0.0, 0.0, 0.0]
cw_psl_total_eval(pseudo label 클래스별 총 샘플 수):  [0, 0, 0, 0, 0, 0, 0]
cw_psl_correct_eval(pseudo label 클래스별 맞은 샘플 수):  [0, 0, 0, 0, 0, 0, 0]
psl_acc(PSL 평가에서의 정확도): None 
cw_psl_acc(클래스별 PSL 평가에서의 정확도):  [nan, nan, nan, nan, nan, nan, nan]
**pseudo_label ->  [0.1226, 0.1313, 0.196, 0.1458, 0.1361, 0.1425, 0.1258] **
max =  0.196 | max_idx =  2
**pseudo_label ->  [0.0989, 0.1526, 0.184, 0.1548, 0.1251, 0.1526, 0.1321] **
max =  0.184 | max_idx =  2
**pseudo_label ->  [0.0864, 0.1242, 0.2068, 0.1837, 0.1217, 0.1493, 0.1281] **
max =  0.2068 | max_idx =  2
**pseudo_label ->  [0.0858, 0.0834, 0.2377, 0.1784, 0.1533, 0.1122, 0.1492] **
max =  0.2377 | max_idx =  2
**pseudo_label ->  [0.1086, 0.1021, 0.2614, 0.1431, 0.133, 0.1228, 0.129] **
max =  0.2614 | max_idx =  2
Epoch 21/37, Train Loss: 1.9472, Valid Loss: 1.9219, Train Acc: 0.1429, Val Acc: 0.2115, Test Acc: 0.1544, Test F1(macro): 0.0382, Test F1(micro) : 0.1429,Total Pseudo-Labels: 0, Correct Pseudo-Labels: 0, Train Data Number: 35



line 303 => train data수 35
line 258 => 인스턴스 수 5
Step 105  Tim 0:31:41
acc_train_cw(현재 train의 class별 acc) [0.0, 0.0, 0.0, 0.0, 1.0, 0.0, 0.0]
cw_psl_total_eval(pseudo label 클래스별 총 샘플 수):  [0, 0, 0, 0, 0, 0, 0]
cw_psl_correct_eval(pseudo label 클래스별 맞은 샘플 수):  [0, 0, 0, 0, 0, 0, 0]
psl_acc(PSL 평가에서의 정확도): None 
cw_psl_acc(클래스별 PSL 평가에서의 정확도):  [nan, nan, nan, nan, nan, nan, nan]
**pseudo_label ->  [0.1069, 0.1263, 0.1191, 0.2069, 0.189, 0.129, 0.1228] **
max =  0.2069 | max_idx =  3
**pseudo_label ->  [0.1154, 0.1376, 0.1433, 0.1651, 0.1837, 0.1315, 0.1234] **
max =  0.1837 | max_idx =  4
**pseudo_label ->  [0.1044, 0.1308, 0.1443, 0.1511, 0.1763, 0.157, 0.1361] **
max =  0.1763 | max_idx =  4
**pseudo_label ->  [0.1064, 0.1295, 0.1187, 0.1712, 0.1665, 0.1515, 0.1563] **
max =  0.1712 | max_idx =  3
**pseudo_label ->  [0.1137, 0.1368, 0.126, 0.1618, 0.1619, 0.1443, 0.1555] **
max =  0.1619 | max_idx =  4
Epoch 22/37, Train Loss: 1.9941, Valid Loss: 1.9880, Train Acc: 0.1429, Val Acc: 0.2843, Test Acc: 0.2282, Test F1(macro): 0.0531, Test F1(micro) : 0.1429,Total Pseudo-Labels: 0, Correct Pseudo-Labels: 0, Train Data Number: 35



line 303 => train data수 35
line 258 => 인스턴스 수 5
Step 110  Tim 0:33:08
acc_train_cw(현재 train의 class별 acc) [0.0, 0.0, 0.0, 0.0, 0.0, 1.0, 0.0]
cw_psl_total_eval(pseudo label 클래스별 총 샘플 수):  [0, 0, 0, 0, 0, 0, 0]
cw_psl_correct_eval(pseudo label 클래스별 맞은 샘플 수):  [0, 0, 0, 0, 0, 0, 0]
psl_acc(PSL 평가에서의 정확도): None 
cw_psl_acc(클래스별 PSL 평가에서의 정확도):  [nan, nan, nan, nan, nan, nan, nan]
**pseudo_label ->  [0.1384, 0.1599, 0.1045, 0.1501, 0.1364, 0.1559, 0.1548] **
max =  0.1599 | max_idx =  1
**pseudo_label ->  [0.1556, 0.1447, 0.1174, 0.1468, 0.1429, 0.1509, 0.1417] **
max =  0.1556 | max_idx =  0
**pseudo_label ->  [0.1813, 0.0813, 0.0434, 0.147, 0.3462, 0.1293, 0.0715] **
max =  0.3462 | max_idx =  4
**pseudo_label ->  [0.148, 0.1581, 0.1013, 0.1416, 0.1402, 0.1701, 0.1408] **
max =  0.1701 | max_idx =  5
**pseudo_label ->  [0.134, 0.1577, 0.1026, 0.1555, 0.148, 0.1349, 0.1673] **
max =  0.1673 | max_idx =  6
Epoch 23/37, Train Loss: 2.0361, Valid Loss: 1.9863, Train Acc: 0.1429, Val Acc: 0.0000, Test Acc: 0.3669, Test F1(macro): 0.0767, Test F1(micro) : 0.1429,Total Pseudo-Labels: 0, Correct Pseudo-Labels: 0, Train Data Number: 35



line 303 => train data수 35
line 258 => 인스턴스 수 5
Step 115  Tim 0:34:36
acc_train_cw(현재 train의 class별 acc) [1.0, 0.0, 0.0, 0.0, 0.0, 0.0, 0.0]
cw_psl_total_eval(pseudo label 클래스별 총 샘플 수):  [0, 0, 0, 0, 0, 0, 0]
cw_psl_correct_eval(pseudo label 클래스별 맞은 샘플 수):  [0, 0, 0, 0, 0, 0, 0]
psl_acc(PSL 평가에서의 정확도): None 
cw_psl_acc(클래스별 PSL 평가에서의 정확도):  [nan, nan, nan, nan, nan, nan, nan]
**pseudo_label ->  [0.1588, 0.157, 0.1315, 0.1591, 0.1146, 0.1816, 0.0973] **
max =  0.1816 | max_idx =  5
**pseudo_label ->  [0.1974, 0.1797, 0.1419, 0.1219, 0.1245, 0.1284, 0.1062] **
max =  0.1974 | max_idx =  0
**pseudo_label ->  [0.1945, 0.1728, 0.1393, 0.1221, 0.1168, 0.134, 0.1205] **
max =  0.1945 | max_idx =  0
**pseudo_label ->  [0.1638, 0.1493, 0.166, 0.1155, 0.0934, 0.2038, 0.1081] **
max =  0.2038 | max_idx =  5
**pseudo_label ->  [0.1956, 0.1826, 0.1475, 0.1285, 0.1028, 0.1326, 0.1104] **
max =  0.1956 | max_idx =  0
Epoch 24/37, Train Loss: 2.0186, Valid Loss: 1.9845, Train Acc: 0.1429, Val Acc: 0.0981, Test Acc: 0.1342, Test F1(macro): 0.0338, Test F1(micro) : 0.1429,Total Pseudo-Labels: 0, Correct Pseudo-Labels: 0, Train Data Number: 35



line 303 => train data수 35
line 258 => 인스턴스 수 5
Step 120  Tim 0:36:04
acc_train_cw(현재 train의 class별 acc) [0.0, 0.0, 0.0, 0.0, 0.0, 0.0, 1.0]
cw_psl_total_eval(pseudo label 클래스별 총 샘플 수):  [0, 0, 0, 0, 0, 0, 0]
cw_psl_correct_eval(pseudo label 클래스별 맞은 샘플 수):  [0, 0, 0, 0, 0, 0, 0]
psl_acc(PSL 평가에서의 정확도): None 
cw_psl_acc(클래스별 PSL 평가에서의 정확도):  [nan, nan, nan, nan, nan, nan, nan]
**pseudo_label ->  [0.1384, 0.0964, 0.1631, 0.1242, 0.1589, 0.1121, 0.2069] **
max =  0.2069 | max_idx =  6
**pseudo_label ->  [0.1464, 0.1408, 0.1651, 0.1139, 0.1219, 0.1105, 0.2015] **
max =  0.2015 | max_idx =  6
**pseudo_label ->  [0.1657, 0.1367, 0.164, 0.1194, 0.1178, 0.1333, 0.1631] **
max =  0.1657 | max_idx =  0
**pseudo_label ->  [0.1631, 0.125, 0.1533, 0.116, 0.1112, 0.1319, 0.1994] **
max =  0.1994 | max_idx =  6
**pseudo_label ->  [0.1527, 0.1153, 0.1666, 0.1148, 0.1455, 0.1208, 0.1843] **
max =  0.1843 | max_idx =  6
Epoch 25/37, Train Loss: 2.0518, Valid Loss: 1.9318, Train Acc: 0.1429, Val Acc: 0.0000, Test Acc: 0.0134, Test F1(macro): 0.0038, Test F1(micro) : 0.1429,Total Pseudo-Labels: 0, Correct Pseudo-Labels: 0, Train Data Number: 35



line 303 => train data수 35
line 258 => 인스턴스 수 5
Step 125  Tim 0:37:32
acc_train_cw(현재 train의 class별 acc) [0.0, 0.0, 1.0, 0.0, 0.0, 0.0, 0.0]
cw_psl_total_eval(pseudo label 클래스별 총 샘플 수):  [0, 0, 0, 0, 1, 0, 0]
cw_psl_correct_eval(pseudo label 클래스별 맞은 샘플 수):  [0, 0, 0, 0, 0, 0, 0]
psl_acc(PSL 평가에서의 정확도):  0.0 
cw_psl_acc(클래스별 PSL 평가에서의 정확도):  [nan, nan, nan, nan, 0.0, nan, nan]
**pseudo_label ->  [0.1267, 0.1021, 0.1609, 0.1301, 0.1695, 0.1797, 0.1308] **
max =  0.1797 | max_idx =  5
**pseudo_label ->  [0.135, 0.0974, 0.1956, 0.1355, 0.1974, 0.121, 0.1181] **
max =  0.1974 | max_idx =  4
**pseudo_label ->  [0.1254, 0.1124, 0.1845, 0.1419, 0.1578, 0.1502, 0.1278] **
max =  0.1845 | max_idx =  2
**pseudo_label ->  [0.1231, 0.1339, 0.1758, 0.1476, 0.144, 0.146, 0.1296] **
max =  0.1758 | max_idx =  2
**pseudo_label ->  [0.1265, 0.1317, 0.1506, 0.1438, 0.1528, 0.166, 0.1285] **
max =  0.166 | max_idx =  5
Epoch 26/37, Train Loss: 1.9850, Valid Loss: 1.9861, Train Acc: 0.1429, Val Acc: 0.2115, Test Acc: 0.1544, Test F1(macro): 0.0382, Test F1(micro) : 0.1429,Total Pseudo-Labels: 0, Correct Pseudo-Labels: 0, Train Data Number: 35



line 303 => train data수 35
line 258 => 인스턴스 수 5
Step 130  Tim 0:39:00
acc_train_cw(현재 train의 class별 acc) [0.0, 0.0, 1.0, 0.0, 0.0, 0.0, 0.0]
cw_psl_total_eval(pseudo label 클래스별 총 샘플 수):  [0, 0, 0, 0, 0, 0, 0]
cw_psl_correct_eval(pseudo label 클래스별 맞은 샘플 수):  [0, 0, 0, 0, 0, 0, 0]
psl_acc(PSL 평가에서의 정확도): None 
cw_psl_acc(클래스별 PSL 평가에서의 정확도):  [nan, nan, nan, nan, nan, nan, nan]
**pseudo_label ->  [0.1084, 0.1573, 0.1711, 0.1573, 0.1184, 0.1504, 0.137] **
max =  0.1711 | max_idx =  2
**pseudo_label ->  [0.0986, 0.13, 0.1541, 0.1756, 0.1098, 0.1664, 0.1657] **
max =  0.1756 | max_idx =  3
**pseudo_label ->  [0.0997, 0.1551, 0.1564, 0.153, 0.1304, 0.1581, 0.1472] **
max =  0.1581 | max_idx =  5
**pseudo_label ->  [0.1195, 0.1492, 0.1445, 0.1396, 0.1314, 0.1485, 0.1672] **
max =  0.1672 | max_idx =  6
**pseudo_label ->  [0.1356, 0.1438, 0.1321, 0.168, 0.1391, 0.1482, 0.1333] **
max =  0.168 | max_idx =  3
Epoch 27/37, Train Loss: 1.9852, Valid Loss: 1.9755, Train Acc: 0.1429, Val Acc: 0.2115, Test Acc: 0.1544, Test F1(macro): 0.0382, Test F1(micro) : 0.1429,Total Pseudo-Labels: 0, Correct Pseudo-Labels: 0, Train Data Number: 35



line 303 => train data수 35
line 258 => 인스턴스 수 5
Step 135  Tim 0:40:27
acc_train_cw(현재 train의 class별 acc) [0.0, 1.0, 0.0, 0.0, 0.0, 0.0, 0.0]
cw_psl_total_eval(pseudo label 클래스별 총 샘플 수):  [0, 0, 0, 0, 0, 0, 0]
cw_psl_correct_eval(pseudo label 클래스별 맞은 샘플 수):  [0, 0, 0, 0, 0, 0, 0]
psl_acc(PSL 평가에서의 정확도): None 
cw_psl_acc(클래스별 PSL 평가에서의 정확도):  [nan, nan, nan, nan, nan, nan, nan]
**pseudo_label ->  [0.151, 0.1436, 0.1523, 0.1435, 0.1349, 0.1102, 0.1644] **
max =  0.1644 | max_idx =  6
**pseudo_label ->  [0.1406, 0.1731, 0.1396, 0.1306, 0.1284, 0.1355, 0.1521] **
max =  0.1731 | max_idx =  1
**pseudo_label ->  [0.1093, 0.1404, 0.1671, 0.1108, 0.102, 0.1712, 0.1992] **
max =  0.1992 | max_idx =  6
**pseudo_label ->  [0.1297, 0.1848, 0.1442, 0.1386, 0.1236, 0.1268, 0.1523] **
max =  0.1848 | max_idx =  1
**pseudo_label ->  [0.1361, 0.1751, 0.1125, 0.1621, 0.1213, 0.1296, 0.1634] **
max =  0.1751 | max_idx =  1
Epoch 28/37, Train Loss: 2.0023, Valid Loss: 1.9765, Train Acc: 0.1429, Val Acc: 0.1997, Test Acc: 0.0604, Test F1(macro): 0.0163, Test F1(micro) : 0.1429,Total Pseudo-Labels: 0, Correct Pseudo-Labels: 0, Train Data Number: 35



line 303 => train data수 35
line 258 => 인스턴스 수 5
Step 140  Tim 0:41:55
acc_train_cw(현재 train의 class별 acc) [0.0, 0.0, 0.0, 0.0, 0.0, 0.0, 1.0]
cw_psl_total_eval(pseudo label 클래스별 총 샘플 수):  [0, 0, 0, 0, 0, 0, 0]
cw_psl_correct_eval(pseudo label 클래스별 맞은 샘플 수):  [0, 0, 0, 0, 0, 0, 0]
psl_acc(PSL 평가에서의 정확도): None 
cw_psl_acc(클래스별 PSL 평가에서의 정확도):  [nan, nan, nan, nan, nan, nan, nan]
**pseudo_label ->  [0.1598, 0.1675, 0.1405, 0.1163, 0.1408, 0.1374, 0.1378] **
max =  0.1675 | max_idx =  1
**pseudo_label ->  [0.1525, 0.1594, 0.1307, 0.1198, 0.1681, 0.1251, 0.1445] **
max =  0.1681 | max_idx =  4
**pseudo_label ->  [0.143, 0.1416, 0.1137, 0.1333, 0.1492, 0.1454, 0.1738] **
max =  0.1738 | max_idx =  6
**pseudo_label ->  [0.1473, 0.1593, 0.1314, 0.1168, 0.1468, 0.1456, 0.1528] **
max =  0.1593 | max_idx =  1
**pseudo_label ->  [0.1493, 0.1374, 0.129, 0.1215, 0.1525, 0.1274, 0.1831] **
max =  0.1831 | max_idx =  6
Epoch 29/37, Train Loss: 2.0165, Valid Loss: 1.8609, Train Acc: 0.1429, Val Acc: 0.0000, Test Acc: 0.0134, Test F1(macro): 0.0038, Test F1(micro) : 0.1429,Total Pseudo-Labels: 0, Correct Pseudo-Labels: 0, Train Data Number: 35



line 303 => train data수 35
line 258 => 인스턴스 수 5
Step 145  Tim 0:43:23
acc_train_cw(현재 train의 class별 acc) [1.0, 0.0, 0.0, 0.0, 0.0, 0.0, 0.0]
cw_psl_total_eval(pseudo label 클래스별 총 샘플 수):  [0, 0, 0, 0, 0, 0, 0]
cw_psl_correct_eval(pseudo label 클래스별 맞은 샘플 수):  [0, 0, 0, 0, 0, 0, 0]
psl_acc(PSL 평가에서의 정확도): None 
cw_psl_acc(클래스별 PSL 평가에서의 정확도):  [nan, nan, nan, nan, nan, nan, nan]
**pseudo_label ->  [0.1456, 0.1571, 0.1623, 0.1833, 0.1542, 0.1067, 0.0908] **
max =  0.1833 | max_idx =  3
**pseudo_label ->  [0.1496, 0.1924, 0.1393, 0.1388, 0.175, 0.1144, 0.0903] **
max =  0.1924 | max_idx =  1
**pseudo_label ->  [0.1558, 0.1528, 0.1419, 0.1858, 0.1551, 0.107, 0.1015] **
max =  0.1858 | max_idx =  3
**pseudo_label ->  [0.1694, 0.1589, 0.1621, 0.1476, 0.15, 0.1301, 0.0818] **
max =  0.1694 | max_idx =  0
**pseudo_label ->  [0.1551, 0.171, 0.1645, 0.1656, 0.1388, 0.1274, 0.0776] **
max =  0.171 | max_idx =  1
Epoch 30/37, Train Loss: 1.9923, Valid Loss: 1.9023, Train Acc: 0.1429, Val Acc: 0.0981, Test Acc: 0.1342, Test F1(macro): 0.0338, Test F1(micro) : 0.1429,Total Pseudo-Labels: 0, Correct Pseudo-Labels: 0, Train Data Number: 35



line 303 => train data수 35
line 258 => 인스턴스 수 5
Step 150  Tim 0:44:52
acc_train_cw(현재 train의 class별 acc) [0.0, 1.0, 0.0, 0.0, 0.0, 0.0, 0.0]
cw_psl_total_eval(pseudo label 클래스별 총 샘플 수):  [0, 0, 0, 0, 0, 0, 0]
cw_psl_correct_eval(pseudo label 클래스별 맞은 샘플 수):  [0, 0, 0, 0, 0, 0, 0]
psl_acc(PSL 평가에서의 정확도): None 
cw_psl_acc(클래스별 PSL 평가에서의 정확도):  [nan, nan, nan, nan, nan, nan, nan]
**pseudo_label ->  [0.143, 0.1643, 0.1718, 0.1447, 0.1334, 0.14, 0.1028] **
max =  0.1718 | max_idx =  2
**pseudo_label ->  [0.1601, 0.1813, 0.1639, 0.1347, 0.1288, 0.1369, 0.0944] **
max =  0.1813 | max_idx =  1
**pseudo_label ->  [0.1333, 0.1697, 0.1724, 0.1498, 0.1519, 0.1212, 0.1017] **
max =  0.1724 | max_idx =  2
**pseudo_label ->  [0.1187, 0.168, 0.2063, 0.1346, 0.1459, 0.1147, 0.1117] **
max =  0.2063 | max_idx =  2
**pseudo_label ->  [0.1458, 0.1623, 0.1498, 0.1275, 0.1434, 0.1439, 0.1274] **
max =  0.1623 | max_idx =  1
Epoch 31/37, Train Loss: 2.0040, Valid Loss: 2.0546, Train Acc: 0.1429, Val Acc: 0.1997, Test Acc: 0.0604, Test F1(macro): 0.0163, Test F1(micro) : 0.1429,Total Pseudo-Labels: 0, Correct Pseudo-Labels: 0, Train Data Number: 35



line 303 => train data수 35
line 258 => 인스턴스 수 5
Step 155  Tim 0:46:20
acc_train_cw(현재 train의 class별 acc) [0.0, 0.0, 0.0, 0.0, 0.0, 0.0, 1.0]
cw_psl_total_eval(pseudo label 클래스별 총 샘플 수):  [0, 0, 0, 0, 0, 0, 0]
cw_psl_correct_eval(pseudo label 클래스별 맞은 샘플 수):  [0, 0, 0, 0, 0, 0, 0]
psl_acc(PSL 평가에서의 정확도): None 
cw_psl_acc(클래스별 PSL 평가에서의 정확도):  [nan, nan, nan, nan, nan, nan, nan]
**pseudo_label ->  [0.1387, 0.1092, 0.1137, 0.1502, 0.1369, 0.1606, 0.1907] **
max =  0.1907 | max_idx =  6
**pseudo_label ->  [0.1133, 0.1128, 0.1408, 0.1118, 0.1225, 0.2108, 0.1881] **
max =  0.2108 | max_idx =  5
**pseudo_label ->  [0.1217, 0.1332, 0.1066, 0.1311, 0.1436, 0.1618, 0.202] **
max =  0.202 | max_idx =  6
**pseudo_label ->  [0.108, 0.1291, 0.1849, 0.1253, 0.0991, 0.1679, 0.1857] **
max =  0.1857 | max_idx =  6
**pseudo_label ->  [0.1151, 0.1335, 0.1643, 0.1324, 0.1185, 0.1662, 0.1699] **
max =  0.1699 | max_idx =  6
Epoch 32/37, Train Loss: 2.0047, Valid Loss: 1.9831, Train Acc: 0.1429, Val Acc: 0.0000, Test Acc: 0.0134, Test F1(macro): 0.0038, Test F1(micro) : 0.1429,Total Pseudo-Labels: 0, Correct Pseudo-Labels: 0, Train Data Number: 35



line 303 => train data수 35
line 258 => 인스턴스 수 5
Step 160  Tim 0:47:48
acc_train_cw(현재 train의 class별 acc) [0.0, 0.0, 0.0, 0.0, 0.0, 0.0, 1.0]
cw_psl_total_eval(pseudo label 클래스별 총 샘플 수):  [0, 0, 0, 0, 0, 0, 0]
cw_psl_correct_eval(pseudo label 클래스별 맞은 샘플 수):  [0, 0, 0, 0, 0, 0, 0]
psl_acc(PSL 평가에서의 정확도): None 
cw_psl_acc(클래스별 PSL 평가에서의 정확도):  [nan, nan, nan, nan, nan, nan, nan]
**pseudo_label ->  [0.1377, 0.1083, 0.1209, 0.1443, 0.166, 0.1415, 0.1813] **
max =  0.1813 | max_idx =  6
**pseudo_label ->  [0.1325, 0.0918, 0.1382, 0.1201, 0.1444, 0.1546, 0.2184] **
max =  0.2184 | max_idx =  6
**pseudo_label ->  [0.1319, 0.0887, 0.1345, 0.1494, 0.1521, 0.1356, 0.2078] **
max =  0.2078 | max_idx =  6
**pseudo_label ->  [0.1483, 0.1132, 0.1385, 0.1554, 0.1409, 0.1418, 0.1619] **
max =  0.1619 | max_idx =  6
**pseudo_label ->  [0.1253, 0.1382, 0.131, 0.1511, 0.1732, 0.1248, 0.1564] **
max =  0.1732 | max_idx =  4
Epoch 33/37, Train Loss: 2.0437, Valid Loss: 1.9127, Train Acc: 0.1429, Val Acc: 0.0000, Test Acc: 0.0134, Test F1(macro): 0.0038, Test F1(micro) : 0.1429,Total Pseudo-Labels: 0, Correct Pseudo-Labels: 0, Train Data Number: 35



line 303 => train data수 35
line 258 => 인스턴스 수 5
Step 165  Tim 0:49:16
acc_train_cw(현재 train의 class별 acc) [0.0, 0.0, 0.0, 1.0, 0.0, 0.0, 0.0]
cw_psl_total_eval(pseudo label 클래스별 총 샘플 수):  [0, 0, 0, 0, 0, 0, 0]
cw_psl_correct_eval(pseudo label 클래스별 맞은 샘플 수):  [0, 0, 0, 0, 0, 0, 0]
psl_acc(PSL 평가에서의 정확도): None 
cw_psl_acc(클래스별 PSL 평가에서의 정확도):  [nan, nan, nan, nan, nan, nan, nan]
**pseudo_label ->  [0.1413, 0.1444, 0.1106, 0.2059, 0.1458, 0.1443, 0.1078] **
max =  0.2059 | max_idx =  3
**pseudo_label ->  [0.1492, 0.1515, 0.1133, 0.1863, 0.1443, 0.135, 0.1203] **
max =  0.1863 | max_idx =  3
**pseudo_label ->  [0.1223, 0.1562, 0.1161, 0.1925, 0.1408, 0.1587, 0.1133] **
max =  0.1925 | max_idx =  3
**pseudo_label ->  [0.1094, 0.1165, 0.1301, 0.1989, 0.1465, 0.1602, 0.1385] **
max =  0.1989 | max_idx =  3
**pseudo_label ->  [0.1437, 0.1752, 0.1352, 0.1591, 0.1308, 0.1432, 0.1128] **
max =  0.1752 | max_idx =  1
Epoch 34/37, Train Loss: 1.9841, Valid Loss: 1.9325, Train Acc: 0.1429, Val Acc: 0.2064, Test Acc: 0.0425, Test F1(macro): 0.0116, Test F1(micro) : 0.1429,Total Pseudo-Labels: 0, Correct Pseudo-Labels: 0, Train Data Number: 35



line 303 => train data수 35
line 258 => 인스턴스 수 5
Step 170  Tim 0:50:44
acc_train_cw(현재 train의 class별 acc) [0.0, 1.0, 0.0, 0.0, 0.0, 0.0, 0.0]
cw_psl_total_eval(pseudo label 클래스별 총 샘플 수):  [0, 0, 0, 0, 0, 0, 0]
cw_psl_correct_eval(pseudo label 클래스별 맞은 샘플 수):  [0, 0, 0, 0, 0, 0, 0]
psl_acc(PSL 평가에서의 정확도): None 
cw_psl_acc(클래스별 PSL 평가에서의 정확도):  [nan, nan, nan, nan, nan, nan, nan]
**pseudo_label ->  [0.1627, 0.133, 0.1171, 0.1482, 0.1691, 0.1347, 0.1353] **
max =  0.1691 | max_idx =  4
**pseudo_label ->  [0.1456, 0.1653, 0.1079, 0.1426, 0.1689, 0.1347, 0.135] **
max =  0.1689 | max_idx =  4
**pseudo_label ->  [0.1514, 0.1626, 0.1124, 0.1543, 0.155, 0.122, 0.1423] **
max =  0.1626 | max_idx =  1
**pseudo_label ->  [0.129, 0.1735, 0.1379, 0.1158, 0.141, 0.1419, 0.1609] **
max =  0.1735 | max_idx =  1
**pseudo_label ->  [0.1559, 0.1903, 0.1072, 0.1423, 0.1601, 0.117, 0.1272] **
max =  0.1903 | max_idx =  1
Epoch 35/37, Train Loss: 1.9533, Valid Loss: 1.9739, Train Acc: 0.1429, Val Acc: 0.1997, Test Acc: 0.0604, Test F1(macro): 0.0163, Test F1(micro) : 0.1429,Total Pseudo-Labels: 0, Correct Pseudo-Labels: 0, Train Data Number: 35



line 303 => train data수 35
line 258 => 인스턴스 수 5
Step 175  Tim 0:52:11
acc_train_cw(현재 train의 class별 acc) [0.0, 0.0, 0.0, 0.0, 0.0, 1.0, 0.0]
cw_psl_total_eval(pseudo label 클래스별 총 샘플 수):  [0, 0, 0, 0, 0, 0, 0]
cw_psl_correct_eval(pseudo label 클래스별 맞은 샘플 수):  [0, 0, 0, 0, 0, 0, 0]
psl_acc(PSL 평가에서의 정확도): None 
cw_psl_acc(클래스별 PSL 평가에서의 정확도):  [nan, nan, nan, nan, nan, nan, nan]
**pseudo_label ->  [0.1278, 0.1398, 0.1461, 0.108, 0.1245, 0.2137, 0.1401] **
max =  0.2137 | max_idx =  5
**pseudo_label ->  [0.1521, 0.155, 0.1466, 0.1342, 0.1427, 0.1519, 0.1174] **
max =  0.155 | max_idx =  1
**pseudo_label ->  [0.1428, 0.1536, 0.1484, 0.1289, 0.1219, 0.1808, 0.1237] **
max =  0.1808 | max_idx =  5
**pseudo_label ->  [0.1618, 0.1341, 0.1435, 0.1404, 0.1112, 0.1612, 0.1479] **
max =  0.1618 | max_idx =  0
**pseudo_label ->  [0.1566, 0.1606, 0.1313, 0.1522, 0.1202, 0.1475, 0.1317] **
max =  0.1606 | max_idx =  1
Epoch 36/37, Train Loss: 1.9926, Valid Loss: 1.9400, Train Acc: 0.1429, Val Acc: 0.0000, Test Acc: 0.3669, Test F1(macro): 0.0767, Test F1(micro) : 0.1429,Total Pseudo-Labels: 0, Correct Pseudo-Labels: 0, Train Data Number: 35



line 303 => train data수 35
line 258 => 인스턴스 수 5
Step 180  Tim 0:53:39
acc_train_cw(현재 train의 class별 acc) [0.0, 0.0, 0.0, 0.0, 1.0, 0.0, 0.0]
cw_psl_total_eval(pseudo label 클래스별 총 샘플 수):  [0, 0, 0, 0, 0, 0, 0]
cw_psl_correct_eval(pseudo label 클래스별 맞은 샘플 수):  [0, 0, 0, 0, 0, 0, 0]
psl_acc(PSL 평가에서의 정확도): None 
cw_psl_acc(클래스별 PSL 평가에서의 정확도):  [nan, nan, nan, nan, nan, nan, nan]
**pseudo_label ->  [0.1407, 0.1636, 0.1808, 0.0817, 0.1834, 0.1252, 0.1246] **
max =  0.1834 | max_idx =  4
**pseudo_label ->  [0.146, 0.1525, 0.1604, 0.1042, 0.1455, 0.1497, 0.1416] **
max =  0.1604 | max_idx =  2
**pseudo_label ->  [0.1567, 0.1435, 0.1585, 0.1085, 0.1615, 0.1434, 0.1279] **
max =  0.1615 | max_idx =  4
**pseudo_label ->  [0.1457, 0.1346, 0.1151, 0.1283, 0.1676, 0.1535, 0.1552] **
max =  0.1676 | max_idx =  4
**pseudo_label ->  [0.1337, 0.1528, 0.1624, 0.1127, 0.1606, 0.1425, 0.1351] **
max =  0.1624 | max_idx =  2
Epoch 37/37, Train Loss: 1.9726, Valid Loss: 1.8742, Train Acc: 0.1429, Val Acc: 0.2843, Test Acc: 0.2282, Test F1(macro): 0.0531, Test F1(micro) : 0.1429,Total Pseudo-Labels: 0, Correct Pseudo-Labels: 0, Train Data Number: 35

Training complete!
Total training took 0:54:51 (h:mm:ss)
Load model from ./experiment/java_extended_data/output/5_unixcoder-base_0.0004_0.7_java_extended_data_net0.pth
Save training statistics in:  ./experiment/java_extended_data/log/unixcoder/class7//5_unixcoder-base_0.0004_0.7_java_extended_data/training_statistics.csv

best_trian_loss, epoch => 1.9472217321395875 21
Epoch-1_train_loss => 2.424622821807861
max_epoch_train_loss => 1.972558283805847 


best_val_loss, epoch =>  1.860889412626599 29
Epoch-1_val_loss => 1.9101344534588345
max_epoch_val_loss => 1.8742031349143402 

pse_epoch =>  [7, 8, 9, 10, 11, 12, 13, 25]
추가되는 pse_epoch =>  [] 

total_data:  35 
Best_step:  10 
Best_epoch:  2 
best_val_acc:  0.28426395939086296 
best_test_acc:  0.22818791946308725 
best_test_f1:  0.05695343330702447
Save best record in:  ./experiment/java_extended_data/log/unixcoder/class7/summary.csv