current work directory:  /home/imsuhan22/few-shot-tc/custom_ssl/code
Data set -> java_extended_data
save_name: 5_graphcodebert-base_0.00045_0.7_java_extended_data

data_path:  ../data/problem_based_split/java_extended_data

There are 2 GPU(s) available.
We will use the GPU- 0 NVIDIA RTX A6000

**line 147 모델 =>  microsoft/graphcodebert-base
**tokenizer type =  microsoft/graphcodebert-base 

pesudo label class개수 기준 -> 1
n_labeled_per_class:  5
train_df samples: 3851
train_labeled_df samples: 35
train_unlabeled_df samples: 3816
n_classes:  7 


net_arch:  microsoft/graphcodebert-base 
lr:  0.00045 
lr_linear:  0.001 

line 303 => train data수 35
line 258 => 인스턴스 수 5
Step 0  Tim 0:00:20
acc_train_cw(현재 train의 class별 acc) [0.0, 0.0, 0.8, 0.0, 0.0, 0.0, 0.0]
cw_psl_total_eval(이전 pseudo label 클래스별 총 샘플 수):  [0, 0, 0, 0, 0, 0, 0]
cw_psl_correct_eval(이전 pseudo label 클래스별 맞은 샘플 수):  [0, 0, 0, 0, 0, 0, 0]
psl_acc(PSL 평가에서의 정확도): None 
cw_psl_acc(이전 클래스별 PSL 평가에서의 정확도):  [nan, nan, nan, nan, nan, nan, nan]
***best_acc_model_save --- epoch = 0***
Save model to ./experiment/java_extended_data/output/
**pseudo_label ->  [0.1529, 0.1728, 0.1742, 0.1256, 0.1246, 0.1084, 0.1416] **
max =  0.1742 | max_idx =  2
**pseudo_label ->  [0.1575, 0.1424, 0.1772, 0.1173, 0.1156, 0.1295, 0.1605] **
max =  0.1772 | max_idx =  2
**pseudo_label ->  [0.1547, 0.1639, 0.2012, 0.1326, 0.119, 0.0994, 0.1292] **
max =  0.2012 | max_idx =  2
**pseudo_label ->  [0.1446, 0.1743, 0.1622, 0.1078, 0.1822, 0.0623, 0.1666] **
max =  0.1822 | max_idx =  4
**pseudo_label ->  [0.1098, 0.2493, 0.2208, 0.1215, 0.1056, 0.0691, 0.1239] **
max =  0.2493 | max_idx =  1


Epoch 1/100, Train Loss: 2.2056, Valid Loss: 1.8249, Train Acc: 0.1143, Val Acc: 0.2064, Test Acc: 0.1454, Test F1: 0.0775, Total Pseudo-Labels: 0, Correct Pseudo-Labels: 0, Train Data Number: 35
line 303 => train data수 35
line 258 => 인스턴스 수 5
Step 5  Tim 0:02:14
acc_train_cw(현재 train의 class별 acc) [0.0, 0.0, 0.0, 0.0, 1.0, 0.0, 0.0]
cw_psl_total_eval(이전 pseudo label 클래스별 총 샘플 수):  [0, 0, 0, 0, 0, 0, 0]
cw_psl_correct_eval(이전 pseudo label 클래스별 맞은 샘플 수):  [0, 0, 0, 0, 0, 0, 0]
psl_acc(PSL 평가에서의 정확도): None 
cw_psl_acc(이전 클래스별 PSL 평가에서의 정확도):  [nan, nan, nan, nan, nan, nan, nan]
***best_acc_model_save --- epoch = 1***
Save model to ./experiment/java_extended_data/output/
**pseudo_label ->  [0.0987, 0.191, 0.0951, 0.2806, 0.2203, 0.0556, 0.0587] **
max =  0.2806 | max_idx =  3
**pseudo_label ->  [0.1382, 0.1545, 0.138, 0.1801, 0.1813, 0.112, 0.096] **
max =  0.1813 | max_idx =  4
**pseudo_label ->  [0.1794, 0.2273, 0.1472, 0.0683, 0.1515, 0.048, 0.1783] **
max =  0.2273 | max_idx =  1
**pseudo_label ->  [0.1064, 0.1631, 0.0912, 0.2881, 0.2401, 0.0649, 0.0462] **
max =  0.2881 | max_idx =  3
**pseudo_label ->  [0.1342, 0.1685, 0.1284, 0.1789, 0.1781, 0.1019, 0.1099] **
max =  0.1789 | max_idx =  3


Epoch 2/100, Train Loss: 2.2228, Valid Loss: 2.1665, Train Acc: 0.1429, Val Acc: 0.2843, Test Acc: 0.2282, Test F1: 0.0531, Total Pseudo-Labels: 0, Correct Pseudo-Labels: 0, Train Data Number: 35
line 303 => train data수 35
line 258 => 인스턴스 수 5
Step 10  Tim 0:04:16
acc_train_cw(현재 train의 class별 acc) [0.0, 0.0, 0.0, 0.0, 0.0, 0.0, 1.0]
cw_psl_total_eval(이전 pseudo label 클래스별 총 샘플 수):  [0, 0, 0, 0, 0, 0, 0]
cw_psl_correct_eval(이전 pseudo label 클래스별 맞은 샘플 수):  [0, 0, 0, 0, 0, 0, 0]
psl_acc(PSL 평가에서의 정확도): None 
cw_psl_acc(이전 클래스별 PSL 평가에서의 정확도):  [nan, nan, nan, nan, nan, nan, nan]
**pseudo_label ->  [0.1412, 0.1988, 0.1246, 0.0788, 0.0938, 0.1581, 0.2046] **
max =  0.2046 | max_idx =  6
**pseudo_label ->  [0.115, 0.3739, 0.0718, 0.0123, 0.0302, 0.0802, 0.3165] **
max =  0.3739 | max_idx =  1
**pseudo_label ->  [0.1412, 0.1854, 0.1292, 0.085, 0.1028, 0.1624, 0.194] **
max =  0.194 | max_idx =  6
**pseudo_label ->  [0.1455, 0.1676, 0.1327, 0.0862, 0.1014, 0.1666, 0.2] **
max =  0.2 | max_idx =  6
**pseudo_label ->  [0.1303, 0.1862, 0.1347, 0.0957, 0.1008, 0.148, 0.2044] **
max =  0.2044 | max_idx =  6


Balance pseudo label class ->  [2]  value ->  1
add data ->  1
Epoch 3/100, Train Loss: 2.1849, Valid Loss: 1.9325, Train Acc: 0.1429, Val Acc: 0.0000, Test Acc: 0.0134, Test F1: 0.0038, Total Pseudo-Labels: 0, Correct Pseudo-Labels: 0, Train Data Number: 36
line 303 => train data수 36
line 258 => 인스턴스 수 6
Step 15  Tim 0:06:08
acc_train_cw(현재 train의 class별 acc) [0.0, 0.0, 0.0, 1.0, 0.0, 0.0, 0.0]
cw_psl_total_eval(이전 pseudo label 클래스별 총 샘플 수):  [0, 1, 0, 0, 0, 0, 0]
cw_psl_correct_eval(이전 pseudo label 클래스별 맞은 샘플 수):  [0, 0, 0, 0, 0, 0, 0]
psl_acc(이전 PSL 평가에서의 정확도):  0.0 
cw_psl_acc(이전 클래스별 PSL 평가에서의 정확도):  [nan, 0.0, nan, nan, nan, nan, nan]
***pse_model_save --- epoch = 3***
Save model to ./experiment/java_extended_data/output/
**pseudo_label ->  [0.109, 0.1222, 0.1486, 0.2869, 0.1165, 0.0797, 0.1371] **
max =  0.2869 | max_idx =  3
**pseudo_label ->  [0.1046, 0.1092, 0.158, 0.2896, 0.1114, 0.0842, 0.143] **
max =  0.2896 | max_idx =  3
**pseudo_label ->  [0.1075, 0.1203, 0.1438, 0.2778, 0.1283, 0.0858, 0.1364] **
max =  0.2778 | max_idx =  3
**pseudo_label ->  [0.1043, 0.1192, 0.1456, 0.2965, 0.115, 0.0853, 0.1342] **
max =  0.2965 | max_idx =  3
**pseudo_label ->  [0.1109, 0.1152, 0.1531, 0.2786, 0.1171, 0.0878, 0.1374] **
max =  0.2786 | max_idx =  3


Balance pseudo label class ->  [4]  value ->  5
add data ->  5
Epoch 4/100, Train Loss: 2.0399, Valid Loss: 2.0315, Train Acc: 0.1389, Val Acc: 0.2064, Test Acc: 0.0425, Test F1: 0.0116, Total Pseudo-Labels: 0, Correct Pseudo-Labels: 0, Train Data Number: 41
line 303 => train data수 41
line 258 => 인스턴스 수 6
Step 21  Tim 0:08:10
acc_train_cw(현재 train의 class별 acc) [0.0, 1.0, 0.0, 0.0, 0.0, 0.0, 0.0]
cw_psl_total_eval(이전 pseudo label 클래스별 총 샘플 수):  [0, 0, 0, 5, 0, 0, 0]
cw_psl_correct_eval(이전 pseudo label 클래스별 맞은 샘플 수):  [0, 0, 0, 0, 0, 0, 0]
psl_acc(이전 PSL 평가에서의 정확도):  0.0 
cw_psl_acc(이전 클래스별 PSL 평가에서의 정확도):  [nan, nan, nan, 0.0, nan, nan, nan]
***pse_model_save --- epoch = 4***
Save model to ./experiment/java_extended_data/output/
**pseudo_label ->  [0.1211, 0.3652, 0.1413, 0.1232, 0.0709, 0.0829, 0.0954] **
max =  0.3652 | max_idx =  1
**pseudo_label ->  [0.1295, 0.3204, 0.1128, 0.18, 0.065, 0.0968, 0.0955] **
max =  0.3204 | max_idx =  1
**pseudo_label ->  [0.1371, 0.3315, 0.1085, 0.1749, 0.0591, 0.1018, 0.0871] **
max =  0.3315 | max_idx =  1
**pseudo_label ->  [0.1398, 0.2943, 0.1106, 0.1912, 0.0703, 0.1016, 0.0922] **
max =  0.2943 | max_idx =  1
**pseudo_label ->  [0.1414, 0.3045, 0.1064, 0.1993, 0.066, 0.0927, 0.0898] **
max =  0.3045 | max_idx =  1


Balance pseudo label class ->  [2]  value ->  1
add data ->  1
Epoch 5/100, Train Loss: 2.0354, Valid Loss: 1.9606, Train Acc: 0.1463, Val Acc: 0.1997, Test Acc: 0.0604, Test F1: 0.0163, Total Pseudo-Labels: 0, Correct Pseudo-Labels: 0, Train Data Number: 42
line 303 => train data수 42
line 258 => 인스턴스 수 6
Step 27  Tim 0:10:12
acc_train_cw(현재 train의 class별 acc) [0.0, 0.0, 0.0, 1.0, 0.0, 0.0, 0.0]
cw_psl_total_eval(이전 pseudo label 클래스별 총 샘플 수):  [0, 1, 0, 0, 0, 0, 0]
cw_psl_correct_eval(이전 pseudo label 클래스별 맞은 샘플 수):  [0, 0, 0, 0, 0, 0, 0]
psl_acc(이전 PSL 평가에서의 정확도):  0.0 
cw_psl_acc(이전 클래스별 PSL 평가에서의 정확도):  [nan, 0.0, nan, nan, nan, nan, nan]
***pse_model_save --- epoch = 5***
Save model to ./experiment/java_extended_data/output/
**pseudo_label ->  [0.1336, 0.1504, 0.0972, 0.2261, 0.1349, 0.1402, 0.1175] **
max =  0.2261 | max_idx =  3
**pseudo_label ->  [0.1372, 0.1633, 0.127, 0.1923, 0.1454, 0.1173, 0.1175] **
max =  0.1923 | max_idx =  3
**pseudo_label ->  [0.1333, 0.144, 0.0993, 0.2234, 0.1348, 0.1424, 0.1229] **
max =  0.2234 | max_idx =  3
**pseudo_label ->  [0.1463, 0.1418, 0.0947, 0.2189, 0.1371, 0.1393, 0.1219] **
max =  0.2189 | max_idx =  3
**pseudo_label ->  [0.1332, 0.162, 0.132, 0.205, 0.1313, 0.1105, 0.126] **
max =  0.205 | max_idx =  3


Epoch 6/100, Train Loss: 1.9249, Valid Loss: 1.9563, Train Acc: 0.2381, Val Acc: 0.2064, Test Acc: 0.0425, Test F1: 0.0116, Total Pseudo-Labels: 0, Correct Pseudo-Labels: 0, Train Data Number: 42
line 303 => train data수 42
line 258 => 인스턴스 수 6
Step 33  Tim 0:12:13
acc_train_cw(현재 train의 class별 acc) [0.0, 0.0, 0.0, 1.0, 0.0, 0.0, 0.0]
cw_psl_total_eval(이전 pseudo label 클래스별 총 샘플 수):  [0, 0, 0, 0, 0, 0, 0]
cw_psl_correct_eval(이전 pseudo label 클래스별 맞은 샘플 수):  [0, 0, 0, 0, 0, 0, 0]
psl_acc(PSL 평가에서의 정확도): None 
cw_psl_acc(이전 클래스별 PSL 평가에서의 정확도):  [nan, nan, nan, nan, nan, nan, nan]
**pseudo_label ->  [0.1079, 0.1314, 0.1296, 0.19, 0.1374, 0.1332, 0.1704] **
max =  0.19 | max_idx =  3
**pseudo_label ->  [0.1032, 0.1307, 0.1296, 0.1993, 0.1363, 0.1333, 0.1677] **
max =  0.1993 | max_idx =  3
**pseudo_label ->  [0.1348, 0.1708, 0.1542, 0.1863, 0.1269, 0.0907, 0.1362] **
max =  0.1863 | max_idx =  3
**pseudo_label ->  [0.1045, 0.126, 0.1262, 0.1942, 0.1473, 0.1274, 0.1744] **
max =  0.1942 | max_idx =  3
**pseudo_label ->  [0.1107, 0.1317, 0.136, 0.1983, 0.1391, 0.1205, 0.1636] **
max =  0.1983 | max_idx =  3


Epoch 7/100, Train Loss: 1.9517, Valid Loss: 1.8940, Train Acc: 0.2381, Val Acc: 0.2064, Test Acc: 0.0425, Test F1: 0.0116, Total Pseudo-Labels: 0, Correct Pseudo-Labels: 0, Train Data Number: 42
line 303 => train data수 42
line 258 => 인스턴스 수 6
Step 39  Tim 0:14:05
acc_train_cw(현재 train의 class별 acc) [0.0, 0.0, 0.0, 1.0, 0.0, 0.0, 0.0]
cw_psl_total_eval(이전 pseudo label 클래스별 총 샘플 수):  [0, 0, 0, 0, 0, 0, 0]
cw_psl_correct_eval(이전 pseudo label 클래스별 맞은 샘플 수):  [0, 0, 0, 0, 0, 0, 0]
psl_acc(PSL 평가에서의 정확도): None 
cw_psl_acc(이전 클래스별 PSL 평가에서의 정확도):  [nan, nan, nan, nan, nan, nan, nan]
**pseudo_label ->  [0.104, 0.1536, 0.1287, 0.2117, 0.1439, 0.1232, 0.135] **
max =  0.2117 | max_idx =  3
**pseudo_label ->  [0.1069, 0.156, 0.129, 0.2126, 0.1446, 0.1256, 0.1254] **
max =  0.2126 | max_idx =  3
**pseudo_label ->  [0.0934, 0.1536, 0.1321, 0.213, 0.1537, 0.124, 0.1303] **
max =  0.213 | max_idx =  3
**pseudo_label ->  [0.0988, 0.1443, 0.1312, 0.2086, 0.1501, 0.1295, 0.1374] **
max =  0.2086 | max_idx =  3
**pseudo_label ->  [0.1043, 0.1574, 0.1295, 0.2188, 0.1488, 0.1182, 0.123] **
max =  0.2188 | max_idx =  3


Epoch 8/100, Train Loss: 1.9845, Valid Loss: 1.9245, Train Acc: 0.2381, Val Acc: 0.2064, Test Acc: 0.0425, Test F1: 0.0116, Total Pseudo-Labels: 0, Correct Pseudo-Labels: 0, Train Data Number: 42
line 303 => train data수 42
line 258 => 인스턴스 수 6
Step 45  Tim 0:15:58
acc_train_cw(현재 train의 class별 acc) [0.0, 0.0, 0.0, 1.0, 0.0, 0.0, 0.0]
cw_psl_total_eval(이전 pseudo label 클래스별 총 샘플 수):  [0, 0, 0, 0, 0, 0, 0]
cw_psl_correct_eval(이전 pseudo label 클래스별 맞은 샘플 수):  [0, 0, 0, 0, 0, 0, 0]
psl_acc(PSL 평가에서의 정확도): None 
cw_psl_acc(이전 클래스별 PSL 평가에서의 정확도):  [nan, nan, nan, nan, nan, nan, nan]
**pseudo_label ->  [0.2282, 0.1538, 0.1297, 0.2187, 0.0991, 0.1016, 0.0689] **
max =  0.2282 | max_idx =  0
**pseudo_label ->  [0.076, 0.1496, 0.1087, 0.2815, 0.1082, 0.1965, 0.0795] **
max =  0.2815 | max_idx =  3
**pseudo_label ->  [0.1241, 0.1382, 0.1331, 0.2013, 0.1327, 0.16, 0.1106] **
max =  0.2013 | max_idx =  3
**pseudo_label ->  [0.132, 0.1412, 0.1262, 0.1946, 0.1392, 0.1612, 0.1056] **
max =  0.1946 | max_idx =  3
**pseudo_label ->  [0.1239, 0.149, 0.1236, 0.2021, 0.1334, 0.1551, 0.1129] **
max =  0.2021 | max_idx =  3


Epoch 9/100, Train Loss: 1.9896, Valid Loss: 2.0383, Train Acc: 0.2381, Val Acc: 0.2064, Test Acc: 0.0425, Test F1: 0.0116, Total Pseudo-Labels: 0, Correct Pseudo-Labels: 0, Train Data Number: 42
line 303 => train data수 42
line 258 => 인스턴스 수 6
Step 51  Tim 0:17:52
acc_train_cw(현재 train의 class별 acc) [1.0, 0.0, 0.0, 0.0, 0.0, 0.0, 0.0]
cw_psl_total_eval(이전 pseudo label 클래스별 총 샘플 수):  [0, 0, 0, 0, 0, 0, 0]
cw_psl_correct_eval(이전 pseudo label 클래스별 맞은 샘플 수):  [0, 0, 0, 0, 0, 0, 0]
psl_acc(PSL 평가에서의 정확도): None 
cw_psl_acc(이전 클래스별 PSL 평가에서의 정확도):  [nan, nan, nan, nan, nan, nan, nan]
**pseudo_label ->  [0.1913, 0.1262, 0.1225, 0.1495, 0.1195, 0.1663, 0.1247] **
max =  0.1913 | max_idx =  0
**pseudo_label ->  [0.1911, 0.1232, 0.1196, 0.1533, 0.1169, 0.1656, 0.1303] **
max =  0.1911 | max_idx =  0
**pseudo_label ->  [0.2745, 0.087, 0.0846, 0.2067, 0.0554, 0.1827, 0.109] **
max =  0.2745 | max_idx =  0
**pseudo_label ->  [0.212, 0.1258, 0.1221, 0.2654, 0.0897, 0.0943, 0.0908] **
max =  0.2654 | max_idx =  3
**pseudo_label ->  [0.1915, 0.1224, 0.1151, 0.1631, 0.1105, 0.166, 0.1315] **
max =  0.1915 | max_idx =  0


Epoch 10/100, Train Loss: 1.9727, Valid Loss: 1.9148, Train Acc: 0.1190, Val Acc: 0.0981, Test Acc: 0.1342, Test F1: 0.0338, Total Pseudo-Labels: 0, Correct Pseudo-Labels: 0, Train Data Number: 42
line 303 => train data수 42
line 258 => 인스턴스 수 6
Step 57  Tim 0:19:45
acc_train_cw(현재 train의 class별 acc) [0.0, 0.0, 0.0, 1.0, 0.0, 0.0, 0.0]
cw_psl_total_eval(이전 pseudo label 클래스별 총 샘플 수):  [0, 0, 0, 0, 0, 0, 0]
cw_psl_correct_eval(이전 pseudo label 클래스별 맞은 샘플 수):  [0, 0, 0, 0, 0, 0, 0]
psl_acc(PSL 평가에서의 정확도): None 
cw_psl_acc(이전 클래스별 PSL 평가에서의 정확도):  [nan, nan, nan, nan, nan, nan, nan]
**pseudo_label ->  [0.1334, 0.1664, 0.1143, 0.2198, 0.1292, 0.1113, 0.1256] **
max =  0.2198 | max_idx =  3
**pseudo_label ->  [0.1371, 0.1699, 0.1111, 0.2159, 0.1331, 0.112, 0.121] **
max =  0.2159 | max_idx =  3
**pseudo_label ->  [0.0624, 0.0776, 0.0168, 0.7966, 0.0162, 0.013, 0.0175] **
max =  0.7966 | max_idx =  3
**pseudo_label ->  [0.1389, 0.1613, 0.1121, 0.2221, 0.1299, 0.1134, 0.1224] **
max =  0.2221 | max_idx =  3
**pseudo_label ->  [0.1329, 0.1618, 0.1135, 0.2374, 0.1312, 0.1032, 0.1199] **
max =  0.2374 | max_idx =  3


Balance pseudo label class ->  [4]  value ->  40
add data ->  40
Epoch 11/100, Train Loss: 1.6787, Valid Loss: 2.5952, Train Acc: 0.2381, Val Acc: 0.2064, Test Acc: 0.0425, Test F1: 0.0116, Total Pseudo-Labels: 0, Correct Pseudo-Labels: 0, Train Data Number: 82
line 303 => train data수 82
line 258 => 인스턴스 수 12
Step 63  Tim 0:21:41
acc_train_cw(현재 train의 class별 acc) [0.0, 0.0, 0.0, 1.0, 0.0, 0.0, 0.0]
cw_psl_total_eval(이전 pseudo label 클래스별 총 샘플 수):  [0, 0, 0, 40, 0, 0, 0]
cw_psl_correct_eval(이전 pseudo label 클래스별 맞은 샘플 수):  [0, 0, 0, 4, 0, 0, 0]
psl_acc(이전 PSL 평가에서의 정확도):  0.1 
cw_psl_acc(이전 클래스별 PSL 평가에서의 정확도):  [nan, nan, nan, 0.10000000149011612, nan, nan, nan]
***pse_model_save --- epoch = 11***
Save model to ./experiment/java_extended_data/output/
**pseudo_label ->  [0.0302, 0.0813, 0.0659, 0.6886, 0.0368, 0.0343, 0.0628] **
max =  0.6886 | max_idx =  3
**pseudo_label ->  [0.0293, 0.0786, 0.065, 0.6978, 0.035, 0.0362, 0.0581] **
max =  0.6978 | max_idx =  3
**pseudo_label ->  [0.027, 0.0796, 0.0685, 0.6907, 0.0351, 0.0351, 0.064] **
max =  0.6907 | max_idx =  3
**pseudo_label ->  [0.0261, 0.0738, 0.0614, 0.7064, 0.0361, 0.0348, 0.0613] **
max =  0.7064 | max_idx =  3
**pseudo_label ->  [0.0281, 0.0835, 0.0669, 0.6867, 0.0353, 0.034, 0.0654] **
max =  0.6867 | max_idx =  3


Balance pseudo label class ->  [4]  value ->  1767
add data ->  1767
Epoch 12/100, Train Loss: 0.1333, Valid Loss: 4.5823, Train Acc: 0.6098, Val Acc: 0.2064, Test Acc: 0.0425, Test F1: 0.0116, Total Pseudo-Labels: 0, Correct Pseudo-Labels: 0, Train Data Number: 1833
line 303 => train data수 1833
line 258 => 인스턴스 수 262
Step 75  Tim 0:25:19
acc_train_cw(현재 train의 class별 acc) [0.0, 0.0, 0.0, 1.0, 0.0, 0.0, 0.0]
cw_psl_total_eval(이전 pseudo label 클래스별 총 샘플 수):  [0, 0, 0, 1767, 0, 0, 0]
cw_psl_correct_eval(이전 pseudo label 클래스별 맞은 샘플 수):  [0, 0, 0, 251, 0, 0, 0]
psl_acc(이전 PSL 평가에서의 정확도):  0.142 
cw_psl_acc(이전 클래스별 PSL 평가에서의 정확도):  [nan, nan, nan, 0.1420486718416214, nan, nan, nan]
***pse_model_save --- epoch = 12***
Save model to ./experiment/java_extended_data/output/
**pseudo_label ->  [0.003, 0.0073, 0.002, 0.9724, 0.009, 0.0038, 0.0025] **
max =  0.9724 | max_idx =  3
**pseudo_label ->  