current work directory:  /home/imsuhan22/few-shot-tc/JointMatch_SSL/codebert/code
java_extended_data
save_name: 10_codet5p-110m-embedding_0.0005_0.7_30_java_extended_data

data_path:  ../data/../data/problem_based_split/java_extended_data

There are 1 GPU(s) available.
We will use the GPU- 0 NVIDIA GeForce RTX 3090

**line 147 모델 =>  Salesforce/codet5p-110m-embedding
**tokenizer type =  Salesforce/codet5p-110m-embedding 

n_labeled_per_class:  10
train_df samples: 3851
train_labeled_df samples: 70
train_unlabeled_df samples: 3781
n_classes:  7 

net_arch:  Salesforce/codet5p-110m-embedding lr:  0.0005

line 303 => train data수 70
line 258 => 인스턴스 수 10
=======test_loader=======
=======dev_loader=======
=======train_labeled_loader=======
=======finish=======
>>Epoch 1 Step 0 acc_test 0.223714 f1_test 0.107895 acc_val 0.255499 f1_val 0.096385 acc_train 0.200000 f1_train 0.139276 psl_cor 0 psl_totl 0 pslt_global 0.000000  Tim 0:00:11
acc_train_cw [0.0, 0.1, 0.1, 0.0, 0.7, 0.5, 0.0]
cw_psl_eval:  [0, 0, 0, 0, 0, 0, 0] [0, 0, 0, 0, 0, 0, 0]
psl_acc: None cw_psl_acc:  [nan, nan, nan, nan, nan, nan, nan]
Save model to ./experiment/few_shot/output/

line 303 => train data수 70
line 258 => 인스턴스 수 10
=======test_loader=======
=======dev_loader=======
=======train_labeled_loader=======
=======finish=======
>>Epoch 2 Step 10 acc_test 0.161074 f1_test 0.113901 acc_val 0.123519 f1_val 0.094288 acc_train 0.342857 f1_train 0.227543 psl_cor 0 psl_totl 0 pslt_global 0.700000  Tim 0:00:41
acc_train_cw [0.9, 0.0, 0.5, 0.0, 0.1, 0.0, 0.9]
cw_psl_eval:  [0, 0, 0, 0, 0, 0, 0] [0, 0, 0, 0, 0, 0, 0]
psl_acc: None cw_psl_acc:  [nan, nan, nan, nan, nan, nan, nan]

line 303 => train data수 70
line 258 => 인스턴스 수 10
=======test_loader=======
=======dev_loader=======
=======train_labeled_loader=======
=======finish=======
>>Epoch 3 Step 20 acc_test 0.210291 f1_test 0.174474 acc_val 0.208122 f1_val 0.133592 acc_train 0.500000 f1_train 0.455170 psl_cor 0 psl_totl 0 pslt_global 0.700000  Tim 0:01:11
acc_train_cw [0.9, 0.0, 0.6, 0.7, 0.4, 0.2, 0.7]
cw_psl_eval:  [0, 0, 0, 0, 0, 0, 0] [0, 0, 0, 0, 0, 0, 0]
psl_acc: None cw_psl_acc:  [nan, nan, nan, nan, nan, nan, nan]

line 303 => train data수 70
line 258 => 인스턴스 수 10
=======test_loader=======
=======dev_loader=======
=======train_labeled_loader=======
=======finish=======
>>Epoch 4 Step 30 acc_test 0.125280 f1_test 0.138446 acc_val 0.150592 f1_val 0.133246 acc_train 0.557143 f1_train 0.544162 psl_cor 0 psl_totl 0 pslt_global 0.700000  Tim 0:01:41
acc_train_cw [0.9, 0.1, 0.6, 0.7, 0.4, 0.3, 0.9]
cw_psl_eval:  [0, 0, 0, 0, 0, 0, 0] [0, 0, 0, 0, 0, 0, 0]
psl_acc: None cw_psl_acc:  [nan, nan, nan, nan, nan, nan, nan]

line 303 => train data수 70
line 258 => 인스턴스 수 10
=======test_loader=======
=======dev_loader=======
=======train_labeled_loader=======
=======finish=======
>>Epoch 5 Step 40 acc_test 0.201342 f1_test 0.178916 acc_val 0.223350 f1_val 0.125473 acc_train 0.728571 f1_train 0.693585 psl_cor 0 psl_totl 0 pslt_global 0.700000  Tim 0:02:10
acc_train_cw [1.0, 0.1, 1.0, 0.8, 0.8, 0.5, 0.9]
cw_psl_eval:  [0, 0, 0, 0, 0, 0, 0] [0, 0, 0, 0, 0, 0, 0]
psl_acc: None cw_psl_acc:  [nan, nan, nan, nan, nan, nan, nan]

line 303 => train data수 70
line 258 => 인스턴스 수 10
=======test_loader=======
=======dev_loader=======
=======train_labeled_loader=======
=======finish=======
>>Epoch 6 Step 50 acc_test 0.268456 f1_test 0.206679 acc_val 0.223350 f1_val 0.145656 acc_train 0.785714 f1_train 0.752341 psl_cor 0 psl_totl 0 pslt_global 0.700000  Tim 0:02:40
acc_train_cw [1.0, 0.1, 1.0, 0.7, 0.9, 0.9, 0.9]
cw_psl_eval:  [0, 0, 0, 0, 0, 0, 0] [0, 0, 0, 0, 0, 0, 0]
psl_acc: None cw_psl_acc:  [nan, nan, nan, nan, nan, nan, nan]

line 303 => train data수 70
line 258 => 인스턴스 수 10
=======test_loader=======
=======dev_loader=======
=======train_labeled_loader=======
=======finish=======
>>Epoch 7 Step 60 acc_test 0.230425 f1_test 0.193177 acc_val 0.235195 f1_val 0.165480 acc_train 0.900000 f1_train 0.898421 psl_cor 0 psl_totl 0 pslt_global 0.700000  Tim 0:03:10
acc_train_cw [1.0, 0.7, 1.0, 0.8, 1.0, 1.0, 0.8]
cw_psl_eval:  [0, 0, 0, 0, 0, 0, 0] [0, 0, 0, 0, 0, 0, 0]
psl_acc: None cw_psl_acc:  [nan, nan, nan, nan, nan, nan, nan]

line 303 => train data수 70
line 258 => 인스턴스 수 10
=======test_loader=======
=======dev_loader=======
=======train_labeled_loader=======
=======finish=======
>>Epoch 8 Step 70 acc_test 0.183445 f1_test 0.155705 acc_val 0.231810 f1_val 0.152850 acc_train 0.814286 f1_train 0.809828 psl_cor 0 psl_totl 0 pslt_global 0.700000  Tim 0:03:39
acc_train_cw [1.0, 0.5, 0.9, 1.0, 0.7, 0.8, 0.8]
cw_psl_eval:  [0, 0, 0, 0, 0, 0, 0] [0, 0, 0, 0, 0, 0, 0]
psl_acc: None cw_psl_acc:  [nan, nan, nan, nan, nan, nan, nan]

line 303 => train data수 70
line 258 => 인스턴스 수 10
=======test_loader=======
=======dev_loader=======
=======train_labeled_loader=======
=======finish=======
>>Epoch 9 Step 80 acc_test 0.208054 f1_test 0.195181 acc_val 0.253807 f1_val 0.173879 acc_train 0.842857 f1_train 0.844589 psl_cor 0 psl_totl 0 pslt_global 0.700000  Tim 0:04:09
acc_train_cw [0.8, 0.5, 1.0, 0.8, 0.9, 1.0, 0.9]
cw_psl_eval:  [0, 0, 0, 0, 0, 0, 0] [0, 0, 0, 0, 0, 0, 0]
psl_acc: None cw_psl_acc:  [nan, nan, nan, nan, nan, nan, nan]

line 303 => train data수 70
line 258 => 인스턴스 수 10
=======test_loader=======
=======dev_loader=======
=======train_labeled_loader=======
=======finish=======
>>Epoch 10 Step 90 acc_test 0.248322 f1_test 0.193820 acc_val 0.226734 f1_val 0.160966 acc_train 0.871429 f1_train 0.859608 psl_cor 0 psl_totl 0 pslt_global 0.700000  Tim 0:04:39
acc_train_cw [1.0, 0.4, 1.0, 0.8, 0.9, 1.0, 1.0]
cw_psl_eval:  [0, 0, 0, 0, 0, 0, 0] [0, 0, 0, 0, 0, 0, 0]
psl_acc: None cw_psl_acc:  [nan, nan, nan, nan, nan, nan, nan]

line 303 => train data수 70
line 258 => 인스턴스 수 10
=======test_loader=======
=======dev_loader=======
=======train_labeled_loader=======
=======finish=======
>>Epoch 11 Step 100 acc_test 0.174497 f1_test 0.152493 acc_val 0.248731 f1_val 0.176296 acc_train 0.928571 f1_train 0.929108 psl_cor 0 psl_totl 0 pslt_global 0.700000  Tim 0:05:09
acc_train_cw [1.0, 0.8, 1.0, 1.0, 0.8, 1.0, 0.9]
cw_psl_eval:  [0, 0, 0, 0, 0, 0, 0] [0, 0, 0, 0, 0, 0, 0]
psl_acc: None cw_psl_acc:  [nan, nan, nan, nan, nan, nan, nan]

line 303 => train data수 70
line 258 => 인스턴스 수 10
=======test_loader=======
=======dev_loader=======
=======train_labeled_loader=======
=======finish=======
>>Epoch 12 Step 110 acc_test 0.152125 f1_test 0.157738 acc_val 0.238579 f1_val 0.162149 acc_train 0.771429 f1_train 0.753462 psl_cor 0 psl_totl 0 pslt_global 0.700000  Tim 0:05:38
acc_train_cw [1.0, 0.9, 1.0, 1.0, 0.4, 0.3, 0.8]
cw_psl_eval:  [0, 0, 0, 0, 0, 0, 0] [0, 0, 0, 0, 0, 0, 0]
psl_acc: None cw_psl_acc:  [nan, nan, nan, nan, nan, nan, nan]

line 303 => train data수 70
line 258 => 인스턴스 수 10
=======test_loader=======
=======dev_loader=======
=======train_labeled_loader=======
=======finish=======
>>Epoch 13 Step 120 acc_test 0.268456 f1_test 0.202152 acc_val 0.218274 f1_val 0.165402 acc_train 0.914286 f1_train 0.909488 psl_cor 0 psl_totl 0 pslt_global 0.700000  Tim 0:06:08
acc_train_cw [1.0, 0.5, 1.0, 1.0, 1.0, 1.0, 0.9]
cw_psl_eval:  [0, 0, 0, 0, 0, 0, 0] [0, 0, 0, 0, 0, 0, 0]
psl_acc: None cw_psl_acc:  [nan, nan, nan, nan, nan, nan, nan]

line 303 => train data수 70
line 258 => 인스턴스 수 10
=======test_loader=======
=======dev_loader=======
=======train_labeled_loader=======
=======finish=======
>>Epoch 14 Step 130 acc_test 0.174497 f1_test 0.179819 acc_val 0.291032 f1_val 0.213540 acc_train 0.942857 f1_train 0.943502 psl_cor 0 psl_totl 0 pslt_global 0.700000  Tim 0:06:38
acc_train_cw [1.0, 0.9, 1.0, 1.0, 0.8, 0.9, 1.0]
cw_psl_eval:  [0, 0, 0, 0, 0, 0, 0] [0, 0, 0, 0, 0, 0, 0]
psl_acc: None cw_psl_acc:  [nan, nan, nan, nan, nan, nan, nan]
Save model to ./experiment/few_shot/output/

line 303 => train data수 72
line 258 => 인스턴스 수 11
=======test_loader=======
=======dev_loader=======
=======train_labeled_loader=======
=======finish=======
>>Epoch 15 Step 140 acc_test 0.288591 f1_test 0.211307 acc_val 0.148900 f1_val 0.112399 acc_train 0.875000 f1_train 0.877036 psl_cor 1 psl_totl 2 pslt_global 0.700000  Tim 0:07:12
acc_train_cw [0.9, 0.8, 0.8, 0.667, 1.0, 1.0, 1.0]
cw_psl_eval:  [0, 0, 0, 2, 0, 0, 0] [0, 0, 0, 1, 0, 0, 0]
psl_acc:  0.5 cw_psl_acc:  [nan, nan, nan, 0.5, nan, nan, nan]
train batch instace수가 7안됨 pass

line 303 => train data수 72
line 258 => 인스턴스 수 11
=======test_loader=======
=======dev_loader=======
=======train_labeled_loader=======
=======finish=======
>>Epoch 16 Step 151 acc_test 0.232662 f1_test 0.200529 acc_val 0.250423 f1_val 0.189597 acc_train 0.916667 f1_train 0.915861 psl_cor 0 psl_totl 0 pslt_global 0.700000  Tim 0:07:42
acc_train_cw [1.0, 0.7, 1.0, 0.833, 1.0, 0.9, 1.0]
cw_psl_eval:  [0, 0, 0, 0, 0, 0, 0] [0, 0, 0, 0, 0, 0, 0]
psl_acc: None cw_psl_acc:  [nan, nan, nan, nan, nan, nan, nan]
train batch instace수가 7안됨 pass

line 303 => train data수 72
line 258 => 인스턴스 수 11
=======test_loader=======
=======dev_loader=======
=======train_labeled_loader=======
=======finish=======
>>Epoch 17 Step 162 acc_test 0.281879 f1_test 0.228942 acc_val 0.253807 f1_val 0.182400 acc_train 0.875000 f1_train 0.870372 psl_cor 0 psl_totl 0 pslt_global 0.700000  Tim 0:08:11
acc_train_cw [1.0, 0.6, 1.0, 0.833, 0.9, 0.8, 1.0]
cw_psl_eval:  [0, 0, 0, 0, 0, 0, 0] [0, 0, 0, 0, 0, 0, 0]
psl_acc: None cw_psl_acc:  [nan, nan, nan, nan, nan, nan, nan]
train batch instace수가 7안됨 pass

line 303 => train data수 87
line 258 => 인스턴스 수 13
=======test_loader=======
=======dev_loader=======
=======train_labeled_loader=======
=======finish=======
>>Epoch 18 Step 173 acc_test 0.243848 f1_test 0.202478 acc_val 0.255499 f1_val 0.187607 acc_train 0.931034 f1_train 0.921551 psl_cor 7 psl_totl 15 pslt_global 0.700000  Tim 0:08:41
acc_train_cw [1.0, 0.6, 0.895, 1.0, 1.0, 1.0, 1.0]
cw_psl_eval:  [0, 0, 9, 0, 0, 0, 6] [0, 0, 2, 0, 0, 0, 5]
psl_acc:  0.467 cw_psl_acc:  [nan, nan, 0.2222222238779068, nan, nan, nan, 0.8333333134651184]
train batch instace수가 7안됨 pass

line 303 => train data수 440
line 258 => 인스턴스 수 63
=======test_loader=======
=======dev_loader=======
=======train_labeled_loader=======
=======finish=======
>>Epoch 19 Step 186 acc_test 0.205817 f1_test 0.201528 acc_val 0.221658 f1_val 0.137765 acc_train 0.922727 f1_train 0.860301 psl_cor 86 psl_totl 364 pslt_global 0.700000  Tim 0:09:13
acc_train_cw [0.983, 1.0, 0.957, 0.962, 0.6, 0.756, 0.989]
cw_psl_eval:  [49, 0, 126, 40, 0, 72, 77] [12, 0, 20, 8, 0, 11, 35]
psl_acc:  0.236 cw_psl_acc:  [0.2448979616165161, nan, 0.1587301641702652, 0.20000000298023224, nan, 0.1527777761220932, 0.4545454680919647]
train batch instace수가 7안됨 pass

line 303 => train data수 1171
line 258 => 인스턴스 수 168
=======test_loader=======
=======dev_loader=======
=======train_labeled_loader=======
=======finish=======
>>Epoch 20 Step 249 acc_test 0.208054 f1_test 0.094154 acc_val 0.093063 f1_val 0.052493 acc_train 0.856533 f1_train 0.471065 psl_cor 210 psl_totl 829 pslt_global 0.700000  Tim 0:09:53
acc_train_cw [0.034, 0.0, 0.929, 0.94, 0.0, 0.78, 0.917]
cw_psl_eval:  [1, 0, 2, 375, 0, 0, 451] [0, 0, 1, 51, 0, 0, 158]
psl_acc:  0.253 cw_psl_acc:  [0.0, nan, 0.5, 0.13600000739097595, nan, nan, 0.3503325879573822]
train batch instace수가 7안됨 pass

line 303 => train data수 1820
line 258 => 인스턴스 수 260
=======test_loader=======
=======dev_loader=======
=======train_labeled_loader=======
=======finish=======
>>Epoch 21 Step 417 acc_test 0.223714 f1_test 0.103651 acc_val 0.065990 f1_val 0.050757 acc_train 0.909890 f1_train 0.531464 psl_cor 387 psl_totl 1593 pslt_global 0.700000  Tim 0:10:45
acc_train_cw [0.158, 0.0, 0.939, 0.956, 0.0, 0.962, 0.965]
cw_psl_eval:  [27, 0, 528, 459, 0, 0, 579] [10, 0, 86, 64, 0, 0, 227]
psl_acc:  0.243 cw_psl_acc:  [0.37037035822868347, nan, 0.16287878155708313, 0.13943354785442352, nan, nan, 0.3920552730560303]
**bs에 맞지않음!!!!!**


line 303 => train data수 3817
line 258 => 인스턴스 수 546
=======test_loader=======
=======dev_loader=======
=======train_labeled_loader=======
=======finish=======
>>Epoch 22 Step 677 acc_test 0.156600 f1_test 0.090339 acc_val 0.164129 f1_val 0.066120 acc_train 0.982971 f1_train 0.562647 psl_cor 705 psl_totl 3751 pslt_global 0.700000  Tim 0:11:55
acc_train_cw [0.0, 0.0, 0.996, 0.983, 0.0, 0.978, 0.99]
cw_psl_eval:  [0, 0, 2228, 451, 0, 495, 577] [0, 0, 367, 64, 0, 48, 226]
psl_acc:  0.188 cw_psl_acc:  [nan, nan, 0.16472172737121582, 0.14190687239170074, nan, 0.09696969389915466, 0.39168110489845276]
train batch instace수가 7안됨 pass
**bs에 맞지않음!!!!!**


line 303 => train data수 3838
line 258 => 인스턴스 수 549
=======test_loader=======
=======dev_loader=======
=======train_labeled_loader=======
=======finish=======
>>Epoch 23 Step 1223 acc_test 0.156600 f1_test 0.090824 acc_val 0.162437 f1_val 0.064459 acc_train 0.968734 f1_train 0.546361 psl_cor 702 psl_totl 3743 pslt_global 0.700000  Tim 0:13:31
acc_train_cw [0.0, 0.0, 0.992, 0.89, 0.0, 0.97, 0.995]
cw_psl_eval:  [0, 0, 2222, 492, 0, 450, 579] [0, 0, 363, 73, 0, 43, 223]
psl_acc:  0.188 cw_psl_acc:  [nan, nan, 0.16336633265018463, 0.14837397634983063, nan, 0.09555555880069733, 0.3851467967033386]
train batch instace수가 7안됨 pass
**bs에 맞지않음!!!!!**


line 303 => train data수 3839
line 258 => 인스턴스 수 549
=======test_loader=======
=======dev_loader=======
=======train_labeled_loader=======
=======finish=======
>>Epoch 24 Step 1772 acc_test 0.158837 f1_test 0.094259 acc_val 0.164129 f1_val 0.065694 acc_train 0.978640 f1_train 0.559496 psl_cor 717 psl_totl 3767 pslt_global 0.700000  Tim 0:15:07
acc_train_cw [0.0, 0.0, 0.992, 0.974, 0.0, 0.966, 0.993]
cw_psl_eval:  [0, 0, 2173, 491, 0, 525, 578] [0, 0, 359, 72, 0, 60, 226]
psl_acc:  0.19 cw_psl_acc:  [nan, nan, 0.16520938277244568, 0.14663951098918915, nan, 0.11428571492433548, 0.39100345969200134]
train batch instace수가 7안됨 pass
**bs에 맞지않음!!!!!**


line 303 => train data수 3839
line 258 => 인스턴스 수 549
=======test_loader=======
=======dev_loader=======
=======train_labeled_loader=======
=======finish=======
>>Epoch 25 Step 2321 acc_test 0.158837 f1_test 0.093982 acc_val 0.164129 f1_val 0.065029 acc_train 0.986194 f1_train 0.564344 psl_cor 713 psl_totl 3780 pslt_global 0.700000  Tim 0:16:44
acc_train_cw [0.0, 0.0, 0.997, 0.982, 0.0, 0.986, 0.998]
cw_psl_eval:  [0, 0, 2211, 485, 0, 492, 592] [0, 0, 361, 71, 0, 53, 228]
psl_acc:  0.189 cw_psl_acc:  [nan, nan, 0.16327454149723053, 0.14639174938201904, nan, 0.10772357881069183, 0.38513514399528503]
train batch instace수가 7안됨 pass
**bs에 맞지않음!!!!!**


line 303 => train data수 3839
line 258 => 인스턴스 수 549
=======test_loader=======
=======dev_loader=======
=======train_labeled_loader=======
=======finish=======
>>Epoch 26 Step 2870 acc_test 0.165548 f1_test 0.097661 acc_val 0.164129 f1_val 0.066004 acc_train 0.982027 f1_train 0.560683 psl_cor 715 psl_totl 3780 pslt_global 0.700000  Tim 0:18:20
acc_train_cw [0.0, 0.0, 0.996, 0.975, 0.0, 0.975, 0.99]
cw_psl_eval:  [0, 0, 2202, 476, 0, 506, 596] [0, 0, 361, 70, 0, 55, 229]
psl_acc:  0.189 cw_psl_acc:  [nan, nan, 0.1639418751001358, 0.14705882966518402, nan, 0.10869564861059189, 0.3842281997203827]
train batch instace수가 7안됨 pass
**bs에 맞지않음!!!!!**


line 303 => train data수 3839
line 258 => 인스턴스 수 549
=======test_loader=======
=======dev_loader=======
=======train_labeled_loader=======
=======finish=======
>>Epoch 27 Step 3419 acc_test 0.156600 f1_test 0.092623 acc_val 0.164129 f1_val 0.065029 acc_train 0.981506 f1_train 0.560003 psl_cor 711 psl_totl 3778 pslt_global 0.700000  Tim 0:19:57
acc_train_cw [0.0, 0.0, 0.997, 0.976, 0.0, 0.965, 0.993]
cw_psl_eval:  [0, 0, 2196, 480, 0, 506, 596] [0, 0, 360, 69, 0, 53, 229]
psl_acc:  0.188 cw_psl_acc:  [nan, nan, 0.16393442451953888, 0.14374999701976776, nan, 0.10474308580160141, 0.3842281997203827]
train batch instace수가 7안됨 pass
**bs에 맞지않음!!!!!**


line 303 => train data수 3839
line 258 => 인스턴스 수 549
=======test_loader=======
=======dev_loader=======
=======train_labeled_loader=======
=======finish=======
>>Epoch 28 Step 3968 acc_test 0.156600 f1_test 0.092625 acc_val 0.165821 f1_val 0.065307 acc_train 0.984110 f1_train 0.562263 psl_cor 716 psl_totl 3781 pslt_global 0.700000  Tim 0:21:33
acc_train_cw [0.0, 0.0, 0.998, 0.98, 0.0, 0.973, 0.995]
cw_psl_eval:  [0, 0, 2205, 481, 0, 500, 595] [0, 0, 363, 70, 0, 55, 228]
psl_acc:  0.189 cw_psl_acc:  [nan, nan, 0.1646258533000946, 0.14553014934062958, nan, 0.10999999940395355, 0.3831932842731476]
train batch instace수가 7안됨 pass
**bs에 맞지않음!!!!!**


line 303 => train data수 3839
line 258 => 인스턴스 수 549
=======test_loader=======
=======dev_loader=======
=======train_labeled_loader=======
=======finish=======
>>Epoch 29 Step 4517 acc_test 0.156600 f1_test 0.092625 acc_val 0.164129 f1_val 0.064755 acc_train 0.985413 f1_train 0.563840 psl_cor 716 psl_totl 3781 pslt_global 0.700000  Tim 0:23:10
acc_train_cw [0.0, 0.0, 0.996, 0.984, 0.0, 0.984, 0.997]
cw_psl_eval:  [0, 0, 2205, 484, 0, 496, 596] [0, 0, 363, 72, 0, 53, 228]
psl_acc:  0.189 cw_psl_acc:  [nan, nan, 0.1646258533000946, 0.1487603336572647, nan, 0.10685484111309052, 0.38255032896995544]
train batch instace수가 7안됨 pass
**bs에 맞지않음!!!!!**


line 303 => train data수 3839
line 258 => 인스턴스 수 549
=======test_loader=======
=======dev_loader=======
=======train_labeled_loader=======
=======finish=======
>>Epoch 30 Step 5066 acc_test 0.147651 f1_test 0.085225 acc_val 0.160745 f1_val 0.064928 acc_train 0.968481 f1_train 0.551728 psl_cor 695 psl_totl 3759 pslt_global 0.700000  Tim 0:24:46
acc_train_cw [0.0, 0.0, 0.988, 0.975, 0.0, 0.962, 0.949]
cw_psl_eval:  [0, 0, 2131, 461, 0, 467, 700] [0, 0, 352, 66, 0, 47, 230]
psl_acc:  0.185 cw_psl_acc:  [nan, nan, 0.16518066823482513, 0.14316703379154205, nan, 0.10064239799976349, 0.3285714387893677]
train batch instace수가 7안됨 pass
**bs에 맞지않음!!!!!**


line 303 => train data수 3839
line 258 => 인스턴스 수 549
=======test_loader=======
=======dev_loader=======
=======train_labeled_loader=======
=======finish=======
>>Epoch 31 Step 5615 acc_test 0.152125 f1_test 0.090072 acc_val 0.164129 f1_val 0.065123 acc_train 0.978901 f1_train 0.557595 psl_cor 705 psl_totl 3771 pslt_global 0.700000  Tim 0:26:23
acc_train_cw [0.0, 0.0, 0.998, 0.981, 0.0, 0.951, 0.982]
cw_psl_eval:  [0, 0, 2174, 463, 0, 519, 615] [0, 0, 354, 69, 0, 56, 226]
psl_acc:  0.187 cw_psl_acc:  [nan, nan, 0.16283348202705383, 0.14902807772159576, nan, 0.10789980739355087, 0.36747968196868896]
train batch instace수가 7안됨 pass
**bs에 맞지않음!!!!!**


line 303 => train data수 3839
line 258 => 인스턴스 수 549
=======test_loader=======
=======dev_loader=======
=======train_labeled_loader=======
=======finish=======
>>Epoch 32 Step 6164 acc_test 0.152125 f1_test 0.090394 acc_val 0.165821 f1_val 0.065401 acc_train 0.979161 f1_train 0.559894 psl_cor 702 psl_totl 3768 pslt_global 0.700000  Tim 0:28:00
acc_train_cw [0.0, 0.0, 0.989, 0.981, 0.0, 0.98, 0.99]
cw_psl_eval:  [0, 0, 2219, 473, 0, 500, 576] [0, 0, 362, 68, 0, 52, 220]
psl_acc:  0.186 cw_psl_acc:  [nan, nan, 0.1631365418434143, 0.1437632143497467, nan, 0.10400000214576721, 0.3819444477558136]
train batch instace수가 7안됨 pass
**bs에 맞지않음!!!!!**


line 303 => train data수 3839
line 258 => 인스턴스 수 549
=======test_loader=======
=======dev_loader=======
=======train_labeled_loader=======
=======finish=======
>>Epoch 33 Step 6713 acc_test 0.152125 f1_test 0.090718 acc_val 0.165821 f1_val 0.065214 acc_train 0.977859 f1_train 0.558464 psl_cor 705 psl_totl 3749 pslt_global 0.700000  Tim 0:29:36
acc_train_cw [0.0, 0.0, 0.99, 0.981, 0.0, 0.971, 0.985]
cw_psl_eval:  [0, 0, 2215, 472, 0, 488, 574] [0, 0, 364, 70, 0, 52, 219]
psl_acc:  0.188 cw_psl_acc:  [nan, nan, 0.16433408856391907, 0.14830508828163147, nan, 0.10655737668275833, 0.38153308629989624]
train batch instace수가 7안됨 pass
**bs에 맞지않음!!!!!**


line 303 => train data수 3839
line 258 => 인스턴스 수 549
=======test_loader=======
=======dev_loader=======
=======train_labeled_loader=======
=======finish=======
>>Epoch 34 Step 7262 acc_test 0.152125 f1_test 0.090595 acc_val 0.167513 f1_val 0.067034 acc_train 0.985673 f1_train 0.563459 psl_cor 711 psl_totl 3776 pslt_global 0.700000  Tim 0:31:13
acc_train_cw [0.0, 0.0, 0.999, 0.98, 0.0, 0.984, 0.992]
cw_psl_eval:  [0, 0, 2187, 482, 0, 496, 611] [0, 0, 359, 72, 0, 53, 227]
psl_acc:  0.188 cw_psl_acc:  [nan, nan, 0.16415180265903473, 0.14937759935855865, nan, 0.10685484111309052, 0.37152209877967834]
train batch instace수가 7안됨 pass
**bs에 맞지않음!!!!!**


line 303 => train data수 3839
line 258 => 인스턴스 수 549
=======test_loader=======
=======dev_loader=======
=======train_labeled_loader=======
=======finish=======
>>Epoch 35 Step 7811 acc_test 0.152125 f1_test 0.090552 acc_val 0.165821 f1_val 0.065590 acc_train 0.986715 f1_train 0.564549 psl_cor 710 psl_totl 3781 pslt_global 0.700000  Tim 0:32:50
acc_train_cw [0.0, 0.0, 0.999, 0.982, 0.0, 0.986, 0.997]
cw_psl_eval:  [0, 0, 2189, 480, 0, 503, 609] [0, 0, 359, 71, 0, 53, 227]
psl_acc:  0.188 cw_psl_acc:  [nan, nan, 0.16400182247161865, 0.14791665971279144, nan, 0.10536779463291168, 0.3727422058582306]
train batch instace수가 7안됨 pass
**bs에 맞지않음!!!!!**


line 303 => train data수 3839
line 258 => 인스턴스 수 549
=======test_loader=======
=======dev_loader=======
=======train_labeled_loader=======
=======finish=======
>>Epoch 36 Step 8360 acc_test 0.152125 f1_test 0.090731 acc_val 0.165821 f1_val 0.065590 acc_train 0.985673 f1_train 0.564040 psl_cor 710 psl_totl 3780 pslt_global 0.700000  Tim 0:34:26
acc_train_cw [0.0, 0.0, 0.996, 0.982, 0.0, 0.986, 0.998]
cw_psl_eval:  [0, 0, 2194, 479, 0, 502, 605] [0, 0, 360, 70, 0, 53, 227]
psl_acc:  0.188 cw_psl_acc:  [nan, nan, 0.16408386826515198, 0.1461377888917923, nan, 0.10557769238948822, 0.3752066195011139]
train batch instace수가 7안됨 pass
**bs에 맞지않음!!!!!**


line 303 => train data수 3839
line 258 => 인스턴스 수 549
=======test_loader=======
=======dev_loader=======
=======train_labeled_loader=======
=======finish=======
>>Epoch 37 Step 8909 acc_test 0.147651 f1_test 0.090128 acc_val 0.172589 f1_val 0.073190 acc_train 0.978901 f1_train 0.559336 psl_cor 705 psl_totl 3758 pslt_global 0.700000  Tim 0:36:03
acc_train_cw [0.0, 0.0, 0.995, 0.951, 0.0, 0.98, 0.992]
cw_psl_eval:  [0, 0, 2117, 526, 0, 501, 614] [0, 0, 350, 76, 0, 51, 228]
psl_acc:  0.188 cw_psl_acc:  [nan, nan, 0.16532829403877258, 0.1444866955280304, nan, 0.10179640352725983, 0.371335506439209]
train batch instace수가 7안됨 pass
**bs에 맞지않음!!!!!**


line 303 => train data수 3839
line 258 => 인스턴스 수 549
=======test_loader=======
=======dev_loader=======
=======train_labeled_loader=======
=======finish=======
>>Epoch 38 Step 9458 acc_test 0.172260 f1_test 0.101488 acc_val 0.169205 f1_val 0.068464 acc_train 0.982548 f1_train 0.561476 psl_cor 711 psl_totl 3776 pslt_global 0.700000  Tim 0:37:39
acc_train_cw [0.0, 0.0, 0.997, 0.962, 0.0, 0.983, 0.995]
cw_psl_eval:  [0, 0, 2170, 485, 0, 506, 615] [0, 0, 359, 72, 0, 53, 227]
psl_acc:  0.188 cw_psl_acc:  [nan, nan, 0.16543778777122498, 0.14845360815525055, nan, 0.10474308580160141, 0.3691056966781616]
train batch instace수가 7안됨 pass
**bs에 맞지않음!!!!!**


line 303 => train data수 3839
line 258 => 인스턴스 수 549
=======test_loader=======
=======dev_loader=======
=======train_labeled_loader=======
=======finish=======
>>Epoch 39 Step 10007 acc_test 0.152125 f1_test 0.090708 acc_val 0.165821 f1_val 0.065401 acc_train 0.986976 f1_train 0.564931 psl_cor 710 psl_totl 3779 pslt_global 0.700000  Tim 0:39:15
acc_train_cw [0.0, 0.0, 0.998, 0.984, 0.0, 0.986, 0.998]
cw_psl_eval:  [0, 0, 2182, 477, 0, 503, 617] [0, 0, 359, 71, 0, 53, 227]
psl_acc:  0.188 cw_psl_acc:  [nan, nan, 0.16452795267105103, 0.14884695410728455, nan, 0.10536779463291168, 0.3679092526435852]
train batch instace수가 7안됨 pass
**bs에 맞지않음!!!!!**


line 303 => train data수 3839
line 258 => 인스턴스 수 549
=======test_loader=======
=======dev_loader=======
=======train_labeled_loader=======
=======finish=======
>>Epoch 40 Step 10556 acc_test 0.152125 f1_test 0.090696 acc_val 0.164129 f1_val 0.065029 acc_train 0.985673 f1_train 0.564011 psl_cor 710 psl_totl 3773 pslt_global 0.700000  Tim 0:40:52
acc_train_cw [0.0, 0.0, 0.997, 0.984, 0.0, 0.983, 0.997]
cw_psl_eval:  [0, 0, 2168, 477, 0, 508, 620] [0, 0, 358, 71, 0, 54, 227]
psl_acc:  0.188 cw_psl_acc:  [nan, nan, 0.165129154920578, 0.14884695410728455, nan, 0.10629921406507492, 0.3661290407180786]
train batch instace수가 7안됨 pass
**bs에 맞지않음!!!!!**


line 303 => train data수 3839
line 258 => 인스턴스 수 549
=======test_loader=======
=======dev_loader=======
=======train_labeled_loader=======
=======finish=======
>>Epoch 41 Step 11105 acc_test 0.152125 f1_test 0.090696 acc_val 0.164129 f1_val 0.064935 acc_train 0.982808 f1_train 0.562232 psl_cor 709 psl_totl 3778 pslt_global 0.700000  Tim 0:42:28
acc_train_cw [0.0, 0.0, 0.991, 0.984, 0.0, 0.984, 0.998]
cw_psl_eval:  [0, 0, 2211, 477, 0, 484, 606] [0, 0, 361, 71, 0, 50, 227]
psl_acc:  0.188 cw_psl_acc:  [nan, nan, 0.16327454149723053, 0.14884695410728455, nan, 0.10330578684806824, 0.37458744645118713]
train batch instace수가 7안됨 pass
**bs에 맞지않음!!!!!**


line 303 => train data수 3839
line 258 => 인스턴스 수 549
=======test_loader=======
=======dev_loader=======
=======train_labeled_loader=======
=======finish=======
>>Epoch 42 Step 11654 acc_test 0.154362 f1_test 0.089542 acc_val 0.165821 f1_val 0.065661 acc_train 0.984371 f1_train 0.562837 psl_cor 710 psl_totl 3780 pslt_global 0.700000  Tim 0:44:04
acc_train_cw [0.0, 0.0, 0.997, 0.97, 0.0, 0.987, 0.995]
cw_psl_eval:  [0, 0, 2242, 422, 0, 509, 607] [0, 0, 367, 64, 0, 53, 226]
psl_acc:  0.188 cw_psl_acc:  [nan, nan, 0.1636931300163269, 0.1516587734222412, nan, 0.1041257381439209, 0.3723228871822357]
train batch instace수가 7안됨 pass
**bs에 맞지않음!!!!!**


line 303 => train data수 3839
line 258 => 인스턴스 수 549
=======test_loader=======
=======dev_loader=======
=======train_labeled_loader=======
=======finish=======
>>Epoch 43 Step 12203 acc_test 0.165548 f1_test 0.095304 acc_val 0.159052 f1_val 0.061224 acc_train 0.978640 f1_train 0.556497 psl_cor 704 psl_totl 3772 pslt_global 0.700000  Tim 0:45:41
acc_train_cw [0.0, 0.0, 0.996, 0.954, 0.0, 0.965, 0.99]
cw_psl_eval:  [0, 0, 2243, 384, 0, 533, 612] [0, 0, 366, 55, 0, 55, 228]
psl_acc:  0.187 cw_psl_acc:  [nan, nan, 0.1631743162870407, 0.1432291716337204, nan, 0.10318949073553085, 0.37254902720451355]
train batch instace수가 7안됨 pass
**bs에 맞지않음!!!!!**


line 303 => train data수 3839
line 258 => 인스턴스 수 549
=======test_loader=======
=======dev_loader=======
=======train_labeled_loader=======
=======finish=======
>>Epoch 44 Step 12752 acc_test 0.149888 f1_test 0.086923 acc_val 0.170897 f1_val 0.067604 acc_train 0.980203 f1_train 0.558934 psl_cor 709 psl_totl 3775 pslt_global 0.700000  Tim 0:47:17
acc_train_cw [0.0, 0.0, 0.995, 0.963, 0.0, 0.971, 0.993]
cw_psl_eval:  [0, 0, 2278, 423, 0, 472, 602] [0, 0, 371, 63, 0, 48, 227]
psl_acc:  0.188 cw_psl_acc:  [nan, nan, 0.162862166762352, 0.1489361673593521, nan, 0.10169491171836853, 0.3770764172077179]
Early stopping trigger at step:  12752
Best model at step:  130
**조기종료됨**
**bs에 맞지않음!!!!!**

종료된 epoch시점 :  45 (epoch - 11에서부터 acc_val증가 안됨.)
조기종료 early_stop_flag 

Training complete!
Total training took 0:47:35 (h:mm:ss)
Load model from ./experiment/few_shot/output/10_codet5p-110m-embedding_0.0005_0.7_30_java_extended_data_net0.pth
Save training statistics in:  ./experiment/few_shot/log/20240401-054212/0/training_statistics.csv

Best_step:  130 
best_test_acc:  0.174496644295302 
best_test_f1:  0.1798190009134646
Save best record in:  ./experiment/few_shot/log/20240401-054212/summary.csv
Save best record in:  ./experiment/few_shot/log/summary_avgrun.csv
