current work directory:  /home/imsuhan22/few-shot-tc/custom_ssl/code
Data set -> python_extended_data
save_name: 10_codesage-base_0.0002_0.7_python_extended_data

data_path:  ../data/problem_based_split/python_extended_data

There are 1 GPU(s) available.
We will use the GPU- 0 Quadro RTX 8000

**line 147 모델 =>  codesage/codesage-base
**tokenizer type =  codesage/codesage-base 

pesudo label class개수 기준 -> 6
n_labeled_per_class:  10
train_df samples: 3974
train_labeled_df samples: 70
train_unlabeled_df samples: 3904
n_classes:  7 


net_arch:  codesage/codesage-base 
lr:  0.0002 
lr_linear:  0.001 




line 303 => train data수 70
line 258 => 인스턴스 수 10
Step 0  Tim 0:00:45
acc_train_cw(현재 train의 class별 acc) [0.0, 0.3, 0.2, 0.0, 0.3, 0.2, 0.0]
cw_psl_total_eval(pseudo label 클래스별 총 샘플 수):  [0, 0, 0, 0, 0, 0, 0]
cw_psl_correct_eval(pseudo label 클래스별 맞은 샘플 수):  [0, 0, 0, 0, 0, 0, 0]
psl_acc(PSL 평가에서의 정확도): None 
cw_psl_acc(클래스별 PSL 평가에서의 정확도):  [nan, nan, nan, nan, nan, nan, nan]
***best_acc_model_save --- epoch = 1***
Save model to ./experiment/python_extended_data/output/
**pseudo_label ->  [0.047, 0.368, 0.3598, 0.0159, 0.009, 0.1723, 0.0281] **
max =  0.368 | max_idx =  1
**pseudo_label ->  [0.1266, 0.2388, 0.294, 0.0077, 0.1056, 0.0899, 0.1374] **
max =  0.294 | max_idx =  2
**pseudo_label ->  [0.0026, 0.749, 0.0546, 0.0289, 0.122, 0.0271, 0.0159] **
max =  0.749 | max_idx =  1
**pseudo_label ->  [0.0278, 0.1766, 0.054, 0.0199, 0.4204, 0.2829, 0.0185] **
max =  0.4204 | max_idx =  4
**pseudo_label ->  [0.0121, 0.0499, 0.2013, 0.0366, 0.3406, 0.2619, 0.0976] **
max =  0.3406 | max_idx =  4
Balance pseudo label class ->  [1, 2, 3, 4, 5, 6, 7]  value ->  2
add data ->  14
Epoch 1/50, Train Loss: 5.9894, Valid Loss: 2.0961, Train Acc: 0.1429, Val Acc: 0.0945, Test Acc: 0.3156, Test F1: 0.1873, Total Pseudo-Labels: 0, Correct Pseudo-Labels: 0, Train Data Number: 84



line 303 => train data수 84
line 258 => 인스턴스 수 12
Step 10  Tim 0:05:12
acc_train_cw(현재 train의 class별 acc) [0.0, 0.0, 0.0, 0.0, 1.0, 0.0, 0.0]
cw_psl_total_eval(pseudo label 클래스별 총 샘플 수):  [2, 59, 48, 11, 21, 70, 5]
cw_psl_correct_eval(pseudo label 클래스별 맞은 샘플 수):  [1, 4, 6, 1, 3, 11, 1]
psl_acc(PSL 평가에서의 정확도):  0.125 
cw_psl_acc(클래스별 PSL 평가에서의 정확도):  [0.5, 0.06779661029577255, 0.125, 0.09090909361839294, 0.1428571492433548, 0.15714286267757416, 0.20000000298023224]
***pse_model_save --- epoch = 2***
Save model to ./experiment/python_extended_data/output/
**pseudo_label ->  [0.1452, 0.0478, 0.1339, 0.2971, 0.3598, 0.0113, 0.0049] **
max =  0.3598 | max_idx =  4
**pseudo_label ->  [0.1349, 0.0453, 0.0609, 0.4253, 0.3082, 0.0174, 0.0079] **
max =  0.4253 | max_idx =  3
**pseudo_label ->  [0.1538, 0.042, 0.2039, 0.3113, 0.2692, 0.0135, 0.0063] **
max =  0.3113 | max_idx =  3
**pseudo_label ->  [0.5669, 0.0044, 0.0896, 0.1334, 0.1663, 0.0379, 0.0013] **
max =  0.5669 | max_idx =  0
**pseudo_label ->  [0.1128, 0.0509, 0.0714, 0.4691, 0.2722, 0.015, 0.0086] **
max =  0.4691 | max_idx =  3
Epoch 2/50, Train Loss: 2.4679, Valid Loss: 2.2581, Train Acc: 0.1429, Val Acc: 0.1433, Test Acc: 0.0430, Test F1: 0.0118, Total Pseudo-Labels: 0, Correct Pseudo-Labels: 0, Train Data Number: 84



line 303 => train data수 84
line 258 => 인스턴스 수 12
Step 22  Tim 0:10:53
acc_train_cw(현재 train의 class별 acc) [1.0, 0.0, 0.0, 0.0, 0.0, 0.0, 0.0]
cw_psl_total_eval(pseudo label 클래스별 총 샘플 수):  [0, 0, 0, 0, 0, 0, 0]
cw_psl_correct_eval(pseudo label 클래스별 맞은 샘플 수):  [0, 0, 0, 0, 0, 0, 0]
psl_acc(PSL 평가에서의 정확도): None 
cw_psl_acc(클래스별 PSL 평가에서의 정확도):  [nan, nan, nan, nan, nan, nan, nan]
**pseudo_label ->  [0.2949, 0.0375, 0.1954, 0.0854, 0.1276, 0.2083, 0.0508] **
max =  0.2949 | max_idx =  0
**pseudo_label ->  [0.2541, 0.0473, 0.2088, 0.1075, 0.1354, 0.1949, 0.052] **
max =  0.2541 | max_idx =  0
**pseudo_label ->  [0.2458, 0.0438, 0.1963, 0.0738, 0.1572, 0.2386, 0.0444] **
max =  0.2458 | max_idx =  0
**pseudo_label ->  [0.2952, 0.0405, 0.1656, 0.0916, 0.1064, 0.2511, 0.0496] **
max =  0.2952 | max_idx =  0
**pseudo_label ->  [0.3509, 0.0313, 0.1844, 0.0772, 0.1494, 0.1685, 0.0381] **
max =  0.3509 | max_idx =  0
Epoch 3/50, Train Loss: 2.4042, Valid Loss: 2.1935, Train Acc: 0.1429, Val Acc: 0.0912, Test Acc: 0.0779, Test F1: 0.0206, Total Pseudo-Labels: 0, Correct Pseudo-Labels: 0, Train Data Number: 84



line 303 => train data수 84
line 258 => 인스턴스 수 12
Step 34  Tim 0:16:01
acc_train_cw(현재 train의 class별 acc) [0.0, 0.0, 0.0, 0.0, 1.0, 0.0, 0.0]
cw_psl_total_eval(pseudo label 클래스별 총 샘플 수):  [17, 0, 0, 0, 0, 0, 0]
cw_psl_correct_eval(pseudo label 클래스별 맞은 샘플 수):  [2, 0, 0, 0, 0, 0, 0]
psl_acc(PSL 평가에서의 정확도):  0.118 
cw_psl_acc(클래스별 PSL 평가에서의 정확도):  [0.11764705926179886, nan, nan, nan, nan, nan, nan]
**pseudo_label ->  [0.0692, 0.143, 0.128, 0.0399, 0.2232, 0.2377, 0.159] **
max =  0.2377 | max_idx =  5
**pseudo_label ->  [0.0785, 0.1747, 0.148, 0.0378, 0.195, 0.1918, 0.1741] **
max =  0.195 | max_idx =  4
**pseudo_label ->  [0.0924, 0.1625, 0.1688, 0.0731, 0.1827, 0.2084, 0.1121] **
max =  0.2084 | max_idx =  5
**pseudo_label ->  [0.0538, 0.5403, 0.1468, 0.0341, 0.2016, 0.0083, 0.0151] **
max =  0.5403 | max_idx =  1
**pseudo_label ->  [0.0476, 0.1665, 0.0514, 0.0776, 0.122, 0.2769, 0.258] **
max =  0.2769 | max_idx =  5
Epoch 4/50, Train Loss: 2.1878, Valid Loss: 1.8734, Train Acc: 0.1429, Val Acc: 0.1433, Test Acc: 0.0430, Test F1: 0.0118, Total Pseudo-Labels: 0, Correct Pseudo-Labels: 0, Train Data Number: 84



line 303 => train data수 84
line 258 => 인스턴스 수 12
Step 46  Tim 0:21:08
acc_train_cw(현재 train의 class별 acc) [0.333, 0.0, 0.0, 1.0, 0.0, 0.0, 0.0]
cw_psl_total_eval(pseudo label 클래스별 총 샘플 수):  [0, 3, 0, 0, 0, 13, 0]
cw_psl_correct_eval(pseudo label 클래스별 맞은 샘플 수):  [0, 1, 0, 0, 0, 4, 0]
psl_acc(PSL 평가에서의 정확도):  0.312 
cw_psl_acc(클래스별 PSL 평가에서의 정확도):  [nan, 0.3333333432674408, nan, nan, nan, 0.3076923191547394, nan]
**pseudo_label ->  [0.143, 0.2097, 0.0708, 0.1974, 0.0929, 0.1268, 0.1594] **
max =  0.2097 | max_idx =  1
**pseudo_label ->  [0.1593, 0.1469, 0.0759, 0.2175, 0.0893, 0.0997, 0.2114] **
max =  0.2175 | max_idx =  3
**pseudo_label ->  [0.3494, 0.0157, 0.0372, 0.109, 0.0546, 0.3895, 0.0445] **
max =  0.3895 | max_idx =  5
**pseudo_label ->  [0.0886, 0.1513, 0.0217, 0.3087, 0.0926, 0.158, 0.1791] **
max =  0.3087 | max_idx =  3
**pseudo_label ->  [0.1336, 0.1657, 0.0677, 0.2156, 0.1198, 0.1419, 0.1556] **
max =  0.2156 | max_idx =  3
Epoch 5/50, Train Loss: 2.2494, Valid Loss: 1.7607, Train Acc: 0.1905, Val Acc: 0.3876, Test Acc: 0.1660, Test F1: 0.0519, Total Pseudo-Labels: 0, Correct Pseudo-Labels: 0, Train Data Number: 84



line 303 => train data수 84
line 258 => 인스턴스 수 12
Step 58  Tim 0:26:15
acc_train_cw(현재 train의 class별 acc) [0.0, 0.0, 0.0, 1.0, 0.0, 0.0, 0.0]
cw_psl_total_eval(pseudo label 클래스별 총 샘플 수):  [0, 2, 0, 0, 0, 0, 0]
cw_psl_correct_eval(pseudo label 클래스별 맞은 샘플 수):  [0, 0, 0, 0, 0, 0, 0]
psl_acc(PSL 평가에서의 정확도):  0.0 
cw_psl_acc(클래스별 PSL 평가에서의 정확도):  [nan, 0.0, nan, nan, nan, nan, nan]
**pseudo_label ->  [0.0511, 0.1143, 0.066, 0.3621, 0.0349, 0.1096, 0.2621] **
max =  0.3621 | max_idx =  3
**pseudo_label ->  [0.0693, 0.2213, 0.0934, 0.1755, 0.0703, 0.2177, 0.1524] **
max =  0.2213 | max_idx =  1
**pseudo_label ->  [0.0839, 0.1414, 0.1054, 0.2415, 0.0683, 0.2397, 0.1199] **
max =  0.2415 | max_idx =  3
**pseudo_label ->  [0.1539, 0.0187, 0.0995, 0.1594, 0.0311, 0.4546, 0.0827] **
max =  0.4546 | max_idx =  5
**pseudo_label ->  [0.0801, 0.1781, 0.1582, 0.2332, 0.0482, 0.0969, 0.2053] **
max =  0.2332 | max_idx =  3
Epoch 6/50, Train Loss: 2.1929, Valid Loss: 1.9844, Train Acc: 0.1429, Val Acc: 0.3909, Test Acc: 0.1619, Test F1: 0.0400, Total Pseudo-Labels: 0, Correct Pseudo-Labels: 0, Train Data Number: 84



line 303 => train data수 84
line 258 => 인스턴스 수 12
Step 70  Tim 0:31:21
acc_train_cw(현재 train의 class별 acc) [0.0, 0.0, 0.667, 0.0, 0.0, 0.917, 0.0]
cw_psl_total_eval(pseudo label 클래스별 총 샘플 수):  [0, 7, 0, 0, 0, 0, 0]
cw_psl_correct_eval(pseudo label 클래스별 맞은 샘플 수):  [0, 2, 0, 0, 0, 0, 0]
psl_acc(PSL 평가에서의 정확도):  0.286 
cw_psl_acc(클래스별 PSL 평가에서의 정확도):  [nan, 0.2857142984867096, nan, nan, nan, nan, nan]
**pseudo_label ->  [0.1254, 0.004, 0.1055, 0.0428, 0.0417, 0.6642, 0.0163] **
max =  0.6642 | max_idx =  5
**pseudo_label ->  [0.0872, 0.0407, 0.2806, 0.1133, 0.1587, 0.2139, 0.1054] **
max =  0.2806 | max_idx =  2
**pseudo_label ->  [0.0616, 0.034, 0.2249, 0.0956, 0.1721, 0.293, 0.1189] **
max =  0.293 | max_idx =  5
**pseudo_label ->  [0.0747, 0.0385, 0.2265, 0.0565, 0.0925, 0.3898, 0.1215] **
max =  0.3898 | max_idx =  5
**pseudo_label ->  [0.0456, 0.0397, 0.082, 0.1579, 0.1091, 0.4248, 0.1409] **
max =  0.4248 | max_idx =  5
Epoch 7/50, Train Loss: 1.9596, Valid Loss: 2.7663, Train Acc: 0.2262, Val Acc: 0.1010, Test Acc: 0.3340, Test F1: 0.1181, Total Pseudo-Labels: 0, Correct Pseudo-Labels: 0, Train Data Number: 84



line 303 => train data수 84
line 258 => 인스턴스 수 12
Step 82  Tim 0:36:24
acc_train_cw(현재 train의 class별 acc) [0.583, 1.0, 0.25, 0.0, 0.083, 0.0, 0.0]
cw_psl_total_eval(pseudo label 클래스별 총 샘플 수):  [0, 0, 0, 0, 0, 146, 0]
cw_psl_correct_eval(pseudo label 클래스별 맞은 샘플 수):  [0, 0, 0, 0, 0, 27, 0]
psl_acc(PSL 평가에서의 정확도):  0.185 
cw_psl_acc(클래스별 PSL 평가에서의 정확도):  [nan, nan, nan, nan, nan, 0.18493150174617767, nan]
**pseudo_label ->  [0.2882, 0.2661, 0.2242, 0.0317, 0.0421, 0.0883, 0.0594] **
max =  0.2882 | max_idx =  0
**pseudo_label ->  [0.2069, 0.4693, 0.109, 0.0201, 0.0262, 0.1114, 0.0571] **
max =  0.4693 | max_idx =  1
**pseudo_label ->  [0.2058, 0.4701, 0.0555, 0.0154, 0.0133, 0.1569, 0.083] **
max =  0.4701 | max_idx =  1
**pseudo_label ->  [0.2696, 0.4353, 0.034, 0.0091, 0.0103, 0.1834, 0.0582] **
max =  0.4353 | max_idx =  1
**pseudo_label ->  [0.2974, 0.2561, 0.1557, 0.0556, 0.0487, 0.132, 0.0545] **
max =  0.2974 | max_idx =  0
Epoch 8/50, Train Loss: 2.2038, Valid Loss: 1.9259, Train Acc: 0.2738, Val Acc: 0.0326, Test Acc: 0.3197, Test F1: 0.1734, Total Pseudo-Labels: 0, Correct Pseudo-Labels: 0, Train Data Number: 84



line 303 => train data수 84
line 258 => 인스턴스 수 12
Step 94  Tim 0:41:31
acc_train_cw(현재 train의 class별 acc) [0.25, 0.833, 0.667, 0.5, 0.0, 0.0, 0.0]
cw_psl_total_eval(pseudo label 클래스별 총 샘플 수):  [8, 457, 0, 0, 0, 0, 0]
cw_psl_correct_eval(pseudo label 클래스별 맞은 샘플 수):  [3, 76, 0, 0, 0, 0, 0]
psl_acc(PSL 평가에서의 정확도):  0.17 
cw_psl_acc(클래스별 PSL 평가에서의 정확도):  [0.375, 0.16630196571350098, nan, nan, nan, nan, nan]
**pseudo_label ->  [0.0437, 0.05, 0.4197, 0.3203, 0.1334, 0.0183, 0.0147] **
max =  0.4197 | max_idx =  2
**pseudo_label ->  [0.0621, 0.1695, 0.2581, 0.1755, 0.2035, 0.0621, 0.0692] **
max =  0.2581 | max_idx =  2
**pseudo_label ->  [0.1021, 0.4259, 0.1401, 0.0278, 0.0325, 0.0836, 0.188] **
max =  0.4259 | max_idx =  1
**pseudo_label ->  [0.095, 0.5074, 0.109, 0.0207, 0.0326, 0.087, 0.1483] **
max =  0.5074 | max_idx =  1
**pseudo_label ->  [0.181, 0.0136, 0.347, 0.2129, 0.116, 0.12, 0.0095] **
max =  0.347 | max_idx =  2
Epoch 9/50, Train Loss: 2.1020, Valid Loss: 2.5782, Train Acc: 0.3214, Val Acc: 0.1564, Test Acc: 0.2295, Test F1: 0.1241, Total Pseudo-Labels: 0, Correct Pseudo-Labels: 0, Train Data Number: 84



line 303 => train data수 84
line 258 => 인스턴스 수 12
Step 106  Tim 0:46:35
acc_train_cw(현재 train의 class별 acc) [0.0, 0.0, 0.083, 1.0, 0.0, 0.0, 1.0]
cw_psl_total_eval(pseudo label 클래스별 총 샘플 수):  [1, 150, 0, 0, 0, 0, 0]
cw_psl_correct_eval(pseudo label 클래스별 맞은 샘플 수):  [1, 37, 0, 0, 0, 0, 0]
psl_acc(PSL 평가에서의 정확도):  0.252 
cw_psl_acc(클래스별 PSL 평가에서의 정확도):  [1.0, 0.24666666984558105, nan, nan, nan, nan, nan]
**pseudo_label ->  [0.002, 0.0025, 0.4505, 0.4545, 0.0407, 0.0232, 0.0266] **
max =  0.4545 | max_idx =  3
**pseudo_label ->  [0.0108, 0.0028, 0.2296, 0.191, 0.0222, 0.4975, 0.0461] **
max =  0.4975 | max_idx =  5
**pseudo_label ->  [0.0036, 0.1083, 0.0398, 0.0077, 0.0021, 0.4127, 0.4257] **
max =  0.4257 | max_idx =  6
**pseudo_label ->  [0.0048, 0.0804, 0.0606, 0.0157, 0.0055, 0.3096, 0.5235] **
max =  0.5235 | max_idx =  6
**pseudo_label ->  [0.002, 0.0063, 0.4302, 0.3947, 0.0624, 0.0586, 0.0458] **
max =  0.4302 | max_idx =  2
Epoch 10/50, Train Loss: 2.0252, Valid Loss: 2.2198, Train Acc: 0.2976, Val Acc: 0.2150, Test Acc: 0.0840, Test F1: 0.0637, Total Pseudo-Labels: 0, Correct Pseudo-Labels: 0, Train Data Number: 84



line 303 => train data수 84
line 258 => 인스턴스 수 12
Step 118  Tim 0:51:40
acc_train_cw(현재 train의 class별 acc) [1.0, 0.0, 0.0, 1.0, 0.0, 0.75, 0.0]
cw_psl_total_eval(pseudo label 클래스별 총 샘플 수):  [0, 128, 0, 25, 0, 199, 16]
cw_psl_correct_eval(pseudo label 클래스별 맞은 샘플 수):  [0, 20, 0, 8, 0, 32, 2]
psl_acc(PSL 평가에서의 정확도):  0.168 
cw_psl_acc(클래스별 PSL 평가에서의 정확도):  [nan, 0.15625, nan, 0.3199999928474426, nan, 0.16080401837825775, 0.125]
**pseudo_label ->  [0.2143, 0.0088, 0.0072, 0.4975, 0.2568, 0.0085, 0.0069] **
max =  0.4975 | max_idx =  3
**pseudo_label ->  [0.1838, 0.0193, 0.0157, 0.3483, 0.3916, 0.0223, 0.0191] **
max =  0.3916 | max_idx =  4
**pseudo_label ->  [0.3161, 0.1678, 0.017, 0.1179, 0.3648, 0.0074, 0.0091] **
max =  0.3648 | max_idx =  4
**pseudo_label ->  [0.4438, 0.029, 0.034, 0.1813, 0.2422, 0.0418, 0.0279] **
max =  0.4438 | max_idx =  0
**pseudo_label ->  [0.3087, 0.0161, 0.0119, 0.3514, 0.2682, 0.0227, 0.021] **
max =  0.3514 | max_idx =  3
Epoch 11/50, Train Loss: 1.7992, Valid Loss: 2.1572, Train Acc: 0.3929, Val Acc: 0.2704, Test Acc: 0.1701, Test F1: 0.1064, Total Pseudo-Labels: 0, Correct Pseudo-Labels: 0, Train Data Number: 84



line 303 => train data수 84
line 258 => 인스턴스 수 12
Step 130  Tim 0:56:46
acc_train_cw(현재 train의 class별 acc) [0.0, 0.0, 0.0, 0.75, 0.917, 0.0, 0.917]
cw_psl_total_eval(pseudo label 클래스별 총 샘플 수):  [239, 17, 0, 4, 0, 29, 0]
cw_psl_correct_eval(pseudo label 클래스별 맞은 샘플 수):  [164, 5, 0, 1, 0, 5, 0]
psl_acc(PSL 평가에서의 정확도):  0.606 
cw_psl_acc(클래스별 PSL 평가에서의 정확도):  [0.6861924529075623, 0.29411765933036804, nan, 0.25, nan, 0.17241379618644714, nan]
**pseudo_label ->  [0.0011, 0.0023, 0.0729, 0.5293, 0.384, 0.0005, 0.0098] **
max =  0.5293 | max_idx =  3
**pseudo_label ->  [0.0111, 0.0579, 0.1039, 0.0409, 0.1286, 0.0759, 0.5817] **
max =  0.5817 | max_idx =  6
**pseudo_label ->  [0.0121, 0.0549, 0.0535, 0.0115, 0.0848, 0.1328, 0.6503] **
max =  0.6503 | max_idx =  6
**pseudo_label ->  [0.0055, 0.0608, 0.0074, 0.0029, 0.0207, 0.1482, 0.7546] **
max =  0.7546 | max_idx =  6
**pseudo_label ->  [0.0184, 0.0502, 0.1584, 0.0555, 0.2623, 0.0564, 0.3987] **
max =  0.3987 | max_idx =  6
Epoch 12/50, Train Loss: 1.4672, Valid Loss: 2.5554, Train Acc: 0.3690, Val Acc: 0.1466, Test Acc: 0.0553, Test F1: 0.0515, Total Pseudo-Labels: 0, Correct Pseudo-Labels: 0, Train Data Number: 84



line 303 => train data수 84
line 258 => 인스턴스 수 12
Step 142  Tim 1:01:54
acc_train_cw(현재 train의 class별 acc) [0.667, 0.167, 0.833, 0.417, 0.833, 0.0, 1.0]
cw_psl_total_eval(pseudo label 클래스별 총 샘플 수):  [0, 4, 0, 5, 94, 2, 895]
cw_psl_correct_eval(pseudo label 클래스별 맞은 샘플 수):  [0, 2, 0, 1, 21, 1, 155]
psl_acc(PSL 평가에서의 정확도):  0.18 
cw_psl_acc(클래스별 PSL 평가에서의 정확도):  [nan, 0.5, nan, 0.20000000298023224, 0.22340425848960876, 0.5, 0.1731843501329422]
**pseudo_label ->  [0.0221, 0.0026, 0.2149, 0.4717, 0.2855, 0.0003, 0.0028] **
max =  0.4717 | max_idx =  3
**pseudo_label ->  [0.0543, 0.4903, 0.1104, 0.0081, 0.265, 0.0043, 0.0674] **
max =  0.4903 | max_idx =  1
**pseudo_label ->  [0.0292, 0.19, 0.0132, 0.0015, 0.0133, 0.0561, 0.6966] **
max =  0.6966 | max_idx =  6
**pseudo_label ->  [0.0046, 0.1704, 0.001, 0.0003, 0.0018, 0.0455, 0.7766] **
max =  0.7766 | max_idx =  6
**pseudo_label ->  [0.0362, 0.0169, 0.4683, 0.044, 0.4066, 0.0027, 0.0252] **
max =  0.4683 | max_idx =  2
Epoch 13/50, Train Loss: 1.3014, Valid Loss: 2.5429, Train Acc: 0.5595, Val Acc: 0.2476, Test Acc: 0.1045, Test F1: 0.0815, Total Pseudo-Labels: 0, Correct Pseudo-Labels: 0, Train Data Number: 84



line 303 => train data수 84
line 258 => 인스턴스 수 12
Step 154  Tim 1:07:00
acc_train_cw(현재 train의 class별 acc) [0.917, 0.0, 0.833, 1.0, 0.667, 0.917, 0.75]
cw_psl_total_eval(pseudo label 클래스별 총 샘플 수):  [382, 119, 10, 0, 27, 0, 347]
cw_psl_correct_eval(pseudo label 클래스별 맞은 샘플 수):  [254, 21, 1, 0, 11, 0, 81]
psl_acc(PSL 평가에서의 정확도):  0.416 
cw_psl_acc(클래스별 PSL 평가에서의 정확도):  [0.6649214625358582, 0.1764705926179886, 0.10000000149011612, nan, 0.40740740299224854, nan, 0.23342940211296082]
**pseudo_label ->  [0.0912, 0.0004, 0.7051, 0.1828, 0.0202, 0.0, 0.0002] **
max =  0.7051 | max_idx =  2
**pseudo_label ->  [0.035, 0.0812, 0.0226, 0.0007, 0.0242, 0.463, 0.3733] **
max =  0.463 | max_idx =  5
**pseudo_label ->  [0.0824, 0.1057, 0.0887, 0.0021, 0.0288, 0.1787, 0.5136] **
max =  0.5136 | max_idx =  6
**pseudo_label ->  [0.0022, 0.0655, 0.0013, 0.0001, 0.0026, 0.6419, 0.2865] **
max =  0.6419 | max_idx =  5
**pseudo_label ->  [0.2675, 0.0121, 0.5709, 0.0586, 0.0726, 0.0032, 0.0151] **
max =  0.5709 | max_idx =  2
Balance pseudo label class ->  [1, 2, 3, 4, 5, 6, 7]  value ->  7
add data ->  49
Epoch 14/50, Train Loss: 1.5534, Valid Loss: 2.1144, Train Acc: 0.7262, Val Acc: 0.2182, Test Acc: 0.3094, Test F1: 0.2125, Total Pseudo-Labels: 0, Correct Pseudo-Labels: 0, Train Data Number: 133



line 303 => train data수 133
line 258 => 인스턴스 수 19
Step 166  Tim 1:12:26
acc_train_cw(현재 train의 class별 acc) [0.0, 0.0, 0.526, 1.0, 0.0, 0.737, 0.0]
cw_psl_total_eval(pseudo label 클래스별 총 샘플 수):  [565, 39, 40, 16, 7, 156, 7]
cw_psl_correct_eval(pseudo label 클래스별 맞은 샘플 수):  [330, 2, 10, 7, 3, 70, 3]
psl_acc(PSL 평가에서의 정확도):  0.512 
cw_psl_acc(클래스별 PSL 평가에서의 정확도):  [0.5840708017349243, 0.05128205195069313, 0.25, 0.4375, 0.4285714328289032, 0.44871795177459717, 0.4285714328289032]
***pse_model_save --- epoch = 15***
Save model to ./experiment/python_extended_data/output/
**pseudo_label ->  [0.118, 0.0392, 0.6172, 0.1037, 0.0583, 0.0417, 0.0219] **
max =  0.6172 | max_idx =  2
**pseudo_label ->  [0.1048, 0.1157, 0.2769, 0.0377, 0.0789, 0.3232, 0.0627] **
max =  0.3232 | max_idx =  5
**pseudo_label ->  [0.0793, 0.1382, 0.2224, 0.0111, 0.028, 0.4475, 0.0735] **
max =  0.4475 | max_idx =  5
**pseudo_label ->  [0.142, 0.0831, 0.4116, 0.0862, 0.0789, 0.1601, 0.038] **
max =  0.4116 | max_idx =  2
**pseudo_label ->  [0.1421, 0.0554, 0.5247, 0.0716, 0.0443, 0.1136, 0.0484] **
max =  0.5247 | max_idx =  2
Epoch 15/50, Train Loss: 1.4925, Valid Loss: 2.7629, Train Acc: 0.3233, Val Acc: 0.2573, Test Acc: 0.2910, Test F1: 0.1625, Total Pseudo-Labels: 0, Correct Pseudo-Labels: 0, Train Data Number: 133



line 303 => train data수 133
line 258 => 인스턴스 수 19
Step 185  Tim 1:18:29
acc_train_cw(현재 train의 class별 acc) [0.105, 0.0, 1.0, 0.947, 0.105, 0.947, 1.0]
cw_psl_total_eval(pseudo label 클래스별 총 샘플 수):  [0, 7, 3, 392, 0, 326, 0]
cw_psl_correct_eval(pseudo label 클래스별 맞은 샘플 수):  [0, 1, 2, 97, 0, 105, 0]
psl_acc(PSL 평가에서의 정확도):  0.282 
cw_psl_acc(클래스별 PSL 평가에서의 정확도):  [nan, 0.1428571492433548, 0.6666666865348816, 0.24744898080825806, nan, 0.3220858871936798, nan]
**pseudo_label ->  [0.2274, 0.0128, 0.5561, 0.0622, 0.0852, 0.0295, 0.0268] **
max =  0.5561 | max_idx =  2
**pseudo_label ->  [0.0591, 0.0752, 0.1359, 0.0003, 0.0352, 0.3645, 0.3297] **
max =  0.3645 | max_idx =  5
**pseudo_label ->  [0.0263, 0.1553, 0.0321, 0.0, 0.0048, 0.3788, 0.4027] **
max =  0.4027 | max_idx =  6
**pseudo_label ->  [0.1721, 0.188, 0.4101, 0.003, 0.1948, 0.0148, 0.0172] **
max =  0.4101 | max_idx =  2
**pseudo_label ->  [0.0694, 0.0978, 0.0836, 0.0031, 0.0238, 0.2076, 0.5148] **
max =  0.5148 | max_idx =  6
Balance pseudo label class ->  [1, 2, 3, 4, 5, 6, 7]  value ->  1
add data ->  7
Epoch 16/50, Train Loss: 1.7224, Valid Loss: 2.6935, Train Acc: 0.5865, Val Acc: 0.2704, Test Acc: 0.1824, Test F1: 0.1249, Total Pseudo-Labels: 1, Correct Pseudo-Labels: 0, Train Data Number: 140



line 303 => train data수 140
line 258 => 인스턴스 수 20
Step 204  Tim 1:23:50
acc_train_cw(현재 train의 class별 acc) [0.85, 0.75, 0.05, 1.0, 0.0, 0.0, 0.0]
cw_psl_total_eval(pseudo label 클래스별 총 샘플 수):  [4, 51, 178, 146, 1, 137, 14]
cw_psl_correct_eval(pseudo label 클래스별 맞은 샘플 수):  [4, 11, 27, 56, 0, 54, 3]
psl_acc(PSL 평가에서의 정확도):  0.292 
cw_psl_acc(클래스별 PSL 평가에서의 정확도):  [1.0, 0.21568627655506134, 0.15168538689613342, 0.3835616409778595, 0.0, 0.39416059851646423, 0.2142857164144516]
***pse_model_save --- epoch = 17***
Save model to ./experiment/python_extended_data/output/
**pseudo_label ->  [0.4469, 0.0381, 0.3942, 0.0706, 0.0456, 0.0028, 0.0019] **
max =  0.4469 | max_idx =  0
**pseudo_label ->  [0.5756, 0.0203, 0.2327, 0.0016, 0.0712, 0.0912, 0.0074] **
max =  0.5756 | max_idx =  0
**pseudo_label ->  [0.2135, 0.3531, 0.2638, 0.0031, 0.1118, 0.0346, 0.0201] **
max =  0.3531 | max_idx =  1
**pseudo_label ->  [0.404, 0.0977, 0.3949, 0.0064, 0.0731, 0.0114, 0.0125] **
max =  0.404 | max_idx =  0
**pseudo_label ->  [0.6119, 0.0134, 0.2417, 0.0038, 0.0739, 0.0521, 0.0033] **
max =  0.6119 | max_idx =  0
Epoch 17/50, Train Loss: 1.6220, Valid Loss: 3.0027, Train Acc: 0.3786, Val Acc: 0.1336, Test Acc: 0.1475, Test F1: 0.1001, Total Pseudo-Labels: 0, Correct Pseudo-Labels: 0, Train Data Number: 140



line 303 => train data수 140
line 258 => 인스턴스 수 20
Step 224  Tim 1:29:26
acc_train_cw(현재 train의 class별 acc) [0.25, 0.35, 0.0, 1.0, 1.0, 0.45, 1.0]
cw_psl_total_eval(pseudo label 클래스별 총 샘플 수):  [155, 28, 0, 173, 0, 1, 0]
cw_psl_correct_eval(pseudo label 클래스별 맞은 샘플 수):  [45, 6, 0, 44, 0, 0, 0]
psl_acc(PSL 평가에서의 정확도):  0.266 
cw_psl_acc(클래스별 PSL 평가에서의 정확도):  [0.29032257199287415, 0.2142857164144516, nan, 0.2543352544307709, nan, 0.0, nan]
**pseudo_label ->  [0.1582, 0.02, 0.1222, 0.0566, 0.5859, 0.0494, 0.0078] **
max =  0.5859 | max_idx =  4
**pseudo_label ->  [0.032, 0.1192, 0.0286, 0.0004, 0.1647, 0.1135, 0.5417] **
max =  0.5417 | max_idx =  6
**pseudo_label ->  [0.023, 0.1462, 0.0304, 0.0004, 0.3047, 0.1889, 0.3063] **
max =  0.3063 | max_idx =  6
**pseudo_label ->  [0.1023, 0.1091, 0.0528, 0.0007, 0.6456, 0.073, 0.0164] **
max =  0.6456 | max_idx =  4
**pseudo_label ->  [0.0534, 0.1377, 0.0471, 0.0018, 0.343, 0.2485, 0.1685] **
max =  0.343 | max_idx =  4
Balance pseudo label class ->  [1, 2, 4, 5, 6, 7]  value ->  2
add data ->  12
Epoch 18/50, Train Loss: 0.8439, Valid Loss: 6.3208, Train Acc: 0.5786, Val Acc: 0.1824, Test Acc: 0.0984, Test F1: 0.0985, Total Pseudo-Labels: 0, Correct Pseudo-Labels: 0, Train Data Number: 151



line 303 => train data수 151
line 258 => 인스턴스 수 22
Step 244  Tim 1:34:49
acc_train_cw(현재 train의 class별 acc) [0.818, 0.909, 0.0, 1.0, 0.818, 0.909, 0.952]
cw_psl_total_eval(pseudo label 클래스별 총 샘플 수):  [2, 5, 0, 38, 215, 16, 190]
cw_psl_correct_eval(pseudo label 클래스별 맞은 샘플 수):  [1, 4, 0, 22, 51, 5, 63]
psl_acc(PSL 평가에서의 정확도):  0.313 
cw_psl_acc(클래스별 PSL 평가에서의 정확도):  [0.5, 0.800000011920929, nan, 0.5789473652839661, 0.23720930516719818, 0.3125, 0.33157894015312195]
***pse_model_save --- epoch = 19***
Save model to ./experiment/python_extended_data/output/
**pseudo_label ->  [0.3269, 0.0912, 0.1401, 0.0031, 0.3435, 0.0739, 0.0213] **
max =  0.3435 | max_idx =  4
**pseudo_label ->  [0.0013, 0.0524, 0.0012, 0.0, 0.0368, 0.9006, 0.0077] **
max =  0.9006 | max_idx =  5
**pseudo_label ->  [0.0003, 0.3769, 0.0, 0.0, 0.0028, 0.6168, 0.0032] **
max =  0.6168 | max_idx =  5
**pseudo_label ->  [0.007, 0.0791, 0.0043, 0.0, 0.0492, 0.8417, 0.0187] **
max =  0.8417 | max_idx =  5
**pseudo_label ->  [0.0068, 0.111, 0.0032, 0.0, 0.0869, 0.7873, 0.0049] **
max =  0.7873 | max_idx =  5
Balance pseudo label class ->  [1, 2, 3, 4, 5, 6, 7]  value ->  1
add data ->  7
Epoch 19/50, Train Loss: 0.7971, Valid Loss: 5.0524, Train Acc: 0.7815, Val Acc: 0.1042, Test Acc: 0.2889, Test F1: 0.2118, Total Pseudo-Labels: 0, Correct Pseudo-Labels: 0, Train Data Number: 157



line 303 => train data수 157
line 258 => 인스턴스 수 23
Step 266  Tim 1:40:56
acc_train_cw(현재 train의 class별 acc) [1.0, 0.913, 0.048, 1.0, 0.957, 0.522, 1.0]
cw_psl_total_eval(pseudo label 클래스별 총 샘플 수):  [147, 816, 1, 143, 225, 591, 111]
cw_psl_correct_eval(pseudo label 클래스별 맞은 샘플 수):  [118, 198, 0, 57, 48, 169, 40]
psl_acc(PSL 평가에서의 정확도):  0.31 
cw_psl_acc(클래스별 PSL 평가에서의 정확도):  [0.8027210831642151, 0.24264705181121826, 0.0, 0.3986014127731323, 0.2133333384990692, 0.2859559953212738, 0.36036035418510437]
***pse_model_save --- epoch = 20***
Save model to ./experiment/python_extended_data/output/
**pseudo_label ->  [0.7135, 0.0495, 0.2229, 0.0005, 0.0048, 0.0004, 0.0084] **
max =  0.7135 | max_idx =  0
**pseudo_label ->  [0.0222, 0.0762, 0.0466, 0.0001, 0.5324, 0.3197, 0.0028] **
max =  0.5324 | max_idx =  4
**pseudo_label ->  [0.0128, 0.8589, 0.0093, 0.0, 0.0075, 0.0406, 0.0709] **
max =  0.8589 | max_idx =  1
**pseudo_label ->  [0.1529, 0.5878, 0.1207, 0.0001, 0.1223, 0.0073, 0.009] **
max =  0.5878 | max_idx =  1
**pseudo_label ->  [0.1327, 0.1261, 0.1997, 0.0001, 0.3692, 0.1662, 0.006] **
max =  0.3692 | max_idx =  4
Balance pseudo label class ->  [1, 2, 4, 5, 6, 7]  value ->  41
add data ->  246
Epoch 20/50, Train Loss: 1.0424, Valid Loss: 5.5304, Train Acc: 0.7834, Val Acc: 0.1368, Test Acc: 0.1701, Test F1: 0.1256, Total Pseudo-Labels: 1, Correct Pseudo-Labels: 0, Train Data Number: 385



line 303 => train data수 385
line 258 => 인스턴스 수 55
Step 289  Tim 1:48:28
acc_train_cw(현재 train의 class별 acc) [0.839, 0.635, 0.0, 1.0, 0.738, 0.984, 0.857]
cw_psl_total_eval(pseudo label 클래스별 총 샘플 수):  [750, 579, 0, 41, 269, 45, 397]
cw_psl_correct_eval(pseudo label 클래스별 맞은 샘플 수):  [383, 170, 0, 22, 57, 22, 136]
psl_acc(PSL 평가에서의 정확도):  0.38 
cw_psl_acc(클래스별 PSL 평가에서의 정확도):  [0.5106666684150696, 0.2936096787452698, nan, 0.5365853905677795, 0.2118959128856659, 0.4888888895511627, 0.3425692617893219]
***pse_model_save --- epoch = 21***
Save model to ./experiment/python_extended_data/output/
**pseudo_label ->  [0.2622, 0.0909, 0.0587, 0.0004, 0.2816, 0.2869, 0.0192] **
max =  0.2869 | max_idx =  5
**pseudo_label ->  [0.0001, 0.0078, 0.0004, 0.0, 0.4552, 0.5352, 0.0013] **
max =  0.5352 | max_idx =  5
**pseudo_label ->  [0.0009, 0.0316, 0.001, 0.0, 0.0332, 0.9292, 0.0042] **
max =  0.9292 | max_idx =  5
**pseudo_label ->  [0.0004, 0.0212, 0.0017, 0.0, 0.5466, 0.4262, 0.0039] **
max =  0.5466 | max_idx =  4
**pseudo_label ->  [0.0033, 0.222, 0.0027, 0.0, 0.0426, 0.7196, 0.0098] **
max =  0.7196 | max_idx =  5
Balance pseudo label class ->  [1, 2, 4, 5, 6, 7]  value ->  164
add data ->  984
Epoch 21/50, Train Loss: 0.7395, Valid Loss: 5.1986, Train Acc: 0.7948, Val Acc: 0.1433, Test Acc: 0.3832, Test F1: 0.2600, Total Pseudo-Labels: 0, Correct Pseudo-Labels: 0, Train Data Number: 1248



line 303 => train data수 1248
line 258 => 인스턴스 수 179
Step 344  Tim 1:59:42
acc_train_cw(현재 train의 class별 acc) [0.962, 0.799, 0.0, 0.948, 0.761, 0.885, 0.985]
cw_psl_total_eval(pseudo label 클래스별 총 샘플 수):  [346, 331, 0, 164, 403, 836, 218]
cw_psl_correct_eval(pseudo label 클래스별 맞은 샘플 수):  [255, 132, 0, 64, 87, 202, 101]
psl_acc(PSL 평가에서의 정확도):  0.366 
cw_psl_acc(클래스별 PSL 평가에서의 정확도):  [0.736994206905365, 0.3987915515899658, nan, 0.39024388790130615, 0.21588090062141418, 0.2416267991065979, 0.46330276131629944]
***pse_model_save --- epoch = 22***
Save model to ./experiment/python_extended_data/output/
**pseudo_label ->  [0.1343, 0.3095, 0.0458, 0.0029, 0.1382, 0.3272, 0.0422] **
max =  0.3272 | max_idx =  5
**pseudo_label ->  [0.0, 0.0145, 0.0002, 0.0, 0.0087, 0.9556, 0.0211] **
max =  0.9556 | max_idx =  5
**pseudo_label ->  [0.0, 0.0234, 0.0, 0.0, 0.0026, 0.9692, 0.0048] **
max =  0.9692 | max_idx =  5
**pseudo_label ->  [0.0001, 0.0242, 0.0006, 0.0, 0.1141, 0.8522, 0.0087] **
max =  0.8522 | max_idx =  5
**pseudo_label ->  [0.0009, 0.1174, 0.0016, 0.0, 0.0181, 0.8041, 0.058] **
max =  0.8041 | max_idx =  5
Balance pseudo label class ->  [1, 2, 4, 5, 6, 7]  value ->  154
add data ->  924
Epoch 22/50, Train Loss: 0.5660, Valid Loss: 5.4395, Train Acc: 0.8726, Val Acc: 0.1466, Test Acc: 0.3115, Test F1: 0.2315, Total Pseudo-Labels: 0, Correct Pseudo-Labels: 0, Train Data Number: 1784



line 303 => train data수 1784
line 258 => 인스턴스 수 255
Step 523  Tim 2:13:53
acc_train_cw(현재 train의 class별 acc) [0.968, 0.861, 0.0, 0.989, 0.711, 0.958, 0.984]
cw_psl_total_eval(pseudo label 클래스별 총 샘플 수):  [521, 400, 0, 154, 224, 769, 651]
cw_psl_correct_eval(pseudo label 클래스별 맞은 샘플 수):  [326, 156, 0, 63, 42, 206, 185]
psl_acc(PSL 평가에서의 정확도):  0.36 
cw_psl_acc(클래스별 PSL 평가에서의 정확도):  [0.6257197856903076, 0.38999998569488525, nan, 0.40909090638160706, 0.1875, 0.2678803503513336, 0.2841781973838806]
***pse_model_save --- epoch = 23***
Save model to ./experiment/python_extended_data/output/
**pseudo_label ->  [0.1619, 0.2849, 0.007, 0.0025, 0.013, 0.4996, 0.0312] **
max =  0.4996 | max_idx =  5
**pseudo_label ->  [0.0, 0.0026, 0.0, 0.0, 0.0009, 0.9963, 0.0003] **
max =  0.9963 | max_idx =  5
**pseudo_label ->  [0.0001, 0.0083, 0.0001, 0.0, 0.0021, 0.9893, 0.0001] **
max =  0.9893 | max_idx =  5
**pseudo_label ->  [0.0002, 0.0017, 0.0001, 0.0, 0.0069, 0.9906, 0.0004] **
max =  0.9906 | max_idx =  5
**pseudo_label ->  [0.0058, 0.1017, 0.0026, 0.0, 0.0024, 0.8454, 0.0421] **
max =  0.8454 | max_idx =  5
Balance pseudo label class ->  [1, 2, 4, 5, 6, 7]  value ->  173
add data ->  1038
Epoch 23/50, Train Loss: 0.4021, Valid Loss: 5.3323, Train Acc: 0.8980, Val Acc: 0.1564, Test Acc: 0.3381, Test F1: 0.2502, Total Pseudo-Labels: 1, Correct Pseudo-Labels: 0, Train Data Number: 2238



line 303 => train data수 2238
line 258 => 인스턴스 수 320
Step 778  Tim 2:30:40
acc_train_cw(현재 train의 class별 acc) [0.84, 0.827, 0.0, 1.0, 0.921, 0.528, 0.998]
cw_psl_total_eval(pseudo label 클래스별 총 샘플 수):  [536, 522, 0, 187, 173, 876, 603]
cw_psl_correct_eval(pseudo label 클래스별 맞은 샘플 수):  [323, 199, 0, 73, 26, 233, 177]
psl_acc(PSL 평가에서의 정확도):  0.356 
cw_psl_acc(클래스별 PSL 평가에서의 정확도):  [0.6026119589805603, 0.3812260627746582, nan, 0.3903743326663971, 0.15028901398181915, 0.2659817337989807, 0.2935323417186737]
***pse_model_save --- epoch = 24***
Save model to ./experiment/python_extended_data/output/
**pseudo_label ->  [0.5244, 0.3509, 0.031, 0.0021, 0.0721, 0.0011, 0.0185] **
max =  0.5244 | max_idx =  0
**pseudo_label ->  [0.0002, 0.0614, 0.0003, 0.0, 0.225, 0.6927, 0.0204] **
max =  0.6927 | max_idx =  5
**pseudo_label ->  [0.0002, 0.1741, 0.0003, 0.0, 0.086, 0.7197, 0.0198] **
max =  0.7197 | max_idx =  5
**pseudo_label ->  [0.0011, 0.0507, 0.0016, 0.0004, 0.8078, 0.1213, 0.017] **
max =  0.8078 | max_idx =  4
**pseudo_label ->  [0.0323, 0.2843, 0.0161, 0.0003, 0.3087, 0.1215, 0.2369] **
max =  0.3087 | max_idx =  4
Balance pseudo label class ->  [1, 2, 4, 5, 6, 7]  value ->  149
add data ->  894
Epoch 24/50, Train Loss: 0.3960, Valid Loss: 4.9334, Train Acc: 0.8248, Val Acc: 0.2085, Test Acc: 0.2295, Test F1: 0.2087, Total Pseudo-Labels: 1, Correct Pseudo-Labels: 1, Train Data Number: 2536



line 303 => train data수 2536
line 258 => 인스턴스 수 363
Step 1098  Tim 2:49:13
acc_train_cw(현재 train의 class별 acc) [0.927, 0.837, 0.0, 0.961, 0.944, 0.964, 0.925]
cw_psl_total_eval(pseudo label 클래스별 총 샘플 수):  [446, 464, 0, 266, 557, 149, 1019]
cw_psl_correct_eval(pseudo label 클래스별 맞은 샘플 수):  [299, 177, 0, 99, 137, 61, 236]
psl_acc(PSL 평가에서의 정확도):  0.348 
cw_psl_acc(클래스별 PSL 평가에서의 정확도):  [0.6704035997390747, 0.38146552443504333, nan, 0.3721804618835449, 0.24596050381660461, 0.4093959629535675, 0.2315996140241623]
***pse_model_save --- epoch = 25***
Save model to ./experiment/python_extended_data/output/
**pseudo_label ->  [0.2028, 0.3116, 0.0169, 0.0117, 0.0656, 0.3485, 0.0429] **
max =  0.3485 | max_idx =  5
**pseudo_label ->  [0.0, 0.0026, 0.0001, 0.0, 0.0867, 0.9101, 0.0006] **
max =  0.9101 | max_idx =  5
**pseudo_label ->  [0.0, 0.0009, 0.0, 0.0, 0.0035, 0.9956, 0.0] **
max =  0.9956 | max_idx =  5
**pseudo_label ->  [0.0, 0.003, 0.0001, 0.0, 0.0812, 0.9151, 0.0006] **
max =  0.9151 | max_idx =  5
**pseudo_label ->  [0.0109, 0.0551, 0.0067, 0.0006, 0.1324, 0.7736, 0.0208] **
max =  0.7736 | max_idx =  5
Balance pseudo label class ->  [1, 2, 4, 5, 6, 7]  value ->  266
add data ->  1596
Epoch 25/50, Train Loss: 0.3009, Valid Loss: 5.2728, Train Acc: 0.9176, Val Acc: 0.2020, Test Acc: 0.2746, Test F1: 0.2147, Total Pseudo-Labels: 0, Correct Pseudo-Labels: 0, Train Data Number: 2949



line 303 => train data수 2949
line 258 => 인스턴스 수 422
Step 1461  Tim 3:09:50
acc_train_cw(현재 train의 class별 acc) [0.837, 0.886, 0.0, 0.99, 0.965, 0.866, 0.955]
cw_psl_total_eval(pseudo label 클래스별 총 샘플 수):  [598, 506, 0, 266, 442, 655, 593]
cw_psl_correct_eval(pseudo label 클래스별 맞은 샘플 수):  [343, 175, 0, 102, 94, 184, 171]
psl_acc(PSL 평가에서의 정확도):  0.349 
cw_psl_acc(클래스별 PSL 평가에서의 정확도):  [0.5735785961151123, 0.34584981203079224, nan, 0.3834586441516876, 0.21266968548297882, 0.2809160351753235, 0.2883642613887787]
***pse_model_save --- epoch = 26***
Save model to ./experiment/python_extended_data/output/
**pseudo_label ->  [0.5186, 0.1372, 0.2559, 0.0089, 0.0647, 0.0078, 0.0069] **
max =  0.5186 | max_idx =  0
**pseudo_label ->  [0.0, 0.0005, 0.0001, 0.0, 0.1288, 0.8704, 0.0002] **
max =  0.8704 | max_idx =  5
**pseudo_label ->  [0.0, 0.0021, 0.0, 0.0, 0.0018, 0.9954, 0.0006] **
max =  0.9954 | max_idx =  5
**pseudo_label ->  [0.0, 0.0011, 0.0002, 0.0, 0.7038, 0.2946, 0.0003] **
max =  0.7038 | max_idx =  4
**pseudo_label ->  [0.0, 0.0017, 0.0006, 0.0, 0.8218, 0.1752, 0.0007] **
max =  0.8218 | max_idx =  4
Balance pseudo label class ->  [1, 2, 4, 5, 6, 7]  value ->  371
add data ->  2226
Epoch 26/50, Train Loss: 0.3340, Valid Loss: 5.9157, Train Acc: 0.9054, Val Acc: 0.2508, Test Acc: 0.2746, Test F1: 0.2221, Total Pseudo-Labels: 1, Correct Pseudo-Labels: 1, Train Data Number: 3334



line 303 => train data수 3334
line 258 => 인스턴스 수 477
Step 1883  Tim 3:32:39
acc_train_cw(현재 train의 class별 acc) [0.982, 0.971, 0.0, 0.848, 0.768, 0.979, 0.982]
cw_psl_total_eval(pseudo label 클래스별 총 샘플 수):  [529, 453, 0, 371, 594, 580, 671]
cw_psl_correct_eval(pseudo label 클래스별 맞은 샘플 수):  [314, 163, 0, 116, 145, 175, 188]
psl_acc(PSL 평가에서의 정확도):  0.344 
cw_psl_acc(클래스별 PSL 평가에서의 정확도):  [0.5935727953910828, 0.35982340574264526, nan, 0.31266847252845764, 0.24410773813724518, 0.3017241358757019, 0.28017884492874146]
***pse_model_save --- epoch = 27***
Save model to ./experiment/python_extended_data/output/
**pseudo_label ->  [0.2145, 0.5804, 0.0051, 0.0008, 0.0103, 0.1766, 0.0122] **
max =  0.5804 | max_idx =  1
**pseudo_label ->  [0.0, 0.0047, 0.0, 0.0, 0.0191, 0.975, 0.0011] **
max =  0.975 | max_idx =  5
**pseudo_label ->  [0.0, 0.0012, 0.0, 0.0, 0.0006, 0.9977, 0.0004] **
max =  0.9977 | max_idx =  5
**pseudo_label ->  [0.0, 0.0033, 0.0, 0.0, 0.0168, 0.9798, 0.0002] **
max =  0.9798 | max_idx =  5
**pseudo_label ->  [0.0543, 0.0704, 0.0101, 0.0019, 0.2799, 0.5238, 0.0597] **
max =  0.5238 | max_idx =  5
Balance pseudo label class ->  [1, 2, 4, 5, 6, 7]  value ->  289
add data ->  1734
Epoch 27/50, Train Loss: 0.2691, Valid Loss: 5.1702, Train Acc: 0.9250, Val Acc: 0.1759, Test Acc: 0.2869, Test F1: 0.2308, Total Pseudo-Labels: 1, Correct Pseudo-Labels: 1, Train Data Number: 3492



line 303 => train data수 3492
line 258 => 인스턴스 수 499
Step 2360  Tim 3:56:25
acc_train_cw(현재 train의 class별 acc) [0.995, 0.935, 0.0, 0.749, 0.97, 0.924, 0.979]
cw_psl_total_eval(pseudo label 클래스별 총 샘플 수):  [649, 632, 0, 289, 345, 746, 765]
cw_psl_correct_eval(pseudo label 클래스별 맞은 샘플 수):  [356, 202, 0, 107, 66, 199, 202]
psl_acc(PSL 평가에서의 정확도):  0.33 
cw_psl_acc(클래스별 PSL 평가에서의 정확도):  [0.5485361814498901, 0.3196202516555786, nan, 0.3702422082424164, 0.19130434095859528, 0.2667560279369354, 0.26405230164527893]
***pse_model_save --- epoch = 28***
Save model to ./experiment/python_extended_data/output/
**pseudo_label ->  [0.7971, 0.1603, 0.0357, 0.0018, 0.0013, 0.0017, 0.002] **
max =  0.7971 | max_idx =  0
**pseudo_label ->  [0.0, 0.0027, 0.0003, 0.0, 0.3809, 0.6143, 0.0018] **
max =  0.6143 | max_idx =  5
**pseudo_label ->  [0.0, 0.0022, 0.0, 0.0, 0.0086, 0.9872, 0.002] **
max =  0.9872 | max_idx =  5
**pseudo_label ->  [0.0, 0.0837, 0.0004, 0.0, 0.0264, 0.8781, 0.0113] **
max =  0.8781 | max_idx =  5
**pseudo_label ->  [0.1756, 0.0133, 0.2149, 0.0741, 0.5108, 0.0025, 0.0088] **
max =  0.5108 | max_idx =  4
Balance pseudo label class ->  [1, 2, 4, 5, 6, 7]  value ->  231
add data ->  1386
Epoch 28/50, Train Loss: 0.2090, Valid Loss: 6.4571, Train Acc: 0.9341, Val Acc: 0.1824, Test Acc: 0.2807, Test F1: 0.2239, Total Pseudo-Labels: 1, Correct Pseudo-Labels: 1, Train Data Number: 3587



line 303 => train data수 3587
line 258 => 인스턴스 수 513
Step 2859  Tim 4:21:15
acc_train_cw(현재 train의 class별 acc) [0.991, 0.861, 0.0, 0.845, 0.978, 0.987, 0.984]
cw_psl_total_eval(pseudo label 클래스별 총 샘플 수):  [757, 604, 0, 231, 498, 596, 740]
cw_psl_correct_eval(pseudo label 클래스별 맞은 샘플 수):  [396, 193, 0, 93, 109, 180, 205]
psl_acc(PSL 평가에서의 정확도):  0.343 
cw_psl_acc(클래스별 PSL 평가에서의 정확도):  [0.5231175422668457, 0.319536417722702, nan, 0.4025973975658417, 0.21887549757957458, 0.30201342701911926, 0.27702704071998596]
***pse_model_save --- epoch = 29***
Save model to ./experiment/python_extended_data/output/
**pseudo_label ->  [0.9797, 0.0065, 0.0104, 0.0031, 0.0002, 0.0, 0.0] **
max =  0.9797 | max_idx =  0
**pseudo_label ->  [0.0, 0.0002, 0.0, 0.0, 0.0046, 0.995, 0.0002] **
max =  0.995 | max_idx =  5
**pseudo_label ->  [0.0, 0.0, 0.0, 0.0, 0.0001, 0.9999, 0.0] **
max =  0.9999 | max_idx =  5
**pseudo_label ->  [0.0, 0.0013, 0.0, 0.0, 0.0017, 0.9966, 0.0004] **
max =  0.9966 | max_idx =  5
**pseudo_label ->  [0.0076, 0.0068, 0.0114, 0.0029, 0.9366, 0.032, 0.0027] **
max =  0.9366 | max_idx =  4
Balance pseudo label class ->  [1, 2, 4, 5, 6, 7]  value ->  255
add data ->  1530
Epoch 29/50, Train Loss: 0.2082, Valid Loss: 5.7809, Train Acc: 0.9468, Val Acc: 0.1726, Test Acc: 0.2725, Test F1: 0.2094, Total Pseudo-Labels: 1, Correct Pseudo-Labels: 1, Train Data Number: 3677



line 303 => train data수 3677
line 258 => 인스턴스 수 526
Step 3372  Tim 4:46:03
acc_train_cw(현재 train의 class별 acc) [0.945, 0.974, 0.0, 0.988, 0.991, 0.838, 0.995]
cw_psl_total_eval(pseudo label 클래스별 총 샘플 수):  [737, 462, 0, 255, 542, 767, 771]
cw_psl_correct_eval(pseudo label 클래스별 맞은 샘플 수):  [384, 183, 0, 95, 123, 206, 204]
psl_acc(PSL 평가에서의 정확도):  0.338 
cw_psl_acc(클래스별 PSL 평가에서의 정확도):  [0.5210312008857727, 0.3961038887500763, nan, 0.37254902720451355, 0.22693726420402527, 0.2685788869857788, 0.26459142565727234]
***pse_model_save --- epoch = 30***
Save model to ./experiment/python_extended_data/output/
**pseudo_label ->  [0.9745, 0.0018, 0.0004, 0.0231, 0.0002, 0.0, 0.0] **
max =  0.9745 | max_idx =  0
**pseudo_label ->  [0.0, 0.0016, 0.0003, 0.0, 0.6424, 0.349, 0.0068] **
max =  0.6424 | max_idx =  4
**pseudo_label ->  [0.0, 0.0014, 0.0, 0.0, 0.0158, 0.9781, 0.0047] **
max =  0.9781 | max_idx =  5
**pseudo_label ->  [0.0, 0.0042, 0.0, 0.0, 0.107, 0.886, 0.0027] **
max =  0.886 | max_idx =  5
**pseudo_label ->  [0.0001, 0.0, 0.0006, 0.0914, 0.9079, 0.0, 0.0] **
max =  0.9079 | max_idx =  4
Balance pseudo label class ->  [1, 2, 4, 5, 6, 7]  value ->  344
add data ->  2064
Epoch 30/50, Train Loss: 0.2324, Valid Loss: 7.9505, Train Acc: 0.9472, Val Acc: 0.2085, Test Acc: 0.2377, Test F1: 0.2002, Total Pseudo-Labels: 1, Correct Pseudo-Labels: 1, Train Data Number: 3752



line 303 => train data수 3752
line 258 => 인스턴스 수 536
Step 3898  Tim 5:08:36
acc_train_cw(현재 train의 class별 acc) [0.766, 0.979, 0.0, 0.55, 0.977, 0.971, 0.974]
cw_psl_total_eval(pseudo label 클래스별 총 샘플 수):  [638, 613, 0, 344, 621, 539, 812]
cw_psl_correct_eval(pseudo label 클래스별 맞은 샘플 수):  [352, 199, 0, 113, 143, 159, 210]
psl_acc(PSL 평가에서의 정확도):  0.33 
cw_psl_acc(클래스별 PSL 평가에서의 정확도):  [0.5517241358757019, 0.3246329426765442, nan, 0.32848837971687317, 0.2302737534046173, 0.2949907183647156, 0.2586206793785095]
***pse_model_save --- epoch = 31***
Save model to ./experiment/python_extended_data/output/
**pseudo_label ->  [0.4177, 0.0873, 0.0015, 0.3884, 0.105, 0.0, 0.0001] **
max =  0.4177 | max_idx =  0
**pseudo_label ->  [0.0, 0.0003, 0.0, 0.0, 0.027, 0.9726, 0.0001] **
max =  0.9726 | max_idx =  5
**pseudo_label ->  [0.0, 0.0007, 0.0, 0.0, 0.0023, 0.9967, 0.0003] **
max =  0.9967 | max_idx =  5
**pseudo_label ->  [0.0, 0.0069, 0.0, 0.0, 0.1321, 0.8581, 0.0029] **
max =  0.8581 | max_idx =  5
**pseudo_label ->  [0.0001, 0.0013, 0.0, 0.0007, 0.9975, 0.0003, 0.0] **
max =  0.9975 | max_idx =  4
Balance pseudo label class ->  [1, 2, 4, 5, 6, 7]  value ->  160
add data ->  960
Epoch 31/50, Train Loss: 0.4980, Valid Loss: 5.8580, Train Acc: 0.8937, Val Acc: 0.1661, Test Acc: 0.3012, Test F1: 0.2272, Total Pseudo-Labels: 1, Correct Pseudo-Labels: 1, Train Data Number: 3779



line 303 => train data수 3779
line 258 => 인스턴스 수 540
Step 4434  Tim 5:22:13
acc_train_cw(현재 train의 class별 acc) [0.736, 0.457, 0.0, 0.042, 0.016, 0.348, 0.988]
cw_psl_total_eval(pseudo label 클래스별 총 샘플 수):  [436, 672, 0, 160, 715, 701, 776]
cw_psl_correct_eval(pseudo label 클래스별 맞은 샘플 수):  [278, 209, 0, 51, 155, 196, 205]
psl_acc(PSL 평가에서의 정확도):  0.316 
cw_psl_acc(클래스별 PSL 평가에서의 정확도):  [0.6376146674156189, 0.3110119104385376, nan, 0.3187499940395355, 0.21678321063518524, 0.2796005606651306, 0.26417526602745056]
***pse_model_save --- epoch = 32***
Save model to ./experiment/python_extended_data/output/
**pseudo_label ->  [0.1182, 0.0017, 0.007, 0.0049, 0.0059, 0.0071, 0.8551] **
max =  0.8551 | max_idx =  6
**pseudo_label ->  [0.009, 0.0083, 0.0173, 0.0036, 0.0441, 0.1602, 0.7577] **
max =  0.7577 | max_idx =  6
**pseudo_label ->  [0.0169, 0.0198, 0.0146, 0.0032, 0.0439, 0.2639, 0.6377] **
max =  0.6377 | max_idx =  6
**pseudo_label ->  [0.0066, 0.0057, 0.0089, 0.0009, 0.0228, 0.2525, 0.7025] **
max =  0.7025 | max_idx =  6
**pseudo_label ->  [0.0108, 0.0031, 0.0074, 0.0022, 0.029, 0.0681, 0.8794] **
max =  0.8794 | max_idx =  6
Epoch 32/50, Train Loss: 1.0076, Valid Loss: 2.8815, Train Acc: 0.4774, Val Acc: 0.1531, Test Acc: 0.1414, Test F1: 0.1142, Total Pseudo-Labels: 1, Correct Pseudo-Labels: 1, Train Data Number: 3779



line 303 => train data수 3779
line 258 => 인스턴스 수 540
Step 4974  Tim 5:35:44
acc_train_cw(현재 train의 class별 acc) [0.585, 0.565, 0.0, 0.785, 0.763, 0.35, 0.784]
cw_psl_total_eval(pseudo label 클래스별 총 샘플 수):  [644, 140, 0, 0, 0, 172, 1788]
cw_psl_correct_eval(pseudo label 클래스별 맞은 샘플 수):  [352, 94, 0, 0, 0, 44, 303]
psl_acc(PSL 평가에서의 정확도):  0.289 
cw_psl_acc(클래스별 PSL 평가에서의 정확도):  [0.5465838313102722, 0.6714285612106323, nan, nan, nan, 0.25581395626068115, 0.16946308314800262]
**pseudo_label ->  [0.2665, 0.1394, 0.0079, 0.393, 0.1467, 0.0186, 0.028] **
max =  0.393 | max_idx =  3
**pseudo_label ->  [0.0029, 0.0239, 0.002, 0.0272, 0.5724, 0.3532, 0.0183] **
max =  0.5724 | max_idx =  4
**pseudo_label ->  [0.0098, 0.0341, 0.003, 0.0894, 0.6617, 0.1722, 0.0299] **
max =  0.6617 | max_idx =  4
**pseudo_label ->  [0.0014, 0.013, 0.0007, 0.0347, 0.5542, 0.3901, 0.0059] **
max =  0.5542 | max_idx =  4
**pseudo_label ->  [0.005, 0.0173, 0.0019, 0.15, 0.6708, 0.1503, 0.0047] **
max =  0.6708 | max_idx =  4
Balance pseudo label class ->  [1, 2, 4, 5, 6, 7]  value ->  28
add data ->  168
Epoch 33/50, Train Loss: 0.7609, Valid Loss: 4.8952, Train Acc: 0.6253, Val Acc: 0.2932, Test Acc: 0.2500, Test F1: 0.1961, Total Pseudo-Labels: 0, Correct Pseudo-Labels: 0, Train Data Number: 3781



line 303 => train data수 3781
line 258 => 인스턴스 수 541
Step 5514  Tim 5:48:37
acc_train_cw(현재 train의 class별 acc) [0.863, 0.461, 0.0, 0.499, 0.647, 0.945, 0.951]
cw_psl_total_eval(pseudo label 클래스별 총 샘플 수):  [202, 28, 0, 200, 241, 34, 366]
cw_psl_correct_eval(pseudo label 클래스별 맞은 샘플 수):  [164, 25, 0, 72, 59, 17, 126]
psl_acc(PSL 평가에서의 정확도):  0.432 
cw_psl_acc(클래스별 PSL 평가에서의 정확도):  [0.8118811845779419, 0.8928571343421936, nan, 0.36000001430511475, 0.24481327831745148, 0.5, 0.3442623019218445]
***pse_model_save --- epoch = 34***
Save model to ./experiment/python_extended_data/output/
**pseudo_label ->  [0.5892, 0.0242, 0.0099, 0.1566, 0.1667, 0.0236, 0.0298] **
max =  0.5892 | max_idx =  0
**pseudo_label ->  [0.0, 0.0001, 0.0001, 0.0001, 0.1157, 0.8799, 0.004] **
max =  0.8799 | max_idx =  5
**pseudo_label ->  [0.0, 0.0, 0.0001, 0.0001, 0.1246, 0.8735, 0.0017] **
max =  0.8735 | max_idx =  5
**pseudo_label ->  [0.0, 0.0, 0.0, 0.0, 0.0044, 0.9956, 0.0] **
max =  0.9956 | max_idx =  5
**pseudo_label ->  [0.0, 0.0001, 0.0001, 0.0003, 0.2831, 0.7162, 0.0001] **
max =  0.7162 | max_idx =  5
Balance pseudo label class ->  [1, 2, 4, 5, 6, 7]  value ->  92
add data ->  552
Epoch 34/50, Train Loss: 0.5819, Valid Loss: 5.3149, Train Acc: 0.7543, Val Acc: 0.1922, Test Acc: 0.2766, Test F1: 0.2109, Total Pseudo-Labels: 1, Correct Pseudo-Labels: 1, Train Data Number: 3791



line 303 => train data수 3791
line 258 => 인스턴스 수 542
Step 6055  Tim 6:02:15
acc_train_cw(현재 train의 class별 acc) [0.826, 0.742, 0.0, 0.758, 0.741, 0.911, 0.988]
cw_psl_total_eval(pseudo label 클래스별 총 샘플 수):  [513, 141, 0, 92, 262, 829, 751]
cw_psl_correct_eval(pseudo label 클래스별 맞은 샘플 수):  [321, 86, 0, 45, 37, 211, 212]
psl_acc(PSL 평가에서의 정확도):  0.352 
cw_psl_acc(클래스별 PSL 평가에서의 정확도):  [0.6257309913635254, 0.609929084777832, nan, 0.489130437374115, 0.14122137427330017, 0.25452351570129395, 0.2822902798652649]
***pse_model_save --- epoch = 35***
Save model to ./experiment/python_extended_data/output/
**pseudo_label ->  [0.3917, 0.0336, 0.0112, 0.517, 0.0423, 0.0009, 0.0032] **
max =  0.517 | max_idx =  3
**pseudo_label ->  [0.0, 0.0, 0.0, 0.0, 0.0607, 0.9377, 0.0015] **
max =  0.9377 | max_idx =  5
**pseudo_label ->  [0.0, 0.0, 0.0, 0.0, 0.0499, 0.9466, 0.0035] **
max =  0.9466 | max_idx =  5
**pseudo_label ->  [0.0, 0.0, 0.0, 0.0, 0.0082, 0.9915, 0.0003] **
max =  0.9915 | max_idx =  5
**pseudo_label ->  [0.0, 0.0002, 0.0005, 0.0045, 0.8959, 0.0988, 0.0] **
max =  0.8959 | max_idx =  4
Balance pseudo label class ->  [1, 2, 4, 5, 6, 7]  value ->  143
add data ->  858
Epoch 35/50, Train Loss: 0.4611, Valid Loss: 4.2418, Train Acc: 0.8388, Val Acc: 0.2248, Test Acc: 0.2643, Test F1: 0.2126, Total Pseudo-Labels: 1, Correct Pseudo-Labels: 1, Train Data Number: 3806



line 303 => train data수 3806
line 258 => 인스턴스 수 544
Step 6597  Tim 6:15:56
acc_train_cw(현재 train의 class별 acc) [0.868, 0.877, 0.0, 0.711, 0.81, 0.788, 0.945]
cw_psl_total_eval(pseudo label 클래스별 총 샘플 수):  [418, 143, 0, 208, 358, 679, 847]
cw_psl_correct_eval(pseudo label 클래스별 맞은 샘플 수):  [294, 82, 0, 91, 69, 194, 219]
psl_acc(PSL 평가에서의 정확도):  0.358 
cw_psl_acc(클래스별 PSL 평가에서의 정확도):  [0.7033492922782898, 0.5734265446662903, nan, 0.4375, 0.1927374303340912, 0.2857142984867096, 0.25855961441993713]
***pse_model_save --- epoch = 36***
Save model to ./experiment/python_extended_data/output/
**pseudo_label ->  [0.6034, 0.1317, 0.0065, 0.1483, 0.0665, 0.0066, 0.037] **
max =  0.6034 | max_idx =  0
**pseudo_label ->  [0.0002, 0.0091, 0.0001, 0.0002, 0.0832, 0.884, 0.0233] **
max =  0.884 | max_idx =  5
**pseudo_label ->  [0.0002, 0.0046, 0.0001, 0.0003, 0.1762, 0.8108, 0.0077] **
max =  0.8108 | max_idx =  5
**pseudo_label ->  [0.0, 0.001, 0.0, 0.0, 0.0096, 0.9881, 0.0012] **
max =  0.9881 | max_idx =  5
**pseudo_label ->  [0.0161, 0.0146, 0.0026, 0.2375, 0.7161, 0.0125, 0.0005] **
max =  0.7161 | max_idx =  4
Balance pseudo label class ->  [1, 2, 4, 5, 6, 7]  value ->  154
add data ->  924
Epoch 36/50, Train Loss: 0.4739, Valid Loss: 6.1945, Train Acc: 0.8434, Val Acc: 0.2280, Test Acc: 0.2787, Test F1: 0.2182, Total Pseudo-Labels: 1, Correct Pseudo-Labels: 1, Train Data Number: 3816



line 303 => train data수 3816
line 258 => 인스턴스 수 546
Step 7141  Tim 6:29:36
acc_train_cw(현재 train의 class별 acc) [0.911, 0.938, 0.0, 0.631, 0.634, 0.86, 0.989]
cw_psl_total_eval(pseudo label 클래스별 총 샘플 수):  [490, 386, 0, 154, 344, 459, 725]
cw_psl_correct_eval(pseudo label 클래스별 맞은 샘플 수):  [318, 137, 0, 66, 75, 161, 200]
psl_acc(PSL 평가에서의 정확도):  0.374 
cw_psl_acc(클래스별 PSL 평가에서의 정확도):  [0.6489796042442322, 0.3549222946166992, nan, 0.4285714328289032, 0.21802325546741486, 0.3507625162601471, 0.27586206793785095]
***pse_model_save --- epoch = 37***
Save model to ./experiment/python_extended_data/output/
**pseudo_label ->  [0.7559, 0.182, 0.0075, 0.0454, 0.0032, 0.0004, 0.0056] **
max =  0.7559 | max_idx =  0
**pseudo_label ->  [0.0, 0.0007, 0.0, 0.0, 0.0105, 0.9855, 0.0033] **
max =  0.9855 | max_idx =  5
**pseudo_label ->  [0.0, 0.032, 0.0, 0.0, 0.011, 0.9525, 0.0046] **
max =  0.9525 | max_idx =  5
**pseudo_label ->  [0.0, 0.006, 0.0, 0.0, 0.0141, 0.9791, 0.0007] **
max =  0.9791 | max_idx =  5
**pseudo_label ->  [0.1022, 0.2923, 0.0216, 0.0931, 0.4204, 0.0453, 0.025] **
max =  0.4204 | max_idx =  4
Balance pseudo label class ->  [1, 2, 4, 5, 6, 7]  value ->  146
add data ->  876
Epoch 37/50, Train Loss: 0.3732, Valid Loss: 5.3796, Train Acc: 0.8485, Val Acc: 0.1629, Test Acc: 0.2766, Test F1: 0.2127, Total Pseudo-Labels: 1, Correct Pseudo-Labels: 1, Train Data Number: 3825



line 303 => train data수 3825
line 258 => 인스턴스 수 547
Step 7687  Tim 6:43:23
acc_train_cw(현재 train의 class별 acc) [0.908, 0.905, 0.0, 0.784, 0.948, 0.904, 0.981]
cw_psl_total_eval(pseudo label 클래스별 총 샘플 수):  [617, 641, 0, 146, 242, 593, 830]
cw_psl_correct_eval(pseudo label 클래스별 맞은 샘플 수):  [365, 196, 0, 67, 41, 176, 218]
psl_acc(PSL 평가에서의 정확도):  0.346 
cw_psl_acc(클래스별 PSL 평가에서의 정확도):  [0.591572105884552, 0.30577224493026733, nan, 0.45890411734580994, 0.1694214940071106, 0.29679596424102783, 0.26265060901641846]
***pse_model_save --- epoch = 38***
Save model to ./experiment/python_extended_data/output/
**pseudo_label ->  [0.9157, 0.0193, 0.0107, 0.0507, 0.0024, 0.0001, 0.0011] **
max =  0.9157 | max_idx =  0
**pseudo_label ->  [0.0, 0.0001, 0.0001, 0.0, 0.159, 0.8394, 0.0014] **
max =  0.8394 | max_idx =  5
**pseudo_label ->  [0.0, 0.0021, 0.0, 0.0, 0.0288, 0.9681, 0.001] **
max =  0.9681 | max_idx =  5
**pseudo_label ->  [0.0, 0.0002, 0.0, 0.0, 0.0262, 0.9736, 0.0] **
max =  0.9736 | max_idx =  5
**pseudo_label ->  [0.0014, 0.0001, 0.0071, 0.067, 0.922, 0.0023, 0.0] **
max =  0.922 | max_idx =  4
Balance pseudo label class ->  [1, 2, 4, 5, 6, 7]  value ->  196
add data ->  1176
Epoch 38/50, Train Loss: 0.2827, Valid Loss: 5.9732, Train Acc: 0.9153, Val Acc: 0.1792, Test Acc: 0.2869, Test F1: 0.2252, Total Pseudo-Labels: 1, Correct Pseudo-Labels: 1, Train Data Number: 3840



line 303 => train data수 3840
line 258 => 인스턴스 수 549
Step 8234  Tim 6:57:14
acc_train_cw(현재 train의 class별 acc) [0.906, 0.966, 0.0, 0.919, 0.933, 0.926, 0.908]
cw_psl_total_eval(pseudo label 클래스별 총 샘플 수):  [571, 532, 0, 196, 582, 630, 806]
cw_psl_correct_eval(pseudo label 클래스별 맞은 샘플 수):  [334, 181, 0, 70, 120, 189, 214]
psl_acc(PSL 평가에서의 정확도):  0.334 
cw_psl_acc(클래스별 PSL 평가에서의 정확도):  [0.5849387049674988, 0.34022557735443115, nan, 0.3571428656578064, 0.20618556439876556, 0.30000001192092896, 0.2655086815357208]
***pse_model_save --- epoch = 39***
Save model to ./experiment/python_extended_data/output/
**pseudo_label ->  [0.5916, 0.3618, 0.0071, 0.038, 0.0011, 0.0001, 0.0002] **
max =  0.5916 | max_idx =  0
**pseudo_label ->  [0.0, 0.0, 0.0, 0.0, 0.0089, 0.9911, 0.0] **
max =  0.9911 | max_idx =  5
**pseudo_label ->  [0.0, 0.0013, 0.0, 0.0, 0.0035, 0.9948, 0.0005] **
max =  0.9948 | max_idx =  5
**pseudo_label ->  [0.0, 0.0002, 0.0, 0.0, 0.015, 0.9847, 0.0] **
max =  0.9847 | max_idx =  5
**pseudo_label ->  [0.0, 0.0001, 0.0004, 0.0021, 0.9895, 0.0079, 0.0] **
max =  0.9895 | max_idx =  4
Balance pseudo label class ->  [1, 2, 4, 5, 6, 7]  value ->  290
add data ->  1740
Epoch 39/50, Train Loss: 0.2284, Valid Loss: 7.3024, Train Acc: 0.9237, Val Acc: 0.2085, Test Acc: 0.3238, Test F1: 0.2334, Total Pseudo-Labels: 0, Correct Pseudo-Labels: 0, Train Data Number: 3851



line 303 => train data수 3851
line 258 => 인스턴스 수 551
Step 8783  Tim 7:11:08
acc_train_cw(현재 train의 class별 acc) [0.9, 0.97, 0.0, 0.906, 0.943, 0.981, 0.947]
cw_psl_total_eval(pseudo label 클래스별 총 샘플 수):  [614, 662, 0, 290, 533, 656, 693]
cw_psl_correct_eval(pseudo label 클래스별 맞은 샘플 수):  [343, 211, 0, 95, 110, 187, 191]
psl_acc(PSL 평가에서의 정확도):  0.33 
cw_psl_acc(클래스별 PSL 평가에서의 정확도):  [0.5586318969726562, 0.3187311291694641, nan, 0.32758620381355286, 0.2063789814710617, 0.28506097197532654, 0.27561327815055847]
***pse_model_save --- epoch = 40***
Save model to ./experiment/python_extended_data/output/
**pseudo_label ->  [0.7634, 0.0354, 0.0158, 0.1778, 0.007, 0.0001, 0.0005] **
max =  0.7634 | max_idx =  0
**pseudo_label ->  [0.0, 0.0, 0.0, 0.0, 0.0006, 0.9994, 0.0] **
max =  0.9994 | max_idx =  5
**pseudo_label ->  [0.0, 0.0001, 0.0, 0.0, 0.0, 0.9992, 0.0007] **
max =  0.9992 | max_idx =  5
**pseudo_label ->  [0.0, 0.0001, 0.0, 0.0, 0.0008, 0.9991, 0.0001] **
max =  0.9991 | max_idx =  5
**pseudo_label ->  [0.0, 0.0, 0.0, 0.0017, 0.9974, 0.0009, 0.0] **
max =  0.9974 | max_idx =  4
Balance pseudo label class ->  [1, 2, 4, 5, 6, 7]  value ->  278
add data ->  1668
Epoch 40/50, Train Loss: 0.2550, Valid Loss: 6.4037, Train Acc: 0.9424, Val Acc: 0.1792, Test Acc: 0.3402, Test F1: 0.2378, Total Pseudo-Labels: 1, Correct Pseudo-Labels: 1, Train Data Number: 3868



line 303 => train data수 3868
line 258 => 인스턴스 수 553
Step 9334  Tim 7:25:04
acc_train_cw(현재 train의 class별 acc) [0.966, 0.878, 0.0, 0.945, 0.702, 0.814, 0.957]
cw_psl_total_eval(pseudo label 클래스별 총 샘플 수):  [600, 671, 0, 278, 570, 729, 730]
cw_psl_correct_eval(pseudo label 클래스별 맞은 샘플 수):  [345, 213, 0, 84, 116, 203, 192]
psl_acc(PSL 평가에서의 정확도):  0.322 
cw_psl_acc(클래스별 PSL 평가에서의 정확도):  [0.574999988079071, 0.31743666529655457, nan, 0.30215826630592346, 0.20350876450538635, 0.2784636616706848, 0.26301369071006775]
***pse_model_save --- epoch = 41***
Save model to ./experiment/python_extended_data/output/
**pseudo_label ->  [0.9483, 0.008, 0.0041, 0.0391, 0.0002, 0.0, 0.0003] **
max =  0.9483 | max_idx =  0
**pseudo_label ->  [0.0, 0.0, 0.0, 0.0, 0.0001, 0.9954, 0.0045] **
max =  0.9954 | max_idx =  5
**pseudo_label ->  [0.0, 0.0002, 0.0, 0.0, 0.0001, 0.896, 0.1037] **
max =  0.896 | max_idx =  5
**pseudo_label ->  [0.0, 0.0027, 0.0, 0.0, 0.0083, 0.9851, 0.0039] **
max =  0.9851 | max_idx =  5
**pseudo_label ->  [0.0893, 0.0002, 0.0099, 0.6449, 0.2541, 0.0007, 0.0009] **
max =  0.6449 | max_idx =  3
Balance pseudo label class ->  [1, 2, 4, 5, 6, 7]  value ->  356
add data ->  2136
Epoch 41/50, Train Loss: 0.2769, Valid Loss: 6.0849, Train Acc: 0.8713, Val Acc: 0.2280, Test Acc: 0.2357, Test F1: 0.1880, Total Pseudo-Labels: 1, Correct Pseudo-Labels: 1, Train Data Number: 3882



line 303 => train data수 3882
line 258 => 인스턴스 수 555
Step 9887  Tim 7:39:01
acc_train_cw(현재 train의 class별 acc) [0.847, 0.986, 0.0, 0.887, 0.926, 0.972, 0.912]
cw_psl_total_eval(pseudo label 클래스별 총 샘플 수):  [734, 568, 0, 410, 356, 537, 812]
cw_psl_correct_eval(pseudo label 클래스별 맞은 샘플 수):  [374, 180, 0, 126, 74, 162, 211]
psl_acc(PSL 평가에서의 정확도):  0.33 
cw_psl_acc(클래스별 PSL 평가에서의 정확도):  [0.5095368027687073, 0.31690141558647156, nan, 0.3073170781135559, 0.2078651636838913, 0.3016759753227234, 0.25985223054885864]
***pse_model_save --- epoch = 42***
Save model to ./experiment/python_extended_data/output/
**pseudo_label ->  [0.7821, 0.0454, 0.0266, 0.1333, 0.0124, 0.0001, 0.0002] **
max =  0.7821 | max_idx =  0
**pseudo_label ->  [0.0, 0.0001, 0.0, 0.0, 0.0483, 0.9504, 0.0013] **
max =  0.9504 | max_idx =  5
**pseudo_label ->  [0.0, 0.0002, 0.0, 0.0, 0.0087, 0.984, 0.007] **
max =  0.984 | max_idx =  5
**pseudo_label ->  [0.0, 0.001, 0.0, 0.0, 0.0263, 0.9708, 0.0019] **
max =  0.9708 | max_idx =  5
**pseudo_label ->  [0.0005, 0.0008, 0.0018, 0.2094, 0.7871, 0.0004, 0.0] **
max =  0.7871 | max_idx =  4
Balance pseudo label class ->  [1, 2, 4, 5, 6, 7]  value ->  339
add data ->  2034
Epoch 42/50, Train Loss: 0.2558, Valid Loss: 5.5103, Train Acc: 0.9212, Val Acc: 0.1954, Test Acc: 0.3279, Test F1: 0.2361, Total Pseudo-Labels: 1, Correct Pseudo-Labels: 1, Train Data Number: 3885



line 303 => train data수 3885
line 258 => 인스턴스 수 555
Step 10442  Tim 7:52:54
acc_train_cw(현재 train의 class별 acc) [0.972, 0.858, 0.0, 0.901, 0.932, 0.858, 0.976]
cw_psl_total_eval(pseudo label 클래스별 총 샘플 수):  [538, 708, 0, 339, 473, 697, 710]
cw_psl_correct_eval(pseudo label 클래스별 맞은 샘플 수):  [321, 218, 0, 106, 104, 199, 195]
psl_acc(PSL 평가에서의 정확도):  0.33 
cw_psl_acc(클래스별 PSL 평가에서의 정확도):  [0.5966542959213257, 0.30790960788726807, nan, 0.3126843571662903, 0.21987314522266388, 0.285509318113327, 0.27464789152145386]
***pse_model_save --- epoch = 43***
Save model to ./experiment/python_extended_data/output/
**pseudo_label ->  [0.9273, 0.0042, 0.0076, 0.0599, 0.0009, 0.0, 0.0001] **
max =  0.9273 | max_idx =  0
**pseudo_label ->  [0.0, 0.0001, 0.0, 0.0, 0.0313, 0.9173, 0.0513] **
max =  0.9173 | max_idx =  5
**pseudo_label ->  [0.0002, 0.0003, 0.0, 0.0, 0.0032, 0.4756, 0.5207] **
max =  0.5207 | max_idx =  6
**pseudo_label ->  [0.0, 0.0, 0.0, 0.0, 0.014, 0.9588, 0.0271] **
max =  0.9588 | max_idx =  5
**pseudo_label ->  [0.0395, 0.0008, 0.0028, 0.3482, 0.6085, 0.0, 0.0001] **
max =  0.6085 | max_idx =  4
Balance pseudo label class ->  [1, 2, 4, 5, 6, 7]  value ->  327
add data ->  1962
Epoch 43/50, Train Loss: 0.2429, Valid Loss: 6.0061, Train Acc: 0.9153, Val Acc: 0.2280, Test Acc: 0.2275, Test F1: 0.1809, Total Pseudo-Labels: 1, Correct Pseudo-Labels: 1, Train Data Number: 3889



line 303 => train data수 3889
line 258 => 인스턴스 수 556
Step 10997  Tim 8:06:45
acc_train_cw(현재 train의 class별 acc) [0.957, 0.969, 0.0, 0.925, 0.957, 0.98, 0.984]
cw_psl_total_eval(pseudo label 클래스별 총 샘플 수):  [714, 525, 0, 327, 507, 535, 789]
cw_psl_correct_eval(pseudo label 클래스별 맞은 샘플 수):  [378, 176, 0, 111, 107, 168, 209]
psl_acc(PSL 평가에서의 정확도):  0.338 
cw_psl_acc(클래스별 PSL 평가에서의 정확도):  [0.529411792755127, 0.33523809909820557, nan, 0.33944955468177795, 0.21104536950588226, 0.31401869654655457, 0.2648922801017761]
***pse_model_save --- epoch = 44***
Save model to ./experiment/python_extended_data/output/
**pseudo_label ->  [0.9793, 0.0043, 0.0077, 0.0073, 0.001, 0.0, 0.0004] **
max =  0.9793 | max_idx =  0
**pseudo_label ->  [0.0, 0.0, 0.0, 0.0, 0.0054, 0.9801, 0.0145] **
max =  0.9801 | max_idx =  5
**pseudo_label ->  [0.0, 0.0, 0.0, 0.0, 0.0001, 0.997, 0.0029] **
max =  0.997 | max_idx =  5
**pseudo_label ->  [0.0, 0.0006, 0.0, 0.0, 0.0161, 0.9795, 0.0038] **
max =  0.9795 | max_idx =  5
**pseudo_label ->  [0.0008, 0.0002, 0.0036, 0.0101, 0.9826, 0.0025, 0.0003] **
max =  0.9826 | max_idx =  4
Balance pseudo label class ->  [1, 2, 4, 5, 6, 7]  value ->  327
add data ->  1962
Epoch 44/50, Train Loss: 0.1542, Valid Loss: 7.4919, Train Acc: 0.9630, Val Acc: 0.2052, Test Acc: 0.2746, Test F1: 0.2084, Total Pseudo-Labels: 1, Correct Pseudo-Labels: 1, Train Data Number: 3892



line 303 => train data수 3892
line 258 => 인스턴스 수 556
Step 11553  Tim 8:20:46
acc_train_cw(현재 train의 class별 acc) [0.906, 0.952, 0.0, 0.998, 0.964, 0.987, 0.981]
cw_psl_total_eval(pseudo label 클래스별 총 샘플 수):  [675, 645, 0, 327, 512, 677, 782]
cw_psl_correct_eval(pseudo label 클래스별 맞은 샘플 수):  [363, 203, 0, 104, 118, 200, 206]
psl_acc(PSL 평가에서의 정확도):  0.33 
cw_psl_acc(클래스별 PSL 평가에서의 정확도):  [0.5377777814865112, 0.31472867727279663, nan, 0.3180428147315979, 0.23046875, 0.29542097449302673, 0.26342710852622986]
***pse_model_save --- epoch = 45***
Save model to ./experiment/python_extended_data/output/
**pseudo_label ->  [0.8581, 0.001, 0.0094, 0.13, 0.0014, 0.0, 0.0] **
max =  0.8581 | max_idx =  0
**pseudo_label ->  [0.0, 0.0, 0.0, 0.0, 0.0125, 0.9874, 0.0001] **
max =  0.9874 | max_idx =  5
**pseudo_label ->  [0.0, 0.0, 0.0, 0.0, 0.0005, 0.9993, 0.0002] **
max =  0.9993 | max_idx =  5
**pseudo_label ->  [0.0, 0.0, 0.0, 0.0, 0.0209, 0.979, 0.0001] **
max =  0.979 | max_idx =  5
**pseudo_label ->  [0.0002, 0.0, 0.0014, 0.2715, 0.7269, 0.0, 0.0] **
max =  0.7269 | max_idx =  4
Balance pseudo label class ->  [1, 2, 4, 5, 6, 7]  value ->  419
add data ->  2514
Epoch 45/50, Train Loss: 0.1818, Valid Loss: 7.2282, Train Acc: 0.9604, Val Acc: 0.2280, Test Acc: 0.2889, Test F1: 0.2053, Total Pseudo-Labels: 1, Correct Pseudo-Labels: 1, Train Data Number: 3897



line 303 => train data수 3897
line 258 => 인스턴스 수 557
Step 12109  Tim 8:34:51
acc_train_cw(현재 train의 class별 acc) [0.941, 0.857, 0.0, 0.95, 0.976, 0.902, 0.965]
cw_psl_total_eval(pseudo label 클래스별 총 샘플 수):  [635, 615, 0, 419, 529, 693, 788]
cw_psl_correct_eval(pseudo label 클래스별 맞은 샘플 수):  [347, 194, 0, 124, 125, 202, 210]
psl_acc(PSL 평가에서의 정확도):  0.327 
cw_psl_acc(클래스별 PSL 평가에서의 정확도):  [0.5464566946029663, 0.3154471516609192, nan, 0.2959427237510681, 0.23629489541053772, 0.29148629307746887, 0.2664974629878998]
***pse_model_save --- epoch = 46***
Save model to ./experiment/python_extended_data/output/
**pseudo_label ->  [0.9755, 0.0002, 0.0035, 0.0206, 0.0002, 0.0, 0.0] **
max =  0.9755 | max_idx =  0
**pseudo_label ->  [0.0, 0.0, 0.0, 0.0, 0.0108, 0.9891, 0.0001] **
max =  0.9891 | max_idx =  5
**pseudo_label ->  [0.0, 0.0, 0.0, 0.0, 0.0013, 0.9924, 0.0062] **
max =  0.9924 | max_idx =  5
**pseudo_label ->  [0.0, 0.0001, 0.0, 0.0, 0.0881, 0.9118, 0.0001] **
max =  0.9118 | max_idx =  5
**pseudo_label ->  [0.0083, 0.0002, 0.0061, 0.0045, 0.9256, 0.0175, 0.038] **
max =  0.9256 | max_idx =  4
Balance pseudo label class ->  [1, 2, 4, 5, 6, 7]  value ->  399
add data ->  2394
Epoch 46/50, Train Loss: 0.2331, Valid Loss: 6.6575, Train Acc: 0.9279, Val Acc: 0.2313, Test Acc: 0.2459, Test F1: 0.1860, Total Pseudo-Labels: 1, Correct Pseudo-Labels: 1, Train Data Number: 3901



line 303 => train data수 3901
line 258 => 인스턴스 수 558
Step 12666  Tim 8:48:50
acc_train_cw(현재 train의 class별 acc) [0.966, 0.965, 0.0, 0.881, 0.969, 0.933, 0.986]
cw_psl_total_eval(pseudo label 클래스별 총 샘플 수):  [645, 572, 0, 399, 609, 620, 779]
cw_psl_correct_eval(pseudo label 클래스별 맞은 샘플 수):  [358, 189, 0, 114, 144, 189, 203]
psl_acc(PSL 평가에서의 정확도):  0.33 
cw_psl_acc(클래스별 PSL 평가에서의 정확도):  [0.5550387501716614, 0.3304195702075958, nan, 0.2857142984867096, 0.23645320534706116, 0.30483871698379517, 0.26059049367904663]
***pse_model_save --- epoch = 47***
Save model to ./experiment/python_extended_data/output/
**pseudo_label ->  [0.9973, 0.0006, 0.0005, 0.0004, 0.0, 0.0, 0.0011] **
max =  0.9973 | max_idx =  0
**pseudo_label ->  [0.0, 0.0003, 0.0, 0.0, 0.0238, 0.975, 0.0009] **
max =  0.975 | max_idx =  5
**pseudo_label ->  [0.0, 0.0001, 0.0, 0.0, 0.0137, 0.983, 0.0032] **
max =  0.983 | max_idx =  5
**pseudo_label ->  [0.0, 0.0004, 0.0, 0.0, 0.302, 0.6975, 0.0001] **
max =  0.6975 | max_idx =  5
**pseudo_label ->  [0.0032, 0.0002, 0.0046, 0.0216, 0.9696, 0.0003, 0.0004] **
max =  0.9696 | max_idx =  4
Balance pseudo label class ->  [1, 2, 4, 5, 6, 7]  value ->  335
add data ->  2010
Epoch 47/50, Train Loss: 0.1697, Valid Loss: 7.5686, Train Acc: 0.9526, Val Acc: 0.1922, Test Acc: 0.2725, Test F1: 0.2084, Total Pseudo-Labels: 1, Correct Pseudo-Labels: 1, Train Data Number: 3904



line 303 => train data수 3904
line 258 => 인스턴스 수 558
Step 13224  Tim 9:03:29
acc_train_cw(현재 train의 class별 acc) [0.985, 0.918, 0.0, 0.932, 0.948, 0.926, 0.989]
cw_psl_total_eval(pseudo label 클래스별 총 샘플 수):  [656, 626, 0, 335, 589, 615, 796]
cw_psl_correct_eval(pseudo label 클래스별 맞은 샘플 수):  [363, 203, 0, 105, 131, 188, 209]
psl_acc(PSL 평가에서의 정확도):  0.331 
cw_psl_acc(클래스별 PSL 평가에서의 정확도):  [0.5533536672592163, 0.32428115606307983, nan, 0.31343284249305725, 0.2224108725786209, 0.30569106340408325, 0.2625628113746643]
***pse_model_save --- epoch = 48***
Save model to ./experiment/python_extended_data/output/
**pseudo_label ->  [0.9976, 0.0012, 0.0005, 0.0001, 0.0, 0.0, 0.0006] **
max =  0.9976 | max_idx =  0
**pseudo_label ->  [0.0, 0.0, 0.0, 0.0, 0.0003, 0.9874, 0.0123] **
max =  0.9874 | max_idx =  5
**pseudo_label ->  [0.0, 0.0, 0.0, 0.0, 0.0001, 0.8236, 0.1763] **
max =  0.8236 | max_idx =  5
**pseudo_label ->  [0.0, 0.0162, 0.0, 0.0, 0.0014, 0.8517, 0.1308] **
max =  0.8517 | max_idx =  5
**pseudo_label ->  [0.002, 0.0, 0.0075, 0.0014, 0.9817, 0.002, 0.0053] **
max =  0.9817 | max_idx =  4
Balance pseudo label class ->  [1, 2, 4, 5, 6, 7]  value ->  388
add data ->  2328
Epoch 48/50, Train Loss: 0.2166, Valid Loss: 7.0342, Train Acc: 0.9501, Val Acc: 0.2150, Test Acc: 0.2316, Test F1: 0.1842, Total Pseudo-Labels: 1, Correct Pseudo-Labels: 1, Train Data Number: 3904



line 303 => train data수 3904
line 258 => 인스턴스 수 558
Step 13782  Tim 9:17:34
acc_train_cw(현재 train의 class별 acc) [0.973, 0.96, 0.0, 0.929, 0.914, 0.95, 0.971]
cw_psl_total_eval(pseudo label 클래스별 총 샘플 수):  [713, 593, 0, 388, 559, 589, 810]
cw_psl_correct_eval(pseudo label 클래스별 맞은 샘플 수):  [379, 181, 0, 120, 131, 185, 213]
psl_acc(PSL 평가에서의 정확도):  0.331 
cw_psl_acc(클래스별 PSL 평가에서의 정확도):  [0.5315567851066589, 0.305227667093277, nan, 0.30927833914756775, 0.23434704542160034, 0.31409168243408203, 0.2629629671573639]
***pse_model_save --- epoch = 49***
Save model to ./experiment/python_extended_data/output/
**pseudo_label ->  [0.9998, 0.0, 0.0001, 0.0, 0.0, 0.0, 0.0] **
max =  0.9998 | max_idx =  0
**pseudo_label ->  [0.0, 0.0067, 0.0, 0.0, 0.0006, 0.9891, 0.0035] **
max =  0.9891 | max_idx =  5
**pseudo_label ->  [0.0, 0.0048, 0.0, 0.0, 0.0026, 0.9885, 0.004] **
max =  0.9885 | max_idx =  5
**pseudo_label ->  [0.0002, 0.3227, 0.0, 0.0, 0.0023, 0.5966, 0.0782] **
max =  0.5966 | max_idx =  5
**pseudo_label ->  [0.0375, 0.0078, 0.0143, 0.0261, 0.9034, 0.0079, 0.003] **
max =  0.9034 | max_idx =  4
Balance pseudo label class ->  [1, 2, 4, 5, 6, 7]  value ->  386
add data ->  2316
Epoch 49/50, Train Loss: 0.1981, Valid Loss: 7.1466, Train Acc: 0.9501, Val Acc: 0.2248, Test Acc: 0.2623, Test F1: 0.1991, Total Pseudo-Labels: 1, Correct Pseudo-Labels: 1, Train Data Number: 3905



line 303 => train data수 3905
line 258 => 인스턴스 수 558
Step 14340  Tim 9:31:42
acc_train_cw(현재 train의 class별 acc) [0.954, 0.913, 0.0, 0.963, 0.974, 0.971, 0.995]
cw_psl_total_eval(pseudo label 클래스별 총 샘플 수):  [714, 649, 0, 386, 509, 592, 785]
cw_psl_correct_eval(pseudo label 클래스별 맞은 샘플 수):  [379, 196, 0, 126, 112, 177, 204]
psl_acc(PSL 평가에서의 정확도):  0.328 
cw_psl_acc(클래스별 PSL 평가에서의 정확도):  [0.5308123230934143, 0.30200308561325073, nan, 0.32642486691474915, 0.22003929316997528, 0.2989864945411682, 0.2598726153373718]
***pse_model_save --- epoch = 50***
Save model to ./experiment/python_extended_data/output/
**pseudo_label ->  [0.9876, 0.0006, 0.0021, 0.0005, 0.0, 0.0, 0.0092] **
max =  0.9876 | max_idx =  0
**pseudo_label ->  [0.0, 0.0001, 0.0, 0.0, 0.0012, 0.9962, 0.0025] **
max =  0.9962 | max_idx =  5
**pseudo_label ->  [0.0, 0.0, 0.0, 0.0, 0.0003, 0.9839, 0.0158] **
max =  0.9839 | max_idx =  5
**pseudo_label ->  [0.0, 0.0008, 0.0, 0.0, 0.0049, 0.9903, 0.004] **
max =  0.9903 | max_idx =  5
**pseudo_label ->  [0.0013, 0.0001, 0.0088, 0.0601, 0.9294, 0.0001, 0.0001] **
max =  0.9294 | max_idx =  4
Balance pseudo label class ->  [1, 2, 4, 5, 6, 7]  value ->  405
add data ->  2430
Epoch 50/50, Train Loss: 0.1398, Valid Loss: 7.4573, Train Acc: 0.9603, Val Acc: 0.2345, Test Acc: 0.2848, Test F1: 0.2138, Total Pseudo-Labels: 1, Correct Pseudo-Labels: 1, Train Data Number: 3906

Training complete!
Total training took 9:42:39 (h:mm:ss)
Load model from ./experiment/python_extended_data/output/10_codesage-base_0.0002_0.7_python_extended_data_net0.pth
Save training statistics in:  ./experiment/python_extended_data/log/codesage/class6//10_codesage-base_0.0002_0.7_python_extended_data/training_statistics.csv

best_trian_loss, epoch => 0.13984491225926823 50
Epoch-1_train_loss => 5.989445885022481
max_epoch_train_loss => 0.13984491225926823 


best_val_loss, epoch =>  1.7607114047103285 5
Epoch-1_val_loss => 2.09606058628629
max_epoch_val_loss => 7.457320267185607 

pse_epoch =>  [1, 3, 4, 5, 6, 7, 8, 9, 10, 11, 12, 13, 14, 15, 16, 17, 18, 19, 20, 21, 22, 23, 24, 25, 26, 27, 28, 29, 30, 31, 32, 33, 34, 35, 36, 37, 38, 39, 40, 41, 42, 43, 44, 45, 46, 47, 48, 49, 50]
추가되는 pse_epoch =>  [1, 14, 16, 18, 19, 20, 21, 22, 23, 24, 25, 26, 27, 28, 29, 30, 31, 33, 34, 35, 36, 37, 38, 39, 40, 41, 42, 43, 44, 45, 46, 47, 48, 49, 50] 

total_data:  3906 
Best_step:  58 
Best_epoch:  5 
best_val_acc:  0.39087947882736157 
best_test_acc:  0.2848360655737705 
best_test_f1:  0.2137669425299759
Save best record in:  ./experiment/python_extended_data/log/codesage/class6/summary.csv
Save best record in:  ./experiment/python_extended_data/log/summary_avgrun.csv
