current work directory:  /home/imsuhan22/few-shot-tc/custom_ssl/code
Data set -> python_extended_data
save_name: 10_codesage-base_0.0004_0.7_python_extended_data

data_path:  ../data/problem_based_split/python_extended_data

There are 2 GPU(s) available.
We will use the GPU- 0 Quadro RTX 8000

**line 147 모델 =>  codesage/codesage-base
**tokenizer type =  codesage/codesage-base 

pesudo label class개수 기준 -> 6
n_labeled_per_class:  10
train_df samples: 3974
train_labeled_df samples: 70
train_unlabeled_df samples: 3904
n_classes:  7 


net_arch:  codesage/codesage-base 
lr:  0.0004 
lr_linear:  0.001 




line 303 => train data수 70
line 258 => 인스턴스 수 10
Step 0  Tim 0:00:23
acc_train_cw(현재 train의 class별 acc) [0.0, 0.3, 0.2, 0.0, 0.3, 0.2, 0.0]
cw_psl_total_eval(pseudo label 클래스별 총 샘플 수):  [0, 0, 0, 0, 0, 0, 0]
cw_psl_correct_eval(pseudo label 클래스별 맞은 샘플 수):  [0, 0, 0, 0, 0, 0, 0]
psl_acc(PSL 평가에서의 정확도): None 
cw_psl_acc(클래스별 PSL 평가에서의 정확도):  [nan, nan, nan, nan, nan, nan, nan]
***best_acc_model_save --- epoch = 1***
Save model to ./experiment/python_extended_data/output/
**pseudo_label ->  [0.047, 0.368, 0.3598, 0.0159, 0.009, 0.1723, 0.0281] **
max =  0.368 | max_idx =  1
**pseudo_label ->  [0.1266, 0.2388, 0.294, 0.0077, 0.1056, 0.0899, 0.1374] **
max =  0.294 | max_idx =  2
**pseudo_label ->  [0.0026, 0.749, 0.0546, 0.0289, 0.122, 0.0271, 0.0159] **
max =  0.749 | max_idx =  1
**pseudo_label ->  [0.0278, 0.1766, 0.054, 0.0199, 0.4204, 0.2829, 0.0185] **
max =  0.4204 | max_idx =  4
**pseudo_label ->  [0.0121, 0.0499, 0.2013, 0.0366, 0.3406, 0.2619, 0.0976] **
max =  0.3406 | max_idx =  4
Balance pseudo label class ->  [1, 2, 3, 4, 5, 6, 7]  value ->  2
add data ->  14
Epoch 1/50, Train Loss: 13.2078, Valid Loss: 5.4239, Train Acc: 0.1429, Val Acc: 0.0945, Test Acc: 0.3156, Test F1: 0.1873, Total Pseudo-Labels: 0, Correct Pseudo-Labels: 0, Train Data Number: 84



line 303 => train data수 84
line 258 => 인스턴스 수 12
Step 10  Tim 0:02:58
acc_train_cw(현재 train의 class별 acc) [1.0, 0.0, 0.0, 0.0, 0.0, 0.0, 0.0]
cw_psl_total_eval(pseudo label 클래스별 총 샘플 수):  [2, 59, 48, 11, 21, 70, 5]
cw_psl_correct_eval(pseudo label 클래스별 맞은 샘플 수):  [1, 4, 6, 1, 3, 11, 1]
psl_acc(PSL 평가에서의 정확도):  0.125 
cw_psl_acc(클래스별 PSL 평가에서의 정확도):  [0.5, 0.06779661029577255, 0.125, 0.09090909361839294, 0.1428571492433548, 0.15714286267757416, 0.20000000298023224]
***pse_model_save --- epoch = 2***
Save model to ./experiment/python_extended_data/output/
**pseudo_label ->  [0.8329, 0.0013, 0.0003, 0.1174, 0.0072, 0.0402, 0.0008] **
max =  0.8329 | max_idx =  0
**pseudo_label ->  [0.8473, 0.0021, 0.0002, 0.0699, 0.0082, 0.0716, 0.0008] **
max =  0.8473 | max_idx =  0
**pseudo_label ->  [0.842, 0.002, 0.0003, 0.1195, 0.0072, 0.0258, 0.003] **
max =  0.842 | max_idx =  0
**pseudo_label ->  [0.9556, 0.0006, 0.0002, 0.0199, 0.0025, 0.0206, 0.0006] **
max =  0.9556 | max_idx =  0
**pseudo_label ->  [0.9358, 0.0011, 0.0001, 0.039, 0.0027, 0.0205, 0.0008] **
max =  0.9358 | max_idx =  0
Epoch 2/50, Train Loss: 4.0999, Valid Loss: 3.4930, Train Acc: 0.1429, Val Acc: 0.0912, Test Acc: 0.0779, Test F1: 0.0206, Total Pseudo-Labels: 1, Correct Pseudo-Labels: 0, Train Data Number: 84



line 303 => train data수 84
line 258 => 인스턴스 수 12
Step 22  Tim 0:05:25
acc_train_cw(현재 train의 class별 acc) [0.0, 1.0, 0.0, 0.0, 0.0, 0.0, 0.0]
cw_psl_total_eval(pseudo label 클래스별 총 샘플 수):  [3902, 0, 0, 0, 0, 0, 0]
cw_psl_correct_eval(pseudo label 클래스별 맞은 샘플 수):  [694, 0, 0, 0, 0, 0, 0]
psl_acc(PSL 평가에서의 정확도):  0.178 
cw_psl_acc(클래스별 PSL 평가에서의 정확도):  [0.17785750329494476, nan, nan, nan, nan, nan, nan]
**pseudo_label ->  [0.0002, 0.4813, 0.0029, 0.2679, 0.0161, 0.2116, 0.02] **
max =  0.4813 | max_idx =  1
**pseudo_label ->  [0.0001, 0.3534, 0.0028, 0.4984, 0.0119, 0.1078, 0.0256] **
max =  0.4984 | max_idx =  3
**pseudo_label ->  [0.0004, 0.3034, 0.0118, 0.1752, 0.0398, 0.4307, 0.0388] **
max =  0.4307 | max_idx =  5
**pseudo_label ->  [0.0002, 0.4277, 0.005, 0.152, 0.0091, 0.3809, 0.025] **
max =  0.4277 | max_idx =  1
**pseudo_label ->  [0.0001, 0.3435, 0.0036, 0.3248, 0.0175, 0.2857, 0.0248] **
max =  0.3435 | max_idx =  1
Epoch 3/50, Train Loss: 3.0821, Valid Loss: 3.1329, Train Acc: 0.1429, Val Acc: 0.0065, Test Acc: 0.2787, Test F1: 0.0623, Total Pseudo-Labels: 0, Correct Pseudo-Labels: 0, Train Data Number: 84



line 303 => train data수 84
line 258 => 인스턴스 수 12
Step 34  Tim 0:07:47
acc_train_cw(현재 train의 class별 acc) [0.0, 0.0, 1.0, 0.0, 0.0, 0.0, 0.0]
cw_psl_total_eval(pseudo label 클래스별 총 샘플 수):  [0, 21, 0, 7, 0, 2, 0]
cw_psl_correct_eval(pseudo label 클래스별 맞은 샘플 수):  [0, 3, 0, 2, 0, 0, 0]
psl_acc(PSL 평가에서의 정확도):  0.167 
cw_psl_acc(클래스별 PSL 평가에서의 정확도):  [nan, 0.1428571492433548, nan, 0.2857142984867096, nan, 0.0, nan]
**pseudo_label ->  [0.0526, 0.1321, 0.2058, 0.0023, 0.3166, 0.2394, 0.0511] **
max =  0.3166 | max_idx =  4
**pseudo_label ->  [0.0208, 0.3512, 0.0963, 0.0019, 0.3274, 0.128, 0.0744] **
max =  0.3512 | max_idx =  1
**pseudo_label ->  [0.0404, 0.2644, 0.3707, 0.0097, 0.1771, 0.0973, 0.0404] **
max =  0.3707 | max_idx =  2
**pseudo_label ->  [0.0408, 0.1339, 0.5001, 0.0056, 0.097, 0.1304, 0.0922] **
max =  0.5001 | max_idx =  2
**pseudo_label ->  [0.0478, 0.1027, 0.1034, 0.0082, 0.2401, 0.4321, 0.0658] **
max =  0.4321 | max_idx =  5
Epoch 4/50, Train Loss: 2.3895, Valid Loss: 2.4322, Train Acc: 0.1429, Val Acc: 0.2280, Test Acc: 0.1230, Test F1: 0.0313, Total Pseudo-Labels: 0, Correct Pseudo-Labels: 0, Train Data Number: 84



line 303 => train data수 84
line 258 => 인스턴스 수 12
Step 46  Tim 0:10:10
acc_train_cw(현재 train의 class별 acc) [1.0, 0.0, 0.0, 0.0, 0.0, 0.0, 0.0]
cw_psl_total_eval(pseudo label 클래스별 총 샘플 수):  [0, 0, 14, 0, 0, 0, 0]
cw_psl_correct_eval(pseudo label 클래스별 맞은 샘플 수):  [0, 0, 3, 0, 0, 0, 0]
psl_acc(PSL 평가에서의 정확도):  0.214 
cw_psl_acc(클래스별 PSL 평가에서의 정확도):  [nan, nan, 0.2142857164144516, nan, nan, nan, nan]
**pseudo_label ->  [0.2419, 0.1875, 0.0651, 0.049, 0.0822, 0.164, 0.2102] **
max =  0.2419 | max_idx =  0
**pseudo_label ->  [0.189, 0.2283, 0.0677, 0.1666, 0.1362, 0.0611, 0.151] **
max =  0.2283 | max_idx =  1
**pseudo_label ->  [0.1907, 0.2074, 0.0571, 0.0534, 0.1211, 0.177, 0.1934] **
max =  0.2074 | max_idx =  1
**pseudo_label ->  [0.224, 0.1514, 0.0395, 0.0573, 0.1357, 0.2809, 0.1112] **
max =  0.2809 | max_idx =  5
**pseudo_label ->  [0.2047, 0.1207, 0.0685, 0.081, 0.2257, 0.1321, 0.1673] **
max =  0.2257 | max_idx =  4
Epoch 5/50, Train Loss: 2.2436, Valid Loss: 2.2540, Train Acc: 0.1429, Val Acc: 0.0912, Test Acc: 0.0779, Test F1: 0.0206, Total Pseudo-Labels: 0, Correct Pseudo-Labels: 0, Train Data Number: 84



line 303 => train data수 84
line 258 => 인스턴스 수 12
Step 58  Tim 0:12:33
acc_train_cw(현재 train의 class별 acc) [0.0, 1.0, 0.0, 0.0, 0.0, 0.0, 0.25]
cw_psl_total_eval(pseudo label 클래스별 총 샘플 수):  [0, 0, 0, 0, 0, 0, 0]
cw_psl_correct_eval(pseudo label 클래스별 맞은 샘플 수):  [0, 0, 0, 0, 0, 0, 0]
psl_acc(PSL 평가에서의 정확도): None 
cw_psl_acc(클래스별 PSL 평가에서의 정확도):  [nan, nan, nan, nan, nan, nan, nan]
**pseudo_label ->  [0.0734, 0.2763, 0.1448, 0.1942, 0.0129, 0.047, 0.2514] **
max =  0.2763 | max_idx =  1
**pseudo_label ->  [0.1059, 0.4162, 0.0404, 0.0726, 0.0755, 0.0774, 0.212] **
max =  0.4162 | max_idx =  1
**pseudo_label ->  [0.1267, 0.259, 0.0766, 0.1672, 0.0282, 0.1786, 0.1637] **
max =  0.259 | max_idx =  1
**pseudo_label ->  [0.0546, 0.3124, 0.0914, 0.1223, 0.0262, 0.0897, 0.3035] **
max =  0.3124 | max_idx =  1
**pseudo_label ->  [0.0663, 0.3505, 0.0825, 0.0932, 0.0149, 0.0262, 0.3664] **
max =  0.3664 | max_idx =  6
Epoch 6/50, Train Loss: 2.4830, Valid Loss: 1.9642, Train Acc: 0.1786, Val Acc: 0.0261, Test Acc: 0.2725, Test F1: 0.0783, Total Pseudo-Labels: 0, Correct Pseudo-Labels: 0, Train Data Number: 84



line 303 => train data수 84
line 258 => 인스턴스 수 12
Step 70  Tim 0:14:54
acc_train_cw(현재 train의 class별 acc) [0.0, 0.0, 0.0, 1.0, 0.0, 0.167, 0.0]
cw_psl_total_eval(pseudo label 클래스별 총 샘플 수):  [0, 0, 0, 0, 0, 0, 0]
cw_psl_correct_eval(pseudo label 클래스별 맞은 샘플 수):  [0, 0, 0, 0, 0, 0, 0]
psl_acc(PSL 평가에서의 정확도): None 
cw_psl_acc(클래스별 PSL 평가에서의 정확도):  [nan, nan, nan, nan, nan, nan, nan]
**pseudo_label ->  [0.0917, 0.0499, 0.0969, 0.3886, 0.0125, 0.1518, 0.2086] **
max =  0.3886 | max_idx =  3
**pseudo_label ->  [0.1404, 0.0305, 0.0657, 0.3404, 0.0328, 0.1436, 0.2465] **
max =  0.3404 | max_idx =  3
**pseudo_label ->  [0.0313, 0.0294, 0.0324, 0.2486, 0.0361, 0.2683, 0.3539] **
max =  0.3539 | max_idx =  6
**pseudo_label ->  [0.1149, 0.0309, 0.1152, 0.302, 0.035, 0.2512, 0.1507] **
max =  0.302 | max_idx =  3
**pseudo_label ->  [0.0787, 0.0361, 0.031, 0.1392, 0.0352, 0.5432, 0.1365] **
max =  0.5432 | max_idx =  5
Epoch 7/50, Train Loss: 2.6529, Valid Loss: 2.0603, Train Acc: 0.1667, Val Acc: 0.3909, Test Acc: 0.1660, Test F1: 0.0439, Total Pseudo-Labels: 0, Correct Pseudo-Labels: 0, Train Data Number: 84



line 303 => train data수 84
line 258 => 인스턴스 수 12
Step 82  Tim 0:17:16
acc_train_cw(현재 train의 class별 acc) [0.833, 0.0, 0.0, 0.417, 0.0, 0.0, 0.0]
cw_psl_total_eval(pseudo label 클래스별 총 샘플 수):  [0, 0, 0, 6, 0, 0, 0]
cw_psl_correct_eval(pseudo label 클래스별 맞은 샘플 수):  [0, 0, 0, 2, 0, 0, 0]
psl_acc(PSL 평가에서의 정확도):  0.333 
cw_psl_acc(클래스별 PSL 평가에서의 정확도):  [nan, nan, nan, 0.3333333432674408, nan, nan, nan]
**pseudo_label ->  [0.3382, 0.0725, 0.3854, 0.0805, 0.0796, 0.0387, 0.0052] **
max =  0.3854 | max_idx =  2
**pseudo_label ->  [0.2035, 0.0822, 0.2784, 0.1076, 0.178, 0.1427, 0.0077] **
max =  0.2784 | max_idx =  2
**pseudo_label ->  [0.2813, 0.1291, 0.2032, 0.1227, 0.066, 0.1875, 0.0103] **
max =  0.2813 | max_idx =  0
**pseudo_label ->  [0.3582, 0.0576, 0.1718, 0.1068, 0.0806, 0.2146, 0.0104] **
max =  0.3582 | max_idx =  0
**pseudo_label ->  [0.2326, 0.0682, 0.1964, 0.2361, 0.1108, 0.1414, 0.0144] **
max =  0.2361 | max_idx =  3
Epoch 8/50, Train Loss: 2.5076, Valid Loss: 3.6872, Train Acc: 0.1786, Val Acc: 0.0977, Test Acc: 0.0820, Test F1: 0.0277, Total Pseudo-Labels: 0, Correct Pseudo-Labels: 0, Train Data Number: 84



line 303 => train data수 84
line 258 => 인스턴스 수 12
Step 94  Tim 0:19:38
acc_train_cw(현재 train의 class별 acc) [0.917, 0.0, 0.167, 0.0, 0.0, 0.0, 0.0]
cw_psl_total_eval(pseudo label 클래스별 총 샘플 수):  [0, 0, 1, 0, 0, 0, 0]
cw_psl_correct_eval(pseudo label 클래스별 맞은 샘플 수):  [0, 0, 0, 0, 0, 0, 0]
psl_acc(PSL 평가에서의 정확도):  0.0 
cw_psl_acc(클래스별 PSL 평가에서의 정확도):  [nan, nan, 0.0, nan, nan, nan, nan]
**pseudo_label ->  [0.1173, 0.05, 0.5322, 0.0993, 0.087, 0.0966, 0.0176] **
max =  0.5322 | max_idx =  2
**pseudo_label ->  [0.0855, 0.0589, 0.3421, 0.029, 0.3718, 0.0958, 0.0169] **
max =  0.3718 | max_idx =  4
**pseudo_label ->  [0.1397, 0.0602, 0.4081, 0.0836, 0.1208, 0.169, 0.0187] **
max =  0.4081 | max_idx =  2
**pseudo_label ->  [0.1741, 0.0027, 0.483, 0.0873, 0.2362, 0.0094, 0.0074] **
max =  0.483 | max_idx =  2
**pseudo_label ->  [0.0644, 0.0905, 0.4696, 0.0538, 0.2255, 0.0729, 0.0233] **
max =  0.4696 | max_idx =  2
Epoch 9/50, Train Loss: 4.4200, Valid Loss: 3.8597, Train Acc: 0.1548, Val Acc: 0.2085, Test Acc: 0.0861, Test F1: 0.0417, Total Pseudo-Labels: 0, Correct Pseudo-Labels: 0, Train Data Number: 84



line 303 => train data수 84
line 258 => 인스턴스 수 12
Step 106  Tim 0:22:01
acc_train_cw(현재 train의 class별 acc) [0.0, 0.0, 0.0, 1.0, 0.0, 0.0, 0.0]
cw_psl_total_eval(pseudo label 클래스별 총 샘플 수):  [738, 0, 62, 22, 0, 0, 0]
cw_psl_correct_eval(pseudo label 클래스별 맞은 샘플 수):  [245, 0, 10, 6, 0, 0, 0]
psl_acc(PSL 평가에서의 정확도):  0.318 
cw_psl_acc(클래스별 PSL 평가에서의 정확도):  [0.33197832107543945, nan, 0.16129031777381897, 0.27272728085517883, nan, nan, nan]
**pseudo_label ->  [0.0214, 0.0187, 0.2626, 0.6661, 0.0, 0.0296, 0.0016] **
max =  0.6661 | max_idx =  3
**pseudo_label ->  [0.0018, 0.0099, 0.1038, 0.8767, 0.0, 0.0076, 0.0002] **
max =  0.8767 | max_idx =  3
**pseudo_label ->  [0.0227, 0.0188, 0.1441, 0.8042, 0.0, 0.0067, 0.0035] **
max =  0.8042 | max_idx =  3
**pseudo_label ->  [0.0041, 0.022, 0.1229, 0.8259, 0.0, 0.0242, 0.0009] **
max =  0.8259 | max_idx =  3
**pseudo_label ->  [0.0199, 0.0146, 0.0884, 0.7976, 0.0, 0.0789, 0.0007] **
max =  0.7976 | max_idx =  3
Epoch 10/50, Train Loss: 3.8874, Valid Loss: 2.6396, Train Acc: 0.1429, Val Acc: 0.3876, Test Acc: 0.1619, Test F1: 0.0398, Total Pseudo-Labels: 0, Correct Pseudo-Labels: 0, Train Data Number: 84



line 303 => train data수 84
line 258 => 인스턴스 수 12
Step 118  Tim 0:24:23
acc_train_cw(현재 train의 class별 acc) [0.0, 1.0, 0.0, 0.0, 0.0, 0.833, 0.0]
cw_psl_total_eval(pseudo label 클래스별 총 샘플 수):  [0, 0, 65, 1637, 0, 0, 0]
cw_psl_correct_eval(pseudo label 클래스별 맞은 샘플 수):  [0, 0, 11, 251, 0, 0, 0]
psl_acc(PSL 평가에서의 정확도):  0.154 
cw_psl_acc(클래스별 PSL 평가에서의 정확도):  [nan, nan, 0.16923077404499054, 0.1533292680978775, nan, nan, nan]
**pseudo_label ->  [0.1766, 0.3785, 0.0256, 0.2443, 0.1094, 0.046, 0.0196] **
max =  0.3785 | max_idx =  1
**pseudo_label ->  [0.0388, 0.1601, 0.0026, 0.2039, 0.1073, 0.4769, 0.0104] **
max =  0.4769 | max_idx =  5
**pseudo_label ->  [0.1424, 0.4367, 0.0139, 0.1566, 0.1887, 0.0416, 0.0202] **
max =  0.4367 | max_idx =  1
**pseudo_label ->  [0.0266, 0.124, 0.0032, 0.4017, 0.1727, 0.2663, 0.0055] **
max =  0.4017 | max_idx =  3
**pseudo_label ->  [0.1504, 0.1158, 0.0179, 0.2017, 0.3071, 0.1922, 0.0147] **
max =  0.3071 | max_idx =  4
Epoch 11/50, Train Loss: 2.8369, Valid Loss: 2.7616, Train Acc: 0.2619, Val Acc: 0.0261, Test Acc: 0.5184, Test F1: 0.1992, Total Pseudo-Labels: 0, Correct Pseudo-Labels: 0, Train Data Number: 84



line 303 => train data수 84
line 258 => 인스턴스 수 12
Step 130  Tim 0:26:45
acc_train_cw(현재 train의 class별 acc) [0.667, 0.0, 0.0, 0.5, 0.333, 0.833, 0.0]
cw_psl_total_eval(pseudo label 클래스별 총 샘플 수):  [0, 88, 0, 7, 0, 34, 0]
cw_psl_correct_eval(pseudo label 클래스별 맞은 샘플 수):  [0, 7, 0, 1, 0, 10, 0]
psl_acc(PSL 평가에서의 정확도):  0.14 
cw_psl_acc(클래스별 PSL 평가에서의 정확도):  [nan, 0.07954545319080353, nan, 0.1428571492433548, nan, 0.29411765933036804, nan]
**pseudo_label ->  [0.4773, 0.066, 0.0026, 0.3382, 0.1156, 0.0002, 0.0001] **
max =  0.4773 | max_idx =  0
**pseudo_label ->  [0.0012, 0.0028, 0.0023, 0.003, 0.0142, 0.9698, 0.0066] **
max =  0.9698 | max_idx =  5
**pseudo_label ->  [0.0054, 0.0041, 0.0025, 0.0046, 0.0295, 0.9484, 0.0054] **
max =  0.9484 | max_idx =  5
**pseudo_label ->  [0.0682, 0.0356, 0.0108, 0.0939, 0.2724, 0.4963, 0.0229] **
max =  0.4963 | max_idx =  5
**pseudo_label ->  [0.1645, 0.0583, 0.0133, 0.2571, 0.3658, 0.1287, 0.0122] **
max =  0.3658 | max_idx =  4
Epoch 12/50, Train Loss: 2.6651, Valid Loss: 2.5678, Train Acc: 0.3333, Val Acc: 0.2997, Test Acc: 0.3648, Test F1: 0.2045, Total Pseudo-Labels: 0, Correct Pseudo-Labels: 0, Train Data Number: 84



line 303 => train data수 84
line 258 => 인스턴스 수 12
Step 142  Tim 0:29:08
acc_train_cw(현재 train의 class별 acc) [0.0, 0.0, 0.083, 0.0, 0.417, 0.25, 1.0]
cw_psl_total_eval(pseudo label 클래스별 총 샘플 수):  [57, 0, 0, 112, 0, 673, 0]
cw_psl_correct_eval(pseudo label 클래스별 맞은 샘플 수):  [33, 0, 0, 13, 0, 214, 0]
psl_acc(PSL 평가에서의 정확도):  0.309 
cw_psl_acc(클래스별 PSL 평가에서의 정확도):  [0.5789473652839661, nan, nan, 0.1160714253783226, nan, 0.31797918677330017, nan]
**pseudo_label ->  [0.29, 0.0138, 0.1081, 0.2177, 0.3267, 0.0001, 0.0437] **
max =  0.3267 | max_idx =  4
**pseudo_label ->  [0.0012, 0.0646, 0.0044, 0.0046, 0.0122, 0.2473, 0.6658] **
max =  0.6658 | max_idx =  6
**pseudo_label ->  [0.0013, 0.0526, 0.0021, 0.0125, 0.0168, 0.226, 0.6887] **
max =  0.6887 | max_idx =  6
**pseudo_label ->  [0.004, 0.0796, 0.0061, 0.0261, 0.0424, 0.06, 0.7818] **
max =  0.7818 | max_idx =  6
**pseudo_label ->  [0.0082, 0.0473, 0.035, 0.0446, 0.1125, 0.0245, 0.728] **
max =  0.728 | max_idx =  6
Epoch 13/50, Train Loss: 2.0733, Valid Loss: 2.2734, Train Acc: 0.2500, Val Acc: 0.1596, Test Acc: 0.1148, Test F1: 0.0853, Total Pseudo-Labels: 0, Correct Pseudo-Labels: 0, Train Data Number: 84



line 303 => train data수 84
line 258 => 인스턴스 수 12
Step 154  Tim 0:31:32
acc_train_cw(현재 train의 class별 acc) [0.0, 0.417, 0.917, 0.0, 0.25, 0.667, 0.0]
cw_psl_total_eval(pseudo label 클래스별 총 샘플 수):  [0, 0, 1, 1, 30, 8, 1236]
cw_psl_correct_eval(pseudo label 클래스별 맞은 샘플 수):  [0, 0, 1, 0, 4, 3, 190]
psl_acc(PSL 평가에서의 정확도):  0.155 
cw_psl_acc(클래스별 PSL 평가에서의 정확도):  [nan, nan, 1.0, 0.0, 0.13333334028720856, 0.375, 0.15372169017791748]
**pseudo_label ->  [0.004, 0.0162, 0.8571, 0.1157, 0.0069, 0.0, 0.0002] **
max =  0.8571 | max_idx =  2
**pseudo_label ->  [0.0005, 0.2589, 0.0004, 0.0008, 0.0375, 0.5589, 0.1429] **
max =  0.5589 | max_idx =  5
**pseudo_label ->  [0.0017, 0.2338, 0.0018, 0.0041, 0.0997, 0.3941, 0.2647] **
max =  0.3941 | max_idx =  5
**pseudo_label ->  [0.0081, 0.2645, 0.015, 0.0293, 0.1478, 0.2437, 0.2917] **
max =  0.2917 | max_idx =  6
**pseudo_label ->  [0.0242, 0.1265, 0.1912, 0.1973, 0.1844, 0.1013, 0.175] **
max =  0.1973 | max_idx =  3
Epoch 14/50, Train Loss: 1.7741, Valid Loss: 3.2750, Train Acc: 0.3214, Val Acc: 0.1661, Test Acc: 0.3463, Test F1: 0.1785, Total Pseudo-Labels: 0, Correct Pseudo-Labels: 0, Train Data Number: 84



line 303 => train data수 84
line 258 => 인스턴스 수 12
Step 166  Tim 0:33:55
acc_train_cw(현재 train의 class별 acc) [1.0, 0.0, 0.0, 0.0, 0.5, 0.0, 1.0]
cw_psl_total_eval(pseudo label 클래스별 총 샘플 수):  [0, 0, 374, 28, 0, 10, 0]
cw_psl_correct_eval(pseudo label 클래스별 맞은 샘플 수):  [0, 0, 86, 3, 0, 3, 0]
psl_acc(PSL 평가에서의 정확도):  0.223 
cw_psl_acc(클래스별 PSL 평가에서의 정확도):  [nan, nan, 0.22994652390480042, 0.1071428582072258, nan, 0.30000001192092896, nan]
**pseudo_label ->  [0.7528, 0.0011, 0.0257, 0.199, 0.0213, 0.0001, 0.0] **
max =  0.7528 | max_idx =  0
**pseudo_label ->  [0.0001, 0.0595, 0.0001, 0.0, 0.0095, 0.2839, 0.6469] **
max =  0.6469 | max_idx =  6
**pseudo_label ->  [0.0014, 0.0932, 0.0005, 0.0005, 0.0549, 0.3408, 0.5087] **
max =  0.5087 | max_idx =  6
**pseudo_label ->  [0.0053, 0.1092, 0.0014, 0.0015, 0.0988, 0.3423, 0.4417] **
max =  0.4417 | max_idx =  6
**pseudo_label ->  [0.0358, 0.1383, 0.0068, 0.0162, 0.2836, 0.2165, 0.3028] **
max =  0.3028 | max_idx =  6
Epoch 15/50, Train Loss: 1.8738, Valid Loss: 2.9535, Train Acc: 0.3571, Val Acc: 0.1922, Test Acc: 0.0717, Test F1: 0.0536, Total Pseudo-Labels: 0, Correct Pseudo-Labels: 0, Train Data Number: 84



line 303 => train data수 84
line 258 => 인스턴스 수 12
Step 178  Tim 0:36:17
acc_train_cw(현재 train의 class별 acc) [0.0, 0.25, 0.0, 1.0, 0.833, 0.667, 0.0]
cw_psl_total_eval(pseudo label 클래스별 총 샘플 수):  [427, 0, 0, 1, 0, 0, 38]
cw_psl_correct_eval(pseudo label 클래스별 맞은 샘플 수):  [187, 0, 0, 0, 0, 0, 5]
psl_acc(PSL 평가에서의 정확도):  0.412 
cw_psl_acc(클래스별 PSL 평가에서의 정확도):  [0.4379391074180603, nan, nan, 0.0, nan, nan, 0.1315789520740509]
**pseudo_label ->  [0.1953, 0.0036, 0.3422, 0.4465, 0.0124, 0.0, 0.0] **
max =  0.4465 | max_idx =  3
**pseudo_label ->  [0.0003, 0.2815, 0.0001, 0.0, 0.1243, 0.4608, 0.1331] **
max =  0.4608 | max_idx =  5
**pseudo_label ->  [0.0082, 0.3102, 0.0029, 0.0037, 0.4138, 0.1875, 0.0736] **
max =  0.4138 | max_idx =  4
**pseudo_label ->  [0.0057, 0.3949, 0.0021, 0.0024, 0.3872, 0.1475, 0.0602] **
max =  0.3949 | max_idx =  1
**pseudo_label ->  [0.0209, 0.2538, 0.0099, 0.0094, 0.59, 0.0728, 0.0432] **
max =  0.59 | max_idx =  4
Epoch 16/50, Train Loss: 1.5446, Valid Loss: 4.3835, Train Acc: 0.3929, Val Acc: 0.2476, Test Acc: 0.3279, Test F1: 0.1756, Total Pseudo-Labels: 0, Correct Pseudo-Labels: 0, Train Data Number: 84



line 303 => train data수 84
line 258 => 인스턴스 수 12
Step 190  Tim 0:38:40
acc_train_cw(현재 train의 class별 acc) [0.0, 0.083, 0.0, 0.917, 0.0, 1.0, 0.0]
cw_psl_total_eval(pseudo label 클래스별 총 샘플 수):  [0, 0, 1, 419, 20, 49, 0]
cw_psl_correct_eval(pseudo label 클래스별 맞은 샘플 수):  [0, 0, 0, 65, 6, 24, 0]
psl_acc(PSL 평가에서의 정확도):  0.194 
cw_psl_acc(클래스별 PSL 평가에서의 정확도):  [nan, nan, 0.0, 0.1551312655210495, 0.30000001192092896, 0.4897959232330322, nan]
**pseudo_label ->  [0.2255, 0.008, 0.3892, 0.2419, 0.1354, 0.0, 0.0] **
max =  0.3892 | max_idx =  2
**pseudo_label ->  [0.0001, 0.0651, 0.0, 0.0, 0.0123, 0.7278, 0.1948] **
max =  0.7278 | max_idx =  5
**pseudo_label ->  [0.0002, 0.1761, 0.0001, 0.0, 0.0368, 0.5847, 0.2021] **
max =  0.5847 | max_idx =  5
**pseudo_label ->  [0.0007, 0.1538, 0.0001, 0.0001, 0.0429, 0.6179, 0.1845] **
max =  0.6179 | max_idx =  5
**pseudo_label ->  [0.0008, 0.2804, 0.0001, 0.0001, 0.0934, 0.4663, 0.1588] **
max =  0.4663 | max_idx =  5
Epoch 17/50, Train Loss: 1.5750, Valid Loss: 4.4407, Train Acc: 0.2857, Val Acc: 0.1368, Test Acc: 0.4160, Test F1: 0.2054, Total Pseudo-Labels: 0, Correct Pseudo-Labels: 0, Train Data Number: 84



line 303 => train data수 84
line 258 => 인스턴스 수 12
Step 202  Tim 0:41:03
acc_train_cw(현재 train의 class별 acc) [0.833, 0.0, 0.0, 0.25, 0.917, 0.0, 0.417]
cw_psl_total_eval(pseudo label 클래스별 총 샘플 수):  [0, 0, 1, 57, 0, 798, 0]
cw_psl_correct_eval(pseudo label 클래스별 맞은 샘플 수):  [0, 0, 0, 6, 0, 217, 0]
psl_acc(PSL 평가에서의 정확도):  0.261 
cw_psl_acc(클래스별 PSL 평가에서의 정확도):  [nan, nan, 0.0, 0.10526315867900848, nan, 0.2719298303127289, nan]
**pseudo_label ->  [0.5792, 0.0005, 0.0387, 0.3798, 0.0019, 0.0, 0.0] **
max =  0.5792 | max_idx =  0
**pseudo_label ->  [0.0001, 0.4542, 0.0, 0.0, 0.2439, 0.0776, 0.2242] **
max =  0.4542 | max_idx =  1
**pseudo_label ->  [0.0004, 0.1635, 0.0, 0.0, 0.6725, 0.0476, 0.1159] **
max =  0.6725 | max_idx =  4
**pseudo_label ->  [0.0004, 0.2898, 0.0, 0.0, 0.4267, 0.105, 0.178] **
max =  0.4267 | max_idx =  4
**pseudo_label ->  [0.0009, 0.275, 0.0001, 0.0001, 0.5967, 0.0302, 0.0969] **
max =  0.5967 | max_idx =  4
Epoch 18/50, Train Loss: 1.5244, Valid Loss: 5.9884, Train Acc: 0.3452, Val Acc: 0.2150, Test Acc: 0.0615, Test F1: 0.0705, Total Pseudo-Labels: 0, Correct Pseudo-Labels: 0, Train Data Number: 84



line 303 => train data수 84
line 258 => 인스턴스 수 12
Step 214  Tim 0:43:25
acc_train_cw(현재 train의 class별 acc) [0.0, 0.0, 0.0, 0.833, 0.25, 0.0, 1.0]
cw_psl_total_eval(pseudo label 클래스별 총 샘플 수):  [27, 0, 0, 141, 272, 0, 0]
cw_psl_correct_eval(pseudo label 클래스별 맞은 샘플 수):  [14, 0, 0, 21, 38, 0, 0]
psl_acc(PSL 평가에서의 정확도):  0.166 
cw_psl_acc(클래스별 PSL 평가에서의 정확도):  [0.5185185074806213, nan, nan, 0.1489361673593521, 0.13970588147640228, nan, nan]
**pseudo_label ->  [0.0489, 0.0006, 0.3994, 0.5324, 0.0186, 0.0, 0.0] **
max =  0.5324 | max_idx =  3
**pseudo_label ->  [0.0001, 0.1351, 0.0, 0.0, 0.0687, 0.2748, 0.5213] **
max =  0.5213 | max_idx =  6
**pseudo_label ->  [0.0002, 0.3084, 0.0, 0.0, 0.1174, 0.2473, 0.3267] **
max =  0.3267 | max_idx =  6
**pseudo_label ->  [0.0002, 0.3495, 0.0, 0.0, 0.1114, 0.2683, 0.2706] **
max =  0.3495 | max_idx =  1
**pseudo_label ->  [0.0003, 0.2843, 0.0, 0.0, 0.1214, 0.2127, 0.3813] **
max =  0.3813 | max_idx =  6
Epoch 19/50, Train Loss: 1.7177, Valid Loss: 5.9778, Train Acc: 0.2976, Val Acc: 0.1857, Test Acc: 0.0594, Test F1: 0.0474, Total Pseudo-Labels: 0, Correct Pseudo-Labels: 0, Train Data Number: 84



line 303 => train data수 84
line 258 => 인스턴스 수 12
Step 226  Tim 0:45:48
acc_train_cw(현재 train의 class별 acc) [0.833, 0.0, 0.0, 0.167, 0.083, 1.0, 0.0]
cw_psl_total_eval(pseudo label 클래스별 총 샘플 수):  [1, 0, 1, 105, 354, 0, 1]
cw_psl_correct_eval(pseudo label 클래스별 맞은 샘플 수):  [1, 0, 0, 14, 37, 0, 0]
psl_acc(PSL 평가에서의 정확도):  0.113 
cw_psl_acc(클래스별 PSL 평가에서의 정확도):  [1.0, nan, 0.0, 0.13333334028720856, 0.10451977699995041, nan, 0.0]
**pseudo_label ->  [0.1637, 0.0, 0.2656, 0.5666, 0.004, 0.0, 0.0] **
max =  0.5666 | max_idx =  3
**pseudo_label ->  [0.0, 0.0537, 0.0, 0.0, 0.0203, 0.7654, 0.1606] **
max =  0.7654 | max_idx =  5
**pseudo_label ->  [0.0001, 0.1021, 0.0, 0.0, 0.0385, 0.7514, 0.1079] **
max =  0.7514 | max_idx =  5
**pseudo_label ->  [0.0001, 0.093, 0.0, 0.0, 0.0244, 0.7699, 0.1127] **
max =  0.7699 | max_idx =  5
**pseudo_label ->  [0.0009, 0.1118, 0.0, 0.0001, 0.1601, 0.5542, 0.1729] **
max =  0.5542 | max_idx =  5
Epoch 20/50, Train Loss: 1.6632, Valid Loss: 5.4317, Train Acc: 0.2976, Val Acc: 0.0847, Test Acc: 0.3422, Test F1: 0.1608, Total Pseudo-Labels: 0, Correct Pseudo-Labels: 0, Train Data Number: 84



line 303 => train data수 84
line 258 => 인스턴스 수 12
Step 238  Tim 0:48:11
acc_train_cw(현재 train의 class별 acc) [0.583, 0.0, 0.167, 0.333, 0.083, 0.0, 0.917]
cw_psl_total_eval(pseudo label 클래스별 총 샘플 수):  [49, 0, 0, 14, 206, 1265, 0]
cw_psl_correct_eval(pseudo label 클래스별 맞은 샘플 수):  [30, 0, 0, 1, 21, 233, 0]
psl_acc(PSL 평가에서의 정확도):  0.186 
cw_psl_acc(클래스별 PSL 평가에서의 정확도):  [0.6122449040412903, nan, nan, 0.0714285746216774, 0.10194174945354462, 0.18418972194194794, nan]
**pseudo_label ->  [0.3608, 0.0064, 0.136, 0.1961, 0.2996, 0.0005, 0.0005] **
max =  0.3608 | max_idx =  0
**pseudo_label ->  [0.0002, 0.0158, 0.0, 0.0, 0.0872, 0.3043, 0.5925] **
max =  0.5925 | max_idx =  6
**pseudo_label ->  [0.0002, 0.0224, 0.0, 0.0, 0.0838, 0.5642, 0.3294] **
max =  0.5642 | max_idx =  5
**pseudo_label ->  [0.0003, 0.0119, 0.0, 0.0, 0.0877, 0.3466, 0.5535] **
max =  0.5535 | max_idx =  6
**pseudo_label ->  [0.0008, 0.0317, 0.0, 0.0, 0.1359, 0.3356, 0.4959] **
max =  0.4959 | max_idx =  6
Balance pseudo label class ->  [1, 3, 4, 5, 6, 7]  value ->  1
add data ->  6
Epoch 21/50, Train Loss: 3.5071, Valid Loss: 2.5140, Train Acc: 0.2976, Val Acc: 0.1531, Test Acc: 0.0553, Test F1: 0.0586, Total Pseudo-Labels: 0, Correct Pseudo-Labels: 0, Train Data Number: 90



line 303 => train data수 90
line 258 => 인스턴스 수 13
Step 250  Tim 0:50:35
acc_train_cw(현재 train의 class별 acc) [0.385, 0.0, 0.0, 1.0, 0.0, 0.0, 0.0]
cw_psl_total_eval(pseudo label 클래스별 총 샘플 수):  [14, 0, 1, 9, 303, 3, 126]
cw_psl_correct_eval(pseudo label 클래스별 맞은 샘플 수):  [12, 0, 1, 2, 31, 1, 34]
psl_acc(PSL 평가에서의 정확도):  0.178 
cw_psl_acc(클래스별 PSL 평가에서의 정확도):  [0.8571428656578064, nan, 1.0, 0.2222222238779068, 0.10231023281812668, 0.3333333432674408, 0.2698412835597992]
***pse_model_save --- epoch = 22***
Save model to ./experiment/python_extended_data/output/
**pseudo_label ->  [0.0873, 0.026, 0.1164, 0.7376, 0.0322, 0.0, 0.0005] **
max =  0.7376 | max_idx =  3
**pseudo_label ->  [0.0249, 0.0358, 0.0632, 0.7918, 0.0839, 0.0001, 0.0002] **
max =  0.7918 | max_idx =  3
**pseudo_label ->  [0.0657, 0.0872, 0.0574, 0.7682, 0.0212, 0.0, 0.0002] **
max =  0.7682 | max_idx =  3
**pseudo_label ->  [0.1107, 0.0655, 0.2151, 0.5457, 0.0629, 0.0, 0.0001] **
max =  0.5457 | max_idx =  3
**pseudo_label ->  [0.1215, 0.0341, 0.0891, 0.6463, 0.1087, 0.0, 0.0003] **
max =  0.6463 | max_idx =  3
Epoch 22/50, Train Loss: 3.0478, Valid Loss: 1.8617, Train Acc: 0.2000, Val Acc: 0.3876, Test Acc: 0.1619, Test F1: 0.0398, Total Pseudo-Labels: 0, Correct Pseudo-Labels: 0, Train Data Number: 90



line 303 => train data수 90
line 258 => 인스턴스 수 13
Step 263  Tim 0:53:38
acc_train_cw(현재 train의 class별 acc) [0.385, 0.0, 0.0, 1.0, 0.0, 0.0, 0.0]
cw_psl_total_eval(pseudo label 클래스별 총 샘플 수):  [5, 0, 0, 866, 0, 0, 0]
cw_psl_correct_eval(pseudo label 클래스별 맞은 샘플 수):  [5, 0, 0, 129, 0, 0, 0]
psl_acc(PSL 평가에서의 정확도):  0.154 
cw_psl_acc(클래스별 PSL 평가에서의 정확도):  [1.0, nan, nan, 0.14896073937416077, nan, nan, nan]
**pseudo_label ->  [0.1757, 0.0005, 0.231, 0.5801, 0.0106, 0.0007, 0.0014] **
max =  0.5801 | max_idx =  3
**pseudo_label ->  [0.0157, 0.0047, 0.3008, 0.4932, 0.1089, 0.0415, 0.0353] **
max =  0.4932 | max_idx =  3
**pseudo_label ->  [0.2751, 0.0016, 0.2131, 0.4484, 0.0323, 0.0151, 0.0144] **
max =  0.4484 | max_idx =  3
**pseudo_label ->  [0.0635, 0.0031, 0.4334, 0.2147, 0.1013, 0.167, 0.0168] **
max =  0.4334 | max_idx =  2
**pseudo_label ->  [0.0382, 0.0025, 0.1801, 0.7075, 0.0201, 0.0153, 0.0362] **
max =  0.7075 | max_idx =  3
Epoch 23/50, Train Loss: 2.0758, Valid Loss: 3.2210, Train Acc: 0.2000, Val Acc: 0.3779, Test Acc: 0.1742, Test F1: 0.0683, Total Pseudo-Labels: 0, Correct Pseudo-Labels: 0, Train Data Number: 90



line 303 => train data수 90
line 258 => 인스턴스 수 13
Step 276  Tim 0:56:02
acc_train_cw(현재 train의 class별 acc) [0.846, 0.0, 0.846, 0.385, 0.154, 0.0, 1.0]
cw_psl_total_eval(pseudo label 클래스별 총 샘플 수):  [14, 0, 45, 519, 0, 0, 0]
cw_psl_correct_eval(pseudo label 클래스별 맞은 샘플 수):  [10, 0, 10, 86, 0, 0, 0]
psl_acc(PSL 평가에서의 정확도):  0.183 
cw_psl_acc(클래스별 PSL 평가에서의 정확도):  [0.7142857313156128, nan, 0.2222222238779068, 0.16570328176021576, nan, nan, nan]
**pseudo_label ->  [0.236, 0.0005, 0.5925, 0.1135, 0.0494, 0.0012, 0.0069] **
max =  0.5925 | max_idx =  2
**pseudo_label ->  [0.0, 0.0017, 0.0003, 0.0, 0.3287, 0.1786, 0.4907] **
max =  0.4907 | max_idx =  6
**pseudo_label ->  [0.0032, 0.0045, 0.0237, 0.0143, 0.7594, 0.0199, 0.1749] **
max =  0.7594 | max_idx =  4
**pseudo_label ->  [0.0001, 0.0042, 0.0006, 0.0001, 0.083, 0.072, 0.8401] **
max =  0.8401 | max_idx =  6
**pseudo_label ->  [0.0002, 0.0021, 0.0006, 0.0002, 0.3226, 0.0955, 0.5788] **
max =  0.5788 | max_idx =  6
Epoch 24/50, Train Loss: 1.9658, Valid Loss: 4.2390, Train Acc: 0.4667, Val Acc: 0.2020, Test Acc: 0.0799, Test F1: 0.0897, Total Pseudo-Labels: 0, Correct Pseudo-Labels: 0, Train Data Number: 90



line 303 => train data수 90
line 258 => 인스턴스 수 13
Step 289  Tim 0:58:25
acc_train_cw(현재 train의 class별 acc) [1.0, 1.0, 0.846, 0.308, 0.0, 0.0, 0.0]
cw_psl_total_eval(pseudo label 클래스별 총 샘플 수):  [38, 0, 10, 0, 133, 0, 265]
cw_psl_correct_eval(pseudo label 클래스별 맞은 샘플 수):  [33, 0, 2, 0, 20, 0, 52]
psl_acc(PSL 평가에서의 정확도):  0.24 
cw_psl_acc(클래스별 PSL 평가에서의 정확도):  [0.8684210777282715, nan, 0.20000000298023224, nan, 0.15037593245506287, nan, 0.19622641801834106]
**pseudo_label ->  [0.0338, 0.4695, 0.434, 0.0105, 0.0061, 0.038, 0.008] **
max =  0.4695 | max_idx =  1
**pseudo_label ->  [0.0, 0.3294, 0.0001, 0.0, 0.0007, 0.6288, 0.0409] **
max =  0.6288 | max_idx =  5
**pseudo_label ->  [0.0053, 0.7682, 0.1255, 0.0031, 0.0024, 0.0865, 0.009] **
max =  0.7682 | max_idx =  1
**pseudo_label ->  [0.0, 0.8622, 0.0003, 0.0001, 0.0061, 0.116, 0.0152] **
max =  0.8622 | max_idx =  1
**pseudo_label ->  [0.0001, 0.6203, 0.0007, 0.0, 0.0065, 0.3369, 0.0355] **
max =  0.6203 | max_idx =  1
Epoch 25/50, Train Loss: 1.5687, Valid Loss: 3.6507, Train Acc: 0.4444, Val Acc: 0.0977, Test Acc: 0.2418, Test F1: 0.1279, Total Pseudo-Labels: 1, Correct Pseudo-Labels: 0, Train Data Number: 90



line 303 => train data수 90
line 258 => 인스턴스 수 13
Step 302  Tim 1:00:49
acc_train_cw(현재 train의 class별 acc) [1.0, 0.0, 0.692, 0.0, 0.385, 0.0, 1.0]
cw_psl_total_eval(pseudo label 클래스별 총 샘플 수):  [92, 1671, 58, 4, 0, 7, 0]
cw_psl_correct_eval(pseudo label 클래스별 맞은 샘플 수):  [62, 220, 8, 1, 0, 3, 0]
psl_acc(PSL 평가에서의 정확도):  0.16 
cw_psl_acc(클래스별 PSL 평가에서의 정확도):  [0.6739130616188049, 0.1316576898097992, 0.13793103396892548, 0.25, nan, 0.4285714328289032, nan]
**pseudo_label ->  [0.1474, 0.0046, 0.7105, 0.0006, 0.135, 0.0003, 0.0015] **
max =  0.7105 | max_idx =  2
**pseudo_label ->  [0.0001, 0.0514, 0.0081, 0.0, 0.1795, 0.1366, 0.6243] **
max =  0.6243 | max_idx =  6
**pseudo_label ->  [0.0592, 0.0213, 0.453, 0.0016, 0.4401, 0.0063, 0.0186] **
max =  0.453 | max_idx =  2
**pseudo_label ->  [0.0051, 0.2231, 0.0838, 0.0, 0.2387, 0.2006, 0.2487] **
max =  0.2487 | max_idx =  6
**pseudo_label ->  [0.0008, 0.2441, 0.0602, 0.0001, 0.3596, 0.0849, 0.2502] **
max =  0.3596 | max_idx =  4
Epoch 26/50, Train Loss: 1.4370, Valid Loss: 4.5404, Train Acc: 0.4444, Val Acc: 0.2280, Test Acc: 0.1025, Test F1: 0.0873, Total Pseudo-Labels: 0, Correct Pseudo-Labels: 0, Train Data Number: 90



line 303 => train data수 90
line 258 => 인스턴스 수 13
Step 315  Tim 1:03:12
acc_train_cw(현재 train의 class별 acc) [1.0, 0.0, 0.615, 0.0, 1.0, 0.0, 0.769]
cw_psl_total_eval(pseudo label 클래스별 총 샘플 수):  [668, 0, 319, 0, 19, 0, 9]
cw_psl_correct_eval(pseudo label 클래스별 맞은 샘플 수):  [272, 0, 71, 0, 3, 0, 2]
psl_acc(PSL 평가에서의 정확도):  0.343 
cw_psl_acc(클래스별 PSL 평가에서의 정확도):  [0.4071856141090393, nan, 0.222570538520813, nan, 0.15789473056793213, nan, 0.2222222238779068]
**pseudo_label ->  [0.072, 0.0101, 0.0832, 0.0123, 0.8203, 0.0004, 0.0017] **
max =  0.8203 | max_idx =  4
**pseudo_label ->  [0.0, 0.0057, 0.0001, 0.0, 0.2364, 0.4073, 0.3505] **
max =  0.4073 | max_idx =  5
**pseudo_label ->  [0.0047, 0.1689, 0.2392, 0.001, 0.5718, 0.0018, 0.0127] **
max =  0.5718 | max_idx =  4
**pseudo_label ->  [0.0001, 0.0485, 0.0006, 0.0, 0.6283, 0.1829, 0.1397] **
max =  0.6283 | max_idx =  4
**pseudo_label ->  [0.0001, 0.0098, 0.0007, 0.0, 0.8886, 0.0308, 0.0702] **
max =  0.8886 | max_idx =  4
Epoch 27/50, Train Loss: 0.9729, Valid Loss: 4.1899, Train Acc: 0.4889, Val Acc: 0.1824, Test Acc: 0.0553, Test F1: 0.0621, Total Pseudo-Labels: 1, Correct Pseudo-Labels: 0, Train Data Number: 90



line 303 => train data수 90
line 258 => 인스턴스 수 13
Step 328  Tim 1:05:35
acc_train_cw(현재 train의 class별 acc) [0.769, 1.0, 1.0, 1.0, 0.692, 1.0, 0.0]
cw_psl_total_eval(pseudo label 클래스별 총 샘플 수):  [148, 0, 7, 0, 1946, 0, 0]
cw_psl_correct_eval(pseudo label 클래스별 맞은 샘플 수):  [101, 0, 0, 0, 335, 0, 0]
psl_acc(PSL 평가에서의 정확도):  0.208 
cw_psl_acc(클래스별 PSL 평가에서의 정확도):  [0.6824324131011963, nan, 0.0, nan, 0.1721479892730713, nan, nan]
**pseudo_label ->  [0.0194, 0.0157, 0.0098, 0.6418, 0.3126, 0.0005, 0.0003] **
max =  0.6418 | max_idx =  3
**pseudo_label ->  [0.0, 0.0261, 0.0, 0.0, 0.0394, 0.849, 0.0855] **
max =  0.849 | max_idx =  5
**pseudo_label ->  [0.0014, 0.3486, 0.2284, 0.0023, 0.4138, 0.003, 0.0024] **
max =  0.4138 | max_idx =  4
**pseudo_label ->  [0.0, 0.0492, 0.0, 0.0, 0.1243, 0.788, 0.0384] **
max =  0.788 | max_idx =  5
**pseudo_label ->  [0.0, 0.1199, 0.0001, 0.0, 0.0692, 0.5757, 0.2351] **
max =  0.5757 | max_idx =  5
Balance pseudo label class ->  [1, 2, 3, 4, 5, 6]  value ->  116
add data ->  696
Epoch 28/50, Train Loss: 1.2300, Valid Loss: 5.2657, Train Acc: 0.7778, Val Acc: 0.2052, Test Acc: 0.3996, Test F1: 0.2578, Total Pseudo-Labels: 0, Correct Pseudo-Labels: 0, Train Data Number: 776



line 303 => train data수 776
line 258 => 인스턴스 수 111
Step 341  Tim 1:09:51
acc_train_cw(현재 train의 class별 acc) [0.984, 0.961, 0.452, 0.578, 0.0, 0.984, 0.0]
cw_psl_total_eval(pseudo label 클래스별 총 샘플 수):  [116, 499, 150, 492, 216, 382, 0]
cw_psl_correct_eval(pseudo label 클래스별 맞은 샘플 수):  [94, 85, 31, 118, 50, 138, 0]
psl_acc(PSL 평가에서의 정확도):  0.278 
cw_psl_acc(클래스별 PSL 평가에서의 정확도):  [0.8103448152542114, 0.17034068703651428, 0.20666666328907013, 0.2398373931646347, 0.23148147761821747, 0.36125653982162476, nan]
***pse_model_save --- epoch = 29***
Save model to ./experiment/python_extended_data/output/
**pseudo_label ->  [0.0731, 0.6502, 0.0455, 0.1151, 0.1095, 0.003, 0.0036] **
max =  0.6502 | max_idx =  1
**pseudo_label ->  [0.0, 0.0172, 0.0, 0.0, 0.0004, 0.965, 0.0175] **
max =  0.965 | max_idx =  5
**pseudo_label ->  [0.0003, 0.9738, 0.004, 0.0001, 0.011, 0.0066, 0.0042] **
max =  0.9738 | max_idx =  1
**pseudo_label ->  [0.0, 0.0089, 0.0, 0.0, 0.0029, 0.9355, 0.0527] **
max =  0.9355 | max_idx =  5
**pseudo_label ->  [0.0, 0.8828, 0.0001, 0.0, 0.003, 0.0891, 0.025] **
max =  0.8828 | max_idx =  1
Epoch 29/50, Train Loss: 0.7584, Valid Loss: 5.4184, Train Acc: 0.6482, Val Acc: 0.1075, Test Acc: 0.3893, Test F1: 0.2085, Total Pseudo-Labels: 0, Correct Pseudo-Labels: 0, Train Data Number: 776



line 303 => train data수 776
line 258 => 인스턴스 수 111
Step 452  Tim 1:14:49
acc_train_cw(현재 train의 class별 acc) [0.952, 0.827, 0.984, 0.969, 0.736, 0.992, 0.0]
cw_psl_total_eval(pseudo label 클래스별 총 샘플 수):  [482, 1268, 27, 281, 0, 636, 0]
cw_psl_correct_eval(pseudo label 클래스별 맞은 샘플 수):  [240, 232, 3, 65, 0, 214, 0]
psl_acc(PSL 평가에서의 정확도):  0.28 
cw_psl_acc(클래스별 PSL 평가에서의 정확도):  [0.4979253113269806, 0.18296529352664948, 0.1111111119389534, 0.2313167303800583, nan, 0.33647799491882324, nan]
**pseudo_label ->  [0.001, 0.0155, 0.0681, 0.217, 0.6969, 0.0015, 0.0001] **
max =  0.6969 | max_idx =  4
**pseudo_label ->  [0.0, 0.0002, 0.0, 0.0, 0.0003, 0.9988, 0.0007] **
max =  0.9988 | max_idx =  5
**pseudo_label ->  [0.0046, 0.0406, 0.4653, 0.025, 0.4614, 0.0023, 0.0008] **
max =  0.4653 | max_idx =  2
**pseudo_label ->  [0.0, 0.007, 0.0002, 0.0002, 0.0861, 0.9016, 0.0049] **
max =  0.9016 | max_idx =  5
**pseudo_label ->  [0.0, 0.4353, 0.0058, 0.0, 0.0821, 0.467, 0.0098] **
max =  0.467 | max_idx =  5
Balance pseudo label class ->  [1, 2, 3, 4, 5, 6]  value ->  160
add data ->  960
Epoch 30/50, Train Loss: 0.5653, Valid Loss: 4.9124, Train Acc: 0.8956, Val Acc: 0.2248, Test Acc: 0.3730, Test F1: 0.2104, Total Pseudo-Labels: 0, Correct Pseudo-Labels: 0, Train Data Number: 1476



line 303 => train data수 1476
line 258 => 인스턴스 수 211
Step 563  Tim 1:21:11
acc_train_cw(현재 train의 class별 acc) [0.973, 0.899, 0.913, 0.968, 0.64, 0.937, 0.0]
cw_psl_total_eval(pseudo label 클래스별 총 샘플 수):  [160, 323, 931, 408, 181, 747, 0]
cw_psl_correct_eval(pseudo label 클래스별 맞은 샘플 수):  [125, 61, 184, 105, 34, 229, 0]
psl_acc(PSL 평가에서의 정확도):  0.268 
cw_psl_acc(클래스별 PSL 평가에서의 정확도):  [0.78125, 0.18885448575019836, 0.1976369470357895, 0.25735294818878174, 0.18784530460834503, 0.30655956268310547, nan]
***pse_model_save --- epoch = 31***
Save model to ./experiment/python_extended_data/output/
**pseudo_label ->  [0.0001, 0.001, 0.002, 0.6093, 0.3874, 0.0001, 0.0] **
max =  0.6093 | max_idx =  3
**pseudo_label ->  [0.0, 0.0023, 0.0, 0.0, 0.0005, 0.9898, 0.0074] **
max =  0.9898 | max_idx =  5
**pseudo_label ->  [0.0002, 0.1557, 0.6021, 0.002, 0.2247, 0.0107, 0.0046] **
max =  0.6021 | max_idx =  2
**pseudo_label ->  [0.0, 0.034, 0.0024, 0.0006, 0.491, 0.4384, 0.0336] **
max =  0.491 | max_idx =  4
**pseudo_label ->  [0.0, 0.4134, 0.0266, 0.0001, 0.3812, 0.136, 0.0426] **
max =  0.4134 | max_idx =  1
Balance pseudo label class ->  [1, 2, 3, 4, 5, 6]  value ->  253
add data ->  1518
Epoch 31/50, Train Loss: 0.5164, Valid Loss: 5.9070, Train Acc: 0.8780, Val Acc: 0.2671, Test Acc: 0.3504, Test F1: 0.2082, Total Pseudo-Labels: 0, Correct Pseudo-Labels: 0, Train Data Number: 2321



line 303 => train data수 2321
line 258 => 인스턴스 수 332
Step 774  Tim 1:30:37
acc_train_cw(현재 train의 class별 acc) [0.807, 0.913, 0.928, 0.894, 0.94, 0.948, 0.0]
cw_psl_total_eval(pseudo label 클래스별 총 샘플 수):  [253, 426, 733, 643, 335, 576, 0]
cw_psl_correct_eval(pseudo label 클래스별 맞은 샘플 수):  [183, 79, 154, 162, 72, 202, 0]
psl_acc(PSL 평가에서의 정확도):  0.287 
cw_psl_acc(클래스별 PSL 평가에서의 정확도):  [0.7233201861381531, 0.18544600903987885, 0.21009549498558044, 0.25194400548934937, 0.2149253785610199, 0.3506944477558136, nan]
***pse_model_save --- epoch = 32***
Save model to ./experiment/python_extended_data/output/
**pseudo_label ->  [0.0, 0.0016, 0.0025, 0.0749, 0.921, 0.0, 0.0] **
max =  0.921 | max_idx =  4
**pseudo_label ->  [0.0, 0.0, 0.0, 0.0, 0.0, 0.9996, 0.0004] **
max =  0.9996 | max_idx =  5
**pseudo_label ->  [0.0, 0.029, 0.9267, 0.0002, 0.044, 0.0, 0.0] **
max =  0.9267 | max_idx =  2
**pseudo_label ->  [0.0, 0.0003, 0.0, 0.0, 0.1011, 0.8885, 0.0101] **
max =  0.8885 | max_idx =  5
**pseudo_label ->  [0.0, 0.0058, 0.0259, 0.0002, 0.9591, 0.0063, 0.0025] **
max =  0.9591 | max_idx =  4
Balance pseudo label class ->  [1, 2, 3, 4, 5, 6]  value ->  183
add data ->  1098
Epoch 32/50, Train Loss: 0.4414, Valid Loss: 7.4725, Train Acc: 0.9074, Val Acc: 0.2801, Test Acc: 0.3381, Test F1: 0.2059, Total Pseudo-Labels: 0, Correct Pseudo-Labels: 0, Train Data Number: 2677



line 303 => train data수 2677
line 258 => 인스턴스 수 383
Step 1106  Tim 1:40:25
acc_train_cw(현재 train의 class별 acc) [0.948, 0.939, 0.909, 0.889, 0.635, 0.992, 0.0]
cw_psl_total_eval(pseudo label 클래스별 총 샘플 수):  [183, 462, 716, 430, 709, 630, 0]
cw_psl_correct_eval(pseudo label 클래스별 맞은 샘플 수):  [143, 75, 177, 106, 160, 206, 0]
psl_acc(PSL 평가에서의 정확도):  0.277 
cw_psl_acc(클래스별 PSL 평가에서의 정확도):  [0.7814207673072815, 0.16233766078948975, 0.2472067028284073, 0.24651162326335907, 0.2256699502468109, 0.32698413729667664, nan]
***pse_model_save --- epoch = 33***
Save model to ./experiment/python_extended_data/output/
**pseudo_label ->  [0.0012, 0.0062, 0.2063, 0.4651, 0.3213, 0.0, 0.0] **
max =  0.4651 | max_idx =  3
**pseudo_label ->  [0.0, 0.0, 0.0, 0.0, 0.0, 1.0, 0.0] **
max =  1.0 | max_idx =  5
**pseudo_label ->  [0.0001, 0.0007, 0.01, 0.1851, 0.8035, 0.0005, 0.0] **
max =  0.8035 | max_idx =  4
**pseudo_label ->  [0.0, 0.0015, 0.0, 0.0, 0.0022, 0.9959, 0.0004] **
max =  0.9959 | max_idx =  5
**pseudo_label ->  [0.0, 0.0111, 0.0001, 0.0, 0.0169, 0.9702, 0.0016] **
max =  0.9702 | max_idx =  5
Balance pseudo label class ->  [1, 2, 3, 4, 5, 6]  value ->  265
add data ->  1590
Epoch 33/50, Train Loss: 0.4196, Valid Loss: 5.7335, Train Acc: 0.8756, Val Acc: 0.2117, Test Acc: 0.3545, Test F1: 0.2132, Total Pseudo-Labels: 0, Correct Pseudo-Labels: 0, Train Data Number: 3083



line 303 => train data수 3083
line 258 => 인스턴스 수 441
Step 1489  Tim 1:51:18
acc_train_cw(현재 train의 class별 acc) [0.993, 0.864, 0.854, 0.988, 0.852, 0.849, 0.0]
cw_psl_total_eval(pseudo label 클래스별 총 샘플 수):  [265, 620, 718, 431, 324, 909, 0]
cw_psl_correct_eval(pseudo label 클래스별 맞은 샘플 수):  [190, 107, 171, 107, 76, 255, 0]
psl_acc(PSL 평가에서의 정확도):  0.277 
cw_psl_acc(클래스별 PSL 평가에서의 정확도):  [0.7169811129570007, 0.17258064448833466, 0.23816156387329102, 0.24825985729694366, 0.23456789553165436, 0.2805280387401581, nan]
***pse_model_save --- epoch = 34***
Save model to ./experiment/python_extended_data/output/
**pseudo_label ->  [0.0002, 0.0, 0.0, 0.9855, 0.0143, 0.0, 0.0] **
max =  0.9855 | max_idx =  3
**pseudo_label ->  [0.0, 0.0001, 0.0, 0.0, 0.0008, 0.9729, 0.0261] **
max =  0.9729 | max_idx =  5
**pseudo_label ->  [0.0, 0.002, 0.008, 0.0272, 0.9628, 0.0, 0.0] **
max =  0.9628 | max_idx =  4
**pseudo_label ->  [0.0, 0.0207, 0.0, 0.0, 0.1675, 0.7129, 0.0989] **
max =  0.7129 | max_idx =  5
**pseudo_label ->  [0.0, 0.0869, 0.0001, 0.0, 0.0642, 0.5262, 0.3226] **
max =  0.5262 | max_idx =  5
Balance pseudo label class ->  [1, 2, 3, 4, 5, 6]  value ->  294
add data ->  1764
Epoch 34/50, Train Loss: 0.3594, Valid Loss: 5.8989, Train Acc: 0.8861, Val Acc: 0.2606, Test Acc: 0.3258, Test F1: 0.2061, Total Pseudo-Labels: 1, Correct Pseudo-Labels: 0, Train Data Number: 3361



line 303 => train data수 3361
line 258 => 인스턴스 수 481
Step 1930  Tim 2:03:32
acc_train_cw(현재 train의 class별 acc) [0.935, 0.925, 0.966, 0.985, 0.744, 0.764, 0.0]
cw_psl_total_eval(pseudo label 클래스별 총 샘플 수):  [294, 456, 532, 569, 730, 579, 0]
cw_psl_correct_eval(pseudo label 클래스별 맞은 샘플 수):  [202, 77, 114, 139, 148, 203, 0]
psl_acc(PSL 평가에서의 정확도):  0.279 
cw_psl_acc(클래스별 PSL 평가에서의 정확도):  [0.6870748400688171, 0.16885964572429657, 0.2142857164144516, 0.24428822100162506, 0.20273973047733307, 0.35060450434684753, nan]
***pse_model_save --- epoch = 35***
Save model to ./experiment/python_extended_data/output/
**pseudo_label ->  [0.0, 0.0, 0.0, 0.8371, 0.1628, 0.0, 0.0] **
max =  0.8371 | max_idx =  3
**pseudo_label ->  [0.0, 0.0141, 0.0, 0.0, 0.0029, 0.9353, 0.0476] **
max =  0.9353 | max_idx =  5
**pseudo_label ->  [0.0, 0.0002, 0.0036, 0.065, 0.931, 0.0002, 0.0] **
max =  0.931 | max_idx =  4
**pseudo_label ->  [0.0, 0.0023, 0.0, 0.0, 0.6593, 0.3173, 0.0211] **
max =  0.6593 | max_idx =  4
**pseudo_label ->  [0.0, 0.5762, 0.002, 0.0, 0.2184, 0.1636, 0.0397] **
max =  0.5762 | max_idx =  1
Balance pseudo label class ->  [1, 2, 3, 4, 5, 6]  value ->  282
add data ->  1692
Epoch 35/50, Train Loss: 0.3702, Valid Loss: 5.7492, Train Acc: 0.8744, Val Acc: 0.2834, Test Acc: 0.3463, Test F1: 0.2367, Total Pseudo-Labels: 0, Correct Pseudo-Labels: 0, Train Data Number: 3529



line 303 => train data수 3529
line 258 => 인스턴스 수 505
Step 2411  Tim 2:16:19
acc_train_cw(현재 train의 class별 acc) [0.921, 0.918, 0.919, 0.945, 0.879, 0.976, 0.0]
cw_psl_total_eval(pseudo label 클래스별 총 샘플 수):  [282, 563, 761, 644, 619, 430, 0]
cw_psl_correct_eval(pseudo label 클래스별 맞은 샘플 수):  [193, 95, 160, 161, 134, 172, 0]
psl_acc(PSL 평가에서의 정확도):  0.277 
cw_psl_acc(클래스별 PSL 평가에서의 정확도):  [0.6843971610069275, 0.16873890161514282, 0.21024967730045319, 0.25, 0.21647818386554718, 0.4000000059604645, nan]
***pse_model_save --- epoch = 36***
Save model to ./experiment/python_extended_data/output/
**pseudo_label ->  [0.0, 0.0, 0.0, 0.9718, 0.0282, 0.0, 0.0] **
max =  0.9718 | max_idx =  3
**pseudo_label ->  [0.0, 0.0, 0.0, 0.0, 0.0, 0.9961, 0.0038] **
max =  0.9961 | max_idx =  5
**pseudo_label ->  [0.0, 0.0006, 0.0002, 0.0065, 0.9785, 0.012, 0.0021] **
max =  0.9785 | max_idx =  4
**pseudo_label ->  [0.0, 0.0001, 0.0, 0.0001, 0.2999, 0.6913, 0.0087] **
max =  0.6913 | max_idx =  5
**pseudo_label ->  [0.0, 0.0001, 0.0, 0.0, 0.0012, 0.9842, 0.0146] **
max =  0.9842 | max_idx =  5
Balance pseudo label class ->  [1, 2, 3, 4, 5, 6]  value ->  267
add data ->  1602
Epoch 36/50, Train Loss: 0.3080, Valid Loss: 6.1486, Train Acc: 0.9229, Val Acc: 0.2736, Test Acc: 0.3504, Test F1: 0.2235, Total Pseudo-Labels: 1, Correct Pseudo-Labels: 0, Train Data Number: 3649



line 303 => train data수 3649
line 258 => 인스턴스 수 522
Step 2916  Tim 2:28:43
acc_train_cw(현재 train의 class별 acc) [0.964, 0.974, 0.978, 0.957, 0.913, 0.912, 0.0]
cw_psl_total_eval(pseudo label 클래스별 총 샘플 수):  [267, 523, 626, 551, 673, 700, 0]
cw_psl_correct_eval(pseudo label 클래스별 맞은 샘플 수):  [188, 90, 147, 133, 145, 223, 0]
psl_acc(PSL 평가에서의 정확도):  0.277 
cw_psl_acc(클래스별 PSL 평가에서의 정확도):  [0.704119861125946, 0.17208412289619446, 0.2348242849111557, 0.24137930572032928, 0.21545319259166718, 0.31857141852378845, nan]
***pse_model_save --- epoch = 37***
Save model to ./experiment/python_extended_data/output/
**pseudo_label ->  [0.0001, 0.0, 0.0, 0.9979, 0.002, 0.0, 0.0] **
max =  0.9979 | max_idx =  3
**pseudo_label ->  [0.0, 0.0001, 0.0, 0.0, 0.0008, 0.9981, 0.001] **
max =  0.9981 | max_idx =  5
**pseudo_label ->  [0.0, 0.0402, 0.0046, 0.0003, 0.9279, 0.0198, 0.007] **
max =  0.9279 | max_idx =  4
**pseudo_label ->  [0.0, 0.0026, 0.0, 0.0, 0.7517, 0.2404, 0.0053] **
max =  0.7517 | max_idx =  4
**pseudo_label ->  [0.0, 0.1841, 0.0, 0.0, 0.0513, 0.6585, 0.1061] **
max =  0.6585 | max_idx =  5
Balance pseudo label class ->  [1, 2, 3, 4, 5, 6]  value ->  311
add data ->  1866
Epoch 37/50, Train Loss: 0.2617, Valid Loss: 7.0622, Train Acc: 0.9446, Val Acc: 0.2476, Test Acc: 0.3566, Test F1: 0.2312, Total Pseudo-Labels: 1, Correct Pseudo-Labels: 0, Train Data Number: 3734



line 303 => train data수 3734
line 258 => 인스턴스 수 534
Step 3438  Tim 2:42:03
acc_train_cw(현재 train의 class별 acc) [0.914, 0.966, 0.93, 0.928, 0.954, 0.885, 0.0]
cw_psl_total_eval(pseudo label 클래스별 총 샘플 수):  [311, 668, 742, 560, 682, 560, 0]
cw_psl_correct_eval(pseudo label 클래스별 맞은 샘플 수):  [209, 113, 172, 137, 139, 198, 0]
psl_acc(PSL 평가에서의 정확도):  0.275 
cw_psl_acc(클래스별 PSL 평가에서의 정확도):  [0.672025740146637, 0.16916167736053467, 0.2318059355020523, 0.24464285373687744, 0.20381231606006622, 0.35357141494750977, nan]
***pse_model_save --- epoch = 38***
Save model to ./experiment/python_extended_data/output/
**pseudo_label ->  [0.0, 0.0, 0.0, 0.9993, 0.0007, 0.0, 0.0] **
max =  0.9993 | max_idx =  3
**pseudo_label ->  [0.0, 0.0165, 0.0, 0.0, 0.0008, 0.9826, 0.0001] **
max =  0.9826 | max_idx =  5
**pseudo_label ->  [0.0, 0.0048, 0.0173, 0.0044, 0.9733, 0.0002, 0.0] **
max =  0.9733 | max_idx =  4
**pseudo_label ->  [0.0, 0.0791, 0.0001, 0.0, 0.8803, 0.04, 0.0005] **
max =  0.8803 | max_idx =  4
**pseudo_label ->  [0.0, 0.3227, 0.0002, 0.0, 0.4605, 0.2152, 0.0015] **
max =  0.4605 | max_idx =  4
Balance pseudo label class ->  [1, 2, 3, 4, 5, 6]  value ->  278
add data ->  1668
Epoch 38/50, Train Loss: 0.3388, Valid Loss: 7.3601, Train Acc: 0.9285, Val Acc: 0.2508, Test Acc: 0.3340, Test F1: 0.2170, Total Pseudo-Labels: 1, Correct Pseudo-Labels: 0, Train Data Number: 3775



line 303 => train data수 3775
line 258 => 인스턴스 수 540
Step 3972  Tim 2:54:49
acc_train_cw(현재 train의 class별 acc) [0.847, 0.964, 0.941, 0.976, 0.848, 0.959, 0.0]
cw_psl_total_eval(pseudo label 클래스별 총 샘플 수):  [278, 681, 695, 529, 775, 518, 0]
cw_psl_correct_eval(pseudo label 클래스별 맞은 샘플 수):  [191, 114, 167, 126, 158, 198, 0]
psl_acc(PSL 평가에서의 정확도):  0.274 
cw_psl_acc(클래스별 PSL 평가에서의 정확도):  [0.6870503425598145, 0.16740088164806366, 0.24028776586055756, 0.23818525671958923, 0.2038709670305252, 0.38223937153816223, nan]
***pse_model_save --- epoch = 39***
Save model to ./experiment/python_extended_data/output/
**pseudo_label ->  [0.0, 0.0, 0.0, 0.9951, 0.0049, 0.0, 0.0] **
max =  0.9951 | max_idx =  3
**pseudo_label ->  [0.0, 0.0, 0.0, 0.0, 0.0, 0.9999, 0.0001] **
max =  0.9999 | max_idx =  5
**pseudo_label ->  [0.0, 0.9837, 0.0089, 0.0, 0.005, 0.0017, 0.0007] **
max =  0.9837 | max_idx =  1
**pseudo_label ->  [0.0, 0.0123, 0.0, 0.0, 0.0021, 0.9843, 0.0013] **
max =  0.9843 | max_idx =  5
**pseudo_label ->  [0.0, 0.2219, 0.0, 0.0, 0.001, 0.7727, 0.0044] **
max =  0.7727 | max_idx =  5
Balance pseudo label class ->  [1, 2, 3, 4, 5, 6]  value ->  240
add data ->  1440
Epoch 39/50, Train Loss: 0.2972, Valid Loss: 7.1052, Train Acc: 0.9237, Val Acc: 0.2378, Test Acc: 0.3607, Test F1: 0.2267, Total Pseudo-Labels: 0, Correct Pseudo-Labels: 0, Train Data Number: 3805



line 303 => train data수 3805
line 258 => 인스턴스 수 544
Step 4512  Tim 3:08:20
acc_train_cw(현재 train의 class별 acc) [0.969, 0.935, 0.932, 0.988, 0.92, 0.979, 0.0]
cw_psl_total_eval(pseudo label 클래스별 총 샘플 수):  [240, 727, 739, 589, 636, 651, 0]
cw_psl_correct_eval(pseudo label 클래스별 맞은 샘플 수):  [174, 114, 178, 140, 125, 216, 0]
psl_acc(PSL 평가에서의 정확도):  0.264 
cw_psl_acc(클래스별 PSL 평가에서의 정확도):  [0.7250000238418579, 0.15680880844593048, 0.2408660352230072, 0.2376910001039505, 0.19654087722301483, 0.3317972421646118, nan]
***pse_model_save --- epoch = 40***
Save model to ./experiment/python_extended_data/output/
**pseudo_label ->  [0.0, 0.0, 0.0, 0.9988, 0.0012, 0.0, 0.0] **
max =  0.9988 | max_idx =  3
**pseudo_label ->  [0.0, 0.0003, 0.0, 0.0, 0.0, 0.9997, 0.0] **
max =  0.9997 | max_idx =  5
**pseudo_label ->  [0.0, 0.0008, 0.0006, 0.0113, 0.9866, 0.0006, 0.0] **
max =  0.9866 | max_idx =  4
**pseudo_label ->  [0.0, 0.1243, 0.0, 0.0, 0.0376, 0.8364, 0.0017] **
max =  0.8364 | max_idx =  5
**pseudo_label ->  [0.0, 0.4468, 0.0, 0.0, 0.0051, 0.5461, 0.0019] **
max =  0.5461 | max_idx =  5
Balance pseudo label class ->  [1, 2, 3, 4, 5, 6]  value ->  292
add data ->  1752
Epoch 40/50, Train Loss: 0.2583, Valid Loss: 7.2774, Train Acc: 0.9477, Val Acc: 0.2834, Test Acc: 0.3586, Test F1: 0.2271, Total Pseudo-Labels: 1, Correct Pseudo-Labels: 0, Train Data Number: 3830



line 303 => train data수 3830
line 258 => 인스턴스 수 548
Step 5056  Tim 3:22:00
acc_train_cw(현재 train의 class별 acc) [0.994, 0.953, 0.874, 0.975, 0.935, 0.889, 0.0]
cw_psl_total_eval(pseudo label 클래스별 총 샘플 수):  [292, 644, 673, 606, 692, 659, 0]
cw_psl_correct_eval(pseudo label 클래스별 맞은 샘플 수):  [200, 110, 158, 148, 133, 213, 0]
psl_acc(PSL 평가에서의 정확도):  0.27 
cw_psl_acc(클래스별 PSL 평가에서의 정확도):  [0.6849315166473389, 0.17080745100975037, 0.23476968705654144, 0.2442244291305542, 0.1921965330839157, 0.3232170045375824, nan]
***pse_model_save --- epoch = 41***
Save model to ./experiment/python_extended_data/output/
**pseudo_label ->  [0.0, 0.0, 0.0, 0.9988, 0.0012, 0.0, 0.0] **
max =  0.9988 | max_idx =  3
**pseudo_label ->  [0.0, 0.0002, 0.0, 0.0, 0.0001, 0.9992, 0.0005] **
max =  0.9992 | max_idx =  5
**pseudo_label ->  [0.0, 0.0006, 0.0, 0.0004, 0.9941, 0.0046, 0.0002] **
max =  0.9941 | max_idx =  4
**pseudo_label ->  [0.0, 0.2236, 0.0, 0.0, 0.1478, 0.6073, 0.0213] **
max =  0.6073 | max_idx =  5
**pseudo_label ->  [0.0, 0.9918, 0.0001, 0.0, 0.001, 0.0062, 0.001] **
max =  0.9918 | max_idx =  1
Balance pseudo label class ->  [1, 2, 3, 4, 5, 6]  value ->  339
add data ->  2034
Epoch 41/50, Train Loss: 0.2463, Valid Loss: 7.0267, Train Acc: 0.9266, Val Acc: 0.2769, Test Acc: 0.3484, Test F1: 0.2293, Total Pseudo-Labels: 1, Correct Pseudo-Labels: 0, Train Data Number: 3868



line 303 => train data수 3868
line 258 => 인스턴스 수 553
Step 5604  Tim 3:34:56
acc_train_cw(현재 train의 class별 acc) [0.969, 0.892, 0.943, 0.984, 0.852, 0.988, 0.0]
cw_psl_total_eval(pseudo label 클래스별 총 샘플 수):  [339, 690, 658, 593, 734, 546, 0]
cw_psl_correct_eval(pseudo label 클래스별 맞은 샘플 수):  [222, 104, 156, 148, 148, 195, 0]
psl_acc(PSL 평가에서의 정확도):  0.273 
cw_psl_acc(클래스별 PSL 평가에서의 정확도):  [0.6548672318458557, 0.1507246345281601, 0.23708206415176392, 0.24957841634750366, 0.20163488388061523, 0.3571428656578064, nan]
***pse_model_save --- epoch = 42***
Save model to ./experiment/python_extended_data/output/
**pseudo_label ->  [0.0, 0.0, 0.0, 0.9999, 0.0, 0.0, 0.0] **
max =  0.9999 | max_idx =  3
**pseudo_label ->  [0.0, 0.0, 0.0, 0.0, 0.0, 0.9991, 0.0009] **
max =  0.9991 | max_idx =  5
**pseudo_label ->  [0.0, 0.0001, 0.0004, 0.0298, 0.9682, 0.0014, 0.0001] **
max =  0.9682 | max_idx =  4
**pseudo_label ->  [0.0, 0.0056, 0.0, 0.0, 0.0665, 0.8858, 0.042] **
max =  0.8858 | max_idx =  5
**pseudo_label ->  [0.0, 0.96, 0.0009, 0.0, 0.0048, 0.007, 0.0273] **
max =  0.96 | max_idx =  1
Balance pseudo label class ->  [1, 2, 3, 4, 5, 6]  value ->  334
add data ->  2004
Epoch 42/50, Train Loss: 0.2420, Valid Loss: 6.8664, Train Acc: 0.9294, Val Acc: 0.2671, Test Acc: 0.3545, Test F1: 0.2195, Total Pseudo-Labels: 1, Correct Pseudo-Labels: 0, Train Data Number: 3879



line 303 => train data수 3879
line 258 => 인스턴스 수 555
Step 6157  Tim 3:48:00
acc_train_cw(현재 train의 class별 acc) [0.97, 0.918, 0.861, 0.936, 0.966, 0.902, 0.0]
cw_psl_total_eval(pseudo label 클래스별 총 샘플 수):  [334, 602, 731, 631, 610, 658, 0]
cw_psl_correct_eval(pseudo label 클래스별 맞은 샘플 수):  [218, 90, 166, 159, 123, 209, 0]
psl_acc(PSL 평가에서의 정확도):  0.271 
cw_psl_acc(클래스별 PSL 평가에서의 정확도):  [0.652694582939148, 0.14950166642665863, 0.22708618640899658, 0.2519809901714325, 0.2016393393278122, 0.3176291882991791, nan]
***pse_model_save --- epoch = 43***
Save model to ./experiment/python_extended_data/output/
**pseudo_label ->  [0.0, 0.0, 0.0, 0.9953, 0.0047, 0.0, 0.0] **
max =  0.9953 | max_idx =  3
**pseudo_label ->  [0.0, 0.0001, 0.0, 0.0, 0.0003, 0.9995, 0.0002] **
max =  0.9995 | max_idx =  5
**pseudo_label ->  [0.0, 0.0003, 0.0002, 0.0008, 0.9962, 0.0025, 0.0001] **
max =  0.9962 | max_idx =  4
**pseudo_label ->  [0.0, 0.0329, 0.0, 0.0, 0.362, 0.5994, 0.0057] **
max =  0.5994 | max_idx =  5
**pseudo_label ->  [0.0, 0.9624, 0.0014, 0.0, 0.0294, 0.004, 0.0028] **
max =  0.9624 | max_idx =  1
Balance pseudo label class ->  [1, 2, 3, 4, 5, 6]  value ->  350
add data ->  2100
Epoch 43/50, Train Loss: 0.2472, Valid Loss: 6.6978, Train Acc: 0.9188, Val Acc: 0.2769, Test Acc: 0.3197, Test F1: 0.2126, Total Pseudo-Labels: 1, Correct Pseudo-Labels: 0, Train Data Number: 3886



line 303 => train data수 3886
line 258 => 인스턴스 수 556
Step 6712  Tim 4:01:03
acc_train_cw(현재 train의 class별 acc) [1.0, 0.955, 0.697, 0.982, 0.861, 0.901, 0.0]
cw_psl_total_eval(pseudo label 클래스별 총 샘플 수):  [350, 643, 617, 543, 819, 554, 0]
cw_psl_correct_eval(pseudo label 클래스별 맞은 샘플 수):  [222, 99, 148, 140, 170, 197, 0]
psl_acc(PSL 평가에서의 정확도):  0.277 
cw_psl_acc(클래스별 PSL 평가에서의 정확도):  [0.6342856884002686, 0.1539657860994339, 0.2398703396320343, 0.25782689452171326, 0.20757021009922028, 0.3555956780910492, nan]
***pse_model_save --- epoch = 44***
Save model to ./experiment/python_extended_data/output/
**pseudo_label ->  [0.0, 0.0, 0.0, 0.9995, 0.0005, 0.0, 0.0] **
max =  0.9995 | max_idx =  3
**pseudo_label ->  [0.0, 0.0, 0.0, 0.0, 0.0001, 0.9997, 0.0002] **
max =  0.9997 | max_idx =  5
**pseudo_label ->  [0.0, 0.0011, 0.0007, 0.0016, 0.995, 0.0015, 0.0001] **
max =  0.995 | max_idx =  4
**pseudo_label ->  [0.0, 0.0001, 0.0, 0.0, 0.003, 0.9962, 0.0006] **
max =  0.9962 | max_idx =  5
**pseudo_label ->  [0.0, 0.0835, 0.0034, 0.0001, 0.8833, 0.0269, 0.0028] **
max =  0.8833 | max_idx =  4
Balance pseudo label class ->  [1, 2, 3, 4, 5, 6]  value ->  467
add data ->  2802
Epoch 44/50, Train Loss: 0.2614, Valid Loss: 7.6502, Train Acc: 0.8832, Val Acc: 0.2769, Test Acc: 0.3361, Test F1: 0.2231, Total Pseudo-Labels: 1, Correct Pseudo-Labels: 0, Train Data Number: 3897



line 303 => train data수 3897
line 258 => 인스턴스 수 557
Step 7268  Tim 4:14:44
acc_train_cw(현재 train의 class별 acc) [0.912, 0.988, 0.935, 0.941, 0.934, 0.961, 0.0]
cw_psl_total_eval(pseudo label 클래스별 총 샘플 수):  [467, 665, 496, 652, 736, 532, 0]
cw_psl_correct_eval(pseudo label 클래스별 맞은 샘플 수):  [275, 102, 123, 159, 152, 196, 0]
psl_acc(PSL 평가에서의 정확도):  0.284 
cw_psl_acc(클래스별 PSL 평가에서의 정확도):  [0.5888651013374329, 0.15338346362113953, 0.2479838728904724, 0.2438650280237198, 0.20652173459529877, 0.3684210479259491, nan]
***pse_model_save --- epoch = 45***
Save model to ./experiment/python_extended_data/output/
**pseudo_label ->  [0.0, 0.0, 0.0, 0.9861, 0.0139, 0.0, 0.0] **
max =  0.9861 | max_idx =  3
**pseudo_label ->  [0.0, 0.0007, 0.0, 0.0, 0.0, 0.994, 0.0053] **
max =  0.994 | max_idx =  5
**pseudo_label ->  [0.0, 0.0126, 0.0034, 0.0006, 0.9806, 0.0021, 0.0007] **
max =  0.9806 | max_idx =  4
**pseudo_label ->  [0.0, 0.014, 0.0, 0.0, 0.0069, 0.9461, 0.033] **
max =  0.9461 | max_idx =  5
**pseudo_label ->  [0.0, 0.6814, 0.0018, 0.0, 0.2531, 0.0437, 0.02] **
max =  0.6814 | max_idx =  1
Balance pseudo label class ->  [1, 2, 3, 4, 5, 6]  value ->  391
add data ->  2346
Epoch 45/50, Train Loss: 0.2454, Valid Loss: 7.6002, Train Acc: 0.9438, Val Acc: 0.2606, Test Acc: 0.3320, Test F1: 0.2152, Total Pseudo-Labels: 1, Correct Pseudo-Labels: 0, Train Data Number: 3901



line 303 => train data수 3901
line 258 => 인스턴스 수 558
Step 7825  Tim 4:28:32
acc_train_cw(현재 train의 class별 acc) [0.93, 0.841, 0.914, 0.98, 0.86, 0.998, 0.0]
cw_psl_total_eval(pseudo label 클래스별 총 샘플 수):  [391, 718, 597, 551, 731, 563, 0]
cw_psl_correct_eval(pseudo label 클래스별 맞은 샘플 수):  [244, 117, 144, 135, 147, 197, 0]
psl_acc(PSL 평가에서의 정확도):  0.277 
cw_psl_acc(클래스별 PSL 평가에서의 정확도):  [0.6240409016609192, 0.16295264661312103, 0.24120603501796722, 0.24500907957553864, 0.201094388961792, 0.3499111831188202, nan]
***pse_model_save --- epoch = 46***
Save model to ./experiment/python_extended_data/output/
**pseudo_label ->  [0.0, 0.0, 0.0, 0.9264, 0.0736, 0.0, 0.0] **
max =  0.9264 | max_idx =  3
**pseudo_label ->  [0.0, 0.0, 0.0, 0.0, 0.0, 1.0, 0.0] **
max =  1.0 | max_idx =  5
**pseudo_label ->  [0.0, 0.0, 0.0, 0.0009, 0.9521, 0.0469, 0.0] **
max =  0.9521 | max_idx =  4
**pseudo_label ->  [0.0, 0.0, 0.0, 0.0, 0.0007, 0.9992, 0.0] **
max =  0.9992 | max_idx =  5
**pseudo_label ->  [0.0, 0.0724, 0.0001, 0.0, 0.1103, 0.7964, 0.0208] **
max =  0.7964 | max_idx =  5
Balance pseudo label class ->  [1, 2, 3, 4, 5, 6]  value ->  378
add data ->  2268
Epoch 46/50, Train Loss: 0.2952, Valid Loss: 6.8060, Train Acc: 0.9131, Val Acc: 0.2638, Test Acc: 0.3381, Test F1: 0.2029, Total Pseudo-Labels: 1, Correct Pseudo-Labels: 0, Train Data Number: 3903



line 303 => train data수 3903
line 258 => 인스턴스 수 558
Step 8383  Tim 4:42:13
acc_train_cw(현재 train의 class별 acc) [0.993, 0.941, 0.862, 0.92, 0.922, 0.939, 0.0]
cw_psl_total_eval(pseudo label 클래스별 총 샘플 수):  [378, 532, 572, 634, 683, 704, 0]
cw_psl_correct_eval(pseudo label 클래스별 맞은 샘플 수):  [239, 98, 134, 157, 138, 218, 0]
psl_acc(PSL 평가에서의 정확도):  0.281 
cw_psl_acc(클래스별 PSL 평가에서의 정확도):  [0.6322751045227051, 0.18421052396297455, 0.23426572978496552, 0.24763406813144684, 0.20204977691173553, 0.30965909361839294, nan]
***pse_model_save --- epoch = 47***
Save model to ./experiment/python_extended_data/output/
**pseudo_label ->  [0.0025, 0.0, 0.0116, 0.9732, 0.0127, 0.0, 0.0] **
max =  0.9732 | max_idx =  3
**pseudo_label ->  [0.0, 0.0, 0.0, 0.0, 0.0, 0.9862, 0.0137] **
max =  0.9862 | max_idx =  5
**pseudo_label ->  [0.0, 0.0004, 0.0001, 0.0005, 0.9927, 0.0063, 0.0001] **
max =  0.9927 | max_idx =  4
**pseudo_label ->  [0.0, 0.0031, 0.0, 0.0, 0.0148, 0.9275, 0.0546] **
max =  0.9275 | max_idx =  5
**pseudo_label ->  [0.0, 0.3103, 0.0047, 0.0, 0.6284, 0.0483, 0.0082] **
max =  0.6284 | max_idx =  4
Balance pseudo label class ->  [1, 2, 3, 4, 5, 6]  value ->  480
add data ->  2880
Epoch 47/50, Train Loss: 0.2467, Valid Loss: 7.6029, Train Acc: 0.9234, Val Acc: 0.2573, Test Acc: 0.3381, Test F1: 0.2175, Total Pseudo-Labels: 1, Correct Pseudo-Labels: 0, Train Data Number: 3904



line 303 => train data수 3904
line 258 => 인스턴스 수 558
Step 8941  Tim 4:55:56
acc_train_cw(현재 train의 class별 acc) [0.917, 0.948, 0.986, 0.986, 0.897, 0.98, 0.0]
cw_psl_total_eval(pseudo label 클래스별 총 샘플 수):  [480, 625, 532, 568, 770, 598, 0]
cw_psl_correct_eval(pseudo label 클래스별 맞은 샘플 수):  [280, 104, 120, 136, 161, 202, 0]
psl_acc(PSL 평가에서의 정확도):  0.281 
cw_psl_acc(클래스별 PSL 평가에서의 정확도):  [0.5833333134651184, 0.1664000004529953, 0.2255639135837555, 0.23943662643432617, 0.20909090340137482, 0.33779263496398926, nan]
***pse_model_save --- epoch = 48***
Save model to ./experiment/python_extended_data/output/
**pseudo_label ->  [0.0, 0.0, 0.0, 0.9992, 0.0008, 0.0, 0.0] **
max =  0.9992 | max_idx =  3
**pseudo_label ->  [0.0, 0.0, 0.0, 0.0, 0.0, 1.0, 0.0] **
max =  1.0 | max_idx =  5
**pseudo_label ->  [0.0, 0.0006, 0.0011, 0.0155, 0.9826, 0.0002, 0.0] **
max =  0.9826 | max_idx =  4
**pseudo_label ->  [0.0, 0.0084, 0.0, 0.0, 0.0242, 0.9665, 0.001] **
max =  0.9665 | max_idx =  5
**pseudo_label ->  [0.0, 0.963, 0.0195, 0.0, 0.0157, 0.001, 0.0008] **
max =  0.963 | max_idx =  1
Balance pseudo label class ->  [1, 2, 3, 4, 5, 6]  value ->  403
add data ->  2418
Epoch 48/50, Train Loss: 0.1907, Valid Loss: 7.1952, Train Acc: 0.9485, Val Acc: 0.2801, Test Acc: 0.3443, Test F1: 0.2178, Total Pseudo-Labels: 1, Correct Pseudo-Labels: 0, Train Data Number: 3907



line 303 => train data수 3907
line 258 => 인스턴스 수 559
Step 9499  Tim 5:09:37
acc_train_cw(현재 train의 class별 acc) [0.977, 0.944, 0.796, 0.973, 0.932, 0.965, 0.1]
cw_psl_total_eval(pseudo label 클래스별 총 샘플 수):  [403, 648, 654, 646, 678, 636, 0]
cw_psl_correct_eval(pseudo label 클래스별 맞은 샘플 수):  [253, 106, 149, 158, 141, 208, 0]
psl_acc(PSL 평가에서의 정확도):  0.277 
cw_psl_acc(클래스별 PSL 평가에서의 정확도):  [0.6277915835380554, 0.1635802537202835, 0.2278287410736084, 0.24458204209804535, 0.20796459913253784, 0.3270440399646759, nan]
***pse_model_save --- epoch = 49***
Save model to ./experiment/python_extended_data/output/
**pseudo_label ->  [0.0001, 0.0, 0.0, 0.9987, 0.0012, 0.0, 0.0] **
max =  0.9987 | max_idx =  3
**pseudo_label ->  [0.0, 0.0002, 0.0, 0.0, 0.0, 0.9445, 0.0553] **
max =  0.9445 | max_idx =  5
**pseudo_label ->  [0.0, 0.0003, 0.0, 0.0004, 0.981, 0.0165, 0.0017] **
max =  0.981 | max_idx =  4
**pseudo_label ->  [0.0, 0.0173, 0.0, 0.0, 0.0001, 0.7001, 0.2824] **
max =  0.7001 | max_idx =  5
**pseudo_label ->  [0.0, 0.9423, 0.0003, 0.0, 0.0043, 0.0014, 0.0517] **
max =  0.9423 | max_idx =  1
Balance pseudo label class ->  [1, 2, 3, 4, 5, 6]  value ->  493
add data ->  2958
Epoch 49/50, Train Loss: 0.2118, Valid Loss: 8.6676, Train Acc: 0.9271, Val Acc: 0.2801, Test Acc: 0.3217, Test F1: 0.1995, Total Pseudo-Labels: 1, Correct Pseudo-Labels: 0, Train Data Number: 3907



line 303 => train data수 3907
line 258 => 인스턴스 수 559
Step 10058  Tim 5:22:40
acc_train_cw(현재 train의 class별 acc) [0.989, 0.963, 0.864, 0.875, 0.96, 0.991, 0.0]
cw_psl_total_eval(pseudo label 클래스별 총 샘플 수):  [493, 631, 509, 637, 714, 621, 0]
cw_psl_correct_eval(pseudo label 클래스별 맞은 샘플 수):  [281, 103, 114, 154, 153, 201, 0]
psl_acc(PSL 평가에서의 정확도):  0.279 
cw_psl_acc(클래스별 PSL 평가에서의 정확도):  [0.569979727268219, 0.1632329672574997, 0.22396856546401978, 0.24175824224948883, 0.2142857164144516, 0.32367148995399475, nan]
***pse_model_save --- epoch = 50***
Save model to ./experiment/python_extended_data/output/
**pseudo_label ->  [0.0, 0.0, 0.0, 0.772, 0.228, 0.0, 0.0] **
max =  0.772 | max_idx =  3
**pseudo_label ->  [0.0, 0.0, 0.0, 0.0, 0.0, 1.0, 0.0] **
max =  1.0 | max_idx =  5
**pseudo_label ->  [0.0, 0.0004, 0.0, 0.0001, 0.9916, 0.0079, 0.0] **
max =  0.9916 | max_idx =  4
**pseudo_label ->  [0.0, 0.0049, 0.0, 0.0, 0.0006, 0.994, 0.0004] **
max =  0.994 | max_idx =  5
**pseudo_label ->  [0.0, 0.9025, 0.0002, 0.0, 0.019, 0.074, 0.0043] **
max =  0.9025 | max_idx =  1
Balance pseudo label class ->  [1, 2, 3, 4, 5, 6]  value ->  512
add data ->  3072
Epoch 50/50, Train Loss: 0.2338, Valid Loss: 8.0707, Train Acc: 0.9373, Val Acc: 0.2638, Test Acc: 0.3443, Test F1: 0.2220, Total Pseudo-Labels: 1, Correct Pseudo-Labels: 0, Train Data Number: 3907

Training complete!
Total training took 5:33:23 (h:mm:ss)
Load model from ./experiment/python_extended_data/output/10_codesage-base_0.0004_0.7_python_extended_data_net0.pth
Save training statistics in:  ./experiment/python_extended_data/log/codesage/class6//10_codesage-base_0.0004_0.7_python_extended_data/training_statistics.csv

best_trian_loss, epoch => 0.19074833330255558 48
Epoch-1_train_loss => 13.207759936650595
max_epoch_train_loss => 0.23377752325621273 


best_val_loss, epoch =>  1.8616851639087504 22
Epoch-1_val_loss => 5.42392861664732
max_epoch_val_loss => 8.070743530089528 

pse_epoch =>  [1, 2, 3, 4, 7, 8, 9, 10, 11, 12, 13, 14, 15, 16, 17, 18, 19, 20, 21, 22, 23, 24, 25, 26, 27, 28, 29, 30, 31, 32, 33, 34, 35, 36, 37, 38, 39, 40, 41, 42, 43, 44, 45, 46, 47, 48, 49, 50]
추가되는 pse_epoch =>  [1, 21, 28, 30, 31, 32, 33, 34, 35, 36, 37, 38, 39, 40, 41, 42, 43, 44, 45, 46, 47, 48, 49, 50] 

total_data:  3907 
Best_step:  70 
Best_epoch:  6 
best_val_acc:  0.39087947882736157 
best_test_acc:  0.3442622950819672 
best_test_f1:  0.22201976941060897
Save best record in:  ./experiment/python_extended_data/log/codesage/class6/summary.csv
Save best record in:  ./experiment/python_extended_data/log/summary_avgrun.csv
