current work directory:  /home/imsuhan22/few-shot-tc/custom_ssl/code
bs =>  5
Data set -> corcod_extended_data
save_name: 10_codet5p-110m-embedding_0.00025_0.7_corcod_extended_data_37_[43]

data_path:  ../data/problem_based_split/corcod_extended_data

There are 2 GPU(s) available.
We will use the GPU- 0 Quadro RTX 8000

**line 147 모델 =>  Salesforce/codet5p-110m-embedding
**tokenizer type =  Salesforce/codet5p-110m-embedding 

pesudo label class개수 기준 -> 5
n_labeled_per_class:  10
train_df samples: 739
train_labeled_df samples: 50
train_unlabeled_df samples: 689
n_classes:  5 


net_arch:  Salesforce/codet5p-110m-embedding 
lr:  0.00025 
lr_linear:  0.001 




line 303 => train data수 50
line 258 => 인스턴스 수 10
Step 0  Tim 0:00:04
acc_train_cw(현재 train의 class별 acc) [0.1, 0.6, 0.2, 0.0, 0.7]
cw_psl_total_eval(pseudo label 클래스별 총 샘플 수):  [0, 0, 0, 0, 0]
cw_psl_correct_eval(pseudo label 클래스별 맞은 샘플 수):  [0, 0, 0, 0, 0]
psl_acc(PSL 평가에서의 정확도): None 
cw_psl_acc(클래스별 PSL 평가에서의 정확도):  [nan, nan, nan, nan, nan]
***best_acc_model_save --- epoch = 1***
Save model to ./experiment/corcod_extended_data/output/
**pseudo_label ->  [0.1852, 0.2087, 0.2034, 0.1978, 0.2049] **
max =  0.2087 | max_idx =  1
**pseudo_label ->  [0.1969, 0.2051, 0.2056, 0.1938, 0.1986] **
max =  0.2056 | max_idx =  2
**pseudo_label ->  [0.192, 0.2043, 0.1967, 0.1949, 0.212] **
max =  0.212 | max_idx =  4
**pseudo_label ->  [0.1905, 0.2042, 0.1962, 0.2011, 0.208] **
max =  0.208 | max_idx =  4
**pseudo_label ->  [0.1924, 0.2061, 0.2093, 0.186, 0.2063] **
max =  0.2093 | max_idx =  2
Epoch 1/37, Train Loss: 1.6501, Valid Loss: 1.6014, Train Acc: 0.3200, Val Acc: 0.2143, Test Acc: 0.2421, Test F1(macro): 0.1616, Total Pseudo-Labels: 0, Correct Pseudo-Labels: 0, Train Data Number: 50



line 303 => train data수 50
line 258 => 인스턴스 수 10
Step 10  Tim 0:00:27
acc_train_cw(현재 train의 class별 acc) [0.0, 0.6, 0.2, 1.0, 0.0]
cw_psl_total_eval(pseudo label 클래스별 총 샘플 수):  [0, 0, 0, 0, 0]
cw_psl_correct_eval(pseudo label 클래스별 맞은 샘플 수):  [0, 0, 0, 0, 0]
psl_acc(PSL 평가에서의 정확도): None 
cw_psl_acc(클래스별 PSL 평가에서의 정확도):  [nan, nan, nan, nan, nan]
**pseudo_label ->  [0.2022, 0.2235, 0.1917, 0.1984, 0.1842] **
max =  0.2235 | max_idx =  1
**pseudo_label ->  [0.2092, 0.1795, 0.1932, 0.2251, 0.1931] **
max =  0.2251 | max_idx =  3
**pseudo_label ->  [0.1894, 0.2169, 0.2063, 0.1925, 0.1948] **
max =  0.2169 | max_idx =  1
**pseudo_label ->  [0.2067, 0.1906, 0.1885, 0.2257, 0.1884] **
max =  0.2257 | max_idx =  3
**pseudo_label ->  [0.2126, 0.1824, 0.1903, 0.2224, 0.1923] **
max =  0.2224 | max_idx =  3
Epoch 2/37, Train Loss: 1.5833, Valid Loss: 1.5355, Train Acc: 0.3600, Val Acc: 0.1939, Test Acc: 0.2737, Test F1(macro): 0.1597, Total Pseudo-Labels: 0, Correct Pseudo-Labels: 0, Train Data Number: 50



line 303 => train data수 50
line 258 => 인스턴스 수 10
Step 20  Tim 0:01:05
acc_train_cw(현재 train의 class별 acc) [0.0, 0.8, 0.4, 0.0, 1.0]
cw_psl_total_eval(pseudo label 클래스별 총 샘플 수):  [0, 0, 0, 0, 0]
cw_psl_correct_eval(pseudo label 클래스별 맞은 샘플 수):  [0, 0, 0, 0, 0]
psl_acc(PSL 평가에서의 정확도): None 
cw_psl_acc(클래스별 PSL 평가에서의 정확도):  [nan, nan, nan, nan, nan]
***best_acc_model_save --- epoch = 3***
Save model to ./experiment/corcod_extended_data/output/
**pseudo_label ->  [0.1899, 0.2924, 0.183, 0.1757, 0.159] **
max =  0.2924 | max_idx =  1
**pseudo_label ->  [0.2019, 0.1492, 0.2102, 0.2069, 0.2318] **
max =  0.2318 | max_idx =  4
**pseudo_label ->  [0.1815, 0.1531, 0.2233, 0.2113, 0.2308] **
max =  0.2308 | max_idx =  4
**pseudo_label ->  [0.1811, 0.1535, 0.2259, 0.2106, 0.2289] **
max =  0.2289 | max_idx =  4
**pseudo_label ->  [0.1959, 0.1577, 0.209, 0.2028, 0.2345] **
max =  0.2345 | max_idx =  4
Epoch 3/37, Train Loss: 1.4802, Valid Loss: 1.5111, Train Acc: 0.4400, Val Acc: 0.3163, Test Acc: 0.2737, Test F1(macro): 0.2404, Total Pseudo-Labels: 0, Correct Pseudo-Labels: 0, Train Data Number: 50



line 303 => train data수 50
line 258 => 인스턴스 수 10
Step 30  Tim 0:01:52
acc_train_cw(현재 train의 class별 acc) [1.0, 0.8, 0.6, 0.2, 0.7]
cw_psl_total_eval(pseudo label 클래스별 총 샘플 수):  [0, 0, 0, 0, 0]
cw_psl_correct_eval(pseudo label 클래스별 맞은 샘플 수):  [0, 0, 0, 0, 0]
psl_acc(PSL 평가에서의 정확도): None 
cw_psl_acc(클래스별 PSL 평가에서의 정확도):  [nan, nan, nan, nan, nan]
***best_acc_model_save --- epoch = 4***
Save model to ./experiment/corcod_extended_data/output/
**pseudo_label ->  [0.1679, 0.3219, 0.1742, 0.1857, 0.1503] **
max =  0.3219 | max_idx =  1
**pseudo_label ->  [0.2285, 0.1323, 0.2146, 0.2001, 0.2245] **
max =  0.2285 | max_idx =  0
**pseudo_label ->  [0.182, 0.1445, 0.26, 0.1936, 0.2198] **
max =  0.26 | max_idx =  2
**pseudo_label ->  [0.18, 0.144, 0.2591, 0.1983, 0.2185] **
max =  0.2591 | max_idx =  2
**pseudo_label ->  [0.2425, 0.132, 0.1983, 0.1984, 0.2287] **
max =  0.2425 | max_idx =  0
Epoch 4/37, Train Loss: 1.3817, Valid Loss: 1.5074, Train Acc: 0.6600, Val Acc: 0.4082, Test Acc: 0.3263, Test F1(macro): 0.3567, Total Pseudo-Labels: 0, Correct Pseudo-Labels: 0, Train Data Number: 50



line 303 => train data수 50
line 258 => 인스턴스 수 10
Step 40  Tim 0:02:39
acc_train_cw(현재 train의 class별 acc) [0.7, 1.0, 0.6, 0.1, 0.9]
cw_psl_total_eval(pseudo label 클래스별 총 샘플 수):  [0, 0, 0, 0, 0]
cw_psl_correct_eval(pseudo label 클래스별 맞은 샘플 수):  [0, 0, 0, 0, 0]
psl_acc(PSL 평가에서의 정확도): None 
cw_psl_acc(클래스별 PSL 평가에서의 정확도):  [nan, nan, nan, nan, nan]
***best_acc_model_save --- epoch = 5***
Save model to ./experiment/corcod_extended_data/output/
**pseudo_label ->  [0.1684, 0.3368, 0.1746, 0.1745, 0.1456] **
max =  0.3368 | max_idx =  1
**pseudo_label ->  [0.2133, 0.1235, 0.1962, 0.2046, 0.2624] **
max =  0.2624 | max_idx =  4
**pseudo_label ->  [0.1609, 0.143, 0.255, 0.202, 0.239] **
max =  0.255 | max_idx =  2
**pseudo_label ->  [0.1458, 0.1728, 0.276, 0.2033, 0.2021] **
max =  0.276 | max_idx =  2
**pseudo_label ->  [0.2836, 0.1687, 0.1515, 0.2056, 0.1905] **
max =  0.2836 | max_idx =  0
Epoch 5/37, Train Loss: 1.3144, Valid Loss: 1.4661, Train Acc: 0.6600, Val Acc: 0.4388, Test Acc: 0.3579, Test F1(macro): 0.3640, Total Pseudo-Labels: 0, Correct Pseudo-Labels: 0, Train Data Number: 50



line 303 => train data수 50
line 258 => 인스턴스 수 10
Step 50  Tim 0:03:24
acc_train_cw(현재 train의 class별 acc) [1.0, 1.0, 0.6, 0.6, 1.0]
cw_psl_total_eval(pseudo label 클래스별 총 샘플 수):  [0, 0, 0, 0, 0]
cw_psl_correct_eval(pseudo label 클래스별 맞은 샘플 수):  [0, 0, 0, 0, 0]
psl_acc(PSL 평가에서의 정확도): None 
cw_psl_acc(클래스별 PSL 평가에서의 정확도):  [nan, nan, nan, nan, nan]
***best_acc_model_save --- epoch = 6***
Save model to ./experiment/corcod_extended_data/output/
**pseudo_label ->  [0.1643, 0.3441, 0.1664, 0.1819, 0.1433] **
max =  0.3441 | max_idx =  1
**pseudo_label ->  [0.1811, 0.1365, 0.2048, 0.1796, 0.298] **
max =  0.298 | max_idx =  4
**pseudo_label ->  [0.1467, 0.155, 0.2708, 0.1754, 0.2521] **
max =  0.2708 | max_idx =  2
**pseudo_label ->  [0.1417, 0.2147, 0.2848, 0.2021, 0.1567] **
max =  0.2848 | max_idx =  2
**pseudo_label ->  [0.31, 0.1784, 0.1564, 0.1776, 0.1776] **
max =  0.31 | max_idx =  0
Epoch 6/37, Train Loss: 1.2521, Valid Loss: 1.4023, Train Acc: 0.8400, Val Acc: 0.4592, Test Acc: 0.4000, Test F1(macro): 0.3871, Total Pseudo-Labels: 0, Correct Pseudo-Labels: 0, Train Data Number: 50



line 303 => train data수 50
line 258 => 인스턴스 수 10
Step 60  Tim 0:04:11
acc_train_cw(현재 train의 class별 acc) [1.0, 1.0, 0.8, 0.7, 1.0]
cw_psl_total_eval(pseudo label 클래스별 총 샘플 수):  [0, 0, 0, 0, 0]
cw_psl_correct_eval(pseudo label 클래스별 맞은 샘플 수):  [0, 0, 0, 0, 0]
psl_acc(PSL 평가에서의 정확도): None 
cw_psl_acc(클래스별 PSL 평가에서의 정확도):  [nan, nan, nan, nan, nan]
***best_acc_model_save --- epoch = 7***
Save model to ./experiment/corcod_extended_data/output/
**pseudo_label ->  [0.1525, 0.3508, 0.167, 0.1787, 0.151] **
max =  0.3508 | max_idx =  1
**pseudo_label ->  [0.166, 0.1518, 0.1908, 0.1732, 0.3182] **
max =  0.3182 | max_idx =  4
**pseudo_label ->  [0.1428, 0.1497, 0.266, 0.1775, 0.2639] **
max =  0.266 | max_idx =  2
**pseudo_label ->  [0.146, 0.1638, 0.2937, 0.2227, 0.1738] **
max =  0.2937 | max_idx =  2
**pseudo_label ->  [0.2973, 0.1531, 0.1778, 0.1602, 0.2116] **
max =  0.2973 | max_idx =  0
Epoch 7/37, Train Loss: 1.2136, Valid Loss: 1.4582, Train Acc: 0.9000, Val Acc: 0.5510, Test Acc: 0.3789, Test F1(macro): 0.3907, Total Pseudo-Labels: 0, Correct Pseudo-Labels: 0, Train Data Number: 50



line 303 => train data수 50
line 258 => 인스턴스 수 10
Step 70  Tim 0:04:58
acc_train_cw(현재 train의 class별 acc) [1.0, 1.0, 0.9, 0.9, 1.0]
cw_psl_total_eval(pseudo label 클래스별 총 샘플 수):  [0, 0, 0, 0, 0]
cw_psl_correct_eval(pseudo label 클래스별 맞은 샘플 수):  [0, 0, 0, 0, 0]
psl_acc(PSL 평가에서의 정확도): None 
cw_psl_acc(클래스별 PSL 평가에서의 정확도):  [nan, nan, nan, nan, nan]
**pseudo_label ->  [0.1637, 0.3569, 0.1597, 0.182, 0.1377] **
max =  0.3569 | max_idx =  1
**pseudo_label ->  [0.1707, 0.1238, 0.2551, 0.1832, 0.2673] **
max =  0.2673 | max_idx =  4
**pseudo_label ->  [0.1459, 0.1415, 0.2707, 0.2342, 0.2077] **
max =  0.2707 | max_idx =  2
**pseudo_label ->  [0.1562, 0.1632, 0.2963, 0.2282, 0.1561] **
max =  0.2963 | max_idx =  2
**pseudo_label ->  [0.3234, 0.1799, 0.1466, 0.1697, 0.1804] **
max =  0.3234 | max_idx =  0
Epoch 8/37, Train Loss: 1.1469, Valid Loss: 1.4509, Train Acc: 0.9600, Val Acc: 0.4796, Test Acc: 0.4632, Test F1(macro): 0.4591, Total Pseudo-Labels: 0, Correct Pseudo-Labels: 0, Train Data Number: 50



line 303 => train data수 50
line 258 => 인스턴스 수 10
Step 80  Tim 0:05:37
acc_train_cw(현재 train의 class별 acc) [1.0, 1.0, 0.9, 0.9, 1.0]
cw_psl_total_eval(pseudo label 클래스별 총 샘플 수):  [0, 0, 0, 0, 0]
cw_psl_correct_eval(pseudo label 클래스별 맞은 샘플 수):  [0, 0, 0, 0, 0]
psl_acc(PSL 평가에서의 정확도): None 
cw_psl_acc(클래스별 PSL 평가에서의 정확도):  [nan, nan, nan, nan, nan]
**pseudo_label ->  [0.1493, 0.3668, 0.1683, 0.1531, 0.1625] **
max =  0.3668 | max_idx =  1
**pseudo_label ->  [0.1509, 0.1423, 0.1965, 0.1843, 0.326] **
max =  0.326 | max_idx =  4
**pseudo_label ->  [0.1416, 0.1804, 0.1789, 0.3156, 0.1835] **
max =  0.3156 | max_idx =  3
**pseudo_label ->  [0.1445, 0.1817, 0.1987, 0.3171, 0.1579] **
max =  0.3171 | max_idx =  3
**pseudo_label ->  [0.3088, 0.2004, 0.1418, 0.1456, 0.2034] **
max =  0.3088 | max_idx =  0
Epoch 9/37, Train Loss: 1.0938, Valid Loss: 1.4152, Train Acc: 0.9600, Val Acc: 0.4592, Test Acc: 0.4421, Test F1(macro): 0.4281, Total Pseudo-Labels: 0, Correct Pseudo-Labels: 0, Train Data Number: 50



line 303 => train data수 50
line 258 => 인스턴스 수 10
Step 90  Tim 0:06:14
acc_train_cw(현재 train의 class별 acc) [1.0, 1.0, 1.0, 0.9, 1.0]
cw_psl_total_eval(pseudo label 클래스별 총 샘플 수):  [0, 0, 0, 0, 0]
cw_psl_correct_eval(pseudo label 클래스별 맞은 샘플 수):  [0, 0, 0, 0, 0]
psl_acc(PSL 평가에서의 정확도): None 
cw_psl_acc(클래스별 PSL 평가에서의 정확도):  [nan, nan, nan, nan, nan]
**pseudo_label ->  [0.1579, 0.3793, 0.1596, 0.165, 0.1381] **
max =  0.3793 | max_idx =  1
**pseudo_label ->  [0.1644, 0.1323, 0.2019, 0.1686, 0.3328] **
max =  0.3328 | max_idx =  4
**pseudo_label ->  [0.1363, 0.1682, 0.2439, 0.292, 0.1596] **
max =  0.292 | max_idx =  3
**pseudo_label ->  [0.1542, 0.1718, 0.1993, 0.326, 0.1487] **
max =  0.326 | max_idx =  3
**pseudo_label ->  [0.3408, 0.1756, 0.155, 0.1767, 0.1518] **
max =  0.3408 | max_idx =  0
Epoch 10/37, Train Loss: 1.0621, Valid Loss: 1.3982, Train Acc: 0.9800, Val Acc: 0.4694, Test Acc: 0.4211, Test F1(macro): 0.4251, Total Pseudo-Labels: 0, Correct Pseudo-Labels: 0, Train Data Number: 50



line 303 => train data수 50
line 258 => 인스턴스 수 10
Step 100  Tim 0:06:53
acc_train_cw(현재 train의 class별 acc) [1.0, 1.0, 1.0, 0.9, 1.0]
cw_psl_total_eval(pseudo label 클래스별 총 샘플 수):  [0, 0, 0, 0, 0]
cw_psl_correct_eval(pseudo label 클래스별 맞은 샘플 수):  [0, 0, 0, 0, 0]
psl_acc(PSL 평가에서의 정확도): None 
cw_psl_acc(클래스별 PSL 평가에서의 정확도):  [nan, nan, nan, nan, nan]
**pseudo_label ->  [0.1479, 0.3883, 0.1612, 0.1568, 0.1458] **
max =  0.3883 | max_idx =  1
**pseudo_label ->  [0.1253, 0.1449, 0.2726, 0.1778, 0.2795] **
max =  0.2795 | max_idx =  4
**pseudo_label ->  [0.1338, 0.1668, 0.3042, 0.2419, 0.1533] **
max =  0.3042 | max_idx =  2
**pseudo_label ->  [0.1469, 0.1641, 0.2581, 0.2891, 0.1419] **
max =  0.2891 | max_idx =  3
**pseudo_label ->  [0.3487, 0.1817, 0.1405, 0.1652, 0.1638] **
max =  0.3487 | max_idx =  0
Epoch 11/37, Train Loss: 1.0319, Valid Loss: 1.3872, Train Acc: 0.9800, Val Acc: 0.5510, Test Acc: 0.4737, Test F1(macro): 0.4738, Total Pseudo-Labels: 0, Correct Pseudo-Labels: 0, Train Data Number: 50



line 303 => train data수 50
line 258 => 인스턴스 수 10
Step 110  Tim 0:07:32
acc_train_cw(현재 train의 class별 acc) [1.0, 1.0, 1.0, 0.9, 1.0]
cw_psl_total_eval(pseudo label 클래스별 총 샘플 수):  [0, 0, 0, 0, 0]
cw_psl_correct_eval(pseudo label 클래스별 맞은 샘플 수):  [0, 0, 0, 0, 0]
psl_acc(PSL 평가에서의 정확도): None 
cw_psl_acc(클래스별 PSL 평가에서의 정확도):  [nan, nan, nan, nan, nan]
**pseudo_label ->  [0.1488, 0.3955, 0.1525, 0.1609, 0.1424] **
max =  0.3955 | max_idx =  1
**pseudo_label ->  [0.1316, 0.1514, 0.345, 0.1634, 0.2086] **
max =  0.345 | max_idx =  2
**pseudo_label ->  [0.1364, 0.1626, 0.3266, 0.2244, 0.1499] **
max =  0.3266 | max_idx =  2
**pseudo_label ->  [0.1382, 0.1629, 0.2855, 0.271, 0.1424] **
max =  0.2855 | max_idx =  2
**pseudo_label ->  [0.3567, 0.1729, 0.1337, 0.1646, 0.172] **
max =  0.3567 | max_idx =  0
Epoch 12/37, Train Loss: 1.0069, Valid Loss: 1.3973, Train Acc: 0.9800, Val Acc: 0.5102, Test Acc: 0.4842, Test F1(macro): 0.4825, Total Pseudo-Labels: 0, Correct Pseudo-Labels: 0, Train Data Number: 50



line 303 => train data수 50
line 258 => 인스턴스 수 10
Step 120  Tim 0:08:10
acc_train_cw(현재 train의 class별 acc) [1.0, 1.0, 1.0, 0.9, 1.0]
cw_psl_total_eval(pseudo label 클래스별 총 샘플 수):  [0, 0, 0, 0, 0]
cw_psl_correct_eval(pseudo label 클래스별 맞은 샘플 수):  [0, 0, 0, 0, 0]
psl_acc(PSL 평가에서의 정확도): None 
cw_psl_acc(클래스별 PSL 평가에서의 정확도):  [nan, nan, nan, nan, nan]
**pseudo_label ->  [0.1455, 0.4042, 0.1544, 0.1606, 0.1353] **
max =  0.4042 | max_idx =  1
**pseudo_label ->  [0.1411, 0.1377, 0.2302, 0.1457, 0.3454] **
max =  0.3454 | max_idx =  4
**pseudo_label ->  [0.1331, 0.1592, 0.3256, 0.2346, 0.1474] **
max =  0.3256 | max_idx =  2
**pseudo_label ->  [0.1351, 0.1635, 0.3014, 0.2607, 0.1393] **
max =  0.3014 | max_idx =  2
**pseudo_label ->  [0.3665, 0.1574, 0.1375, 0.1752, 0.1634] **
max =  0.3665 | max_idx =  0
Epoch 13/37, Train Loss: 0.9883, Valid Loss: 1.4059, Train Acc: 0.9800, Val Acc: 0.5102, Test Acc: 0.4632, Test F1(macro): 0.4636, Total Pseudo-Labels: 0, Correct Pseudo-Labels: 0, Train Data Number: 50



line 303 => train data수 50
line 258 => 인스턴스 수 10
Step 130  Tim 0:08:48
acc_train_cw(현재 train의 class별 acc) [1.0, 1.0, 1.0, 0.9, 1.0]
cw_psl_total_eval(pseudo label 클래스별 총 샘플 수):  [0, 0, 0, 0, 0]
cw_psl_correct_eval(pseudo label 클래스별 맞은 샘플 수):  [0, 0, 0, 0, 0]
psl_acc(PSL 평가에서의 정확도): None 
cw_psl_acc(클래스별 PSL 평가에서의 정확도):  [nan, nan, nan, nan, nan]
**pseudo_label ->  [0.1405, 0.4128, 0.1563, 0.1522, 0.1382] **
max =  0.4128 | max_idx =  1
**pseudo_label ->  [0.1531, 0.1393, 0.1873, 0.1431, 0.3772] **
max =  0.3772 | max_idx =  4
**pseudo_label ->  [0.1302, 0.157, 0.3177, 0.2509, 0.1442] **
max =  0.3177 | max_idx =  2
**pseudo_label ->  [0.1378, 0.1586, 0.2859, 0.2842, 0.1335] **
max =  0.2859 | max_idx =  2
**pseudo_label ->  [0.3727, 0.1659, 0.1328, 0.1726, 0.156] **
max =  0.3727 | max_idx =  0
Epoch 14/37, Train Loss: 0.9650, Valid Loss: 1.3974, Train Acc: 0.9800, Val Acc: 0.4694, Test Acc: 0.4842, Test F1(macro): 0.4775, Total Pseudo-Labels: 0, Correct Pseudo-Labels: 0, Train Data Number: 50



line 303 => train data수 50
line 258 => 인스턴스 수 10
Step 140  Tim 0:09:27
acc_train_cw(현재 train의 class별 acc) [1.0, 1.0, 1.0, 0.9, 1.0]
cw_psl_total_eval(pseudo label 클래스별 총 샘플 수):  [0, 0, 0, 0, 0]
cw_psl_correct_eval(pseudo label 클래스별 맞은 샘플 수):  [0, 0, 0, 0, 0]
psl_acc(PSL 평가에서의 정확도): None 
cw_psl_acc(클래스별 PSL 평가에서의 정확도):  [nan, nan, nan, nan, nan]
**pseudo_label ->  [0.1417, 0.421, 0.1501, 0.1531, 0.1341] **
max =  0.421 | max_idx =  1
**pseudo_label ->  [0.1512, 0.1405, 0.1771, 0.1431, 0.3881] **
max =  0.3881 | max_idx =  4
**pseudo_label ->  [0.1273, 0.1521, 0.3469, 0.2251, 0.1487] **
max =  0.3469 | max_idx =  2
**pseudo_label ->  [0.1334, 0.1585, 0.2997, 0.2765, 0.1319] **
max =  0.2997 | max_idx =  2
**pseudo_label ->  [0.3809, 0.1566, 0.1281, 0.1685, 0.1658] **
max =  0.3809 | max_idx =  0
Epoch 15/37, Train Loss: 0.9439, Valid Loss: 1.3952, Train Acc: 0.9800, Val Acc: 0.4796, Test Acc: 0.4526, Test F1(macro): 0.4459, Total Pseudo-Labels: 0, Correct Pseudo-Labels: 0, Train Data Number: 50



line 303 => train data수 50
line 258 => 인스턴스 수 10
Step 150  Tim 0:10:06
acc_train_cw(현재 train의 class별 acc) [1.0, 1.0, 1.0, 0.9, 1.0]
cw_psl_total_eval(pseudo label 클래스별 총 샘플 수):  [0, 0, 0, 0, 0]
cw_psl_correct_eval(pseudo label 클래스별 맞은 샘플 수):  [0, 0, 0, 0, 0]
psl_acc(PSL 평가에서의 정확도): None 
cw_psl_acc(클래스별 PSL 평가에서의 정확도):  [nan, nan, nan, nan, nan]
**pseudo_label ->  [0.1443, 0.4289, 0.1492, 0.1484, 0.1292] **
max =  0.4289 | max_idx =  1
**pseudo_label ->  [0.1525, 0.1384, 0.1713, 0.1389, 0.3989] **
max =  0.3989 | max_idx =  4
**pseudo_label ->  [0.1236, 0.1591, 0.3446, 0.2342, 0.1385] **
max =  0.3446 | max_idx =  2
**pseudo_label ->  [0.128, 0.1561, 0.3466, 0.2343, 0.135] **
max =  0.3466 | max_idx =  2
**pseudo_label ->  [0.3879, 0.1528, 0.1278, 0.1705, 0.161] **
max =  0.3879 | max_idx =  0
Epoch 16/37, Train Loss: 0.9232, Valid Loss: 1.3863, Train Acc: 0.9800, Val Acc: 0.4796, Test Acc: 0.4526, Test F1(macro): 0.4459, Total Pseudo-Labels: 0, Correct Pseudo-Labels: 0, Train Data Number: 50



line 303 => train data수 50
line 258 => 인스턴스 수 10
Step 160  Tim 0:10:44
acc_train_cw(현재 train의 class별 acc) [1.0, 1.0, 1.0, 0.9, 1.0]
cw_psl_total_eval(pseudo label 클래스별 총 샘플 수):  [0, 0, 0, 0, 0]
cw_psl_correct_eval(pseudo label 클래스별 맞은 샘플 수):  [0, 0, 0, 0, 0]
psl_acc(PSL 평가에서의 정확도): None 
cw_psl_acc(클래스별 PSL 평가에서의 정확도):  [nan, nan, nan, nan, nan]
**pseudo_label ->  [0.1397, 0.4369, 0.1472, 0.1466, 0.1296] **
max =  0.4369 | max_idx =  1
**pseudo_label ->  [0.1486, 0.1369, 0.1685, 0.1382, 0.4078] **
max =  0.4078 | max_idx =  4
**pseudo_label ->  [0.123, 0.1462, 0.3362, 0.2521, 0.1425] **
max =  0.3362 | max_idx =  2
**pseudo_label ->  [0.1274, 0.1555, 0.3258, 0.2632, 0.1281] **
max =  0.3258 | max_idx =  2
**pseudo_label ->  [0.3958, 0.1583, 0.125, 0.1628, 0.1581] **
max =  0.3958 | max_idx =  0
Epoch 17/37, Train Loss: 0.9066, Valid Loss: 1.3876, Train Acc: 0.9800, Val Acc: 0.4898, Test Acc: 0.4526, Test F1(macro): 0.4459, Total Pseudo-Labels: 0, Correct Pseudo-Labels: 0, Train Data Number: 50



line 303 => train data수 50
line 258 => 인스턴스 수 10
Step 170  Tim 0:11:06
acc_train_cw(현재 train의 class별 acc) [1.0, 1.0, 1.0, 0.9, 1.0]
cw_psl_total_eval(pseudo label 클래스별 총 샘플 수):  [0, 0, 0, 0, 0]
cw_psl_correct_eval(pseudo label 클래스별 맞은 샘플 수):  [0, 0, 0, 0, 0]
psl_acc(PSL 평가에서의 정확도): None 
cw_psl_acc(클래스별 PSL 평가에서의 정확도):  [nan, nan, nan, nan, nan]
**pseudo_label ->  [0.1336, 0.4456, 0.1493, 0.1427, 0.1288] **
max =  0.4456 | max_idx =  1
**pseudo_label ->  [0.1457, 0.1393, 0.1692, 0.1314, 0.4144] **
max =  0.4144 | max_idx =  4
**pseudo_label ->  [0.118, 0.1437, 0.3617, 0.229, 0.1476] **
max =  0.3617 | max_idx =  2
**pseudo_label ->  [0.1264, 0.1501, 0.2909, 0.3051, 0.1276] **
max =  0.3051 | max_idx =  3
**pseudo_label ->  [0.4001, 0.152, 0.1209, 0.1763, 0.1507] **
max =  0.4001 | max_idx =  0
Epoch 18/37, Train Loss: 0.8853, Valid Loss: 1.3730, Train Acc: 0.9800, Val Acc: 0.4796, Test Acc: 0.4526, Test F1(macro): 0.4459, Total Pseudo-Labels: 0, Correct Pseudo-Labels: 0, Train Data Number: 50



line 303 => train data수 50
line 258 => 인스턴스 수 10
Step 180  Tim 0:11:25
acc_train_cw(현재 train의 class별 acc) [1.0, 1.0, 1.0, 0.9, 1.0]
cw_psl_total_eval(pseudo label 클래스별 총 샘플 수):  [0, 0, 0, 0, 0]
cw_psl_correct_eval(pseudo label 클래스별 맞은 샘플 수):  [0, 0, 0, 0, 0]
psl_acc(PSL 평가에서의 정확도): None 
cw_psl_acc(클래스별 PSL 평가에서의 정확도):  [nan, nan, nan, nan, nan]
**pseudo_label ->  [0.1343, 0.4532, 0.1409, 0.1415, 0.1301] **
max =  0.4532 | max_idx =  1
**pseudo_label ->  [0.1461, 0.1328, 0.1614, 0.1346, 0.425] **
max =  0.425 | max_idx =  4
**pseudo_label ->  [0.1178, 0.1496, 0.3421, 0.2589, 0.1315] **
max =  0.3421 | max_idx =  2
**pseudo_label ->  [0.1252, 0.1484, 0.3516, 0.2497, 0.1251] **
max =  0.3516 | max_idx =  2
**pseudo_label ->  [0.4113, 0.1575, 0.1233, 0.1559, 0.1519] **
max =  0.4113 | max_idx =  0
Epoch 19/37, Train Loss: 0.8666, Valid Loss: 1.3761, Train Acc: 0.9800, Val Acc: 0.5102, Test Acc: 0.4632, Test F1(macro): 0.4521, Total Pseudo-Labels: 0, Correct Pseudo-Labels: 0, Train Data Number: 50



line 303 => train data수 50
line 258 => 인스턴스 수 10
Step 190  Tim 0:11:53
acc_train_cw(현재 train의 class별 acc) [1.0, 1.0, 1.0, 0.9, 1.0]
cw_psl_total_eval(pseudo label 클래스별 총 샘플 수):  [0, 0, 0, 0, 0]
cw_psl_correct_eval(pseudo label 클래스별 맞은 샘플 수):  [0, 0, 0, 0, 0]
psl_acc(PSL 평가에서의 정확도): None 
cw_psl_acc(클래스별 PSL 평가에서의 정확도):  [nan, nan, nan, nan, nan]
**pseudo_label ->  [0.1335, 0.4618, 0.143, 0.1392, 0.1225] **
max =  0.4618 | max_idx =  1
**pseudo_label ->  [0.1451, 0.132, 0.1568, 0.1324, 0.4337] **
max =  0.4337 | max_idx =  4
**pseudo_label ->  [0.1176, 0.1495, 0.3471, 0.2594, 0.1264] **
max =  0.3471 | max_idx =  2
**pseudo_label ->  [0.1207, 0.1446, 0.3396, 0.2698, 0.1253] **
max =  0.3396 | max_idx =  2
**pseudo_label ->  [0.4176, 0.1453, 0.1182, 0.1717, 0.1472] **
max =  0.4176 | max_idx =  0
Epoch 20/37, Train Loss: 0.8505, Valid Loss: 1.3730, Train Acc: 0.9800, Val Acc: 0.5102, Test Acc: 0.4421, Test F1(macro): 0.4357, Total Pseudo-Labels: 0, Correct Pseudo-Labels: 0, Train Data Number: 50



line 303 => train data수 50
line 258 => 인스턴스 수 10
Step 200  Tim 0:12:32
acc_train_cw(현재 train의 class별 acc) [1.0, 1.0, 1.0, 0.9, 1.0]
cw_psl_total_eval(pseudo label 클래스별 총 샘플 수):  [0, 0, 0, 0, 0]
cw_psl_correct_eval(pseudo label 클래스별 맞은 샘플 수):  [0, 0, 0, 0, 0]
psl_acc(PSL 평가에서의 정확도): None 
cw_psl_acc(클래스별 PSL 평가에서의 정확도):  [nan, nan, nan, nan, nan]
**pseudo_label ->  [0.1275, 0.4697, 0.1429, 0.1373, 0.1227] **
max =  0.4697 | max_idx =  1
**pseudo_label ->  [0.1431, 0.127, 0.1574, 0.1306, 0.442] **
max =  0.442 | max_idx =  4
**pseudo_label ->  [0.1139, 0.1474, 0.3638, 0.2494, 0.1255] **
max =  0.3638 | max_idx =  2
**pseudo_label ->  [0.118, 0.1479, 0.3229, 0.2919, 0.1192] **
max =  0.3229 | max_idx =  2
**pseudo_label ->  [0.424, 0.1502, 0.1158, 0.1593, 0.1507] **
max =  0.424 | max_idx =  0
Epoch 21/37, Train Loss: 0.8306, Valid Loss: 1.3630, Train Acc: 0.9800, Val Acc: 0.5000, Test Acc: 0.4632, Test F1(macro): 0.4521, Total Pseudo-Labels: 0, Correct Pseudo-Labels: 0, Train Data Number: 50



line 303 => train data수 50
line 258 => 인스턴스 수 10
Step 210  Tim 0:13:07
acc_train_cw(현재 train의 class별 acc) [1.0, 1.0, 1.0, 0.9, 1.0]
cw_psl_total_eval(pseudo label 클래스별 총 샘플 수):  [0, 0, 0, 0, 0]
cw_psl_correct_eval(pseudo label 클래스별 맞은 샘플 수):  [0, 0, 0, 0, 0]
psl_acc(PSL 평가에서의 정확도): None 
cw_psl_acc(클래스별 PSL 평가에서의 정확도):  [nan, nan, nan, nan, nan]
**pseudo_label ->  [0.1279, 0.4775, 0.1334, 0.1401, 0.1211] **
max =  0.4775 | max_idx =  1
**pseudo_label ->  [0.1336, 0.1283, 0.1612, 0.1288, 0.4481] **
max =  0.4481 | max_idx =  4
**pseudo_label ->  [0.1103, 0.146, 0.381, 0.237, 0.1257] **
max =  0.381 | max_idx =  2
**pseudo_label ->  [0.1196, 0.1389, 0.3446, 0.2777, 0.1191] **
max =  0.3446 | max_idx =  2
**pseudo_label ->  [0.4346, 0.1486, 0.1214, 0.1462, 0.1492] **
max =  0.4346 | max_idx =  0
Epoch 22/37, Train Loss: 0.8118, Valid Loss: 1.3723, Train Acc: 0.9800, Val Acc: 0.5000, Test Acc: 0.4632, Test F1(macro): 0.4561, Total Pseudo-Labels: 0, Correct Pseudo-Labels: 0, Train Data Number: 50



line 303 => train data수 50
line 258 => 인스턴스 수 10
Step 220  Tim 0:13:41
acc_train_cw(현재 train의 class별 acc) [1.0, 1.0, 1.0, 0.9, 1.0]
cw_psl_total_eval(pseudo label 클래스별 총 샘플 수):  [0, 0, 0, 0, 0]
cw_psl_correct_eval(pseudo label 클래스별 맞은 샘플 수):  [0, 0, 0, 0, 0]
psl_acc(PSL 평가에서의 정확도): None 
cw_psl_acc(클래스별 PSL 평가에서의 정확도):  [nan, nan, nan, nan, nan]
**pseudo_label ->  [0.1229, 0.486, 0.1376, 0.1328, 0.1207] **
max =  0.486 | max_idx =  1
**pseudo_label ->  [0.1418, 0.1207, 0.1593, 0.1219, 0.4564] **
max =  0.4564 | max_idx =  4
**pseudo_label ->  [0.1097, 0.1426, 0.3831, 0.2419, 0.1228] **
max =  0.3831 | max_idx =  2
**pseudo_label ->  [0.118, 0.1474, 0.31, 0.3148, 0.1099] **
max =  0.3148 | max_idx =  3
**pseudo_label ->  [0.442, 0.1432, 0.1148, 0.1584, 0.1416] **
max =  0.442 | max_idx =  0
Epoch 23/37, Train Loss: 0.7951, Valid Loss: 1.3600, Train Acc: 0.9800, Val Acc: 0.5000, Test Acc: 0.4421, Test F1(macro): 0.4357, Total Pseudo-Labels: 0, Correct Pseudo-Labels: 0, Train Data Number: 50



line 303 => train data수 50
line 258 => 인스턴스 수 10
Step 230  Tim 0:14:12
acc_train_cw(현재 train의 class별 acc) [1.0, 1.0, 1.0, 0.9, 1.0]
cw_psl_total_eval(pseudo label 클래스별 총 샘플 수):  [0, 0, 0, 0, 0]
cw_psl_correct_eval(pseudo label 클래스별 맞은 샘플 수):  [0, 0, 0, 0, 0]
psl_acc(PSL 평가에서의 정확도): None 
cw_psl_acc(클래스별 PSL 평가에서의 정확도):  [nan, nan, nan, nan, nan]
**pseudo_label ->  [0.1279, 0.4938, 0.1348, 0.1272, 0.1163] **
max =  0.4938 | max_idx =  1
**pseudo_label ->  [0.1333, 0.1267, 0.1594, 0.1178, 0.4629] **
max =  0.4629 | max_idx =  4
**pseudo_label ->  [0.109, 0.1372, 0.4211, 0.2033, 0.1294] **
max =  0.4211 | max_idx =  2
**pseudo_label ->  [0.1164, 0.1394, 0.3169, 0.3162, 0.111] **
max =  0.3169 | max_idx =  2
**pseudo_label ->  [0.4488, 0.1392, 0.1118, 0.161, 0.1392] **
max =  0.4488 | max_idx =  0
Epoch 24/37, Train Loss: 0.7791, Valid Loss: 1.3551, Train Acc: 0.9800, Val Acc: 0.5102, Test Acc: 0.4632, Test F1(macro): 0.4561, Total Pseudo-Labels: 0, Correct Pseudo-Labels: 0, Train Data Number: 50



line 303 => train data수 50
line 258 => 인스턴스 수 10
Step 240  Tim 0:14:32
acc_train_cw(현재 train의 class별 acc) [1.0, 1.0, 1.0, 0.9, 1.0]
cw_psl_total_eval(pseudo label 클래스별 총 샘플 수):  [0, 0, 0, 0, 0]
cw_psl_correct_eval(pseudo label 클래스별 맞은 샘플 수):  [0, 0, 0, 0, 0]
psl_acc(PSL 평가에서의 정확도): None 
cw_psl_acc(클래스별 PSL 평가에서의 정확도):  [nan, nan, nan, nan, nan]
**pseudo_label ->  [0.1187, 0.5015, 0.1315, 0.1314, 0.1168] **
max =  0.5015 | max_idx =  1
**pseudo_label ->  [0.1337, 0.1239, 0.1469, 0.1206, 0.4749] **
max =  0.4749 | max_idx =  4
**pseudo_label ->  [0.1057, 0.1406, 0.3303, 0.3071, 0.1164] **
max =  0.3303 | max_idx =  2
**pseudo_label ->  [0.1118, 0.1403, 0.3825, 0.2561, 0.1093] **
max =  0.3825 | max_idx =  2
**pseudo_label ->  [0.4522, 0.153, 0.109, 0.1407, 0.1451] **
max =  0.4522 | max_idx =  0
Epoch 25/37, Train Loss: 0.7616, Valid Loss: 1.3449, Train Acc: 0.9800, Val Acc: 0.5204, Test Acc: 0.4632, Test F1(macro): 0.4545, Total Pseudo-Labels: 0, Correct Pseudo-Labels: 0, Train Data Number: 50



line 303 => train data수 50
line 258 => 인스턴스 수 10
Step 250  Tim 0:15:09
acc_train_cw(현재 train의 class별 acc) [1.0, 1.0, 1.0, 0.9, 1.0]
cw_psl_total_eval(pseudo label 클래스별 총 샘플 수):  [0, 0, 0, 0, 0]
cw_psl_correct_eval(pseudo label 클래스별 맞은 샘플 수):  [0, 0, 0, 0, 0]
psl_acc(PSL 평가에서의 정확도): None 
cw_psl_acc(클래스별 PSL 평가에서의 정확도):  [nan, nan, nan, nan, nan]
**pseudo_label ->  [0.1215, 0.5095, 0.128, 0.1295, 0.1114] **
max =  0.5095 | max_idx =  1
**pseudo_label ->  [0.1299, 0.1203, 0.1546, 0.1147, 0.4805] **
max =  0.4805 | max_idx =  4
**pseudo_label ->  [0.1052, 0.1327, 0.4068, 0.2366, 0.1188] **
max =  0.4068 | max_idx =  2
**pseudo_label ->  [0.11, 0.1372, 0.405, 0.238, 0.1098] **
max =  0.405 | max_idx =  2
**pseudo_label ->  [0.4642, 0.1409, 0.112, 0.1455, 0.1375] **
max =  0.4642 | max_idx =  0
Epoch 26/37, Train Loss: 0.7458, Valid Loss: 1.3439, Train Acc: 0.9800, Val Acc: 0.5204, Test Acc: 0.4632, Test F1(macro): 0.4545, Total Pseudo-Labels: 0, Correct Pseudo-Labels: 0, Train Data Number: 50



line 303 => train data수 50
line 258 => 인스턴스 수 10
Step 260  Tim 0:15:49
acc_train_cw(현재 train의 class별 acc) [1.0, 1.0, 1.0, 0.9, 1.0]
cw_psl_total_eval(pseudo label 클래스별 총 샘플 수):  [0, 0, 0, 0, 0]
cw_psl_correct_eval(pseudo label 클래스별 맞은 샘플 수):  [0, 0, 0, 0, 0]
psl_acc(PSL 평가에서의 정확도): None 
cw_psl_acc(클래스별 PSL 평가에서의 정확도):  [nan, nan, nan, nan, nan]
**pseudo_label ->  [0.1199, 0.517, 0.131, 0.1218, 0.1104] **
max =  0.517 | max_idx =  1
**pseudo_label ->  [0.1288, 0.1196, 0.1446, 0.1167, 0.4904] **
max =  0.4904 | max_idx =  4
**pseudo_label ->  [0.1003, 0.1344, 0.3875, 0.2615, 0.1163] **
max =  0.3875 | max_idx =  2
**pseudo_label ->  [0.1106, 0.1304, 0.3942, 0.2567, 0.108] **
max =  0.3942 | max_idx =  2
**pseudo_label ->  [0.4711, 0.1345, 0.1071, 0.1454, 0.1419] **
max =  0.4711 | max_idx =  0
Epoch 27/37, Train Loss: 0.7335, Valid Loss: 1.3357, Train Acc: 0.9800, Val Acc: 0.5204, Test Acc: 0.4526, Test F1(macro): 0.4418, Total Pseudo-Labels: 0, Correct Pseudo-Labels: 0, Train Data Number: 50



line 303 => train data수 50
line 258 => 인스턴스 수 10
Step 270  Tim 0:16:27
acc_train_cw(현재 train의 class별 acc) [1.0, 1.0, 1.0, 0.9, 1.0]
cw_psl_total_eval(pseudo label 클래스별 총 샘플 수):  [0, 0, 0, 0, 0]
cw_psl_correct_eval(pseudo label 클래스별 맞은 샘플 수):  [0, 0, 0, 0, 0]
psl_acc(PSL 평가에서의 정확도): None 
cw_psl_acc(클래스별 PSL 평가에서의 정확도):  [nan, nan, nan, nan, nan]
**pseudo_label ->  [0.1125, 0.5249, 0.1318, 0.124, 0.1068] **
max =  0.5249 | max_idx =  1
**pseudo_label ->  [0.1257, 0.1212, 0.144, 0.111, 0.4982] **
max =  0.4982 | max_idx =  4
**pseudo_label ->  [0.1041, 0.1299, 0.4287, 0.2256, 0.1117] **
max =  0.4287 | max_idx =  2
**pseudo_label ->  [0.1063, 0.1347, 0.3966, 0.2591, 0.1033] **
max =  0.3966 | max_idx =  2
**pseudo_label ->  [0.4789, 0.1382, 0.1085, 0.1377, 0.1367] **
max =  0.4789 | max_idx =  0
Epoch 28/37, Train Loss: 0.7157, Valid Loss: 1.3424, Train Acc: 0.9800, Val Acc: 0.5204, Test Acc: 0.4421, Test F1(macro): 0.4357, Total Pseudo-Labels: 0, Correct Pseudo-Labels: 0, Train Data Number: 50



line 303 => train data수 50
line 258 => 인스턴스 수 10
Step 280  Tim 0:17:06
acc_train_cw(현재 train의 class별 acc) [1.0, 1.0, 1.0, 0.9, 1.0]
cw_psl_total_eval(pseudo label 클래스별 총 샘플 수):  [0, 0, 0, 0, 0]
cw_psl_correct_eval(pseudo label 클래스별 맞은 샘플 수):  [0, 0, 0, 0, 0]
psl_acc(PSL 평가에서의 정확도): None 
cw_psl_acc(클래스별 PSL 평가에서의 정확도):  [nan, nan, nan, nan, nan]
**pseudo_label ->  [0.1131, 0.5337, 0.1252, 0.1183, 0.1096] **
max =  0.5337 | max_idx =  1
**pseudo_label ->  [0.1242, 0.1144, 0.1458, 0.1104, 0.5053] **
max =  0.5053 | max_idx =  4
**pseudo_label ->  [0.1013, 0.1268, 0.4381, 0.2209, 0.113] **
max =  0.4381 | max_idx =  2
**pseudo_label ->  [0.1044, 0.1299, 0.4104, 0.2505, 0.1048] **
max =  0.4104 | max_idx =  2
**pseudo_label ->  [0.4825, 0.1263, 0.1021, 0.1613, 0.1277] **
max =  0.4825 | max_idx =  0
Epoch 29/37, Train Loss: 0.6998, Valid Loss: 1.3367, Train Acc: 0.9800, Val Acc: 0.5204, Test Acc: 0.4421, Test F1(macro): 0.4314, Total Pseudo-Labels: 0, Correct Pseudo-Labels: 0, Train Data Number: 50



line 303 => train data수 50
line 258 => 인스턴스 수 10
Step 290  Tim 0:17:43
acc_train_cw(현재 train의 class별 acc) [1.0, 1.0, 1.0, 0.9, 1.0]
cw_psl_total_eval(pseudo label 클래스별 총 샘플 수):  [0, 0, 0, 0, 0]
cw_psl_correct_eval(pseudo label 클래스별 맞은 샘플 수):  [0, 0, 0, 0, 0]
psl_acc(PSL 평가에서의 정확도): None 
cw_psl_acc(클래스별 PSL 평가에서의 정확도):  [nan, nan, nan, nan, nan]
**pseudo_label ->  [0.1103, 0.5403, 0.1257, 0.1186, 0.105] **
max =  0.5403 | max_idx =  1
**pseudo_label ->  [0.1188, 0.1152, 0.1392, 0.1121, 0.5147] **
max =  0.5147 | max_idx =  4
**pseudo_label ->  [0.099, 0.1235, 0.4287, 0.2381, 0.1107] **
max =  0.4287 | max_idx =  2
**pseudo_label ->  [0.1048, 0.1307, 0.4073, 0.2592, 0.098] **
max =  0.4073 | max_idx =  2
**pseudo_label ->  [0.4919, 0.1321, 0.1034, 0.1398, 0.1327] **
max =  0.4919 | max_idx =  0
Epoch 30/37, Train Loss: 0.6890, Valid Loss: 1.3306, Train Acc: 0.9800, Val Acc: 0.5204, Test Acc: 0.4737, Test F1(macro): 0.4648, Total Pseudo-Labels: 0, Correct Pseudo-Labels: 0, Train Data Number: 50



line 303 => train data수 50
line 258 => 인스턴스 수 10
Step 300  Tim 0:18:21
acc_train_cw(현재 train의 class별 acc) [1.0, 1.0, 1.0, 0.9, 1.0]
cw_psl_total_eval(pseudo label 클래스별 총 샘플 수):  [0, 0, 0, 0, 0]
cw_psl_correct_eval(pseudo label 클래스별 맞은 샘플 수):  [0, 0, 0, 0, 0]
psl_acc(PSL 평가에서의 정확도): None 
cw_psl_acc(클래스별 PSL 평가에서의 정확도):  [nan, nan, nan, nan, nan]
**pseudo_label ->  [0.1137, 0.5468, 0.1243, 0.1125, 0.1026] **
max =  0.5468 | max_idx =  1
**pseudo_label ->  [0.1199, 0.1111, 0.1432, 0.1055, 0.5203] **
max =  0.5203 | max_idx =  4
**pseudo_label ->  [0.0935, 0.1272, 0.4623, 0.2062, 0.1108] **
max =  0.4623 | max_idx =  2
**pseudo_label ->  [0.1031, 0.1226, 0.3961, 0.2781, 0.1001] **
max =  0.3961 | max_idx =  2
**pseudo_label ->  [0.4995, 0.1365, 0.1077, 0.1252, 0.1311] **
max =  0.4995 | max_idx =  0
Epoch 31/37, Train Loss: 0.6717, Valid Loss: 1.3483, Train Acc: 0.9800, Val Acc: 0.5204, Test Acc: 0.4632, Test F1(macro): 0.4545, Total Pseudo-Labels: 0, Correct Pseudo-Labels: 0, Train Data Number: 50



line 303 => train data수 50
line 258 => 인스턴스 수 10
Step 310  Tim 0:19:00
acc_train_cw(현재 train의 class별 acc) [1.0, 1.0, 1.0, 0.9, 1.0]
cw_psl_total_eval(pseudo label 클래스별 총 샘플 수):  [0, 0, 0, 0, 0]
cw_psl_correct_eval(pseudo label 클래스별 맞은 샘플 수):  [0, 0, 0, 0, 0]
psl_acc(PSL 평가에서의 정확도): None 
cw_psl_acc(클래스별 PSL 평가에서의 정확도):  [nan, nan, nan, nan, nan]
**pseudo_label ->  [0.1038, 0.5546, 0.1214, 0.1142, 0.106] **
max =  0.5546 | max_idx =  1
**pseudo_label ->  [0.115, 0.1111, 0.1381, 0.1065, 0.5294] **
max =  0.5294 | max_idx =  4
**pseudo_label ->  [0.0936, 0.1243, 0.4659, 0.2085, 0.1077] **
max =  0.4659 | max_idx =  2
**pseudo_label ->  [0.1008, 0.1251, 0.4395, 0.2379, 0.0967] **
max =  0.4395 | max_idx =  2
**pseudo_label ->  [0.5043, 0.1241, 0.0988, 0.1534, 0.1194] **
max =  0.5043 | max_idx =  0
Epoch 32/37, Train Loss: 0.6600, Valid Loss: 1.3396, Train Acc: 0.9800, Val Acc: 0.5102, Test Acc: 0.4526, Test F1(macro): 0.4440, Total Pseudo-Labels: 0, Correct Pseudo-Labels: 0, Train Data Number: 50



line 303 => train data수 50
line 258 => 인스턴스 수 10
Step 320  Tim 0:19:39
acc_train_cw(현재 train의 class별 acc) [1.0, 1.0, 1.0, 0.9, 1.0]
cw_psl_total_eval(pseudo label 클래스별 총 샘플 수):  [0, 0, 0, 0, 0]
cw_psl_correct_eval(pseudo label 클래스별 맞은 샘플 수):  [0, 0, 0, 0, 0]
psl_acc(PSL 평가에서의 정확도): None 
cw_psl_acc(클래스별 PSL 평가에서의 정확도):  [nan, nan, nan, nan, nan]
**pseudo_label ->  [0.1099, 0.5631, 0.1146, 0.1122, 0.1002] **
max =  0.5631 | max_idx =  1
**pseudo_label ->  [0.1111, 0.108, 0.1377, 0.1069, 0.5363] **
max =  0.5363 | max_idx =  4
**pseudo_label ->  [0.0943, 0.1176, 0.4742, 0.207, 0.107] **
max =  0.4742 | max_idx =  2
**pseudo_label ->  [0.0974, 0.1217, 0.4514, 0.2307, 0.0988] **
max =  0.4514 | max_idx =  2
**pseudo_label ->  [0.5141, 0.1323, 0.1028, 0.1244, 0.1263] **
max =  0.5141 | max_idx =  0
Epoch 33/37, Train Loss: 0.6444, Valid Loss: 1.3464, Train Acc: 0.9800, Val Acc: 0.5102, Test Acc: 0.4526, Test F1(macro): 0.4441, Total Pseudo-Labels: 0, Correct Pseudo-Labels: 0, Train Data Number: 50



line 303 => train data수 50
line 258 => 인스턴스 수 10
Step 330  Tim 0:20:17
acc_train_cw(현재 train의 class별 acc) [1.0, 1.0, 1.0, 0.9, 1.0]
cw_psl_total_eval(pseudo label 클래스별 총 샘플 수):  [0, 0, 0, 0, 0]
cw_psl_correct_eval(pseudo label 클래스별 맞은 샘플 수):  [0, 0, 0, 0, 0]
psl_acc(PSL 평가에서의 정확도): None 
cw_psl_acc(클래스별 PSL 평가에서의 정확도):  [nan, nan, nan, nan, nan]
**pseudo_label ->  [0.1017, 0.5696, 0.1145, 0.114, 0.1001] **
max =  0.5696 | max_idx =  1
**pseudo_label ->  [0.1148, 0.1086, 0.1346, 0.0987, 0.5432] **
max =  0.5432 | max_idx =  4
**pseudo_label ->  [0.0914, 0.1182, 0.4672, 0.2192, 0.104] **
max =  0.4672 | max_idx =  2
**pseudo_label ->  [0.1038, 0.1133, 0.3599, 0.3298, 0.0932] **
max =  0.3599 | max_idx =  2
**pseudo_label ->  [0.5232, 0.1225, 0.1005, 0.1329, 0.121] **
max =  0.5232 | max_idx =  0
Epoch 34/37, Train Loss: 0.6314, Valid Loss: 1.3483, Train Acc: 0.9800, Val Acc: 0.5102, Test Acc: 0.4526, Test F1(macro): 0.4484, Total Pseudo-Labels: 0, Correct Pseudo-Labels: 0, Train Data Number: 50



line 303 => train data수 50
line 258 => 인스턴스 수 10
Step 340  Tim 0:20:55
acc_train_cw(현재 train의 class별 acc) [1.0, 1.0, 1.0, 0.9, 1.0]
cw_psl_total_eval(pseudo label 클래스별 총 샘플 수):  [0, 0, 0, 0, 0]
cw_psl_correct_eval(pseudo label 클래스별 맞은 샘플 수):  [0, 0, 0, 0, 0]
psl_acc(PSL 평가에서의 정확도): None 
cw_psl_acc(클래스별 PSL 평가에서의 정확도):  [nan, nan, nan, nan, nan]
**pseudo_label ->  [0.1026, 0.5773, 0.1124, 0.1066, 0.1011] **
max =  0.5773 | max_idx =  1
**pseudo_label ->  [0.107, 0.1059, 0.1317, 0.103, 0.5525] **
max =  0.5525 | max_idx =  4
**pseudo_label ->  [0.0869, 0.1208, 0.5104, 0.175, 0.107] **
max =  0.5104 | max_idx =  2
**pseudo_label ->  [0.0926, 0.1198, 0.4683, 0.2249, 0.0944] **
max =  0.4683 | max_idx =  2
**pseudo_label ->  [0.528, 0.1176, 0.095, 0.1379, 0.1215] **
max =  0.528 | max_idx =  0
Epoch 35/37, Train Loss: 0.6182, Valid Loss: 1.3565, Train Acc: 0.9800, Val Acc: 0.5102, Test Acc: 0.4526, Test F1(macro): 0.4441, Total Pseudo-Labels: 0, Correct Pseudo-Labels: 0, Train Data Number: 50



line 303 => train data수 50
line 258 => 인스턴스 수 10
Step 350  Tim 0:21:34
acc_train_cw(현재 train의 class별 acc) [1.0, 1.0, 1.0, 0.9, 1.0]
cw_psl_total_eval(pseudo label 클래스별 총 샘플 수):  [0, 0, 0, 0, 0]
cw_psl_correct_eval(pseudo label 클래스별 맞은 샘플 수):  [0, 0, 0, 0, 0]
psl_acc(PSL 평가에서의 정확도): None 
cw_psl_acc(클래스별 PSL 평가에서의 정확도):  [nan, nan, nan, nan, nan]
**pseudo_label ->  [0.1006, 0.5845, 0.1108, 0.1084, 0.0957] **
max =  0.5845 | max_idx =  1
**pseudo_label ->  [0.1124, 0.1073, 0.1283, 0.0929, 0.5592] **
max =  0.5592 | max_idx =  4
**pseudo_label ->  [0.0877, 0.1171, 0.4595, 0.2393, 0.0963] **
max =  0.4595 | max_idx =  2
**pseudo_label ->  [0.0948, 0.1173, 0.4371, 0.2621, 0.0886] **
max =  0.4371 | max_idx =  2
**pseudo_label ->  [0.5357, 0.1132, 0.0959, 0.1328, 0.1225] **
max =  0.5357 | max_idx =  0
Epoch 36/37, Train Loss: 0.6082, Valid Loss: 1.3449, Train Acc: 0.9800, Val Acc: 0.5000, Test Acc: 0.4632, Test F1(macro): 0.4543, Total Pseudo-Labels: 0, Correct Pseudo-Labels: 0, Train Data Number: 50



line 303 => train data수 50
line 258 => 인스턴스 수 10
Step 360  Tim 0:22:13
acc_train_cw(현재 train의 class별 acc) [1.0, 1.0, 1.0, 0.9, 1.0]
cw_psl_total_eval(pseudo label 클래스별 총 샘플 수):  [0, 0, 0, 0, 0]
cw_psl_correct_eval(pseudo label 클래스별 맞은 샘플 수):  [0, 0, 0, 0, 0]
psl_acc(PSL 평가에서의 정확도): None 
cw_psl_acc(클래스별 PSL 평가에서의 정확도):  [nan, nan, nan, nan, nan]
**pseudo_label ->  [0.0989, 0.5906, 0.1156, 0.1009, 0.094] **
max =  0.5906 | max_idx =  1
**pseudo_label ->  [0.1092, 0.0978, 0.1264, 0.099, 0.5675] **
max =  0.5675 | max_idx =  4
**pseudo_label ->  [0.0885, 0.1093, 0.465, 0.2397, 0.0975] **
max =  0.465 | max_idx =  2
**pseudo_label ->  [0.092, 0.1113, 0.4649, 0.2402, 0.0916] **
max =  0.4649 | max_idx =  2
**pseudo_label ->  [0.5436, 0.1136, 0.0974, 0.1281, 0.1173] **
max =  0.5436 | max_idx =  0
Epoch 37/37, Train Loss: 0.5963, Valid Loss: 1.3470, Train Acc: 0.9800, Val Acc: 0.5102, Test Acc: 0.4421, Test F1(macro): 0.4336, Total Pseudo-Labels: 0, Correct Pseudo-Labels: 0, Train Data Number: 50

Training complete!
Total training took 0:22:43 (h:mm:ss)
Load model from ./experiment/corcod_extended_data/output/10_codet5p-110m-embedding_0.00025_0.7_corcod_extended_data_37_[43]_net0.pth
Save training statistics in:  ./experiment/corcod_extended_data/log/codet5p/class5//10_codet5p-110m-embedding_0.00025_0.7_corcod_extended_data_37_[43]/training_statistics.csv

best_trian_loss, epoch => 0.596252304315567 37
Epoch-1_train_loss => 1.6501131892204284
max_epoch_train_loss => 0.596252304315567 


best_val_loss, epoch =>  1.3305526758943285 30
Epoch-1_val_loss => 1.6014298979116945
max_epoch_val_loss => 1.3469588087529552 

pse_epoch =>  []
추가되는 pse_epoch =>  [] 

total_data:  50 

Best_step:  60 
Best_val_epoch:  7 
best_val_acc:  0.5510204081632653 
best_val_test_acc:  0.37894736842105264 
best_val_test_f1:  0.39066455567734343
Save best record in:  ./experiment/corcod_extended_data/log/codet5p/class5/summary.csv
Save best record in:  ./experiment/corcod_extended_data/log/summary_avgrun.csv
