current work directory:  /home/imsuhan22/few-shot-tc/custom_ssl/code
bs =>  5
Data set -> corcod_extended_data
save_name: 10_codet5p-110m-embedding_0.00025_0.7_corcod_extended_data_37_[45]

data_path:  ../data/problem_based_split/corcod_extended_data

There are 2 GPU(s) available.
We will use the GPU- 0 Quadro RTX 8000

**line 147 모델 =>  Salesforce/codet5p-110m-embedding
**tokenizer type =  Salesforce/codet5p-110m-embedding 

pesudo label class개수 기준 -> 5
n_labeled_per_class:  10
train_df samples: 739
train_labeled_df samples: 50
train_unlabeled_df samples: 689
n_classes:  5 


net_arch:  Salesforce/codet5p-110m-embedding 
lr:  0.00025 
lr_linear:  0.001 




line 303 => train data수 50
line 258 => 인스턴스 수 10
Step 0  Tim 0:00:08
acc_train_cw(현재 train의 class별 acc) [0.0, 0.2, 0.1, 0.0, 0.5]
cw_psl_total_eval(pseudo label 클래스별 총 샘플 수):  [0, 0, 0, 0, 0]
cw_psl_correct_eval(pseudo label 클래스별 맞은 샘플 수):  [0, 0, 0, 0, 0]
psl_acc(PSL 평가에서의 정확도): None 
cw_psl_acc(클래스별 PSL 평가에서의 정확도):  [nan, nan, nan, nan, nan]
***best_acc_model_save --- epoch = 1***
Save model to ./experiment/corcod_extended_data/output/
**pseudo_label ->  [0.1913, 0.1953, 0.2086, 0.2012, 0.2036] **
max =  0.2086 | max_idx =  2
**pseudo_label ->  [0.1938, 0.1993, 0.1974, 0.2031, 0.2064] **
max =  0.2064 | max_idx =  4
**pseudo_label ->  [0.1854, 0.2122, 0.1929, 0.2031, 0.2064] **
max =  0.2122 | max_idx =  1
**pseudo_label ->  [0.1853, 0.202, 0.2032, 0.1981, 0.2114] **
max =  0.2114 | max_idx =  4
**pseudo_label ->  [0.1903, 0.1988, 0.2004, 0.2003, 0.2102] **
max =  0.2102 | max_idx =  4
Epoch 1/37, Train Loss: 1.6216, Valid Loss: 1.6065, Train Acc: 0.1600, Val Acc: 0.1837, Test Acc: 0.2105, Test F1(macro): 0.1547, Total Pseudo-Labels: 0, Correct Pseudo-Labels: 0, Train Data Number: 50



line 303 => train data수 50
line 258 => 인스턴스 수 10
Step 10  Tim 0:00:49
acc_train_cw(현재 train의 class별 acc) [1.0, 0.8, 0.0, 0.0, 0.3]
cw_psl_total_eval(pseudo label 클래스별 총 샘플 수):  [0, 0, 0, 0, 0]
cw_psl_correct_eval(pseudo label 클래스별 맞은 샘플 수):  [0, 0, 0, 0, 0]
psl_acc(PSL 평가에서의 정확도): None 
cw_psl_acc(클래스별 PSL 평가에서의 정확도):  [nan, nan, nan, nan, nan]
**pseudo_label ->  [0.1675, 0.2304, 0.1947, 0.1962, 0.2111] **
max =  0.2304 | max_idx =  1
**pseudo_label ->  [0.164, 0.2344, 0.1961, 0.1959, 0.2096] **
max =  0.2344 | max_idx =  1
**pseudo_label ->  [0.2391, 0.1802, 0.1751, 0.2013, 0.2044] **
max =  0.2391 | max_idx =  0
**pseudo_label ->  [0.2556, 0.1687, 0.1762, 0.1991, 0.2005] **
max =  0.2556 | max_idx =  0
**pseudo_label ->  [0.2531, 0.1683, 0.1785, 0.1969, 0.2031] **
max =  0.2531 | max_idx =  0
Epoch 2/37, Train Loss: 1.5176, Valid Loss: 1.5616, Train Acc: 0.4200, Val Acc: 0.1429, Test Acc: 0.1684, Test F1(macro): 0.1184, Total Pseudo-Labels: 0, Correct Pseudo-Labels: 0, Train Data Number: 50



line 303 => train data수 50
line 258 => 인스턴스 수 10
Step 20  Tim 0:01:29
acc_train_cw(현재 train의 class별 acc) [1.0, 0.9, 0.1, 0.4, 0.5]
cw_psl_total_eval(pseudo label 클래스별 총 샘플 수):  [0, 0, 0, 0, 0]
cw_psl_correct_eval(pseudo label 클래스별 맞은 샘플 수):  [0, 0, 0, 0, 0]
psl_acc(PSL 평가에서의 정확도): None 
cw_psl_acc(클래스별 PSL 평가에서의 정확도):  [nan, nan, nan, nan, nan]
***best_acc_model_save --- epoch = 3***
Save model to ./experiment/corcod_extended_data/output/
**pseudo_label ->  [0.1557, 0.2023, 0.2087, 0.204, 0.2292] **
max =  0.2292 | max_idx =  4
**pseudo_label ->  [0.1489, 0.2177, 0.2049, 0.1836, 0.245] **
max =  0.245 | max_idx =  4
**pseudo_label ->  [0.2337, 0.1543, 0.188, 0.2199, 0.204] **
max =  0.2337 | max_idx =  0
**pseudo_label ->  [0.2534, 0.1364, 0.1836, 0.2226, 0.204] **
max =  0.2534 | max_idx =  0
**pseudo_label ->  [0.2592, 0.1344, 0.184, 0.2195, 0.203] **
max =  0.2592 | max_idx =  0
Epoch 3/37, Train Loss: 1.4113, Valid Loss: 1.5314, Train Acc: 0.5800, Val Acc: 0.2041, Test Acc: 0.2105, Test F1(macro): 0.1772, Total Pseudo-Labels: 0, Correct Pseudo-Labels: 0, Train Data Number: 50



line 303 => train data수 50
line 258 => 인스턴스 수 10
Step 30  Tim 0:02:14
acc_train_cw(현재 train의 class별 acc) [1.0, 1.0, 0.4, 0.3, 0.8]
cw_psl_total_eval(pseudo label 클래스별 총 샘플 수):  [0, 0, 0, 0, 0]
cw_psl_correct_eval(pseudo label 클래스별 맞은 샘플 수):  [0, 0, 0, 0, 0]
psl_acc(PSL 평가에서의 정확도): None 
cw_psl_acc(클래스별 PSL 평가에서의 정확도):  [nan, nan, nan, nan, nan]
***best_acc_model_save --- epoch = 4***
Save model to ./experiment/corcod_extended_data/output/
**pseudo_label ->  [0.1718, 0.1638, 0.2214, 0.2273, 0.2156] **
max =  0.2273 | max_idx =  3
**pseudo_label ->  [0.1373, 0.2243, 0.2385, 0.1838, 0.216] **
max =  0.2385 | max_idx =  2
**pseudo_label ->  [0.2687, 0.1476, 0.1934, 0.2237, 0.1666] **
max =  0.2687 | max_idx =  0
**pseudo_label ->  [0.2603, 0.1436, 0.1962, 0.2324, 0.1675] **
max =  0.2603 | max_idx =  0
**pseudo_label ->  [0.28, 0.1306, 0.1874, 0.2146, 0.1874] **
max =  0.28 | max_idx =  0
Epoch 4/37, Train Loss: 1.3007, Valid Loss: 1.5573, Train Acc: 0.7000, Val Acc: 0.3469, Test Acc: 0.3368, Test F1(macro): 0.3254, Total Pseudo-Labels: 0, Correct Pseudo-Labels: 0, Train Data Number: 50



line 303 => train data수 50
line 258 => 인스턴스 수 10
Step 40  Tim 0:03:00
acc_train_cw(현재 train의 class별 acc) [1.0, 1.0, 0.7, 0.5, 1.0]
cw_psl_total_eval(pseudo label 클래스별 총 샘플 수):  [0, 0, 0, 0, 0]
cw_psl_correct_eval(pseudo label 클래스별 맞은 샘플 수):  [0, 0, 0, 0, 0]
psl_acc(PSL 평가에서의 정확도): None 
cw_psl_acc(클래스별 PSL 평가에서의 정확도):  [nan, nan, nan, nan, nan]
**pseudo_label ->  [0.1348, 0.2092, 0.2282, 0.235, 0.1927] **
max =  0.235 | max_idx =  3
**pseudo_label ->  [0.1285, 0.235, 0.2259, 0.2016, 0.209] **
max =  0.235 | max_idx =  1
**pseudo_label ->  [0.2602, 0.1859, 0.1765, 0.243, 0.1344] **
max =  0.2602 | max_idx =  0
**pseudo_label ->  [0.1836, 0.2343, 0.2041, 0.251, 0.127] **
max =  0.251 | max_idx =  3
**pseudo_label ->  [0.2769, 0.1537, 0.1647, 0.2414, 0.1633] **
max =  0.2769 | max_idx =  0
Epoch 5/37, Train Loss: 1.2274, Valid Loss: 1.4153, Train Acc: 0.8400, Val Acc: 0.3061, Test Acc: 0.3158, Test F1(macro): 0.3192, Total Pseudo-Labels: 0, Correct Pseudo-Labels: 0, Train Data Number: 50



line 303 => train data수 50
line 258 => 인스턴스 수 10
Step 50  Tim 0:03:38
acc_train_cw(현재 train의 class별 acc) [1.0, 1.0, 1.0, 0.6, 0.9]
cw_psl_total_eval(pseudo label 클래스별 총 샘플 수):  [0, 0, 0, 0, 0]
cw_psl_correct_eval(pseudo label 클래스별 맞은 샘플 수):  [0, 0, 0, 0, 0]
psl_acc(PSL 평가에서의 정확도): None 
cw_psl_acc(클래스별 PSL 평가에서의 정확도):  [nan, nan, nan, nan, nan]
***best_acc_model_save --- epoch = 6***
Save model to ./experiment/corcod_extended_data/output/
**pseudo_label ->  [0.1538, 0.1625, 0.3067, 0.1768, 0.2002] **
max =  0.3067 | max_idx =  2
**pseudo_label ->  [0.1529, 0.1691, 0.2994, 0.165, 0.2136] **
max =  0.2994 | max_idx =  2
**pseudo_label ->  [0.3055, 0.1426, 0.1715, 0.2177, 0.1628] **
max =  0.3055 | max_idx =  0
**pseudo_label ->  [0.146, 0.1919, 0.2998, 0.1989, 0.1634] **
max =  0.2998 | max_idx =  2
**pseudo_label ->  [0.2782, 0.122, 0.1948, 0.1879, 0.2171] **
max =  0.2782 | max_idx =  0
Epoch 6/37, Train Loss: 1.1919, Valid Loss: 1.5447, Train Acc: 0.9000, Val Acc: 0.5204, Test Acc: 0.4316, Test F1(macro): 0.3821, Total Pseudo-Labels: 0, Correct Pseudo-Labels: 0, Train Data Number: 50



line 303 => train data수 50
line 258 => 인스턴스 수 10
Step 60  Tim 0:04:24
acc_train_cw(현재 train의 class별 acc) [1.0, 1.0, 0.9, 1.0, 1.0]
cw_psl_total_eval(pseudo label 클래스별 총 샘플 수):  [0, 0, 0, 0, 0]
cw_psl_correct_eval(pseudo label 클래스별 맞은 샘플 수):  [0, 0, 0, 0, 0]
psl_acc(PSL 평가에서의 정확도): None 
cw_psl_acc(클래스별 PSL 평가에서의 정확도):  [nan, nan, nan, nan, nan]
**pseudo_label ->  [0.1629, 0.1318, 0.2024, 0.2623, 0.2407] **
max =  0.2623 | max_idx =  3
**pseudo_label ->  [0.1826, 0.1521, 0.1464, 0.171, 0.3479] **
max =  0.3479 | max_idx =  4
**pseudo_label ->  [0.2926, 0.1705, 0.1406, 0.2387, 0.1577] **
max =  0.2926 | max_idx =  0
**pseudo_label ->  [0.191, 0.1584, 0.1941, 0.313, 0.1435] **
max =  0.313 | max_idx =  3
**pseudo_label ->  [0.2932, 0.1655, 0.1294, 0.227, 0.1848] **
max =  0.2932 | max_idx =  0
Epoch 7/37, Train Loss: 1.1381, Valid Loss: 1.4889, Train Acc: 0.9800, Val Acc: 0.3776, Test Acc: 0.3579, Test F1(macro): 0.3794, Total Pseudo-Labels: 0, Correct Pseudo-Labels: 0, Train Data Number: 50



line 303 => train data수 50
line 258 => 인스턴스 수 10
Step 70  Tim 0:05:02
acc_train_cw(현재 train의 class별 acc) [1.0, 1.0, 0.9, 1.0, 1.0]
cw_psl_total_eval(pseudo label 클래스별 총 샘플 수):  [0, 0, 0, 0, 0]
cw_psl_correct_eval(pseudo label 클래스별 맞은 샘플 수):  [0, 0, 0, 0, 0]
psl_acc(PSL 평가에서의 정확도): None 
cw_psl_acc(클래스별 PSL 평가에서의 정확도):  [nan, nan, nan, nan, nan]
**pseudo_label ->  [0.1741, 0.1376, 0.1864, 0.3127, 0.1892] **
max =  0.3127 | max_idx =  3
**pseudo_label ->  [0.1789, 0.1456, 0.1538, 0.1605, 0.3612] **
max =  0.3612 | max_idx =  4
**pseudo_label ->  [0.2961, 0.1497, 0.163, 0.2482, 0.1429] **
max =  0.2961 | max_idx =  0
**pseudo_label ->  [0.1552, 0.1473, 0.2605, 0.2829, 0.1541] **
max =  0.2829 | max_idx =  3
**pseudo_label ->  [0.2994, 0.1322, 0.142, 0.1804, 0.246] **
max =  0.2994 | max_idx =  0
Epoch 8/37, Train Loss: 1.0755, Valid Loss: 1.5057, Train Acc: 0.9800, Val Acc: 0.4082, Test Acc: 0.3368, Test F1(macro): 0.3706, Total Pseudo-Labels: 0, Correct Pseudo-Labels: 0, Train Data Number: 50



line 303 => train data수 50
line 258 => 인스턴스 수 10
Step 80  Tim 0:05:41
acc_train_cw(현재 train의 class별 acc) [1.0, 1.0, 1.0, 1.0, 1.0]
cw_psl_total_eval(pseudo label 클래스별 총 샘플 수):  [0, 0, 0, 0, 0]
cw_psl_correct_eval(pseudo label 클래스별 맞은 샘플 수):  [0, 0, 0, 0, 0]
psl_acc(PSL 평가에서의 정확도): None 
cw_psl_acc(클래스별 PSL 평가에서의 정확도):  [nan, nan, nan, nan, nan]
**pseudo_label ->  [0.1452, 0.171, 0.2502, 0.296, 0.1376] **
max =  0.296 | max_idx =  3
**pseudo_label ->  [0.1364, 0.2054, 0.261, 0.2655, 0.1317] **
max =  0.2655 | max_idx =  3
**pseudo_label ->  [0.3406, 0.1598, 0.1636, 0.178, 0.1581] **
max =  0.3406 | max_idx =  0
**pseudo_label ->  [0.1415, 0.1631, 0.2903, 0.2591, 0.146] **
max =  0.2903 | max_idx =  2
**pseudo_label ->  [0.3354, 0.1603, 0.1595, 0.1518, 0.193] **
max =  0.3354 | max_idx =  0
Epoch 9/37, Train Loss: 1.0658, Valid Loss: 1.4267, Train Acc: 1.0000, Val Acc: 0.4490, Test Acc: 0.4211, Test F1(macro): 0.3928, Total Pseudo-Labels: 0, Correct Pseudo-Labels: 0, Train Data Number: 50



line 303 => train data수 50
line 258 => 인스턴스 수 10
Step 90  Tim 0:06:20
acc_train_cw(현재 train의 class별 acc) [1.0, 1.0, 1.0, 1.0, 1.0]
cw_psl_total_eval(pseudo label 클래스별 총 샘플 수):  [0, 0, 0, 0, 0]
cw_psl_correct_eval(pseudo label 클래스별 맞은 샘플 수):  [0, 0, 0, 0, 0]
psl_acc(PSL 평가에서의 정확도): None 
cw_psl_acc(클래스별 PSL 평가에서의 정확도):  [nan, nan, nan, nan, nan]
**pseudo_label ->  [0.1548, 0.1267, 0.274, 0.2748, 0.1696] **
max =  0.2748 | max_idx =  3
**pseudo_label ->  [0.1723, 0.127, 0.1758, 0.1641, 0.3607] **
max =  0.3607 | max_idx =  4
**pseudo_label ->  [0.3514, 0.1468, 0.1602, 0.1724, 0.1693] **
max =  0.3514 | max_idx =  0
**pseudo_label ->  [0.1362, 0.1444, 0.2529, 0.2997, 0.1669] **
max =  0.2997 | max_idx =  3
**pseudo_label ->  [0.3477, 0.1409, 0.1553, 0.165, 0.1911] **
max =  0.3477 | max_idx =  0
Epoch 10/37, Train Loss: 1.0128, Valid Loss: 1.3999, Train Acc: 1.0000, Val Acc: 0.4796, Test Acc: 0.4000, Test F1(macro): 0.4002, Total Pseudo-Labels: 0, Correct Pseudo-Labels: 0, Train Data Number: 50



line 303 => train data수 50
line 258 => 인스턴스 수 10
Step 100  Tim 0:06:58
acc_train_cw(현재 train의 class별 acc) [1.0, 1.0, 1.0, 1.0, 1.0]
cw_psl_total_eval(pseudo label 클래스별 총 샘플 수):  [0, 0, 0, 0, 0]
cw_psl_correct_eval(pseudo label 클래스별 맞은 샘플 수):  [0, 0, 0, 0, 0]
psl_acc(PSL 평가에서의 정확도): None 
cw_psl_acc(클래스별 PSL 평가에서의 정확도):  [nan, nan, nan, nan, nan]
***best_acc_model_save --- epoch = 11***
Save model to ./experiment/corcod_extended_data/output/
**pseudo_label ->  [0.1695, 0.1385, 0.1679, 0.3494, 0.1747] **
max =  0.3494 | max_idx =  3
**pseudo_label ->  [0.1561, 0.1188, 0.1957, 0.1775, 0.3519] **
max =  0.3519 | max_idx =  4
**pseudo_label ->  [0.3519, 0.1417, 0.1514, 0.2019, 0.1531] **
max =  0.3519 | max_idx =  0
**pseudo_label ->  [0.137, 0.1493, 0.22, 0.3336, 0.1601] **
max =  0.3336 | max_idx =  3
**pseudo_label ->  [0.3586, 0.139, 0.1539, 0.1783, 0.1702] **
max =  0.3586 | max_idx =  0
Epoch 11/37, Train Loss: 0.9866, Valid Loss: 1.4037, Train Acc: 1.0000, Val Acc: 0.5306, Test Acc: 0.4000, Test F1(macro): 0.3961, Total Pseudo-Labels: 0, Correct Pseudo-Labels: 0, Train Data Number: 50



line 303 => train data수 50
line 258 => 인스턴스 수 10
Step 110  Tim 0:07:42
acc_train_cw(현재 train의 class별 acc) [1.0, 1.0, 1.0, 1.0, 1.0]
cw_psl_total_eval(pseudo label 클래스별 총 샘플 수):  [0, 0, 0, 0, 0]
cw_psl_correct_eval(pseudo label 클래스별 맞은 샘플 수):  [0, 0, 0, 0, 0]
psl_acc(PSL 평가에서의 정확도): None 
cw_psl_acc(클래스별 PSL 평가에서의 정확도):  [nan, nan, nan, nan, nan]
**pseudo_label ->  [0.1861, 0.1277, 0.1711, 0.3459, 0.1693] **
max =  0.3459 | max_idx =  3
**pseudo_label ->  [0.1506, 0.1397, 0.1596, 0.157, 0.3931] **
max =  0.3931 | max_idx =  4
**pseudo_label ->  [0.3687, 0.1491, 0.15, 0.1724, 0.1598] **
max =  0.3687 | max_idx =  0
**pseudo_label ->  [0.1445, 0.1527, 0.2167, 0.3469, 0.1392] **
max =  0.3469 | max_idx =  3
**pseudo_label ->  [0.3647, 0.1474, 0.1454, 0.1546, 0.188] **
max =  0.3647 | max_idx =  0
Epoch 12/37, Train Loss: 0.9631, Valid Loss: 1.4054, Train Acc: 1.0000, Val Acc: 0.5204, Test Acc: 0.4316, Test F1(macro): 0.4231, Total Pseudo-Labels: 0, Correct Pseudo-Labels: 0, Train Data Number: 50



line 303 => train data수 50
line 258 => 인스턴스 수 10
Step 120  Tim 0:08:21
acc_train_cw(현재 train의 class별 acc) [1.0, 1.0, 1.0, 1.0, 1.0]
cw_psl_total_eval(pseudo label 클래스별 총 샘플 수):  [0, 0, 0, 0, 0]
cw_psl_correct_eval(pseudo label 클래스별 맞은 샘플 수):  [0, 0, 0, 0, 0]
psl_acc(PSL 평가에서의 정확도): None 
cw_psl_acc(클래스별 PSL 평가에서의 정확도):  [nan, nan, nan, nan, nan]
**pseudo_label ->  [0.1843, 0.1294, 0.1481, 0.3599, 0.1782] **
max =  0.3599 | max_idx =  3
**pseudo_label ->  [0.1606, 0.1349, 0.1508, 0.1523, 0.4014] **
max =  0.4014 | max_idx =  4
**pseudo_label ->  [0.3763, 0.1512, 0.1446, 0.1668, 0.1611] **
max =  0.3763 | max_idx =  0
**pseudo_label ->  [0.1428, 0.1514, 0.1857, 0.3707, 0.1495] **
max =  0.3707 | max_idx =  3
**pseudo_label ->  [0.3725, 0.1475, 0.1443, 0.1497, 0.186] **
max =  0.3725 | max_idx =  0
Epoch 13/37, Train Loss: 0.9405, Valid Loss: 1.4017, Train Acc: 1.0000, Val Acc: 0.4898, Test Acc: 0.4105, Test F1(macro): 0.4220, Total Pseudo-Labels: 0, Correct Pseudo-Labels: 0, Train Data Number: 50



line 303 => train data수 50
line 258 => 인스턴스 수 10
Step 130  Tim 0:09:00
acc_train_cw(현재 train의 class별 acc) [1.0, 1.0, 1.0, 1.0, 1.0]
cw_psl_total_eval(pseudo label 클래스별 총 샘플 수):  [0, 0, 0, 0, 0]
cw_psl_correct_eval(pseudo label 클래스별 맞은 샘플 수):  [0, 0, 0, 0, 0]
psl_acc(PSL 평가에서의 정확도): None 
cw_psl_acc(클래스별 PSL 평가에서의 정확도):  [nan, nan, nan, nan, nan]
**pseudo_label ->  [0.1731, 0.1285, 0.1568, 0.3749, 0.1667] **
max =  0.3749 | max_idx =  3
**pseudo_label ->  [0.1437, 0.1131, 0.2065, 0.3135, 0.2232] **
max =  0.3135 | max_idx =  3
**pseudo_label ->  [0.3829, 0.1411, 0.1435, 0.1782, 0.1543] **
max =  0.3829 | max_idx =  0
**pseudo_label ->  [0.1424, 0.1519, 0.171, 0.3827, 0.1521] **
max =  0.3827 | max_idx =  3
**pseudo_label ->  [0.3796, 0.1386, 0.1422, 0.1502, 0.1894] **
max =  0.3796 | max_idx =  0
Epoch 14/37, Train Loss: 0.9193, Valid Loss: 1.4021, Train Acc: 1.0000, Val Acc: 0.4898, Test Acc: 0.4316, Test F1(macro): 0.4342, Total Pseudo-Labels: 0, Correct Pseudo-Labels: 0, Train Data Number: 50



line 303 => train data수 50
line 258 => 인스턴스 수 10
Step 140  Tim 0:09:38
acc_train_cw(현재 train의 class별 acc) [1.0, 1.0, 1.0, 1.0, 1.0]
cw_psl_total_eval(pseudo label 클래스별 총 샘플 수):  [0, 0, 0, 0, 0]
cw_psl_correct_eval(pseudo label 클래스별 맞은 샘플 수):  [0, 0, 0, 0, 0]
psl_acc(PSL 평가에서의 정확도): None 
cw_psl_acc(클래스별 PSL 평가에서의 정확도):  [nan, nan, nan, nan, nan]
**pseudo_label ->  [0.1661, 0.1304, 0.1577, 0.3869, 0.1588] **
max =  0.3869 | max_idx =  3
**pseudo_label ->  [0.1569, 0.1177, 0.1453, 0.1831, 0.397] **
max =  0.397 | max_idx =  4
**pseudo_label ->  [0.3938, 0.1427, 0.144, 0.1662, 0.1533] **
max =  0.3938 | max_idx =  0
**pseudo_label ->  [0.1459, 0.1503, 0.1659, 0.3935, 0.1444] **
max =  0.3935 | max_idx =  3
**pseudo_label ->  [0.3923, 0.1373, 0.144, 0.1515, 0.1749] **
max =  0.3923 | max_idx =  0
Epoch 15/37, Train Loss: 0.8987, Valid Loss: 1.3981, Train Acc: 1.0000, Val Acc: 0.4898, Test Acc: 0.4211, Test F1(macro): 0.4250, Total Pseudo-Labels: 0, Correct Pseudo-Labels: 0, Train Data Number: 50



line 303 => train data수 50
line 258 => 인스턴스 수 10
Step 150  Tim 0:10:17
acc_train_cw(현재 train의 class별 acc) [1.0, 1.0, 1.0, 1.0, 1.0]
cw_psl_total_eval(pseudo label 클래스별 총 샘플 수):  [0, 0, 0, 0, 0]
cw_psl_correct_eval(pseudo label 클래스별 맞은 샘플 수):  [0, 0, 0, 0, 0]
psl_acc(PSL 평가에서의 정확도): None 
cw_psl_acc(클래스별 PSL 평가에서의 정확도):  [nan, nan, nan, nan, nan]
**pseudo_label ->  [0.1793, 0.1167, 0.1439, 0.3764, 0.1837] **
max =  0.3764 | max_idx =  3
**pseudo_label ->  [0.1559, 0.1248, 0.138, 0.1597, 0.4217] **
max =  0.4217 | max_idx =  4
**pseudo_label ->  [0.4033, 0.141, 0.1411, 0.159, 0.1557] **
max =  0.4033 | max_idx =  0
**pseudo_label ->  [0.1397, 0.1523, 0.1635, 0.4012, 0.1433] **
max =  0.4012 | max_idx =  3
**pseudo_label ->  [0.3993, 0.1336, 0.1402, 0.1491, 0.1779] **
max =  0.3993 | max_idx =  0
Epoch 16/37, Train Loss: 0.8786, Valid Loss: 1.3962, Train Acc: 1.0000, Val Acc: 0.4898, Test Acc: 0.4211, Test F1(macro): 0.4251, Total Pseudo-Labels: 0, Correct Pseudo-Labels: 0, Train Data Number: 50



line 303 => train data수 50
line 258 => 인스턴스 수 10
Step 160  Tim 0:10:55
acc_train_cw(현재 train의 class별 acc) [1.0, 1.0, 1.0, 1.0, 1.0]
cw_psl_total_eval(pseudo label 클래스별 총 샘플 수):  [0, 0, 0, 0, 0]
cw_psl_correct_eval(pseudo label 클래스별 맞은 샘플 수):  [0, 0, 0, 0, 0]
psl_acc(PSL 평가에서의 정확도): None 
cw_psl_acc(클래스별 PSL 평가에서의 정확도):  [nan, nan, nan, nan, nan]
**pseudo_label ->  [0.1622, 0.1176, 0.148, 0.3914, 0.1807] **
max =  0.3914 | max_idx =  3
**pseudo_label ->  [0.1506, 0.121, 0.1445, 0.1537, 0.4301] **
max =  0.4301 | max_idx =  4
**pseudo_label ->  [0.4111, 0.1409, 0.1379, 0.1575, 0.1525] **
max =  0.4111 | max_idx =  0
**pseudo_label ->  [0.1404, 0.1452, 0.1637, 0.4096, 0.1411] **
max =  0.4096 | max_idx =  3
**pseudo_label ->  [0.4071, 0.1323, 0.1433, 0.1444, 0.1729] **
max =  0.4071 | max_idx =  0
Epoch 17/37, Train Loss: 0.8588, Valid Loss: 1.3921, Train Acc: 1.0000, Val Acc: 0.4898, Test Acc: 0.4105, Test F1(macro): 0.4182, Total Pseudo-Labels: 0, Correct Pseudo-Labels: 0, Train Data Number: 50



line 303 => train data수 50
line 258 => 인스턴스 수 10
Step 170  Tim 0:11:34
acc_train_cw(현재 train의 class별 acc) [1.0, 1.0, 1.0, 1.0, 1.0]
cw_psl_total_eval(pseudo label 클래스별 총 샘플 수):  [0, 0, 0, 0, 0]
cw_psl_correct_eval(pseudo label 클래스별 맞은 샘플 수):  [0, 0, 0, 0, 0]
psl_acc(PSL 평가에서의 정확도): None 
cw_psl_acc(클래스별 PSL 평가에서의 정확도):  [nan, nan, nan, nan, nan]
**pseudo_label ->  [0.1555, 0.1229, 0.1522, 0.4104, 0.1591] **
max =  0.4104 | max_idx =  3
**pseudo_label ->  [0.1459, 0.1234, 0.1394, 0.1518, 0.4395] **
max =  0.4395 | max_idx =  4
**pseudo_label ->  [0.42, 0.1385, 0.1373, 0.1527, 0.1515] **
max =  0.42 | max_idx =  0
**pseudo_label ->  [0.1366, 0.1432, 0.1642, 0.4177, 0.1384] **
max =  0.4177 | max_idx =  3
**pseudo_label ->  [0.4155, 0.1325, 0.1361, 0.1404, 0.1755] **
max =  0.4155 | max_idx =  0
Epoch 18/37, Train Loss: 0.8399, Valid Loss: 1.3902, Train Acc: 1.0000, Val Acc: 0.4898, Test Acc: 0.4211, Test F1(macro): 0.4251, Total Pseudo-Labels: 0, Correct Pseudo-Labels: 0, Train Data Number: 50



line 303 => train data수 50
line 258 => 인스턴스 수 10
Step 180  Tim 0:12:13
acc_train_cw(현재 train의 class별 acc) [1.0, 1.0, 1.0, 1.0, 1.0]
cw_psl_total_eval(pseudo label 클래스별 총 샘플 수):  [0, 0, 0, 0, 0]
cw_psl_correct_eval(pseudo label 클래스별 맞은 샘플 수):  [0, 0, 0, 0, 0]
psl_acc(PSL 평가에서의 정확도): None 
cw_psl_acc(클래스별 PSL 평가에서의 정확도):  [nan, nan, nan, nan, nan]
**pseudo_label ->  [0.1598, 0.1095, 0.1419, 0.3982, 0.1906] **
max =  0.3982 | max_idx =  3
**pseudo_label ->  [0.1441, 0.1131, 0.1502, 0.1515, 0.441] **
max =  0.441 | max_idx =  4
**pseudo_label ->  [0.4289, 0.1362, 0.1344, 0.1536, 0.1469] **
max =  0.4289 | max_idx =  0
**pseudo_label ->  [0.14, 0.1373, 0.1539, 0.428, 0.1408] **
max =  0.428 | max_idx =  3
**pseudo_label ->  [0.425, 0.1323, 0.1366, 0.1363, 0.1698] **
max =  0.425 | max_idx =  0
Epoch 19/37, Train Loss: 0.8210, Valid Loss: 1.3895, Train Acc: 1.0000, Val Acc: 0.4796, Test Acc: 0.4211, Test F1(macro): 0.4251, Total Pseudo-Labels: 0, Correct Pseudo-Labels: 0, Train Data Number: 50



line 303 => train data수 50
line 258 => 인스턴스 수 10
Step 190  Tim 0:12:52
acc_train_cw(현재 train의 class별 acc) [1.0, 1.0, 1.0, 1.0, 1.0]
cw_psl_total_eval(pseudo label 클래스별 총 샘플 수):  [0, 0, 0, 0, 0]
cw_psl_correct_eval(pseudo label 클래스별 맞은 샘플 수):  [0, 0, 0, 0, 0]
psl_acc(PSL 평가에서의 정확도): None 
cw_psl_acc(클래스별 PSL 평가에서의 정확도):  [nan, nan, nan, nan, nan]
**pseudo_label ->  [0.1484, 0.1236, 0.1477, 0.4295, 0.1508] **
max =  0.4295 | max_idx =  3
**pseudo_label ->  [0.14, 0.1188, 0.1393, 0.1448, 0.4571] **
max =  0.4571 | max_idx =  4
**pseudo_label ->  [0.4366, 0.133, 0.1344, 0.1486, 0.1473] **
max =  0.4366 | max_idx =  0
**pseudo_label ->  [0.1319, 0.1392, 0.1532, 0.4357, 0.14] **
max =  0.4357 | max_idx =  3
**pseudo_label ->  [0.4338, 0.1294, 0.1358, 0.1359, 0.1651] **
max =  0.4338 | max_idx =  0
Epoch 20/37, Train Loss: 0.8029, Valid Loss: 1.3909, Train Acc: 1.0000, Val Acc: 0.4796, Test Acc: 0.4211, Test F1(macro): 0.4251, Total Pseudo-Labels: 0, Correct Pseudo-Labels: 0, Train Data Number: 50



line 303 => train data수 50
line 258 => 인스턴스 수 10
Step 200  Tim 0:13:31
acc_train_cw(현재 train의 class별 acc) [1.0, 1.0, 1.0, 1.0, 1.0]
cw_psl_total_eval(pseudo label 클래스별 총 샘플 수):  [0, 0, 0, 0, 0]
cw_psl_correct_eval(pseudo label 클래스별 맞은 샘플 수):  [0, 0, 0, 0, 0]
psl_acc(PSL 평가에서의 정확도): None 
cw_psl_acc(클래스별 PSL 평가에서의 정확도):  [nan, nan, nan, nan, nan]
**pseudo_label ->  [0.1602, 0.1111, 0.1399, 0.4269, 0.1619] **
max =  0.4269 | max_idx =  3
**pseudo_label ->  [0.1449, 0.1139, 0.1308, 0.1487, 0.4617] **
max =  0.4617 | max_idx =  4
**pseudo_label ->  [0.4446, 0.1282, 0.1296, 0.1543, 0.1433] **
max =  0.4446 | max_idx =  0
**pseudo_label ->  [0.1311, 0.1367, 0.1543, 0.4435, 0.1345] **
max =  0.4435 | max_idx =  3
**pseudo_label ->  [0.4421, 0.1264, 0.1304, 0.1333, 0.1677] **
max =  0.4421 | max_idx =  0
Epoch 21/37, Train Loss: 0.7845, Valid Loss: 1.3852, Train Acc: 1.0000, Val Acc: 0.4898, Test Acc: 0.4211, Test F1(macro): 0.4251, Total Pseudo-Labels: 0, Correct Pseudo-Labels: 0, Train Data Number: 50



line 303 => train data수 50
line 258 => 인스턴스 수 10
Step 210  Tim 0:14:09
acc_train_cw(현재 train의 class별 acc) [1.0, 1.0, 1.0, 1.0, 1.0]
cw_psl_total_eval(pseudo label 클래스별 총 샘플 수):  [0, 0, 0, 0, 0]
cw_psl_correct_eval(pseudo label 클래스별 맞은 샘플 수):  [0, 0, 0, 0, 0]
psl_acc(PSL 평가에서의 정확도): None 
cw_psl_acc(클래스별 PSL 평가에서의 정확도):  [nan, nan, nan, nan, nan]
**pseudo_label ->  [0.1375, 0.1122, 0.1517, 0.4418, 0.1568] **
max =  0.4418 | max_idx =  3
**pseudo_label ->  [0.1343, 0.1089, 0.134, 0.1604, 0.4624] **
max =  0.4624 | max_idx =  4
**pseudo_label ->  [0.4531, 0.1305, 0.1279, 0.1486, 0.1399] **
max =  0.4531 | max_idx =  0
**pseudo_label ->  [0.1268, 0.1349, 0.1517, 0.452, 0.1345] **
max =  0.452 | max_idx =  3
**pseudo_label ->  [0.4517, 0.1288, 0.1287, 0.1334, 0.1574] **
max =  0.4517 | max_idx =  0
Epoch 22/37, Train Loss: 0.7675, Valid Loss: 1.3838, Train Acc: 1.0000, Val Acc: 0.4898, Test Acc: 0.4105, Test F1(macro): 0.4182, Total Pseudo-Labels: 0, Correct Pseudo-Labels: 0, Train Data Number: 50



line 303 => train data수 50
line 258 => 인스턴스 수 10
Step 220  Tim 0:14:47
acc_train_cw(현재 train의 class별 acc) [1.0, 1.0, 1.0, 1.0, 1.0]
cw_psl_total_eval(pseudo label 클래스별 총 샘플 수):  [0, 0, 0, 0, 0]
cw_psl_correct_eval(pseudo label 클래스별 맞은 샘플 수):  [0, 0, 0, 0, 0]
psl_acc(PSL 평가에서의 정확도): None 
cw_psl_acc(클래스별 PSL 평가에서의 정확도):  [nan, nan, nan, nan, nan]
**pseudo_label ->  [0.1578, 0.109, 0.1395, 0.4464, 0.1473] **
max =  0.4464 | max_idx =  3
**pseudo_label ->  [0.1446, 0.0936, 0.1265, 0.2851, 0.3501] **
max =  0.3501 | max_idx =  4
**pseudo_label ->  [0.462, 0.1316, 0.1294, 0.1407, 0.1363] **
max =  0.462 | max_idx =  0
**pseudo_label ->  [0.1266, 0.1312, 0.1532, 0.4597, 0.1294] **
max =  0.4597 | max_idx =  3
**pseudo_label ->  [0.4573, 0.1254, 0.1238, 0.1286, 0.1649] **
max =  0.4573 | max_idx =  0
Epoch 23/37, Train Loss: 0.7503, Valid Loss: 1.3837, Train Acc: 1.0000, Val Acc: 0.4898, Test Acc: 0.4211, Test F1(macro): 0.4251, Total Pseudo-Labels: 0, Correct Pseudo-Labels: 0, Train Data Number: 50



line 303 => train data수 50
line 258 => 인스턴스 수 10
Step 230  Tim 0:15:26
acc_train_cw(현재 train의 class별 acc) [1.0, 1.0, 1.0, 1.0, 1.0]
cw_psl_total_eval(pseudo label 클래스별 총 샘플 수):  [0, 0, 0, 0, 0]
cw_psl_correct_eval(pseudo label 클래스별 맞은 샘플 수):  [0, 0, 0, 0, 0]
psl_acc(PSL 평가에서의 정확도): None 
cw_psl_acc(클래스별 PSL 평가에서의 정확도):  [nan, nan, nan, nan, nan]
**pseudo_label ->  [0.1434, 0.1067, 0.14, 0.4529, 0.157] **
max =  0.4529 | max_idx =  3
**pseudo_label ->  [0.1393, 0.1118, 0.1267, 0.1336, 0.4886] **
max =  0.4886 | max_idx =  4
**pseudo_label ->  [0.4696, 0.1242, 0.1269, 0.1432, 0.1361] **
max =  0.4696 | max_idx =  0
**pseudo_label ->  [0.118, 0.1302, 0.153, 0.4656, 0.1332] **
max =  0.4656 | max_idx =  3
**pseudo_label ->  [0.4608, 0.1206, 0.1238, 0.1224, 0.1725] **
max =  0.4608 | max_idx =  0
Epoch 24/37, Train Loss: 0.7335, Valid Loss: 1.3850, Train Acc: 1.0000, Val Acc: 0.4898, Test Acc: 0.4211, Test F1(macro): 0.4251, Total Pseudo-Labels: 0, Correct Pseudo-Labels: 0, Train Data Number: 50



line 303 => train data수 50
line 258 => 인스턴스 수 10
Step 240  Tim 0:16:04
acc_train_cw(현재 train의 class별 acc) [1.0, 1.0, 1.0, 1.0, 1.0]
cw_psl_total_eval(pseudo label 클래스별 총 샘플 수):  [0, 0, 0, 0, 0]
cw_psl_correct_eval(pseudo label 클래스별 맞은 샘플 수):  [0, 0, 0, 0, 0]
psl_acc(PSL 평가에서의 정확도): None 
cw_psl_acc(클래스별 PSL 평가에서의 정확도):  [nan, nan, nan, nan, nan]
**pseudo_label ->  [0.1395, 0.1013, 0.144, 0.4608, 0.1544] **
max =  0.4608 | max_idx =  3
**pseudo_label ->  [0.1388, 0.1051, 0.1224, 0.1435, 0.4903] **
max =  0.4903 | max_idx =  4
**pseudo_label ->  [0.478, 0.1298, 0.1204, 0.1355, 0.1363] **
max =  0.478 | max_idx =  0
**pseudo_label ->  [0.1197, 0.1282, 0.1493, 0.4759, 0.1269] **
max =  0.4759 | max_idx =  3
**pseudo_label ->  [0.4759, 0.124, 0.1204, 0.1253, 0.1544] **
max =  0.4759 | max_idx =  0
Epoch 25/37, Train Loss: 0.7171, Valid Loss: 1.3804, Train Acc: 1.0000, Val Acc: 0.4898, Test Acc: 0.4105, Test F1(macro): 0.4182, Total Pseudo-Labels: 0, Correct Pseudo-Labels: 0, Train Data Number: 50



line 303 => train data수 50
line 258 => 인스턴스 수 10
Step 250  Tim 0:16:42
acc_train_cw(현재 train의 class별 acc) [1.0, 1.0, 1.0, 1.0, 1.0]
cw_psl_total_eval(pseudo label 클래스별 총 샘플 수):  [0, 0, 0, 0, 0]
cw_psl_correct_eval(pseudo label 클래스별 맞은 샘플 수):  [0, 0, 0, 0, 0]
psl_acc(PSL 평가에서의 정확도): None 
cw_psl_acc(클래스별 PSL 평가에서의 정확도):  [nan, nan, nan, nan, nan]
**pseudo_label ->  [0.1383, 0.1063, 0.1263, 0.4686, 0.1605] **
max =  0.4686 | max_idx =  3
**pseudo_label ->  [0.1329, 0.1052, 0.1259, 0.1336, 0.5024] **
max =  0.5024 | max_idx =  4
**pseudo_label ->  [0.4859, 0.1232, 0.1245, 0.1351, 0.1313] **
max =  0.4859 | max_idx =  0
**pseudo_label ->  [0.1201, 0.1251, 0.1446, 0.4851, 0.125] **
max =  0.4851 | max_idx =  3
**pseudo_label ->  [0.4824, 0.1168, 0.1246, 0.1228, 0.1533] **
max =  0.4824 | max_idx =  0
Epoch 26/37, Train Loss: 0.7011, Valid Loss: 1.3855, Train Acc: 1.0000, Val Acc: 0.4898, Test Acc: 0.4316, Test F1(macro): 0.4365, Total Pseudo-Labels: 0, Correct Pseudo-Labels: 0, Train Data Number: 50



line 303 => train data수 50
line 258 => 인스턴스 수 10
Step 260  Tim 0:17:20
acc_train_cw(현재 train의 class별 acc) [1.0, 1.0, 1.0, 1.0, 1.0]
cw_psl_total_eval(pseudo label 클래스별 총 샘플 수):  [0, 0, 0, 0, 0]
cw_psl_correct_eval(pseudo label 클래스별 맞은 샘플 수):  [0, 0, 0, 0, 0]
psl_acc(PSL 평가에서의 정확도): None 
cw_psl_acc(클래스별 PSL 평가에서의 정확도):  [nan, nan, nan, nan, nan]
**pseudo_label ->  [0.1521, 0.0917, 0.1239, 0.4527, 0.1796] **
max =  0.4527 | max_idx =  3
**pseudo_label ->  [0.1304, 0.1094, 0.1232, 0.123, 0.5139] **
max =  0.5139 | max_idx =  4
**pseudo_label ->  [0.4924, 0.1166, 0.1209, 0.1396, 0.1306] **
max =  0.4924 | max_idx =  0
**pseudo_label ->  [0.1181, 0.1258, 0.1424, 0.4918, 0.122] **
max =  0.4918 | max_idx =  3
**pseudo_label ->  [0.4917, 0.1155, 0.1204, 0.1237, 0.1487] **
max =  0.4917 | max_idx =  0
Epoch 27/37, Train Loss: 0.6853, Valid Loss: 1.3840, Train Acc: 1.0000, Val Acc: 0.4898, Test Acc: 0.4105, Test F1(macro): 0.4182, Total Pseudo-Labels: 0, Correct Pseudo-Labels: 0, Train Data Number: 50



line 303 => train data수 50
line 258 => 인스턴스 수 10
Step 270  Tim 0:17:52
acc_train_cw(현재 train의 class별 acc) [1.0, 1.0, 1.0, 1.0, 1.0]
cw_psl_total_eval(pseudo label 클래스별 총 샘플 수):  [0, 0, 0, 0, 0]
cw_psl_correct_eval(pseudo label 클래스별 맞은 샘플 수):  [0, 0, 0, 0, 0]
psl_acc(PSL 평가에서의 정확도): None 
cw_psl_acc(클래스별 PSL 평가에서의 정확도):  [nan, nan, nan, nan, nan]
**pseudo_label ->  [0.1437, 0.1014, 0.1255, 0.4881, 0.1413] **
max =  0.4881 | max_idx =  3
**pseudo_label ->  [0.1336, 0.0919, 0.1195, 0.1578, 0.4971] **
max =  0.4971 | max_idx =  4
**pseudo_label ->  [0.5011, 0.1196, 0.115, 0.1307, 0.1336] **
max =  0.5011 | max_idx =  0
**pseudo_label ->  [0.1107, 0.1227, 0.1418, 0.4983, 0.1265] **
max =  0.4983 | max_idx =  3
**pseudo_label ->  [0.499, 0.116, 0.1177, 0.1205, 0.1468] **
max =  0.499 | max_idx =  0
Epoch 28/37, Train Loss: 0.6701, Valid Loss: 1.3870, Train Acc: 1.0000, Val Acc: 0.4898, Test Acc: 0.4105, Test F1(macro): 0.4182, Total Pseudo-Labels: 0, Correct Pseudo-Labels: 0, Train Data Number: 50



line 303 => train data수 50
line 258 => 인스턴스 수 10
Step 280  Tim 0:18:11
acc_train_cw(현재 train의 class별 acc) [1.0, 1.0, 1.0, 1.0, 1.0]
cw_psl_total_eval(pseudo label 클래스별 총 샘플 수):  [0, 0, 0, 0, 0]
cw_psl_correct_eval(pseudo label 클래스별 맞은 샘플 수):  [0, 0, 0, 0, 0]
psl_acc(PSL 평가에서의 정확도): None 
cw_psl_acc(클래스별 PSL 평가에서의 정확도):  [nan, nan, nan, nan, nan]
**pseudo_label ->  [0.1359, 0.0934, 0.1256, 0.4849, 0.1603] **
max =  0.4849 | max_idx =  3
**pseudo_label ->  [0.1274, 0.1043, 0.1169, 0.122, 0.5294] **
max =  0.5294 | max_idx =  4
**pseudo_label ->  [0.5099, 0.1213, 0.1137, 0.1268, 0.1285] **
max =  0.5099 | max_idx =  0
**pseudo_label ->  [0.1135, 0.1215, 0.1356, 0.5087, 0.1207] **
max =  0.5087 | max_idx =  3
**pseudo_label ->  [0.5067, 0.1168, 0.1158, 0.1146, 0.146] **
max =  0.5067 | max_idx =  0
Epoch 29/37, Train Loss: 0.6554, Valid Loss: 1.3847, Train Acc: 1.0000, Val Acc: 0.4898, Test Acc: 0.4105, Test F1(macro): 0.4182, Total Pseudo-Labels: 0, Correct Pseudo-Labels: 0, Train Data Number: 50



line 303 => train data수 50
line 258 => 인스턴스 수 10
Step 290  Tim 0:18:31
acc_train_cw(현재 train의 class별 acc) [1.0, 1.0, 1.0, 1.0, 1.0]
cw_psl_total_eval(pseudo label 클래스별 총 샘플 수):  [0, 0, 0, 0, 0]
cw_psl_correct_eval(pseudo label 클래스별 맞은 샘플 수):  [0, 0, 0, 0, 0]
psl_acc(PSL 평가에서의 정확도): None 
cw_psl_acc(클래스별 PSL 평가에서의 정확도):  [nan, nan, nan, nan, nan]
**pseudo_label ->  [0.1405, 0.0939, 0.1278, 0.5018, 0.136] **
max =  0.5018 | max_idx =  3
**pseudo_label ->  [0.125, 0.1039, 0.1104, 0.1245, 0.5361] **
max =  0.5361 | max_idx =  4
**pseudo_label ->  [0.5178, 0.1199, 0.1131, 0.1254, 0.1238] **
max =  0.5178 | max_idx =  0
**pseudo_label ->  [0.1099, 0.1177, 0.1405, 0.5158, 0.1161] **
max =  0.5158 | max_idx =  3
**pseudo_label ->  [0.5165, 0.1167, 0.1151, 0.1161, 0.1356] **
max =  0.5165 | max_idx =  0
Epoch 30/37, Train Loss: 0.6405, Valid Loss: 1.3870, Train Acc: 1.0000, Val Acc: 0.4898, Test Acc: 0.4105, Test F1(macro): 0.4182, Total Pseudo-Labels: 0, Correct Pseudo-Labels: 0, Train Data Number: 50



line 303 => train data수 50
line 258 => 인스턴스 수 10
Step 300  Tim 0:18:51
acc_train_cw(현재 train의 class별 acc) [1.0, 1.0, 1.0, 1.0, 1.0]
cw_psl_total_eval(pseudo label 클래스별 총 샘플 수):  [0, 0, 0, 0, 0]
cw_psl_correct_eval(pseudo label 클래스별 맞은 샘플 수):  [0, 0, 0, 0, 0]
psl_acc(PSL 평가에서의 정확도): None 
cw_psl_acc(클래스별 PSL 평가에서의 정확도):  [nan, nan, nan, nan, nan]
**pseudo_label ->  [0.1249, 0.0926, 0.1269, 0.5069, 0.1486] **
max =  0.5069 | max_idx =  3
**pseudo_label ->  [0.1363, 0.0917, 0.0999, 0.1519, 0.5202] **
max =  0.5202 | max_idx =  4
**pseudo_label ->  [0.5251, 0.115, 0.1138, 0.1258, 0.1202] **
max =  0.5251 | max_idx =  0
**pseudo_label ->  [0.105, 0.1194, 0.1353, 0.5224, 0.1178] **
max =  0.5224 | max_idx =  3
**pseudo_label ->  [0.5223, 0.1112, 0.1094, 0.1176, 0.1394] **
max =  0.5223 | max_idx =  0
Epoch 31/37, Train Loss: 0.6262, Valid Loss: 1.3878, Train Acc: 1.0000, Val Acc: 0.4898, Test Acc: 0.4105, Test F1(macro): 0.4182, Total Pseudo-Labels: 0, Correct Pseudo-Labels: 0, Train Data Number: 50



line 303 => train data수 50
line 258 => 인스턴스 수 10
Step 310  Tim 0:19:10
acc_train_cw(현재 train의 class별 acc) [1.0, 1.0, 1.0, 1.0, 1.0]
cw_psl_total_eval(pseudo label 클래스별 총 샘플 수):  [0, 0, 0, 0, 0]
cw_psl_correct_eval(pseudo label 클래스별 맞은 샘플 수):  [0, 0, 0, 0, 0]
psl_acc(PSL 평가에서의 정확도): None 
cw_psl_acc(클래스별 PSL 평가에서의 정확도):  [nan, nan, nan, nan, nan]
**pseudo_label ->  [0.1223, 0.096, 0.1222, 0.5224, 0.1371] **
max =  0.5224 | max_idx =  3
**pseudo_label ->  [0.1151, 0.1028, 0.1137, 0.1149, 0.5534] **
max =  0.5534 | max_idx =  4
**pseudo_label ->  [0.533, 0.1148, 0.1124, 0.1225, 0.1174] **
max =  0.533 | max_idx =  0
**pseudo_label ->  [0.1065, 0.113, 0.1317, 0.5317, 0.1172] **
max =  0.5317 | max_idx =  3
**pseudo_label ->  [0.5303, 0.1075, 0.1142, 0.1108, 0.1371] **
max =  0.5303 | max_idx =  0
Epoch 32/37, Train Loss: 0.6122, Valid Loss: 1.3900, Train Acc: 1.0000, Val Acc: 0.4898, Test Acc: 0.4105, Test F1(macro): 0.4182, Total Pseudo-Labels: 0, Correct Pseudo-Labels: 0, Train Data Number: 50



line 303 => train data수 50
line 258 => 인스턴스 수 10
Step 320  Tim 0:19:30
acc_train_cw(현재 train의 class별 acc) [1.0, 1.0, 1.0, 1.0, 1.0]
cw_psl_total_eval(pseudo label 클래스별 총 샘플 수):  [0, 0, 0, 0, 0]
cw_psl_correct_eval(pseudo label 클래스별 맞은 샘플 수):  [0, 0, 0, 0, 0]
psl_acc(PSL 평가에서의 정확도): None 
cw_psl_acc(클래스별 PSL 평가에서의 정확도):  [nan, nan, nan, nan, nan]
**pseudo_label ->  [0.1289, 0.0907, 0.1195, 0.524, 0.1369] **
max =  0.524 | max_idx =  3
**pseudo_label ->  [0.1336, 0.0785, 0.108, 0.1669, 0.5129] **
max =  0.5129 | max_idx =  4
**pseudo_label ->  [0.541, 0.1125, 0.1064, 0.1206, 0.1195] **
max =  0.541 | max_idx =  0
**pseudo_label ->  [0.1038, 0.1152, 0.1324, 0.5382, 0.1104] **
max =  0.5382 | max_idx =  3
**pseudo_label ->  [0.5358, 0.1067, 0.1091, 0.1071, 0.1413] **
max =  0.5358 | max_idx =  0
Epoch 33/37, Train Loss: 0.5986, Valid Loss: 1.3907, Train Acc: 1.0000, Val Acc: 0.4898, Test Acc: 0.4105, Test F1(macro): 0.4182, Total Pseudo-Labels: 0, Correct Pseudo-Labels: 0, Train Data Number: 50



line 303 => train data수 50
line 258 => 인스턴스 수 10
Step 330  Tim 0:19:50
acc_train_cw(현재 train의 class별 acc) [1.0, 1.0, 1.0, 1.0, 1.0]
cw_psl_total_eval(pseudo label 클래스별 총 샘플 수):  [0, 0, 0, 0, 0]
cw_psl_correct_eval(pseudo label 클래스별 맞은 샘플 수):  [0, 0, 0, 0, 0]
psl_acc(PSL 평가에서의 정확도): None 
cw_psl_acc(클래스별 PSL 평가에서의 정확도):  [nan, nan, nan, nan, nan]
**pseudo_label ->  [0.1264, 0.0848, 0.1154, 0.5212, 0.1521] **
max =  0.5212 | max_idx =  3
**pseudo_label ->  [0.1051, 0.0952, 0.1143, 0.1212, 0.5643] **
max =  0.5643 | max_idx =  4
**pseudo_label ->  [0.5475, 0.108, 0.1077, 0.1235, 0.1133] **
max =  0.5475 | max_idx =  0
**pseudo_label ->  [0.1074, 0.1091, 0.1252, 0.5467, 0.1115] **
max =  0.5467 | max_idx =  3
**pseudo_label ->  [0.5468, 0.1057, 0.1068, 0.1114, 0.1293] **
max =  0.5468 | max_idx =  0
Epoch 34/37, Train Loss: 0.5856, Valid Loss: 1.3915, Train Acc: 1.0000, Val Acc: 0.4898, Test Acc: 0.4105, Test F1(macro): 0.4170, Total Pseudo-Labels: 0, Correct Pseudo-Labels: 0, Train Data Number: 50



line 303 => train data수 50
line 258 => 인스턴스 수 10
Step 340  Tim 0:20:10
acc_train_cw(현재 train의 class별 acc) [1.0, 1.0, 1.0, 1.0, 1.0]
cw_psl_total_eval(pseudo label 클래스별 총 샘플 수):  [0, 0, 0, 0, 0]
cw_psl_correct_eval(pseudo label 클래스별 맞은 샘플 수):  [0, 0, 0, 0, 0]
psl_acc(PSL 평가에서의 정확도): None 
cw_psl_acc(클래스별 PSL 평가에서의 정확도):  [nan, nan, nan, nan, nan]
**pseudo_label ->  [0.1161, 0.0925, 0.1203, 0.5464, 0.1246] **
max =  0.5464 | max_idx =  3
**pseudo_label ->  [0.1209, 0.083, 0.1111, 0.1231, 0.562] **
max =  0.562 | max_idx =  4
**pseudo_label ->  [0.556, 0.107, 0.1066, 0.1122, 0.1181] **
max =  0.556 | max_idx =  0
**pseudo_label ->  [0.101, 0.1077, 0.1291, 0.5526, 0.1096] **
max =  0.5526 | max_idx =  3
**pseudo_label ->  [0.5536, 0.103, 0.1063, 0.1059, 0.1313] **
max =  0.5536 | max_idx =  0
Epoch 35/37, Train Loss: 0.5725, Valid Loss: 1.3946, Train Acc: 1.0000, Val Acc: 0.4898, Test Acc: 0.4105, Test F1(macro): 0.4182, Total Pseudo-Labels: 0, Correct Pseudo-Labels: 0, Train Data Number: 50



line 303 => train data수 50
line 258 => 인스턴스 수 10
Step 350  Tim 0:20:48
acc_train_cw(현재 train의 class별 acc) [1.0, 1.0, 1.0, 1.0, 1.0]
cw_psl_total_eval(pseudo label 클래스별 총 샘플 수):  [0, 0, 0, 0, 0]
cw_psl_correct_eval(pseudo label 클래스별 맞은 샘플 수):  [0, 0, 0, 0, 0]
psl_acc(PSL 평가에서의 정확도): None 
cw_psl_acc(클래스별 PSL 평가에서의 정확도):  [nan, nan, nan, nan, nan]
**pseudo_label ->  [0.127, 0.084, 0.1095, 0.5395, 0.1399] **
max =  0.5395 | max_idx =  3
**pseudo_label ->  [0.105, 0.081, 0.1075, 0.149, 0.5574] **
max =  0.5574 | max_idx =  4
**pseudo_label ->  [0.5626, 0.1081, 0.1028, 0.115, 0.1115] **
max =  0.5626 | max_idx =  0
**pseudo_label ->  [0.1003, 0.1073, 0.1245, 0.5606, 0.1073] **
max =  0.5606 | max_idx =  3
**pseudo_label ->  [0.5582, 0.1012, 0.0997, 0.1071, 0.1338] **
max =  0.5582 | max_idx =  0
Epoch 36/37, Train Loss: 0.5598, Valid Loss: 1.3974, Train Acc: 1.0000, Val Acc: 0.4898, Test Acc: 0.4211, Test F1(macro): 0.4265, Total Pseudo-Labels: 0, Correct Pseudo-Labels: 0, Train Data Number: 50



line 303 => train data수 50
line 258 => 인스턴스 수 10
Step 360  Tim 0:21:27
acc_train_cw(현재 train의 class별 acc) [1.0, 1.0, 1.0, 1.0, 1.0]
cw_psl_total_eval(pseudo label 클래스별 총 샘플 수):  [0, 0, 0, 0, 0]
cw_psl_correct_eval(pseudo label 클래스별 맞은 샘플 수):  [0, 0, 0, 0, 0]
psl_acc(PSL 평가에서의 정확도): None 
cw_psl_acc(클래스별 PSL 평가에서의 정확도):  [nan, nan, nan, nan, nan]
**pseudo_label ->  [0.1238, 0.0867, 0.1121, 0.5576, 0.1197] **
max =  0.5576 | max_idx =  3
**pseudo_label ->  [0.11, 0.0893, 0.1082, 0.1057, 0.5868] **
max =  0.5868 | max_idx =  4
**pseudo_label ->  [0.5705, 0.1057, 0.1012, 0.1106, 0.112] **
max =  0.5705 | max_idx =  0
**pseudo_label ->  [0.095, 0.1079, 0.1214, 0.5681, 0.1075] **
max =  0.5681 | max_idx =  3
**pseudo_label ->  [0.5668, 0.1053, 0.0975, 0.1013, 0.1291] **
max =  0.5668 | max_idx =  0
Epoch 37/37, Train Loss: 0.5477, Valid Loss: 1.3981, Train Acc: 1.0000, Val Acc: 0.4898, Test Acc: 0.4105, Test F1(macro): 0.4182, Total Pseudo-Labels: 0, Correct Pseudo-Labels: 0, Train Data Number: 50

Training complete!
Total training took 0:21:58 (h:mm:ss)
Load model from ./experiment/corcod_extended_data/output/10_codet5p-110m-embedding_0.00025_0.7_corcod_extended_data_37_[45]_net0.pth
Save training statistics in:  ./experiment/corcod_extended_data/log/codet5p/class5//10_codet5p-110m-embedding_0.00025_0.7_corcod_extended_data_37_[45]/training_statistics.csv

best_trian_loss, epoch => 0.5477371692657471 37
Epoch-1_train_loss => 1.6215602159500122
max_epoch_train_loss => 0.5477371692657471 


best_val_loss, epoch =>  1.380407181929569 25
Epoch-1_val_loss => 1.606524479632475
max_epoch_val_loss => 1.3980789908340998 

pse_epoch =>  []
추가되는 pse_epoch =>  [] 

total_data:  50 

Best_step:  100 
Best_val_epoch:  11 
best_val_acc:  0.5306122448979592 
best_val_test_acc:  0.4 
best_val_test_f1:  0.39613956015854745
Save best record in:  ./experiment/corcod_extended_data/log/codet5p/class5/summary.csv
Save best record in:  ./experiment/corcod_extended_data/log/summary_avgrun.csv
