current work directory:  /home/imsuhan22/few-shot-tc/JointMatch_SSL/codebert/code
java_extended_data
save_name: 1_unixcoder-base_0.0005_0.8_20_java_extended_data

data_path:  ../data/../data/problem_based_split/java_extended_data

There are 1 GPU(s) available.
We will use the GPU- 0 NVIDIA GeForce RTX 3090

**line 147 모델 =>  microsoft/unixcoder-base
**tokenizer type =  microsoft/unixcoder-base 

n_labeled_per_class:  1
train_df samples: 3851
train_labeled_df samples: 7
train_unlabeled_df samples: 3844
n_classes:  7 

net_arch:  microsoft/unixcoder-base lr:  0.0005

line 303 => train data수 7
line 258 => 인스턴스 수 1
=======test_loader=======
=======dev_loader=======
=======train_labeled_loader=======
=======finish=======
>>Epoch 1 Step 0 acc_test 0.181208 f1_test 0.091400 acc_val 0.131980 f1_val 0.074635 acc_train 0.000000 f1_train 0.000000 psl_cor 0 psl_totl 0 pslt_global 0.000000  Tim 0:00:10
acc_train_cw [0.0, 0.0, 0.0, 0.0, 0.0, 0.0, 0.0]
cw_psl_eval:  [0, 0, 0, 0, 0, 0, 0] [0, 0, 0, 0, 0, 0, 0]
psl_acc: None cw_psl_acc:  [nan, nan, nan, nan, nan, nan, nan]
Save model to ./experiment/few_shot/output/

line 303 => train data수 7
line 258 => 인스턴스 수 1
=======test_loader=======
=======dev_loader=======
=======train_labeled_loader=======
=======finish=======
>>Epoch 2 Step 1 acc_test 0.111857 f1_test 0.035014 acc_val 0.182741 f1_val 0.064546 acc_train 0.428571 f1_train 0.333333 psl_cor 0 psl_totl 0 pslt_global 0.800000  Tim 0:00:38
acc_train_cw [0.0, 1.0, 1.0, 0.0, 0.0, 0.0, 1.0]
cw_psl_eval:  [0, 0, 0, 0, 0, 0, 0] [0, 0, 0, 0, 0, 0, 0]
psl_acc: None cw_psl_acc:  [nan, nan, nan, nan, nan, nan, nan]
Save model to ./experiment/few_shot/output/

line 303 => train data수 27
line 258 => 인스턴스 수 4
=======test_loader=======
=======dev_loader=======
=======train_labeled_loader=======
=======finish=======
>>Epoch 3 Step 2 acc_test 0.214765 f1_test 0.058748 acc_val 0.272420 f1_val 0.110007 acc_train 0.074074 f1_train 0.053803 psl_cor 5 psl_totl 20 pslt_global 0.800000  Tim 0:01:13
acc_train_cw [0.0, 0.0, 0.0, 1.0, 1.0, 0.0, 0.0]
cw_psl_eval:  [0, 20, 0, 0, 0, 0, 0] [0, 5, 0, 0, 0, 0, 0]
psl_acc:  0.25 cw_psl_acc:  [nan, 0.25, nan, nan, nan, nan, nan]
Save model to ./experiment/few_shot/output/
train batch instace수가 7안됨 pass
**bs에 맞지않음!!!!!**


line 303 => train data수 3839
line 258 => 인스턴스 수 549
=======test_loader=======
=======dev_loader=======
=======train_labeled_loader=======
=======finish=======
>>Epoch 4 Step 6 acc_test 0.060403 f1_test 0.016275 acc_val 0.199662 f1_val 0.066573 acc_train 0.998437 f1_train 0.142745 psl_cor 554 psl_totl 3844 pslt_global 0.800000  Tim 0:02:06
acc_train_cw [0.0, 1.0, 0.0, 0.0, 0.0, 0.0, 0.0]
cw_psl_eval:  [0, 3844, 0, 0, 0, 0, 0] [0, 554, 0, 0, 0, 0, 0]
psl_acc:  0.144 cw_psl_acc:  [nan, 0.1441207081079483, nan, nan, nan, nan, nan]
train batch instace수가 7안됨 pass
**bs에 맞지않음!!!!!**


line 303 => train data수 3839
line 258 => 인스턴스 수 549
=======test_loader=======
=======dev_loader=======
=======train_labeled_loader=======
=======finish=======
>>Epoch 5 Step 555 acc_test 0.060403 f1_test 0.016275 acc_val 0.199662 f1_val 0.066573 acc_train 0.998437 f1_train 0.142745 psl_cor 554 psl_totl 3844 pslt_global 0.800000  Tim 0:03:42
acc_train_cw [0.0, 1.0, 0.0, 0.0, 0.0, 0.0, 0.0]
cw_psl_eval:  [0, 3844, 0, 0, 0, 0, 0] [0, 554, 0, 0, 0, 0, 0]
psl_acc:  0.144 cw_psl_acc:  [nan, 0.1441207081079483, nan, nan, nan, nan, nan]
train batch instace수가 7안됨 pass
**bs에 맞지않음!!!!!**


line 303 => train data수 3839
line 258 => 인스턴스 수 549
=======test_loader=======
=======dev_loader=======
=======train_labeled_loader=======
=======finish=======
>>Epoch 6 Step 1104 acc_test 0.060403 f1_test 0.016275 acc_val 0.199662 f1_val 0.066573 acc_train 0.998437 f1_train 0.142745 psl_cor 554 psl_totl 3844 pslt_global 0.800000  Tim 0:05:19
acc_train_cw [0.0, 1.0, 0.0, 0.0, 0.0, 0.0, 0.0]
cw_psl_eval:  [0, 3844, 0, 0, 0, 0, 0] [0, 554, 0, 0, 0, 0, 0]
psl_acc:  0.144 cw_psl_acc:  [nan, 0.1441207081079483, nan, nan, nan, nan, nan]
train batch instace수가 7안됨 pass
**bs에 맞지않음!!!!!**


line 303 => train data수 3839
line 258 => 인스턴스 수 549
=======test_loader=======
=======dev_loader=======
=======train_labeled_loader=======
=======finish=======
>>Epoch 7 Step 1653 acc_test 0.060403 f1_test 0.016275 acc_val 0.199662 f1_val 0.066573 acc_train 0.998437 f1_train 0.142745 psl_cor 554 psl_totl 3844 pslt_global 0.800000  Tim 0:06:55
acc_train_cw [0.0, 1.0, 0.0, 0.0, 0.0, 0.0, 0.0]
cw_psl_eval:  [0, 3844, 0, 0, 0, 0, 0] [0, 554, 0, 0, 0, 0, 0]
psl_acc:  0.144 cw_psl_acc:  [nan, 0.1441207081079483, nan, nan, nan, nan, nan]
train batch instace수가 7안됨 pass
**bs에 맞지않음!!!!!**


line 303 => train data수 3839
line 258 => 인스턴스 수 549
=======test_loader=======
=======dev_loader=======
=======train_labeled_loader=======
=======finish=======
>>Epoch 8 Step 2202 acc_test 0.060403 f1_test 0.016275 acc_val 0.199662 f1_val 0.066573 acc_train 0.998437 f1_train 0.142745 psl_cor 554 psl_totl 3844 pslt_global 0.800000  Tim 0:08:32
acc_train_cw [0.0, 1.0, 0.0, 0.0, 0.0, 0.0, 0.0]
cw_psl_eval:  [0, 3844, 0, 0, 0, 0, 0] [0, 554, 0, 0, 0, 0, 0]
psl_acc:  0.144 cw_psl_acc:  [nan, 0.1441207081079483, nan, nan, nan, nan, nan]
train batch instace수가 7안됨 pass
**bs에 맞지않음!!!!!**


line 303 => train data수 3839
line 258 => 인스턴스 수 549
=======test_loader=======
=======dev_loader=======
=======train_labeled_loader=======
=======finish=======
>>Epoch 9 Step 2751 acc_test 0.060403 f1_test 0.016275 acc_val 0.199662 f1_val 0.066573 acc_train 0.998437 f1_train 0.142745 psl_cor 554 psl_totl 3844 pslt_global 0.800000  Tim 0:10:09
acc_train_cw [0.0, 1.0, 0.0, 0.0, 0.0, 0.0, 0.0]
cw_psl_eval:  [0, 3844, 0, 0, 0, 0, 0] [0, 554, 0, 0, 0, 0, 0]
psl_acc:  0.144 cw_psl_acc:  [nan, 0.1441207081079483, nan, nan, nan, nan, nan]
train batch instace수가 7안됨 pass
**bs에 맞지않음!!!!!**


line 303 => train data수 3839
line 258 => 인스턴스 수 549
=======test_loader=======
=======dev_loader=======
=======train_labeled_loader=======
=======finish=======
>>Epoch 10 Step 3300 acc_test 0.060403 f1_test 0.016275 acc_val 0.199662 f1_val 0.066573 acc_train 0.998437 f1_train 0.142745 psl_cor 554 psl_totl 3844 pslt_global 0.800000  Tim 0:11:45
acc_train_cw [0.0, 1.0, 0.0, 0.0, 0.0, 0.0, 0.0]
cw_psl_eval:  [0, 3844, 0, 0, 0, 0, 0] [0, 554, 0, 0, 0, 0, 0]
psl_acc:  0.144 cw_psl_acc:  [nan, 0.1441207081079483, nan, nan, nan, nan, nan]
train batch instace수가 7안됨 pass
**bs에 맞지않음!!!!!**


line 303 => train data수 3839
line 258 => 인스턴스 수 549
=======test_loader=======
=======dev_loader=======
=======train_labeled_loader=======
=======finish=======
>>Epoch 11 Step 3849 acc_test 0.060403 f1_test 0.016275 acc_val 0.199662 f1_val 0.066573 acc_train 0.998437 f1_train 0.142745 psl_cor 554 psl_totl 3844 pslt_global 0.800000  Tim 0:13:22
acc_train_cw [0.0, 1.0, 0.0, 0.0, 0.0, 0.0, 0.0]
cw_psl_eval:  [0, 3844, 0, 0, 0, 0, 0] [0, 554, 0, 0, 0, 0, 0]
psl_acc:  0.144 cw_psl_acc:  [nan, 0.1441207081079483, nan, nan, nan, nan, nan]
train batch instace수가 7안됨 pass
**bs에 맞지않음!!!!!**


line 303 => train data수 3839
line 258 => 인스턴스 수 549
=======test_loader=======
=======dev_loader=======
=======train_labeled_loader=======
=======finish=======
>>Epoch 12 Step 4398 acc_test 0.060403 f1_test 0.016275 acc_val 0.199662 f1_val 0.066573 acc_train 0.998437 f1_train 0.142745 psl_cor 554 psl_totl 3844 pslt_global 0.800000  Tim 0:14:59
acc_train_cw [0.0, 1.0, 0.0, 0.0, 0.0, 0.0, 0.0]
cw_psl_eval:  [0, 3844, 0, 0, 0, 0, 0] [0, 554, 0, 0, 0, 0, 0]
psl_acc:  0.144 cw_psl_acc:  [nan, 0.1441207081079483, nan, nan, nan, nan, nan]
train batch instace수가 7안됨 pass
**bs에 맞지않음!!!!!**


line 303 => train data수 3839
line 258 => 인스턴스 수 549
=======test_loader=======
=======dev_loader=======
=======train_labeled_loader=======
=======finish=======
>>Epoch 13 Step 4947 acc_test 0.060403 f1_test 0.016275 acc_val 0.199662 f1_val 0.066573 acc_train 0.998437 f1_train 0.142745 psl_cor 554 psl_totl 3844 pslt_global 0.800000  Tim 0:16:36
acc_train_cw [0.0, 1.0, 0.0, 0.0, 0.0, 0.0, 0.0]
cw_psl_eval:  [0, 3844, 0, 0, 0, 0, 0] [0, 554, 0, 0, 0, 0, 0]
psl_acc:  0.144 cw_psl_acc:  [nan, 0.1441207081079483, nan, nan, nan, nan, nan]
train batch instace수가 7안됨 pass
**bs에 맞지않음!!!!!**


line 303 => train data수 3839
line 258 => 인스턴스 수 549
=======test_loader=======
=======dev_loader=======
=======train_labeled_loader=======
=======finish=======
>>Epoch 14 Step 5496 acc_test 0.060403 f1_test 0.016275 acc_val 0.199662 f1_val 0.066573 acc_train 0.998437 f1_train 0.142745 psl_cor 554 psl_totl 3844 pslt_global 0.800000  Tim 0:18:12
acc_train_cw [0.0, 1.0, 0.0, 0.0, 0.0, 0.0, 0.0]
cw_psl_eval:  [0, 3844, 0, 0, 0, 0, 0] [0, 554, 0, 0, 0, 0, 0]
psl_acc:  0.144 cw_psl_acc:  [nan, 0.1441207081079483, nan, nan, nan, nan, nan]
train batch instace수가 7안됨 pass
**bs에 맞지않음!!!!!**


line 303 => train data수 3839
line 258 => 인스턴스 수 549
=======test_loader=======
=======dev_loader=======
=======train_labeled_loader=======
=======finish=======
>>Epoch 15 Step 6045 acc_test 0.060403 f1_test 0.016275 acc_val 0.199662 f1_val 0.066573 acc_train 0.998437 f1_train 0.142745 psl_cor 554 psl_totl 3844 pslt_global 0.800000  Tim 0:19:49
acc_train_cw [0.0, 1.0, 0.0, 0.0, 0.0, 0.0, 0.0]
cw_psl_eval:  [0, 3844, 0, 0, 0, 0, 0] [0, 554, 0, 0, 0, 0, 0]
psl_acc:  0.144 cw_psl_acc:  [nan, 0.1441207081079483, nan, nan, nan, nan, nan]
train batch instace수가 7안됨 pass
**bs에 맞지않음!!!!!**


line 303 => train data수 3839
line 258 => 인스턴스 수 549
=======test_loader=======
=======dev_loader=======
=======train_labeled_loader=======
=======finish=======
>>Epoch 16 Step 6594 acc_test 0.060403 f1_test 0.016275 acc_val 0.199662 f1_val 0.066573 acc_train 0.998437 f1_train 0.142745 psl_cor 554 psl_totl 3844 pslt_global 0.800000  Tim 0:21:25
acc_train_cw [0.0, 1.0, 0.0, 0.0, 0.0, 0.0, 0.0]
cw_psl_eval:  [0, 3844, 0, 0, 0, 0, 0] [0, 554, 0, 0, 0, 0, 0]
psl_acc:  0.144 cw_psl_acc:  [nan, 0.1441207081079483, nan, nan, nan, nan, nan]
train batch instace수가 7안됨 pass
**bs에 맞지않음!!!!!**


line 303 => train data수 3839
line 258 => 인스턴스 수 549
=======test_loader=======
=======dev_loader=======
=======train_labeled_loader=======
=======finish=======
>>Epoch 17 Step 7143 acc_test 0.060403 f1_test 0.016275 acc_val 0.199662 f1_val 0.066573 acc_train 0.998437 f1_train 0.142745 psl_cor 554 psl_totl 3844 pslt_global 0.800000  Tim 0:23:02
acc_train_cw [0.0, 1.0, 0.0, 0.0, 0.0, 0.0, 0.0]
cw_psl_eval:  [0, 3844, 0, 0, 0, 0, 0] [0, 554, 0, 0, 0, 0, 0]
psl_acc:  0.144 cw_psl_acc:  [nan, 0.1441207081079483, nan, nan, nan, nan, nan]
train batch instace수가 7안됨 pass
**bs에 맞지않음!!!!!**


line 303 => train data수 3839
line 258 => 인스턴스 수 549
=======test_loader=======
=======dev_loader=======
=======train_labeled_loader=======
=======finish=======
>>Epoch 18 Step 7692 acc_test 0.060403 f1_test 0.016275 acc_val 0.199662 f1_val 0.066573 acc_train 0.998437 f1_train 0.142745 psl_cor 554 psl_totl 3844 pslt_global 0.800000  Tim 0:24:39
acc_train_cw [0.0, 1.0, 0.0, 0.0, 0.0, 0.0, 0.0]
cw_psl_eval:  [0, 3844, 0, 0, 0, 0, 0] [0, 554, 0, 0, 0, 0, 0]
psl_acc:  0.144 cw_psl_acc:  [nan, 0.1441207081079483, nan, nan, nan, nan, nan]
train batch instace수가 7안됨 pass
**bs에 맞지않음!!!!!**


line 303 => train data수 3839
line 258 => 인스턴스 수 549
=======test_loader=======
=======dev_loader=======
=======train_labeled_loader=======
=======finish=======
>>Epoch 19 Step 8241 acc_test 0.060403 f1_test 0.016275 acc_val 0.199662 f1_val 0.066573 acc_train 0.998437 f1_train 0.142745 psl_cor 554 psl_totl 3844 pslt_global 0.800000  Tim 0:26:15
acc_train_cw [0.0, 1.0, 0.0, 0.0, 0.0, 0.0, 0.0]
cw_psl_eval:  [0, 3844, 0, 0, 0, 0, 0] [0, 554, 0, 0, 0, 0, 0]
psl_acc:  0.144 cw_psl_acc:  [nan, 0.1441207081079483, nan, nan, nan, nan, nan]
train batch instace수가 7안됨 pass
**bs에 맞지않음!!!!!**


line 303 => train data수 3839
line 258 => 인스턴스 수 549
=======test_loader=======
=======dev_loader=======
=======train_labeled_loader=======
=======finish=======
>>Epoch 20 Step 8790 acc_test 0.060403 f1_test 0.016275 acc_val 0.199662 f1_val 0.066573 acc_train 0.998437 f1_train 0.142745 psl_cor 554 psl_totl 3844 pslt_global 0.800000  Tim 0:27:52
acc_train_cw [0.0, 1.0, 0.0, 0.0, 0.0, 0.0, 0.0]
cw_psl_eval:  [0, 3844, 0, 0, 0, 0, 0] [0, 554, 0, 0, 0, 0, 0]
psl_acc:  0.144 cw_psl_acc:  [nan, 0.1441207081079483, nan, nan, nan, nan, nan]
train batch instace수가 7안됨 pass
**bs에 맞지않음!!!!!**


line 303 => train data수 3839
line 258 => 인스턴스 수 549
=======test_loader=======
=======dev_loader=======
=======train_labeled_loader=======
=======finish=======
>>Epoch 21 Step 9339 acc_test 0.060403 f1_test 0.016275 acc_val 0.199662 f1_val 0.066573 acc_train 0.998437 f1_train 0.142745 psl_cor 554 psl_totl 3844 pslt_global 0.800000  Tim 0:29:28
acc_train_cw [0.0, 1.0, 0.0, 0.0, 0.0, 0.0, 0.0]
cw_psl_eval:  [0, 3844, 0, 0, 0, 0, 0] [0, 554, 0, 0, 0, 0, 0]
psl_acc:  0.144 cw_psl_acc:  [nan, 0.1441207081079483, nan, nan, nan, nan, nan]
train batch instace수가 7안됨 pass
**bs에 맞지않음!!!!!**


line 303 => train data수 3839
line 258 => 인스턴스 수 549
=======test_loader=======
=======dev_loader=======
=======train_labeled_loader=======
=======finish=======
>>Epoch 22 Step 9888 acc_test 0.060403 f1_test 0.016275 acc_val 0.199662 f1_val 0.066573 acc_train 0.998437 f1_train 0.142745 psl_cor 554 psl_totl 3844 pslt_global 0.800000  Tim 0:31:05
acc_train_cw [0.0, 1.0, 0.0, 0.0, 0.0, 0.0, 0.0]
cw_psl_eval:  [0, 3844, 0, 0, 0, 0, 0] [0, 554, 0, 0, 0, 0, 0]
psl_acc:  0.144 cw_psl_acc:  [nan, 0.1441207081079483, nan, nan, nan, nan, nan]
train batch instace수가 7안됨 pass
**bs에 맞지않음!!!!!**


line 303 => train data수 3839
line 258 => 인스턴스 수 549
=======test_loader=======
=======dev_loader=======
=======train_labeled_loader=======
=======finish=======
>>Epoch 23 Step 10437 acc_test 0.060403 f1_test 0.016275 acc_val 0.199662 f1_val 0.066573 acc_train 0.998437 f1_train 0.142745 psl_cor 554 psl_totl 3844 pslt_global 0.800000  Tim 0:32:42
acc_train_cw [0.0, 1.0, 0.0, 0.0, 0.0, 0.0, 0.0]
cw_psl_eval:  [0, 3844, 0, 0, 0, 0, 0] [0, 554, 0, 0, 0, 0, 0]
psl_acc:  0.144 cw_psl_acc:  [nan, 0.1441207081079483, nan, nan, nan, nan, nan]
Early stopping trigger at step:  10437
Best model at step:  2
**조기종료됨**
**bs에 맞지않음!!!!!**

종료된 epoch시점 :  24 (epoch - 11에서부터 acc_val증가 안됨.)
조기종료 early_stop_flag 

Training complete!
Total training took 0:33:00 (h:mm:ss)
Load model from ./experiment/few_shot/output/1_unixcoder-base_0.0005_0.8_20_java_extended_data_net0.pth
Save training statistics in:  ./experiment/few_shot/log/20240328-191954/0/training_statistics.csv

Best_step:  2 
best_test_acc:  0.21476510067114093 
best_test_f1:  0.05874794915890806
Save best record in:  ./experiment/few_shot/log/20240328-191954/summary.csv
Save best record in:  ./experiment/few_shot/log/summary_avgrun.csv
