current work directory:  /home/imsuhan22/few-shot-tc/JointMatch_SSL/codebert/code

data_path:  ../data/../data_split(java)

There are 1 GPU(s) available.
We will use the GPU- 0 NVIDIA GeForce RTX 3090
n_labeled_per_class:  10
train_df samples: 3911
train_labeled_df samples: 70
train_unlabeled_df samples: 3841
n_classes:  7
line 147 모델 =>  Salesforce/codet5p-110m-embedding
net_arch:  Salesforce/codet5p-110m-embedding lr:  1e-05

line 257 => epoch 0
line 303 => train data수 70
line 258 => 인스턴스 수 10
=======test_loader=======
=======dev_loader=======
=======train_labeled_loader=======
=======finish=======
>>Epoch 0 Step 0 acc_test 0.155419 f1_test 0.049954 acc_val 0.153374 f1_val 0.045786 acc_train 0.157143 f1_train 0.063080 psl_cor 0 psl_totl 0 pslt_global 0.000000  Tim 0:00:20
acc_train_cw [0.0, 0.0, 1.0, 0.0, 0.0, 0.0, 0.1]
cw_psl_eval:  [0, 0, 0, 0, 0, 0, 0] [0, 0, 0, 0, 0, 0, 0]
psl_acc: None cw_psl_acc:  [nan, nan, nan, nan, nan, nan, nan]
Save model to ./experiment/test/output/
line 681 - total_unsup_loss_nets [tensor(0., device='cuda:0')]

tokenizer RobertaTokenizerFast(name_or_path='Salesforce/codet5p-110m-embedding', vocab_size=32100, model_max_length=512, is_fast=True, padding_side='right', truncation_side='right', special_tokens={'bos_token': '<s>', 'eos_token': '</s>', 'unk_token': '<unk>', 'sep_token': '</s>', 'pad_token': '<pad>', 'cls_token': '<s>', 'mask_token': '<mask>', 'additional_special_tokens': ['[ENC]', '[TDEC]', '[CDEC]']}, clean_up_tokenization_spaces=True),  added_tokens_decoder={
	0: AddedToken("<pad>", rstrip=False, lstrip=False, single_word=False, normalized=True, special=True),
	1: AddedToken("<s>", rstrip=False, lstrip=False, single_word=False, normalized=True, special=True),
	2: AddedToken("</s>", rstrip=False, lstrip=False, single_word=False, normalized=True, special=True),
	3: AddedToken("<unk>", rstrip=False, lstrip=False, single_word=False, normalized=True, special=True),
	4: AddedToken("<mask>", rstrip=False, lstrip=True, single_word=False, normalized=True, special=True),
	32000: AddedToken("<extra_id_99>", rstrip=False, lstrip=True, single_word=False, normalized=True, special=True),
	32001: AddedToken("<extra_id_98>", rstrip=False, lstrip=True, single_word=False, normalized=True, special=True),
	32002: AddedToken("<extra_id_97>", rstrip=False, lstrip=True, single_word=False, normalized=True, special=True),
	32003: AddedToken("<extra_id_96>", rstrip=False, lstrip=True, single_word=False, normalized=True, special=True),
	32004: AddedToken("<extra_id_95>", rstrip=False, lstrip=True, single_word=False, normalized=True, special=True),
	32005: AddedToken("<extra_id_94>", rstrip=False, lstrip=True, single_word=False, normalized=True, special=True),
	32006: AddedToken("<extra_id_93>", rstrip=False, lstrip=True, single_word=False, normalized=True, special=True),
	32007: AddedToken("<extra_id_92>", rstrip=False, lstrip=True, single_word=False, normalized=True, special=True),
	32008: AddedToken("<extra_id_91>", rstrip=False, lstrip=True, single_word=False, normalized=True, special=True),
	32009: AddedToken("<extra_id_90>", rstrip=False, lstrip=True, single_word=False, normalized=True, special=True),
	32010: AddedToken("<extra_id_89>", rstrip=False, lstrip=True, single_word=False, normalized=True, special=True),
	32011: AddedToken("<extra_id_88>", rstrip=False, lstrip=True, single_word=False, normalized=True, special=True),
	32012: AddedToken("<extra_id_87>", rstrip=False, lstrip=True, single_word=False, normalized=True, special=True),
	32013: AddedToken("<extra_id_86>", rstrip=False, lstrip=True, single_word=False, normalized=True, special=True),
	32014: AddedToken("<extra_id_85>", rstrip=False, lstrip=True, single_word=False, normalized=True, special=True),
	32015: AddedToken("<extra_id_84>", rstrip=False, lstrip=True, single_word=False, normalized=True, special=True),
	32016: AddedToken("<extra_id_83>", rstrip=False, lstrip=True, single_word=False, normalized=True, special=True),
	32017: AddedToken("<extra_id_82>", rstrip=False, lstrip=True, single_word=False, normalized=True, special=True),
	32018: AddedToken("<extra_id_81>", rstrip=False, lstrip=True, single_word=False, normalized=True, special=True),
	32019: AddedToken("<extra_id_80>", rstrip=False, lstrip=True, single_word=False, normalized=True, special=True),
	32020: AddedToken("<extra_id_79>", rstrip=False, lstrip=True, single_word=False, normalized=True, special=True),
	32021: AddedToken("<extra_id_78>", rstrip=False, lstrip=True, single_word=False, normalized=True, special=True),
	32022: AddedToken("<extra_id_77>", rstrip=False, lstrip=True, single_word=False, normalized=True, special=True),
	32023: AddedToken("<extra_id_76>", rstrip=False, lstrip=True, single_word=False, normalized=True, special=True),
	32024: AddedToken("<extra_id_75>", rstrip=False, lstrip=True, single_word=False, normalized=True, special=True),
	32025: AddedToken("<extra_id_74>", rstrip=False, lstrip=True, single_word=False, normalized=True, special=True),
	32026: AddedToken("<extra_id_73>", rstrip=False, lstrip=True, single_word=False, normalized=True, special=True),
	32027: AddedToken("<extra_id_72>", rstrip=False, lstrip=True, single_word=False, normalized=True, special=True),
	32028: AddedToken("<extra_id_71>", rstrip=False, lstrip=True, single_word=False, normalized=True, special=True),
	32029: AddedToken("<extra_id_70>", rstrip=False, lstrip=True, single_word=False, normalized=True, special=True),
	32030: AddedToken("<extra_id_69>", rstrip=False, lstrip=True, single_word=False, normalized=True, special=True),
	32031: AddedToken("<extra_id_68>", rstrip=False, lstrip=True, single_word=False, normalized=True, special=True),
	32032: AddedToken("<extra_id_67>", rstrip=False, lstrip=True, single_word=False, normalized=True, special=True),
	32033: AddedToken("<extra_id_66>", rstrip=False, lstrip=True, single_word=False, normalized=True, special=True),
	32034: AddedToken("<extra_id_65>", rstrip=False, lstrip=True, single_word=False, normalized=True, special=True),
	32035: AddedToken("<extra_id_64>", rstrip=False, lstrip=True, single_word=False, normalized=True, special=True),
	32036: AddedToken("<extra_id_63>", rstrip=False, lstrip=True, single_word=False, normalized=True, special=True),
	32037: AddedToken("<extra_id_62>", rstrip=False, lstrip=True, single_word=False, normalized=True, special=True),
	32038: AddedToken("<extra_id_61>", rstrip=False, lstrip=True, single_word=False, normalized=True, special=True),
	32039: AddedToken("<extra_id_60>", rstrip=False, lstrip=True, single_word=False, normalized=True, special=True),
	32040: AddedToken("<extra_id_59>", rstrip=False, lstrip=True, single_word=False, normalized=True, special=True),
	32041: AddedToken("<extra_id_58>", rstrip=False, lstrip=True, single_word=False, normalized=True, special=True),
	32042: AddedToken("<extra_id_57>", rstrip=False, lstrip=True, single_word=False, normalized=True, special=True),
	32043: AddedToken("<extra_id_56>", rstrip=False, lstrip=True, single_word=False, normalized=True, special=True),
	32044: AddedToken("<extra_id_55>", rstrip=False, lstrip=True, single_word=False, normalized=True, special=True),
	32045: AddedToken("<extra_id_54>", rstrip=False, lstrip=True, single_word=False, normalized=True, special=True),
	32046: AddedToken("<extra_id_53>", rstrip=False, lstrip=True, single_word=False, normalized=True, special=True),
	32047: AddedToken("<extra_id_52>", rstrip=False, lstrip=True, single_word=False, normalized=True, special=True),
	32048: AddedToken("<extra_id_51>", rstrip=False, lstrip=True, single_word=False, normalized=True, special=True),
	32049: AddedToken("<extra_id_50>", rstrip=False, lstrip=True, single_word=False, normalized=True, special=True),
	32050: AddedToken("<extra_id_49>", rstrip=False, lstrip=True, single_word=False, normalized=True, special=True),
	32051: AddedToken("<extra_id_48>", rstrip=False, lstrip=True, single_word=False, normalized=True, special=True),
	32052: AddedToken("<extra_id_47>", rstrip=False, lstrip=True, single_word=False, normalized=True, special=True),
	32053: AddedToken("<extra_id_46>", rstrip=False, lstrip=True, single_word=False, normalized=True, special=True),
	32054: AddedToken("<extra_id_45>", rstrip=False, lstrip=True, single_word=False, normalized=True, special=True),
	32055: AddedToken("<extra_id_44>", rstrip=False, lstrip=True, single_word=False, normalized=True, special=True),
	32056: AddedToken("<extra_id_43>", rstrip=False, lstrip=True, single_word=False, normalized=True, special=True),
	32057: AddedToken("<extra_id_42>", rstrip=False, lstrip=True, single_word=False, normalized=True, special=True),
	32058: AddedToken("<extra_id_41>", rstrip=False, lstrip=True, single_word=False, normalized=True, special=True),
	32059: AddedToken("<extra_id_40>", rstrip=False, lstrip=True, single_word=False, normalized=True, special=True),
	32060: AddedToken("<extra_id_39>", rstrip=False, lstrip=True, single_word=False, normalized=True, special=True),
	32061: AddedToken("<extra_id_38>", rstrip=False, lstrip=True, single_word=False, normalized=True, special=True),
	32062: AddedToken("<extra_id_37>", rstrip=False, lstrip=True, single_word=False, normalized=True, special=True),
	32063: AddedToken("<extra_id_36>", rstrip=False, lstrip=True, single_word=False, normalized=True, special=True),
	32064: AddedToken("<extra_id_35>", rstrip=False, lstrip=True, single_word=False, normalized=True, special=True),
	32065: AddedToken("<extra_id_34>", rstrip=False, lstrip=True, single_word=False, normalized=True, special=True),
	32066: AddedToken("<extra_id_33>", rstrip=False, lstrip=True, single_word=False, normalized=True, special=True),
	32067: AddedToken("<extra_id_32>", rstrip=False, lstrip=True, single_word=False, normalized=True, special=True),
	32068: AddedToken("<extra_id_31>", rstrip=False, lstrip=True, single_word=False, normalized=True, special=True),
	32069: AddedToken("<extra_id_30>", rstrip=False, lstrip=True, single_word=False, normalized=True, special=True),
	32070: AddedToken("<extra_id_29>", rstrip=False, lstrip=True, single_word=False, normalized=True, special=True),
	32071: AddedToken("<extra_id_28>", rstrip=False, lstrip=True, single_word=False, normalized=True, special=True),
	32072: AddedToken("<extra_id_27>", rstrip=False, lstrip=True, single_word=False, normalized=True, special=True),
	32073: AddedToken("<extra_id_26>", rstrip=False, lstrip=True, single_word=False, normalized=True, special=True),
	32074: AddedToken("<extra_id_25>", rstrip=False, lstrip=True, single_word=False, normalized=True, special=True),
	32075: AddedToken("<extra_id_24>", rstrip=False, lstrip=True, single_word=False, normalized=True, special=True),
	32076: AddedToken("<extra_id_23>", rstrip=False, lstrip=True, single_word=False, normalized=True, special=True),
	32077: AddedToken("<extra_id_22>", rstrip=False, lstrip=True, single_word=False, normalized=True, special=True),
	32078: AddedToken("<extra_id_21>", rstrip=False, lstrip=True, single_word=False, normalized=True, special=True),
	32079: AddedToken("<extra_id_20>", rstrip=False, lstrip=True, single_word=False, normalized=True, special=True),
	32080: AddedToken("<extra_id_19>", rstrip=False, lstrip=True, single_word=False, normalized=True, special=True),
	32081: AddedToken("<extra_id_18>", rstrip=False, lstrip=True, single_word=False, normalized=True, special=True),
	32082: AddedToken("<extra_id_17>", rstrip=False, lstrip=True, single_word=False, normalized=True, special=True),
	32083: AddedToken("<extra_id_16>", rstrip=False, lstrip=True, single_word=False, normalized=True, special=True),
	32084: AddedToken("<extra_id_15>", rstrip=False, lstrip=True, single_word=False, normalized=True, special=True),
	32085: AddedToken("<extra_id_14>", rstrip=False, lstrip=True, single_word=False, normalized=True, special=True),
	32086: AddedToken("<extra_id_13>", rstrip=False, lstrip=True, single_word=False, normalized=True, special=True),
	32087: AddedToken("<extra_id_12>", rstrip=False, lstrip=True, single_word=False, normalized=True, special=True),
	32088: AddedToken("<extra_id_11>", rstrip=False, lstrip=True, single_word=False, normalized=True, special=True),
	32089: AddedToken("<extra_id_10>", rstrip=False, lstrip=True, single_word=False, normalized=True, special=True),
	32090: AddedToken("<extra_id_9>", rstrip=False, lstrip=True, single_word=False, normalized=True, special=True),
	32091: AddedToken("<extra_id_8>", rstrip=False, lstrip=True, single_word=False, normalized=True, special=True),
	32092: AddedToken("<extra_id_7>", rstrip=False, lstrip=True, single_word=False, normalized=True, special=True),
	32093: AddedToken("<extra_id_6>", rstrip=False, lstrip=True, single_word=False, normalized=True, special=True),
	32094: AddedToken("<extra_id_5>", rstrip=False, lstrip=True, single_word=False, normalized=True, special=True),
	32095: AddedToken("<extra_id_4>", rstrip=False, lstrip=True, single_word=False, normalized=True, special=True),
	32096: AddedToken("<extra_id_3>", rstrip=False, lstrip=True, single_word=False, normalized=True, special=True),
	32097: AddedToken("<extra_id_2>", rstrip=False, lstrip=True, single_word=False, normalized=True, special=True),
	32098: AddedToken("<extra_id_1>", rstrip=False, lstrip=True, single_word=False, normalized=True, special=True),
	32099: AddedToken("<extra_id_0>", rstrip=False, lstrip=True, single_word=False, normalized=True, special=True),
	32100: AddedToken("[ENC]", rstrip=False, lstrip=False, single_word=False, normalized=False, special=True),
	32101: AddedToken("[TDEC]", rstrip=False, lstrip=False, single_word=False, normalized=False, special=True),
	32102: AddedToken("[CDEC]", rstrip=False, lstrip=False, single_word=False, normalized=False, special=True),
} 


line 257 => epoch 1
line 303 => train data수 70
line 258 => 인스턴스 수 10
=======test_loader=======
=======dev_loader=======
=======train_labeled_loader=======
=======finish=======
>>Epoch 1 Step 10 acc_test 0.155419 f1_test 0.071987 acc_val 0.143149 f1_val 0.068075 acc_train 0.228571 f1_train 0.124923 psl_cor 0 psl_totl 0 pslt_global 0.700000  Tim 0:01:07
acc_train_cw [0.0, 0.0, 1.0, 0.0, 0.0, 0.0, 0.6]
cw_psl_eval:  [0, 0, 0, 0, 0, 0, 0] [0, 0, 0, 0, 0, 0, 0]
psl_acc: None cw_psl_acc:  [nan, nan, nan, nan, nan, nan, nan]
line 681 - total_unsup_loss_nets [tensor(0., device='cuda:0')]

line 257 => epoch 2
line 303 => train data수 70
line 258 => 인스턴스 수 10
=======test_loader=======
=======dev_loader=======
=======train_labeled_loader=======
=======finish=======
>>Epoch 2 Step 20 acc_test 0.155419 f1_test 0.072826 acc_val 0.145194 f1_val 0.066357 acc_train 0.271429 f1_train 0.166667 psl_cor 0 psl_totl 0 pslt_global 0.700000  Tim 0:01:58
acc_train_cw [0.0, 0.0, 1.0, 0.0, 0.0, 0.2, 0.7]
cw_psl_eval:  [0, 0, 0, 0, 0, 0, 0] [0, 0, 0, 0, 0, 0, 0]
psl_acc: None cw_psl_acc:  [nan, nan, nan, nan, nan, nan, nan]
line 681 - total_unsup_loss_nets [tensor(0., device='cuda:0')]

line 257 => epoch 3
line 303 => train data수 70
line 258 => 인스턴스 수 10
=======test_loader=======
=======dev_loader=======
=======train_labeled_loader=======
=======finish=======
>>Epoch 3 Step 30 acc_test 0.159509 f1_test 0.082164 acc_val 0.161554 f1_val 0.095498 acc_train 0.357143 f1_train 0.320147 psl_cor 0 psl_totl 0 pslt_global 0.700000  Tim 0:02:49
acc_train_cw [0.0, 0.2, 1.0, 0.0, 0.2, 0.5, 0.6]
cw_psl_eval:  [0, 0, 0, 0, 0, 0, 0] [0, 0, 0, 0, 0, 0, 0]
psl_acc: None cw_psl_acc:  [nan, nan, nan, nan, nan, nan, nan]
Save model to ./experiment/test/output/
line 681 - total_unsup_loss_nets [tensor(0., device='cuda:0')]

line 257 => epoch 4
line 303 => train data수 70
line 258 => 인스턴스 수 10
=======test_loader=======
=======dev_loader=======
=======train_labeled_loader=======
=======finish=======
>>Epoch 4 Step 40 acc_test 0.198364 f1_test 0.160772 acc_val 0.192229 f1_val 0.169282 acc_train 0.728571 f1_train 0.716955 psl_cor 0 psl_totl 0 pslt_global 0.700000  Tim 0:03:41
acc_train_cw [0.6, 0.9, 1.0, 0.4, 0.4, 1.0, 0.8]
cw_psl_eval:  [0, 0, 0, 0, 0, 0, 0] [0, 0, 0, 0, 0, 0, 0]
psl_acc: None cw_psl_acc:  [nan, nan, nan, nan, nan, nan, nan]
Save model to ./experiment/test/output/
line 681 - total_unsup_loss_nets [tensor(0., device='cuda:0')]

line 257 => epoch 5
line 303 => train data수 70
line 258 => 인스턴스 수 10
=======test_loader=======
=======dev_loader=======
=======train_labeled_loader=======
=======finish=======
>>Epoch 5 Step 50 acc_test 0.245399 f1_test 0.213965 acc_val 0.235174 f1_val 0.213379 acc_train 0.800000 f1_train 0.801752 psl_cor 0 psl_totl 0 pslt_global 0.700000  Tim 0:04:38
acc_train_cw [0.8, 1.0, 1.0, 0.6, 0.6, 0.8, 0.8]
cw_psl_eval:  [0, 0, 0, 0, 0, 0, 0] [0, 0, 0, 0, 0, 0, 0]
psl_acc: None cw_psl_acc:  [nan, nan, nan, nan, nan, nan, nan]
Save model to ./experiment/test/output/
line 681 - total_unsup_loss_nets [tensor(0., device='cuda:0')]

line 257 => epoch 6
line 303 => train data수 70
line 258 => 인스턴스 수 10
=======test_loader=======
=======dev_loader=======
=======train_labeled_loader=======
=======finish=======
>>Epoch 6 Step 60 acc_test 0.280164 f1_test 0.266221 acc_val 0.255624 f1_val 0.252332 acc_train 0.885714 f1_train 0.886963 psl_cor 0 psl_totl 0 pslt_global 0.700000  Tim 0:05:35
acc_train_cw [0.9, 1.0, 1.0, 0.9, 0.7, 0.8, 0.9]
cw_psl_eval:  [0, 0, 0, 0, 0, 0, 0] [0, 0, 0, 0, 0, 0, 0]
psl_acc: None cw_psl_acc:  [nan, nan, nan, nan, nan, nan, nan]
Save model to ./experiment/test/output/
line 681 - total_unsup_loss_nets [tensor(0., device='cuda:0')]

line 257 => epoch 7
line 303 => train data수 70
line 258 => 인스턴스 수 10
=======test_loader=======
=======dev_loader=======
=======train_labeled_loader=======
=======finish=======
>>Epoch 7 Step 70 acc_test 0.300613 f1_test 0.297518 acc_val 0.278119 f1_val 0.276077 acc_train 0.957143 f1_train 0.954382 psl_cor 0 psl_totl 0 pslt_global 0.700000  Tim 0:06:29
acc_train_cw [1.0, 1.0, 1.0, 1.0, 0.7, 1.0, 1.0]
cw_psl_eval:  [0, 0, 0, 0, 0, 0, 0] [0, 0, 0, 0, 0, 0, 0]
psl_acc: None cw_psl_acc:  [nan, nan, nan, nan, nan, nan, nan]
Save model to ./experiment/test/output/
line 681 - total_unsup_loss_nets [tensor(0., device='cuda:0')]

line 257 => epoch 8
line 303 => train data수 70
line 258 => 인스턴스 수 10
=======test_loader=======
=======dev_loader=======
=======train_labeled_loader=======
=======finish=======
>>Epoch 8 Step 80 acc_test 0.292434 f1_test 0.283147 acc_val 0.267894 f1_val 0.263502 acc_train 0.928571 f1_train 0.926140 psl_cor 0 psl_totl 0 pslt_global 0.700000  Tim 0:07:24
acc_train_cw [1.0, 1.0, 1.0, 0.8, 0.7, 1.0, 1.0]
cw_psl_eval:  [0, 0, 0, 0, 0, 0, 0] [0, 0, 0, 0, 0, 0, 0]
psl_acc: None cw_psl_acc:  [nan, nan, nan, nan, nan, nan, nan]
line 681 - total_unsup_loss_nets [tensor(0., device='cuda:0')]

line 257 => epoch 9
line 303 => train data수 70
line 258 => 인스턴스 수 10
=======test_loader=======
=======dev_loader=======
=======train_labeled_loader=======
=======finish=======
>>Epoch 9 Step 90 acc_test 0.282209 f1_test 0.271873 acc_val 0.282209 f1_val 0.273770 acc_train 0.971429 f1_train 0.971140 psl_cor 0 psl_totl 0 pslt_global 0.700000  Tim 0:08:12
acc_train_cw [1.0, 1.0, 1.0, 1.0, 0.8, 1.0, 1.0]
cw_psl_eval:  [0, 0, 0, 0, 0, 0, 0] [0, 0, 0, 0, 0, 0, 0]
psl_acc: None cw_psl_acc:  [nan, nan, nan, nan, nan, nan, nan]
Save model to ./experiment/test/output/
line 681 - total_unsup_loss_nets [tensor(0., device='cuda:0')]

line 257 => epoch 10
line 303 => train data수 70
line 258 => 인스턴스 수 10
=======test_loader=======
=======dev_loader=======
=======train_labeled_loader=======
=======finish=======
>>Epoch 10 Step 100 acc_test 0.314928 f1_test 0.310036 acc_val 0.294479 f1_val 0.297266 acc_train 1.000000 f1_train 1.000000 psl_cor 0 psl_totl 0 pslt_global 0.700000  Tim 0:09:09
acc_train_cw [1.0, 1.0, 1.0, 1.0, 1.0, 1.0, 1.0]
cw_psl_eval:  [0, 0, 0, 0, 0, 0, 0] [0, 0, 0, 0, 0, 0, 0]
psl_acc: None cw_psl_acc:  [nan, nan, nan, nan, nan, nan, nan]
Save model to ./experiment/test/output/
line 681 - total_unsup_loss_nets [tensor(0., device='cuda:0')]

line 257 => epoch 11
line 303 => train data수 70
line 258 => 인스턴스 수 10
=======test_loader=======
=======dev_loader=======
=======train_labeled_loader=======
=======finish=======
>>Epoch 11 Step 110 acc_test 0.308793 f1_test 0.301584 acc_val 0.288344 f1_val 0.281203 acc_train 0.985714 f1_train 0.985678 psl_cor 0 psl_totl 0 pslt_global 0.700000  Tim 0:10:07
acc_train_cw [1.0, 1.0, 1.0, 1.0, 0.9, 1.0, 1.0]
cw_psl_eval:  [0, 0, 0, 0, 0, 0, 0] [0, 0, 0, 0, 0, 0, 0]
psl_acc: None cw_psl_acc:  [nan, nan, nan, nan, nan, nan, nan]
line 681 - total_unsup_loss_nets [tensor(0., device='cuda:0')]

line 257 => epoch 12
line 303 => train data수 70
line 258 => 인스턴스 수 10
=======test_loader=======
=======dev_loader=======
=======train_labeled_loader=======
=======finish=======
>>Epoch 12 Step 120 acc_test 0.300613 f1_test 0.298355 acc_val 0.294479 f1_val 0.291391 acc_train 0.985714 f1_train 0.985678 psl_cor 0 psl_totl 0 pslt_global 0.700000  Tim 0:10:59
acc_train_cw [1.0, 1.0, 1.0, 1.0, 0.9, 1.0, 1.0]
cw_psl_eval:  [0, 0, 0, 0, 0, 0, 0] [0, 0, 0, 0, 0, 0, 0]
psl_acc: None cw_psl_acc:  [nan, nan, nan, nan, nan, nan, nan]
line 681 - total_unsup_loss_nets [tensor(0., device='cuda:0')]

line 257 => epoch 13
line 303 => train data수 70
line 258 => 인스턴스 수 10
=======test_loader=======
=======dev_loader=======
=======train_labeled_loader=======
=======finish=======
>>Epoch 13 Step 130 acc_test 0.325153 f1_test 0.318477 acc_val 0.321063 f1_val 0.315570 acc_train 1.000000 f1_train 1.000000 psl_cor 0 psl_totl 0 pslt_global 0.700000  Tim 0:11:50
acc_train_cw [1.0, 1.0, 1.0, 1.0, 1.0, 1.0, 1.0]
cw_psl_eval:  [0, 0, 0, 0, 0, 0, 0] [0, 0, 0, 0, 0, 0, 0]
psl_acc: None cw_psl_acc:  [nan, nan, nan, nan, nan, nan, nan]
Save model to ./experiment/test/output/
line 681 - total_unsup_loss_nets [tensor(0., device='cuda:0')]

line 257 => epoch 14
line 303 => train data수 70
line 258 => 인스턴스 수 10
=======test_loader=======
=======dev_loader=======
=======train_labeled_loader=======
=======finish=======
>>Epoch 14 Step 140 acc_test 0.329243 f1_test 0.316025 acc_val 0.296524 f1_val 0.290395 acc_train 1.000000 f1_train 1.000000 psl_cor 0 psl_totl 0 pslt_global 0.700000  Tim 0:12:47
acc_train_cw [1.0, 1.0, 1.0, 1.0, 1.0, 1.0, 1.0]
cw_psl_eval:  [0, 0, 0, 0, 0, 0, 0] [0, 0, 0, 0, 0, 0, 0]
psl_acc: None cw_psl_acc:  [nan, nan, nan, nan, nan, nan, nan]
line 681 - total_unsup_loss_nets [tensor(0., device='cuda:0')]

line 257 => epoch 15
line 303 => train data수 70
line 258 => 인스턴스 수 10
=======test_loader=======
=======dev_loader=======
=======train_labeled_loader=======
=======finish=======
>>Epoch 15 Step 150 acc_test 0.312883 f1_test 0.309748 acc_val 0.310838 f1_val 0.309198 acc_train 1.000000 f1_train 1.000000 psl_cor 0 psl_totl 0 pslt_global 0.700000  Tim 0:13:38
acc_train_cw [1.0, 1.0, 1.0, 1.0, 1.0, 1.0, 1.0]
cw_psl_eval:  [0, 0, 0, 0, 0, 0, 0] [0, 0, 0, 0, 0, 0, 0]
psl_acc: None cw_psl_acc:  [nan, nan, nan, nan, nan, nan, nan]
line 681 - total_unsup_loss_nets [tensor(0., device='cuda:0')]

line 257 => epoch 16
line 303 => train data수 70
line 258 => 인스턴스 수 10
=======test_loader=======
=======dev_loader=======
=======train_labeled_loader=======
=======finish=======
>>Epoch 16 Step 160 acc_test 0.333333 f1_test 0.324138 acc_val 0.300613 f1_val 0.295374 acc_train 1.000000 f1_train 1.000000 psl_cor 0 psl_totl 0 pslt_global 0.700000  Tim 0:14:29
acc_train_cw [1.0, 1.0, 1.0, 1.0, 1.0, 1.0, 1.0]
cw_psl_eval:  [0, 0, 0, 0, 0, 0, 0] [0, 0, 0, 0, 0, 0, 0]
psl_acc: None cw_psl_acc:  [nan, nan, nan, nan, nan, nan, nan]
line 681 - total_unsup_loss_nets [tensor(0., device='cuda:0')]

line 257 => epoch 17
line 303 => train data수 70
line 258 => 인스턴스 수 10
=======test_loader=======
=======dev_loader=======
=======train_labeled_loader=======
=======finish=======
>>Epoch 17 Step 170 acc_test 0.345603 f1_test 0.334770 acc_val 0.333333 f1_val 0.328482 acc_train 1.000000 f1_train 1.000000 psl_cor 0 psl_totl 0 pslt_global 0.700000  Tim 0:15:20
acc_train_cw [1.0, 1.0, 1.0, 1.0, 1.0, 1.0, 1.0]
cw_psl_eval:  [0, 0, 0, 0, 0, 0, 0] [0, 0, 0, 0, 0, 0, 0]
psl_acc: None cw_psl_acc:  [nan, nan, nan, nan, nan, nan, nan]
Save model to ./experiment/test/output/
line 681 - total_unsup_loss_nets [tensor(0., device='cuda:0')]

line 257 => epoch 18
line 303 => train data수 70
line 258 => 인스턴스 수 10
=======test_loader=======
=======dev_loader=======
=======train_labeled_loader=======
=======finish=======
>>Epoch 18 Step 180 acc_test 0.355828 f1_test 0.346852 acc_val 0.333333 f1_val 0.330846 acc_train 1.000000 f1_train 1.000000 psl_cor 0 psl_totl 0 pslt_global 0.700000  Tim 0:16:17
acc_train_cw [1.0, 1.0, 1.0, 1.0, 1.0, 1.0, 1.0]
cw_psl_eval:  [0, 0, 0, 0, 0, 0, 0] [0, 0, 0, 0, 0, 0, 0]
psl_acc: None cw_psl_acc:  [nan, nan, nan, nan, nan, nan, nan]
line 681 - total_unsup_loss_nets [tensor(0., device='cuda:0')]

line 257 => epoch 19
line 303 => train data수 70
line 258 => 인스턴스 수 10
=======test_loader=======
=======dev_loader=======
=======train_labeled_loader=======
=======finish=======
>>Epoch 19 Step 190 acc_test 0.341513 f1_test 0.329170 acc_val 0.329243 f1_val 0.327200 acc_train 1.000000 f1_train 1.000000 psl_cor 0 psl_totl 0 pslt_global 0.700000  Tim 0:16:52
acc_train_cw [1.0, 1.0, 1.0, 1.0, 1.0, 1.0, 1.0]
cw_psl_eval:  [0, 0, 0, 0, 0, 0, 0] [0, 0, 0, 0, 0, 0, 0]
psl_acc: None cw_psl_acc:  [nan, nan, nan, nan, nan, nan, nan]
line 681 - total_unsup_loss_nets [tensor(0., device='cuda:0')]

line 257 => epoch 20
line 303 => train data수 70
line 258 => 인스턴스 수 10
=======test_loader=======
=======dev_loader=======
=======train_labeled_loader=======
=======finish=======
>>Epoch 20 Step 200 acc_test 0.357873 f1_test 0.344317 acc_val 0.329243 f1_val 0.326010 acc_train 1.000000 f1_train 1.000000 psl_cor 0 psl_totl 0 pslt_global 0.700000  Tim 0:17:21
acc_train_cw [1.0, 1.0, 1.0, 1.0, 1.0, 1.0, 1.0]
cw_psl_eval:  [0, 0, 0, 0, 0, 0, 0] [0, 0, 0, 0, 0, 0, 0]
psl_acc: None cw_psl_acc:  [nan, nan, nan, nan, nan, nan, nan]
line 681 - total_unsup_loss_nets [tensor(0., device='cuda:0')]

line 257 => epoch 21
line 303 => train data수 70
line 258 => 인스턴스 수 10
=======test_loader=======
=======dev_loader=======
=======train_labeled_loader=======
=======finish=======
>>Epoch 21 Step 210 acc_test 0.378323 f1_test 0.361335 acc_val 0.339468 f1_val 0.337936 acc_train 1.000000 f1_train 1.000000 psl_cor 0 psl_totl 0 pslt_global 0.700000  Tim 0:17:51
acc_train_cw [1.0, 1.0, 1.0, 1.0, 1.0, 1.0, 1.0]
cw_psl_eval:  [0, 0, 0, 0, 0, 0, 0] [0, 0, 0, 0, 0, 0, 0]
psl_acc: None cw_psl_acc:  [nan, nan, nan, nan, nan, nan, nan]
Save model to ./experiment/test/output/
line 681 - total_unsup_loss_nets [tensor(0., device='cuda:0')]

line 257 => epoch 22
line 303 => train data수 70
line 258 => 인스턴스 수 10
=======test_loader=======
=======dev_loader=======
=======train_labeled_loader=======
=======finish=======
>>Epoch 22 Step 220 acc_test 0.353783 f1_test 0.348527 acc_val 0.331288 f1_val 0.334192 acc_train 1.000000 f1_train 1.000000 psl_cor 0 psl_totl 0 pslt_global 0.700000  Tim 0:18:27
acc_train_cw [1.0, 1.0, 1.0, 1.0, 1.0, 1.0, 1.0]
cw_psl_eval:  [0, 0, 0, 0, 0, 0, 0] [0, 0, 0, 0, 0, 0, 0]
psl_acc: None cw_psl_acc:  [nan, nan, nan, nan, nan, nan, nan]
line 681 - total_unsup_loss_nets [tensor(0., device='cuda:0')]

line 257 => epoch 23
line 303 => train data수 70
line 258 => 인스턴스 수 10
=======test_loader=======
=======dev_loader=======
=======train_labeled_loader=======
=======finish=======
>>Epoch 23 Step 230 acc_test 0.388548 f1_test 0.372779 acc_val 0.347648 f1_val 0.344998 acc_train 1.000000 f1_train 1.000000 psl_cor 0 psl_totl 0 pslt_global 0.700000  Tim 0:18:57
acc_train_cw [1.0, 1.0, 1.0, 1.0, 1.0, 1.0, 1.0]
cw_psl_eval:  [0, 0, 0, 0, 0, 0, 0] [0, 0, 0, 0, 0, 0, 0]
psl_acc: None cw_psl_acc:  [nan, nan, nan, nan, nan, nan, nan]
Save model to ./experiment/test/output/
line 681 - total_unsup_loss_nets [tensor(0., device='cuda:0')]

line 257 => epoch 24
line 303 => train data수 70
line 258 => 인스턴스 수 10
=======test_loader=======
=======dev_loader=======
=======train_labeled_loader=======
=======finish=======
>>Epoch 24 Step 240 acc_test 0.378323 f1_test 0.364532 acc_val 0.349693 f1_val 0.346671 acc_train 1.000000 f1_train 1.000000 psl_cor 0 psl_totl 0 pslt_global 0.700000  Tim 0:19:32
acc_train_cw [1.0, 1.0, 1.0, 1.0, 1.0, 1.0, 1.0]
cw_psl_eval:  [0, 0, 0, 0, 0, 0, 0] [0, 0, 0, 0, 0, 0, 0]
psl_acc: None cw_psl_acc:  [nan, nan, nan, nan, nan, nan, nan]
Save model to ./experiment/test/output/
line 681 - total_unsup_loss_nets [tensor(0., device='cuda:0')]

line 257 => epoch 25
line 303 => train data수 70
line 258 => 인스턴스 수 10
=======test_loader=======
=======dev_loader=======
=======train_labeled_loader=======
=======finish=======
>>Epoch 25 Step 250 acc_test 0.374233 f1_test 0.363045 acc_val 0.337423 f1_val 0.338331 acc_train 1.000000 f1_train 1.000000 psl_cor 0 psl_totl 0 pslt_global 0.700000  Tim 0:20:08
acc_train_cw [1.0, 1.0, 1.0, 1.0, 1.0, 1.0, 1.0]
cw_psl_eval:  [0, 0, 0, 0, 0, 0, 0] [0, 0, 0, 0, 0, 0, 0]
psl_acc: None cw_psl_acc:  [nan, nan, nan, nan, nan, nan, nan]
line 681 - total_unsup_loss_nets [tensor(0., device='cuda:0')]

line 257 => epoch 26
line 303 => train data수 70
line 258 => 인스턴스 수 10
=======test_loader=======
=======dev_loader=======
=======train_labeled_loader=======
=======finish=======
>>Epoch 26 Step 260 acc_test 0.390593 f1_test 0.377966 acc_val 0.349693 f1_val 0.347703 acc_train 1.000000 f1_train 1.000000 psl_cor 0 psl_totl 0 pslt_global 0.700000  Tim 0:20:38
acc_train_cw [1.0, 1.0, 1.0, 1.0, 1.0, 1.0, 1.0]
cw_psl_eval:  [0, 0, 0, 0, 0, 0, 0] [0, 0, 0, 0, 0, 0, 0]
psl_acc: None cw_psl_acc:  [nan, nan, nan, nan, nan, nan, nan]
line 681 - total_unsup_loss_nets [tensor(0., device='cuda:0')]

line 257 => epoch 27
line 303 => train data수 70
line 258 => 인스턴스 수 10
=======test_loader=======
=======dev_loader=======
=======train_labeled_loader=======
=======finish=======
>>Epoch 27 Step 270 acc_test 0.378323 f1_test 0.368937 acc_val 0.341513 f1_val 0.344100 acc_train 1.000000 f1_train 1.000000 psl_cor 0 psl_totl 0 pslt_global 0.700000  Tim 0:21:08
acc_train_cw [1.0, 1.0, 1.0, 1.0, 1.0, 1.0, 1.0]
cw_psl_eval:  [0, 0, 0, 0, 0, 0, 0] [0, 0, 0, 0, 0, 0, 0]
psl_acc: None cw_psl_acc:  [nan, nan, nan, nan, nan, nan, nan]
line 681 - total_unsup_loss_nets [tensor(0., device='cuda:0')]

line 257 => epoch 28
line 303 => train data수 70
line 258 => 인스턴스 수 10
=======test_loader=======
=======dev_loader=======
=======train_labeled_loader=======
=======finish=======
>>Epoch 28 Step 280 acc_test 0.370143 f1_test 0.357971 acc_val 0.327198 f1_val 0.328652 acc_train 1.000000 f1_train 1.000000 psl_cor 0 psl_totl 0 pslt_global 0.700000  Tim 0:21:38
acc_train_cw [1.0, 1.0, 1.0, 1.0, 1.0, 1.0, 1.0]
cw_psl_eval:  [0, 0, 0, 0, 0, 0, 0] [0, 0, 0, 0, 0, 0, 0]
psl_acc: None cw_psl_acc:  [nan, nan, nan, nan, nan, nan, nan]
line 681 - total_unsup_loss_nets [tensor(0., device='cuda:0')]

line 257 => epoch 29
line 303 => train data수 70
line 258 => 인스턴스 수 10
=======test_loader=======
=======dev_loader=======
=======train_labeled_loader=======
=======finish=======
>>Epoch 29 Step 290 acc_test 0.370143 f1_test 0.362960 acc_val 0.341513 f1_val 0.342429 acc_train 1.000000 f1_train 1.000000 psl_cor 0 psl_totl 0 pslt_global 0.700000  Tim 0:22:07
acc_train_cw [1.0, 1.0, 1.0, 1.0, 1.0, 1.0, 1.0]
cw_psl_eval:  [0, 0, 0, 0, 0, 0, 0] [0, 0, 0, 0, 0, 0, 0]
psl_acc: None cw_psl_acc:  [nan, nan, nan, nan, nan, nan, nan]
line 681 - total_unsup_loss_nets [tensor(0., device='cuda:0')]

line 257 => epoch 30
line 303 => train data수 70
line 258 => 인스턴스 수 10
=======test_loader=======
=======dev_loader=======
=======train_labeled_loader=======
=======finish=======
>>Epoch 30 Step 300 acc_test 0.378323 f1_test 0.367260 acc_val 0.337423 f1_val 0.338358 acc_train 1.000000 f1_train 1.000000 psl_cor 0 psl_totl 0 pslt_global 0.700000  Tim 0:22:37
acc_train_cw [1.0, 1.0, 1.0, 1.0, 1.0, 1.0, 1.0]
cw_psl_eval:  [0, 0, 0, 0, 0, 0, 0] [0, 0, 0, 0, 0, 0, 0]
psl_acc: None cw_psl_acc:  [nan, nan, nan, nan, nan, nan, nan]
line 681 - total_unsup_loss_nets [tensor(0., device='cuda:0')]

line 257 => epoch 31
line 303 => train data수 70
line 258 => 인스턴스 수 10
=======test_loader=======
=======dev_loader=======
=======train_labeled_loader=======
=======finish=======
>>Epoch 31 Step 310 acc_test 0.376278 f1_test 0.366999 acc_val 0.331288 f1_val 0.331804 acc_train 1.000000 f1_train 1.000000 psl_cor 0 psl_totl 0 pslt_global 0.700000  Tim 0:23:07
acc_train_cw [1.0, 1.0, 1.0, 1.0, 1.0, 1.0, 1.0]
cw_psl_eval:  [0, 0, 0, 0, 0, 0, 0] [0, 0, 0, 0, 0, 0, 0]
psl_acc: None cw_psl_acc:  [nan, nan, nan, nan, nan, nan, nan]
line 681 - total_unsup_loss_nets [tensor(0., device='cuda:0')]

line 257 => epoch 32
line 303 => train data수 70
line 258 => 인스턴스 수 10
=======test_loader=======
=======dev_loader=======
=======train_labeled_loader=======
=======finish=======
>>Epoch 32 Step 320 acc_test 0.368098 f1_test 0.360460 acc_val 0.331288 f1_val 0.333913 acc_train 1.000000 f1_train 1.000000 psl_cor 0 psl_totl 0 pslt_global 0.700000  Tim 0:23:37
acc_train_cw [1.0, 1.0, 1.0, 1.0, 1.0, 1.0, 1.0]
cw_psl_eval:  [0, 0, 0, 0, 0, 0, 0] [0, 0, 0, 0, 0, 0, 0]
psl_acc: None cw_psl_acc:  [nan, nan, nan, nan, nan, nan, nan]
line 681 - total_unsup_loss_nets [tensor(0., device='cuda:0')]

line 257 => epoch 33
line 303 => train data수 70
line 258 => 인스턴스 수 10
=======test_loader=======
=======dev_loader=======
=======train_labeled_loader=======
=======finish=======
>>Epoch 33 Step 330 acc_test 0.396728 f1_test 0.387056 acc_val 0.331288 f1_val 0.331310 acc_train 1.000000 f1_train 1.000000 psl_cor 0 psl_totl 0 pslt_global 0.700000  Tim 0:24:07
acc_train_cw [1.0, 1.0, 1.0, 1.0, 1.0, 1.0, 1.0]
cw_psl_eval:  [0, 0, 0, 0, 0, 0, 0] [0, 0, 0, 0, 0, 0, 0]
psl_acc: None cw_psl_acc:  [nan, nan, nan, nan, nan, nan, nan]
line 681 - total_unsup_loss_nets [tensor(0., device='cuda:0')]

line 257 => epoch 34
line 303 => train data수 70
line 258 => 인스턴스 수 10
=======test_loader=======
=======dev_loader=======
=======train_labeled_loader=======
=======finish=======
>>Epoch 34 Step 340 acc_test 0.392638 f1_test 0.379085 acc_val 0.329243 f1_val 0.326234 acc_train 1.000000 f1_train 1.000000 psl_cor 0 psl_totl 0 pslt_global 0.700000  Tim 0:24:36
acc_train_cw [1.0, 1.0, 1.0, 1.0, 1.0, 1.0, 1.0]
cw_psl_eval:  [0, 0, 0, 0, 0, 0, 0] [0, 0, 0, 0, 0, 0, 0]
psl_acc: None cw_psl_acc:  [nan, nan, nan, nan, nan, nan, nan]
Early stopping trigger at step:  340
Best model at step:  240
**조기종료됨**
line 681 - total_unsup_loss_nets [tensor(0., device='cuda:0')]
종료된 epoch시점 :  35 (epoch - 11에서부터 acc_val증가 안됨.)
조기종료 early_stop_flag 

Training complete!
Total training took 0:24:54 (h:mm:ss)
Load model from ./experiment/test/output/model_net0.pth
Save training statistics in:  ./experiment/test/log/20240326-124548/0/training_statistics.csv

Best_step:  240 
best_test_acc:  0.3783231083844581 
best_test_f1:  0.3645315158230414
Save best record in:  ./experiment/test/log/20240326-124548/summary.csv
Save best record in:  ./experiment/test/log/summary_avgrun.csv
