current work directory:  /home/imsuhan22/few-shot-tc/JointMatch_SSL/codebert/code

**data_path**:  ../data/../data_split(java)

There are 1 GPU(s) available.
We will use the GPU- 0 NVIDIA GeForce RTX 3090
n_labeled_per_class:  5
train_df samples: 3911
train_labeled_df samples: 35
train_unlabeled_df samples: 3876
n_classes:  7
**line 147 모델** =>  microsoft/unixcoder-base
net_arch:  microsoft/unixcoder-base lr:  1e-05

line 257 => epoch 0
line 303 => train data수 35
line 258 => 인스턴스 수 5
=======test_loader=======
=======dev_loader=======
=======train_labeled_loader=======
=======finish=======
>>Epoch 0 Step 0 acc_test 0.157464 f1_test 0.124581 acc_val 0.134969 f1_val 0.097237 acc_train 0.114286 f1_train 0.075397 psl_cor 0 psl_totl 0 pslt_global 0.000000  Tim 0:00:10
acc_train_cw [0.0, 0.0, 0.2, 0.0, 0.2, 0.4, 0.0]
cw_psl_eval:  [0, 0, 0, 0, 0, 0, 0] [0, 0, 0, 0, 0, 0, 0]
psl_acc: None cw_psl_acc:  [nan, nan, nan, nan, nan, nan, nan]
Save model to ./experiment/test/output/
line 681 - total_unsup_loss_nets [tensor(0., device='cuda:0')]

tokenizer RobertaTokenizerFast(name_or_path='microsoft/unixcoder-base', vocab_size=51416, model_max_length=1000000000000000019884624838656, is_fast=True, padding_side='right', truncation_side='right', special_tokens={'bos_token': '<s>', 'eos_token': '</s>', 'unk_token': '<unk>', 'sep_token': '</s>', 'pad_token': '<pad>', 'cls_token': '<s>', 'mask_token': '<mask>'}, clean_up_tokenization_spaces=True),  added_tokens_decoder={
	0: AddedToken("<s>", rstrip=False, lstrip=False, single_word=False, normalized=True, special=True),
	1: AddedToken("<pad>", rstrip=False, lstrip=False, single_word=False, normalized=True, special=True),
	2: AddedToken("</s>", rstrip=False, lstrip=False, single_word=False, normalized=True, special=True),
	3: AddedToken("<unk>", rstrip=False, lstrip=False, single_word=False, normalized=True, special=True),
	4: AddedToken("<mask>", rstrip=False, lstrip=True, single_word=False, normalized=True, special=True),
} 


line 257 => epoch 1
line 303 => train data수 35
line 258 => 인스턴스 수 5
=======test_loader=======
=======dev_loader=======
=======train_labeled_loader=======
=======finish=======
>>Epoch 1 Step 5 acc_test 0.161554 f1_test 0.119617 acc_val 0.163599 f1_val 0.126697 acc_train 0.314286 f1_train 0.224603 psl_cor 0 psl_totl 0 pslt_global 7.000000  Tim 0:00:41
acc_train_cw [0.0, 0.0, 0.4, 0.6, 0.2, 1.0, 0.0]
cw_psl_eval:  [0, 0, 0, 0, 0, 0, 0] [0, 0, 0, 0, 0, 0, 0]
psl_acc: None cw_psl_acc:  [nan, nan, nan, nan, nan, nan, nan]
Save model to ./experiment/test/output/
line 681 - total_unsup_loss_nets [tensor(0., device='cuda:0')]

line 257 => epoch 2
line 303 => train data수 35
line 258 => 인스턴스 수 5
=======test_loader=======
=======dev_loader=======
=======train_labeled_loader=======
=======finish=======
>>Epoch 2 Step 10 acc_test 0.208589 f1_test 0.174574 acc_val 0.235174 f1_val 0.214369 acc_train 0.457143 f1_train 0.431853 psl_cor 0 psl_totl 0 pslt_global 7.000000  Tim 0:01:17
acc_train_cw [0.6, 0.2, 0.4, 0.8, 0.4, 0.8, 0.0]
cw_psl_eval:  [0, 0, 0, 0, 0, 0, 0] [0, 0, 0, 0, 0, 0, 0]
psl_acc: None cw_psl_acc:  [nan, nan, nan, nan, nan, nan, nan]
Save model to ./experiment/test/output/
line 681 - total_unsup_loss_nets [tensor(0., device='cuda:0')]

line 257 => epoch 3
line 303 => train data수 35
line 258 => 인스턴스 수 5
=======test_loader=======
=======dev_loader=======
=======train_labeled_loader=======
=======finish=======
>>Epoch 3 Step 15 acc_test 0.233129 f1_test 0.207722 acc_val 0.222904 f1_val 0.196889 acc_train 0.714286 f1_train 0.687126 psl_cor 0 psl_totl 0 pslt_global 7.000000  Tim 0:01:56
acc_train_cw [0.4, 1.0, 0.2, 1.0, 0.6, 1.0, 0.8]
cw_psl_eval:  [0, 0, 0, 0, 0, 0, 0] [0, 0, 0, 0, 0, 0, 0]
psl_acc: None cw_psl_acc:  [nan, nan, nan, nan, nan, nan, nan]
line 681 - total_unsup_loss_nets [tensor(0., device='cuda:0')]

line 257 => epoch 4
line 303 => train data수 35
line 258 => 인스턴스 수 5
=======test_loader=======
=======dev_loader=======
