current work directory:  /home/imsuhan22/few-shot-tc/custom_ssl/code

bs for corcod =>  7
Data set -> jointmatch
save_name: 5_['codet5p', 'codet5p']_[0.0003, 0.00025]_0.7_jointmatch_20_[43]_{'corcode'}

data_path:  ../data/jointmatch/corcode

There are 1 GPU(s) available.
We will use the GPU- 0 Quadro RTX 8000

**line 107 모델 =>  ['Salesforce/codet5p-110m-embedding', 'Salesforce/codet5p-110m-embedding']
**tokenizer type =  ['Salesforce/codet5p-110m-embedding', 'Salesforce/codet5p-110m-embedding'] 

n_labeled_per_class:  5
train_df samples: 739
train_labeled_df samples: 25
train_unlabeled_df samples: 714
Check n_smaples_per_class in the original training set:  OrderedDict([(1, 121), (2, 44), (3, 306), (4, 114), (5, 154)])
Check n_smaples_per_class in the labeled training set:  OrderedDict([(1, 5), (2, 5), (3, 5), (4, 5), (5, 5)])
Check n_smaples_per_class in the unlabeled training set:  OrderedDict([(1, 116), (2, 39), (3, 301), (4, 109), (5, 149)])
n_classes:  5

net_arch:  Salesforce/codet5p-110m-embedding 
lr:  0.0003 
lr_linear:  0.001 


net_arch:  Salesforce/codet5p-110m-embedding 
lr:  0.00025 
lr_linear:  0.001 

