current work directory:  /home/imsuhan22/few-shot-tc/custom_ssl/code
Data set -> jointmatch
save_name: 5_['unixcoder', 'unixcoder']_[0.0004, 0.0002]_0.7_jointmatch_37_[42]_{'jointmatch'}

data_path:  ../data/jointmatch/corcode

There are 2 GPU(s) available.
We will use the GPU- 0 Quadro RTX 8000

**line 107 모델 =>  ['microsoft/unixcoder-base', 'microsoft/unixcoder-base']
**tokenizer type =  ['microsoft/unixcoder-base', 'microsoft/unixcoder-base'] 

n_labeled_per_class:  5
train_df samples: 739
train_labeled_df samples: 25
train_unlabeled_df samples: 714
Check n_smaples_per_class in the original training set:  {3: 306, 5: 154, 1: 121, 4: 114, 2: 44}
Check n_smaples_per_class in the labeled training set:  {2: 5, 3: 5, 5: 5, 1: 5, 4: 5}
Check n_smaples_per_class in the unlabeled training set:  {3: 301, 5: 149, 1: 116, 4: 109, 2: 39}
n_classes:  5

net_arch:  microsoft/unixcoder-base 
lr:  0.0004 
lr_linear:  0.001 


net_arch:  microsoft/unixcoder-base 
lr:  0.0002 
lr_linear:  0.001 


acc_train_cw(현재 train의 class별 acc) [0.0, 0.0, 1.0, 0.0, 0.0]
cw_psl_total_eval(pseudo label 클래스별 총 샘플 수):  [0, 0, 0, 0, 0]
cw_psl_correct_eval(pseudo label 클래스별 맞은 샘플 수):  [0, 0, 0, 0, 0]
psl_acc(PSL 평가에서의 정확도): None 
cw_psl_acc(클래스별 PSL 평가에서의 정확도):  [nan, nan, nan, nan, nan]
Save model to ./experiment/jointmatch/output/
loss for labeled data =>  tensor(1.0158, device='cuda:0', grad_fn=<NllLossBackward0>)
loss for labeled data =>  tensor(1.3703, device='cuda:0', grad_fn=<NllLossBackward0>)
Epoch 1/37, Train Acc: 0.2000, Val Acc: 0.4184, Test Acc: 0.3158, Test F1(macro): 0.1017, Total Pseudo-Labels: 7, Correct Pseudo-Labels: 3

acc_train_cw(현재 train의 class별 acc) [0.0, 0.0, 1.0, 0.0, 0.0]
cw_psl_total_eval(pseudo label 클래스별 총 샘플 수):  [0, 0, 67, 0, 0]
cw_psl_correct_eval(pseudo label 클래스별 맞은 샘플 수):  [0, 0, 31, 0, 0]
psl_acc(PSL 평가에서의 정확도):  0.463 
cw_psl_acc(클래스별 PSL 평가에서의 정확도):  [nan, nan, 0.46268656849861145, nan, nan]
Save model to ./experiment/jointmatch/output/
loss for labeled data =>  tensor(10.1207, device='cuda:0', grad_fn=<NllLossBackward0>)
loss for labeled data =>  tensor(8.1255, device='cuda:0', grad_fn=<NllLossBackward0>)
Epoch 2/37, Train Acc: 0.2000, Val Acc: 0.4490, Test Acc: 0.3579, Test F1(macro): 0.1054, Total Pseudo-Labels: 7, Correct Pseudo-Labels: 5

acc_train_cw(현재 train의 class별 acc) [0.0, 0.0, 1.0, 0.0, 0.0]
cw_psl_total_eval(pseudo label 클래스별 총 샘플 수):  [0, 0, 68, 0, 0]
cw_psl_correct_eval(pseudo label 클래스별 맞은 샘플 수):  [0, 0, 28, 0, 0]
psl_acc(PSL 평가에서의 정확도):  0.412 
cw_psl_acc(클래스별 PSL 평가에서의 정확도):  [nan, nan, 0.4117647111415863, nan, nan]
loss for labeled data =>  tensor(7.6026, device='cuda:0', grad_fn=<NllLossBackward0>)
loss for labeled data =>  tensor(5.0699, device='cuda:0', grad_fn=<NllLossBackward0>)
Epoch 3/37, Train Acc: 0.2000, Val Acc: 0.4490, Test Acc: 0.3579, Test F1(macro): 0.1054, Total Pseudo-Labels: 7, Correct Pseudo-Labels: 0

acc_train_cw(현재 train의 class별 acc) [0.0, 1.0, 0.0, 0.0, 0.0]
cw_psl_total_eval(pseudo label 클래스별 총 샘플 수):  [0, 50, 13, 0, 0]
cw_psl_correct_eval(pseudo label 클래스별 맞은 샘플 수):  [0, 5, 4, 0, 0]
psl_acc(PSL 평가에서의 정확도):  0.143 
cw_psl_acc(클래스별 PSL 평가에서의 정확도):  [nan, 0.10000000149011612, 0.3076923191547394, nan, nan]
loss for labeled data =>  tensor(5.2591, device='cuda:0', grad_fn=<NllLossBackward0>)
loss for labeled data =>  tensor(5.5147, device='cuda:0', grad_fn=<NllLossBackward0>)
Epoch 4/37, Train Acc: 0.2000, Val Acc: 0.0612, Test Acc: 0.0526, Test F1(macro): 0.0200, Total Pseudo-Labels: 7, Correct Pseudo-Labels: 1

acc_train_cw(현재 train의 class별 acc) [0.0, 1.0, 0.0, 0.0, 0.0]
cw_psl_total_eval(pseudo label 클래스별 총 샘플 수):  [0, 60, 0, 0, 0]
cw_psl_correct_eval(pseudo label 클래스별 맞은 샘플 수):  [0, 2, 0, 0, 0]
psl_acc(PSL 평가에서의 정확도):  0.033 
cw_psl_acc(클래스별 PSL 평가에서의 정확도):  [nan, 0.03333333507180214, nan, nan, nan]
loss for labeled data =>  tensor(2.7674, device='cuda:0', grad_fn=<NllLossBackward0>)
loss for labeled data =>  tensor(2.2540, device='cuda:0', grad_fn=<NllLossBackward0>)
Epoch 5/37, Train Acc: 0.2000, Val Acc: 0.0612, Test Acc: 0.0526, Test F1(macro): 0.0200, Total Pseudo-Labels: 7, Correct Pseudo-Labels: 0

acc_train_cw(현재 train의 class별 acc) [0.0, 0.0, 0.0, 0.0, 1.0]
cw_psl_total_eval(pseudo label 클래스별 총 샘플 수):  [0, 14, 0, 0, 41]
cw_psl_correct_eval(pseudo label 클래스별 맞은 샘플 수):  [0, 2, 0, 0, 7]
psl_acc(PSL 평가에서의 정확도):  0.164 
cw_psl_acc(클래스별 PSL 평가에서의 정확도):  [nan, 0.1428571492433548, nan, nan, 0.17073170840740204]
loss for labeled data =>  tensor(0.1052, device='cuda:0', grad_fn=<NllLossBackward0>)
loss for labeled data =>  tensor(0.0758, device='cuda:0', grad_fn=<NllLossBackward0>)
Epoch 6/37, Train Acc: 0.2000, Val Acc: 0.2449, Test Acc: 0.2316, Test F1(macro): 0.0752, Total Pseudo-Labels: 7, Correct Pseudo-Labels: 2

acc_train_cw(현재 train의 class별 acc) [0.0, 0.0, 0.0, 0.0, 1.0]
cw_psl_total_eval(pseudo label 클래스별 총 샘플 수):  [0, 0, 0, 0, 70]
cw_psl_correct_eval(pseudo label 클래스별 맞은 샘플 수):  [0, 0, 0, 0, 17]
psl_acc(PSL 평가에서의 정확도):  0.243 
cw_psl_acc(클래스별 PSL 평가에서의 정확도):  [nan, nan, nan, nan, 0.24285714328289032]
loss for labeled data =>  tensor(7.7428, device='cuda:0', grad_fn=<NllLossBackward0>)
loss for labeled data =>  tensor(6.5619, device='cuda:0', grad_fn=<NllLossBackward0>)
Epoch 7/37, Train Acc: 0.2000, Val Acc: 0.2449, Test Acc: 0.2316, Test F1(macro): 0.0752, Total Pseudo-Labels: 7, Correct Pseudo-Labels: 2

acc_train_cw(현재 train의 class별 acc) [0.0, 0.0, 0.0, 0.0, 1.0]
cw_psl_total_eval(pseudo label 클래스별 총 샘플 수):  [0, 0, 0, 0, 70]
cw_psl_correct_eval(pseudo label 클래스별 맞은 샘플 수):  [0, 0, 0, 0, 17]
psl_acc(PSL 평가에서의 정확도):  0.243 
cw_psl_acc(클래스별 PSL 평가에서의 정확도):  [nan, nan, nan, nan, 0.24285714328289032]
loss for labeled data =>  tensor(4.6455, device='cuda:0', grad_fn=<NllLossBackward0>)
loss for labeled data =>  tensor(4.2350, device='cuda:0', grad_fn=<NllLossBackward0>)
Epoch 8/37, Train Acc: 0.2000, Val Acc: 0.2449, Test Acc: 0.2316, Test F1(macro): 0.0752, Total Pseudo-Labels: 7, Correct Pseudo-Labels: 2

acc_train_cw(현재 train의 class별 acc) [1.0, 0.0, 0.0, 0.0, 0.0]
cw_psl_total_eval(pseudo label 클래스별 총 샘플 수):  [31, 0, 12, 1, 12]
cw_psl_correct_eval(pseudo label 클래스별 맞은 샘플 수):  [5, 0, 6, 0, 4]
psl_acc(PSL 평가에서의 정확도):  0.268 
cw_psl_acc(클래스별 PSL 평가에서의 정확도):  [0.16129031777381897, nan, 0.5, 0.0, 0.3333333432674408]
loss for labeled data =>  tensor(7.6662, device='cuda:0', grad_fn=<NllLossBackward0>)
loss for labeled data =>  tensor(2.3898, device='cuda:0', grad_fn=<NllLossBackward0>)
Epoch 9/37, Train Acc: 0.2000, Val Acc: 0.1020, Test Acc: 0.1263, Test F1(macro): 0.0449, Total Pseudo-Labels: 7, Correct Pseudo-Labels: 5

acc_train_cw(현재 train의 class별 acc) [0.0, 0.0, 1.0, 0.0, 0.0]
cw_psl_total_eval(pseudo label 클래스별 총 샘플 수):  [4, 0, 56, 0, 0]
cw_psl_correct_eval(pseudo label 클래스별 맞은 샘플 수):  [0, 0, 30, 0, 0]
psl_acc(PSL 평가에서의 정확도):  0.5 
cw_psl_acc(클래스별 PSL 평가에서의 정확도):  [0.0, nan, 0.5357142686843872, nan, nan]
loss for labeled data =>  tensor(6.1350, device='cuda:0', grad_fn=<NllLossBackward0>)
loss for labeled data =>  tensor(5.3586, device='cuda:0', grad_fn=<NllLossBackward0>)
Epoch 10/37, Train Acc: 0.2000, Val Acc: 0.4490, Test Acc: 0.3579, Test F1(macro): 0.1054, Total Pseudo-Labels: 6, Correct Pseudo-Labels: 2

acc_train_cw(현재 train의 class별 acc) [0.0, 0.0, 1.0, 0.0, 0.0]
cw_psl_total_eval(pseudo label 클래스별 총 샘플 수):  [0, 8, 41, 0, 0]
cw_psl_correct_eval(pseudo label 클래스별 맞은 샘플 수):  [0, 0, 15, 0, 0]
psl_acc(PSL 평가에서의 정확도):  0.306 
cw_psl_acc(클래스별 PSL 평가에서의 정확도):  [nan, 0.0, 0.3658536672592163, nan, nan]
loss for labeled data =>  tensor(0.0565, device='cuda:0', grad_fn=<NllLossBackward0>)
loss for labeled data =>  tensor(0.2079, device='cuda:0', grad_fn=<NllLossBackward0>)
Epoch 11/37, Train Acc: 0.2000, Val Acc: 0.4490, Test Acc: 0.3579, Test F1(macro): 0.1054, Total Pseudo-Labels: 7, Correct Pseudo-Labels: 3

acc_train_cw(현재 train의 class별 acc) [0.0, 0.0, 1.0, 0.0, 0.0]
cw_psl_total_eval(pseudo label 클래스별 총 샘플 수):  [0, 0, 70, 0, 0]
cw_psl_correct_eval(pseudo label 클래스별 맞은 샘플 수):  [0, 0, 28, 0, 0]
psl_acc(PSL 평가에서의 정확도):  0.4 
cw_psl_acc(클래스별 PSL 평가에서의 정확도):  [nan, nan, 0.4000000059604645, nan, nan]
loss for labeled data =>  tensor(8.9191, device='cuda:0', grad_fn=<NllLossBackward0>)
loss for labeled data =>  tensor(7.3578, device='cuda:0', grad_fn=<NllLossBackward0>)
Epoch 12/37, Train Acc: 0.2000, Val Acc: 0.4490, Test Acc: 0.3579, Test F1(macro): 0.1054, Total Pseudo-Labels: 7, Correct Pseudo-Labels: 3

acc_train_cw(현재 train의 class별 acc) [0.0, 0.0, 1.0, 0.0, 0.0]
cw_psl_total_eval(pseudo label 클래스별 총 샘플 수):  [0, 0, 65, 0, 0]
cw_psl_correct_eval(pseudo label 클래스별 맞은 샘플 수):  [0, 0, 25, 0, 0]
psl_acc(PSL 평가에서의 정확도):  0.385 
cw_psl_acc(클래스별 PSL 평가에서의 정확도):  [nan, nan, 0.38461539149284363, nan, nan]
loss for labeled data =>  tensor(5.0836, device='cuda:0', grad_fn=<NllLossBackward0>)
loss for labeled data =>  tensor(2.9209, device='cuda:0', grad_fn=<NllLossBackward0>)
Epoch 13/37, Train Acc: 0.2000, Val Acc: 0.4490, Test Acc: 0.3579, Test F1(macro): 0.1054, Total Pseudo-Labels: 6, Correct Pseudo-Labels: 3

acc_train_cw(현재 train의 class별 acc) [0.0, 0.0, 1.0, 0.0, 0.0]
cw_psl_total_eval(pseudo label 클래스별 총 샘플 수):  [0, 0, 60, 0, 0]
cw_psl_correct_eval(pseudo label 클래스별 맞은 샘플 수):  [0, 0, 25, 0, 0]
psl_acc(PSL 평가에서의 정확도):  0.417 
cw_psl_acc(클래스별 PSL 평가에서의 정확도):  [nan, nan, 0.4166666567325592, nan, nan]
loss for labeled data =>  tensor(0.3217, device='cuda:0', grad_fn=<NllLossBackward0>)
loss for labeled data =>  tensor(0.1564, device='cuda:0', grad_fn=<NllLossBackward0>)
Epoch 14/37, Train Acc: 0.2000, Val Acc: 0.4490, Test Acc: 0.3579, Test F1(macro): 0.1054, Total Pseudo-Labels: 7, Correct Pseudo-Labels: 5

acc_train_cw(현재 train의 class별 acc) [0.0, 0.0, 1.0, 0.0, 0.0]
cw_psl_total_eval(pseudo label 클래스별 총 샘플 수):  [0, 0, 70, 0, 0]
cw_psl_correct_eval(pseudo label 클래스별 맞은 샘플 수):  [0, 0, 26, 0, 0]
psl_acc(PSL 평가에서의 정확도):  0.371 
cw_psl_acc(클래스별 PSL 평가에서의 정확도):  [nan, nan, 0.37142857909202576, nan, nan]
loss for labeled data =>  tensor(2.9530, device='cuda:0', grad_fn=<NllLossBackward0>)
loss for labeled data =>  tensor(4.2636, device='cuda:0', grad_fn=<NllLossBackward0>)
Epoch 15/37, Train Acc: 0.2000, Val Acc: 0.4490, Test Acc: 0.3579, Test F1(macro): 0.1054, Total Pseudo-Labels: 4, Correct Pseudo-Labels: 2

acc_train_cw(현재 train의 class별 acc) [0.0, 0.0, 1.0, 0.0, 0.0]
cw_psl_total_eval(pseudo label 클래스별 총 샘플 수):  [0, 0, 57, 0, 0]
cw_psl_correct_eval(pseudo label 클래스별 맞은 샘플 수):  [0, 0, 33, 0, 0]
psl_acc(PSL 평가에서의 정확도):  0.579 
cw_psl_acc(클래스별 PSL 평가에서의 정확도):  [nan, nan, 0.5789473652839661, nan, nan]
loss for labeled data =>  tensor(1.2816, device='cuda:0', grad_fn=<NllLossBackward0>)
loss for labeled data =>  tensor(1.7690, device='cuda:0', grad_fn=<NllLossBackward0>)
Epoch 16/37, Train Acc: 0.2000, Val Acc: 0.4490, Test Acc: 0.3579, Test F1(macro): 0.1054, Total Pseudo-Labels: 7, Correct Pseudo-Labels: 0

acc_train_cw(현재 train의 class별 acc) [0.0, 1.0, 0.0, 0.0, 0.0]
cw_psl_total_eval(pseudo label 클래스별 총 샘플 수):  [0, 36, 3, 0, 0]
cw_psl_correct_eval(pseudo label 클래스별 맞은 샘플 수):  [0, 2, 1, 0, 0]
psl_acc(PSL 평가에서의 정확도):  0.077 
cw_psl_acc(클래스별 PSL 평가에서의 정확도):  [nan, 0.0555555559694767, 0.3333333432674408, nan, nan]
loss for labeled data =>  tensor(0.1109, device='cuda:0', grad_fn=<NllLossBackward0>)
loss for labeled data =>  tensor(0.2030, device='cuda:0', grad_fn=<NllLossBackward0>)
Epoch 17/37, Train Acc: 0.2000, Val Acc: 0.0612, Test Acc: 0.0526, Test F1(macro): 0.0200, Total Pseudo-Labels: 7, Correct Pseudo-Labels: 0

acc_train_cw(현재 train의 class별 acc) [0.0, 1.0, 0.0, 0.0, 0.0]
cw_psl_total_eval(pseudo label 클래스별 총 샘플 수):  [0, 70, 0, 0, 0]
cw_psl_correct_eval(pseudo label 클래스별 맞은 샘플 수):  [0, 3, 0, 0, 0]
psl_acc(PSL 평가에서의 정확도):  0.043 
cw_psl_acc(클래스별 PSL 평가에서의 정확도):  [nan, 0.04285714402794838, nan, nan, nan]
loss for labeled data =>  tensor(8.7910, device='cuda:0', grad_fn=<NllLossBackward0>)
loss for labeled data =>  tensor(5.7637, device='cuda:0', grad_fn=<NllLossBackward0>)
Epoch 18/37, Train Acc: 0.2000, Val Acc: 0.0612, Test Acc: 0.0526, Test F1(macro): 0.0200, Total Pseudo-Labels: 7, Correct Pseudo-Labels: 0

acc_train_cw(현재 train의 class별 acc) [0.0, 1.0, 0.0, 0.0, 0.0]
cw_psl_total_eval(pseudo label 클래스별 총 샘플 수):  [0, 70, 0, 0, 0]
cw_psl_correct_eval(pseudo label 클래스별 맞은 샘플 수):  [0, 6, 0, 0, 0]
psl_acc(PSL 평가에서의 정확도):  0.086 
cw_psl_acc(클래스별 PSL 평가에서의 정확도):  [nan, 0.08571428805589676, nan, nan, nan]
loss for labeled data =>  tensor(0.0509, device='cuda:0', grad_fn=<NllLossBackward0>)
loss for labeled data =>  tensor(0.2398, device='cuda:0', grad_fn=<NllLossBackward0>)
Epoch 19/37, Train Acc: 0.2000, Val Acc: 0.0612, Test Acc: 0.0526, Test F1(macro): 0.0200, Total Pseudo-Labels: 7, Correct Pseudo-Labels: 1

acc_train_cw(현재 train의 class별 acc) [0.0, 1.0, 0.0, 0.0, 0.0]
cw_psl_total_eval(pseudo label 클래스별 총 샘플 수):  [0, 70, 0, 0, 0]
cw_psl_correct_eval(pseudo label 클래스별 맞은 샘플 수):  [0, 5, 0, 0, 0]
psl_acc(PSL 평가에서의 정확도):  0.071 
cw_psl_acc(클래스별 PSL 평가에서의 정확도):  [nan, 0.0714285746216774, nan, nan, nan]
loss for labeled data =>  tensor(0.0631, device='cuda:0', grad_fn=<NllLossBackward0>)
loss for labeled data =>  tensor(0.1780, device='cuda:0', grad_fn=<NllLossBackward0>)
Epoch 20/37, Train Acc: 0.2000, Val Acc: 0.0612, Test Acc: 0.0526, Test F1(macro): 0.0200, Total Pseudo-Labels: 7, Correct Pseudo-Labels: 2

acc_train_cw(현재 train의 class별 acc) [0.0, 1.0, 0.0, 0.0, 0.0]
cw_psl_total_eval(pseudo label 클래스별 총 샘플 수):  [0, 70, 0, 0, 0]
cw_psl_correct_eval(pseudo label 클래스별 맞은 샘플 수):  [0, 8, 0, 0, 0]
psl_acc(PSL 평가에서의 정확도):  0.114 
cw_psl_acc(클래스별 PSL 평가에서의 정확도):  [nan, 0.11428571492433548, nan, nan, nan]
loss for labeled data =>  tensor(7.5105, device='cuda:0', grad_fn=<NllLossBackward0>)
loss for labeled data =>  tensor(7.1588, device='cuda:0', grad_fn=<NllLossBackward0>)
Epoch 21/37, Train Acc: 0.2000, Val Acc: 0.0612, Test Acc: 0.0526, Test F1(macro): 0.0200, Total Pseudo-Labels: 7, Correct Pseudo-Labels: 3

acc_train_cw(현재 train의 class별 acc) [0.0, 1.0, 0.0, 0.0, 0.0]
cw_psl_total_eval(pseudo label 클래스별 총 샘플 수):  [0, 70, 0, 0, 0]
cw_psl_correct_eval(pseudo label 클래스별 맞은 샘플 수):  [0, 4, 0, 0, 0]
psl_acc(PSL 평가에서의 정확도):  0.057 
cw_psl_acc(클래스별 PSL 평가에서의 정확도):  [nan, 0.05714285746216774, nan, nan, nan]
loss for labeled data =>  tensor(2.3914, device='cuda:0', grad_fn=<NllLossBackward0>)
loss for labeled data =>  tensor(2.4443, device='cuda:0', grad_fn=<NllLossBackward0>)
Epoch 22/37, Train Acc: 0.2000, Val Acc: 0.0612, Test Acc: 0.0526, Test F1(macro): 0.0200, Total Pseudo-Labels: 7, Correct Pseudo-Labels: 0

acc_train_cw(현재 train의 class별 acc) [1.0, 0.0, 0.0, 0.0, 0.0]
cw_psl_total_eval(pseudo label 클래스별 총 샘플 수):  [56, 2, 0, 0, 0]
cw_psl_correct_eval(pseudo label 클래스별 맞은 샘플 수):  [13, 0, 0, 0, 0]
psl_acc(PSL 평가에서의 정확도):  0.224 
cw_psl_acc(클래스별 PSL 평가에서의 정확도):  [0.2321428507566452, 0.0, nan, nan, nan]
loss for labeled data =>  tensor(6.8401, device='cuda:0', grad_fn=<NllLossBackward0>)
loss for labeled data =>  tensor(5.4188, device='cuda:0', grad_fn=<NllLossBackward0>)
Epoch 23/37, Train Acc: 0.2000, Val Acc: 0.1020, Test Acc: 0.1263, Test F1(macro): 0.0449, Total Pseudo-Labels: 5, Correct Pseudo-Labels: 1

acc_train_cw(현재 train의 class별 acc) [1.0, 0.0, 0.0, 0.0, 0.0]
cw_psl_total_eval(pseudo label 클래스별 총 샘플 수):  [60, 0, 0, 0, 0]
cw_psl_correct_eval(pseudo label 클래스별 맞은 샘플 수):  [17, 0, 0, 0, 0]
psl_acc(PSL 평가에서의 정확도):  0.283 
cw_psl_acc(클래스별 PSL 평가에서의 정확도):  [0.28333333134651184, nan, nan, nan, nan]
loss for labeled data =>  tensor(2.9126, device='cuda:0', grad_fn=<NllLossBackward0>)
loss for labeled data =>  tensor(4.7205, device='cuda:0', grad_fn=<NllLossBackward0>)
Epoch 24/37, Train Acc: 0.2000, Val Acc: 0.1020, Test Acc: 0.1263, Test F1(macro): 0.0449, Total Pseudo-Labels: 7, Correct Pseudo-Labels: 2

acc_train_cw(현재 train의 class별 acc) [1.0, 0.0, 0.0, 0.0, 0.0]
cw_psl_total_eval(pseudo label 클래스별 총 샘플 수):  [51, 0, 0, 0, 0]
cw_psl_correct_eval(pseudo label 클래스별 맞은 샘플 수):  [12, 0, 0, 0, 0]
psl_acc(PSL 평가에서의 정확도):  0.235 
cw_psl_acc(클래스별 PSL 평가에서의 정확도):  [0.23529411852359772, nan, nan, nan, nan]
loss for labeled data =>  tensor(2.2584, device='cuda:0', grad_fn=<NllLossBackward0>)
loss for labeled data =>  tensor(2.3162, device='cuda:0', grad_fn=<NllLossBackward0>)
Epoch 25/37, Train Acc: 0.2000, Val Acc: 0.1020, Test Acc: 0.1263, Test F1(macro): 0.0449, Total Pseudo-Labels: 7, Correct Pseudo-Labels: 3

acc_train_cw(현재 train의 class별 acc) [0.0, 0.0, 0.0, 1.0, 0.0]
cw_psl_total_eval(pseudo label 클래스별 총 샘플 수):  [10, 0, 0, 44, 0]
cw_psl_correct_eval(pseudo label 클래스별 맞은 샘플 수):  [1, 0, 0, 7, 0]
psl_acc(PSL 평가에서의 정확도):  0.148 
cw_psl_acc(클래스별 PSL 평가에서의 정확도):  [0.10000000149011612, nan, nan, 0.15909090638160706, nan]
loss for labeled data =>  tensor(0.1247, device='cuda:0', grad_fn=<NllLossBackward0>)
loss for labeled data =>  tensor(0.0587, device='cuda:0', grad_fn=<NllLossBackward0>)
Epoch 26/37, Train Acc: 0.2000, Val Acc: 0.1429, Test Acc: 0.2316, Test F1(macro): 0.0752, Total Pseudo-Labels: 7, Correct Pseudo-Labels: 0

acc_train_cw(현재 train의 class별 acc) [0.0, 0.0, 0.0, 1.0, 0.0]
cw_psl_total_eval(pseudo label 클래스별 총 샘플 수):  [0, 0, 0, 70, 0]
cw_psl_correct_eval(pseudo label 클래스별 맞은 샘플 수):  [0, 0, 0, 10, 0]
psl_acc(PSL 평가에서의 정확도):  0.143 
cw_psl_acc(클래스별 PSL 평가에서의 정확도):  [nan, nan, nan, 0.1428571492433548, nan]
loss for labeled data =>  tensor(7.1825, device='cuda:0', grad_fn=<NllLossBackward0>)
loss for labeled data =>  tensor(6.5173, device='cuda:0', grad_fn=<NllLossBackward0>)
Epoch 27/37, Train Acc: 0.2000, Val Acc: 0.1429, Test Acc: 0.2316, Test F1(macro): 0.0752, Total Pseudo-Labels: 7, Correct Pseudo-Labels: 0

acc_train_cw(현재 train의 class별 acc) [0.0, 0.0, 0.0, 1.0, 0.0]
cw_psl_total_eval(pseudo label 클래스별 총 샘플 수):  [0, 0, 0, 70, 0]
cw_psl_correct_eval(pseudo label 클래스별 맞은 샘플 수):  [0, 0, 0, 9, 0]
psl_acc(PSL 평가에서의 정확도):  0.129 
cw_psl_acc(클래스별 PSL 평가에서의 정확도):  [nan, nan, nan, 0.12857143580913544, nan]
loss for labeled data =>  tensor(4.7298, device='cuda:0', grad_fn=<NllLossBackward0>)
loss for labeled data =>  tensor(5.1614, device='cuda:0', grad_fn=<NllLossBackward0>)
Epoch 28/37, Train Acc: 0.2000, Val Acc: 0.1429, Test Acc: 0.2316, Test F1(macro): 0.0752, Total Pseudo-Labels: 0, Correct Pseudo-Labels: 0

acc_train_cw(현재 train의 class별 acc) [0.0, 0.0, 0.0, 1.0, 0.0]
cw_psl_total_eval(pseudo label 클래스별 총 샘플 수):  [0, 0, 0, 17, 0]
cw_psl_correct_eval(pseudo label 클래스별 맞은 샘플 수):  [0, 0, 0, 1, 0]
psl_acc(PSL 평가에서의 정확도):  0.059 
cw_psl_acc(클래스별 PSL 평가에서의 정확도):  [nan, nan, nan, 0.05882352963089943, nan]
loss for labeled data =>  tensor(2.0155, device='cuda:0', grad_fn=<NllLossBackward0>)
loss for labeled data =>  tensor(3.0823, device='cuda:0', grad_fn=<NllLossBackward0>)
Epoch 29/37, Train Acc: 0.2000, Val Acc: 0.1429, Test Acc: 0.2316, Test F1(macro): 0.0752, Total Pseudo-Labels: 0, Correct Pseudo-Labels: 0

acc_train_cw(현재 train의 class별 acc) [1.0, 0.0, 0.0, 0.0, 0.0]
cw_psl_total_eval(pseudo label 클래스별 총 샘플 수):  [26, 0, 4, 0, 0]
cw_psl_correct_eval(pseudo label 클래스별 맞은 샘플 수):  [4, 0, 2, 0, 0]
psl_acc(PSL 평가에서의 정확도):  0.2 
cw_psl_acc(클래스별 PSL 평가에서의 정확도):  [0.1538461595773697, nan, 0.5, nan, nan]
loss for labeled data =>  tensor(1.5451, device='cuda:0', grad_fn=<NllLossBackward0>)
loss for labeled data =>  tensor(1.8184, device='cuda:0', grad_fn=<NllLossBackward0>)
Epoch 30/37, Train Acc: 0.2000, Val Acc: 0.1020, Test Acc: 0.1263, Test F1(macro): 0.0449, Total Pseudo-Labels: 7, Correct Pseudo-Labels: 1

acc_train_cw(현재 train의 class별 acc) [1.0, 0.0, 0.0, 0.0, 0.0]
cw_psl_total_eval(pseudo label 클래스별 총 샘플 수):  [45, 0, 0, 0, 0]
cw_psl_correct_eval(pseudo label 클래스별 맞은 샘플 수):  [9, 0, 0, 0, 0]
psl_acc(PSL 평가에서의 정확도):  0.2 
cw_psl_acc(클래스별 PSL 평가에서의 정확도):  [0.20000000298023224, nan, nan, nan, nan]
loss for labeled data =>  tensor(5.3656, device='cuda:0', grad_fn=<NllLossBackward0>)
loss for labeled data =>  tensor(3.7142, device='cuda:0', grad_fn=<NllLossBackward0>)
Epoch 31/37, Train Acc: 0.2000, Val Acc: 0.1020, Test Acc: 0.1263, Test F1(macro): 0.0449, Total Pseudo-Labels: 7, Correct Pseudo-Labels: 1

acc_train_cw(현재 train의 class별 acc) [1.0, 0.0, 0.0, 0.0, 0.0]
cw_psl_total_eval(pseudo label 클래스별 총 샘플 수):  [70, 0, 0, 0, 0]
cw_psl_correct_eval(pseudo label 클래스별 맞은 샘플 수):  [6, 0, 0, 0, 0]
psl_acc(PSL 평가에서의 정확도):  0.086 
cw_psl_acc(클래스별 PSL 평가에서의 정확도):  [0.08571428805589676, nan, nan, nan, nan]
loss for labeled data =>  tensor(2.6563, device='cuda:0', grad_fn=<NllLossBackward0>)
loss for labeled data =>  tensor(3.4025, device='cuda:0', grad_fn=<NllLossBackward0>)
Epoch 32/37, Train Acc: 0.2000, Val Acc: 0.1020, Test Acc: 0.1263, Test F1(macro): 0.0449, Total Pseudo-Labels: 7, Correct Pseudo-Labels: 1

acc_train_cw(현재 train의 class별 acc) [1.0, 0.0, 0.0, 0.0, 0.0]
cw_psl_total_eval(pseudo label 클래스별 총 샘플 수):  [37, 0, 0, 0, 0]
cw_psl_correct_eval(pseudo label 클래스별 맞은 샘플 수):  [6, 0, 0, 0, 0]
psl_acc(PSL 평가에서의 정확도):  0.162 
cw_psl_acc(클래스별 PSL 평가에서의 정확도):  [0.1621621549129486, nan, nan, nan, nan]
loss for labeled data =>  tensor(2.7242, device='cuda:0', grad_fn=<NllLossBackward0>)
loss for labeled data =>  tensor(2.2472, device='cuda:0', grad_fn=<NllLossBackward0>)
Epoch 33/37, Train Acc: 0.2000, Val Acc: 0.1020, Test Acc: 0.1263, Test F1(macro): 0.0449, Total Pseudo-Labels: 7, Correct Pseudo-Labels: 1

acc_train_cw(현재 train의 class별 acc) [1.0, 0.0, 0.0, 0.0, 0.0]
cw_psl_total_eval(pseudo label 클래스별 총 샘플 수):  [48, 0, 0, 0, 0]
cw_psl_correct_eval(pseudo label 클래스별 맞은 샘플 수):  [10, 0, 0, 0, 0]
psl_acc(PSL 평가에서의 정확도):  0.208 
cw_psl_acc(클래스별 PSL 평가에서의 정확도):  [0.2083333283662796, nan, nan, nan, nan]
loss for labeled data =>  tensor(5.1684, device='cuda:0', grad_fn=<NllLossBackward0>)
loss for labeled data =>  tensor(5.0717, device='cuda:0', grad_fn=<NllLossBackward0>)
Epoch 34/37, Train Acc: 0.2000, Val Acc: 0.1020, Test Acc: 0.1263, Test F1(macro): 0.0449, Total Pseudo-Labels: 7, Correct Pseudo-Labels: 2

acc_train_cw(현재 train의 class별 acc) [1.0, 0.0, 0.0, 0.0, 0.0]
cw_psl_total_eval(pseudo label 클래스별 총 샘플 수):  [65, 0, 0, 0, 0]
cw_psl_correct_eval(pseudo label 클래스별 맞은 샘플 수):  [7, 0, 0, 0, 0]
psl_acc(PSL 평가에서의 정확도):  0.108 
cw_psl_acc(클래스별 PSL 평가에서의 정확도):  [0.10769230872392654, nan, nan, nan, nan]
loss for labeled data =>  tensor(2.5842, device='cuda:0', grad_fn=<NllLossBackward0>)
loss for labeled data =>  tensor(2.5585, device='cuda:0', grad_fn=<NllLossBackward0>)
Epoch 35/37, Train Acc: 0.2000, Val Acc: 0.1020, Test Acc: 0.1263, Test F1(macro): 0.0449, Total Pseudo-Labels: 0, Correct Pseudo-Labels: 0

acc_train_cw(현재 train의 class별 acc) [1.0, 0.0, 0.0, 0.0, 0.0]
cw_psl_total_eval(pseudo label 클래스별 총 샘플 수):  [7, 0, 0, 0, 0]
cw_psl_correct_eval(pseudo label 클래스별 맞은 샘플 수):  [0, 0, 0, 0, 0]
psl_acc(PSL 평가에서의 정확도):  0.0 
cw_psl_acc(클래스별 PSL 평가에서의 정확도):  [0.0, nan, nan, nan, nan]
loss for labeled data =>  tensor(0.6090, device='cuda:0', grad_fn=<NllLossBackward0>)
loss for labeled data =>  tensor(1.0491, device='cuda:0', grad_fn=<NllLossBackward0>)
Epoch 36/37, Train Acc: 0.2000, Val Acc: 0.1020, Test Acc: 0.1263, Test F1(macro): 0.0449, Total Pseudo-Labels: 0, Correct Pseudo-Labels: 0

acc_train_cw(현재 train의 class별 acc) [1.0, 0.0, 0.0, 0.0, 0.0]
cw_psl_total_eval(pseudo label 클래스별 총 샘플 수):  [2, 0, 0, 0, 0]
cw_psl_correct_eval(pseudo label 클래스별 맞은 샘플 수):  [0, 0, 0, 0, 0]
psl_acc(PSL 평가에서의 정확도):  0.0 
cw_psl_acc(클래스별 PSL 평가에서의 정확도):  [0.0, nan, nan, nan, nan]
loss for labeled data =>  tensor(3.4888, device='cuda:0', grad_fn=<NllLossBackward0>)
loss for labeled data =>  tensor(3.3442, device='cuda:0', grad_fn=<NllLossBackward0>)
Epoch 37/37, Train Acc: 0.2000, Val Acc: 0.1020, Test Acc: 0.1263, Test F1(macro): 0.0449, Total Pseudo-Labels: 0, Correct Pseudo-Labels: 0

Training complete!
Total training took 0:13:55 (h:mm:ss)
Load model from ./experiment/jointmatch/output/5_['unixcoder', 'unixcoder']_[0.0004, 0.0002]_0.7_jointmatch_37_[42]_{'jointmatch'}_net0.pth
Load model from ./experiment/jointmatch/output/5_['unixcoder', 'unixcoder']_[0.0004, 0.0002]_0.7_jointmatch_37_[42]_{'jointmatch'}_net1.pth
Save training statistics in:  ./experiment/jointmatch/log/unixcoder/joint_match//5_['unixcoder', 'unixcoder']_[0.0004, 0.0002]_0.7_jointmatch_37_[42]_{'jointmatch'}/training_statistics.csv


Best_step:  1 
Best_val_epoch:  2 
best_val_acc:  0.4489795918367347 
best_val_test_acc:  0.35789473684210527 
best_val_test_f1:  0.1054263565891473
Save best record in:  ./experiment/jointmatch/log/unixcoder/joint_match/summary.csv
Save best record in:  ./experiment/jointmatch/log/summary_avgrun.csv
