current work directory:  /home/imsuhan22/few-shot-tc/JointMatch_SSL/codebert/code
java_extended_data
save_name: 5_codebert-base_1e-05_0.8_20_java_extended_data

data_path:  ../data/../data/problem_based_split/java_extended_data

There are 1 GPU(s) available.
We will use the GPU- 0 NVIDIA GeForce RTX 3090

**line 147 모델 =>  microsoft/codebert-base
**tokenizer type =  microsoft/codebert-base 

n_labeled_per_class:  5
train_df samples: 3851
train_labeled_df samples: 35
train_unlabeled_df samples: 3816
n_classes:  7 

net_arch:  microsoft/codebert-base lr:  1e-05

line 303 => train data수 35
line 258 => 인스턴스 수 5
=======test_loader=======
=======dev_loader=======
=======train_labeled_loader=======
=======finish=======
>>Epoch 1 Step 0 acc_test 0.042506 f1_test 0.011649 acc_val 0.206430 f1_val 0.068443 acc_train 0.142857 f1_train 0.035714 psl_cor 0 psl_totl 0 pslt_global 0.000000  Tim 0:00:11
acc_train_cw [0.0, 0.0, 0.0, 1.0, 0.0, 0.0, 0.0]
cw_psl_eval:  [0, 0, 0, 0, 0, 0, 0] [0, 0, 0, 0, 0, 0, 0]
psl_acc: None cw_psl_acc:  [nan, nan, nan, nan, nan, nan, nan]
Save model to ./experiment/few_shot/output/

line 303 => train data수 35
line 258 => 인스턴스 수 5
=======test_loader=======
=======dev_loader=======
=======train_labeled_loader=======
=======finish=======
>>Epoch 2 Step 5 acc_test 0.042506 f1_test 0.011750 acc_val 0.206430 f1_val 0.068539 acc_train 0.142857 f1_train 0.035714 psl_cor 0 psl_totl 0 pslt_global 0.800000  Tim 0:00:42
acc_train_cw [0.0, 0.0, 0.0, 1.0, 0.0, 0.0, 0.0]
cw_psl_eval:  [0, 0, 0, 0, 0, 0, 0] [0, 0, 0, 0, 0, 0, 0]
psl_acc: None cw_psl_acc:  [nan, nan, nan, nan, nan, nan, nan]

line 303 => train data수 35
line 258 => 인스턴스 수 5
=======test_loader=======
=======dev_loader=======
=======train_labeled_loader=======
=======finish=======
>>Epoch 3 Step 10 acc_test 0.042506 f1_test 0.014679 acc_val 0.209814 f1_val 0.088413 acc_train 0.142857 f1_train 0.038610 psl_cor 0 psl_totl 0 pslt_global 0.800000  Tim 0:01:11
acc_train_cw [0.0, 0.0, 0.0, 1.0, 0.0, 0.0, 0.0]
cw_psl_eval:  [0, 0, 0, 0, 0, 0, 0] [0, 0, 0, 0, 0, 0, 0]
psl_acc: None cw_psl_acc:  [nan, nan, nan, nan, nan, nan, nan]
Save model to ./experiment/few_shot/output/

line 303 => train data수 35
line 258 => 인스턴스 수 5
=======test_loader=======
=======dev_loader=======
=======train_labeled_loader=======
=======finish=======
>>Epoch 4 Step 15 acc_test 0.042506 f1_test 0.011776 acc_val 0.201354 f1_val 0.067614 acc_train 0.142857 f1_train 0.035714 psl_cor 0 psl_totl 0 pslt_global 0.800000  Tim 0:01:45
acc_train_cw [0.0, 0.0, 0.0, 1.0, 0.0, 0.0, 0.0]
cw_psl_eval:  [0, 0, 0, 0, 0, 0, 0] [0, 0, 0, 0, 0, 0, 0]
psl_acc: None cw_psl_acc:  [nan, nan, nan, nan, nan, nan, nan]

line 303 => train data수 35
line 258 => 인스턴스 수 5
=======test_loader=======
=======dev_loader=======
=======train_labeled_loader=======
=======finish=======
>>Epoch 5 Step 20 acc_test 0.069351 f1_test 0.043364 acc_val 0.243655 f1_val 0.127158 acc_train 0.171429 f1_train 0.087302 psl_cor 0 psl_totl 0 pslt_global 0.800000  Tim 0:02:14
acc_train_cw [0.0, 0.0, 0.0, 1.0, 0.2, 0.0, 0.0]
cw_psl_eval:  [0, 0, 0, 0, 0, 0, 0] [0, 0, 0, 0, 0, 0, 0]
psl_acc: None cw_psl_acc:  [nan, nan, nan, nan, nan, nan, nan]
Save model to ./experiment/few_shot/output/

line 303 => train data수 35
line 258 => 인스턴스 수 5
=======test_loader=======
=======dev_loader=======
=======train_labeled_loader=======
=======finish=======
>>Epoch 6 Step 25 acc_test 0.073826 f1_test 0.048160 acc_val 0.209814 f1_val 0.114528 acc_train 0.285714 f1_train 0.179107 psl_cor 0 psl_totl 0 pslt_global 0.800000  Tim 0:02:48
acc_train_cw [0.0, 0.0, 0.0, 0.8, 0.6, 0.0, 0.6]
cw_psl_eval:  [0, 0, 0, 0, 0, 0, 0] [0, 0, 0, 0, 0, 0, 0]
psl_acc: None cw_psl_acc:  [nan, nan, nan, nan, nan, nan, nan]

line 303 => train data수 35
line 258 => 인스턴스 수 5
=======test_loader=======
=======dev_loader=======
=======train_labeled_loader=======
=======finish=======
>>Epoch 7 Step 30 acc_test 0.031320 f1_test 0.040103 acc_val 0.020305 f1_val 0.021309 acc_train 0.228571 f1_train 0.171269 psl_cor 0 psl_totl 0 pslt_global 0.800000  Tim 0:03:17
acc_train_cw [0.0, 0.0, 0.0, 0.2, 0.2, 0.2, 1.0]
cw_psl_eval:  [0, 0, 0, 0, 0, 0, 0] [0, 0, 0, 0, 0, 0, 0]
psl_acc: None cw_psl_acc:  [nan, nan, nan, nan, nan, nan, nan]

line 303 => train data수 35
line 258 => 인스턴스 수 5
=======test_loader=======
=======dev_loader=======
=======train_labeled_loader=======
=======finish=======
>>Epoch 8 Step 35 acc_test 0.055928 f1_test 0.047421 acc_val 0.054146 f1_val 0.046891 acc_train 0.285714 f1_train 0.224490 psl_cor 0 psl_totl 0 pslt_global 0.800000  Tim 0:03:46
acc_train_cw [0.4, 0.0, 0.0, 0.0, 0.4, 0.2, 1.0]
cw_psl_eval:  [0, 0, 0, 0, 0, 0, 0] [0, 0, 0, 0, 0, 0, 0]
psl_acc: None cw_psl_acc:  [nan, nan, nan, nan, nan, nan, nan]

line 303 => train data수 35
line 258 => 인스턴스 수 5
=======test_loader=======
=======dev_loader=======
=======train_labeled_loader=======
=======finish=======
>>Epoch 9 Step 40 acc_test 0.062640 f1_test 0.065079 acc_val 0.108291 f1_val 0.112439 acc_train 0.428571 f1_train 0.415835 psl_cor 0 psl_totl 0 pslt_global 0.800000  Tim 0:04:15
acc_train_cw [0.6, 0.4, 0.2, 0.0, 0.6, 0.2, 1.0]
cw_psl_eval:  [0, 0, 0, 0, 0, 0, 0] [0, 0, 0, 0, 0, 0, 0]
psl_acc: None cw_psl_acc:  [nan, nan, nan, nan, nan, nan, nan]

line 303 => train data수 35
line 258 => 인스턴스 수 5
=======test_loader=======
=======dev_loader=======
=======train_labeled_loader=======
=======finish=======
>>Epoch 10 Step 45 acc_test 0.100671 f1_test 0.077873 acc_val 0.162437 f1_val 0.141588 acc_train 0.571429 f1_train 0.586495 psl_cor 0 psl_totl 0 pslt_global 0.800000  Tim 0:04:43
acc_train_cw [0.6, 0.6, 0.6, 0.4, 0.8, 0.2, 0.8]
cw_psl_eval:  [0, 0, 0, 0, 0, 0, 0] [0, 0, 0, 0, 0, 0, 0]
psl_acc: None cw_psl_acc:  [nan, nan, nan, nan, nan, nan, nan]

line 303 => train data수 35
line 258 => 인스턴스 수 5
=======test_loader=======
=======dev_loader=======
=======train_labeled_loader=======
=======finish=======
>>Epoch 11 Step 50 acc_test 0.109620 f1_test 0.102145 acc_val 0.111675 f1_val 0.102863 acc_train 0.628571 f1_train 0.637260 psl_cor 0 psl_totl 0 pslt_global 0.800000  Tim 0:05:12
acc_train_cw [0.8, 0.6, 0.8, 0.4, 0.6, 0.4, 0.8]
cw_psl_eval:  [0, 0, 0, 0, 0, 0, 0] [0, 0, 0, 0, 0, 0, 0]
psl_acc: None cw_psl_acc:  [nan, nan, nan, nan, nan, nan, nan]

line 303 => train data수 35
line 258 => 인스턴스 수 5
=======test_loader=======
=======dev_loader=======
=======train_labeled_loader=======
=======finish=======
>>Epoch 12 Step 55 acc_test 0.098434 f1_test 0.096681 acc_val 0.143824 f1_val 0.120620 acc_train 0.685714 f1_train 0.688095 psl_cor 0 psl_totl 0 pslt_global 0.800000  Tim 0:05:41
acc_train_cw [0.8, 0.8, 0.6, 0.8, 0.8, 0.4, 0.6]
cw_psl_eval:  [0, 0, 0, 0, 0, 0, 0] [0, 0, 0, 0, 0, 0, 0]
psl_acc: None cw_psl_acc:  [nan, nan, nan, nan, nan, nan, nan]

line 303 => train data수 35
line 258 => 인스턴스 수 5
=======test_loader=======
=======dev_loader=======
=======train_labeled_loader=======
=======finish=======
>>Epoch 13 Step 60 acc_test 0.114094 f1_test 0.099162 acc_val 0.137056 f1_val 0.113099 acc_train 0.571429 f1_train 0.570212 psl_cor 0 psl_totl 0 pslt_global 0.800000  Tim 0:06:10
acc_train_cw [0.8, 0.6, 0.4, 0.8, 0.8, 0.4, 0.2]
cw_psl_eval:  [0, 0, 0, 0, 0, 0, 0] [0, 0, 0, 0, 0, 0, 0]
psl_acc: None cw_psl_acc:  [nan, nan, nan, nan, nan, nan, nan]

line 303 => train data수 35
line 258 => 인스턴스 수 5
=======test_loader=======
=======dev_loader=======
=======train_labeled_loader=======
=======finish=======
>>Epoch 14 Step 65 acc_test 0.107383 f1_test 0.089855 acc_val 0.118443 f1_val 0.095991 acc_train 0.657143 f1_train 0.665463 psl_cor 0 psl_totl 0 pslt_global 0.800000  Tim 0:06:39
acc_train_cw [0.8, 0.8, 0.4, 0.6, 0.6, 0.6, 0.8]
cw_psl_eval:  [0, 0, 0, 0, 0, 0, 0] [0, 0, 0, 0, 0, 0, 0]
psl_acc: None cw_psl_acc:  [nan, nan, nan, nan, nan, nan, nan]

line 303 => train data수 35
line 258 => 인스턴스 수 5
=======test_loader=======
=======dev_loader=======
=======train_labeled_loader=======
=======finish=======
>>Epoch 15 Step 70 acc_test 0.102908 f1_test 0.092098 acc_val 0.103215 f1_val 0.083723 acc_train 0.742857 f1_train 0.747364 psl_cor 0 psl_totl 0 pslt_global 0.800000  Tim 0:07:08
acc_train_cw [0.8, 1.0, 0.6, 0.6, 0.8, 0.6, 0.8]
cw_psl_eval:  [0, 0, 0, 0, 0, 0, 0] [0, 0, 0, 0, 0, 0, 0]
psl_acc: None cw_psl_acc:  [nan, nan, nan, nan, nan, nan, nan]

line 303 => train data수 35
line 258 => 인스턴스 수 5
=======test_loader=======
=======dev_loader=======
=======train_labeled_loader=======
=======finish=======
>>Epoch 16 Step 75 acc_test 0.111857 f1_test 0.097475 acc_val 0.125212 f1_val 0.101984 acc_train 0.800000 f1_train 0.803469 psl_cor 0 psl_totl 0 pslt_global 0.800000  Tim 0:07:37
acc_train_cw [0.8, 1.0, 0.8, 0.6, 0.8, 0.8, 0.8]
cw_psl_eval:  [0, 0, 0, 0, 0, 0, 0] [0, 0, 0, 0, 0, 0, 0]
psl_acc: None cw_psl_acc:  [nan, nan, nan, nan, nan, nan, nan]

line 303 => train data수 35
line 258 => 인스턴스 수 5
=======test_loader=======
=======dev_loader=======
=======train_labeled_loader=======
=======finish=======
>>Epoch 17 Step 80 acc_test 0.125280 f1_test 0.110476 acc_val 0.152284 f1_val 0.131676 acc_train 0.885714 f1_train 0.885426 psl_cor 0 psl_totl 0 pslt_global 0.800000  Tim 0:08:05
acc_train_cw [1.0, 0.8, 1.0, 1.0, 0.8, 0.8, 0.8]
cw_psl_eval:  [0, 0, 0, 0, 0, 0, 0] [0, 0, 0, 0, 0, 0, 0]
psl_acc: None cw_psl_acc:  [nan, nan, nan, nan, nan, nan, nan]

line 303 => train data수 35
line 258 => 인스턴스 수 5
=======test_loader=======
=======dev_loader=======
=======train_labeled_loader=======
=======finish=======
>>Epoch 18 Step 85 acc_test 0.125280 f1_test 0.111778 acc_val 0.179357 f1_val 0.146612 acc_train 0.885714 f1_train 0.890842 psl_cor 0 psl_totl 0 pslt_global 0.800000  Tim 0:08:34
acc_train_cw [1.0, 0.8, 1.0, 1.0, 0.8, 0.8, 0.8]
cw_psl_eval:  [0, 0, 0, 0, 0, 0, 0] [0, 0, 0, 0, 0, 0, 0]
psl_acc: None cw_psl_acc:  [nan, nan, nan, nan, nan, nan, nan]

line 303 => train data수 35
line 258 => 인스턴스 수 5
=======test_loader=======
=======dev_loader=======
=======train_labeled_loader=======
=======finish=======
>>Epoch 19 Step 90 acc_test 0.129754 f1_test 0.119114 acc_val 0.167513 f1_val 0.133952 acc_train 0.942857 f1_train 0.942569 psl_cor 0 psl_totl 0 pslt_global 0.800000  Tim 0:09:03
acc_train_cw [1.0, 1.0, 1.0, 1.0, 0.8, 1.0, 0.8]
cw_psl_eval:  [0, 0, 0, 0, 0, 0, 0] [0, 0, 0, 0, 0, 0, 0]
psl_acc: None cw_psl_acc:  [nan, nan, nan, nan, nan, nan, nan]

line 303 => train data수 35
line 258 => 인스턴스 수 5
=======test_loader=======
=======dev_loader=======
=======train_labeled_loader=======
=======finish=======
>>Epoch 20 Step 95 acc_test 0.129754 f1_test 0.118085 acc_val 0.196277 f1_val 0.155930 acc_train 0.942857 f1_train 0.942569 psl_cor 0 psl_totl 0 pslt_global 0.800000  Tim 0:09:32
acc_train_cw [1.0, 1.0, 1.0, 1.0, 0.8, 1.0, 0.8]
cw_psl_eval:  [0, 0, 0, 0, 0, 0, 0] [0, 0, 0, 0, 0, 0, 0]
psl_acc: None cw_psl_acc:  [nan, nan, nan, nan, nan, nan, nan]

line 303 => train data수 35
line 258 => 인스턴스 수 5
=======test_loader=======
=======dev_loader=======
=======train_labeled_loader=======
=======finish=======
>>Epoch 21 Step 100 acc_test 0.172260 f1_test 0.143203 acc_val 0.218274 f1_val 0.169538 acc_train 0.914286 f1_train 0.913997 psl_cor 0 psl_totl 0 pslt_global 0.800000  Tim 0:10:01
acc_train_cw [1.0, 1.0, 0.8, 1.0, 0.8, 1.0, 0.8]
cw_psl_eval:  [0, 0, 0, 0, 0, 0, 0] [0, 0, 0, 0, 0, 0, 0]
psl_acc: None cw_psl_acc:  [nan, nan, nan, nan, nan, nan, nan]

line 303 => train data수 35
line 258 => 인스턴스 수 5
=======test_loader=======
=======dev_loader=======
=======train_labeled_loader=======
=======finish=======
>>Epoch 22 Step 105 acc_test 0.149888 f1_test 0.132664 acc_val 0.199662 f1_val 0.161935 acc_train 0.914286 f1_train 0.913997 psl_cor 0 psl_totl 0 pslt_global 0.800000  Tim 0:10:29
acc_train_cw [1.0, 1.0, 0.8, 1.0, 0.8, 1.0, 0.8]
cw_psl_eval:  [0, 0, 0, 0, 0, 0, 0] [0, 0, 0, 0, 0, 0, 0]
psl_acc: None cw_psl_acc:  [nan, nan, nan, nan, nan, nan, nan]

line 303 => train data수 42
line 258 => 인스턴스 수 6
=======test_loader=======
=======dev_loader=======
=======train_labeled_loader=======
=======finish=======
>>Epoch 23 Step 110 acc_test 0.143177 f1_test 0.118106 acc_val 0.197970 f1_val 0.163139 acc_train 0.952381 f1_train 0.944567 psl_cor 4 psl_totl 7 pslt_global 0.800000  Tim 0:10:58
acc_train_cw [1.0, 1.0, 1.0, 1.0, 0.8, 1.0, 0.8]
cw_psl_eval:  [6, 0, 0, 1, 0, 0, 0] [4, 0, 0, 0, 0, 0, 0]
psl_acc:  0.571 cw_psl_acc:  [0.6666666865348816, nan, nan, 0.0, nan, nan, nan]

line 303 => train data수 47
line 258 => 인스턴스 수 7
=======test_loader=======
=======dev_loader=======
=======train_labeled_loader=======
=======finish=======
>>Epoch 24 Step 116 acc_test 0.187919 f1_test 0.160977 acc_val 0.228426 f1_val 0.173887 acc_train 0.936170 f1_train 0.920181 psl_cor 2 psl_totl 6 pslt_global 0.800000  Tim 0:11:27
acc_train_cw [1.0, 1.0, 0.8, 1.0, 0.8, 1.0, 0.8]
cw_psl_eval:  [0, 0, 0, 5, 0, 1, 0] [0, 0, 0, 1, 0, 1, 0]
psl_acc:  0.333 cw_psl_acc:  [nan, nan, nan, 0.20000000298023224, nan, 1.0, nan]
train batch instace수가 7안됨 pass

line 303 => train data수 86
line 258 => 인스턴스 수 13
=======test_loader=======
=======dev_loader=======
=======train_labeled_loader=======
=======finish=======
>>Epoch 25 Step 123 acc_test 0.178971 f1_test 0.156147 acc_val 0.253807 f1_val 0.188956 acc_train 0.953488 f1_train 0.913979 psl_cor 27 psl_totl 48 pslt_global 0.800000  Tim 0:11:57
acc_train_cw [1.0, 0.8, 0.8, 1.0, 0.833, 1.0, 0.8]
cw_psl_eval:  [39, 0, 0, 2, 1, 6, 0] [26, 0, 0, 0, 0, 1, 0]
psl_acc:  0.562 cw_psl_acc:  [0.6666666865348816, nan, nan, 0.0, 0.0, 0.1666666716337204, nan]
Save model to ./experiment/few_shot/output/
train batch instace수가 7안됨 pass
**bs에 맞지않음!!!!!**


line 303 => train data수 471
line 258 => 인스턴스 수 68
=======test_loader=======
=======dev_loader=======
=======train_labeled_loader=======
=======finish=======
>>Epoch 26 Step 136 acc_test 0.178971 f1_test 0.143725 acc_val 0.167513 f1_val 0.136861 acc_train 0.961783 f1_train 0.949167 psl_cor 111 psl_totl 409 pslt_global 0.800000  Tim 0:12:34
acc_train_cw [1.0, 0.947, 0.87, 0.974, 0.909, 0.974, 0.898]
cw_psl_eval:  [63, 14, 18, 184, 5, 71, 54] [44, 4, 1, 37, 1, 12, 12]
psl_acc:  0.271 cw_psl_acc:  [0.6984127163887024, 0.2857142984867096, 0.0555555559694767, 0.20108695328235626, 0.20000000298023224, 0.1690140813589096, 0.2222222238779068]
train batch instace수가 7안됨 pass
**bs에 맞지않음!!!!!**


line 303 => train data수 2546
line 258 => 인스턴스 수 364
=======test_loader=======
=======dev_loader=======
=======train_labeled_loader=======
=======finish=======
>>Epoch 27 Step 204 acc_test 0.194631 f1_test 0.146214 acc_val 0.147208 f1_val 0.123632 acc_train 0.910055 f1_train 0.873972 psl_cor 551 psl_totl 2492 pslt_global 0.800000  Tim 0:13:20
acc_train_cw [0.975, 0.78, 0.676, 1.0, 0.766, 0.959, 0.884]
cw_psl_eval:  [594, 313, 173, 587, 125, 376, 324] [207, 86, 26, 90, 29, 48, 65]
psl_acc:  0.221 cw_psl_acc:  [0.3484848439693451, 0.2747603952884674, 0.15028901398181915, 0.1533219814300537, 0.23199999332427979, 0.12765957415103912, 0.20061728358268738]
train batch instace수가 7안됨 pass
**bs에 맞지않음!!!!!**


line 303 => train data수 3443
line 258 => 인스턴스 수 492
=======test_loader=======
=======dev_loader=======
=======train_labeled_loader=======
=======finish=======
>>Epoch 28 Step 568 acc_test 0.212528 f1_test 0.165697 acc_val 0.155668 f1_val 0.134617 acc_train 0.941040 f1_train 0.928296 psl_cor 704 psl_totl 3287 pslt_global 0.800000  Tim 0:14:39
acc_train_cw [0.969, 0.862, 0.766, 0.981, 0.906, 0.98, 0.983]
cw_psl_eval:  [696, 393, 263, 547, 271, 550, 567] [226, 107, 46, 82, 62, 74, 107]
psl_acc:  0.214 cw_psl_acc:  [0.3247126340866089, 0.27226462960243225, 0.1749049425125122, 0.14990858733654022, 0.2287822812795639, 0.1345454603433609, 0.18871252238750458]
train batch instace수가 7안됨 pass
**bs에 맞지않음!!!!!**


line 303 => train data수 3720
line 258 => 인스턴스 수 532
=======test_loader=======
=======dev_loader=======
=======train_labeled_loader=======
=======finish=======
>>Epoch 29 Step 1060 acc_test 0.223714 f1_test 0.175887 acc_val 0.172589 f1_val 0.145162 acc_train 0.957796 f1_train 0.953138 psl_cor 753 psl_totl 3552 pslt_global 0.800000  Tim 0:16:11
acc_train_cw [0.964, 0.938, 0.909, 0.979, 0.925, 0.962, 0.986]
cw_psl_eval:  [716, 425, 340, 544, 357, 570, 600] [225, 112, 60, 83, 78, 77, 118]
psl_acc:  0.212 cw_psl_acc:  [0.3142458200454712, 0.2635294198989868, 0.1764705926179886, 0.15257352590560913, 0.21848739683628082, 0.13508771359920502, 0.1966666728258133]
train batch instace수가 7안됨 pass
**bs에 맞지않음!!!!!**


line 303 => train data수 3793
line 258 => 인스턴스 수 542
=======test_loader=======
=======dev_loader=======
=======train_labeled_loader=======
=======finish=======
>>Epoch 30 Step 1592 acc_test 0.237136 f1_test 0.186030 acc_val 0.186125 f1_val 0.154414 acc_train 0.956499 f1_train 0.951285 psl_cor 778 psl_totl 3652 pslt_global 0.800000  Tim 0:17:48
acc_train_cw [0.965, 0.951, 0.823, 0.981, 0.945, 0.966, 0.995]
cw_psl_eval:  [707, 417, 303, 543, 417, 614, 651] [229, 111, 55, 82, 97, 80, 124]
psl_acc:  0.213 cw_psl_acc:  [0.3239038288593292, 0.26618704199790955, 0.18151815235614777, 0.15101289749145508, 0.23261390626430511, 0.13029316067695618, 0.190476194024086]
train batch instace수가 7안됨 pass
**bs에 맞지않음!!!!!**


line 303 => train data수 3817
line 258 => 인스턴스 수 546
=======test_loader=======
=======dev_loader=======
=======train_labeled_loader=======
=======finish=======
>>Epoch 31 Step 2134 acc_test 0.223714 f1_test 0.179478 acc_val 0.192893 f1_val 0.158311 acc_train 0.950223 f1_train 0.947841 psl_cor 776 psl_totl 3610 pslt_global 0.800000  Tim 0:19:25
acc_train_cw [0.898, 0.957, 0.845, 0.99, 0.971, 0.964, 0.991]
cw_psl_eval:  [547, 432, 353, 563, 475, 593, 647] [196, 115, 65, 83, 116, 80, 121]
psl_acc:  0.215 cw_psl_acc:  [0.3583180904388428, 0.26620370149612427, 0.18413597345352173, 0.14742450416088104, 0.24421052634716034, 0.13490724563598633, 0.18701700866222382]
train batch instace수가 7안됨 pass
**bs에 맞지않음!!!!!**


line 303 => train data수 3835
line 258 => 인스턴스 수 548
=======test_loader=======
=======dev_loader=======
=======train_labeled_loader=======
=======finish=======
>>Epoch 32 Step 2680 acc_test 0.243848 f1_test 0.182142 acc_val 0.187817 f1_val 0.157431 acc_train 0.964537 f1_train 0.960780 psl_cor 786 psl_totl 3680 pslt_global 0.800000  Tim 0:21:04
acc_train_cw [0.972, 0.958, 0.858, 0.987, 0.954, 0.975, 0.996]
cw_psl_eval:  [624, 437, 318, 529, 447, 659, 666] [214, 116, 53, 78, 110, 87, 128]
psl_acc:  0.214 cw_psl_acc:  [0.34294870495796204, 0.2654462158679962, 0.1666666716337204, 0.14744801819324493, 0.2460850179195404, 0.13201820850372314, 0.1921921968460083]
train batch instace수가 7안됨 pass
**bs에 맞지않음!!!!!**


line 303 => train data수 3838
line 258 => 인스턴스 수 549
=======test_loader=======
=======dev_loader=======
=======train_labeled_loader=======
=======finish=======
>>Epoch 33 Step 3228 acc_test 0.217002 f1_test 0.174489 acc_val 0.197970 f1_val 0.163088 acc_train 0.957009 f1_train 0.956065 psl_cor 787 psl_totl 3692 pslt_global 0.800000  Tim 0:22:42
acc_train_cw [0.978, 0.927, 0.925, 0.992, 0.965, 0.913, 0.98]
cw_psl_eval:  [630, 419, 344, 597, 466, 606, 630] [217, 111, 61, 90, 117, 76, 115]
psl_acc:  0.213 cw_psl_acc:  [0.3444444537162781, 0.26491647958755493, 0.17732557654380798, 0.15075376629829407, 0.2510729730129242, 0.12541253864765167, 0.1825396865606308]
train batch instace수가 7안됨 pass
**bs에 맞지않음!!!!!**


line 303 => train data수 3839
line 258 => 인스턴스 수 549
=======test_loader=======
=======dev_loader=======
=======train_labeled_loader=======
=======finish=======
>>Epoch 34 Step 3777 acc_test 0.230425 f1_test 0.178009 acc_val 0.221658 f1_val 0.177499 acc_train 0.975254 f1_train 0.974477 psl_cor 811 psl_totl 3716 pslt_global 0.800000  Tim 0:24:21
acc_train_cw [0.951, 0.977, 0.956, 0.997, 0.982, 0.964, 0.995]
cw_psl_eval:  [606, 423, 378, 578, 498, 608, 625] [216, 116, 65, 84, 127, 79, 124]
psl_acc:  0.218 cw_psl_acc:  [0.3564356565475464, 0.2742316722869873, 0.17195767164230347, 0.14532871544361115, 0.2550200819969177, 0.12993420660495758, 0.19840000569820404]
train batch instace수가 7안됨 pass
**bs에 맞지않음!!!!!**


line 303 => train data수 3839
line 258 => 인스턴스 수 549
=======test_loader=======
=======dev_loader=======
=======train_labeled_loader=======
=======finish=======
>>Epoch 35 Step 4326 acc_test 0.230425 f1_test 0.178430 acc_val 0.213198 f1_val 0.171754 acc_train 0.980203 f1_train 0.978298 psl_cor 808 psl_totl 3748 pslt_global 0.800000  Tim 0:25:59
acc_train_cw [0.979, 0.968, 0.937, 0.998, 0.978, 0.984, 0.995]
cw_psl_eval:  [623, 433, 367, 565, 498, 616, 646] [216, 116, 63, 84, 125, 81, 123]
psl_acc:  0.216 cw_psl_acc:  [0.3467094600200653, 0.2678983807563782, 0.1716621220111847, 0.14867256581783295, 0.25100401043891907, 0.13149350881576538, 0.19040247797966003]
train batch instace수가 7안됨 pass
**bs에 맞지않음!!!!!**


line 303 => train data수 3839
line 258 => 인스턴스 수 549
=======test_loader=======
=======dev_loader=======
=======train_labeled_loader=======
=======finish=======
>>Epoch 36 Step 4875 acc_test 0.232662 f1_test 0.176701 acc_val 0.206430 f1_val 0.167126 acc_train 0.984631 f1_train 0.984264 psl_cor 811 psl_totl 3758 pslt_global 0.800000  Tim 0:27:37
acc_train_cw [0.971, 0.981, 0.973, 0.997, 0.982, 0.989, 0.994]
cw_psl_eval:  [605, 403, 396, 575, 494, 647, 638] [212, 110, 69, 87, 123, 86, 124]
psl_acc:  0.216 cw_psl_acc:  [0.3504132330417633, 0.2729528546333313, 0.17424242198467255, 0.15130434930324554, 0.2489878535270691, 0.13292117416858673, 0.19435736536979675]
train batch instace수가 7안됨 pass
**bs에 맞지않음!!!!!**


line 303 => train data수 3839
line 258 => 인스턴스 수 549
=======test_loader=======
=======dev_loader=======
=======train_labeled_loader=======
=======finish=======
>>Epoch 37 Step 5424 acc_test 0.232662 f1_test 0.178977 acc_val 0.206430 f1_val 0.167852 acc_train 0.988539 f1_train 0.988269 psl_cor 813 psl_totl 3777 pslt_global 0.800000  Tim 0:29:16
acc_train_cw [0.989, 0.986, 0.972, 0.993, 0.984, 0.99, 0.998]
cw_psl_eval:  [610, 419, 383, 581, 497, 658, 629] [211, 116, 70, 87, 123, 84, 122]
psl_acc:  0.215 cw_psl_acc:  [0.34590163826942444, 0.276849627494812, 0.18276762962341309, 0.14974182844161987, 0.24748490750789642, 0.12765957415103912, 0.19395866990089417]
train batch instace수가 7안됨 pass
**bs에 맞지않음!!!!!**


line 303 => train data수 3839
line 258 => 인스턴스 수 549
=======test_loader=======
=======dev_loader=======
=======train_labeled_loader=======
=======finish=======
>>Epoch 38 Step 5973 acc_test 0.228188 f1_test 0.173845 acc_val 0.194585 f1_val 0.160557 acc_train 0.980203 f1_train 0.979392 psl_cor 794 psl_totl 3753 pslt_global 0.800000  Tim 0:30:55
acc_train_cw [0.975, 0.92, 0.988, 1.0, 0.984, 0.981, 0.995]
cw_psl_eval:  [598, 370, 398, 581, 486, 685, 635] [207, 98, 75, 87, 120, 87, 120]
psl_acc:  0.212 cw_psl_acc:  [0.3461538553237915, 0.26486486196517944, 0.18844221532344818, 0.14974182844161987, 0.2469135820865631, 0.12700730562210083, 0.18897637724876404]
train batch instace수가 7안됨 pass
**bs에 맞지않음!!!!!**


line 303 => train data수 3839
line 258 => 인스턴스 수 549
=======test_loader=======
=======dev_loader=======
=======train_labeled_loader=======
=======finish=======
>>Epoch 39 Step 6522 acc_test 0.225951 f1_test 0.174283 acc_val 0.204738 f1_val 0.164548 acc_train 0.990883 f1_train 0.991103 psl_cor 813 psl_totl 3785 pslt_global 0.800000  Tim 0:32:33
acc_train_cw [0.974, 0.99, 0.99, 1.0, 0.99, 0.996, 0.995]
cw_psl_eval:  [591, 403, 401, 584, 501, 671, 634] [207, 110, 76, 87, 124, 86, 123]
psl_acc:  0.215 cw_psl_acc:  [0.3502538204193115, 0.2729528546333313, 0.18952618539333344, 0.14897260069847107, 0.24750499427318573, 0.12816691398620605, 0.1940063089132309]
train batch instace수가 7안됨 pass
**bs에 맞지않음!!!!!**


line 303 => train data수 3839
line 258 => 인스턴스 수 549
=======test_loader=======
=======dev_loader=======
=======train_labeled_loader=======
=======finish=======
>>Epoch 40 Step 7071 acc_test 0.212528 f1_test 0.166873 acc_val 0.211506 f1_val 0.169076 acc_train 0.988278 f1_train 0.987857 psl_cor 808 psl_totl 3768 pslt_global 0.800000  Tim 0:34:11
acc_train_cw [0.978, 0.99, 0.961, 1.0, 0.99, 0.991, 1.0]
cw_psl_eval:  [574, 413, 434, 578, 507, 642, 620] [202, 113, 80, 85, 125, 80, 123]
psl_acc:  0.214 cw_psl_acc:  [0.3519163727760315, 0.2736077606678009, 0.18433180451393127, 0.14705882966518402, 0.24654832482337952, 0.12461059540510178, 0.19838710129261017]
train batch instace수가 7안됨 pass
**bs에 맞지않음!!!!!**


line 303 => train data수 3839
line 258 => 인스턴스 수 549
=======test_loader=======
=======dev_loader=======
=======train_labeled_loader=======
=======finish=======
>>Epoch 41 Step 7620 acc_test 0.232662 f1_test 0.175352 acc_val 0.196277 f1_val 0.161783 acc_train 0.990362 f1_train 0.990642 psl_cor 806 psl_totl 3774 pslt_global 0.800000  Tim 0:35:50
acc_train_cw [0.995, 0.981, 0.991, 0.993, 0.99, 0.983, 0.998]
cw_psl_eval:  [587, 406, 423, 589, 481, 681, 607] [205, 110, 78, 88, 120, 86, 119]
psl_acc:  0.214 cw_psl_acc:  [0.34923338890075684, 0.27093595266342163, 0.1843971610069275, 0.14940577745437622, 0.2494802474975586, 0.1262848824262619, 0.1960461288690567]
train batch instace수가 7안됨 pass
**bs에 맞지않음!!!!!**


line 303 => train data수 3839
line 258 => 인스턴스 수 549
=======test_loader=======
=======dev_loader=======
=======train_labeled_loader=======
=======finish=======
>>Epoch 42 Step 8169 acc_test 0.223714 f1_test 0.170046 acc_val 0.201354 f1_val 0.162377 acc_train 0.992967 f1_train 0.992944 psl_cor 811 psl_totl 3792 pslt_global 0.800000  Tim 0:37:28
acc_train_cw [1.0, 0.985, 0.984, 1.0, 0.994, 0.987, 0.997]
cw_psl_eval:  [587, 399, 418, 584, 502, 667, 635] [205, 110, 77, 88, 125, 84, 122]
psl_acc:  0.214 cw_psl_acc:  [0.34923338890075684, 0.2756892144680023, 0.18421052396297455, 0.15068493783473969, 0.24900399148464203, 0.12593702971935272, 0.19212599098682404]
train batch instace수가 7안됨 pass
**bs에 맞지않음!!!!!**


line 303 => train data수 3839
line 258 => 인스턴스 수 549
=======test_loader=======
=======dev_loader=======
=======train_labeled_loader=======
=======finish=======
>>Epoch 43 Step 8718 acc_test 0.228188 f1_test 0.172385 acc_val 0.209814 f1_val 0.169281 acc_train 0.995832 f1_train 0.995835 psl_cor 813 psl_totl 3781 pslt_global 0.800000  Tim 0:39:06
acc_train_cw [0.99, 1.0, 0.989, 1.0, 0.994, 0.997, 1.0]
cw_psl_eval:  [586, 404, 437, 576, 501, 668, 609] [204, 111, 81, 87, 126, 84, 120]
psl_acc:  0.215 cw_psl_acc:  [0.34812286496162415, 0.2747524678707123, 0.18535469472408295, 0.1510416716337204, 0.2514970004558563, 0.12574850022792816, 0.19704432785511017]
train batch instace수가 7안됨 pass
**bs에 맞지않음!!!!!**


line 303 => train data수 3839
line 258 => 인스턴스 수 549
=======test_loader=======
=======dev_loader=======
=======train_labeled_loader=======
=======finish=======
>>Epoch 44 Step 9267 acc_test 0.230425 f1_test 0.174522 acc_val 0.211506 f1_val 0.167699 acc_train 0.992185 f1_train 0.991669 psl_cor 814 psl_totl 3786 pslt_global 0.800000  Tim 0:40:44
acc_train_cw [0.997, 0.982, 0.98, 0.998, 0.992, 0.993, 0.997]
cw_psl_eval:  [588, 378, 439, 574, 523, 661, 623] [205, 109, 80, 86, 127, 83, 124]
psl_acc:  0.215 cw_psl_acc:  [0.34863945841789246, 0.28835979104042053, 0.1822323501110077, 0.149825781583786, 0.242829829454422, 0.12556731700897217, 0.19903691112995148]
train batch instace수가 7안됨 pass
**bs에 맞지않음!!!!!**


line 303 => train data수 3839
line 258 => 인스턴스 수 549
=======test_loader=======
=======dev_loader=======
=======train_labeled_loader=======
=======finish=======
>>Epoch 45 Step 9816 acc_test 0.212528 f1_test 0.169800 acc_val 0.216582 f1_val 0.169266 acc_train 0.990362 f1_train 0.990286 psl_cor 814 psl_totl 3766 pslt_global 0.800000  Tim 0:42:22
acc_train_cw [0.988, 0.985, 0.989, 1.0, 0.983, 0.991, 0.994]
cw_psl_eval:  [601, 406, 444, 579, 528, 600, 608] [207, 117, 82, 87, 124, 76, 121]
psl_acc:  0.216 cw_psl_acc:  [0.3444259464740753, 0.28817734122276306, 0.18468467891216278, 0.15025906264781952, 0.2348484843969345, 0.12666666507720947, 0.19901315867900848]
Early stopping trigger at step:  9816
Best model at step:  123
**조기종료됨**
**bs에 맞지않음!!!!!**

종료된 epoch시점 :  46 (epoch - 11에서부터 acc_val증가 안됨.)
조기종료 early_stop_flag 

Training complete!
Total training took 0:42:41 (h:mm:ss)
Load model from ./experiment/few_shot/output/5_codebert-base_1e-05_0.8_20_java_extended_data_net0.pth
Save training statistics in:  ./experiment/few_shot/log/20240403-032851/0/training_statistics.csv

Best_step:  123 
best_test_acc:  0.1789709172259508 
best_test_f1:  0.15614665749599715
Save best record in:  ./experiment/few_shot/log/20240403-032851/summary.csv
Save best record in:  ./experiment/few_shot/log/summary_avgrun.csv
