current work directory:  /home/imsuhan22/few-shot-tc/JointMatch_SSL/codebert/code
java_extended_data
save_name: 5_unixcoder-base_1e-05_0.8_20_java_extended_data

data_path:  ../data/../data/problem_based_split/java_extended_data

There are 1 GPU(s) available.
We will use the GPU- 0 NVIDIA GeForce RTX 3090

**line 147 모델 =>  microsoft/unixcoder-base
**tokenizer type =  microsoft/unixcoder-base 

n_labeled_per_class:  5
train_df samples: 3851
train_labeled_df samples: 35
train_unlabeled_df samples: 3816
n_classes:  7 

net_arch:  microsoft/unixcoder-base lr:  1e-05

line 303 => train data수 35
line 258 => 인스턴스 수 5
=======test_loader=======
=======dev_loader=======
=======train_labeled_loader=======
=======finish=======
>>Epoch 1 Step 0 acc_test 0.038031 f1_test 0.031177 acc_val 0.074450 f1_val 0.049749 acc_train 0.171429 f1_train 0.108277 psl_cor 0 psl_totl 0 pslt_global 0.000000  Tim 0:00:10
acc_train_cw [0.2, 0.4, 0.0, 0.0, 0.0, 0.0, 0.6]
cw_psl_eval:  [0, 0, 0, 0, 0, 0, 0] [0, 0, 0, 0, 0, 0, 0]
psl_acc: None cw_psl_acc:  [nan, nan, nan, nan, nan, nan, nan]
Save model to ./experiment/few_shot/output/

line 303 => train data수 35
line 258 => 인스턴스 수 5
=======test_loader=======
=======dev_loader=======
=======train_labeled_loader=======
=======finish=======
>>Epoch 2 Step 5 acc_test 0.087248 f1_test 0.072968 acc_val 0.175973 f1_val 0.146375 acc_train 0.314286 f1_train 0.295751 psl_cor 0 psl_totl 0 pslt_global 0.800000  Tim 0:00:39
acc_train_cw [0.4, 0.2, 0.6, 0.2, 0.4, 0.0, 0.4]
cw_psl_eval:  [0, 0, 0, 0, 0, 0, 0] [0, 0, 0, 0, 0, 0, 0]
psl_acc: None cw_psl_acc:  [nan, nan, nan, nan, nan, nan, nan]
Save model to ./experiment/few_shot/output/

line 303 => train data수 35
line 258 => 인스턴스 수 5
=======test_loader=======
=======dev_loader=======
=======train_labeled_loader=======
=======finish=======
>>Epoch 3 Step 10 acc_test 0.145414 f1_test 0.102488 acc_val 0.221658 f1_val 0.145070 acc_train 0.514286 f1_train 0.479443 psl_cor 0 psl_totl 0 pslt_global 0.800000  Tim 0:01:12
acc_train_cw [0.8, 0.4, 0.8, 0.4, 0.8, 0.0, 0.4]
cw_psl_eval:  [0, 0, 0, 0, 0, 0, 0] [0, 0, 0, 0, 0, 0, 0]
psl_acc: None cw_psl_acc:  [nan, nan, nan, nan, nan, nan, nan]
Save model to ./experiment/few_shot/output/

line 303 => train data수 35
line 258 => 인스턴스 수 5
=======test_loader=======
=======dev_loader=======
=======train_labeled_loader=======
=======finish=======
>>Epoch 4 Step 15 acc_test 0.170022 f1_test 0.148767 acc_val 0.219966 f1_val 0.162806 acc_train 0.628571 f1_train 0.604576 psl_cor 0 psl_totl 0 pslt_global 0.800000  Tim 0:01:46
acc_train_cw [0.8, 0.6, 0.6, 1.0, 0.8, 0.2, 0.4]
cw_psl_eval:  [0, 0, 0, 0, 0, 0, 0] [0, 0, 0, 0, 0, 0, 0]
psl_acc: None cw_psl_acc:  [nan, nan, nan, nan, nan, nan, nan]

line 303 => train data수 35
line 258 => 인스턴스 수 5
=======test_loader=======
=======dev_loader=======
=======train_labeled_loader=======
=======finish=======
>>Epoch 5 Step 20 acc_test 0.185682 f1_test 0.157628 acc_val 0.263959 f1_val 0.206146 acc_train 0.800000 f1_train 0.789286 psl_cor 0 psl_totl 0 pslt_global 0.800000  Tim 0:02:14
acc_train_cw [0.8, 1.0, 1.0, 1.0, 0.8, 0.6, 0.4]
cw_psl_eval:  [0, 0, 0, 0, 0, 0, 0] [0, 0, 0, 0, 0, 0, 0]
psl_acc: None cw_psl_acc:  [nan, nan, nan, nan, nan, nan, nan]
Save model to ./experiment/few_shot/output/

line 303 => train data수 35
line 258 => 인스턴스 수 5
=======test_loader=======
=======dev_loader=======
=======train_labeled_loader=======
=======finish=======
>>Epoch 6 Step 25 acc_test 0.196868 f1_test 0.159721 acc_val 0.292724 f1_val 0.226440 acc_train 0.885714 f1_train 0.882756 psl_cor 0 psl_totl 0 pslt_global 0.800000  Tim 0:02:47
acc_train_cw [0.8, 1.0, 1.0, 1.0, 1.0, 0.8, 0.6]
cw_psl_eval:  [0, 0, 0, 0, 0, 0, 0] [0, 0, 0, 0, 0, 0, 0]
psl_acc: None cw_psl_acc:  [nan, nan, nan, nan, nan, nan, nan]
Save model to ./experiment/few_shot/output/

line 303 => train data수 35
line 258 => 인스턴스 수 5
=======test_loader=======
=======dev_loader=======
=======train_labeled_loader=======
=======finish=======
>>Epoch 7 Step 30 acc_test 0.185682 f1_test 0.168891 acc_val 0.263959 f1_val 0.211877 acc_train 0.885714 f1_train 0.883478 psl_cor 0 psl_totl 0 pslt_global 0.800000  Tim 0:03:21
acc_train_cw [0.8, 1.0, 1.0, 1.0, 0.8, 1.0, 0.6]
cw_psl_eval:  [0, 0, 0, 0, 0, 0, 0] [0, 0, 0, 0, 0, 0, 0]
psl_acc: None cw_psl_acc:  [nan, nan, nan, nan, nan, nan, nan]

line 303 => train data수 35
line 258 => 인스턴스 수 5
=======test_loader=======
=======dev_loader=======
=======train_labeled_loader=======
=======finish=======
>>Epoch 8 Step 35 acc_test 0.246085 f1_test 0.199406 acc_val 0.280880 f1_val 0.213351 acc_train 0.885714 f1_train 0.883333 psl_cor 0 psl_totl 0 pslt_global 0.800000  Tim 0:03:49
acc_train_cw [0.8, 0.8, 1.0, 1.0, 1.0, 1.0, 0.6]
cw_psl_eval:  [0, 0, 0, 0, 0, 0, 0] [0, 0, 0, 0, 0, 0, 0]
psl_acc: None cw_psl_acc:  [nan, nan, nan, nan, nan, nan, nan]

line 303 => train data수 35
line 258 => 인스턴스 수 5
=======test_loader=======
=======dev_loader=======
=======train_labeled_loader=======
=======finish=======
>>Epoch 9 Step 40 acc_test 0.232662 f1_test 0.196755 acc_val 0.287648 f1_val 0.217553 acc_train 0.942857 f1_train 0.942280 psl_cor 0 psl_totl 0 pslt_global 0.800000  Tim 0:04:17
acc_train_cw [0.8, 1.0, 1.0, 1.0, 1.0, 1.0, 0.8]
cw_psl_eval:  [0, 0, 0, 0, 0, 0, 0] [0, 0, 0, 0, 0, 0, 0]
psl_acc: None cw_psl_acc:  [nan, nan, nan, nan, nan, nan, nan]

line 303 => train data수 35
line 258 => 인스턴스 수 5
=======test_loader=======
=======dev_loader=======
=======train_labeled_loader=======
=======finish=======
>>Epoch 10 Step 45 acc_test 0.194631 f1_test 0.172086 acc_val 0.274112 f1_val 0.207182 acc_train 0.971429 f1_train 0.971140 psl_cor 0 psl_totl 0 pslt_global 0.800000  Tim 0:04:45
acc_train_cw [0.8, 1.0, 1.0, 1.0, 1.0, 1.0, 1.0]
cw_psl_eval:  [0, 0, 0, 0, 0, 0, 0] [0, 0, 0, 0, 0, 0, 0]
psl_acc: None cw_psl_acc:  [nan, nan, nan, nan, nan, nan, nan]

line 303 => train data수 50
line 258 => 인스턴스 수 8
=======test_loader=======
=======dev_loader=======
=======train_labeled_loader=======
=======finish=======
>>Epoch 11 Step 50 acc_test 0.185682 f1_test 0.167508 acc_val 0.275804 f1_val 0.204992 acc_train 1.000000 f1_train 1.000000 psl_cor 9 psl_totl 15 pslt_global 0.800000  Tim 0:05:14
acc_train_cw [1.0, 1.0, 1.0, 1.0, 1.0, 1.0, 1.0]
cw_psl_eval:  [9, 0, 0, 0, 1, 5, 0] [8, 0, 0, 0, 0, 1, 0]
psl_acc:  0.6 cw_psl_acc:  [0.8888888955116272, nan, nan, nan, 0.0, 0.20000000298023224, nan]
train batch instace수가 7안됨 pass

line 303 => train data수 60
line 258 => 인스턴스 수 9
=======test_loader=======
=======dev_loader=======
=======train_labeled_loader=======
=======finish=======
>>Epoch 12 Step 58 acc_test 0.225951 f1_test 0.186441 acc_val 0.296108 f1_val 0.209164 acc_train 0.983333 f1_train 0.980802 psl_cor 8 psl_totl 16 pslt_global 0.800000  Tim 0:05:42
acc_train_cw [1.0, 1.0, 1.0, 1.0, 1.0, 0.917, 1.0]
cw_psl_eval:  [9, 0, 0, 0, 0, 7, 0] [6, 0, 0, 0, 0, 2, 0]
psl_acc:  0.5 cw_psl_acc:  [0.6666666865348816, nan, nan, nan, nan, 0.2857142984867096, nan]
Save model to ./experiment/few_shot/output/
train batch instace수가 7안됨 pass

line 303 => train data수 192
line 258 => 인스턴스 수 28
=======test_loader=======
=======dev_loader=======
=======train_labeled_loader=======
=======finish=======
>>Epoch 13 Step 67 acc_test 0.243848 f1_test 0.184674 acc_val 0.238579 f1_val 0.168051 acc_train 0.963542 f1_train 0.936490 psl_cor 75 psl_totl 147 pslt_global 0.800000  Tim 0:06:17
acc_train_cw [1.0, 0.923, 1.0, 1.0, 1.0, 0.861, 0.923]
cw_psl_eval:  [45, 8, 28, 3, 26, 29, 8] [40, 5, 10, 0, 10, 7, 3]
psl_acc:  0.51 cw_psl_acc:  [0.8888888955116272, 0.625, 0.3571428656578064, 0.0, 0.38461539149284363, 0.24137930572032928, 0.375]
train batch instace수가 7안됨 pass

line 303 => train data수 1772
line 258 => 인스턴스 수 254
=======test_loader=======
=======dev_loader=======
=======train_labeled_loader=======
=======finish=======
>>Epoch 14 Step 95 acc_test 0.353468 f1_test 0.231072 acc_val 0.243655 f1_val 0.161286 acc_train 0.943002 f1_train 0.900746 psl_cor 550 psl_totl 1723 pslt_global 0.800000  Tim 0:06:55
acc_train_cw [0.976, 0.754, 0.991, 0.6, 0.997, 1.0, 0.737]
cw_psl_eval:  [446, 53, 422, 3, 396, 157, 246] [242, 32, 113, 0, 86, 22, 55]
psl_acc:  0.319 cw_psl_acc:  [0.5426008701324463, 0.6037735939025879, 0.26777252554893494, 0.0, 0.21717171370983124, 0.14012739062309265, 0.22357723116874695]
train batch instace수가 7안됨 pass
**bs에 맞지않음!!!!!**


line 303 => train data수 3141
line 258 => 인스턴스 수 449
=======test_loader=======
=======dev_loader=======
=======train_labeled_loader=======
=======finish=======
>>Epoch 15 Step 349 acc_test 0.308725 f1_test 0.208548 acc_val 0.204738 f1_val 0.131997 acc_train 0.949379 f1_train 0.837948 psl_cor 785 psl_totl 3004 pslt_global 0.800000  Tim 0:08:00
acc_train_cw [0.994, 0.782, 0.946, 0.143, 0.988, 0.891, 0.952]
cw_psl_eval:  [701, 95, 639, 2, 585, 505, 477] [318, 61, 133, 0, 105, 76, 92]
psl_acc:  0.261 cw_psl_acc:  [0.45363765954971313, 0.6421052813529968, 0.20813772082328796, 0.0, 0.1794871836900711, 0.15049505233764648, 0.19287212193012238]
train batch instace수가 7안됨 pass
**bs에 맞지않음!!!!!**


line 303 => train data수 3597
line 258 => 인스턴스 수 514
=======test_loader=======
=======dev_loader=======
=======train_labeled_loader=======
=======finish=======
>>Epoch 16 Step 798 acc_test 0.313199 f1_test 0.214925 acc_val 0.226734 f1_val 0.147182 acc_train 0.973033 f1_train 0.829256 psl_cor 880 psl_totl 3457 pslt_global 0.800000  Tim 0:09:27
acc_train_cw [0.976, 0.89, 0.993, 0.0, 0.987, 0.955, 0.976]
cw_psl_eval:  [682, 137, 861, 0, 595, 701, 481] [318, 86, 183, 0, 104, 96, 93]
psl_acc:  0.255 cw_psl_acc:  [0.4662756621837616, 0.6277372241020203, 0.2125435471534729, nan, 0.1747899204492569, 0.13694721460342407, 0.19334720075130463]
train batch instace수가 7안됨 pass
**bs에 맞지않음!!!!!**


line 303 => train data수 3782
line 258 => 인스턴스 수 541
=======test_loader=======
=======dev_loader=======
=======train_labeled_loader=======
=======finish=======
>>Epoch 17 Step 1312 acc_test 0.288591 f1_test 0.207818 acc_val 0.233503 f1_val 0.147437 acc_train 0.967478 f1_train 0.826883 psl_cor 904 psl_totl 3646 pslt_global 0.800000  Tim 0:11:00
acc_train_cw [0.954, 0.885, 0.997, 0.0, 0.991, 0.928, 0.983]
cw_psl_eval:  [652, 110, 1079, 0, 638, 698, 469] [316, 77, 221, 0, 107, 93, 90]
psl_acc:  0.248 cw_psl_acc:  [0.48466256260871887, 0.699999988079071, 0.20481927692890167, nan, 0.16771160066127777, 0.133237823843956, 0.1918976604938507]
train batch instace수가 7안됨 pass
**bs에 맞지않음!!!!!**


line 303 => train data수 3827
line 258 => 인스턴스 수 547
=======test_loader=======
=======dev_loader=======
=======train_labeled_loader=======
=======finish=======
>>Epoch 18 Step 1853 acc_test 0.295302 f1_test 0.219052 acc_val 0.241963 f1_val 0.169249 acc_train 0.963940 f1_train 0.826043 psl_cor 920 psl_totl 3666 pslt_global 0.800000  Tim 0:12:37
acc_train_cw [0.886, 0.936, 0.997, 0.0, 0.991, 0.949, 0.983]
cw_psl_eval:  [499, 126, 1192, 0, 639, 733, 477] [292, 85, 249, 0, 106, 96, 92]
psl_acc:  0.251 cw_psl_acc:  [0.585170328617096, 0.6746031641960144, 0.2088926136493683, nan, 0.16588419675827026, 0.1309686154127121, 0.19287212193012238]
train batch instace수가 7안됨 pass
**bs에 맞지않음!!!!!**


line 303 => train data수 3838
line 258 => 인스턴스 수 549
=======test_loader=======
=======dev_loader=======
=======train_labeled_loader=======
=======finish=======
>>Epoch 19 Step 2400 acc_test 0.295302 f1_test 0.218351 acc_val 0.245347 f1_val 0.159828 acc_train 0.977332 f1_train 0.884118 psl_cor 936 psl_totl 3755 pslt_global 0.800000  Tim 0:14:14
acc_train_cw [0.977, 0.978, 0.995, 0.2, 0.991, 0.934, 0.99]
cw_psl_eval:  [596, 132, 1172, 0, 648, 721, 486] [307, 85, 249, 0, 109, 94, 92]
psl_acc:  0.249 cw_psl_acc:  [0.5151006579399109, 0.6439393758773804, 0.2124573439359665, nan, 0.16820988059043884, 0.130374476313591, 0.18930041790008545]
train batch instace수가 7안됨 pass
**bs에 맞지않음!!!!!**


line 303 => train data수 3839
line 258 => 인스턴스 수 549
=======test_loader=======
=======dev_loader=======
=======train_labeled_loader=======
=======finish=======
>>Epoch 20 Step 2949 acc_test 0.288591 f1_test 0.215933 acc_val 0.241963 f1_val 0.160089 acc_train 0.985934 f1_train 0.892707 psl_cor 934 psl_totl 3779 pslt_global 0.800000  Tim 0:15:51
acc_train_cw [0.985, 0.985, 0.999, 0.2, 0.992, 0.961, 0.992]
cw_psl_eval:  [581, 128, 1216, 0, 644, 722, 488] [303, 81, 256, 0, 108, 94, 92]
psl_acc:  0.247 cw_psl_acc:  [0.5215146541595459, 0.6328125, 0.21052631735801697, nan, 0.1677018702030182, 0.13019390404224396, 0.18852458894252777]
train batch instace수가 7안됨 pass
**bs에 맞지않음!!!!!**


line 303 => train data수 3839
line 258 => 인스턴스 수 549
=======test_loader=======
=======dev_loader=======
=======train_labeled_loader=======
=======finish=======
>>Epoch 21 Step 3498 acc_test 0.272931 f1_test 0.208652 acc_val 0.240271 f1_val 0.163333 acc_train 0.978640 f1_train 0.885976 psl_cor 929 psl_totl 3768 pslt_global 0.800000  Tim 0:17:28
acc_train_cw [0.952, 0.986, 0.997, 0.2, 0.997, 0.952, 0.984]
cw_psl_eval:  [529, 133, 1250, 0, 643, 709, 504] [285, 85, 261, 0, 107, 94, 97]
psl_acc:  0.247 cw_psl_acc:  [0.5387523770332336, 0.6390977501869202, 0.20880000293254852, nan, 0.16640746593475342, 0.13258109986782074, 0.1924603134393692]
train batch instace수가 7안됨 pass
**bs에 맞지않음!!!!!**


line 303 => train data수 3839
line 258 => 인스턴스 수 549
=======test_loader=======
=======dev_loader=======
=======train_labeled_loader=======
=======finish=======
>>Epoch 22 Step 4047 acc_test 0.284116 f1_test 0.215299 acc_val 0.241963 f1_val 0.162070 acc_train 0.990623 f1_train 0.929400 psl_cor 933 psl_totl 3784 pslt_global 0.800000  Tim 0:19:06
acc_train_cw [0.975, 0.978, 1.0, 0.4, 0.992, 0.987, 0.996]
cw_psl_eval:  [542, 131, 1245, 0, 658, 709, 499] [288, 84, 261, 0, 107, 97, 96]
psl_acc:  0.247 cw_psl_acc:  [0.5313653349876404, 0.6412213444709778, 0.2096385508775711, nan, 0.16261398792266846, 0.13681241869926453, 0.1923847645521164]
train batch instace수가 7안됨 pass
**bs에 맞지않음!!!!!**


line 303 => train data수 3839
line 258 => 인스턴스 수 549
=======test_loader=======
=======dev_loader=======
=======train_labeled_loader=======
=======finish=======
>>Epoch 23 Step 4596 acc_test 0.266219 f1_test 0.206229 acc_val 0.247039 f1_val 0.167595 acc_train 0.993748 f1_train 0.898016 psl_cor 944 psl_totl 3807 pslt_global 0.800000  Tim 0:20:43
acc_train_cw [1.0, 0.986, 0.998, 0.2, 0.997, 0.989, 0.988]
cw_psl_eval:  [553, 136, 1255, 0, 655, 700, 508] [292, 88, 263, 0, 107, 94, 100]
psl_acc:  0.248 cw_psl_acc:  [0.5280289053916931, 0.6470588445663452, 0.20956175029277802, nan, 0.16335877776145935, 0.13428571820259094, 0.19685038924217224]
train batch instace수가 7안됨 pass
**bs에 맞지않음!!!!!**


line 303 => train data수 3839
line 258 => 인스턴스 수 549
=======test_loader=======
=======dev_loader=======
=======train_labeled_loader=======
=======finish=======
>>Epoch 24 Step 5145 acc_test 0.259508 f1_test 0.202662 acc_val 0.245347 f1_val 0.163522 acc_train 0.996614 f1_train 0.936451 psl_cor 946 psl_totl 3798 pslt_global 0.800000  Tim 0:22:20
acc_train_cw [0.998, 1.0, 1.0, 0.4, 1.0, 0.99, 0.996]
cw_psl_eval:  [549, 138, 1256, 0, 661, 690, 504] [292, 88, 264, 0, 108, 96, 98]
psl_acc:  0.249 cw_psl_acc:  [0.5318761467933655, 0.6376811861991882, 0.21019108593463898, nan, 0.16338880360126495, 0.13913042843341827, 0.1944444477558136]
train batch instace수가 7안됨 pass
**bs에 맞지않음!!!!!**


line 303 => train data수 3839
line 258 => 인스턴스 수 549
=======test_loader=======
=======dev_loader=======
=======train_labeled_loader=======
=======finish=======
>>Epoch 25 Step 5694 acc_test 0.272931 f1_test 0.209447 acc_val 0.240271 f1_val 0.163045 acc_train 0.996353 f1_train 0.936256 psl_cor 946 psl_totl 3806 pslt_global 0.800000  Tim 0:23:57
acc_train_cw [0.987, 1.0, 0.998, 0.4, 1.0, 1.0, 0.996]
cw_psl_eval:  [541, 136, 1268, 0, 661, 696, 504] [291, 86, 266, 0, 108, 96, 99]
psl_acc:  0.249 cw_psl_acc:  [0.5378928184509277, 0.6323529481887817, 0.20977917313575745, nan, 0.16338880360126495, 0.13793103396892548, 0.1964285671710968]
train batch instace수가 7안됨 pass
**bs에 맞지않음!!!!!**


line 303 => train data수 3839
line 258 => 인스턴스 수 549
=======test_loader=======
=======dev_loader=======
=======train_labeled_loader=======
=======finish=======
>>Epoch 26 Step 6243 acc_test 0.290828 f1_test 0.215578 acc_val 0.241963 f1_val 0.166825 acc_train 0.995051 f1_train 0.960531 psl_cor 948 psl_totl 3804 pslt_global 0.800000  Tim 0:25:34
acc_train_cw [0.996, 1.0, 1.0, 0.6, 1.0, 0.983, 0.994]
cw_psl_eval:  [550, 139, 1251, 0, 647, 710, 507] [294, 89, 263, 0, 107, 97, 98]
psl_acc:  0.249 cw_psl_acc:  [0.5345454812049866, 0.6402877569198608, 0.21023181080818176, nan, 0.16537867486476898, 0.1366197168827057, 0.19329388439655304]
train batch instace수가 7안됨 pass
**bs에 맞지않음!!!!!**


line 303 => train data수 3839
line 258 => 인스턴스 수 549
=======test_loader=======
=======dev_loader=======
=======train_labeled_loader=======
=======finish=======
>>Epoch 27 Step 6792 acc_test 0.275168 f1_test 0.212281 acc_val 0.248731 f1_val 0.168086 acc_train 0.993227 f1_train 0.933518 psl_cor 950 psl_totl 3805 pslt_global 0.800000  Tim 0:27:11
acc_train_cw [1.0, 1.0, 0.998, 0.4, 0.988, 0.984, 0.996]
cw_psl_eval:  [555, 138, 1243, 0, 674, 695, 500] [294, 88, 262, 0, 112, 97, 97]
psl_acc:  0.25 cw_psl_acc:  [0.5297297239303589, 0.6376811861991882, 0.21078036725521088, nan, 0.1661721020936966, 0.13956834375858307, 0.1940000057220459]
train batch instace수가 7안됨 pass
**bs에 맞지않음!!!!!**


line 303 => train data수 3839
line 258 => 인스턴스 수 549
=======test_loader=======
=======dev_loader=======
=======train_labeled_loader=======
=======finish=======
>>Epoch 28 Step 7341 acc_test 0.275168 f1_test 0.209193 acc_val 0.248731 f1_val 0.173224 acc_train 0.995572 f1_train 0.959648 psl_cor 948 psl_totl 3787 pslt_global 0.800000  Tim 0:28:48
acc_train_cw [0.998, 0.987, 0.998, 0.6, 0.996, 0.993, 0.998]
cw_psl_eval:  [556, 145, 1212, 0, 682, 690, 502] [294, 91, 255, 0, 113, 98, 97]
psl_acc:  0.25 cw_psl_acc:  [0.528777003288269, 0.6275861859321594, 0.21039603650569916, nan, 0.165689155459404, 0.14202898740768433, 0.19322709739208221]
train batch instace수가 7안됨 pass
**bs에 맞지않음!!!!!**


line 303 => train data수 3839
line 258 => 인스턴스 수 549
=======test_loader=======
=======dev_loader=======
=======train_labeled_loader=======
=======finish=======
>>Epoch 29 Step 7890 acc_test 0.263982 f1_test 0.206942 acc_val 0.243655 f1_val 0.164832 acc_train 0.998177 f1_train 0.982769 psl_cor 956 psl_totl 3811 pslt_global 0.800000  Tim 0:30:25
acc_train_cw [1.0, 1.0, 0.999, 0.8, 0.999, 0.996, 0.998]
cw_psl_eval:  [556, 143, 1236, 0, 684, 689, 503] [294, 90, 263, 0, 113, 98, 98]
psl_acc:  0.251 cw_psl_acc:  [0.528777003288269, 0.6293706297874451, 0.21278317272663116, nan, 0.16520467400550842, 0.14223513007164001, 0.1948310136795044]
train batch instace수가 7안됨 pass
**bs에 맞지않음!!!!!**


line 303 => train data수 3839
line 258 => 인스턴스 수 549
=======test_loader=======
=======dev_loader=======
=======train_labeled_loader=======
=======finish=======
>>Epoch 30 Step 8439 acc_test 0.261745 f1_test 0.202543 acc_val 0.241963 f1_val 0.161753 acc_train 0.997656 f1_train 0.981743 psl_cor 957 psl_totl 3814 pslt_global 0.800000  Tim 0:32:02
acc_train_cw [1.0, 0.993, 1.0, 0.8, 1.0, 0.991, 0.998]
cw_psl_eval:  [556, 143, 1237, 0, 684, 687, 507] [294, 89, 263, 0, 113, 98, 100]
psl_acc:  0.251 cw_psl_acc:  [0.528777003288269, 0.6223776340484619, 0.2126111537218094, nan, 0.16520467400550842, 0.14264920353889465, 0.19723865389823914]
train batch instace수가 7안됨 pass
**bs에 맞지않음!!!!!**


line 303 => train data수 3839
line 258 => 인스턴스 수 549
=======test_loader=======
=======dev_loader=======
=======train_labeled_loader=======
=======finish=======
>>Epoch 31 Step 8988 acc_test 0.272931 f1_test 0.209005 acc_val 0.250423 f1_val 0.171485 acc_train 0.995311 f1_train 0.979192 psl_cor 968 psl_totl 3803 pslt_global 0.800000  Tim 0:33:39
acc_train_cw [0.986, 1.0, 0.999, 0.8, 1.0, 0.99, 0.998]
cw_psl_eval:  [575, 144, 1228, 0, 683, 667, 506] [310, 89, 260, 0, 112, 97, 100]
psl_acc:  0.255 cw_psl_acc:  [0.539130449295044, 0.6180555820465088, 0.2117263823747635, nan, 0.16398243606090546, 0.14542728662490845, 0.197628453373909]
train batch instace수가 7안됨 pass
**bs에 맞지않음!!!!!**


line 303 => train data수 3839
line 258 => 인스턴스 수 549
=======test_loader=======
=======dev_loader=======
=======train_labeled_loader=======
=======finish=======
>>Epoch 32 Step 9537 acc_test 0.281879 f1_test 0.213345 acc_val 0.243655 f1_val 0.157960 acc_train 0.994269 f1_train 0.965436 psl_cor 972 psl_totl 3808 pslt_global 0.800000  Tim 0:35:16
acc_train_cw [0.992, 0.986, 1.0, 0.8, 1.0, 0.988, 0.988]
cw_psl_eval:  [587, 143, 1224, 0, 674, 672, 508] [314, 89, 258, 0, 113, 97, 101]
psl_acc:  0.255 cw_psl_acc:  [0.5349233150482178, 0.6223776340484619, 0.21078431606292725, nan, 0.16765578091144562, 0.1443452388048172, 0.1988188922405243]
Early stopping trigger at step:  9537
Best model at step:  58
**조기종료됨**
**bs에 맞지않음!!!!!**

종료된 epoch시점 :  33 (epoch - 11에서부터 acc_val증가 안됨.)
조기종료 early_stop_flag 

Training complete!
Total training took 0:35:34 (h:mm:ss)
Load model from ./experiment/few_shot/output/5_unixcoder-base_1e-05_0.8_20_java_extended_data_net0.pth
Save training statistics in:  ./experiment/few_shot/log/20240403-065642/0/training_statistics.csv

Best_step:  58 
best_test_acc:  0.22595078299776286 
best_test_f1:  0.1864408001361491
Save best record in:  ./experiment/few_shot/log/20240403-065642/summary.csv
Save best record in:  ./experiment/few_shot/log/summary_avgrun.csv
