current work directory:  /home/imsuhan22/few-shot-tc/JointMatch_SSL/codebert/code
python_extended_data
save_name: 1_codebert-base_0.0005_0.8_30_python_extended_data

data_path:  ../data/../data/problem_based_split/python_extended_data

There are 1 GPU(s) available.
We will use the GPU- 0 NVIDIA GeForce RTX 3090

**line 147 모델 =>  microsoft/codebert-base
**tokenizer type =  microsoft/codebert-base 

n_labeled_per_class:  1
train_df samples: 3974
train_labeled_df samples: 7
train_unlabeled_df samples: 3967
n_classes:  7 

net_arch:  microsoft/codebert-base lr:  0.0005

line 303 => train data수 7
line 258 => 인스턴스 수 1
=======test_loader=======
=======dev_loader=======
=======train_labeled_loader=======
=======finish=======
>>Epoch 1 Step 0 acc_test 0.192623 f1_test 0.098918 acc_val 0.228013 f1_val 0.075525 acc_train 0.000000 f1_train 0.000000 psl_cor 0 psl_totl 0 pslt_global 0.000000  Tim 0:00:07
acc_train_cw [0.0, 0.0, 0.0, 0.0, 0.0, 0.0, 0.0]
cw_psl_eval:  [0, 0, 0, 0, 0, 0, 0] [0, 0, 0, 0, 0, 0, 0]
psl_acc: None cw_psl_acc:  [nan, nan, nan, nan, nan, nan, nan]
Save model to ./experiment/few_shot/output/

line 303 => train data수 7
line 258 => 인스턴스 수 1
=======test_loader=======
=======dev_loader=======
=======train_labeled_loader=======
=======finish=======
>>Epoch 2 Step 1 acc_test 0.188525 f1_test 0.073259 acc_val 0.107492 f1_val 0.042827 acc_train 0.285714 f1_train 0.142857 psl_cor 0 psl_totl 0 pslt_global 0.800000  Tim 0:00:32
acc_train_cw [0.0, 0.0, 0.0, 0.0, 0.0, 1.0, 1.0]
cw_psl_eval:  [0, 0, 0, 0, 0, 0, 0] [0, 0, 0, 0, 0, 0, 0]
psl_acc: None cw_psl_acc:  [nan, nan, nan, nan, nan, nan, nan]

line 303 => train data수 7
line 258 => 인스턴스 수 1
=======test_loader=======
=======dev_loader=======
=======train_labeled_loader=======
=======finish=======
>>Epoch 3 Step 2 acc_test 0.043033 f1_test 0.011788 acc_val 0.143322 f1_val 0.035816 acc_train 0.142857 f1_train 0.035714 psl_cor 0 psl_totl 0 pslt_global 0.800000  Tim 0:00:56
acc_train_cw [0.0, 0.0, 0.0, 0.0, 1.0, 0.0, 0.0]
cw_psl_eval:  [0, 0, 0, 0, 0, 0, 0] [0, 0, 0, 0, 0, 0, 0]
psl_acc: None cw_psl_acc:  [nan, nan, nan, nan, nan, nan, nan]

line 303 => train data수 8
line 258 => 인스턴스 수 2
=======test_loader=======
=======dev_loader=======
=======train_labeled_loader=======
=======finish=======
>>Epoch 4 Step 3 acc_test 0.090164 f1_test 0.052074 acc_val 0.140065 f1_val 0.091156 acc_train 0.500000 f1_train 0.404762 psl_cor 1 psl_totl 1 pslt_global 0.800000  Tim 0:01:20
acc_train_cw [1.0, 1.0, 1.0, 0.0, 0.0, 0.0, 1.0]
cw_psl_eval:  [0, 0, 0, 0, 1, 0, 0] [0, 0, 0, 0, 1, 0, 0]
psl_acc:  1.0 cw_psl_acc:  [nan, nan, nan, nan, 1.0, nan, nan]
train batch instace수가 7안됨 pass
**bs에 맞지않음!!!!!**


line 303 => train data수 224
line 258 => 인스턴스 수 32
=======test_loader=======
=======dev_loader=======
=======train_labeled_loader=======
=======finish=======
>>Epoch 5 Step 5 acc_test 0.049180 f1_test 0.024717 acc_val 0.146580 f1_val 0.040039 acc_train 0.424107 f1_train 0.243164 psl_cor 63 psl_totl 222 pslt_global 0.800000  Tim 0:01:45
acc_train_cw [0.553, 0.0, 0.453, 0.0, 1.0, 0.069, 0.125]
cw_psl_eval:  [38, 0, 142, 0, 6, 29, 7] [34, 0, 19, 0, 1, 7, 2]
psl_acc:  0.284 cw_psl_acc:  [0.8947368264198303, nan, 0.13380281627178192, nan, 0.1666666716337204, 0.24137930572032928, 0.2857142984867096]

line 303 => train data수 247
line 258 => 인스턴스 수 36
=======test_loader=======
=======dev_loader=======
=======train_labeled_loader=======
=======finish=======
>>Epoch 6 Step 37 acc_test 0.122951 f1_test 0.031283 acc_val 0.228013 f1_val 0.053050 acc_train 0.676113 f1_train 0.115252 psl_cor 2 psl_totl 28 pslt_global 0.800000  Tim 0:02:13
acc_train_cw [0.0, 0.0, 1.0, 0.0, 0.0, 0.0, 0.0]
cw_psl_eval:  [0, 0, 28, 0, 0, 0, 0] [0, 0, 2, 0, 0, 0, 0]
psl_acc:  0.071 cw_psl_acc:  [nan, nan, 0.0714285746216774, nan, nan, nan, nan]
train batch instace수가 7안됨 pass

line 303 => train data수 1154
line 258 => 인스턴스 수 165
=======test_loader=======
=======dev_loader=======
=======train_labeled_loader=======
=======finish=======
>>Epoch 7 Step 73 acc_test 0.122951 f1_test 0.031283 acc_val 0.228013 f1_val 0.053050 acc_train 0.938475 f1_train 0.138323 psl_cor 152 psl_totl 955 pslt_global 0.800000  Tim 0:02:45
acc_train_cw [0.0, 0.0, 1.0, 0.0, 0.0, 0.0, 0.0]
cw_psl_eval:  [0, 0, 955, 0, 0, 0, 0] [0, 0, 152, 0, 0, 0, 0]
psl_acc:  0.159 cw_psl_acc:  [nan, nan, 0.15916229784488678, nan, nan, nan, nan]
train batch instace수가 7안됨 pass
**bs에 맞지않음!!!!!**


line 303 => train data수 3902
line 258 => 인스턴스 수 558
=======test_loader=======
=======dev_loader=======
=======train_labeled_loader=======
=======finish=======
>>Epoch 8 Step 238 acc_test 0.122951 f1_test 0.031283 acc_val 0.228013 f1_val 0.053050 acc_train 0.998975 f1_train 0.199897 psl_cor 706 psl_totl 3967 pslt_global 0.800000  Tim 0:03:41
acc_train_cw [0.0, nan, 1.0, nan, 0.0, 0.0, 0.0]
cw_psl_eval:  [0, 0, 3967, 0, 0, 0, 0] [0, 0, 706, 0, 0, 0, 0]
psl_acc:  0.178 cw_psl_acc:  [nan, nan, 0.17796823382377625, nan, nan, nan, nan]
train batch instace수가 7안됨 pass
**bs에 맞지않음!!!!!**


line 303 => train data수 3902
line 258 => 인스턴스 수 558
=======test_loader=======
=======dev_loader=======
=======train_labeled_loader=======
=======finish=======
>>Epoch 9 Step 796 acc_test 0.122951 f1_test 0.031283 acc_val 0.228013 f1_val 0.053050 acc_train 0.998975 f1_train 0.199897 psl_cor 706 psl_totl 3967 pslt_global 0.800000  Tim 0:05:14
acc_train_cw [0.0, nan, 1.0, nan, 0.0, 0.0, 0.0]
cw_psl_eval:  [0, 0, 3967, 0, 0, 0, 0] [0, 0, 706, 0, 0, 0, 0]
psl_acc:  0.178 cw_psl_acc:  [nan, nan, 0.17796823382377625, nan, nan, nan, nan]
train batch instace수가 7안됨 pass
**bs에 맞지않음!!!!!**


line 303 => train data수 3902
line 258 => 인스턴스 수 558
=======test_loader=======
=======dev_loader=======
=======train_labeled_loader=======
=======finish=======
>>Epoch 10 Step 1354 acc_test 0.122951 f1_test 0.031283 acc_val 0.228013 f1_val 0.053050 acc_train 0.998975 f1_train 0.199897 psl_cor 706 psl_totl 3967 pslt_global 0.800000  Tim 0:06:46
acc_train_cw [0.0, nan, 1.0, nan, 0.0, 0.0, 0.0]
cw_psl_eval:  [0, 0, 3967, 0, 0, 0, 0] [0, 0, 706, 0, 0, 0, 0]
psl_acc:  0.178 cw_psl_acc:  [nan, nan, 0.17796823382377625, nan, nan, nan, nan]
train batch instace수가 7안됨 pass
**bs에 맞지않음!!!!!**


line 303 => train data수 3902
line 258 => 인스턴스 수 558
=======test_loader=======
=======dev_loader=======
=======train_labeled_loader=======
=======finish=======
>>Epoch 11 Step 1912 acc_test 0.122951 f1_test 0.031283 acc_val 0.228013 f1_val 0.053050 acc_train 0.998975 f1_train 0.199897 psl_cor 706 psl_totl 3967 pslt_global 0.800000  Tim 0:08:19
acc_train_cw [0.0, nan, 1.0, nan, 0.0, 0.0, 0.0]
cw_psl_eval:  [0, 0, 3967, 0, 0, 0, 0] [0, 0, 706, 0, 0, 0, 0]
psl_acc:  0.178 cw_psl_acc:  [nan, nan, 0.17796823382377625, nan, nan, nan, nan]
train batch instace수가 7안됨 pass
**bs에 맞지않음!!!!!**


line 303 => train data수 3902
line 258 => 인스턴스 수 558
=======test_loader=======
=======dev_loader=======
=======train_labeled_loader=======
=======finish=======
>>Epoch 12 Step 2470 acc_test 0.122951 f1_test 0.031283 acc_val 0.228013 f1_val 0.053050 acc_train 0.998975 f1_train 0.199897 psl_cor 706 psl_totl 3967 pslt_global 0.800000  Tim 0:09:52
acc_train_cw [0.0, nan, 1.0, nan, 0.0, 0.0, 0.0]
cw_psl_eval:  [0, 0, 3967, 0, 0, 0, 0] [0, 0, 706, 0, 0, 0, 0]
psl_acc:  0.178 cw_psl_acc:  [nan, nan, 0.17796823382377625, nan, nan, nan, nan]
train batch instace수가 7안됨 pass
**bs에 맞지않음!!!!!**


line 303 => train data수 3902
line 258 => 인스턴스 수 558
=======test_loader=======
=======dev_loader=======
=======train_labeled_loader=======
=======finish=======
>>Epoch 13 Step 3028 acc_test 0.122951 f1_test 0.031283 acc_val 0.228013 f1_val 0.053050 acc_train 0.998975 f1_train 0.199897 psl_cor 706 psl_totl 3967 pslt_global 0.800000  Tim 0:11:24
acc_train_cw [0.0, nan, 1.0, nan, 0.0, 0.0, 0.0]
cw_psl_eval:  [0, 0, 3967, 0, 0, 0, 0] [0, 0, 706, 0, 0, 0, 0]
psl_acc:  0.178 cw_psl_acc:  [nan, nan, 0.17796823382377625, nan, nan, nan, nan]
train batch instace수가 7안됨 pass
**bs에 맞지않음!!!!!**


line 303 => train data수 3902
line 258 => 인스턴스 수 558
=======test_loader=======
=======dev_loader=======
=======train_labeled_loader=======
=======finish=======
>>Epoch 14 Step 3586 acc_test 0.122951 f1_test 0.031283 acc_val 0.228013 f1_val 0.053050 acc_train 0.998975 f1_train 0.199897 psl_cor 706 psl_totl 3967 pslt_global 0.800000  Tim 0:12:57
acc_train_cw [0.0, nan, 1.0, nan, 0.0, 0.0, 0.0]
cw_psl_eval:  [0, 0, 3967, 0, 0, 0, 0] [0, 0, 706, 0, 0, 0, 0]
psl_acc:  0.178 cw_psl_acc:  [nan, nan, 0.17796823382377625, nan, nan, nan, nan]
train batch instace수가 7안됨 pass
**bs에 맞지않음!!!!!**


line 303 => train data수 3902
line 258 => 인스턴스 수 558
=======test_loader=======
=======dev_loader=======
=======train_labeled_loader=======
=======finish=======
>>Epoch 15 Step 4144 acc_test 0.122951 f1_test 0.031283 acc_val 0.228013 f1_val 0.053050 acc_train 0.998975 f1_train 0.199897 psl_cor 706 psl_totl 3967 pslt_global 0.800000  Tim 0:14:29
acc_train_cw [0.0, nan, 1.0, nan, 0.0, 0.0, 0.0]
cw_psl_eval:  [0, 0, 3967, 0, 0, 0, 0] [0, 0, 706, 0, 0, 0, 0]
psl_acc:  0.178 cw_psl_acc:  [nan, nan, 0.17796823382377625, nan, nan, nan, nan]
train batch instace수가 7안됨 pass
**bs에 맞지않음!!!!!**


line 303 => train data수 3902
line 258 => 인스턴스 수 558
=======test_loader=======
=======dev_loader=======
=======train_labeled_loader=======
=======finish=======
>>Epoch 16 Step 4702 acc_test 0.122951 f1_test 0.031283 acc_val 0.228013 f1_val 0.053050 acc_train 0.998975 f1_train 0.199897 psl_cor 706 psl_totl 3967 pslt_global 0.800000  Tim 0:16:02
acc_train_cw [0.0, nan, 1.0, nan, 0.0, 0.0, 0.0]
cw_psl_eval:  [0, 0, 3967, 0, 0, 0, 0] [0, 0, 706, 0, 0, 0, 0]
psl_acc:  0.178 cw_psl_acc:  [nan, nan, 0.17796823382377625, nan, nan, nan, nan]
train batch instace수가 7안됨 pass
**bs에 맞지않음!!!!!**


line 303 => train data수 3902
line 258 => 인스턴스 수 558
=======test_loader=======
=======dev_loader=======
=======train_labeled_loader=======
=======finish=======
>>Epoch 17 Step 5260 acc_test 0.122951 f1_test 0.031283 acc_val 0.228013 f1_val 0.053050 acc_train 0.998975 f1_train 0.199897 psl_cor 706 psl_totl 3967 pslt_global 0.800000  Tim 0:17:35
acc_train_cw [0.0, nan, 1.0, nan, 0.0, 0.0, 0.0]
cw_psl_eval:  [0, 0, 3967, 0, 0, 0, 0] [0, 0, 706, 0, 0, 0, 0]
psl_acc:  0.178 cw_psl_acc:  [nan, nan, 0.17796823382377625, nan, nan, nan, nan]
train batch instace수가 7안됨 pass
**bs에 맞지않음!!!!!**


line 303 => train data수 3902
line 258 => 인스턴스 수 558
=======test_loader=======
=======dev_loader=======
=======train_labeled_loader=======
=======finish=======
>>Epoch 18 Step 5818 acc_test 0.122951 f1_test 0.031283 acc_val 0.228013 f1_val 0.053050 acc_train 0.998975 f1_train 0.199897 psl_cor 706 psl_totl 3967 pslt_global 0.800000  Tim 0:19:08
acc_train_cw [0.0, nan, 1.0, nan, 0.0, 0.0, 0.0]
cw_psl_eval:  [0, 0, 3967, 0, 0, 0, 0] [0, 0, 706, 0, 0, 0, 0]
psl_acc:  0.178 cw_psl_acc:  [nan, nan, 0.17796823382377625, nan, nan, nan, nan]
train batch instace수가 7안됨 pass
**bs에 맞지않음!!!!!**


line 303 => train data수 3902
line 258 => 인스턴스 수 558
=======test_loader=======
=======dev_loader=======
=======train_labeled_loader=======
=======finish=======
>>Epoch 19 Step 6376 acc_test 0.122951 f1_test 0.031283 acc_val 0.228013 f1_val 0.053050 acc_train 0.998975 f1_train 0.199897 psl_cor 706 psl_totl 3967 pslt_global 0.800000  Tim 0:20:40
acc_train_cw [0.0, nan, 1.0, nan, 0.0, 0.0, 0.0]
cw_psl_eval:  [0, 0, 3967, 0, 0, 0, 0] [0, 0, 706, 0, 0, 0, 0]
psl_acc:  0.178 cw_psl_acc:  [nan, nan, 0.17796823382377625, nan, nan, nan, nan]
train batch instace수가 7안됨 pass
**bs에 맞지않음!!!!!**


line 303 => train data수 3902
line 258 => 인스턴스 수 558
=======test_loader=======
=======dev_loader=======
=======train_labeled_loader=======
=======finish=======
>>Epoch 20 Step 6934 acc_test 0.122951 f1_test 0.031283 acc_val 0.228013 f1_val 0.053050 acc_train 0.998975 f1_train 0.199897 psl_cor 706 psl_totl 3967 pslt_global 0.800000  Tim 0:22:13
acc_train_cw [0.0, nan, 1.0, nan, 0.0, 0.0, 0.0]
cw_psl_eval:  [0, 0, 3967, 0, 0, 0, 0] [0, 0, 706, 0, 0, 0, 0]
psl_acc:  0.178 cw_psl_acc:  [nan, nan, 0.17796823382377625, nan, nan, nan, nan]
train batch instace수가 7안됨 pass
**bs에 맞지않음!!!!!**


line 303 => train data수 3902
line 258 => 인스턴스 수 558
=======test_loader=======
=======dev_loader=======
=======train_labeled_loader=======
=======finish=======
>>Epoch 21 Step 7492 acc_test 0.122951 f1_test 0.031283 acc_val 0.228013 f1_val 0.053050 acc_train 0.998975 f1_train 0.199897 psl_cor 706 psl_totl 3967 pslt_global 0.800000  Tim 0:23:46
acc_train_cw [0.0, nan, 1.0, nan, 0.0, 0.0, 0.0]
cw_psl_eval:  [0, 0, 3967, 0, 0, 0, 0] [0, 0, 706, 0, 0, 0, 0]
psl_acc:  0.178 cw_psl_acc:  [nan, nan, 0.17796823382377625, nan, nan, nan, nan]
train batch instace수가 7안됨 pass
**bs에 맞지않음!!!!!**


line 303 => train data수 3902
line 258 => 인스턴스 수 558
=======test_loader=======
=======dev_loader=======
=======train_labeled_loader=======
=======finish=======
>>Epoch 22 Step 8050 acc_test 0.122951 f1_test 0.031283 acc_val 0.228013 f1_val 0.053050 acc_train 0.998975 f1_train 0.199897 psl_cor 706 psl_totl 3967 pslt_global 0.800000  Tim 0:25:18
acc_train_cw [0.0, nan, 1.0, nan, 0.0, 0.0, 0.0]
cw_psl_eval:  [0, 0, 3967, 0, 0, 0, 0] [0, 0, 706, 0, 0, 0, 0]
psl_acc:  0.178 cw_psl_acc:  [nan, nan, 0.17796823382377625, nan, nan, nan, nan]
train batch instace수가 7안됨 pass
**bs에 맞지않음!!!!!**


line 303 => train data수 3902
line 258 => 인스턴스 수 558
=======test_loader=======
=======dev_loader=======
=======train_labeled_loader=======
=======finish=======
>>Epoch 23 Step 8608 acc_test 0.122951 f1_test 0.031283 acc_val 0.228013 f1_val 0.053050 acc_train 0.998975 f1_train 0.199897 psl_cor 706 psl_totl 3967 pslt_global 0.800000  Tim 0:26:51
acc_train_cw [0.0, nan, 1.0, nan, 0.0, 0.0, 0.0]
cw_psl_eval:  [0, 0, 3967, 0, 0, 0, 0] [0, 0, 706, 0, 0, 0, 0]
psl_acc:  0.178 cw_psl_acc:  [nan, nan, 0.17796823382377625, nan, nan, nan, nan]
train batch instace수가 7안됨 pass
**bs에 맞지않음!!!!!**


line 303 => train data수 3902
line 258 => 인스턴스 수 558
=======test_loader=======
=======dev_loader=======
=======train_labeled_loader=======
=======finish=======
>>Epoch 24 Step 9166 acc_test 0.122951 f1_test 0.031283 acc_val 0.228013 f1_val 0.053050 acc_train 0.998975 f1_train 0.199897 psl_cor 706 psl_totl 3967 pslt_global 0.800000  Tim 0:28:23
acc_train_cw [0.0, nan, 1.0, nan, 0.0, 0.0, 0.0]
cw_psl_eval:  [0, 0, 3967, 0, 0, 0, 0] [0, 0, 706, 0, 0, 0, 0]
psl_acc:  0.178 cw_psl_acc:  [nan, nan, 0.17796823382377625, nan, nan, nan, nan]
train batch instace수가 7안됨 pass
**bs에 맞지않음!!!!!**


line 303 => train data수 3902
line 258 => 인스턴스 수 558
=======test_loader=======
=======dev_loader=======
=======train_labeled_loader=======
=======finish=======
>>Epoch 25 Step 9724 acc_test 0.122951 f1_test 0.031283 acc_val 0.228013 f1_val 0.053050 acc_train 0.998975 f1_train 0.199897 psl_cor 706 psl_totl 3967 pslt_global 0.800000  Tim 0:29:56
acc_train_cw [0.0, nan, 1.0, nan, 0.0, 0.0, 0.0]
cw_psl_eval:  [0, 0, 3967, 0, 0, 0, 0] [0, 0, 706, 0, 0, 0, 0]
psl_acc:  0.178 cw_psl_acc:  [nan, nan, 0.17796823382377625, nan, nan, nan, nan]
train batch instace수가 7안됨 pass
**bs에 맞지않음!!!!!**


line 303 => train data수 3902
line 258 => 인스턴스 수 558
=======test_loader=======
=======dev_loader=======
=======train_labeled_loader=======
=======finish=======
>>Epoch 26 Step 10282 acc_test 0.122951 f1_test 0.031283 acc_val 0.228013 f1_val 0.053050 acc_train 0.998975 f1_train 0.199897 psl_cor 706 psl_totl 3967 pslt_global 0.800000  Tim 0:31:29
acc_train_cw [0.0, nan, 1.0, nan, 0.0, 0.0, 0.0]
cw_psl_eval:  [0, 0, 3967, 0, 0, 0, 0] [0, 0, 706, 0, 0, 0, 0]
psl_acc:  0.178 cw_psl_acc:  [nan, nan, 0.17796823382377625, nan, nan, nan, nan]
train batch instace수가 7안됨 pass
**bs에 맞지않음!!!!!**


line 303 => train data수 3902
line 258 => 인스턴스 수 558
=======test_loader=======
=======dev_loader=======
=======train_labeled_loader=======
=======finish=======
>>Epoch 27 Step 10840 acc_test 0.122951 f1_test 0.031283 acc_val 0.228013 f1_val 0.053050 acc_train 0.998975 f1_train 0.199897 psl_cor 706 psl_totl 3967 pslt_global 0.800000  Tim 0:33:02
acc_train_cw [0.0, nan, 1.0, nan, 0.0, 0.0, 0.0]
cw_psl_eval:  [0, 0, 3967, 0, 0, 0, 0] [0, 0, 706, 0, 0, 0, 0]
psl_acc:  0.178 cw_psl_acc:  [nan, nan, 0.17796823382377625, nan, nan, nan, nan]
train batch instace수가 7안됨 pass
**bs에 맞지않음!!!!!**


line 303 => train data수 3902
line 258 => 인스턴스 수 558
=======test_loader=======
=======dev_loader=======
=======train_labeled_loader=======
=======finish=======
>>Epoch 28 Step 11398 acc_test 0.122951 f1_test 0.031283 acc_val 0.228013 f1_val 0.053050 acc_train 0.998975 f1_train 0.199897 psl_cor 706 psl_totl 3967 pslt_global 0.800000  Tim 0:34:34
acc_train_cw [0.0, nan, 1.0, nan, 0.0, 0.0, 0.0]
cw_psl_eval:  [0, 0, 3967, 0, 0, 0, 0] [0, 0, 706, 0, 0, 0, 0]
psl_acc:  0.178 cw_psl_acc:  [nan, nan, 0.17796823382377625, nan, nan, nan, nan]
train batch instace수가 7안됨 pass
**bs에 맞지않음!!!!!**


line 303 => train data수 3902
line 258 => 인스턴스 수 558
=======test_loader=======
=======dev_loader=======
=======train_labeled_loader=======
=======finish=======
>>Epoch 29 Step 11956 acc_test 0.122951 f1_test 0.031283 acc_val 0.228013 f1_val 0.053050 acc_train 0.998975 f1_train 0.199897 psl_cor 706 psl_totl 3967 pslt_global 0.800000  Tim 0:36:07
acc_train_cw [0.0, nan, 1.0, nan, 0.0, 0.0, 0.0]
cw_psl_eval:  [0, 0, 3967, 0, 0, 0, 0] [0, 0, 706, 0, 0, 0, 0]
psl_acc:  0.178 cw_psl_acc:  [nan, nan, 0.17796823382377625, nan, nan, nan, nan]
train batch instace수가 7안됨 pass
**bs에 맞지않음!!!!!**


line 303 => train data수 3902
line 258 => 인스턴스 수 558
=======test_loader=======
=======dev_loader=======
=======train_labeled_loader=======
=======finish=======
>>Epoch 30 Step 12514 acc_test 0.122951 f1_test 0.031283 acc_val 0.228013 f1_val 0.053050 acc_train 0.998975 f1_train 0.199897 psl_cor 706 psl_totl 3967 pslt_global 0.800000  Tim 0:37:40
acc_train_cw [0.0, nan, 1.0, nan, 0.0, 0.0, 0.0]
cw_psl_eval:  [0, 0, 3967, 0, 0, 0, 0] [0, 0, 706, 0, 0, 0, 0]
psl_acc:  0.178 cw_psl_acc:  [nan, nan, 0.17796823382377625, nan, nan, nan, nan]
train batch instace수가 7안됨 pass
**bs에 맞지않음!!!!!**


line 303 => train data수 3902
line 258 => 인스턴스 수 558
=======test_loader=======
=======dev_loader=======
=======train_labeled_loader=======
=======finish=======
>>Epoch 31 Step 13072 acc_test 0.122951 f1_test 0.031283 acc_val 0.228013 f1_val 0.053050 acc_train 0.998975 f1_train 0.199897 psl_cor 706 psl_totl 3967 pslt_global 0.800000  Tim 0:39:13
acc_train_cw [0.0, nan, 1.0, nan, 0.0, 0.0, 0.0]
cw_psl_eval:  [0, 0, 3967, 0, 0, 0, 0] [0, 0, 706, 0, 0, 0, 0]
psl_acc:  0.178 cw_psl_acc:  [nan, nan, 0.17796823382377625, nan, nan, nan, nan]
Early stopping trigger at step:  13072
Best model at step:  0
**조기종료됨**
**bs에 맞지않음!!!!!**

종료된 epoch시점 :  32 (epoch - 11에서부터 acc_val증가 안됨.)
조기종료 early_stop_flag 

Training complete!
Total training took 0:39:30 (h:mm:ss)
Load model from ./experiment/few_shot/output/1_codebert-base_0.0005_0.8_30_python_extended_data_net0.pth
Save training statistics in:  ./experiment/few_shot/log/20240330-002552/0/training_statistics.csv

Best_step:  0 
best_test_acc:  0.19262295081967212 
best_test_f1:  0.09891822583616645
Save best record in:  ./experiment/few_shot/log/20240330-002552/summary.csv
Save best record in:  ./experiment/few_shot/log/summary_avgrun.csv
