current work directory:  /home/imsuhan22/few-shot-tc/JointMatch_SSL/code
java_extended_data
save_name: 10_codet5p-110m-embedding_0.0005_0.7_10_java_extended_data

data_path:  ../data/../data/problem_based_split/java_extended_data

There are 1 GPU(s) available.
We will use the GPU- 0 NVIDIA GeForce RTX 3090

**line 147 모델 =>  Salesforce/codet5p-110m-embedding
**tokenizer type =  Salesforce/codet5p-110m-embedding 

n_labeled_per_class:  10
train_df samples: 3851
train_labeled_df samples: 70
train_unlabeled_df samples: 3781
n_classes:  7 

net_arch:  Salesforce/codet5p-110m-embedding lr:  0.0005

line 303 => train data수 70
line 258 => 인스턴스 수 10
>>Epoch 1 Step 0 acc_test 0.382550 f1_test 0.130231 acc_val 0.040609 f1_val 0.027640 acc_train 0.185714 f1_train 0.087179 psl_cor 0 psl_totl 0 pslt_global 0.000000  Tim 0:00:23
acc_train_cw(현재 train의 class별 acc) [0.0, 0.0, 0.0, 0.0, 0.4, 0.9, 0.0]
cw_psl_total_eval(이전 pseudo label 클래스별 총 샘플 수):  [0, 0, 0, 0, 0, 0, 0]
cw_psl_correct_eval(이전 pseudo label 클래스별 맞은 샘플 수):  [0, 0, 0, 0, 0, 0, 0]
psl_acc(PSL 평가에서의 정확도): None 
cw_psl_acc(이전 클래스별 PSL 평가에서의 정확도):  [nan, nan, nan, nan, nan, nan, nan]
Save model to ./experiment/few_shot/output/
