current work directory:  /home/imsuhan22/few-shot-tc/JointMatch_SSL/codebert/code
java_extended_data
save_name: 1_codebert-base_0.0001_0.9_10_java_extended_data

data_path:  ../data/../data/problem_based_split/java_extended_data

There are 1 GPU(s) available.
We will use the GPU- 0 NVIDIA GeForce RTX 3090

**line 147 모델 =>  microsoft/codebert-base
**tokenizer type =  microsoft/codebert-base 

n_labeled_per_class:  1
train_df samples: 3851
train_labeled_df samples: 7
train_unlabeled_df samples: 3844
n_classes:  7 

net_arch:  microsoft/codebert-base lr:  0.0001

line 303 => train data수 7
line 258 => 인스턴스 수 1
=======test_loader=======
=======dev_loader=======
=======train_labeled_loader=======
=======finish=======
>>Epoch 1 Step 0 acc_test 0.136465 f1_test 0.040425 acc_val 0.098139 f1_val 0.038512 acc_train 0.142857 f1_train 0.035714 psl_cor 0 psl_totl 0 pslt_global 0.000000  Tim 0:00:11
acc_train_cw [1.0, 0.0, 0.0, 0.0, 0.0, 0.0, 0.0]
cw_psl_eval:  [0, 0, 0, 0, 0, 0, 0] [0, 0, 0, 0, 0, 0, 0]
psl_acc: None cw_psl_acc:  [nan, nan, nan, nan, nan, nan, nan]
Save model to ./experiment/few_shot/output/

line 303 => train data수 7
line 258 => 인스턴스 수 1
=======test_loader=======
=======dev_loader=======
=======train_labeled_loader=======
=======finish=======
>>Epoch 2 Step 1 acc_test 0.194631 f1_test 0.055116 acc_val 0.250423 f1_val 0.077817 acc_train 0.428571 f1_train 0.333333 psl_cor 0 psl_totl 0 pslt_global 0.900000  Tim 0:00:39
acc_train_cw [0.0, 0.0, 1.0, 0.0, 1.0, 0.0, 1.0]
cw_psl_eval:  [0, 0, 0, 0, 0, 0, 0] [0, 0, 0, 0, 0, 0, 0]
psl_acc: None cw_psl_acc:  [nan, nan, nan, nan, nan, nan, nan]
Save model to ./experiment/few_shot/output/

line 303 => train data수 7
line 258 => 인스턴스 수 1
=======test_loader=======
=======dev_loader=======
=======train_labeled_loader=======
=======finish=======
>>Epoch 3 Step 2 acc_test 0.225951 f1_test 0.075210 acc_val 0.260575 f1_val 0.067987 acc_train 0.428571 f1_train 0.333333 psl_cor 0 psl_totl 0 pslt_global 0.900000  Tim 0:01:17
acc_train_cw [0.0, 0.0, 1.0, 0.0, 1.0, 0.0, 1.0]
cw_psl_eval:  [0, 0, 0, 0, 0, 0, 0] [0, 0, 0, 0, 0, 0, 0]
psl_acc: None cw_psl_acc:  [nan, nan, nan, nan, nan, nan, nan]
Save model to ./experiment/few_shot/output/

line 303 => train data수 7
line 258 => 인스턴스 수 1
=======test_loader=======
=======dev_loader=======
=======train_labeled_loader=======
=======finish=======
>>Epoch 4 Step 3 acc_test 0.172260 f1_test 0.113943 acc_val 0.203046 f1_val 0.159603 acc_train 0.428571 f1_train 0.285714 psl_cor 0 psl_totl 0 pslt_global 0.900000  Tim 0:01:52
acc_train_cw [0.0, 0.0, 1.0, 1.0, 1.0, 0.0, 0.0]
cw_psl_eval:  [0, 0, 0, 0, 0, 0, 0] [0, 0, 0, 0, 0, 0, 0]
psl_acc: None cw_psl_acc:  [nan, nan, nan, nan, nan, nan, nan]

line 303 => train data수 7
line 258 => 인스턴스 수 1
=======test_loader=======
=======dev_loader=======
=======train_labeled_loader=======
=======finish=======
>>Epoch 5 Step 4 acc_test 0.060403 f1_test 0.049614 acc_val 0.213198 f1_val 0.087477 acc_train 0.571429 f1_train 0.485714 psl_cor 0 psl_totl 0 pslt_global 0.900000  Tim 0:02:21
acc_train_cw [0.0, 0.0, 1.0, 1.0, 1.0, 0.0, 1.0]
cw_psl_eval:  [0, 0, 0, 0, 0, 0, 0] [0, 0, 0, 0, 0, 0, 0]
psl_acc: None cw_psl_acc:  [nan, nan, nan, nan, nan, nan, nan]

line 303 => train data수 7
line 258 => 인스턴스 수 1
=======test_loader=======
=======dev_loader=======
=======train_labeled_loader=======
=======finish=======
>>Epoch 6 Step 5 acc_test 0.131991 f1_test 0.114880 acc_val 0.203046 f1_val 0.143542 acc_train 0.714286 f1_train 0.642857 psl_cor 0 psl_totl 0 pslt_global 0.900000  Tim 0:02:49
acc_train_cw [1.0, 0.0, 1.0, 1.0, 1.0, 0.0, 1.0]
cw_psl_eval:  [0, 0, 0, 0, 0, 0, 0] [0, 0, 0, 0, 0, 0, 0]
psl_acc: None cw_psl_acc:  [nan, nan, nan, nan, nan, nan, nan]

line 303 => train data수 7
line 258 => 인스턴스 수 1
=======test_loader=======
=======dev_loader=======
=======train_labeled_loader=======
=======finish=======
>>Epoch 7 Step 6 acc_test 0.098434 f1_test 0.091475 acc_val 0.123519 f1_val 0.097635 acc_train 0.714286 f1_train 0.642857 psl_cor 0 psl_totl 0 pslt_global 0.900000  Tim 0:03:17
acc_train_cw [1.0, 0.0, 1.0, 1.0, 1.0, 0.0, 1.0]
cw_psl_eval:  [0, 0, 0, 0, 0, 0, 0] [0, 0, 0, 0, 0, 0, 0]
psl_acc: None cw_psl_acc:  [nan, nan, nan, nan, nan, nan, nan]

line 303 => train data수 7
line 258 => 인스턴스 수 1
=======test_loader=======
=======dev_loader=======
=======train_labeled_loader=======
=======finish=======
>>Epoch 8 Step 7 acc_test 0.085011 f1_test 0.093688 acc_val 0.184433 f1_val 0.133488 acc_train 1.000000 f1_train 1.000000 psl_cor 0 psl_totl 0 pslt_global 0.900000  Tim 0:03:46
acc_train_cw [1.0, 1.0, 1.0, 1.0, 1.0, 1.0, 1.0]
cw_psl_eval:  [0, 0, 0, 0, 0, 0, 0] [0, 0, 0, 0, 0, 0, 0]
psl_acc: None cw_psl_acc:  [nan, nan, nan, nan, nan, nan, nan]

line 303 => train data수 7
line 258 => 인스턴스 수 1
=======test_loader=======
=======dev_loader=======
=======train_labeled_loader=======
=======finish=======
>>Epoch 9 Step 8 acc_test 0.140940 f1_test 0.119721 acc_val 0.153976 f1_val 0.117591 acc_train 1.000000 f1_train 1.000000 psl_cor 0 psl_totl 0 pslt_global 0.900000  Tim 0:04:15
acc_train_cw [1.0, 1.0, 1.0, 1.0, 1.0, 1.0, 1.0]
cw_psl_eval:  [0, 0, 0, 0, 0, 0, 0] [0, 0, 0, 0, 0, 0, 0]
psl_acc: None cw_psl_acc:  [nan, nan, nan, nan, nan, nan, nan]

line 303 => train data수 7
line 258 => 인스턴스 수 1
=======test_loader=======
=======dev_loader=======
=======train_labeled_loader=======
=======finish=======
>>Epoch 10 Step 9 acc_test 0.143177 f1_test 0.116194 acc_val 0.155668 f1_val 0.113657 acc_train 1.000000 f1_train 1.000000 psl_cor 0 psl_totl 0 pslt_global 0.900000  Tim 0:04:43
acc_train_cw [1.0, 1.0, 1.0, 1.0, 1.0, 1.0, 1.0]
cw_psl_eval:  [0, 0, 0, 0, 0, 0, 0] [0, 0, 0, 0, 0, 0, 0]
psl_acc: None cw_psl_acc:  [nan, nan, nan, nan, nan, nan, nan]

line 303 => train data수 17
line 258 => 인스턴스 수 3
=======test_loader=======
=======dev_loader=======
=======train_labeled_loader=======
=======finish=======
>>Epoch 11 Step 10 acc_test 0.100671 f1_test 0.092351 acc_val 0.153976 f1_val 0.109699 acc_train 0.941176 f1_train 0.904762 psl_cor 1 psl_totl 10 pslt_global 0.900000  Tim 0:05:12
acc_train_cw [1.0, 1.0, 1.0, 1.0, 0.5, 1.0, 1.0]
cw_psl_eval:  [0, 0, 7, 0, 1, 0, 2] [0, 0, 0, 0, 0, 0, 1]
psl_acc:  0.1 cw_psl_acc:  [nan, nan, 0.0, nan, 0.0, nan, 0.5]
train batch instace수가 7안됨 pass

line 303 => train data수 1307
line 258 => 인스턴스 수 187
=======test_loader=======
=======dev_loader=======
=======train_labeled_loader=======
=======finish=======
>>Epoch 12 Step 13 acc_test 0.147651 f1_test 0.120713 acc_val 0.167513 f1_val 0.129286 acc_train 0.875287 f1_train 0.701215 psl_cor 307 psl_totl 1297 pslt_global 0.900000  Tim 0:05:46
acc_train_cw [0.89, 0.727, 1.0, 0.572, 0.89, 0.111, 0.994]
cw_psl_eval:  [354, 21, 4, 137, 449, 8, 324] [124, 1, 0, 21, 101, 2, 58]
psl_acc:  0.237 cw_psl_acc:  [0.3502824902534485, 0.0476190485060215, 0.0, 0.15328466892242432, 0.2249443233013153, 0.25, 0.17901234328746796]
train batch instace수가 7안됨 pass
**bs에 맞지않음!!!!!**


line 303 => train data수 2109
line 258 => 인스턴스 수 302
=======test_loader=======
=======dev_loader=======
=======train_labeled_loader=======
=======finish=======
>>Epoch 13 Step 200 acc_test 0.125280 f1_test 0.106580 acc_val 0.221658 f1_val 0.169028 acc_train 0.910384 f1_train 0.770887 psl_cor 410 psl_totl 1739 pslt_global 0.900000  Tim 0:06:42
acc_train_cw [0.952, 0.799, 0.96, 0.995, 0.949, 0.0, 0.762]
cw_psl_eval:  [559, 133, 318, 88, 349, 0, 292] [197, 24, 51, 8, 79, 0, 51]
psl_acc:  0.236 cw_psl_acc:  [0.3524150252342224, 0.18045112490653992, 0.1603773534297943, 0.09090909361839294, 0.22636103630065918, nan, 0.17465753853321075]
Early stopping trigger at step:  200
Best model at step:  2
**조기종료됨**
**bs에 맞지않음!!!!!**

종료된 epoch시점 :  14 (epoch - 11에서부터 acc_val증가 안됨.)
조기종료 early_stop_flag 

Training complete!
Total training took 0:07:01 (h:mm:ss)
Load model from ./experiment/few_shot/output/1_codebert-base_0.0001_0.9_10_java_extended_data_net0.pth
Save training statistics in:  ./experiment/few_shot/log/20240329-011941/0/training_statistics.csv

Best_step:  2 
best_test_acc:  0.22595078299776286 
best_test_f1:  0.07520986831029607
Save best record in:  ./experiment/few_shot/log/20240329-011941/summary.csv
Save best record in:  ./experiment/few_shot/log/summary_avgrun.csv
