current work directory:  /home/imsuhan22/few-shot-tc/custom_ssl/code
Data set -> python_extended_data
save_name: 10_codesage-base_0.0003_0.7_python_extended_data_37_[43]

data_path:  ../data/problem_based_split/python_extended_data

There are 1 GPU(s) available.
We will use the GPU- 0 Quadro RTX 8000

**line 147 모델 =>  codesage/codesage-base
**tokenizer type =  codesage/codesage-base 

pesudo label class개수 기준 -> 7
n_labeled_per_class:  10
train_df samples: 3974
train_labeled_df samples: 70
train_unlabeled_df samples: 3904
n_classes:  7 


net_arch:  codesage/codesage-base 
lr:  0.0003 
lr_linear:  0.001 




line 303 => train data수 70
line 258 => 인스턴스 수 10
Step 0  Tim 0:00:23
acc_train_cw(현재 train의 class별 acc) [0.0, 0.3, 0.2, 0.0, 0.3, 0.2, 0.0]
cw_psl_total_eval(pseudo label 클래스별 총 샘플 수):  [0, 0, 0, 0, 0, 0, 0]
cw_psl_correct_eval(pseudo label 클래스별 맞은 샘플 수):  [0, 0, 0, 0, 0, 0, 0]
psl_acc(PSL 평가에서의 정확도): None 
cw_psl_acc(클래스별 PSL 평가에서의 정확도):  [nan, nan, nan, nan, nan, nan, nan]
***best_acc_model_save --- epoch = 1***
Save model to ./experiment/python_extended_data/output/
**pseudo_label ->  [0.047, 0.368, 0.3598, 0.0159, 0.009, 0.1723, 0.0281] **
max =  0.368 | max_idx =  1
**pseudo_label ->  [0.1266, 0.2388, 0.294, 0.0077, 0.1056, 0.0899, 0.1374] **
max =  0.294 | max_idx =  2
**pseudo_label ->  [0.0026, 0.749, 0.0546, 0.0289, 0.122, 0.0271, 0.0159] **
max =  0.749 | max_idx =  1
**pseudo_label ->  [0.0278, 0.1766, 0.054, 0.0199, 0.4204, 0.2829, 0.0185] **
max =  0.4204 | max_idx =  4
**pseudo_label ->  [0.0121, 0.0499, 0.2013, 0.0366, 0.3406, 0.2619, 0.0976] **
max =  0.3406 | max_idx =  4
Balance pseudo label class ->  [1, 2, 3, 4, 5, 6, 7]  value ->  2
add data ->  14
Epoch 1/37, Train Loss: 5.4999, Valid Loss: 2.3752, Train Acc: 0.1429, Val Acc: 0.0945, Test Acc: 0.3156, Test F1(macro): 0.1873, Test F1(micro) : 0.1429,Total Pseudo-Labels: 0, Correct Pseudo-Labels: 0, Train Data Number: 84



line 303 => train data수 84
line 258 => 인스턴스 수 12
Step 10  Tim 0:02:48
acc_train_cw(현재 train의 class별 acc) [0.0, 0.0, 0.0, 0.0, 0.0, 0.0, 1.0]
cw_psl_total_eval(pseudo label 클래스별 총 샘플 수):  [2, 59, 48, 11, 21, 70, 5]
cw_psl_correct_eval(pseudo label 클래스별 맞은 샘플 수):  [1, 4, 6, 1, 3, 11, 1]
psl_acc(PSL 평가에서의 정확도):  0.125 
cw_psl_acc(클래스별 PSL 평가에서의 정확도):  [0.5, 0.06779661029577255, 0.125, 0.09090909361839294, 0.1428571492433548, 0.15714286267757416, 0.20000000298023224]
***pse_model_save --- epoch = 2***
Save model to ./experiment/python_extended_data/output/
**pseudo_label ->  [0.0604, 0.0859, 0.103, 0.0624, 0.1113, 0.0257, 0.5513] **
max =  0.5513 | max_idx =  6
**pseudo_label ->  [0.0465, 0.0765, 0.039, 0.0503, 0.0652, 0.0288, 0.6936] **
max =  0.6936 | max_idx =  6
**pseudo_label ->  [0.0587, 0.076, 0.1918, 0.0693, 0.0589, 0.0314, 0.5139] **
max =  0.5139 | max_idx =  6
**pseudo_label ->  [0.429, 0.0135, 0.1292, 0.0498, 0.0736, 0.1169, 0.1882] **
max =  0.429 | max_idx =  0
**pseudo_label ->  [0.0317, 0.0891, 0.0454, 0.0852, 0.0511, 0.0273, 0.6702] **
max =  0.6702 | max_idx =  6
Epoch 2/37, Train Loss: 2.4978, Valid Loss: 1.9834, Train Acc: 0.1429, Val Acc: 0.1173, Test Acc: 0.0184, Test F1(macro): 0.0052, Test F1(micro) : 0.1429,Total Pseudo-Labels: 0, Correct Pseudo-Labels: 0, Train Data Number: 84



line 303 => train data수 84
line 258 => 인스턴스 수 12
Step 22  Tim 0:05:14
acc_train_cw(현재 train의 class별 acc) [0.0, 0.0, 0.0, 0.0, 0.0, 0.0, 1.0]
cw_psl_total_eval(pseudo label 클래스별 총 샘플 수):  [0, 0, 0, 0, 0, 0, 155]
cw_psl_correct_eval(pseudo label 클래스별 맞은 샘플 수):  [0, 0, 0, 0, 0, 0, 13]
psl_acc(PSL 평가에서의 정확도):  0.084 
cw_psl_acc(클래스별 PSL 평가에서의 정확도):  [nan, nan, nan, nan, nan, nan, 0.08387096971273422]
**pseudo_label ->  [0.0996, 0.1008, 0.0872, 0.1635, 0.142, 0.1431, 0.2639] **
max =  0.2639 | max_idx =  6
**pseudo_label ->  [0.0634, 0.1287, 0.0858, 0.1904, 0.1771, 0.1324, 0.2222] **
max =  0.2222 | max_idx =  6
**pseudo_label ->  [0.0755, 0.1153, 0.0758, 0.1326, 0.2206, 0.1898, 0.1904] **
max =  0.2206 | max_idx =  4
**pseudo_label ->  [0.0872, 0.1284, 0.0861, 0.1654, 0.1307, 0.1849, 0.2172] **
max =  0.2172 | max_idx =  6
**pseudo_label ->  [0.1388, 0.0827, 0.074, 0.1668, 0.2315, 0.1165, 0.1896] **
max =  0.2315 | max_idx =  4
Epoch 3/37, Train Loss: 2.3980, Valid Loss: 2.9920, Train Acc: 0.1429, Val Acc: 0.1173, Test Acc: 0.0184, Test F1(macro): 0.0052, Test F1(micro) : 0.1429,Total Pseudo-Labels: 0, Correct Pseudo-Labels: 0, Train Data Number: 84



line 303 => train data수 84
line 258 => 인스턴스 수 12
Step 34  Tim 0:07:37
acc_train_cw(현재 train의 class별 acc) [0.0, 0.0, 0.0, 0.0, 0.0, 1.0, 0.0]
cw_psl_total_eval(pseudo label 클래스별 총 샘플 수):  [0, 0, 0, 0, 0, 0, 0]
cw_psl_correct_eval(pseudo label 클래스별 맞은 샘플 수):  [0, 0, 0, 0, 0, 0, 0]
psl_acc(PSL 평가에서의 정확도): None 
cw_psl_acc(클래스별 PSL 평가에서의 정확도):  [nan, nan, nan, nan, nan, nan, nan]
**pseudo_label ->  [0.0495, 0.2093, 0.0852, 0.0079, 0.1263, 0.494, 0.0278] **
max =  0.494 | max_idx =  5
**pseudo_label ->  [0.0602, 0.2875, 0.0765, 0.009, 0.1174, 0.417, 0.0324] **
max =  0.417 | max_idx =  5
**pseudo_label ->  [0.0832, 0.2888, 0.1033, 0.0159, 0.1209, 0.3676, 0.0204] **
max =  0.3676 | max_idx =  5
**pseudo_label ->  [0.0342, 0.7223, 0.0885, 0.0069, 0.13, 0.0155, 0.0026] **
max =  0.7223 | max_idx =  1
**pseudo_label ->  [0.0438, 0.3173, 0.0269, 0.0183, 0.0855, 0.4527, 0.0554] **
max =  0.4527 | max_idx =  5
Epoch 4/37, Train Loss: 2.3416, Valid Loss: 2.5157, Train Acc: 0.1429, Val Acc: 0.0261, Test Acc: 0.2971, Test F1(macro): 0.0654, Test F1(micro) : 0.1429,Total Pseudo-Labels: 0, Correct Pseudo-Labels: 0, Train Data Number: 84



line 303 => train data수 84
line 258 => 인스턴스 수 12
Step 46  Tim 0:10:00
acc_train_cw(현재 train의 class별 acc) [1.0, 0.0, 0.0, 0.0, 0.0, 0.0, 0.083]
cw_psl_total_eval(pseudo label 클래스별 총 샘플 수):  [0, 138, 0, 0, 0, 281, 0]
cw_psl_correct_eval(pseudo label 클래스별 맞은 샘플 수):  [0, 17, 0, 0, 0, 30, 0]
psl_acc(PSL 평가에서의 정확도):  0.112 
cw_psl_acc(클래스별 PSL 평가에서의 정확도):  [nan, 0.12318840622901917, nan, nan, nan, 0.10676156729459763, nan]
**pseudo_label ->  [0.2548, 0.2359, 0.0119, 0.139, 0.0436, 0.0777, 0.237] **
max =  0.2548 | max_idx =  0
**pseudo_label ->  [0.1956, 0.1898, 0.0131, 0.1158, 0.0469, 0.0792, 0.3597] **
max =  0.3597 | max_idx =  6
**pseudo_label ->  [0.5093, 0.0222, 0.0067, 0.0874, 0.0301, 0.2895, 0.0549] **
max =  0.5093 | max_idx =  0
**pseudo_label ->  [0.1411, 0.1742, 0.0031, 0.2124, 0.0453, 0.1221, 0.3019] **
max =  0.3019 | max_idx =  6
**pseudo_label ->  [0.2387, 0.1965, 0.0111, 0.1562, 0.0591, 0.1071, 0.2313] **
max =  0.2387 | max_idx =  0
Epoch 5/37, Train Loss: 2.4445, Valid Loss: 2.2682, Train Acc: 0.1548, Val Acc: 0.0912, Test Acc: 0.0799, Test F1(macro): 0.0332, Test F1(micro) : 0.1548,Total Pseudo-Labels: 0, Correct Pseudo-Labels: 0, Train Data Number: 84



line 303 => train data수 84
line 258 => 인스턴스 수 12
Step 58  Tim 0:12:23
acc_train_cw(현재 train의 class별 acc) [0.417, 0.0, 0.0, 0.667, 0.0, 0.0, 1.0]
cw_psl_total_eval(pseudo label 클래스별 총 샘플 수):  [44, 21, 0, 0, 0, 0, 0]
cw_psl_correct_eval(pseudo label 클래스별 맞은 샘플 수):  [23, 1, 0, 0, 0, 0, 0]
psl_acc(PSL 평가에서의 정확도):  0.369 
cw_psl_acc(클래스별 PSL 평가에서의 정확도):  [0.5227272510528564, 0.0476190485060215, nan, nan, nan, nan, nan]
**pseudo_label ->  [0.0182, 0.1555, 0.0272, 0.223, 0.0037, 0.0738, 0.4985] **
max =  0.4985 | max_idx =  6
**pseudo_label ->  [0.0138, 0.2518, 0.0255, 0.1067, 0.0129, 0.2556, 0.3337] **
max =  0.3337 | max_idx =  6
**pseudo_label ->  [0.0272, 0.2012, 0.0534, 0.1838, 0.0122, 0.2162, 0.306] **
max =  0.306 | max_idx =  6
**pseudo_label ->  [0.0363, 0.0341, 0.0519, 0.1204, 0.0052, 0.4862, 0.266] **
max =  0.4862 | max_idx =  5
**pseudo_label ->  [0.0187, 0.2436, 0.0538, 0.1286, 0.0065, 0.0842, 0.4646] **
max =  0.4646 | max_idx =  6
Epoch 6/37, Train Loss: 2.1319, Valid Loss: 2.9427, Train Acc: 0.2976, Val Acc: 0.1824, Test Acc: 0.0615, Test F1(macro): 0.0378, Test F1(micro) : 0.2976,Total Pseudo-Labels: 0, Correct Pseudo-Labels: 0, Train Data Number: 84



line 303 => train data수 84
line 258 => 인스턴스 수 12
Step 70  Tim 0:14:45
acc_train_cw(현재 train의 class별 acc) [0.917, 0.0, 0.0, 0.833, 0.0, 1.0, 0.0]
cw_psl_total_eval(pseudo label 클래스별 총 샘플 수):  [11, 242, 0, 0, 0, 3, 0]
cw_psl_correct_eval(pseudo label 클래스별 맞은 샘플 수):  [11, 32, 0, 0, 0, 1, 0]
psl_acc(PSL 평가에서의 정확도):  0.172 
cw_psl_acc(클래스별 PSL 평가에서의 정확도):  [1.0, 0.13223139941692352, nan, nan, nan, 0.3333333432674408, nan]
**pseudo_label ->  [0.008, 0.0029, 0.0056, 0.0149, 0.0051, 0.9541, 0.0094] **
max =  0.9541 | max_idx =  5
**pseudo_label ->  [0.0016, 0.0166, 0.0045, 0.0236, 0.0231, 0.8588, 0.0718] **
max =  0.8588 | max_idx =  5
**pseudo_label ->  [0.0031, 0.0215, 0.0101, 0.038, 0.0267, 0.8312, 0.0694] **
max =  0.8312 | max_idx =  5
**pseudo_label ->  [0.0012, 0.0131, 0.0055, 0.0183, 0.0131, 0.9114, 0.0373] **
max =  0.9114 | max_idx =  5
**pseudo_label ->  [0.025, 0.0378, 0.0177, 0.3286, 0.0182, 0.4878, 0.0848] **
max =  0.4878 | max_idx =  5
Epoch 7/37, Train Loss: 2.1394, Valid Loss: 2.5531, Train Acc: 0.3929, Val Acc: 0.0945, Test Acc: 0.3361, Test F1(macro): 0.1254, Test F1(micro) : 0.3929,Total Pseudo-Labels: 0, Correct Pseudo-Labels: 0, Train Data Number: 84



line 303 => train data수 84
line 258 => 인스턴스 수 12
Step 82  Tim 0:17:08
acc_train_cw(현재 train의 class별 acc) [0.0, 0.083, 0.167, 0.0, 1.0, 0.0, 0.0]
cw_psl_total_eval(pseudo label 클래스별 총 샘플 수):  [91, 0, 0, 15, 0, 2056, 0]
cw_psl_correct_eval(pseudo label 클래스별 맞은 샘플 수):  [85, 0, 0, 0, 0, 356, 0]
psl_acc(PSL 평가에서의 정확도):  0.204 
cw_psl_acc(클래스별 PSL 평가에서의 정확도):  [0.9340659379959106, nan, nan, 0.0, nan, 0.17315174639225006, nan]
**pseudo_label ->  [0.0014, 0.1037, 0.3357, 0.0365, 0.4618, 0.0082, 0.0526] **
max =  0.4618 | max_idx =  4
**pseudo_label ->  [0.0007, 0.1515, 0.1277, 0.0192, 0.5193, 0.024, 0.1575] **
max =  0.5193 | max_idx =  4
**pseudo_label ->  [0.0008, 0.1009, 0.1477, 0.0326, 0.5538, 0.0196, 0.1445] **
max =  0.5538 | max_idx =  4
**pseudo_label ->  [0.0009, 0.0975, 0.087, 0.0186, 0.4809, 0.042, 0.2731] **
max =  0.4809 | max_idx =  4
**pseudo_label ->  [0.0014, 0.1435, 0.1946, 0.0576, 0.4824, 0.0203, 0.1001] **
max =  0.4824 | max_idx =  4
Epoch 8/37, Train Loss: 1.9498, Valid Loss: 1.9752, Train Acc: 0.1786, Val Acc: 0.1433, Test Acc: 0.0533, Test F1(macro): 0.0299, Test F1(micro) : 0.1786,Total Pseudo-Labels: 0, Correct Pseudo-Labels: 0, Train Data Number: 84



line 303 => train data수 84
line 258 => 인스턴스 수 12
Step 94  Tim 0:19:29
acc_train_cw(현재 train의 class별 acc) [0.917, 0.583, 1.0, 0.0, 0.0, 0.417, 0.667]
cw_psl_total_eval(pseudo label 클래스별 총 샘플 수):  [0, 0, 1, 7, 110, 0, 0]
cw_psl_correct_eval(pseudo label 클래스별 맞은 샘플 수):  [0, 0, 1, 0, 24, 0, 0]
psl_acc(PSL 평가에서의 정확도):  0.212 
cw_psl_acc(클래스별 PSL 평가에서의 정확도):  [nan, nan, 1.0, 0.0, 0.2181818187236786, nan, nan]
**pseudo_label ->  [0.0128, 0.0363, 0.8133, 0.0905, 0.0131, 0.0167, 0.0173] **
max =  0.8133 | max_idx =  2
**pseudo_label ->  [0.0048, 0.0946, 0.2674, 0.0578, 0.1285, 0.2248, 0.2221] **
max =  0.2674 | max_idx =  2
**pseudo_label ->  [0.0114, 0.0441, 0.7581, 0.0904, 0.0227, 0.0304, 0.0428] **
max =  0.7581 | max_idx =  2
**pseudo_label ->  [0.0018, 0.0681, 0.0826, 0.0177, 0.1454, 0.3117, 0.3726] **
max =  0.3726 | max_idx =  6
**pseudo_label ->  [0.054, 0.0118, 0.6473, 0.1006, 0.024, 0.1485, 0.0138] **
max =  0.6473 | max_idx =  2
Epoch 9/37, Train Loss: 1.5310, Valid Loss: 2.9906, Train Acc: 0.5119, Val Acc: 0.2378, Test Acc: 0.2193, Test F1(macro): 0.1364, Test F1(micro) : 0.5119,Total Pseudo-Labels: 0, Correct Pseudo-Labels: 0, Train Data Number: 84



line 303 => train data수 84
line 258 => 인스턴스 수 12
Step 106  Tim 0:21:52
acc_train_cw(현재 train의 class별 acc) [0.667, 0.917, 0.333, 0.917, 0.0, 0.917, 0.917]
cw_psl_total_eval(pseudo label 클래스별 총 샘플 수):  [174, 24, 1085, 0, 0, 31, 0]
cw_psl_correct_eval(pseudo label 클래스별 맞은 샘플 수):  [160, 14, 263, 0, 0, 13, 0]
psl_acc(PSL 평가에서의 정확도):  0.342 
cw_psl_acc(클래스별 PSL 평가에서의 정확도):  [0.9195402264595032, 0.5833333134651184, 0.2423963099718094, nan, nan, 0.4193548262119293, nan]
**pseudo_label ->  [0.0019, 0.0192, 0.5668, 0.3345, 0.0037, 0.0098, 0.0642] **
max =  0.5668 | max_idx =  2
**pseudo_label ->  [0.0001, 0.0009, 0.0028, 0.0013, 0.0015, 0.8754, 0.1181] **
max =  0.8754 | max_idx =  5
**pseudo_label ->  [0.0021, 0.0352, 0.4233, 0.2637, 0.0081, 0.063, 0.2045] **
max =  0.4233 | max_idx =  2
**pseudo_label ->  [0.0, 0.0021, 0.0022, 0.0005, 0.0022, 0.5454, 0.4475] **
max =  0.5454 | max_idx =  5
**pseudo_label ->  [0.0006, 0.0546, 0.1954, 0.069, 0.0172, 0.1948, 0.4683] **
max =  0.4683 | max_idx =  6
Epoch 10/37, Train Loss: 1.3900, Valid Loss: 3.6483, Train Acc: 0.6667, Val Acc: 0.2215, Test Acc: 0.4611, Test F1(macro): 0.2982, Test F1(micro) : 0.6667,Total Pseudo-Labels: 0, Correct Pseudo-Labels: 0, Train Data Number: 84



line 303 => train data수 84
line 258 => 인스턴스 수 12
Step 118  Tim 0:24:14
acc_train_cw(현재 train의 class별 acc) [0.917, 1.0, 0.0, 0.583, 1.0, 0.0, 0.0]
cw_psl_total_eval(pseudo label 클래스별 총 샘플 수):  [71, 270, 4, 84, 0, 160, 162]
cw_psl_correct_eval(pseudo label 클래스별 맞은 샘플 수):  [70, 143, 3, 9, 0, 38, 29]
psl_acc(PSL 평가에서의 정확도):  0.389 
cw_psl_acc(클래스별 PSL 평가에서의 정확도):  [0.98591548204422, 0.529629647731781, 0.75, 0.1071428582072258, nan, 0.23749999701976776, 0.17901234328746796]
**pseudo_label ->  [0.004, 0.0994, 0.0144, 0.3573, 0.512, 0.0018, 0.0111] **
max =  0.512 | max_idx =  4
**pseudo_label ->  [0.0, 0.0212, 0.0007, 0.0046, 0.8867, 0.0388, 0.0479] **
max =  0.8867 | max_idx =  4
**pseudo_label ->  [0.0006, 0.0248, 0.0058, 0.0341, 0.9272, 0.0008, 0.0067] **
max =  0.9272 | max_idx =  4
**pseudo_label ->  [0.0001, 0.0905, 0.0014, 0.0015, 0.7194, 0.1297, 0.0574] **
max =  0.7194 | max_idx =  4
**pseudo_label ->  [0.0007, 0.1029, 0.0038, 0.029, 0.7768, 0.0298, 0.0569] **
max =  0.7768 | max_idx =  4
Epoch 11/37, Train Loss: 1.0832, Valid Loss: 2.9431, Train Acc: 0.5000, Val Acc: 0.1792, Test Acc: 0.2869, Test F1(macro): 0.1547, Test F1(micro) : 0.5000,Total Pseudo-Labels: 0, Correct Pseudo-Labels: 0, Train Data Number: 84



line 303 => train data수 84
line 258 => 인스턴스 수 12
Step 130  Tim 0:26:36
acc_train_cw(현재 train의 class별 acc) [0.917, 0.833, 1.0, 0.583, 0.583, 0.5, 1.0]
cw_psl_total_eval(pseudo label 클래스별 총 샘플 수):  [92, 549, 0, 25, 1797, 0, 0]
cw_psl_correct_eval(pseudo label 클래스별 맞은 샘플 수):  [90, 242, 0, 2, 382, 0, 0]
psl_acc(PSL 평가에서의 정확도):  0.291 
cw_psl_acc(클래스별 PSL 평가에서의 정확도):  [0.97826087474823, 0.4408014714717865, nan, 0.07999999821186066, 0.21257652342319489, nan, nan]
**pseudo_label ->  [0.0009, 0.0733, 0.309, 0.596, 0.006, 0.0003, 0.0145] **
max =  0.596 | max_idx =  3
**pseudo_label ->  [0.0001, 0.0194, 0.0267, 0.0069, 0.294, 0.1238, 0.5292] **
max =  0.5292 | max_idx =  6
**pseudo_label ->  [0.0007, 0.0216, 0.3949, 0.0672, 0.1207, 0.0153, 0.3796] **
max =  0.3949 | max_idx =  2
**pseudo_label ->  [0.0, 0.2804, 0.0057, 0.0028, 0.4471, 0.1947, 0.0693] **
max =  0.4471 | max_idx =  4
**pseudo_label ->  [0.0008, 0.2715, 0.1848, 0.0645, 0.2641, 0.0365, 0.1778] **
max =  0.2715 | max_idx =  1
Balance pseudo label class ->  [1, 2, 3, 4, 5, 6, 7]  value ->  23
add data ->  161
Epoch 12/37, Train Loss: 1.5167, Valid Loss: 1.8321, Train Acc: 0.7738, Val Acc: 0.1987, Test Acc: 0.4139, Test F1(macro): 0.2992, Test F1(micro) : 0.7738,Total Pseudo-Labels: 0, Correct Pseudo-Labels: 0, Train Data Number: 244



line 303 => train data수 244
line 258 => 인스턴스 수 35
Step 142  Tim 0:29:28
acc_train_cw(현재 train의 class별 acc) [0.857, 0.514, 0.0, 0.943, 0.771, 0.0, 0.588]
cw_psl_total_eval(pseudo label 클래스별 총 샘플 수):  [188, 1067, 71, 24, 63, 23, 62]
cw_psl_correct_eval(pseudo label 클래스별 맞은 샘플 수):  [166, 332, 27, 5, 13, 13, 19]
psl_acc(PSL 평가에서의 정확도):  0.384 
cw_psl_acc(클래스별 PSL 평가에서의 정확도):  [0.8829787373542786, 0.31115275621414185, 0.3802816867828369, 0.2083333283662796, 0.2063492089509964, 0.5652173757553101, 0.30645161867141724]
***pse_model_save --- epoch = 13***
Save model to ./experiment/python_extended_data/output/
**pseudo_label ->  [0.0075, 0.0081, 0.4527, 0.4836, 0.0075, 0.0001, 0.0406] **
max =  0.4836 | max_idx =  3
**pseudo_label ->  [0.0014, 0.0552, 0.035, 0.0081, 0.6209, 0.0391, 0.2403] **
max =  0.6209 | max_idx =  4
**pseudo_label ->  [0.008, 0.01, 0.442, 0.4377, 0.0098, 0.0001, 0.0923] **
max =  0.442 | max_idx =  2
**pseudo_label ->  [0.0009, 0.0333, 0.0115, 0.0014, 0.6886, 0.126, 0.1382] **
max =  0.6886 | max_idx =  4
**pseudo_label ->  [0.0431, 0.008, 0.4, 0.1274, 0.1671, 0.0173, 0.2372] **
max =  0.4 | max_idx =  2
Epoch 13/37, Train Loss: 0.9258, Valid Loss: 4.2147, Train Acc: 0.5246, Val Acc: 0.3974, Test Acc: 0.1373, Test F1(macro): 0.1197, Test F1(micro) : 0.5246,Total Pseudo-Labels: 1, Correct Pseudo-Labels: 0, Train Data Number: 244



line 303 => train data수 244
line 258 => 인스턴스 수 35
Step 177  Tim 0:32:50
acc_train_cw(현재 train의 class별 acc) [0.743, 0.943, 0.171, 0.914, 0.686, 0.743, 0.765]
cw_psl_total_eval(pseudo label 클래스별 총 샘플 수):  [140, 16, 0, 488, 112, 4, 26]
cw_psl_correct_eval(pseudo label 클래스별 맞은 샘플 수):  [133, 10, 0, 102, 24, 4, 4]
psl_acc(PSL 평가에서의 정확도):  0.352 
cw_psl_acc(클래스별 PSL 평가에서의 정확도):  [0.949999988079071, 0.625, nan, 0.20901639759540558, 0.2142857164144516, 1.0, 0.1538461595773697]
**pseudo_label ->  [0.0004, 0.0332, 0.0206, 0.0015, 0.2039, 0.0053, 0.7351] **
max =  0.7351 | max_idx =  6
**pseudo_label ->  [0.0, 0.009, 0.0002, 0.0, 0.5394, 0.1434, 0.3078] **
max =  0.5394 | max_idx =  4
**pseudo_label ->  [0.0005, 0.0792, 0.0357, 0.0038, 0.2079, 0.0043, 0.6686] **
max =  0.6686 | max_idx =  6
**pseudo_label ->  [0.0, 0.017, 0.0003, 0.0, 0.5464, 0.1188, 0.3175] **
max =  0.5464 | max_idx =  4
**pseudo_label ->  [0.0003, 0.0172, 0.0045, 0.0002, 0.9159, 0.0087, 0.0531] **
max =  0.9159 | max_idx =  4
Epoch 14/37, Train Loss: 0.8390, Valid Loss: 3.8325, Train Acc: 0.7090, Val Acc: 0.1564, Test Acc: 0.3730, Test F1(macro): 0.2223, Test F1(micro) : 0.7090,Total Pseudo-Labels: 0, Correct Pseudo-Labels: 0, Train Data Number: 244



line 303 => train data수 244
line 258 => 인스턴스 수 35
Step 212  Tim 0:35:41
acc_train_cw(현재 train의 class별 acc) [1.0, 0.943, 0.914, 0.429, 0.514, 0.886, 0.941]
cw_psl_total_eval(pseudo label 클래스별 총 샘플 수):  [60, 1168, 0, 191, 86, 148, 157]
cw_psl_correct_eval(pseudo label 클래스별 맞은 샘플 수):  [56, 374, 0, 28, 24, 78, 29]
psl_acc(PSL 평가에서의 정확도):  0.325 
cw_psl_acc(클래스별 PSL 평가에서의 정확도):  [0.9333333373069763, 0.3202054798603058, nan, 0.14659686386585236, 0.27906978130340576, 0.5270270109176636, 0.18471337854862213]
**pseudo_label ->  [0.0, 0.0041, 0.2616, 0.0002, 0.0195, 0.0003, 0.7142] **
max =  0.7142 | max_idx =  6
**pseudo_label ->  [0.0002, 0.1245, 0.0221, 0.0001, 0.5492, 0.1608, 0.1431] **
max =  0.5492 | max_idx =  4
**pseudo_label ->  [0.0007, 0.008, 0.7998, 0.0026, 0.0461, 0.0053, 0.1376] **
max =  0.7998 | max_idx =  2
**pseudo_label ->  [0.0, 0.3651, 0.002, 0.0, 0.4808, 0.1344, 0.0176] **
max =  0.4808 | max_idx =  4
**pseudo_label ->  [0.0001, 0.0144, 0.1246, 0.0003, 0.0966, 0.005, 0.7591] **
max =  0.7591 | max_idx =  6
Balance pseudo label class ->  [1, 2, 3, 4, 5, 6, 7]  value ->  33
add data ->  231
Epoch 15/37, Train Loss: 1.0079, Valid Loss: 4.6076, Train Acc: 0.8033, Val Acc: 0.2052, Test Acc: 0.3299, Test F1(macro): 0.2228, Test F1(micro) : 0.8033,Total Pseudo-Labels: 1, Correct Pseudo-Labels: 0, Train Data Number: 452



line 303 => train data수 452
line 258 => 인스턴스 수 65
Step 247  Tim 0:39:08
acc_train_cw(현재 train의 class별 acc) [0.968, 0.909, 0.552, 0.571, 0.477, 0.889, 0.97]
cw_psl_total_eval(pseudo label 클래스별 총 샘플 수):  [165, 490, 773, 64, 33, 112, 250]
cw_psl_correct_eval(pseudo label 클래스별 맞은 샘플 수):  [142, 191, 212, 5, 16, 63, 58]
psl_acc(PSL 평가에서의 정확도):  0.364 
cw_psl_acc(클래스별 PSL 평가에서의 정확도):  [0.8606060743331909, 0.3897959291934967, 0.2742561399936676, 0.078125, 0.4848484992980957, 0.5625, 0.23199999332427979]
***pse_model_save --- epoch = 16***
Save model to ./experiment/python_extended_data/output/
**pseudo_label ->  [0.0, 0.0002, 0.0093, 0.0, 0.0224, 0.0001, 0.9679] **
max =  0.9679 | max_idx =  6
**pseudo_label ->  [0.0001, 0.0009, 0.0006, 0.0, 0.7748, 0.0759, 0.1478] **
max =  0.7748 | max_idx =  4
**pseudo_label ->  [0.0, 0.0002, 0.0069, 0.0001, 0.0078, 0.0001, 0.9848] **
max =  0.9848 | max_idx =  6
**pseudo_label ->  [0.0, 0.0001, 0.0, 0.0, 0.1998, 0.7465, 0.0535] **
max =  0.7465 | max_idx =  5
**pseudo_label ->  [0.0001, 0.0025, 0.0036, 0.0001, 0.1882, 0.0025, 0.8029] **
max =  0.8029 | max_idx =  6
Balance pseudo label class ->  [1, 2, 3, 4, 5, 6, 7]  value ->  23
add data ->  161
Epoch 16/37, Train Loss: 0.6637, Valid Loss: 3.8455, Train Acc: 0.7611, Val Acc: 0.1531, Test Acc: 0.2500, Test F1(macro): 0.1760, Test F1(micro) : 0.7611,Total Pseudo-Labels: 0, Correct Pseudo-Labels: 0, Train Data Number: 579



line 303 => train data수 579
line 258 => 인스턴스 수 83
Step 312  Tim 0:43:29
acc_train_cw(현재 train의 class별 acc) [0.951, 0.977, 0.864, 0.986, 0.723, 0.886, 0.596]
cw_psl_total_eval(pseudo label 클래스별 총 샘플 수):  [147, 383, 160, 23, 182, 146, 1292]
cw_psl_correct_eval(pseudo label 클래스별 맞은 샘플 수):  [133, 201, 35, 2, 49, 80, 214]
psl_acc(PSL 평가에서의 정확도):  0.306 
cw_psl_acc(클래스별 PSL 평가에서의 정확도):  [0.9047619104385376, 0.5248041749000549, 0.21875, 0.08695652335882187, 0.26923078298568726, 0.5479452013969421, 0.16563467681407928]
***pse_model_save --- epoch = 17***
Save model to ./experiment/python_extended_data/output/
**pseudo_label ->  [0.0002, 0.0503, 0.1984, 0.0039, 0.2469, 0.0043, 0.496] **
max =  0.496 | max_idx =  6
**pseudo_label ->  [0.0, 0.0082, 0.0004, 0.0001, 0.6135, 0.3402, 0.0377] **
max =  0.6135 | max_idx =  4
**pseudo_label ->  [0.0002, 0.0093, 0.9786, 0.0088, 0.0022, 0.0, 0.0008] **
max =  0.9786 | max_idx =  2
**pseudo_label ->  [0.0, 0.0001, 0.0, 0.0, 0.1294, 0.8675, 0.0029] **
max =  0.8675 | max_idx =  5
**pseudo_label ->  [0.0003, 0.0847, 0.1433, 0.0057, 0.3706, 0.0122, 0.3832] **
max =  0.3832 | max_idx =  6
Balance pseudo label class ->  [1, 2, 3, 4, 5, 6, 7]  value ->  135
add data ->  945
Epoch 17/37, Train Loss: 0.7143, Valid Loss: 3.5407, Train Acc: 0.8497, Val Acc: 0.2313, Test Acc: 0.3135, Test F1(macro): 0.2175, Test F1(micro) : 0.8497,Total Pseudo-Labels: 0, Correct Pseudo-Labels: 0, Train Data Number: 1292



line 303 => train data수 1292
line 258 => 인스턴스 수 185
Step 395  Tim 0:49:56
acc_train_cw(현재 train의 class별 acc) [0.994, 0.986, 0.861, 0.988, 0.699, 0.942, 0.975]
cw_psl_total_eval(pseudo label 클래스별 총 샘플 수):  [153, 630, 883, 217, 152, 172, 135]
cw_psl_correct_eval(pseudo label 클래스별 맞은 샘플 수):  [138, 245, 264, 30, 58, 103, 45]
psl_acc(PSL 평가에서의 정확도):  0.377 
cw_psl_acc(클래스별 PSL 평가에서의 정확도):  [0.9019607901573181, 0.3888888955116272, 0.2989807426929474, 0.13824884593486786, 0.3815789520740509, 0.5988371968269348, 0.3333333432674408]
***pse_model_save --- epoch = 18***
Save model to ./experiment/python_extended_data/output/
**pseudo_label ->  [0.0017, 0.1102, 0.016, 0.005, 0.3584, 0.075, 0.4336] **
max =  0.4336 | max_idx =  6
**pseudo_label ->  [0.0, 0.0014, 0.0, 0.0, 0.0615, 0.9352, 0.0018] **
max =  0.9352 | max_idx =  5
**pseudo_label ->  [0.0016, 0.0024, 0.9432, 0.0113, 0.0033, 0.0001, 0.0381] **
max =  0.9432 | max_idx =  2
**pseudo_label ->  [0.0003, 0.0121, 0.0006, 0.0002, 0.5241, 0.4313, 0.0314] **
max =  0.5241 | max_idx =  4
**pseudo_label ->  [0.0002, 0.0289, 0.0933, 0.0014, 0.0344, 0.0015, 0.8403] **
max =  0.8403 | max_idx =  6
Balance pseudo label class ->  [1, 2, 3, 4, 5, 6, 7]  value ->  51
add data ->  357
Epoch 18/37, Train Loss: 0.4318, Valid Loss: 5.5507, Train Acc: 0.9172, Val Acc: 0.2182, Test Acc: 0.3094, Test F1(macro): 0.2253, Test F1(micro) : 0.9172,Total Pseudo-Labels: 0, Correct Pseudo-Labels: 0, Train Data Number: 1471



line 303 => train data수 1471
line 258 => 인스턴스 수 211
Step 580  Tim 0:56:53
acc_train_cw(현재 train의 class별 acc) [0.982, 1.0, 0.917, 0.968, 0.963, 0.865, 0.904]
cw_psl_total_eval(pseudo label 클래스별 총 샘플 수):  [200, 577, 379, 310, 51, 274, 446]
cw_psl_correct_eval(pseudo label 클래스별 맞은 샘플 수):  [162, 213, 116, 39, 19, 140, 114]
psl_acc(PSL 평가에서의 정확도):  0.359 
cw_psl_acc(클래스별 PSL 평가에서의 정확도):  [0.8100000023841858, 0.3691507875919342, 0.3060685992240906, 0.12580645084381104, 0.37254902720451355, 0.510948896408081, 0.2556053698062897]
***pse_model_save --- epoch = 19***
Save model to ./experiment/python_extended_data/output/
**pseudo_label ->  [0.0017, 0.0066, 0.0003, 0.0002, 0.9468, 0.0344, 0.01] **
max =  0.9468 | max_idx =  4
**pseudo_label ->  [0.0, 0.0, 0.0, 0.0, 0.6105, 0.3892, 0.0003] **
max =  0.6105 | max_idx =  4
**pseudo_label ->  [0.0001, 0.0014, 0.9806, 0.0017, 0.0008, 0.0, 0.0154] **
max =  0.9806 | max_idx =  2
**pseudo_label ->  [0.0, 0.0, 0.0, 0.0, 0.2844, 0.7153, 0.0002] **
max =  0.7153 | max_idx =  5
**pseudo_label ->  [0.0, 0.0063, 0.1347, 0.0002, 0.0162, 0.0002, 0.8424] **
max =  0.8424 | max_idx =  6
Balance pseudo label class ->  [1, 2, 3, 4, 5, 6, 7]  value ->  189
add data ->  1323
Epoch 19/37, Train Loss: 0.4549, Valid Loss: 5.7957, Train Acc: 0.9429, Val Acc: 0.2182, Test Acc: 0.3135, Test F1(macro): 0.2237, Test F1(micro) : 0.9429,Total Pseudo-Labels: 1, Correct Pseudo-Labels: 0, Train Data Number: 2125



line 303 => train data수 2125
line 258 => 인스턴스 수 304
Step 791  Tim 1:05:44
acc_train_cw(현재 train의 class별 acc) [0.98, 0.896, 0.972, 0.781, 0.979, 0.776, 0.754]
cw_psl_total_eval(pseudo label 클래스별 총 샘플 수):  [194, 773, 620, 311, 581, 189, 418]
cw_psl_correct_eval(pseudo label 클래스별 맞은 샘플 수):  [154, 268, 191, 51, 191, 100, 94]
psl_acc(PSL 평가에서의 정확도):  0.34 
cw_psl_acc(클래스별 PSL 평가에서의 정확도):  [0.7938144207000732, 0.34670117497444153, 0.3080645203590393, 0.1639871448278427, 0.3287435472011566, 0.5291005373001099, 0.2248803824186325]
***pse_model_save --- epoch = 20***
Save model to ./experiment/python_extended_data/output/
**pseudo_label ->  [0.0001, 0.0003, 0.8604, 0.0001, 0.0407, 0.0, 0.0984] **
max =  0.8604 | max_idx =  2
**pseudo_label ->  [0.0, 0.0, 0.0, 0.0, 0.9489, 0.0511, 0.0] **
max =  0.9489 | max_idx =  4
**pseudo_label ->  [0.0, 0.0001, 0.9984, 0.0003, 0.0001, 0.0, 0.0012] **
max =  0.9984 | max_idx =  2
**pseudo_label ->  [0.0, 0.0, 0.0, 0.0, 0.767, 0.233, 0.0] **
max =  0.767 | max_idx =  4
**pseudo_label ->  [0.0004, 0.0011, 0.6182, 0.0007, 0.2601, 0.0003, 0.1193] **
max =  0.6182 | max_idx =  2
Balance pseudo label class ->  [1, 2, 3, 4, 5, 6, 7]  value ->  184
add data ->  1288
Epoch 20/37, Train Loss: 0.4188, Valid Loss: 5.7005, Train Acc: 0.8791, Val Acc: 0.2573, Test Acc: 0.2746, Test F1(macro): 0.2202, Test F1(micro) : 0.8791,Total Pseudo-Labels: 0, Correct Pseudo-Labels: 0, Train Data Number: 2545



line 303 => train data수 2545
line 258 => 인스턴스 수 364
Step 1095  Tim 1:15:50
acc_train_cw(현재 train의 class별 acc) [0.964, 0.68, 0.941, 0.901, 0.865, 0.97, 0.684]
cw_psl_total_eval(pseudo label 클래스별 총 샘플 수):  [246, 503, 902, 228, 916, 184, 253]
cw_psl_correct_eval(pseudo label 클래스별 맞은 샘플 수):  [176, 209, 266, 31, 289, 98, 71]
psl_acc(PSL 평가에서의 정확도):  0.353 
cw_psl_acc(클래스별 PSL 평가에서의 정확도):  [0.7154471278190613, 0.4155069589614868, 0.29490020871162415, 0.13596491515636444, 0.31550219655036926, 0.532608687877655, 0.2806324064731598]
***pse_model_save --- epoch = 21***
Save model to ./experiment/python_extended_data/output/
**pseudo_label ->  [0.0093, 0.0573, 0.0037, 0.0008, 0.9045, 0.0185, 0.0059] **
max =  0.9045 | max_idx =  4
**pseudo_label ->  [0.0, 0.0, 0.0, 0.0, 0.2942, 0.7058, 0.0] **
max =  0.7058 | max_idx =  5
**pseudo_label ->  [0.0003, 0.0002, 0.9662, 0.0013, 0.0148, 0.0, 0.0173] **
max =  0.9662 | max_idx =  2
**pseudo_label ->  [0.0, 0.0, 0.0, 0.0, 0.3323, 0.6677, 0.0] **
max =  0.6677 | max_idx =  5
**pseudo_label ->  [0.0005, 0.0002, 0.0001, 0.0001, 0.9829, 0.0156, 0.0006] **
max =  0.9829 | max_idx =  4
Balance pseudo label class ->  [1, 2, 3, 4, 5, 6, 7]  value ->  243
add data ->  1701
Epoch 21/37, Train Loss: 0.4345, Valid Loss: 4.8536, Train Acc: 0.8468, Val Acc: 0.2215, Test Acc: 0.2766, Test F1(macro): 0.1969, Test F1(micro) : 0.8468,Total Pseudo-Labels: 0, Correct Pseudo-Labels: 0, Train Data Number: 2981



line 303 => train data수 2981
line 258 => 인스턴스 수 426
Step 1459  Tim 1:27:05
acc_train_cw(현재 train의 class별 acc) [0.926, 0.984, 0.919, 0.993, 0.932, 0.894, 0.911]
cw_psl_total_eval(pseudo label 클래스별 총 샘플 수):  [306, 291, 693, 243, 882, 358, 258]
cw_psl_correct_eval(pseudo label 클래스별 맞은 샘플 수):  [197, 114, 200, 34, 265, 172, 70]
psl_acc(PSL 평가에서의 정확도):  0.347 
cw_psl_acc(클래스별 PSL 평가에서의 정확도):  [0.6437908411026001, 0.39175257086753845, 0.28860029578208923, 0.13991770148277283, 0.3004535138607025, 0.4804469347000122, 0.27131783962249756]
***pse_model_save --- epoch = 22***
Save model to ./experiment/python_extended_data/output/
**pseudo_label ->  [0.0095, 0.0239, 0.3296, 0.0037, 0.5716, 0.0005, 0.0613] **
max =  0.5716 | max_idx =  4
**pseudo_label ->  [0.0, 0.0001, 0.0, 0.0, 0.7928, 0.2043, 0.0028] **
max =  0.7928 | max_idx =  4
**pseudo_label ->  [0.0002, 0.0003, 0.9874, 0.012, 0.0001, 0.0, 0.0001] **
max =  0.9874 | max_idx =  2
**pseudo_label ->  [0.0, 0.0, 0.0, 0.0, 0.8692, 0.1242, 0.0065] **
max =  0.8692 | max_idx =  4
**pseudo_label ->  [0.0599, 0.0068, 0.569, 0.0333, 0.3245, 0.0002, 0.0062] **
max =  0.569 | max_idx =  2
Balance pseudo label class ->  [1, 2, 3, 4, 5, 6, 7]  value ->  271
add data ->  1897
Epoch 22/37, Train Loss: 0.3324, Valid Loss: 4.9027, Train Acc: 0.9356, Val Acc: 0.2801, Test Acc: 0.2951, Test F1(macro): 0.2317, Test F1(micro) : 0.9356,Total Pseudo-Labels: 0, Correct Pseudo-Labels: 0, Train Data Number: 3272



line 303 => train data수 3272
line 258 => 인스턴스 수 468
Step 1885  Tim 1:39:08
acc_train_cw(현재 train의 class별 acc) [0.994, 0.975, 0.983, 0.959, 0.955, 0.958, 0.922]
cw_psl_total_eval(pseudo label 클래스별 총 샘플 수):  [271, 488, 745, 399, 696, 291, 404]
cw_psl_correct_eval(pseudo label 클래스별 맞은 샘플 수):  [183, 186, 222, 63, 213, 141, 101]
psl_acc(PSL 평가에서의 정확도):  0.337 
cw_psl_acc(클래스별 PSL 평가에서의 정확도):  [0.6752767562866211, 0.3811475336551666, 0.29798656702041626, 0.15789473056793213, 0.30603447556495667, 0.4845360815525055, 0.25]
***pse_model_save --- epoch = 23***
Save model to ./experiment/python_extended_data/output/
**pseudo_label ->  [0.0003, 0.0031, 0.1697, 0.0005, 0.2957, 0.0033, 0.5274] **
max =  0.5274 | max_idx =  6
**pseudo_label ->  [0.0, 0.0001, 0.0, 0.0, 0.3142, 0.6853, 0.0004] **
max =  0.6853 | max_idx =  5
**pseudo_label ->  [0.0, 0.0, 0.9989, 0.0005, 0.0001, 0.0, 0.0004] **
max =  0.9989 | max_idx =  2
**pseudo_label ->  [0.0001, 0.0002, 0.0, 0.0, 0.6594, 0.3401, 0.0003] **
max =  0.6594 | max_idx =  4
**pseudo_label ->  [0.0475, 0.0026, 0.5768, 0.034, 0.3369, 0.0003, 0.0018] **
max =  0.5768 | max_idx =  2
Balance pseudo label class ->  [1, 2, 3, 4, 5, 6, 7]  value ->  314
add data ->  2198
Epoch 23/37, Train Loss: 0.2479, Valid Loss: 5.6222, Train Acc: 0.9636, Val Acc: 0.2443, Test Acc: 0.3279, Test F1(macro): 0.2437, Test F1(micro) : 0.9636,Total Pseudo-Labels: 0, Correct Pseudo-Labels: 0, Train Data Number: 3462



line 303 => train data수 3462
line 258 => 인스턴스 수 495
Step 2353  Tim 1:51:51
acc_train_cw(현재 train의 class별 acc) [0.55, 0.996, 0.794, 0.971, 0.933, 0.934, 0.995]
cw_psl_total_eval(pseudo label 클래스별 총 샘플 수):  [317, 516, 827, 363, 726, 314, 378]
cw_psl_correct_eval(pseudo label 클래스별 맞은 샘플 수):  [192, 179, 246, 52, 221, 154, 92]
psl_acc(PSL 평가에서의 정확도):  0.33 
cw_psl_acc(클래스별 PSL 평가에서의 정확도):  [0.6056782603263855, 0.34689921140670776, 0.2974607050418854, 0.14325068891048431, 0.3044077157974243, 0.4904458522796631, 0.24338623881340027]
***pse_model_save --- epoch = 24***
Save model to ./experiment/python_extended_data/output/
**pseudo_label ->  [0.0008, 0.0109, 0.0869, 0.0016, 0.4638, 0.0025, 0.4335] **
max =  0.4638 | max_idx =  4
**pseudo_label ->  [0.0, 0.0001, 0.0, 0.0, 0.669, 0.3306, 0.0002] **
max =  0.669 | max_idx =  4
**pseudo_label ->  [0.0, 0.0005, 0.9897, 0.005, 0.0006, 0.0, 0.0042] **
max =  0.9897 | max_idx =  2
**pseudo_label ->  [0.0001, 0.0003, 0.0001, 0.0, 0.8289, 0.1689, 0.0017] **
max =  0.8289 | max_idx =  4
**pseudo_label ->  [0.0076, 0.0082, 0.7226, 0.1227, 0.1242, 0.0, 0.0147] **
max =  0.7226 | max_idx =  2
Balance pseudo label class ->  [1, 2, 3, 4, 5, 6, 7]  value ->  151
add data ->  1057
Epoch 24/37, Train Loss: 0.2618, Valid Loss: 5.9495, Train Acc: 0.8897, Val Acc: 0.2248, Test Acc: 0.3217, Test F1(macro): 0.2213, Test F1(micro) : 0.8897,Total Pseudo-Labels: 1, Correct Pseudo-Labels: 0, Train Data Number: 3542



line 303 => train data수 3542
line 258 => 인스턴스 수 506
Step 2848  Tim 2:04:46
acc_train_cw(현재 train의 class별 acc) [0.903, 0.998, 0.962, 0.966, 0.916, 0.986, 0.982]
cw_psl_total_eval(pseudo label 클래스별 총 샘플 수):  [151, 589, 477, 469, 658, 300, 613]
cw_psl_correct_eval(pseudo label 클래스별 맞은 샘플 수):  [99, 204, 144, 57, 208, 153, 130]
psl_acc(PSL 평가에서의 정확도):  0.305 
cw_psl_acc(클래스별 PSL 평가에서의 정확도):  [0.6556291580200195, 0.3463497459888458, 0.30188679695129395, 0.12153518199920654, 0.31610941886901855, 0.5099999904632568, 0.21207177639007568]
***pse_model_save --- epoch = 25***
Save model to ./experiment/python_extended_data/output/
**pseudo_label ->  [0.0012, 0.0543, 0.0114, 0.0003, 0.6823, 0.012, 0.2384] **
max =  0.6823 | max_idx =  4
**pseudo_label ->  [0.0, 0.0, 0.0, 0.0, 0.1739, 0.826, 0.0] **
max =  0.826 | max_idx =  5
**pseudo_label ->  [0.0, 0.0002, 0.9929, 0.0017, 0.0002, 0.0, 0.005] **
max =  0.9929 | max_idx =  2
**pseudo_label ->  [0.0, 0.0004, 0.0, 0.0, 0.707, 0.2875, 0.005] **
max =  0.707 | max_idx =  4
**pseudo_label ->  [0.0184, 0.0832, 0.7912, 0.0245, 0.0702, 0.0, 0.0125] **
max =  0.7912 | max_idx =  2
Balance pseudo label class ->  [1, 2, 3, 4, 5, 6, 7]  value ->  243
add data ->  1701
Epoch 25/37, Train Loss: 0.2148, Valid Loss: 5.4117, Train Acc: 0.9585, Val Acc: 0.2443, Test Acc: 0.2992, Test F1(macro): 0.2225, Test F1(micro) : 0.9585,Total Pseudo-Labels: 1, Correct Pseudo-Labels: 0, Train Data Number: 3628



line 303 => train data수 3628
line 258 => 인스턴스 수 519
Step 3354  Tim 2:17:54
acc_train_cw(현재 train의 class별 acc) [0.977, 0.959, 0.989, 0.957, 0.967, 0.962, 0.972]
cw_psl_total_eval(pseudo label 클래스별 총 샘플 수):  [243, 635, 714, 414, 671, 349, 525]
cw_psl_correct_eval(pseudo label 클래스별 맞은 샘플 수):  [163, 211, 213, 63, 213, 167, 112]
psl_acc(PSL 평가에서의 정확도):  0.322 
cw_psl_acc(클래스별 PSL 평가에서의 정확도):  [0.6707819104194641, 0.33228346705436707, 0.29831933975219727, 0.15217390656471252, 0.31743666529655457, 0.4785100221633911, 0.2133333384990692]
***pse_model_save --- epoch = 26***
Save model to ./experiment/python_extended_data/output/
**pseudo_label ->  [0.0089, 0.224, 0.5483, 0.0098, 0.1104, 0.0006, 0.098] **
max =  0.5483 | max_idx =  2
**pseudo_label ->  [0.0, 0.0001, 0.0, 0.0, 0.2227, 0.7772, 0.0] **
max =  0.7772 | max_idx =  5
**pseudo_label ->  [0.0017, 0.0003, 0.8543, 0.1427, 0.0008, 0.0, 0.0002] **
max =  0.8543 | max_idx =  2
**pseudo_label ->  [0.0001, 0.0005, 0.0, 0.0, 0.8636, 0.1331, 0.0027] **
max =  0.8636 | max_idx =  4
**pseudo_label ->  [0.0002, 0.0, 0.9974, 0.002, 0.0004, 0.0, 0.0] **
max =  0.9974 | max_idx =  2
Balance pseudo label class ->  [1, 2, 3, 4, 5, 6, 7]  value ->  291
add data ->  2037
Epoch 26/37, Train Loss: 0.1835, Valid Loss: 5.9234, Train Acc: 0.9700, Val Acc: 0.2573, Test Acc: 0.2828, Test F1(macro): 0.2173, Test F1(micro) : 0.9700,Total Pseudo-Labels: 1, Correct Pseudo-Labels: 0, Train Data Number: 3715



line 303 => train data수 3715
line 258 => 인스턴스 수 531
Step 3873  Tim 2:31:24
acc_train_cw(현재 train의 class별 acc) [0.981, 0.973, 0.977, 0.959, 0.959, 0.989, 0.988]
cw_psl_total_eval(pseudo label 클래스별 총 샘플 수):  [291, 568, 813, 394, 739, 332, 507]
cw_psl_correct_eval(pseudo label 클래스별 맞은 샘플 수):  [179, 192, 238, 58, 230, 157, 118]
psl_acc(PSL 평가에서의 정확도):  0.322 
cw_psl_acc(클래스별 PSL 평가에서의 정확도):  [0.6151202917098999, 0.3380281627178192, 0.29274293780326843, 0.14720812439918518, 0.311231404542923, 0.47289156913757324, 0.23274162411689758]
***pse_model_save --- epoch = 27***
Save model to ./experiment/python_extended_data/output/
**pseudo_label ->  [0.0022, 0.0911, 0.1934, 0.0005, 0.6216, 0.0003, 0.091] **
max =  0.6216 | max_idx =  4
**pseudo_label ->  [0.0, 0.0, 0.0, 0.0, 0.0, 1.0, 0.0] **
max =  1.0 | max_idx =  5
**pseudo_label ->  [0.0009, 0.0004, 0.9885, 0.0089, 0.0011, 0.0, 0.0003] **
max =  0.9885 | max_idx =  2
**pseudo_label ->  [0.0, 0.0, 0.0, 0.0, 0.9777, 0.0219, 0.0003] **
max =  0.9777 | max_idx =  4
**pseudo_label ->  [0.0002, 0.0002, 0.9972, 0.0005, 0.0017, 0.0, 0.0003] **
max =  0.9972 | max_idx =  2
Balance pseudo label class ->  [1, 2, 3, 4, 5, 6, 7]  value ->  317
add data ->  2219
Epoch 27/37, Train Loss: 0.1782, Valid Loss: 5.8740, Train Acc: 0.9739, Val Acc: 0.2606, Test Acc: 0.2930, Test F1(macro): 0.2177, Test F1(micro) : 0.9739,Total Pseudo-Labels: 0, Correct Pseudo-Labels: 0, Train Data Number: 3774



line 303 => train data수 3774
line 258 => 인스턴스 수 540
Step 4404  Tim 2:44:58
acc_train_cw(현재 train의 class별 acc) [0.982, 0.975, 0.932, 0.94, 0.995, 0.889, 0.998]
cw_psl_total_eval(pseudo label 클래스별 총 샘플 수):  [317, 590, 763, 399, 737, 368, 512]
cw_psl_correct_eval(pseudo label 클래스별 맞은 샘플 수):  [194, 194, 227, 64, 236, 176, 116]
psl_acc(PSL 평가에서의 정확도):  0.327 
cw_psl_acc(클래스별 PSL 평가에서의 정확도):  [0.6119873523712158, 0.3288135528564453, 0.2975098192691803, 0.16040100157260895, 0.320217102766037, 0.47826087474823, 0.2265625]
***pse_model_save --- epoch = 28***
Save model to ./experiment/python_extended_data/output/
**pseudo_label ->  [0.001, 0.0047, 0.0558, 0.0001, 0.7885, 0.0008, 0.1491] **
max =  0.7885 | max_idx =  4
**pseudo_label ->  [0.0, 0.0, 0.0, 0.0, 0.4131, 0.5869, 0.0] **
max =  0.5869 | max_idx =  5
**pseudo_label ->  [0.0011, 0.0007, 0.9741, 0.0192, 0.002, 0.0, 0.003] **
max =  0.9741 | max_idx =  2
**pseudo_label ->  [0.0, 0.0, 0.0, 0.0, 0.9814, 0.0186, 0.0] **
max =  0.9814 | max_idx =  4
**pseudo_label ->  [0.0099, 0.0013, 0.9655, 0.0216, 0.0016, 0.0, 0.0002] **
max =  0.9655 | max_idx =  2
Balance pseudo label class ->  [1, 2, 3, 4, 5, 6, 7]  value ->  275
add data ->  1925
Epoch 28/37, Train Loss: 0.1817, Valid Loss: 6.9146, Train Acc: 0.9613, Val Acc: 0.2736, Test Acc: 0.2766, Test F1(macro): 0.2231, Test F1(micro) : 0.9613,Total Pseudo-Labels: 1, Correct Pseudo-Labels: 0, Train Data Number: 3809



line 303 => train data수 3809
line 258 => 인스턴스 수 545
Step 4944  Tim 2:58:41
acc_train_cw(현재 train의 class별 acc) [0.956, 0.982, 0.945, 0.993, 0.976, 0.984, 1.0]
cw_psl_total_eval(pseudo label 클래스별 총 샘플 수):  [323, 575, 703, 384, 815, 275, 560]
cw_psl_correct_eval(pseudo label 클래스별 맞은 샘플 수):  [198, 196, 210, 68, 251, 131, 125]
psl_acc(PSL 평가에서의 정확도):  0.324 
cw_psl_acc(클래스별 PSL 평가에서의 정확도):  [0.6130030751228333, 0.34086957573890686, 0.29871976375579834, 0.1770833283662796, 0.3079754710197449, 0.4763636291027069, 0.2232142835855484]
***pse_model_save --- epoch = 29***
Save model to ./experiment/python_extended_data/output/
**pseudo_label ->  [0.0016, 0.0027, 0.0298, 0.0002, 0.8985, 0.0006, 0.0666] **
max =  0.8985 | max_idx =  4
**pseudo_label ->  [0.0, 0.0, 0.0, 0.0, 0.0025, 0.9975, 0.0] **
max =  0.9975 | max_idx =  5
**pseudo_label ->  [0.0, 0.0002, 0.691, 0.0002, 0.0011, 0.0, 0.3076] **
max =  0.691 | max_idx =  2
**pseudo_label ->  [0.0, 0.0, 0.0, 0.0, 0.3698, 0.6302, 0.0] **
max =  0.6302 | max_idx =  5
**pseudo_label ->  [0.0005, 0.0005, 0.9422, 0.003, 0.0413, 0.0, 0.0125] **
max =  0.9422 | max_idx =  2
Balance pseudo label class ->  [1, 2, 3, 4, 5, 6, 7]  value ->  300
add data ->  2100
Epoch 29/37, Train Loss: 0.1213, Valid Loss: 7.1467, Train Acc: 0.9748, Val Acc: 0.2378, Test Acc: 0.3238, Test F1(macro): 0.2337, Test F1(micro) : 0.9748,Total Pseudo-Labels: 1, Correct Pseudo-Labels: 0, Train Data Number: 3844



line 303 => train data수 3844
line 258 => 인스턴스 수 550
Step 5489  Tim 3:12:32
acc_train_cw(현재 train의 class별 acc) [0.958, 0.992, 0.996, 0.894, 0.943, 0.982, 0.987]
cw_psl_total_eval(pseudo label 클래스별 총 샘플 수):  [300, 596, 676, 415, 775, 366, 573]
cw_psl_correct_eval(pseudo label 클래스별 맞은 샘플 수):  [185, 200, 203, 70, 244, 173, 131]
psl_acc(PSL 평가에서의 정확도):  0.326 
cw_psl_acc(클래스별 PSL 평가에서의 정확도):  [0.6166666746139526, 0.33557048439979553, 0.3002958595752716, 0.16867469251155853, 0.314838707447052, 0.4726775884628296, 0.22862128913402557]
***pse_model_save --- epoch = 30***
Save model to ./experiment/python_extended_data/output/
**pseudo_label ->  [0.0003, 0.1284, 0.3559, 0.0004, 0.1247, 0.0001, 0.3902] **
max =  0.3902 | max_idx =  6
**pseudo_label ->  [0.0, 0.0002, 0.0, 0.0, 0.0003, 0.9995, 0.0] **
max =  0.9995 | max_idx =  5
**pseudo_label ->  [0.0, 0.0, 1.0, 0.0, 0.0, 0.0, 0.0] **
max =  1.0 | max_idx =  2
**pseudo_label ->  [0.0, 0.0, 0.0, 0.0, 0.5703, 0.4294, 0.0003] **
max =  0.5703 | max_idx =  4
**pseudo_label ->  [0.0, 0.0, 0.9995, 0.0001, 0.0003, 0.0, 0.0] **
max =  0.9995 | max_idx =  2
Balance pseudo label class ->  [1, 2, 3, 4, 5, 6, 7]  value ->  323
add data ->  2261
Epoch 30/37, Train Loss: 0.1670, Valid Loss: 7.5195, Train Acc: 0.9675, Val Acc: 0.2573, Test Acc: 0.3566, Test F1(macro): 0.2475, Test F1(micro) : 0.9675,Total Pseudo-Labels: 1, Correct Pseudo-Labels: 0, Train Data Number: 3870



line 303 => train data수 3870
line 258 => 인스턴스 수 553
Step 6039  Tim 3:25:55
acc_train_cw(현재 train의 class별 acc) [0.953, 0.941, 0.995, 0.888, 0.926, 0.993, 0.965]
cw_psl_total_eval(pseudo label 클래스별 총 샘플 수):  [323, 606, 810, 334, 706, 390, 555]
cw_psl_correct_eval(pseudo label 클래스별 맞은 샘플 수):  [199, 203, 238, 54, 227, 185, 124]
psl_acc(PSL 평가에서의 정확도):  0.33 
cw_psl_acc(클래스별 PSL 평가에서의 정확도):  [0.6160990595817566, 0.3349834978580475, 0.2938271462917328, 0.16167664527893066, 0.321529746055603, 0.4743589758872986, 0.22342342138290405]
***pse_model_save --- epoch = 31***
Save model to ./experiment/python_extended_data/output/
**pseudo_label ->  [0.0803, 0.0104, 0.1017, 0.002, 0.8055, 0.0001, 0.0002] **
max =  0.8055 | max_idx =  4
**pseudo_label ->  [0.0, 0.0, 0.0, 0.0, 0.002, 0.998, 0.0] **
max =  0.998 | max_idx =  5
**pseudo_label ->  [0.0, 0.0, 1.0, 0.0, 0.0, 0.0, 0.0] **
max =  1.0 | max_idx =  2
**pseudo_label ->  [0.0, 0.0, 0.0, 0.0, 0.3698, 0.6302, 0.0] **
max =  0.6302 | max_idx =  5
**pseudo_label ->  [0.0, 0.0, 0.9998, 0.0001, 0.0, 0.0, 0.0] **
max =  0.9998 | max_idx =  2
Balance pseudo label class ->  [1, 2, 3, 4, 5, 6, 7]  value ->  315
add data ->  2205
Epoch 31/37, Train Loss: 0.1725, Valid Loss: 6.4648, Train Acc: 0.9532, Val Acc: 0.2704, Test Acc: 0.3586, Test F1(macro): 0.2644, Test F1(micro) : 0.9532,Total Pseudo-Labels: 1, Correct Pseudo-Labels: 0, Train Data Number: 3882



line 303 => train data수 3882
line 258 => 인스턴스 수 555
Step 6592  Tim 3:39:48
acc_train_cw(현재 train의 class별 acc) [0.973, 0.95, 0.991, 0.806, 0.993, 0.918, 0.988]
cw_psl_total_eval(pseudo label 클래스별 총 샘플 수):  [315, 553, 837, 325, 692, 426, 544]
cw_psl_correct_eval(pseudo label 클래스별 맞은 샘플 수):  [198, 193, 240, 51, 213, 191, 125]
psl_acc(PSL 평가에서의 정확도):  0.328 
cw_psl_acc(클래스별 PSL 평가에서의 정확도):  [0.6285714507102966, 0.34900543093681335, 0.2867383658885956, 0.1569230705499649, 0.3078034818172455, 0.4483568072319031, 0.2297794073820114]
***pse_model_save --- epoch = 32***
Save model to ./experiment/python_extended_data/output/
**pseudo_label ->  [0.0008, 0.0137, 0.0012, 0.0, 0.9282, 0.0536, 0.0025] **
max =  0.9282 | max_idx =  4
**pseudo_label ->  [0.0, 0.0001, 0.0, 0.0, 0.1157, 0.8842, 0.0001] **
max =  0.8842 | max_idx =  5
**pseudo_label ->  [0.0007, 0.0, 0.9964, 0.0026, 0.0003, 0.0, 0.0] **
max =  0.9964 | max_idx =  2
**pseudo_label ->  [0.0, 0.0, 0.0, 0.0, 0.8271, 0.1723, 0.0005] **
max =  0.8271 | max_idx =  4
**pseudo_label ->  [0.0007, 0.0003, 0.9842, 0.0007, 0.0137, 0.0, 0.0005] **
max =  0.9842 | max_idx =  2
Balance pseudo label class ->  [1, 2, 3, 4, 5, 6, 7]  value ->  250
add data ->  1750
Epoch 32/37, Train Loss: 0.1342, Valid Loss: 6.7556, Train Acc: 0.9567, Val Acc: 0.2573, Test Acc: 0.2992, Test F1(macro): 0.2255, Test F1(micro) : 0.9567,Total Pseudo-Labels: 1, Correct Pseudo-Labels: 0, Train Data Number: 3885



line 303 => train data수 3885
line 258 => 인스턴스 수 555
Step 7147  Tim 3:53:41
acc_train_cw(현재 train의 class별 acc) [0.994, 0.98, 0.979, 0.992, 0.993, 0.993, 0.949]
cw_psl_total_eval(pseudo label 클래스별 총 샘플 수):  [312, 571, 856, 250, 764, 367, 566]
cw_psl_correct_eval(pseudo label 클래스별 맞은 샘플 수):  [200, 192, 245, 39, 236, 176, 128]
psl_acc(PSL 평가에서의 정확도):  0.33 
cw_psl_acc(클래스별 PSL 평가에서의 정확도):  [0.6410256624221802, 0.3362521827220917, 0.2862149477005005, 0.15600000321865082, 0.30890053510665894, 0.47956404089927673, 0.22614841163158417]
***pse_model_save --- epoch = 33***
Save model to ./experiment/python_extended_data/output/
**pseudo_label ->  [0.0016, 0.0, 0.0, 0.0, 0.9982, 0.0001, 0.0] **
max =  0.9982 | max_idx =  4
**pseudo_label ->  [0.0, 0.0, 0.0, 0.0, 0.0039, 0.9961, 0.0] **
max =  0.9961 | max_idx =  5
**pseudo_label ->  [0.0, 0.0, 0.9963, 0.0037, 0.0, 0.0, 0.0] **
max =  0.9963 | max_idx =  2
**pseudo_label ->  [0.0, 0.0, 0.0, 0.0, 0.5128, 0.4868, 0.0004] **
max =  0.5128 | max_idx =  4
**pseudo_label ->  [0.0002, 0.0001, 0.9898, 0.0092, 0.0006, 0.0, 0.0] **
max =  0.9898 | max_idx =  2
Balance pseudo label class ->  [1, 2, 3, 4, 5, 6, 7]  value ->  336
add data ->  2352
Epoch 33/37, Train Loss: 0.0801, Valid Loss: 8.0025, Train Acc: 0.9817, Val Acc: 0.2476, Test Acc: 0.3176, Test F1(macro): 0.2201, Test F1(micro) : 0.9817,Total Pseudo-Labels: 1, Correct Pseudo-Labels: 0, Train Data Number: 3894



line 303 => train data수 3894
line 258 => 인스턴스 수 557
Step 7702  Tim 4:07:34
acc_train_cw(현재 train의 class별 acc) [0.997, 0.98, 0.988, 0.995, 0.991, 0.955, 0.991]
cw_psl_total_eval(pseudo label 클래스별 총 샘플 수):  [336, 592, 833, 373, 739, 413, 521]
cw_psl_correct_eval(pseudo label 클래스별 맞은 샘플 수):  [207, 198, 239, 58, 235, 189, 123]
psl_acc(PSL 평가에서의 정확도):  0.328 
cw_psl_acc(클래스별 PSL 평가에서의 정확도):  [0.6160714030265808, 0.33445945382118225, 0.28691476583480835, 0.15549597144126892, 0.3179973065853119, 0.4576271176338196, 0.236084446310997]
***pse_model_save --- epoch = 34***
Save model to ./experiment/python_extended_data/output/
**pseudo_label ->  [0.0002, 0.0, 0.0, 0.0, 0.9998, 0.0, 0.0] **
max =  0.9998 | max_idx =  4
**pseudo_label ->  [0.0, 0.0, 0.0, 0.0, 0.1491, 0.8509, 0.0] **
max =  0.8509 | max_idx =  5
**pseudo_label ->  [0.0, 0.0, 0.9986, 0.0014, 0.0, 0.0, 0.0] **
max =  0.9986 | max_idx =  2
**pseudo_label ->  [0.0001, 0.0, 0.0, 0.0, 0.9997, 0.0001, 0.0] **
max =  0.9997 | max_idx =  4
**pseudo_label ->  [0.0001, 0.0001, 0.9973, 0.0024, 0.0001, 0.0, 0.0] **
max =  0.9973 | max_idx =  2
Balance pseudo label class ->  [1, 2, 3, 4, 5, 6, 7]  value ->  345
add data ->  2415
Epoch 34/37, Train Loss: 0.1013, Valid Loss: 8.2507, Train Acc: 0.9856, Val Acc: 0.2671, Test Acc: 0.2643, Test F1(macro): 0.1956, Test F1(micro) : 0.9856,Total Pseudo-Labels: 1, Correct Pseudo-Labels: 0, Train Data Number: 3898



line 303 => train data수 3898
line 258 => 인스턴스 수 557
Step 8259  Tim 4:21:22
acc_train_cw(현재 train의 class별 acc) [0.954, 0.992, 0.989, 0.958, 0.999, 0.976, 0.993]
cw_psl_total_eval(pseudo label 클래스별 총 샘플 수):  [345, 590, 819, 378, 761, 380, 548]
cw_psl_correct_eval(pseudo label 클래스별 맞은 샘플 수):  [207, 192, 239, 59, 245, 178, 125]
psl_acc(PSL 평가에서의 정확도):  0.326 
cw_psl_acc(클래스별 PSL 평가에서의 정확도):  [0.6000000238418579, 0.3254237174987793, 0.291819304227829, 0.15608465671539307, 0.32194480299949646, 0.4684210419654846, 0.2281021922826767]
***pse_model_save --- epoch = 35***
Save model to ./experiment/python_extended_data/output/
**pseudo_label ->  [0.0, 0.0, 0.0, 0.0, 0.9998, 0.0002, 0.0] **
max =  0.9998 | max_idx =  4
**pseudo_label ->  [0.0, 0.0, 0.0, 0.0, 0.0074, 0.9926, 0.0] **
max =  0.9926 | max_idx =  5
**pseudo_label ->  [0.0, 0.0, 1.0, 0.0, 0.0, 0.0, 0.0] **
max =  1.0 | max_idx =  2
**pseudo_label ->  [0.0, 0.0, 0.0, 0.0, 0.9964, 0.0036, 0.0] **
max =  0.9964 | max_idx =  4
**pseudo_label ->  [0.0001, 0.0002, 0.9899, 0.0003, 0.0095, 0.0, 0.0] **
max =  0.9899 | max_idx =  2
Balance pseudo label class ->  [1, 2, 3, 4, 5, 6, 7]  value ->  321
add data ->  2247
Epoch 35/37, Train Loss: 0.0765, Valid Loss: 7.8695, Train Acc: 0.9844, Val Acc: 0.2313, Test Acc: 0.3217, Test F1(macro): 0.2398, Test F1(micro) : 0.9844,Total Pseudo-Labels: 1, Correct Pseudo-Labels: 0, Train Data Number: 3903



line 303 => train data수 3903
line 258 => 인스턴스 수 558
Step 8816  Tim 4:35:11
acc_train_cw(현재 train의 class별 acc) [0.997, 1.0, 0.971, 0.997, 0.977, 0.985, 0.991]
cw_psl_total_eval(pseudo label 클래스별 총 샘플 수):  [321, 598, 827, 349, 779, 391, 559]
cw_psl_correct_eval(pseudo label 클래스별 맞은 샘플 수):  [198, 196, 240, 56, 244, 183, 126]
psl_acc(PSL 평가에서의 정확도):  0.325 
cw_psl_acc(클래스별 PSL 평가에서의 정확도):  [0.6168224215507507, 0.3277592062950134, 0.29020556807518005, 0.16045844554901123, 0.31322208046913147, 0.4680306911468506, 0.22540250420570374]
***pse_model_save --- epoch = 36***
Save model to ./experiment/python_extended_data/output/
**pseudo_label ->  [0.0054, 0.0, 0.0001, 0.0, 0.9942, 0.0003, 0.0] **
max =  0.9942 | max_idx =  4
**pseudo_label ->  [0.0, 0.0, 0.0, 0.0, 0.0004, 0.9996, 0.0] **
max =  0.9996 | max_idx =  5
**pseudo_label ->  [0.0002, 0.0, 0.9638, 0.0359, 0.0, 0.0, 0.0] **
max =  0.9638 | max_idx =  2
**pseudo_label ->  [0.0011, 0.0, 0.0, 0.0, 0.9988, 0.0001, 0.0] **
max =  0.9988 | max_idx =  4
**pseudo_label ->  [0.0311, 0.0012, 0.8863, 0.08, 0.0015, 0.0, 0.0] **
max =  0.8863 | max_idx =  2
Balance pseudo label class ->  [1, 2, 3, 4, 5, 6, 7]  value ->  346
add data ->  2422
Epoch 36/37, Train Loss: 0.0828, Valid Loss: 7.5331, Train Acc: 0.9859, Val Acc: 0.2704, Test Acc: 0.3115, Test F1(macro): 0.2247, Test F1(micro) : 0.9859,Total Pseudo-Labels: 1, Correct Pseudo-Labels: 0, Train Data Number: 3905



line 303 => train data수 3905
line 258 => 인스턴스 수 558
Step 9374  Tim 4:48:55
acc_train_cw(현재 train의 class별 acc) [0.906, 0.977, 0.989, 0.984, 0.965, 0.993, 0.996]
cw_psl_total_eval(pseudo label 클래스별 총 샘플 수):  [346, 609, 797, 375, 755, 394, 551]
cw_psl_correct_eval(pseudo label 클래스별 맞은 샘플 수):  [207, 202, 229, 61, 234, 184, 126]
psl_acc(PSL 평가에서의 정확도):  0.325 
cw_psl_acc(클래스별 PSL 평가에서의 정확도):  [0.5982658863067627, 0.33169129490852356, 0.28732746839523315, 0.1626666635274887, 0.30993378162384033, 0.46700507402420044, 0.22867514193058014]
***pse_model_save --- epoch = 37***
Save model to ./experiment/python_extended_data/output/
**pseudo_label ->  [0.001, 0.0001, 0.0033, 0.0001, 0.9753, 0.0005, 0.0197] **
max =  0.9753 | max_idx =  4
**pseudo_label ->  [0.0, 0.0, 0.0, 0.0, 0.0055, 0.9945, 0.0] **
max =  0.9945 | max_idx =  5
**pseudo_label ->  [0.0, 0.0, 0.9971, 0.0029, 0.0, 0.0, 0.0] **
max =  0.9971 | max_idx =  2
**pseudo_label ->  [0.0001, 0.0, 0.0, 0.0, 0.9817, 0.0182, 0.0] **
max =  0.9817 | max_idx =  4
**pseudo_label ->  [0.0, 0.0001, 0.9986, 0.0012, 0.0, 0.0, 0.0] **
max =  0.9986 | max_idx =  2
Balance pseudo label class ->  [1, 2, 3, 4, 5, 6, 7]  value ->  304
add data ->  2128
Epoch 37/37, Train Loss: 0.1122, Valid Loss: 8.2868, Train Acc: 0.9759, Val Acc: 0.2345, Test Acc: 0.2664, Test F1(macro): 0.1859, Test F1(micro) : 0.9759,Total Pseudo-Labels: 1, Correct Pseudo-Labels: 0, Train Data Number: 3906

Training complete!
Total training took 4:59:02 (h:mm:ss)
Load model from ./experiment/python_extended_data/output/10_codesage-base_0.0003_0.7_python_extended_data_37_[43]_net0.pth
Save training statistics in:  ./experiment/python_extended_data/log/codesage/class7//10_codesage-base_0.0003_0.7_python_extended_data_37_[43]/training_statistics.csv

best_trian_loss, epoch => 0.07645134524262495 35
Epoch-1_train_loss => 5.499915699164073
max_epoch_train_loss => 0.11215250325448092 


best_val_loss, epoch =>  1.8320765278335502 12
Epoch-1_val_loss => 2.3751867023275417
max_epoch_val_loss => 8.286848163343596 

pse_epoch =>  [1, 2, 4, 5, 6, 7, 8, 9, 10, 11, 12, 13, 14, 15, 16, 17, 18, 19, 20, 21, 22, 23, 24, 25, 26, 27, 28, 29, 30, 31, 32, 33, 34, 35, 36, 37]
추가되는 pse_epoch =>  [1, 12, 15, 16, 17, 18, 19, 20, 21, 22, 23, 24, 25, 26, 27, 28, 29, 30, 31, 32, 33, 34, 35, 36, 37] 

total_data:  3906 
Best_step:  142 
Best_epoch:  12 
best_val_acc:  0.3973941368078176 
best_test_acc:  0.26639344262295084 
best_test_f1:  0.18592769002580653
Save best record in:  ./experiment/python_extended_data/log/codesage/class7/summary.csv
Save best record in:  ./experiment/python_extended_data/log/summary_avgrun.csv
