current work directory:  /home/imsuhan22/few-shot-tc/custom_ssl/code
Data set -> python_extended_data
save_name: 10_codesage-base_0.0003_0.7_python_extended_data_37_[42]

data_path:  ../data/problem_based_split/python_extended_data

There are 1 GPU(s) available.
We will use the GPU- 0 Quadro RTX 8000

**line 147 모델 =>  codesage/codesage-base
**tokenizer type =  codesage/codesage-base 

pesudo label class개수 기준 -> 7
n_labeled_per_class:  10
train_df samples: 3974
train_labeled_df samples: 70
train_unlabeled_df samples: 3904
n_classes:  7 


net_arch:  codesage/codesage-base 
lr:  0.0003 
lr_linear:  0.001 




line 303 => train data수 70
line 258 => 인스턴스 수 10
Step 0  Tim 0:00:21
acc_train_cw(현재 train의 class별 acc) [0.7, 0.2, 0.0, 0.1, 0.0, 0.0, 0.0]
cw_psl_total_eval(pseudo label 클래스별 총 샘플 수):  [0, 0, 0, 0, 0, 0, 0]
cw_psl_correct_eval(pseudo label 클래스별 맞은 샘플 수):  [0, 0, 0, 0, 0, 0, 0]
psl_acc(PSL 평가에서의 정확도): None 
cw_psl_acc(클래스별 PSL 평가에서의 정확도):  [nan, nan, nan, nan, nan, nan, nan]
***best_acc_model_save --- epoch = 1***
Save model to ./experiment/python_extended_data/output/
**pseudo_label ->  [0.0837, 0.0154, 0.0972, 0.6005, 0.0255, 0.0258, 0.152] **
max =  0.6005 | max_idx =  3
**pseudo_label ->  [0.2473, 0.0162, 0.0084, 0.6291, 0.0122, 0.0167, 0.0701] **
max =  0.6291 | max_idx =  3
**pseudo_label ->  [0.3138, 0.0004, 0.0375, 0.0376, 0.0502, 0.0353, 0.5253] **
max =  0.5253 | max_idx =  6
**pseudo_label ->  [0.4957, 0.0195, 0.0261, 0.4283, 0.0123, 0.0073, 0.0107] **
max =  0.4957 | max_idx =  0
**pseudo_label ->  [0.3226, 0.0399, 0.0224, 0.4662, 0.0187, 0.0177, 0.1125] **
max =  0.4662 | max_idx =  3
Balance pseudo label class ->  [1, 2, 3, 4, 5, 6, 7]  value ->  7
add data ->  49
Epoch 1/37, Train Loss: 7.7786, Valid Loss: 3.6369, Train Acc: 0.1429, Val Acc: 0.1433, Test Acc: 0.0943, Test F1(macro): 0.0836, Test F1(micro) : 0.1429,Total Pseudo-Labels: 0, Correct Pseudo-Labels: 0, Train Data Number: 119



line 303 => train data수 119
line 258 => 인스턴스 수 17
Step 10  Tim 0:02:50
acc_train_cw(현재 train의 class별 acc) [0.0, 0.0, 0.0, 0.0, 1.0, 0.0, 0.0]
cw_psl_total_eval(pseudo label 클래스별 총 샘플 수):  [428, 7, 8, 54, 10, 15, 9]
cw_psl_correct_eval(pseudo label 클래스별 맞은 샘플 수):  [98, 1, 1, 9, 0, 0, 0]
psl_acc(PSL 평가에서의 정확도):  0.205 
cw_psl_acc(클래스별 PSL 평가에서의 정확도):  [0.2289719581604004, 0.1428571492433548, 0.125, 0.1666666716337204, 0.0, 0.0, 0.0]
***pse_model_save --- epoch = 2***
Save model to ./experiment/python_extended_data/output/
**pseudo_label ->  [0.0521, 0.0308, 0.0015, 0.0609, 0.8417, 0.01, 0.0031] **
max =  0.8417 | max_idx =  4
**pseudo_label ->  [0.0498, 0.0079, 0.0012, 0.029, 0.9017, 0.008, 0.0023] **
max =  0.9017 | max_idx =  4
**pseudo_label ->  [0.1353, 0.0266, 0.0037, 0.0502, 0.7521, 0.0251, 0.0069] **
max =  0.7521 | max_idx =  4
**pseudo_label ->  [0.0371, 0.0089, 0.0017, 0.0495, 0.8912, 0.0092, 0.0025] **
max =  0.8912 | max_idx =  4
**pseudo_label ->  [0.1079, 0.0198, 0.0022, 0.0548, 0.7775, 0.0284, 0.0093] **
max =  0.7775 | max_idx =  4
Epoch 2/37, Train Loss: 2.9390, Valid Loss: 1.7574, Train Acc: 0.1429, Val Acc: 0.1433, Test Acc: 0.0430, Test F1(macro): 0.0118, Test F1(micro) : 0.1429,Total Pseudo-Labels: 1, Correct Pseudo-Labels: 0, Train Data Number: 119



line 303 => train data수 119
line 258 => 인스턴스 수 17
Step 27  Tim 0:05:48
acc_train_cw(현재 train의 class별 acc) [0.0, 0.0, 0.0, 0.0, 1.0, 0.0, 0.0]
cw_psl_total_eval(pseudo label 클래스별 총 샘플 수):  [0, 0, 0, 0, 3829, 0, 0]
cw_psl_correct_eval(pseudo label 클래스별 맞은 샘플 수):  [0, 0, 0, 0, 563, 0, 0]
psl_acc(PSL 평가에서의 정확도):  0.147 
cw_psl_acc(클래스별 PSL 평가에서의 정확도):  [nan, nan, nan, nan, 0.14703577756881714, nan, nan]
**pseudo_label ->  [0.133, 0.0176, 0.2098, 0.1643, 0.3096, 0.1075, 0.0582] **
max =  0.3096 | max_idx =  4
**pseudo_label ->  [0.2702, 0.0294, 0.1762, 0.0835, 0.2877, 0.0582, 0.0946] **
max =  0.2877 | max_idx =  4
**pseudo_label ->  [0.2532, 0.0267, 0.1896, 0.1482, 0.2214, 0.116, 0.0448] **
max =  0.2532 | max_idx =  0
**pseudo_label ->  [0.1365, 0.1247, 0.0787, 0.1966, 0.2342, 0.1455, 0.0838] **
max =  0.2342 | max_idx =  4
**pseudo_label ->  [0.1407, 0.0233, 0.1943, 0.2604, 0.2415, 0.0968, 0.043] **
max =  0.2604 | max_idx =  3
Epoch 3/37, Train Loss: 2.3966, Valid Loss: 3.3222, Train Acc: 0.1429, Val Acc: 0.1433, Test Acc: 0.0430, Test F1(macro): 0.0118, Test F1(micro) : 0.1429,Total Pseudo-Labels: 0, Correct Pseudo-Labels: 0, Train Data Number: 119



line 303 => train data수 119
line 258 => 인스턴스 수 17
Step 44  Tim 0:08:16
acc_train_cw(현재 train의 class별 acc) [0.0, 0.0, 0.0, 0.0, 0.0, 1.0, 0.0]
cw_psl_total_eval(pseudo label 클래스별 총 샘플 수):  [0, 0, 0, 0, 0, 0, 0]
cw_psl_correct_eval(pseudo label 클래스별 맞은 샘플 수):  [0, 0, 0, 0, 0, 0, 0]
psl_acc(PSL 평가에서의 정확도): None 
cw_psl_acc(클래스별 PSL 평가에서의 정확도):  [nan, nan, nan, nan, nan, nan, nan]
**pseudo_label ->  [0.0622, 0.0224, 0.0701, 0.0169, 0.0023, 0.4737, 0.3525] **
max =  0.4737 | max_idx =  5
**pseudo_label ->  [0.0401, 0.0658, 0.1088, 0.035, 0.0024, 0.5792, 0.1687] **
max =  0.5792 | max_idx =  5
**pseudo_label ->  [0.0359, 0.0361, 0.1061, 0.0187, 0.004, 0.564, 0.2353] **
max =  0.564 | max_idx =  5
**pseudo_label ->  [0.0337, 0.0358, 0.1456, 0.0409, 0.0025, 0.4909, 0.2505] **
max =  0.4909 | max_idx =  5
**pseudo_label ->  [0.0265, 0.0178, 0.0561, 0.0113, 0.0015, 0.5447, 0.3422] **
max =  0.5447 | max_idx =  5
Epoch 4/37, Train Loss: 2.7481, Valid Loss: 2.3565, Train Acc: 0.1429, Val Acc: 0.0261, Test Acc: 0.2971, Test F1(macro): 0.0654, Test F1(micro) : 0.1429,Total Pseudo-Labels: 0, Correct Pseudo-Labels: 0, Train Data Number: 119



line 303 => train data수 119
line 258 => 인스턴스 수 17
Step 61  Tim 0:10:42
acc_train_cw(현재 train의 class별 acc) [0.0, 0.0, 0.0, 0.0, 0.0, 1.0, 0.0]
cw_psl_total_eval(pseudo label 클래스별 총 샘플 수):  [0, 0, 0, 0, 0, 275, 0]
cw_psl_correct_eval(pseudo label 클래스별 맞은 샘플 수):  [0, 0, 0, 0, 0, 32, 0]
psl_acc(PSL 평가에서의 정확도):  0.116 
cw_psl_acc(클래스별 PSL 평가에서의 정확도):  [nan, nan, nan, nan, nan, 0.11636363714933395, nan]
**pseudo_label ->  [0.0208, 0.0796, 0.0903, 0.068, 0.1376, 0.386, 0.2176] **
max =  0.386 | max_idx =  5
**pseudo_label ->  [0.0119, 0.0828, 0.1015, 0.1713, 0.0877, 0.3203, 0.2244] **
max =  0.3203 | max_idx =  5
**pseudo_label ->  [0.0158, 0.0853, 0.0782, 0.077, 0.1372, 0.4073, 0.1992] **
max =  0.4073 | max_idx =  5
**pseudo_label ->  [0.018, 0.0293, 0.1602, 0.1155, 0.3336, 0.1858, 0.1575] **
max =  0.3336 | max_idx =  4
**pseudo_label ->  [0.0047, 0.0329, 0.0634, 0.0405, 0.0567, 0.5482, 0.2536] **
max =  0.5482 | max_idx =  5
Epoch 5/37, Train Loss: 2.4314, Valid Loss: 2.1693, Train Acc: 0.1429, Val Acc: 0.0261, Test Acc: 0.2971, Test F1(macro): 0.0654, Test F1(micro) : 0.1429,Total Pseudo-Labels: 0, Correct Pseudo-Labels: 0, Train Data Number: 119



line 303 => train data수 119
line 258 => 인스턴스 수 17
Step 78  Tim 0:13:07
acc_train_cw(현재 train의 class별 acc) [0.0, 0.0, 1.0, 0.0, 0.0, 0.0, 0.0]
cw_psl_total_eval(pseudo label 클래스별 총 샘플 수):  [0, 0, 0, 0, 0, 4, 0]
cw_psl_correct_eval(pseudo label 클래스별 맞은 샘플 수):  [0, 0, 0, 0, 0, 0, 0]
psl_acc(PSL 평가에서의 정확도):  0.0 
cw_psl_acc(클래스별 PSL 평가에서의 정확도):  [nan, nan, nan, nan, nan, 0.0, nan]
**pseudo_label ->  [0.2007, 0.0456, 0.2692, 0.085, 0.0341, 0.1848, 0.1807] **
max =  0.2692 | max_idx =  2
**pseudo_label ->  [0.0903, 0.0442, 0.3012, 0.0712, 0.0212, 0.2065, 0.2653] **
max =  0.3012 | max_idx =  2
**pseudo_label ->  [0.0414, 0.0505, 0.4547, 0.0827, 0.0151, 0.1103, 0.2452] **
max =  0.4547 | max_idx =  2
**pseudo_label ->  [0.0336, 0.0809, 0.3437, 0.0804, 0.0195, 0.2087, 0.2331] **
max =  0.3437 | max_idx =  2
**pseudo_label ->  [0.0476, 0.0363, 0.4104, 0.1121, 0.0205, 0.1523, 0.2207] **
max =  0.4104 | max_idx =  2
Epoch 6/37, Train Loss: 2.5375, Valid Loss: 2.7205, Train Acc: 0.1429, Val Acc: 0.2280, Test Acc: 0.1230, Test F1(macro): 0.0313, Test F1(micro) : 0.1429,Total Pseudo-Labels: 0, Correct Pseudo-Labels: 0, Train Data Number: 119



line 303 => train data수 119
line 258 => 인스턴스 수 17
Step 95  Tim 0:15:33
acc_train_cw(현재 train의 class별 acc) [0.0, 0.0, 0.0, 0.0, 0.0, 1.0, 0.0]
cw_psl_total_eval(pseudo label 클래스별 총 샘플 수):  [0, 0, 2, 0, 0, 0, 0]
cw_psl_correct_eval(pseudo label 클래스별 맞은 샘플 수):  [0, 0, 0, 0, 0, 0, 0]
psl_acc(PSL 평가에서의 정확도):  0.0 
cw_psl_acc(클래스별 PSL 평가에서의 정확도):  [nan, nan, 0.0, nan, nan, nan, nan]
**pseudo_label ->  [0.0255, 0.1189, 0.0019, 0.1706, 0.0765, 0.4045, 0.2021] **
max =  0.4045 | max_idx =  5
**pseudo_label ->  [0.0358, 0.0509, 0.002, 0.1426, 0.0565, 0.6154, 0.0968] **
max =  0.6154 | max_idx =  5
**pseudo_label ->  [0.0304, 0.1901, 0.0032, 0.2489, 0.1396, 0.2914, 0.0965] **
max =  0.2914 | max_idx =  5
**pseudo_label ->  [0.0306, 0.0993, 0.0016, 0.3608, 0.1045, 0.1738, 0.2294] **
max =  0.3608 | max_idx =  3
**pseudo_label ->  [0.0238, 0.1263, 0.0029, 0.2564, 0.1484, 0.2084, 0.2338] **
max =  0.2564 | max_idx =  3
Epoch 7/37, Train Loss: 2.8712, Valid Loss: 2.7639, Train Acc: 0.1429, Val Acc: 0.0261, Test Acc: 0.2971, Test F1(macro): 0.0654, Test F1(micro) : 0.1429,Total Pseudo-Labels: 0, Correct Pseudo-Labels: 0, Train Data Number: 119



line 303 => train data수 119
line 258 => 인스턴스 수 17
Step 112  Tim 0:18:00
acc_train_cw(현재 train의 class별 acc) [0.0, 0.0, 1.0, 0.0, 0.0, 0.0, 0.0]
cw_psl_total_eval(pseudo label 클래스별 총 샘플 수):  [0, 0, 0, 0, 0, 0, 0]
cw_psl_correct_eval(pseudo label 클래스별 맞은 샘플 수):  [0, 0, 0, 0, 0, 0, 0]
psl_acc(PSL 평가에서의 정확도): None 
cw_psl_acc(클래스별 PSL 평가에서의 정확도):  [nan, nan, nan, nan, nan, nan, nan]
**pseudo_label ->  [0.0612, 0.0018, 0.8241, 0.012, 0.0636, 0.029, 0.0083] **
max =  0.8241 | max_idx =  2
**pseudo_label ->  [0.0836, 0.004, 0.7827, 0.0174, 0.0348, 0.0363, 0.0413] **
max =  0.7827 | max_idx =  2
**pseudo_label ->  [0.126, 0.0038, 0.7086, 0.0124, 0.0393, 0.049, 0.0609] **
max =  0.7086 | max_idx =  2
**pseudo_label ->  [0.1056, 0.0051, 0.5778, 0.0131, 0.1298, 0.0803, 0.0882] **
max =  0.5778 | max_idx =  2
**pseudo_label ->  [0.2086, 0.0076, 0.5236, 0.0234, 0.0757, 0.0767, 0.0844] **
max =  0.5236 | max_idx =  2
Epoch 8/37, Train Loss: 2.4389, Valid Loss: 1.9875, Train Acc: 0.1429, Val Acc: 0.2280, Test Acc: 0.1230, Test F1(macro): 0.0313, Test F1(micro) : 0.1429,Total Pseudo-Labels: 0, Correct Pseudo-Labels: 0, Train Data Number: 119



line 303 => train data수 119
line 258 => 인스턴스 수 17
Step 129  Tim 0:20:28
acc_train_cw(현재 train의 class별 acc) [0.0, 0.118, 0.529, 1.0, 0.0, 0.118, 0.0]
cw_psl_total_eval(pseudo label 클래스별 총 샘플 수):  [0, 0, 2151, 0, 0, 0, 0]
cw_psl_correct_eval(pseudo label 클래스별 맞은 샘플 수):  [0, 0, 390, 0, 0, 0, 0]
psl_acc(PSL 평가에서의 정확도):  0.181 
cw_psl_acc(클래스별 PSL 평가에서의 정확도):  [nan, nan, 0.1813110113143921, nan, nan, nan, nan]
**pseudo_label ->  [0.1636, 0.0054, 0.2422, 0.2792, 0.014, 0.2216, 0.0739] **
max =  0.2792 | max_idx =  3
**pseudo_label ->  [0.2095, 0.0243, 0.246, 0.2037, 0.0066, 0.2098, 0.1002] **
max =  0.246 | max_idx =  2
**pseudo_label ->  [0.1798, 0.0156, 0.2205, 0.1861, 0.0213, 0.153, 0.2237] **
max =  0.2237 | max_idx =  6
**pseudo_label ->  [0.2679, 0.0093, 0.1992, 0.2026, 0.0101, 0.1796, 0.1313] **
max =  0.2679 | max_idx =  0
**pseudo_label ->  [0.0405, 0.0107, 0.1473, 0.3444, 0.0054, 0.3527, 0.0989] **
max =  0.3527 | max_idx =  5
Epoch 9/37, Train Loss: 5.4728, Valid Loss: 6.4541, Train Acc: 0.2521, Val Acc: 0.3648, Test Acc: 0.1660, Test F1(macro): 0.0753, Test F1(micro) : 0.2521,Total Pseudo-Labels: 0, Correct Pseudo-Labels: 0, Train Data Number: 119



line 303 => train data수 119
line 258 => 인스턴스 수 17
Step 146  Tim 0:22:56
acc_train_cw(현재 train의 class별 acc) [0.0, 1.0, 0.0, 0.0, 0.0, 0.0, 0.0]
cw_psl_total_eval(pseudo label 클래스별 총 샘플 수):  [0, 12, 0, 0, 0, 0, 0]
cw_psl_correct_eval(pseudo label 클래스별 맞은 샘플 수):  [0, 3, 0, 0, 0, 0, 0]
psl_acc(PSL 평가에서의 정확도):  0.25 
cw_psl_acc(클래스별 PSL 평가에서의 정확도):  [nan, 0.25, nan, nan, nan, nan, nan]
**pseudo_label ->  [0.0326, 0.8594, 0.0015, 0.0001, 0.0964, 0.0, 0.01] **
max =  0.8594 | max_idx =  1
**pseudo_label ->  [0.0129, 0.9639, 0.0019, 0.0, 0.0153, 0.0, 0.006] **
max =  0.9639 | max_idx =  1
**pseudo_label ->  [0.0193, 0.9187, 0.0017, 0.0001, 0.0424, 0.0, 0.0178] **
max =  0.9187 | max_idx =  1
**pseudo_label ->  [0.1274, 0.5352, 0.0025, 0.0002, 0.273, 0.0, 0.0616] **
max =  0.5352 | max_idx =  1
**pseudo_label ->  [0.0312, 0.9175, 0.0037, 0.0001, 0.0245, 0.0, 0.0231] **
max =  0.9175 | max_idx =  1
Epoch 10/37, Train Loss: 4.2684, Valid Loss: 5.6315, Train Acc: 0.1429, Val Acc: 0.0065, Test Acc: 0.2787, Test F1(macro): 0.0623, Test F1(micro) : 0.1429,Total Pseudo-Labels: 1, Correct Pseudo-Labels: 0, Train Data Number: 119



line 303 => train data수 119
line 258 => 인스턴스 수 17
Step 163  Tim 0:25:23
acc_train_cw(현재 train의 class별 acc) [0.0, 1.0, 0.0, 0.0, 0.0, 0.0, 0.0]
cw_psl_total_eval(pseudo label 클래스별 총 샘플 수):  [0, 3518, 0, 0, 0, 0, 0]
cw_psl_correct_eval(pseudo label 클래스별 맞은 샘플 수):  [0, 454, 0, 0, 0, 0, 0]
psl_acc(PSL 평가에서의 정확도):  0.129 
cw_psl_acc(클래스별 PSL 평가에서의 정확도):  [nan, 0.1290505975484848, nan, nan, nan, nan, nan]
**pseudo_label ->  [0.225, 0.4097, 0.0039, 0.0006, 0.0009, 0.0032, 0.3567] **
max =  0.4097 | max_idx =  1
**pseudo_label ->  [0.3693, 0.4742, 0.0052, 0.0024, 0.0007, 0.0004, 0.1478] **
max =  0.4742 | max_idx =  1
**pseudo_label ->  [0.0995, 0.7248, 0.0099, 0.001, 0.0007, 0.0029, 0.1612] **
max =  0.7248 | max_idx =  1
**pseudo_label ->  [0.0873, 0.8023, 0.0021, 0.0006, 0.0002, 0.0005, 0.107] **
max =  0.8023 | max_idx =  1
**pseudo_label ->  [0.0592, 0.744, 0.0007, 0.001, 0.0003, 0.001, 0.1937] **
max =  0.744 | max_idx =  1
Epoch 11/37, Train Loss: 3.4484, Valid Loss: 4.4486, Train Acc: 0.1429, Val Acc: 0.0065, Test Acc: 0.2787, Test F1(macro): 0.0623, Test F1(micro) : 0.1429,Total Pseudo-Labels: 1, Correct Pseudo-Labels: 0, Train Data Number: 119



line 303 => train data수 119
line 258 => 인스턴스 수 17
Step 180  Tim 0:27:53
acc_train_cw(현재 train의 class별 acc) [0.0, 0.0, 0.0, 0.0, 0.0, 0.0, 1.0]
cw_psl_total_eval(pseudo label 클래스별 총 샘플 수):  [0, 956, 0, 0, 0, 0, 16]
cw_psl_correct_eval(pseudo label 클래스별 맞은 샘플 수):  [0, 117, 0, 0, 0, 0, 3]
psl_acc(PSL 평가에서의 정확도):  0.123 
cw_psl_acc(클래스별 PSL 평가에서의 정확도):  [nan, 0.1223849356174469, nan, nan, nan, nan, 0.1875]
**pseudo_label ->  [0.1468, 0.0183, 0.273, 0.0002, 0.0717, 0.0898, 0.4002] **
max =  0.4002 | max_idx =  6
**pseudo_label ->  [0.0908, 0.0188, 0.3901, 0.0002, 0.1091, 0.1043, 0.2867] **
max =  0.3901 | max_idx =  2
**pseudo_label ->  [0.1561, 0.0563, 0.2755, 0.0002, 0.0396, 0.0799, 0.3924] **
max =  0.3924 | max_idx =  6
**pseudo_label ->  [0.4967, 0.038, 0.0956, 0.0001, 0.0553, 0.0703, 0.244] **
max =  0.4967 | max_idx =  0
**pseudo_label ->  [0.3042, 0.018, 0.245, 0.0002, 0.1256, 0.0489, 0.2581] **
max =  0.3042 | max_idx =  0
Epoch 12/37, Train Loss: 3.1893, Valid Loss: 2.4674, Train Acc: 0.1429, Val Acc: 0.1173, Test Acc: 0.0184, Test F1(macro): 0.0052, Test F1(micro) : 0.1429,Total Pseudo-Labels: 0, Correct Pseudo-Labels: 0, Train Data Number: 119



line 303 => train data수 119
line 258 => 인스턴스 수 17
Step 197  Tim 0:30:20
acc_train_cw(현재 train의 class별 acc) [0.0, 0.0, 0.0, 0.0, 0.765, 0.118, 0.0]
cw_psl_total_eval(pseudo label 클래스별 총 샘플 수):  [0, 0, 8, 0, 0, 0, 126]
cw_psl_correct_eval(pseudo label 클래스별 맞은 샘플 수):  [0, 0, 1, 0, 0, 0, 17]
psl_acc(PSL 평가에서의 정확도):  0.134 
cw_psl_acc(클래스별 PSL 평가에서의 정확도):  [nan, nan, 0.125, nan, nan, nan, 0.1349206417798996]
**pseudo_label ->  [0.0151, 0.1952, 0.0608, 0.1261, 0.226, 0.2146, 0.1621] **
max =  0.226 | max_idx =  4
**pseudo_label ->  [0.0058, 0.1448, 0.0676, 0.0931, 0.1195, 0.0757, 0.4935] **
max =  0.4935 | max_idx =  6
**pseudo_label ->  [0.0047, 0.0864, 0.0617, 0.0469, 0.6764, 0.0786, 0.0452] **
max =  0.6764 | max_idx =  4
**pseudo_label ->  [0.0125, 0.2153, 0.0686, 0.0791, 0.3388, 0.1136, 0.1721] **
max =  0.3388 | max_idx =  4
**pseudo_label ->  [0.007, 0.1243, 0.0571, 0.1536, 0.336, 0.1344, 0.1874] **
max =  0.336 | max_idx =  4
Epoch 13/37, Train Loss: 3.2130, Valid Loss: 1.8521, Train Acc: 0.1261, Val Acc: 0.1107, Test Acc: 0.0799, Test F1(macro): 0.0402, Test F1(micro) : 0.1261,Total Pseudo-Labels: 0, Correct Pseudo-Labels: 0, Train Data Number: 119



line 303 => train data수 119
line 258 => 인스턴스 수 17
Step 214  Tim 0:32:48
acc_train_cw(현재 train의 class별 acc) [0.0, 0.0, 1.0, 0.0, 0.0, 0.0, 0.0]
cw_psl_total_eval(pseudo label 클래스별 총 샘플 수):  [0, 0, 0, 0, 1, 1, 2]
cw_psl_correct_eval(pseudo label 클래스별 맞은 샘플 수):  [0, 0, 0, 0, 0, 0, 1]
psl_acc(PSL 평가에서의 정확도):  0.25 
cw_psl_acc(클래스별 PSL 평가에서의 정확도):  [nan, nan, nan, nan, 0.0, 0.0, 0.5]
**pseudo_label ->  [0.0304, 0.052, 0.1663, 0.2502, 0.176, 0.0244, 0.3007] **
max =  0.3007 | max_idx =  6
**pseudo_label ->  [0.018, 0.0409, 0.2244, 0.1479, 0.2988, 0.0235, 0.2464] **
max =  0.2988 | max_idx =  4
**pseudo_label ->  [0.0036, 0.0421, 0.5928, 0.2061, 0.0847, 0.0059, 0.0648] **
max =  0.5928 | max_idx =  2
**pseudo_label ->  [0.0056, 0.0778, 0.2923, 0.3846, 0.1479, 0.0364, 0.0555] **
max =  0.3846 | max_idx =  3
**pseudo_label ->  [0.0026, 0.0397, 0.821, 0.0656, 0.0265, 0.0044, 0.0402] **
max =  0.821 | max_idx =  2
Epoch 14/37, Train Loss: 2.5634, Valid Loss: 1.8017, Train Acc: 0.1429, Val Acc: 0.2280, Test Acc: 0.1230, Test F1(macro): 0.0313, Test F1(micro) : 0.1429,Total Pseudo-Labels: 0, Correct Pseudo-Labels: 0, Train Data Number: 119



line 303 => train data수 119
line 258 => 인스턴스 수 17
Step 231  Tim 0:35:16
acc_train_cw(현재 train의 class별 acc) [0.0, 0.0, 1.0, 0.0, 0.0, 0.0, 0.0]
cw_psl_total_eval(pseudo label 클래스별 총 샘플 수):  [0, 0, 261, 3, 0, 0, 0]
cw_psl_correct_eval(pseudo label 클래스별 맞은 샘플 수):  [0, 0, 35, 0, 0, 0, 0]
psl_acc(PSL 평가에서의 정확도):  0.133 
cw_psl_acc(클래스별 PSL 평가에서의 정확도):  [nan, nan, 0.13409961760044098, 0.0, nan, nan, nan]
**pseudo_label ->  [0.0659, 0.0611, 0.3268, 0.3365, 0.134, 0.0113, 0.0643] **
max =  0.3365 | max_idx =  3
**pseudo_label ->  [0.0333, 0.002, 0.7954, 0.1025, 0.0526, 0.0017, 0.0124] **
max =  0.7954 | max_idx =  2
**pseudo_label ->  [0.0408, 0.0803, 0.2184, 0.3216, 0.0697, 0.0053, 0.2639] **
max =  0.3216 | max_idx =  3
**pseudo_label ->  [0.0124, 0.0134, 0.5774, 0.1847, 0.0842, 0.007, 0.1209] **
max =  0.5774 | max_idx =  2
**pseudo_label ->  [0.0458, 0.0338, 0.405, 0.2028, 0.1518, 0.0136, 0.1474] **
max =  0.405 | max_idx =  2
Epoch 15/37, Train Loss: 2.6758, Valid Loss: 2.1998, Train Acc: 0.1429, Val Acc: 0.2280, Test Acc: 0.1230, Test F1(macro): 0.0313, Test F1(micro) : 0.1429,Total Pseudo-Labels: 0, Correct Pseudo-Labels: 0, Train Data Number: 119



line 303 => train data수 119
line 258 => 인스턴스 수 17
Step 248  Tim 0:37:45
acc_train_cw(현재 train의 class별 acc) [0.0, 0.941, 0.941, 0.294, 0.0, 0.0, 0.0]
cw_psl_total_eval(pseudo label 클래스별 총 샘플 수):  [0, 0, 442, 1, 0, 0, 0]
cw_psl_correct_eval(pseudo label 클래스별 맞은 샘플 수):  [0, 0, 89, 0, 0, 0, 0]
psl_acc(PSL 평가에서의 정확도):  0.201 
cw_psl_acc(클래스별 PSL 평가에서의 정확도):  [nan, nan, 0.20135746896266937, 0.0, nan, nan, nan]
**pseudo_label ->  [0.0034, 0.2625, 0.2355, 0.1265, 0.0402, 0.0796, 0.2524] **
max =  0.2625 | max_idx =  1
**pseudo_label ->  [0.0026, 0.277, 0.093, 0.2862, 0.0748, 0.0299, 0.2365] **
max =  0.2862 | max_idx =  3
**pseudo_label ->  [0.005, 0.2733, 0.1911, 0.3125, 0.0273, 0.0223, 0.1684] **
max =  0.3125 | max_idx =  3
**pseudo_label ->  [0.004, 0.0962, 0.3252, 0.1301, 0.1736, 0.063, 0.2079] **
max =  0.3252 | max_idx =  2
**pseudo_label ->  [0.0113, 0.1378, 0.0459, 0.614, 0.0354, 0.0105, 0.1451] **
max =  0.614 | max_idx =  3
Epoch 16/37, Train Loss: 2.3552, Valid Loss: 2.4421, Train Acc: 0.3109, Val Acc: 0.1694, Test Acc: 0.2828, Test F1(macro): 0.1387, Test F1(micro) : 0.3109,Total Pseudo-Labels: 1, Correct Pseudo-Labels: 0, Train Data Number: 119



line 303 => train data수 119
line 258 => 인스턴스 수 17
Step 265  Tim 0:40:13
acc_train_cw(현재 train의 class별 acc) [0.0, 0.941, 0.941, 0.0, 0.529, 0.0, 0.0]
cw_psl_total_eval(pseudo label 클래스별 총 샘플 수):  [0, 2, 211, 4, 0, 0, 0]
cw_psl_correct_eval(pseudo label 클래스별 맞은 샘플 수):  [0, 0, 48, 1, 0, 0, 0]
psl_acc(PSL 평가에서의 정확도):  0.226 
cw_psl_acc(클래스별 PSL 평가에서의 정확도):  [nan, 0.0, 0.22748814523220062, 0.25, nan, nan, nan]
**pseudo_label ->  [0.0865, 0.2529, 0.176, 0.0412, 0.3463, 0.0659, 0.0312] **
max =  0.3463 | max_idx =  4
**pseudo_label ->  [0.0653, 0.5218, 0.1015, 0.1175, 0.0821, 0.0987, 0.0132] **
max =  0.5218 | max_idx =  1
**pseudo_label ->  [0.0601, 0.2048, 0.1386, 0.0831, 0.3388, 0.1311, 0.0434] **
max =  0.3388 | max_idx =  4
**pseudo_label ->  [0.0792, 0.1396, 0.0437, 0.0947, 0.5609, 0.0404, 0.0415] **
max =  0.5609 | max_idx =  4
**pseudo_label ->  [0.0652, 0.3825, 0.0249, 0.1554, 0.2158, 0.1124, 0.0439] **
max =  0.3825 | max_idx =  1
Epoch 17/37, Train Loss: 1.9844, Valid Loss: 2.5801, Train Acc: 0.3445, Val Acc: 0.1173, Test Acc: 0.2480, Test F1(macro): 0.1235, Test F1(micro) : 0.3445,Total Pseudo-Labels: 0, Correct Pseudo-Labels: 0, Train Data Number: 119



line 303 => train data수 119
line 258 => 인스턴스 수 17
Step 282  Tim 0:42:42
acc_train_cw(현재 train의 class별 acc) [0.176, 0.0, 0.882, 0.059, 0.0, 0.824, 0.0]
cw_psl_total_eval(pseudo label 클래스별 총 샘플 수):  [0, 20, 178, 0, 11, 0, 0]
cw_psl_correct_eval(pseudo label 클래스별 맞은 샘플 수):  [0, 1, 33, 0, 2, 0, 0]
psl_acc(PSL 평가에서의 정확도):  0.172 
cw_psl_acc(클래스별 PSL 평가에서의 정확도):  [nan, 0.05000000074505806, 0.18539325892925262, nan, 0.1818181872367859, nan, nan]
**pseudo_label ->  [0.05, 0.0644, 0.1054, 0.0789, 0.0231, 0.5054, 0.1728] **
max =  0.5054 | max_idx =  5
**pseudo_label ->  [0.0133, 0.0121, 0.8666, 0.0104, 0.0192, 0.0623, 0.016] **
max =  0.8666 | max_idx =  2
**pseudo_label ->  [0.0609, 0.0479, 0.0265, 0.1275, 0.0158, 0.6217, 0.0997] **
max =  0.6217 | max_idx =  5
**pseudo_label ->  [0.0938, 0.0548, 0.0344, 0.1612, 0.0116, 0.5752, 0.069] **
max =  0.5752 | max_idx =  5
**pseudo_label ->  [0.1002, 0.0689, 0.0954, 0.3447, 0.0211, 0.2229, 0.1467] **
max =  0.3447 | max_idx =  3
Epoch 18/37, Train Loss: 1.9656, Valid Loss: 2.4861, Train Acc: 0.2773, Val Acc: 0.0619, Test Acc: 0.3135, Test F1(macro): 0.1022, Test F1(micro) : 0.2773,Total Pseudo-Labels: 0, Correct Pseudo-Labels: 0, Train Data Number: 119



line 303 => train data수 119
line 258 => 인스턴스 수 17
Step 299  Tim 0:45:10
acc_train_cw(현재 train의 class별 acc) [0.0, 0.0, 0.941, 0.588, 0.0, 0.647, 0.0]
cw_psl_total_eval(pseudo label 클래스별 총 샘플 수):  [0, 0, 159, 0, 0, 162, 0]
cw_psl_correct_eval(pseudo label 클래스별 맞은 샘플 수):  [0, 0, 36, 0, 0, 29, 0]
psl_acc(PSL 평가에서의 정확도):  0.202 
cw_psl_acc(클래스별 PSL 평가에서의 정확도):  [nan, nan, 0.22641509771347046, nan, nan, 0.17901234328746796, nan]
**pseudo_label ->  [0.0269, 0.0281, 0.1621, 0.1746, 0.0723, 0.4697, 0.0663] **
max =  0.4697 | max_idx =  5
**pseudo_label ->  [0.0319, 0.0139, 0.6767, 0.1017, 0.0224, 0.106, 0.0474] **
max =  0.6767 | max_idx =  2
**pseudo_label ->  [0.0923, 0.0205, 0.0296, 0.2369, 0.1031, 0.4184, 0.0993] **
max =  0.4184 | max_idx =  5
**pseudo_label ->  [0.1299, 0.0269, 0.0511, 0.3603, 0.0427, 0.0964, 0.2927] **
max =  0.3603 | max_idx =  3
**pseudo_label ->  [0.1115, 0.073, 0.0066, 0.2869, 0.0622, 0.3673, 0.0925] **
max =  0.3673 | max_idx =  5
Epoch 19/37, Train Loss: 1.8002, Valid Loss: 2.4517, Train Acc: 0.3109, Val Acc: 0.1238, Test Acc: 0.2828, Test F1(macro): 0.1237, Test F1(micro) : 0.3109,Total Pseudo-Labels: 1, Correct Pseudo-Labels: 0, Train Data Number: 119



line 303 => train data수 119
line 258 => 인스턴스 수 17
Step 316  Tim 0:47:39
acc_train_cw(현재 train의 class별 acc) [0.0, 0.0, 0.941, 0.765, 0.0, 0.0, 0.471]
cw_psl_total_eval(pseudo label 클래스별 총 샘플 수):  [0, 0, 176, 18, 0, 121, 0]
cw_psl_correct_eval(pseudo label 클래스별 맞은 샘플 수):  [0, 0, 42, 4, 0, 14, 0]
psl_acc(PSL 평가에서의 정확도):  0.19 
cw_psl_acc(클래스별 PSL 평가에서의 정확도):  [nan, nan, 0.23863635957241058, 0.2222222238779068, nan, 0.11570248007774353, nan]
**pseudo_label ->  [0.0463, 0.0017, 0.0941, 0.2461, 0.3596, 0.0488, 0.2034] **
max =  0.3596 | max_idx =  4
**pseudo_label ->  [0.0443, 0.0118, 0.2328, 0.2476, 0.0474, 0.0145, 0.4015] **
max =  0.4015 | max_idx =  6
**pseudo_label ->  [0.0129, 0.001, 0.0016, 0.2445, 0.0312, 0.0243, 0.6845] **
max =  0.6845 | max_idx =  6
**pseudo_label ->  [0.0064, 0.0014, 0.0645, 0.2111, 0.0669, 0.0232, 0.6265] **
max =  0.6265 | max_idx =  6
**pseudo_label ->  [0.0868, 0.0076, 0.0022, 0.6998, 0.0215, 0.0127, 0.1695] **
max =  0.6998 | max_idx =  3
Epoch 20/37, Train Loss: 2.0095, Valid Loss: 3.1566, Train Acc: 0.3109, Val Acc: 0.2280, Test Acc: 0.0697, Test F1(macro): 0.0535, Test F1(micro) : 0.3109,Total Pseudo-Labels: 1, Correct Pseudo-Labels: 0, Train Data Number: 119



line 303 => train data수 119
line 258 => 인스턴스 수 17
Step 333  Tim 0:50:06
acc_train_cw(현재 train의 class별 acc) [0.588, 0.0, 0.882, 0.412, 0.0, 0.0, 0.529]
cw_psl_total_eval(pseudo label 클래스별 총 샘플 수):  [0, 0, 251, 386, 0, 0, 122]
cw_psl_correct_eval(pseudo label 클래스별 맞은 샘플 수):  [0, 0, 49, 40, 0, 0, 17]
psl_acc(PSL 평가에서의 정확도):  0.14 
cw_psl_acc(클래스별 PSL 평가에서의 정확도):  [nan, nan, 0.19521912932395935, 0.10362694412469864, nan, nan, 0.13934426009655]
**pseudo_label ->  [0.0248, 0.0118, 0.0273, 0.1417, 0.0551, 0.4105, 0.3288] **
max =  0.4105 | max_idx =  5
**pseudo_label ->  [0.0395, 0.0383, 0.0, 0.4113, 0.0027, 0.0706, 0.4376] **
max =  0.4376 | max_idx =  6
**pseudo_label ->  [0.4221, 0.1379, 0.0001, 0.353, 0.0002, 0.0118, 0.0751] **
max =  0.4221 | max_idx =  0
**pseudo_label ->  [0.1444, 0.1021, 0.0056, 0.371, 0.0185, 0.0704, 0.2879] **
max =  0.371 | max_idx =  3
**pseudo_label ->  [0.338, 0.0985, 0.0, 0.3216, 0.0004, 0.0068, 0.2346] **
max =  0.338 | max_idx =  0
Epoch 21/37, Train Loss: 1.9626, Valid Loss: 3.2214, Train Acc: 0.3445, Val Acc: 0.1824, Test Acc: 0.0594, Test F1(macro): 0.0515, Test F1(micro) : 0.3445,Total Pseudo-Labels: 0, Correct Pseudo-Labels: 0, Train Data Number: 119



line 303 => train data수 119
line 258 => 인스턴스 수 17
Step 350  Tim 0:52:35
acc_train_cw(현재 train의 class별 acc) [0.0, 0.412, 0.941, 0.0, 0.353, 0.0, 0.941]
cw_psl_total_eval(pseudo label 클래스별 총 샘플 수):  [6, 0, 94, 12, 0, 1, 259]
cw_psl_correct_eval(pseudo label 클래스별 맞은 샘플 수):  [2, 0, 13, 2, 0, 0, 28]
psl_acc(PSL 평가에서의 정확도):  0.121 
cw_psl_acc(클래스별 PSL 평가에서의 정확도):  [0.3333333432674408, nan, 0.13829787075519562, 0.1666666716337204, nan, 0.0, 0.10810811072587967]
**pseudo_label ->  [0.0034, 0.0096, 0.4347, 0.0289, 0.2179, 0.1044, 0.2013] **
max =  0.4347 | max_idx =  2
**pseudo_label ->  [0.011, 0.0346, 0.0028, 0.1945, 0.0708, 0.0473, 0.639] **
max =  0.639 | max_idx =  6
**pseudo_label ->  [0.0416, 0.4599, 0.0054, 0.2756, 0.035, 0.0234, 0.1591] **
max =  0.4599 | max_idx =  1
**pseudo_label ->  [0.0077, 0.0634, 0.004, 0.1363, 0.052, 0.0352, 0.7015] **
max =  0.7015 | max_idx =  6
**pseudo_label ->  [0.0272, 0.3551, 0.0023, 0.0814, 0.0136, 0.036, 0.4843] **
max =  0.4843 | max_idx =  6
Epoch 22/37, Train Loss: 1.7144, Valid Loss: 4.3458, Train Acc: 0.3782, Val Acc: 0.1368, Test Acc: 0.0574, Test F1(macro): 0.0677, Test F1(micro) : 0.3782,Total Pseudo-Labels: 0, Correct Pseudo-Labels: 0, Train Data Number: 119



line 303 => train data수 119
line 258 => 인스턴스 수 17
Step 367  Tim 0:55:03
acc_train_cw(현재 train의 class별 acc) [0.0, 0.882, 0.941, 0.0, 0.0, 0.0, 0.824]
cw_psl_total_eval(pseudo label 클래스별 총 샘플 수):  [0, 5, 72, 0, 8, 0, 914]
cw_psl_correct_eval(pseudo label 클래스별 맞은 샘플 수):  [0, 0, 11, 0, 3, 0, 128]
psl_acc(PSL 평가에서의 정확도):  0.142 
cw_psl_acc(클래스별 PSL 평가에서의 정확도):  [nan, 0.0, 0.1527777761220932, nan, 0.375, nan, 0.14004376530647278]
**pseudo_label ->  [0.0049, 0.0218, 0.0123, 0.0086, 0.0506, 0.0658, 0.8361] **
max =  0.8361 | max_idx =  6
**pseudo_label ->  [0.0913, 0.424, 0.0007, 0.1137, 0.0004, 0.0112, 0.3588] **
max =  0.424 | max_idx =  1
**pseudo_label ->  [0.0383, 0.4884, 0.0, 0.1169, 0.0001, 0.0267, 0.3296] **
max =  0.4884 | max_idx =  1
**pseudo_label ->  [0.0316, 0.8271, 0.0002, 0.0207, 0.0001, 0.0078, 0.1125] **
max =  0.8271 | max_idx =  1
**pseudo_label ->  [0.0936, 0.7262, 0.0002, 0.0479, 0.0001, 0.0071, 0.1249] **
max =  0.7262 | max_idx =  1
Epoch 23/37, Train Loss: 1.5459, Valid Loss: 4.1586, Train Acc: 0.3782, Val Acc: 0.1140, Test Acc: 0.2172, Test F1(macro): 0.1062, Test F1(micro) : 0.3782,Total Pseudo-Labels: 1, Correct Pseudo-Labels: 0, Train Data Number: 119



line 303 => train data수 119
line 258 => 인스턴스 수 17
Step 384  Tim 0:57:31
acc_train_cw(현재 train의 class별 acc) [0.0, 0.647, 1.0, 0.706, 0.647, 0.647, 0.0]
cw_psl_total_eval(pseudo label 클래스별 총 샘플 수):  [0, 597, 86, 0, 1, 0, 1585]
cw_psl_correct_eval(pseudo label 클래스별 맞은 샘플 수):  [0, 125, 12, 0, 1, 0, 225]
psl_acc(PSL 평가에서의 정확도):  0.16 
cw_psl_acc(클래스별 PSL 평가에서의 정확도):  [nan, 0.20938023924827576, 0.13953489065170288, nan, 1.0, nan, 0.14195583760738373]
**pseudo_label ->  [0.0007, 0.0103, 0.0626, 0.066, 0.0941, 0.5097, 0.2566] **
max =  0.5097 | max_idx =  5
**pseudo_label ->  [0.0, 0.0014, 0.0, 0.0427, 0.0308, 0.6306, 0.2946] **
max =  0.6306 | max_idx =  5
**pseudo_label ->  [0.001, 0.0104, 0.0, 0.8197, 0.0003, 0.0763, 0.0922] **
max =  0.8197 | max_idx =  3
**pseudo_label ->  [0.0007, 0.0168, 0.0, 0.3884, 0.0019, 0.3228, 0.2693] **
max =  0.3884 | max_idx =  3
**pseudo_label ->  [0.0018, 0.0362, 0.0, 0.9127, 0.0, 0.0349, 0.0144] **
max =  0.9127 | max_idx =  3
Epoch 24/37, Train Loss: 1.4597, Valid Loss: 4.7268, Train Acc: 0.5210, Val Acc: 0.1270, Test Acc: 0.3258, Test F1(macro): 0.2004, Test F1(micro) : 0.5210,Total Pseudo-Labels: 0, Correct Pseudo-Labels: 0, Train Data Number: 119



line 303 => train data수 119
line 258 => 인스턴스 수 17
Step 401  Tim 0:59:59
acc_train_cw(현재 train의 class별 acc) [0.471, 0.588, 0.765, 0.0, 0.647, 0.882, 0.0]
cw_psl_total_eval(pseudo label 클래스별 총 샘플 수):  [0, 25, 169, 282, 17, 226, 3]
cw_psl_correct_eval(pseudo label 클래스별 맞은 샘플 수):  [0, 6, 34, 33, 3, 34, 0]
psl_acc(PSL 평가에서의 정확도):  0.152 
cw_psl_acc(클래스별 PSL 평가에서의 정확도):  [nan, 0.23999999463558197, 0.20118343830108643, 0.11702127754688263, 0.1764705926179886, 0.1504424810409546, 0.0]
**pseudo_label ->  [0.01, 0.0262, 0.0105, 0.0119, 0.1513, 0.5737, 0.2165] **
max =  0.5737 | max_idx =  5
**pseudo_label ->  [0.0814, 0.0897, 0.0001, 0.104, 0.0007, 0.6152, 0.1089] **
max =  0.6152 | max_idx =  5
**pseudo_label ->  [0.0903, 0.3525, 0.0, 0.0397, 0.0001, 0.479, 0.0385] **
max =  0.479 | max_idx =  5
**pseudo_label ->  [0.3292, 0.0591, 0.0, 0.1772, 0.0006, 0.2634, 0.1706] **
max =  0.3292 | max_idx =  0
**pseudo_label ->  [0.2312, 0.364, 0.0, 0.0408, 0.0001, 0.3458, 0.018] **
max =  0.364 | max_idx =  1
Epoch 25/37, Train Loss: 1.4009, Valid Loss: 4.5165, Train Acc: 0.4790, Val Acc: 0.0358, Test Acc: 0.4098, Test F1(macro): 0.2009, Test F1(micro) : 0.4790,Total Pseudo-Labels: 0, Correct Pseudo-Labels: 0, Train Data Number: 119



line 303 => train data수 119
line 258 => 인스턴스 수 17
Step 418  Tim 1:02:28
acc_train_cw(현재 train의 class별 acc) [0.0, 0.765, 0.941, 0.0, 1.0, 0.0, 0.824]
cw_psl_total_eval(pseudo label 클래스별 총 샘플 수):  [2, 4, 27, 0, 40, 1301, 0]
cw_psl_correct_eval(pseudo label 클래스별 맞은 샘플 수):  [1, 0, 3, 0, 9, 166, 0]
psl_acc(PSL 평가에서의 정확도):  0.13 
cw_psl_acc(클래스별 PSL 평가에서의 정확도):  [0.5, 0.0, 0.1111111119389534, nan, 0.22499999403953552, 0.12759415805339813, nan]
**pseudo_label ->  [0.0018, 0.0039, 0.0091, 0.008, 0.1354, 0.135, 0.7069] **
max =  0.7069 | max_idx =  6
**pseudo_label ->  [0.0042, 0.0172, 0.0004, 0.0115, 0.0299, 0.3737, 0.5632] **
max =  0.5632 | max_idx =  6
**pseudo_label ->  [0.061, 0.1609, 0.0, 0.2138, 0.0009, 0.2371, 0.3263] **
max =  0.3263 | max_idx =  6
**pseudo_label ->  [0.0624, 0.0597, 0.001, 0.1078, 0.0065, 0.139, 0.6236] **
max =  0.6236 | max_idx =  6
**pseudo_label ->  [0.5061, 0.4074, 0.0003, 0.0483, 0.0001, 0.0121, 0.0257] **
max =  0.5061 | max_idx =  0
Epoch 26/37, Train Loss: 1.2972, Valid Loss: 5.5687, Train Acc: 0.5042, Val Acc: 0.1107, Test Acc: 0.1926, Test F1(macro): 0.1292, Test F1(micro) : 0.5042,Total Pseudo-Labels: 0, Correct Pseudo-Labels: 0, Train Data Number: 119



line 303 => train data수 119
line 258 => 인스턴스 수 17
Step 435  Tim 1:04:57
acc_train_cw(현재 train의 class별 acc) [0.0, 0.647, 1.0, 0.0, 0.824, 0.529, 0.353]
cw_psl_total_eval(pseudo label 클래스별 총 샘플 수):  [1, 70, 145, 1, 221, 0, 592]
cw_psl_correct_eval(pseudo label 클래스별 맞은 샘플 수):  [1, 16, 34, 0, 68, 0, 93]
psl_acc(PSL 평가에서의 정확도):  0.206 
cw_psl_acc(클래스별 PSL 평가에서의 정확도):  [1.0, 0.22857142984867096, 0.2344827651977539, 0.0, 0.3076923191547394, nan, 0.15709459781646729]
**pseudo_label ->  [0.0008, 0.0096, 0.0012, 0.0003, 0.0073, 0.3024, 0.6784] **
max =  0.6784 | max_idx =  6
**pseudo_label ->  [0.0001, 0.0001, 0.0, 0.0007, 0.0355, 0.6895, 0.2741] **
max =  0.6895 | max_idx =  5
**pseudo_label ->  [0.0427, 0.0283, 0.0, 0.0307, 0.0002, 0.5453, 0.3528] **
max =  0.5453 | max_idx =  5
**pseudo_label ->  [0.0251, 0.0217, 0.0, 0.0144, 0.0014, 0.5534, 0.3839] **
max =  0.5534 | max_idx =  5
**pseudo_label ->  [0.1196, 0.2635, 0.0, 0.0106, 0.0, 0.4317, 0.1745] **
max =  0.4317 | max_idx =  5
Epoch 27/37, Train Loss: 1.6084, Valid Loss: 4.0779, Train Acc: 0.4790, Val Acc: 0.0782, Test Acc: 0.2561, Test F1(macro): 0.1412, Test F1(micro) : 0.4790,Total Pseudo-Labels: 1, Correct Pseudo-Labels: 0, Train Data Number: 119



line 303 => train data수 119
line 258 => 인스턴스 수 17
Step 452  Tim 1:07:26
acc_train_cw(현재 train의 class별 acc) [0.882, 0.0, 1.0, 0.647, 0.941, 0.0, 0.647]
cw_psl_total_eval(pseudo label 클래스별 총 샘플 수):  [1, 16, 104, 0, 7, 629, 192]
cw_psl_correct_eval(pseudo label 클래스별 맞은 샘플 수):  [0, 3, 18, 0, 0, 77, 24]
psl_acc(PSL 평가에서의 정확도):  0.129 
cw_psl_acc(클래스별 PSL 평가에서의 정확도):  [0.0, 0.1875, 0.17307692766189575, nan, 0.0, 0.12241653352975845, 0.125]
**pseudo_label ->  [0.0073, 0.0111, 0.0023, 0.0146, 0.0123, 0.1624, 0.7899] **
max =  0.7899 | max_idx =  6
**pseudo_label ->  [0.0011, 0.0021, 0.0, 0.0468, 0.0066, 0.2069, 0.7365] **
max =  0.7365 | max_idx =  6
**pseudo_label ->  [0.1395, 0.0216, 0.0, 0.542, 0.0, 0.0869, 0.2099] **
max =  0.542 | max_idx =  3
**pseudo_label ->  [0.0177, 0.0081, 0.0004, 0.2074, 0.0034, 0.4164, 0.3465] **
max =  0.4164 | max_idx =  5
**pseudo_label ->  [0.1577, 0.0738, 0.0, 0.4665, 0.0001, 0.1646, 0.1373] **
max =  0.4665 | max_idx =  3
Epoch 28/37, Train Loss: 1.0735, Valid Loss: 4.9358, Train Acc: 0.5882, Val Acc: 0.2215, Test Acc: 0.0697, Test F1(macro): 0.0709, Test F1(micro) : 0.5882,Total Pseudo-Labels: 0, Correct Pseudo-Labels: 0, Train Data Number: 119



line 303 => train data수 119
line 258 => 인스턴스 수 17
Step 469  Tim 1:09:54
acc_train_cw(현재 train의 class별 acc) [1.0, 0.059, 1.0, 0.353, 1.0, 0.765, 0.118]
cw_psl_total_eval(pseudo label 클래스별 총 샘플 수):  [66, 0, 255, 47, 56, 1, 227]
cw_psl_correct_eval(pseudo label 클래스별 맞은 샘플 수):  [48, 0, 60, 4, 14, 0, 31]
psl_acc(PSL 평가에서의 정확도):  0.241 
cw_psl_acc(클래스별 PSL 평가에서의 정확도):  [0.7272727489471436, nan, 0.23529411852359772, 0.08510638028383255, 0.25, 0.0, 0.13656388223171234]
**pseudo_label ->  [0.1169, 0.0545, 0.0002, 0.0736, 0.0009, 0.3306, 0.4233] **
max =  0.4233 | max_idx =  6
**pseudo_label ->  [0.0099, 0.0167, 0.0, 0.1912, 0.0, 0.5675, 0.2147] **
max =  0.5675 | max_idx =  5
**pseudo_label ->  [0.0849, 0.0311, 0.0, 0.5024, 0.0, 0.3632, 0.0183] **
max =  0.5024 | max_idx =  3
**pseudo_label ->  [0.06, 0.0353, 0.0, 0.1061, 0.0004, 0.6998, 0.0984] **
max =  0.6998 | max_idx =  5
**pseudo_label ->  [0.2372, 0.0286, 0.0, 0.3565, 0.0, 0.3584, 0.0193] **
max =  0.3584 | max_idx =  5
Balance pseudo label class ->  [1, 2, 3, 4, 5, 6, 7]  value ->  1
add data ->  7
Epoch 29/37, Train Loss: 0.9782, Valid Loss: 5.7464, Train Acc: 0.6134, Val Acc: 0.1270, Test Acc: 0.2377, Test F1(macro): 0.1445, Test F1(micro) : 0.6134,Total Pseudo-Labels: 1, Correct Pseudo-Labels: 0, Train Data Number: 125



line 303 => train data수 125
line 258 => 인스턴스 수 18
Step 486  Tim 1:12:24
acc_train_cw(현재 train의 class별 acc) [1.0, 0.0, 0.944, 0.333, 1.0, 0.5, 0.611]
cw_psl_total_eval(pseudo label 클래스별 총 샘플 수):  [278, 1, 144, 12, 81, 316, 2]
cw_psl_correct_eval(pseudo label 클래스별 맞은 샘플 수):  [167, 0, 30, 3, 15, 68, 0]
psl_acc(PSL 평가에서의 정확도):  0.339 
cw_psl_acc(클래스별 PSL 평가에서의 정확도):  [0.6007194519042969, 0.0, 0.2083333283662796, 0.25, 0.18518517911434174, 0.2151898741722107, 0.0]
***pse_model_save --- epoch = 30***
Save model to ./experiment/python_extended_data/output/
**pseudo_label ->  [0.0396, 0.0151, 0.0, 0.3636, 0.0009, 0.2589, 0.3219] **
max =  0.3636 | max_idx =  3
**pseudo_label ->  [0.0, 0.0, 0.0, 0.0096, 0.0005, 0.9158, 0.0741] **
max =  0.9158 | max_idx =  5
**pseudo_label ->  [0.0423, 0.0076, 0.0, 0.7791, 0.0, 0.134, 0.0369] **
max =  0.7791 | max_idx =  3
**pseudo_label ->  [0.0403, 0.0048, 0.0, 0.2747, 0.0002, 0.5792, 0.1008] **
max =  0.5792 | max_idx =  5
**pseudo_label ->  [0.2186, 0.0255, 0.0, 0.7167, 0.0, 0.0319, 0.0074] **
max =  0.7167 | max_idx =  3
Epoch 30/37, Train Loss: 1.0737, Valid Loss: 6.6039, Train Acc: 0.6320, Val Acc: 0.1433, Test Acc: 0.2049, Test F1(macro): 0.1538, Test F1(micro) : 0.6320,Total Pseudo-Labels: 0, Correct Pseudo-Labels: 0, Train Data Number: 125



line 303 => train data수 125
line 258 => 인스턴스 수 18
Step 504  Tim 1:15:25
acc_train_cw(현재 train의 class별 acc) [1.0, 0.0, 0.778, 0.0, 1.0, 0.889, 0.333]
cw_psl_total_eval(pseudo label 클래스별 총 샘플 수):  [412, 0, 72, 60, 293, 383, 98]
cw_psl_correct_eval(pseudo label 클래스별 맞은 샘플 수):  [194, 0, 18, 6, 64, 72, 22]
psl_acc(PSL 평가에서의 정확도):  0.285 
cw_psl_acc(클래스별 PSL 평가에서의 정확도):  [0.47087377309799194, nan, 0.25, 0.10000000149011612, 0.2184300273656845, 0.18798956274986267, 0.22448979318141937]
**pseudo_label ->  [0.0114, 0.0039, 0.0, 0.0732, 0.0003, 0.828, 0.0831] **
max =  0.828 | max_idx =  5
**pseudo_label ->  [0.0, 0.0, 0.0, 0.0009, 0.0008, 0.9928, 0.0055] **
max =  0.9928 | max_idx =  5
**pseudo_label ->  [0.0093, 0.004, 0.0, 0.1865, 0.0, 0.7878, 0.0124] **
max =  0.7878 | max_idx =  5
**pseudo_label ->  [0.0273, 0.0063, 0.0, 0.1887, 0.0, 0.7504, 0.0274] **
max =  0.7504 | max_idx =  5
**pseudo_label ->  [0.6212, 0.0568, 0.0, 0.2447, 0.0, 0.0698, 0.0075] **
max =  0.6212 | max_idx =  0
Balance pseudo label class ->  [1, 2, 3, 4, 5, 6, 7]  value ->  1
add data ->  7
Epoch 31/37, Train Loss: 0.9416, Valid Loss: 5.5354, Train Acc: 0.5760, Val Acc: 0.1042, Test Acc: 0.2254, Test F1(macro): 0.1523, Test F1(micro) : 0.5760,Total Pseudo-Labels: 1, Correct Pseudo-Labels: 0, Train Data Number: 132



line 303 => train data수 132
line 258 => 인스턴스 수 19
Step 522  Tim 1:17:57
acc_train_cw(현재 train의 class별 acc) [1.0, 0.0, 0.895, 0.474, 0.895, 0.474, 0.684]
cw_psl_total_eval(pseudo label 클래스별 총 샘플 수):  [523, 1, 62, 11, 349, 866, 46]
cw_psl_correct_eval(pseudo label 클래스별 맞은 샘플 수):  [190, 0, 8, 1, 69, 130, 6]
psl_acc(PSL 평가에서의 정확도):  0.217 
cw_psl_acc(클래스별 PSL 평가에서의 정확도):  [0.3632887303829193, 0.0, 0.12903225421905518, 0.09090909361839294, 0.19770774245262146, 0.1501154750585556, 0.1304347813129425]
***pse_model_save --- epoch = 32***
Save model to ./experiment/python_extended_data/output/
**pseudo_label ->  [0.001, 0.0029, 0.0, 0.056, 0.0114, 0.1935, 0.7351] **
max =  0.7351 | max_idx =  6
**pseudo_label ->  [0.0592, 0.0374, 0.0, 0.8053, 0.0, 0.0666, 0.0315] **
max =  0.8053 | max_idx =  3
**pseudo_label ->  [0.0011, 0.0015, 0.0, 0.4712, 0.0001, 0.4331, 0.093] **
max =  0.4712 | max_idx =  3
**pseudo_label ->  [0.1586, 0.0958, 0.0, 0.4095, 0.0, 0.107, 0.2291] **
max =  0.4095 | max_idx =  3
**pseudo_label ->  [0.2903, 0.0523, 0.0, 0.6073, 0.0, 0.0285, 0.0215] **
max =  0.6073 | max_idx =  3
Balance pseudo label class ->  [1, 2, 3, 4, 5, 6, 7]  value ->  1
add data ->  7
Epoch 32/37, Train Loss: 0.9815, Valid Loss: 5.9645, Train Acc: 0.6364, Val Acc: 0.2020, Test Acc: 0.1168, Test F1(macro): 0.1025, Test F1(micro) : 0.6364,Total Pseudo-Labels: 0, Correct Pseudo-Labels: 0, Train Data Number: 139



line 303 => train data수 139
line 258 => 인스턴스 수 20
Step 541  Tim 1:21:00
acc_train_cw(현재 train의 class별 acc) [0.35, 0.526, 1.0, 0.7, 0.9, 0.75, 0.6]
cw_psl_total_eval(pseudo label 클래스별 총 샘플 수):  [415, 1, 66, 193, 363, 31, 381]
cw_psl_correct_eval(pseudo label 클래스별 맞은 샘플 수):  [190, 0, 11, 35, 78, 5, 41]
psl_acc(PSL 평가에서의 정확도):  0.248 
cw_psl_acc(클래스별 PSL 평가에서의 정확도):  [0.45783132314682007, 0.0, 0.1666666716337204, 0.18134714663028717, 0.21487602591514587, 0.16129031777381897, 0.10761155188083649]
***pse_model_save --- epoch = 33***
Save model to ./experiment/python_extended_data/output/
**pseudo_label ->  [0.0001, 0.0021, 0.0, 0.0449, 0.0035, 0.9021, 0.0474] **
max =  0.9021 | max_idx =  5
**pseudo_label ->  [0.0, 0.0, 0.0, 0.0194, 0.0012, 0.9783, 0.001] **
max =  0.9783 | max_idx =  5
**pseudo_label ->  [0.0, 0.0, 0.0, 0.0067, 0.0008, 0.9887, 0.0038] **
max =  0.9887 | max_idx =  5
**pseudo_label ->  [0.0004, 0.003, 0.0, 0.4073, 0.0, 0.5835, 0.0057] **
max =  0.5835 | max_idx =  5
**pseudo_label ->  [0.0006, 0.0051, 0.0, 0.213, 0.0001, 0.7251, 0.0562] **
max =  0.7251 | max_idx =  5
Balance pseudo label class ->  [1, 2, 3, 4, 5, 6, 7]  value ->  10
add data ->  70
Epoch 33/37, Train Loss: 0.8908, Valid Loss: 6.2871, Train Acc: 0.6906, Val Acc: 0.1726, Test Acc: 0.2725, Test F1(macro): 0.1959, Test F1(micro) : 0.6906,Total Pseudo-Labels: 1, Correct Pseudo-Labels: 0, Train Data Number: 209



line 303 => train data수 209
line 258 => 인스턴스 수 30
Step 561  Tim 1:24:15
acc_train_cw(현재 train의 class별 acc) [0.867, 0.276, 1.0, 0.567, 0.8, 0.967, 0.033]
cw_psl_total_eval(pseudo label 클래스별 총 샘플 수):  [10, 53, 235, 137, 446, 959, 47]
cw_psl_correct_eval(pseudo label 클래스별 맞은 샘플 수):  [10, 14, 60, 17, 82, 126, 8]
psl_acc(PSL 평가에서의 정확도):  0.168 
cw_psl_acc(클래스별 PSL 평가에서의 정확도):  [1.0, 0.2641509473323822, 0.25531914830207825, 0.12408759444952011, 0.18385650217533112, 0.131386861205101, 0.1702127605676651]
***pse_model_save --- epoch = 34***
Save model to ./experiment/python_extended_data/output/
**pseudo_label ->  [0.0, 0.0, 0.0, 0.0003, 0.0982, 0.8991, 0.0023] **
max =  0.8991 | max_idx =  5
**pseudo_label ->  [0.0206, 0.1768, 0.0, 0.2509, 0.0, 0.5257, 0.0259] **
max =  0.5257 | max_idx =  5
**pseudo_label ->  [0.0, 0.0, 0.0, 0.0012, 0.0008, 0.9978, 0.0002] **
max =  0.9978 | max_idx =  5
**pseudo_label ->  [0.0, 0.0, 0.0, 0.0223, 0.0, 0.9772, 0.0004] **
max =  0.9772 | max_idx =  5
**pseudo_label ->  [0.0039, 0.0235, 0.0, 0.4884, 0.0, 0.4575, 0.0266] **
max =  0.4884 | max_idx =  3
Epoch 34/37, Train Loss: 0.8743, Valid Loss: 5.7252, Train Acc: 0.6459, Val Acc: 0.1107, Test Acc: 0.3258, Test F1(macro): 0.1941, Test F1(micro) : 0.6459,Total Pseudo-Labels: 1, Correct Pseudo-Labels: 0, Train Data Number: 209



line 303 => train data수 209
line 258 => 인스턴스 수 30
Step 591  Tim 1:27:31
acc_train_cw(현재 train의 class별 acc) [0.567, 0.759, 1.0, 0.867, 0.7, 0.633, 0.8]
cw_psl_total_eval(pseudo label 클래스별 총 샘플 수):  [76, 10, 310, 68, 256, 1596, 0]
cw_psl_correct_eval(pseudo label 클래스별 맞은 샘플 수):  [65, 3, 80, 9, 54, 215, 0]
psl_acc(PSL 평가에서의 정확도):  0.184 
cw_psl_acc(클래스별 PSL 평가에서의 정확도):  [0.8552631735801697, 0.30000001192092896, 0.25806450843811035, 0.13235294818878174, 0.2109375, 0.13471177220344543, nan]
**pseudo_label ->  [0.0, 0.0003, 0.0, 0.0099, 0.0285, 0.3953, 0.5659] **
max =  0.5659 | max_idx =  6
**pseudo_label ->  [0.0, 0.0006, 0.0, 0.3867, 0.0002, 0.4665, 0.1459] **
max =  0.4665 | max_idx =  5
**pseudo_label ->  [0.0, 0.0, 0.0, 0.1417, 0.0001, 0.8418, 0.0164] **
max =  0.8418 | max_idx =  5
**pseudo_label ->  [0.0024, 0.0283, 0.0, 0.866, 0.0, 0.0566, 0.0466] **
max =  0.866 | max_idx =  3
**pseudo_label ->  [0.0023, 0.0164, 0.0, 0.921, 0.0, 0.024, 0.0362] **
max =  0.921 | max_idx =  3
Balance pseudo label class ->  [1, 2, 3, 4, 5, 6, 7]  value ->  9
add data ->  63
Epoch 35/37, Train Loss: 0.6958, Valid Loss: 6.1132, Train Acc: 0.7608, Val Acc: 0.1661, Test Acc: 0.2172, Test F1(macro): 0.1760, Test F1(micro) : 0.7608,Total Pseudo-Labels: 1, Correct Pseudo-Labels: 0, Train Data Number: 267



line 303 => train data수 267
line 258 => 인스턴스 수 39
Step 621  Tim 1:30:25
acc_train_cw(현재 train의 class별 acc) [1.0, 0.0, 1.0, 0.513, 1.0, 0.846, 0.641]
cw_psl_total_eval(pseudo label 클래스별 총 샘플 수):  [9, 60, 168, 482, 78, 236, 846]
cw_psl_correct_eval(pseudo label 클래스별 맞은 샘플 수):  [7, 11, 42, 79, 19, 38, 99]
psl_acc(PSL 평가에서의 정확도):  0.157 
cw_psl_acc(클래스별 PSL 평가에서의 정확도):  [0.7777777910232544, 0.18333333730697632, 0.25, 0.16390042006969452, 0.24358974397182465, 0.16101695597171783, 0.11702127754688263]
***pse_model_save --- epoch = 36***
Save model to ./experiment/python_extended_data/output/
**pseudo_label ->  [0.001, 0.01, 0.0, 0.2677, 0.0001, 0.3047, 0.4165] **
max =  0.4165 | max_idx =  6
**pseudo_label ->  [0.8691, 0.1147, 0.0, 0.0113, 0.0, 0.0007, 0.0042] **
max =  0.8691 | max_idx =  0
**pseudo_label ->  [0.0, 0.0, 0.0, 0.0345, 0.0, 0.9623, 0.0032] **
max =  0.9623 | max_idx =  5
**pseudo_label ->  [0.1209, 0.033, 0.0, 0.7064, 0.0, 0.061, 0.0787] **
max =  0.7064 | max_idx =  3
**pseudo_label ->  [0.3475, 0.082, 0.0, 0.557, 0.0, 0.0026, 0.0108] **
max =  0.557 | max_idx =  3
Epoch 36/37, Train Loss: 0.7293, Valid Loss: 7.2275, Train Acc: 0.7116, Val Acc: 0.1759, Test Acc: 0.1701, Test F1(macro): 0.1422, Test F1(micro) : 0.7116,Total Pseudo-Labels: 1, Correct Pseudo-Labels: 0, Train Data Number: 267



line 303 => train data수 267
line 258 => 인스턴스 수 39
Step 660  Tim 1:33:48
acc_train_cw(현재 train의 class별 acc) [0.0, 0.947, 1.0, 0.923, 1.0, 0.974, 0.051]
cw_psl_total_eval(pseudo label 클래스별 총 샘플 수):  [759, 0, 335, 184, 127, 319, 427]
cw_psl_correct_eval(pseudo label 클래스별 맞은 샘플 수):  [293, 0, 94, 42, 25, 78, 44]
psl_acc(PSL 평가에서의 정확도):  0.268 
cw_psl_acc(클래스별 PSL 평가에서의 정확도):  [0.3860342502593994, nan, 0.2805970013141632, 0.22826087474822998, 0.19685038924217224, 0.2445141077041626, 0.10304449498653412]
**pseudo_label ->  [0.0, 0.0, 0.0001, 0.0011, 0.1533, 0.836, 0.0095] **
max =  0.836 | max_idx =  5
**pseudo_label ->  [0.0005, 0.1272, 0.0, 0.8203, 0.0, 0.0489, 0.0031] **
max =  0.8203 | max_idx =  3
**pseudo_label ->  [0.0, 0.0, 0.0, 0.0004, 0.0, 0.9995, 0.0] **
max =  0.9995 | max_idx =  5
**pseudo_label ->  [0.0065, 0.4064, 0.0, 0.5277, 0.0, 0.0233, 0.036] **
max =  0.5277 | max_idx =  3
**pseudo_label ->  [0.0003, 0.0902, 0.0, 0.8425, 0.0, 0.065, 0.0021] **
max =  0.8425 | max_idx =  3
Epoch 37/37, Train Loss: 0.6217, Valid Loss: 8.1702, Train Acc: 0.7004, Val Acc: 0.1140, Test Acc: 0.3053, Test F1(macro): 0.1729, Test F1(micro) : 0.7004,Total Pseudo-Labels: 0, Correct Pseudo-Labels: 0, Train Data Number: 267

Training complete!
Total training took 1:36:10 (h:mm:ss)
Load model from ./experiment/python_extended_data/output/10_codesage-base_0.0003_0.7_python_extended_data_37_[42]_net0.pth
Save training statistics in:  ./experiment/python_extended_data/log/codesage/class7//10_codesage-base_0.0003_0.7_python_extended_data_37_[42]/training_statistics.csv

best_trian_loss, epoch => 0.6217406174311271 37
Epoch-1_train_loss => 7.778621554374695
max_epoch_train_loss => 0.6217406174311271 


best_val_loss, epoch =>  1.7574279300553015 2
Epoch-1_val_loss => 3.636922789076252
max_epoch_val_loss => 8.170230192764805 

pse_epoch =>  [1, 2, 4, 5, 6, 8, 9, 10, 11, 12, 13, 14, 15, 16, 17, 18, 19, 20, 21, 22, 23, 24, 25, 26, 27, 28, 29, 30, 31, 32, 33, 34, 35, 36, 37]
추가되는 pse_epoch =>  [1, 29, 31, 32, 33, 35] 

total_data:  267 
Best_step:  129 
Best_epoch:  8 
best_val_acc:  0.36482084690553745 
best_test_acc:  0.17008196721311475 
best_test_f1:  0.14217634541123328
Save best record in:  ./experiment/python_extended_data/log/codesage/class7/summary.csv
Save best record in:  ./experiment/python_extended_data/log/summary_avgrun.csv
