current work directory:  /home/imsuhan22/few-shot-tc/custom_ssl/code
Data set -> python_extended_data
save_name: 10_codesage-base_0.00025_0.7_python_extended_data

data_path:  ../data/problem_based_split/python_extended_data

There are 1 GPU(s) available.
We will use the GPU- 0 Quadro RTX 8000

**line 147 모델 =>  codesage/codesage-base
**tokenizer type =  codesage/codesage-base 

pesudo label class개수 기준 -> 7
n_labeled_per_class:  10
train_df samples: 3974
train_labeled_df samples: 70
train_unlabeled_df samples: 3904
n_classes:  7 


net_arch:  codesage/codesage-base 
lr:  0.00025 
lr_linear:  0.001 




line 303 => train data수 70
line 258 => 인스턴스 수 10
Step 0  Tim 0:00:21
acc_train_cw(현재 train의 class별 acc) [0.0, 0.3, 0.2, 0.0, 0.3, 0.2, 0.0]
cw_psl_total_eval(pseudo label 클래스별 총 샘플 수):  [0, 0, 0, 0, 0, 0, 0]
cw_psl_correct_eval(pseudo label 클래스별 맞은 샘플 수):  [0, 0, 0, 0, 0, 0, 0]
psl_acc(PSL 평가에서의 정확도): None 
cw_psl_acc(클래스별 PSL 평가에서의 정확도):  [nan, nan, nan, nan, nan, nan, nan]
***best_acc_model_save --- epoch = 1***
Save model to ./experiment/python_extended_data/output/
**pseudo_label ->  [0.047, 0.368, 0.3598, 0.0159, 0.009, 0.1723, 0.0281] **
max =  0.368 | max_idx =  1
**pseudo_label ->  [0.1266, 0.2388, 0.294, 0.0077, 0.1056, 0.0899, 0.1374] **
max =  0.294 | max_idx =  2
**pseudo_label ->  [0.0026, 0.749, 0.0546, 0.0289, 0.122, 0.0271, 0.0159] **
max =  0.749 | max_idx =  1
**pseudo_label ->  [0.0278, 0.1766, 0.054, 0.0199, 0.4204, 0.2829, 0.0185] **
max =  0.4204 | max_idx =  4
**pseudo_label ->  [0.0121, 0.0499, 0.2013, 0.0366, 0.3406, 0.2619, 0.0976] **
max =  0.3406 | max_idx =  4
Balance pseudo label class ->  [1, 2, 3, 4, 5, 6, 7]  value ->  2
add data ->  14
Epoch 1/50, Train Loss: 6.6112, Valid Loss: 2.3571, Train Acc: 0.1429, Val Acc: 0.0945, Test Acc: 0.3156, Test F1: 0.1873, Total Pseudo-Labels: 0, Correct Pseudo-Labels: 0, Train Data Number: 84



line 303 => train data수 84
line 258 => 인스턴스 수 12
Step 10  Tim 0:02:53
acc_train_cw(현재 train의 class별 acc) [0.75, 0.0, 0.0, 0.0, 0.0, 0.0, 0.0]
cw_psl_total_eval(pseudo label 클래스별 총 샘플 수):  [2, 59, 48, 11, 21, 70, 5]
cw_psl_correct_eval(pseudo label 클래스별 맞은 샘플 수):  [1, 4, 6, 1, 3, 11, 1]
psl_acc(PSL 평가에서의 정확도):  0.125 
cw_psl_acc(클래스별 PSL 평가에서의 정확도):  [0.5, 0.06779661029577255, 0.125, 0.09090909361839294, 0.1428571492433548, 0.15714286267757416, 0.20000000298023224]
***pse_model_save --- epoch = 2***
Save model to ./experiment/python_extended_data/output/
**pseudo_label ->  [0.1184, 0.3675, 0.1039, 0.2302, 0.1483, 0.0273, 0.0044] **
max =  0.3675 | max_idx =  1
**pseudo_label ->  [0.1416, 0.3242, 0.045, 0.3014, 0.1297, 0.0463, 0.0118] **
max =  0.3242 | max_idx =  1
**pseudo_label ->  [0.1569, 0.2804, 0.2128, 0.2107, 0.1001, 0.0306, 0.0085] **
max =  0.2804 | max_idx =  1
**pseudo_label ->  [0.6128, 0.0335, 0.0905, 0.102, 0.0753, 0.0841, 0.0017] **
max =  0.6128 | max_idx =  0
**pseudo_label ->  [0.0727, 0.4561, 0.0361, 0.3156, 0.0739, 0.036, 0.0096] **
max =  0.4561 | max_idx =  1
Epoch 2/50, Train Loss: 2.3868, Valid Loss: 1.9149, Train Acc: 0.1071, Val Acc: 0.0782, Test Acc: 0.0738, Test F1: 0.0253, Total Pseudo-Labels: 0, Correct Pseudo-Labels: 0, Train Data Number: 84



line 303 => train data수 84
line 258 => 인스턴스 수 12
Step 22  Tim 0:05:17
acc_train_cw(현재 train의 class별 acc) [0.0, 0.0, 0.0, 1.0, 0.0, 0.0, 0.0]
cw_psl_total_eval(pseudo label 클래스별 총 샘플 수):  [6, 252, 0, 0, 0, 0, 0]
cw_psl_correct_eval(pseudo label 클래스별 맞은 샘플 수):  [1, 26, 0, 0, 0, 0, 0]
psl_acc(PSL 평가에서의 정확도):  0.105 
cw_psl_acc(클래스별 PSL 평가에서의 정확도):  [0.1666666716337204, 0.1031746044754982, nan, nan, nan, nan, nan]
**pseudo_label ->  [0.0589, 0.1723, 0.1041, 0.4112, 0.0802, 0.1449, 0.0283] **
max =  0.4112 | max_idx =  3
**pseudo_label ->  [0.0336, 0.2188, 0.0851, 0.4843, 0.0589, 0.0934, 0.0259] **
max =  0.4843 | max_idx =  3
**pseudo_label ->  [0.0676, 0.185, 0.1205, 0.3252, 0.1044, 0.1681, 0.0293] **
max =  0.3252 | max_idx =  3
**pseudo_label ->  [0.0493, 0.2036, 0.0834, 0.4164, 0.0551, 0.1634, 0.0288] **
max =  0.4164 | max_idx =  3
**pseudo_label ->  [0.0796, 0.2079, 0.0689, 0.374, 0.1374, 0.1065, 0.0256] **
max =  0.374 | max_idx =  3
Epoch 3/50, Train Loss: 2.5249, Valid Loss: 2.7716, Train Acc: 0.1429, Val Acc: 0.3876, Test Acc: 0.1619, Test F1: 0.0398, Total Pseudo-Labels: 0, Correct Pseudo-Labels: 0, Train Data Number: 84



line 303 => train data수 84
line 258 => 인스턴스 수 12
Step 34  Tim 0:07:37
acc_train_cw(현재 train의 class별 acc) [0.0, 0.0, 0.0, 0.0, 0.0, 1.0, 0.0]
cw_psl_total_eval(pseudo label 클래스별 총 샘플 수):  [0, 13, 0, 1, 0, 0, 0]
cw_psl_correct_eval(pseudo label 클래스별 맞은 샘플 수):  [0, 1, 0, 0, 0, 0, 0]
psl_acc(PSL 평가에서의 정확도):  0.071 
cw_psl_acc(클래스별 PSL 평가에서의 정확도):  [nan, 0.07692307978868484, nan, 0.0, nan, nan, nan]
**pseudo_label ->  [0.0511, 0.1588, 0.0633, 0.0145, 0.1768, 0.4606, 0.0748] **
max =  0.4606 | max_idx =  5
**pseudo_label ->  [0.0553, 0.2039, 0.0973, 0.0155, 0.1352, 0.4148, 0.078] **
max =  0.4148 | max_idx =  5
**pseudo_label ->  [0.0613, 0.1876, 0.113, 0.0346, 0.1011, 0.4578, 0.0446] **
max =  0.4578 | max_idx =  5
**pseudo_label ->  [0.0513, 0.5878, 0.1501, 0.0203, 0.1533, 0.0272, 0.01] **
max =  0.5878 | max_idx =  1
**pseudo_label ->  [0.0234, 0.1402, 0.0178, 0.0403, 0.0526, 0.6222, 0.1036] **
max =  0.6222 | max_idx =  5
Epoch 4/50, Train Loss: 2.2890, Valid Loss: 2.4415, Train Acc: 0.1429, Val Acc: 0.0261, Test Acc: 0.2971, Test F1: 0.0654, Total Pseudo-Labels: 0, Correct Pseudo-Labels: 0, Train Data Number: 84



line 303 => train data수 84
line 258 => 인스턴스 수 12
Step 46  Tim 0:09:57
acc_train_cw(현재 train의 class별 acc) [0.417, 0.0, 0.0, 0.0, 0.0, 0.0, 1.0]
cw_psl_total_eval(pseudo label 클래스별 총 샘플 수):  [0, 43, 0, 0, 0, 320, 0]
cw_psl_correct_eval(pseudo label 클래스별 맞은 샘플 수):  [0, 8, 0, 0, 0, 30, 0]
psl_acc(PSL 평가에서의 정확도):  0.105 
cw_psl_acc(클래스별 PSL 평가에서의 정확도):  [nan, 0.1860465109348297, nan, nan, nan, 0.09375, nan]
**pseudo_label ->  [0.154, 0.2318, 0.0379, 0.0483, 0.0862, 0.151, 0.2909] **
max =  0.2909 | max_idx =  6
**pseudo_label ->  [0.1698, 0.1872, 0.0503, 0.0731, 0.0786, 0.1154, 0.3255] **
max =  0.3255 | max_idx =  6
**pseudo_label ->  [0.3016, 0.0265, 0.0218, 0.0397, 0.037, 0.4878, 0.0855] **
max =  0.4878 | max_idx =  5
**pseudo_label ->  [0.07, 0.1838, 0.0066, 0.1056, 0.0517, 0.2579, 0.3244] **
max =  0.3244 | max_idx =  6
**pseudo_label ->  [0.1537, 0.1833, 0.0369, 0.0659, 0.101, 0.1862, 0.2729] **
max =  0.2729 | max_idx =  6
Epoch 5/50, Train Loss: 2.4012, Valid Loss: 2.0738, Train Acc: 0.2024, Val Acc: 0.1303, Test Acc: 0.0266, Test F1: 0.0242, Total Pseudo-Labels: 0, Correct Pseudo-Labels: 0, Train Data Number: 84



line 303 => train data수 84
line 258 => 인스턴스 수 12
Step 58  Tim 0:12:18
acc_train_cw(현재 train의 class별 acc) [0.0, 0.5, 0.0, 0.25, 0.0, 0.0, 1.0]
cw_psl_total_eval(pseudo label 클래스별 총 샘플 수):  [0, 66, 0, 0, 0, 4, 0]
cw_psl_correct_eval(pseudo label 클래스별 맞은 샘플 수):  [0, 5, 0, 0, 0, 0, 0]
psl_acc(PSL 평가에서의 정확도):  0.071 
cw_psl_acc(클래스별 PSL 평가에서의 정확도):  [nan, 0.07575757801532745, nan, nan, nan, 0.0, nan]
**pseudo_label ->  [0.0282, 0.139, 0.0424, 0.3004, 0.0066, 0.0732, 0.4102] **
max =  0.4102 | max_idx =  6
**pseudo_label ->  [0.0377, 0.3895, 0.0406, 0.1732, 0.0203, 0.2145, 0.1242] **
max =  0.3895 | max_idx =  1
**pseudo_label ->  [0.049, 0.2539, 0.0641, 0.2538, 0.0166, 0.2455, 0.1171] **
max =  0.2539 | max_idx =  1
**pseudo_label ->  [0.1149, 0.0429, 0.0828, 0.162, 0.01, 0.428, 0.1595] **
max =  0.428 | max_idx =  5
**pseudo_label ->  [0.0632, 0.2268, 0.1283, 0.1667, 0.0132, 0.066, 0.3358] **
max =  0.3358 | max_idx =  6
Epoch 6/50, Train Loss: 2.3972, Valid Loss: 1.9488, Train Acc: 0.2500, Val Acc: 0.1173, Test Acc: 0.2234, Test F1: 0.1226, Total Pseudo-Labels: 0, Correct Pseudo-Labels: 0, Train Data Number: 84



line 303 => train data수 84
line 258 => 인스턴스 수 12
Step 70  Tim 0:14:38
acc_train_cw(현재 train의 class별 acc) [0.0, 0.0, 0.083, 0.0, 0.0, 1.0, 0.0]
cw_psl_total_eval(pseudo label 클래스별 총 샘플 수):  [0, 138, 0, 0, 0, 0, 0]
cw_psl_correct_eval(pseudo label 클래스별 맞은 샘플 수):  [0, 14, 0, 0, 0, 0, 0]
psl_acc(PSL 평가에서의 정확도):  0.101 
cw_psl_acc(클래스별 PSL 평가에서의 정확도):  [nan, 0.10144927352666855, nan, nan, nan, nan, nan]
**pseudo_label ->  [0.054, 0.005, 0.1013, 0.0836, 0.0152, 0.7102, 0.0306] **
max =  0.7102 | max_idx =  5
**pseudo_label ->  [0.0363, 0.0466, 0.1486, 0.2294, 0.0592, 0.3015, 0.1784] **
max =  0.3015 | max_idx =  5
**pseudo_label ->  [0.0218, 0.0338, 0.1689, 0.1934, 0.0739, 0.3619, 0.1463] **
max =  0.3619 | max_idx =  5
**pseudo_label ->  [0.0241, 0.0331, 0.1732, 0.1563, 0.0505, 0.4441, 0.1188] **
max =  0.4441 | max_idx =  5
**pseudo_label ->  [0.0112, 0.0262, 0.0284, 0.2507, 0.0272, 0.4623, 0.194] **
max =  0.4623 | max_idx =  5
Epoch 7/50, Train Loss: 2.2195, Valid Loss: 1.9465, Train Acc: 0.1548, Val Acc: 0.0261, Test Acc: 0.2971, Test F1: 0.0654, Total Pseudo-Labels: 0, Correct Pseudo-Labels: 0, Train Data Number: 84



line 303 => train data수 84
line 258 => 인스턴스 수 12
Step 82  Tim 0:16:58
acc_train_cw(현재 train의 class별 acc) [0.25, 0.417, 0.833, 0.0, 0.0, 0.0, 0.0]
cw_psl_total_eval(pseudo label 클래스별 총 샘플 수):  [0, 0, 0, 0, 0, 168, 0]
cw_psl_correct_eval(pseudo label 클래스별 맞은 샘플 수):  [0, 0, 0, 0, 0, 32, 0]
psl_acc(PSL 평가에서의 정확도):  0.19 
cw_psl_acc(클래스별 PSL 평가에서의 정확도):  [nan, nan, nan, nan, nan, 0.190476194024086, nan]
**pseudo_label ->  [0.1226, 0.1576, 0.3698, 0.1119, 0.1523, 0.0547, 0.0311] **
max =  0.3698 | max_idx =  2
**pseudo_label ->  [0.0916, 0.2938, 0.1839, 0.1076, 0.1407, 0.1466, 0.0358] **
max =  0.2938 | max_idx =  1
**pseudo_label ->  [0.1198, 0.1815, 0.2316, 0.1726, 0.1343, 0.1199, 0.0403] **
max =  0.2316 | max_idx =  2
**pseudo_label ->  [0.1459, 0.2143, 0.1658, 0.1273, 0.1203, 0.184, 0.0425] **
max =  0.2143 | max_idx =  1
**pseudo_label ->  [0.1096, 0.1983, 0.2153, 0.1863, 0.1371, 0.1229, 0.0304] **
max =  0.2153 | max_idx =  2
Epoch 8/50, Train Loss: 2.3749, Valid Loss: 2.0474, Train Acc: 0.2143, Val Acc: 0.1401, Test Acc: 0.1168, Test F1: 0.0470, Total Pseudo-Labels: 0, Correct Pseudo-Labels: 0, Train Data Number: 84



line 303 => train data수 84
line 258 => 인스턴스 수 12
Step 94  Tim 0:19:18
acc_train_cw(현재 train의 class별 acc) [0.25, 0.0, 1.0, 0.0, 0.083, 0.0, 0.0]
cw_psl_total_eval(pseudo label 클래스별 총 샘플 수):  [0, 8, 0, 0, 0, 0, 0]
cw_psl_correct_eval(pseudo label 클래스별 맞은 샘플 수):  [0, 1, 0, 0, 0, 0, 0]
psl_acc(PSL 평가에서의 정확도):  0.125 
cw_psl_acc(클래스별 PSL 평가에서의 정확도):  [nan, 0.125, nan, nan, nan, nan, nan]
**pseudo_label ->  [0.1439, 0.118, 0.5528, 0.0947, 0.0512, 0.0052, 0.0341] **
max =  0.5528 | max_idx =  2
**pseudo_label ->  [0.0495, 0.3, 0.1103, 0.0465, 0.2624, 0.0727, 0.1585] **
max =  0.3 | max_idx =  1
**pseudo_label ->  [0.0908, 0.1816, 0.4247, 0.0714, 0.106, 0.0201, 0.1054] **
max =  0.4247 | max_idx =  2
**pseudo_label ->  [0.0696, 0.2416, 0.2703, 0.0588, 0.1879, 0.0389, 0.133] **
max =  0.2703 | max_idx =  2
**pseudo_label ->  [0.3345, 0.0376, 0.4461, 0.0666, 0.0609, 0.0324, 0.0219] **
max =  0.4461 | max_idx =  2
Epoch 9/50, Train Loss: 2.1774, Valid Loss: 1.8911, Train Acc: 0.1905, Val Acc: 0.2085, Test Acc: 0.1189, Test F1: 0.0460, Total Pseudo-Labels: 0, Correct Pseudo-Labels: 0, Train Data Number: 84



line 303 => train data수 84
line 258 => 인스턴스 수 12
Step 106  Tim 0:21:38
acc_train_cw(현재 train의 class별 acc) [0.583, 0.0, 0.167, 0.833, 0.0, 0.0, 0.917]
cw_psl_total_eval(pseudo label 클래스별 총 샘플 수):  [6, 3, 5, 0, 0, 0, 0]
cw_psl_correct_eval(pseudo label 클래스별 맞은 샘플 수):  [6, 0, 0, 0, 0, 0, 0]
psl_acc(PSL 평가에서의 정확도):  0.429 
cw_psl_acc(클래스별 PSL 평가에서의 정확도):  [1.0, 0.0, 0.0, nan, nan, nan, nan]
**pseudo_label ->  [0.0608, 0.082, 0.4365, 0.3403, 0.0065, 0.0046, 0.0693] **
max =  0.4365 | max_idx =  2
**pseudo_label ->  [0.0518, 0.056, 0.0265, 0.1383, 0.0051, 0.5203, 0.2019] **
max =  0.5203 | max_idx =  5
**pseudo_label ->  [0.0335, 0.2951, 0.0701, 0.258, 0.0079, 0.0723, 0.2631] **
max =  0.2951 | max_idx =  1
**pseudo_label ->  [0.0201, 0.2235, 0.0582, 0.1747, 0.013, 0.1013, 0.4093] **
max =  0.4093 | max_idx =  6
**pseudo_label ->  [0.0218, 0.2431, 0.1949, 0.2295, 0.0163, 0.0325, 0.2619] **
max =  0.2619 | max_idx =  6
Epoch 10/50, Train Loss: 1.7776, Valid Loss: 2.1794, Train Acc: 0.3571, Val Acc: 0.3257, Test Acc: 0.1557, Test F1: 0.0900, Total Pseudo-Labels: 0, Correct Pseudo-Labels: 0, Train Data Number: 84



line 303 => train data수 84
line 258 => 인스턴스 수 12
Step 118  Tim 0:23:59
acc_train_cw(현재 train의 class별 acc) [1.0, 0.0, 0.0, 0.167, 0.833, 0.833, 0.667]
cw_psl_total_eval(pseudo label 클래스별 총 샘플 수):  [7, 97, 0, 16, 0, 1, 1]
cw_psl_correct_eval(pseudo label 클래스별 맞은 샘플 수):  [7, 4, 0, 2, 0, 0, 0]
psl_acc(PSL 평가에서의 정확도):  0.107 
cw_psl_acc(클래스별 PSL 평가에서의 정확도):  [1.0, 0.04123711213469505, nan, 0.125, nan, 0.0, 0.0]
**pseudo_label ->  [0.2863, 0.0455, 0.0068, 0.4842, 0.1662, 0.0072, 0.0037] **
max =  0.4842 | max_idx =  3
**pseudo_label ->  [0.0014, 0.0802, 0.0027, 0.1024, 0.2812, 0.255, 0.2771] **
max =  0.2812 | max_idx =  4
**pseudo_label ->  [0.0288, 0.2608, 0.0068, 0.1807, 0.4971, 0.0104, 0.0153] **
max =  0.4971 | max_idx =  4
**pseudo_label ->  [0.005, 0.073, 0.0091, 0.0573, 0.3823, 0.2507, 0.2225] **
max =  0.3823 | max_idx =  4
**pseudo_label ->  [0.0229, 0.0896, 0.0092, 0.1979, 0.495, 0.0802, 0.1052] **
max =  0.495 | max_idx =  4
Epoch 11/50, Train Loss: 1.3773, Valid Loss: 2.7433, Train Acc: 0.5000, Val Acc: 0.2899, Test Acc: 0.2623, Test F1: 0.2357, Total Pseudo-Labels: 0, Correct Pseudo-Labels: 0, Train Data Number: 84



line 303 => train data수 84
line 258 => 인스턴스 수 12
Step 130  Tim 0:26:19
acc_train_cw(현재 train의 class별 acc) [1.0, 0.5, 0.417, 0.417, 0.667, 0.75, 1.0]
cw_psl_total_eval(pseudo label 클래스별 총 샘플 수):  [429, 0, 0, 1, 114, 15, 0]
cw_psl_correct_eval(pseudo label 클래스별 맞은 샘플 수):  [277, 0, 0, 0, 26, 7, 0]
psl_acc(PSL 평가에서의 정확도):  0.555 
cw_psl_acc(클래스별 PSL 평가에서의 정확도):  [0.6456876397132874, nan, nan, 0.0, 0.22807016968727112, 0.46666666865348816, nan]
**pseudo_label ->  [0.0005, 0.0189, 0.1137, 0.1178, 0.5551, 0.0175, 0.1765] **
max =  0.5551 | max_idx =  4
**pseudo_label ->  [0.0, 0.0097, 0.0004, 0.0015, 0.0046, 0.2698, 0.714] **
max =  0.714 | max_idx =  6
**pseudo_label ->  [0.0004, 0.0581, 0.053, 0.0299, 0.3207, 0.1228, 0.4153] **
max =  0.4153 | max_idx =  6
**pseudo_label ->  [0.0, 0.0123, 0.0003, 0.0013, 0.0147, 0.3612, 0.6102] **
max =  0.6102 | max_idx =  6
**pseudo_label ->  [0.0, 0.0143, 0.0005, 0.0015, 0.0129, 0.3754, 0.5953] **
max =  0.5953 | max_idx =  6
Epoch 12/50, Train Loss: 1.2240, Valid Loss: 2.2528, Train Acc: 0.6786, Val Acc: 0.2736, Test Acc: 0.2254, Test F1: 0.2170, Total Pseudo-Labels: 0, Correct Pseudo-Labels: 0, Train Data Number: 84



line 303 => train data수 84
line 258 => 인스턴스 수 12
Step 142  Tim 0:28:39
acc_train_cw(현재 train의 class별 acc) [1.0, 0.917, 1.0, 0.0, 0.167, 0.0, 0.917]
cw_psl_total_eval(pseudo label 클래스별 총 샘플 수):  [223, 49, 35, 0, 117, 68, 905]
cw_psl_correct_eval(pseudo label 클래스별 맞은 샘플 수):  [195, 21, 10, 0, 39, 19, 186]
psl_acc(PSL 평가에서의 정확도):  0.336 
cw_psl_acc(클래스별 PSL 평가에서의 정확도):  [0.8744394779205322, 0.4285714328289032, 0.2857142984867096, nan, 0.3333333432674408, 0.27941176295280457, 0.20552486181259155]
**pseudo_label ->  [0.009, 0.0076, 0.4453, 0.2171, 0.2974, 0.0008, 0.0228] **
max =  0.4453 | max_idx =  2
**pseudo_label ->  [0.0, 0.0342, 0.0119, 0.005, 0.7937, 0.0014, 0.1536] **
max =  0.7937 | max_idx =  4
**pseudo_label ->  [0.0041, 0.0021, 0.7869, 0.0286, 0.1739, 0.0002, 0.0042] **
max =  0.7869 | max_idx =  2
**pseudo_label ->  [0.0001, 0.0133, 0.0164, 0.0081, 0.5508, 0.0082, 0.4031] **
max =  0.5508 | max_idx =  4
**pseudo_label ->  [0.0034, 0.0314, 0.3694, 0.0496, 0.4893, 0.0012, 0.0557] **
max =  0.4893 | max_idx =  4
Epoch 13/50, Train Loss: 1.1629, Valid Loss: 3.3205, Train Acc: 0.5714, Val Acc: 0.2378, Test Acc: 0.2787, Test F1: 0.1902, Total Pseudo-Labels: 0, Correct Pseudo-Labels: 0, Train Data Number: 84



line 303 => train data수 84
line 258 => 인스턴스 수 12
Step 154  Tim 0:31:00
acc_train_cw(현재 train의 class별 acc) [1.0, 0.833, 0.167, 0.75, 0.417, 0.083, 1.0]
cw_psl_total_eval(pseudo label 클래스별 총 샘플 수):  [150, 268, 877, 0, 152, 0, 152]
cw_psl_correct_eval(pseudo label 클래스별 맞은 샘플 수):  [136, 137, 250, 0, 38, 0, 44]
psl_acc(PSL 평가에서의 정확도):  0.378 
cw_psl_acc(클래스별 PSL 평가에서의 정확도):  [0.9066666960716248, 0.5111940503120422, 0.285062700510025, nan, 0.25, nan, 0.28947368264198303]
**pseudo_label ->  [0.0075, 0.0042, 0.5072, 0.2139, 0.2503, 0.0027, 0.0141] **
max =  0.5072 | max_idx =  2
**pseudo_label ->  [0.0, 0.0143, 0.0, 0.0005, 0.0, 0.4356, 0.5495] **
max =  0.5495 | max_idx =  6
**pseudo_label ->  [0.0011, 0.0328, 0.0379, 0.1139, 0.1137, 0.0421, 0.6584] **
max =  0.6584 | max_idx =  6
**pseudo_label ->  [0.0, 0.0226, 0.0, 0.0005, 0.0001, 0.8243, 0.1526] **
max =  0.8243 | max_idx =  5
**pseudo_label ->  [0.0002, 0.145, 0.0003, 0.0402, 0.0036, 0.0786, 0.732] **
max =  0.732 | max_idx =  6
Epoch 14/50, Train Loss: 0.7550, Valid Loss: 2.2885, Train Acc: 0.6071, Val Acc: 0.2378, Test Acc: 0.2971, Test F1: 0.2581, Total Pseudo-Labels: 1, Correct Pseudo-Labels: 0, Train Data Number: 84



line 303 => train data수 84
line 258 => 인스턴스 수 12
Step 166  Tim 0:33:20
acc_train_cw(현재 train의 class별 acc) [1.0, 1.0, 0.333, 0.917, 1.0, 1.0, 0.917]
cw_psl_total_eval(pseudo label 클래스별 총 샘플 수):  [107, 111, 0, 297, 5, 95, 1055]
cw_psl_correct_eval(pseudo label 클래스별 맞은 샘플 수):  [102, 38, 0, 43, 3, 30, 235]
psl_acc(PSL 평가에서의 정확도):  0.27 
cw_psl_acc(클래스별 PSL 평가에서의 정확도):  [0.9532710313796997, 0.342342346906662, nan, 0.14478114247322083, 0.6000000238418579, 0.31578946113586426, 0.22274881601333618]
**pseudo_label ->  [0.0043, 0.001, 0.382, 0.0146, 0.5973, 0.0006, 0.0002] **
max =  0.5973 | max_idx =  4
**pseudo_label ->  [0.0003, 0.0713, 0.0034, 0.0228, 0.193, 0.6283, 0.0809] **
max =  0.6283 | max_idx =  5
**pseudo_label ->  [0.0012, 0.0044, 0.1131, 0.0128, 0.8684, 0.0001, 0.0] **
max =  0.8684 | max_idx =  4
**pseudo_label ->  [0.0002, 0.1272, 0.0021, 0.0024, 0.7448, 0.123, 0.0003] **
max =  0.7448 | max_idx =  4
**pseudo_label ->  [0.0058, 0.2461, 0.0243, 0.4061, 0.2459, 0.0477, 0.0241] **
max =  0.4061 | max_idx =  3
Balance pseudo label class ->  [1, 2, 3, 4, 5, 6, 7]  value ->  3
add data ->  21
Epoch 15/50, Train Loss: 0.7891, Valid Loss: 2.6323, Train Acc: 0.8810, Val Acc: 0.3811, Test Acc: 0.4242, Test F1: 0.3043, Total Pseudo-Labels: 1, Correct Pseudo-Labels: 0, Train Data Number: 103



line 303 => train data수 103
line 258 => 인스턴스 수 15
Step 178  Tim 0:35:44
acc_train_cw(현재 train의 class별 acc) [0.8, 0.733, 1.0, 0.933, 0.6, 0.933, 1.0]
cw_psl_total_eval(pseudo label 클래스별 총 샘플 수):  [275, 247, 3, 221, 812, 173, 4]
cw_psl_correct_eval(pseudo label 클래스별 맞은 샘플 수):  [211, 105, 2, 71, 226, 105, 0]
psl_acc(PSL 평가에서의 정확도):  0.415 
cw_psl_acc(클래스별 PSL 평가에서의 정확도):  [0.7672727108001709, 0.42510122060775757, 0.6666666865348816, 0.3212669789791107, 0.2783251106739044, 0.6069363951683044, 0.0]
***pse_model_save --- epoch = 16***
Save model to ./experiment/python_extended_data/output/
**pseudo_label ->  [0.0003, 0.0009, 0.7815, 0.0457, 0.1628, 0.0002, 0.0085] **
max =  0.7815 | max_idx =  2
**pseudo_label ->  [0.0, 0.0016, 0.0, 0.0011, 0.0007, 0.2434, 0.7532] **
max =  0.7532 | max_idx =  6
**pseudo_label ->  [0.0002, 0.005, 0.273, 0.4538, 0.2017, 0.0009, 0.0653] **
max =  0.4538 | max_idx =  3
**pseudo_label ->  [0.0, 0.002, 0.0, 0.0012, 0.0005, 0.9901, 0.0062] **
max =  0.9901 | max_idx =  5
**pseudo_label ->  [0.0003, 0.1925, 0.0843, 0.4099, 0.2622, 0.0043, 0.0464] **
max =  0.4099 | max_idx =  3
Balance pseudo label class ->  [1, 2, 3, 4, 5, 6, 7]  value ->  3
add data ->  21
Epoch 16/50, Train Loss: 0.5922, Valid Loss: 3.2687, Train Acc: 0.8544, Val Acc: 0.2573, Test Acc: 0.3115, Test F1: 0.2220, Total Pseudo-Labels: 0, Correct Pseudo-Labels: 0, Train Data Number: 124



line 303 => train data수 124
line 258 => 인스턴스 수 18
Step 193  Tim 0:38:51
acc_train_cw(현재 train의 class별 acc) [1.0, 1.0, 0.0, 0.944, 0.611, 1.0, 0.5]
cw_psl_total_eval(pseudo label 클래스별 총 샘플 수):  [11, 95, 510, 393, 3, 220, 390]
cw_psl_correct_eval(pseudo label 클래스별 맞은 샘플 수):  [11, 33, 128, 53, 2, 95, 116]
psl_acc(PSL 평가에서의 정확도):  0.27 
cw_psl_acc(클래스별 PSL 평가에서의 정확도):  [1.0, 0.34736841917037964, 0.250980406999588, 0.1348600536584854, 0.6666666865348816, 0.4318181872367859, 0.2974359095096588]
***pse_model_save --- epoch = 17***
Save model to ./experiment/python_extended_data/output/
**pseudo_label ->  [0.0035, 0.004, 0.4788, 0.4194, 0.0934, 0.0001, 0.0007] **
max =  0.4788 | max_idx =  2
**pseudo_label ->  [0.0, 0.0043, 0.0, 0.0, 0.0016, 0.9933, 0.0008] **
max =  0.9933 | max_idx =  5
**pseudo_label ->  [0.0031, 0.0037, 0.2895, 0.6294, 0.0729, 0.0001, 0.0013] **
max =  0.6294 | max_idx =  3
**pseudo_label ->  [0.0, 0.0585, 0.0, 0.0002, 0.0025, 0.9387, 0.0001] **
max =  0.9387 | max_idx =  5
**pseudo_label ->  [0.0017, 0.0487, 0.2178, 0.3547, 0.3709, 0.0023, 0.0039] **
max =  0.3709 | max_idx =  4
Epoch 17/50, Train Loss: 0.5990, Valid Loss: 3.0586, Train Acc: 0.7258, Val Acc: 0.3257, Test Acc: 0.4098, Test F1: 0.2060, Total Pseudo-Labels: 1, Correct Pseudo-Labels: 0, Train Data Number: 124



line 303 => train data수 124
line 258 => 인스턴스 수 18
Step 211  Tim 0:41:58
acc_train_cw(현재 train의 class별 acc) [1.0, 0.833, 1.0, 0.833, 0.833, 1.0, 1.0]
cw_psl_total_eval(pseudo label 클래스별 총 샘플 수):  [115, 480, 0, 584, 36, 404, 4]
cw_psl_correct_eval(pseudo label 클래스별 맞은 샘플 수):  [111, 147, 0, 101, 11, 177, 0]
psl_acc(PSL 평가에서의 정확도):  0.337 
cw_psl_acc(클래스별 PSL 평가에서의 정확도):  [0.9652174115180969, 0.3062500059604645, nan, 0.17294520139694214, 0.3055555522441864, 0.4381188154220581, 0.0]
**pseudo_label ->  [0.0012, 0.0003, 0.5762, 0.1678, 0.2367, 0.0002, 0.0177] **
max =  0.5762 | max_idx =  2
**pseudo_label ->  [0.0, 0.0005, 0.0, 0.0001, 0.0024, 0.9088, 0.0882] **
max =  0.9088 | max_idx =  5
**pseudo_label ->  [0.0004, 0.0019, 0.4175, 0.3271, 0.2187, 0.0, 0.0344] **
max =  0.4175 | max_idx =  2
**pseudo_label ->  [0.0, 0.0044, 0.0, 0.0, 0.001, 0.9778, 0.0168] **
max =  0.9778 | max_idx =  5
**pseudo_label ->  [0.0, 0.0703, 0.0017, 0.2763, 0.123, 0.008, 0.5206] **
max =  0.5206 | max_idx =  6
Balance pseudo label class ->  [1, 2, 3, 4, 5, 6, 7]  value ->  99
add data ->  693
Epoch 18/50, Train Loss: 0.8399, Valid Loss: 3.2407, Train Acc: 0.9274, Val Acc: 0.2769, Test Acc: 0.3955, Test F1: 0.2665, Total Pseudo-Labels: 0, Correct Pseudo-Labels: 0, Train Data Number: 798



line 303 => train data수 798
line 258 => 인스턴스 수 114
Step 229  Tim 0:46:17
acc_train_cw(현재 train의 class별 acc) [0.693, 0.866, 0.688, 0.846, 0.752, 0.991, 0.929]
cw_psl_total_eval(pseudo label 클래스별 총 샘플 수):  [186, 176, 353, 709, 99, 379, 207]
cw_psl_correct_eval(pseudo label 클래스별 맞은 샘플 수):  [162, 99, 114, 141, 23, 158, 82]
psl_acc(PSL 평가에서의 정확도):  0.369 
cw_psl_acc(클래스별 PSL 평가에서의 정확도):  [0.8709677457809448, 0.5625, 0.322946161031723, 0.1988716572523117, 0.23232322931289673, 0.4168865382671356, 0.39613527059555054]
***pse_model_save --- epoch = 19***
Save model to ./experiment/python_extended_data/output/
**pseudo_label ->  [0.0001, 0.0039, 0.3696, 0.4544, 0.1524, 0.0002, 0.0192] **
max =  0.4544 | max_idx =  3
**pseudo_label ->  [0.0, 0.0004, 0.0, 0.0, 0.0011, 0.9868, 0.0117] **
max =  0.9868 | max_idx =  5
**pseudo_label ->  [0.0002, 0.004, 0.1432, 0.5354, 0.2716, 0.0011, 0.0444] **
max =  0.5354 | max_idx =  3
**pseudo_label ->  [0.0, 0.0011, 0.0, 0.0, 0.0004, 0.9929, 0.0055] **
max =  0.9929 | max_idx =  5
**pseudo_label ->  [0.0, 0.0156, 0.016, 0.3453, 0.1504, 0.0059, 0.4668] **
max =  0.4668 | max_idx =  6
Balance pseudo label class ->  [1, 2, 3, 4, 5, 6, 7]  value ->  121
add data ->  847
Epoch 19/50, Train Loss: 0.6186, Valid Loss: 3.4541, Train Acc: 0.8233, Val Acc: 0.3420, Test Acc: 0.4283, Test F1: 0.2637, Total Pseudo-Labels: 1, Correct Pseudo-Labels: 0, Train Data Number: 1402



line 303 => train data수 1402
line 258 => 인스턴스 수 201
Step 343  Tim 0:53:00
acc_train_cw(현재 train의 class별 acc) [1.0, 0.537, 0.98, 0.71, 0.903, 0.986, 0.98]
cw_psl_total_eval(pseudo label 클래스별 총 샘플 수):  [121, 292, 172, 833, 240, 495, 357]
cw_psl_correct_eval(pseudo label 클래스별 맞은 샘플 수):  [109, 131, 63, 179, 38, 186, 148]
psl_acc(PSL 평가에서의 정확도):  0.34 
cw_psl_acc(클래스별 PSL 평가에서의 정확도):  [0.9008264541625977, 0.44863012433052063, 0.36627906560897827, 0.21488595008850098, 0.15833333134651184, 0.3757575750350952, 0.4145658314228058]
***pse_model_save --- epoch = 20***
Save model to ./experiment/python_extended_data/output/
**pseudo_label ->  [0.0004, 0.0, 0.9635, 0.0088, 0.0266, 0.0, 0.0007] **
max =  0.9635 | max_idx =  2
**pseudo_label ->  [0.0, 0.0, 0.0, 0.0, 0.0001, 0.9858, 0.0141] **
max =  0.9858 | max_idx =  5
**pseudo_label ->  [0.0002, 0.0006, 0.0316, 0.5546, 0.0098, 0.0012, 0.402] **
max =  0.5546 | max_idx =  3
**pseudo_label ->  [0.0, 0.0, 0.0, 0.0, 0.0003, 0.9567, 0.043] **
max =  0.9567 | max_idx =  5
**pseudo_label ->  [0.0015, 0.007, 0.0236, 0.0687, 0.3072, 0.1112, 0.4807] **
max =  0.4807 | max_idx =  6
Balance pseudo label class ->  [1, 2, 3, 4, 5, 6, 7]  value ->  99
add data ->  693
Epoch 20/50, Train Loss: 0.4671, Valid Loss: 4.4559, Train Acc: 0.8659, Val Acc: 0.2801, Test Acc: 0.3770, Test F1: 0.2438, Total Pseudo-Labels: 1, Correct Pseudo-Labels: 0, Train Data Number: 1759



line 303 => train data수 1759
line 258 => 인스턴스 수 252
Step 544  Tim 1:00:45
acc_train_cw(현재 train의 class별 acc) [0.928, 0.887, 0.97, 0.57, 0.946, 0.957, 0.97]
cw_psl_total_eval(pseudo label 클래스별 총 샘플 수):  [290, 99, 623, 403, 310, 611, 468]
cw_psl_correct_eval(pseudo label 클래스별 맞은 샘플 수):  [221, 75, 181, 79, 62, 209, 183]
psl_acc(PSL 평가에서의 정확도):  0.36 
cw_psl_acc(클래스별 PSL 평가에서의 정확도):  [0.7620689868927002, 0.7575757503509521, 0.29052969813346863, 0.19602978229522705, 0.20000000298023224, 0.34206220507621765, 0.3910256326198578]
***pse_model_save --- epoch = 21***
Save model to ./experiment/python_extended_data/output/
**pseudo_label ->  [0.0001, 0.0, 0.9422, 0.0128, 0.0424, 0.0, 0.0024] **
max =  0.9422 | max_idx =  2
**pseudo_label ->  [0.0, 0.0, 0.0, 0.0, 0.0014, 0.9687, 0.0298] **
max =  0.9687 | max_idx =  5
**pseudo_label ->  [0.0, 0.0001, 0.0054, 0.0651, 0.0518, 0.0056, 0.872] **
max =  0.872 | max_idx =  6
**pseudo_label ->  [0.0, 0.0002, 0.0, 0.0, 0.0009, 0.9915, 0.0073] **
max =  0.9915 | max_idx =  5
**pseudo_label ->  [0.0004, 0.0004, 0.0024, 0.0139, 0.1831, 0.2876, 0.5121] **
max =  0.5121 | max_idx =  6
Balance pseudo label class ->  [1, 2, 3, 4, 5, 6, 7]  value ->  127
add data ->  889
Epoch 21/50, Train Loss: 0.4167, Valid Loss: 4.8660, Train Acc: 0.8869, Val Acc: 0.2736, Test Acc: 0.3627, Test F1: 0.2484, Total Pseudo-Labels: 0, Correct Pseudo-Labels: 0, Train Data Number: 2125



line 303 => train data수 2125
line 258 => 인스턴스 수 304
Step 796  Tim 1:09:32
acc_train_cw(현재 train의 class별 acc) [0.603, 0.95, 0.917, 0.901, 1.0, 0.974, 0.938]
cw_psl_total_eval(pseudo label 클래스별 총 샘플 수):  [226, 202, 699, 127, 489, 531, 645]
cw_psl_correct_eval(pseudo label 클래스별 맞은 샘플 수):  [180, 118, 202, 25, 90, 190, 199]
psl_acc(PSL 평가에서의 정확도):  0.344 
cw_psl_acc(클래스별 PSL 평가에서의 정확도):  [0.7964601516723633, 0.5841584205627441, 0.2889842689037323, 0.19685038924217224, 0.1840490847826004, 0.3578154444694519, 0.3085271418094635]
***pse_model_save --- epoch = 22***
Save model to ./experiment/python_extended_data/output/
**pseudo_label ->  [0.0, 0.0, 0.6111, 0.3629, 0.0248, 0.0, 0.0012] **
max =  0.6111 | max_idx =  2
**pseudo_label ->  [0.0, 0.0, 0.0, 0.0, 0.0002, 0.9988, 0.001] **
max =  0.9988 | max_idx =  5
**pseudo_label ->  [0.0, 0.0, 0.0011, 0.0169, 0.0636, 0.0036, 0.9148] **
max =  0.9148 | max_idx =  6
**pseudo_label ->  [0.0, 0.0004, 0.0, 0.0, 0.0001, 0.9994, 0.0] **
max =  0.9994 | max_idx =  5
**pseudo_label ->  [0.0, 0.001, 0.0007, 0.0051, 0.9006, 0.0223, 0.0701] **
max =  0.9006 | max_idx =  4
Balance pseudo label class ->  [1, 2, 3, 4, 5, 6, 7]  value ->  98
add data ->  686
Epoch 22/50, Train Loss: 0.3581, Valid Loss: 4.4666, Train Acc: 0.9087, Val Acc: 0.2866, Test Acc: 0.3463, Test F1: 0.2267, Total Pseudo-Labels: 0, Correct Pseudo-Labels: 0, Train Data Number: 2361



line 303 => train data수 2361
line 258 => 인스턴스 수 338
Step 1100  Tim 1:19:00
acc_train_cw(현재 train의 class별 acc) [0.914, 0.97, 0.909, 0.973, 0.995, 0.982, 0.746]
cw_psl_total_eval(pseudo label 클래스별 총 샘플 수):  [98, 244, 550, 489, 780, 579, 505]
cw_psl_correct_eval(pseudo label 클래스별 맞은 샘플 수):  [90, 129, 144, 101, 169, 213, 171]
psl_acc(PSL 평가에서의 정확도):  0.313 
cw_psl_acc(클래스별 PSL 평가에서의 정확도):  [0.918367326259613, 0.5286885499954224, 0.26181817054748535, 0.2065439671278, 0.21666666865348816, 0.3678756356239319, 0.3386138677597046]
***pse_model_save --- epoch = 23***
Save model to ./experiment/python_extended_data/output/
**pseudo_label ->  [0.003, 0.0029, 0.419, 0.1668, 0.406, 0.0001, 0.0022] **
max =  0.419 | max_idx =  2
**pseudo_label ->  [0.0, 0.0001, 0.0, 0.0, 0.0007, 0.9992, 0.0] **
max =  0.9992 | max_idx =  5
**pseudo_label ->  [0.0004, 0.0086, 0.0172, 0.7715, 0.1334, 0.007, 0.0619] **
max =  0.7715 | max_idx =  3
**pseudo_label ->  [0.0, 0.0007, 0.0, 0.0, 0.0, 0.9993, 0.0] **
max =  0.9993 | max_idx =  5
**pseudo_label ->  [0.0001, 0.0313, 0.0002, 0.005, 0.8917, 0.0644, 0.0073] **
max =  0.8917 | max_idx =  4
Balance pseudo label class ->  [1, 2, 3, 4, 5, 6, 7]  value ->  182
add data ->  1274
Epoch 23/50, Train Loss: 0.3115, Valid Loss: 5.8322, Train Acc: 0.9242, Val Acc: 0.3257, Test Acc: 0.3627, Test F1: 0.2241, Total Pseudo-Labels: 1, Correct Pseudo-Labels: 0, Train Data Number: 2725



line 303 => train data수 2725
line 258 => 인스턴스 수 390
Step 1438  Tim 1:29:23
acc_train_cw(현재 train의 class별 acc) [0.682, 0.996, 0.951, 0.886, 0.938, 0.996, 0.826]
cw_psl_total_eval(pseudo label 클래스별 총 샘플 수):  [182, 271, 455, 757, 659, 631, 251]
cw_psl_correct_eval(pseudo label 클래스별 맞은 샘플 수):  [161, 137, 132, 171, 139, 221, 112]
psl_acc(PSL 평가에서의 정확도):  0.335 
cw_psl_acc(클래스별 PSL 평가에서의 정확도):  [0.8846153616905212, 0.5055350661277771, 0.29010990262031555, 0.22589167952537537, 0.2109256386756897, 0.35023772716522217, 0.4462151527404785]
***pse_model_save --- epoch = 24***
Save model to ./experiment/python_extended_data/output/
**pseudo_label ->  [0.0034, 0.0005, 0.9605, 0.0153, 0.0198, 0.0, 0.0005] **
max =  0.9605 | max_idx =  2
**pseudo_label ->  [0.0, 0.0, 0.0, 0.0, 0.0, 1.0, 0.0] **
max =  1.0 | max_idx =  5
**pseudo_label ->  [0.0001, 0.0218, 0.0017, 0.2714, 0.0167, 0.0335, 0.6548] **
max =  0.6548 | max_idx =  6
**pseudo_label ->  [0.0, 0.0, 0.0, 0.0, 0.0, 1.0, 0.0] **
max =  1.0 | max_idx =  5
**pseudo_label ->  [0.0, 0.0008, 0.0, 0.0001, 0.0205, 0.9451, 0.0336] **
max =  0.9451 | max_idx =  5
Balance pseudo label class ->  [1, 2, 3, 4, 5, 6, 7]  value ->  140
add data ->  980
Epoch 24/50, Train Loss: 0.3192, Valid Loss: 5.3356, Train Acc: 0.9079, Val Acc: 0.2997, Test Acc: 0.4242, Test F1: 0.2507, Total Pseudo-Labels: 0, Correct Pseudo-Labels: 0, Train Data Number: 2942



line 303 => train data수 2942
line 258 => 인스턴스 수 421
Step 1828  Tim 1:40:27
acc_train_cw(현재 train의 class별 acc) [0.995, 0.835, 0.853, 0.903, 1.0, 0.921, 0.991]
cw_psl_total_eval(pseudo label 클래스별 총 샘플 수):  [140, 409, 553, 547, 543, 762, 424]
cw_psl_correct_eval(pseudo label 클래스별 맞은 샘플 수):  [123, 183, 158, 124, 118, 244, 138]
psl_acc(PSL 평가에서의 정확도):  0.322 
cw_psl_acc(클래스별 PSL 평가에서의 정확도):  [0.8785714507102966, 0.4474327564239502, 0.2857142984867096, 0.22669103741645813, 0.21731123328208923, 0.32020998001098633, 0.3254716992378235]
***pse_model_save --- epoch = 25***
Save model to ./experiment/python_extended_data/output/
**pseudo_label ->  [0.0023, 0.0009, 0.8144, 0.1279, 0.054, 0.0, 0.0004] **
max =  0.8144 | max_idx =  2
**pseudo_label ->  [0.0, 0.0, 0.0, 0.0, 0.0001, 0.9991, 0.0008] **
max =  0.9991 | max_idx =  5
**pseudo_label ->  [0.0, 0.0012, 0.0223, 0.3879, 0.2334, 0.0003, 0.3548] **
max =  0.3879 | max_idx =  3
**pseudo_label ->  [0.0, 0.0, 0.0, 0.0, 0.0014, 0.9944, 0.0042] **
max =  0.9944 | max_idx =  5
**pseudo_label ->  [0.0, 0.0027, 0.0007, 0.0791, 0.4642, 0.0103, 0.4431] **
max =  0.4642 | max_idx =  4
Balance pseudo label class ->  [1, 2, 3, 4, 5, 6, 7]  value ->  246
add data ->  1722
Epoch 25/50, Train Loss: 0.2508, Valid Loss: 4.7089, Train Acc: 0.9262, Val Acc: 0.2997, Test Acc: 0.3115, Test F1: 0.2252, Total Pseudo-Labels: 1, Correct Pseudo-Labels: 1, Train Data Number: 3255



line 303 => train data수 3255
line 258 => 인스턴스 수 465
Step 2249  Tim 1:52:16
acc_train_cw(현재 train의 class별 acc) [0.989, 0.968, 0.921, 0.93, 0.974, 0.995, 0.965]
cw_psl_total_eval(pseudo label 클래스별 총 샘플 수):  [253, 246, 442, 545, 767, 571, 637]
cw_psl_correct_eval(pseudo label 클래스별 맞은 샘플 수):  [200, 135, 124, 117, 158, 200, 194]
psl_acc(PSL 평가에서의 정확도):  0.326 
cw_psl_acc(클래스별 PSL 평가에서의 정확도):  [0.790513813495636, 0.5487805008888245, 0.2805429995059967, 0.21467889845371246, 0.20599739253520966, 0.35026270151138306, 0.3045525848865509]
***pse_model_save --- epoch = 26***
Save model to ./experiment/python_extended_data/output/
**pseudo_label ->  [0.0071, 0.0002, 0.8594, 0.0134, 0.12, 0.0, 0.0] **
max =  0.8594 | max_idx =  2
**pseudo_label ->  [0.0, 0.0, 0.0, 0.0, 0.0, 1.0, 0.0] **
max =  1.0 | max_idx =  5
**pseudo_label ->  [0.0008, 0.0122, 0.0142, 0.2248, 0.4527, 0.0124, 0.2828] **
max =  0.4527 | max_idx =  4
**pseudo_label ->  [0.0, 0.0086, 0.0, 0.0, 0.0002, 0.9888, 0.0025] **
max =  0.9888 | max_idx =  5
**pseudo_label ->  [0.0109, 0.161, 0.0044, 0.1093, 0.6705, 0.0247, 0.0192] **
max =  0.6705 | max_idx =  4
Balance pseudo label class ->  [1, 2, 3, 4, 5, 6, 7]  value ->  287
add data ->  2009
Epoch 26/50, Train Loss: 0.2438, Valid Loss: 5.8957, Train Acc: 0.9610, Val Acc: 0.3127, Test Acc: 0.3852, Test F1: 0.2619, Total Pseudo-Labels: 1, Correct Pseudo-Labels: 0, Train Data Number: 3485



line 303 => train data수 3485
line 258 => 인스턴스 수 498
Step 2714  Tim 2:04:50
acc_train_cw(현재 train의 class별 acc) [0.973, 0.994, 0.915, 0.955, 0.961, 0.987, 0.991]
cw_psl_total_eval(pseudo label 클래스별 총 샘플 수):  [287, 305, 449, 576, 655, 637, 536]
cw_psl_correct_eval(pseudo label 클래스별 맞은 샘플 수):  [215, 158, 120, 122, 140, 218, 174]
psl_acc(PSL 평가에서의 정확도):  0.333 
cw_psl_acc(클래스별 PSL 평가에서의 정확도):  [0.7491289377212524, 0.5180327892303467, 0.2672605812549591, 0.2118055522441864, 0.21374045312404633, 0.3422291874885559, 0.3246268630027771]
***pse_model_save --- epoch = 27***
Save model to ./experiment/python_extended_data/output/
**pseudo_label ->  [0.0014, 0.0, 0.712, 0.0058, 0.2806, 0.0, 0.0001] **
max =  0.712 | max_idx =  2
**pseudo_label ->  [0.0, 0.0, 0.0, 0.0, 0.0, 1.0, 0.0] **
max =  1.0 | max_idx =  5
**pseudo_label ->  [0.0005, 0.01, 0.0087, 0.6405, 0.1396, 0.001, 0.1997] **
max =  0.6405 | max_idx =  3
**pseudo_label ->  [0.0, 0.0002, 0.0, 0.0, 0.0, 0.9998, 0.0] **
max =  0.9998 | max_idx =  5
**pseudo_label ->  [0.0, 0.0027, 0.0, 0.0005, 0.8815, 0.107, 0.0082] **
max =  0.8815 | max_idx =  4
Balance pseudo label class ->  [1, 2, 3, 4, 5, 6, 7]  value ->  293
add data ->  2051
Epoch 27/50, Train Loss: 0.1828, Valid Loss: 7.3549, Train Acc: 0.9661, Val Acc: 0.3062, Test Acc: 0.3893, Test F1: 0.2627, Total Pseudo-Labels: 1, Correct Pseudo-Labels: 0, Train Data Number: 3634



line 303 => train data수 3634
line 258 => 인스턴스 수 520
Step 3212  Tim 2:17:46
acc_train_cw(현재 train의 class별 acc) [0.945, 0.971, 0.946, 0.963, 0.991, 0.997, 0.961]
cw_psl_total_eval(pseudo label 클래스별 총 샘플 수):  [293, 338, 431, 604, 659, 661, 601]
cw_psl_correct_eval(pseudo label 클래스별 맞은 샘플 수):  [217, 159, 123, 135, 147, 211, 184]
psl_acc(PSL 평가에서의 정확도):  0.328 
cw_psl_acc(클래스별 PSL 평가에서의 정확도):  [0.7406143546104431, 0.4704141914844513, 0.28538283705711365, 0.22350993752479553, 0.22306525707244873, 0.31921330094337463, 0.3061563968658447]
***pse_model_save --- epoch = 28***
Save model to ./experiment/python_extended_data/output/
**pseudo_label ->  [0.0007, 0.0, 0.9975, 0.0014, 0.0005, 0.0, 0.0] **
max =  0.9975 | max_idx =  2
**pseudo_label ->  [0.0, 0.0, 0.0, 0.0, 0.0, 1.0, 0.0] **
max =  1.0 | max_idx =  5
**pseudo_label ->  [0.0, 0.0002, 0.0001, 0.0622, 0.0342, 0.0017, 0.9015] **
max =  0.9015 | max_idx =  6
**pseudo_label ->  [0.0, 0.001, 0.0, 0.0, 0.0, 0.9986, 0.0004] **
max =  0.9986 | max_idx =  5
**pseudo_label ->  [0.0, 0.0001, 0.0, 0.0, 0.787, 0.2047, 0.0082] **
max =  0.787 | max_idx =  4
Balance pseudo label class ->  [1, 2, 3, 4, 5, 6, 7]  value ->  283
add data ->  1981
Epoch 28/50, Train Loss: 0.1752, Valid Loss: 6.2737, Train Acc: 0.9703, Val Acc: 0.2638, Test Acc: 0.4037, Test F1: 0.2702, Total Pseudo-Labels: 1, Correct Pseudo-Labels: 0, Train Data Number: 3723



line 303 => train data수 3723
line 258 => 인스턴스 수 532
Step 3732  Tim 2:30:53
acc_train_cw(현재 train의 class별 acc) [0.952, 0.997, 0.992, 0.871, 0.993, 0.967, 0.947]
cw_psl_total_eval(pseudo label 클래스별 총 샘플 수):  [283, 333, 460, 622, 762, 684, 566]
cw_psl_correct_eval(pseudo label 클래스별 맞은 샘플 수):  [218, 160, 123, 133, 159, 224, 183]
psl_acc(PSL 평가에서의 정확도):  0.323 
cw_psl_acc(클래스별 PSL 평가에서의 정확도):  [0.7703180313110352, 0.48048049211502075, 0.26739129424095154, 0.21382637321949005, 0.20866142213344574, 0.3274853825569153, 0.32332155108451843]
***pse_model_save --- epoch = 29***
Save model to ./experiment/python_extended_data/output/
**pseudo_label ->  [0.0002, 0.0, 0.9985, 0.0008, 0.0006, 0.0, 0.0] **
max =  0.9985 | max_idx =  2
**pseudo_label ->  [0.0, 0.0, 0.0, 0.0, 0.0001, 0.9999, 0.0] **
max =  0.9999 | max_idx =  5
**pseudo_label ->  [0.0012, 0.0012, 0.0546, 0.0167, 0.9236, 0.0003, 0.0023] **
max =  0.9236 | max_idx =  4
**pseudo_label ->  [0.0, 0.0405, 0.0, 0.0, 0.0007, 0.9587, 0.0001] **
max =  0.9587 | max_idx =  5
**pseudo_label ->  [0.0, 0.0002, 0.0006, 0.0001, 0.9984, 0.0003, 0.0003] **
max =  0.9984 | max_idx =  4
Balance pseudo label class ->  [1, 2, 3, 4, 5, 6, 7]  value ->  278
add data ->  1946
Epoch 29/50, Train Loss: 0.1825, Valid Loss: 6.2491, Train Acc: 0.9573, Val Acc: 0.2704, Test Acc: 0.4303, Test F1: 0.2804, Total Pseudo-Labels: 0, Correct Pseudo-Labels: 0, Train Data Number: 3796



line 303 => train data수 3796
line 258 => 인스턴스 수 543
Step 4264  Tim 2:44:15
acc_train_cw(현재 train의 class별 acc) [0.984, 0.939, 0.966, 0.958, 0.996, 0.979, 1.0]
cw_psl_total_eval(pseudo label 클래스별 총 샘플 수):  [278, 366, 535, 508, 778, 635, 525]
cw_psl_correct_eval(pseudo label 클래스별 맞은 샘플 수):  [210, 169, 143, 118, 166, 218, 172]
psl_acc(PSL 평가에서의 정확도):  0.33 
cw_psl_acc(클래스별 PSL 평가에서의 정확도):  [0.7553957104682922, 0.4617486298084259, 0.2672897279262543, 0.23228345811367035, 0.21336761116981506, 0.3433070778846741, 0.3276190459728241]
***pse_model_save --- epoch = 30***
Save model to ./experiment/python_extended_data/output/
**pseudo_label ->  [0.0002, 0.0, 0.9988, 0.0005, 0.0005, 0.0, 0.0] **
max =  0.9988 | max_idx =  2
**pseudo_label ->  [0.0, 0.0, 0.0, 0.0, 0.0001, 0.9999, 0.0] **
max =  0.9999 | max_idx =  5
**pseudo_label ->  [0.0, 0.0, 0.0008, 0.0004, 0.9981, 0.0, 0.0007] **
max =  0.9981 | max_idx =  4
**pseudo_label ->  [0.0, 0.0, 0.0, 0.0, 0.0011, 0.9989, 0.0] **
max =  0.9989 | max_idx =  5
**pseudo_label ->  [0.0, 0.0, 0.0, 0.0001, 0.9995, 0.0, 0.0004] **
max =  0.9995 | max_idx =  4
Balance pseudo label class ->  [1, 2, 3, 4, 5, 6, 7]  value ->  295
add data ->  2065
Epoch 30/50, Train Loss: 0.1217, Valid Loss: 7.1930, Train Acc: 0.9768, Val Acc: 0.2769, Test Acc: 0.3996, Test F1: 0.2881, Total Pseudo-Labels: 1, Correct Pseudo-Labels: 0, Train Data Number: 3831



line 303 => train data수 3831
line 258 => 인스턴스 수 548
Step 4807  Tim 2:57:44
acc_train_cw(현재 train의 class별 acc) [0.944, 0.964, 0.989, 0.984, 0.999, 0.997, 0.988]
cw_psl_total_eval(pseudo label 클래스별 총 샘플 수):  [295, 322, 499, 596, 771, 642, 596]
cw_psl_correct_eval(pseudo label 클래스별 맞은 샘플 수):  [222, 163, 138, 138, 164, 217, 183]
psl_acc(PSL 평가에서의 정확도):  0.329 
cw_psl_acc(클래스별 PSL 평가에서의 정확도):  [0.7525423765182495, 0.5062111616134644, 0.27655309438705444, 0.231543630361557, 0.21271076798439026, 0.33800622820854187, 0.3070469796657562]
***pse_model_save --- epoch = 31***
Save model to ./experiment/python_extended_data/output/
**pseudo_label ->  [0.0, 0.0, 0.9986, 0.0003, 0.0011, 0.0, 0.0] **
max =  0.9986 | max_idx =  2
**pseudo_label ->  [0.0, 0.0, 0.0, 0.0, 0.0, 1.0, 0.0] **
max =  1.0 | max_idx =  5
**pseudo_label ->  [0.0, 0.0, 0.001, 0.0002, 0.9986, 0.0, 0.0002] **
max =  0.9986 | max_idx =  4
**pseudo_label ->  [0.0, 0.0001, 0.0, 0.0, 0.0002, 0.9997, 0.0] **
max =  0.9997 | max_idx =  5
**pseudo_label ->  [0.0, 0.0, 0.0001, 0.0, 0.9997, 0.0002, 0.0001] **
max =  0.9997 | max_idx =  4
Balance pseudo label class ->  [1, 2, 3, 4, 5, 6, 7]  value ->  279
add data ->  1953
Epoch 31/50, Train Loss: 0.1036, Valid Loss: 7.8784, Train Acc: 0.9851, Val Acc: 0.2476, Test Acc: 0.3832, Test F1: 0.2654, Total Pseudo-Labels: 1, Correct Pseudo-Labels: 0, Train Data Number: 3852



line 303 => train data수 3852
line 258 => 인스턴스 수 551
Step 5355  Tim 3:11:13
acc_train_cw(현재 train의 class별 acc) [0.978, 0.994, 0.987, 0.965, 0.988, 0.998, 0.998]
cw_psl_total_eval(pseudo label 클래스별 총 샘플 수):  [279, 338, 540, 603, 779, 664, 581]
cw_psl_correct_eval(pseudo label 클래스별 맞은 샘플 수):  [210, 162, 145, 140, 164, 218, 181]
psl_acc(PSL 평가에서의 정확도):  0.322 
cw_psl_acc(클래스별 PSL 평가에서의 정확도):  [0.7526881694793701, 0.4792899489402771, 0.26851850748062134, 0.23217247426509857, 0.21052631735801697, 0.32831326127052307, 0.31153184175491333]
***pse_model_save --- epoch = 32***
Save model to ./experiment/python_extended_data/output/
**pseudo_label ->  [0.0003, 0.0, 0.9943, 0.0051, 0.0003, 0.0, 0.0] **
max =  0.9943 | max_idx =  2
**pseudo_label ->  [0.0, 0.0, 0.0, 0.0, 0.0, 1.0, 0.0] **
max =  1.0 | max_idx =  5
**pseudo_label ->  [0.0, 0.0, 0.0, 0.0, 0.9992, 0.0007, 0.0] **
max =  0.9992 | max_idx =  4
**pseudo_label ->  [0.0, 0.0, 0.0, 0.0, 0.0, 1.0, 0.0] **
max =  1.0 | max_idx =  5
**pseudo_label ->  [0.0, 0.0001, 0.0, 0.0001, 0.9654, 0.007, 0.0275] **
max =  0.9654 | max_idx =  4
Balance pseudo label class ->  [1, 2, 3, 4, 5, 6, 7]  value ->  302
add data ->  2114
Epoch 32/50, Train Loss: 0.1145, Valid Loss: 8.8449, Train Acc: 0.9873, Val Acc: 0.2899, Test Acc: 0.4119, Test F1: 0.2915, Total Pseudo-Labels: 1, Correct Pseudo-Labels: 1, Train Data Number: 3867



line 303 => train data수 3867
line 258 => 인스턴스 수 553
Step 5906  Tim 3:24:52
acc_train_cw(현재 train의 class별 acc) [0.734, 0.935, 0.954, 0.984, 0.986, 0.999, 0.983]
cw_psl_total_eval(pseudo label 클래스별 총 샘플 수):  [302, 354, 525, 589, 759, 670, 604]
cw_psl_correct_eval(pseudo label 클래스별 맞은 샘플 수):  [227, 167, 143, 139, 159, 218, 184]
psl_acc(PSL 평가에서의 정확도):  0.325 
cw_psl_acc(클래스별 PSL 평가에서의 정확도):  [0.751655638217926, 0.4717514216899872, 0.2723809480667114, 0.23599320650100708, 0.20948617160320282, 0.3253731429576874, 0.30463576316833496]
***pse_model_save --- epoch = 33***
Save model to ./experiment/python_extended_data/output/
**pseudo_label ->  [0.0, 0.0, 0.9923, 0.0075, 0.0002, 0.0, 0.0] **
max =  0.9923 | max_idx =  2
**pseudo_label ->  [0.0, 0.0, 0.0, 0.0, 0.0, 1.0, 0.0] **
max =  1.0 | max_idx =  5
**pseudo_label ->  [0.0, 0.0, 0.0, 0.0, 1.0, 0.0, 0.0] **
max =  1.0 | max_idx =  4
**pseudo_label ->  [0.0, 0.0, 0.0, 0.0, 0.0, 1.0, 0.0] **
max =  1.0 | max_idx =  5
**pseudo_label ->  [0.0, 0.0003, 0.0, 0.0001, 0.9863, 0.0035, 0.0098] **
max =  0.9863 | max_idx =  4
Balance pseudo label class ->  [1, 2, 3, 4, 5, 6, 7]  value ->  205
add data ->  1435
Epoch 33/50, Train Loss: 0.1464, Valid Loss: 8.3094, Train Acc: 0.9573, Val Acc: 0.2671, Test Acc: 0.3873, Test F1: 0.2708, Total Pseudo-Labels: 1, Correct Pseudo-Labels: 0, Train Data Number: 3875



line 303 => train data수 3875
line 258 => 인스턴스 수 554
Step 6459  Tim 3:38:21
acc_train_cw(현재 train의 class별 acc) [0.983, 0.997, 0.938, 0.943, 0.987, 0.994, 1.0]
cw_psl_total_eval(pseudo label 클래스별 총 샘플 수):  [205, 322, 536, 649, 768, 685, 593]
cw_psl_correct_eval(pseudo label 클래스별 맞은 샘플 수):  [159, 152, 138, 148, 160, 221, 182]
psl_acc(PSL 평가에서의 정확도):  0.309 
cw_psl_acc(클래스별 PSL 평가에서의 정확도):  [0.7756097316741943, 0.47204968333244324, 0.25746268033981323, 0.22804313898086548, 0.2083333283662796, 0.3226277232170105, 0.30691400170326233]
***pse_model_save --- epoch = 34***
Save model to ./experiment/python_extended_data/output/
**pseudo_label ->  [0.0035, 0.0, 0.9955, 0.0009, 0.0002, 0.0, 0.0] **
max =  0.9955 | max_idx =  2
**pseudo_label ->  [0.0, 0.0, 0.0, 0.0, 0.0, 1.0, 0.0] **
max =  1.0 | max_idx =  5
**pseudo_label ->  [0.0, 0.0, 0.0, 0.0, 0.9999, 0.0001, 0.0] **
max =  0.9999 | max_idx =  4
**pseudo_label ->  [0.0, 0.0, 0.0, 0.0, 0.0, 1.0, 0.0] **
max =  1.0 | max_idx =  5
**pseudo_label ->  [0.0, 0.0003, 0.0, 0.0, 0.0374, 0.4384, 0.5239] **
max =  0.5239 | max_idx =  6
Balance pseudo label class ->  [1, 2, 3, 4, 5, 6, 7]  value ->  298
add data ->  2086
Epoch 34/50, Train Loss: 0.1035, Valid Loss: 7.9440, Train Acc: 0.9765, Val Acc: 0.2476, Test Acc: 0.3975, Test F1: 0.2829, Total Pseudo-Labels: 0, Correct Pseudo-Labels: 0, Train Data Number: 3886



line 303 => train data수 3886
line 258 => 인스턴스 수 556
Step 7013  Tim 3:51:55
acc_train_cw(현재 train의 class별 acc) [0.987, 0.994, 0.987, 0.994, 0.996, 0.979, 0.99]
cw_psl_total_eval(pseudo label 클래스별 총 샘플 수):  [298, 351, 500, 558, 774, 672, 623]
cw_psl_correct_eval(pseudo label 클래스별 맞은 샘플 수):  [222, 165, 137, 125, 159, 220, 186]
psl_acc(PSL 평가에서의 정확도):  0.322 
cw_psl_acc(클래스별 PSL 평가에서의 정확도):  [0.744966447353363, 0.470085471868515, 0.27399998903274536, 0.22401434183120728, 0.20542635023593903, 0.3273809552192688, 0.2985553741455078]
***pse_model_save --- epoch = 35***
Save model to ./experiment/python_extended_data/output/
**pseudo_label ->  [0.0004, 0.0, 0.9867, 0.0128, 0.0, 0.0, 0.0] **
max =  0.9867 | max_idx =  2
**pseudo_label ->  [0.0, 0.0, 0.0, 0.0, 0.0, 1.0, 0.0] **
max =  1.0 | max_idx =  5
**pseudo_label ->  [0.0, 0.0, 0.0, 0.0, 1.0, 0.0, 0.0] **
max =  1.0 | max_idx =  4
**pseudo_label ->  [0.0, 0.0008, 0.0, 0.0, 0.0001, 0.999, 0.0002] **
max =  0.999 | max_idx =  5
**pseudo_label ->  [0.0, 0.0012, 0.0, 0.0001, 0.9963, 0.0008, 0.0017] **
max =  0.9963 | max_idx =  4
Balance pseudo label class ->  [1, 2, 3, 4, 5, 6, 7]  value ->  297
add data ->  2079
Epoch 35/50, Train Loss: 0.0850, Valid Loss: 8.8930, Train Acc: 0.9897, Val Acc: 0.2638, Test Acc: 0.4016, Test F1: 0.2986, Total Pseudo-Labels: 1, Correct Pseudo-Labels: 0, Train Data Number: 3894



line 303 => train data수 3894
line 258 => 인스턴스 수 557
Step 7569  Tim 4:05:32
acc_train_cw(현재 train의 class별 acc) [1.0, 0.986, 0.974, 0.989, 0.988, 0.996, 0.993]
cw_psl_total_eval(pseudo label 클래스별 총 샘플 수):  [297, 359, 526, 620, 784, 646, 608]
cw_psl_correct_eval(pseudo label 클래스별 맞은 샘플 수):  [222, 164, 143, 141, 158, 217, 183]
psl_acc(PSL 평가에서의 정확도):  0.32 
cw_psl_acc(클래스별 PSL 평가에서의 정확도):  [0.747474730014801, 0.45682451128959656, 0.2718631327152252, 0.22741936147212982, 0.2015306055545807, 0.3359133005142212, 0.3009868562221527]
***pse_model_save --- epoch = 36***
Save model to ./experiment/python_extended_data/output/
**pseudo_label ->  [0.0051, 0.0, 0.9913, 0.0035, 0.0001, 0.0, 0.0] **
max =  0.9913 | max_idx =  2
**pseudo_label ->  [0.0, 0.0, 0.0, 0.0, 0.0, 1.0, 0.0] **
max =  1.0 | max_idx =  5
**pseudo_label ->  [0.0, 0.0, 0.0, 0.0, 1.0, 0.0, 0.0] **
max =  1.0 | max_idx =  4
**pseudo_label ->  [0.0, 0.0, 0.0, 0.0, 0.0009, 0.999, 0.0001] **
max =  0.999 | max_idx =  5
**pseudo_label ->  [0.0, 0.0, 0.0, 0.0, 1.0, 0.0, 0.0] **
max =  1.0 | max_idx =  4
Balance pseudo label class ->  [1, 2, 3, 4, 5, 6, 7]  value ->  310
add data ->  2170
Epoch 36/50, Train Loss: 0.0874, Valid Loss: 9.5905, Train Acc: 0.9892, Val Acc: 0.2573, Test Acc: 0.3689, Test F1: 0.2692, Total Pseudo-Labels: 1, Correct Pseudo-Labels: 0, Train Data Number: 3897



line 303 => train data수 3897
line 258 => 인스턴스 수 557
Step 8126  Tim 4:19:15
acc_train_cw(현재 train의 class별 acc) [0.95, 0.992, 0.993, 0.953, 0.996, 0.995, 0.998]
cw_psl_total_eval(pseudo label 클래스별 총 샘플 수):  [310, 344, 517, 611, 785, 655, 615]
cw_psl_correct_eval(pseudo label 클래스별 맞은 샘플 수):  [229, 162, 140, 143, 159, 216, 185]
psl_acc(PSL 평가에서의 정확도):  0.322 
cw_psl_acc(클래스별 PSL 평가에서의 정확도):  [0.7387096881866455, 0.47093021869659424, 0.27079305052757263, 0.23404255509376526, 0.20254777371883392, 0.3297709822654724, 0.3008130192756653]
***pse_model_save --- epoch = 37***
Save model to ./experiment/python_extended_data/output/
**pseudo_label ->  [0.0, 0.0, 1.0, 0.0, 0.0, 0.0, 0.0] **
max =  1.0 | max_idx =  2
**pseudo_label ->  [0.0, 0.0, 0.0, 0.0, 0.0, 1.0, 0.0] **
max =  1.0 | max_idx =  5
**pseudo_label ->  [0.0, 0.0, 0.0, 0.0, 0.9988, 0.0007, 0.0005] **
max =  0.9988 | max_idx =  4
**pseudo_label ->  [0.0, 0.0, 0.0, 0.0, 0.0, 0.9999, 0.0] **
max =  0.9999 | max_idx =  5
**pseudo_label ->  [0.0, 0.0006, 0.0, 0.0002, 0.9954, 0.0008, 0.0029] **
max =  0.9954 | max_idx =  4
Balance pseudo label class ->  [1, 2, 3, 4, 5, 6, 7]  value ->  287
add data ->  2009
Epoch 37/50, Train Loss: 0.0805, Valid Loss: 8.9155, Train Acc: 0.9849, Val Acc: 0.2541, Test Acc: 0.3730, Test F1: 0.2631, Total Pseudo-Labels: 1, Correct Pseudo-Labels: 0, Train Data Number: 3900



line 303 => train data수 3900
line 258 => 인스턴스 수 558
Step 8683  Tim 4:32:52
acc_train_cw(현재 train의 class별 acc) [0.994, 0.986, 0.978, 0.962, 0.994, 0.997, 0.998]
cw_psl_total_eval(pseudo label 클래스별 총 샘플 수):  [287, 355, 554, 569, 788, 664, 619]
cw_psl_correct_eval(pseudo label 클래스별 맞은 샘플 수):  [217, 165, 153, 130, 162, 218, 186]
psl_acc(PSL 평가에서의 정확도):  0.321 
cw_psl_acc(클래스별 PSL 평가에서의 정확도):  [0.7560975551605225, 0.4647887349128723, 0.27617329359054565, 0.22847099602222443, 0.20558375120162964, 0.32831326127052307, 0.30048465728759766]
***pse_model_save --- epoch = 38***
Save model to ./experiment/python_extended_data/output/
**pseudo_label ->  [0.0014, 0.0, 0.9984, 0.0001, 0.0001, 0.0, 0.0] **
max =  0.9984 | max_idx =  2
**pseudo_label ->  [0.0, 0.0, 0.0, 0.0, 0.0, 1.0, 0.0] **
max =  1.0 | max_idx =  5
**pseudo_label ->  [0.0, 0.0, 0.0, 0.0, 0.9965, 0.0031, 0.0004] **
max =  0.9965 | max_idx =  4
**pseudo_label ->  [0.0, 0.0, 0.0, 0.0, 0.0, 0.9999, 0.0001] **
max =  0.9999 | max_idx =  5
**pseudo_label ->  [0.0, 0.0, 0.0, 0.0, 0.6214, 0.2198, 0.1588] **
max =  0.6214 | max_idx =  4
Balance pseudo label class ->  [1, 2, 3, 4, 5, 6, 7]  value ->  296
add data ->  2072
Epoch 38/50, Train Loss: 0.0933, Valid Loss: 8.8918, Train Acc: 0.9872, Val Acc: 0.2606, Test Acc: 0.3627, Test F1: 0.2482, Total Pseudo-Labels: 1, Correct Pseudo-Labels: 0, Train Data Number: 3901



line 303 => train data수 3901
line 258 => 인스턴스 수 558
Step 9241  Tim 4:46:32
acc_train_cw(현재 train의 class별 acc) [0.952, 1.0, 0.965, 0.987, 0.972, 0.991, 0.995]
cw_psl_total_eval(pseudo label 클래스별 총 샘플 수):  [296, 354, 538, 578, 793, 664, 620]
cw_psl_correct_eval(pseudo label 클래스별 맞은 샘플 수):  [219, 165, 150, 134, 163, 218, 185]
psl_acc(PSL 평가에서의 정확도):  0.321 
cw_psl_acc(클래스별 PSL 평가에서의 정확도):  [0.7398648858070374, 0.4661017060279846, 0.27881041169166565, 0.23183390498161316, 0.20554855465888977, 0.32831326127052307, 0.2983871102333069]
***pse_model_save --- epoch = 39***
Save model to ./experiment/python_extended_data/output/
**pseudo_label ->  [0.0, 0.0, 0.9983, 0.0017, 0.0, 0.0, 0.0] **
max =  0.9983 | max_idx =  2
**pseudo_label ->  [0.0, 0.0, 0.0, 0.0, 0.0, 1.0, 0.0] **
max =  1.0 | max_idx =  5
**pseudo_label ->  [0.0, 0.0009, 0.0, 0.0016, 0.9515, 0.0014, 0.0446] **
max =  0.9515 | max_idx =  4
**pseudo_label ->  [0.0, 0.0005, 0.0, 0.0, 0.0, 0.9992, 0.0003] **
max =  0.9992 | max_idx =  5
**pseudo_label ->  [0.0, 0.0062, 0.0, 0.0002, 0.992, 0.001, 0.0006] **
max =  0.992 | max_idx =  4
Balance pseudo label class ->  [1, 2, 3, 4, 5, 6, 7]  value ->  271
add data ->  1897
Epoch 39/50, Train Loss: 0.0621, Valid Loss: 9.3715, Train Acc: 0.9813, Val Acc: 0.2671, Test Acc: 0.3975, Test F1: 0.2763, Total Pseudo-Labels: 1, Correct Pseudo-Labels: 0, Train Data Number: 3902



line 303 => train data수 3902
line 258 => 인스턴스 수 558
Step 9799  Tim 5:00:13
acc_train_cw(현재 train의 class별 acc) [0.997, 0.953, 0.994, 0.982, 0.987, 1.0, 0.995]
cw_psl_total_eval(pseudo label 클래스별 총 샘플 수):  [271, 367, 516, 615, 752, 663, 628]
cw_psl_correct_eval(pseudo label 클래스별 맞은 샘플 수):  [202, 166, 145, 141, 155, 219, 187]
psl_acc(PSL 평가에서의 정확도):  0.319 
cw_psl_acc(클래스별 PSL 평가에서의 정확도):  [0.7453874349594116, 0.4523160755634308, 0.2810077667236328, 0.22926829755306244, 0.20611701905727386, 0.3303167521953583, 0.2977707087993622]
***pse_model_save --- epoch = 40***
Save model to ./experiment/python_extended_data/output/
**pseudo_label ->  [0.0, 0.0, 0.9996, 0.0004, 0.0, 0.0, 0.0] **
max =  0.9996 | max_idx =  2
**pseudo_label ->  [0.0, 0.0, 0.0, 0.0, 0.0, 1.0, 0.0] **
max =  1.0 | max_idx =  5
**pseudo_label ->  [0.0, 0.0, 0.0, 0.0, 0.9988, 0.0011, 0.0001] **
max =  0.9988 | max_idx =  4
**pseudo_label ->  [0.0, 0.0001, 0.0, 0.0, 0.0, 0.9999, 0.0] **
max =  0.9999 | max_idx =  5
**pseudo_label ->  [0.0, 0.0012, 0.0, 0.0003, 0.9918, 0.0059, 0.0008] **
max =  0.9918 | max_idx =  4
Balance pseudo label class ->  [1, 2, 3, 4, 5, 6, 7]  value ->  316
add data ->  2212
Epoch 40/50, Train Loss: 0.0690, Valid Loss: 9.0024, Train Acc: 0.9885, Val Acc: 0.2541, Test Acc: 0.3914, Test F1: 0.2795, Total Pseudo-Labels: 1, Correct Pseudo-Labels: 0, Train Data Number: 3904



line 303 => train data수 3904
line 258 => 인스턴스 수 558
Step 10357  Tim 5:13:54
acc_train_cw(현재 train의 class별 acc) [0.991, 1.0, 0.996, 0.982, 0.995, 1.0, 0.994]
cw_psl_total_eval(pseudo label 클래스별 총 샘플 수):  [316, 345, 545, 590, 771, 668, 623]
cw_psl_correct_eval(pseudo label 클래스별 맞은 샘플 수):  [229, 161, 150, 134, 160, 219, 186]
psl_acc(PSL 평가에서의 정확도):  0.321 
cw_psl_acc(클래스별 PSL 평가에서의 정확도):  [0.7246835231781006, 0.46666666865348816, 0.2752293646335602, 0.22711864113807678, 0.2075227051973343, 0.3278443217277527, 0.2985553741455078]
***pse_model_save --- epoch = 41***
Save model to ./experiment/python_extended_data/output/
**pseudo_label ->  [0.0, 0.0, 1.0, 0.0, 0.0, 0.0, 0.0] **
max =  1.0 | max_idx =  2
**pseudo_label ->  [0.0, 0.0, 0.0, 0.0, 0.0, 1.0, 0.0] **
max =  1.0 | max_idx =  5
**pseudo_label ->  [0.0, 0.0, 0.0, 0.0, 0.9999, 0.0, 0.0] **
max =  0.9999 | max_idx =  4
**pseudo_label ->  [0.0, 0.0014, 0.0, 0.0, 0.0, 0.9986, 0.0] **
max =  0.9986 | max_idx =  5
**pseudo_label ->  [0.0, 0.0001, 0.0, 0.0, 0.9997, 0.0002, 0.0] **
max =  0.9997 | max_idx =  4
Balance pseudo label class ->  [1, 2, 3, 4, 5, 6, 7]  value ->  308
add data ->  2156
Epoch 41/50, Train Loss: 0.0591, Valid Loss: 9.3117, Train Acc: 0.9939, Val Acc: 0.2671, Test Acc: 0.4139, Test F1: 0.2951, Total Pseudo-Labels: 1, Correct Pseudo-Labels: 0, Train Data Number: 3906



line 303 => train data수 3906
line 258 => 인스턴스 수 558
Step 10915  Tim 5:27:37
acc_train_cw(현재 train의 class별 acc) [0.981, 0.991, 1.0, 0.987, 0.989, 0.997, 1.0]
cw_psl_total_eval(pseudo label 클래스별 총 샘플 수):  [308, 352, 546, 591, 780, 667, 617]
cw_psl_correct_eval(pseudo label 클래스별 맞은 샘플 수):  [224, 165, 147, 133, 160, 219, 186]
psl_acc(PSL 평가에서의 정확도):  0.32 
cw_psl_acc(클래스별 PSL 평가에서의 정확도):  [0.7272727489471436, 0.46875, 0.26923078298568726, 0.22504229843616486, 0.20512820780277252, 0.32833582162857056, 0.3014586567878723]
***pse_model_save --- epoch = 42***
Save model to ./experiment/python_extended_data/output/
**pseudo_label ->  [0.0, 0.0, 0.9999, 0.0001, 0.0, 0.0, 0.0] **
max =  0.9999 | max_idx =  2
**pseudo_label ->  [0.0, 0.0, 0.0, 0.0, 0.0, 1.0, 0.0] **
max =  1.0 | max_idx =  5
**pseudo_label ->  [0.0, 0.0, 0.0, 0.0, 0.9998, 0.0, 0.0001] **
max =  0.9998 | max_idx =  4
**pseudo_label ->  [0.0, 0.0273, 0.0, 0.0, 0.0, 0.9727, 0.0] **
max =  0.9727 | max_idx =  5
**pseudo_label ->  [0.0, 0.0001, 0.0, 0.0002, 0.9983, 0.0001, 0.0013] **
max =  0.9983 | max_idx =  4
Balance pseudo label class ->  [1, 2, 3, 4, 5, 6, 7]  value ->  308
add data ->  2156
Epoch 42/50, Train Loss: 0.0689, Valid Loss: 8.5126, Train Acc: 0.9928, Val Acc: 0.2573, Test Acc: 0.3750, Test F1: 0.2604, Total Pseudo-Labels: 1, Correct Pseudo-Labels: 0, Train Data Number: 3907



line 303 => train data수 3907
line 258 => 인스턴스 수 559
Step 11473  Tim 5:41:23
acc_train_cw(현재 train의 class별 acc) [0.997, 0.989, 0.995, 0.998, 0.977, 0.996, 0.992]
cw_psl_total_eval(pseudo label 클래스별 총 샘플 수):  [308, 345, 555, 588, 772, 667, 627]
cw_psl_correct_eval(pseudo label 클래스별 맞은 샘플 수):  [223, 162, 149, 132, 159, 219, 187]
psl_acc(PSL 평가에서의 정확도):  0.319 
cw_psl_acc(클래스별 PSL 평가에서의 정확도):  [0.7240259647369385, 0.469565212726593, 0.2684684693813324, 0.22448979318141937, 0.2059585452079773, 0.32833582162857056, 0.2982456088066101]
***pse_model_save --- epoch = 43***
Save model to ./experiment/python_extended_data/output/
**pseudo_label ->  [0.0003, 0.0, 0.999, 0.0007, 0.0, 0.0, 0.0] **
max =  0.999 | max_idx =  2
**pseudo_label ->  [0.0, 0.0, 0.0, 0.0, 0.0, 1.0, 0.0] **
max =  1.0 | max_idx =  5
**pseudo_label ->  [0.0, 0.0, 0.0001, 0.0, 0.9998, 0.0, 0.0001] **
max =  0.9998 | max_idx =  4
**pseudo_label ->  [0.0, 0.0004, 0.0, 0.0, 0.0, 0.9996, 0.0] **
max =  0.9996 | max_idx =  5
**pseudo_label ->  [0.0, 0.0001, 0.0, 0.0, 0.9992, 0.0004, 0.0003] **
max =  0.9992 | max_idx =  4
Balance pseudo label class ->  [1, 2, 3, 4, 5, 6, 7]  value ->  313
add data ->  2191
Epoch 43/50, Train Loss: 0.0584, Valid Loss: 8.9267, Train Acc: 0.9910, Val Acc: 0.2704, Test Acc: 0.4119, Test F1: 0.2885, Total Pseudo-Labels: 1, Correct Pseudo-Labels: 0, Train Data Number: 3907



line 303 => train data수 3907
line 258 => 인스턴스 수 559
Step 12032  Tim 5:55:04
acc_train_cw(현재 train의 class별 acc) [1.0, 0.994, 0.98, 0.998, 0.999, 0.999, 0.998]
cw_psl_total_eval(pseudo label 클래스별 총 샘플 수):  [313, 348, 552, 599, 759, 660, 618]
cw_psl_correct_eval(pseudo label 클래스별 맞은 샘플 수):  [228, 166, 149, 137, 158, 217, 187]
psl_acc(PSL 평가에서의 정확도):  0.323 
cw_psl_acc(클래스별 PSL 평가에서의 정확도):  [0.7284345030784607, 0.477011501789093, 0.2699275314807892, 0.22871452569961548, 0.2081686407327652, 0.3287878930568695, 0.3025889992713928]
***pse_model_save --- epoch = 44***
Save model to ./experiment/python_extended_data/output/
**pseudo_label ->  [0.0005, 0.0, 0.9992, 0.0002, 0.0002, 0.0, 0.0] **
max =  0.9992 | max_idx =  2
**pseudo_label ->  [0.0, 0.0, 0.0, 0.0, 0.0, 1.0, 0.0] **
max =  1.0 | max_idx =  5
**pseudo_label ->  [0.0, 0.0, 0.0, 0.0, 0.9999, 0.0, 0.0] **
max =  0.9999 | max_idx =  4
**pseudo_label ->  [0.0, 0.0037, 0.0, 0.0, 0.0001, 0.9961, 0.0] **
max =  0.9961 | max_idx =  5
**pseudo_label ->  [0.0, 0.0, 0.0, 0.0, 0.9999, 0.0, 0.0001] **
max =  0.9999 | max_idx =  4
Balance pseudo label class ->  [1, 2, 3, 4, 5, 6, 7]  value ->  320
add data ->  2240
Epoch 44/50, Train Loss: 0.0201, Valid Loss: 9.2009, Train Acc: 0.9956, Val Acc: 0.2866, Test Acc: 0.3975, Test F1: 0.2717, Total Pseudo-Labels: 1, Correct Pseudo-Labels: 0, Train Data Number: 3907



line 303 => train data수 3907
line 258 => 인스턴스 수 559
Step 12591  Tim 6:08:39
acc_train_cw(현재 train의 class별 acc) [1.0, 0.997, 1.0, 1.0, 0.992, 1.0, 1.0]
cw_psl_total_eval(pseudo label 클래스별 총 샘플 수):  [320, 349, 525, 600, 785, 669, 626]
cw_psl_correct_eval(pseudo label 클래스별 맞은 샘플 수):  [231, 164, 146, 138, 163, 221, 187]
psl_acc(PSL 평가에서의 정확도):  0.323 
cw_psl_acc(클래스별 PSL 평가에서의 정확도):  [0.721875011920929, 0.469914048910141, 0.2780952453613281, 0.23000000417232513, 0.2076433151960373, 0.3303437829017639, 0.2987220585346222]
***pse_model_save --- epoch = 45***
Save model to ./experiment/python_extended_data/output/
**pseudo_label ->  [0.0, 0.0, 0.9998, 0.0002, 0.0001, 0.0, 0.0] **
max =  0.9998 | max_idx =  2
**pseudo_label ->  [0.0, 0.0, 0.0, 0.0, 0.0, 1.0, 0.0] **
max =  1.0 | max_idx =  5
**pseudo_label ->  [0.0, 0.0, 0.0, 0.0, 0.9999, 0.0, 0.0] **
max =  0.9999 | max_idx =  4
**pseudo_label ->  [0.0, 0.0, 0.0, 0.0, 0.0, 1.0, 0.0] **
max =  1.0 | max_idx =  5
**pseudo_label ->  [0.0, 0.0, 0.0, 0.0, 0.9996, 0.0, 0.0003] **
max =  0.9996 | max_idx =  4
Balance pseudo label class ->  [1, 2, 3, 4, 5, 6, 7]  value ->  321
add data ->  2247
Epoch 45/50, Train Loss: 0.0160, Valid Loss: 11.1678, Train Acc: 0.9982, Val Acc: 0.2704, Test Acc: 0.3668, Test F1: 0.2495, Total Pseudo-Labels: 1, Correct Pseudo-Labels: 0, Train Data Number: 3907



line 303 => train data수 3907
line 258 => 인스턴스 수 559
Step 13150  Tim 6:22:20
acc_train_cw(현재 train의 class별 acc) [1.0, 0.994, 0.989, 0.998, 0.999, 1.0, 0.981]
cw_psl_total_eval(pseudo label 클래스별 총 샘플 수):  [321, 350, 560, 600, 766, 669, 625]
cw_psl_correct_eval(pseudo label 클래스별 맞은 샘플 수):  [231, 165, 152, 137, 160, 221, 187]
psl_acc(PSL 평가에서의 정확도):  0.322 
cw_psl_acc(클래스별 PSL 평가에서의 정확도):  [0.7196261882781982, 0.4714285731315613, 0.27142858505249023, 0.22833333909511566, 0.20887728035449982, 0.3303437829017639, 0.29919999837875366]
***pse_model_save --- epoch = 46***
Save model to ./experiment/python_extended_data/output/
**pseudo_label ->  [0.0, 0.0, 0.9999, 0.0, 0.0, 0.0, 0.0] **
max =  0.9999 | max_idx =  2
**pseudo_label ->  [0.0, 0.0, 0.0, 0.0, 0.0, 1.0, 0.0] **
max =  1.0 | max_idx =  5
**pseudo_label ->  [0.0, 0.0, 0.0, 0.0, 1.0, 0.0, 0.0] **
max =  1.0 | max_idx =  4
**pseudo_label ->  [0.0, 0.007, 0.0, 0.0, 0.0, 0.993, 0.0] **
max =  0.993 | max_idx =  5
**pseudo_label ->  [0.0, 0.0001, 0.0, 0.0, 0.9443, 0.0552, 0.0004] **
max =  0.9443 | max_idx =  4
Balance pseudo label class ->  [1, 2, 3, 4, 5, 6, 7]  value ->  321
add data ->  2247
Epoch 46/50, Train Loss: 0.0743, Valid Loss: 10.6424, Train Acc: 0.9944, Val Acc: 0.2606, Test Acc: 0.4078, Test F1: 0.2749, Total Pseudo-Labels: 1, Correct Pseudo-Labels: 0, Train Data Number: 3907



line 303 => train data수 3907
line 258 => 인스턴스 수 559
Step 13709  Tim 6:36:04
acc_train_cw(현재 train의 class별 acc) [0.982, 0.994, 0.818, 0.935, 1.0, 1.0, 0.987]
cw_psl_total_eval(pseudo label 클래스별 총 샘플 수):  [321, 349, 547, 592, 781, 674, 608]
cw_psl_correct_eval(pseudo label 클래스별 맞은 샘플 수):  [231, 167, 151, 135, 161, 221, 184]
psl_acc(PSL 평가에서의 정확도):  0.323 
cw_psl_acc(클래스별 PSL 평가에서의 정확도):  [0.7196261882781982, 0.4785100221633911, 0.27605119347572327, 0.22804054617881775, 0.2061459720134735, 0.3278931677341461, 0.30263158679008484]
***pse_model_save --- epoch = 47***
Save model to ./experiment/python_extended_data/output/
**pseudo_label ->  [0.0084, 0.0, 0.9815, 0.0002, 0.0099, 0.0, 0.0] **
max =  0.9815 | max_idx =  2
**pseudo_label ->  [0.0, 0.0, 0.0, 0.0, 0.0, 1.0, 0.0] **
max =  1.0 | max_idx =  5
**pseudo_label ->  [0.0, 0.0, 0.0, 0.0, 0.9997, 0.0003, 0.0] **
max =  0.9997 | max_idx =  4
**pseudo_label ->  [0.0, 0.0, 0.0, 0.0, 0.0, 0.9999, 0.0001] **
max =  0.9999 | max_idx =  5
**pseudo_label ->  [0.0, 0.0, 0.0, 0.0, 0.9959, 0.0034, 0.0007] **
max =  0.9959 | max_idx =  4
Balance pseudo label class ->  [1, 2, 3, 4, 5, 6, 7]  value ->  329
add data ->  2303
Epoch 47/50, Train Loss: 0.1312, Valid Loss: 8.2348, Train Acc: 0.9601, Val Acc: 0.2345, Test Acc: 0.3627, Test F1: 0.2340, Total Pseudo-Labels: 1, Correct Pseudo-Labels: 0, Train Data Number: 3907



line 303 => train data수 3907
line 258 => 인스턴스 수 559
Step 14268  Tim 6:49:41
acc_train_cw(현재 train의 class별 acc) [0.988, 0.986, 0.987, 0.986, 0.983, 0.997, 0.994]
cw_psl_total_eval(pseudo label 클래스별 총 샘플 수):  [329, 339, 374, 529, 872, 678, 611]
cw_psl_correct_eval(pseudo label 클래스별 맞은 샘플 수):  [238, 164, 103, 122, 185, 221, 185]
psl_acc(PSL 평가에서의 정확도):  0.326 
cw_psl_acc(클래스별 PSL 평가에서의 정확도):  [0.7234042286872864, 0.4837758243083954, 0.2754010558128357, 0.23062381148338318, 0.21215596795082092, 0.3259586989879608, 0.3027823269367218]
***pse_model_save --- epoch = 48***
Save model to ./experiment/python_extended_data/output/
**pseudo_label ->  [0.0001, 0.0, 0.9946, 0.0004, 0.005, 0.0, 0.0] **
max =  0.9946 | max_idx =  2
**pseudo_label ->  [0.0, 0.0, 0.0, 0.0, 0.0, 1.0, 0.0] **
max =  1.0 | max_idx =  5
**pseudo_label ->  [0.0, 0.0, 0.0, 0.0, 0.9993, 0.0006, 0.0001] **
max =  0.9993 | max_idx =  4
**pseudo_label ->  [0.0, 0.0003, 0.0, 0.0, 0.0001, 0.9994, 0.0002] **
max =  0.9994 | max_idx =  5
**pseudo_label ->  [0.0, 0.0, 0.0, 0.0, 0.9816, 0.0149, 0.0035] **
max =  0.9816 | max_idx =  4
Balance pseudo label class ->  [1, 2, 3, 4, 5, 6, 7]  value ->  330
add data ->  2310
Epoch 48/50, Train Loss: 0.0557, Valid Loss: 8.6042, Train Acc: 0.9887, Val Acc: 0.2606, Test Acc: 0.3770, Test F1: 0.2634, Total Pseudo-Labels: 1, Correct Pseudo-Labels: 0, Train Data Number: 3907



line 303 => train data수 3907
line 258 => 인스턴스 수 559
Step 14827  Tim 7:03:24
acc_train_cw(현재 train의 class별 acc) [0.997, 0.997, 0.979, 0.998, 0.995, 1.0, 1.0]
cw_psl_total_eval(pseudo label 클래스별 총 샘플 수):  [330, 343, 504, 568, 800, 671, 621]
cw_psl_correct_eval(pseudo label 클래스별 맞은 샘플 수):  [237, 162, 143, 131, 170, 221, 188]
psl_acc(PSL 평가에서의 정확도):  0.326 
cw_psl_acc(클래스별 PSL 평가에서의 정확도):  [0.7181817889213562, 0.47230321168899536, 0.283730149269104, 0.23063381016254425, 0.21250000596046448, 0.32935917377471924, 0.3027375340461731]
***pse_model_save --- epoch = 49***
Save model to ./experiment/python_extended_data/output/
**pseudo_label ->  [0.0002, 0.0, 0.9995, 0.0002, 0.0001, 0.0, 0.0] **
max =  0.9995 | max_idx =  2
**pseudo_label ->  [0.0, 0.0, 0.0, 0.0, 0.0, 1.0, 0.0] **
max =  1.0 | max_idx =  5
**pseudo_label ->  [0.0, 0.0, 0.0, 0.0, 0.9999, 0.0, 0.0001] **
max =  0.9999 | max_idx =  4
**pseudo_label ->  [0.0, 0.0059, 0.0, 0.0, 0.0028, 0.9904, 0.0009] **
max =  0.9904 | max_idx =  5
**pseudo_label ->  [0.0, 0.0, 0.0, 0.0, 0.9974, 0.0019, 0.0007] **
max =  0.9974 | max_idx =  4
Balance pseudo label class ->  [1, 2, 3, 4, 5, 6, 7]  value ->  344
add data ->  2408
Epoch 49/50, Train Loss: 0.0238, Valid Loss: 10.7169, Train Acc: 0.9954, Val Acc: 0.3029, Test Acc: 0.3934, Test F1: 0.2714, Total Pseudo-Labels: 1, Correct Pseudo-Labels: 0, Train Data Number: 3907



line 303 => train data수 3907
line 258 => 인스턴스 수 559
Step 15386  Tim 7:17:02
acc_train_cw(현재 train의 class별 acc) [0.963, 1.0, 0.984, 0.997, 0.999, 1.0, 1.0]
cw_psl_total_eval(pseudo label 클래스별 총 샘플 수):  [344, 346, 499, 583, 810, 670, 621]
cw_psl_correct_eval(pseudo label 클래스별 맞은 샘플 수):  [244, 165, 142, 132, 172, 221, 188]
psl_acc(PSL 평가에서의 정확도):  0.326 
cw_psl_acc(클래스별 PSL 평가에서의 정확도):  [0.7093023061752319, 0.4768786132335663, 0.2845691442489624, 0.22641509771347046, 0.2123456746339798, 0.3298507332801819, 0.3027375340461731]
***pse_model_save --- epoch = 50***
Save model to ./experiment/python_extended_data/output/
**pseudo_label ->  [0.0, 0.0, 0.9993, 0.0, 0.0007, 0.0, 0.0] **
max =  0.9993 | max_idx =  2
**pseudo_label ->  [0.0, 0.0, 0.0, 0.0, 0.0, 1.0, 0.0] **
max =  1.0 | max_idx =  5
**pseudo_label ->  [0.0, 0.0, 0.0, 0.0, 0.9998, 0.0002, 0.0] **
max =  0.9998 | max_idx =  4
**pseudo_label ->  [0.0, 0.0, 0.0, 0.0, 0.0, 1.0, 0.0] **
max =  1.0 | max_idx =  5
**pseudo_label ->  [0.0, 0.0, 0.0, 0.0, 0.9898, 0.0101, 0.0001] **
max =  0.9898 | max_idx =  4
Balance pseudo label class ->  [1, 2, 3, 4, 5, 6, 7]  value ->  326
add data ->  2282
Epoch 50/50, Train Loss: 0.0380, Valid Loss: 11.7383, Train Acc: 0.9939, Val Acc: 0.2736, Test Acc: 0.3955, Test F1: 0.2618, Total Pseudo-Labels: 1, Correct Pseudo-Labels: 0, Train Data Number: 3907

Training complete!
Total training took 7:27:39 (h:mm:ss)
Load model from ./experiment/python_extended_data/output/10_codesage-base_0.00025_0.7_python_extended_data_net0.pth
Save training statistics in:  ./experiment/python_extended_data/log/codesage/class7//10_codesage-base_0.00025_0.7_python_extended_data/training_statistics.csv

best_trian_loss, epoch => 0.01601852604407846 45
Epoch-1_train_loss => 6.611179868380229
max_epoch_train_loss => 0.037966473342475604 


best_val_loss, epoch =>  1.891085333855222 9
Epoch-1_val_loss => 2.3570523813415427
max_epoch_val_loss => 11.73831821733022 

pse_epoch =>  [1, 2, 3, 4, 5, 6, 7, 8, 9, 10, 11, 12, 13, 14, 15, 16, 17, 18, 19, 20, 21, 22, 23, 24, 25, 26, 27, 28, 29, 30, 31, 32, 33, 34, 35, 36, 37, 38, 39, 40, 41, 42, 43, 44, 45, 46, 47, 48, 49, 50]
추가되는 pse_epoch =>  [1, 15, 16, 18, 19, 20, 21, 22, 23, 24, 25, 26, 27, 28, 29, 30, 31, 32, 33, 34, 35, 36, 37, 38, 39, 40, 41, 42, 43, 44, 45, 46, 47, 48, 49, 50] 

total_data:  3907 
Best_step:  22 
Best_epoch:  2 
best_val_acc:  0.38762214983713356 
best_test_acc:  0.39549180327868855 
best_test_f1:  0.26182153243335
Save best record in:  ./experiment/python_extended_data/log/codesage/class7/summary.csv
Save best record in:  ./experiment/python_extended_data/log/summary_avgrun.csv
