current work directory:  /home/imsuhan22/few-shot-tc/custom_ssl/code
Data set -> python_extended_data
save_name: 5_codesage-base_0.00035_0.7_python_extended_data

data_path:  ../data/problem_based_split/python_extended_data

There are 1 GPU(s) available.
We will use the GPU- 0 Quadro RTX 8000

**line 147 모델 =>  codesage/codesage-base
**tokenizer type =  codesage/codesage-base 

pesudo label class개수 기준 -> 7
n_labeled_per_class:  5
train_df samples: 3974
train_labeled_df samples: 35
train_unlabeled_df samples: 3939
n_classes:  7 


net_arch:  codesage/codesage-base 
lr:  0.00035 
lr_linear:  0.001 




line 303 => train data수 35
line 258 => 인스턴스 수 5
Step 0  Tim 0:00:22
acc_train_cw(현재 train의 class별 acc) [0.4, 0.0, 0.2, 0.4, 0.2, 0.0, 0.0]
cw_psl_total_eval(pseudo label 클래스별 총 샘플 수):  [0, 0, 0, 0, 0, 0, 0]
cw_psl_correct_eval(pseudo label 클래스별 맞은 샘플 수):  [0, 0, 0, 0, 0, 0, 0]
psl_acc(PSL 평가에서의 정확도): None 
cw_psl_acc(클래스별 PSL 평가에서의 정확도):  [nan, nan, nan, nan, nan, nan, nan]
***best_acc_model_save --- epoch = 1***
Save model to ./experiment/python_extended_data/output/
**pseudo_label ->  [0.0834, 0.0935, 0.265, 0.2387, 0.1067, 0.0159, 0.1968] **
max =  0.265 | max_idx =  2
**pseudo_label ->  [0.1377, 0.1146, 0.0572, 0.3158, 0.2198, 0.012, 0.1431] **
max =  0.3158 | max_idx =  3
**pseudo_label ->  [0.2072, 0.0643, 0.1412, 0.4507, 0.0359, 0.0379, 0.0629] **
max =  0.4507 | max_idx =  3
**pseudo_label ->  [0.0434, 0.238, 0.0619, 0.5351, 0.0815, 0.0222, 0.018] **
max =  0.5351 | max_idx =  3
**pseudo_label ->  [0.1464, 0.0718, 0.0602, 0.2779, 0.1747, 0.0377, 0.2312] **
max =  0.2779 | max_idx =  3
Epoch 1/50, Train Loss: 5.1881, Valid Loss: 2.5755, Train Acc: 0.1714, Val Acc: 0.3192, Test Acc: 0.1455, Test F1: 0.1009, Total Pseudo-Labels: 0, Correct Pseudo-Labels: 0, Train Data Number: 35



line 303 => train data수 35
line 258 => 인스턴스 수 5
Step 5  Tim 0:02:51
acc_train_cw(현재 train의 class별 acc) [0.0, 0.0, 0.0, 0.0, 0.0, 1.0, 0.0]
cw_psl_total_eval(pseudo label 클래스별 총 샘플 수):  [33, 2, 9, 382, 37, 0, 1]
cw_psl_correct_eval(pseudo label 클래스별 맞은 샘플 수):  [19, 1, 0, 78, 13, 0, 0]
psl_acc(PSL 평가에서의 정확도):  0.239 
cw_psl_acc(클래스별 PSL 평가에서의 정확도):  [0.5757575631141663, 0.5, 0.0, 0.2041884809732437, 0.3513513505458832, nan, 0.0]
**pseudo_label ->  [0.0025, 0.0, 0.0629, 0.0736, 0.204, 0.3829, 0.2741] **
max =  0.3829 | max_idx =  5
**pseudo_label ->  [0.0021, 0.0, 0.0548, 0.0942, 0.2142, 0.3252, 0.3096] **
max =  0.3252 | max_idx =  5
**pseudo_label ->  [0.002, 0.0, 0.0832, 0.0774, 0.2199, 0.3831, 0.2344] **
max =  0.3831 | max_idx =  5
**pseudo_label ->  [0.004, 0.0, 0.0157, 0.0673, 0.358, 0.1594, 0.3957] **
max =  0.3957 | max_idx =  6
**pseudo_label ->  [0.0018, 0.0, 0.0429, 0.0525, 0.2016, 0.2986, 0.4025] **
max =  0.4025 | max_idx =  6
Epoch 2/50, Train Loss: 4.5955, Valid Loss: 1.9090, Train Acc: 0.1429, Val Acc: 0.0261, Test Acc: 0.2971, Test F1: 0.0654, Total Pseudo-Labels: 0, Correct Pseudo-Labels: 0, Train Data Number: 35



line 303 => train data수 35
line 258 => 인스턴스 수 5
Step 10  Tim 0:05:08
acc_train_cw(현재 train의 class별 acc) [0.0, 0.0, 0.0, 0.0, 0.0, 1.0, 0.0]
cw_psl_total_eval(pseudo label 클래스별 총 샘플 수):  [0, 0, 0, 0, 0, 0, 20]
cw_psl_correct_eval(pseudo label 클래스별 맞은 샘플 수):  [0, 0, 0, 0, 0, 0, 1]
psl_acc(PSL 평가에서의 정확도):  0.05 
cw_psl_acc(클래스별 PSL 평가에서의 정확도):  [nan, nan, nan, nan, nan, nan, 0.05000000074505806]
**pseudo_label ->  [0.1435, 0.0016, 0.0705, 0.2453, 0.1375, 0.2897, 0.1119] **
max =  0.2897 | max_idx =  5
**pseudo_label ->  [0.3407, 0.0001, 0.0201, 0.0953, 0.2674, 0.1685, 0.108] **
max =  0.3407 | max_idx =  0
**pseudo_label ->  [0.2856, 0.0011, 0.0707, 0.1649, 0.1574, 0.2097, 0.1105] **
max =  0.2856 | max_idx =  0
**pseudo_label ->  [0.1563, 0.0013, 0.0827, 0.1916, 0.2688, 0.2126, 0.0868] **
max =  0.2688 | max_idx =  4
**pseudo_label ->  [0.1716, 0.0016, 0.0751, 0.1743, 0.0876, 0.3424, 0.1474] **
max =  0.3424 | max_idx =  5
Epoch 3/50, Train Loss: 2.8556, Valid Loss: 2.8905, Train Acc: 0.1429, Val Acc: 0.0261, Test Acc: 0.2971, Test F1: 0.0654, Total Pseudo-Labels: 0, Correct Pseudo-Labels: 0, Train Data Number: 35



line 303 => train data수 35
line 258 => 인스턴스 수 5
Step 15  Tim 0:07:24
acc_train_cw(현재 train의 class별 acc) [0.0, 1.0, 0.0, 0.0, 0.0, 0.0, 0.0]
cw_psl_total_eval(pseudo label 클래스별 총 샘플 수):  [0, 0, 0, 0, 0, 0, 0]
cw_psl_correct_eval(pseudo label 클래스별 맞은 샘플 수):  [0, 0, 0, 0, 0, 0, 0]
psl_acc(PSL 평가에서의 정확도): None 
cw_psl_acc(클래스별 PSL 평가에서의 정확도):  [nan, nan, nan, nan, nan, nan, nan]
**pseudo_label ->  [0.021, 0.6633, 0.014, 0.0416, 0.0952, 0.1044, 0.0605] **
max =  0.6633 | max_idx =  1
**pseudo_label ->  [0.0239, 0.6239, 0.0349, 0.0411, 0.1225, 0.0963, 0.0574] **
max =  0.6239 | max_idx =  1
**pseudo_label ->  [0.0195, 0.6398, 0.0099, 0.0399, 0.0892, 0.0802, 0.1215] **
max =  0.6398 | max_idx =  1
**pseudo_label ->  [0.0201, 0.6662, 0.0231, 0.0527, 0.0848, 0.097, 0.0561] **
max =  0.6662 | max_idx =  1
**pseudo_label ->  [0.0485, 0.4331, 0.0289, 0.084, 0.241, 0.1046, 0.0597] **
max =  0.4331 | max_idx =  1
Epoch 4/50, Train Loss: 2.6588, Valid Loss: 1.9057, Train Acc: 0.1429, Val Acc: 0.0065, Test Acc: 0.2787, Test F1: 0.0623, Total Pseudo-Labels: 0, Correct Pseudo-Labels: 0, Train Data Number: 35



line 303 => train data수 35
line 258 => 인스턴스 수 5
Step 20  Tim 0:09:40
acc_train_cw(현재 train의 class별 acc) [0.0, 0.0, 1.0, 0.0, 0.0, 0.0, 0.0]
cw_psl_total_eval(pseudo label 클래스별 총 샘플 수):  [0, 130, 0, 0, 0, 0, 0]
cw_psl_correct_eval(pseudo label 클래스별 맞은 샘플 수):  [0, 15, 0, 0, 0, 0, 0]
psl_acc(PSL 평가에서의 정확도):  0.115 
cw_psl_acc(클래스별 PSL 평가에서의 정확도):  [nan, 0.11538461595773697, nan, nan, nan, nan, nan]
**pseudo_label ->  [0.1219, 0.0071, 0.0465, 0.4418, 0.0151, 0.1112, 0.2565] **
max =  0.4418 | max_idx =  3
**pseudo_label ->  [0.0815, 0.0834, 0.3332, 0.1884, 0.039, 0.1694, 0.1051] **
max =  0.3332 | max_idx =  2
**pseudo_label ->  [0.1067, 0.0119, 0.0516, 0.4058, 0.0208, 0.1613, 0.2418] **
max =  0.4058 | max_idx =  3
**pseudo_label ->  [0.0528, 0.0809, 0.3961, 0.1039, 0.0442, 0.1817, 0.1404] **
max =  0.3961 | max_idx =  2
**pseudo_label ->  [0.0488, 0.059, 0.4242, 0.1671, 0.0506, 0.1451, 0.1053] **
max =  0.4242 | max_idx =  2
Epoch 5/50, Train Loss: 2.2564, Valid Loss: 2.3087, Train Acc: 0.1429, Val Acc: 0.2280, Test Acc: 0.1230, Test F1: 0.0313, Total Pseudo-Labels: 0, Correct Pseudo-Labels: 0, Train Data Number: 35



line 303 => train data수 35
line 258 => 인스턴스 수 5
Step 25  Tim 0:11:56
acc_train_cw(현재 train의 class별 acc) [0.0, 0.0, 0.0, 0.0, 1.0, 0.0, 0.0]
cw_psl_total_eval(pseudo label 클래스별 총 샘플 수):  [0, 0, 4, 0, 0, 0, 0]
cw_psl_correct_eval(pseudo label 클래스별 맞은 샘플 수):  [0, 0, 1, 0, 0, 0, 0]
psl_acc(PSL 평가에서의 정확도):  0.25 
cw_psl_acc(클래스별 PSL 평가에서의 정확도):  [nan, nan, 0.25, nan, nan, nan, nan]
**pseudo_label ->  [0.1667, 0.2035, 0.0679, 0.0806, 0.3075, 0.1393, 0.0346] **
max =  0.3075 | max_idx =  4
**pseudo_label ->  [0.2553, 0.1801, 0.044, 0.12, 0.2341, 0.1387, 0.0277] **
max =  0.2553 | max_idx =  0
**pseudo_label ->  [0.1624, 0.2122, 0.0461, 0.0799, 0.3312, 0.1274, 0.0409] **
max =  0.3312 | max_idx =  4
**pseudo_label ->  [0.2271, 0.1812, 0.0564, 0.1346, 0.2402, 0.125, 0.0355] **
max =  0.2402 | max_idx =  4
**pseudo_label ->  [0.2382, 0.1001, 0.0345, 0.0874, 0.3447, 0.1583, 0.0368] **
max =  0.3447 | max_idx =  4
Epoch 6/50, Train Loss: 2.0945, Valid Loss: 2.0174, Train Acc: 0.1429, Val Acc: 0.1433, Test Acc: 0.0430, Test F1: 0.0118, Total Pseudo-Labels: 0, Correct Pseudo-Labels: 0, Train Data Number: 35



line 303 => train data수 35
line 258 => 인스턴스 수 5
Step 30  Tim 0:14:13
acc_train_cw(현재 train의 class별 acc) [0.0, 0.0, 0.0, 0.0, 0.0, 1.0, 0.0]
cw_psl_total_eval(pseudo label 클래스별 총 샘플 수):  [0, 0, 0, 0, 1, 0, 0]
cw_psl_correct_eval(pseudo label 클래스별 맞은 샘플 수):  [0, 0, 0, 0, 1, 0, 0]
psl_acc(PSL 평가에서의 정확도):  1.0 
cw_psl_acc(클래스별 PSL 평가에서의 정확도):  [nan, nan, nan, nan, 1.0, nan, nan]
**pseudo_label ->  [0.0741, 0.1322, 0.1584, 0.161, 0.0556, 0.2128, 0.2059] **
max =  0.2128 | max_idx =  5
**pseudo_label ->  [0.0758, 0.1609, 0.1514, 0.1311, 0.0706, 0.2183, 0.1919] **
max =  0.2183 | max_idx =  5
**pseudo_label ->  [0.0776, 0.1071, 0.302, 0.0288, 0.1294, 0.1783, 0.1768] **
max =  0.302 | max_idx =  2
**pseudo_label ->  [0.0566, 0.1888, 0.1974, 0.1642, 0.0758, 0.1614, 0.1558] **
max =  0.1974 | max_idx =  2
**pseudo_label ->  [0.0507, 0.1188, 0.3596, 0.0224, 0.1166, 0.2108, 0.1211] **
max =  0.3596 | max_idx =  2
Epoch 7/50, Train Loss: 2.2528, Valid Loss: 1.8087, Train Acc: 0.1429, Val Acc: 0.0261, Test Acc: 0.2971, Test F1: 0.0654, Total Pseudo-Labels: 0, Correct Pseudo-Labels: 0, Train Data Number: 35



line 303 => train data수 35
line 258 => 인스턴스 수 5
Step 35  Tim 0:16:29
acc_train_cw(현재 train의 class별 acc) [0.0, 0.0, 0.0, 1.0, 0.0, 0.0, 0.0]
cw_psl_total_eval(pseudo label 클래스별 총 샘플 수):  [0, 0, 0, 0, 0, 0, 0]
cw_psl_correct_eval(pseudo label 클래스별 맞은 샘플 수):  [0, 0, 0, 0, 0, 0, 0]
psl_acc(PSL 평가에서의 정확도): None 
cw_psl_acc(클래스별 PSL 평가에서의 정확도):  [nan, nan, nan, nan, nan, nan, nan]
***best_acc_model_save --- epoch = 8***
Save model to ./experiment/python_extended_data/output/
**pseudo_label ->  [0.1879, 0.099, 0.1012, 0.3428, 0.059, 0.1172, 0.0929] **
max =  0.3428 | max_idx =  3
**pseudo_label ->  [0.2405, 0.0032, 0.0099, 0.6, 0.023, 0.0366, 0.0868] **
max =  0.6 | max_idx =  3
**pseudo_label ->  [0.2448, 0.0884, 0.1907, 0.0695, 0.1032, 0.1908, 0.1126] **
max =  0.2448 | max_idx =  0
**pseudo_label ->  [0.2083, 0.0617, 0.2671, 0.11, 0.0913, 0.1475, 0.1141] **
max =  0.2671 | max_idx =  2
**pseudo_label ->  [0.2255, 0.1258, 0.0737, 0.2472, 0.0731, 0.1213, 0.1334] **
max =  0.2472 | max_idx =  3
Epoch 8/50, Train Loss: 2.2938, Valid Loss: 2.1609, Train Acc: 0.1429, Val Acc: 0.3876, Test Acc: 0.1619, Test F1: 0.0398, Total Pseudo-Labels: 0, Correct Pseudo-Labels: 0, Train Data Number: 35



line 303 => train data수 35
line 258 => 인스턴스 수 5
Step 40  Tim 0:19:25
acc_train_cw(현재 train의 class별 acc) [0.0, 1.0, 0.0, 0.0, 0.0, 0.0, 0.0]
cw_psl_total_eval(pseudo label 클래스별 총 샘플 수):  [0, 0, 0, 2, 0, 0, 0]
cw_psl_correct_eval(pseudo label 클래스별 맞은 샘플 수):  [0, 0, 0, 0, 0, 0, 0]
psl_acc(PSL 평가에서의 정확도):  0.0 
cw_psl_acc(클래스별 PSL 평가에서의 정확도):  [nan, nan, nan, 0.0, nan, nan, nan]
**pseudo_label ->  [0.0838, 0.3664, 0.0538, 0.074, 0.1406, 0.1108, 0.1706] **
max =  0.3664 | max_idx =  1
**pseudo_label ->  [0.1103, 0.2566, 0.047, 0.1126, 0.1656, 0.1063, 0.2015] **
max =  0.2566 | max_idx =  1
**pseudo_label ->  [0.1231, 0.2048, 0.054, 0.0716, 0.1564, 0.1087, 0.2815] **
max =  0.2815 | max_idx =  6
**pseudo_label ->  [0.1199, 0.2423, 0.0334, 0.1212, 0.1739, 0.0909, 0.2185] **
max =  0.2423 | max_idx =  1
**pseudo_label ->  [0.123, 0.2891, 0.0434, 0.1472, 0.1197, 0.0734, 0.2043] **
max =  0.2891 | max_idx =  1
Epoch 9/50, Train Loss: 2.4964, Valid Loss: 2.1027, Train Acc: 0.1429, Val Acc: 0.0065, Test Acc: 0.2787, Test F1: 0.0623, Total Pseudo-Labels: 0, Correct Pseudo-Labels: 0, Train Data Number: 35



line 303 => train data수 35
line 258 => 인스턴스 수 5
Step 45  Tim 0:21:43
acc_train_cw(현재 train의 class별 acc) [0.0, 0.0, 0.0, 0.0, 1.0, 0.0, 0.0]
cw_psl_total_eval(pseudo label 클래스별 총 샘플 수):  [0, 0, 0, 0, 0, 0, 0]
cw_psl_correct_eval(pseudo label 클래스별 맞은 샘플 수):  [0, 0, 0, 0, 0, 0, 0]
psl_acc(PSL 평가에서의 정확도): None 
cw_psl_acc(클래스별 PSL 평가에서의 정확도):  [nan, nan, nan, nan, nan, nan, nan]
**pseudo_label ->  [0.177, 0.1731, 0.1023, 0.1254, 0.1366, 0.194, 0.0916] **
max =  0.194 | max_idx =  5
**pseudo_label ->  [0.1562, 0.0734, 0.1209, 0.1407, 0.3014, 0.1541, 0.0533] **
max =  0.3014 | max_idx =  4
**pseudo_label ->  [0.201, 0.1152, 0.1021, 0.0954, 0.2956, 0.1506, 0.0401] **
max =  0.2956 | max_idx =  4
**pseudo_label ->  [0.1555, 0.1993, 0.1319, 0.0852, 0.1584, 0.2072, 0.0625] **
max =  0.2072 | max_idx =  5
**pseudo_label ->  [0.185, 0.2305, 0.0961, 0.1048, 0.1779, 0.147, 0.0587] **
max =  0.2305 | max_idx =  1
Epoch 10/50, Train Loss: 2.3351, Valid Loss: 1.8663, Train Acc: 0.1429, Val Acc: 0.1433, Test Acc: 0.0430, Test F1: 0.0118, Total Pseudo-Labels: 0, Correct Pseudo-Labels: 0, Train Data Number: 35



line 303 => train data수 35
line 258 => 인스턴스 수 5
Step 50  Tim 0:24:00
acc_train_cw(현재 train의 class별 acc) [0.0, 0.0, 1.0, 0.0, 0.0, 0.0, 0.0]
cw_psl_total_eval(pseudo label 클래스별 총 샘플 수):  [0, 0, 0, 0, 0, 0, 0]
cw_psl_correct_eval(pseudo label 클래스별 맞은 샘플 수):  [0, 0, 0, 0, 0, 0, 0]
psl_acc(PSL 평가에서의 정확도): None 
cw_psl_acc(클래스별 PSL 평가에서의 정확도):  [nan, nan, nan, nan, nan, nan, nan]
**pseudo_label ->  [0.2324, 0.0097, 0.0363, 0.2999, 0.0471, 0.0213, 0.3533] **
max =  0.3533 | max_idx =  6
**pseudo_label ->  [0.1221, 0.1338, 0.2385, 0.1578, 0.1421, 0.0275, 0.1782] **
max =  0.2385 | max_idx =  2
**pseudo_label ->  [0.1493, 0.1436, 0.3358, 0.1248, 0.0832, 0.0214, 0.1419] **
max =  0.3358 | max_idx =  2
**pseudo_label ->  [0.157, 0.0856, 0.4049, 0.0601, 0.1244, 0.0207, 0.1474] **
max =  0.4049 | max_idx =  2
**pseudo_label ->  [0.1603, 0.0645, 0.252, 0.126, 0.2459, 0.0335, 0.1177] **
max =  0.252 | max_idx =  2
Epoch 11/50, Train Loss: 2.2500, Valid Loss: 2.2639, Train Acc: 0.1429, Val Acc: 0.2280, Test Acc: 0.1230, Test F1: 0.0313, Total Pseudo-Labels: 0, Correct Pseudo-Labels: 0, Train Data Number: 35



line 303 => train data수 35
line 258 => 인스턴스 수 5
Step 55  Tim 0:26:17
acc_train_cw(현재 train의 class별 acc) [0.0, 0.0, 0.0, 0.0, 0.0, 1.0, 0.0]
cw_psl_total_eval(pseudo label 클래스별 총 샘플 수):  [0, 0, 0, 0, 0, 0, 0]
cw_psl_correct_eval(pseudo label 클래스별 맞은 샘플 수):  [0, 0, 0, 0, 0, 0, 0]
psl_acc(PSL 평가에서의 정확도): None 
cw_psl_acc(클래스별 PSL 평가에서의 정확도):  [nan, nan, nan, nan, nan, nan, nan]
**pseudo_label ->  [0.2052, 0.0156, 0.0038, 0.2767, 0.0073, 0.2054, 0.2861] **
max =  0.2861 | max_idx =  6
**pseudo_label ->  [0.1179, 0.1818, 0.0358, 0.1736, 0.0349, 0.3101, 0.1459] **
max =  0.3101 | max_idx =  5
**pseudo_label ->  [0.1233, 0.2535, 0.0349, 0.141, 0.0543, 0.3047, 0.0883] **
max =  0.3047 | max_idx =  5
**pseudo_label ->  [0.128, 0.2207, 0.0306, 0.1921, 0.0323, 0.3066, 0.0897] **
max =  0.3066 | max_idx =  5
**pseudo_label ->  [0.1158, 0.2308, 0.0348, 0.1776, 0.0311, 0.263, 0.1469] **
max =  0.263 | max_idx =  5
Epoch 12/50, Train Loss: 2.4155, Valid Loss: 2.7616, Train Acc: 0.1429, Val Acc: 0.0261, Test Acc: 0.2971, Test F1: 0.0654, Total Pseudo-Labels: 0, Correct Pseudo-Labels: 0, Train Data Number: 35



line 303 => train data수 35
line 258 => 인스턴스 수 5
Step 60  Tim 0:28:33
acc_train_cw(현재 train의 class별 acc) [0.0, 0.0, 0.0, 0.0, 1.0, 0.0, 0.0]
cw_psl_total_eval(pseudo label 클래스별 총 샘플 수):  [0, 0, 0, 0, 0, 0, 0]
cw_psl_correct_eval(pseudo label 클래스별 맞은 샘플 수):  [0, 0, 0, 0, 0, 0, 0]
psl_acc(PSL 평가에서의 정확도): None 
cw_psl_acc(클래스별 PSL 평가에서의 정확도):  [nan, nan, nan, nan, nan, nan, nan]
**pseudo_label ->  [0.1029, 0.236, 0.0093, 0.0884, 0.3652, 0.1554, 0.0428] **
max =  0.3652 | max_idx =  4
**pseudo_label ->  [0.0663, 0.2614, 0.0067, 0.0694, 0.4285, 0.1259, 0.0418] **
max =  0.4285 | max_idx =  4
**pseudo_label ->  [0.0599, 0.1641, 0.0133, 0.016, 0.5239, 0.1861, 0.0368] **
max =  0.5239 | max_idx =  4
**pseudo_label ->  [0.1221, 0.2167, 0.0103, 0.086, 0.3728, 0.1367, 0.0554] **
max =  0.3728 | max_idx =  4
**pseudo_label ->  [0.0673, 0.2162, 0.0075, 0.0897, 0.4738, 0.1089, 0.0367] **
max =  0.4738 | max_idx =  4
Epoch 13/50, Train Loss: 2.7717, Valid Loss: 2.1293, Train Acc: 0.1429, Val Acc: 0.1433, Test Acc: 0.0430, Test F1: 0.0118, Total Pseudo-Labels: 0, Correct Pseudo-Labels: 0, Train Data Number: 35



line 303 => train data수 35
line 258 => 인스턴스 수 5
Step 65  Tim 0:30:50
acc_train_cw(현재 train의 class별 acc) [0.0, 0.0, 1.0, 0.0, 0.0, 0.0, 0.0]
cw_psl_total_eval(pseudo label 클래스별 총 샘플 수):  [0, 0, 0, 0, 35, 0, 0]
cw_psl_correct_eval(pseudo label 클래스별 맞은 샘플 수):  [0, 0, 0, 0, 3, 0, 0]
psl_acc(PSL 평가에서의 정확도):  0.086 
cw_psl_acc(클래스별 PSL 평가에서의 정확도):  [nan, nan, nan, nan, 0.08571428805589676, nan, nan]
**pseudo_label ->  [0.0307, 0.1461, 0.4617, 0.085, 0.0663, 0.1588, 0.0513] **
max =  0.4617 | max_idx =  2
**pseudo_label ->  [0.0481, 0.149, 0.356, 0.0959, 0.0864, 0.1771, 0.0874] **
max =  0.356 | max_idx =  2
**pseudo_label ->  [0.0424, 0.1755, 0.4408, 0.0679, 0.0634, 0.1393, 0.0708] **
max =  0.4408 | max_idx =  2
**pseudo_label ->  [0.0443, 0.0856, 0.5001, 0.0125, 0.1204, 0.1822, 0.055] **
max =  0.5001 | max_idx =  2
**pseudo_label ->  [0.0471, 0.133, 0.3814, 0.1003, 0.1623, 0.1332, 0.0427] **
max =  0.3814 | max_idx =  2
Epoch 14/50, Train Loss: 2.3378, Valid Loss: 2.1595, Train Acc: 0.1429, Val Acc: 0.2280, Test Acc: 0.1230, Test F1: 0.0313, Total Pseudo-Labels: 0, Correct Pseudo-Labels: 0, Train Data Number: 35



line 303 => train data수 35
line 258 => 인스턴스 수 5
Step 70  Tim 0:33:07
acc_train_cw(현재 train의 class별 acc) [0.0, 0.0, 0.0, 0.0, 0.0, 0.0, 1.0]
cw_psl_total_eval(pseudo label 클래스별 총 샘플 수):  [0, 0, 0, 0, 0, 0, 0]
cw_psl_correct_eval(pseudo label 클래스별 맞은 샘플 수):  [0, 0, 0, 0, 0, 0, 0]
psl_acc(PSL 평가에서의 정확도): None 
cw_psl_acc(클래스별 PSL 평가에서의 정확도):  [nan, nan, nan, nan, nan, nan, nan]
**pseudo_label ->  [0.2384, 0.0102, 0.0093, 0.1828, 0.0263, 0.0841, 0.4488] **
max =  0.4488 | max_idx =  6
**pseudo_label ->  [0.2519, 0.1343, 0.1009, 0.0965, 0.0715, 0.1223, 0.2227] **
max =  0.2519 | max_idx =  0
**pseudo_label ->  [0.227, 0.0836, 0.1146, 0.0209, 0.1592, 0.0967, 0.298] **
max =  0.298 | max_idx =  6
**pseudo_label ->  [0.2763, 0.0961, 0.0809, 0.079, 0.0552, 0.1454, 0.2671] **
max =  0.2763 | max_idx =  0
**pseudo_label ->  [0.2215, 0.0735, 0.0866, 0.0918, 0.0969, 0.1171, 0.3125] **
max =  0.3125 | max_idx =  6
Epoch 15/50, Train Loss: 2.2389, Valid Loss: 1.9709, Train Acc: 0.1429, Val Acc: 0.1173, Test Acc: 0.0184, Test F1: 0.0052, Total Pseudo-Labels: 0, Correct Pseudo-Labels: 0, Train Data Number: 35



line 303 => train data수 35
line 258 => 인스턴스 수 5
Step 75  Tim 0:35:24
acc_train_cw(현재 train의 class별 acc) [0.0, 0.0, 0.0, 1.0, 0.0, 0.0, 0.0]
cw_psl_total_eval(pseudo label 클래스별 총 샘플 수):  [0, 0, 0, 0, 0, 0, 0]
cw_psl_correct_eval(pseudo label 클래스별 맞은 샘플 수):  [0, 0, 0, 0, 0, 0, 0]
psl_acc(PSL 평가에서의 정확도): None 
cw_psl_acc(클래스별 PSL 평가에서의 정확도):  [nan, nan, nan, nan, nan, nan, nan]
**pseudo_label ->  [0.0659, 0.163, 0.0534, 0.3653, 0.1591, 0.1496, 0.0436] **
max =  0.3653 | max_idx =  3
**pseudo_label ->  [0.1085, 0.0125, 0.0046, 0.5163, 0.0475, 0.162, 0.1487] **
max =  0.5163 | max_idx =  3
**pseudo_label ->  [0.0702, 0.1588, 0.0678, 0.3183, 0.1792, 0.1733, 0.0324] **
max =  0.3183 | max_idx =  3
**pseudo_label ->  [0.0522, 0.1107, 0.0991, 0.0444, 0.4226, 0.1709, 0.1001] **
max =  0.4226 | max_idx =  4
**pseudo_label ->  [0.0597, 0.2128, 0.0615, 0.2784, 0.1476, 0.1705, 0.0695] **
max =  0.2784 | max_idx =  3
Epoch 16/50, Train Loss: 2.1474, Valid Loss: 2.4133, Train Acc: 0.1429, Val Acc: 0.3876, Test Acc: 0.1619, Test F1: 0.0398, Total Pseudo-Labels: 0, Correct Pseudo-Labels: 0, Train Data Number: 35



line 303 => train data수 35
line 258 => 인스턴스 수 5
Step 80  Tim 0:37:40
acc_train_cw(현재 train의 class별 acc) [0.4, 0.0, 1.0, 0.0, 0.0, 0.0, 0.0]
cw_psl_total_eval(pseudo label 클래스별 총 샘플 수):  [0, 0, 0, 31, 0, 0, 0]
cw_psl_correct_eval(pseudo label 클래스별 맞은 샘플 수):  [0, 0, 0, 8, 0, 0, 0]
psl_acc(PSL 평가에서의 정확도):  0.258 
cw_psl_acc(클래스별 PSL 평가에서의 정확도):  [nan, nan, nan, 0.25806450843811035, nan, nan, nan]
**pseudo_label ->  [0.2757, 0.142, 0.2146, 0.0376, 0.0455, 0.1554, 0.1292] **
max =  0.2757 | max_idx =  0
**pseudo_label ->  [0.5813, 0.026, 0.0401, 0.0859, 0.0143, 0.0742, 0.1782] **
max =  0.5813 | max_idx =  0
**pseudo_label ->  [0.3019, 0.1119, 0.3027, 0.0335, 0.0681, 0.1112, 0.0706] **
max =  0.3027 | max_idx =  2
**pseudo_label ->  [0.2764, 0.1557, 0.2118, 0.046, 0.0342, 0.1652, 0.1108] **
max =  0.2764 | max_idx =  0
**pseudo_label ->  [0.2705, 0.1899, 0.249, 0.0324, 0.0409, 0.1333, 0.084] **
max =  0.2705 | max_idx =  0
Epoch 17/50, Train Loss: 2.3162, Valid Loss: 2.0639, Train Acc: 0.2000, Val Acc: 0.2248, Test Acc: 0.1230, Test F1: 0.0327, Total Pseudo-Labels: 0, Correct Pseudo-Labels: 0, Train Data Number: 35



line 303 => train data수 35
line 258 => 인스턴스 수 5
Step 85  Tim 0:39:57
acc_train_cw(현재 train의 class별 acc) [0.0, 0.0, 0.0, 0.0, 0.0, 0.0, 1.0]
cw_psl_total_eval(pseudo label 클래스별 총 샘플 수):  [0, 0, 0, 0, 0, 0, 0]
cw_psl_correct_eval(pseudo label 클래스별 맞은 샘플 수):  [0, 0, 0, 0, 0, 0, 0]
psl_acc(PSL 평가에서의 정확도): None 
cw_psl_acc(클래스별 PSL 평가에서의 정확도):  [nan, nan, nan, nan, nan, nan, nan]
**pseudo_label ->  [0.0967, 0.1521, 0.1226, 0.1415, 0.0646, 0.1586, 0.2639] **
max =  0.2639 | max_idx =  6
**pseudo_label ->  [0.1255, 0.1931, 0.0528, 0.0884, 0.0574, 0.2538, 0.229] **
max =  0.2538 | max_idx =  5
**pseudo_label ->  [0.0946, 0.2181, 0.0723, 0.1402, 0.0505, 0.2145, 0.2098] **
max =  0.2181 | max_idx =  1
**pseudo_label ->  [0.1786, 0.0159, 0.0084, 0.242, 0.0155, 0.0655, 0.474] **
max =  0.474 | max_idx =  6
**pseudo_label ->  [0.118, 0.0182, 0.0081, 0.3034, 0.0187, 0.1291, 0.4044] **
max =  0.4044 | max_idx =  6
Epoch 18/50, Train Loss: 2.1582, Valid Loss: 2.2357, Train Acc: 0.1429, Val Acc: 0.1173, Test Acc: 0.0184, Test F1: 0.0052, Total Pseudo-Labels: 0, Correct Pseudo-Labels: 0, Train Data Number: 35



line 303 => train data수 35
line 258 => 인스턴스 수 5
Step 90  Tim 0:42:14
acc_train_cw(현재 train의 class별 acc) [0.0, 0.0, 0.0, 0.0, 1.0, 0.0, 0.0]
cw_psl_total_eval(pseudo label 클래스별 총 샘플 수):  [0, 0, 0, 0, 0, 0, 1]
cw_psl_correct_eval(pseudo label 클래스별 맞은 샘플 수):  [0, 0, 0, 0, 0, 0, 0]
psl_acc(PSL 평가에서의 정확도):  0.0 
cw_psl_acc(클래스별 PSL 평가에서의 정확도):  [nan, nan, nan, nan, nan, nan, 0.0]
**pseudo_label ->  [0.1286, 0.0998, 0.1164, 0.108, 0.3234, 0.1534, 0.0704] **
max =  0.3234 | max_idx =  4
**pseudo_label ->  [0.0878, 0.1408, 0.1285, 0.0447, 0.3799, 0.1501, 0.0681] **
max =  0.3799 | max_idx =  4
**pseudo_label ->  [0.0987, 0.1179, 0.1638, 0.06, 0.3228, 0.1756, 0.0612] **
max =  0.3228 | max_idx =  4
**pseudo_label ->  [0.1538, 0.1198, 0.1185, 0.0969, 0.2992, 0.1445, 0.0672] **
max =  0.2992 | max_idx =  4
**pseudo_label ->  [0.0984, 0.1042, 0.1811, 0.0595, 0.29, 0.208, 0.0588] **
max =  0.29 | max_idx =  4
Epoch 19/50, Train Loss: 2.2541, Valid Loss: 1.9573, Train Acc: 0.1429, Val Acc: 0.1433, Test Acc: 0.0430, Test F1: 0.0118, Total Pseudo-Labels: 0, Correct Pseudo-Labels: 0, Train Data Number: 35



line 303 => train data수 35
line 258 => 인스턴스 수 5
Step 95  Tim 0:44:30
acc_train_cw(현재 train의 class별 acc) [1.0, 0.0, 1.0, 0.0, 0.0, 0.0, 0.0]
cw_psl_total_eval(pseudo label 클래스별 총 샘플 수):  [0, 0, 0, 0, 3, 0, 0]
cw_psl_correct_eval(pseudo label 클래스별 맞은 샘플 수):  [0, 0, 0, 0, 0, 0, 0]
psl_acc(PSL 평가에서의 정확도):  0.0 
cw_psl_acc(클래스별 PSL 평가에서의 정확도):  [nan, nan, nan, nan, 0.0, nan, nan]
**pseudo_label ->  [0.2517, 0.1063, 0.2062, 0.1552, 0.0734, 0.0714, 0.1357] **
max =  0.2517 | max_idx =  0
**pseudo_label ->  [0.1685, 0.0873, 0.2773, 0.1507, 0.1531, 0.0855, 0.0776] **
max =  0.2773 | max_idx =  2
**pseudo_label ->  [0.1217, 0.1246, 0.3341, 0.0825, 0.1094, 0.1, 0.1277] **
max =  0.3341 | max_idx =  2
**pseudo_label ->  [0.326, 0.007, 0.0266, 0.3122, 0.0284, 0.0713, 0.2285] **
max =  0.326 | max_idx =  0
**pseudo_label ->  [0.1131, 0.1554, 0.3719, 0.0715, 0.1056, 0.0842, 0.0983] **
max =  0.3719 | max_idx =  2
Epoch 20/50, Train Loss: 1.9531, Valid Loss: 1.9359, Train Acc: 0.2857, Val Acc: 0.2085, Test Acc: 0.1086, Test F1: 0.0458, Total Pseudo-Labels: 0, Correct Pseudo-Labels: 0, Train Data Number: 35



line 303 => train data수 35
line 258 => 인스턴스 수 5
Step 100  Tim 0:46:47
acc_train_cw(현재 train의 class별 acc) [0.0, 0.8, 0.0, 1.0, 0.0, 0.0, 0.0]
cw_psl_total_eval(pseudo label 클래스별 총 샘플 수):  [0, 0, 0, 0, 0, 0, 0]
cw_psl_correct_eval(pseudo label 클래스별 맞은 샘플 수):  [0, 0, 0, 0, 0, 0, 0]
psl_acc(PSL 평가에서의 정확도): None 
cw_psl_acc(클래스별 PSL 평가에서의 정확도):  [nan, nan, nan, nan, nan, nan, nan]
**pseudo_label ->  [0.1308, 0.0582, 0.0382, 0.6072, 0.0718, 0.0315, 0.0622] **
max =  0.6072 | max_idx =  3
**pseudo_label ->  [0.0417, 0.3593, 0.1188, 0.1627, 0.0891, 0.0894, 0.139] **
max =  0.3593 | max_idx =  1
**pseudo_label ->  [0.0424, 0.3487, 0.105, 0.1732, 0.093, 0.09, 0.1477] **
max =  0.3487 | max_idx =  1
**pseudo_label ->  [0.0573, 0.1019, 0.0342, 0.585, 0.0404, 0.0401, 0.1412] **
max =  0.585 | max_idx =  3
**pseudo_label ->  [0.0528, 0.3739, 0.088, 0.1612, 0.089, 0.0955, 0.1396] **
max =  0.3739 | max_idx =  1
Epoch 21/50, Train Loss: 1.9613, Valid Loss: 2.7663, Train Acc: 0.2571, Val Acc: 0.2313, Test Acc: 0.1148, Test F1: 0.0453, Total Pseudo-Labels: 0, Correct Pseudo-Labels: 0, Train Data Number: 35



line 303 => train data수 35
line 258 => 인스턴스 수 5
Step 105  Tim 0:49:04
acc_train_cw(현재 train의 class별 acc) [1.0, 0.0, 0.2, 0.0, 0.0, 1.0, 0.4]
cw_psl_total_eval(pseudo label 클래스별 총 샘플 수):  [0, 0, 0, 60, 0, 0, 0]
cw_psl_correct_eval(pseudo label 클래스별 맞은 샘플 수):  [0, 0, 0, 13, 0, 0, 0]
psl_acc(PSL 평가에서의 정확도):  0.217 
cw_psl_acc(클래스별 PSL 평가에서의 정확도):  [nan, nan, nan, 0.21666666865348816, nan, nan, nan]
**pseudo_label ->  [0.2097, 0.046, 0.1089, 0.0302, 0.1331, 0.17, 0.302] **
max =  0.302 | max_idx =  6
**pseudo_label ->  [0.0294, 0.1615, 0.1652, 0.009, 0.1249, 0.3761, 0.1339] **
max =  0.3761 | max_idx =  5
**pseudo_label ->  [0.0372, 0.1673, 0.1923, 0.0061, 0.1385, 0.3129, 0.1457] **
max =  0.3129 | max_idx =  5
**pseudo_label ->  [0.1359, 0.0772, 0.1343, 0.0437, 0.196, 0.2589, 0.154] **
max =  0.2589 | max_idx =  5
**pseudo_label ->  [0.023, 0.0787, 0.1476, 0.0084, 0.2844, 0.3178, 0.14] **
max =  0.3178 | max_idx =  5
Epoch 22/50, Train Loss: 1.7873, Valid Loss: 2.6295, Train Acc: 0.3714, Val Acc: 0.0814, Test Acc: 0.1947, Test F1: 0.0907, Total Pseudo-Labels: 0, Correct Pseudo-Labels: 0, Train Data Number: 35



line 303 => train data수 35
line 258 => 인스턴스 수 5
Step 110  Tim 0:51:20
acc_train_cw(현재 train의 class별 acc) [1.0, 0.6, 1.0, 0.0, 1.0, 0.0, 0.0]
cw_psl_total_eval(pseudo label 클래스별 총 샘플 수):  [48, 0, 0, 0, 0, 0, 0]
cw_psl_correct_eval(pseudo label 클래스별 맞은 샘플 수):  [11, 0, 0, 0, 0, 0, 0]
psl_acc(PSL 평가에서의 정확도):  0.229 
cw_psl_acc(클래스별 PSL 평가에서의 정확도):  [0.2291666716337204, nan, nan, nan, nan, nan, nan]
**pseudo_label ->  [0.0427, 0.1955, 0.1324, 0.1102, 0.413, 0.0485, 0.0577] **
max =  0.413 | max_idx =  4
**pseudo_label ->  [0.0247, 0.0983, 0.0765, 0.0336, 0.2251, 0.1877, 0.3542] **
max =  0.3542 | max_idx =  6
**pseudo_label ->  [0.0303, 0.0864, 0.1405, 0.0425, 0.2961, 0.1358, 0.2683] **
max =  0.2961 | max_idx =  4
**pseudo_label ->  [0.0164, 0.3513, 0.1813, 0.0166, 0.2163, 0.1336, 0.0845] **
max =  0.3513 | max_idx =  1
**pseudo_label ->  [0.01, 0.1866, 0.2608, 0.0127, 0.4134, 0.0893, 0.0272] **
max =  0.4134 | max_idx =  4
Epoch 23/50, Train Loss: 1.7513, Valid Loss: 2.9085, Train Acc: 0.5143, Val Acc: 0.1075, Test Acc: 0.0758, Test F1: 0.0626, Total Pseudo-Labels: 0, Correct Pseudo-Labels: 0, Train Data Number: 35



line 303 => train data수 35
line 258 => 인스턴스 수 5
Step 115  Tim 0:53:38
acc_train_cw(현재 train의 class별 acc) [0.8, 0.0, 1.0, 0.0, 0.0, 1.0, 0.2]
cw_psl_total_eval(pseudo label 클래스별 총 샘플 수):  [0, 0, 0, 0, 0, 0, 0]
cw_psl_correct_eval(pseudo label 클래스별 맞은 샘플 수):  [0, 0, 0, 0, 0, 0, 0]
psl_acc(PSL 평가에서의 정확도): None 
cw_psl_acc(클래스별 PSL 평가에서의 정확도):  [nan, nan, nan, nan, nan, nan, nan]
**pseudo_label ->  [0.0205, 0.2036, 0.1848, 0.0057, 0.153, 0.2824, 0.1501] **
max =  0.2824 | max_idx =  5
**pseudo_label ->  [0.0188, 0.16, 0.1841, 0.0241, 0.2289, 0.2208, 0.1635] **
max =  0.2289 | max_idx =  4
**pseudo_label ->  [0.0044, 0.3332, 0.3131, 0.0032, 0.0794, 0.1699, 0.0969] **
max =  0.3332 | max_idx =  1
**pseudo_label ->  [0.0067, 0.1354, 0.1894, 0.0015, 0.1367, 0.4103, 0.12] **
max =  0.4103 | max_idx =  5
**pseudo_label ->  [0.0032, 0.2452, 0.1877, 0.0033, 0.0705, 0.3421, 0.148] **
max =  0.3421 | max_idx =  5
Epoch 24/50, Train Loss: 1.8798, Valid Loss: 3.7381, Train Acc: 0.4286, Val Acc: 0.1336, Test Acc: 0.1352, Test F1: 0.0949, Total Pseudo-Labels: 0, Correct Pseudo-Labels: 0, Train Data Number: 35



line 303 => train data수 35
line 258 => 인스턴스 수 5
Step 120  Tim 0:55:55
acc_train_cw(현재 train의 class별 acc) [1.0, 0.0, 0.2, 0.0, 0.0, 0.8, 0.0]
cw_psl_total_eval(pseudo label 클래스별 총 샘플 수):  [0, 0, 0, 0, 0, 0, 8]
cw_psl_correct_eval(pseudo label 클래스별 맞은 샘플 수):  [0, 0, 0, 0, 0, 0, 0]
psl_acc(PSL 평가에서의 정확도):  0.0 
cw_psl_acc(클래스별 PSL 평가에서의 정확도):  [nan, nan, nan, nan, nan, nan, 0.0]
**pseudo_label ->  [0.1823, 0.2566, 0.0261, 0.0055, 0.1329, 0.1893, 0.2074] **
max =  0.2566 | max_idx =  1
**pseudo_label ->  [0.724, 0.0703, 0.0238, 0.0006, 0.09, 0.0149, 0.0763] **
max =  0.724 | max_idx =  0
**pseudo_label ->  [0.2693, 0.1553, 0.2133, 0.0049, 0.2066, 0.0488, 0.1017] **
max =  0.2693 | max_idx =  0
**pseudo_label ->  [0.0918, 0.2854, 0.0596, 0.0089, 0.1312, 0.2621, 0.1611] **
max =  0.2854 | max_idx =  1
**pseudo_label ->  [0.2125, 0.1878, 0.1919, 0.0043, 0.2212, 0.0639, 0.1185] **
max =  0.2212 | max_idx =  4
Epoch 25/50, Train Loss: 1.4691, Valid Loss: 2.3900, Train Acc: 0.2857, Val Acc: 0.1238, Test Acc: 0.0943, Test F1: 0.0544, Total Pseudo-Labels: 0, Correct Pseudo-Labels: 0, Train Data Number: 35



line 303 => train data수 35
line 258 => 인스턴스 수 5
Step 125  Tim 0:58:12
acc_train_cw(현재 train의 class별 acc) [0.0, 0.0, 1.0, 1.0, 0.0, 1.0, 0.0]
cw_psl_total_eval(pseudo label 클래스별 총 샘플 수):  [1510, 0, 0, 0, 0, 0, 0]
cw_psl_correct_eval(pseudo label 클래스별 맞은 샘플 수):  [410, 0, 0, 0, 0, 0, 0]
psl_acc(PSL 평가에서의 정확도):  0.272 
cw_psl_acc(클래스별 PSL 평가에서의 정확도):  [0.2715231776237488, nan, nan, nan, nan, nan, nan]
**pseudo_label ->  [0.0052, 0.1585, 0.021, 0.3451, 0.1763, 0.2222, 0.0717] **
max =  0.3451 | max_idx =  3
**pseudo_label ->  [0.001, 0.1568, 0.0522, 0.2444, 0.2997, 0.1982, 0.0477] **
max =  0.2997 | max_idx =  4
**pseudo_label ->  [0.0003, 0.1755, 0.2426, 0.1593, 0.216, 0.1939, 0.0124] **
max =  0.2426 | max_idx =  2
**pseudo_label ->  [0.0047, 0.1117, 0.0177, 0.4147, 0.1399, 0.2677, 0.0435] **
max =  0.4147 | max_idx =  3
**pseudo_label ->  [0.0008, 0.1912, 0.1184, 0.173, 0.2735, 0.2227, 0.0204] **
max =  0.2735 | max_idx =  4
Epoch 26/50, Train Loss: 1.8349, Valid Loss: 2.9323, Train Acc: 0.4286, Val Acc: 0.2508, Test Acc: 0.1107, Test F1: 0.0654, Total Pseudo-Labels: 0, Correct Pseudo-Labels: 0, Train Data Number: 35



line 303 => train data수 35
line 258 => 인스턴스 수 5
Step 130  Tim 1:00:29
acc_train_cw(현재 train의 class별 acc) [0.0, 0.4, 1.0, 0.0, 0.0, 0.0, 1.0]
cw_psl_total_eval(pseudo label 클래스별 총 샘플 수):  [0, 0, 11, 138, 2, 0, 0]
cw_psl_correct_eval(pseudo label 클래스별 맞은 샘플 수):  [0, 0, 2, 14, 1, 0, 0]
psl_acc(PSL 평가에서의 정확도):  0.113 
cw_psl_acc(클래스별 PSL 평가에서의 정확도):  [nan, nan, 0.1818181872367859, 0.10144927352666855, 0.5, nan, nan]
**pseudo_label ->  [0.0539, 0.0019, 0.0002, 0.0216, 0.0445, 0.0049, 0.873] **
max =  0.873 | max_idx =  6
**pseudo_label ->  [0.0038, 0.3829, 0.0359, 0.0309, 0.1486, 0.0385, 0.3593] **
max =  0.3829 | max_idx =  1
**pseudo_label ->  [0.0006, 0.2775, 0.3458, 0.0133, 0.2041, 0.04, 0.1187] **
max =  0.3458 | max_idx =  2
**pseudo_label ->  [0.0868, 0.1073, 0.0034, 0.1139, 0.1184, 0.045, 0.5252] **
max =  0.5252 | max_idx =  6
**pseudo_label ->  [0.0026, 0.3351, 0.0741, 0.0343, 0.1665, 0.0852, 0.3023] **
max =  0.3351 | max_idx =  1
Epoch 27/50, Train Loss: 1.4039, Valid Loss: 4.1962, Train Acc: 0.3429, Val Acc: 0.1238, Test Acc: 0.0492, Test F1: 0.0420, Total Pseudo-Labels: 0, Correct Pseudo-Labels: 0, Train Data Number: 35



line 303 => train data수 35
line 258 => 인스턴스 수 5
Step 135  Tim 1:02:46
acc_train_cw(현재 train의 class별 acc) [1.0, 0.0, 0.8, 0.0, 0.0, 1.0, 0.2]
cw_psl_total_eval(pseudo label 클래스별 총 샘플 수):  [0, 0, 39, 0, 0, 0, 395]
cw_psl_correct_eval(pseudo label 클래스별 맞은 샘플 수):  [0, 0, 7, 0, 0, 0, 45]
psl_acc(PSL 평가에서의 정확도):  0.12 
cw_psl_acc(클래스별 PSL 평가에서의 정확도):  [nan, nan, 0.1794871836900711, nan, nan, nan, 0.1139240488409996]
**pseudo_label ->  [0.1303, 0.1661, 0.0004, 0.0039, 0.0725, 0.4884, 0.1384] **
max =  0.4884 | max_idx =  5
**pseudo_label ->  [0.0276, 0.3442, 0.0008, 0.0082, 0.0582, 0.4919, 0.0692] **
max =  0.4919 | max_idx =  5
**pseudo_label ->  [0.0289, 0.3551, 0.0012, 0.0067, 0.0418, 0.5106, 0.0557] **
max =  0.5106 | max_idx =  5
**pseudo_label ->  [0.0357, 0.2977, 0.0006, 0.0118, 0.0285, 0.5992, 0.0266] **
max =  0.5992 | max_idx =  5
**pseudo_label ->  [0.0279, 0.3488, 0.0005, 0.0043, 0.0511, 0.5281, 0.0394] **
max =  0.5281 | max_idx =  5
Epoch 28/50, Train Loss: 1.6225, Valid Loss: 4.7035, Train Acc: 0.4286, Val Acc: 0.0717, Test Acc: 0.1844, Test F1: 0.1124, Total Pseudo-Labels: 0, Correct Pseudo-Labels: 0, Train Data Number: 35



line 303 => train data수 35
line 258 => 인스턴스 수 5
Step 140  Tim 1:05:03
acc_train_cw(현재 train의 class별 acc) [0.0, 0.2, 1.0, 0.8, 0.6, 0.8, 0.0]
cw_psl_total_eval(pseudo label 클래스별 총 샘플 수):  [304, 5, 0, 0, 0, 605, 2]
cw_psl_correct_eval(pseudo label 클래스별 맞은 샘플 수):  [128, 0, 0, 0, 0, 109, 2]
psl_acc(PSL 평가에서의 정확도):  0.261 
cw_psl_acc(클래스별 PSL 평가에서의 정확도):  [0.42105263471603394, 0.0, nan, nan, nan, 0.18016529083251953, 1.0]
**pseudo_label ->  [0.006, 0.0458, 0.0004, 0.1112, 0.0832, 0.2651, 0.4883] **
max =  0.4883 | max_idx =  6
**pseudo_label ->  [0.008, 0.3389, 0.0055, 0.0802, 0.4093, 0.0561, 0.1021] **
max =  0.4093 | max_idx =  4
**pseudo_label ->  [0.0, 0.0113, 0.812, 0.0004, 0.1742, 0.0007, 0.0014] **
max =  0.812 | max_idx =  2
**pseudo_label ->  [0.0056, 0.1138, 0.0008, 0.3632, 0.0413, 0.4013, 0.0741] **
max =  0.4013 | max_idx =  5
**pseudo_label ->  [0.0014, 0.2542, 0.026, 0.0076, 0.647, 0.039, 0.0247] **
max =  0.647 | max_idx =  4
Epoch 29/50, Train Loss: 1.1109, Valid Loss: 4.7821, Train Acc: 0.4857, Val Acc: 0.1792, Test Acc: 0.1045, Test F1: 0.0868, Total Pseudo-Labels: 0, Correct Pseudo-Labels: 0, Train Data Number: 35



line 303 => train data수 35
line 258 => 인스턴스 수 5
Step 145  Tim 1:07:20
acc_train_cw(현재 train의 class별 acc) [1.0, 0.8, 1.0, 0.2, 0.0, 1.0, 1.0]
cw_psl_total_eval(pseudo label 클래스별 총 샘플 수):  [0, 24, 264, 356, 72, 50, 4]
cw_psl_correct_eval(pseudo label 클래스별 맞은 샘플 수):  [0, 3, 58, 48, 13, 12, 2]
psl_acc(PSL 평가에서의 정확도):  0.177 
cw_psl_acc(클래스별 PSL 평가에서의 정확도):  [nan, 0.125, 0.21969696879386902, 0.13483145833015442, 0.1805555522441864, 0.23999999463558197, 0.5]
**pseudo_label ->  [0.0008, 0.0748, 0.0, 0.0044, 0.002, 0.4555, 0.4624] **
max =  0.4624 | max_idx =  6
**pseudo_label ->  [0.0117, 0.0044, 0.0, 0.0529, 0.0032, 0.0188, 0.909] **
max =  0.909 | max_idx =  6
**pseudo_label ->  [0.0005, 0.837, 0.0105, 0.0121, 0.0157, 0.0814, 0.0428] **
max =  0.837 | max_idx =  1
**pseudo_label ->  [0.0007, 0.2849, 0.0001, 0.0158, 0.0015, 0.5606, 0.1364] **
max =  0.5606 | max_idx =  5
**pseudo_label ->  [0.0019, 0.327, 0.0006, 0.0269, 0.0114, 0.2573, 0.3749] **
max =  0.3749 | max_idx =  6
Epoch 30/50, Train Loss: 0.7539, Valid Loss: 6.2534, Train Acc: 0.7143, Val Acc: 0.1661, Test Acc: 0.0963, Test F1: 0.0845, Total Pseudo-Labels: 1, Correct Pseudo-Labels: 1, Train Data Number: 35



line 303 => train data수 35
line 258 => 인스턴스 수 5
Step 150  Tim 1:09:38
acc_train_cw(현재 train의 class별 acc) [1.0, 1.0, 1.0, 0.4, 0.6, 0.8, 0.8]
cw_psl_total_eval(pseudo label 클래스별 총 샘플 수):  [484, 59, 21, 0, 0, 613, 768]
cw_psl_correct_eval(pseudo label 클래스별 맞은 샘플 수):  [202, 7, 8, 0, 0, 114, 113]
psl_acc(PSL 평가에서의 정확도):  0.228 
cw_psl_acc(클래스별 PSL 평가에서의 정확도):  [0.41735535860061646, 0.11864406615495682, 0.380952388048172, nan, nan, 0.18597063422203064, 0.1471354216337204]
**pseudo_label ->  [0.0, 0.0804, 0.0, 0.0, 0.0001, 0.916, 0.0035] **
max =  0.916 | max_idx =  5
**pseudo_label ->  [0.0021, 0.091, 0.0012, 0.0236, 0.2741, 0.0089, 0.5991] **
max =  0.5991 | max_idx =  6
**pseudo_label ->  [0.0, 0.4728, 0.5197, 0.0, 0.0073, 0.0001, 0.0] **
max =  0.5197 | max_idx =  2
**pseudo_label ->  [0.0, 0.7649, 0.0001, 0.0004, 0.0018, 0.231, 0.0018] **
max =  0.7649 | max_idx =  1
**pseudo_label ->  [0.0, 0.9423, 0.0071, 0.0005, 0.0419, 0.0054, 0.0028] **
max =  0.9423 | max_idx =  1
Epoch 31/50, Train Loss: 1.1888, Valid Loss: 4.2415, Train Acc: 0.8000, Val Acc: 0.1368, Test Acc: 0.1250, Test F1: 0.1024, Total Pseudo-Labels: 1, Correct Pseudo-Labels: 1, Train Data Number: 35



line 303 => train data수 35
line 258 => 인스턴스 수 5
Step 155  Tim 1:11:55
acc_train_cw(현재 train의 class별 acc) [1.0, 0.4, 1.0, 1.0, 1.0, 0.4, 0.8]
cw_psl_total_eval(pseudo label 클래스별 총 샘플 수):  [39, 733, 126, 0, 187, 456, 507]
cw_psl_correct_eval(pseudo label 클래스별 맞은 샘플 수):  [33, 106, 32, 0, 18, 91, 65]
psl_acc(PSL 평가에서의 정확도):  0.168 
cw_psl_acc(클래스별 PSL 평가에서의 정확도):  [0.8461538553237915, 0.1446111798286438, 0.2539682686328888, nan, 0.09625668078660965, 0.19956140220165253, 0.12820513546466827]
**pseudo_label ->  [0.001, 0.0008, 0.0, 0.0244, 0.0772, 0.0002, 0.8964] **
max =  0.8964 | max_idx =  6
**pseudo_label ->  [0.0208, 0.0001, 0.0, 0.0184, 0.1565, 0.0, 0.8041] **
max =  0.8041 | max_idx =  6
**pseudo_label ->  [0.0, 0.0632, 0.0726, 0.0005, 0.8616, 0.0002, 0.0018] **
max =  0.8616 | max_idx =  4
**pseudo_label ->  [0.0011, 0.0754, 0.0003, 0.0858, 0.457, 0.0548, 0.3257] **
max =  0.457 | max_idx =  4
**pseudo_label ->  [0.0038, 0.0172, 0.0006, 0.0935, 0.6268, 0.0006, 0.2575] **
max =  0.6268 | max_idx =  4
Balance pseudo label class ->  [1, 2, 3, 4, 5, 6, 7]  value ->  2
add data ->  14
Epoch 32/50, Train Loss: 0.8783, Valid Loss: 5.4943, Train Acc: 0.8000, Val Acc: 0.2215, Test Acc: 0.0615, Test F1: 0.0604, Total Pseudo-Labels: 1, Correct Pseudo-Labels: 0, Train Data Number: 49



line 303 => train data수 49
line 258 => 인스턴스 수 7
Step 160  Tim 1:14:15
acc_train_cw(현재 train의 class별 acc) [1.0, 0.857, 1.0, 0.714, 0.714, 0.429, 1.0]
cw_psl_total_eval(pseudo label 클래스별 총 샘플 수):  [120, 8, 16, 56, 404, 2, 1189]
cw_psl_correct_eval(pseudo label 클래스별 맞은 샘플 수):  [61, 0, 5, 12, 57, 0, 182]
psl_acc(PSL 평가에서의 정확도):  0.177 
cw_psl_acc(클래스별 PSL 평가에서의 정확도):  [0.5083333253860474, 0.0, 0.3125, 0.2142857164144516, 0.14108911156654358, 0.0, 0.15306980907917023]
***pse_model_save --- epoch = 33***
Save model to ./experiment/python_extended_data/output/
**pseudo_label ->  [0.0048, 0.0171, 0.0002, 0.094, 0.1364, 0.0047, 0.7428] **
max =  0.7428 | max_idx =  6
**pseudo_label ->  [0.001, 0.0002, 0.0, 0.0069, 0.1921, 0.0001, 0.7997] **
max =  0.7997 | max_idx =  6
**pseudo_label ->  [0.0, 0.2768, 0.2547, 0.0008, 0.466, 0.0011, 0.0006] **
max =  0.466 | max_idx =  4
**pseudo_label ->  [0.0, 0.7994, 0.0106, 0.0109, 0.0148, 0.164, 0.0003] **
max =  0.7994 | max_idx =  1
**pseudo_label ->  [0.0, 0.8615, 0.0112, 0.0041, 0.0745, 0.0474, 0.0013] **
max =  0.8615 | max_idx =  1
Balance pseudo label class ->  [1, 2, 3, 4, 5, 6, 7]  value ->  19
add data ->  133
Epoch 33/50, Train Loss: 1.1799, Valid Loss: 4.3779, Train Acc: 0.8163, Val Acc: 0.1726, Test Acc: 0.0881, Test F1: 0.0889, Total Pseudo-Labels: 0, Correct Pseudo-Labels: 0, Train Data Number: 180



line 303 => train data수 180
line 258 => 인스턴스 수 26
Step 167  Tim 1:17:37
acc_train_cw(현재 train의 class별 acc) [0.346, 0.231, 1.0, 0.731, 0.92, 0.654, 0.462]
cw_psl_total_eval(pseudo label 클래스별 총 샘플 수):  [178, 728, 84, 52, 242, 19, 1001]
cw_psl_correct_eval(pseudo label 클래스별 맞은 샘플 수):  [85, 120, 18, 10, 25, 4, 135]
psl_acc(PSL 평가에서의 정확도):  0.172 
cw_psl_acc(클래스별 PSL 평가에서의 정확도):  [0.47752809524536133, 0.16483516991138458, 0.2142857164144516, 0.19230769574642181, 0.10330578684806824, 0.21052631735801697, 0.13486513495445251]
***pse_model_save --- epoch = 34***
Save model to ./experiment/python_extended_data/output/
**pseudo_label ->  [0.1478, 0.1094, 0.0151, 0.3175, 0.2793, 0.0853, 0.0458] **
max =  0.3175 | max_idx =  3
**pseudo_label ->  [0.0078, 0.002, 0.0016, 0.0009, 0.9069, 0.0009, 0.08] **
max =  0.9069 | max_idx =  4
**pseudo_label ->  [0.0, 0.0, 0.5414, 0.0, 0.4586, 0.0, 0.0] **
max =  0.5414 | max_idx =  2
**pseudo_label ->  [0.001, 0.561, 0.2147, 0.1485, 0.0301, 0.0447, 0.0] **
max =  0.561 | max_idx =  1
**pseudo_label ->  [0.0001, 0.0054, 0.184, 0.0002, 0.8102, 0.0001, 0.0] **
max =  0.8102 | max_idx =  4
Epoch 34/50, Train Loss: 1.3204, Valid Loss: 4.5912, Train Acc: 0.6167, Val Acc: 0.1694, Test Acc: 0.0861, Test F1: 0.0796, Total Pseudo-Labels: 1, Correct Pseudo-Labels: 0, Train Data Number: 180



line 303 => train data수 180
line 258 => 인스턴스 수 26
Step 193  Tim 1:21:00
acc_train_cw(현재 train의 class별 acc) [1.0, 0.577, 1.0, 0.038, 0.76, 0.962, 0.808]
cw_psl_total_eval(pseudo label 클래스별 총 샘플 수):  [22, 0, 199, 95, 1469, 1, 418]
cw_psl_correct_eval(pseudo label 클래스별 맞은 샘플 수):  [9, 0, 44, 15, 202, 1, 56]
psl_acc(PSL 평가에서의 정확도):  0.148 
cw_psl_acc(클래스별 PSL 평가에서의 정확도):  [0.40909090638160706, nan, 0.22110553085803986, 0.15789473056793213, 0.13750851154327393, 1.0, 0.13397128880023956]
**pseudo_label ->  [0.0053, 0.0052, 0.0178, 0.0025, 0.2123, 0.0032, 0.7537] **
max =  0.7537 | max_idx =  6
**pseudo_label ->  [0.02, 0.0025, 0.0119, 0.002, 0.1462, 0.0009, 0.8164] **
max =  0.8164 | max_idx =  6
**pseudo_label ->  [0.0392, 0.2397, 0.1157, 0.0126, 0.5885, 0.0029, 0.0014] **
max =  0.5885 | max_idx =  4
**pseudo_label ->  [0.1796, 0.1002, 0.0063, 0.2758, 0.4336, 0.0039, 0.0007] **
max =  0.4336 | max_idx =  4
**pseudo_label ->  [0.0381, 0.2228, 0.0324, 0.0198, 0.659, 0.0235, 0.0043] **
max =  0.659 | max_idx =  4
Balance pseudo label class ->  [1, 2, 3, 4, 5, 6, 7]  value ->  3
add data ->  21
Epoch 35/50, Train Loss: 0.6117, Valid Loss: 6.4232, Train Acc: 0.7333, Val Acc: 0.1922, Test Acc: 0.0963, Test F1: 0.0895, Total Pseudo-Labels: 0, Correct Pseudo-Labels: 0, Train Data Number: 199



line 303 => train data수 199
line 258 => 인스턴스 수 29
Step 219  Tim 1:23:46
acc_train_cw(현재 train의 class별 acc) [0.966, 0.759, 1.0, 0.897, 0.786, 1.0, 1.0]
cw_psl_total_eval(pseudo label 클래스별 총 샘플 수):  [970, 17, 88, 3, 250, 361, 632]
cw_psl_correct_eval(pseudo label 클래스별 맞은 샘플 수):  [317, 4, 21, 1, 30, 88, 85]
psl_acc(PSL 평가에서의 정확도):  0.235 
cw_psl_acc(클래스별 PSL 평가에서의 정확도):  [0.32680413126945496, 0.23529411852359772, 0.23863635957241058, 0.3333333432674408, 0.11999999731779099, 0.24376730620861053, 0.1344936639070511]
***pse_model_save --- epoch = 36***
Save model to ./experiment/python_extended_data/output/
**pseudo_label ->  [0.0, 0.0, 0.0, 0.0, 0.0001, 0.0, 0.9998] **
max =  0.9998 | max_idx =  6
**pseudo_label ->  [0.0, 0.0, 0.0, 0.0, 0.0, 0.0, 1.0] **
max =  1.0 | max_idx =  6
**pseudo_label ->  [0.0008, 0.4099, 0.5381, 0.0083, 0.0418, 0.0003, 0.0008] **
max =  0.5381 | max_idx =  2
**pseudo_label ->  [0.0638, 0.0104, 0.0002, 0.9196, 0.0051, 0.0001, 0.0008] **
max =  0.9196 | max_idx =  3
**pseudo_label ->  [0.0052, 0.5169, 0.0066, 0.3672, 0.0421, 0.0318, 0.0302] **
max =  0.5169 | max_idx =  1
Balance pseudo label class ->  [1, 2, 3, 4, 5, 6, 7]  value ->  84
add data ->  588
Epoch 36/50, Train Loss: 0.7586, Valid Loss: 4.5184, Train Acc: 0.9146, Val Acc: 0.2117, Test Acc: 0.0861, Test F1: 0.0967, Total Pseudo-Labels: 1, Correct Pseudo-Labels: 0, Train Data Number: 733



line 303 => train data수 733
line 258 => 인스턴스 수 105
Step 248  Tim 1:28:41
acc_train_cw(현재 train의 class별 acc) [0.962, 0.728, 0.839, 0.869, 0.898, 0.936, 0.982]
cw_psl_total_eval(pseudo label 클래스별 총 샘플 수):  [345, 114, 84, 421, 267, 432, 1201]
cw_psl_correct_eval(pseudo label 클래스별 맞은 샘플 수):  [137, 15, 17, 62, 36, 87, 181]
psl_acc(PSL 평가에서의 정확도):  0.187 
cw_psl_acc(클래스별 PSL 평가에서의 정확도):  [0.3971014618873596, 0.1315789520740509, 0.2023809552192688, 0.1472684144973755, 0.13483145833015442, 0.2013888955116272, 0.15070773661136627]
***pse_model_save --- epoch = 37***
Save model to ./experiment/python_extended_data/output/
**pseudo_label ->  [0.001, 0.0002, 0.0, 0.0005, 0.0016, 0.0002, 0.9965] **
max =  0.9965 | max_idx =  6
**pseudo_label ->  [0.0006, 0.0001, 0.0, 0.0003, 0.0009, 0.0001, 0.9981] **
max =  0.9981 | max_idx =  6
**pseudo_label ->  [0.0067, 0.272, 0.6654, 0.0009, 0.0542, 0.0001, 0.0007] **
max =  0.6654 | max_idx =  2
**pseudo_label ->  [0.2392, 0.0003, 0.0, 0.7584, 0.0011, 0.0003, 0.0007] **
max =  0.7584 | max_idx =  3
**pseudo_label ->  [0.136, 0.1719, 0.0012, 0.3011, 0.2008, 0.0318, 0.1572] **
max =  0.3011 | max_idx =  3
Balance pseudo label class ->  [1, 2, 3, 4, 5, 6, 7]  value ->  56
add data ->  392
Epoch 37/50, Train Loss: 0.4364, Valid Loss: 6.7624, Train Acc: 0.8909, Val Acc: 0.2117, Test Acc: 0.0820, Test F1: 0.0807, Total Pseudo-Labels: 0, Correct Pseudo-Labels: 0, Train Data Number: 995



line 303 => train data수 995
line 258 => 인스턴스 수 143
Step 353  Tim 1:34:20
acc_train_cw(현재 train의 class별 acc) [0.986, 0.921, 0.955, 0.893, 0.861, 0.987, 0.952]
cw_psl_total_eval(pseudo label 클래스별 총 샘플 수):  [362, 115, 56, 278, 279, 353, 1048]
cw_psl_correct_eval(pseudo label 클래스별 맞은 샘플 수):  [140, 21, 10, 41, 35, 83, 161]
psl_acc(PSL 평가에서의 정확도):  0.197 
cw_psl_acc(클래스별 PSL 평가에서의 정확도):  [0.3867403268814087, 0.1826086938381195, 0.1785714328289032, 0.1474820077419281, 0.12544803321361542, 0.23512747883796692, 0.153625950217247]
***pse_model_save --- epoch = 38***
Save model to ./experiment/python_extended_data/output/
**pseudo_label ->  [0.0022, 0.0, 0.0, 0.0001, 0.0024, 0.0001, 0.9952] **
max =  0.9952 | max_idx =  6
**pseudo_label ->  [0.0004, 0.0, 0.0, 0.0, 0.0005, 0.0002, 0.9989] **
max =  0.9989 | max_idx =  6
**pseudo_label ->  [0.0, 0.8584, 0.1321, 0.0002, 0.009, 0.0003, 0.0] **
max =  0.8584 | max_idx =  1
**pseudo_label ->  [0.0231, 0.0306, 0.0001, 0.9309, 0.0137, 0.0017, 0.0001] **
max =  0.9309 | max_idx =  3
**pseudo_label ->  [0.0089, 0.374, 0.0035, 0.0329, 0.2449, 0.1092, 0.2265] **
max =  0.374 | max_idx =  1
Balance pseudo label class ->  [1, 2, 3, 4, 5, 6, 7]  value ->  109
add data ->  763
Epoch 38/50, Train Loss: 0.4447, Valid Loss: 6.0311, Train Acc: 0.9357, Val Acc: 0.1889, Test Acc: 0.0799, Test F1: 0.0800, Total Pseudo-Labels: 0, Correct Pseudo-Labels: 0, Train Data Number: 1499



line 303 => train data수 1499
line 258 => 인스턴스 수 215
Step 496  Tim 1:41:28
acc_train_cw(현재 train의 class별 acc) [0.903, 0.921, 0.811, 0.865, 0.978, 0.965, 0.992]
cw_psl_total_eval(pseudo label 클래스별 총 샘플 수):  [684, 298, 109, 368, 428, 482, 1018]
cw_psl_correct_eval(pseudo label 클래스별 맞은 샘플 수):  [223, 41, 21, 57, 64, 101, 155]
psl_acc(PSL 평가에서의 정확도):  0.195 
cw_psl_acc(클래스별 PSL 평가에서의 정확도):  [0.3260233998298645, 0.1375838965177536, 0.19266055524349213, 0.15489129722118378, 0.14953270554542542, 0.20954357087612152, 0.15225933492183685]
***pse_model_save --- epoch = 39***
Save model to ./experiment/python_extended_data/output/
**pseudo_label ->  [0.0008, 0.0001, 0.0, 0.0001, 0.0006, 0.0, 0.9984] **
max =  0.9984 | max_idx =  6
**pseudo_label ->  [0.0002, 0.0, 0.0, 0.0, 0.0001, 0.0, 0.9998] **
max =  0.9998 | max_idx =  6
**pseudo_label ->  [0.0001, 0.6237, 0.3669, 0.0002, 0.0059, 0.0, 0.0031] **
max =  0.6237 | max_idx =  1
**pseudo_label ->  [0.082, 0.0778, 0.0004, 0.7387, 0.0822, 0.0027, 0.0162] **
max =  0.7387 | max_idx =  3
**pseudo_label ->  [0.0014, 0.0106, 0.0001, 0.0012, 0.0047, 0.0006, 0.9814] **
max =  0.9814 | max_idx =  6
Balance pseudo label class ->  [1, 2, 3, 4, 5, 6, 7]  value ->  77
add data ->  539
Epoch 39/50, Train Loss: 0.3582, Valid Loss: 7.1977, Train Acc: 0.9286, Val Acc: 0.2020, Test Acc: 0.0943, Test F1: 0.0965, Total Pseudo-Labels: 1, Correct Pseudo-Labels: 0, Train Data Number: 1740



line 303 => train data수 1740
line 258 => 인스턴스 수 249
Step 711  Tim 1:49:20
acc_train_cw(현재 train의 class별 acc) [0.985, 0.831, 0.764, 0.878, 0.878, 0.996, 0.981]
cw_psl_total_eval(pseudo label 클래스별 총 샘플 수):  [458, 341, 77, 287, 553, 470, 1095]
cw_psl_correct_eval(pseudo label 클래스별 맞은 샘플 수):  [185, 45, 13, 41, 82, 99, 160]
psl_acc(PSL 평가에서의 정확도):  0.19 
cw_psl_acc(클래스별 PSL 평가에서의 정확도):  [0.403930127620697, 0.1319648027420044, 0.16883116960525513, 0.1428571492433548, 0.14828209578990936, 0.21063829958438873, 0.14611871540546417]
***pse_model_save --- epoch = 40***
Save model to ./experiment/python_extended_data/output/
**pseudo_label ->  [0.0008, 0.0, 0.0, 0.0001, 0.0001, 0.0002, 0.9988] **
max =  0.9988 | max_idx =  6
**pseudo_label ->  [0.0, 0.0, 0.0, 0.0, 0.0, 0.0008, 0.9991] **
max =  0.9991 | max_idx =  6
**pseudo_label ->  [0.0001, 0.7674, 0.2272, 0.0016, 0.0032, 0.0005, 0.0] **
max =  0.7674 | max_idx =  1
**pseudo_label ->  [0.0141, 0.0093, 0.0001, 0.9582, 0.0012, 0.0167, 0.0005] **
max =  0.9582 | max_idx =  3
**pseudo_label ->  [0.0008, 0.0048, 0.0001, 0.0024, 0.0026, 0.0512, 0.938] **
max =  0.938 | max_idx =  6
Balance pseudo label class ->  [1, 2, 3, 4, 5, 6, 7]  value ->  51
add data ->  357
Epoch 40/50, Train Loss: 0.2967, Valid Loss: 8.6797, Train Acc: 0.9167, Val Acc: 0.1954, Test Acc: 0.0922, Test F1: 0.0804, Total Pseudo-Labels: 1, Correct Pseudo-Labels: 0, Train Data Number: 1887



line 303 => train data수 1887
line 258 => 인스턴스 수 270
Step 960  Tim 1:57:38
acc_train_cw(현재 train의 class별 acc) [0.929, 0.835, 0.911, 0.985, 0.914, 0.993, 1.0]
cw_psl_total_eval(pseudo label 클래스별 총 샘플 수):  [669, 231, 51, 374, 425, 586, 1021]
cw_psl_correct_eval(pseudo label 클래스별 맞은 샘플 수):  [223, 29, 10, 54, 66, 104, 149]
psl_acc(PSL 평가에서의 정확도):  0.189 
cw_psl_acc(클래스별 PSL 평가에서의 정확도):  [0.3333333432674408, 0.12554112076759338, 0.19607843458652496, 0.14438502490520477, 0.15529412031173706, 0.17747440934181213, 0.14593535661697388]
***pse_model_save --- epoch = 41***
Save model to ./experiment/python_extended_data/output/
**pseudo_label ->  [0.0, 0.0, 0.0, 0.0, 0.0, 0.0, 1.0] **
max =  1.0 | max_idx =  6
**pseudo_label ->  [0.0, 0.0, 0.0, 0.0, 0.0, 0.0, 1.0] **
max =  1.0 | max_idx =  6
**pseudo_label ->  [0.0, 0.5056, 0.4836, 0.0002, 0.0026, 0.0024, 0.0056] **
max =  0.5056 | max_idx =  1
**pseudo_label ->  [0.0001, 0.0007, 0.0, 0.966, 0.0, 0.0332, 0.0] **
max =  0.966 | max_idx =  3
**pseudo_label ->  [0.0, 0.0, 0.0, 0.0, 0.0, 0.0, 1.0] **
max =  1.0 | max_idx =  6
Balance pseudo label class ->  [1, 2, 3, 4, 5, 6, 7]  value ->  78
add data ->  546
Epoch 41/50, Train Loss: 0.2557, Valid Loss: 7.9427, Train Acc: 0.9438, Val Acc: 0.2150, Test Acc: 0.0820, Test F1: 0.0782, Total Pseudo-Labels: 1, Correct Pseudo-Labels: 0, Train Data Number: 2102



line 303 => train data수 2102
line 258 => 인스턴스 수 301
Step 1230  Tim 2:06:37
acc_train_cw(현재 train의 class별 acc) [0.939, 0.971, 0.992, 0.968, 0.741, 0.976, 1.0]
cw_psl_total_eval(pseudo label 클래스별 총 샘플 수):  [494, 225, 78, 583, 423, 558, 1136]
cw_psl_correct_eval(pseudo label 클래스별 맞은 샘플 수):  [183, 25, 17, 80, 65, 107, 169]
psl_acc(PSL 평가에서의 정확도):  0.185 
cw_psl_acc(클래스별 PSL 평가에서의 정확도):  [0.3704453408718109, 0.1111111119389534, 0.21794871985912323, 0.13722126185894012, 0.15366430580615997, 0.19175627827644348, 0.1487676054239273]
***pse_model_save --- epoch = 42***
Save model to ./experiment/python_extended_data/output/
**pseudo_label ->  [0.0, 0.0, 0.0, 0.0, 0.0, 0.0, 1.0] **
max =  1.0 | max_idx =  6
**pseudo_label ->  [0.0, 0.0, 0.0, 0.0, 0.0, 0.0, 1.0] **
max =  1.0 | max_idx =  6
**pseudo_label ->  [0.0, 0.6189, 0.3809, 0.0001, 0.0, 0.0, 0.0001] **
max =  0.6189 | max_idx =  1
**pseudo_label ->  [0.0013, 0.0038, 0.0, 0.9921, 0.0, 0.0027, 0.0] **
max =  0.9921 | max_idx =  3
**pseudo_label ->  [0.0, 0.0, 0.0, 0.0, 0.0, 0.0, 1.0] **
max =  1.0 | max_idx =  6
Balance pseudo label class ->  [1, 2, 3, 4, 5, 6, 7]  value ->  139
add data ->  973
Epoch 42/50, Train Loss: 0.2754, Valid Loss: 5.8995, Train Acc: 0.9372, Val Acc: 0.2182, Test Acc: 0.0840, Test F1: 0.0925, Total Pseudo-Labels: 1, Correct Pseudo-Labels: 0, Train Data Number: 2431



line 303 => train data수 2431
line 258 => 인스턴스 수 348
Step 1531  Tim 2:16:38
acc_train_cw(현재 train의 class별 acc) [0.947, 0.937, 0.958, 0.963, 0.949, 0.917, 0.996]
cw_psl_total_eval(pseudo label 클래스별 총 샘플 수):  [485, 390, 139, 583, 230, 462, 1159]
cw_psl_correct_eval(pseudo label 클래스별 맞은 샘플 수):  [177, 49, 28, 79, 37, 99, 174]
psl_acc(PSL 평가에서의 정확도):  0.186 
cw_psl_acc(클래스별 PSL 평가에서의 정확도):  [0.36494845151901245, 0.12564103305339813, 0.20143884420394897, 0.13550600409507751, 0.1608695685863495, 0.2142857164144516, 0.15012942254543304]
***pse_model_save --- epoch = 43***
Save model to ./experiment/python_extended_data/output/
**pseudo_label ->  [0.0001, 0.0, 0.0001, 0.0001, 0.0007, 0.0, 0.999] **
max =  0.999 | max_idx =  6
**pseudo_label ->  [0.0, 0.0, 0.0, 0.0, 0.0002, 0.0, 0.9997] **
max =  0.9997 | max_idx =  6
**pseudo_label ->  [0.0, 0.9695, 0.0298, 0.0001, 0.0006, 0.0, 0.0] **
max =  0.9695 | max_idx =  1
**pseudo_label ->  [0.1734, 0.0013, 0.0007, 0.8052, 0.0184, 0.0, 0.001] **
max =  0.8052 | max_idx =  3
**pseudo_label ->  [0.0003, 0.0216, 0.0251, 0.0004, 0.0152, 0.0, 0.9374] **
max =  0.9374 | max_idx =  6
Balance pseudo label class ->  [1, 2, 3, 4, 5, 6, 7]  value ->  133
add data ->  931
Epoch 43/50, Train Loss: 0.2165, Valid Loss: 7.6023, Train Acc: 0.9543, Val Acc: 0.2182, Test Acc: 0.0820, Test F1: 0.0856, Total Pseudo-Labels: 1, Correct Pseudo-Labels: 0, Train Data Number: 2686



line 303 => train data수 2686
line 258 => 인스턴스 수 384
Step 1879  Tim 2:27:31
acc_train_cw(현재 train의 class별 acc) [0.966, 0.91, 0.973, 0.988, 0.894, 0.997, 0.988]
cw_psl_total_eval(pseudo label 클래스별 총 샘플 수):  [484, 383, 133, 486, 458, 407, 1082]
cw_psl_correct_eval(pseudo label 클래스별 맞은 샘플 수):  [180, 46, 25, 72, 69, 93, 154]
psl_acc(PSL 평가에서의 정확도):  0.186 
cw_psl_acc(클래스별 PSL 평가에서의 정확도):  [0.3719008266925812, 0.12010443955659866, 0.18796992301940918, 0.14814814925193787, 0.15065501630306244, 0.22850123047828674, 0.14232902228832245]
***pse_model_save --- epoch = 44***
Save model to ./experiment/python_extended_data/output/
**pseudo_label ->  [0.001, 0.0, 0.0, 0.0001, 0.0001, 0.0001, 0.9987] **
max =  0.9987 | max_idx =  6
**pseudo_label ->  [0.0, 0.0, 0.0, 0.0, 0.0, 0.0001, 0.9999] **
max =  0.9999 | max_idx =  6
**pseudo_label ->  [0.0, 0.9919, 0.0071, 0.0, 0.0, 0.0009, 0.0] **
max =  0.9919 | max_idx =  1
**pseudo_label ->  [0.0027, 0.0011, 0.0, 0.9931, 0.0, 0.003, 0.0] **
max =  0.9931 | max_idx =  3
**pseudo_label ->  [0.0001, 0.0417, 0.0017, 0.0008, 0.0022, 0.0223, 0.9312] **
max =  0.9312 | max_idx =  6
Balance pseudo label class ->  [1, 2, 3, 4, 5, 6, 7]  value ->  144
add data ->  1008
Epoch 44/50, Train Loss: 0.2193, Valid Loss: 7.4740, Train Acc: 0.9609, Val Acc: 0.2150, Test Acc: 0.0943, Test F1: 0.0927, Total Pseudo-Labels: 1, Correct Pseudo-Labels: 0, Train Data Number: 2902



line 303 => train data수 2902
line 258 => 인스턴스 수 415
Step 2263  Tim 2:39:02
acc_train_cw(현재 train의 class별 acc) [0.882, 0.856, 0.931, 0.965, 0.937, 0.991, 0.987]
cw_psl_total_eval(pseudo label 클래스별 총 샘플 수):  [512, 376, 144, 587, 386, 545, 1040]
cw_psl_correct_eval(pseudo label 클래스별 맞은 샘플 수):  [194, 49, 29, 82, 64, 105, 150]
psl_acc(PSL 평가에서의 정확도):  0.187 
cw_psl_acc(클래스별 PSL 평가에서의 정확도):  [0.37890625, 0.13031914830207825, 0.2013888955116272, 0.13969334959983826, 0.16580310463905334, 0.19266055524349213, 0.14423076808452606]
***pse_model_save --- epoch = 45***
Save model to ./experiment/python_extended_data/output/
**pseudo_label ->  [0.0002, 0.0, 0.0, 0.0, 0.0002, 0.0, 0.9995] **
max =  0.9995 | max_idx =  6
**pseudo_label ->  [0.0, 0.0, 0.0, 0.0, 0.0002, 0.0, 0.9998] **
max =  0.9998 | max_idx =  6
**pseudo_label ->  [0.0, 0.968, 0.0299, 0.0001, 0.0004, 0.0016, 0.0] **
max =  0.968 | max_idx =  1
**pseudo_label ->  [0.0028, 0.0007, 0.0, 0.9961, 0.0003, 0.0001, 0.0] **
max =  0.9961 | max_idx =  3
**pseudo_label ->  [0.0009, 0.2658, 0.0055, 0.0116, 0.0291, 0.0631, 0.6241] **
max =  0.6241 | max_idx =  6
Balance pseudo label class ->  [1, 2, 3, 4, 5, 6, 7]  value ->  146
add data ->  1022
Epoch 45/50, Train Loss: 0.2203, Valid Loss: 8.5196, Train Acc: 0.9407, Val Acc: 0.2345, Test Acc: 0.0820, Test F1: 0.0805, Total Pseudo-Labels: 1, Correct Pseudo-Labels: 0, Train Data Number: 3096



line 303 => train data수 3096
line 258 => 인스턴스 수 443
Step 2678  Tim 2:50:30
acc_train_cw(현재 train의 class별 acc) [0.976, 0.928, 0.946, 0.95, 0.938, 0.989, 0.997]
cw_psl_total_eval(pseudo label 클래스별 총 샘플 수):  [388, 289, 146, 622, 484, 533, 1069]
cw_psl_correct_eval(pseudo label 클래스별 맞은 샘플 수):  [157, 34, 27, 83, 67, 105, 152]
psl_acc(PSL 평가에서의 정확도):  0.177 
cw_psl_acc(클래스별 PSL 평가에서의 정확도):  [0.40463918447494507, 0.11764705926179886, 0.18493150174617767, 0.1334405094385147, 0.13842974603176117, 0.19699811935424805, 0.14218896627426147]
***pse_model_save --- epoch = 46***
Save model to ./experiment/python_extended_data/output/
**pseudo_label ->  [0.0, 0.0, 0.0, 0.0, 0.0, 0.0, 1.0] **
max =  1.0 | max_idx =  6
**pseudo_label ->  [0.0, 0.0, 0.0, 0.0, 0.0, 0.0, 1.0] **
max =  1.0 | max_idx =  6
**pseudo_label ->  [0.0, 0.9985, 0.0002, 0.0, 0.0, 0.0013, 0.0] **
max =  0.9985 | max_idx =  1
**pseudo_label ->  [0.0009, 0.0014, 0.0, 0.9955, 0.0003, 0.0018, 0.0] **
max =  0.9955 | max_idx =  3
**pseudo_label ->  [0.0, 0.1493, 0.0001, 0.0003, 0.0003, 0.1953, 0.6547] **
max =  0.6547 | max_idx =  6
Balance pseudo label class ->  [1, 2, 3, 4, 5, 6, 7]  value ->  142
add data ->  994
Epoch 46/50, Train Loss: 0.1879, Valid Loss: 11.6133, Train Acc: 0.9658, Val Acc: 0.2052, Test Acc: 0.0943, Test F1: 0.0868, Total Pseudo-Labels: 1, Correct Pseudo-Labels: 0, Train Data Number: 3240



line 303 => train data수 3240
line 258 => 인스턴스 수 463
Step 3121  Tim 3:03:00
acc_train_cw(현재 train의 class별 acc) [0.996, 0.891, 0.857, 0.92, 0.975, 0.992, 1.0]
cw_psl_total_eval(pseudo label 클래스별 총 샘플 수):  [547, 369, 142, 556, 445, 530, 1088]
cw_psl_correct_eval(pseudo label 클래스별 맞은 샘플 수):  [205, 46, 25, 75, 71, 105, 157]
psl_acc(PSL 평가에서의 정확도):  0.186 
cw_psl_acc(클래스별 PSL 평가에서의 정확도):  [0.37477147579193115, 0.12466124445199966, 0.17605634033679962, 0.13489209115505219, 0.15955056250095367, 0.19811320304870605, 0.14430147409439087]
***pse_model_save --- epoch = 47***
Save model to ./experiment/python_extended_data/output/
**pseudo_label ->  [0.0, 0.0, 0.0, 0.0, 0.0, 0.0, 1.0] **
max =  1.0 | max_idx =  6
**pseudo_label ->  [0.0, 0.0, 0.0, 0.0, 0.0, 0.0, 1.0] **
max =  1.0 | max_idx =  6
**pseudo_label ->  [0.0, 0.995, 0.0047, 0.0, 0.0002, 0.0002, 0.0] **
max =  0.995 | max_idx =  1
**pseudo_label ->  [0.0045, 0.0046, 0.0001, 0.9783, 0.0089, 0.0028, 0.0007] **
max =  0.9783 | max_idx =  3
**pseudo_label ->  [0.0, 0.0259, 0.0, 0.0, 0.0, 0.1927, 0.7813] **
max =  0.7813 | max_idx =  6
Balance pseudo label class ->  [1, 2, 3, 4, 5, 6, 7]  value ->  122
add data ->  854
Epoch 47/50, Train Loss: 0.2096, Valid Loss: 7.4604, Train Acc: 0.9611, Val Acc: 0.2117, Test Acc: 0.0799, Test F1: 0.0738, Total Pseudo-Labels: 1, Correct Pseudo-Labels: 0, Train Data Number: 3326



line 303 => train data수 3326
line 258 => 인스턴스 수 476
Step 3584  Tim 3:15:44
acc_train_cw(현재 train의 class별 acc) [0.984, 0.958, 0.965, 0.934, 0.933, 0.699, 1.0]
cw_psl_total_eval(pseudo label 클래스별 총 샘플 수):  [584, 330, 122, 498, 543, 533, 1094]
cw_psl_correct_eval(pseudo label 클래스별 맞은 샘플 수):  [211, 43, 23, 63, 83, 104, 160]
psl_acc(PSL 평가에서의 정확도):  0.185 
cw_psl_acc(클래스별 PSL 평가에서의 정확도):  [0.36130136251449585, 0.1303030252456665, 0.18852458894252777, 0.1265060305595398, 0.15285451710224152, 0.19512194395065308, 0.14625228941440582]
***pse_model_save --- epoch = 48***
Save model to ./experiment/python_extended_data/output/
**pseudo_label ->  [0.0, 0.0, 0.0, 0.0, 0.0, 0.0, 1.0] **
max =  1.0 | max_idx =  6
**pseudo_label ->  [0.0, 0.0, 0.0, 0.0, 0.0, 0.0, 1.0] **
max =  1.0 | max_idx =  6
**pseudo_label ->  [0.0, 0.9925, 0.0071, 0.0, 0.0004, 0.0, 0.0] **
max =  0.9925 | max_idx =  1
**pseudo_label ->  [0.0037, 0.0, 0.0, 0.9963, 0.0, 0.0, 0.0] **
max =  0.9963 | max_idx =  3
**pseudo_label ->  [0.0, 0.0, 0.0, 0.0, 0.0, 0.0001, 0.9999] **
max =  0.9999 | max_idx =  6
Balance pseudo label class ->  [1, 2, 3, 4, 5, 6, 7]  value ->  151
add data ->  1057
Epoch 48/50, Train Loss: 0.2148, Valid Loss: 8.5105, Train Acc: 0.9263, Val Acc: 0.2280, Test Acc: 0.0963, Test F1: 0.0925, Total Pseudo-Labels: 1, Correct Pseudo-Labels: 0, Train Data Number: 3429



line 303 => train data수 3429
line 258 => 인스턴스 수 490
Step 4060  Tim 3:28:55
acc_train_cw(현재 train의 class별 acc) [0.93, 0.957, 0.988, 0.882, 0.864, 0.998, 0.993]
cw_psl_total_eval(pseudo label 클래스별 총 샘플 수):  [581, 410, 151, 591, 448, 288, 1113]
cw_psl_correct_eval(pseudo label 클래스별 맞은 샘플 수):  [217, 51, 31, 82, 67, 64, 160]
psl_acc(PSL 평가에서의 정확도):  0.188 
cw_psl_acc(클래스별 PSL 평가에서의 정확도):  [0.3734939694404602, 0.12439024448394775, 0.20529800653457642, 0.13874788582324982, 0.1495535671710968, 0.2222222238779068, 0.14375561475753784]
***pse_model_save --- epoch = 49***
Save model to ./experiment/python_extended_data/output/
**pseudo_label ->  [0.0, 0.0, 0.0, 0.0, 0.0, 0.0, 1.0] **
max =  1.0 | max_idx =  6
**pseudo_label ->  [0.0, 0.0, 0.0, 0.0, 0.0, 0.0004, 0.9996] **
max =  0.9996 | max_idx =  6
**pseudo_label ->  [0.0, 0.9945, 0.0037, 0.0005, 0.0005, 0.0007, 0.0] **
max =  0.9945 | max_idx =  1
**pseudo_label ->  [0.0054, 0.0015, 0.0, 0.9925, 0.0002, 0.0005, 0.0] **
max =  0.9925 | max_idx =  3
**pseudo_label ->  [0.0001, 0.0581, 0.0003, 0.0042, 0.0011, 0.0366, 0.8997] **
max =  0.8997 | max_idx =  6
Balance pseudo label class ->  [1, 2, 3, 4, 5, 6, 7]  value ->  182
add data ->  1274
Epoch 49/50, Train Loss: 0.2124, Valid Loss: 9.0143, Train Acc: 0.9434, Val Acc: 0.1792, Test Acc: 0.0943, Test F1: 0.0985, Total Pseudo-Labels: 1, Correct Pseudo-Labels: 0, Train Data Number: 3525



line 303 => train data수 3525
line 258 => 인스턴스 수 504
Step 4550  Tim 3:42:22
acc_train_cw(현재 train의 class별 acc) [0.848, 0.705, 0.684, 0.972, 0.869, 1.0, 0.994]
cw_psl_total_eval(pseudo label 클래스별 총 샘플 수):  [533, 379, 182, 496, 428, 542, 1088]
cw_psl_correct_eval(pseudo label 클래스별 맞은 샘플 수):  [205, 50, 35, 67, 65, 106, 158]
psl_acc(PSL 평가에서의 정확도):  0.188 
cw_psl_acc(클래스별 PSL 평가에서의 정확도):  [0.38461539149284363, 0.13192611932754517, 0.19230769574642181, 0.13508065044879913, 0.15186916291713715, 0.19557195901870728, 0.1452205926179886]
***pse_model_save --- epoch = 50***
Save model to ./experiment/python_extended_data/output/
**pseudo_label ->  [0.0, 0.0, 0.0, 0.0, 0.0, 0.0, 1.0] **
max =  1.0 | max_idx =  6
**pseudo_label ->  [0.0, 0.0, 0.0, 0.0, 0.0, 0.0001, 0.9999] **
max =  0.9999 | max_idx =  6
**pseudo_label ->  [0.0, 0.9974, 0.0016, 0.0004, 0.0, 0.0007, 0.0] **
max =  0.9974 | max_idx =  1
**pseudo_label ->  [0.0004, 0.0002, 0.0, 0.9963, 0.0, 0.0031, 0.0] **
max =  0.9963 | max_idx =  3
**pseudo_label ->  [0.0, 0.0025, 0.0, 0.0001, 0.0001, 0.1956, 0.8017] **
max =  0.8017 | max_idx =  6
Balance pseudo label class ->  [1, 2, 3, 4, 5, 6, 7]  value ->  66
add data ->  462
Epoch 50/50, Train Loss: 0.1994, Valid Loss: 7.2815, Train Acc: 0.9030, Val Acc: 0.2117, Test Acc: 0.0984, Test F1: 0.0892, Total Pseudo-Labels: 0, Correct Pseudo-Labels: 0, Train Data Number: 3546

Training complete!
Total training took 3:52:55 (h:mm:ss)
Load model from ./experiment/python_extended_data/output/5_codesage-base_0.00035_0.7_python_extended_data_net0.pth
Save training statistics in:  ./experiment/python_extended_data/log/codesage/class7//5_codesage-base_0.00035_0.7_python_extended_data/training_statistics.csv

best_trian_loss, epoch => 0.18785005639558386 46
Epoch-1_train_loss => 5.188073635101318
max_epoch_train_loss => 0.19939224307299147 


best_val_loss, epoch =>  1.808668734196343 7
Epoch-1_val_loss => 2.5754951630819116
max_epoch_val_loss => 7.281541884870501 

pse_epoch =>  [1, 2, 4, 5, 6, 8, 13, 16, 18, 19, 21, 22, 24, 25, 26, 27, 28, 29, 30, 31, 32, 33, 34, 35, 36, 37, 38, 39, 40, 41, 42, 43, 44, 45, 46, 47, 48, 49, 50]
추가되는 pse_epoch =>  [32, 33, 35, 36, 37, 38, 39, 40, 41, 42, 43, 44, 45, 46, 47, 48, 49, 50] 

total_data:  3546 
Best_step:  35 
Best_epoch:  7 
best_val_acc:  0.38762214983713356 
best_test_acc:  0.09836065573770492 
best_test_f1:  0.08917034615635065
Save best record in:  ./experiment/python_extended_data/log/codesage/class7/summary.csv
Save best record in:  ./experiment/python_extended_data/log/summary_avgrun.csv
