current work directory:  /home/imsuhan22/few-shot-tc/custom_ssl/code
Data set -> python_extended_data
save_name: 10_codesage-base_0.0002_0.7_python_extended_data

data_path:  ../data/problem_based_split/python_extended_data

There are 2 GPU(s) available.
We will use the GPU- 0 Quadro RTX 8000

**line 147 모델 =>  codesage/codesage-base
**tokenizer type =  codesage/codesage-base 

pesudo label class개수 기준 -> 5
n_labeled_per_class:  10
train_df samples: 3974
train_labeled_df samples: 70
train_unlabeled_df samples: 3904
n_classes:  7 


net_arch:  codesage/codesage-base 
lr:  0.0002 
lr_linear:  0.001 




line 303 => train data수 70
line 258 => 인스턴스 수 10
Step 0  Tim 0:00:50
acc_train_cw(현재 train의 class별 acc) [0.0, 0.3, 0.2, 0.0, 0.3, 0.2, 0.0]
cw_psl_total_eval(pseudo label 클래스별 총 샘플 수):  [0, 0, 0, 0, 0, 0, 0]
cw_psl_correct_eval(pseudo label 클래스별 맞은 샘플 수):  [0, 0, 0, 0, 0, 0, 0]
psl_acc(PSL 평가에서의 정확도): None 
cw_psl_acc(클래스별 PSL 평가에서의 정확도):  [nan, nan, nan, nan, nan, nan, nan]
***best_acc_model_save --- epoch = 1***
Save model to ./experiment/python_extended_data/output/
**pseudo_label ->  [0.047, 0.368, 0.3598, 0.0159, 0.009, 0.1723, 0.0281] **
max =  0.368 | max_idx =  1
**pseudo_label ->  [0.1266, 0.2388, 0.294, 0.0077, 0.1056, 0.0899, 0.1374] **
max =  0.294 | max_idx =  2
**pseudo_label ->  [0.0026, 0.749, 0.0546, 0.0289, 0.122, 0.0271, 0.0159] **
max =  0.749 | max_idx =  1
**pseudo_label ->  [0.0278, 0.1766, 0.054, 0.0199, 0.4204, 0.2829, 0.0185] **
max =  0.4204 | max_idx =  4
**pseudo_label ->  [0.0121, 0.0499, 0.2013, 0.0366, 0.3406, 0.2619, 0.0976] **
max =  0.3406 | max_idx =  4
Balance pseudo label class ->  [1, 2, 3, 4, 5, 6, 7]  value ->  2
add data ->  14
Epoch 1/50, Train Loss: 5.9894, Valid Loss: 2.0961, Train Acc: 0.1429, Val Acc: 0.0945, Test Acc: 0.3156, Test F1: 0.1873, Total Pseudo-Labels: 0, Correct Pseudo-Labels: 0, Train Data Number: 84



line 303 => train data수 84
line 258 => 인스턴스 수 12
Step 10  Tim 0:06:47
acc_train_cw(현재 train의 class별 acc) [0.0, 0.0, 0.0, 0.0, 1.0, 0.0, 0.0]
cw_psl_total_eval(pseudo label 클래스별 총 샘플 수):  [2, 59, 48, 11, 21, 70, 5]
cw_psl_correct_eval(pseudo label 클래스별 맞은 샘플 수):  [1, 4, 6, 1, 3, 11, 1]
psl_acc(PSL 평가에서의 정확도):  0.125 
cw_psl_acc(클래스별 PSL 평가에서의 정확도):  [0.5, 0.06779661029577255, 0.125, 0.09090909361839294, 0.1428571492433548, 0.15714286267757416, 0.20000000298023224]
***pse_model_save --- epoch = 2***
Save model to ./experiment/python_extended_data/output/
**pseudo_label ->  [0.1452, 0.0478, 0.1339, 0.2971, 0.3598, 0.0113, 0.0049] **
max =  0.3598 | max_idx =  4
**pseudo_label ->  [0.1349, 0.0453, 0.0609, 0.4253, 0.3082, 0.0174, 0.0079] **
max =  0.4253 | max_idx =  3
**pseudo_label ->  [0.1538, 0.042, 0.2039, 0.3113, 0.2692, 0.0135, 0.0063] **
max =  0.3113 | max_idx =  3
**pseudo_label ->  [0.5669, 0.0044, 0.0896, 0.1334, 0.1663, 0.0379, 0.0013] **
max =  0.5669 | max_idx =  0
**pseudo_label ->  [0.1128, 0.0509, 0.0714, 0.4691, 0.2722, 0.015, 0.0086] **
max =  0.4691 | max_idx =  3
Epoch 2/50, Train Loss: 2.4679, Valid Loss: 2.2581, Train Acc: 0.1429, Val Acc: 0.1433, Test Acc: 0.0430, Test F1: 0.0118, Total Pseudo-Labels: 0, Correct Pseudo-Labels: 0, Train Data Number: 84



line 303 => train data수 84
line 258 => 인스턴스 수 12
Step 22  Tim 0:13:38
acc_train_cw(현재 train의 class별 acc) [1.0, 0.0, 0.0, 0.0, 0.0, 0.0, 0.0]
cw_psl_total_eval(pseudo label 클래스별 총 샘플 수):  [0, 0, 0, 0, 0, 0, 0]
cw_psl_correct_eval(pseudo label 클래스별 맞은 샘플 수):  [0, 0, 0, 0, 0, 0, 0]
psl_acc(PSL 평가에서의 정확도): None 
cw_psl_acc(클래스별 PSL 평가에서의 정확도):  [nan, nan, nan, nan, nan, nan, nan]
**pseudo_label ->  [0.2949, 0.0375, 0.1954, 0.0854, 0.1276, 0.2083, 0.0508] **
max =  0.2949 | max_idx =  0
**pseudo_label ->  [0.2541, 0.0473, 0.2088, 0.1075, 0.1354, 0.1949, 0.052] **
max =  0.2541 | max_idx =  0
**pseudo_label ->  [0.2458, 0.0438, 0.1963, 0.0738, 0.1572, 0.2386, 0.0444] **
max =  0.2458 | max_idx =  0
**pseudo_label ->  [0.2952, 0.0405, 0.1656, 0.0916, 0.1064, 0.2511, 0.0496] **
max =  0.2952 | max_idx =  0
**pseudo_label ->  [0.3509, 0.0313, 0.1844, 0.0772, 0.1494, 0.1685, 0.0381] **
max =  0.3509 | max_idx =  0
