current work directory:  /home/imsuhan22/few-shot-tc/custom_ssl/code
Data set -> python_extended_data
save_name: 10_codesage-base_0.00025_0.7_python_extended_data

data_path:  ../data/problem_based_split/python_extended_data

There are 1 GPU(s) available.
We will use the GPU- 0 Quadro RTX 8000

**line 147 모델 =>  codesage/codesage-base
**tokenizer type =  codesage/codesage-base 

pesudo label class개수 기준 -> 5
n_labeled_per_class:  10
train_df samples: 3974
train_labeled_df samples: 70
train_unlabeled_df samples: 3904
n_classes:  7 


net_arch:  codesage/codesage-base 
lr:  0.00025 
lr_linear:  0.001 




line 303 => train data수 70
line 258 => 인스턴스 수 10
Step 0  Tim 0:00:24
acc_train_cw(현재 train의 class별 acc) [0.0, 0.3, 0.2, 0.0, 0.3, 0.2, 0.0]
cw_psl_total_eval(pseudo label 클래스별 총 샘플 수):  [0, 0, 0, 0, 0, 0, 0]
cw_psl_correct_eval(pseudo label 클래스별 맞은 샘플 수):  [0, 0, 0, 0, 0, 0, 0]
psl_acc(PSL 평가에서의 정확도): None 
cw_psl_acc(클래스별 PSL 평가에서의 정확도):  [nan, nan, nan, nan, nan, nan, nan]
***best_acc_model_save --- epoch = 1***
Save model to ./experiment/python_extended_data/output/
**pseudo_label ->  [0.047, 0.368, 0.3598, 0.0159, 0.009, 0.1723, 0.0281] **
max =  0.368 | max_idx =  1
**pseudo_label ->  [0.1266, 0.2388, 0.294, 0.0077, 0.1056, 0.0899, 0.1374] **
max =  0.294 | max_idx =  2
**pseudo_label ->  [0.0026, 0.749, 0.0546, 0.0289, 0.122, 0.0271, 0.0159] **
max =  0.749 | max_idx =  1
**pseudo_label ->  [0.0278, 0.1766, 0.054, 0.0199, 0.4204, 0.2829, 0.0185] **
max =  0.4204 | max_idx =  4
**pseudo_label ->  [0.0121, 0.0499, 0.2013, 0.0366, 0.3406, 0.2619, 0.0976] **
max =  0.3406 | max_idx =  4
Balance pseudo label class ->  [1, 2, 3, 4, 5, 6, 7]  value ->  2
add data ->  14
Epoch 1/50, Train Loss: 6.6112, Valid Loss: 2.3571, Train Acc: 0.1429, Val Acc: 0.0945, Test Acc: 0.3156, Test F1: 0.1873, Total Pseudo-Labels: 0, Correct Pseudo-Labels: 0, Train Data Number: 84



line 303 => train data수 84
line 258 => 인스턴스 수 12
Step 10  Tim 0:02:52
acc_train_cw(현재 train의 class별 acc) [0.75, 0.0, 0.0, 0.0, 0.0, 0.0, 0.0]
cw_psl_total_eval(pseudo label 클래스별 총 샘플 수):  [2, 59, 48, 11, 21, 70, 5]
cw_psl_correct_eval(pseudo label 클래스별 맞은 샘플 수):  [1, 4, 6, 1, 3, 11, 1]
psl_acc(PSL 평가에서의 정확도):  0.125 
cw_psl_acc(클래스별 PSL 평가에서의 정확도):  [0.5, 0.06779661029577255, 0.125, 0.09090909361839294, 0.1428571492433548, 0.15714286267757416, 0.20000000298023224]
***pse_model_save --- epoch = 2***
Save model to ./experiment/python_extended_data/output/
**pseudo_label ->  [0.1184, 0.3675, 0.1039, 0.2302, 0.1483, 0.0273, 0.0044] **
max =  0.3675 | max_idx =  1
**pseudo_label ->  [0.1416, 0.3242, 0.045, 0.3014, 0.1297, 0.0463, 0.0118] **
max =  0.3242 | max_idx =  1
**pseudo_label ->  [0.1569, 0.2804, 0.2128, 0.2107, 0.1001, 0.0306, 0.0085] **
max =  0.2804 | max_idx =  1
**pseudo_label ->  [0.6128, 0.0335, 0.0905, 0.102, 0.0753, 0.0841, 0.0017] **
max =  0.6128 | max_idx =  0
**pseudo_label ->  [0.0727, 0.4561, 0.0361, 0.3156, 0.0739, 0.036, 0.0096] **
max =  0.4561 | max_idx =  1
Epoch 2/50, Train Loss: 2.3868, Valid Loss: 1.9149, Train Acc: 0.1071, Val Acc: 0.0782, Test Acc: 0.0738, Test F1: 0.0253, Total Pseudo-Labels: 0, Correct Pseudo-Labels: 0, Train Data Number: 84



line 303 => train data수 84
line 258 => 인스턴스 수 12
Step 22  Tim 0:06:02
acc_train_cw(현재 train의 class별 acc) [0.0, 0.0, 0.0, 1.0, 0.0, 0.0, 0.0]
cw_psl_total_eval(pseudo label 클래스별 총 샘플 수):  [6, 252, 0, 0, 0, 0, 0]
cw_psl_correct_eval(pseudo label 클래스별 맞은 샘플 수):  [1, 26, 0, 0, 0, 0, 0]
psl_acc(PSL 평가에서의 정확도):  0.105 
cw_psl_acc(클래스별 PSL 평가에서의 정확도):  [0.1666666716337204, 0.1031746044754982, nan, nan, nan, nan, nan]
**pseudo_label ->  [0.0589, 0.1723, 0.1041, 0.4112, 0.0802, 0.1449, 0.0283] **
max =  0.4112 | max_idx =  3
**pseudo_label ->  [0.0336, 0.2188, 0.0851, 0.4843, 0.0589, 0.0934, 0.0259] **
max =  0.4843 | max_idx =  3
**pseudo_label ->  [0.0676, 0.185, 0.1205, 0.3252, 0.1044, 0.1681, 0.0293] **
max =  0.3252 | max_idx =  3
**pseudo_label ->  [0.0493, 0.2036, 0.0834, 0.4164, 0.0551, 0.1634, 0.0288] **
max =  0.4164 | max_idx =  3
**pseudo_label ->  [0.0796, 0.2079, 0.0689, 0.374, 0.1374, 0.1065, 0.0256] **
max =  0.374 | max_idx =  3
Epoch 3/50, Train Loss: 2.5249, Valid Loss: 2.7716, Train Acc: 0.1429, Val Acc: 0.3876, Test Acc: 0.1619, Test F1: 0.0398, Total Pseudo-Labels: 0, Correct Pseudo-Labels: 0, Train Data Number: 84



line 303 => train data수 84
line 258 => 인스턴스 수 12
Step 34  Tim 0:08:32
acc_train_cw(현재 train의 class별 acc) [0.0, 0.0, 0.0, 0.0, 0.0, 1.0, 0.0]
cw_psl_total_eval(pseudo label 클래스별 총 샘플 수):  [0, 13, 0, 1, 0, 0, 0]
cw_psl_correct_eval(pseudo label 클래스별 맞은 샘플 수):  [0, 1, 0, 0, 0, 0, 0]
psl_acc(PSL 평가에서의 정확도):  0.071 
cw_psl_acc(클래스별 PSL 평가에서의 정확도):  [nan, 0.07692307978868484, nan, 0.0, nan, nan, nan]
**pseudo_label ->  [0.0511, 0.1588, 0.0633, 0.0145, 0.1768, 0.4606, 0.0748] **
max =  0.4606 | max_idx =  5
**pseudo_label ->  [0.0553, 0.2039, 0.0973, 0.0155, 0.1352, 0.4148, 0.078] **
max =  0.4148 | max_idx =  5
**pseudo_label ->  [0.0613, 0.1876, 0.113, 0.0346, 0.1011, 0.4578, 0.0446] **
max =  0.4578 | max_idx =  5
**pseudo_label ->  [0.0513, 0.5878, 0.1501, 0.0203, 0.1533, 0.0272, 0.01] **
max =  0.5878 | max_idx =  1
**pseudo_label ->  [0.0234, 0.1402, 0.0178, 0.0403, 0.0526, 0.6222, 0.1036] **
max =  0.6222 | max_idx =  5
Epoch 4/50, Train Loss: 2.2890, Valid Loss: 2.4415, Train Acc: 0.1429, Val Acc: 0.0261, Test Acc: 0.2971, Test F1: 0.0654, Total Pseudo-Labels: 0, Correct Pseudo-Labels: 0, Train Data Number: 84



line 303 => train data수 84
line 258 => 인스턴스 수 12
Step 46  Tim 0:11:01
acc_train_cw(현재 train의 class별 acc) [0.417, 0.0, 0.0, 0.0, 0.0, 0.0, 1.0]
cw_psl_total_eval(pseudo label 클래스별 총 샘플 수):  [0, 43, 0, 0, 0, 320, 0]
cw_psl_correct_eval(pseudo label 클래스별 맞은 샘플 수):  [0, 8, 0, 0, 0, 30, 0]
psl_acc(PSL 평가에서의 정확도):  0.105 
cw_psl_acc(클래스별 PSL 평가에서의 정확도):  [nan, 0.1860465109348297, nan, nan, nan, 0.09375, nan]
**pseudo_label ->  [0.154, 0.2318, 0.0379, 0.0483, 0.0862, 0.151, 0.2909] **
max =  0.2909 | max_idx =  6
**pseudo_label ->  [0.1698, 0.1872, 0.0503, 0.0731, 0.0786, 0.1154, 0.3255] **
max =  0.3255 | max_idx =  6
**pseudo_label ->  [0.3016, 0.0265, 0.0218, 0.0397, 0.037, 0.4878, 0.0855] **
max =  0.4878 | max_idx =  5
**pseudo_label ->  [0.07, 0.1838, 0.0066, 0.1056, 0.0517, 0.2579, 0.3244] **
max =  0.3244 | max_idx =  6
**pseudo_label ->  [0.1537, 0.1833, 0.0369, 0.0659, 0.101, 0.1862, 0.2729] **
max =  0.2729 | max_idx =  6
Epoch 5/50, Train Loss: 2.4012, Valid Loss: 2.0738, Train Acc: 0.2024, Val Acc: 0.1303, Test Acc: 0.0266, Test F1: 0.0242, Total Pseudo-Labels: 0, Correct Pseudo-Labels: 0, Train Data Number: 84



line 303 => train data수 84
line 258 => 인스턴스 수 12
Step 58  Tim 0:13:30
acc_train_cw(현재 train의 class별 acc) [0.0, 0.5, 0.0, 0.25, 0.0, 0.0, 1.0]
cw_psl_total_eval(pseudo label 클래스별 총 샘플 수):  [0, 66, 0, 0, 0, 4, 0]
cw_psl_correct_eval(pseudo label 클래스별 맞은 샘플 수):  [0, 5, 0, 0, 0, 0, 0]
psl_acc(PSL 평가에서의 정확도):  0.071 
cw_psl_acc(클래스별 PSL 평가에서의 정확도):  [nan, 0.07575757801532745, nan, nan, nan, 0.0, nan]
**pseudo_label ->  [0.0282, 0.139, 0.0424, 0.3004, 0.0066, 0.0732, 0.4102] **
max =  0.4102 | max_idx =  6
**pseudo_label ->  [0.0377, 0.3895, 0.0406, 0.1732, 0.0203, 0.2145, 0.1242] **
max =  0.3895 | max_idx =  1
**pseudo_label ->  [0.049, 0.2539, 0.0641, 0.2538, 0.0166, 0.2455, 0.1171] **
max =  0.2539 | max_idx =  1
**pseudo_label ->  [0.1149, 0.0429, 0.0828, 0.162, 0.01, 0.428, 0.1595] **
max =  0.428 | max_idx =  5
**pseudo_label ->  [0.0632, 0.2268, 0.1283, 0.1667, 0.0132, 0.066, 0.3358] **
max =  0.3358 | max_idx =  6
Epoch 6/50, Train Loss: 2.3972, Valid Loss: 1.9488, Train Acc: 0.2500, Val Acc: 0.1173, Test Acc: 0.2234, Test F1: 0.1226, Total Pseudo-Labels: 0, Correct Pseudo-Labels: 0, Train Data Number: 84



line 303 => train data수 84
line 258 => 인스턴스 수 12
Step 70  Tim 0:15:59
acc_train_cw(현재 train의 class별 acc) [0.0, 0.0, 0.083, 0.0, 0.0, 1.0, 0.0]
cw_psl_total_eval(pseudo label 클래스별 총 샘플 수):  [0, 138, 0, 0, 0, 0, 0]
cw_psl_correct_eval(pseudo label 클래스별 맞은 샘플 수):  [0, 14, 0, 0, 0, 0, 0]
psl_acc(PSL 평가에서의 정확도):  0.101 
cw_psl_acc(클래스별 PSL 평가에서의 정확도):  [nan, 0.10144927352666855, nan, nan, nan, nan, nan]
**pseudo_label ->  [0.054, 0.005, 0.1013, 0.0836, 0.0152, 0.7102, 0.0306] **
max =  0.7102 | max_idx =  5
**pseudo_label ->  [0.0363, 0.0466, 0.1486, 0.2294, 0.0592, 0.3015, 0.1784] **
max =  0.3015 | max_idx =  5
**pseudo_label ->  [0.0218, 0.0338, 0.1689, 0.1934, 0.0739, 0.3619, 0.1463] **
max =  0.3619 | max_idx =  5
**pseudo_label ->  [0.0241, 0.0331, 0.1732, 0.1563, 0.0505, 0.4441, 0.1188] **
max =  0.4441 | max_idx =  5
**pseudo_label ->  [0.0112, 0.0262, 0.0284, 0.2507, 0.0272, 0.4623, 0.194] **
max =  0.4623 | max_idx =  5
Epoch 7/50, Train Loss: 2.2195, Valid Loss: 1.9465, Train Acc: 0.1548, Val Acc: 0.0261, Test Acc: 0.2971, Test F1: 0.0654, Total Pseudo-Labels: 0, Correct Pseudo-Labels: 0, Train Data Number: 84



line 303 => train data수 84
line 258 => 인스턴스 수 12
Step 82  Tim 0:18:28
acc_train_cw(현재 train의 class별 acc) [0.25, 0.417, 0.833, 0.0, 0.0, 0.0, 0.0]
cw_psl_total_eval(pseudo label 클래스별 총 샘플 수):  [0, 0, 0, 0, 0, 168, 0]
cw_psl_correct_eval(pseudo label 클래스별 맞은 샘플 수):  [0, 0, 0, 0, 0, 32, 0]
psl_acc(PSL 평가에서의 정확도):  0.19 
cw_psl_acc(클래스별 PSL 평가에서의 정확도):  [nan, nan, nan, nan, nan, 0.190476194024086, nan]
**pseudo_label ->  [0.1226, 0.1576, 0.3698, 0.1119, 0.1523, 0.0547, 0.0311] **
max =  0.3698 | max_idx =  2
**pseudo_label ->  [0.0916, 0.2938, 0.1839, 0.1076, 0.1407, 0.1466, 0.0358] **
max =  0.2938 | max_idx =  1
**pseudo_label ->  [0.1198, 0.1815, 0.2316, 0.1726, 0.1343, 0.1199, 0.0403] **
max =  0.2316 | max_idx =  2
**pseudo_label ->  [0.1459, 0.2143, 0.1658, 0.1273, 0.1203, 0.184, 0.0425] **
max =  0.2143 | max_idx =  1
**pseudo_label ->  [0.1096, 0.1983, 0.2153, 0.1863, 0.1371, 0.1229, 0.0304] **
max =  0.2153 | max_idx =  2
Epoch 8/50, Train Loss: 2.3749, Valid Loss: 2.0474, Train Acc: 0.2143, Val Acc: 0.1401, Test Acc: 0.1168, Test F1: 0.0470, Total Pseudo-Labels: 0, Correct Pseudo-Labels: 0, Train Data Number: 84



line 303 => train data수 84
line 258 => 인스턴스 수 12
Step 94  Tim 0:20:57
acc_train_cw(현재 train의 class별 acc) [0.25, 0.0, 1.0, 0.0, 0.083, 0.0, 0.0]
cw_psl_total_eval(pseudo label 클래스별 총 샘플 수):  [0, 8, 0, 0, 0, 0, 0]
cw_psl_correct_eval(pseudo label 클래스별 맞은 샘플 수):  [0, 1, 0, 0, 0, 0, 0]
psl_acc(PSL 평가에서의 정확도):  0.125 
cw_psl_acc(클래스별 PSL 평가에서의 정확도):  [nan, 0.125, nan, nan, nan, nan, nan]
**pseudo_label ->  [0.1439, 0.118, 0.5528, 0.0947, 0.0512, 0.0052, 0.0341] **
max =  0.5528 | max_idx =  2
**pseudo_label ->  [0.0495, 0.3, 0.1103, 0.0465, 0.2624, 0.0727, 0.1585] **
max =  0.3 | max_idx =  1
**pseudo_label ->  [0.0908, 0.1816, 0.4247, 0.0714, 0.106, 0.0201, 0.1054] **
max =  0.4247 | max_idx =  2
**pseudo_label ->  [0.0696, 0.2416, 0.2703, 0.0588, 0.1879, 0.0389, 0.133] **
max =  0.2703 | max_idx =  2
**pseudo_label ->  [0.3345, 0.0376, 0.4461, 0.0666, 0.0609, 0.0324, 0.0219] **
max =  0.4461 | max_idx =  2
Epoch 9/50, Train Loss: 2.1774, Valid Loss: 1.8911, Train Acc: 0.1905, Val Acc: 0.2085, Test Acc: 0.1189, Test F1: 0.0460, Total Pseudo-Labels: 0, Correct Pseudo-Labels: 0, Train Data Number: 84



line 303 => train data수 84
line 258 => 인스턴스 수 12
Step 106  Tim 0:23:27
acc_train_cw(현재 train의 class별 acc) [0.583, 0.0, 0.167, 0.833, 0.0, 0.0, 0.917]
cw_psl_total_eval(pseudo label 클래스별 총 샘플 수):  [6, 3, 5, 0, 0, 0, 0]
cw_psl_correct_eval(pseudo label 클래스별 맞은 샘플 수):  [6, 0, 0, 0, 0, 0, 0]
psl_acc(PSL 평가에서의 정확도):  0.429 
cw_psl_acc(클래스별 PSL 평가에서의 정확도):  [1.0, 0.0, 0.0, nan, nan, nan, nan]
**pseudo_label ->  [0.0608, 0.082, 0.4365, 0.3403, 0.0065, 0.0046, 0.0693] **
max =  0.4365 | max_idx =  2
**pseudo_label ->  [0.0518, 0.056, 0.0265, 0.1383, 0.0051, 0.5203, 0.2019] **
max =  0.5203 | max_idx =  5
**pseudo_label ->  [0.0335, 0.2951, 0.0701, 0.258, 0.0079, 0.0723, 0.2631] **
max =  0.2951 | max_idx =  1
**pseudo_label ->  [0.0201, 0.2235, 0.0582, 0.1747, 0.013, 0.1013, 0.4093] **
max =  0.4093 | max_idx =  6
**pseudo_label ->  [0.0218, 0.2431, 0.1949, 0.2295, 0.0163, 0.0325, 0.2619] **
max =  0.2619 | max_idx =  6
Balance pseudo label class ->  [1, 2, 4, 6, 7]  value ->  1
add data ->  5
Epoch 10/50, Train Loss: 1.6652, Valid Loss: 2.9375, Train Acc: 0.3571, Val Acc: 0.3257, Test Acc: 0.1557, Test F1: 0.0900, Total Pseudo-Labels: 0, Correct Pseudo-Labels: 0, Train Data Number: 88



line 303 => train data수 88
line 258 => 인스턴스 수 13
Step 118  Tim 0:25:56
acc_train_cw(현재 train의 class별 acc) [1.0, 0.0, 0.0, 0.0, 0.917, 0.417, 0.923]
cw_psl_total_eval(pseudo label 클래스별 총 샘플 수):  [7, 97, 0, 16, 0, 1, 1]
cw_psl_correct_eval(pseudo label 클래스별 맞은 샘플 수):  [7, 4, 0, 2, 0, 0, 0]
psl_acc(PSL 평가에서의 정확도):  0.107 
cw_psl_acc(클래스별 PSL 평가에서의 정확도):  [1.0, 0.04123711213469505, nan, 0.125, nan, 0.0, 0.0]
***pse_model_save --- epoch = 11***
Save model to ./experiment/python_extended_data/output/
**pseudo_label ->  [0.0124, 0.0073, 0.0312, 0.0849, 0.6986, 0.0562, 0.1096] **
max =  0.6986 | max_idx =  4
**pseudo_label ->  [0.0005, 0.0029, 0.0033, 0.0058, 0.2393, 0.3103, 0.438] **
max =  0.438 | max_idx =  6
**pseudo_label ->  [0.0086, 0.0011, 0.0097, 0.0113, 0.2296, 0.6065, 0.1331] **
max =  0.6065 | max_idx =  5
**pseudo_label ->  [0.0005, 0.0034, 0.0074, 0.0051, 0.1705, 0.2084, 0.6047] **
max =  0.6047 | max_idx =  6
**pseudo_label ->  [0.0018, 0.0042, 0.0135, 0.0121, 0.3957, 0.1846, 0.388] **
max =  0.3957 | max_idx =  4
Epoch 11/50, Train Loss: 1.4051, Valid Loss: 2.4406, Train Acc: 0.4659, Val Acc: 0.1792, Test Acc: 0.0902, Test F1: 0.0654, Total Pseudo-Labels: 1, Correct Pseudo-Labels: 0, Train Data Number: 88



line 303 => train data수 88
line 258 => 인스턴스 수 13
Step 131  Tim 0:29:08
acc_train_cw(현재 train의 class별 acc) [0.923, 0.692, 0.917, 0.385, 0.167, 0.0, 0.0]
cw_psl_total_eval(pseudo label 클래스별 총 샘플 수):  [165, 0, 0, 0, 1142, 83, 1]
cw_psl_correct_eval(pseudo label 클래스별 맞은 샘플 수):  [153, 0, 0, 0, 180, 26, 1]
psl_acc(PSL 평가에서의 정확도):  0.259 
cw_psl_acc(클래스별 PSL 평가에서의 정확도):  [0.9272727370262146, nan, nan, nan, 0.1576182097196579, 0.3132530152797699, 1.0]
**pseudo_label ->  [0.0141, 0.0439, 0.5928, 0.1869, 0.1622, 0.0001, 0.0001] **
max =  0.5928 | max_idx =  2
**pseudo_label ->  [0.0, 0.7772, 0.0018, 0.0098, 0.0039, 0.0556, 0.1517] **
max =  0.7772 | max_idx =  1
**pseudo_label ->  [0.0049, 0.4864, 0.0441, 0.3776, 0.0639, 0.0097, 0.0134] **
max =  0.4864 | max_idx =  1
**pseudo_label ->  [0.0, 0.7506, 0.0009, 0.0122, 0.0061, 0.0648, 0.1653] **
max =  0.7506 | max_idx =  1
**pseudo_label ->  [0.0, 0.9694, 0.0009, 0.0148, 0.0067, 0.002, 0.0063] **
max =  0.9694 | max_idx =  1
Balance pseudo label class ->  [1, 2, 3, 4, 6]  value ->  3
add data ->  15
Epoch 12/50, Train Loss: 1.0959, Valid Loss: 2.7152, Train Acc: 0.4432, Val Acc: 0.1857, Test Acc: 0.2316, Test F1: 0.1614, Total Pseudo-Labels: 0, Correct Pseudo-Labels: 0, Train Data Number: 103



line 303 => train data수 103
line 258 => 인스턴스 수 15
Step 144  Tim 0:31:43
acc_train_cw(현재 train의 class별 acc) [0.938, 0.938, 1.0, 0.0, 0.333, 0.0, 0.923]
cw_psl_total_eval(pseudo label 클래스별 총 샘플 수):  [58, 766, 3, 76, 0, 5, 0]
cw_psl_correct_eval(pseudo label 클래스별 맞은 샘플 수):  [57, 115, 0, 7, 0, 1, 0]
psl_acc(PSL 평가에서의 정확도):  0.198 
cw_psl_acc(클래스별 PSL 평가에서의 정확도):  [0.982758641242981, 0.15013055503368378, 0.0, 0.09210526198148727, nan, 0.20000000298023224, nan]
***pse_model_save --- epoch = 13***
Save model to ./experiment/python_extended_data/output/
**pseudo_label ->  [0.0002, 0.0016, 0.9359, 0.0063, 0.0552, 0.0001, 0.0007] **
max =  0.9359 | max_idx =  2
**pseudo_label ->  [0.0001, 0.2119, 0.0045, 0.0133, 0.0489, 0.0849, 0.6365] **
max =  0.6365 | max_idx =  6
**pseudo_label ->  [0.0005, 0.0186, 0.86, 0.0247, 0.0916, 0.0005, 0.004] **
max =  0.86 | max_idx =  2
**pseudo_label ->  [0.0045, 0.1725, 0.1031, 0.0647, 0.1926, 0.3299, 0.1327] **
max =  0.3299 | max_idx =  5
**pseudo_label ->  [0.0005, 0.701, 0.0262, 0.0376, 0.0399, 0.0235, 0.1713] **
max =  0.701 | max_idx =  1
Balance pseudo label class ->  [1, 2, 3, 5, 7]  value ->  1
add data ->  5
Epoch 13/50, Train Loss: 1.0959, Valid Loss: 2.3007, Train Acc: 0.5922, Val Acc: 0.1922, Test Acc: 0.2070, Test F1: 0.1168, Total Pseudo-Labels: 0, Correct Pseudo-Labels: 0, Train Data Number: 108



line 303 => train data수 108
line 258 => 인스턴스 수 16
Step 159  Tim 0:34:58
acc_train_cw(현재 train의 class별 acc) [1.0, 0.941, 0.625, 0.938, 0.538, 0.733, 0.0]
cw_psl_total_eval(pseudo label 클래스별 총 샘플 수):  [67, 529, 1162, 0, 1, 0, 333]
cw_psl_correct_eval(pseudo label 클래스별 맞은 샘플 수):  [65, 150, 302, 0, 0, 0, 96]
psl_acc(PSL 평가에서의 정확도):  0.293 
cw_psl_acc(클래스별 PSL 평가에서의 정확도):  [0.9701492786407471, 0.2835538685321808, 0.25989672541618347, nan, 0.0, nan, 0.28828829526901245]
***pse_model_save --- epoch = 14***
Save model to ./experiment/python_extended_data/output/
**pseudo_label ->  [0.0144, 0.0026, 0.4518, 0.4776, 0.0492, 0.0004, 0.004] **
max =  0.4776 | max_idx =  3
**pseudo_label ->  [0.0031, 0.6864, 0.0001, 0.1496, 0.009, 0.122, 0.0299] **
max =  0.6864 | max_idx =  1
**pseudo_label ->  [0.006, 0.0022, 0.509, 0.3525, 0.1189, 0.001, 0.0105] **
max =  0.509 | max_idx =  2
**pseudo_label ->  [0.036, 0.0346, 0.0041, 0.1786, 0.1022, 0.6226, 0.0218] **
max =  0.6226 | max_idx =  5
**pseudo_label ->  [0.0169, 0.0835, 0.1187, 0.2713, 0.4285, 0.0285, 0.0527] **
max =  0.4285 | max_idx =  4
Balance pseudo label class ->  [1, 2, 3, 4, 6]  value ->  10
add data ->  50
Epoch 14/50, Train Loss: 1.2216, Valid Loss: 3.8011, Train Acc: 0.7037, Val Acc: 0.3322, Test Acc: 0.3299, Test F1: 0.2000, Total Pseudo-Labels: 0, Correct Pseudo-Labels: 0, Train Data Number: 154



line 303 => train data수 154
line 258 => 인스턴스 수 22
Step 175  Tim 0:38:21
acc_train_cw(현재 train의 class별 acc) [0.96, 0.778, 1.0, 0.0, 0.0, 0.958, 1.0]
cw_psl_total_eval(pseudo label 클래스별 총 샘플 수):  [173, 390, 25, 571, 0, 10, 0]
cw_psl_correct_eval(pseudo label 클래스별 맞은 샘플 수):  [143, 91, 9, 111, 0, 5, 0]
psl_acc(PSL 평가에서의 정확도):  0.307 
cw_psl_acc(클래스별 PSL 평가에서의 정확도):  [0.8265895843505859, 0.23333333432674408, 0.36000001430511475, 0.19439579546451569, nan, 0.5, nan]
***pse_model_save --- epoch = 15***
Save model to ./experiment/python_extended_data/output/
**pseudo_label ->  [0.0046, 0.0, 0.9937, 0.0011, 0.0002, 0.0001, 0.0003] **
max =  0.9937 | max_idx =  2
**pseudo_label ->  [0.0, 0.0028, 0.0001, 0.0005, 0.0035, 0.598, 0.3951] **
max =  0.598 | max_idx =  5
**pseudo_label ->  [0.0019, 0.0, 0.9826, 0.0031, 0.0014, 0.0002, 0.0108] **
max =  0.9826 | max_idx =  2
**pseudo_label ->  [0.0008, 0.0808, 0.0001, 0.0013, 0.0089, 0.7056, 0.2025] **
max =  0.7056 | max_idx =  5
**pseudo_label ->  [0.0993, 0.0065, 0.0622, 0.0109, 0.0758, 0.5707, 0.1746] **
max =  0.5707 | max_idx =  5
Balance pseudo label class ->  [1, 2, 3, 5, 6, 7]  value ->  1
add data ->  6
Epoch 15/50, Train Loss: 0.8038, Valid Loss: 3.8334, Train Acc: 0.6948, Val Acc: 0.1987, Test Acc: 0.3791, Test F1: 0.2351, Total Pseudo-Labels: 1, Correct Pseudo-Labels: 0, Train Data Number: 160



line 303 => train data수 160
line 258 => 인스턴스 수 23
Step 197  Tim 0:41:46
acc_train_cw(현재 train의 class별 acc) [1.0, 0.964, 1.0, 0.385, 0.929, 1.0, 0.933]
cw_psl_total_eval(pseudo label 클래스별 총 샘플 수):  [209, 149, 1046, 0, 1, 175, 612]
cw_psl_correct_eval(pseudo label 클래스별 맞은 샘플 수):  [134, 39, 253, 0, 0, 77, 127]
psl_acc(PSL 평가에서의 정확도):  0.287 
cw_psl_acc(클래스별 PSL 평가에서의 정확도):  [0.6411483287811279, 0.26174497604370117, 0.24187380075454712, nan, 0.0, 0.4399999976158142, 0.20751634240150452]
***pse_model_save --- epoch = 16***
Save model to ./experiment/python_extended_data/output/
**pseudo_label ->  [0.0005, 0.0001, 0.8638, 0.018, 0.1103, 0.0003, 0.0071] **
max =  0.8638 | max_idx =  2
**pseudo_label ->  [0.0, 0.0005, 0.0, 0.0001, 0.0001, 0.9856, 0.0138] **
max =  0.9856 | max_idx =  5
**pseudo_label ->  [0.0003, 0.0001, 0.6565, 0.0288, 0.3016, 0.0006, 0.0121] **
max =  0.6565 | max_idx =  2
**pseudo_label ->  [0.0, 0.0004, 0.0, 0.0, 0.0, 0.9979, 0.0017] **
max =  0.9979 | max_idx =  5
**pseudo_label ->  [0.0049, 0.5083, 0.0062, 0.0694, 0.1348, 0.1494, 0.1269] **
max =  0.5083 | max_idx =  1
Balance pseudo label class ->  [1, 2, 3, 4, 5, 6, 7]  value ->  23
add data ->  161
Epoch 16/50, Train Loss: 0.8882, Valid Loss: 5.4531, Train Acc: 0.8812, Val Acc: 0.1987, Test Acc: 0.4980, Test F1: 0.2874, Total Pseudo-Labels: 0, Correct Pseudo-Labels: 0, Train Data Number: 311



line 303 => train data수 311
line 258 => 인스턴스 수 45
Step 220  Tim 0:45:01
acc_train_cw(현재 train의 class별 acc) [0.979, 0.588, 0.735, 0.511, 0.541, 1.0, 0.176]
cw_psl_total_eval(pseudo label 클래스별 총 샘플 수):  [173, 786, 342, 23, 295, 417, 25]
cw_psl_correct_eval(pseudo label 클래스별 맞은 샘플 수):  [141, 207, 100, 4, 87, 182, 3]
psl_acc(PSL 평가에서의 정확도):  0.351 
cw_psl_acc(클래스별 PSL 평가에서의 정확도):  [0.8150289058685303, 0.2633587718009949, 0.2923976480960846, 0.17391304671764374, 0.29491525888442993, 0.4364508390426636, 0.11999999731779099]
***pse_model_save --- epoch = 17***
Save model to ./experiment/python_extended_data/output/
**pseudo_label ->  [0.0034, 0.0048, 0.326, 0.2874, 0.3753, 0.0004, 0.0027] **
max =  0.3753 | max_idx =  4
**pseudo_label ->  [0.0, 0.0344, 0.0, 0.0, 0.0, 0.9656, 0.0] **
max =  0.9656 | max_idx =  5
**pseudo_label ->  [0.002, 0.0032, 0.238, 0.1273, 0.6233, 0.0004, 0.0058] **
max =  0.6233 | max_idx =  4
**pseudo_label ->  [0.0, 0.0044, 0.0, 0.0, 0.0, 0.9956, 0.0] **
max =  0.9956 | max_idx =  5
**pseudo_label ->  [0.0003, 0.197, 0.0, 0.0004, 0.0047, 0.7973, 0.0002] **
max =  0.7973 | max_idx =  5
Balance pseudo label class ->  [1, 2, 3, 4, 5, 6]  value ->  28
add data ->  168
Epoch 17/50, Train Loss: 0.7729, Valid Loss: 3.6329, Train Acc: 0.6688, Val Acc: 0.1531, Test Acc: 0.4836, Test F1: 0.2659, Total Pseudo-Labels: 0, Correct Pseudo-Labels: 0, Train Data Number: 458



line 303 => train data수 458
line 258 => 인스턴스 수 66
Step 265  Tim 0:49:16
acc_train_cw(현재 train의 class별 acc) [0.904, 0.883, 0.986, 0.806, 0.953, 0.972, 0.647]
cw_psl_total_eval(pseudo label 클래스별 총 샘플 수):  [254, 460, 43, 28, 255, 1087, 0]
cw_psl_correct_eval(pseudo label 클래스별 맞은 샘플 수):  [177, 121, 20, 2, 76, 291, 0]
psl_acc(PSL 평가에서의 정확도):  0.323 
cw_psl_acc(클래스별 PSL 평가에서의 정확도):  [0.6968504190444946, 0.26304349303245544, 0.4651162922382355, 0.0714285746216774, 0.2980392277240753, 0.26770928502082825, nan]
***pse_model_save --- epoch = 18***
Save model to ./experiment/python_extended_data/output/
**pseudo_label ->  [0.0012, 0.0019, 0.5965, 0.3776, 0.0226, 0.0, 0.0001] **
max =  0.5965 | max_idx =  2
**pseudo_label ->  [0.0, 0.0145, 0.0, 0.0001, 0.0066, 0.955, 0.0237] **
max =  0.955 | max_idx =  5
**pseudo_label ->  [0.0001, 0.0033, 0.0529, 0.3115, 0.6247, 0.0001, 0.0075] **
max =  0.6247 | max_idx =  4
**pseudo_label ->  [0.0, 0.0115, 0.0, 0.0001, 0.0039, 0.9831, 0.0014] **
max =  0.9831 | max_idx =  5
**pseudo_label ->  [0.001, 0.2767, 0.006, 0.605, 0.096, 0.0038, 0.0114] **
max =  0.605 | max_idx =  3
Balance pseudo label class ->  [1, 2, 3, 4, 5, 6, 7]  value ->  8
add data ->  56
Epoch 18/50, Train Loss: 0.5175, Valid Loss: 4.4963, Train Acc: 0.8974, Val Acc: 0.2215, Test Acc: 0.4406, Test F1: 0.2832, Total Pseudo-Labels: 0, Correct Pseudo-Labels: 0, Train Data Number: 497



line 303 => train data수 497
line 258 => 인스턴스 수 71
Step 331  Tim 0:53:39
acc_train_cw(현재 train의 class별 acc) [0.935, 1.0, 0.649, 0.68, 0.847, 0.936, 0.265]
cw_psl_total_eval(pseudo label 클래스별 총 샘플 수):  [149, 519, 284, 503, 556, 409, 8]
cw_psl_correct_eval(pseudo label 클래스별 맞은 샘플 수):  [131, 113, 80, 76, 139, 170, 0]
psl_acc(PSL 평가에서의 정확도):  0.292 
cw_psl_acc(클래스별 PSL 평가에서의 정확도):  [0.8791946172714233, 0.21772639453411102, 0.28169015049934387, 0.15109343826770782, 0.25, 0.4156479239463806, 0.0]
***pse_model_save --- epoch = 19***
Save model to ./experiment/python_extended_data/output/
**pseudo_label ->  [0.0629, 0.0089, 0.7316, 0.1927, 0.0039, 0.0, 0.0001] **
max =  0.7316 | max_idx =  2
**pseudo_label ->  [0.0, 0.0049, 0.0, 0.0, 0.0002, 0.9927, 0.0021] **
max =  0.9927 | max_idx =  5
**pseudo_label ->  [0.004, 0.0161, 0.1444, 0.5763, 0.2573, 0.0001, 0.0018] **
max =  0.5763 | max_idx =  3
**pseudo_label ->  [0.0, 0.0128, 0.0, 0.0, 0.0002, 0.9868, 0.0002] **
max =  0.9868 | max_idx =  5
**pseudo_label ->  [0.0001, 0.9761, 0.0, 0.0147, 0.0042, 0.0024, 0.0025] **
max =  0.9761 | max_idx =  1
Balance pseudo label class ->  [1, 2, 3, 4, 5, 6, 7]  value ->  1
add data ->  7
Epoch 19/50, Train Loss: 0.3965, Valid Loss: 5.2780, Train Acc: 0.8048, Val Acc: 0.1857, Test Acc: 0.5430, Test F1: 0.3132, Total Pseudo-Labels: 0, Correct Pseudo-Labels: 0, Train Data Number: 502



line 303 => train data수 502
line 258 => 인스턴스 수 72
Step 402  Tim 0:57:59
acc_train_cw(현재 train의 class별 acc) [0.808, 0.976, 1.0, 0.893, 0.918, 0.975, 1.0]
cw_psl_total_eval(pseudo label 클래스별 총 샘플 수):  [260, 1476, 62, 240, 200, 309, 1]
cw_psl_correct_eval(pseudo label 클래스별 맞은 샘플 수):  [176, 291, 23, 57, 59, 143, 1]
psl_acc(PSL 평가에서의 정확도):  0.294 
cw_psl_acc(클래스별 PSL 평가에서의 정확도):  [0.6769230961799622, 0.1971544772386551, 0.3709677457809448, 0.23749999701976776, 0.29499998688697815, 0.46278315782546997, 1.0]
***pse_model_save --- epoch = 20***
Save model to ./experiment/python_extended_data/output/
**pseudo_label ->  [0.0001, 0.0, 0.9906, 0.0057, 0.0035, 0.0, 0.0] **
max =  0.9906 | max_idx =  2
**pseudo_label ->  [0.0, 0.0, 0.0, 0.0, 0.0, 1.0, 0.0] **
max =  1.0 | max_idx =  5
**pseudo_label ->  [0.0001, 0.0, 0.6874, 0.0486, 0.2631, 0.0001, 0.0006] **
max =  0.6874 | max_idx =  2
**pseudo_label ->  [0.0, 0.0001, 0.0, 0.0, 0.0, 0.9999, 0.0] **
max =  0.9999 | max_idx =  5
**pseudo_label ->  [0.0, 0.9985, 0.0, 0.0015, 0.0, 0.0, 0.0] **
max =  0.9985 | max_idx =  1
Balance pseudo label class ->  [1, 2, 3, 4, 5, 6, 7]  value ->  38
add data ->  266
Epoch 20/50, Train Loss: 0.3484, Valid Loss: 5.3151, Train Acc: 0.9343, Val Acc: 0.2280, Test Acc: 0.5102, Test F1: 0.3095, Total Pseudo-Labels: 1, Correct Pseudo-Labels: 0, Train Data Number: 720



line 303 => train data수 720
line 258 => 인스턴스 수 103
Step 474  Tim 1:03:02
acc_train_cw(현재 train의 class별 acc) [1.0, 0.992, 0.965, 0.91, 0.954, 0.974, 0.96]
cw_psl_total_eval(pseudo label 클래스별 총 샘플 수):  [136, 795, 574, 413, 344, 576, 38]
cw_psl_correct_eval(pseudo label 클래스별 맞은 샘플 수):  [112, 177, 148, 64, 91, 213, 13]
psl_acc(PSL 평가에서의 정확도):  0.284 
cw_psl_acc(클래스별 PSL 평가에서의 정확도):  [0.8235294222831726, 0.22264151275157928, 0.25783970952033997, 0.1549636870622635, 0.2645348906517029, 0.3697916567325592, 0.34210526943206787]
***pse_model_save --- epoch = 21***
Save model to ./experiment/python_extended_data/output/
**pseudo_label ->  [0.0017, 0.0, 0.9814, 0.0043, 0.0125, 0.0, 0.0] **
max =  0.9814 | max_idx =  2
**pseudo_label ->  [0.0, 0.0053, 0.0, 0.0, 0.0, 0.9947, 0.0001] **
max =  0.9947 | max_idx =  5
**pseudo_label ->  [0.0, 0.0, 0.2064, 0.0082, 0.7834, 0.0, 0.0019] **
max =  0.7834 | max_idx =  4
**pseudo_label ->  [0.0, 0.0006, 0.0, 0.0, 0.0, 0.9994, 0.0] **
max =  0.9994 | max_idx =  5
**pseudo_label ->  [0.0001, 0.9429, 0.0, 0.0556, 0.0009, 0.0, 0.0005] **
max =  0.9429 | max_idx =  1
Balance pseudo label class ->  [1, 2, 3, 4, 5, 6, 7]  value ->  56
add data ->  392
Epoch 21/50, Train Loss: 0.4195, Valid Loss: 5.8684, Train Acc: 0.9653, Val Acc: 0.2410, Test Acc: 0.4221, Test F1: 0.2913, Total Pseudo-Labels: 1, Correct Pseudo-Labels: 0, Train Data Number: 994



line 303 => train data수 994
line 258 => 인스턴스 수 142
Step 577  Tim 1:08:54
acc_train_cw(현재 train의 class별 acc) [0.978, 0.941, 0.903, 0.965, 0.929, 0.994, 0.97]
cw_psl_total_eval(pseudo label 클래스별 총 샘플 수):  [269, 854, 362, 344, 497, 530, 56]
cw_psl_correct_eval(pseudo label 클래스별 맞은 샘플 수):  [200, 162, 102, 51, 133, 199, 13]
psl_acc(PSL 평가에서의 정확도):  0.295 
cw_psl_acc(클래스별 PSL 평가에서의 정확도):  [0.74349445104599, 0.1896955519914627, 0.28176796436309814, 0.14825581014156342, 0.26760563254356384, 0.37547171115875244, 0.2321428507566452]
***pse_model_save --- epoch = 22***
Save model to ./experiment/python_extended_data/output/
**pseudo_label ->  [0.0017, 0.0019, 0.2215, 0.4161, 0.3515, 0.0, 0.0073] **
max =  0.4161 | max_idx =  3
**pseudo_label ->  [0.0, 0.0, 0.0, 0.0, 0.0, 1.0, 0.0] **
max =  1.0 | max_idx =  5
**pseudo_label ->  [0.0002, 0.0001, 0.3339, 0.4377, 0.2229, 0.0, 0.0051] **
max =  0.4377 | max_idx =  3
**pseudo_label ->  [0.0, 0.0, 0.0, 0.0, 0.0, 1.0, 0.0] **
max =  1.0 | max_idx =  5
**pseudo_label ->  [0.0045, 0.9143, 0.0002, 0.0686, 0.0095, 0.0005, 0.0024] **
max =  0.9143 | max_idx =  1
Balance pseudo label class ->  [1, 2, 3, 4, 5, 6, 7]  value ->  118
add data ->  826
Epoch 22/50, Train Loss: 0.4251, Valid Loss: 5.1662, Train Acc: 0.9527, Val Acc: 0.2410, Test Acc: 0.4467, Test F1: 0.2972, Total Pseudo-Labels: 0, Correct Pseudo-Labels: 0, Train Data Number: 1553



line 303 => train data수 1553
line 258 => 인스턴스 수 222
Step 719  Tim 1:16:24
acc_train_cw(현재 train의 class별 acc) [0.98, 0.894, 0.942, 0.965, 0.956, 0.988, 0.887]
cw_psl_total_eval(pseudo label 클래스별 총 샘플 수):  [247, 658, 275, 458, 556, 724, 118]
cw_psl_correct_eval(pseudo label 클래스별 맞은 샘플 수):  [171, 135, 75, 70, 135, 245, 27]
psl_acc(PSL 평가에서의 정확도):  0.283 
cw_psl_acc(클래스별 PSL 평가에서의 정확도):  [0.692307710647583, 0.20516717433929443, 0.27272728085517883, 0.15283842384815216, 0.24280574917793274, 0.3383978009223938, 0.2288135588169098]
***pse_model_save --- epoch = 23***
Save model to ./experiment/python_extended_data/output/
**pseudo_label ->  [0.0049, 0.0039, 0.1389, 0.5808, 0.1989, 0.0001, 0.0726] **
max =  0.5808 | max_idx =  3
**pseudo_label ->  [0.0, 0.0, 0.0, 0.0, 0.0, 1.0, 0.0] **
max =  1.0 | max_idx =  5
**pseudo_label ->  [0.0003, 0.0, 0.476, 0.0639, 0.4571, 0.0, 0.0026] **
max =  0.476 | max_idx =  2
**pseudo_label ->  [0.0, 0.0, 0.0, 0.0, 0.0, 0.9999, 0.0001] **
max =  0.9999 | max_idx =  5
**pseudo_label ->  [0.0009, 0.9266, 0.0001, 0.0515, 0.003, 0.0065, 0.0115] **
max =  0.9266 | max_idx =  1
Balance pseudo label class ->  [1, 2, 3, 4, 5, 6, 7]  value ->  144
add data ->  1008
Epoch 23/50, Train Loss: 0.4041, Valid Loss: 3.9150, Train Acc: 0.9472, Val Acc: 0.2736, Test Acc: 0.4098, Test F1: 0.2702, Total Pseudo-Labels: 0, Correct Pseudo-Labels: 0, Train Data Number: 2067



line 303 => train data수 2067
line 258 => 인스턴스 수 296
Step 941  Tim 1:25:27
acc_train_cw(현재 train의 class별 acc) [0.976, 0.827, 0.966, 0.87, 0.973, 0.575, 0.947]
cw_psl_total_eval(pseudo label 클래스별 총 샘플 수):  [282, 459, 376, 584, 547, 723, 144]
cw_psl_correct_eval(pseudo label 클래스별 맞은 샘플 수):  [193, 87, 98, 87, 139, 245, 31]
psl_acc(PSL 평가에서의 정확도):  0.283 
cw_psl_acc(클래스별 PSL 평가에서의 정확도):  [0.6843971610069275, 0.1895424872636795, 0.2606382966041565, 0.14897260069847107, 0.2541133463382721, 0.33886584639549255, 0.2152777761220932]
***pse_model_save --- epoch = 24***
Save model to ./experiment/python_extended_data/output/
**pseudo_label ->  [0.0038, 0.0011, 0.5549, 0.1319, 0.2651, 0.0, 0.0432] **
max =  0.5549 | max_idx =  2
**pseudo_label ->  [0.0, 0.0023, 0.0, 0.0, 0.013, 0.9831, 0.0016] **
max =  0.9831 | max_idx =  5
**pseudo_label ->  [0.0003, 0.0008, 0.0566, 0.1313, 0.5918, 0.0, 0.2192] **
max =  0.5918 | max_idx =  4
**pseudo_label ->  [0.0001, 0.5409, 0.0, 0.0001, 0.1895, 0.2654, 0.0041] **
max =  0.5409 | max_idx =  1
**pseudo_label ->  [0.0221, 0.0893, 0.0281, 0.7361, 0.0702, 0.0001, 0.0541] **
max =  0.7361 | max_idx =  3
Balance pseudo label class ->  [1, 2, 3, 4, 5, 6, 7]  value ->  214
add data ->  1498
Epoch 24/50, Train Loss: 0.3992, Valid Loss: 5.9170, Train Acc: 0.8626, Val Acc: 0.2866, Test Acc: 0.3115, Test F1: 0.2292, Total Pseudo-Labels: 0, Correct Pseudo-Labels: 0, Train Data Number: 2634



line 303 => train data수 2634
line 258 => 인스턴스 수 377
Step 1237  Tim 1:36:22
acc_train_cw(현재 train의 class별 acc) [0.958, 0.967, 0.94, 0.864, 0.935, 0.898, 0.695]
cw_psl_total_eval(pseudo label 클래스별 총 샘플 수):  [361, 449, 453, 366, 815, 240, 214]
cw_psl_correct_eval(pseudo label 클래스별 맞은 샘플 수):  [238, 77, 127, 54, 237, 123, 57]
psl_acc(PSL 평가에서의 정확도):  0.315 
cw_psl_acc(클래스별 PSL 평가에서의 정확도):  [0.6592797636985779, 0.17149220407009125, 0.2803531885147095, 0.14754098653793335, 0.29079753160476685, 0.512499988079071, 0.26635512709617615]
***pse_model_save --- epoch = 25***
Save model to ./experiment/python_extended_data/output/
**pseudo_label ->  [0.0102, 0.0037, 0.818, 0.1324, 0.0305, 0.0001, 0.0051] **
max =  0.818 | max_idx =  2
**pseudo_label ->  [0.0, 0.0023, 0.0, 0.0, 0.0056, 0.9921, 0.0] **
max =  0.9921 | max_idx =  5
**pseudo_label ->  [0.0006, 0.0014, 0.3095, 0.0202, 0.6641, 0.0004, 0.0038] **
max =  0.6641 | max_idx =  4
**pseudo_label ->  [0.0, 0.8611, 0.0, 0.0, 0.0038, 0.1325, 0.0026] **
max =  0.8611 | max_idx =  1
**pseudo_label ->  [0.0052, 0.9937, 0.0, 0.0002, 0.0005, 0.0003, 0.0001] **
max =  0.9937 | max_idx =  1
Balance pseudo label class ->  [1, 2, 3, 4, 5, 6, 7]  value ->  128
add data ->  896
Epoch 25/50, Train Loss: 0.2951, Valid Loss: 5.8881, Train Acc: 0.9058, Val Acc: 0.2020, Test Acc: 0.3443, Test F1: 0.2478, Total Pseudo-Labels: 0, Correct Pseudo-Labels: 0, Train Data Number: 2854



line 303 => train data수 2854
line 258 => 인스턴스 수 408
Step 1614  Tim 1:47:51
acc_train_cw(현재 train의 class별 acc) [0.97, 0.95, 0.955, 0.995, 0.795, 0.991, 0.966]
cw_psl_total_eval(pseudo label 클래스별 총 샘플 수):  [413, 723, 497, 380, 702, 402, 128]
cw_psl_correct_eval(pseudo label 클래스별 맞은 샘플 수):  [244, 133, 136, 60, 196, 166, 37]
psl_acc(PSL 평가에서의 정확도):  0.3 
cw_psl_acc(클래스별 PSL 평가에서의 정확도):  [0.5907990336418152, 0.18395574390888214, 0.2736418545246124, 0.15789473056793213, 0.27920228242874146, 0.4129353165626526, 0.2890625]
***pse_model_save --- epoch = 26***
Save model to ./experiment/python_extended_data/output/
**pseudo_label ->  [0.0085, 0.0008, 0.8724, 0.097, 0.021, 0.0, 0.0002] **
max =  0.8724 | max_idx =  2
**pseudo_label ->  [0.0, 0.0, 0.0, 0.0, 0.0, 0.9996, 0.0004] **
max =  0.9996 | max_idx =  5
**pseudo_label ->  [0.0002, 0.0004, 0.3769, 0.2195, 0.3827, 0.0002, 0.0201] **
max =  0.3827 | max_idx =  4
**pseudo_label ->  [0.0, 0.0498, 0.0, 0.0007, 0.0, 0.0109, 0.9385] **
max =  0.9385 | max_idx =  6
**pseudo_label ->  [0.0026, 0.7853, 0.0, 0.0004, 0.0028, 0.1974, 0.0114] **
max =  0.7853 | max_idx =  1
Balance pseudo label class ->  [1, 2, 3, 4, 5, 6, 7]  value ->  290
add data ->  2030
Epoch 26/50, Train Loss: 0.3120, Valid Loss: 5.7937, Train Acc: 0.9401, Val Acc: 0.2899, Test Acc: 0.3402, Test F1: 0.2389, Total Pseudo-Labels: 1, Correct Pseudo-Labels: 0, Train Data Number: 3290



line 303 => train data수 3290
line 258 => 인스턴스 수 470
Step 2022  Tim 2:00:43
acc_train_cw(현재 train의 class별 acc) [0.973, 0.974, 0.936, 0.955, 0.961, 0.952, 0.94]
cw_psl_total_eval(pseudo label 클래스별 총 샘플 수):  [410, 573, 466, 571, 473, 618, 290]
cw_psl_correct_eval(pseudo label 클래스별 맞은 샘플 수):  [248, 104, 128, 89, 128, 228, 76]
psl_acc(PSL 평가에서의 정확도):  0.294 
cw_psl_acc(클래스별 PSL 평가에서의 정확도):  [0.6048780679702759, 0.1815008670091629, 0.274678111076355, 0.15586690604686737, 0.2706131041049957, 0.3689320385456085, 0.2620689570903778]
***pse_model_save --- epoch = 27***
Save model to ./experiment/python_extended_data/output/
**pseudo_label ->  [0.0975, 0.003, 0.8494, 0.0444, 0.0056, 0.0, 0.0002] **
max =  0.8494 | max_idx =  2
**pseudo_label ->  [0.0, 0.0, 0.0, 0.0, 0.0013, 0.9987, 0.0] **
max =  0.9987 | max_idx =  5
**pseudo_label ->  [0.0027, 0.0011, 0.517, 0.0741, 0.4013, 0.0, 0.0038] **
max =  0.517 | max_idx =  2
**pseudo_label ->  [0.0001, 0.0672, 0.0, 0.0021, 0.0268, 0.0744, 0.8294] **
max =  0.8294 | max_idx =  6
**pseudo_label ->  [0.0014, 0.9826, 0.0, 0.0013, 0.0053, 0.0042, 0.0052] **
max =  0.9826 | max_idx =  1
Balance pseudo label class ->  [1, 2, 3, 4, 5, 6, 7]  value ->  296
add data ->  2072
Epoch 27/50, Train Loss: 0.2178, Valid Loss: 6.9805, Train Acc: 0.9568, Val Acc: 0.2671, Test Acc: 0.3791, Test F1: 0.2649, Total Pseudo-Labels: 0, Correct Pseudo-Labels: 0, Train Data Number: 3517



line 303 => train data수 3517
line 258 => 인스턴스 수 503
Step 2492  Tim 2:14:08
acc_train_cw(현재 train의 class별 acc) [0.977, 0.955, 0.99, 0.915, 0.971, 0.996, 0.966]
cw_psl_total_eval(pseudo label 클래스별 총 샘플 수):  [437, 615, 465, 498, 654, 507, 296]
cw_psl_correct_eval(pseudo label 클래스별 맞은 샘플 수):  [250, 105, 138, 77, 172, 215, 85]
psl_acc(PSL 평가에서의 정확도):  0.3 
cw_psl_acc(클래스별 PSL 평가에서의 정확도):  [0.5720824003219604, 0.17073170840740204, 0.2967741787433624, 0.15461847186088562, 0.26299694180488586, 0.424063116312027, 0.2871621549129486]
***pse_model_save --- epoch = 28***
Save model to ./experiment/python_extended_data/output/
**pseudo_label ->  [0.0057, 0.0, 0.9904, 0.0033, 0.0006, 0.0, 0.0] **
max =  0.9904 | max_idx =  2
**pseudo_label ->  [0.0, 0.0, 0.0, 0.0, 0.0, 1.0, 0.0] **
max =  1.0 | max_idx =  5
**pseudo_label ->  [0.0008, 0.0007, 0.1852, 0.0158, 0.7511, 0.0004, 0.046] **
max =  0.7511 | max_idx =  4
**pseudo_label ->  [0.0, 0.0056, 0.0, 0.001, 0.0004, 0.0012, 0.9919] **
max =  0.9919 | max_idx =  6
**pseudo_label ->  [0.0001, 0.9971, 0.0, 0.0001, 0.0002, 0.0015, 0.0011] **
max =  0.9971 | max_idx =  1
Balance pseudo label class ->  [1, 2, 3, 4, 5, 6, 7]  value ->  326
add data ->  2282
Epoch 28/50, Train Loss: 0.1831, Valid Loss: 8.0326, Train Acc: 0.9670, Val Acc: 0.2476, Test Acc: 0.3709, Test F1: 0.2626, Total Pseudo-Labels: 1, Correct Pseudo-Labels: 0, Train Data Number: 3674



line 303 => train data수 3674
line 258 => 인스턴스 수 525
Step 2995  Tim 2:28:07
acc_train_cw(현재 train의 class별 acc) [0.823, 0.965, 0.939, 1.0, 0.973, 1.0, 0.991]
cw_psl_total_eval(pseudo label 클래스별 총 샘플 수):  [448, 598, 527, 462, 661, 591, 326]
cw_psl_correct_eval(pseudo label 클래스별 맞은 샘플 수):  [255, 110, 147, 68, 170, 223, 89]
psl_acc(PSL 평가에서의 정확도):  0.294 
cw_psl_acc(클래스별 PSL 평가에서의 정확도):  [0.5691964030265808, 0.18394649028778076, 0.27893736958503723, 0.14718614518642426, 0.25718608498573303, 0.3773265779018402, 0.2730061411857605]
***pse_model_save --- epoch = 29***
Save model to ./experiment/python_extended_data/output/
**pseudo_label ->  [0.0008, 0.0, 0.9986, 0.0004, 0.0002, 0.0, 0.0] **
max =  0.9986 | max_idx =  2
**pseudo_label ->  [0.0, 0.0, 0.0, 0.0, 0.0, 1.0, 0.0] **
max =  1.0 | max_idx =  5
**pseudo_label ->  [0.0, 0.0, 0.0003, 0.0002, 0.959, 0.0003, 0.0402] **
max =  0.959 | max_idx =  4
**pseudo_label ->  [0.0, 0.0004, 0.0, 0.0087, 0.0, 0.0, 0.9909] **
max =  0.9909 | max_idx =  6
**pseudo_label ->  [0.0, 0.9238, 0.0, 0.0, 0.0001, 0.076, 0.0002] **
max =  0.9238 | max_idx =  1
Balance pseudo label class ->  [1, 2, 3, 4, 5, 6, 7]  value ->  338
add data ->  2366
Epoch 29/50, Train Loss: 0.1830, Valid Loss: 6.9463, Train Acc: 0.9575, Val Acc: 0.2508, Test Acc: 0.3443, Test F1: 0.2262, Total Pseudo-Labels: 1, Correct Pseudo-Labels: 0, Train Data Number: 3769



line 303 => train data수 3769
line 258 => 인스턴스 수 539
Step 3520  Tim 2:42:18
acc_train_cw(현재 train의 class별 acc) [0.899, 0.959, 0.986, 0.985, 0.985, 0.811, 0.922]
cw_psl_total_eval(pseudo label 클래스별 총 샘플 수):  [338, 601, 513, 568, 677, 618, 350]
cw_psl_correct_eval(pseudo label 클래스별 맞은 샘플 수):  [186, 104, 133, 82, 171, 226, 92]
psl_acc(PSL 평가에서의 정확도):  0.271 
cw_psl_acc(클래스별 PSL 평가에서의 정확도):  [0.5502958297729492, 0.17304491996765137, 0.25925925374031067, 0.14436618983745575, 0.25258493423461914, 0.3656958043575287, 0.2628571391105652]
***pse_model_save --- epoch = 30***
Save model to ./experiment/python_extended_data/output/
**pseudo_label ->  [0.0005, 0.0, 0.9992, 0.0003, 0.0, 0.0, 0.0] **
max =  0.9992 | max_idx =  2
**pseudo_label ->  [0.0, 0.0, 0.0, 0.0, 0.0073, 0.9927, 0.0] **
max =  0.9927 | max_idx =  5
**pseudo_label ->  [0.0, 0.0, 0.0191, 0.0005, 0.9796, 0.0, 0.0008] **
max =  0.9796 | max_idx =  4
**pseudo_label ->  [0.0, 0.2451, 0.0, 0.0038, 0.0098, 0.0138, 0.7274] **
max =  0.7274 | max_idx =  6
**pseudo_label ->  [0.0001, 0.9888, 0.0, 0.0001, 0.0013, 0.0065, 0.0032] **
max =  0.9888 | max_idx =  1
Balance pseudo label class ->  [1, 2, 3, 4, 5, 6, 7]  value ->  316
add data ->  2212
Epoch 30/50, Train Loss: 0.2130, Valid Loss: 7.1441, Train Acc: 0.9376, Val Acc: 0.2541, Test Acc: 0.3381, Test F1: 0.2736, Total Pseudo-Labels: 1, Correct Pseudo-Labels: 0, Train Data Number: 3818



line 303 => train data수 3818
line 258 => 인스턴스 수 546
Step 4059  Tim 2:56:40
acc_train_cw(현재 train의 class별 acc) [0.993, 0.969, 0.962, 0.988, 0.995, 0.859, 0.96]
cw_psl_total_eval(pseudo label 클래스별 총 샘플 수):  [368, 596, 588, 572, 814, 386, 316]
cw_psl_correct_eval(pseudo label 클래스별 맞은 샘플 수):  [216, 107, 157, 87, 214, 163, 92]
psl_acc(PSL 평가에서의 정확도):  0.285 
cw_psl_acc(클래스별 PSL 평가에서의 정확도):  [0.5869565010070801, 0.17953020334243774, 0.2670068144798279, 0.1520978957414627, 0.262899249792099, 0.42227980494499207, 0.29113924503326416]
***pse_model_save --- epoch = 31***
Save model to ./experiment/python_extended_data/output/
**pseudo_label ->  [0.0182, 0.0, 0.979, 0.0024, 0.0004, 0.0, 0.0] **
max =  0.979 | max_idx =  2
**pseudo_label ->  [0.0, 0.0, 0.0, 0.0, 0.0649, 0.935, 0.0] **
max =  0.935 | max_idx =  5
**pseudo_label ->  [0.0, 0.0, 0.0002, 0.0, 0.9988, 0.0002, 0.0007] **
max =  0.9988 | max_idx =  4
**pseudo_label ->  [0.0, 0.0642, 0.0, 0.0007, 0.0159, 0.0449, 0.8742] **
max =  0.8742 | max_idx =  6
**pseudo_label ->  [0.0, 0.9554, 0.0, 0.0267, 0.0, 0.0, 0.0179] **
max =  0.9554 | max_idx =  1
Balance pseudo label class ->  [1, 2, 3, 4, 5, 6, 7]  value ->  330
add data ->  2310
Epoch 31/50, Train Loss: 0.1568, Valid Loss: 8.2852, Train Acc: 0.9612, Val Acc: 0.2443, Test Acc: 0.2889, Test F1: 0.2351, Total Pseudo-Labels: 1, Correct Pseudo-Labels: 0, Train Data Number: 3855



line 303 => train data수 3855
line 258 => 인스턴스 수 551
Step 4605  Tim 3:11:07
acc_train_cw(현재 train의 class별 acc) [0.908, 0.877, 0.988, 0.986, 0.977, 0.938, 0.997]
cw_psl_total_eval(pseudo label 클래스별 총 샘플 수):  [421, 595, 534, 564, 836, 396, 330]
cw_psl_correct_eval(pseudo label 클래스별 맞은 샘플 수):  [238, 109, 147, 86, 206, 161, 92]
psl_acc(PSL 평가에서의 정확도):  0.283 
cw_psl_acc(클래스별 PSL 평가에서의 정확도):  [0.5653206706047058, 0.18319328129291534, 0.2752808928489685, 0.152482271194458, 0.2464114874601364, 0.40656566619873047, 0.27878788113594055]
***pse_model_save --- epoch = 32***
Save model to ./experiment/python_extended_data/output/
**pseudo_label ->  [0.0002, 0.0, 0.998, 0.0002, 0.0016, 0.0, 0.0] **
max =  0.998 | max_idx =  2
**pseudo_label ->  [0.0, 0.0, 0.0, 0.0, 0.0393, 0.9598, 0.0008] **
max =  0.9598 | max_idx =  5
**pseudo_label ->  [0.0, 0.0, 0.0054, 0.0, 0.9932, 0.0003, 0.0011] **
max =  0.9932 | max_idx =  4
**pseudo_label ->  [0.0, 0.0, 0.0, 0.0, 0.0, 0.0, 1.0] **
max =  1.0 | max_idx =  6
**pseudo_label ->  [0.0, 0.5162, 0.0, 0.0001, 0.0, 0.0001, 0.4836] **
max =  0.5162 | max_idx =  1
Balance pseudo label class ->  [1, 2, 3, 4, 5, 6, 7]  value ->  359
add data ->  2513
Epoch 32/50, Train Loss: 0.1688, Valid Loss: 8.4614, Train Acc: 0.9528, Val Acc: 0.2736, Test Acc: 0.2623, Test F1: 0.1992, Total Pseudo-Labels: 1, Correct Pseudo-Labels: 0, Train Data Number: 3871



line 303 => train data수 3871
line 258 => 인스턴스 수 553
Step 5156  Tim 3:25:42
acc_train_cw(현재 train의 class별 acc) [0.651, 0.824, 0.986, 0.983, 0.986, 0.968, 0.995]
cw_psl_total_eval(pseudo label 클래스별 총 샘플 수):  [359, 490, 576, 573, 785, 454, 405]
cw_psl_correct_eval(pseudo label 클래스별 맞은 샘플 수):  [210, 83, 149, 87, 197, 176, 106]
psl_acc(PSL 평가에서의 정확도):  0.277 
cw_psl_acc(클래스별 PSL 평가에서의 정확도):  [0.5849581956863403, 0.16938775777816772, 0.2586805522441864, 0.1518324613571167, 0.25095540285110474, 0.3876652121543884, 0.2617284059524536]
***pse_model_save --- epoch = 33***
Save model to ./experiment/python_extended_data/output/
**pseudo_label ->  [0.0002, 0.0, 0.9927, 0.0021, 0.0051, 0.0, 0.0] **
max =  0.9927 | max_idx =  2
**pseudo_label ->  [0.0, 0.0, 0.0, 0.0, 0.0009, 0.9978, 0.0013] **
max =  0.9978 | max_idx =  5
**pseudo_label ->  [0.0, 0.0, 0.0002, 0.0, 0.9994, 0.0, 0.0004] **
max =  0.9994 | max_idx =  4
**pseudo_label ->  [0.0, 0.0007, 0.0, 0.0, 0.0, 0.0004, 0.9989] **
max =  0.9989 | max_idx =  6
**pseudo_label ->  [0.0, 0.3186, 0.0, 0.0012, 0.0001, 0.0017, 0.6785] **
max =  0.6785 | max_idx =  6
Balance pseudo label class ->  [1, 2, 3, 4, 5, 6, 7]  value ->  184
add data ->  1288
Epoch 33/50, Train Loss: 0.1753, Valid Loss: 8.6347, Train Acc: 0.9235, Val Acc: 0.2476, Test Acc: 0.3156, Test F1: 0.2357, Total Pseudo-Labels: 1, Correct Pseudo-Labels: 0, Train Data Number: 3878



line 303 => train data수 3878
line 258 => 인스턴스 수 554
Step 5709  Tim 3:40:13
acc_train_cw(현재 train의 class별 acc) [0.859, 0.987, 0.995, 0.993, 0.985, 0.992, 0.89]
cw_psl_total_eval(pseudo label 클래스별 총 샘플 수):  [184, 407, 650, 573, 769, 489, 472]
cw_psl_correct_eval(pseudo label 클래스별 맞은 샘플 수):  [108, 76, 156, 85, 196, 195, 126]
psl_acc(PSL 평가에서의 정확도):  0.266 
cw_psl_acc(클래스별 PSL 평가에서의 정확도):  [0.5869565010070801, 0.1867321878671646, 0.23999999463558197, 0.1483420580625534, 0.2548764646053314, 0.3987730145454407, 0.2669491469860077]
***pse_model_save --- epoch = 34***
Save model to ./experiment/python_extended_data/output/
**pseudo_label ->  [0.0003, 0.0, 0.9991, 0.0004, 0.0002, 0.0, 0.0] **
max =  0.9991 | max_idx =  2
**pseudo_label ->  [0.0, 0.0, 0.0, 0.0, 0.0002, 0.9997, 0.0] **
max =  0.9997 | max_idx =  5
**pseudo_label ->  [0.0, 0.0, 0.0016, 0.0, 0.9983, 0.0, 0.0001] **
max =  0.9983 | max_idx =  4
**pseudo_label ->  [0.0, 0.0203, 0.0, 0.0017, 0.0, 0.0003, 0.9777] **
max =  0.9777 | max_idx =  6
**pseudo_label ->  [0.0, 0.9609, 0.0, 0.0016, 0.0005, 0.0009, 0.0361] **
max =  0.9609 | max_idx =  1
Balance pseudo label class ->  [1, 2, 3, 4, 5, 6, 7]  value ->  280
add data ->  1960
Epoch 34/50, Train Loss: 0.1218, Valid Loss: 8.8601, Train Acc: 0.9662, Val Acc: 0.2150, Test Acc: 0.3176, Test F1: 0.2275, Total Pseudo-Labels: 1, Correct Pseudo-Labels: 0, Train Data Number: 3885



line 303 => train data수 3885
line 258 => 인스턴스 수 555
Step 6263  Tim 3:54:42
acc_train_cw(현재 train의 class별 acc) [0.995, 0.862, 0.972, 0.983, 0.991, 0.974, 0.911]
cw_psl_total_eval(pseudo label 클래스별 총 샘플 수):  [280, 556, 618, 601, 789, 528, 338]
cw_psl_correct_eval(pseudo label 클래스별 맞은 샘플 수):  [190, 98, 160, 87, 198, 203, 93]
psl_acc(PSL 평가에서의 정확도):  0.277 
cw_psl_acc(클래스별 PSL 평가에서의 정확도):  [0.6785714030265808, 0.17625899612903595, 0.2588996887207031, 0.14475873112678528, 0.25095057487487793, 0.3844696879386902, 0.2751479148864746]
***pse_model_save --- epoch = 35***
Save model to ./experiment/python_extended_data/output/
**pseudo_label ->  [0.0036, 0.0, 0.9957, 0.0006, 0.0001, 0.0, 0.0] **
max =  0.9957 | max_idx =  2
**pseudo_label ->  [0.0, 0.0, 0.0, 0.0, 0.0015, 0.9985, 0.0] **
max =  0.9985 | max_idx =  5
**pseudo_label ->  [0.0, 0.0, 0.0044, 0.0001, 0.9953, 0.0, 0.0002] **
max =  0.9953 | max_idx =  