current work directory:  /home/imsuhan22/few-shot-tc/custom_ssl/code
Data set -> python_extended_data
save_name: 5_codesage-base_0.0003_0.7_python_extended_data

data_path:  ../data/problem_based_split/python_extended_data

There are 2 GPU(s) available.
We will use the GPU- 0 Quadro RTX 8000

**line 147 모델 =>  codesage/codesage-base
**tokenizer type =  codesage/codesage-base 

pesudo label class개수 기준 -> 5
n_labeled_per_class:  5
train_df samples: 3974
train_labeled_df samples: 35
train_unlabeled_df samples: 3939
n_classes:  7 


net_arch:  codesage/codesage-base 
lr:  0.0003 
lr_linear:  0.001 




line 303 => train data수 35
line 258 => 인스턴스 수 5
Step 0  Tim 0:00:22
acc_train_cw(현재 train의 class별 acc) [0.4, 0.0, 0.2, 0.4, 0.2, 0.0, 0.0]
cw_psl_total_eval(pseudo label 클래스별 총 샘플 수):  [0, 0, 0, 0, 0, 0, 0]
cw_psl_correct_eval(pseudo label 클래스별 맞은 샘플 수):  [0, 0, 0, 0, 0, 0, 0]
psl_acc(PSL 평가에서의 정확도): None 
cw_psl_acc(클래스별 PSL 평가에서의 정확도):  [nan, nan, nan, nan, nan, nan, nan]
***best_acc_model_save --- epoch = 1***
Save model to ./experiment/python_extended_data/output/
**pseudo_label ->  [0.0834, 0.0935, 0.265, 0.2387, 0.1067, 0.0159, 0.1968] **
max =  0.265 | max_idx =  2
**pseudo_label ->  [0.1377, 0.1146, 0.0572, 0.3158, 0.2198, 0.012, 0.1431] **
max =  0.3158 | max_idx =  3
**pseudo_label ->  [0.2072, 0.0643, 0.1412, 0.4507, 0.0359, 0.0379, 0.0629] **
max =  0.4507 | max_idx =  3
**pseudo_label ->  [0.0434, 0.238, 0.0619, 0.5351, 0.0815, 0.0222, 0.018] **
max =  0.5351 | max_idx =  3
**pseudo_label ->  [0.1464, 0.0718, 0.0602, 0.2779, 0.1747, 0.0377, 0.2312] **
max =  0.2779 | max_idx =  3
Balance pseudo label class ->  [1, 2, 3, 4, 5, 7]  value ->  1
add data ->  6
Epoch 1/50, Train Loss: 6.8847, Valid Loss: 1.9349, Train Acc: 0.1714, Val Acc: 0.3192, Test Acc: 0.1455, Test F1: 0.1009, Total Pseudo-Labels: 0, Correct Pseudo-Labels: 0, Train Data Number: 41



line 303 => train data수 41
line 258 => 인스턴스 수 6
Step 5  Tim 0:02:52
acc_train_cw(현재 train의 class별 acc) [0.0, 0.0, 0.0, 1.0, 0.0, 0.0, 0.0]
cw_psl_total_eval(pseudo label 클래스별 총 샘플 수):  [33, 2, 9, 382, 37, 0, 1]
cw_psl_correct_eval(pseudo label 클래스별 맞은 샘플 수):  [19, 1, 0, 78, 13, 0, 0]
psl_acc(PSL 평가에서의 정확도):  0.239 
cw_psl_acc(클래스별 PSL 평가에서의 정확도):  [0.5757575631141663, 0.5, 0.0, 0.2041884809732437, 0.3513513505458832, nan, 0.0]
***pse_model_save --- epoch = 2***
Save model to ./experiment/python_extended_data/output/
**pseudo_label ->  [0.1994, 0.0264, 0.0377, 0.2993, 0.2525, 0.003, 0.1819] **
max =  0.2993 | max_idx =  3
**pseudo_label ->  [0.1852, 0.0174, 0.025, 0.3026, 0.2234, 0.0025, 0.2439] **
max =  0.3026 | max_idx =  3
**pseudo_label ->  [0.1316, 0.0293, 0.0301, 0.2389, 0.2713, 0.0024, 0.2963] **
max =  0.2963 | max_idx =  6
**pseudo_label ->  [0.1614, 0.0141, 0.0445, 0.2156, 0.2778, 0.0023, 0.2844] **
max =  0.2844 | max_idx =  6
**pseudo_label ->  [0.2261, 0.023, 0.0318, 0.2682, 0.2144, 0.0041, 0.2324] **
max =  0.2682 | max_idx =  3
Epoch 2/50, Train Loss: 3.1001, Valid Loss: 2.2980, Train Acc: 0.1463, Val Acc: 0.3876, Test Acc: 0.1619, Test F1: 0.0398, Total Pseudo-Labels: 0, Correct Pseudo-Labels: 0, Train Data Number: 41



line 303 => train data수 41
line 258 => 인스턴스 수 6
Step 11  Tim 0:05:49
acc_train_cw(현재 train의 class별 acc) [0.0, 0.0, 1.0, 0.0, 0.0, 0.0, 0.0]
cw_psl_total_eval(pseudo label 클래스별 총 샘플 수):  [0, 0, 0, 0, 24, 0, 0]
cw_psl_correct_eval(pseudo label 클래스별 맞은 샘플 수):  [0, 0, 0, 0, 2, 0, 0]
psl_acc(PSL 평가에서의 정확도):  0.083 
cw_psl_acc(클래스별 PSL 평가에서의 정확도):  [nan, nan, nan, nan, 0.0833333358168602, nan, nan]
**pseudo_label ->  [0.2331, 0.0302, 0.3036, 0.0356, 0.2203, 0.0522, 0.125] **
max =  0.3036 | max_idx =  2
**pseudo_label ->  [0.2808, 0.0246, 0.1936, 0.0188, 0.1223, 0.1269, 0.233] **
max =  0.2808 | max_idx =  0
**pseudo_label ->  [0.2, 0.0304, 0.3722, 0.0347, 0.2001, 0.0581, 0.1045] **
max =  0.3722 | max_idx =  2
**pseudo_label ->  [0.2774, 0.0272, 0.2649, 0.0384, 0.2258, 0.0475, 0.1189] **
max =  0.2774 | max_idx =  0
**pseudo_label ->  [0.2735, 0.0275, 0.3033, 0.0234, 0.198, 0.068, 0.1062] **
max =  0.3033 | max_idx =  2
Epoch 3/50, Train Loss: 2.3761, Valid Loss: 1.7148, Train Acc: 0.1463, Val Acc: 0.2280, Test Acc: 0.1230, Test F1: 0.0313, Total Pseudo-Labels: 0, Correct Pseudo-Labels: 0, Train Data Number: 41



line 303 => train data수 41
line 258 => 인스턴스 수 6
Step 17  Tim 0:08:08
acc_train_cw(현재 train의 class별 acc) [0.0, 0.0, 0.0, 1.0, 0.0, 0.0, 0.0]
cw_psl_total_eval(pseudo label 클래스별 총 샘플 수):  [0, 0, 0, 0, 0, 0, 0]
cw_psl_correct_eval(pseudo label 클래스별 맞은 샘플 수):  [0, 0, 0, 0, 0, 0, 0]
psl_acc(PSL 평가에서의 정확도): None 
cw_psl_acc(클래스별 PSL 평가에서의 정확도):  [nan, nan, nan, nan, nan, nan, nan]
**pseudo_label ->  [0.105, 0.1014, 0.1337, 0.2517, 0.1828, 0.056, 0.1693] **
max =  0.2517 | max_idx =  3
**pseudo_label ->  [0.0906, 0.1275, 0.13, 0.3327, 0.1711, 0.0431, 0.105] **
max =  0.3327 | max_idx =  3
**pseudo_label ->  [0.1841, 0.0088, 0.0126, 0.441, 0.0454, 0.0501, 0.258] **
max =  0.441 | max_idx =  3
**pseudo_label ->  [0.1293, 0.0889, 0.1175, 0.2222, 0.2151, 0.0565, 0.1704] **
max =  0.2222 | max_idx =  3
**pseudo_label ->  [0.0926, 0.0976, 0.2447, 0.288, 0.1329, 0.0588, 0.0856] **
max =  0.288 | max_idx =  3
Epoch 4/50, Train Loss: 2.2670, Valid Loss: 2.1387, Train Acc: 0.1463, Val Acc: 0.3876, Test Acc: 0.1619, Test F1: 0.0398, Total Pseudo-Labels: 0, Correct Pseudo-Labels: 0, Train Data Number: 41



line 303 => train data수 41
line 258 => 인스턴스 수 6
Step 23  Tim 0:10:25
acc_train_cw(현재 train의 class별 acc) [1.0, 0.0, 0.0, 0.0, 0.0, 0.0, 0.0]
cw_psl_total_eval(pseudo label 클래스별 총 샘플 수):  [0, 0, 0, 0, 2, 0, 0]
cw_psl_correct_eval(pseudo label 클래스별 맞은 샘플 수):  [0, 0, 0, 0, 0, 0, 0]
psl_acc(PSL 평가에서의 정확도):  0.0 
cw_psl_acc(클래스별 PSL 평가에서의 정확도):  [nan, nan, nan, nan, 0.0, nan, nan]
**pseudo_label ->  [0.1788, 0.2665, 0.182, 0.0418, 0.1611, 0.0337, 0.136] **
max =  0.2665 | max_idx =  1
**pseudo_label ->  [0.263, 0.0144, 0.0236, 0.1356, 0.0563, 0.0272, 0.48] **
max =  0.48 | max_idx =  6
**pseudo_label ->  [0.2842, 0.2217, 0.1765, 0.066, 0.1336, 0.0283, 0.0898] **
max =  0.2842 | max_idx =  0
**pseudo_label ->  [0.2031, 0.2521, 0.1762, 0.0808, 0.1569, 0.0426, 0.0882] **
max =  0.2521 | max_idx =  1
**pseudo_label ->  [0.2294, 0.2372, 0.1992, 0.0844, 0.1278, 0.0333, 0.0887] **
max =  0.2372 | max_idx =  1
Epoch 5/50, Train Loss: 2.5628, Valid Loss: 2.5512, Train Acc: 0.1463, Val Acc: 0.0912, Test Acc: 0.0779, Test F1: 0.0206, Total Pseudo-Labels: 0, Correct Pseudo-Labels: 0, Train Data Number: 41



line 303 => train data수 41
line 258 => 인스턴스 수 6
Step 29  Tim 0:12:42
acc_train_cw(현재 train의 class별 acc) [0.0, 0.0, 0.0, 0.0, 0.0, 1.0, 0.0]
cw_psl_total_eval(pseudo label 클래스별 총 샘플 수):  [0, 0, 0, 0, 0, 0, 0]
cw_psl_correct_eval(pseudo label 클래스별 맞은 샘플 수):  [0, 0, 0, 0, 0, 0, 0]
psl_acc(PSL 평가에서의 정확도): None 
cw_psl_acc(클래스별 PSL 평가에서의 정확도):  [nan, nan, nan, nan, nan, nan, nan]
**pseudo_label ->  [0.0418, 0.0426, 0.041, 0.155, 0.0294, 0.6605, 0.0296] **
max =  0.6605 | max_idx =  5
**pseudo_label ->  [0.0444, 0.0569, 0.0755, 0.1917, 0.0221, 0.5753, 0.0341] **
max =  0.5753 | max_idx =  5
**pseudo_label ->  [0.0734, 0.0601, 0.1758, 0.0632, 0.0621, 0.5266, 0.0387] **
max =  0.5266 | max_idx =  5
**pseudo_label ->  [0.0303, 0.0486, 0.078, 0.1212, 0.0356, 0.6504, 0.0358] **
max =  0.6504 | max_idx =  5
**pseudo_label ->  [0.0491, 0.0951, 0.0959, 0.1626, 0.0328, 0.5087, 0.0558] **
max =  0.5087 | max_idx =  5
Epoch 6/50, Train Loss: 2.4214, Valid Loss: 2.6728, Train Acc: 0.1220, Val Acc: 0.0261, Test Acc: 0.2971, Test F1: 0.0654, Total Pseudo-Labels: 0, Correct Pseudo-Labels: 0, Train Data Number: 41



line 303 => train data수 41
line 258 => 인스턴스 수 6
Step 35  Tim 0:15:00
acc_train_cw(현재 train의 class별 acc) [0.0, 0.0, 0.0, 0.0, 0.0, 0.0, 1.0]
cw_psl_total_eval(pseudo label 클래스별 총 샘플 수):  [0, 0, 0, 0, 0, 318, 0]
cw_psl_correct_eval(pseudo label 클래스별 맞은 샘플 수):  [0, 0, 0, 0, 0, 33, 0]
psl_acc(PSL 평가에서의 정확도):  0.104 
cw_psl_acc(클래스별 PSL 평가에서의 정확도):  [nan, nan, nan, nan, nan, 0.1037735864520073, nan]
**pseudo_label ->  [0.0891, 0.1953, 0.1362, 0.0342, 0.0856, 0.009, 0.4506] **
max =  0.4506 | max_idx =  6
**pseudo_label ->  [0.1781, 0.0646, 0.1645, 0.0452, 0.2917, 0.0055, 0.2505] **
max =  0.2917 | max_idx =  4
**pseudo_label ->  [0.1346, 0.1941, 0.1265, 0.0302, 0.0908, 0.0048, 0.419] **
max =  0.419 | max_idx =  6
**pseudo_label ->  [0.1182, 0.2484, 0.1096, 0.0295, 0.0787, 0.0058, 0.4099] **
max =  0.4099 | max_idx =  6
**pseudo_label ->  [0.0968, 0.2351, 0.1214, 0.0279, 0.1283, 0.0069, 0.3834] **
max =  0.3834 | max_idx =  6
Epoch 7/50, Train Loss: 2.8781, Valid Loss: 2.1817, Train Acc: 0.1463, Val Acc: 0.1173, Test Acc: 0.0184, Test F1: 0.0052, Total Pseudo-Labels: 0, Correct Pseudo-Labels: 0, Train Data Number: 41



line 303 => train data수 41
line 258 => 인스턴스 수 6
Step 41  Tim 0:17:17
acc_train_cw(현재 train의 class별 acc) [0.0, 0.0, 0.0, 0.0, 1.0, 0.0, 0.0]
cw_psl_total_eval(pseudo label 클래스별 총 샘플 수):  [0, 0, 0, 0, 0, 0, 393]
cw_psl_correct_eval(pseudo label 클래스별 맞은 샘플 수):  [0, 0, 0, 0, 0, 0, 56]
psl_acc(PSL 평가에서의 정확도):  0.142 
cw_psl_acc(클래스별 PSL 평가에서의 정확도):  [nan, nan, nan, nan, nan, nan, 0.14249363541603088]
**pseudo_label ->  [0.1337, 0.2225, 0.1195, 0.1233, 0.3043, 0.0721, 0.0246] **
max =  0.3043 | max_idx =  4
**pseudo_label ->  [0.126, 0.2052, 0.1184, 0.1709, 0.2841, 0.069, 0.0264] **
max =  0.2841 | max_idx =  4
**pseudo_label ->  [0.3394, 0.0068, 0.021, 0.2586, 0.3235, 0.0276, 0.0231] **
max =  0.3394 | max_idx =  0
**pseudo_label ->  [0.1149, 0.2147, 0.1022, 0.1416, 0.3476, 0.0557, 0.0234] **
max =  0.3476 | max_idx =  4
**pseudo_label ->  [0.119, 0.3332, 0.1085, 0.1268, 0.2146, 0.0758, 0.0222] **
max =  0.3332 | max_idx =  1
Epoch 8/50, Train Loss: 2.4183, Valid Loss: 2.2803, Train Acc: 0.1463, Val Acc: 0.1433, Test Acc: 0.0430, Test F1: 0.0118, Total Pseudo-Labels: 0, Correct Pseudo-Labels: 0, Train Data Number: 41



line 303 => train data수 41
line 258 => 인스턴스 수 6
Step 47  Tim 0:19:34
acc_train_cw(현재 train의 class별 acc) [0.833, 0.0, 0.0, 0.0, 0.0, 0.6, 0.0]
cw_psl_total_eval(pseudo label 클래스별 총 샘플 수):  [0, 0, 0, 0, 31, 0, 0]
cw_psl_correct_eval(pseudo label 클래스별 맞은 샘플 수):  [0, 0, 0, 0, 5, 0, 0]
psl_acc(PSL 평가에서의 정확도):  0.161 
cw_psl_acc(클래스별 PSL 평가에서의 정확도):  [nan, nan, nan, nan, 0.16129031777381897, nan, nan]
**pseudo_label ->  [0.225, 0.1813, 0.0363, 0.1295, 0.0891, 0.1812, 0.1576] **
max =  0.225 | max_idx =  0
**pseudo_label ->  [0.1759, 0.2012, 0.056, 0.135, 0.0924, 0.1615, 0.178] **
max =  0.2012 | max_idx =  1
**pseudo_label ->  [0.2076, 0.1875, 0.0522, 0.1293, 0.0822, 0.1615, 0.1797] **
max =  0.2076 | max_idx =  0
**pseudo_label ->  [0.1732, 0.2004, 0.0539, 0.1691, 0.0965, 0.1641, 0.1429] **
max =  0.2004 | max_idx =  1
**pseudo_label ->  [0.229, 0.2155, 0.0487, 0.0861, 0.0644, 0.1671, 0.1891] **
max =  0.229 | max_idx =  0
Epoch 9/50, Train Loss: 2.1469, Valid Loss: 1.8256, Train Acc: 0.1951, Val Acc: 0.1010, Test Acc: 0.1680, Test F1: 0.0818, Total Pseudo-Labels: 0, Correct Pseudo-Labels: 0, Train Data Number: 41



line 303 => train data수 41
line 258 => 인스턴스 수 6
Step 53  Tim 0:21:51
acc_train_cw(현재 train의 class별 acc) [0.0, 0.0, 1.0, 0.0, 0.0, 0.0, 0.0]
cw_psl_total_eval(pseudo label 클래스별 총 샘플 수):  [0, 0, 0, 0, 0, 0, 0]
cw_psl_correct_eval(pseudo label 클래스별 맞은 샘플 수):  [0, 0, 0, 0, 0, 0, 0]
psl_acc(PSL 평가에서의 정확도): None 
cw_psl_acc(클래스별 PSL 평가에서의 정확도):  [nan, nan, nan, nan, nan, nan, nan]
**pseudo_label ->  [0.0714, 0.1143, 0.3637, 0.1463, 0.1281, 0.0579, 0.1184] **
max =  0.3637 | max_idx =  2
**pseudo_label ->  [0.0618, 0.1464, 0.3683, 0.1614, 0.1509, 0.0573, 0.0539] **
max =  0.3683 | max_idx =  2
**pseudo_label ->  [0.0678, 0.0847, 0.4423, 0.0304, 0.2941, 0.0389, 0.0418] **
max =  0.4423 | max_idx =  2
**pseudo_label ->  [0.0875, 0.1179, 0.3961, 0.1506, 0.1306, 0.0375, 0.0798] **
max =  0.3961 | max_idx =  2
**pseudo_label ->  [0.0688, 0.0665, 0.5753, 0.0173, 0.1728, 0.047, 0.0523] **
max =  0.5753 | max_idx =  2
Epoch 10/50, Train Loss: 2.4360, Valid Loss: 2.0362, Train Acc: 0.1463, Val Acc: 0.2280, Test Acc: 0.1230, Test F1: 0.0313, Total Pseudo-Labels: 0, Correct Pseudo-Labels: 0, Train Data Number: 41



line 303 => train data수 41
line 258 => 인스턴스 수 6
Step 59  Tim 0:24:07
acc_train_cw(현재 train의 class별 acc) [0.833, 0.5, 0.0, 0.0, 0.0, 0.0, 0.0]
cw_psl_total_eval(pseudo label 클래스별 총 샘플 수):  [0, 0, 0, 0, 0, 0, 0]
cw_psl_correct_eval(pseudo label 클래스별 맞은 샘플 수):  [0, 0, 0, 0, 0, 0, 0]
psl_acc(PSL 평가에서의 정확도): None 
cw_psl_acc(클래스별 PSL 평가에서의 정확도):  [nan, nan, nan, nan, nan, nan, nan]
**pseudo_label ->  [0.2399, 0.1603, 0.0548, 0.2045, 0.0803, 0.0969, 0.1633] **
max =  0.2399 | max_idx =  0
**pseudo_label ->  [0.1772, 0.2241, 0.0526, 0.1849, 0.0751, 0.0981, 0.188] **
max =  0.2241 | max_idx =  1
**pseudo_label ->  [0.3064, 0.0067, 0.0055, 0.4824, 0.0216, 0.0392, 0.1382] **
max =  0.4824 | max_idx =  3
**pseudo_label ->  [0.421, 0.0443, 0.0282, 0.0962, 0.0487, 0.1228, 0.2388] **
max =  0.421 | max_idx =  0
**pseudo_label ->  [0.2317, 0.239, 0.0501, 0.0808, 0.0737, 0.1404, 0.1843] **
max =  0.239 | max_idx =  1
Epoch 11/50, Train Loss: 2.2024, Valid Loss: 2.1574, Train Acc: 0.1951, Val Acc: 0.0782, Test Acc: 0.0902, Test F1: 0.0323, Total Pseudo-Labels: 0, Correct Pseudo-Labels: 0, Train Data Number: 41



line 303 => train data수 41
line 258 => 인스턴스 수 6
Step 65  Tim 0:26:24
acc_train_cw(현재 train의 class별 acc) [0.0, 1.0, 0.167, 0.0, 0.333, 0.0, 0.0]
cw_psl_total_eval(pseudo label 클래스별 총 샘플 수):  [0, 0, 0, 0, 0, 0, 0]
cw_psl_correct_eval(pseudo label 클래스별 맞은 샘플 수):  [0, 0, 0, 0, 0, 0, 0]
psl_acc(PSL 평가에서의 정확도): None 
cw_psl_acc(클래스별 PSL 평가에서의 정확도):  [nan, nan, nan, nan, nan, nan, nan]
**pseudo_label ->  [0.0557, 0.3804, 0.1975, 0.0657, 0.1104, 0.0815, 0.1087] **
max =  0.3804 | max_idx =  1
**pseudo_label ->  [0.0367, 0.5115, 0.1765, 0.0347, 0.0817, 0.0838, 0.0752] **
max =  0.5115 | max_idx =  1
**pseudo_label ->  [0.095, 0.2392, 0.1747, 0.0597, 0.1486, 0.1076, 0.1751] **
max =  0.2392 | max_idx =  1
**pseudo_label ->  [0.1184, 0.1128, 0.2615, 0.1433, 0.2316, 0.0253, 0.107] **
max =  0.2615 | max_idx =  2
**pseudo_label ->  [0.0662, 0.2513, 0.187, 0.0683, 0.2417, 0.1042, 0.0814] **
max =  0.2513 | max_idx =  1
Epoch 12/50, Train Loss: 2.0439, Valid Loss: 2.1820, Train Acc: 0.2195, Val Acc: 0.0489, Test Acc: 0.2008, Test F1: 0.1156, Total Pseudo-Labels: 0, Correct Pseudo-Labels: 0, Train Data Number: 41



line 303 => train data수 41
line 258 => 인스턴스 수 6
Step 71  Tim 0:28:41
acc_train_cw(현재 train의 class별 acc) [0.833, 0.0, 0.167, 0.0, 0.833, 0.8, 0.0]
cw_psl_total_eval(pseudo label 클래스별 총 샘플 수):  [0, 6, 0, 0, 0, 0, 0]
cw_psl_correct_eval(pseudo label 클래스별 맞은 샘플 수):  [0, 0, 0, 0, 0, 0, 0]
psl_acc(PSL 평가에서의 정확도):  0.0 
cw_psl_acc(클래스별 PSL 평가에서의 정확도):  [nan, 0.0, nan, nan, nan, nan, nan]
**pseudo_label ->  [0.1148, 0.049, 0.3223, 0.0108, 0.3906, 0.0913, 0.0212] **
max =  0.3906 | max_idx =  4
**pseudo_label ->  [0.1638, 0.1313, 0.2722, 0.0309, 0.1474, 0.2162, 0.0383] **
max =  0.2722 | max_idx =  2
**pseudo_label ->  [0.1855, 0.0059, 0.1501, 0.0546, 0.5819, 0.0158, 0.0062] **
max =  0.5819 | max_idx =  4
**pseudo_label ->  [0.3754, 0.0077, 0.2341, 0.0568, 0.2513, 0.0458, 0.0289] **
max =  0.3754 | max_idx =  0
**pseudo_label ->  [0.1802, 0.0907, 0.2192, 0.0481, 0.257, 0.1707, 0.034] **
max =  0.257 | max_idx =  4
Epoch 13/50, Train Loss: 1.9552, Valid Loss: 3.0967, Train Acc: 0.3659, Val Acc: 0.1922, Test Acc: 0.2480, Test F1: 0.1663, Total Pseudo-Labels: 0, Correct Pseudo-Labels: 0, Train Data Number: 41



line 303 => train data수 41
line 258 => 인스턴스 수 6
Step 77  Tim 0:30:58
acc_train_cw(현재 train의 class별 acc) [0.0, 1.0, 0.0, 0.0, 0.0, 0.0, 0.5]
cw_psl_total_eval(pseudo label 클래스별 총 샘플 수):  [2, 0, 0, 0, 5, 0, 0]
cw_psl_correct_eval(pseudo label 클래스별 맞은 샘플 수):  [1, 0, 0, 0, 0, 0, 0]
psl_acc(PSL 평가에서의 정확도):  0.143 
cw_psl_acc(클래스별 PSL 평가에서의 정확도):  [0.5, nan, nan, nan, 0.0, nan, nan]
**pseudo_label ->  [0.0142, 0.0285, 0.0058, 0.0167, 0.0025, 0.1277, 0.8045] **
max =  0.8045 | max_idx =  6
**pseudo_label ->  [0.01, 0.2887, 0.1265, 0.002, 0.0152, 0.2822, 0.2754] **
max =  0.2887 | max_idx =  1
**pseudo_label ->  [0.0083, 0.3209, 0.0886, 0.0234, 0.0122, 0.1485, 0.398] **
max =  0.398 | max_idx =  6
**pseudo_label ->  [0.03, 0.1837, 0.2469, 0.1389, 0.0338, 0.1155, 0.2512] **
max =  0.2512 | max_idx =  6
**pseudo_label ->  [0.0036, 0.3824, 0.0591, 0.0091, 0.0059, 0.181, 0.3587] **
max =  0.3824 | max_idx =  1
Epoch 14/50, Train Loss: 2.1139, Valid Loss: 1.8691, Train Acc: 0.2195, Val Acc: 0.0423, Test Acc: 0.0328, Test F1: 0.0146, Total Pseudo-Labels: 0, Correct Pseudo-Labels: 0, Train Data Number: 41



line 303 => train data수 41
line 258 => 인스턴스 수 6
Step 83  Tim 0:33:16
acc_train_cw(현재 train의 class별 acc) [1.0, 0.0, 0.0, 0.0, 0.0, 0.0, 0.0]
cw_psl_total_eval(pseudo label 클래스별 총 샘플 수):  [0, 1, 0, 0, 0, 0, 232]
cw_psl_correct_eval(pseudo label 클래스별 맞은 샘플 수):  [0, 0, 0, 0, 0, 0, 31]
psl_acc(PSL 평가에서의 정확도):  0.133 
cw_psl_acc(클래스별 PSL 평가에서의 정확도):  [nan, 0.0, nan, nan, nan, nan, 0.13362069427967072]
**pseudo_label ->  [0.2716, 0.0782, 0.19, 0.2041, 0.1346, 0.0481, 0.0734] **
max =  0.2716 | max_idx =  0
**pseudo_label ->  [0.2745, 0.0617, 0.2094, 0.191, 0.1165, 0.0662, 0.0808] **
max =  0.2745 | max_idx =  0
**pseudo_label ->  [0.3215, 0.0289, 0.251, 0.0951, 0.2071, 0.0547, 0.0418] **
max =  0.3215 | max_idx =  0
**pseudo_label ->  [0.5286, 0.0137, 0.1123, 0.118, 0.0966, 0.0383, 0.0925] **
max =  0.5286 | max_idx =  0
**pseudo_label ->  [0.2519, 0.0804, 0.1491, 0.2661, 0.1219, 0.0411, 0.0895] **
max =  0.2661 | max_idx =  3
Epoch 15/50, Train Loss: 1.9803, Valid Loss: 2.6607, Train Acc: 0.1463, Val Acc: 0.0912, Test Acc: 0.0779, Test F1: 0.0206, Total Pseudo-Labels: 0, Correct Pseudo-Labels: 0, Train Data Number: 41



line 303 => train data수 41
line 258 => 인스턴스 수 6
Step 89  Tim 0:35:33
acc_train_cw(현재 train의 class별 acc) [0.0, 0.0, 0.0, 0.0, 0.5, 1.0, 0.0]
cw_psl_total_eval(pseudo label 클래스별 총 샘플 수):  [6, 0, 0, 0, 0, 0, 0]
cw_psl_correct_eval(pseudo label 클래스별 맞은 샘플 수):  [1, 0, 0, 0, 0, 0, 0]
psl_acc(PSL 평가에서의 정확도):  0.167 
cw_psl_acc(클래스별 PSL 평가에서의 정확도):  [0.1666666716337204, nan, nan, nan, nan, nan, nan]
**pseudo_label ->  [0.0121, 0.2438, 0.1122, 0.0297, 0.1434, 0.2675, 0.1912] **
max =  0.2675 | max_idx =  5
**pseudo_label ->  [0.0364, 0.0341, 0.0156, 0.0972, 0.0642, 0.2841, 0.4683] **
max =  0.4683 | max_idx =  6
**pseudo_label ->  [0.0156, 0.3062, 0.0657, 0.0226, 0.2307, 0.2123, 0.1469] **
max =  0.3062 | max_idx =  1
**pseudo_label ->  [0.113, 0.0879, 0.1502, 0.0862, 0.3811, 0.0506, 0.131] **
max =  0.3811 | max_idx =  4
**pseudo_label ->  [0.0197, 0.4022, 0.0571, 0.0148, 0.0962, 0.2603, 0.1498] **
max =  0.4022 | max_idx =  1
Epoch 16/50, Train Loss: 1.7720, Valid Loss: 1.7356, Train Acc: 0.1951, Val Acc: 0.0391, Test Acc: 0.2971, Test F1: 0.1026, Total Pseudo-Labels: 0, Correct Pseudo-Labels: 0, Train Data Number: 41



line 303 => train data수 41
line 258 => 인스턴스 수 6
Step 95  Tim 0:37:50
acc_train_cw(현재 train의 class별 acc) [1.0, 0.833, 0.0, 0.0, 0.0, 0.6, 0.333]
cw_psl_total_eval(pseudo label 클래스별 총 샘플 수):  [0, 0, 0, 0, 15, 0, 1]
cw_psl_correct_eval(pseudo label 클래스별 맞은 샘플 수):  [0, 0, 0, 0, 1, 0, 0]
psl_acc(PSL 평가에서의 정확도):  0.062 
cw_psl_acc(클래스별 PSL 평가에서의 정확도):  [nan, nan, nan, nan, 0.06666667014360428, nan, 0.0]
**pseudo_label ->  [0.273, 0.0011, 0.0287, 0.0563, 0.0865, 0.0296, 0.5248] **
max =  0.5248 | max_idx =  6
**pseudo_label ->  [0.0531, 0.0473, 0.3221, 0.1872, 0.1378, 0.0494, 0.2031] **
max =  0.3221 | max_idx =  2
**pseudo_label ->  [0.1514, 0.0061, 0.2153, 0.2436, 0.2754, 0.0071, 0.1011] **
max =  0.2754 | max_idx =  4
**pseudo_label ->  [0.4587, 0.0012, 0.0985, 0.2805, 0.1128, 0.0011, 0.0473] **
max =  0.4587 | max_idx =  0
**pseudo_label ->  [0.0799, 0.0594, 0.1985, 0.166, 0.1624, 0.0402, 0.2936] **
max =  0.2936 | max_idx =  6
Epoch 17/50, Train Loss: 1.7515, Valid Loss: 2.9590, Train Acc: 0.3902, Val Acc: 0.2280, Test Acc: 0.1537, Test F1: 0.0982, Total Pseudo-Labels: 0, Correct Pseudo-Labels: 0, Train Data Number: 41



line 303 => train data수 41
line 258 => 인스턴스 수 6
Step 101  Tim 0:40:07
acc_train_cw(현재 train의 class별 acc) [0.667, 1.0, 0.0, 0.0, 0.833, 0.0, 0.333]
cw_psl_total_eval(pseudo label 클래스별 총 샘플 수):  [8, 0, 0, 0, 0, 0, 3]
cw_psl_correct_eval(pseudo label 클래스별 맞은 샘플 수):  [6, 0, 0, 0, 0, 0, 0]
psl_acc(PSL 평가에서의 정확도):  0.545 
cw_psl_acc(클래스별 PSL 평가에서의 정확도):  [0.75, nan, nan, nan, nan, nan, 0.0]
**pseudo_label ->  [0.0024, 0.0573, 0.0019, 0.0223, 0.0236, 0.2015, 0.6911] **
max =  0.6911 | max_idx =  6
**pseudo_label ->  [0.0, 0.732, 0.0011, 0.0002, 0.0025, 0.2202, 0.044] **
max =  0.732 | max_idx =  1
**pseudo_label ->  [0.0518, 0.0032, 0.0801, 0.0615, 0.6878, 0.0062, 0.1094] **
max =  0.6878 | max_idx =  4
**pseudo_label ->  [0.2202, 0.0003, 0.0364, 0.1868, 0.5364, 0.001, 0.019] **
max =  0.5364 | max_idx =  4
**pseudo_label ->  [0.0, 0.7596, 0.0011, 0.0003, 0.0016, 0.1834, 0.0539] **
max =  0.7596 | max_idx =  1
Epoch 18/50, Train Loss: 1.6709, Valid Loss: 2.7797, Train Acc: 0.4146, Val Acc: 0.1107, Test Acc: 0.0697, Test F1: 0.0483, Total Pseudo-Labels: 0, Correct Pseudo-Labels: 0, Train Data Number: 41



line 303 => train data수 41
line 258 => 인스턴스 수 6
Step 107  Tim 0:42:25
acc_train_cw(현재 train의 class별 acc) [0.0, 0.0, 0.833, 0.0, 0.0, 0.4, 1.0]
cw_psl_total_eval(pseudo label 클래스별 총 샘플 수):  [0, 420, 0, 0, 30, 0, 89]
cw_psl_correct_eval(pseudo label 클래스별 맞은 샘플 수):  [0, 49, 0, 0, 4, 0, 14]
psl_acc(PSL 평가에서의 정확도):  0.124 
cw_psl_acc(클래스별 PSL 평가에서의 정확도):  [nan, 0.11666666716337204, nan, nan, 0.13333334028720856, nan, 0.15730337798595428]
**pseudo_label ->  [0.0055, 0.0312, 0.1705, 0.0039, 0.1541, 0.0714, 0.5634] **
max =  0.5634 | max_idx =  6
**pseudo_label ->  [0.0004, 0.1807, 0.0346, 0.0006, 0.02, 0.3344, 0.4293] **
max =  0.4293 | max_idx =  6
**pseudo_label ->  [0.0918, 0.0012, 0.7215, 0.0251, 0.1138, 0.0024, 0.0442] **
max =  0.7215 | max_idx =  2
**pseudo_label ->  [0.7968, 0.0, 0.055, 0.011, 0.0127, 0.0006, 0.124] **
max =  0.7968 | max_idx =  0
**pseudo_label ->  [0.0006, 0.1827, 0.0535, 0.001, 0.0436, 0.228, 0.4907] **
max =  0.4907 | max_idx =  6
Epoch 19/50, Train Loss: 1.6878, Valid Loss: 2.1877, Train Acc: 0.3171, Val Acc: 0.2020, Test Acc: 0.1270, Test F1: 0.0670, Total Pseudo-Labels: 0, Correct Pseudo-Labels: 0, Train Data Number: 41



line 303 => train data수 41
line 258 => 인스턴스 수 6
Step 113  Tim 0:44:42
acc_train_cw(현재 train의 class별 acc) [0.833, 1.0, 0.0, 0.667, 0.833, 0.0, 0.5]
cw_psl_total_eval(pseudo label 클래스별 총 샘플 수):  [11, 0, 198, 0, 0, 0, 211]
cw_psl_correct_eval(pseudo label 클래스별 맞은 샘플 수):  [9, 0, 42, 0, 0, 0, 26]
psl_acc(PSL 평가에서의 정확도):  0.183 
cw_psl_acc(클래스별 PSL 평가에서의 정확도):  [0.8181818127632141, nan, 0.21212121844291687, nan, nan, nan, 0.12322274595499039]
**pseudo_label ->  [0.001, 0.2436, 0.0458, 0.0066, 0.0942, 0.2146, 0.3942] **
max =  0.3942 | max_idx =  6
**pseudo_label ->  [0.0006, 0.4926, 0.0432, 0.0032, 0.0488, 0.2059, 0.2056] **
max =  0.4926 | max_idx =  1
**pseudo_label ->  [0.0692, 0.0118, 0.1209, 0.2827, 0.4085, 0.0182, 0.0886] **
max =  0.4085 | max_idx =  4
**pseudo_label ->  [0.4881, 0.0002, 0.0818, 0.3412, 0.0866, 0.0002, 0.0019] **
max =  0.4881 | max_idx =  0
**pseudo_label ->  [0.0015, 0.2972, 0.1043, 0.0173, 0.1971, 0.2274, 0.1552] **
max =  0.2972 | max_idx =  1
Balance pseudo label class ->  [1, 2, 4, 5, 7]  value ->  2
add data ->  10
Epoch 20/50, Train Loss: 1.3047, Valid Loss: 3.1921, Train Acc: 0.5610, Val Acc: 0.2020, Test Acc: 0.0738, Test F1: 0.0671, Total Pseudo-Labels: 0, Correct Pseudo-Labels: 0, Train Data Number: 51



line 303 => train data수 51
line 258 => 인스턴스 수 8
Step 119  Tim 0:47:01
acc_train_cw(현재 train의 class별 acc) [1.0, 0.875, 0.333, 0.75, 0.0, 0.0, 1.0]
cw_psl_total_eval(pseudo label 클래스별 총 샘플 수):  [45, 117, 0, 2, 47, 0, 72]
cw_psl_correct_eval(pseudo label 클래스별 맞은 샘플 수):  [38, 10, 0, 1, 9, 0, 11]
psl_acc(PSL 평가에서의 정확도):  0.244 
cw_psl_acc(클래스별 PSL 평가에서의 정확도):  [0.8444444537162781, 0.08547008782625198, nan, 0.5, 0.19148936867713928, nan, 0.1527777761220932]
***pse_model_save --- epoch = 21***
Save model to ./experiment/python_extended_data/output/
**pseudo_label ->  [0.0002, 0.0606, 0.074, 0.0022, 0.0128, 0.1647, 0.6856] **
max =  0.6856 | max_idx =  6
**pseudo_label ->  [0.0, 0.2725, 0.0524, 0.0007, 0.0031, 0.1951, 0.4761] **
max =  0.4761 | max_idx =  6
**pseudo_label ->  [0.0026, 0.0308, 0.1924, 0.0174, 0.0396, 0.0681, 0.6491] **
max =  0.6491 | max_idx =  6
**pseudo_label ->  [0.9536, 0.0, 0.0096, 0.0354, 0.0013, 0.0, 0.0001] **
max =  0.9536 | max_idx =  0
**pseudo_label ->  [0.0002, 0.196, 0.0524, 0.0013, 0.007, 0.1409, 0.6023] **
max =  0.6023 | max_idx =  6
Balance pseudo label class ->  [1, 2, 3, 4, 7]  value ->  1
add data ->  5
Epoch 21/50, Train Loss: 2.3603, Valid Loss: 3.0394, Train Acc: 0.6078, Val Acc: 0.2182, Test Acc: 0.0594, Test F1: 0.0544, Total Pseudo-Labels: 0, Correct Pseudo-Labels: 0, Train Data Number: 56



line 303 => train data수 56
line 258 => 인스턴스 수 8
Step 127  Tim 0:50:00
acc_train_cw(현재 train의 class별 acc) [1.0, 0.444, 0.571, 0.0, 1.0, 0.2, 0.0]
cw_psl_total_eval(pseudo label 클래스별 총 샘플 수):  [251, 137, 1, 2, 0, 0, 1283]
cw_psl_correct_eval(pseudo label 클래스별 맞은 샘플 수):  [201, 12, 0, 1, 0, 0, 188]
psl_acc(PSL 평가에서의 정확도):  0.24 
cw_psl_acc(클래스별 PSL 평가에서의 정확도):  [0.8007968068122864, 0.08759123831987381, 0.0, 0.5, nan, nan, 0.14653156697750092]
***pse_model_save --- epoch = 22***
Save model to ./experiment/python_extended_data/output/
**pseudo_label ->  [0.0008, 0.0003, 0.0233, 0.0083, 0.6027, 0.0206, 0.3441] **
max =  0.6027 | max_idx =  4
**pseudo_label ->  [0.0008, 0.001, 0.0222, 0.0034, 0.3852, 0.0583, 0.5291] **
max =  0.5291 | max_idx =  6
**pseudo_label ->  [0.0188, 0.0, 0.0057, 0.062, 0.5513, 0.0055, 0.3567] **
max =  0.5513 | max_idx =  4
**pseudo_label ->  [0.9677, 0.0, 0.0098, 0.0202, 0.0023, 0.0, 0.0] **
max =  0.9677 | max_idx =  0
**pseudo_label ->  [0.0044, 0.0002, 0.0306, 0.015, 0.7475, 0.0075, 0.1949] **
max =  0.7475 | max_idx =  4
Balance pseudo label class ->  [1, 3, 5, 6, 7]  value ->  19
add data ->  95
Epoch 22/50, Train Loss: 1.3148, Valid Loss: 2.8207, Train Acc: 0.4643, Val Acc: 0.1726, Test Acc: 0.0533, Test F1: 0.0376, Total Pseudo-Labels: 1, Correct Pseudo-Labels: 0, Train Data Number: 151



line 303 => train data수 151
line 258 => 인스턴스 수 22
Step 135  Tim 0:53:16
acc_train_cw(현재 train의 class별 acc) [1.0, 0.0, 0.0, 0.0, 0.926, 0.875, 0.321]
cw_psl_total_eval(pseudo label 클래스별 총 샘플 수):  [180, 0, 27, 0, 1914, 19, 86]
cw_psl_correct_eval(pseudo label 클래스별 맞은 샘플 수):  [156, 0, 1, 0, 384, 5, 10]
psl_acc(PSL 평가에서의 정확도):  0.25 
cw_psl_acc(클래스별 PSL 평가에서의 정확도):  [0.8666666746139526, nan, 0.03703703731298447, nan, 0.20062695443630219, 0.2631579041481018, 0.11627907305955887]
***pse_model_save --- epoch = 23***
Save model to ./experiment/python_extended_data/output/
**pseudo_label ->  [0.0224, 0.0002, 0.0019, 0.0199, 0.2969, 0.0396, 0.6191] **
max =  0.6191 | max_idx =  6
**pseudo_label ->  [0.0059, 0.0015, 0.0265, 0.0016, 0.7017, 0.0746, 0.1882] **
max =  0.7017 | max_idx =  4
**pseudo_label ->  [0.0324, 0.0011, 0.0397, 0.079, 0.7812, 0.0147, 0.0518] **
max =  0.7812 | max_idx =  4
**pseudo_label ->  [0.7144, 0.0002, 0.0418, 0.1753, 0.0676, 0.0002, 0.0005] **
max =  0.7144 | max_idx =  0
**pseudo_label ->  [0.0061, 0.0006, 0.0247, 0.0023, 0.8634, 0.0237, 0.0793] **
max =  0.8634 | max_idx =  4
Epoch 23/50, Train Loss: 1.1410, Valid Loss: 2.9564, Train Acc: 0.5497, Val Acc: 0.1954, Test Acc: 0.0697, Test F1: 0.0511, Total Pseudo-Labels: 0, Correct Pseudo-Labels: 0, Train Data Number: 151



line 303 => train data수 151
line 258 => 인스턴스 수 22
Step 157  Tim 0:56:33
acc_train_cw(현재 train의 class별 acc) [0.5, 0.0, 0.885, 1.0, 0.185, 0.75, 1.0]
cw_psl_total_eval(pseudo label 클래스별 총 샘플 수):  [172, 0, 0, 0, 1664, 95, 42]
cw_psl_correct_eval(pseudo label 클래스별 맞은 샘플 수):  [159, 0, 0, 0, 333, 26, 7]
psl_acc(PSL 평가에서의 정확도):  0.266 
cw_psl_acc(클래스별 PSL 평가에서의 정확도):  [0.9244186282157898, nan, nan, nan, 0.20012019574642181, 0.27368420362472534, 0.1666666716337204]
**pseudo_label ->  [0.0, 0.0003, 0.0055, 0.0032, 0.0483, 0.0005, 0.9421] **
max =  0.9421 | max_idx =  6
**pseudo_label ->  [0.0, 0.0008, 0.0244, 0.0064, 0.0549, 0.002, 0.9115] **
max =  0.9115 | max_idx =  6
**pseudo_label ->  [0.001, 0.0014, 0.2456, 0.0283, 0.402, 0.0017, 0.32] **
max =  0.402 | max_idx =  4
**pseudo_label ->  [0.2813, 0.0001, 0.2821, 0.4059, 0.0276, 0.0001, 0.0029] **
max =  0.4059 | max_idx =  3
**pseudo_label ->  [0.0001, 0.0008, 0.0213, 0.0098, 0.0572, 0.0018, 0.9091] **
max =  0.9091 | max_idx =  6
Balance pseudo label class ->  [1, 3, 4, 5, 6, 7]  value ->  1
add data ->  6
Epoch 24/50, Train Loss: 0.7942, Valid Loss: 3.9531, Train Acc: 0.6424, Val Acc: 0.1564, Test Acc: 0.0779, Test F1: 0.0852, Total Pseudo-Labels: 1, Correct Pseudo-Labels: 0, Train Data Number: 157



line 303 => train data수 157
line 258 => 인스턴스 수 23
Step 179  Tim 0:59:12
acc_train_cw(현재 train의 class별 acc) [1.0, 0.0, 0.926, 0.2, 1.0, 0.96, 0.724]
cw_psl_total_eval(pseudo label 클래스별 총 샘플 수):  [1, 0, 83, 17, 16, 59, 2143]
cw_psl_correct_eval(pseudo label 클래스별 맞은 샘플 수):  [0, 0, 5, 2, 3, 16, 285]
psl_acc(PSL 평가에서의 정확도):  0.134 
cw_psl_acc(클래스별 PSL 평가에서의 정확도):  [0.0, nan, 0.0602409653365612, 0.11764705926179886, 0.1875, 0.2711864411830902, 0.13299113512039185]
***pse_model_save --- epoch = 25***
Save model to ./experiment/python_extended_data/output/
**pseudo_label ->  [0.0, 0.0054, 0.0237, 0.0013, 0.7064, 0.0146, 0.2486] **
max =  0.7064 | max_idx =  4
**pseudo_label ->  [0.0, 0.0066, 0.011, 0.0027, 0.0906, 0.064, 0.8251] **
max =  0.8251 | max_idx =  6
**pseudo_label ->  [0.0003, 0.0106, 0.3208, 0.0212, 0.5765, 0.0065, 0.064] **
max =  0.5765 | max_idx =  4
**pseudo_label ->  [0.9999, 0.0, 0.0001, 0.0, 0.0, 0.0, 0.0] **
max =  0.9999 | max_idx =  0
**pseudo_label ->  [0.0, 0.017, 0.0803, 0.0026, 0.4093, 0.0216, 0.4692] **
max =  0.4692 | max_idx =  6
Balance pseudo label class ->  [1, 3, 4, 5, 6, 7]  value ->  3
add data ->  18
Epoch 25/50, Train Loss: 0.5896, Valid Loss: 3.4666, Train Acc: 0.8217, Val Acc: 0.1824, Test Acc: 0.0676, Test F1: 0.0640, Total Pseudo-Labels: 0, Correct Pseudo-Labels: 0, Train Data Number: 174



line 303 => train data수 174
line 258 => 인스턴스 수 25
Step 202  Tim 1:02:32
acc_train_cw(현재 train의 class별 acc) [1.0, 0.0, 0.867, 0.769, 0.323, 1.0, 0.875]
cw_psl_total_eval(pseudo label 클래스별 총 샘플 수):  [208, 0, 237, 3, 1775, 106, 91]
cw_psl_correct_eval(pseudo label 클래스별 맞은 샘플 수):  [181, 0, 20, 1, 332, 27, 15]
psl_acc(PSL 평가에서의 정확도):  0.238 
cw_psl_acc(클래스별 PSL 평가에서의 정확도):  [0.870192289352417, nan, 0.08438818901777267, 0.3333333432674408, 0.1870422512292862, 0.25471699237823486, 0.16483516991138458]
***pse_model_save --- epoch = 26***
Save model to ./experiment/python_extended_data/output/
**pseudo_label ->  [0.0, 0.0051, 0.0019, 0.0, 0.0193, 0.0203, 0.9534] **
max =  0.9534 | max_idx =  6
**pseudo_label ->  [0.0, 0.0089, 0.0077, 0.0008, 0.083, 0.0239, 0.8757] **
max =  0.8757 | max_idx =  6
**pseudo_label ->  [0.0017, 0.0002, 0.0276, 0.2121, 0.7478, 0.0004, 0.0103] **
max =  0.7478 | max_idx =  4
**pseudo_label ->  [0.9919, 0.0, 0.001, 0.0071, 0.0, 0.0, 0.0] **
max =  0.9919 | max_idx =  0
**pseudo_label ->  [0.0004, 0.0005, 0.0062, 0.0638, 0.8644, 0.0004, 0.0644] **
max =  0.8644 | max_idx =  4
Balance pseudo label class ->  [1, 3, 4, 5, 6, 7]  value ->  176
add data ->  1056
Epoch 26/50, Train Loss: 0.8043, Valid Loss: 3.8907, Train Acc: 0.7644, Val Acc: 0.3941, Test Acc: 0.1045, Test F1: 0.0970, Total Pseudo-Labels: 0, Correct Pseudo-Labels: 0, Train Data Number: 1144



line 303 => train data수 1144
line 258 => 인스턴스 수 164
Step 227  Tim 1:08:47
acc_train_cw(현재 train의 class별 acc) [0.973, 0.0, 0.676, 0.941, 0.915, 0.876, 0.811]
cw_psl_total_eval(pseudo label 클래스별 총 샘플 수):  [241, 0, 229, 569, 663, 176, 797]
cw_psl_correct_eval(pseudo label 클래스별 맞은 샘플 수):  [196, 0, 22, 222, 152, 37, 99]
psl_acc(PSL 평가에서의 정확도):  0.272 
cw_psl_acc(클래스별 PSL 평가에서의 정확도):  [0.8132780194282532, nan, 0.09606987237930298, 0.39015817642211914, 0.22926093637943268, 0.21022726595401764, 0.12421581149101257]
***pse_model_save --- epoch = 27***
Save model to ./experiment/python_extended_data/output/
**pseudo_label ->  [0.0, 0.0001, 0.0001, 0.0003, 0.2768, 0.0013, 0.7214] **
max =  0.7214 | max_idx =  6
**pseudo_label ->  [0.0001, 0.0001, 0.0006, 0.0285, 0.2736, 0.0016, 0.6956] **
max =  0.6956 | max_idx =  6
**pseudo_label ->  [0.0631, 0.0002, 0.2812, 0.2496, 0.4038, 0.0003, 0.0016] **
max =  0.4038 | max_idx =  4
**pseudo_label ->  [0.6812, 0.0, 0.0261, 0.2922, 0.0004, 0.0, 0.0] **
max =  0.6812 | max_idx =  0
**pseudo_label ->  [0.0, 0.0, 0.0, 0.0925, 0.8997, 0.0, 0.0078] **
max =  0.8997 | max_idx =  4
Balance pseudo label class ->  [1, 3, 4, 5, 6, 7]  value ->  170
add data ->  1020
Epoch 27/50, Train Loss: 0.5705, Valid Loss: 3.7022, Train Acc: 0.8619, Val Acc: 0.4169, Test Acc: 0.1230, Test F1: 0.1154, Total Pseudo-Labels: 0, Correct Pseudo-Labels: 0, Train Data Number: 1684



line 303 => train data수 1684
line 258 => 인스턴스 수 241
Step 391  Tim 1:16:41
acc_train_cw(현재 train의 class별 acc) [0.972, 0.0, 0.95, 0.731, 0.835, 0.904, 0.991]
cw_psl_total_eval(pseudo label 클래스별 총 샘플 수):  [274, 0, 170, 612, 1088, 173, 484]
cw_psl_correct_eval(pseudo label 클래스별 맞은 샘플 수):  [219, 0, 20, 258, 229, 39, 47]
psl_acc(PSL 평가에서의 정확도):  0.29 
cw_psl_acc(클래스별 PSL 평가에서의 정확도):  [0.7992700934410095, nan, 0.11764705926179886, 0.4215686321258545, 0.21047794818878174, 0.22543352842330933, 0.09710744023323059]
***pse_model_save --- epoch = 28***
Save model to ./experiment/python_extended_data/output/
**pseudo_label ->  [0.0, 0.0002, 0.0002, 0.0, 0.0579, 0.0003, 0.9414] **
max =  0.9414 | max_idx =  6
**pseudo_label ->  [0.0, 0.0005, 0.0029, 0.0005, 0.1165, 0.0009, 0.8787] **
max =  0.8787 | max_idx =  6
**pseudo_label ->  [0.0003, 0.0006, 0.0136, 0.0348, 0.8237, 0.0005, 0.1264] **
max =  0.8237 | max_idx =  4
**pseudo_label ->  [0.7394, 0.0, 0.0359, 0.2246, 0.0001, 0.0, 0.0] **
max =  0.7394 | max_idx =  0
**pseudo_label ->  [0.0, 0.0001, 0.0007, 0.0183, 0.9237, 0.0, 0.0571] **
max =  0.9237 | max_idx =  4
Balance pseudo label class ->  [1, 3, 4, 5, 6, 7]  value ->  163
add data ->  978
Epoch 28/50, Train Loss: 0.4118, Valid Loss: 4.4529, Train Acc: 0.8901, Val Acc: 0.3550, Test Acc: 0.1107, Test F1: 0.1099, Total Pseudo-Labels: 1, Correct Pseudo-Labels: 0, Train Data Number: 2051



line 303 => train data수 2051
line 258 => 인스턴스 수 293
Step 632  Tim 1:25:25
acc_train_cw(현재 train의 class별 acc) [0.996, 0.0, 0.909, 0.877, 0.945, 0.951, 0.945]
cw_psl_total_eval(pseudo label 클래스별 총 샘플 수):  [280, 0, 289, 337, 931, 163, 976]
cw_psl_correct_eval(pseudo label 클래스별 맞은 샘플 수):  [219, 0, 34, 167, 218, 39, 119]
psl_acc(PSL 평가에서의 정확도):  0.267 
cw_psl_acc(클래스별 PSL 평가에서의 정확도):  [0.7821428775787354, nan, 0.11764705926179886, 0.49554896354675293, 0.23415681719779968, 0.23926380276679993, 0.12192623317241669]
***pse_model_save --- epoch = 29***
Save model to ./experiment/python_extended_data/output/
**pseudo_label ->  [0.0, 0.0, 0.0, 0.0, 0.1455, 0.0002, 0.8542] **
max =  0.8542 | max_idx =  6
**pseudo_label ->  [0.0, 0.0001, 0.0002, 0.0001, 0.1205, 0.0002, 0.879] **
max =  0.879 | max_idx =  6
**pseudo_label ->  [0.0683, 0.0027, 0.6975, 0.188, 0.0336, 0.0003, 0.0095] **
max =  0.6975 | max_idx =  2
**pseudo_label ->  [0.9993, 0.0, 0.0007, 0.0, 0.0, 0.0, 0.0] **
max =  0.9993 | max_idx =  0
**pseudo_label ->  [0.0, 0.0, 0.0001, 0.0003, 0.237, 0.0002, 0.7624] **
max =  0.7624 | max_idx =  6
Balance pseudo label class ->  [1, 3, 4, 5, 6, 7]  value ->  170
add data ->  1020
Epoch 29/50, Train Loss: 0.2979, Valid Loss: 5.5967, Train Acc: 0.9327, Val Acc: 0.3681, Test Acc: 0.1127, Test F1: 0.1120, Total Pseudo-Labels: 0, Correct Pseudo-Labels: 0, Train Data Number: 2357



line 303 => train data수 2357
line 258 => 인스턴스 수 337
Step 925  Tim 1:35:05
acc_train_cw(현재 train의 class별 acc) [0.92, 0.0, 0.696, 0.958, 0.885, 0.973, 0.993]
cw_psl_total_eval(pseudo label 클래스별 총 샘플 수):  [314, 0, 315, 380, 1142, 170, 909]
cw_psl_correct_eval(pseudo label 클래스별 맞은 샘플 수):  [240, 0, 38, 169, 261, 39, 103]
psl_acc(PSL 평가에서의 정확도):  0.263 
cw_psl_acc(클래스별 PSL 평가에서의 정확도):  [0.7643312215805054, nan, 0.12063492089509964, 0.4447368383407593, 0.2285464107990265, 0.2294117659330368, 0.11331132799386978]
***pse_model_save --- epoch = 30***
Save model to ./experiment/python_extended_data/output/
**pseudo_label ->  [0.0, 0.0, 0.0, 0.0, 0.0098, 0.0006, 0.9896] **
max =  0.9896 | max_idx =  6
**pseudo_label ->  [0.0, 0.0001, 0.0, 0.0, 0.0489, 0.0006, 0.9504] **
max =  0.9504 | max_idx =  6
**pseudo_label ->  [0.0, 0.0003, 0.0002, 0.0071, 0.9201, 0.0002, 0.0722] **
max =  0.9201 | max_idx =  4
**pseudo_label ->  [0.9978, 0.0, 0.0019, 0.0003, 0.0, 0.0, 0.0] **
max =  0.9978 | max_idx =  0
**pseudo_label ->  [0.0, 0.0001, 0.0001, 0.2081, 0.79, 0.0, 0.0016] **
max =  0.79 | max_idx =  4
Balance pseudo label class ->  [1, 3, 4, 5, 6, 7]  value ->  237
add data ->  1422
Epoch 30/50, Train Loss: 0.3359, Valid Loss: 4.3515, Train Acc: 0.9058, Val Acc: 0.3485, Test Acc: 0.1127, Test F1: 0.1040, Total Pseudo-Labels: 0, Correct Pseudo-Labels: 0, Train Data Number: 2717



line 303 => train data수 2717
line 258 => 인스턴스 수 389
Step 1262  Tim 1:45:50
acc_train_cw(현재 train의 class별 acc) [0.997, 0.0, 0.95, 0.907, 0.94, 0.971, 0.973]
cw_psl_total_eval(pseudo label 클래스별 총 샘플 수):  [258, 0, 237, 545, 981, 238, 1162]
cw_psl_correct_eval(pseudo label 클래스별 맞은 샘플 수):  [200, 0, 28, 239, 231, 39, 138]
psl_acc(PSL 평가에서의 정확도):  0.256 
cw_psl_acc(클래스별 PSL 평가에서의 정확도):  [0.7751938104629517, nan, 0.1181434616446495, 0.43853211402893066, 0.23547400534152985, 0.16386555135250092, 0.11876075714826584]
***pse_model_save --- epoch = 31***
Save model to ./experiment/python_extended_data/output/
**pseudo_label ->  [0.0, 0.0015, 0.0026, 0.0, 0.0052, 0.0084, 0.9823] **
max =  0.9823 | max_idx =  6
**pseudo_label ->  [0.0, 0.0028, 0.0076, 0.0, 0.0171, 0.0084, 0.9641] **
max =  0.9641 | max_idx =  6
**pseudo_label ->  [0.0, 0.0019, 0.0031, 0.0009, 0.4484, 0.0017, 0.5439] **
max =  0.5439 | max_idx =  6
**pseudo_label ->  [0.9995, 0.0, 0.0005, 0.0, 0.0, 0.0, 0.0] **
max =  0.9995 | max_idx =  0
**pseudo_label ->  [0.0, 0.0001, 0.0002, 0.0236, 0.9673, 0.0, 0.0087] **
max =  0.9673 | max_idx =  4
Balance pseudo label class ->  [1, 3, 4, 5, 6, 7]  value ->  241
add data ->  1446
Epoch 31/50, Train Loss: 0.2853, Valid Loss: 4.7068, Train Acc: 0.9510, Val Acc: 0.3160, Test Acc: 0.1168, Test F1: 0.1181, Total Pseudo-Labels: 1, Correct Pseudo-Labels: 0, Train Data Number: 2964



line 303 => train data수 2964
line 258 => 인스턴스 수 424
Step 1651  Tim 1:57:14
acc_train_cw(현재 train의 class별 acc) [0.977, 0.0, 0.96, 0.916, 0.987, 0.969, 0.969]
cw_psl_total_eval(pseudo label 클래스별 총 샘플 수):  [298, 0, 357, 445, 913, 241, 1048]
cw_psl_correct_eval(pseudo label 클래스별 맞은 샘플 수):  [221, 0, 52, 201, 218, 39, 137]
psl_acc(PSL 평가에서의 정확도):  0.263 
cw_psl_acc(클래스별 PSL 평가에서의 정확도):  [0.7416107654571533, nan, 0.14565826952457428, 0.4516853988170624, 0.23877327144145966, 0.1618257313966751, 0.1307251900434494]
***pse_model_save --- epoch = 32***
Save model to ./experiment/python_extended_data/output/
**pseudo_label ->  [0.0, 0.0001, 0.0003, 0.0, 0.012, 0.0005, 0.9872] **
max =  0.9872 | max_idx =  6
**pseudo_label ->  [0.0, 0.0, 0.0, 0.0, 0.1646, 0.0, 0.8354] **
max =  0.8354 | max_idx =  6
**pseudo_label ->  [0.0, 0.0004, 0.0014, 0.0115, 0.9757, 0.0001, 0.0109] **
max =  0.9757 | max_idx =  4
**pseudo_label ->  [1.0, 0.0, 0.0, 0.0, 0.0, 0.0, 0.0] **
max =  1.0 | max_idx =  0
**pseudo_label ->  [0.0, 0.0, 0.0001, 0.2334, 0.7663, 0.0, 0.0002] **
max =  0.7663 | max_idx =  4
Balance pseudo label class ->  [1, 3, 4, 5, 6, 7]  value ->  241
add data ->  1446
Epoch 32/50, Train Loss: 0.2212, Valid Loss: 5.7872, Train Acc: 0.9629, Val Acc: 0.3388, Test Acc: 0.1148, Test F1: 0.1103, Total Pseudo-Labels: 1, Correct Pseudo-Labels: 0, Train Data Number: 3144



line 303 => train data수 3144
line 258 => 인스턴스 수 450
Step 2075  Tim 2:09:06
acc_train_cw(현재 train의 class별 acc) [0.935, 0.0, 0.984, 0.969, 0.951, 0.984, 0.995]
cw_psl_total_eval(pseudo label 클래스별 총 샘플 수):  [311, 0, 395, 475, 1113, 241, 976]
cw_psl_correct_eval(pseudo label 클래스별 맞은 샘플 수):  [219, 0, 69, 206, 257, 39, 129]
psl_acc(PSL 평가에서의 정확도):  0.262 
cw_psl_acc(클래스별 PSL 평가에서의 정확도):  [0.7041800618171692, nan, 0.17468354105949402, 0.43368420004844666, 0.23090745508670807, 0.1618257313966751, 0.1321721374988556]
***pse_model_save --- epoch = 33***
Save model to ./experiment/python_extended_data/output/
**pseudo_label ->  [0.0, 0.0002, 0.0009, 0.0, 0.0141, 0.0002, 0.9846] **
max =  0.9846 | max_idx =  6
**pseudo_label ->  [0.0, 0.0, 0.0, 0.0, 0.0546, 0.0, 0.9454] **
max =  0.9454 | max_idx =  6
**pseudo_label ->  [0.0001, 0.002, 0.0117, 0.0118, 0.7455, 0.0017, 0.2272] **
max =  0.7455 | max_idx =  4
**pseudo_label ->  [0.9649, 0.0, 0.0325, 0.0026, 0.0, 0.0, 0.0] **
max =  0.9649 | max_idx =  0
**pseudo_label ->  [0.0, 0.0, 0.0, 0.0, 0.5391, 0.0, 0.4608] **
max =  0.5391 | max_idx =  4
Balance pseudo label class ->  [1, 3, 4, 5, 6, 7]  value ->  246
add data ->  1476
Epoch 33/50, Train Loss: 0.1651, Valid Loss: 6.0672, Train Acc: 0.9695, Val Acc: 0.3322, Test Acc: 0.1250, Test F1: 0.1176, Total Pseudo-Labels: 1, Correct Pseudo-Labels: 0, Train Data Number: 3310



line 303 => train data수 3310
line 258 => 인스턴스 수 473
Step 2525  Tim 2:21:29
acc_train_cw(현재 train의 class별 acc) [0.833, 0.0, 0.995, 0.989, 0.988, 0.992, 0.984]
cw_psl_total_eval(pseudo label 클래스별 총 샘플 수):  [288, 0, 432, 540, 1025, 246, 1154]
cw_psl_correct_eval(pseudo label 클래스별 맞은 샘플 수):  [207, 0, 73, 224, 241, 39, 146]
psl_acc(PSL 평가에서의 정확도):  0.252 
cw_psl_acc(클래스별 PSL 평가에서의 정확도):  [0.71875, nan, 0.16898147761821747, 0.4148148000240326, 0.235121950507164, 0.15853658318519592, 0.1265164613723755]
***pse_model_save --- epoch = 34***
Save model to ./experiment/python_extended_data/output/
**pseudo_label ->  [0.0, 0.0004, 0.0001, 0.0, 0.1233, 0.0, 0.8761] **
max =  0.8761 | max_idx =  6
**pseudo_label ->  [0.0, 0.0002, 0.0, 0.0, 0.0138, 0.0001, 0.986] **
max =  0.986 | max_idx =  6
**pseudo_label ->  [0.0, 0.0017, 0.0006, 0.0235, 0.952, 0.0003, 0.0218] **
max =  0.952 | max_idx =  4
**pseudo_label ->  [0.9651, 0.0, 0.0308, 0.0041, 0.0, 0.0, 0.0] **
max =  0.9651 | max_idx =  0
**pseudo_label ->  [0.0, 0.0, 0.0, 0.0103, 0.9897, 0.0, 0.0] **
max =  0.9897 | max_idx =  4
Balance pseudo label class ->  [1, 3, 4, 5, 6, 7]  value ->  227
add data ->  1362
Epoch 34/50, Train Loss: 0.1942, Valid Loss: 5.7911, Train Acc: 0.9722, Val Acc: 0.3550, Test Acc: 0.1148, Test F1: 0.1022, Total Pseudo-Labels: 1, Correct Pseudo-Labels: 0, Train Data Number: 3421



line 303 => train data수 3421
line 258 => 인스턴스 수 489
Step 2998  Tim 2:34:12
acc_train_cw(현재 train의 class별 acc) [0.89, 0.0, 0.982, 0.9, 0.992, 0.965, 0.979]
cw_psl_total_eval(pseudo label 클래스별 총 샘플 수):  [227, 0, 452, 573, 1155, 251, 1046]
cw_psl_correct_eval(pseudo label 클래스별 맞은 샘플 수):  [180, 0, 77, 237, 270, 39, 137]
psl_acc(PSL 평가에서의 정확도):  0.254 
cw_psl_acc(클래스별 PSL 평가에서의 정확도):  [0.7929515242576599, nan, 0.1703539788722992, 0.41361257433891296, 0.23376622796058655, 0.15537849068641663, 0.130975142121315]
***pse_model_save --- epoch = 35***
Save model to ./experiment/python_extended_data/output/
**pseudo_label ->  [0.0, 0.0001, 0.0, 0.0, 0.0163, 0.0, 0.9835] **
max =  0.9835 | max_idx =  6
**pseudo_label ->  [0.0, 0.0002, 0.0, 0.0, 0.0091, 0.0003, 0.9904] **
max =  0.9904 | max_idx =  6
**pseudo_label ->  [0.0003, 0.0008, 0.0352, 0.0067, 0.9388, 0.0006, 0.0176] **
max =  0.9388 | max_idx =  4
**pseudo_label ->  [0.9842, 0.0, 0.0158, 0.0, 0.0, 0.0, 0.0] **
max =  0.9842 | max_idx =  0
**pseudo_label ->  [0.0, 0.0, 0.0, 0.0019, 0.9978, 0.0, 0.0002] **
max =  0.9978 | max_idx =  4
Balance pseudo label class ->  [1, 3, 4, 5, 6, 7]  value ->  241
add data ->  1446
Epoch 35/50, Train Loss: 0.1723, Valid Loss: 6.6427, Train Acc: 0.9600, Val Acc: 0.3029, Test Acc: 0.1270, Test F1: 0.1307, Total Pseudo-Labels: 1, Correct Pseudo-Labels: 0, Train Data Number: 3511



line 303 => train data수 3511
line 258 => 인스턴스 수 502
Step 3487  Tim 2:47:17
acc_train_cw(현재 train의 class별 acc) [0.954, 0.0, 0.957, 0.987, 0.986, 0.992, 0.988]
cw_psl_total_eval(pseudo label 클래스별 총 샘플 수):  [241, 0, 481, 431, 1178, 245, 1030]
cw_psl_correct_eval(pseudo label 클래스별 맞은 샘플 수):  [162, 0, 92, 184, 263, 39, 133]
psl_acc(PSL 평가에서의 정확도):  0.242 
cw_psl_acc(클래스별 PSL 평가에서의 정확도):  [0.6721991896629333, nan, 0.191268190741539, 0.42691415548324585, 0.22325976192951202, 0.15918366611003876, 0.12912622094154358]
***pse_model_save --- epoch = 36***
Save model to ./experiment/python_extended_data/output/
**pseudo_label ->  [0.0, 0.0, 0.0, 0.0, 0.0081, 0.0, 0.9918] **
max =  0.9918 | max_idx =  6
**pseudo_label ->  [0.0, 0.0, 0.0, 0.0, 0.0136, 0.0, 0.9863] **
max =  0.9863 | max_idx =  6
**pseudo_label ->  [0.0079, 0.0007, 0.1456, 0.7345, 0.1112, 0.0, 0.0001] **
max =  0.7345 | max_idx =  3
**pseudo_label ->  [0.997, 0.0, 0.0025, 0.0005, 0.0, 0.0, 0.0] **
max =  0.997 | max_idx =  0
**pseudo_label ->  [0.0, 0.0, 0.0, 0.0078, 0.9922, 0.0, 0.0] **
max =  0.9922 | max_idx =  4
Balance pseudo label class ->  [1, 3, 4, 5, 6, 7]  value ->  258
add data ->  1548
Epoch 36/50, Train Loss: 0.1549, Valid Loss: 7.8133, Train Acc: 0.9795, Val Acc: 0.3453, Test Acc: 0.1250, Test F1: 0.1199, Total Pseudo-Labels: 1, Correct Pseudo-Labels: 0, Train Data Number: 3589



line 303 => train data수 3589
line 258 => 인스턴스 수 513
Step 3989  Tim 3:00:27
acc_train_cw(현재 train의 class별 acc) [0.898, 0.0, 0.955, 0.982, 0.952, 0.97, 0.997]
cw_psl_total_eval(pseudo label 클래스별 총 샘플 수):  [267, 0, 444, 558, 1144, 258, 1074]
cw_psl_correct_eval(pseudo label 클래스별 맞은 샘플 수):  [189, 0, 79, 234, 268, 39, 139]
psl_acc(PSL 평가에서의 정확도):  0.253 
cw_psl_acc(클래스별 PSL 평가에서의 정확도):  [0.7078651785850525, nan, 0.1779279261827469, 0.4193548262119293, 0.23426572978496552, 0.151162788271904, 0.12942272424697876]
***pse_model_save --- epoch = 37***
Save model to ./experiment/python_extended_data/output/
**pseudo_label ->  [0.0, 0.0, 0.0, 0.0, 0.0004, 0.0002, 0.9994] **
max =  0.9994 | max_idx =  6
**pseudo_label ->  [0.0, 0.0, 0.0, 0.0, 0.0001, 0.0, 0.9999] **
max =  0.9999 | max_idx =  6
**pseudo_label ->  [0.0, 0.0004, 0.0077, 0.0009, 0.9239, 0.0019, 0.0652] **
max =  0.9239 | max_idx =  4
**pseudo_label ->  [0.9997, 0.0, 0.0003, 0.0, 0.0, 0.0, 0.0] **
max =  0.9997 | max_idx =  0
**pseudo_label ->  [0.0, 0.0, 0.0, 0.0001, 0.9996, 0.0, 0.0004] **
max =  0.9996 | max_idx =  4
Balance pseudo label class ->  [1, 3, 4, 5, 6, 7]  value ->  244
add data ->  1464
Epoch 37/50, Train Loss: 0.1727, Valid Loss: 7.4095, Train Acc: 0.9649, Val Acc: 0.3192, Test Acc: 0.1168, Test F1: 0.1137, Total Pseudo-Labels: 1, Correct Pseudo-Labels: 0, Train Data Number: 3661



line 303 => train data수 3661
line 258 => 인스턴스 수 523
Step 4502  Tim 3:13:52
acc_train_cw(현재 train의 class별 acc) [0.92, 0.0, 0.938, 0.811, 0.962, 0.947, 0.995]
cw_psl_total_eval(pseudo label 클래스별 총 샘플 수):  [244, 0, 456, 546, 1081, 257, 1179]
cw_psl_correct_eval(pseudo label 클래스별 맞은 샘플 수):  [180, 0, 81, 224, 252, 39, 146]
psl_acc(PSL 평가에서의 정확도):  0.245 
cw_psl_acc(클래스별 PSL 평가에서의 정확도):  [0.7377049326896667, nan, 0.17763157188892365, 0.41025641560554504, 0.2331174910068512, 0.15175096690654755, 0.12383376061916351]
***pse_model_save --- epoch = 38***
Save model to ./experiment/python_extended_data/output/
**pseudo_label ->  [0.0, 0.0, 0.0, 0.0, 0.0034, 0.0, 0.9966] **
max =  0.9966 | max_idx =  6
**pseudo_label ->  [0.0, 0.0, 0.0, 0.0, 0.0003, 0.0, 0.9997] **
max =  0.9997 | max_idx =  6
**pseudo_label ->  [0.0, 0.0032, 0.1125, 0.0, 0.0965, 0.0038, 0.784] **
max =  0.784 | max_idx =  6
**pseudo_label ->  [0.9998, 0.0, 0.0001, 0.0, 0.0, 0.0, 0.0] **
max =  0.9998 | max_idx =  0
**pseudo_label ->  [0.0, 0.0, 0.0, 0.0005, 0.9993, 0.0, 0.0002] **
max =  0.9993 | max_idx =  4
Balance pseudo label class ->  [1, 3, 4, 5, 6, 7]  value ->  237
add data ->  1422
Epoch 38/50, Train Loss: 0.1571, Valid Loss: 7.5491, Train Acc: 0.9396, Val Acc: 0.2866, Test Acc: 0.0984, Test F1: 0.1035, Total Pseudo-Labels: 0, Correct Pseudo-Labels: 0, Train Data Number: 3709



line 303 => train data수 3709
line 258 => 인스턴스 수 530
Step 5025  Tim 3:27:27
acc_train_cw(현재 train의 class별 acc) [0.914, 0.0, 0.977, 0.912, 0.994, 0.966, 0.996]
cw_psl_total_eval(pseudo label 클래스별 총 샘플 수):  [240, 0, 456, 397, 1131, 237, 1195]
cw_psl_correct_eval(pseudo label 클래스별 맞은 샘플 수):  [174, 0, 77, 166, 261, 39, 151]
psl_acc(PSL 평가에서의 정확도):  0.237 
cw_psl_acc(클래스별 PSL 평가에서의 정확도):  [0.7250000238418579, nan, 0.16885964572429657, 0.41813603043556213, 0.23076923191547394, 0.16455696523189545, 0.12635983526706696]
***pse_model_save --- epoch = 39***
Save model to ./experiment/python_extended_data/output/
**pseudo_label ->  [0.0, 0.0, 0.0, 0.0, 0.0002, 0.0, 0.9998] **
max =  0.9998 | max_idx =  6
**pseudo_label ->  [0.0, 0.0, 0.0, 0.0, 0.0003, 0.0, 0.9997] **
max =  0.9997 | max_idx =  6
**pseudo_label ->  [0.0, 0.0, 0.0, 0.0, 0.9821, 0.0, 0.0178] **
max =  0.9821 | max_idx =  4
**pseudo_label ->  [0.9984, 0.0, 0.0005, 0.0011, 0.0, 0.0, 0.0] **
max =  0.9984 | max_idx =  0
**pseudo_label ->  [0.0, 0.0, 0.0, 0.0001, 0.9998, 0.0, 0.0] **
max =  0.9998 | max_idx =  4
Balance pseudo label class ->  [1, 3, 4, 5, 6, 7]  value ->  232
add data ->  1392
Epoch 39/50, Train Loss: 0.1474, Valid Loss: 6.9832, Train Acc: 0.9714, Val Acc: 0.3192, Test Acc: 0.1025, Test F1: 0.1031, Total Pseudo-Labels: 1, Correct Pseudo-Labels: 0, Train Data Number: 3753



line 303 => train data수 3753
line 258 => 인스턴스 수 537
Step 5555  Tim 3:41:11
acc_train_cw(현재 train의 class별 acc) [0.989, 0.0, 0.951, 0.982, 0.98, 0.978, 0.933]
cw_psl_total_eval(pseudo label 클래스별 총 샘플 수):  [232, 0, 468, 473, 1197, 256, 1141]
cw_psl_correct_eval(pseudo label 클래스별 맞은 샘플 수):  [183, 0, 87, 196, 268, 39, 144]
psl_acc(PSL 평가에서의 정확도):  0.243 
cw_psl_acc(클래스별 PSL 평가에서의 정확도):  [0.7887930870056152, nan, 0.18589743971824646, 0.41437631845474243, 0.22389306128025055, 0.15234375, 0.12620508670806885]
***pse_model_save --- epoch = 40***
Save model to ./experiment/python_extended_data/output/
**pseudo_label ->  [0.0, 0.0002, 0.0, 0.0, 0.0219, 0.0, 0.9779] **
max =  0.9779 | max_idx =  6
**pseudo_label ->  [0.0, 0.0003, 0.0001, 0.0, 0.0156, 0.0001, 0.984] **
max =  0.984 | max_idx =  6
**pseudo_label ->  [0.0, 0.0, 0.0, 0.0001, 0.999, 0.0, 0.0009] **
max =  0.999 | max_idx =  4
**pseudo_label ->  [0.9998, 0.0, 0.0, 0.0001, 0.0, 0.0, 0.0] **
max =  0.9998 | max_idx =  0
**pseudo_label ->  [0.0, 0.0, 0.0, 0.0143, 0.9857, 0.0, 0.0] **
max =  0.9857 | max_idx =  4
Balance pseudo label class ->  [1, 3, 4, 5, 6, 7]  value ->  257
add data ->  1542
Epoch 40/50, Train Loss: 0.1307, Valid Loss: 7.2726, Train Acc: 0.9624, Val Acc: 0.3844, Test Acc: 0.1270, Test F1: 0.1271, Total Pseudo-Labels: 1, Correct Pseudo-Labels: 0, Train Data Number: 3791



line 303 => train data수 3791
line 258 => 인스턴스 수 542
Step 6092  Tim 3:54:56
acc_train_cw(현재 train의 class별 acc) [0.996, 0.0, 0.967, 0.973, 0.996, 0.962, 0.989]
cw_psl_total_eval(pseudo label 클래스별 총 샘플 수):  [264, 0, 468, 550, 1226, 257, 985]
cw_psl_correct_eval(pseudo label 클래스별 맞은 샘플 수):  [190, 0, 88, 217, 279, 39, 126]
psl_acc(PSL 평가에서의 정확도):  0.25 
cw_psl_acc(클래스별 PSL 평가에서의 정확도):  [0.7196969985961914, nan, 0.18803419172763824, 0.39454546570777893, 0.2275693267583847, 0.15175096690654755, 0.1279187798500061]
***pse_model_save --- epoch = 41***
Save model to ./experiment/python_extended_data/output/
**pseudo_label ->  [0.0, 0.0, 0.0, 0.0, 0.0068, 0.0, 0.9932] **
max =  0.9932 | max_idx =  6
**pseudo_label ->  [0.0, 0.0001, 0.0, 0.0, 0.0021, 0.0, 0.9978] **
max =  0.9978 | max_idx =  6
**pseudo_label ->  [0.0, 0.0001, 0.0032, 0.0123, 0.9834, 0.0, 0.001] **
max =  0.9834 | max_idx =  4
**pseudo_label ->  [1.0, 0.0, 0.0, 0.0, 0.0, 0.0, 0.0] **
max =  1.0 | max_idx =  0
**pseudo_label ->  [0.0, 0.0, 0.0, 0.0006, 0.9994, 0.0, 0.0] **
max =  0.9994 | max_idx =  4
Balance pseudo label class ->  [1, 3, 4, 5, 6, 7]  value ->  239
add data ->  1434
Epoch 41/50, Train Loss: 0.1020, Valid Loss: 8.1596, Train Acc: 0.9834, Val Acc: 0.3420, Test Acc: 0.1291, Test F1: 0.1377, Total Pseudo-Labels: 1, Correct Pseudo-Labels: 0, Train Data Number: 3817



line 303 => train data수 3817
line 258 => 인스턴스 수 546
Step 6634  Tim 4:08:45
acc_train_cw(현재 train의 class별 acc) [0.944, 0.0, 0.947, 0.998, 0.991, 0.996, 0.992]
cw_psl_total_eval(pseudo label 클래스별 총 샘플 수):  [275, 0, 482, 528, 1230, 239, 1079]
cw_psl_correct_eval(pseudo label 클래스별 맞은 샘플 수):  [199, 0, 91, 215, 275, 39, 131]
psl_acc(PSL 평가에서의 정확도):  0.248 
cw_psl_acc(클래스별 PSL 평가에서의 정확도):  [0.7236363887786865, nan, 0.18879668414592743, 0.407196968793869, 0.22357723116874695, 0.1631799191236496, 0.12140870839357376]
***pse_model_save --- epoch = 42***
Save model to ./experiment/python_extended_data/output/
**pseudo_label ->  [0.0, 0.0, 0.0, 0.0, 0.0046, 0.0, 0.9954] **
max =  0.9954 | max_idx =  6
**pseudo_label ->  [0.0, 0.0004, 0.0015, 0.0, 0.024, 0.0001, 0.9739] **
max =  0.9739 | max_idx =  6
**pseudo_label ->  [0.0, 0.0002, 0.0011, 0.0, 0.0159, 0.0, 0.9828] **
max =  0.9828 | max_idx =  6
**pseudo_label ->  [0.9996, 0.0, 0.0002, 0.0002, 0.0, 0.0, 0.0] **
max =  0.9996 | max_idx =  0
**pseudo_label ->  [0.0, 0.0, 0.0, 0.0058, 0.9942, 0.0, 0.0] **
max =  0.9942 | max_idx =  4
Balance pseudo label class ->  [1, 3, 4, 5, 6, 7]  value ->  261
add data ->  1566
Epoch 42/50, Train Loss: 0.0932, Valid Loss: 8.1728, Train Acc: 0.9824, Val Acc: 0.3811, Test Acc: 0.1373, Test F1: 0.1380, Total Pseudo-Labels: 1, Correct Pseudo-Labels: 0, Train Data Number: 3840



line 303 => train data수 3840
line 258 => 인스턴스 수 549
Step 7180  Tim 4:22:41
acc_train_cw(현재 train의 class별 acc) [0.958, 0.5, 0.956, 0.998, 0.954, 0.981, 1.0]
cw_psl_total_eval(pseudo label 클래스별 총 샘플 수):  [261, 0, 458, 571, 1209, 263, 1088]
cw_psl_correct_eval(pseudo label 클래스별 맞은 샘플 수):  [197, 0, 85, 233, 273, 39, 134]
psl_acc(PSL 평가에서의 정확도):  0.25 
cw_psl_acc(클래스별 PSL 평가에서의 정확도):  [0.7547892928123474, nan, 0.1855895221233368, 0.4080560505390167, 0.22580644488334656, 0.14828898012638092, 0.12316176295280457]
***pse_model_save --- epoch = 43***
Save model to ./experiment/python_extended_data/output/
**pseudo_label ->  [0.0, 0.0, 0.0, 0.0, 0.0026, 0.0, 0.9973] **
max =  0.9973 | max_idx =  6
**pseudo_label ->  [0.0, 0.0, 0.0, 0.0, 0.0003, 0.0, 0.9997] **
max =  0.9997 | max_idx =  6
**pseudo_label ->  [0.0, 0.0002, 0.0005, 0.0015, 0.9896, 0.0, 0.0083] **
max =  0.9896 | max_idx =  4
**pseudo_label ->  [0.9997, 0.0, 0.0, 0.0003, 0.0, 0.0, 0.0] **
max =  0.9997 | max_idx =  0
**pseudo_label ->  [0.0, 0.0, 0.0001, 0.0013, 0.9972, 0.0, 0.0014] **
max =  0.9972 | max_idx =  4
Balance pseudo label class ->  [1, 3, 4, 5, 6, 7]  value ->  256
add data ->  1536
Epoch 43/50, Train Loss: 0.1008, Valid Loss: 7.9521, Train Acc: 0.9755, Val Acc: 0.3713, Test Acc: 0.1311, Test F1: 0.1252, Total Pseudo-Labels: 1, Correct Pseudo-Labels: 0, Train Data Number: 3851



line 303 => train data수 3851
line 258 => 인스턴스 수 551
Step 7729  Tim 4:36:34
acc_train_cw(현재 train의 class별 acc) [0.951, 0.0, 0.996, 0.974, 0.999, 1.0, 0.983]
cw_psl_total_eval(pseudo label 클래스별 총 샘플 수):  [256, 0, 444, 578, 1097, 260, 1154]
cw_psl_correct_eval(pseudo label 클래스별 맞은 샘플 수):  [194, 0, 84, 229, 248, 39, 146]
psl_acc(PSL 평가에서의 정확도):  0.248 
cw_psl_acc(클래스별 PSL 평가에서의 정확도):  [0.7578125, nan, 0.18918919563293457, 0.3961937725543976, 0.22607110440731049, 0.15000000596046448, 0.1265164613723755]
***pse_model_save --- epoch = 44***
Save model to ./experiment/python_extended_data/output/
**pseudo_label ->  [0.0, 0.0, 0.0, 0.0, 0.0066, 0.0, 0.9934] **
max =  0.9934 | max_idx =  6
**pseudo_label ->  [0.0, 0.0, 0.0, 0.0, 0.0873, 0.0, 0.9127] **
max =  0.9127 | max_idx =  6
**pseudo_label ->  [0.0, 0.0002, 0.0153, 0.0006, 0.965, 0.0, 0.0189] **
max =  0.965 | max_idx =  4
**pseudo_label ->  [0.9999, 0.0, 0.0001, 0.0, 0.0, 0.0, 0.0] **
max =  0.9999 | max_idx =  0
**pseudo_label ->  [0.0, 0.0, 0.0, 0.0011, 0.9989, 0.0, 0.0] **
max =  0.9989 | max_idx =  4
Balance pseudo label class ->  [1, 3, 4, 5, 6, 7]  value ->  257
add data ->  1542
Epoch 44/50, Train Loss: 0.0998, Valid Loss: 8.5548, Train Acc: 0.9860, Val Acc: 0.3355, Test Acc: 0.1045, Test F1: 0.1052, Total Pseudo-Labels: 1, Correct Pseudo-Labels: 0, Train Data Number: 3861



line 303 => train data수 3861
line 258 => 인스턴스 수 552
Step 8280  Tim 4:50:34
acc_train_cw(현재 train의 class별 acc) [0.996, 0.25, 0.969, 0.995, 0.995, 1.0, 0.992]
cw_psl_total_eval(pseudo label 클래스별 총 샘플 수):  [257, 0, 490, 546, 1211, 264, 1069]
cw_psl_correct_eval(pseudo label 클래스별 맞은 샘플 수):  [187, 0, 94, 219, 272, 39, 137]
psl_acc(PSL 평가에서의 정확도):  0.247 
cw_psl_acc(클래스별 PSL 평가에서의 정확도):  [0.7276264429092407, nan, 0.19183672964572906, 0.40109890699386597, 0.22460776567459106, 0.14772726595401764, 0.12815715372562408]
***pse_model_save --- epoch = 45***
Save model to ./experiment/python_extended_data/output/
**pseudo_label ->  [0.0, 0.0, 0.0, 0.0, 0.014, 0.0, 0.9859] **
max =  0.9859 | max_idx =  6
**pseudo_label ->  [0.0, 0.0005, 0.0006, 0.0, 0.1495, 0.0, 0.8494] **
max =  0.8494 | max_idx =  6
**pseudo_label ->  [0.0002, 0.0028, 0.0159, 0.0847, 0.8862, 0.0001, 0.0102] **
max =  0.8862 | max_idx =  4
**pseudo_label ->  [1.0, 0.0, 0.0, 0.0, 0.0, 0.0, 0.0] **
max =  1.0 | max_idx =  0
**pseudo_label ->  [0.0, 0.0, 0.0, 0.003, 0.997, 0.0, 0.0] **
max =  0.997 | max_idx =  4
Balance pseudo label class ->  [1, 3, 4, 5, 6, 7]  value ->  269
add data ->  1614
Epoch 45/50, Train Loss: 0.0823, Valid Loss: 8.9246, Train Acc: 0.9904, Val Acc: 0.3290, Test Acc: 0.1127, Test F1: 0.1114, Total Pseudo-Labels: 1, Correct Pseudo-Labels: 0, Train Data Number: 3870



line 303 => train data수 3870
line 258 => 인스턴스 수 553
Step 8832  Tim 5:04:36
acc_train_cw(현재 train의 class별 acc) [0.982, 0.75, 0.985, 0.989, 0.942, 0.989, 0.997]
cw_psl_total_eval(pseudo label 클래스별 총 샘플 수):  [274, 0, 459, 564, 1200, 269, 1101]
cw_psl_correct_eval(pseudo label 클래스별 맞은 샘플 수):  [198, 0, 88, 224, 272, 39, 137]
psl_acc(PSL 평가에서의 정확도):  0.248 
cw_psl_acc(클래스별 PSL 평가에서의 정확도):  [0.7226277589797974, nan, 0.1917211264371872, 0.39716312289237976, 0.2266666740179062, 0.14498141407966614, 0.12443233281373978]
***pse_model_save --- epoch = 46***
Save model to ./experiment/python_extended_data/output/
**pseudo_label ->  [0.0, 0.0, 0.0, 0.0, 0.0001, 0.0, 0.9999] **
max =  0.9999 | max_idx =  6
**pseudo_label ->  [0.0, 0.0006, 0.0008, 0.0, 0.0115, 0.0, 0.987] **
max =  0.987 | max_idx =  6
**pseudo_label ->  [0.0, 0.0077, 0.0003, 0.0, 0.002, 0.0072, 0.9828] **
max =  0.9828 | max_idx =  6
**pseudo_label ->  [0.9997, 0.0, 0.0003, 0.0, 0.0, 0.0, 0.0] **
max =  0.9997 | max_idx =  0
**pseudo_label ->  [0.0, 0.0, 0.0, 0.3272, 0.6728, 0.0, 0.0] **
max =  0.6728 | max_idx =  4
Balance pseudo label class ->  [1, 3, 4, 5, 6, 7]  value ->  266
add data ->  1596
Epoch 46/50, Train Loss: 0.0892, Valid Loss: 7.8498, Train Acc: 0.9760, Val Acc: 0.3550, Test Acc: 0.1230, Test F1: 0.1155, Total Pseudo-Labels: 1, Correct Pseudo-Labels: 0, Train Data Number: 3879



line 303 => train data수 3879
line 258 => 인스턴스 수 555
Step 9385  Tim 5:18:33
acc_train_cw(현재 train의 class별 acc) [0.996, 0.0, 0.954, 0.933, 0.979, 0.982, 0.982]
cw_psl_total_eval(pseudo label 클래스별 총 샘플 수):  [276, 0, 463, 600, 1084, 266, 1135]
cw_psl_correct_eval(pseudo label 클래스별 맞은 샘플 수):  [198, 0, 88, 239, 235, 39, 140]
psl_acc(PSL 평가에서의 정확도):  0.246 
cw_psl_acc(클래스별 PSL 평가에서의 정확도):  [0.717391312122345, nan, 0.19006478786468506, 0.398333340883255, 0.21678966283798218, 0.14661654829978943, 0.12334802001714706]
***pse_model_save --- epoch = 47***
Save model to ./experiment/python_extended_data/output/
**pseudo_label ->  [0.0, 0.0, 0.0, 0.0, 0.0057, 0.0, 0.9943] **
max =  0.9943 | max_idx =  6
**pseudo_label ->  [0.0, 0.0009, 0.0675, 0.0, 0.0192, 0.0005, 0.9119] **
max =  0.9119 | max_idx =  6
**pseudo_label ->  [0.0009, 0.0003, 0.2598, 0.2154, 0.5235, 0.0, 0.0002] **
max =  0.5235 | max_idx =  4
**pseudo_label ->  [1.0, 0.0, 0.0, 0.0, 0.0, 0.0, 0.0] **
max =  1.0 | max_idx =  0
**pseudo_label ->  [0.0, 0.0, 0.0, 0.0381, 0.9619, 0.0, 0.0] **
max =  0.9619 | max_idx =  4
Balance pseudo label class ->  [1, 3, 4, 5, 6, 7]  value ->  260
add data ->  1560
Epoch 47/50, Train Loss: 0.1186, Valid Loss: 8.2009, Train Acc: 0.9704, Val Acc: 0.3681, Test Acc: 0.1434, Test F1: 0.1403, Total Pseudo-Labels: 1, Correct Pseudo-Labels: 0, Train Data Number: 3880



line 303 => train data수 3880
line 258 => 인스턴스 수 555
Step 9940  Tim 5:32:38
acc_train_cw(현재 train의 class별 acc) [0.933, 0.5, 0.986, 1.0, 0.998, 0.996, 0.994]
cw_psl_total_eval(pseudo label 클래스별 총 샘플 수):  [312, 0, 483, 536, 1160, 260, 1080]
cw_psl_correct_eval(pseudo label 클래스별 맞은 샘플 수):  [217, 0, 97, 214, 259, 39, 136]
psl_acc(PSL 평가에서의 정확도):  0.251 
cw_psl_acc(클래스별 PSL 평가에서의 정확도):  [0.6955128312110901, nan, 0.20082814991474152, 0.3992537260055542, 0.22327585518360138, 0.15000000596046448, 0.1259259283542633]
***pse_model_save --- epoch = 48***
Save model to ./experiment/python_extended_data/output/
**pseudo_label ->  [0.0, 0.0, 0.0, 0.0, 0.0025, 0.0, 0.9975] **
max =  0.9975 | max_idx =  6
**pseudo_label ->  [0.0, 0.0001, 0.0005, 0.0, 0.0045, 0.0002, 0.9946] **
max =  0.9946 | max_idx =  6
**pseudo_label ->  [0.0, 0.0, 0.0, 0.3707, 0.6292, 0.0, 0.0] **
max =  0.6292 | max_idx =  4
**pseudo_label ->  [0.9985, 0.0, 0.0015, 0.0, 0.0, 0.0, 0.0] **
max =  0.9985 | max_idx =  0
**pseudo_label ->  [0.0, 0.0, 0.0, 0.0012, 0.9988, 0.0, 0.0] **
max =  0.9988 | max_idx =  4
Balance pseudo label class ->  [1, 3, 4, 5, 6, 7]  value ->  267
add data ->  1602
Epoch 48/50, Train Loss: 0.0573, Valid Loss: 9.3154, Train Acc: 0.9899, Val Acc: 0.3909, Test Acc: 0.1291, Test F1: 0.1266, Total Pseudo-Labels: 1, Correct Pseudo-Labels: 0, Train Data Number: 3885



line 303 => train data수 3885
line 258 => 인스턴스 수 555
Step 10495  Tim 5:46:39
acc_train_cw(현재 train의 class별 acc) [0.99, 0.75, 0.996, 0.958, 0.989, 0.996, 0.995]
cw_psl_total_eval(pseudo label 클래스별 총 샘플 수):  [275, 0, 482, 571, 1183, 267, 1102]
cw_psl_correct_eval(pseudo label 클래스별 맞은 샘플 수):  [189, 0, 93, 229, 266, 39, 138]
psl_acc(PSL 평가에서의 정확도):  0.246 
cw_psl_acc(클래스별 PSL 평가에서의 정확도):  [0.6872727274894714, nan, 0.19294606149196625, 0.40105077624320984, 0.2248520702123642, 0.14606741070747375, 0.12522685527801514]
***pse_model_save --- epoch = 49***
Save model to ./experiment/python_extended_data/output/
**pseudo_label ->  [0.0, 0.0, 0.0, 0.0, 0.0004, 0.0, 0.9996] **
max =  0.9996 | max_idx =  6
**pseudo_label ->  [0.0, 0.0, 0.0006, 0.0, 0.0012, 0.0001, 0.9982] **
max =  0.9982 | max_idx =  6
**pseudo_label ->  [0.0023, 0.0372, 0.0445, 0.1956, 0.7122, 0.0028, 0.0053] **
max =  0.7122 | max_idx =  4
**pseudo_label ->  [1.0, 0.0, 0.0, 0.0, 0.0, 0.0, 0.0] **
max =  1.0 | max_idx =  0
**pseudo_label ->  [0.0, 0.0, 0.0, 0.0, 0.9998, 0.0, 0.0002] **
max =  0.9998 | max_idx =  4
Balance pseudo label class ->  [1, 3, 4, 5, 6, 7]  value ->  271
add data ->  1626
Epoch 49/50, Train Loss: 0.0742, Valid Loss: 9.9658, Train Acc: 0.9874, Val Acc: 0.3160, Test Acc: 0.1250, Test F1: 0.1191, Total Pseudo-Labels: 1, Correct Pseudo-Labels: 0, Train Data Number: 3888



line 303 => train data수 3888
line 258 => 인스턴스 수 556
Step 11050  Tim 6:00:34
acc_train_cw(현재 train의 class별 acc) [0.962, 0.5, 0.978, 0.991, 0.993, 0.993, 0.981]
cw_psl_total_eval(pseudo label 클래스별 총 샘플 수):  [309, 0, 494, 529, 1155, 271, 1105]
cw_psl_correct_eval(pseudo label 클래스별 맞은 샘플 수):  [208, 0, 98, 211, 263, 39, 141]
psl_acc(PSL 평가에서의 정확도):  0.249 
cw_psl_acc(클래스별 PSL 평가에서의 정확도):  [0.6731391549110413, nan, 0.19838055968284607, 0.39886578917503357, 0.22770562767982483, 0.1439114362001419, 0.12760181725025177]
***pse_model_save --- epoch = 50***
Save model to ./experiment/python_extended_data/output/
**pseudo_label ->  [0.0, 0.0, 0.0, 0.0, 0.0005, 0.0, 0.9995] **
max =  0.9995 | max_idx =  6
**pseudo_label ->  [0.0, 0.0, 0.0, 0.0, 0.0103, 0.0001, 0.9896] **
max =  0.9896 | max_idx =  6
**pseudo_label ->  [0.0, 0.0, 0.0003, 0.2166, 0.7831, 0.0, 0.0] **
max =  0.7831 | max_idx =  4
**pseudo_label ->  [0.9999, 0.0, 0.0001, 0.0, 0.0, 0.0, 0.0] **
max =  0.9999 | max_idx =  0
**pseudo_label ->  [0.0, 0.0, 0.0, 0.0003, 0.9997, 0.0, 0.0] **
max =  0.9997 | max_idx =  4
Balance pseudo label class ->  [1, 3, 4, 5, 6, 7]  value ->  271
add data ->  1626
Epoch 50/50, Train Loss: 0.0738, Valid Loss: 10.1637, Train Acc: 0.9843, Val Acc: 0.3909, Test Acc: 0.1393, Test F1: 0.1332, Total Pseudo-Labels: 1, Correct Pseudo-Labels: 0, Train Data Number: 3892

Training complete!
Total training took 6:11:34 (h:mm:ss)
Load model from ./experiment/python_extended_data/output/5_codesage-base_0.0003_0.7_python_extended_data_net0.pth
Save training statistics in:  ./experiment/python_extended_data/log/codesage/class5//5_codesage-base_0.0003_0.7_python_extended_data/training_statistics.csv

best_trian_loss, epoch => 0.057349972516621585 48
Epoch-1_train_loss => 6.884695490201314
max_epoch_train_loss => 0.07383136286673578 


best_val_loss, epoch =>  1.714841907886418 3
Epoch-1_val_loss => 1.9348633735886613
max_epoch_val_loss => 10.163702239605765 

pse_epoch =>  [1, 2, 4, 6, 7, 8, 12, 13, 14, 15, 16, 17, 18, 19, 20, 21, 22, 23, 24, 25, 26, 27, 28, 29, 30, 31, 32, 33, 34, 35, 36, 37, 38, 39, 40, 41, 42, 43, 44, 45, 46, 47, 48, 49, 50]
추가되는 pse_epoch =>  [1, 20, 21, 22, 24, 25, 26, 27, 28, 29, 30, 31, 32, 33, 34, 35, 36, 37, 38, 39, 40, 41, 42, 43, 44, 45, 46, 47, 48, 49, 50] 

total_data:  3892 
Best_step:  227 
Best_epoch:  26 
best_val_acc:  0.4169381107491857 
best_test_acc:  0.13934426229508196 
best_test_f1:  0.1332244474980642
Save best record in:  ./experiment/python_extended_data/log/codesage/class5/summary.csv
Save best record in:  ./experiment/python_extended_data/log/summary_avgrun.csv
