current work directory:  /home/imsuhan22/few-shot-tc/custom_ssl/code
Data set -> java_extended_data
save_name: 10_codesage-base_0.00025_0.7_java_extended_data

data_path:  ../data/problem_based_split/java_extended_data

There are 1 GPU(s) available.
We will use the GPU- 0 Quadro RTX 8000

**line 147 모델 =>  codesage/codesage-base
**tokenizer type =  codesage/codesage-base 

pesudo label class개수 기준 -> 5
n_labeled_per_class:  10
train_df samples: 3851
train_labeled_df samples: 70
train_unlabeled_df samples: 3781
n_classes:  7 


net_arch:  codesage/codesage-base 
lr:  0.00025 
lr_linear:  0.001 




line 303 => train data수 70
line 258 => 인스턴스 수 10
Step 0  Tim 0:00:47
acc_train_cw(현재 train의 class별 acc) [0.1, 0.2, 0.3, 0.2, 0.4, 0.0, 0.0]
cw_psl_total_eval(pseudo label 클래스별 총 샘플 수):  [0, 0, 0, 0, 0, 0, 0]
cw_psl_correct_eval(pseudo label 클래스별 맞은 샘플 수):  [0, 0, 0, 0, 0, 0, 0]
psl_acc(PSL 평가에서의 정확도): None 
cw_psl_acc(클래스별 PSL 평가에서의 정확도):  [nan, nan, nan, nan, nan, nan, nan]
***best_acc_model_save --- epoch = 1***
Save model to ./experiment/java_extended_data/output/
**pseudo_label ->  [0.0589, 0.0114, 0.4355, 0.0688, 0.352, 0.0447, 0.0286] **
max =  0.4355 | max_idx =  2
**pseudo_label ->  [0.0458, 0.0327, 0.0943, 0.5722, 0.1732, 0.0256, 0.0562] **
max =  0.5722 | max_idx =  3
**pseudo_label ->  [0.4421, 0.0262, 0.1699, 0.0579, 0.0435, 0.0574, 0.2029] **
max =  0.4421 | max_idx =  0
**pseudo_label ->  [0.044, 0.5833, 0.0667, 0.1049, 0.1576, 0.0153, 0.0282] **
max =  0.5833 | max_idx =  1
**pseudo_label ->  [0.1514, 0.1369, 0.0981, 0.1981, 0.3683, 0.0162, 0.031] **
max =  0.3683 | max_idx =  4
Balance pseudo label class ->  [1, 2, 3, 4, 5, 7]  value ->  3
add data ->  18
Epoch 1/50, Train Loss: 3.3414, Valid Loss: 3.1715, Train Acc: 0.1714, Val Acc: 0.1184, Test Acc: 0.1745, Test F1: 0.1445, Total Pseudo-Labels: 0, Correct Pseudo-Labels: 0, Train Data Number: 88



line 303 => train data수 88
line 258 => 인스턴스 수 13
Step 10  Tim 0:05:03
acc_train_cw(현재 train의 class별 acc) [1.0, 0.0, 0.0, 0.0, 0.0, 0.0, 0.0]
cw_psl_total_eval(pseudo label 클래스별 총 샘플 수):  [13, 5, 146, 10, 5, 0, 3]
cw_psl_correct_eval(pseudo label 클래스별 맞은 샘플 수):  [7, 1, 28, 2, 1, 0, 2]
psl_acc(PSL 평가에서의 정확도):  0.225 
cw_psl_acc(클래스별 PSL 평가에서의 정확도):  [0.5384615659713745, 0.20000000298023224, 0.19178082048892975, 0.20000000298023224, 0.20000000298023224, nan, 0.6666666865348816]
***pse_model_save --- epoch = 2***
Save model to ./experiment/java_extended_data/output/
**pseudo_label ->  [0.2399, 0.583, 0.0595, 0.0023, 0.014, 0.0992, 0.0021] **
max =  0.583 | max_idx =  1
**pseudo_label ->  [0.2582, 0.0994, 0.3515, 0.0015, 0.0309, 0.2495, 0.0089] **
max =  0.3515 | max_idx =  2
**pseudo_label ->  [0.1021, 0.0143, 0.0234, 0.0003, 0.015, 0.5927, 0.2523] **
max =  0.5927 | max_idx =  5
**pseudo_label ->  [0.2251, 0.0667, 0.3142, 0.001, 0.0286, 0.3552, 0.0092] **
max =  0.3552 | max_idx =  5
**pseudo_label ->  [0.3102, 0.4594, 0.0732, 0.0021, 0.0128, 0.139, 0.0033] **
max =  0.4594 | max_idx =  1
Epoch 2/50, Train Loss: 2.5934, Valid Loss: 3.0392, Train Acc: 0.1477, Val Acc: 0.0981, Test Acc: 0.1342, Test F1: 0.0338, Total Pseudo-Labels: 0, Correct Pseudo-Labels: 0, Train Data Number: 88



line 303 => train data수 88
line 258 => 인스턴스 수 13
Step 23  Tim 0:09:49
acc_train_cw(현재 train의 class별 acc) [1.0, 0.0, 0.0, 0.0, 0.0, 0.0, 0.0]
cw_psl_total_eval(pseudo label 클래스별 총 샘플 수):  [0, 0, 0, 0, 0, 0, 0]
cw_psl_correct_eval(pseudo label 클래스별 맞은 샘플 수):  [0, 0, 0, 0, 0, 0, 0]
psl_acc(PSL 평가에서의 정확도): None 
cw_psl_acc(클래스별 PSL 평가에서의 정확도):  [nan, nan, nan, nan, nan, nan, nan]
**pseudo_label ->  [0.3571, 0.0895, 0.1237, 0.0597, 0.0057, 0.2546, 0.1097] **
max =  0.3571 | max_idx =  0
**pseudo_label ->  [0.3747, 0.0911, 0.1641, 0.0551, 0.0058, 0.176, 0.1332] **
max =  0.3747 | max_idx =  0
**pseudo_label ->  [0.3219, 0.0814, 0.125, 0.0476, 0.0052, 0.2427, 0.1764] **
max =  0.3219 | max_idx =  0
**pseudo_label ->  [0.3134, 0.0821, 0.1565, 0.0554, 0.0055, 0.2755, 0.1116] **
max =  0.3134 | max_idx =  0
**pseudo_label ->  [0.3586, 0.0757, 0.1332, 0.0469, 0.0078, 0.278, 0.0998] **
max =  0.3586 | max_idx =  0
Epoch 3/50, Train Loss: 2.7912, Valid Loss: 2.1764, Train Acc: 0.1477, Val Acc: 0.0981, Test Acc: 0.1342, Test F1: 0.0338, Total Pseudo-Labels: 0, Correct Pseudo-Labels: 0, Train Data Number: 88



line 303 => train data수 88
line 258 => 인스턴스 수 13
Step 36  Tim 0:14:05
acc_train_cw(현재 train의 class별 acc) [0.0, 0.0, 0.0, 1.0, 0.0, 0.0, 0.0]
cw_psl_total_eval(pseudo label 클래스별 총 샘플 수):  [0, 0, 0, 0, 0, 0, 364]
cw_psl_correct_eval(pseudo label 클래스별 맞은 샘플 수):  [0, 0, 0, 0, 0, 0, 59]
psl_acc(PSL 평가에서의 정확도):  0.162 
cw_psl_acc(클래스별 PSL 평가에서의 정확도):  [nan, nan, nan, nan, nan, nan, 0.16208791732788086]
**pseudo_label ->  [0.0039, 0.0921, 0.2563, 0.3893, 0.0879, 0.0821, 0.0884] **
max =  0.3893 | max_idx =  3
**pseudo_label ->  [0.0011, 0.0185, 0.0194, 0.1136, 0.0245, 0.0768, 0.7462] **
max =  0.7462 | max_idx =  6
**pseudo_label ->  [0.0055, 0.1504, 0.28, 0.3749, 0.0672, 0.042, 0.08] **
max =  0.3749 | max_idx =  3
**pseudo_label ->  [0.0054, 0.0913, 0.3611, 0.3322, 0.0661, 0.0661, 0.0778] **
max =  0.3611 | max_idx =  2
**pseudo_label ->  [0.0033, 0.0712, 0.2333, 0.5043, 0.0535, 0.0747, 0.0598] **
max =  0.5043 | max_idx =  3
Epoch 4/50, Train Loss: 2.6762, Valid Loss: 2.5517, Train Acc: 0.1477, Val Acc: 0.2064, Test Acc: 0.0425, Test F1: 0.0116, Total Pseudo-Labels: 1, Correct Pseudo-Labels: 0, Train Data Number: 88



line 303 => train data수 88
line 258 => 인스턴스 수 13
Step 49  Tim 0:18:22
acc_train_cw(현재 train의 class별 acc) [0.0, 0.0, 0.0, 0.0, 1.0, 0.0, 0.0]
cw_psl_total_eval(pseudo label 클래스별 총 샘플 수):  [0, 5, 0, 0, 0, 0, 336]
cw_psl_correct_eval(pseudo label 클래스별 맞은 샘플 수):  [0, 1, 0, 0, 0, 0, 55]
psl_acc(PSL 평가에서의 정확도):  0.164 
cw_psl_acc(클래스별 PSL 평가에서의 정확도):  [nan, 0.20000000298023224, nan, nan, nan, nan, 0.1636904776096344]
**pseudo_label ->  [0.1509, 0.0024, 0.079, 0.0979, 0.3678, 0.1084, 0.1936] **
max =  0.3678 | max_idx =  4
**pseudo_label ->  [0.2447, 0.0218, 0.0387, 0.2878, 0.2592, 0.068, 0.0798] **
max =  0.2878 | max_idx =  3
**pseudo_label ->  [0.1353, 0.0022, 0.1225, 0.0768, 0.3778, 0.0848, 0.2006] **
max =  0.3778 | max_idx =  4
**pseudo_label ->  [0.1054, 0.0025, 0.1095, 0.1476, 0.3894, 0.102, 0.1435] **
max =  0.3894 | max_idx =  4
**pseudo_label ->  [0.0207, 0.0001, 0.0047, 0.013, 0.0889, 0.0471, 0.8255] **
max =  0.8255 | max_idx =  6
Epoch 5/50, Train Loss: 2.7317, Valid Loss: 2.1445, Train Acc: 0.1477, Val Acc: 0.2843, Test Acc: 0.2282, Test F1: 0.0531, Total Pseudo-Labels: 0, Correct Pseudo-Labels: 0, Train Data Number: 88



line 303 => train data수 88
line 258 => 인스턴스 수 13
Step 62  Tim 0:22:37
acc_train_cw(현재 train의 class별 acc) [0.0, 1.0, 0.0, 0.0, 0.0, 0.0, 0.0]
cw_psl_total_eval(pseudo label 클래스별 총 샘플 수):  [0, 0, 0, 0, 0, 0, 344]
cw_psl_correct_eval(pseudo label 클래스별 맞은 샘플 수):  [0, 0, 0, 0, 0, 0, 53]
psl_acc(PSL 평가에서의 정확도):  0.154 
cw_psl_acc(클래스별 PSL 평가에서의 정확도):  [nan, nan, nan, nan, nan, nan, 0.15406976640224457]
**pseudo_label ->  [0.2528, 0.3199, 0.1029, 0.0301, 0.1808, 0.0868, 0.0266] **
max =  0.3199 | max_idx =  1
**pseudo_label ->  [0.2874, 0.3253, 0.0905, 0.0207, 0.1392, 0.0956, 0.0413] **
max =  0.3253 | max_idx =  1
**pseudo_label ->  [0.2667, 0.2576, 0.1324, 0.0351, 0.1686, 0.1121, 0.0276] **
max =  0.2667 | max_idx =  0
**pseudo_label ->  [0.2648, 0.3831, 0.1233, 0.0214, 0.1278, 0.0563, 0.0233] **
max =  0.3831 | max_idx =  1
**pseudo_label ->  [0.2615, 0.4119, 0.1212, 0.0164, 0.1077, 0.0603, 0.021] **
max =  0.4119 | max_idx =  1
Epoch 6/50, Train Loss: 2.3451, Valid Loss: 2.6451, Train Acc: 0.1477, Val Acc: 0.1997, Test Acc: 0.0604, Test F1: 0.0163, Total Pseudo-Labels: 0, Correct Pseudo-Labels: 0, Train Data Number: 88



line 303 => train data수 88
line 258 => 인스턴스 수 13
Step 75  Tim 0:26:53
acc_train_cw(현재 train의 class별 acc) [0.0, 0.0, 0.0, 1.0, 0.0, 0.0, 0.0]
cw_psl_total_eval(pseudo label 클래스별 총 샘플 수):  [0, 388, 0, 0, 0, 0, 0]
cw_psl_correct_eval(pseudo label 클래스별 맞은 샘플 수):  [0, 48, 0, 0, 0, 0, 0]
psl_acc(PSL 평가에서의 정확도):  0.124 
cw_psl_acc(클래스별 PSL 평가에서의 정확도):  [nan, 0.12371134012937546, nan, nan, nan, nan, nan]
**pseudo_label ->  [0.1177, 0.0237, 0.2348, 0.3754, 0.0129, 0.0925, 0.143] **
max =  0.3754 | max_idx =  3
**pseudo_label ->  [0.1682, 0.1558, 0.0888, 0.5072, 0.004, 0.0417, 0.0344] **
max =  0.5072 | max_idx =  3
**pseudo_label ->  [0.1201, 0.0229, 0.2562, 0.3916, 0.0109, 0.0781, 0.1202] **
max =  0.3916 | max_idx =  3
**pseudo_label ->  [0.1633, 0.0156, 0.2996, 0.3131, 0.0125, 0.0793, 0.1166] **
max =  0.3131 | max_idx =  3
**pseudo_label ->  [0.1223, 0.0159, 0.3062, 0.3382, 0.0105, 0.0771, 0.1298] **
max =  0.3382 | max_idx =  3
Epoch 7/50, Train Loss: 2.6097, Valid Loss: 1.7264, Train Acc: 0.1477, Val Acc: 0.2064, Test Acc: 0.0425, Test F1: 0.0116, Total Pseudo-Labels: 1, Correct Pseudo-Labels: 0, Train Data Number: 88



line 303 => train data수 88
line 258 => 인스턴스 수 13
Step 88  Tim 0:31:09
acc_train_cw(현재 train의 class별 acc) [0.0, 0.0, 1.0, 0.0, 0.0, 0.0, 0.0]
cw_psl_total_eval(pseudo label 클래스별 총 샘플 수):  [0, 0, 0, 0, 0, 0, 318]
cw_psl_correct_eval(pseudo label 클래스별 맞은 샘플 수):  [0, 0, 0, 0, 0, 0, 45]
psl_acc(PSL 평가에서의 정확도):  0.142 
cw_psl_acc(클래스별 PSL 평가에서의 정확도):  [nan, nan, nan, nan, nan, nan, 0.14150942862033844]
**pseudo_label ->  [0.1784, 0.0985, 0.2787, 0.1239, 0.2341, 0.0771, 0.0094] **
max =  0.2787 | max_idx =  2
**pseudo_label ->  [0.1559, 0.078, 0.3098, 0.1875, 0.1981, 0.0625, 0.0083] **
max =  0.3098 | max_idx =  2
**pseudo_label ->  [0.1348, 0.0888, 0.3335, 0.1386, 0.23, 0.0673, 0.0071] **
max =  0.3335 | max_idx =  2
**pseudo_label ->  [0.1272, 0.068, 0.3421, 0.1594, 0.2206, 0.0748, 0.008] **
max =  0.3421 | max_idx =  2
**pseudo_label ->  [0.1229, 0.0931, 0.3349, 0.1899, 0.1958, 0.0561, 0.0073] **
max =  0.3349 | max_idx =  2
Epoch 8/50, Train Loss: 2.2297, Valid Loss: 2.5050, Train Acc: 0.1477, Val Acc: 0.2115, Test Acc: 0.1544, Test F1: 0.0382, Total Pseudo-Labels: 0, Correct Pseudo-Labels: 0, Train Data Number: 88



line 303 => train data수 88
line 258 => 인스턴스 수 13
Step 101  Tim 0:35:25
acc_train_cw(현재 train의 class별 acc) [0.0, 0.0, 0.0, 0.0, 0.0, 0.0, 1.0]
cw_psl_total_eval(pseudo label 클래스별 총 샘플 수):  [0, 0, 0, 0, 0, 0, 0]
cw_psl_correct_eval(pseudo label 클래스별 맞은 샘플 수):  [0, 0, 0, 0, 0, 0, 0]
psl_acc(PSL 평가에서의 정확도): None 
cw_psl_acc(클래스별 PSL 평가에서의 정확도):  [nan, nan, nan, nan, nan, nan, nan]
**pseudo_label ->  [0.0137, 0.0046, 0.0103, 0.0027, 0.0206, 0.057, 0.891] **
max =  0.891 | max_idx =  6
**pseudo_label ->  [0.0926, 0.074, 0.2728, 0.0149, 0.0811, 0.0864, 0.3782] **
max =  0.3782 | max_idx =  6
**pseudo_label ->  [0.1147, 0.0791, 0.2011, 0.0205, 0.1117, 0.1091, 0.3637] **
max =  0.3637 | max_idx =  6
**pseudo_label ->  [0.1535, 0.089, 0.2224, 0.0178, 0.1039, 0.1261, 0.2873] **
max =  0.2873 | max_idx =  6
**pseudo_label ->  [0.1315, 0.0735, 0.2243, 0.0237, 0.0815, 0.1452, 0.3204] **
max =  0.3204 | max_idx =  6
Epoch 9/50, Train Loss: 2.5941, Valid Loss: 1.8795, Train Acc: 0.1477, Val Acc: 0.0000, Test Acc: 0.0134, Test F1: 0.0038, Total Pseudo-Labels: 0, Correct Pseudo-Labels: 0, Train Data Number: 88



line 303 => train data수 88
line 258 => 인스턴스 수 13
Step 114  Tim 0:39:41
acc_train_cw(현재 train의 class별 acc) [0.0, 0.0, 0.0, 1.0, 0.0, 0.0, 0.0]
cw_psl_total_eval(pseudo label 클래스별 총 샘플 수):  [0, 0, 0, 0, 0, 0, 386]
cw_psl_correct_eval(pseudo label 클래스별 맞은 샘플 수):  [0, 0, 0, 0, 0, 0, 61]
psl_acc(PSL 평가에서의 정확도):  0.158 
cw_psl_acc(클래스별 PSL 평가에서의 정확도):  [nan, nan, nan, nan, nan, nan, 0.15803109109401703]
**pseudo_label ->  [0.0713, 0.16, 0.2113, 0.3103, 0.0974, 0.0687, 0.0811] **
max =  0.3103 | max_idx =  3
**pseudo_label ->  [0.0568, 0.1441, 0.261, 0.2825, 0.085, 0.0501, 0.1204] **
max =  0.2825 | max_idx =  3
**pseudo_label ->  [0.0321, 0.1985, 0.0118, 0.2075, 0.0407, 0.0478, 0.4616] **
max =  0.4616 | max_idx =  6
**pseudo_label ->  [0.0745, 0.1469, 0.2326, 0.3051, 0.1047, 0.0529, 0.0835] **
max =  0.3051 | max_idx =  3
**pseudo_label ->  [0.0519, 0.1685, 0.217, 0.3098, 0.0793, 0.0475, 0.126] **
max =  0.3098 | max_idx =  3
Epoch 10/50, Train Loss: 2.3546, Valid Loss: 2.6390, Train Acc: 0.1477, Val Acc: 0.2064, Test Acc: 0.0425, Test F1: 0.0116, Total Pseudo-Labels: 0, Correct Pseudo-Labels: 0, Train Data Number: 88



line 303 => train data수 88
line 258 => 인스턴스 수 13
Step 127  Tim 0:43:57
acc_train_cw(현재 train의 class별 acc) [0.0, 0.0, 0.0, 0.0, 0.0, 1.0, 0.0]
cw_psl_total_eval(pseudo label 클래스별 총 샘플 수):  [0, 2, 0, 0, 0, 0, 318]
cw_psl_correct_eval(pseudo label 클래스별 맞은 샘플 수):  [0, 0, 0, 0, 0, 0, 56]
psl_acc(PSL 평가에서의 정확도):  0.175 
cw_psl_acc(클래스별 PSL 평가에서의 정확도):  [nan, 0.0, nan, nan, nan, nan, 0.17610062658786774]
**pseudo_label ->  [0.1402, 0.0485, 0.1723, 0.0082, 0.2289, 0.1831, 0.2188] **
max =  0.2289 | max_idx =  4
**pseudo_label ->  [0.1212, 0.0437, 0.0858, 0.007, 0.1988, 0.3555, 0.1879] **
max =  0.3555 | max_idx =  5
**pseudo_label ->  [0.1832, 0.3497, 0.0412, 0.0191, 0.1046, 0.2336, 0.0685] **
max =  0.3497 | max_idx =  1
**pseudo_label ->  [0.0998, 0.0439, 0.1247, 0.0127, 0.2241, 0.3675, 0.1274] **
max =  0.3675 | max_idx =  5
**pseudo_label ->  [0.0818, 0.0341, 0.1191, 0.0078, 0.1944, 0.333, 0.2298] **
max =  0.333 | max_idx =  5
Epoch 11/50, Train Loss: 2.3457, Valid Loss: 1.6209, Train Acc: 0.1136, Val Acc: 0.0000, Test Acc: 0.3669, Test F1: 0.0767, Total Pseudo-Labels: 0, Correct Pseudo-Labels: 0, Train Data Number: 88



line 303 => train data수 88
line 258 => 인스턴스 수 13
Step 140  Tim 0:48:14
acc_train_cw(현재 train의 class별 acc) [0.0, 0.0, 0.0, 1.0, 0.0, 0.0, 0.0]
cw_psl_total_eval(pseudo label 클래스별 총 샘플 수):  [0, 0, 0, 0, 0, 0, 225]
cw_psl_correct_eval(pseudo label 클래스별 맞은 샘플 수):  [0, 0, 0, 0, 0, 0, 47]
psl_acc(PSL 평가에서의 정확도):  0.209 
cw_psl_acc(클래스별 PSL 평가에서의 정확도):  [nan, nan, nan, nan, nan, nan, 0.20888888835906982]
**pseudo_label ->  [0.1309, 0.1322, 0.2219, 0.3259, 0.169, 0.0142, 0.0059] **
max =  0.3259 | max_idx =  3
**pseudo_label ->  [0.1148, 0.1562, 0.2352, 0.2697, 0.2027, 0.0157, 0.0057] **
max =  0.2697 | max_idx =  3
**pseudo_label ->  [0.1196, 0.1571, 0.2955, 0.2592, 0.1478, 0.0151, 0.0057] **
max =  0.2955 | max_idx =  2
**pseudo_label ->  [0.1096, 0.1121, 0.2197, 0.3342, 0.2045, 0.0136, 0.0063] **
max =  0.3342 | max_idx =  3
**pseudo_label ->  [0.0783, 0.5566, 0.0556, 0.2553, 0.0422, 0.0097, 0.0022] **
max =  0.5566 | max_idx =  1
Epoch 12/50, Train Loss: 2.3106, Valid Loss: 2.1970, Train Acc: 0.1477, Val Acc: 0.2064, Test Acc: 0.0425, Test F1: 0.0116, Total Pseudo-Labels: 0, Correct Pseudo-Labels: 0, Train Data Number: 88



line 303 => train data수 88
line 258 => 인스턴스 수 13
Step 153  Tim 0:52:30
acc_train_cw(현재 train의 class별 acc) [0.923, 0.0, 0.0, 0.0, 0.0, 0.1, 0.923]
cw_psl_total_eval(pseudo label 클래스별 총 샘플 수):  [0, 5, 0, 0, 0, 0, 0]
cw_psl_correct_eval(pseudo label 클래스별 맞은 샘플 수):  [0, 1, 0, 0, 0, 0, 0]
psl_acc(PSL 평가에서의 정확도):  0.2 
cw_psl_acc(클래스별 PSL 평가에서의 정확도):  [nan, 0.20000000298023224, nan, nan, nan, nan, nan]
**pseudo_label ->  [0.1875, 0.1074, 0.1593, 0.1971, 0.0415, 0.1885, 0.1187] **
max =  0.1971 | max_idx =  3
**pseudo_label ->  [0.1952, 0.1004, 0.197, 0.1813, 0.0482, 0.1679, 0.11] **
max =  0.197 | max_idx =  2
**pseudo_label ->  [0.1543, 0.1436, 0.1787, 0.1598, 0.0432, 0.1788, 0.1416] **
max =  0.1788 | max_idx =  5
**pseudo_label ->  [0.274, 0.1295, 0.1649, 0.1322, 0.0474, 0.1037, 0.1483] **
max =  0.274 | max_idx =  0
**pseudo_label ->  [0.1193, 0.5245, 0.0213, 0.1609, 0.0131, 0.0698, 0.091] **
max =  0.5245 | max_idx =  1
Epoch 13/50, Train Loss: 1.9746, Valid Loss: 1.9034, Train Acc: 0.2841, Val Acc: 0.0964, Test Acc: 0.2148, Test F1: 0.1126, Total Pseudo-Labels: 0, Correct Pseudo-Labels: 0, Train Data Number: 88



line 303 => train data수 88
line 258 => 인스턴스 수 13
Step 166  Tim 0:56:46
acc_train_cw(현재 train의 class별 acc) [0.923, 0.615, 0.0, 0.0, 0.0, 0.0, 0.923]
cw_psl_total_eval(pseudo label 클래스별 총 샘플 수):  [0, 0, 0, 0, 0, 0, 301]
cw_psl_correct_eval(pseudo label 클래스별 맞은 샘플 수):  [0, 0, 0, 0, 0, 0, 59]
psl_acc(PSL 평가에서의 정확도):  0.196 
cw_psl_acc(클래스별 PSL 평가에서의 정확도):  [nan, nan, nan, nan, nan, nan, 0.19601328670978546]
**pseudo_label ->  [0.3324, 0.1156, 0.1332, 0.1367, 0.124, 0.1173, 0.0407] **
max =  0.3324 | max_idx =  0
**pseudo_label ->  [0.3132, 0.0867, 0.1007, 0.1295, 0.2138, 0.1125, 0.0435] **
max =  0.3132 | max_idx =  0
**pseudo_label ->  [0.2088, 0.1698, 0.1191, 0.1637, 0.1604, 0.1298, 0.0484] **
max =  0.2088 | max_idx =  0
**pseudo_label ->  [0.3119, 0.1098, 0.1005, 0.134, 0.1849, 0.1143, 0.0446] **
max =  0.3119 | max_idx =  0
**pseudo_label ->  [0.0119, 0.0256, 0.0019, 0.0146, 0.0242, 0.0129, 0.9087] **
max =  0.9087 | max_idx =  6
Epoch 14/50, Train Loss: 1.9939, Valid Loss: 2.0747, Train Acc: 0.3636, Val Acc: 0.1472, Test Acc: 0.1678, Test F1: 0.0960, Total Pseudo-Labels: 1, Correct Pseudo-Labels: 0, Train Data Number: 88



line 303 => train data수 88
line 258 => 인스턴스 수 13
Step 179  Tim 1:01:02
acc_train_cw(현재 train의 class별 acc) [0.0, 0.846, 0.0, 0.0, 0.769, 0.0, 0.923]
cw_psl_total_eval(pseudo label 클래스별 총 샘플 수):  [0, 5, 0, 0, 0, 0, 494]
cw_psl_correct_eval(pseudo label 클래스별 맞은 샘플 수):  [0, 1, 0, 0, 0, 0, 377]
psl_acc(PSL 평가에서의 정확도):  0.758 
cw_psl_acc(클래스별 PSL 평가에서의 정확도):  [nan, 0.20000000298023224, nan, nan, nan, nan, 0.7631579041481018]
**pseudo_label ->  [0.0611, 0.1871, 0.054, 0.2742, 0.2744, 0.1456, 0.0035] **
max =  0.2744 | max_idx =  4
**pseudo_label ->  [0.1502, 0.0917, 0.0826, 0.2619, 0.287, 0.1256, 0.001] **
max =  0.287 | max_idx =  4
**pseudo_label ->  [0.0397, 0.253, 0.0279, 0.1922, 0.2625, 0.2094, 0.0154] **
max =  0.2625 | max_idx =  4
**pseudo_label ->  [0.0352, 0.0889, 0.0095, 0.1074, 0.3395, 0.3226, 0.097] **
max =  0.3395 | max_idx =  4
**pseudo_label ->  [0.0067, 0.1249, 0.0003, 0.0268, 0.0851, 0.0532, 0.7031] **
max =  0.7031 | max_idx =  6
Epoch 15/50, Train Loss: 1.7490, Valid Loss: 1.7698, Train Acc: 0.3750, Val Acc: 0.2487, Test Acc: 0.1007, Test F1: 0.0813, Total Pseudo-Labels: 0, Correct Pseudo-Labels: 0, Train Data Number: 88



line 303 => train data수 88
line 258 => 인스턴스 수 13
Step 192  Tim 1:05:18
acc_train_cw(현재 train의 class별 acc) [0.769, 1.0, 0.0, 0.154, 0.0, 0.0, 0.0]
cw_psl_total_eval(pseudo label 클래스별 총 샘플 수):  [0, 129, 0, 0, 0, 0, 272]
cw_psl_correct_eval(pseudo label 클래스별 맞은 샘플 수):  [0, 23, 0, 0, 0, 0, 230]
psl_acc(PSL 평가에서의 정확도):  0.631 
cw_psl_acc(클래스별 PSL 평가에서의 정확도):  [nan, 0.1782945692539215, nan, nan, nan, nan, 0.845588207244873]
**pseudo_label ->  [0.0081, 0.3732, 0.1566, 0.3072, 0.0557, 0.0978, 0.0015] **
max =  0.3732 | max_idx =  1
**pseudo_label ->  [0.1133, 0.0606, 0.251, 0.2955, 0.2606, 0.0188, 0.0001] **
max =  0.2955 | max_idx =  3
**pseudo_label ->  [0.0157, 0.168, 0.0757, 0.2207, 0.1482, 0.3504, 0.0212] **
max =  0.3504 | max_idx =  5
**pseudo_label ->  [0.0324, 0.198, 0.2895, 0.3047, 0.1201, 0.055, 0.0004] **
max =  0.3047 | max_idx =  3
**pseudo_label ->  [0.0058, 0.5358, 0.0362, 0.1142, 0.0318, 0.2238, 0.0524] **
max =  0.5358 | max_idx =  1
Epoch 16/50, Train Loss: 1.4326, Valid Loss: 2.2158, Train Acc: 0.2841, Val Acc: 0.2606, Test Acc: 0.0738, Test F1: 0.0378, Total Pseudo-Labels: 0, Correct Pseudo-Labels: 0, Train Data Number: 88



line 303 => train data수 88
line 258 => 인스턴스 수 13
Step 205  Tim 1:09:34
acc_train_cw(현재 train의 class별 acc) [0.077, 0.0, 1.0, 0.0, 0.077, 0.0, 1.0]
cw_psl_total_eval(pseudo label 클래스별 총 샘플 수):  [0, 237, 0, 0, 0, 0, 3]
cw_psl_correct_eval(pseudo label 클래스별 맞은 샘플 수):  [0, 37, 0, 0, 0, 0, 3]
psl_acc(PSL 평가에서의 정확도):  0.167 
cw_psl_acc(클래스별 PSL 평가에서의 정확도):  [nan, 0.15611813962459564, nan, nan, nan, nan, 1.0]
**pseudo_label ->  [0.1959, 0.015, 0.3012, 0.1043, 0.2639, 0.1136, 0.0061] **
max =  0.3012 | max_idx =  2
**pseudo_label ->  [0.1963, 0.0062, 0.4375, 0.0844, 0.201, 0.0727, 0.0019] **
max =  0.4375 | max_idx =  2
**pseudo_label ->  [0.2467, 0.0074, 0.2822, 0.0935, 0.2623, 0.1033, 0.0046] **
max =  0.2822 | max_idx =  2
**pseudo_label ->  [0.3088, 0.007, 0.3912, 0.0452, 0.2028, 0.042, 0.0028] **
max =  0.3912 | max_idx =  2
**pseudo_label ->  [0.0235, 0.0002, 0.0002, 0.0011, 0.018, 0.0256, 0.9316] **
max =  0.9316 | max_idx =  6
Epoch 17/50, Train Loss: 1.4571, Valid Loss: 2.4288, Train Acc: 0.3182, Val Acc: 0.1760, Test Acc: 0.1163, Test F1: 0.1151, Total Pseudo-Labels: 0, Correct Pseudo-Labels: 0, Train Data Number: 88



line 303 => train data수 88
line 258 => 인스턴스 수 13
Step 218  Tim 1:13:49
acc_train_cw(현재 train의 class별 acc) [0.385, 0.846, 0.692, 0.385, 0.615, 0.0, 1.0]
cw_psl_total_eval(pseudo label 클래스별 총 샘플 수):  [0, 0, 0, 0, 0, 0, 104]
cw_psl_correct_eval(pseudo label 클래스별 맞은 샘플 수):  [0, 0, 0, 0, 0, 0, 99]
psl_acc(PSL 평가에서의 정확도):  0.952 
cw_psl_acc(클래스별 PSL 평가에서의 정확도):  [nan, nan, nan, nan, nan, nan, 0.9519230723381042]
**pseudo_label ->  [0.0193, 0.2855, 0.1132, 0.2728, 0.161, 0.1425, 0.0056] **
max =  0.2855 | max_idx =  1
**pseudo_label ->  [0.0889, 0.3171, 0.0886, 0.4001, 0.0879, 0.0173, 0.0001] **
max =  0.4001 | max_idx =  3
**pseudo_label ->  [0.0324, 0.2252, 0.0899, 0.3187, 0.181, 0.1449, 0.008] **
max =  0.3187 | max_idx =  3
**pseudo_label ->  [0.1057, 0.0527, 0.4036, 0.1857, 0.2173, 0.0343, 0.0007] **
max =  0.4036 | max_idx =  2
**pseudo_label ->  [0.0, 0.0, 0.0, 0.0, 0.0, 0.0, 1.0] **
max =  1.0 | max_idx =  6
Epoch 18/50, Train Loss: 1.9656, Valid Loss: 2.3897, Train Acc: 0.5795, Val Acc: 0.2623, Test Acc: 0.1365, Test F1: 0.1699, Total Pseudo-Labels: 0, Correct Pseudo-Labels: 0, Train Data Number: 88



line 303 => train data수 88
line 258 => 인스턴스 수 13
Step 231  Tim 1:18:05
acc_train_cw(현재 train의 class별 acc) [1.0, 0.0, 0.462, 0.0, 0.077, 0.0, 1.0]
cw_psl_total_eval(pseudo label 클래스별 총 샘플 수):  [25, 128, 0, 0, 0, 0, 331]
cw_psl_correct_eval(pseudo label 클래스별 맞은 샘플 수):  [15, 26, 0, 0, 0, 0, 268]
psl_acc(PSL 평가에서의 정확도):  0.638 
cw_psl_acc(클래스별 PSL 평가에서의 정확도):  [0.6000000238418579, 0.203125, nan, nan, nan, nan, 0.8096676468849182]
**pseudo_label ->  [0.0718, 0.0213, 0.3619, 0.0875, 0.17, 0.2016, 0.0859] **
max =  0.3619 | max_idx =  2
**pseudo_label ->  [0.5045, 0.0053, 0.1647, 0.0901, 0.1867, 0.0407, 0.008] **
max =  0.5045 | max_idx =  0
**pseudo_label ->  [0.0322, 0.032, 0.2865, 0.0897, 0.1427, 0.2513, 0.1656] **
max =  0.2865 | max_idx =  2
**pseudo_label ->  [0.3894, 0.007, 0.2817, 0.1109, 0.1489, 0.053, 0.0091] **
max =  0.3894 | max_idx =  0
**pseudo_label ->  [0.0, 0.0002, 0.0005, 0.0001, 0.0008, 0.018, 0.9804] **
max =  0.9804 | max_idx =  6
Epoch 19/50, Train Loss: 3.2133, Valid Loss: 7.1846, Train Acc: 0.3750, Val Acc: 0.1489, Test Acc: 0.0984, Test F1: 0.0735, Total Pseudo-Labels: 0, Correct Pseudo-Labels: 0, Train Data Number: 88



line 303 => train data수 88
line 258 => 인스턴스 수 13
Step 244  Tim 1:22:21
acc_train_cw(현재 train의 class별 acc) [0.077, 1.0, 0.0, 0.0, 0.231, 0.0, 0.0]
cw_psl_total_eval(pseudo label 클래스별 총 샘플 수):  [359, 0, 7, 0, 0, 0, 590]
cw_psl_correct_eval(pseudo label 클래스별 맞은 샘플 수):  [156, 0, 2, 0, 0, 0, 386]
psl_acc(PSL 평가에서의 정확도):  0.569 
cw_psl_acc(클래스별 PSL 평가에서의 정확도):  [0.43454039096832275, nan, 0.2857142984867096, nan, nan, nan, 0.6542372703552246]
**pseudo_label ->  [0.2813, 0.6726, 0.0, 0.0053, 0.0, 0.0409, 0.0] **
max =  0.6726 | max_idx =  1
**pseudo_label ->  [0.0355, 0.5881, 0.0003, 0.0041, 0.0, 0.372, 0.0] **
max =  0.5881 | max_idx =  1
**pseudo_label ->  [0.0111, 0.8911, 0.0003, 0.0012, 0.0, 0.0963, 0.0] **
max =  0.8911 | max_idx =  1
**pseudo_label ->  [0.0271, 0.8619, 0.0001, 0.0017, 0.0, 0.1092, 0.0] **
max =  0.8619 | max_idx =  1
**pseudo_label ->  [0.1869, 0.7426, 0.0003, 0.0079, 0.0, 0.0622, 0.0] **
max =  0.7426 | max_idx =  1
Epoch 20/50, Train Loss: 4.9109, Valid Loss: 4.2004, Train Acc: 0.1932, Val Acc: 0.1929, Test Acc: 0.0604, Test F1: 0.0189, Total Pseudo-Labels: 1, Correct Pseudo-Labels: 0, Train Data Number: 88



line 303 => train data수 88
line 258 => 인스턴스 수 13
Step 257  Tim 1:26:37
acc_train_cw(현재 train의 class별 acc) [0.0, 0.0, 1.0, 0.154, 0.692, 0.0, 0.0]
cw_psl_total_eval(pseudo label 클래스별 총 샘플 수):  [54, 2947, 0, 0, 0, 2, 0]
cw_psl_correct_eval(pseudo label 클래스별 맞은 샘플 수):  [8, 443, 0, 0, 0, 0, 0]
psl_acc(PSL 평가에서의 정확도):  0.15 
cw_psl_acc(클래스별 PSL 평가에서의 정확도):  [0.14814814925193787, 0.15032236278057098, nan, nan, nan, 0.0, nan]
**pseudo_label ->  [0.0001, 0.0789, 0.0002, 0.0183, 0.0026, 0.0012, 0.8987] **
max =  0.8987 | max_idx =  6
**pseudo_label ->  [0.0041, 0.0283, 0.7793, 0.18, 0.0, 0.0, 0.0083] **
max =  0.7793 | max_idx =  2
**pseudo_label ->  [0.0063, 0.0942, 0.1468, 0.6212, 0.0002, 0.0, 0.1314] **
max =  0.6212 | max_idx =  3
**pseudo_label ->  [0.0044, 0.0138, 0.8134, 0.1443, 0.0, 0.0, 0.0241] **
max =  0.8134 | max_idx =  2
**pseudo_label ->  [0.0004, 0.0085, 0.7764, 0.2129, 0.0, 0.0, 0.0018] **
max =  0.7764 | max_idx =  2
Balance pseudo label class ->  [2, 3, 4, 5, 7]  value ->  1
add data ->  5
Epoch 21/50, Train Loss: 2.7703, Valid Loss: 3.8454, Train Acc: 0.2727, Val Acc: 0.2183, Test Acc: 0.1409, Test F1: 0.0925, Total Pseudo-Labels: 0, Correct Pseudo-Labels: 0, Train Data Number: 93



line 303 => train data수 93
line 258 => 인스턴스 수 14
Step 270  Tim 1:30:53
acc_train_cw(현재 train의 class별 acc) [0.385, 0.071, 0.0, 0.214, 0.071, 0.9, 0.0]
cw_psl_total_eval(pseudo label 클래스별 총 샘플 수):  [0, 1, 1228, 69, 24, 0, 270]
cw_psl_correct_eval(pseudo label 클래스별 맞은 샘플 수):  [0, 0, 192, 14, 6, 0, 45]
psl_acc(PSL 평가에서의 정확도):  0.161 
cw_psl_acc(클래스별 PSL 평가에서의 정확도):  [nan, 0.0, 0.15635178983211517, 0.2028985470533371, 0.25, nan, 0.1666666716337204]
***pse_model_save --- epoch = 22***
Save model to ./experiment/java_extended_data/output/
**pseudo_label ->  [0.0004, 0.7723, 0.0002, 0.1326, 0.0614, 0.0118, 0.0214] **
max =  0.7723 | max_idx =  1
**pseudo_label ->  [0.0001, 0.0252, 0.0298, 0.0147, 0.0057, 0.6503, 0.2741] **
max =  0.6503 | max_idx =  5
**pseudo_label ->  [0.0002, 0.3345, 0.0005, 0.1296, 0.2022, 0.0719, 0.2612] **
max =  0.3345 | max_idx =  1
**pseudo_label ->  [0.0, 0.0463, 0.013, 0.0103, 0.0204, 0.6465, 0.2635] **
max =  0.6465 | max_idx =  5
**pseudo_label ->  [0.0, 0.0281, 0.0057, 0.0062, 0.0043, 0.8167, 0.1389] **
max =  0.8167 | max_idx =  5
Balance pseudo label class ->  [1, 2, 4, 6, 7]  value ->  3
add data ->  15
Epoch 22/50, Train Loss: 2.7206, Valid Loss: 2.3149, Train Acc: 0.2043, Val Acc: 0.0643, Test Acc: 0.2729, Test F1: 0.1017, Total Pseudo-Labels: 0, Correct Pseudo-Labels: 0, Train Data Number: 108



line 303 => train data수 108
line 258 => 인스턴스 수 16
Step 284  Tim 1:35:42
acc_train_cw(현재 train의 class별 acc) [0.812, 0.882, 0.0, 0.0, 0.0, 0.0, 0.353]
cw_psl_total_eval(pseudo label 클래스별 총 샘플 수):  [6, 66, 0, 3, 0, 1340, 45]
cw_psl_correct_eval(pseudo label 클래스별 맞은 샘플 수):  [5, 13, 0, 1, 0, 177, 3]
psl_acc(PSL 평가에서의 정확도):  0.136 
cw_psl_acc(클래스별 PSL 평가에서의 정확도):  [0.8333333134651184, 0.19696970283985138, nan, 0.3333333432674408, nan, 0.1320895552635193, 0.06666667014360428]
***pse_model_save --- epoch = 23***
Save model to ./experiment/java_extended_data/output/
**pseudo_label ->  [0.0059, 0.4433, 0.0392, 0.091, 0.1256, 0.2248, 0.0702] **
max =  0.4433 | max_idx =  1
**pseudo_label ->  [0.0478, 0.3825, 0.0581, 0.0722, 0.1113, 0.1158, 0.2123] **
max =  0.3825 | max_idx =  1
**pseudo_label ->  [0.0064, 0.6908, 0.0107, 0.0846, 0.0596, 0.1137, 0.0343] **
max =  0.6908 | max_idx =  1
**pseudo_label ->  [0.0576, 0.0877, 0.0226, 0.2202, 0.0875, 0.0565, 0.4679] **
max =  0.4679 | max_idx =  6
**pseudo_label ->  [0.0004, 0.891, 0.0032, 0.0165, 0.0166, 0.0548, 0.0175] **
max =  0.891 | max_idx =  1
Epoch 23/50, Train Loss: 2.0165, Valid Loss: 2.1630, Train Acc: 0.3148, Val Acc: 0.1641, Test Acc: 0.0447, Test F1: 0.0219, Total Pseudo-Labels: 0, Correct Pseudo-Labels: 0, Train Data Number: 108



line 303 => train data수 108
line 258 => 인스턴스 수 16
Step 300  Tim 1:40:30
acc_train_cw(현재 train의 class별 acc) [0.062, 0.0, 0.857, 0.0, 0.0, 0.0, 0.824]
cw_psl_total_eval(pseudo label 클래스별 총 샘플 수):  [2, 171, 0, 0, 0, 0, 27]
cw_psl_correct_eval(pseudo label 클래스별 맞은 샘플 수):  [1, 34, 0, 0, 0, 0, 8]
psl_acc(PSL 평가에서의 정확도):  0.215 
cw_psl_acc(클래스별 PSL 평가에서의 정확도):  [0.5, 0.19883041083812714, nan, nan, nan, nan, 0.29629629850387573]
**pseudo_label ->  [0.0026, 0.1059, 0.3095, 0.1084, 0.0949, 0.2607, 0.118] **
max =  0.3095 | max_idx =  2
**pseudo_label ->  [0.0089, 0.1225, 0.3273, 0.1205, 0.1059, 0.2509, 0.0641] **
max =  0.3273 | max_idx =  2
**pseudo_label ->  [0.0024, 0.105, 0.2716, 0.0768, 0.1439, 0.2561, 0.1442] **
max =  0.2716 | max_idx =  2
**pseudo_label ->  [0.0308, 0.0918, 0.3429, 0.1539, 0.1393, 0.211, 0.0304] **
max =  0.3429 | max_idx =  2
**pseudo_label ->  [0.0001, 0.0506, 0.0369, 0.0137, 0.032, 0.1455, 0.7213] **
max =  0.7213 | max_idx =  6
Epoch 24/50, Train Loss: 1.9407, Valid Loss: 2.6685, Train Acc: 0.2500, Val Acc: 0.1337, Test Acc: 0.2327, Test F1: 0.1168, Total Pseudo-Labels: 0, Correct Pseudo-Labels: 0, Train Data Number: 108



line 303 => train data수 108
line 258 => 인스턴스 수 16
Step 316  Tim 1:44:48
acc_train_cw(현재 train의 class별 acc) [0.875, 0.588, 0.071, 0.0, 0.0, 0.0, 0.824]
cw_psl_total_eval(pseudo label 클래스별 총 샘플 수):  [0, 0, 1, 0, 0, 0, 179]
cw_psl_correct_eval(pseudo label 클래스별 맞은 샘플 수):  [0, 0, 0, 0, 0, 0, 125]
psl_acc(PSL 평가에서의 정확도):  0.694 
cw_psl_acc(클래스별 PSL 평가에서의 정확도):  [nan, nan, 0.0, nan, nan, nan, 0.6983240246772766]
**pseudo_label ->  [0.2084, 0.3939, 0.0493, 0.2065, 0.0068, 0.0895, 0.0456] **
max =  0.3939 | max_idx =  1
**pseudo_label ->  [0.446, 0.191, 0.0575, 0.151, 0.0074, 0.1312, 0.0158] **
max =  0.446 | max_idx =  0
**pseudo_label ->  [0.0322, 0.276, 0.0272, 0.0722, 0.0183, 0.0795, 0.4946] **
max =  0.4946 | max_idx =  6
**pseudo_label ->  [0.5769, 0.1385, 0.0606, 0.1835, 0.0051, 0.033, 0.0024] **
max =  0.5769 | max_idx =  0
**pseudo_label ->  [0.0, 0.0115, 0.0003, 0.0042, 0.0007, 0.0295, 0.9539] **
max =  0.9539 | max_idx =  6
Epoch 25/50, Train Loss: 2.1505, Valid Loss: 2.3435, Train Acc: 0.3611, Val Acc: 0.1980, Test Acc: 0.1700, Test F1: 0.1137, Total Pseudo-Labels: 0, Correct Pseudo-Labels: 0, Train Data Number: 108



line 303 => train data수 108
line 258 => 인스턴스 수 16
Step 332  Tim 1:49:06
acc_train_cw(현재 train의 class별 acc) [0.0, 0.059, 0.786, 0.0, 0.0, 0.538, 0.765]
cw_psl_total_eval(pseudo label 클래스별 총 샘플 수):  [71, 0, 0, 0, 0, 0, 388]
cw_psl_correct_eval(pseudo label 클래스별 맞은 샘플 수):  [25, 0, 0, 0, 0, 0, 305]
psl_acc(PSL 평가에서의 정확도):  0.719 
cw_psl_acc(클래스별 PSL 평가에서의 정확도):  [0.35211268067359924, nan, nan, nan, nan, nan, 0.7860824465751648]
**pseudo_label ->  [0.028, 0.1967, 0.1088, 0.1499, 0.0714, 0.23, 0.2152] **
max =  0.23 | max_idx =  5
**pseudo_label ->  [0.1011, 0.0418, 0.3692, 0.2065, 0.0659, 0.1146, 0.1009] **
max =  0.3692 | max_idx =  2
**pseudo_label ->  [0.0158, 0.2041, 0.1726, 0.1879, 0.0884, 0.219, 0.1122] **
max =  0.219 | max_idx =  5
**pseudo_label ->  [0.0387, 0.0322, 0.6652, 0.1268, 0.0262, 0.0764, 0.0345] **
max =  0.6652 | max_idx =  2
**pseudo_label ->  [0.0004, 0.0905, 0.0024, 0.0147, 0.0159, 0.1268, 0.7493] **
max =  0.7493 | max_idx =  6
Epoch 26/50, Train Loss: 2.2950, Valid Loss: 3.2978, Train Acc: 0.2963, Val Acc: 0.1438, Test Acc: 0.2841, Test F1: 0.1610, Total Pseudo-Labels: 0, Correct Pseudo-Labels: 0, Train Data Number: 108



line 303 => train data수 108
line 258 => 인스턴스 수 16
Step 348  Tim 1:53:24
acc_train_cw(현재 train의 class별 acc) [0.0, 0.0, 0.0, 0.0, 0.0, 0.0, 1.0]
cw_psl_total_eval(pseudo label 클래스별 총 샘플 수):  [0, 1, 164, 0, 0, 0, 122]
cw_psl_correct_eval(pseudo label 클래스별 맞은 샘플 수):  [0, 1, 44, 0, 0, 0, 113]
psl_acc(PSL 평가에서의 정확도):  0.551 
cw_psl_acc(클래스별 PSL 평가에서의 정확도):  [nan, 1.0, 0.26829269528388977, nan, nan, nan, 0.9262295365333557]
**pseudo_label ->  [0.0694, 0.035, 0.0122, 0.0279, 0.1114, 0.0888, 0.6553] **
max =  0.6553 | max_idx =  6
**pseudo_label ->  [0.0169, 0.0899, 0.0156, 0.0415, 0.0317, 0.2302, 0.5742] **
max =  0.5742 | max_idx =  6
**pseudo_label ->  [0.0088, 0.0291, 0.0102, 0.1136, 0.0167, 0.1605, 0.6611] **
max =  0.6611 | max_idx =  6
**pseudo_label ->  [0.0256, 0.0122, 0.0114, 0.0446, 0.042, 0.0593, 0.8048] **
max =  0.8048 | max_idx =  6
**pseudo_label ->  [0.0096, 0.0276, 0.0074, 0.0482, 0.0825, 0.1895, 0.6353] **
max =  0.6353 | max_idx =  6
Epoch 27/50, Train Loss: 2.7945, Valid Loss: 3.5421, Train Acc: 0.1574, Val Acc: 0.0000, Test Acc: 0.0134, Test F1: 0.0038, Total Pseudo-Labels: 1, Correct Pseudo-Labels: 0, Train Data Number: 108



line 303 => train data수 108
line 258 => 인스턴스 수 16
Step 364  Tim 1:57:39
acc_train_cw(현재 train의 class별 acc) [0.0, 0.0, 0.0, 0.0, 0.0, 0.0, 1.0]
cw_psl_total_eval(pseudo label 클래스별 총 샘플 수):  [0, 0, 0, 0, 0, 0, 1690]
cw_psl_correct_eval(pseudo label 클래스별 맞은 샘플 수):  [0, 0, 0, 0, 0, 0, 321]
psl_acc(PSL 평가에서의 정확도):  0.19 
cw_psl_acc(클래스별 PSL 평가에서의 정확도):  [nan, nan, nan, nan, nan, nan, 0.18994082510471344]
**pseudo_label ->  [0.0138, 0.0809, 0.1459, 0.3926, 0.0014, 0.1295, 0.236] **
max =  0.3926 | max_idx =  3
**pseudo_label ->  [0.0158, 0.1351, 0.2642, 0.0603, 0.0038, 0.0386, 0.4823] **
max =  0.4823 | max_idx =  6
**pseudo_label ->  [0.013, 0.0324, 0.0896, 0.1136, 0.0045, 0.0621, 0.6849] **
max =  0.6849 | max_idx =  6
**pseudo_label ->  [0.0168, 0.0467, 0.2654, 0.1221, 0.0211, 0.0894, 0.4385] **
max =  0.4385 | max_idx =  6
**pseudo_label ->  [0.0032, 0.0101, 0.2297, 0.0132, 0.0016, 0.0254, 0.7168] **
max =  0.7168 | max_idx =  6
Epoch 28/50, Train Loss: 2.8403, Valid Loss: 2.3924, Train Acc: 0.1574, Val Acc: 0.0000, Test Acc: 0.0134, Test F1: 0.0038, Total Pseudo-Labels: 0, Correct Pseudo-Labels: 0, Train Data Number: 108



line 303 => train data수 108
line 258 => 인스턴스 수 16
Step 380  Tim 2:01:54
acc_train_cw(현재 train의 class별 acc) [0.0, 0.0, 0.0, 0.0, 1.0, 0.0, 0.0]
cw_psl_total_eval(pseudo label 클래스별 총 샘플 수):  [0, 0, 2, 0, 0, 0, 1237]
cw_psl_correct_eval(pseudo label 클래스별 맞은 샘플 수):  [0, 0, 0, 0, 0, 0, 284]
psl_acc(PSL 평가에서의 정확도):  0.229 
cw_psl_acc(클래스별 PSL 평가에서의 정확도):  [nan, nan, 0.0, nan, nan, nan, 0.22958771884441376]
**pseudo_label ->  [0.0015, 0.0244, 0.0294, 0.1911, 0.4949, 0.0395, 0.219] **
max =  0.4949 | max_idx =  4
**pseudo_label ->  [0.0006, 0.0198, 0.2945, 0.4271, 0.2225, 0.011, 0.0245] **
max =  0.4271 | max_idx =  3
**pseudo_label ->  [0.0013, 0.0125, 0.0537, 0.2632, 0.5273, 0.0207, 0.1213] **
max =  0.5273 | max_idx =  4
**pseudo_label ->  [0.0012, 0.0126, 0.2494, 0.2267, 0.449, 0.0159, 0.0451] **
max =  0.449 | max_idx =  4
**pseudo_label ->  [0.0011, 0.0147, 0.1503, 0.1782, 0.4368, 0.0091, 0.2097] **
max =  0.4368 | max_idx =  4
Epoch 29/50, Train Loss: 2.6064, Valid Loss: 1.8823, Train Acc: 0.1296, Val Acc: 0.2843, Test Acc: 0.2282, Test F1: 0.0538, Total Pseudo-Labels: 0, Correct Pseudo-Labels: 0, Train Data Number: 108



line 303 => train data수 108
line 258 => 인스턴스 수 16
Step 396  Tim 2:06:09
acc_train_cw(현재 train의 class별 acc) [0.312, 0.0, 0.714, 0.0, 0.0, 0.0, 0.824]
cw_psl_total_eval(pseudo label 클래스별 총 샘플 수):  [0, 0, 0, 18, 118, 0, 0]
cw_psl_correct_eval(pseudo label 클래스별 맞은 샘플 수):  [0, 0, 0, 2, 16, 0, 0]
psl_acc(PSL 평가에서의 정확도):  0.132 
cw_psl_acc(클래스별 PSL 평가에서의 정확도):  [nan, nan, nan, 0.1111111119389534, 0.1355932205915451, nan, nan]
**pseudo_label ->  [0.081, 0.0844, 0.2845, 0.1028, 0.0708, 0.0504, 0.3261] **
max =  0.3261 | max_idx =  6
**pseudo_label ->  [0.2706, 0.0575, 0.2779, 0.1622, 0.1032, 0.0217, 0.107] **
max =  0.2779 | max_idx =  2
**pseudo_label ->  [0.0426, 0.1613, 0.1403, 0.4902, 0.0448, 0.03, 0.0906] **
max =  0.4902 | max_idx =  3
**pseudo_label ->  [0.1909, 0.0093, 0.5291, 0.0289, 0.132, 0.0312, 0.0786] **
max =  0.5291 | max_idx =  2
**pseudo_label ->  [0.0465, 0.0756, 0.1206, 0.2849, 0.383, 0.0311, 0.0583] **
max =  0.383 | max_idx =  4
Epoch 30/50, Train Loss: 2.3779, Valid Loss: 2.0258, Train Acc: 0.2685, Val Acc: 0.1980, Test Acc: 0.2237, Test F1: 0.1694, Total Pseudo-Labels: 0, Correct Pseudo-Labels: 0, Train Data Number: 108



line 303 => train data수 108
line 258 => 인스턴스 수 16
Step 412  Tim 2:10:23
acc_train_cw(현재 train의 class별 acc) [0.938, 0.882, 0.0, 0.0, 0.0, 0.0, 0.0]
cw_psl_total_eval(pseudo label 클래스별 총 샘플 수):  [0, 0, 21, 0, 0, 0, 0]
cw_psl_correct_eval(pseudo label 클래스별 맞은 샘플 수):  [0, 0, 6, 0, 0, 0, 0]
psl_acc(PSL 평가에서의 정확도):  0.286 
cw_psl_acc(클래스별 PSL 평가에서의 정확도):  [nan, nan, 0.2857142984867096, nan, nan, nan, nan]
**pseudo_label ->  [0.1698, 0.4478, 0.0198, 0.0695, 0.1473, 0.0715, 0.0744] **
max =  0.4478 | max_idx =  1
**pseudo_label ->  [0.3033, 0.1412, 0.1135, 0.1134, 0.2402, 0.0455, 0.0429] **
max =  0.3033 | max_idx =  0
**pseudo_label ->  [0.2626, 0.2534, 0.0446, 0.0593, 0.2429, 0.0676, 0.0695] **
max =  0.2626 | max_idx =  0
**pseudo_label ->  [0.5881, 0.0398, 0.0624, 0.089, 0.1697, 0.0268, 0.0243] **
max =  0.5881 | max_idx =  0
**pseudo_label ->  [0.17, 0.2412, 0.0277, 0.1096, 0.1383, 0.1818, 0.1313] **
max =  0.2412 | max_idx =  1
Epoch 31/50, Train Loss: 2.4070, Valid Loss: 2.0422, Train Acc: 0.2778, Val Acc: 0.2098, Test Acc: 0.1588, Test F1: 0.0829, Total Pseudo-Labels: 0, Correct Pseudo-Labels: 0, Train Data Number: 108



line 303 => train data수 108
line 258 => 인스턴스 수 16
Step 428  Tim 2:14:36
acc_train_cw(현재 train의 class별 acc) [0.875, 0.941, 0.0, 0.0, 0.0, 0.0, 0.0]
cw_psl_total_eval(pseudo label 클래스별 총 샘플 수):  [278, 6, 0, 0, 0, 0, 0]
cw_psl_correct_eval(pseudo label 클래스별 맞은 샘플 수):  [62, 2, 0, 0, 0, 0, 0]
psl_acc(PSL 평가에서의 정확도):  0.225 
cw_psl_acc(클래스별 PSL 평가에서의 정확도):  [0.22302158176898956, 0.3333333432674408, nan, nan, nan, nan, nan]
**pseudo_label ->  [0.0608, 0.5772, 0.0747, 0.0179, 0.2485, 0.0205, 0.0004] **
max =  0.5772 | max_idx =  1
**pseudo_label ->  [0.2389, 0.0428, 0.4275, 0.0105, 0.2697, 0.0101, 0.0006] **
max =  0.4275 | max_idx =  2
**pseudo_label ->  [0.1729, 0.496, 0.089, 0.0052, 0.204, 0.032, 0.0009] **
max =  0.496 | max_idx =  1
**pseudo_label ->  [0.3261, 0.1108, 0.418, 0.025, 0.0976, 0.0223, 0.0002] **
max =  0.418 | max_idx =  2
**pseudo_label ->  [0.0669, 0.7701, 0.0371, 0.0134, 0.0646, 0.0465, 0.0013] **
max =  0.7701 | max_idx =  1
Epoch 32/50, Train Loss: 2.3713, Valid Loss: 2.3478, Train Acc: 0.2778, Val Acc: 0.2335, Test Acc: 0.1611, Test F1: 0.0979, Total Pseudo-Labels: 0, Correct Pseudo-Labels: 0, Train Data Number: 108



line 303 => train data수 108
line 258 => 인스턴스 수 16
Step 444  Tim 2:18:50
acc_train_cw(현재 train의 class별 acc) [0.875, 0.0, 0.0, 0.0, 0.0, 0.0, 1.0]
cw_psl_total_eval(pseudo label 클래스별 총 샘플 수):  [119, 297, 2, 0, 21, 0, 0]
cw_psl_correct_eval(pseudo label 클래스별 맞은 샘플 수):  [26, 36, 1, 0, 2, 0, 0]
psl_acc(PSL 평가에서의 정확도):  0.148 
cw_psl_acc(클래스별 PSL 평가에서의 정확도):  [0.21848739683628082, 0.12121212482452393, 0.5, nan, 0.095238097012043, nan, nan]
**pseudo_label ->  [0.1517, 0.0547, 0.1253, 0.0151, 0.1735, 0.0036, 0.4761] **
max =  0.4761 | max_idx =  6
**pseudo_label ->  [0.5997, 0.0968, 0.119, 0.0615, 0.0521, 0.0079, 0.0629] **
max =  0.5997 | max_idx =  0
**pseudo_label ->  [0.1995, 0.0432, 0.0483, 0.0316, 0.2258, 0.0072, 0.4443] **
max =  0.4443 | max_idx =  6
**pseudo_label ->  [0.6694, 0.0405, 0.1576, 0.0312, 0.0307, 0.0014, 0.0692] **
max =  0.6694 | max_idx =  0
**pseudo_label ->  [0.0623, 0.0726, 0.0094, 0.0225, 0.4411, 0.0049, 0.3873] **
max =  0.4411 | max_idx =  4
Epoch 33/50, Train Loss: 1.8614, Valid Loss: 3.3094, Train Acc: 0.2870, Val Acc: 0.0795, Test Acc: 0.1387, Test F1: 0.0853, Total Pseudo-Labels: 0, Correct Pseudo-Labels: 0, Train Data Number: 108



line 303 => train data수 108
line 258 => 인스턴스 수 16
Step 460  Tim 2:23:03
acc_train_cw(현재 train의 class별 acc) [0.875, 0.0, 0.0, 0.0, 0.429, 0.0, 0.941]
cw_psl_total_eval(pseudo label 클래스별 총 샘플 수):  [431, 0, 0, 0, 0, 0, 206]
cw_psl_correct_eval(pseudo label 클래스별 맞은 샘플 수):  [113, 0, 0, 0, 0, 0, 88]
psl_acc(PSL 평가에서의 정확도):  0.316 
cw_psl_acc(클래스별 PSL 평가에서의 정확도):  [0.26218098402023315, nan, nan, nan, nan, nan, 0.42718446254730225]
**pseudo_label ->  [0.0248, 0.0315, 0.0003, 0.0197, 0.4404, 0.332, 0.1513] **
max =  0.4404 | max_idx =  4
**pseudo_label ->  [0.638, 0.022, 0.0035, 0.0189, 0.225, 0.0618, 0.0307] **
max =  0.638 | max_idx =  0
**pseudo_label ->  [0.0591, 0.0939, 0.0031, 0.0198, 0.6081, 0.1546, 0.0614] **
max =  0.6081 | max_idx =  4
**pseudo_label ->  [0.6175, 0.0166, 0.007, 0.0791, 0.1016, 0.103, 0.0752] **
max =  0.6175 | max_idx =  0
**pseudo_label ->  [0.014, 0.1388, 0.0004, 0.0071, 0.2389, 0.3481, 0.2527] **
max =  0.3481 | max_idx =  5
Epoch 34/50, Train Loss: 2.2752, Valid Loss: 2.6182, Train Acc: 0.3333, Val Acc: 0.2098, Test Acc: 0.2550, Test F1: 0.1569, Total Pseudo-Labels: 0, Correct Pseudo-Labels: 0, Train Data Number: 108



line 303 => train data수 108
line 258 => 인스턴스 수 16
Step 476  Tim 2:27:16
acc_train_cw(현재 train의 class별 acc) [0.0, 0.0, 0.571, 0.0, 0.0, 1.0, 0.647]
cw_psl_total_eval(pseudo label 클래스별 총 샘플 수):  [356, 0, 0, 0, 18, 0, 16]
cw_psl_correct_eval(pseudo label 클래스별 맞은 샘플 수):  [76, 0, 0, 0, 2, 0, 7]
psl_acc(PSL 평가에서의 정확도):  0.218 
cw_psl_acc(클래스별 PSL 평가에서의 정확도):  [0.21348313987255096, nan, nan, nan, 0.1111111119389534, nan, 0.4375]
**pseudo_label ->  [0.0008, 0.2576, 0.0083, 0.0429, 0.3009, 0.2364, 0.1531] **
max =  0.3009 | max_idx =  4
**pseudo_label ->  [0.0265, 0.0935, 0.2497, 0.1374, 0.2046, 0.2363, 0.0518] **
max =  0.2497 | max_idx =  2
**pseudo_label ->  [0.0003, 0.0615, 0.0312, 0.0346, 0.2739, 0.4192, 0.1792] **
max =  0.4192 | max_idx =  5
**pseudo_label ->  [0.0187, 0.1824, 0.0989, 0.1599, 0.3131, 0.1369, 0.0902] **
max =  0.3131 | max_idx =  4
**pseudo_label ->  [0.0002, 0.1288, 0.002, 0.0032, 0.3197, 0.3322, 0.2139] **
max =  0.3322 | max_idx =  5
Balance pseudo label class ->  [2, 3, 5, 6, 7]  value ->  1
add data ->  5
Epoch 35/50, Train Loss: 1.9239, Valid Loss: 2.7753, Train Acc: 0.2963, Val Acc: 0.0389, Test Acc: 0.3803, Test F1: 0.1397, Total Pseudo-Labels: 0, Correct Pseudo-Labels: 0, Train Data Number: 113



line 303 => train data수 113
line 258 => 인스턴스 수 17
Step 492  Tim 2:31:29
acc_train_cw(현재 train의 class별 acc) [0.0, 0.0, 0.8, 0.118, 0.0, 0.357, 1.0]
cw_psl_total_eval(pseudo label 클래스별 총 샘플 수):  [0, 3, 153, 0, 1, 1, 1]
cw_psl_correct_eval(pseudo label 클래스별 맞은 샘플 수):  [0, 0, 45, 0, 0, 0, 1]
psl_acc(PSL 평가에서의 정확도):  0.289 
cw_psl_acc(클래스별 PSL 평가에서의 정확도):  [nan, 0.0, 0.29411765933036804, nan, 0.0, 0.0, 1.0]
***pse_model_save --- epoch = 36***
Save model to ./experiment/java_extended_data/output/
**pseudo_label ->  [0.0167, 0.3524, 0.1152, 0.1311, 0.0498, 0.2253, 0.1095] **
max =  0.3524 | max_idx =  1
**pseudo_label ->  [0.0241, 0.0041, 0.7709, 0.1933, 0.0015, 0.0058, 0.0002] **
max =  0.7709 | max_idx =  2
**pseudo_label ->  [0.0081, 0.1806, 0.0684, 0.1992, 0.0557, 0.3935, 0.0946] **
max =  0.3935 | max_idx =  5
**pseudo_label ->  [0.0485, 0.0786, 0.4101, 0.2515, 0.029, 0.1663, 0.016] **
max =  0.4101 | max_idx =  2
**pseudo_label ->  [0.0006, 0.2355, 0.0074, 0.0273, 0.0339, 0.1109, 0.5844] **
max =  0.5844 | max_idx =  6
Epoch 36/50, Train Loss: 1.8852, Valid Loss: 2.5850, Train Acc: 0.3274, Val Acc: 0.1066, Test Acc: 0.1633, Test F1: 0.1078, Total Pseudo-Labels: 0, Correct Pseudo-Labels: 0, Train Data Number: 113



line 303 => train data수 113
line 258 => 인스턴스 수 17
Step 509  Tim 2:36:41
acc_train_cw(현재 train의 class별 acc) [0.0, 0.167, 0.867, 0.235, 0.0, 0.0, 0.889]
cw_psl_total_eval(pseudo label 클래스별 총 샘플 수):  [0, 0, 340, 1, 0, 0, 73]
cw_psl_correct_eval(pseudo label 클래스별 맞은 샘플 수):  [0, 0, 92, 0, 0, 0, 40]
psl_acc(PSL 평가에서의 정확도):  0.319 
cw_psl_acc(클래스별 PSL 평가에서의 정확도):  [nan, nan, 0.2705882489681244, 0.0, nan, nan, 0.5479452013969421]
**pseudo_label ->  [0.2103, 0.0056, 0.4514, 0.3258, 0.0042, 0.0025, 0.0002] **
max =  0.4514 | max_idx =  2
**pseudo_label ->  [0.1581, 0.0001, 0.7105, 0.1312, 0.0001, 0.0, 0.0] **
max =  0.7105 | max_idx =  2
**pseudo_label ->  [0.1513, 0.03, 0.1763, 0.622, 0.0105, 0.0063, 0.0036] **
max =  0.622 | max_idx =  3
**pseudo_label ->  [0.146, 0.1432, 0.2628, 0.2982, 0.0647, 0.0235, 0.0616] **
max =  0.2982 | max_idx =  3
**pseudo_label ->  [0.0023, 0.0491, 0.0024, 0.015, 0.0292, 0.0138, 0.8882] **
max =  0.8882 | max_idx =  6
Epoch 37/50, Train Loss: 2.0855, Valid Loss: 2.1464, Train Acc: 0.3186, Val Acc: 0.1861, Test Acc: 0.0962, Test F1: 0.0672, Total Pseudo-Labels: 0, Correct Pseudo-Labels: 0, Train Data Number: 113



line 303 => train data수 113
line 258 => 인스턴스 수 17
Step 526  Tim 2:40:55
acc_train_cw(현재 train의 class별 acc) [0.688, 0.0, 0.733, 0.0, 0.067, 0.0, 0.833]
cw_psl_total_eval(pseudo label 클래스별 총 샘플 수):  [0, 0, 407, 0, 0, 0, 592]
cw_psl_correct_eval(pseudo label 클래스별 맞은 샘플 수):  [0, 0, 117, 0, 0, 0, 327]
psl_acc(PSL 평가에서의 정확도):  0.444 
cw_psl_acc(클래스별 PSL 평가에서의 정확도):  [nan, nan, 0.2874692976474762, nan, nan, nan, 0.5523648858070374]
**pseudo_label ->  [0.3714, 0.0085, 0.5202, 0.0858, 0.011, 0.0029, 0.0003] **
max =  0.5202 | max_idx =  2
**pseudo_label ->  [0.517, 0.0328, 0.313, 0.074, 0.0431, 0.0113, 0.0088] **
max =  0.517 | max_idx =  0
**pseudo_label ->  [0.4826, 0.0435, 0.2964, 0.0936, 0.0552, 0.0204, 0.0083] **
max =  0.4826 | max_idx =  0
**pseudo_label ->  [0.291, 0.1345, 0.0964, 0.1151, 0.1782, 0.0538, 0.1311] **
max =  0.291 | max_idx =  0
**pseudo_label ->  [0.019, 0.0444, 0.0022, 0.0065, 0.1176, 0.042, 0.7683] **
max =  0.7683 | max_idx =  6
Epoch 38/50, Train Loss: 2.1352, Valid Loss: 1.8815, Train Acc: 0.3363, Val Acc: 0.1320, Test Acc: 0.0828, Test F1: 0.0711, Total Pseudo-Labels: 0, Correct Pseudo-Labels: 0, Train Data Number: 113



line 303 => train data수 113
line 258 => 인스턴스 수 17
Step 543  Tim 2:45:08
acc_train_cw(현재 train의 class별 acc) [0.062, 0.0, 0.733, 0.059, 0.933, 0.0, 0.0]
cw_psl_total_eval(pseudo label 클래스별 총 샘플 수):  [0, 0, 207, 0, 0, 0, 165]
cw_psl_correct_eval(pseudo label 클래스별 맞은 샘플 수):  [0, 0, 72, 0, 0, 0, 140]
psl_acc(PSL 평가에서의 정확도):  0.57 
cw_psl_acc(클래스별 PSL 평가에서의 정확도):  [nan, nan, 0.3478260934352875, nan, nan, nan, 0.8484848737716675]
**pseudo_label ->  [0.3244, 0.0405, 0.2743, 0.1933, 0.1035, 0.0635, 0.0006] **
max =  0.3244 | max_idx =  0
**pseudo_label ->  [0.2984, 0.0451, 0.1592, 0.2226, 0.1929, 0.0801, 0.0017] **
max =  0.2984 | max_idx =  0
**pseudo_label ->  [0.183, 0.0782, 0.0771, 0.2673, 0.2864, 0.1064, 0.0017] **
max =  0.2864 | max_idx =  4
**pseudo_label ->  [0.1197, 0.0573, 0.0096, 0.0808, 0.5805, 0.1277, 0.0243] **
max =  0.5805 | max_idx =  4
**pseudo_label ->  [0.0279, 0.0154, 0.0007, 0.0225, 0.8116, 0.0912, 0.0308] **
max =  0.8116 | max_idx =  4
Epoch 39/50, Train Loss: 1.9045, Valid Loss: 2.3302, Train Acc: 0.2389, Val Acc: 0.3266, Test Acc: 0.2215, Test F1: 0.0911, Total Pseudo-Labels: 0, Correct Pseudo-Labels: 0, Train Data Number: 113



line 303 => train data수 113
line 258 => 인스턴스 수 17
Step 560  Tim 2:49:21
acc_train_cw(현재 train의 class별 acc) [0.0, 0.667, 0.467, 0.412, 0.0, 0.429, 0.556]
cw_psl_total_eval(pseudo label 클래스별 총 샘플 수):  [0, 0, 127, 0, 123, 0, 0]
cw_psl_correct_eval(pseudo label 클래스별 맞은 샘플 수):  [0, 0, 45, 0, 8, 0, 0]
psl_acc(PSL 평가에서의 정확도):  0.212 
cw_psl_acc(클래스별 PSL 평가에서의 정확도):  [nan, nan, 0.35433071851730347, nan, 0.06504064798355103, nan, nan]
**pseudo_label ->  [0.0294, 0.2729, 0.0576, 0.3227, 0.0498, 0.2493, 0.0183] **
max =  0.3227 | max_idx =  3
**pseudo_label ->  [0.0446, 0.3515, 0.1004, 0.2592, 0.0548, 0.1791, 0.0104] **
max =  0.3515 | max_idx =  1
**pseudo_label ->  [0.029, 0.3436, 0.0508, 0.2358, 0.0624, 0.2444, 0.0341] **
max =  0.3436 | max_idx =  1
**pseudo_label ->  [0.0123, 0.2746, 0.0224, 0.2539, 0.0915, 0.2629, 0.0824] **
max =  0.2746 | max_idx =  1
**pseudo_label ->  [0.0081, 0.447, 0.0013, 0.125, 0.083, 0.1035, 0.2321] **
max =  0.447 | max_idx =  1
Epoch 40/50, Train Loss: 2.0415, Valid Loss: 2.0594, Train Acc: 0.3717, Val Acc: 0.1997, Test Acc: 0.1745, Test F1: 0.1203, Total Pseudo-Labels: 0, Correct Pseudo-Labels: 0, Train Data Number: 113



line 303 => train data수 113
line 258 => 인스턴스 수 17
Step 577  Tim 2:53:34
acc_train_cw(현재 train의 class별 acc) [0.625, 0.0, 0.733, 0.0, 0.0, 0.0, 0.667]
cw_psl_total_eval(pseudo label 클래스별 총 샘플 수):  [0, 0, 10, 0, 0, 0, 11]
cw_psl_correct_eval(pseudo label 클래스별 맞은 샘플 수):  [0, 0, 5, 0, 0, 0, 9]
psl_acc(PSL 평가에서의 정확도):  0.667 
cw_psl_acc(클래스별 PSL 평가에서의 정확도):  [nan, nan, 0.5, nan, nan, nan, 0.8181818127632141]
**pseudo_label ->  [0.2953, 0.099, 0.3475, 0.1673, 0.0334, 0.0405, 0.0169] **
max =  0.3475 | max_idx =  2
**pseudo_label ->  [0.2041, 0.1012, 0.4687, 0.1481, 0.0257, 0.0446, 0.0077] **
max =  0.4687 | max_idx =  2
**pseudo_label ->  [0.3687, 0.0855, 0.2531, 0.1762, 0.0528, 0.0436, 0.02] **
max =  0.3687 | max_idx =  0
**pseudo_label ->  [0.2622, 0.1518, 0.258, 0.1281, 0.0636, 0.075, 0.0613] **
max =  0.2622 | max_idx =  0
**pseudo_label ->  [0.1545, 0.0708, 0.1191, 0.1782, 0.0968, 0.1215, 0.2591] **
max =  0.2591 | max_idx =  6
Epoch 41/50, Train Loss: 1.8487, Valid Loss: 1.7739, Train Acc: 0.2920, Val Acc: 0.0508, Test Acc: 0.0515, Test F1: 0.0496, Total Pseudo-Labels: 0, Correct Pseudo-Labels: 0, Train Data Number: 113



line 303 => train data수 113
line 258 => 인스턴스 수 17
Step 594  Tim 2:57:46
acc_train_cw(현재 train의 class별 acc) [0.0, 0.556, 0.733, 0.0, 0.733, 0.0, 0.667]
cw_psl_total_eval(pseudo label 클래스별 총 샘플 수):  [0, 0, 57, 0, 0, 0, 40]
cw_psl_correct_eval(pseudo label 클래스별 맞은 샘플 수):  [0, 0, 19, 0, 0, 0, 29]
psl_acc(PSL 평가에서의 정확도):  0.495 
cw_psl_acc(클래스별 PSL 평가에서의 정확도):  [nan, nan, 0.3333333432674408, nan, nan, nan, 0.7250000238418579]
**pseudo_label ->  [0.1717, 0.2168, 0.2264, 0.1804, 0.1241, 0.0574, 0.0231] **
max =  0.2264 | max_idx =  2
**pseudo_label ->  [0.1567, 0.1882, 0.3222, 0.2186, 0.0742, 0.035, 0.0051] **
max =  0.3222 | max_idx =  2
**pseudo_label ->  [0.1576, 0.1699, 0.3198, 0.1894, 0.1091, 0.045, 0.0092] **
max =  0.3198 | max_idx =  2
**pseudo_label ->  [0.0967, 0.2847, 0.1165, 0.1179, 0.2466, 0.072, 0.0656] **
max =  0.2847 | max_idx =  1
**pseudo_label ->  [0.0242, 0.1343, 0.0143, 0.0339, 0.2645, 0.0607, 0.468] **
max =  0.468 | max_idx =  6
Epoch 42/50, Train Loss: 1.7008, Valid Loss: 2.0939, Train Acc: 0.3894, Val Acc: 0.2250, Test Acc: 0.1588, Test F1: 0.1434, Total Pseudo-Labels: 0, Correct Pseudo-Labels: 0, Train Data Number: 113



line 303 => train data수 113
line 258 => 인스턴스 수 17
Step 611  Tim 3:01:58
acc_train_cw(현재 train의 class별 acc) [0.562, 0.0, 0.667, 0.471, 0.667, 0.0, 0.722]
cw_psl_total_eval(pseudo label 클래스별 총 샘플 수):  [0, 1, 130, 0, 0, 0, 48]
cw_psl_correct_eval(pseudo label 클래스별 맞은 샘플 수):  [0, 0, 41, 0, 0, 0, 30]
psl_acc(PSL 평가에서의 정확도):  0.397 
cw_psl_acc(클래스별 PSL 평가에서의 정확도):  [nan, 0.0, 0.3153846263885498, nan, nan, nan, 0.625]
**pseudo_label ->  [0.2884, 0.0297, 0.1266, 0.3919, 0.1115, 0.0456, 0.0064] **
max =  0.3919 | max_idx =  3
**pseudo_label ->  [0.3514, 0.046, 0.3262, 0.176, 0.077, 0.0222, 0.0011] **
max =  0.3514 | max_idx =  0
**pseudo_label ->  [0.3741, 0.0821, 0.1054, 0.2631, 0.1163, 0.0534, 0.0056] **
max =  0.3741 | max_idx =  0
**pseudo_label ->  [0.298, 0.06, 0.1325, 0.3616, 0.0758, 0.0658, 0.0063] **
max =  0.3616 | max_idx =  3
**pseudo_label ->  [0.0036, 0.0012, 0.0004, 0.0125, 0.0795, 0.0518, 0.851] **
max =  0.851 | max_idx =  6
Epoch 43/50, Train Loss: 1.6473, Valid Loss: 1.9960, Train Acc: 0.4425, Val Acc: 0.2589, Test Acc: 0.1790, Test F1: 0.1391, Total Pseudo-Labels: 0, Correct Pseudo-Labels: 0, Train Data Number: 113



line 303 => train data수 113
line 258 => 인스턴스 수 17
Step 628  Tim 3:06:11
acc_train_cw(현재 train의 class별 acc) [0.438, 0.722, 0.667, 0.0, 0.267, 0.0, 0.722]
cw_psl_total_eval(pseudo label 클래스별 총 샘플 수):  [0, 0, 137, 0, 0, 0, 77]
cw_psl_correct_eval(pseudo label 클래스별 맞은 샘플 수):  [0, 0, 43, 0, 0, 0, 62]
psl_acc(PSL 평가에서의 정확도):  0.491 
cw_psl_acc(클래스별 PSL 평가에서의 정확도):  [nan, nan, 0.31386861205101013, nan, nan, nan, 0.8051947951316833]
**pseudo_label ->  [0.2286, 0.2438, 0.2229, 0.1684, 0.0873, 0.0459, 0.0032] **
max =  0.2438 | max_idx =  1
**pseudo_label ->  [0.1938, 0.2752, 0.2555, 0.132, 0.0957, 0.0446, 0.0032] **
max =  0.2752 | max_idx =  1
**pseudo_label ->  [0.152, 0.3214, 0.1094, 0.139, 0.1722, 0.0889, 0.0172] **
max =  0.3214 | max_idx =  1
**pseudo_label ->  [0.2563, 0.1859, 0.4273, 0.0862, 0.0292, 0.0147, 0.0004] **
max =  0.4273 | max_idx =  2
**pseudo_label ->  [0.0008, 0.0095, 0.0003, 0.0061, 0.0524, 0.0568, 0.8741] **
max =  0.8741 | max_idx =  6
Epoch 44/50, Train Loss: 1.6216, Valid Loss: 2.0218, Train Acc: 0.4159, Val Acc: 0.2538, Test Acc: 0.1432, Test F1: 0.1133, Total Pseudo-Labels: 0, Correct Pseudo-Labels: 0, Train Data Number: 113



line 303 => train data수 113
line 258 => 인스턴스 수 17
Step 645  Tim 3:10:23
acc_train_cw(현재 train의 class별 acc) [0.188, 0.889, 0.733, 0.353, 0.0, 0.0, 0.556]
cw_psl_total_eval(pseudo label 클래스별 총 샘플 수):  [5, 0, 68, 0, 0, 0, 113]
cw_psl_correct_eval(pseudo label 클래스별 맞은 샘플 수):  [5, 0, 25, 0, 0, 0, 97]
psl_acc(PSL 평가에서의 정확도):  0.683 
cw_psl_acc(클래스별 PSL 평가에서의 정확도):  [1.0, nan, 0.36764705181121826, nan, nan, nan, 0.8584070801734924]
**pseudo_label ->  [0.1567, 0.1435, 0.204, 0.2932, 0.0556, 0.139, 0.008] **
max =  0.2932 | max_idx =  3
**pseudo_label ->  [0.1661, 0.1147, 0.4601, 0.2089, 0.0166, 0.0333, 0.0003] **
max =  0.4601 | max_idx =  2
**pseudo_label ->  [0.0841, 0.4038, 0.1282, 0.1771, 0.0814, 0.1116, 0.0138] **
max =  0.4038 | max_idx =  1
**pseudo_label ->  [0.0972, 0.0342, 0.7171, 0.1397, 0.0025, 0.0092, 0.0] **
max =  0.7171 | max_idx =  2
**pseudo_label ->  [0.0172, 0.408, 0.0094, 0.142, 0.0673, 0.1415, 0.2146] **
max =  0.408 | max_idx =  1
Epoch 45/50, Train Loss: 1.7113, Valid Loss: 2.1758, Train Acc: 0.4071, Val Acc: 0.2335, Test Acc: 0.0917, Test F1: 0.0836, Total Pseudo-Labels: 0, Correct Pseudo-Labels: 0, Train Data Number: 113



line 303 => train data수 113
line 258 => 인스턴스 수 17
Step 662  Tim 3:14:34
acc_train_cw(현재 train의 class별 acc) [0.375, 0.0, 0.667, 0.824, 0.667, 0.0, 0.0]
cw_psl_total_eval(pseudo label 클래스별 총 샘플 수):  [0, 5, 317, 0, 0, 0, 8]
cw_psl_correct_eval(pseudo label 클래스별 맞은 샘플 수):  [0, 0, 102, 0, 0, 0, 7]
psl_acc(PSL 평가에서의 정확도):  0.33 
cw_psl_acc(클래스별 PSL 평가에서의 정확도):  [nan, 0.0, 0.32176655530929565, nan, nan, nan, 0.875]
**pseudo_label ->  [0.2619, 0.1177, 0.0674, 0.3868, 0.0992, 0.0651, 0.002] **
max =  0.3868 | max_idx =  3
**pseudo_label ->  [0.4049, 0.0932, 0.0656, 0.3627, 0.0535, 0.0197, 0.0003] **
max =  0.4049 | max_idx =  0
**pseudo_label ->  [0.207, 0.0973, 0.0201, 0.4455, 0.1619, 0.0641, 0.0041] **
max =  0.4455 | max_idx =  3
**pseudo_label ->  [0.0765, 0.004, 0.4434, 0.474, 0.0008, 0.0013, 0.0] **
max =  0.474 | max_idx =  3
**pseudo_label ->  [0.039, 0.1085, 0.0024, 0.1378, 0.5246, 0.0884, 0.0994] **
max =  0.5246 | max_idx =  4
Epoch 46/50, Train Loss: 1.5599, Valid Loss: 2.5385, Train Acc: 0.3540, Val Acc: 0.2843, Test Acc: 0.0962, Test F1: 0.0594, Total Pseudo-Labels: 0, Correct Pseudo-Labels: 0, Train Data Number: 113



line 303 => train data수 113
line 258 => 인스턴스 수 17
Step 679  Tim 3:18:46
acc_train_cw(현재 train의 class별 acc) [0.5, 0.056, 0.667, 0.882, 0.0, 0.0, 0.611]
cw_psl_total_eval(pseudo label 클래스별 총 샘플 수):  [3, 0, 156, 0, 0, 0, 2]
cw_psl_correct_eval(pseudo label 클래스별 맞은 샘플 수):  [3, 0, 51, 0, 0, 0, 2]
psl_acc(PSL 평가에서의 정확도):  0.348 
cw_psl_acc(클래스별 PSL 평가에서의 정확도):  [1.0, nan, 0.32692307233810425, nan, nan, nan, 1.0]
**pseudo_label ->  [0.2002, 0.0689, 0.0527, 0.6479, 0.0089, 0.0197, 0.0017] **
max =  0.6479 | max_idx =  3
**pseudo_label ->  [0.257, 0.0814, 0.1453, 0.4903, 0.0064, 0.0187, 0.0009] **
max =  0.4903 | max_idx =  3
**pseudo_label ->  [0.0868, 0.3971, 0.0281, 0.4114, 0.0085, 0.0565, 0.0116] **
max =  0.4114 | max_idx =  3
**pseudo_label ->  [0.056, 0.0037, 0.4609, 0.4782, 0.0002, 0.001, 0.0] **
max =  0.4782 | max_idx =  3
**pseudo_label ->  [0.0039, 0.0229, 0.0016, 0.0218, 0.0192, 0.0955, 0.8351] **
max =  0.8351 | max_idx =  6
Epoch 47/50, Train Loss: 1.5600, Valid Loss: 2.0893, Train Acc: 0.3982, Val Acc: 0.2470, Test Acc: 0.0671, Test F1: 0.0830, Total Pseudo-Labels: 0, Correct Pseudo-Labels: 0, Train Data Number: 113



line 303 => train data수 113
line 258 => 인스턴스 수 17
Step 696  Tim 3:22:58
acc_train_cw(현재 train의 class별 acc) [0.75, 0.833, 0.733, 0.353, 0.333, 0.0, 0.833]
cw_psl_total_eval(pseudo label 클래스별 총 샘플 수):  [21, 6, 81, 0, 0, 0, 123]
cw_psl_correct_eval(pseudo label 클래스별 맞은 샘플 수):  [20, 2, 28, 0, 0, 0, 83]
psl_acc(PSL 평가에서의 정확도):  0.576 
cw_psl_acc(클래스별 PSL 평가에서의 정확도):  [0.9523809552192688, 0.3333333432674408, 0.34567901492118835, nan, nan, nan, 0.6747967600822449]
**pseudo_label ->  [0.1564, 0.111, 0.3209, 0.351, 0.0288, 0.0304, 0.0014] **
max =  0.351 | max_idx =  3
**pseudo_label ->  [0.2229, 0.0328, 0.4773, 0.251, 0.0072, 0.0087, 0.0001] **
max =  0.4773 | max_idx =  2
**pseudo_label ->  [0.0971, 0.1444, 0.0958, 0.2612, 0.114, 0.1787, 0.1087] **
max =  0.2612 | max_idx =  3
**pseudo_label ->  [0.042, 0.0017, 0.864, 0.092, 0.0001, 0.0002, 0.0] **
max =  0.864 | max_idx =  2
**pseudo_label ->  [0.003, 0.1417, 0.0107, 0.029, 0.0882, 0.1061, 0.6212] **
max =  0.6212 | max_idx =  6
Epoch 48/50, Train Loss: 1.5359, Valid Loss: 2.4561, Train Acc: 0.5664, Val Acc: 0.2217, Test Acc: 0.1007, Test F1: 0.1046, Total Pseudo-Labels: 0, Correct Pseudo-Labels: 0, Train Data Number: 113



line 303 => train data수 113
line 258 => 인스턴스 수 17
Step 713  Tim 3:27:10
acc_train_cw(현재 train의 class별 acc) [0.312, 0.0, 0.6, 0.824, 0.0, 0.0, 0.833]
cw_psl_total_eval(pseudo label 클래스별 총 샘플 수):  [40, 8, 327, 0, 0, 0, 181]
cw_psl_correct_eval(pseudo label 클래스별 맞은 샘플 수):  [37, 1, 103, 0, 0, 0, 119]
psl_acc(PSL 평가에서의 정확도):  0.468 
cw_psl_acc(클래스별 PSL 평가에서의 정확도):  [0.925000011920929, 0.125, 0.3149847090244293, nan, nan, nan, 0.6574585437774658]
**pseudo_label ->  [0.159, 0.1242, 0.0651, 0.5057, 0.0571, 0.081, 0.0078] **
max =  0.5057 | max_idx =  3
**pseudo_label ->  [0.1412, 0.0993, 0.0877, 0.5689, 0.0408, 0.0562, 0.0059] **
max =  0.5689 | max_idx =  3
**pseudo_label ->  [0.0472, 0.1211, 0.0385, 0.4539, 0.1034, 0.1908, 0.0451] **
max =  0.4539 | max_idx =  3
**pseudo_label ->  [0.0615, 0.007, 0.2415, 0.6859, 0.0008, 0.0034, 0.0] **
max =  0.6859 | max_idx =  3
**pseudo_label ->  [0.0004, 0.0377, 0.0013, 0.0272, 0.0581, 0.1396, 0.7356] **
max =  0.7356 | max_idx =  6
Epoch 49/50, Train Loss: 1.7549, Valid Loss: 2.2431, Train Acc: 0.3805, Val Acc: 0.1844, Test Acc: 0.0425, Test F1: 0.0242, Total Pseudo-Labels: 0, Correct Pseudo-Labels: 0, Train Data Number: 113



line 303 => train data수 113
line 258 => 인스턴스 수 17
Step 730  Tim 3:31:21
acc_train_cw(현재 train의 class별 acc) [0.75, 0.0, 0.667, 0.118, 0.867, 0.143, 0.778]
cw_psl_total_eval(pseudo label 클래스별 총 샘플 수):  [33, 0, 29, 45, 0, 0, 237]
cw_psl_correct_eval(pseudo label 클래스별 맞은 샘플 수):  [32, 0, 11, 10, 0, 0, 151]
psl_acc(PSL 평가에서의 정확도):  0.593 
cw_psl_acc(클래스별 PSL 평가에서의 정확도):  [0.9696969985961914, nan, 0.37931033968925476, 0.2222222238779068, nan, nan, 0.6371307969093323]
**pseudo_label ->  [0.1867, 0.1821, 0.0727, 0.1351, 0.2419, 0.1434, 0.038] **
max =  0.2419 | max_idx =  4
**pseudo_label ->  [0.6109, 0.0821, 0.0896, 0.106, 0.0646, 0.0427, 0.0039] **
max =  0.6109 | max_idx =  0
**pseudo_label ->  [0.25, 0.3118, 0.0607, 0.1626, 0.1172, 0.0832, 0.0145] **
max =  0.3118 | max_idx =  1
**pseudo_label ->  [0.6449, 0.0342, 0.1101, 0.1042, 0.0598, 0.0421, 0.0048] **
max =  0.6449 | max_idx =  0
**pseudo_label ->  [0.0009, 0.0457, 0.0022, 0.0051, 0.0924, 0.1055, 0.7482] **
max =  0.7482 | max_idx =  6
Epoch 50/50, Train Loss: 1.7026, Valid Loss: 2.5261, Train Acc: 0.4690, Val Acc: 0.2487, Test Acc: 0.1745, Test F1: 0.1011, Total Pseudo-Labels: 0, Correct Pseudo-Labels: 0, Train Data Number: 113

Training complete!
Total training took 3:34:45 (h:mm:ss)
Load model from ./experiment/java_extended_data/output/10_codesage-base_0.00025_0.7_java_extended_data_net0.pth
Save training statistics in:  ./experiment/java_extended_data/log/codesage/class5//10_codesage-base_0.00025_0.7_java_extended_data/training_statistics.csv

best_trian_loss, epoch => 1.4325665327218862 16
Epoch-1_train_loss => 3.341393993451045
max_epoch_train_loss => 1.702561701045317 


best_val_loss, epoch =>  1.6208671266859154 11
Epoch-1_val_loss => 3.1714904124765027
max_epoch_val_loss => 2.526136927149068 

pse_epoch =>  [1, 3, 4, 5, 6, 7, 9, 10, 11, 12, 13, 14, 15, 16, 17, 18, 19, 20, 21, 22, 23, 24, 25, 26, 27, 28, 29, 30, 31, 32, 33, 34, 35, 36, 37, 38, 39, 40, 41, 42, 43, 44, 45, 46, 47, 48, 49, 50]
추가되는 pse_epoch =>  [1, 21, 22, 35] 

total_data:  113 
Best_step:  543 
Best_epoch:  38 
best_val_acc:  0.32656514382402707 
best_test_acc:  0.16331096196868009 
best_test_f1:  0.10779120946202354
Save best record in:  ./experiment/java_extended_data/log/codesage/class5/summary.csv
Save best record in:  ./experiment/java_extended_data/log/summary_avgrun.csv
