current work directory:  /home/imsuhan22/few-shot-tc/custom_ssl/code
Data set -> java_extended_data
save_name: 10_codesage-base_0.0002_0.7_java_extended_data

data_path:  ../data/problem_based_split/java_extended_data

There are 1 GPU(s) available.
We will use the GPU- 0 Quadro RTX 8000

**line 147 모델 =>  codesage/codesage-base
**tokenizer type =  codesage/codesage-base 

pesudo label class개수 기준 -> 5
n_labeled_per_class:  10
train_df samples: 3851
train_labeled_df samples: 70
train_unlabeled_df samples: 3781
n_classes:  7 


net_arch:  codesage/codesage-base 
lr:  0.0002 
lr_linear:  0.001 




line 303 => train data수 70
line 258 => 인스턴스 수 10
Step 0  Tim 0:00:44
acc_train_cw(현재 train의 class별 acc) [0.1, 0.2, 0.3, 0.2, 0.4, 0.0, 0.0]
cw_psl_total_eval(pseudo label 클래스별 총 샘플 수):  [0, 0, 0, 0, 0, 0, 0]
cw_psl_correct_eval(pseudo label 클래스별 맞은 샘플 수):  [0, 0, 0, 0, 0, 0, 0]
psl_acc(PSL 평가에서의 정확도): None 
cw_psl_acc(클래스별 PSL 평가에서의 정확도):  [nan, nan, nan, nan, nan, nan, nan]
***best_acc_model_save --- epoch = 1***
Save model to ./experiment/java_extended_data/output/
**pseudo_label ->  [0.0589, 0.0114, 0.4355, 0.0688, 0.352, 0.0447, 0.0286] **
max =  0.4355 | max_idx =  2
**pseudo_label ->  [0.0458, 0.0327, 0.0943, 0.5722, 0.1732, 0.0256, 0.0562] **
max =  0.5722 | max_idx =  3
**pseudo_label ->  [0.4421, 0.0262, 0.1699, 0.0579, 0.0435, 0.0574, 0.2029] **
max =  0.4421 | max_idx =  0
**pseudo_label ->  [0.044, 0.5833, 0.0667, 0.1049, 0.1576, 0.0153, 0.0282] **
max =  0.5833 | max_idx =  1
**pseudo_label ->  [0.1514, 0.1369, 0.0981, 0.1981, 0.3683, 0.0162, 0.031] **
max =  0.3683 | max_idx =  4
Balance pseudo label class ->  [1, 2, 3, 4, 5, 7]  value ->  3
add data ->  18
Epoch 1/50, Train Loss: 3.2794, Valid Loss: 3.0824, Train Acc: 0.1714, Val Acc: 0.1184, Test Acc: 0.1745, Test F1: 0.1445, Total Pseudo-Labels: 0, Correct Pseudo-Labels: 0, Train Data Number: 88



line 303 => train data수 88
line 258 => 인스턴스 수 13
Step 10  Tim 0:04:58
acc_train_cw(현재 train의 class별 acc) [0.0, 0.0, 0.0, 0.0, 0.0, 1.0, 0.0]
cw_psl_total_eval(pseudo label 클래스별 총 샘플 수):  [13, 5, 146, 10, 5, 0, 3]
cw_psl_correct_eval(pseudo label 클래스별 맞은 샘플 수):  [7, 1, 28, 2, 1, 0, 2]
psl_acc(PSL 평가에서의 정확도):  0.225 
cw_psl_acc(클래스별 PSL 평가에서의 정확도):  [0.5384615659713745, 0.20000000298023224, 0.19178082048892975, 0.20000000298023224, 0.20000000298023224, nan, 0.6666666865348816]
***pse_model_save --- epoch = 2***
Save model to ./experiment/java_extended_data/output/
**pseudo_label ->  [0.1539, 0.7269, 0.0307, 0.0083, 0.003, 0.0764, 0.0008] **
max =  0.7269 | max_idx =  1
**pseudo_label ->  [0.2481, 0.1817, 0.2691, 0.0089, 0.0092, 0.2783, 0.0047] **
max =  0.2783 | max_idx =  5
**pseudo_label ->  [0.1032, 0.0279, 0.0194, 0.0016, 0.0048, 0.6935, 0.1496] **
max =  0.6935 | max_idx =  5
**pseudo_label ->  [0.2242, 0.1283, 0.2392, 0.006, 0.0083, 0.3888, 0.0052] **
max =  0.3888 | max_idx =  5
**pseudo_label ->  [0.21, 0.6268, 0.0405, 0.0085, 0.0026, 0.1102, 0.0013] **
max =  0.6268 | max_idx =  1
Epoch 2/50, Train Loss: 2.6870, Valid Loss: 2.6917, Train Acc: 0.1136, Val Acc: 0.0000, Test Acc: 0.3669, Test F1: 0.0767, Total Pseudo-Labels: 0, Correct Pseudo-Labels: 0, Train Data Number: 88



line 303 => train data수 88
line 258 => 인스턴스 수 13
Step 23  Tim 0:09:49
acc_train_cw(현재 train의 class별 acc) [0.0, 0.0, 1.0, 0.0, 0.0, 0.0, 0.0]
cw_psl_total_eval(pseudo label 클래스별 총 샘플 수):  [0, 138, 0, 0, 0, 47, 0]
cw_psl_correct_eval(pseudo label 클래스별 맞은 샘플 수):  [0, 19, 0, 0, 0, 4, 0]
psl_acc(PSL 평가에서의 정확도):  0.124 
cw_psl_acc(클래스별 PSL 평가에서의 정확도):  [nan, 0.13768115639686584, nan, nan, nan, 0.08510638028383255, nan]
**pseudo_label ->  [0.2052, 0.1452, 0.2372, 0.1065, 0.0071, 0.1042, 0.1945] **
max =  0.2372 | max_idx =  2
**pseudo_label ->  [0.1829, 0.1393, 0.2874, 0.0902, 0.0065, 0.0713, 0.2225] **
max =  0.2874 | max_idx =  2
**pseudo_label ->  [0.1557, 0.124, 0.2346, 0.0783, 0.0061, 0.0932, 0.308] **
max =  0.308 | max_idx =  6
**pseudo_label ->  [0.1632, 0.1353, 0.2879, 0.0944, 0.0065, 0.1039, 0.2087] **
max =  0.2879 | max_idx =  2
**pseudo_label ->  [0.2035, 0.1241, 0.2718, 0.0886, 0.0097, 0.1102, 0.192] **
max =  0.2718 | max_idx =  2
Epoch 3/50, Train Loss: 2.8169, Valid Loss: 1.8849, Train Acc: 0.1477, Val Acc: 0.2115, Test Acc: 0.1544, Test F1: 0.0382, Total Pseudo-Labels: 0, Correct Pseudo-Labels: 0, Train Data Number: 88



line 303 => train data수 88
line 258 => 인스턴스 수 13
Step 36  Tim 0:14:03
acc_train_cw(현재 train의 class별 acc) [0.0, 0.0, 0.0, 1.0, 0.0, 0.0, 0.0]
cw_psl_total_eval(pseudo label 클래스별 총 샘플 수):  [0, 54, 0, 0, 0, 0, 403]
cw_psl_correct_eval(pseudo label 클래스별 맞은 샘플 수):  [0, 5, 0, 0, 0, 0, 67]
psl_acc(PSL 평가에서의 정확도):  0.158 
cw_psl_acc(클래스별 PSL 평가에서의 정확도):  [nan, 0.09259258955717087, nan, nan, nan, nan, 0.16625310480594635]
**pseudo_label ->  [0.0098, 0.0656, 0.1795, 0.2851, 0.2924, 0.053, 0.1147] **
max =  0.2924 | max_idx =  4
**pseudo_label ->  [0.002, 0.0094, 0.0097, 0.0569, 0.06, 0.0345, 0.8276] **
max =  0.8276 | max_idx =  6
**pseudo_label ->  [0.0154, 0.1086, 0.2135, 0.2908, 0.226, 0.0284, 0.1172] **
max =  0.2908 | max_idx =  3
**pseudo_label ->  [0.0147, 0.0685, 0.2596, 0.252, 0.2493, 0.0441, 0.1119] **
max =  0.2596 | max_idx =  2
**pseudo_label ->  [0.0094, 0.0595, 0.1847, 0.3848, 0.2126, 0.0502, 0.0989] **
max =  0.3848 | max_idx =  3
Epoch 4/50, Train Loss: 2.6177, Valid Loss: 2.3795, Train Acc: 0.1477, Val Acc: 0.2064, Test Acc: 0.0425, Test F1: 0.0116, Total Pseudo-Labels: 1, Correct Pseudo-Labels: 0, Train Data Number: 88



line 303 => train data수 88
line 258 => 인스턴스 수 13
Step 49  Tim 0:18:17
acc_train_cw(현재 train의 class별 acc) [1.0, 0.0, 0.0, 0.0, 0.0, 0.0, 0.0]
cw_psl_total_eval(pseudo label 클래스별 총 샘플 수):  [0, 1, 0, 0, 0, 0, 338]
cw_psl_correct_eval(pseudo label 클래스별 맞은 샘플 수):  [0, 1, 0, 0, 0, 0, 55]
psl_acc(PSL 평가에서의 정확도):  0.165 
cw_psl_acc(클래스별 PSL 평가에서의 정확도):  [nan, 1.0, nan, nan, nan, nan, 0.1627218872308731]
**pseudo_label ->  [0.2937, 0.0111, 0.0823, 0.0822, 0.1857, 0.2392, 0.1058] **
max =  0.2937 | max_idx =  0
**pseudo_label ->  [0.3797, 0.0952, 0.0335, 0.1939, 0.1208, 0.1383, 0.0385] **
max =  0.3797 | max_idx =  0
**pseudo_label ->  [0.2705, 0.0107, 0.1252, 0.0731, 0.1975, 0.2139, 0.1092] **
max =  0.2705 | max_idx =  0
**pseudo_label ->  [0.2157, 0.0121, 0.1186, 0.1277, 0.2094, 0.2343, 0.0823] **
max =  0.2343 | max_idx =  5
**pseudo_label ->  [0.054, 0.0008, 0.0067, 0.0148, 0.0665, 0.1558, 0.7016] **
max =  0.7016 | max_idx =  6
Epoch 5/50, Train Loss: 2.5098, Valid Loss: 1.8548, Train Acc: 0.1477, Val Acc: 0.0981, Test Acc: 0.1342, Test F1: 0.0338, Total Pseudo-Labels: 0, Correct Pseudo-Labels: 0, Train Data Number: 88



line 303 => train data수 88
line 258 => 인스턴스 수 13
Step 62  Tim 0:22:32
acc_train_cw(현재 train의 class별 acc) [0.0, 1.0, 0.0, 0.0, 0.0, 0.0, 0.0]
cw_psl_total_eval(pseudo label 클래스별 총 샘플 수):  [0, 0, 0, 0, 0, 0, 294]
cw_psl_correct_eval(pseudo label 클래스별 맞은 샘플 수):  [0, 0, 0, 0, 0, 0, 49]
psl_acc(PSL 평가에서의 정확도):  0.167 
cw_psl_acc(클래스별 PSL 평가에서의 정확도):  [nan, nan, nan, nan, nan, nan, 0.1666666716337204]
**pseudo_label ->  [0.1618, 0.272, 0.1974, 0.0594, 0.2143, 0.0593, 0.0358] **
max =  0.272 | max_idx =  1
**pseudo_label ->  [0.1849, 0.2827, 0.189, 0.045, 0.1593, 0.0762, 0.0629] **
max =  0.2827 | max_idx =  1
**pseudo_label ->  [0.1588, 0.2131, 0.258, 0.0697, 0.1802, 0.0817, 0.0385] **
max =  0.258 | max_idx =  2
**pseudo_label ->  [0.1621, 0.3329, 0.2499, 0.0443, 0.1378, 0.0418, 0.0312] **
max =  0.3329 | max_idx =  1
**pseudo_label ->  [0.1714, 0.3586, 0.244, 0.0348, 0.1147, 0.0459, 0.0307] **
max =  0.3586 | max_idx =  1
Epoch 6/50, Train Loss: 2.4104, Valid Loss: 2.5665, Train Acc: 0.1477, Val Acc: 0.1997, Test Acc: 0.0604, Test F1: 0.0163, Total Pseudo-Labels: 0, Correct Pseudo-Labels: 0, Train Data Number: 88



line 303 => train data수 88
line 258 => 인스턴스 수 13
Step 75  Tim 0:26:45
acc_train_cw(현재 train의 class별 acc) [0.0, 0.0, 0.0, 1.0, 0.0, 0.0, 0.0]
cw_psl_total_eval(pseudo label 클래스별 총 샘플 수):  [0, 389, 0, 0, 0, 0, 2]
cw_psl_correct_eval(pseudo label 클래스별 맞은 샘플 수):  [0, 48, 0, 0, 0, 0, 1]
psl_acc(PSL 평가에서의 정확도):  0.125 
cw_psl_acc(클래스별 PSL 평가에서의 정확도):  [nan, 0.12339331954717636, nan, nan, nan, nan, 0.5]
**pseudo_label ->  [0.1101, 0.0212, 0.2734, 0.3103, 0.0201, 0.1049, 0.1601] **
max =  0.3103 | max_idx =  3
**pseudo_label ->  [0.1637, 0.157, 0.102, 0.4802, 0.007, 0.0504, 0.0396] **
max =  0.4802 | max_idx =  3
**pseudo_label ->  [0.1165, 0.0216, 0.296, 0.3243, 0.0175, 0.0891, 0.1349] **
max =  0.3243 | max_idx =  3
**pseudo_label ->  [0.1498, 0.0143, 0.3345, 0.2707, 0.0191, 0.0805, 0.131] **
max =  0.3345 | max_idx =  2
**pseudo_label ->  [0.1131, 0.0145, 0.3539, 0.2801, 0.0154, 0.088, 0.135] **
max =  0.3539 | max_idx =  2
Epoch 7/50, Train Loss: 2.6128, Valid Loss: 1.7106, Train Acc: 0.1477, Val Acc: 0.2064, Test Acc: 0.0425, Test F1: 0.0116, Total Pseudo-Labels: 1, Correct Pseudo-Labels: 0, Train Data Number: 88



line 303 => train data수 88
line 258 => 인스턴스 수 13
Step 88  Tim 0:30:58
acc_train_cw(현재 train의 class별 acc) [0.0, 0.0, 0.0, 0.0, 1.0, 0.0, 0.0]
cw_psl_total_eval(pseudo label 클래스별 총 샘플 수):  [0, 0, 0, 0, 0, 0, 320]
cw_psl_correct_eval(pseudo label 클래스별 맞은 샘플 수):  [0, 0, 0, 0, 0, 0, 45]
psl_acc(PSL 평가에서의 정확도):  0.141 
cw_psl_acc(클래스별 PSL 평가에서의 정확도):  [nan, nan, nan, nan, nan, nan, 0.140625]
**pseudo_label ->  [0.1525, 0.1855, 0.1275, 0.1204, 0.2783, 0.124, 0.0118] **
max =  0.2783 | max_idx =  4
**pseudo_label ->  [0.1336, 0.1397, 0.1523, 0.1978, 0.2593, 0.1073, 0.0102] **
max =  0.2593 | max_idx =  4
**pseudo_label ->  [0.1139, 0.17, 0.1759, 0.1365, 0.2854, 0.1091, 0.0093] **
max =  0.2854 | max_idx =  4
**pseudo_label ->  [0.1151, 0.1158, 0.1791, 0.163, 0.2908, 0.1264, 0.0098] **
max =  0.2908 | max_idx =  4
**pseudo_label ->  [0.1105, 0.1844, 0.1708, 0.1842, 0.2513, 0.0897, 0.009] **
max =  0.2513 | max_idx =  4
Epoch 8/50, Train Loss: 2.1954, Valid Loss: 2.3991, Train Acc: 0.1477, Val Acc: 0.2843, Test Acc: 0.2282, Test F1: 0.0531, Total Pseudo-Labels: 0, Correct Pseudo-Labels: 0, Train Data Number: 88



line 303 => train data수 88
line 258 => 인스턴스 수 13
Step 101  Tim 0:35:12
acc_train_cw(현재 train의 class별 acc) [0.0, 0.0, 0.0, 0.0, 0.0, 0.0, 1.0]
cw_psl_total_eval(pseudo label 클래스별 총 샘플 수):  [0, 43, 0, 0, 0, 0, 0]
cw_psl_correct_eval(pseudo label 클래스별 맞은 샘플 수):  [0, 7, 0, 0, 0, 0, 0]
psl_acc(PSL 평가에서의 정확도):  0.163 
cw_psl_acc(클래스별 PSL 평가에서의 정확도):  [nan, 0.1627907007932663, nan, nan, nan, nan, nan]
**pseudo_label ->  [0.0121, 0.0036, 0.0057, 0.0044, 0.0195, 0.046, 0.9086] **
max =  0.9086 | max_idx =  6
**pseudo_label ->  [0.1002, 0.0753, 0.1735, 0.0297, 0.1069, 0.084, 0.4304] **
max =  0.4304 | max_idx =  6
**pseudo_label ->  [0.1243, 0.0744, 0.1461, 0.0402, 0.135, 0.1041, 0.3758] **
max =  0.3758 | max_idx =  6
**pseudo_label ->  [0.1637, 0.0876, 0.1642, 0.0355, 0.1215, 0.1185, 0.3091] **
max =  0.3091 | max_idx =  6
**pseudo_label ->  [0.1369, 0.0735, 0.1505, 0.0428, 0.0967, 0.146, 0.3535] **
max =  0.3535 | max_idx =  6
Epoch 9/50, Train Loss: 2.5401, Valid Loss: 1.7723, Train Acc: 0.1477, Val Acc: 0.0000, Test Acc: 0.0134, Test F1: 0.0038, Total Pseudo-Labels: 0, Correct Pseudo-Labels: 0, Train Data Number: 88



line 303 => train data수 88
line 258 => 인스턴스 수 13
Step 114  Tim 0:39:26
acc_train_cw(현재 train의 class별 acc) [0.0, 0.0, 0.0, 1.0, 0.0, 0.0, 0.0]
cw_psl_total_eval(pseudo label 클래스별 총 샘플 수):  [0, 0, 0, 0, 0, 0, 386]
cw_psl_correct_eval(pseudo label 클래스별 맞은 샘플 수):  [0, 0, 0, 0, 0, 0, 61]
psl_acc(PSL 평가에서의 정확도):  0.158 
cw_psl_acc(클래스별 PSL 평가에서의 정확도):  [nan, nan, nan, nan, nan, nan, 0.15803109109401703]
**pseudo_label ->  [0.0838, 0.1537, 0.2916, 0.246, 0.1094, 0.0875, 0.028] **
max =  0.2916 | max_idx =  2
**pseudo_label ->  [0.0668, 0.1383, 0.3594, 0.2321, 0.0982, 0.0631, 0.0421] **
max =  0.3594 | max_idx =  2
**pseudo_label ->  [0.0524, 0.2844, 0.0208, 0.2404, 0.0657, 0.0803, 0.256] **
max =  0.2844 | max_idx =  1
**pseudo_label ->  [0.0871, 0.1408, 0.3136, 0.2456, 0.1198, 0.0634, 0.0299] **
max =  0.3136 | max_idx =  2
**pseudo_label ->  [0.0625, 0.1686, 0.3013, 0.2614, 0.1002, 0.0613, 0.0447] **
max =  0.3013 | max_idx =  2
Epoch 10/50, Train Loss: 2.3386, Valid Loss: 2.4823, Train Acc: 0.1477, Val Acc: 0.2064, Test Acc: 0.0425, Test F1: 0.0116, Total Pseudo-Labels: 0, Correct Pseudo-Labels: 0, Train Data Number: 88



line 303 => train data수 88
line 258 => 인스턴스 수 13
Step 127  Tim 0:43:40
acc_train_cw(현재 train의 class별 acc) [0.0, 0.0, 0.0, 0.0, 0.0, 0.0, 1.0]
cw_psl_total_eval(pseudo label 클래스별 총 샘플 수):  [0, 2, 0, 0, 0, 0, 4]
cw_psl_correct_eval(pseudo label 클래스별 맞은 샘플 수):  [0, 0, 0, 0, 0, 0, 1]
psl_acc(PSL 평가에서의 정확도):  0.167 
cw_psl_acc(클래스별 PSL 평가에서의 정확도):  [nan, 0.0, nan, nan, nan, nan, 0.25]
**pseudo_label ->  [0.1583, 0.0507, 0.1898, 0.0122, 0.1961, 0.1148, 0.2781] **
max =  0.2781 | max_idx =  6
**pseudo_label ->  [0.1524, 0.0495, 0.105, 0.0119, 0.1909, 0.2339, 0.2564] **
max =  0.2564 | max_idx =  6
**pseudo_label ->  [0.1924, 0.4139, 0.0436, 0.029, 0.0922, 0.1495, 0.0794] **
max =  0.4139 | max_idx =  1
**pseudo_label ->  [0.1234, 0.0503, 0.1526, 0.0198, 0.2137, 0.2642, 0.1759] **
max =  0.2642 | max_idx =  5
**pseudo_label ->  [0.0851, 0.0381, 0.1363, 0.0113, 0.1779, 0.232, 0.3194] **
max =  0.3194 | max_idx =  6
Epoch 11/50, Train Loss: 2.3545, Valid Loss: 1.7073, Train Acc: 0.1477, Val Acc: 0.0000, Test Acc: 0.0134, Test F1: 0.0038, Total Pseudo-Labels: 0, Correct Pseudo-Labels: 0, Train Data Number: 88



line 303 => train data수 88
line 258 => 인스턴스 수 13
Step 140  Tim 0:47:54
acc_train_cw(현재 train의 class별 acc) [0.0, 0.0, 0.0, 1.0, 0.0, 0.0, 0.0]
cw_psl_total_eval(pseudo label 클래스별 총 샘플 수):  [0, 0, 0, 0, 0, 0, 331]
cw_psl_correct_eval(pseudo label 클래스별 맞은 샘플 수):  [0, 0, 0, 0, 0, 0, 62]
psl_acc(PSL 평가에서의 정확도):  0.187 
cw_psl_acc(클래스별 PSL 평가에서의 정확도):  [nan, nan, nan, nan, nan, nan, 0.18731117248535156]
**pseudo_label ->  [0.2038, 0.1131, 0.2459, 0.2959, 0.1112, 0.0172, 0.0129] **
max =  0.2959 | max_idx =  3
**pseudo_label ->  [0.1867, 0.1343, 0.2661, 0.2468, 0.1347, 0.0191, 0.0124] **
max =  0.2661 | max_idx =  2
**pseudo_label ->  [0.1777, 0.1361, 0.3248, 0.2328, 0.0974, 0.0188, 0.0123] **
max =  0.3248 | max_idx =  2
**pseudo_label ->  [0.177, 0.095, 0.2493, 0.3109, 0.1375, 0.017, 0.0133] **
max =  0.3109 | max_idx =  3
**pseudo_label ->  [0.0681, 0.5947, 0.0499, 0.2476, 0.0237, 0.0121, 0.004] **
max =  0.5947 | max_idx =  1
Epoch 12/50, Train Loss: 3.3909, Valid Loss: 2.5352, Train Acc: 0.1477, Val Acc: 0.2064, Test Acc: 0.0425, Test F1: 0.0116, Total Pseudo-Labels: 0, Correct Pseudo-Labels: 0, Train Data Number: 88



line 303 => train data수 88
line 258 => 인스턴스 수 13
Step 153  Tim 0:52:08
acc_train_cw(현재 train의 class별 acc) [0.692, 0.846, 0.538, 0.0, 0.0, 0.0, 0.0]
cw_psl_total_eval(pseudo label 클래스별 총 샘플 수):  [0, 10, 0, 0, 0, 0, 0]
cw_psl_correct_eval(pseudo label 클래스별 맞은 샘플 수):  [0, 1, 0, 0, 0, 0, 0]
psl_acc(PSL 평가에서의 정확도):  0.1 
cw_psl_acc(클래스별 PSL 평가에서의 정확도):  [nan, 0.10000000149011612, nan, nan, nan, nan, nan]
**pseudo_label ->  [0.132, 0.0846, 0.3534, 0.2418, 0.0335, 0.1243, 0.0304] **
max =  0.3534 | max_idx =  2
**pseudo_label ->  [0.2812, 0.0514, 0.3841, 0.1591, 0.0424, 0.0684, 0.0134] **
max =  0.3841 | max_idx =  2
**pseudo_label ->  [0.0447, 0.2191, 0.3172, 0.2008, 0.0373, 0.1463, 0.0347] **
max =  0.3172 | max_idx =  2
**pseudo_label ->  [0.1615, 0.1079, 0.3747, 0.1831, 0.0398, 0.0823, 0.0508] **
max =  0.3747 | max_idx =  2
**pseudo_label ->  [0.0, 0.5545, 0.0006, 0.006, 0.4364, 0.0025, 0.0] **
max =  0.5545 | max_idx =  1
Epoch 13/50, Train Loss: 2.7581, Valid Loss: 2.4153, Train Acc: 0.3068, Val Acc: 0.2453, Test Acc: 0.1812, Test F1: 0.1676, Total Pseudo-Labels: 0, Correct Pseudo-Labels: 0, Train Data Number: 88



line 303 => train data수 88
line 258 => 인스턴스 수 13
Step 166  Tim 0:56:22
acc_train_cw(현재 train의 class별 acc) [1.0, 0.0, 0.0, 0.0, 0.0, 0.0, 0.846]
cw_psl_total_eval(pseudo label 클래스별 총 샘플 수):  [0, 785, 0, 0, 176, 0, 1]
cw_psl_correct_eval(pseudo label 클래스별 맞은 샘플 수):  [0, 105, 0, 0, 20, 0, 0]
psl_acc(PSL 평가에서의 정확도):  0.13 
cw_psl_acc(클래스별 PSL 평가에서의 정확도):  [nan, 0.13375796377658844, nan, nan, 0.11363636702299118, nan, 0.0]
**pseudo_label ->  [0.2631, 0.1395, 0.025, 0.0362, 0.1594, 0.1932, 0.1834] **
max =  0.2631 | max_idx =  0
**pseudo_label ->  [0.2073, 0.1269, 0.033, 0.0402, 0.2377, 0.1964, 0.1586] **
max =  0.2377 | max_idx =  4
**pseudo_label ->  [0.2069, 0.1774, 0.0205, 0.0415, 0.2086, 0.1604, 0.1847] **
max =  0.2086 | max_idx =  4
**pseudo_label ->  [0.1914, 0.1364, 0.0303, 0.0411, 0.2231, 0.2201, 0.1575] **
max =  0.2231 | max_idx =  4
**pseudo_label ->  [0.2052, 0.1433, 0.0257, 0.0344, 0.174, 0.1903, 0.227] **
max =  0.227 | max_idx =  6
Epoch 14/50, Train Loss: 2.5173, Valid Loss: 1.8879, Train Acc: 0.2727, Val Acc: 0.0981, Test Acc: 0.1454, Test F1: 0.0864, Total Pseudo-Labels: 1, Correct Pseudo-Labels: 0, Train Data Number: 88



line 303 => train data수 88
line 258 => 인스턴스 수 13
Step 179  Tim 1:00:36
acc_train_cw(현재 train의 class별 acc) [0.0, 1.0, 0.0, 0.538, 0.0, 0.0, 0.0]
cw_psl_total_eval(pseudo label 클래스별 총 샘플 수):  [0, 7, 0, 0, 0, 0, 300]
cw_psl_correct_eval(pseudo label 클래스별 맞은 샘플 수):  [0, 1, 0, 0, 0, 0, 53]
psl_acc(PSL 평가에서의 정확도):  0.176 
cw_psl_acc(클래스별 PSL 평가에서의 정확도):  [nan, 0.1428571492433548, nan, nan, nan, nan, 0.17666666209697723]
**pseudo_label ->  [0.0368, 0.2529, 0.0722, 0.3319, 0.1439, 0.0978, 0.0645] **
max =  0.3319 | max_idx =  3
**pseudo_label ->  [0.0504, 0.2217, 0.0722, 0.2934, 0.1505, 0.1241, 0.0877] **
max =  0.2934 | max_idx =  3
**pseudo_label ->  [0.0337, 0.2895, 0.072, 0.3053, 0.1396, 0.1035, 0.0563] **
max =  0.3053 | max_idx =  3
**pseudo_label ->  [0.0175, 0.0612, 0.0099, 0.0848, 0.1244, 0.1212, 0.5809] **
max =  0.5809 | max_idx =  6
**pseudo_label ->  [0.0336, 0.3072, 0.0766, 0.2598, 0.1331, 0.1354, 0.0542] **
max =  0.3072 | max_idx =  1
Epoch 15/50, Train Loss: 2.2473, Valid Loss: 1.8697, Train Acc: 0.2273, Val Acc: 0.2538, Test Acc: 0.0694, Test F1: 0.0368, Total Pseudo-Labels: 0, Correct Pseudo-Labels: 0, Train Data Number: 88



line 303 => train data수 88
line 258 => 인스턴스 수 13
Step 192  Tim 1:04:50
acc_train_cw(현재 train의 class별 acc) [0.385, 0.0, 0.0, 1.0, 0.0, 0.0, 0.0]
cw_psl_total_eval(pseudo label 클래스별 총 샘플 수):  [0, 130, 0, 0, 0, 0, 1]
cw_psl_correct_eval(pseudo label 클래스별 맞은 샘플 수):  [0, 23, 0, 0, 0, 0, 1]
psl_acc(PSL 평가에서의 정확도):  0.183 
cw_psl_acc(클래스별 PSL 평가에서의 정확도):  [nan, 0.17692308127880096, nan, nan, nan, nan, 1.0]
**pseudo_label ->  [0.0905, 0.1719, 0.1619, 0.3571, 0.0506, 0.0278, 0.1402] **
max =  0.3571 | max_idx =  3
**pseudo_label ->  [0.1617, 0.1378, 0.2072, 0.2637, 0.0967, 0.0332, 0.0997] **
max =  0.2637 | max_idx =  3
**pseudo_label ->  [0.0362, 0.0185, 0.0155, 0.0406, 0.031, 0.0252, 0.8329] **
max =  0.8329 | max_idx =  6
**pseudo_label ->  [0.1379, 0.157, 0.1919, 0.2237, 0.0932, 0.0404, 0.1559] **
max =  0.2237 | max_idx =  3
**pseudo_label ->  [0.1255, 0.2086, 0.1683, 0.2344, 0.0424, 0.0301, 0.1907] **
max =  0.2344 | max_idx =  3
Epoch 16/50, Train Loss: 1.9165, Valid Loss: 1.8940, Train Acc: 0.2045, Val Acc: 0.2250, Test Acc: 0.0425, Test F1: 0.0117, Total Pseudo-Labels: 0, Correct Pseudo-Labels: 0, Train Data Number: 88



line 303 => train data수 88
line 258 => 인스턴스 수 13
Step 205  Tim 1:09:04
acc_train_cw(현재 train의 class별 acc) [0.0, 0.0, 0.923, 0.0, 0.538, 0.0, 0.308]
cw_psl_total_eval(pseudo label 클래스별 총 샘플 수):  [0, 9, 0, 0, 0, 0, 334]
cw_psl_correct_eval(pseudo label 클래스별 맞은 샘플 수):  [0, 4, 0, 0, 0, 0, 56]
psl_acc(PSL 평가에서의 정확도):  0.175 
cw_psl_acc(클래스별 PSL 평가에서의 정확도):  [nan, 0.4444444477558136, nan, nan, nan, nan, 0.16766467690467834]
**pseudo_label ->  [0.0568, 0.1142, 0.3338, 0.1748, 0.0752, 0.198, 0.0472] **
max =  0.3338 | max_idx =  2
**pseudo_label ->  [0.1294, 0.0272, 0.2977, 0.0879, 0.2475, 0.2, 0.0104] **
max =  0.2977 | max_idx =  2
**pseudo_label ->  [0.0729, 0.0595, 0.3173, 0.159, 0.1215, 0.2296, 0.0402] **
max =  0.3173 | max_idx =  2
**pseudo_label ->  [0.1717, 0.0472, 0.3653, 0.0647, 0.1977, 0.1323, 0.0212] **
max =  0.3653 | max_idx =  2
**pseudo_label ->  [0.0071, 0.0135, 0.0205, 0.0442, 0.0108, 0.1714, 0.7325] **
max =  0.7325 | max_idx =  6
Epoch 17/50, Train Loss: 1.8855, Valid Loss: 1.9449, Train Acc: 0.2614, Val Acc: 0.2318, Test Acc: 0.1499, Test F1: 0.0690, Total Pseudo-Labels: 0, Correct Pseudo-Labels: 0, Train Data Number: 88



line 303 => train data수 88
line 258 => 인스턴스 수 13
Step 218  Tim 1:13:18
acc_train_cw(현재 train의 class별 acc) [0.0, 0.0, 0.0, 0.077, 1.0, 0.0, 0.0]
cw_psl_total_eval(pseudo label 클래스별 총 샘플 수):  [0, 1, 0, 0, 0, 0, 36]
cw_psl_correct_eval(pseudo label 클래스별 맞은 샘플 수):  [0, 0, 0, 0, 0, 0, 22]
psl_acc(PSL 평가에서의 정확도):  0.595 
cw_psl_acc(클래스별 PSL 평가에서의 정확도):  [nan, 0.0, nan, nan, nan, nan, 0.6111111044883728]
**pseudo_label ->  [0.1476, 0.0611, 0.1803, 0.1235, 0.2546, 0.1596, 0.0734] **
max =  0.2546 | max_idx =  4
**pseudo_label ->  [0.2464, 0.2274, 0.0704, 0.1686, 0.173, 0.1037, 0.0106] **
max =  0.2464 | max_idx =  0
**pseudo_label ->  [0.2018, 0.0356, 0.1588, 0.1215, 0.2793, 0.1328, 0.0701] **
max =  0.2793 | max_idx =  4
**pseudo_label ->  [0.2198, 0.0207, 0.1349, 0.0529, 0.3594, 0.1576, 0.0547] **
max =  0.3594 | max_idx =  4
**pseudo_label ->  [0.1648, 0.0459, 0.1538, 0.1158, 0.2837, 0.1512, 0.0848] **
max =  0.2837 | max_idx =  4
Epoch 18/50, Train Loss: 2.2897, Valid Loss: 1.9756, Train Acc: 0.1591, Val Acc: 0.2860, Test Acc: 0.2260, Test F1: 0.0529, Total Pseudo-Labels: 0, Correct Pseudo-Labels: 0, Train Data Number: 88



line 303 => train data수 88
line 258 => 인스턴스 수 13
Step 231  Tim 1:17:34
acc_train_cw(현재 train의 class별 acc) [1.0, 0.0, 0.0, 0.0, 0.0, 0.0, 0.769]
cw_psl_total_eval(pseudo label 클래스별 총 샘플 수):  [0, 0, 0, 0, 0, 0, 1]
cw_psl_correct_eval(pseudo label 클래스별 맞은 샘플 수):  [0, 0, 0, 0, 0, 0, 0]
psl_acc(PSL 평가에서의 정확도):  0.0 
cw_psl_acc(클래스별 PSL 평가에서의 정확도):  [nan, nan, nan, nan, nan, nan, 0.0]
**pseudo_label ->  [0.0869, 0.083, 0.343, 0.1005, 0.0398, 0.0744, 0.2724] **
max =  0.343 | max_idx =  2
**pseudo_label ->  [0.2783, 0.0281, 0.1106, 0.0976, 0.2978, 0.1119, 0.0757] **
max =  0.2978 | max_idx =  4
**pseudo_label ->  [0.2518, 0.0656, 0.1853, 0.1287, 0.1649, 0.127, 0.0768] **
max =  0.2518 | max_idx =  0
**pseudo_label ->  [0.2981, 0.0236, 0.0986, 0.1256, 0.2809, 0.1065, 0.0667] **
max =  0.2981 | max_idx =  0
**pseudo_label ->  [0.0272, 0.005, 0.0138, 0.0138, 0.0263, 0.0845, 0.8294] **
max =  0.8294 | max_idx =  6
Epoch 19/50, Train Loss: 2.0574, Valid Loss: 1.7321, Train Acc: 0.2614, Val Acc: 0.1117, Test Acc: 0.1387, Test F1: 0.0684, Total Pseudo-Labels: 0, Correct Pseudo-Labels: 0, Train Data Number: 88



line 303 => train data수 88
line 258 => 인스턴스 수 13
Step 244  Tim 1:21:49
acc_train_cw(현재 train의 class별 acc) [0.923, 1.0, 0.615, 0.0, 0.462, 0.0, 0.0]
cw_psl_total_eval(pseudo label 클래스별 총 샘플 수):  [0, 0, 1, 0, 0, 0, 112]
cw_psl_correct_eval(pseudo label 클래스별 맞은 샘플 수):  [0, 0, 0, 0, 0, 0, 33]
psl_acc(PSL 평가에서의 정확도):  0.292 
cw_psl_acc(클래스별 PSL 평가에서의 정확도):  [nan, nan, 0.0, nan, nan, nan, 0.2946428656578064]
**pseudo_label ->  [0.0269, 0.4759, 0.1044, 0.0874, 0.0518, 0.0511, 0.2025] **
max =  0.4759 | max_idx =  1
**pseudo_label ->  [0.1754, 0.5334, 0.057, 0.1206, 0.0687, 0.0276, 0.0173] **
max =  0.5334 | max_idx =  1
**pseudo_label ->  [0.1204, 0.1571, 0.2134, 0.1426, 0.1643, 0.1043, 0.0979] **
max =  0.2134 | max_idx =  2
**pseudo_label ->  [0.1301, 0.1444, 0.2509, 0.1153, 0.1728, 0.1139, 0.0727] **
max =  0.2509 | max_idx =  2
**pseudo_label ->  [0.0348, 0.3874, 0.1322, 0.1049, 0.0696, 0.0567, 0.2144] **
max =  0.3874 | max_idx =  1
Epoch 20/50, Train Loss: 1.5982, Valid Loss: 2.0479, Train Acc: 0.4432, Val Acc: 0.3266, Test Acc: 0.1342, Test F1: 0.0868, Total Pseudo-Labels: 0, Correct Pseudo-Labels: 0, Train Data Number: 88



line 303 => train data수 88
line 258 => 인스턴스 수 13
Step 257  Tim 1:26:03
acc_train_cw(현재 train의 class별 acc) [1.0, 0.308, 1.0, 0.308, 0.0, 0.0, 1.0]
cw_psl_total_eval(pseudo label 클래스별 총 샘플 수):  [0, 106, 0, 0, 0, 0, 111]
cw_psl_correct_eval(pseudo label 클래스별 맞은 샘플 수):  [0, 21, 0, 0, 0, 0, 45]
psl_acc(PSL 평가에서의 정확도):  0.304 
cw_psl_acc(클래스별 PSL 평가에서의 정확도):  [nan, 0.19811320304870605, nan, nan, nan, nan, 0.4054054021835327]
**pseudo_label ->  [0.0001, 0.3392, 0.0423, 0.0343, 0.0005, 0.0084, 0.5751] **
max =  0.5751 | max_idx =  6
**pseudo_label ->  [0.0868, 0.0365, 0.327, 0.1984, 0.1036, 0.2215, 0.0262] **
max =  0.327 | max_idx =  2
**pseudo_label ->  [0.1499, 0.0198, 0.2911, 0.2358, 0.1428, 0.1503, 0.0103] **
max =  0.2911 | max_idx =  2
**pseudo_label ->  [0.0746, 0.1824, 0.1104, 0.4279, 0.0561, 0.136, 0.0127] **
max =  0.4279 | max_idx =  3
**pseudo_label ->  [0.0, 0.0139, 0.0006, 0.0023, 0.0001, 0.0024, 0.9807] **
max =  0.9807 | max_idx =  6
Epoch 21/50, Train Loss: 1.3315, Valid Loss: 3.2438, Train Acc: 0.5341, Val Acc: 0.1827, Test Acc: 0.1051, Test F1: 0.0944, Total Pseudo-Labels: 0, Correct Pseudo-Labels: 0, Train Data Number: 88



line 303 => train data수 88
line 258 => 인스턴스 수 13
Step 270  Tim 1:30:17
acc_train_cw(현재 train의 class별 acc) [0.0, 0.077, 0.308, 0.231, 1.0, 0.2, 1.0]
cw_psl_total_eval(pseudo label 클래스별 총 샘플 수):  [14, 65, 4, 0, 0, 0, 114]
cw_psl_correct_eval(pseudo label 클래스별 맞은 샘플 수):  [14, 11, 0, 0, 0, 0, 42]
psl_acc(PSL 평가에서의 정확도):  0.34 
cw_psl_acc(클래스별 PSL 평가에서의 정확도):  [1.0, 0.16923077404499054, 0.0, nan, nan, nan, 0.3684210479259491]
**pseudo_label ->  [0.0, 0.1444, 0.0082, 0.0024, 0.0, 0.0001, 0.845] **
max =  0.845 | max_idx =  6
**pseudo_label ->  [0.0232, 0.0041, 0.2551, 0.0798, 0.2627, 0.3743, 0.0007] **
max =  0.3743 | max_idx =  5
**pseudo_label ->  [0.0407, 0.0039, 0.1084, 0.1042, 0.4827, 0.2595, 0.0007] **
max =  0.4827 | max_idx =  4
**pseudo_label ->  [0.0134, 0.0006, 0.0277, 0.0361, 0.3575, 0.5605, 0.0042] **
max =  0.5605 | max_idx =  5
**pseudo_label ->  [0.0, 0.1286, 0.0072, 0.002, 0.0, 0.0001, 0.8621] **
max =  0.8621 | max_idx =  6
Epoch 22/50, Train Loss: 1.0768, Valid Loss: 2.7187, Train Acc: 0.4091, Val Acc: 0.1455, Test Acc: 0.1655, Test F1: 0.1170, Total Pseudo-Labels: 0, Correct Pseudo-Labels: 0, Train Data Number: 88



line 303 => train data수 88
line 258 => 인스턴스 수 13
Step 283  Tim 1:34:32
acc_train_cw(현재 train의 class별 acc) [1.0, 1.0, 0.0, 0.692, 0.231, 0.0, 0.615]
cw_psl_total_eval(pseudo label 클래스별 총 샘플 수):  [0, 89, 0, 0, 353, 7, 747]
cw_psl_correct_eval(pseudo label 클래스별 맞은 샘플 수):  [0, 24, 0, 0, 64, 0, 359]
psl_acc(PSL 평가에서의 정확도):  0.374 
cw_psl_acc(클래스별 PSL 평가에서의 정확도):  [nan, 0.26966291666030884, nan, nan, 0.18130311369895935, 0.0, 0.48058903217315674]
**pseudo_label ->  [0.0, 0.988, 0.0003, 0.0045, 0.0, 0.0, 0.0072] **
max =  0.988 | max_idx =  1
**pseudo_label ->  [0.0066, 0.0667, 0.3826, 0.3771, 0.0377, 0.1261, 0.0031] **
max =  0.3826 | max_idx =  2
**pseudo_label ->  [0.0013, 0.1337, 0.0794, 0.3724, 0.009, 0.206, 0.1981] **
max =  0.3724 | max_idx =  3
**pseudo_label ->  [0.0011, 0.0955, 0.4278, 0.3667, 0.0106, 0.0894, 0.0089] **
max =  0.4278 | max_idx =  2
**pseudo_label ->  [0.0, 0.8019, 0.0107, 0.0447, 0.0, 0.0001, 0.1426] **
max =  0.8019 | max_idx =  1
Epoch 23/50, Train Loss: 1.1122, Valid Loss: 2.6187, Train Acc: 0.5227, Val Acc: 0.3147, Test Acc: 0.0761, Test F1: 0.0899, Total Pseudo-Labels: 0, Correct Pseudo-Labels: 0, Train Data Number: 88



line 303 => train data수 88
line 258 => 인스턴스 수 13
Step 296  Tim 1:38:46
acc_train_cw(현재 train의 class별 acc) [1.0, 1.0, 0.923, 0.308, 0.0, 0.9, 0.769]
cw_psl_total_eval(pseudo label 클래스별 총 샘플 수):  [70, 542, 0, 6, 0, 0, 74]
cw_psl_correct_eval(pseudo label 클래스별 맞은 샘플 수):  [63, 99, 0, 0, 0, 0, 41]
psl_acc(PSL 평가에서의 정확도):  0.293 
cw_psl_acc(클래스별 PSL 평가에서의 정확도):  [0.8999999761581421, 0.18265682458877563, nan, 0.0, nan, nan, 0.5540540814399719]
**pseudo_label ->  [0.0, 0.9171, 0.0333, 0.0381, 0.0, 0.0012, 0.0102] **
max =  0.9171 | max_idx =  1
**pseudo_label ->  [0.0192, 0.0059, 0.4885, 0.0968, 0.0368, 0.3526, 0.0002] **
max =  0.4885 | max_idx =  2
**pseudo_label ->  [0.0176, 0.0325, 0.3153, 0.352, 0.0272, 0.2549, 0.0005] **
max =  0.352 | max_idx =  3
**pseudo_label ->  [0.0083, 0.0184, 0.4084, 0.2367, 0.0182, 0.3096, 0.0004] **
max =  0.4084 | max_idx =  2
**pseudo_label ->  [0.0, 0.91, 0.0146, 0.004, 0.0, 0.0001, 0.0714] **
max =  0.91 | max_idx =  1
Balance pseudo label class ->  [1, 2, 3, 6, 7]  value ->  10
add data ->  50
Epoch 24/50, Train Loss: 1.2783, Valid Loss: 2.8823, Train Acc: 0.6932, Val Acc: 0.1878, Test Acc: 0.2148, Test F1: 0.1767, Total Pseudo-Labels: 0, Correct Pseudo-Labels: 0, Train Data Number: 136



line 303 => train data수 136
line 258 => 인스턴스 수 20
Step 309  Tim 1:43:10
acc_train_cw(현재 train의 class별 acc) [1.0, 0.043, 0.682, 0.615, 0.0, 0.05, 1.0]
cw_psl_total_eval(pseudo label 클래스별 총 샘플 수):  [32, 509, 10, 0, 0, 115, 32]
cw_psl_correct_eval(pseudo label 클래스별 맞은 샘플 수):  [29, 67, 5, 0, 0, 10, 27]
psl_acc(PSL 평가에서의 정확도):  0.198 
cw_psl_acc(클래스별 PSL 평가에서의 정확도):  [0.90625, 0.13163064420223236, 0.5, nan, nan, 0.08695652335882187, 0.84375]
***pse_model_save --- epoch = 25***
Save model to ./experiment/java_extended_data/output/
**pseudo_label ->  [0.0, 0.2485, 0.0053, 0.0519, 0.0, 0.0002, 0.6941] **
max =  0.6941 | max_idx =  6
**pseudo_label ->  [0.2999, 0.008, 0.2218, 0.124, 0.1386, 0.2043, 0.0035] **
max =  0.2999 | max_idx =  0
**pseudo_label ->  [0.0013, 0.6055, 0.0089, 0.3566, 0.0022, 0.0025, 0.0229] **
max =  0.6055 | max_idx =  1
**pseudo_label ->  [0.0056, 0.0469, 0.3487, 0.3909, 0.0359, 0.0648, 0.1071] **
max =  0.3909 | max_idx =  3
**pseudo_label ->  [0.0, 0.3391, 0.0061, 0.0975, 0.0001, 0.0003, 0.5569] **
max =  0.5569 | max_idx =  6
Epoch 25/50, Train Loss: 0.9285, Valid Loss: 2.8080, Train Acc: 0.5147, Val Acc: 0.1658, Test Acc: 0.0559, Test F1: 0.0566, Total Pseudo-Labels: 0, Correct Pseudo-Labels: 0, Train Data Number: 136



line 303 => train data수 136
line 258 => 인스턴스 수 20
Step 329  Tim 1:48:16
acc_train_cw(현재 train의 class별 acc) [1.0, 0.87, 1.0, 0.231, 0.0, 1.0, 0.957]
cw_psl_total_eval(pseudo label 클래스별 총 샘플 수):  [229, 40, 35, 0, 0, 0, 837]
cw_psl_correct_eval(pseudo label 클래스별 맞은 샘플 수):  [133, 16, 8, 0, 0, 0, 369]
psl_acc(PSL 평가에서의 정확도):  0.461 
cw_psl_acc(클래스별 PSL 평가에서의 정확도):  [0.5807860493659973, 0.4000000059604645, 0.22857142984867096, nan, nan, nan, 0.44086021184921265]
**pseudo_label ->  [0.0, 0.9867, 0.0006, 0.0123, 0.0, 0.0002, 0.0001] **
max =  0.9867 | max_idx =  1
**pseudo_label ->  [0.0067, 0.0016, 0.7626, 0.0154, 0.0177, 0.1955, 0.0005] **
max =  0.7626 | max_idx =  2
**pseudo_label ->  [0.1004, 0.0575, 0.0918, 0.2405, 0.0995, 0.4088, 0.0016] **
max =  0.4088 | max_idx =  5
**pseudo_label ->  [0.0112, 0.0011, 0.1407, 0.0323, 0.0795, 0.734, 0.0013] **
max =  0.734 | max_idx =  5
**pseudo_label ->  [0.0001, 0.1156, 0.6479, 0.0739, 0.0021, 0.108, 0.0525] **
max =  0.6479 | max_idx =  2
Balance pseudo label class ->  [1, 2, 3, 6, 7]  value ->  118
add data ->  590
Epoch 26/50, Train Loss: 0.6425, Valid Loss: 4.1844, Train Acc: 0.8015, Val Acc: 0.1895, Test Acc: 0.3132, Test F1: 0.2197, Total Pseudo-Labels: 1, Correct Pseudo-Labels: 0, Train Data Number: 700



line 303 => train data수 700
line 258 => 인스턴스 수 100
Step 349  Tim 1:54:33
acc_train_cw(현재 train의 class별 acc) [0.946, 0.883, 0.949, 0.0, 0.0, 0.971, 1.0]
cw_psl_total_eval(pseudo label 클래스별 총 샘플 수):  [118, 225, 488, 0, 0, 232, 260]
cw_psl_correct_eval(pseudo label 클래스별 맞은 샘플 수):  [100, 85, 146, 0, 0, 43, 214]
psl_acc(PSL 평가에서의 정확도):  0.444 
cw_psl_acc(클래스별 PSL 평가에서의 정확도):  [0.8474576473236084, 0.3777777850627899, 0.2991803288459778, nan, nan, 0.18534483015537262, 0.8230769038200378]
***pse_model_save --- epoch = 27***
Save model to ./experiment/java_extended_data/output/
**pseudo_label ->  [0.0001, 0.9921, 0.0024, 0.0013, 0.0001, 0.0023, 0.0017] **
max =  0.9921 | max_idx =  1
**pseudo_label ->  [0.0003, 0.0002, 0.9832, 0.0001, 0.0004, 0.0157, 0.0001] **
max =  0.9832 | max_idx =  2
**pseudo_label ->  [0.0326, 0.0008, 0.0033, 0.0019, 0.0315, 0.9272, 0.0027] **
max =  0.9272 | max_idx =  5
**pseudo_label ->  [0.0049, 0.0222, 0.0613, 0.0143, 0.023, 0.8699, 0.0044] **
max =  0.8699 | max_idx =  5
**pseudo_label ->  [0.0, 0.0029, 0.9678, 0.0003, 0.0003, 0.0199, 0.0087] **
max =  0.9678 | max_idx =  2
Balance pseudo label class ->  [1, 2, 3, 6, 7]  value ->  161
add data ->  805
Epoch 27/50, Train Loss: 0.4943, Valid Loss: 4.3015, Train Acc: 0.9157, Val Acc: 0.1337, Test Acc: 0.3154, Test F1: 0.1696, Total Pseudo-Labels: 1, Correct Pseudo-Labels: 0, Train Data Number: 1242



line 303 => train data수 1242
line 258 => 인스턴스 수 178
Step 449  Tim 2:03:29
acc_train_cw(현재 train의 class별 acc) [0.984, 0.959, 0.996, 0.0, 0.0, 0.876, 0.937]
cw_psl_total_eval(pseudo label 클래스별 총 샘플 수):  [161, 222, 624, 0, 0, 1401, 413]
cw_psl_correct_eval(pseudo label 클래스별 맞은 샘플 수):  [125, 77, 170, 0, 0, 208, 272]
psl_acc(PSL 평가에서의 정확도):  0.302 
cw_psl_acc(클래스별 PSL 평가에서의 정확도):  [0.7763975262641907, 0.3468468487262726, 0.27243590354919434, nan, nan, 0.1484653800725937, 0.658595621585846]
***pse_model_save --- epoch = 28***
Save model to ./experiment/java_extended_data/output/
**pseudo_label ->  [0.0001, 0.9975, 0.0, 0.0017, 0.0, 0.0005, 0.0002] **
max =  0.9975 | max_idx =  1
**pseudo_label ->  [0.001, 0.0001, 0.9973, 0.0001, 0.0, 0.0016, 0.0] **
max =  0.9973 | max_idx =  2
**pseudo_label ->  [0.0468, 0.0066, 0.0168, 0.0136, 0.0171, 0.8978, 0.0014] **
max =  0.8978 | max_idx =  5
**pseudo_label ->  [0.0028, 0.0004, 0.0693, 0.0051, 0.0184, 0.9023, 0.0018] **
max =  0.9023 | max_idx =  5
**pseudo_label ->  [0.0002, 0.0009, 0.9901, 0.0003, 0.0001, 0.0065, 0.0019] **
max =  0.9901 | max_idx =  2
Balance pseudo label class ->  [1, 2, 3, 6, 7]  value ->  256
add data ->  1280
Epoch 28/50, Train Loss: 0.3587, Valid Loss: 5.0767, Train Acc: 0.9283, Val Acc: 0.1777, Test Acc: 0.2931, Test F1: 0.1835, Total Pseudo-Labels: 1, Correct Pseudo-Labels: 0, Train Data Number: 1897



line 303 => train data수 1897
line 258 => 인스턴스 수 271
Step 627  Tim 2:14:22
acc_train_cw(현재 train의 class별 acc) [0.927, 0.997, 0.98, 0.0, 0.0, 0.941, 0.982]
cw_psl_total_eval(pseudo label 클래스별 총 샘플 수):  [256, 319, 958, 0, 0, 1101, 341]
cw_psl_correct_eval(pseudo label 클래스별 맞은 샘플 수):  [166, 102, 224, 0, 0, 174, 246]
psl_acc(PSL 평가에서의 정확도):  0.307 
cw_psl_acc(클래스별 PSL 평가에서의 정확도):  [0.6484375, 0.31974920630455017, 0.23382045328617096, nan, nan, 0.1580381542444229, 0.7214076519012451]
***pse_model_save --- epoch = 29***
Save model to ./experiment/java_extended_data/output/
**pseudo_label ->  [0.0, 0.9992, 0.0001, 0.0002, 0.0, 0.0004, 0.0] **
max =  0.9992 | max_idx =  1
**pseudo_label ->  [0.001, 0.0009, 0.9905, 0.0002, 0.0, 0.0073, 0.0] **
max =  0.9905 | max_idx =  2
**pseudo_label ->  [0.0006, 0.0084, 0.0021, 0.0051, 0.0014, 0.9824, 0.0001] **
max =  0.9824 | max_idx =  5
**pseudo_label ->  [0.0001, 0.0014, 0.018, 0.0029, 0.0014, 0.9718, 0.0044] **
max =  0.9718 | max_idx =  5
**pseudo_label ->  [0.0004, 0.0105, 0.9708, 0.0011, 0.0, 0.0169, 0.0003] **
max =  0.9708 | max_idx =  2
Balance pseudo label class ->  [1, 2, 3, 6, 7]  value ->  309
add data ->  1545
Epoch 29/50, Train Loss: 0.3315, Valid Loss: 4.4659, Train Acc: 0.9547, Val Acc: 0.1794, Test Acc: 0.2483, Test F1: 0.1595, Total Pseudo-Labels: 1, Correct Pseudo-Labels: 0, Train Data Number: 2510



line 303 => train data수 2510
line 258 => 인스턴스 수 359
Step 898  Tim 2:27:16
acc_train_cw(현재 train의 class별 acc) [0.964, 0.993, 0.947, 0.0, 0.0, 0.937, 0.915]
cw_psl_total_eval(pseudo label 클래스별 총 샘플 수):  [309, 498, 872, 0, 0, 1069, 435]
cw_psl_correct_eval(pseudo label 클래스별 맞은 샘플 수):  [180, 134, 206, 0, 0, 154, 287]
psl_acc(PSL 평가에서의 정확도):  0.302 
cw_psl_acc(클래스별 PSL 평가에서의 정확도):  [0.582524299621582, 0.26907631754875183, 0.2362385392189026, nan, nan, 0.14405986666679382, 0.659770131111145]
***pse_model_save --- epoch = 30***
Save model to ./experiment/java_extended_data/output/
**pseudo_label ->  [0.0, 0.9999, 0.0, 0.0001, 0.0, 0.0, 0.0] **
max =  0.9999 | max_idx =  1
**pseudo_label ->  [0.0006, 0.0011, 0.9954, 0.0004, 0.0, 0.0024, 0.0] **
max =  0.9954 | max_idx =  2
**pseudo_label ->  [0.0329, 0.0055, 0.0009, 0.0411, 0.0402, 0.8792, 0.0002] **
max =  0.8792 | max_idx =  5
**pseudo_label ->  [0.0056, 0.0003, 0.0003, 0.0091, 0.0195, 0.9652, 0.0001] **
max =  0.9652 | max_idx =  5
**pseudo_label ->  [0.0013, 0.0047, 0.9687, 0.0017, 0.0001, 0.0227, 0.0009] **
max =  0.9687 | max_idx =  2
Balance pseudo label class ->  [1, 2, 3, 6, 7]  value ->  371
add data ->  1855
Epoch 30/50, Train Loss: 0.2881, Valid Loss: 5.6390, Train Acc: 0.9410, Val Acc: 0.1895, Test Acc: 0.2617, Test F1: 0.1724, Total Pseudo-Labels: 1, Correct Pseudo-Labels: 0, Train Data Number: 2958



line 303 => train data수 2958
line 258 => 인스턴스 수 423
Step 1257  Tim 2:41:33
acc_train_cw(현재 train의 class별 acc) [0.97, 0.967, 0.971, 0.0, 0.0, 0.964, 0.955]
cw_psl_total_eval(pseudo label 클래스별 총 샘플 수):  [371, 588, 740, 0, 0, 1192, 374]
cw_psl_correct_eval(pseudo label 클래스별 맞은 샘플 수):  [193, 155, 185, 0, 0, 181, 263]
psl_acc(PSL 평가에서의 정확도):  0.299 
cw_psl_acc(클래스별 PSL 평가에서의 정확도):  [0.520215630531311, 0.2636054456233978, 0.25, nan, nan, 0.15184563398361206, 0.7032085657119751]
***pse_model_save --- epoch = 31***
Save model to ./experiment/java_extended_data/output/
**pseudo_label ->  [0.0003, 0.998, 0.0008, 0.0001, 0.0, 0.0008, 0.0] **
max =  0.998 | max_idx =  1
**pseudo_label ->  [0.0003, 0.0002, 0.9981, 0.0001, 0.0, 0.0013, 0.0] **
max =  0.9981 | max_idx =  2
**pseudo_label ->  [0.0371, 0.0102, 0.0025, 0.0013, 0.0018, 0.9468, 0.0002] **
max =  0.9468 | max_idx =  5
**pseudo_label ->  [0.0186, 0.0009, 0.0014, 0.0013, 0.0012, 0.9763, 0.0003] **
max =  0.9763 | max_idx =  5
**pseudo_label ->  [0.0005, 0.0018, 0.9883, 0.0007, 0.0, 0.0086, 0.0001] **
max =  0.9883 | max_idx =  2
Balance pseudo label class ->  [1, 2, 3, 6, 7]  value ->  375
add data ->  1875
Epoch 31/50, Train Loss: 0.2304, Valid Loss: 5.6198, Train Acc: 0.9584, Val Acc: 0.1878, Test Acc: 0.2528, Test F1: 0.1938, Total Pseudo-Labels: 1, Correct Pseudo-Labels: 0, Train Data Number: 3209



line 303 => train data수 3209
line 258 => 인스턴스 수 459
Step 1680  Tim 2:56:46
acc_train_cw(현재 train의 class별 acc) [0.979, 0.944, 0.994, 0.0, 0.0, 0.975, 0.991]
cw_psl_total_eval(pseudo label 클래스별 총 샘플 수):  [384, 560, 848, 0, 0, 1217, 375]
cw_psl_correct_eval(pseudo label 클래스별 맞은 샘플 수):  [200, 151, 201, 0, 0, 194, 269]
psl_acc(PSL 평가에서의 정확도):  0.3 
cw_psl_acc(클래스별 PSL 평가에서의 정확도):  [0.5208333134651184, 0.2696428596973419, 0.2370283007621765, nan, nan, 0.15940837562084198, 0.7173333168029785]
***pse_model_save --- epoch = 32***
Save model to ./experiment/java_extended_data/output/
**pseudo_label ->  [0.0001, 0.9901, 0.0018, 0.0039, 0.0, 0.0032, 0.0009] **
max =  0.9901 | max_idx =  1
**pseudo_label ->  [0.0, 0.0, 0.9999, 0.0, 0.0, 0.0001, 0.0] **
max =  0.9999 | max_idx =  2
**pseudo_label ->  [0.008, 0.0013, 0.0027, 0.0054, 0.0254, 0.9569, 0.0002] **
max =  0.9569 | max_idx =  5
**pseudo_label ->  [0.001, 0.0005, 0.0179, 0.0019, 0.0106, 0.9667, 0.0015] **
max =  0.9667 | max_idx =  5
**pseudo_label ->  [0.0, 0.0, 0.9995, 0.0, 0.0, 0.0004, 0.0] **
max =  0.9995 | max_idx =  2
Balance pseudo label class ->  [1, 2, 3, 6, 7]  value ->  410
add data ->  2050
Epoch 32/50, Train Loss: 0.1997, Valid Loss: 5.7495, Train Acc: 0.9701, Val Acc: 0.1726, Test Acc: 0.2662, Test F1: 0.1745, Total Pseudo-Labels: 1, Correct Pseudo-Labels: 0, Train Data Number: 3433



line 303 => train data수 3433
line 258 => 인스턴스 수 491
Step 2139  Tim 3:12:45
acc_train_cw(현재 train의 class별 acc) [0.959, 0.991, 0.995, 0.0, 0.0, 0.981, 0.988]
cw_psl_total_eval(pseudo label 클래스별 총 샘플 수):  [410, 524, 909, 0, 0, 1206, 477]
cw_psl_correct_eval(pseudo label 클래스별 맞은 샘플 수):  [212, 142, 212, 0, 0, 189, 311]
psl_acc(PSL 평가에서의 정확도):  0.302 
cw_psl_acc(클래스별 PSL 평가에서의 정확도):  [0.5170731544494629, 0.27099236845970154, 0.2332233190536499, nan, nan, 0.15671642124652863, 0.651991605758667]
***pse_model_save --- epoch = 33***
Save model to ./experiment/java_extended_data/output/
**pseudo_label ->  [0.0, 0.9999, 0.0, 0.0, 0.0, 0.0, 0.0] **
max =  0.9999 | max_idx =  1
**pseudo_label ->  [0.0004, 0.0, 0.9995, 0.0, 0.0, 0.0001, 0.0] **
max =  0.9995 | max_idx =  2
**pseudo_label ->  [0.0061, 0.005, 0.0043, 0.0033, 0.0062, 0.9747, 0.0005] **
max =  0.9747 | max_idx =  5
**pseudo_label ->  [0.0036, 0.0004, 0.0434, 0.0008, 0.0066, 0.944, 0.0012] **
max =  0.944 | max_idx =  5
**pseudo_label ->  [0.0001, 0.0001, 0.9981, 0.0, 0.0, 0.0014, 0.0002] **
max =  0.9981 | max_idx =  2
Balance pseudo label class ->  [1, 2, 3, 6, 7]  value ->  368
add data ->  1840
Epoch 33/50, Train Loss: 0.1568, Valid Loss: 6.6780, Train Acc: 0.9782, Val Acc: 0.1726, Test Acc: 0.2573, Test F1: 0.1696, Total Pseudo-Labels: 1, Correct Pseudo-Labels: 0, Train Data Number: 3550



line 303 => train data수 3550
line 258 => 인스턴스 수 508
Step 2630  Tim 3:29:08
acc_train_cw(현재 train의 class별 acc) [0.995, 0.934, 0.989, 0.0, 0.8, 0.968, 0.992]
cw_psl_total_eval(pseudo label 클래스별 총 샘플 수):  [368, 600, 912, 0, 0, 1210, 484]
cw_psl_correct_eval(pseudo label 클래스별 맞은 샘플 수):  [203, 164, 215, 0, 0, 195, 310]
psl_acc(PSL 평가에서의 정확도):  0.304 
cw_psl_acc(클래스별 PSL 평가에서의 정확도):  [0.551630437374115, 0.273333340883255, 0.2357456088066101, nan, nan, 0.16115702688694, 0.6404958963394165]
***pse_model_save --- epoch = 34***
Save model to ./experiment/java_extended_data/output/
**pseudo_label ->  [0.0, 0.9991, 0.0, 0.0001, 0.0, 0.0001, 0.0007] **
max =  0.9991 | max_idx =  1
**pseudo_label ->  [0.0, 0.0, 0.9999, 0.0, 0.0, 0.0, 0.0] **
max =  0.9999 | max_idx =  2
**pseudo_label ->  [0.0121, 0.0002, 0.0005, 0.0004, 0.0702, 0.9165, 0.0001] **
max =  0.9165 | max_idx =  5
**pseudo_label ->  [0.0134, 0.0001, 0.0052, 0.0005, 0.0592, 0.9215, 0.0003] **
max =  0.9215 | max_idx =  5
**pseudo_label ->  [0.0, 0.0, 0.9999, 0.0, 0.0, 0.0001, 0.0] **
max =  0.9999 | max_idx =  2
Balance pseudo label class ->  [1, 2, 3, 5, 6, 7]  value ->  4
add data ->  24
Epoch 34/50, Train Loss: 0.1463, Valid Loss: 6.5128, Train Acc: 0.9704, Val Acc: 0.1726, Test Acc: 0.2729, Test F1: 0.1672, Total Pseudo-Labels: 1, Correct Pseudo-Labels: 0, Train Data Number: 3553



line 303 => train data수 3553
line 258 => 인스턴스 수 508
Step 3138  Tim 3:45:29
acc_train_cw(현재 train의 class별 acc) [0.94, 0.97, 0.998, 0.091, 0.286, 0.987, 0.998]
cw_psl_total_eval(pseudo label 클래스별 총 샘플 수):  [440, 555, 929, 0, 4, 1127, 520]
cw_psl_correct_eval(pseudo label 클래스별 맞은 샘플 수):  [217, 154, 215, 0, 2, 181, 315]
psl_acc(PSL 평가에서의 정확도):  0.303 
cw_psl_acc(클래스별 PSL 평가에서의 정확도):  [0.49318182468414307, 0.2774774730205536, 0.23143164813518524, nan, 0.5, 0.1606033742427826, 0.6057692170143127]
***pse_model_save --- epoch = 35***
Save model to ./experiment/java_extended_data/output/
**pseudo_label ->  [0.0, 0.9999, 0.0, 0.0, 0.0, 0.0, 0.0] **
max =  0.9999 | max_idx =  1
**pseudo_label ->  [0.0, 0.0, 0.9999, 0.0, 0.0, 0.0, 0.0] **
max =  0.9999 | max_idx =  2
**pseudo_label ->  [0.0004, 0.0019, 0.0003, 0.0032, 0.0006, 0.9936, 0.0001] **
max =  0.9936 | max_idx =  5
**pseudo_label ->  [0.0001, 0.0001, 0.0002, 0.0012, 0.0003, 0.998, 0.0001] **
max =  0.998 | max_idx =  5
**pseudo_label ->  [0.0, 0.0, 0.9998, 0.0001, 0.0, 0.0001, 0.0] **
max =  0.9998 | max_idx =  2
Balance pseudo label class ->  [1, 2, 3, 6, 7]  value ->  376
add data ->  1880
Epoch 35/50, Train Loss: 0.1268, Valid Loss: 6.8364, Train Acc: 0.9772, Val Acc: 0.1726, Test Acc: 0.2573, Test F1: 0.1615, Total Pseudo-Labels: 1, Correct Pseudo-Labels: 0, Train Data Number: 3646



line 303 => train data수 3646
line 258 => 인스턴스 수 521
Step 3646  Tim 4:02:08
acc_train_cw(현재 train의 class별 acc) [0.991, 0.99, 0.986, 0.091, 0.0, 0.989, 0.99]
cw_psl_total_eval(pseudo label 클래스별 총 샘플 수):  [376, 598, 948, 0, 0, 1199, 517]
cw_psl_correct_eval(pseudo label 클래스별 맞은 샘플 수):  [194, 160, 222, 0, 0, 193, 315]
psl_acc(PSL 평가에서의 정확도):  0.298 
cw_psl_acc(클래스별 PSL 평가에서의 정확도):  [0.5159574747085571, 0.2675585150718689, 0.23417721688747406, nan, nan, 0.16096746921539307, 0.6092843413352966]
***pse_model_save --- epoch = 36***
Save model to ./experiment/java_extended_data/output/
**pseudo_label ->  [0.0, 0.9997, 0.0, 0.0001, 0.0, 0.0, 0.0001] **
max =  0.9997 | max_idx =  1
**pseudo_label ->  [0.0023, 0.0005, 0.9971, 0.0001, 0.0, 0.0001, 0.0] **
max =  0.9971 | max_idx =  2
**pseudo_label ->  [0.0005, 0.0002, 0.0, 0.0005, 0.001, 0.9978, 0.0] **
max =  0.9978 | max_idx =  5
**pseudo_label ->  [0.0002, 0.0, 0.0003, 0.0001, 0.0002, 0.999, 0.0001] **
max =  0.999 | max_idx =  5
**pseudo_label ->  [0.0, 0.0, 0.9999, 0.0, 0.0, 0.0, 0.0] **
max =  0.9999 | max_idx =  2
Balance pseudo label class ->  [1, 2, 3, 6, 7]  value ->  417
add data ->  2085
Epoch 36/50, Train Loss: 0.0961, Valid Loss: 7.4719, Train Acc: 0.9827, Val Acc: 0.1980, Test Acc: 0.2752, Test F1: 0.1856, Total Pseudo-Labels: 1, Correct Pseudo-Labels: 0, Train Data Number: 3716



line 303 => train data수 3716
line 258 => 인스턴스 수 531
Step 4167  Tim 4:19:00
acc_train_cw(현재 train의 class별 acc) [1.0, 0.986, 0.996, 0.1, 0.167, 0.986, 1.0]
cw_psl_total_eval(pseudo label 클래스별 총 샘플 수):  [417, 617, 934, 0, 0, 1202, 511]
cw_psl_correct_eval(pseudo label 클래스별 맞은 샘플 수):  [211, 162, 221, 0, 0, 197, 317]
psl_acc(PSL 평가에서의 정확도):  0.301 
cw_psl_acc(클래스별 PSL 평가에서의 정확도):  [0.5059952139854431, 0.26256078481674194, 0.23661670088768005, nan, nan, 0.16389350593090057, 0.6203522682189941]
***pse_model_save --- epoch = 37***
Save model to ./experiment/java_extended_data/output/
**pseudo_label ->  [0.0, 1.0, 0.0, 0.0, 0.0, 0.0, 0.0] **
max =  1.0 | max_idx =  1
**pseudo_label ->  [0.0, 0.0, 1.0, 0.0, 0.0, 0.0, 0.0] **
max =  1.0 | max_idx =  2
**pseudo_label ->  [0.0012, 0.0007, 0.0002, 0.0012, 0.0007, 0.9958, 0.0002] **
max =  0.9958 | max_idx =  5
**pseudo_label ->  [0.0013, 0.0001, 0.0321, 0.002, 0.0012, 0.9593, 0.004] **
max =  0.9593 | max_idx =  5
**pseudo_label ->  [0.0, 0.0, 1.0, 0.0, 0.0, 0.0, 0.0] **
max =  1.0 | max_idx =  2
Balance pseudo label class ->  [1, 2, 3, 6, 7]  value ->  428
add data ->  2140
Epoch 37/50, Train Loss: 0.0968, Valid Loss: 6.5406, Train Acc: 0.9871, Val Acc: 0.1743, Test Acc: 0.2685, Test F1: 0.1683, Total Pseudo-Labels: 1, Correct Pseudo-Labels: 0, Train Data Number: 3765



line 303 => train data수 3765
line 258 => 인스턴스 수 538
Step 4698  Tim 4:36:02
acc_train_cw(현재 train의 class별 acc) [0.993, 0.998, 0.988, 0.3, 0.667, 0.979, 0.993]
cw_psl_total_eval(pseudo label 클래스별 총 샘플 수):  [428, 612, 930, 0, 0, 1218, 535]
cw_psl_correct_eval(pseudo label 클래스별 맞은 샘플 수):  [213, 160, 217, 0, 0, 193, 319]
psl_acc(PSL 평가에서의 정확도):  0.296 
cw_psl_acc(클래스별 PSL 평가에서의 정확도):  [0.49766355752944946, 0.26143792271614075, 0.23333333432674408, nan, nan, 0.158456489443779, 0.5962616801261902]
***pse_model_save --- epoch = 38***
Save model to ./experiment/java_extended_data/output/
**pseudo_label ->  [0.0, 1.0, 0.0, 0.0, 0.0, 0.0, 0.0] **
max =  1.0 | max_idx =  1
**pseudo_label ->  [0.0001, 0.0, 0.9999, 0.0, 0.0, 0.0, 0.0] **
max =  0.9999 | max_idx =  2
**pseudo_label ->  [0.0086, 0.0068, 0.008, 0.0011, 0.0017, 0.9732, 0.0006] **
max =  0.9732 | max_idx =  5
**pseudo_label ->  [0.0007, 0.0005, 0.1131, 0.0009, 0.0021, 0.88, 0.0027] **
max =  0.88 | max_idx =  5
**pseudo_label ->  [0.0, 0.0001, 0.9998, 0.0, 0.0, 0.0, 0.0001] **
max =  0.9998 | max_idx =  2
Balance pseudo label class ->  [1, 2, 3, 5, 6, 7]  value ->  1
add data ->  6
Epoch 38/50, Train Loss: 0.0766, Valid Loss: 7.3351, Train Acc: 0.9854, Val Acc: 0.1844, Test Acc: 0.2573, Test F1: 0.1705, Total Pseudo-Labels: 1, Correct Pseudo-Labels: 0, Train Data Number: 3765



line 303 => train data수 3765
line 258 => 인스턴스 수 538
Step 5236  Tim 4:53:04
acc_train_cw(현재 train의 class별 acc) [0.977, 0.947, 0.996, 0.1, 0.583, 0.996, 0.946]
cw_psl_total_eval(pseudo label 클래스별 총 샘플 수):  [421, 634, 920, 0, 1, 1179, 537]
cw_psl_correct_eval(pseudo label 클래스별 맞은 샘플 수):  [208, 165, 218, 0, 1, 183, 325]
psl_acc(PSL 평가에서의 정확도):  0.298 
cw_psl_acc(클래스별 PSL 평가에서의 정확도):  [0.49406176805496216, 0.26025235652923584, 0.23695652186870575, nan, 1.0, 0.1552162915468216, 0.6052141785621643]
***pse_model_save --- epoch = 39***
Save model to ./experiment/java_extended_data/output/
**pseudo_label ->  [0.0, 0.9999, 0.0, 0.0, 0.0, 0.0, 0.0] **
max =  0.9999 | max_idx =  1
**pseudo_label ->  [0.0, 0.0, 1.0, 0.0, 0.0, 0.0, 0.0] **
max =  1.0 | max_idx =  2
**pseudo_label ->  [0.0, 0.0, 0.0, 0.0, 0.0001, 0.9999, 0.0] **
max =  0.9999 | max_idx =  5
**pseudo_label ->  [0.0, 0.0, 0.0005, 0.0, 0.0, 0.9994, 0.0] **
max =  0.9994 | max_idx =  5
**pseudo_label ->  [0.0, 0.0, 1.0, 0.0, 0.0, 0.0, 0.0] **
max =  1.0 | max_idx =  2
Balance pseudo label class ->  [1, 2, 3, 5, 6, 7]  value ->  1
add data ->  6
Epoch 39/50, Train Loss: 0.0857, Valid Loss: 6.2516, Train Acc: 0.9748, Val Acc: 0.1743, Test Acc: 0.3110, Test F1: 0.2033, Total Pseudo-Labels: 1, Correct Pseudo-Labels: 0, Train Data Number: 3765



line 303 => train data수 3765
line 258 => 인스턴스 수 538
Step 5774  Tim 5:10:07
acc_train_cw(현재 train의 class별 acc) [0.991, 0.998, 0.978, 0.7, 0.75, 0.992, 0.989]
cw_psl_total_eval(pseudo label 클래스별 총 샘플 수):  [407, 566, 971, 0, 1, 1253, 481]
cw_psl_correct_eval(pseudo label 클래스별 맞은 샘플 수):  [209, 147, 221, 0, 1, 195, 303]
psl_acc(PSL 평가에서의 정확도):  0.292 
cw_psl_acc(클래스별 PSL 평가에서의 정확도):  [0.5135135054588318, 0.25971731543540955, 0.22760041058063507, nan, 1.0, 0.15562649071216583, 0.6299376487731934]
***pse_model_save --- epoch = 40***
Save model to ./experiment/java_extended_data/output/
**pseudo_label ->  [0.0, 1.0, 0.0, 0.0, 0.0, 0.0, 0.0] **
max =  1.0 | max_idx =  1
**pseudo_label ->  [0.0024, 0.0004, 0.997, 0.0, 0.0, 0.0002, 0.0] **
max =  0.997 | max_idx =  2
**pseudo_label ->  [0.0008, 0.0027, 0.0, 0.0014, 0.0053, 0.9896, 0.0001] **
max =  0.9896 | max_idx =  5
**pseudo_label ->  [0.0001, 0.0005, 0.0018, 0.0006, 0.0005, 0.996, 0.0006] **
max =  0.996 | max_idx =  5
**pseudo_label ->  [0.0001, 0.0001, 0.9998, 0.0, 0.0, 0.0, 0.0] **
max =  0.9998 | max_idx =  2
Balance pseudo label class ->  [1, 2, 3, 5, 6, 7]  value ->  2
add data ->  12
Epoch 40/50, Train Loss: 0.0454, Valid Loss: 7.6885, Train Acc: 0.9875, Val Acc: 0.1997, Test Acc: 0.2550, Test F1: 0.1773, Total Pseudo-Labels: 1, Correct Pseudo-Labels: 0, Train Data Number: 3766



line 303 => train data수 3766
line 258 => 인스턴스 수 538
Step 6312  Tim 5:27:11
acc_train_cw(현재 train의 class별 acc) [1.0, 0.992, 0.978, 1.0, 0.583, 0.977, 0.993]
cw_psl_total_eval(pseudo label 클래스별 총 샘플 수):  [427, 648, 896, 0, 2, 1194, 520]
cw_psl_correct_eval(pseudo label 클래스별 맞은 샘플 수):  [213, 168, 213, 0, 1, 190, 318]
psl_acc(PSL 평가에서의 정확도):  0.299 
cw_psl_acc(클래스별 PSL 평가에서의 정확도):  [0.49882903695106506, 0.25925925374031067, 0.2377232164144516, nan, 0.5, 0.15912897884845734, 0.6115384697914124]
***pse_model_save --- epoch = 41***
Save model to ./experiment/java_extended_data/output/
**pseudo_label ->  [0.0, 1.0, 0.0, 0.0, 0.0, 0.0, 0.0] **
max =  1.0 | max_idx =  1
**pseudo_label ->  [0.0005, 0.0, 0.9995, 0.0, 0.0, 0.0, 0.0] **
max =  0.9995 | max_idx =  2
**pseudo_label ->  [0.0001, 0.0, 0.0, 0.0, 0.002, 0.9979, 0.0] **
max =  0.9979 | max_idx =  5
**pseudo_label ->  [0.0, 0.0, 0.0002, 0.0, 0.0001, 0.9997, 0.0] **
max =  0.9997 | max_idx =  5
**pseudo_label ->  [0.0, 0.0, 1.0, 0.0, 0.0, 0.0, 0.0] **
max =  1.0 | max_idx =  2
Balance pseudo label class ->  [1, 2, 3, 4, 5, 6, 7]  value ->  4
add data ->  28
Epoch 41/50, Train Loss: 0.0718, Valid Loss: 6.6799, Train Acc: 0.9833, Val Acc: 0.1844, Test Acc: 0.2796, Test F1: 0.2014, Total Pseudo-Labels: 1, Correct Pseudo-Labels: 0, Train Data Number: 3766



line 303 => train data수 3766
line 258 => 인스턴스 수 538
Step 6850  Tim 5:44:13
acc_train_cw(현재 train의 class별 acc) [1.0, 0.989, 0.994, 0.929, 0.929, 0.982, 1.0]
cw_psl_total_eval(pseudo label 클래스별 총 샘플 수):  [451, 620, 891, 10, 4, 1194, 534]
cw_psl_correct_eval(pseudo label 클래스별 맞은 샘플 수):  [219, 165, 212, 2, 1, 193, 323]
psl_acc(PSL 평가에서의 정확도):  0.301 
cw_psl_acc(클래스별 PSL 평가에서의 정확도):  [0.48558759689331055, 0.2661290466785431, 0.2379349023103714, 0.20000000298023224, 0.25, 0.16164153814315796, 0.6048688888549805]
***pse_model_save --- epoch = 42***
Save model to ./experiment/java_extended_data/output/
**pseudo_label ->  [0.0, 1.0, 0.0, 0.0, 0.0, 0.0, 0.0] **
max =  1.0 | max_idx =  1
**pseudo_label ->  [0.0001, 0.0, 0.9999, 0.0, 0.0, 0.0, 0.0] **
max =  0.9999 | max_idx =  2
**pseudo_label ->  [0.0, 0.0006, 0.0, 0.0001, 0.0015, 0.9976, 0.0] **
max =  0.9976 | max_idx =  5
**pseudo_label ->  [0.0, 0.0001, 0.0001, 0.0001, 0.0037, 0.9959, 0.0001] **
max =  0.9959 | max_idx =  5
**pseudo_label ->  [0.0, 0.0, 1.0, 0.0, 0.0, 0.0, 0.0] **
max =  1.0 | max_idx =  2
Balance pseudo label class ->  [1, 2, 3, 4, 5, 6, 7]  value ->  3
add data ->  21
Epoch 42/50, Train Loss: 0.0506, Valid Loss: 9.8836, Train Acc: 0.9902, Val Acc: 0.2030, Test Acc: 0.2416, Test F1: 0.1621, Total Pseudo-Labels: 1, Correct Pseudo-Labels: 0, Train Data Number: 3766



line 303 => train data수 3766
line 258 => 인스턴스 수 538
Step 7388  Tim 6:01:14
acc_train_cw(현재 train의 class별 acc) [1.0, 0.997, 0.999, 0.929, 0.714, 0.997, 1.0]
cw_psl_total_eval(pseudo label 클래스별 총 샘플 수):  [433, 615, 933, 3, 4, 1186, 540]
cw_psl_correct_eval(pseudo label 클래스별 맞은 샘플 수):  [215, 164, 217, 0, 1, 192, 320]
psl_acc(PSL 평가에서의 정확도):  0.299 
cw_psl_acc(클래스별 PSL 평가에서의 정확도):  [0.4965358078479767, 0.2666666805744171, 0.23258306086063385, 0.0, 0.25, 0.1618887037038803, 0.5925925970077515]
***pse_model_save --- epoch = 43***
Save model to ./experiment/java_extended_data/output/
**pseudo_label ->  [0.0, 1.0, 0.0, 0.0, 0.0, 0.0, 0.0] **
max =  1.0 | max_idx =  1
**pseudo_label ->  [0.0, 0.0, 1.0, 0.0, 0.0, 0.0, 0.0] **
max =  1.0 | max_idx =  2
**pseudo_label ->  [0.0, 0.0, 0.0, 0.0, 0.0, 1.0, 0.0] **
max =  1.0 | max_idx =  5
**pseudo_label ->  [0.0, 0.0, 0.0, 0.0, 0.0, 1.0, 0.0] **
max =  1.0 | max_idx =  5
**pseudo_label ->  [0.0, 0.0, 1.0, 0.0, 0.0, 0.0, 0.0] **
max =  1.0 | max_idx =  2
Balance pseudo label class ->  [1, 2, 3, 4, 5, 6, 7]  value ->  2
add data ->  14
Epoch 43/50, Train Loss: 0.0268, Valid Loss: 10.2197, Train Acc: 0.9971, Val Acc: 0.1997, Test Acc: 0.2975, Test F1: 0.1970, Total Pseudo-Labels: 1, Correct Pseudo-Labels: 0, Train Data Number: 3767



line 303 => train data수 3767
line 258 => 인스턴스 수 539
Step 7926  Tim 6:18:10
acc_train_cw(현재 train의 class별 acc) [1.0, 0.998, 1.0, 1.0, 0.714, 0.998, 1.0]
cw_psl_total_eval(pseudo label 클래스별 총 샘플 수):  [432, 618, 945, 3, 2, 1231, 533]
cw_psl_correct_eval(pseudo label 클래스별 맞은 샘플 수):  [215, 162, 220, 0, 1, 196, 319]
psl_acc(PSL 평가에서의 정확도):  0.296 
cw_psl_acc(클래스별 PSL 평가에서의 정확도):  [0.49768519401550293, 0.26213592290878296, 0.23280423879623413, 0.0, 0.5, 0.1592201441526413, 0.598499059677124]
***pse_model_save --- epoch = 44***
Save model to ./experiment/java_extended_data/output/
**pseudo_label ->  [0.0, 1.0, 0.0, 0.0, 0.0, 0.0, 0.0] **
max =  1.0 | max_idx =  1
**pseudo_label ->  [0.0, 0.0, 1.0, 0.0, 0.0, 0.0, 0.0] **
max =  1.0 | max_idx =  2
**pseudo_label ->  [0.0, 0.0, 0.0, 0.0, 0.0, 1.0, 0.0] **
max =  1.0 | max_idx =  5
**pseudo_label ->  [0.0, 0.0, 0.0, 0.0, 0.0, 1.0, 0.0] **
max =  1.0 | max_idx =  5
**pseudo_label ->  [0.0, 0.0, 1.0, 0.0, 0.0, 0.0, 0.0] **
max =  1.0 | max_idx =  2
Balance pseudo label class ->  [1, 2, 3, 4, 5, 6, 7]  value ->  3
add data ->  21
Epoch 44/50, Train Loss: 0.0338, Valid Loss: 9.9812, Train Acc: 0.9981, Val Acc: 0.1895, Test Acc: 0.2752, Test F1: 0.1771, Total Pseudo-Labels: 1, Correct Pseudo-Labels: 0, Train Data Number: 3767



line 303 => train data수 3767
line 258 => 인스턴스 수 539
Step 8465  Tim 6:35:10
acc_train_cw(현재 train의 class별 acc) [0.989, 0.997, 0.998, 0.933, 1.0, 0.997, 0.994]
cw_psl_total_eval(pseudo label 클래스별 총 샘플 수):  [424, 628, 948, 5, 3, 1226, 533]
cw_psl_correct_eval(pseudo label 클래스별 맞은 샘플 수):  [212, 163, 220, 0, 1, 195, 319]
psl_acc(PSL 평가에서의 정확도):  0.295 
cw_psl_acc(클래스별 PSL 평가에서의 정확도):  [0.5, 0.2595541477203369, 0.2320675104856491, 0.0, 0.3333333432674408, 0.15905383229255676, 0.598499059677124]
***pse_model_save --- epoch = 45***
Save model to ./experiment/java_extended_data/output/
**pseudo_label ->  [0.0, 1.0, 0.0, 0.0, 0.0, 0.0, 0.0] **
max =  1.0 | max_idx =  1
**pseudo_label ->  [0.0, 0.0, 1.0, 0.0, 0.0, 0.0, 0.0] **
max =  1.0 | max_idx =  2
**pseudo_label ->  [0.0, 0.0, 0.0005, 0.0, 0.0, 0.9994, 0.0] **
max =  0.9994 | max_idx =  5
**pseudo_label ->  [0.0, 0.0, 0.001, 0.0, 0.0, 0.999, 0.0] **
max =  0.999 | max_idx =  5
**pseudo_label ->  [0.0, 0.0, 1.0, 0.0, 0.0, 0.0, 0.0] **
max =  1.0 | max_idx =  2
Balance pseudo label class ->  [1, 2, 3, 4, 5, 6, 7]  value ->  3
add data ->  21
Epoch 45/50, Train Loss: 0.0467, Valid Loss: 8.6811, Train Acc: 0.9958, Val Acc: 0.1827, Test Acc: 0.2886, Test F1: 0.1857, Total Pseudo-Labels: 1, Correct Pseudo-Labels: 0, Train Data Number: 3767



line 303 => train data수 3767
line 258 => 인스턴스 수 539
Step 9004  Tim 6:52:12
acc_train_cw(현재 train의 class별 acc) [0.986, 0.987, 0.993, 0.0, 0.5, 0.964, 0.987]
cw_psl_total_eval(pseudo label 클래스별 총 샘플 수):  [423, 624, 954, 4, 3, 1220, 530]
cw_psl_correct_eval(pseudo label 클래스별 맞은 샘플 수):  [209, 163, 220, 0, 1, 195, 318]
psl_acc(PSL 평가에서의 정확도):  0.294 
cw_psl_acc(클래스별 PSL 평가에서의 정확도):  [0.49408984184265137, 0.26121795177459717, 0.23060797154903412, 0.0, 0.3333333432674408, 0.1598360687494278, 0.6000000238418579]
***pse_model_save --- epoch = 46***
Save model to ./experiment/java_extended_data/output/
**pseudo_label ->  [0.0, 1.0, 0.0, 0.0, 0.0, 0.0, 0.0] **
max =  1.0 | max_idx =  1
**pseudo_label ->  [0.0, 0.0, 1.0, 0.0, 0.0, 0.0, 0.0] **
max =  1.0 | max_idx =  2
**pseudo_label ->  [0.0019, 0.0105, 0.0592, 0.0002, 0.0, 0.9281, 0.0] **
max =  0.9281 | max_idx =  5
**pseudo_label ->  [0.0, 0.0, 0.0084, 0.0, 0.0, 0.9916, 0.0] **
max =  0.9916 | max_idx =  5
**pseudo_label ->  [0.0, 0.0, 1.0, 0.0, 0.0, 0.0, 0.0] **
max =  1.0 | max_idx =  2
Balance pseudo label class ->  [1, 2, 3, 6, 7]  value ->  412
add data ->  2060
Epoch 46/50, Train Loss: 0.1195, Valid Loss: 7.9764, Train Acc: 0.9753, Val Acc: 0.1997, Test Acc: 0.2640, Test F1: 0.1877, Total Pseudo-Labels: 1, Correct Pseudo-Labels: 0, Train Data Number: 3796



line 303 => train data수 3796
line 258 => 인스턴스 수 543
Step 9543  Tim 7:09:25
acc_train_cw(현재 train의 class별 acc) [0.975, 0.995, 0.991, 0.929, 0.769, 0.981, 0.991]
cw_psl_total_eval(pseudo label 클래스별 총 샘플 수):  [412, 623, 986, 0, 0, 1140, 513]
cw_psl_correct_eval(pseudo label 클래스별 맞은 샘플 수):  [203, 165, 228, 0, 0, 187, 312]
psl_acc(PSL 평가에서의 정확도):  0.298 
cw_psl_acc(클래스별 PSL 평가에서의 정확도):  [0.4927184581756592, 0.2648475170135498, 0.23123732209205627, nan, nan, 0.16403508186340332, 0.6081871390342712]
***pse_model_save --- epoch = 47***
Save model to ./experiment/java_extended_data/output/
**pseudo_label ->  [0.0, 1.0, 0.0, 0.0, 0.0, 0.0, 0.0] **
max =  1.0 | max_idx =  1
**pseudo_label ->  [0.0, 0.0, 1.0, 0.0, 0.0, 0.0, 0.0] **
max =  1.0 | max_idx =  2
**pseudo_label ->  [0.0075, 0.6631, 0.0566, 0.0069, 0.0004, 0.2649, 0.0006] **
max =  0.6631 | max_idx =  1
**pseudo_label ->  [0.0, 0.0002, 0.5487, 0.0002, 0.0, 0.4502, 0.0007] **
max =  0.5487 | max_idx =  2
**pseudo_label ->  [0.0, 0.0, 1.0, 0.0, 0.0, 0.0, 0.0] **
max =  1.0 | max_idx =  2
Balance pseudo label class ->  [1, 2, 3, 4, 5, 6, 7]  value ->  2
add data ->  14
Epoch 47/50, Train Loss: 0.0570, Valid Loss: 9.0355, Train Acc: 0.9855, Val Acc: 0.1861, Test Acc: 0.2438, Test F1: 0.1721, Total Pseudo-Labels: 1, Correct Pseudo-Labels: 0, Train Data Number: 3796



line 303 => train data수 3796
line 258 => 인스턴스 수 543
Step 10086  Tim 7:26:38
acc_train_cw(현재 train의 class별 acc) [0.998, 0.992, 0.996, 1.0, 1.0, 0.997, 0.991]
cw_psl_total_eval(pseudo label 클래스별 총 샘플 수):  [405, 641, 953, 5, 2, 1169, 528]
cw_psl_correct_eval(pseudo label 클래스별 맞은 샘플 수):  [200, 164, 221, 0, 1, 186, 319]
psl_acc(PSL 평가에서의 정확도):  0.295 
cw_psl_acc(클래스별 PSL 평가에서의 정확도):  [0.4938271641731262, 0.255850225687027, 0.23189926147460938, 0.0, 0.5, 0.15911035239696503, 0.6041666865348816]
***pse_model_save --- epoch = 48***
Save model to ./experiment/java_extended_data/output/
**pseudo_label ->  [0.0, 1.0, 0.0, 0.0, 0.0, 0.0, 0.0] **
max =  1.0 | max_idx =  1
**pseudo_label ->  [0.0, 0.0, 1.0, 0.0, 0.0, 0.0, 0.0] **
max =  1.0 | max_idx =  2
**pseudo_label ->  [0.0002, 0.0005, 0.0103, 0.0001, 0.0, 0.9889, 0.0] **
max =  0.9889 | max_idx =  5
**pseudo_label ->  [0.0, 0.0, 0.0002, 0.0, 0.0, 0.9998, 0.0] **
max =  0.9998 | max_idx =  5
**pseudo_label ->  [0.0, 0.0, 1.0, 0.0, 0.0, 0.0, 0.0] **
max =  1.0 | max_idx =  2
Balance pseudo label class ->  [1, 2, 3, 4, 5, 6, 7]  value ->  2
add data ->  14
Epoch 48/50, Train Loss: 0.0231, Valid Loss: 10.6047, Train Acc: 0.9950, Val Acc: 0.1878, Test Acc: 0.2685, Test F1: 0.1802, Total Pseudo-Labels: 1, Correct Pseudo-Labels: 0, Train Data Number: 3796



line 303 => train data수 3796
line 258 => 인스턴스 수 543
Step 10629  Tim 7:43:51
acc_train_cw(현재 train의 class별 acc) [1.0, 0.997, 0.994, 1.0, 0.667, 0.998, 0.985]
cw_psl_total_eval(pseudo label 클래스별 총 샘플 수):  [432, 621, 962, 5, 2, 1215, 523]
cw_psl_correct_eval(pseudo label 클래스별 맞은 샘플 수):  [213, 164, 223, 0, 1, 197, 317]
psl_acc(PSL 평가에서의 정확도):  0.297 
cw_psl_acc(클래스별 PSL 평가에서의 정확도):  [0.4930555522441864, 0.2640901803970337, 0.23180873692035675, 0.0, 0.5, 0.1621399223804474, 0.6061185598373413]
***pse_model_save --- epoch = 49***
Save model to ./experiment/java_extended_data/output/
**pseudo_label ->  [0.0, 1.0, 0.0, 0.0, 0.0, 0.0, 0.0] **
max =  1.0 | max_idx =  1
**pseudo_label ->  [0.0, 0.0, 1.0, 0.0, 0.0, 0.0, 0.0] **
max =  1.0 | max_idx =  2
**pseudo_label ->  [0.0, 0.0001, 0.0002, 0.0, 0.0, 0.9997, 0.0] **
max =  0.9997 | max_idx =  5
**pseudo_label ->  [0.0, 0.0, 0.0, 0.0, 0.0, 1.0, 0.0] **
max =  1.0 | max_idx =  5
**pseudo_label ->  [0.0, 0.0, 1.0, 0.0, 0.0, 0.0, 0.0] **
max =  1.0 | max_idx =  2
Balance pseudo label class ->  [1, 2, 3, 4, 5, 6, 7]  value ->  2
add data ->  14
Epoch 49/50, Train Loss: 0.0378, Valid Loss: 10.6793, Train Acc: 0.9942, Val Acc: 0.2014, Test Acc: 0.2640, Test F1: 0.1751, Total Pseudo-Labels: 1, Correct Pseudo-Labels: 0, Train Data Number: 3796



line 303 => train data수 3796
line 258 => 인스턴스 수 543
Step 11172  Tim 8:01:04
acc_train_cw(현재 train의 class별 acc) [0.991, 0.998, 0.996, 1.0, 1.0, 0.986, 1.0]
cw_psl_total_eval(pseudo label 클래스별 총 샘플 수):  [435, 625, 967, 5, 2, 1213, 505]
cw_psl_correct_eval(pseudo label 클래스별 맞은 샘플 수):  [214, 163, 223, 0, 1, 198, 313]
psl_acc(PSL 평가에서의 정확도):  0.296 
cw_psl_acc(클래스별 PSL 평가에서의 정확도):  [0.4919540286064148, 0.26080000400543213, 0.23061013221740723, 0.0, 0.5, 0.16323165595531464, 0.6198019981384277]
***pse_model_save --- epoch = 50***
Save model to ./experiment/java_extended_data/output/
**pseudo_label ->  [0.0, 1.0, 0.0, 0.0, 0.0, 0.0, 0.0] **
max =  1.0 | max_idx =  1
**pseudo_label ->  [0.0, 0.0, 1.0, 0.0, 0.0, 0.0, 0.0] **
max =  1.0 | max_idx =  2
**pseudo_label ->  [0.0, 0.0, 0.0, 0.0, 0.0, 1.0, 0.0] **
max =  1.0 | max_idx =  5
**pseudo_label ->  [0.0, 0.0, 0.0, 0.0, 0.0, 1.0, 0.0] **
max =  1.0 | max_idx =  5
**pseudo_label ->  [0.0, 0.0, 1.0, 0.0, 0.0, 0.0, 0.0] **
max =  1.0 | max_idx =  2
Balance pseudo label class ->  [1, 2, 3, 4, 5, 6, 7]  value ->  3
add data ->  21
Epoch 50/50, Train Loss: 0.0946, Valid Loss: 9.9634, Train Acc: 0.9932, Val Acc: 0.1895, Test Acc: 0.2640, Test F1: 0.1652, Total Pseudo-Labels: 1, Correct Pseudo-Labels: 0, Train Data Number: 3796

Training complete!
Total training took 8:14:27 (h:mm:ss)
Load model from ./experiment/java_extended_data/output/10_codesage-base_0.0002_0.7_java_extended_data_net0.pth
Save training statistics in:  ./experiment/java_extended_data/log/codesage/class5//10_codesage-base_0.0002_0.7_java_extended_data/training_statistics.csv

best_trian_loss, epoch => 0.023112655411392666 48
Epoch-1_train_loss => 3.279367547768813
max_epoch_train_loss => 0.0945510212895227 


best_val_loss, epoch =>  1.707301022639331 11
Epoch-1_val_loss => 3.082364685846061
max_epoch_val_loss => 9.963359013112816 

pse_epoch =>  [1, 2, 3, 4, 5, 6, 7, 8, 9, 10, 11, 12, 13, 14, 15, 16, 17, 18, 19, 20, 21, 22, 23, 24, 25, 26, 27, 28, 29, 30, 31, 32, 33, 34, 35, 36, 37, 38, 39, 40, 41, 42, 43, 44, 45, 46, 47, 48, 49, 50]
추가되는 pse_epoch =>  [1, 24, 26, 27, 28, 29, 30, 31, 32, 33, 34, 35, 36, 37, 38, 39, 40, 41, 42, 43, 44, 45, 46, 47, 48, 49, 50] 

total_data:  3796 
Best_step:  244 
Best_epoch:  19 
best_val_acc:  0.32656514382402707 
best_test_acc:  0.2639821029082774 
best_test_f1:  0.1652412666698381
Save best record in:  ./experiment/java_extended_data/log/codesage/class5/summary.csv
Save best record in:  ./experiment/java_extended_data/log/summary_avgrun.csv
