current work directory:  /home/imsuhan22/few-shot-tc/custom_ssl/code
Data set -> java_extended_data
save_name: 5_codesage-base_0.0003_0.7_java_extended_data

data_path:  ../data/problem_based_split/java_extended_data

There are 2 GPU(s) available.
We will use the GPU- 0 Quadro RTX 8000

**line 147 모델 =>  codesage/codesage-base
**tokenizer type =  codesage/codesage-base 

pesudo label class개수 기준 -> 5
n_labeled_per_class:  5
train_df samples: 3851
train_labeled_df samples: 35
train_unlabeled_df samples: 3816
n_classes:  7 


net_arch:  codesage/codesage-base 
lr:  0.0003 
lr_linear:  0.001 




line 303 => train data수 35
line 258 => 인스턴스 수 5
Step 0  Tim 0:00:45
acc_train_cw(현재 train의 class별 acc) [0.2, 0.2, 0.0, 0.2, 0.0, 0.0, 0.4]
cw_psl_total_eval(pseudo label 클래스별 총 샘플 수):  [0, 0, 0, 0, 0, 0, 0]
cw_psl_correct_eval(pseudo label 클래스별 맞은 샘플 수):  [0, 0, 0, 0, 0, 0, 0]
psl_acc(PSL 평가에서의 정확도): None 
cw_psl_acc(클래스별 PSL 평가에서의 정확도):  [nan, nan, nan, nan, nan, nan, nan]
***best_acc_model_save --- epoch = 1***
Save model to ./experiment/java_extended_data/output/
**pseudo_label ->  [0.0259, 0.0746, 0.4259, 0.0903, 0.0645, 0.0759, 0.243] **
max =  0.4259 | max_idx =  2
**pseudo_label ->  [0.016, 0.1731, 0.423, 0.0134, 0.2687, 0.0552, 0.0506] **
max =  0.423 | max_idx =  2
**pseudo_label ->  [0.0384, 0.0196, 0.4644, 0.0502, 0.1218, 0.0318, 0.2738] **
max =  0.4644 | max_idx =  2
**pseudo_label ->  [0.0186, 0.2815, 0.1576, 0.0291, 0.1397, 0.0732, 0.3002] **
max =  0.3002 | max_idx =  6
**pseudo_label ->  [0.0677, 0.0347, 0.1195, 0.0523, 0.0545, 0.0813, 0.5901] **
max =  0.5901 | max_idx =  6
Balance pseudo label class ->  [1, 2, 3, 5, 6, 7]  value ->  5
add data ->  30
Epoch 1/50, Train Loss: 13.3000, Valid Loss: 4.1783, Train Acc: 0.1429, Val Acc: 0.1083, Test Acc: 0.1387, Test F1: 0.1100, Total Pseudo-Labels: 0, Correct Pseudo-Labels: 0, Train Data Number: 65



line 303 => train data수 65
line 258 => 인스턴스 수 10
Step 5  Tim 0:04:54
acc_train_cw(현재 train의 class별 acc) [0.0, 0.0, 0.0, 0.0, 1.0, 0.0, 0.0]
cw_psl_total_eval(pseudo label 클래스별 총 샘플 수):  [7, 7, 214, 0, 7, 5, 36]
cw_psl_correct_eval(pseudo label 클래스별 맞은 샘플 수):  [2, 0, 24, 0, 0, 0, 6]
psl_acc(PSL 평가에서의 정확도):  0.116 
cw_psl_acc(클래스별 PSL 평가에서의 정확도):  [0.2857142984867096, 0.0, 0.11214952915906906, nan, 0.0, 0.0, 0.1666666716337204]
***pse_model_save --- epoch = 2***
Save model to ./experiment/java_extended_data/output/
**pseudo_label ->  [0.1578, 0.0, 0.2632, 0.0833, 0.3974, 0.0973, 0.0009] **
max =  0.3974 | max_idx =  4
**pseudo_label ->  [0.0572, 0.0, 0.1367, 0.0502, 0.6676, 0.0878, 0.0005] **
max =  0.6676 | max_idx =  4
**pseudo_label ->  [0.0398, 0.0, 0.4615, 0.074, 0.3798, 0.0442, 0.0007] **
max =  0.4615 | max_idx =  2
**pseudo_label ->  [0.075, 0.0, 0.1775, 0.3518, 0.2835, 0.1116, 0.0006] **
max =  0.3518 | max_idx =  3
**pseudo_label ->  [0.011, 0.0, 0.2921, 0.0144, 0.6712, 0.0107, 0.0005] **
max =  0.6712 | max_idx =  4
Epoch 2/50, Train Loss: 4.2451, Valid Loss: 3.0517, Train Acc: 0.1538, Val Acc: 0.2843, Test Acc: 0.2282, Test F1: 0.0531, Total Pseudo-Labels: 0, Correct Pseudo-Labels: 0, Train Data Number: 65



line 303 => train data수 65
line 258 => 인스턴스 수 10
Step 15  Tim 0:09:47
acc_train_cw(현재 train의 class별 acc) [0.0, 1.0, 0.0, 0.0, 0.0, 0.0, 0.0]
cw_psl_total_eval(pseudo label 클래스별 총 샘플 수):  [0, 0, 41, 0, 345, 0, 0]
cw_psl_correct_eval(pseudo label 클래스별 맞은 샘플 수):  [0, 0, 6, 0, 47, 0, 0]
psl_acc(PSL 평가에서의 정확도):  0.137 
cw_psl_acc(클래스별 PSL 평가에서의 정확도):  [nan, nan, 0.1463414579629898, nan, 0.13623188436031342, nan, nan]
**pseudo_label ->  [0.0021, 0.7824, 0.0068, 0.0206, 0.1489, 0.0372, 0.0019] **
max =  0.7824 | max_idx =  1
**pseudo_label ->  [0.002, 0.8552, 0.0026, 0.0178, 0.071, 0.0483, 0.0031] **
max =  0.8552 | max_idx =  1
**pseudo_label ->  [0.0006, 0.8327, 0.0017, 0.0089, 0.1201, 0.0349, 0.0012] **
max =  0.8327 | max_idx =  1
**pseudo_label ->  [0.0018, 0.8215, 0.0033, 0.0466, 0.1067, 0.0165, 0.0035] **
max =  0.8215 | max_idx =  1
**pseudo_label ->  [0.0044, 0.7626, 0.006, 0.0183, 0.1833, 0.0158, 0.0096] **
max =  0.7626 | max_idx =  1
Epoch 3/50, Train Loss: 3.2432, Valid Loss: 2.5606, Train Acc: 0.1538, Val Acc: 0.1997, Test Acc: 0.0604, Test F1: 0.0163, Total Pseudo-Labels: 0, Correct Pseudo-Labels: 0, Train Data Number: 65



line 303 => train data수 65
line 258 => 인스턴스 수 10
Step 25  Tim 0:13:57
acc_train_cw(현재 train의 class별 acc) [0.0, 0.0, 1.0, 0.0, 0.0, 0.0, 0.0]
cw_psl_total_eval(pseudo label 클래스별 총 샘플 수):  [0, 2609, 0, 0, 2, 0, 0]
cw_psl_correct_eval(pseudo label 클래스별 맞은 샘플 수):  [0, 366, 0, 0, 0, 0, 0]
psl_acc(PSL 평가에서의 정확도):  0.14 
cw_psl_acc(클래스별 PSL 평가에서의 정확도):  [nan, 0.14028362929821014, nan, nan, 0.0, nan, nan]
**pseudo_label ->  [0.0785, 0.097, 0.4768, 0.1607, 0.0153, 0.0109, 0.1607] **
max =  0.4768 | max_idx =  2
**pseudo_label ->  [0.0579, 0.1135, 0.43, 0.2575, 0.0178, 0.0092, 0.1141] **
max =  0.43 | max_idx =  2
**pseudo_label ->  [0.0363, 0.1743, 0.6008, 0.1029, 0.0094, 0.023, 0.0534] **
max =  0.6008 | max_idx =  2
**pseudo_label ->  [0.4048, 0.0607, 0.3668, 0.0984, 0.0063, 0.0356, 0.0274] **
max =  0.4048 | max_idx =  0
**pseudo_label ->  [0.0778, 0.0542, 0.52, 0.1471, 0.009, 0.0579, 0.134] **
max =  0.52 | max_idx =  2
Epoch 4/50, Train Loss: 2.8834, Valid Loss: 2.6793, Train Acc: 0.1538, Val Acc: 0.2115, Test Acc: 0.1544, Test F1: 0.0382, Total Pseudo-Labels: 1, Correct Pseudo-Labels: 0, Train Data Number: 65



line 303 => train data수 65
line 258 => 인스턴스 수 10
Step 35  Tim 0:18:08
acc_train_cw(현재 train의 class별 acc) [0.0, 1.0, 0.0, 0.0, 0.0, 0.0, 0.0]
cw_psl_total_eval(pseudo label 클래스별 총 샘플 수):  [0, 0, 255, 0, 0, 0, 0]
cw_psl_correct_eval(pseudo label 클래스별 맞은 샘플 수):  [0, 0, 39, 0, 0, 0, 0]
psl_acc(PSL 평가에서의 정확도):  0.153 
cw_psl_acc(클래스별 PSL 평가에서의 정확도):  [nan, nan, 0.15294118225574493, nan, nan, nan, nan]
**pseudo_label ->  [0.018, 0.3059, 0.2427, 0.0772, 0.0173, 0.261, 0.0778] **
max =  0.3059 | max_idx =  1
**pseudo_label ->  [0.0036, 0.4291, 0.3978, 0.0195, 0.0148, 0.1105, 0.0247] **
max =  0.4291 | max_idx =  1
**pseudo_label ->  [0.0118, 0.5725, 0.154, 0.0286, 0.0116, 0.1576, 0.0637] **
max =  0.5725 | max_idx =  1
**pseudo_label ->  [0.0096, 0.2875, 0.4391, 0.0518, 0.0099, 0.1386, 0.0636] **
max =  0.4391 | max_idx =  2
**pseudo_label ->  [0.005, 0.4885, 0.2626, 0.0309, 0.0102, 0.1691, 0.0337] **
max =  0.4885 | max_idx =  1
Epoch 5/50, Train Loss: 3.0355, Valid Loss: 2.2785, Train Acc: 0.1538, Val Acc: 0.1997, Test Acc: 0.0604, Test F1: 0.0163, Total Pseudo-Labels: 0, Correct Pseudo-Labels: 0, Train Data Number: 65



line 303 => train data수 65
line 258 => 인스턴스 수 10
Step 45  Tim 0:22:18
acc_train_cw(현재 train의 class별 acc) [1.0, 0.0, 0.0, 0.0, 0.0, 0.0, 0.0]
cw_psl_total_eval(pseudo label 클래스별 총 샘플 수):  [0, 64, 16, 0, 0, 5, 0]
cw_psl_correct_eval(pseudo label 클래스별 맞은 샘플 수):  [0, 12, 3, 0, 0, 1, 0]
psl_acc(PSL 평가에서의 정확도):  0.188 
cw_psl_acc(클래스별 PSL 평가에서의 정확도):  [nan, 0.1875, 0.1875, nan, nan, 0.20000000298023224, nan]
**pseudo_label ->  [0.5281, 0.0114, 0.0951, 0.0445, 0.2716, 0.0104, 0.0389] **
max =  0.5281 | max_idx =  0
**pseudo_label ->  [0.264, 0.0078, 0.199, 0.0916, 0.1746, 0.0565, 0.2066] **
max =  0.264 | max_idx =  0
**pseudo_label ->  [0.2672, 0.0098, 0.1302, 0.0644, 0.3772, 0.0373, 0.1139] **
max =  0.3772 | max_idx =  4
**pseudo_label ->  [0.3693, 0.0124, 0.2733, 0.2059, 0.0776, 0.0177, 0.0437] **
max =  0.3693 | max_idx =  0
**pseudo_label ->  [0.2719, 0.0144, 0.0761, 0.0701, 0.2882, 0.0798, 0.1995] **
max =  0.2882 | max_idx =  4
Epoch 6/50, Train Loss: 2.5903, Valid Loss: 2.7735, Train Acc: 0.1538, Val Acc: 0.0981, Test Acc: 0.1342, Test F1: 0.0338, Total Pseudo-Labels: 0, Correct Pseudo-Labels: 0, Train Data Number: 65



line 303 => train data수 65
line 258 => 인스턴스 수 10
Step 55  Tim 0:26:28
acc_train_cw(현재 train의 class별 acc) [0.0, 1.0, 0.0, 0.0, 0.0, 0.0, 0.0]
cw_psl_total_eval(pseudo label 클래스별 총 샘플 수):  [58, 0, 0, 0, 6, 0, 0]
cw_psl_correct_eval(pseudo label 클래스별 맞은 샘플 수):  [9, 0, 0, 0, 2, 0, 0]
psl_acc(PSL 평가에서의 정확도):  0.172 
cw_psl_acc(클래스별 PSL 평가에서의 정확도):  [0.1551724076271057, nan, nan, nan, 0.3333333432674408, nan, nan]
**pseudo_label ->  [0.0834, 0.3337, 0.0055, 0.2351, 0.0306, 0.2448, 0.0669] **
max =  0.3337 | max_idx =  1
**pseudo_label ->  [0.0427, 0.165, 0.0063, 0.2603, 0.0432, 0.1843, 0.2981] **
max =  0.2981 | max_idx =  6
**pseudo_label ->  [0.0249, 0.5439, 0.0039, 0.1104, 0.0402, 0.0808, 0.1959] **
max =  0.5439 | max_idx =  1
**pseudo_label ->  [0.052, 0.5235, 0.0048, 0.136, 0.0147, 0.1878, 0.0811] **
max =  0.5235 | max_idx =  1
**pseudo_label ->  [0.1305, 0.1821, 0.0093, 0.1631, 0.0602, 0.0711, 0.3837] **
max =  0.3837 | max_idx =  6
Epoch 7/50, Train Loss: 2.5769, Valid Loss: 2.0209, Train Acc: 0.1538, Val Acc: 0.1997, Test Acc: 0.0604, Test F1: 0.0163, Total Pseudo-Labels: 0, Correct Pseudo-Labels: 0, Train Data Number: 65



line 303 => train data수 65
line 258 => 인스턴스 수 10
Step 65  Tim 0:30:39
acc_train_cw(현재 train의 class별 acc) [0.0, 1.0, 0.0, 0.0, 0.0, 0.0, 0.0]
cw_psl_total_eval(pseudo label 클래스별 총 샘플 수):  [0, 10, 0, 4, 0, 0, 1]
cw_psl_correct_eval(pseudo label 클래스별 맞은 샘플 수):  [0, 0, 0, 0, 0, 0, 0]
psl_acc(PSL 평가에서의 정확도):  0.0 
cw_psl_acc(클래스별 PSL 평가에서의 정확도):  [nan, 0.0, nan, 0.0, nan, nan, 0.0]
**pseudo_label ->  [0.2187, 0.3753, 0.19, 0.0281, 0.0805, 0.0686, 0.0388] **
max =  0.3753 | max_idx =  1
**pseudo_label ->  [0.0519, 0.3569, 0.106, 0.0752, 0.1399, 0.227, 0.0432] **
max =  0.3569 | max_idx =  1
**pseudo_label ->  [0.0357, 0.2124, 0.4006, 0.026, 0.0772, 0.1849, 0.0632] **
max =  0.4006 | max_idx =  2
**pseudo_label ->  [0.0793, 0.1149, 0.446, 0.0476, 0.066, 0.2167, 0.0295] **
max =  0.446 | max_idx =  2
**pseudo_label ->  [0.0704, 0.2966, 0.3066, 0.0316, 0.0478, 0.1988, 0.0481] **
max =  0.3066 | max_idx =  2
Epoch 8/50, Train Loss: 2.3930, Valid Loss: 2.9479, Train Acc: 0.1538, Val Acc: 0.1997, Test Acc: 0.0604, Test F1: 0.0163, Total Pseudo-Labels: 0, Correct Pseudo-Labels: 0, Train Data Number: 65



line 303 => train data수 65
line 258 => 인스턴스 수 10
Step 75  Tim 0:34:49
acc_train_cw(현재 train의 class별 acc) [0.0, 0.0, 0.0, 0.0, 0.0, 0.0, 1.0]
cw_psl_total_eval(pseudo label 클래스별 총 샘플 수):  [0, 29, 0, 0, 0, 0, 0]
cw_psl_correct_eval(pseudo label 클래스별 맞은 샘플 수):  [0, 4, 0, 0, 0, 0, 0]
psl_acc(PSL 평가에서의 정확도):  0.138 
cw_psl_acc(클래스별 PSL 평가에서의 정확도):  [nan, 0.13793103396892548, nan, nan, nan, nan, nan]
**pseudo_label ->  [0.053, 0.0048, 0.011, 0.0278, 0.3526, 0.0338, 0.5169] **
max =  0.5169 | max_idx =  6
**pseudo_label ->  [0.1174, 0.0066, 0.0899, 0.0648, 0.5976, 0.0329, 0.0908] **
max =  0.5976 | max_idx =  4
**pseudo_label ->  [0.1432, 0.0061, 0.0147, 0.053, 0.3187, 0.0749, 0.3893] **
max =  0.3893 | max_idx =  6
**pseudo_label ->  [0.129, 0.0058, 0.029, 0.0319, 0.4517, 0.0961, 0.2566] **
max =  0.4517 | max_idx =  4
**pseudo_label ->  [0.1308, 0.0054, 0.0721, 0.0221, 0.4029, 0.0591, 0.3076] **
max =  0.4029 | max_idx =  4
Epoch 9/50, Train Loss: 2.6365, Valid Loss: 2.5804, Train Acc: 0.1538, Val Acc: 0.0000, Test Acc: 0.0134, Test F1: 0.0038, Total Pseudo-Labels: 0, Correct Pseudo-Labels: 0, Train Data Number: 65



line 303 => train data수 65
line 258 => 인스턴스 수 10
Step 85  Tim 0:38:59
acc_train_cw(현재 train의 class별 acc) [0.0, 1.0, 0.0, 0.0, 0.0, 0.8, 0.0]
cw_psl_total_eval(pseudo label 클래스별 총 샘플 수):  [0, 0, 0, 0, 9, 0, 158]
cw_psl_correct_eval(pseudo label 클래스별 맞은 샘플 수):  [0, 0, 0, 0, 1, 0, 28]
psl_acc(PSL 평가에서의 정확도):  0.174 
cw_psl_acc(클래스별 PSL 평가에서의 정확도):  [nan, nan, nan, nan, 0.1111111119389534, nan, 0.17721518874168396]
**pseudo_label ->  [0.0068, 0.2981, 0.0368, 0.0939, 0.0344, 0.3628, 0.1672] **
max =  0.3628 | max_idx =  5
**pseudo_label ->  [0.0037, 0.4429, 0.1051, 0.0093, 0.0394, 0.29, 0.1095] **
max =  0.4429 | max_idx =  1
**pseudo_label ->  [0.0068, 0.568, 0.0565, 0.0507, 0.0135, 0.2672, 0.0373] **
max =  0.568 | max_idx =  1
**pseudo_label ->  [0.0029, 0.1482, 0.1325, 0.0795, 0.0268, 0.5917, 0.0183] **
max =  0.5917 | max_idx =  5
**pseudo_label ->  [0.0084, 0.187, 0.1003, 0.1047, 0.0982, 0.4586, 0.0429] **
max =  0.4586 | max_idx =  5
Epoch 10/50, Train Loss: 2.8304, Valid Loss: 2.6549, Train Acc: 0.2769, Val Acc: 0.1269, Test Acc: 0.2371, Test F1: 0.0852, Total Pseudo-Labels: 0, Correct Pseudo-Labels: 0, Train Data Number: 65



line 303 => train data수 65
line 258 => 인스턴스 수 10
Step 95  Tim 0:43:09
acc_train_cw(현재 train의 class별 acc) [0.0, 0.0, 0.0, 0.0, 1.0, 0.0, 0.0]
cw_psl_total_eval(pseudo label 클래스별 총 샘플 수):  [0, 17, 0, 0, 0, 50, 0]
cw_psl_correct_eval(pseudo label 클래스별 맞은 샘플 수):  [0, 4, 0, 0, 0, 8, 0]
psl_acc(PSL 평가에서의 정확도):  0.179 
cw_psl_acc(클래스별 PSL 평가에서의 정확도):  [nan, 0.23529411852359772, nan, nan, nan, 0.1599999964237213, nan]
**pseudo_label ->  [0.123, 0.0109, 0.3098, 0.0026, 0.2474, 0.0277, 0.2786] **
max =  0.3098 | max_idx =  2
**pseudo_label ->  [0.2378, 0.0182, 0.2171, 0.0258, 0.4042, 0.0152, 0.0817] **
max =  0.4042 | max_idx =  4
**pseudo_label ->  [0.0524, 0.0068, 0.2272, 0.0334, 0.363, 0.0107, 0.3064] **
max =  0.363 | max_idx =  4
**pseudo_label ->  [0.2223, 0.0165, 0.3263, 0.0294, 0.1989, 0.0331, 0.1734] **
max =  0.3263 | max_idx =  2
**pseudo_label ->  [0.1462, 0.0263, 0.1393, 0.025, 0.1305, 0.0481, 0.4847] **
max =  0.4847 | max_idx =  6
Epoch 11/50, Train Loss: 2.6239, Valid Loss: 1.8261, Train Acc: 0.1538, Val Acc: 0.2843, Test Acc: 0.2282, Test F1: 0.0531, Total Pseudo-Labels: 0, Correct Pseudo-Labels: 0, Train Data Number: 65



line 303 => train data수 65
line 258 => 인스턴스 수 10
Step 105  Tim 0:47:19
acc_train_cw(현재 train의 class별 acc) [0.0, 0.0, 0.0, 0.0, 0.0, 1.0, 0.0]
cw_psl_total_eval(pseudo label 클래스별 총 샘플 수):  [0, 0, 1, 0, 112, 0, 15]
cw_psl_correct_eval(pseudo label 클래스별 맞은 샘플 수):  [0, 0, 0, 0, 18, 0, 0]
psl_acc(PSL 평가에서의 정확도):  0.141 
cw_psl_acc(클래스별 PSL 평가에서의 정확도):  [nan, nan, 0.0, nan, 0.1607142835855484, nan, 0.0]
**pseudo_label ->  [0.0921, 0.2591, 0.227, 0.1157, 0.1868, 0.116, 0.0034] **
max =  0.2591 | max_idx =  1
**pseudo_label ->  [0.0417, 0.1142, 0.1165, 0.4653, 0.164, 0.0947, 0.0035] **
max =  0.4653 | max_idx =  3
**pseudo_label ->  [0.1107, 0.3936, 0.1091, 0.0945, 0.149, 0.1383, 0.0047] **
max =  0.3936 | max_idx =  1
**pseudo_label ->  [0.0549, 0.0977, 0.4867, 0.1061, 0.2002, 0.0512, 0.0031] **
max =  0.4867 | max_idx =  2
**pseudo_label ->  [0.1305, 0.2093, 0.2657, 0.1044, 0.1235, 0.1575, 0.009] **
max =  0.2657 | max_idx =  2
Epoch 12/50, Train Loss: 2.5743, Valid Loss: 3.1403, Train Acc: 0.1538, Val Acc: 0.0017, Test Acc: 0.3691, Test F1: 0.0870, Total Pseudo-Labels: 0, Correct Pseudo-Labels: 0, Train Data Number: 65



line 303 => train data수 65
line 258 => 인스턴스 수 10
Step 115  Tim 0:51:30
acc_train_cw(현재 train의 class별 acc) [0.0, 0.0, 0.0, 0.0, 0.0, 1.0, 0.0]
cw_psl_total_eval(pseudo label 클래스별 총 샘플 수):  [0, 0, 0, 0, 0, 3, 0]
cw_psl_correct_eval(pseudo label 클래스별 맞은 샘플 수):  [0, 0, 0, 0, 0, 0, 0]
psl_acc(PSL 평가에서의 정확도):  0.0 
cw_psl_acc(클래스별 PSL 평가에서의 정확도):  [nan, nan, nan, nan, nan, 0.0, nan]
**pseudo_label ->  [0.0864, 0.0211, 0.0218, 0.0045, 0.1292, 0.3726, 0.3644] **
max =  0.3726 | max_idx =  5
**pseudo_label ->  [0.2104, 0.0597, 0.1183, 0.0102, 0.1136, 0.3282, 0.1595] **
max =  0.3282 | max_idx =  5
**pseudo_label ->  [0.1547, 0.03, 0.1134, 0.0682, 0.0348, 0.4234, 0.1755] **
max =  0.4234 | max_idx =  5
**pseudo_label ->  [0.2306, 0.0521, 0.0417, 0.011, 0.1457, 0.2438, 0.2751] **
max =  0.2751 | max_idx =  6
**pseudo_label ->  [0.2507, 0.0192, 0.0086, 0.0075, 0.0547, 0.5438, 0.1155] **
max =  0.5438 | max_idx =  5
Epoch 13/50, Train Loss: 4.2788, Valid Loss: 8.6276, Train Acc: 0.1538, Val Acc: 0.0000, Test Acc: 0.3669, Test F1: 0.0767, Total Pseudo-Labels: 0, Correct Pseudo-Labels: 0, Train Data Number: 65



line 303 => train data수 65
line 258 => 인스턴스 수 10
Step 125  Tim 0:55:40
acc_train_cw(현재 train의 class별 acc) [0.0, 0.0, 0.0, 1.0, 0.0, 0.0, 0.0]
cw_psl_total_eval(pseudo label 클래스별 총 샘플 수):  [0, 0, 0, 0, 0, 32, 2]
cw_psl_correct_eval(pseudo label 클래스별 맞은 샘플 수):  [0, 0, 0, 0, 0, 5, 1]
psl_acc(PSL 평가에서의 정확도):  0.176 
cw_psl_acc(클래스별 PSL 평가에서의 정확도):  [nan, nan, nan, nan, nan, 0.15625, 0.5]
**pseudo_label ->  [0.0001, 0.0, 0.0, 0.6751, 0.0, 0.3214, 0.0033] **
max =  0.6751 | max_idx =  3
**pseudo_label ->  [0.0001, 0.0, 0.0, 0.7642, 0.0001, 0.2331, 0.0025] **
max =  0.7642 | max_idx =  3
**pseudo_label ->  [0.0003, 0.0001, 0.0, 0.8713, 0.0001, 0.0899, 0.0384] **
max =  0.8713 | max_idx =  3
**pseudo_label ->  [0.0003, 0.0001, 0.0, 0.6949, 0.0, 0.2976, 0.0071] **
max =  0.6949 | max_idx =  3
**pseudo_label ->  [0.0001, 0.0, 0.0, 0.8419, 0.0, 0.1565, 0.0014] **
max =  0.8419 | max_idx =  3
Epoch 14/50, Train Loss: 5.6987, Valid Loss: 6.6671, Train Acc: 0.0769, Val Acc: 0.2064, Test Acc: 0.0425, Test F1: 0.0116, Total Pseudo-Labels: 0, Correct Pseudo-Labels: 0, Train Data Number: 65



line 303 => train data수 65
line 258 => 인스턴스 수 10
Step 135  Tim 0:59:51
acc_train_cw(현재 train의 class별 acc) [0.0, 1.0, 0.0, 0.0, 0.0, 0.0, 0.0]
cw_psl_total_eval(pseudo label 클래스별 총 샘플 수):  [0, 0, 0, 2507, 0, 50, 0]
cw_psl_correct_eval(pseudo label 클래스별 맞은 샘플 수):  [0, 0, 0, 365, 0, 1, 0]
psl_acc(PSL 평가에서의 정확도):  0.143 
cw_psl_acc(클래스별 PSL 평가에서의 정확도):  [nan, nan, nan, 0.1455923467874527, nan, 0.019999999552965164, nan]
**pseudo_label ->  [0.0268, 0.7351, 0.212, 0.0, 0.0, 0.0233, 0.0028] **
max =  0.7351 | max_idx =  1
**pseudo_label ->  [0.0233, 0.892, 0.0585, 0.0, 0.0, 0.0253, 0.0008] **
max =  0.892 | max_idx =  1
**pseudo_label ->  [0.017, 0.689, 0.2324, 0.0, 0.0, 0.0611, 0.0005] **
max =  0.689 | max_idx =  1
**pseudo_label ->  [0.0577, 0.7811, 0.1084, 0.0, 0.0, 0.0512, 0.0016] **
max =  0.7811 | max_idx =  1
**pseudo_label ->  [0.0202, 0.8414, 0.1133, 0.0, 0.0, 0.0244, 0.0007] **
max =  0.8414 | max_idx =  1
Epoch 15/50, Train Loss: 3.9695, Valid Loss: 1.7288, Train Acc: 0.1538, Val Acc: 0.1997, Test Acc: 0.0604, Test F1: 0.0163, Total Pseudo-Labels: 0, Correct Pseudo-Labels: 0, Train Data Number: 65



line 303 => train data수 65
line 258 => 인스턴스 수 10
Step 145  Tim 1:04:01
acc_train_cw(현재 train의 class별 acc) [0.0, 0.0, 0.0, 1.0, 0.0, 0.0, 0.0]
cw_psl_total_eval(pseudo label 클래스별 총 샘플 수):  [0, 2253, 5, 0, 0, 0, 0]
cw_psl_correct_eval(pseudo label 클래스별 맞은 샘플 수):  [0, 334, 0, 0, 0, 0, 0]
psl_acc(PSL 평가에서의 정확도):  0.148 
cw_psl_acc(클래스별 PSL 평가에서의 정확도):  [nan, 0.14824678003787994, 0.0, nan, nan, nan, nan]
**pseudo_label ->  [0.0467, 0.2088, 0.0722, 0.5321, 0.1066, 0.0327, 0.0009] **
max =  0.5321 | max_idx =  3
**pseudo_label ->  [0.1287, 0.0556, 0.2523, 0.2164, 0.1985, 0.1405, 0.0081] **
max =  0.2523 | max_idx =  2
**pseudo_label ->  [0.0556, 0.11, 0.0884, 0.209, 0.381, 0.1487, 0.0072] **
max =  0.381 | max_idx =  4
**pseudo_label ->  [0.1303, 0.2195, 0.1582, 0.2258, 0.1775, 0.0853, 0.0033] **
max =  0.2258 | max_idx =  3
**pseudo_label ->  [0.0744, 0.05, 0.027, 0.5474, 0.1525, 0.1473, 0.0014] **
max =  0.5474 | max_idx =  3
Epoch 16/50, Train Loss: 2.8497, Valid Loss: 3.1006, Train Acc: 0.0769, Val Acc: 0.2064, Test Acc: 0.0425, Test F1: 0.0116, Total Pseudo-Labels: 0, Correct Pseudo-Labels: 0, Train Data Number: 65



line 303 => train data수 65
line 258 => 인스턴스 수 10
Step 155  Tim 1:08:12
acc_train_cw(현재 train의 class별 acc) [0.0, 0.0, 1.0, 0.0, 0.0, 0.0, 0.0]
cw_psl_total_eval(pseudo label 클래스별 총 샘플 수):  [1, 0, 0, 15, 0, 0, 0]
cw_psl_correct_eval(pseudo label 클래스별 맞은 샘플 수):  [0, 0, 0, 2, 0, 0, 0]
psl_acc(PSL 평가에서의 정확도):  0.125 
cw_psl_acc(클래스별 PSL 평가에서의 정확도):  [0.0, nan, nan, 0.13333334028720856, nan, nan, nan]
**pseudo_label ->  [0.0131, 0.052, 0.7152, 0.0012, 0.023, 0.0751, 0.1203] **
max =  0.7152 | max_idx =  2
**pseudo_label ->  [0.0175, 0.1467, 0.1496, 0.0038, 0.0543, 0.0351, 0.593] **
max =  0.593 | max_idx =  6
**pseudo_label ->  [0.0336, 0.0656, 0.2065, 0.0014, 0.0631, 0.121, 0.5088] **
max =  0.5088 | max_idx =  6
**pseudo_label ->  [0.0069, 0.2225, 0.2729, 0.0039, 0.1571, 0.077, 0.2596] **
max =  0.2729 | max_idx =  2
**pseudo_label ->  [0.0264, 0.1032, 0.6244, 0.0023, 0.0518, 0.0913, 0.1005] **
max =  0.6244 | max_idx =  2
Epoch 17/50, Train Loss: 2.5197, Valid Loss: 2.0811, Train Acc: 0.1538, Val Acc: 0.2115, Test Acc: 0.1544, Test F1: 0.0382, Total Pseudo-Labels: 1, Correct Pseudo-Labels: 0, Train Data Number: 65



line 303 => train data수 65
line 258 => 인스턴스 수 10
Step 165  Tim 1:12:23
acc_train_cw(현재 train의 class별 acc) [0.2, 0.0, 0.0, 0.0, 0.0, 1.0, 0.0]
cw_psl_total_eval(pseudo label 클래스별 총 샘플 수):  [0, 0, 195, 0, 0, 0, 31]
cw_psl_correct_eval(pseudo label 클래스별 맞은 샘플 수):  [0, 0, 34, 0, 0, 0, 9]
psl_acc(PSL 평가에서의 정확도):  0.19 
cw_psl_acc(클래스별 PSL 평가에서의 정확도):  [nan, nan, 0.17435897886753082, nan, nan, nan, 0.29032257199287415]
**pseudo_label ->  [0.1147, 0.0253, 0.081, 0.0309, 0.1232, 0.6063, 0.0186] **
max =  0.6063 | max_idx =  5
**pseudo_label ->  [0.126, 0.0713, 0.1679, 0.1692, 0.2332, 0.1524, 0.08] **
max =  0.2332 | max_idx =  4
**pseudo_label ->  [0.4161, 0.0253, 0.0554, 0.0939, 0.2326, 0.1501, 0.0267] **
max =  0.4161 | max_idx =  0
**pseudo_label ->  [0.1147, 0.1185, 0.1843, 0.0434, 0.2238, 0.294, 0.0213] **
max =  0.294 | max_idx =  5
**pseudo_label ->  [0.0823, 0.0193, 0.1953, 0.0627, 0.4917, 0.1335, 0.0152] **
max =  0.4917 | max_idx =  4
Balance pseudo label class ->  [1, 3, 4, 5, 6]  value ->  1
add data ->  5
Epoch 18/50, Train Loss: 2.4997, Valid Loss: 2.3463, Train Acc: 0.1846, Val Acc: 0.0000, Test Acc: 0.3512, Test F1: 0.0785, Total Pseudo-Labels: 0, Correct Pseudo-Labels: 0, Train Data Number: 70



line 303 => train data수 70
line 258 => 인스턴스 수 10
Step 175  Tim 1:16:34
acc_train_cw(현재 train의 class별 acc) [0.0, 0.5, 0.0, 0.0, 0.909, 0.0, 0.0]
cw_psl_total_eval(pseudo label 클래스별 총 샘플 수):  [2, 0, 1, 1, 3, 9, 0]
cw_psl_correct_eval(pseudo label 클래스별 맞은 샘플 수):  [1, 0, 0, 0, 1, 2, 0]
psl_acc(PSL 평가에서의 정확도):  0.25 
cw_psl_acc(클래스별 PSL 평가에서의 정확도):  [0.5, nan, 0.0, 0.0, 0.3333333432674408, 0.2222222238779068, nan]
***pse_model_save --- epoch = 19***
Save model to ./experiment/java_extended_data/output/
**pseudo_label ->  [0.0533, 0.111, 0.0073, 0.0721, 0.6978, 0.0314, 0.0271] **
max =  0.6978 | max_idx =  4
**pseudo_label ->  [0.013, 0.1601, 0.0117, 0.1095, 0.5639, 0.0365, 0.1054] **
max =  0.5639 | max_idx =  4
**pseudo_label ->  [0.0071, 0.2013, 0.0029, 0.0756, 0.6083, 0.0303, 0.0745] **
max =  0.6083 | max_idx =  4
**pseudo_label ->  [0.0129, 0.3653, 0.0054, 0.0705, 0.2428, 0.0106, 0.2925] **
max =  0.3653 | max_idx =  1
**pseudo_label ->  [0.0122, 0.1661, 0.0051, 0.0984, 0.6239, 0.0256, 0.0686] **
max =  0.6239 | max_idx =  4
Epoch 19/50, Train Loss: 2.7192, Valid Loss: 2.3145, Train Acc: 0.2143, Val Acc: 0.3266, Test Acc: 0.2192, Test F1: 0.0560, Total Pseudo-Labels: 0, Correct Pseudo-Labels: 0, Train Data Number: 70



line 303 => train data수 70
line 258 => 인스턴스 수 10
Step 185  Tim 1:21:30
acc_train_cw(현재 train의 class별 acc) [0.0, 0.0, 1.0, 0.0, 0.0, 0.0, 0.0]
cw_psl_total_eval(pseudo label 클래스별 총 샘플 수):  [0, 28, 0, 0, 47, 0, 0]
cw_psl_correct_eval(pseudo label 클래스별 맞은 샘플 수):  [0, 3, 0, 0, 7, 0, 0]
psl_acc(PSL 평가에서의 정확도):  0.133 
cw_psl_acc(클래스별 PSL 평가에서의 정확도):  [nan, 0.1071428582072258, nan, nan, 0.1489361673593521, nan, nan]
**pseudo_label ->  [0.0543, 0.0131, 0.3272, 0.0524, 0.4681, 0.0072, 0.0777] **
max =  0.4681 | max_idx =  4
**pseudo_label ->  [0.1339, 0.0094, 0.4226, 0.0328, 0.2801, 0.0201, 0.1011] **
max =  0.4226 | max_idx =  2
**pseudo_label ->  [0.0558, 0.0105, 0.6294, 0.0135, 0.1958, 0.009, 0.0859] **
max =  0.6294 | max_idx =  2
**pseudo_label ->  [0.1386, 0.0101, 0.2946, 0.0199, 0.4368, 0.0141, 0.086] **
max =  0.4368 | max_idx =  4
**pseudo_label ->  [0.075, 0.0088, 0.2539, 0.0168, 0.5749, 0.0045, 0.0661] **
max =  0.5749 | max_idx =  4
Epoch 20/50, Train Loss: 2.8396, Valid Loss: 2.7333, Train Acc: 0.1571, Val Acc: 0.2115, Test Acc: 0.1544, Test F1: 0.0382, Total Pseudo-Labels: 0, Correct Pseudo-Labels: 0, Train Data Number: 70



line 303 => train data수 70
line 258 => 인스턴스 수 10
Step 195  Tim 1:25:43
acc_train_cw(현재 train의 class별 acc) [0.0, 0.0, 0.091, 0.0, 0.0, 0.0, 0.6]
cw_psl_total_eval(pseudo label 클래스별 총 샘플 수):  [0, 0, 222, 0, 15, 0, 0]
cw_psl_correct_eval(pseudo label 클래스별 맞은 샘플 수):  [0, 0, 47, 0, 1, 0, 0]
psl_acc(PSL 평가에서의 정확도):  0.203 
cw_psl_acc(클래스별 PSL 평가에서의 정확도):  [nan, nan, 0.21171170473098755, nan, 0.06666667014360428, nan, nan]
**pseudo_label ->  [0.1787, 0.073, 0.2776, 0.165, 0.01, 0.1322, 0.1635] **
max =  0.2776 | max_idx =  2
**pseudo_label ->  [0.1728, 0.0466, 0.4115, 0.085, 0.0057, 0.1648, 0.1136] **
max =  0.4115 | max_idx =  2
**pseudo_label ->  [0.0639, 0.1192, 0.1124, 0.0384, 0.0092, 0.0836, 0.5733] **
max =  0.5733 | max_idx =  6
**pseudo_label ->  [0.1876, 0.0696, 0.3559, 0.1961, 0.0117, 0.0602, 0.1189] **
max =  0.3559 | max_idx =  2
**pseudo_label ->  [0.0607, 0.122, 0.1106, 0.2322, 0.0102, 0.1448, 0.3196] **
max =  0.3196 | max_idx =  6
Epoch 21/50, Train Loss: 2.8702, Valid Loss: 3.0723, Train Acc: 0.1000, Val Acc: 0.0914, Test Acc: 0.0515, Test F1: 0.0283, Total Pseudo-Labels: 0, Correct Pseudo-Labels: 0, Train Data Number: 70



line 303 => train data수 70
line 258 => 인스턴스 수 10
Step 205  Tim 1:29:56
acc_train_cw(현재 train의 class별 acc) [0.0, 0.1, 0.0, 0.0, 0.727, 1.0, 0.1]
cw_psl_total_eval(pseudo label 클래스별 총 샘플 수):  [0, 0, 114, 0, 0, 0, 32]
cw_psl_correct_eval(pseudo label 클래스별 맞은 샘플 수):  [0, 0, 19, 0, 0, 0, 5]
psl_acc(PSL 평가에서의 정확도):  0.164 
cw_psl_acc(클래스별 PSL 평가에서의 정확도):  [nan, nan, 0.1666666716337204, nan, nan, nan, 0.15625]
**pseudo_label ->  [0.0263, 0.0317, 0.0066, 0.0531, 0.4733, 0.3921, 0.0168] **
max =  0.4733 | max_idx =  4
**pseudo_label ->  [0.1155, 0.0178, 0.0307, 0.0517, 0.5932, 0.182, 0.009] **
max =  0.5932 | max_idx =  4
**pseudo_label ->  [0.0765, 0.0182, 0.0365, 0.1463, 0.4522, 0.263, 0.0073] **
max =  0.4522 | max_idx =  4
**pseudo_label ->  [0.1765, 0.0196, 0.0656, 0.0485, 0.3294, 0.3322, 0.0283] **
max =  0.3322 | max_idx =  5
**pseudo_label ->  [0.039, 0.0508, 0.0275, 0.0315, 0.343, 0.4923, 0.0159] **
max =  0.4923 | max_idx =  5
Epoch 22/50, Train Loss: 2.7987, Valid Loss: 2.1127, Train Acc: 0.3000, Val Acc: 0.2081, Test Acc: 0.1812, Test F1: 0.0667, Total Pseudo-Labels: 0, Correct Pseudo-Labels: 0, Train Data Number: 70



line 303 => train data수 70
line 258 => 인스턴스 수 10
Step 215  Tim 1:34:09
acc_train_cw(현재 train의 class별 acc) [0.0, 1.0, 0.0, 0.0, 0.0, 0.0, 0.0]
cw_psl_total_eval(pseudo label 클래스별 총 샘플 수):  [0, 1, 0, 0, 98, 90, 509]
cw_psl_correct_eval(pseudo label 클래스별 맞은 샘플 수):  [0, 0, 0, 0, 12, 10, 59]
psl_acc(PSL 평가에서의 정확도):  0.116 
cw_psl_acc(클래스별 PSL 평가에서의 정확도):  [nan, 0.0, nan, nan, 0.12244898080825806, 0.1111111119389534, 0.11591355502605438]
**pseudo_label ->  [0.0323, 0.2991, 0.3376, 0.0399, 0.1009, 0.0933, 0.0969] **
max =  0.3376 | max_idx =  2
**pseudo_label ->  [0.0221, 0.4784, 0.2913, 0.0064, 0.1139, 0.0466, 0.0413] **
max =  0.4784 | max_idx =  1
**pseudo_label ->  [0.0327, 0.4926, 0.268, 0.0252, 0.1319, 0.0312, 0.0185] **
max =  0.4926 | max_idx =  1
**pseudo_label ->  [0.1176, 0.1167, 0.4089, 0.0284, 0.0892, 0.0579, 0.1813] **
max =  0.4089 | max_idx =  2
**pseudo_label ->  [0.0383, 0.3219, 0.4014, 0.0086, 0.0823, 0.1242, 0.0233] **
max =  0.4014 | max_idx =  2
Epoch 23/50, Train Loss: 2.6463, Valid Loss: 1.8874, Train Acc: 0.1429, Val Acc: 0.1997, Test Acc: 0.0604, Test F1: 0.0163, Total Pseudo-Labels: 0, Correct Pseudo-Labels: 0, Train Data Number: 70



line 303 => train data수 70
line 258 => 인스턴스 수 10
Step 225  Tim 1:38:22
acc_train_cw(현재 train의 class별 acc) [0.0, 0.2, 0.0, 0.0, 1.0, 0.909, 0.0]
cw_psl_total_eval(pseudo label 클래스별 총 샘플 수):  [0, 54, 5, 0, 0, 0, 0]
cw_psl_correct_eval(pseudo label 클래스별 맞은 샘플 수):  [0, 15, 0, 0, 0, 0, 0]
psl_acc(PSL 평가에서의 정확도):  0.254 
cw_psl_acc(클래스별 PSL 평가에서의 정확도):  [nan, 0.2777777910232544, 0.0, nan, nan, nan, nan]
**pseudo_label ->  [0.1634, 0.2811, 0.16, 0.0404, 0.076, 0.1154, 0.1636] **
max =  0.2811 | max_idx =  1
**pseudo_label ->  [0.0825, 0.1228, 0.1201, 0.0774, 0.4209, 0.0729, 0.1035] **
max =  0.4209 | max_idx =  4
**pseudo_label ->  [0.0582, 0.1774, 0.0797, 0.2344, 0.1998, 0.1805, 0.0699] **
max =  0.2344 | max_idx =  3
**pseudo_label ->  [0.0388, 0.0631, 0.132, 0.2646, 0.2669, 0.1023, 0.1322] **
max =  0.2669 | max_idx =  4
**pseudo_label ->  [0.0619, 0.1252, 0.071, 0.221, 0.2022, 0.2373, 0.0815] **
max =  0.2373 | max_idx =  5
Epoch 24/50, Train Loss: 2.1972, Valid Loss: 1.9994, Train Acc: 0.3286, Val Acc: 0.2860, Test Acc: 0.2036, Test F1: 0.0631, Total Pseudo-Labels: 0, Correct Pseudo-Labels: 0, Train Data Number: 70



line 303 => train data수 70
line 258 => 인스턴스 수 10
Step 235  Tim 1:42:35
acc_train_cw(현재 train의 class별 acc) [1.0, 0.2, 0.0, 0.0, 0.0, 0.818, 0.0]
cw_psl_total_eval(pseudo label 클래스별 총 샘플 수):  [0, 1, 0, 0, 1, 1, 0]
cw_psl_correct_eval(pseudo label 클래스별 맞은 샘플 수):  [0, 0, 0, 0, 0, 0, 0]
psl_acc(PSL 평가에서의 정확도):  0.0 
cw_psl_acc(클래스별 PSL 평가에서의 정확도):  [nan, 0.0, nan, nan, 0.0, 0.0, nan]
**pseudo_label ->  [0.3465, 0.0479, 0.0256, 0.1612, 0.2984, 0.0387, 0.0817] **
max =  0.3465 | max_idx =  0
**pseudo_label ->  [0.3761, 0.1163, 0.0567, 0.1067, 0.1713, 0.0982, 0.0747] **
max =  0.3761 | max_idx =  0
**pseudo_label ->  [0.325, 0.165, 0.1153, 0.037, 0.1801, 0.137, 0.0406] **
max =  0.325 | max_idx =  0
**pseudo_label ->  [0.304, 0.22, 0.0796, 0.0631, 0.1402, 0.145, 0.0481] **
max =  0.304 | max_idx =  0
**pseudo_label ->  [0.1504, 0.1751, 0.038, 0.0906, 0.1119, 0.4043, 0.0296] **
max =  0.4043 | max_idx =  5
Epoch 25/50, Train Loss: 1.9250, Valid Loss: 2.0212, Train Acc: 0.3143, Val Acc: 0.0998, Test Acc: 0.0895, Test F1: 0.0259, Total Pseudo-Labels: 0, Correct Pseudo-Labels: 0, Train Data Number: 70



line 303 => train data수 70
line 258 => 인스턴스 수 10
Step 245  Tim 1:46:47
acc_train_cw(현재 train의 class별 acc) [0.0, 0.9, 0.0, 0.0, 1.0, 1.0, 0.0]
cw_psl_total_eval(pseudo label 클래스별 총 샘플 수):  [27, 7, 0, 0, 1, 22, 0]
cw_psl_correct_eval(pseudo label 클래스별 맞은 샘플 수):  [3, 1, 0, 0, 0, 3, 0]
psl_acc(PSL 평가에서의 정확도):  0.123 
cw_psl_acc(클래스별 PSL 평가에서의 정확도):  [0.1111111119389534, 0.1428571492433548, nan, nan, 0.0, 0.13636364042758942, nan]
**pseudo_label ->  [0.0346, 0.4081, 0.0339, 0.0754, 0.0852, 0.0745, 0.2883] **
max =  0.4081 | max_idx =  1
**pseudo_label ->  [0.3057, 0.1276, 0.05, 0.0432, 0.4006, 0.0167, 0.0562] **
max =  0.4006 | max_idx =  4
**pseudo_label ->  [0.062, 0.2765, 0.1075, 0.0165, 0.2125, 0.0736, 0.2514] **
max =  0.2765 | max_idx =  1
**pseudo_label ->  [0.0649, 0.1029, 0.078, 0.0335, 0.2848, 0.1095, 0.3264] **
max =  0.3264 | max_idx =  6
**pseudo_label ->  [0.1798, 0.0639, 0.0668, 0.0541, 0.1928, 0.0905, 0.3521] **
max =  0.3521 | max_idx =  6
Epoch 26/50, Train Loss: 1.6694, Valid Loss: 1.9676, Train Acc: 0.4429, Val Acc: 0.3333, Test Acc: 0.2103, Test F1: 0.0733, Total Pseudo-Labels: 0, Correct Pseudo-Labels: 0, Train Data Number: 70



line 303 => train data수 70
line 258 => 인스턴스 수 10
Step 255  Tim 1:51:00
acc_train_cw(현재 train의 class별 acc) [0.0, 1.0, 0.0, 0.0, 0.636, 0.818, 0.0]
cw_psl_total_eval(pseudo label 클래스별 총 샘플 수):  [1, 40, 0, 0, 3, 68, 0]
cw_psl_correct_eval(pseudo label 클래스별 맞은 샘플 수):  [0, 12, 0, 0, 0, 9, 0]
psl_acc(PSL 평가에서의 정확도):  0.188 
cw_psl_acc(클래스별 PSL 평가에서의 정확도):  [0.0, 0.30000001192092896, nan, nan, 0.0, 0.13235294818878174, nan]
**pseudo_label ->  [0.0861, 0.2927, 0.2258, 0.0635, 0.1685, 0.0036, 0.1599] **
max =  0.2927 | max_idx =  1
**pseudo_label ->  [0.1109, 0.2676, 0.0776, 0.0116, 0.4964, 0.0028, 0.033] **
max =  0.4964 | max_idx =  4
**pseudo_label ->  [0.0176, 0.5849, 0.1389, 0.0344, 0.1273, 0.0017, 0.0952] **
max =  0.5849 | max_idx =  1
**pseudo_label ->  [0.1056, 0.0548, 0.2032, 0.012, 0.0491, 0.0313, 0.544] **
max =  0.544 | max_idx =  6
**pseudo_label ->  [0.1289, 0.1981, 0.2915, 0.0258, 0.2155, 0.0055, 0.1347] **
max =  0.2915 | max_idx =  2
Epoch 27/50, Train Loss: 1.6261, Valid Loss: 1.8017, Train Acc: 0.3714, Val Acc: 0.2470, Test Acc: 0.1387, Test F1: 0.0823, Total Pseudo-Labels: 0, Correct Pseudo-Labels: 0, Train Data Number: 70



line 303 => train data수 70
line 258 => 인스턴스 수 10
Step 265  Tim 1:55:13
acc_train_cw(현재 train의 class별 acc) [0.0, 0.9, 0.636, 0.0, 1.0, 1.0, 0.0]
cw_psl_total_eval(pseudo label 클래스별 총 샘플 수):  [0, 37, 0, 0, 2, 3, 0]
cw_psl_correct_eval(pseudo label 클래스별 맞은 샘플 수):  [0, 8, 0, 0, 0, 1, 0]
psl_acc(PSL 평가에서의 정확도):  0.214 
cw_psl_acc(클래스별 PSL 평가에서의 정확도):  [nan, 0.21621622145175934, nan, nan, 0.0, 0.3333333432674408, nan]
**pseudo_label ->  [0.187, 0.4249, 0.1067, 0.0705, 0.098, 0.025, 0.0879] **
max =  0.4249 | max_idx =  1
**pseudo_label ->  [0.1063, 0.1454, 0.1274, 0.1122, 0.4239, 0.0178, 0.067] **
max =  0.4239 | max_idx =  4
**pseudo_label ->  [0.0402, 0.201, 0.3734, 0.0816, 0.157, 0.0593, 0.0874] **
max =  0.3734 | max_idx =  2
**pseudo_label ->  [0.0493, 0.0213, 0.1468, 0.108, 0.0828, 0.5019, 0.09] **
max =  0.5019 | max_idx =  5
**pseudo_label ->  [0.0347, 0.0098, 0.21, 0.0322, 0.3123, 0.3126, 0.0884] **
max =  0.3126 | max_idx =  5
Epoch 28/50, Train Loss: 1.3376, Valid Loss: 2.2265, Train Acc: 0.5429, Val Acc: 0.2826, Test Acc: 0.1544, Test F1: 0.0891, Total Pseudo-Labels: 0, Correct Pseudo-Labels: 0, Train Data Number: 70



line 303 => train data수 70
line 258 => 인스턴스 수 10
Step 275  Tim 1:59:26
acc_train_cw(현재 train의 class별 acc) [0.727, 0.2, 0.727, 0.667, 0.818, 1.0, 1.0]
cw_psl_total_eval(pseudo label 클래스별 총 샘플 수):  [0, 7, 17, 0, 23, 88, 0]
cw_psl_correct_eval(pseudo label 클래스별 맞은 샘플 수):  [0, 4, 2, 0, 3, 25, 0]
psl_acc(PSL 평가에서의 정확도):  0.252 
cw_psl_acc(클래스별 PSL 평가에서의 정확도):  [nan, 0.5714285969734192, 0.11764705926179886, nan, 0.1304347813129425, 0.28409090638160706, nan]
**pseudo_label ->  [0.0212, 0.1064, 0.1386, 0.046, 0.0233, 0.003, 0.6613] **
max =  0.6613 | max_idx =  6
**pseudo_label ->  [0.0979, 0.063, 0.3175, 0.1005, 0.0921, 0.0004, 0.3285] **
max =  0.3285 | max_idx =  6
**pseudo_label ->  [0.0113, 0.0123, 0.1901, 0.1096, 0.0151, 0.0238, 0.6378] **
max =  0.6378 | max_idx =  6
**pseudo_label ->  [0.0238, 0.0079, 0.6987, 0.108, 0.0173, 0.0511, 0.0933] **
max =  0.6987 | max_idx =  2
**pseudo_label ->  [0.2897, 0.0106, 0.1898, 0.1004, 0.1344, 0.0212, 0.2538] **
max =  0.2897 | max_idx =  0
Balance pseudo label class ->  [2, 3, 4, 6, 7]  value ->  2
add data ->  10
Epoch 29/50, Train Loss: 0.9572, Valid Loss: 2.9127, Train Acc: 0.7429, Val Acc: 0.0745, Test Acc: 0.0537, Test F1: 0.0584, Total Pseudo-Labels: 0, Correct Pseudo-Labels: 0, Train Data Number: 79



line 303 => train data수 79
line 258 => 인스턴스 수 12
Step 285  Tim 2:03:40
acc_train_cw(현재 train의 class별 acc) [1.0, 1.0, 0.846, 0.0, 0.909, 1.0, 0.0]
cw_psl_total_eval(pseudo label 클래스별 총 샘플 수):  [0, 2, 3, 4, 0, 48, 97]
cw_psl_correct_eval(pseudo label 클래스별 맞은 샘플 수):  [0, 2, 0, 0, 0, 14, 21]
psl_acc(PSL 평가에서의 정확도):  0.24 
cw_psl_acc(클래스별 PSL 평가에서의 정확도):  [nan, 1.0, 0.0, 0.0, nan, 0.2916666567325592, 0.2164948433637619]
***pse_model_save --- epoch = 30***
Save model to ./experiment/java_extended_data/output/
**pseudo_label ->  [0.0201, 0.7285, 0.1534, 0.0068, 0.0716, 0.0002, 0.0194] **
max =  0.7285 | max_idx =  1
**pseudo_label ->  [0.1476, 0.4309, 0.1259, 0.0164, 0.214, 0.0001, 0.0651] **
max =  0.4309 | max_idx =  1
**pseudo_label ->  [0.0241, 0.6419, 0.1218, 0.0079, 0.1001, 0.0018, 0.1023] **
max =  0.6419 | max_idx =  1
**pseudo_label ->  [0.0482, 0.0025, 0.7474, 0.1574, 0.0122, 0.0055, 0.0268] **
max =  0.7474 | max_idx =  2
**pseudo_label ->  [0.0791, 0.0012, 0.8109, 0.0482, 0.0386, 0.0115, 0.0106] **
max =  0.8109 | max_idx =  2
Balance pseudo label class ->  [1, 2, 3, 5, 6]  value ->  58
add data ->  290
Epoch 30/50, Train Loss: 0.9603, Valid Loss: 5.6659, Train Acc: 0.7089, Val Acc: 0.2369, Test Acc: 0.1320, Test F1: 0.0981, Total Pseudo-Labels: 1, Correct Pseudo-Labels: 0, Train Data Number: 356



line 303 => train data수 356
line 258 => 인스턴스 수 51
Step 297  Tim 2:09:32
acc_train_cw(현재 train의 class별 acc) [0.647, 0.771, 0.743, 0.0, 0.851, 0.968, 0.0]
cw_psl_total_eval(pseudo label 클래스별 총 샘플 수):  [179, 798, 299, 0, 63, 58, 0]
cw_psl_correct_eval(pseudo label 클래스별 맞은 샘플 수):  [38, 181, 46, 0, 18, 18, 0]
psl_acc(PSL 평가에서의 정확도):  0.215 
cw_psl_acc(클래스별 PSL 평가에서의 정확도):  [0.21229049563407898, 0.2268170416355133, 0.1538461595773697, nan, 0.2857142984867096, 0.3103448152542114, nan]
***pse_model_save --- epoch = 31***
Save model to ./experiment/java_extended_data/output/
**pseudo_label ->  [0.0013, 0.1788, 0.6218, 0.0001, 0.0021, 0.0119, 0.184] **
max =  0.6218 | max_idx =  2
**pseudo_label ->  [0.0056, 0.5681, 0.3611, 0.0, 0.0136, 0.0002, 0.0514] **
max =  0.5681 | max_idx =  1
**pseudo_label ->  [0.0001, 0.0179, 0.8432, 0.0, 0.0002, 0.0294, 0.1091] **
max =  0.8432 | max_idx =  2
**pseudo_label ->  [0.002, 0.0001, 0.9556, 0.0001, 0.0, 0.0418, 0.0004] **
max =  0.9556 | max_idx =  2
**pseudo_label ->  [0.0001, 0.0, 0.9401, 0.0, 0.0, 0.0593, 0.0004] **
max =  0.9401 | max_idx =  2
Balance pseudo label class ->  [1, 2, 3, 5, 6]  value ->  105
add data ->  525
Epoch 31/50, Train Loss: 0.9137, Valid Loss: 4.1748, Train Acc: 0.7500, Val Acc: 0.2470, Test Acc: 0.1432, Test F1: 0.0889, Total Pseudo-Labels: 1, Correct Pseudo-Labels: 0, Train Data Number: 786



line 303 => train data수 786
line 258 => 인스턴스 수 113
Step 348  Tim 2:16:48
acc_train_cw(현재 train의 class별 acc) [0.961, 0.994, 0.32, 0.0, 0.62, 0.97, 0.7]
cw_psl_total_eval(pseudo label 클래스별 총 샘플 수):  [105, 210, 1803, 0, 194, 145, 0]
cw_psl_correct_eval(pseudo label 클래스별 맞은 샘플 수):  [33, 60, 281, 0, 45, 31, 0]
psl_acc(PSL 평가에서의 정확도):  0.183 
cw_psl_acc(클래스별 PSL 평가에서의 정확도):  [0.3142857253551483, 0.2857142984867096, 0.1558513641357422, nan, 0.2319587618112564, 0.2137930989265442, nan]
***pse_model_save --- epoch = 32***
Save model to ./experiment/java_extended_data/output/
**pseudo_label ->  [0.004, 0.0906, 0.2533, 0.0115, 0.0116, 0.0163, 0.6127] **
max =  0.6127 | max_idx =  6
**pseudo_label ->  [0.2265, 0.0895, 0.5552, 0.0226, 0.0678, 0.0005, 0.0379] **
max =  0.5552 | max_idx =  2
**pseudo_label ->  [0.0115, 0.1903, 0.3586, 0.0047, 0.0098, 0.026, 0.3991] **
max =  0.3991 | max_idx =  6
**pseudo_label ->  [0.0809, 0.0119, 0.5306, 0.1283, 0.0087, 0.0309, 0.2087] **
max =  0.5306 | max_idx =  2
**pseudo_label ->  [0.0014, 0.0009, 0.0411, 0.0403, 0.0001, 0.9014, 0.0148] **
max =  0.9014 | max_idx =  5
Balance pseudo label class ->  [1, 2, 3, 5, 6, 7]  value ->  35
add data ->  210
Epoch 32/50, Train Loss: 0.7374, Valid Loss: 5.1435, Train Acc: 0.7532, Val Acc: 0.1878, Test Acc: 0.1096, Test F1: 0.0863, Total Pseudo-Labels: 0, Correct Pseudo-Labels: 0, Train Data Number: 951



line 303 => train data수 951
line 258 => 인스턴스 수 136
Step 461  Tim 2:24:37
acc_train_cw(현재 train의 class별 acc) [0.795, 0.968, 0.584, 0.0, 0.972, 0.975, 0.545]
cw_psl_total_eval(pseudo label 클래스별 총 샘플 수):  [668, 725, 63, 0, 65, 247, 35]
cw_psl_correct_eval(pseudo label 클래스별 맞은 샘플 수):  [135, 178, 9, 0, 12, 42, 10]
psl_acc(PSL 평가에서의 정확도):  0.214 
cw_psl_acc(클래스별 PSL 평가에서의 정확도):  [0.20209580659866333, 0.24551723897457123, 0.1428571492433548, nan, 0.1846153885126114, 0.17004048824310303, 0.2857142984867096]
***pse_model_save --- epoch = 33***
Save model to ./experiment/java_extended_data/output/
**pseudo_label ->  [0.0032, 0.5343, 0.0701, 0.0022, 0.0405, 0.0021, 0.3475] **
max =  0.5343 | max_idx =  1
**pseudo_label ->  [0.4942, 0.0007, 0.0076, 0.0035, 0.4939, 0.0, 0.0002] **
max =  0.4942 | max_idx =  0
**pseudo_label ->  [0.1169, 0.0121, 0.2398, 0.0444, 0.4707, 0.0037, 0.1125] **
max =  0.4707 | max_idx =  4
**pseudo_label ->  [0.0014, 0.0021, 0.3082, 0.0138, 0.0004, 0.5882, 0.0858] **
max =  0.5882 | max_idx =  5
**pseudo_label ->  [0.0013, 0.0004, 0.7362, 0.0071, 0.0001, 0.2412, 0.0137] **
max =  0.7362 | max_idx =  2
Balance pseudo label class ->  [1, 2, 3, 5, 6, 7]  value ->  31
add data ->  186
Epoch 33/50, Train Loss: 0.7341, Valid Loss: 4.9422, Train Acc: 0.8307, Val Acc: 0.2403, Test Acc: 0.1298, Test F1: 0.0950, Total Pseudo-Labels: 1, Correct Pseudo-Labels: 0, Train Data Number: 1084



line 303 => train data수 1084
line 258 => 인스턴스 수 155
Step 597  Tim 2:32:51
acc_train_cw(현재 train의 class별 acc) [0.962, 0.943, 0.629, 0.0, 0.91, 0.804, 0.941]
cw_psl_total_eval(pseudo label 클래스별 총 샘플 수):  [522, 751, 319, 0, 675, 231, 31]
cw_psl_correct_eval(pseudo label 클래스별 맞은 샘플 수):  [130, 169, 45, 0, 143, 51, 8]
psl_acc(PSL 평가에서의 정확도):  0.216 
cw_psl_acc(클래스별 PSL 평가에서의 정확도):  [0.24904213845729828, 0.22503328323364258, 0.1410658359527588, nan, 0.21185185015201569, 0.22077922523021698, 0.25806450843811035]
***pse_model_save --- epoch = 34***
Save model to ./experiment/java_extended_data/output/
**pseudo_label ->  [0.0302, 0.0001, 0.9415, 0.0051, 0.0014, 0.0063, 0.0154] **
max =  0.9415 | max_idx =  2
**pseudo_label ->  [0.9432, 0.0, 0.0404, 0.0042, 0.0122, 0.0, 0.0] **
max =  0.9432 | max_idx =  0
**pseudo_label ->  [0.0051, 0.0007, 0.7657, 0.0007, 0.0059, 0.0062, 0.2157] **
max =  0.7657 | max_idx =  2
**pseudo_label ->  [0.0033, 0.0, 0.4976, 0.0018, 0.0001, 0.2369, 0.2603] **
max =  0.4976 | max_idx =  2
**pseudo_label ->  [0.0044, 0.0, 0.5481, 0.0114, 0.0003, 0.2945, 0.1413] **
max =  0.5481 | max_idx =  2
Balance pseudo label class ->  [1, 2, 3, 5, 6, 7]  value ->  121
add data ->  726
Epoch 34/50, Train Loss: 0.5418, Valid Loss: 5.6311, Train Acc: 0.8496, Val Acc: 0.2030, Test Acc: 0.1253, Test F1: 0.1021, Total Pseudo-Labels: 1, Correct Pseudo-Labels: 0, Train Data Number: 1534



line 303 => train data수 1534
line 258 => 인스턴스 수 220
Step 752  Tim 2:42:33
acc_train_cw(현재 train의 class별 acc) [0.866, 0.944, 0.871, 0.0, 0.977, 0.912, 0.955]
cw_psl_total_eval(pseudo label 클래스별 총 샘플 수):  [941, 458, 554, 0, 363, 121, 186]
cw_psl_correct_eval(pseudo label 클래스별 맞은 샘플 수):  [206, 129, 71, 0, 83, 25, 63]
psl_acc(PSL 평가에서의 정확도):  0.22 
cw_psl_acc(클래스별 PSL 평가에서의 정확도):  [0.21891604363918304, 0.28165939450263977, 0.128158837556839, nan, 0.22865013778209686, 0.20661157369613647, 0.33870968222618103]
***pse_model_save --- epoch = 35***
Save model to ./experiment/java_extended_data/output/
**pseudo_label ->  [0.0112, 0.001, 0.6671, 0.001, 0.006, 0.0009, 0.3128] **
max =  0.6671 | max_idx =  2
**pseudo_label ->  [0.4258, 0.0, 0.4521, 0.0154, 0.1066, 0.0, 0.0001] **
max =  0.4521 | max_idx =  2
**pseudo_label ->  [0.0024, 0.0014, 0.7179, 0.0002, 0.0087, 0.0006, 0.2689] **
max =  0.7179 | max_idx =  2
**pseudo_label ->  [0.0, 0.0, 0.2804, 0.0, 0.0, 0.5409, 0.1786] **
max =  0.5409 | max_idx =  5
**pseudo_label ->  [0.0171, 0.0, 0.9603, 0.0075, 0.0, 0.0058, 0.0092] **
max =  0.9603 | max_idx =  2
Balance pseudo label class ->  [1, 2, 3, 5, 6, 7]  value ->  168
add data ->  1008
Epoch 35/50, Train Loss: 0.4479, Valid Loss: 6.3480, Train Acc: 0.9120, Val Acc: 0.2335, Test Acc: 0.1409, Test F1: 0.1053, Total Pseudo-Labels: 1, Correct Pseudo-Labels: 0, Train Data Number: 2018



line 303 => train data수 2018
line 258 => 인스턴스 수 289
Step 972  Tim 2:53:50
acc_train_cw(현재 train의 class별 acc) [0.924, 0.976, 0.939, 0.0, 0.856, 0.939, 0.865]
cw_psl_total_eval(pseudo label 클래스별 총 샘플 수):  [487, 483, 1001, 0, 587, 168, 266]
cw_psl_correct_eval(pseudo label 클래스별 맞은 샘플 수):  [128, 129, 163, 0, 123, 37, 86]
psl_acc(PSL 평가에서의 정확도):  0.223 
cw_psl_acc(클래스별 PSL 평가에서의 정확도):  [0.26283368468284607, 0.26708075404167175, 0.1628371626138687, nan, 0.20954003930091858, 0.2202380895614624, 0.3233082592487335]
***pse_model_save --- epoch = 36***
Save model to ./experiment/java_extended_data/output/
**pseudo_label ->  [0.006, 0.068, 0.6494, 0.0006, 0.0168, 0.0, 0.2592] **
max =  0.6494 | max_idx =  2
**pseudo_label ->  [0.3451, 0.0017, 0.5871, 0.0037, 0.0595, 0.0, 0.0031] **
max =  0.5871 | max_idx =  2
**pseudo_label ->  [0.0022, 0.0006, 0.7742, 0.0002, 0.0088, 0.0002, 0.2137] **
max =  0.7742 | max_idx =  2
**pseudo_label ->  [0.0, 0.0, 0.0491, 0.0, 0.0, 0.9414, 0.0095] **
max =  0.9414 | max_idx =  5
**pseudo_label ->  [0.0003, 0.0, 0.9857, 0.0001, 0.0, 0.0109, 0.0031] **
max =  0.9857 | max_idx =  2
Balance pseudo label class ->  [1, 2, 3, 5, 6, 7]  value ->  211
add data ->  1266
Epoch 36/50, Train Loss: 0.3980, Valid Loss: 6.3614, Train Acc: 0.9167, Val Acc: 0.2149, Test Acc: 0.1298, Test F1: 0.1003, Total Pseudo-Labels: 1, Correct Pseudo-Labels: 0, Train Data Number: 2447



line 303 => train data수 2447
line 258 => 인스턴스 수 350
Step 1261  Tim 3:06:24
acc_train_cw(현재 train의 class별 acc) [0.95, 0.978, 0.918, 0.0, 0.946, 0.992, 0.857]
cw_psl_total_eval(pseudo label 클래스별 총 샘플 수):  [657, 618, 1091, 0, 323, 211, 216]
cw_psl_correct_eval(pseudo label 클래스별 맞은 샘플 수):  [157, 157, 165, 0, 73, 46, 71]
psl_acc(PSL 평가에서의 정확도):  0.215 
cw_psl_acc(클래스별 PSL 평가에서의 정확도):  [0.2389649897813797, 0.254045307636261, 0.1512373983860016, nan, 0.22600619494915009, 0.21800947189331055, 0.32870370149612427]
***pse_model_save --- epoch = 37***
Save model to ./experiment/java_extended_data/output/
**pseudo_label ->  [0.0092, 0.599, 0.2201, 0.0012, 0.1177, 0.0, 0.0527] **
max =  0.599 | max_idx =  1
**pseudo_label ->  [0.0502, 0.1724, 0.3766, 0.0009, 0.3942, 0.0, 0.0056] **
max =  0.3942 | max_idx =  4
**pseudo_label ->  [0.0027, 0.0282, 0.5402, 0.0007, 0.0186, 0.0038, 0.4058] **
max =  0.5402 | max_idx =  2
**pseudo_label ->  [0.0, 0.0, 0.0009, 0.0, 0.0, 0.9987, 0.0005] **
max =  0.9987 | max_idx =  5
**pseudo_label ->  [0.7904, 0.0, 0.1948, 0.0147, 0.0001, 0.0, 0.0] **
max =  0.7904 | max_idx =  0
Balance pseudo label class ->  [1, 2, 3, 5, 6, 7]  value ->  214
add data ->  1284
Epoch 37/50, Train Loss: 0.3785, Valid Loss: 7.0026, Train Acc: 0.9391, Val Acc: 0.2132, Test Acc: 0.1230, Test F1: 0.1014, Total Pseudo-Labels: 1, Correct Pseudo-Labels: 0, Train Data Number: 2756



line 303 => train data수 2756
line 258 => 인스턴스 수 394
Step 1611  Tim 3:19:58
acc_train_cw(현재 train의 class별 acc) [0.971, 0.949, 0.925, 0.0, 0.885, 0.979, 0.936]
cw_psl_total_eval(pseudo label 클래스별 총 샘플 수):  [677, 684, 908, 0, 454, 303, 214]
cw_psl_correct_eval(pseudo label 클래스별 맞은 샘플 수):  [154, 168, 140, 0, 101, 57, 71]
psl_acc(PSL 평가에서의 정확도):  0.213 
cw_psl_acc(클래스별 PSL 평가에서의 정확도):  [0.2274741530418396, 0.24561403691768646, 0.15418502688407898, nan, 0.22246696054935455, 0.1881188154220581, 0.3317756950855255]
***pse_model_save --- epoch = 38***
Save model to ./experiment/java_extended_data/output/
**pseudo_label ->  [0.0158, 0.0009, 0.9219, 0.0002, 0.018, 0.002, 0.0413] **
max =  0.9219 | max_idx =  2
**pseudo_label ->  [0.4971, 0.0383, 0.4145, 0.0019, 0.0424, 0.0, 0.0058] **
max =  0.4971 | max_idx =  0
**pseudo_label ->  [0.0002, 0.001, 0.3776, 0.0, 0.0031, 0.0233, 0.5947] **
max =  0.5947 | max_idx =  6
**pseudo_label ->  [0.0, 0.0, 0.0075, 0.0, 0.0, 0.9923, 0.0002] **
max =  0.9923 | max_idx =  5
**pseudo_label ->  [0.8526, 0.0, 0.1457, 0.0016, 0.0001, 0.0, 0.0] **
max =  0.8526 | max_idx =  0
Balance pseudo label class ->  [1, 2, 3, 5, 6, 7]  value ->  277
add data ->  1662
Epoch 38/50, Train Loss: 0.3633, Valid Loss: 6.5998, Train Acc: 0.9376, Val Acc: 0.2183, Test Acc: 0.1208, Test F1: 0.0971, Total Pseudo-Labels: 1, Correct Pseudo-Labels: 0, Train Data Number: 3083



line 303 => train data수 3083
line 258 => 인스턴스 수 441
Step 2005  Tim 3:34:27
acc_train_cw(현재 train의 class별 acc) [0.864, 0.997, 0.888, 0.0, 0.791, 0.887, 0.775]
cw_psl_total_eval(pseudo label 클래스별 총 샘플 수):  [769, 619, 957, 0, 390, 322, 277]
cw_psl_correct_eval(pseudo label 클래스별 맞은 샘플 수):  [162, 162, 151, 0, 84, 63, 89]
psl_acc(PSL 평가에서의 정확도):  0.213 
cw_psl_acc(클래스별 PSL 평가에서의 정확도):  [0.21066319942474365, 0.2617124319076538, 0.15778474509716034, nan, 0.2153846174478531, 0.19565217196941376, 0.32129964232444763]
***pse_model_save --- epoch = 39***
Save model to ./experiment/java_extended_data/output/
**pseudo_label ->  [0.0009, 0.7809, 0.1042, 0.0, 0.0074, 0.0, 0.1065] **
max =  0.7809 | max_idx =  1
**pseudo_label ->  [0.2177, 0.0277, 0.0488, 0.0008, 0.7048, 0.0, 0.0001] **
max =  0.7048 | max_idx =  4
**pseudo_label ->  [0.0, 0.7069, 0.0589, 0.0, 0.0009, 0.0, 0.2333] **
max =  0.7069 | max_idx =  1
**pseudo_label ->  [0.0, 0.0, 0.3103, 0.0, 0.0, 0.6545, 0.0352] **
max =  0.6545 | max_idx =  5
**pseudo_label ->  [0.9785, 0.0, 0.0007, 0.0009, 0.0199, 0.0, 0.0] **
max =  0.9785 | max_idx =  0
Balance pseudo label class ->  [1, 2, 3, 5, 6, 7]  value ->  194
add data ->  1164
Epoch 39/50, Train Loss: 0.3667, Valid Loss: 6.5758, Train Acc: 0.8761, Val Acc: 0.2437, Test Acc: 0.1253, Test F1: 0.1052, Total Pseudo-Labels: 1, Correct Pseudo-Labels: 0, Train Data Number: 3232



line 303 => train data수 3232
line 258 => 인스턴스 수 462
Step 2446  Tim 3:49:23
acc_train_cw(현재 train의 class별 acc) [0.576, 0.928, 0.944, 0.0, 0.996, 0.929, 0.949]
cw_psl_total_eval(pseudo label 클래스별 총 샘플 수):  [643, 808, 906, 0, 437, 260, 194]
cw_psl_correct_eval(pseudo label 클래스별 맞은 샘플 수):  [163, 191, 135, 0, 106, 53, 61]
psl_acc(PSL 평가에서의 정확도):  0.218 
cw_psl_acc(클래스별 PSL 평가에서의 정확도):  [0.25349920988082886, 0.23638613522052765, 0.14900662004947662, nan, 0.242562934756279, 0.20384615659713745, 0.3144329786300659]
***pse_model_save --- epoch = 40***
Save model to ./experiment/java_extended_data/output/
**pseudo_label ->  [0.0003, 0.0016, 0.8011, 0.0, 0.0012, 0.0045, 0.1912] **
max =  0.8011 | max_idx =  2
**pseudo_label ->  [0.0103, 0.092, 0.016, 0.0001, 0.8814, 0.0, 0.0003] **
max =  0.8814 | max_idx =  4
**pseudo_label ->  [0.0007, 0.215, 0.043, 0.0, 0.7302, 0.0, 0.0111] **
max =  0.7302 | max_idx =  4
**pseudo_label ->  [0.0, 0.0, 0.0145, 0.0, 0.0, 0.8482, 0.1374] **
max =  0.8482 | max_idx =  5
**pseudo_label ->  [0.3123, 0.0006, 0.6526, 0.006, 0.0284, 0.0, 0.0001] **
max =  0.6526 | max_idx =  2
Balance pseudo label class ->  [1, 2, 3, 5, 6, 7]  value ->  264
add data ->  1584
Epoch 40/50, Train Loss: 0.3153, Valid Loss: 6.9136, Train Acc: 0.8707, Val Acc: 0.2166, Test Acc: 0.1477, Test F1: 0.1075, Total Pseudo-Labels: 1, Correct Pseudo-Labels: 0, Train Data Number: 3400



line 303 => train data수 3400
line 258 => 인스턴스 수 486
Step 2908  Tim 4:05:00
acc_train_cw(현재 train의 class별 acc) [0.853, 0.997, 0.984, 0.0, 0.883, 0.96, 0.901]
cw_psl_total_eval(pseudo label 클래스별 총 샘플 수):  [298, 618, 1021, 0, 695, 264, 316]
cw_psl_correct_eval(pseudo label 클래스별 맞은 샘플 수):  [78, 159, 147, 0, 158, 50, 102]
psl_acc(PSL 평가에서의 정확도):  0.216 
cw_psl_acc(클래스별 PSL 평가에서의 정확도):  [0.26174497604370117, 0.2572815418243408, 0.14397649466991425, nan, 0.22733813524246216, 0.18939393758773804, 0.32278481125831604]
***pse_model_save --- epoch = 41***
Save model to ./experiment/java_extended_data/output/
**pseudo_label ->  [0.0, 0.0013, 0.7487, 0.0, 0.0, 0.0031, 0.2467] **
max =  0.7487 | max_idx =  2
**pseudo_label ->  [0.3404, 0.1213, 0.1654, 0.0034, 0.3694, 0.0, 0.0] **
max =  0.3694 | max_idx =  4
**pseudo_label ->  [0.0, 0.9628, 0.0066, 0.0, 0.0002, 0.0, 0.0304] **
max =  0.9628 | max_idx =  1
**pseudo_label ->  [0.0, 0.0, 0.0006, 0.0, 0.0, 0.9991, 0.0003] **
max =  0.9991 | max_idx =  5
**pseudo_label ->  [0.0398, 0.0001, 0.944, 0.0159, 0.0001, 0.0, 0.0] **
max =  0.944 | max_idx =  2
Balance pseudo label class ->  [1, 2, 3, 5, 6, 7]  value ->  280
add data ->  1680
Epoch 41/50, Train Loss: 0.2755, Valid Loss: 6.9678, Train Acc: 0.9332, Val Acc: 0.2132, Test Acc: 0.1454, Test F1: 0.1069, Total Pseudo-Labels: 1, Correct Pseudo-Labels: 0, Train Data Number: 3501



line 303 => train data수 3501
line 258 => 인스턴스 수 501
Step 3394  Tim 4:20:39
acc_train_cw(현재 train의 class별 acc) [0.854, 0.975, 0.91, 0.0, 0.951, 0.985, 0.95]
cw_psl_total_eval(pseudo label 클래스별 총 샘플 수):  [446, 745, 1147, 0, 439, 305, 280]
cw_psl_correct_eval(pseudo label 클래스별 맞은 샘플 수):  [107, 181, 161, 0, 104, 60, 91]
psl_acc(PSL 평가에서의 정확도):  0.209 
cw_psl_acc(클래스별 PSL 평가에서의 정확도):  [0.2399103194475174, 0.24295301735401154, 0.14036616683006287, nan, 0.23690204322338104, 0.19672131538391113, 0.32499998807907104]
***pse_model_save --- epoch = 42***
Save model to ./experiment/java_extended_data/output/
**pseudo_label ->  [0.0602, 0.01, 0.8857, 0.0059, 0.0327, 0.0004, 0.0051] **
max =  0.8857 | max_idx =  2
**pseudo_label ->  [0.0525, 0.2042, 0.1363, 0.0007, 0.6023, 0.0, 0.0039] **
max =  0.6023 | max_idx =  4
**pseudo_label ->  [0.0, 0.7051, 0.0003, 0.0, 0.0002, 0.0, 0.2944] **
max =  0.7051 | max_idx =  1
**pseudo_label ->  [0.0, 0.0, 0.0003, 0.0, 0.0, 0.9996, 0.0001] **
max =  0.9996 | max_idx =  5
**pseudo_label ->  [0.9906, 0.0, 0.0013, 0.0061, 0.002, 0.0, 0.0] **
max =  0.9906 | max_idx =  0
Balance pseudo label class ->  [1, 2, 3, 5, 6, 7]  value ->  318
add data ->  1908
Epoch 42/50, Train Loss: 0.2695, Valid Loss: 8.1009, Train Acc: 0.9289, Val Acc: 0.2064, Test Acc: 0.1163, Test F1: 0.0876, Total Pseudo-Labels: 1, Correct Pseudo-Labels: 0, Train Data Number: 3600



line 303 => train data수 3600
line 258 => 인스턴스 수 515
Step 3895  Tim 4:36:38
acc_train_cw(현재 train의 class별 acc) [0.946, 0.969, 0.925, 0.0, 0.939, 0.913, 0.903]
cw_psl_total_eval(pseudo label 클래스별 총 샘플 수):  [481, 733, 993, 0, 522, 342, 318]
cw_psl_correct_eval(pseudo label 클래스별 맞은 샘플 수):  [108, 172, 156, 0, 129, 65, 104]
psl_acc(PSL 평가에서의 정확도):  0.217 
cw_psl_acc(클래스별 PSL 평가에서의 정확도):  [0.22453223168849945, 0.23465211689472198, 0.15709969401359558, nan, 0.24712643027305603, 0.19005848467350006, 0.3270440399646759]
***pse_model_save --- epoch = 43***
Save model to ./experiment/java_extended_data/output/
**pseudo_label ->  [0.0007, 0.0005, 0.9891, 0.0003, 0.0011, 0.0019, 0.0063] **
max =  0.9891 | max_idx =  2
**pseudo_label ->  [0.0045, 0.0635, 0.0001, 0.0, 0.9319, 0.0, 0.0] **
max =  0.9319 | max_idx =  4
**pseudo_label ->  [0.0, 0.9257, 0.0004, 0.0, 0.0003, 0.0, 0.0736] **
max =  0.9257 | max_idx =  1
**pseudo_label ->  [0.0, 0.0, 0.0002, 0.0, 0.0, 0.9897, 0.0101] **
max =  0.9897 | max_idx =  5
**pseudo_label ->  [0.839, 0.0, 0.148, 0.0124, 0.0005, 0.0, 0.0] **
max =  0.839 | max_idx =  0
Balance pseudo label class ->  [1, 2, 3, 5, 6, 7]  value ->  302
add data ->  1812
Epoch 43/50, Train Loss: 0.2835, Valid Loss: 8.0322, Train Acc: 0.9350, Val Acc: 0.2166, Test Acc: 0.1298, Test F1: 0.1005, Total Pseudo-Labels: 0, Correct Pseudo-Labels: 0, Train Data Number: 3675



line 303 => train data수 3675
line 258 => 인스턴스 수 525
Step 4410  Tim 4:52:49
acc_train_cw(현재 train의 class별 acc) [0.817, 0.982, 0.934, 0.0, 0.961, 0.983, 0.931]
cw_psl_total_eval(pseudo label 클래스별 총 샘플 수):  [646, 745, 956, 0, 559, 303, 302]
cw_psl_correct_eval(pseudo label 클래스별 맞은 샘플 수):  [146, 177, 149, 0, 125, 57, 92]
psl_acc(PSL 평가에서의 정확도):  0.212 
cw_psl_acc(클래스별 PSL 평가에서의 정확도):  [0.22600619494915009, 0.23758389055728912, 0.15585774183273315, nan, 0.22361359000205994, 0.1881188154220581, 0.30463576316833496]
***pse_model_save --- epoch = 44***
Save model to ./experiment/java_extended_data/output/
**pseudo_label ->  [0.014, 0.0109, 0.5967, 0.0001, 0.3634, 0.0, 0.0148] **
max =  0.5967 | max_idx =  2
**pseudo_label ->  [0.0006, 0.0651, 0.0008, 0.0, 0.9334, 0.0, 0.0001] **
max =  0.9334 | max_idx =  4
**pseudo_label ->  [0.0, 0.9782, 0.0001, 0.0, 0.0069, 0.0, 0.0147] **
max =  0.9782 | max_idx =  1
**pseudo_label ->  [0.0, 0.0, 0.0007, 0.0, 0.0, 0.9993, 0.0001] **
max =  0.9993 | max_idx =  5
**pseudo_label ->  [0.7707, 0.0, 0.0224, 0.0006, 0.2062, 0.0, 0.0] **
max =  0.7707 | max_idx =  0
Balance pseudo label class ->  [1, 2, 3, 5, 6, 7]  value ->  314
add data ->  1884
Epoch 44/50, Train Loss: 0.2432, Valid Loss: 7.6320, Train Acc: 0.9301, Val Acc: 0.2301, Test Acc: 0.1499, Test F1: 0.1121, Total Pseudo-Labels: 1, Correct Pseudo-Labels: 0, Train Data Number: 3708



line 303 => train data수 3708
line 258 => 인스턴스 수 530
Step 4935  Tim 5:08:28
acc_train_cw(현재 train의 class별 acc) [0.973, 0.968, 0.975, 0.0, 0.952, 0.777, 0.885]
cw_psl_total_eval(pseudo label 클래스별 총 샘플 수):  [467, 740, 969, 0, 592, 355, 314]
cw_psl_correct_eval(pseudo label 클래스별 맞은 샘플 수):  [110, 174, 142, 0, 134, 66, 99]
psl_acc(PSL 평가에서의 정확도):  0.211 
cw_psl_acc(클래스별 PSL 평가에서의 정확도):  [0.2355460375547409, 0.23513513803482056, 0.14654283225536346, nan, 0.22635135054588318, 0.1859154999256134, 0.31528663635253906]
***pse_model_save --- epoch = 45***
Save model to ./experiment/java_extended_data/output/
**pseudo_label ->  [0.0016, 0.2042, 0.0625, 0.0, 0.7279, 0.0, 0.0038] **
max =  0.7279 | max_idx =  4
**pseudo_label ->  [0.0075, 0.0012, 0.0007, 0.0, 0.9906, 0.0, 0.0] **
max =  0.9906 | max_idx =  4
**pseudo_label ->  [0.0, 0.9963, 0.0, 0.0, 0.0036, 0.0, 0.0001] **
max =  0.9963 | max_idx =  1
**pseudo_label ->  [0.0, 0.0, 0.7152, 0.0, 0.0, 0.2834, 0.0014] **
max =  0.7152 | max_idx =  2
**pseudo_label ->  [0.9466, 0.0, 0.0518, 0.0004, 0.0012, 0.0, 0.0] **
max =  0.9466 | max_idx =  0
Balance pseudo label class ->  [1, 2, 3, 5, 6, 7]  value ->  233
add data ->  1398
Epoch 45/50, Train Loss: 0.2543, Valid Loss: 8.8836, Train Acc: 0.9399, Val Acc: 0.2115, Test Acc: 0.1409, Test F1: 0.1051, Total Pseudo-Labels: 1, Correct Pseudo-Labels: 0, Train Data Number: 3737



line 303 => train data수 3737
line 258 => 인스턴스 수 534
Step 5465  Tim 5:24:46
acc_train_cw(현재 train의 class별 acc) [0.947, 0.957, 0.986, 0.0, 0.932, 0.913, 0.958]
cw_psl_total_eval(pseudo label 클래스별 총 샘플 수):  [628, 714, 1090, 0, 576, 233, 284]
cw_psl_correct_eval(pseudo label 클래스별 맞은 샘플 수):  [151, 172, 169, 0, 131, 50, 88]
psl_acc(PSL 평가에서의 정확도):  0.216 
cw_psl_acc(클래스별 PSL 평가에서의 정확도):  [0.24044586718082428, 0.24089635908603668, 0.15504586696624756, nan, 0.2274305522441864, 0.21459227800369263, 0.30985915660858154]
***pse_model_save --- epoch = 46***
Save model to ./experiment/java_extended_data/output/
**pseudo_label ->  [0.0009, 0.0006, 0.9901, 0.0, 0.0038, 0.0, 0.0045] **
max =  0.9901 | max_idx =  2
**pseudo_label ->  [0.0098, 0.0573, 0.1358, 0.0, 0.7954, 0.0, 0.0017] **
max =  0.7954 | max_idx =  4
**pseudo_label ->  [0.0, 0.9825, 0.0001, 0.0, 0.0169, 0.0, 0.0005] **
max =  0.9825 | max_idx =  1
**pseudo_label ->  [0.0, 0.0, 0.0327, 0.0, 0.0, 0.9671, 0.0002] **
max =  0.9671 | max_idx =  5
**pseudo_label ->  [0.9894, 0.0, 0.0099, 0.0006, 0.0001, 0.0, 0.0] **
max =  0.9894 | max_idx =  0
Balance pseudo label class ->  [1, 2, 3, 5, 6, 7]  value ->  297
add data ->  1782
Epoch 46/50, Train Loss: 0.2438, Valid Loss: 7.6178, Train Acc: 0.9537, Val Acc: 0.2132, Test Acc: 0.1365, Test F1: 0.0986, Total Pseudo-Labels: 1, Correct Pseudo-Labels: 0, Train Data Number: 3767



line 303 => train data수 3767
line 258 => 인스턴스 수 539
Step 5999  Tim 5:41:07
acc_train_cw(현재 train의 class별 acc) [0.946, 0.981, 0.981, 0.0, 0.98, 0.773, 0.929]
cw_psl_total_eval(pseudo label 클래스별 총 샘플 수):  [604, 680, 1130, 0, 544, 297, 331]
cw_psl_correct_eval(pseudo label 클래스별 맞은 샘플 수):  [138, 157, 174, 0, 122, 58, 95]
psl_acc(PSL 평가에서의 정확도):  0.207 
cw_psl_acc(클래스별 PSL 평가에서의 정확도):  [0.22847682237625122, 0.23088234663009644, 0.15398229658603668, nan, 0.2242647111415863, 0.19528619945049286, 0.287009060382843]
***pse_model_save --- epoch = 47***
Save model to ./experiment/java_extended_data/output/
**pseudo_label ->  [0.0001, 0.0002, 0.9424, 0.0, 0.0052, 0.0003, 0.0517] **
max =  0.9424 | max_idx =  2
**pseudo_label ->  [0.0021, 0.0062, 0.0004, 0.0, 0.9913, 0.0, 0.0] **
max =  0.9913 | max_idx =  4
**pseudo_label ->  [0.0001, 0.4037, 0.0248, 0.0, 0.5367, 0.0, 0.0348] **
max =  0.5367 | max_idx =  4
**pseudo_label ->  [0.0, 0.0, 0.1484, 0.0, 0.0, 0.8511, 0.0005] **
max =  0.8511 | max_idx =  5
**pseudo_label ->  [0.759, 0.0001, 0.0841, 0.0004, 0.1564, 0.0, 0.0] **
max =  0.759 | max_idx =  0
Balance pseudo label class ->  [1, 2, 3, 5, 6, 7]  value ->  205
add data ->  1230
Epoch 47/50, Train Loss: 0.2312, Valid Loss: 8.6861, Train Acc: 0.9490, Val Acc: 0.2301, Test Acc: 0.1365, Test F1: 0.1031, Total Pseudo-Labels: 1, Correct Pseudo-Labels: 0, Train Data Number: 3777



line 303 => train data수 3777
line 258 => 인스턴스 수 540
Step 6538  Tim 5:57:29
acc_train_cw(현재 train의 class별 acc) [0.97, 0.993, 0.863, 0.0, 0.952, 0.971, 0.795]
cw_psl_total_eval(pseudo label 클래스별 총 샘플 수):  [586, 697, 1125, 0, 603, 205, 303]
cw_psl_correct_eval(pseudo label 클래스별 맞은 샘플 수):  [138, 167, 175, 0, 134, 40, 88]
psl_acc(PSL 평가에서의 정확도):  0.211 
cw_psl_acc(클래스별 PSL 평가에서의 정확도):  [0.23549488186836243, 0.23959827423095703, 0.15555556118488312, nan, 0.2222222238779068, 0.19512194395065308, 0.2904290556907654]
***pse_model_save --- epoch = 48***
Save model to ./experiment/java_extended_data/output/
**pseudo_label ->  [0.0573, 0.0001, 0.9209, 0.0004, 0.0211, 0.0, 0.0002] **
max =  0.9209 | max_idx =  2
**pseudo_label ->  [0.6564, 0.0001, 0.0004, 0.0, 0.343, 0.0, 0.0] **
max =  0.6564 | max_idx =  0
**pseudo_label ->  [0.0, 0.9696, 0.0, 0.0, 0.0295, 0.0, 0.0008] **
max =  0.9696 | max_idx =  1
**pseudo_label ->  [0.0, 0.0, 0.0, 0.0, 0.0, 1.0, 0.0] **
max =  1.0 | max_idx =  5
**pseudo_label ->  [0.9927, 0.0, 0.0029, 0.0001, 0.0043, 0.0, 0.0] **
max =  0.9927 | max_idx =  0
Balance pseudo label class ->  [1, 2, 3, 5, 6, 7]  value ->  240
add data ->  1440
Epoch 48/50, Train Loss: 0.2743, Valid Loss: 7.3173, Train Acc: 0.9230, Val Acc: 0.2301, Test Acc: 0.1230, Test F1: 0.1042, Total Pseudo-Labels: 0, Correct Pseudo-Labels: 0, Train Data Number: 3796



line 303 => train data수 3796
line 258 => 인스턴스 수 543
Step 7078  Tim 6:13:58
acc_train_cw(현재 train의 class별 acc) [0.974, 0.987, 0.928, 0.0, 0.932, 0.976, 0.926]
cw_psl_total_eval(pseudo label 클래스별 총 샘플 수):  [691, 763, 880, 0, 588, 369, 240]
cw_psl_correct_eval(pseudo label 클래스별 맞은 샘플 수):  [161, 177, 140, 0, 128, 65, 79]
psl_acc(PSL 평가에서의 정확도):  0.212 
cw_psl_acc(클래스별 PSL 평가에서의 정확도):  [0.2329956591129303, 0.23197902739048004, 0.15909090638160706, nan, 0.21768707036972046, 0.17615176737308502, 0.3291666805744171]
***pse_model_save --- epoch = 49***
Save model to ./experiment/java_extended_data/output/
**pseudo_label ->  [0.0, 0.0, 0.4821, 0.0001, 0.0, 0.2258, 0.2919] **
max =  0.4821 | max_idx =  2
**pseudo_label ->  [0.5816, 0.0011, 0.0664, 0.0002, 0.3507, 0.0, 0.0] **
max =  0.5816 | max_idx =  0
**pseudo_label ->  [0.0, 0.9509, 0.0016, 0.0, 0.0083, 0.0, 0.0393] **
max =  0.9509 | max_idx =  1
**pseudo_label ->  [0.0, 0.0, 0.0009, 0.0, 0.0, 0.999, 0.0] **
max =  0.999 | max_idx =  5
**pseudo_label ->  [0.9569, 0.0, 0.0422, 0.0009, 0.0001, 0.0, 0.0] **
max =  0.9569 | max_idx =  0
Balance pseudo label class ->  [1, 2, 3, 5, 6, 7]  value ->  283
add data ->  1698
Epoch 49/50, Train Loss: 0.2620, Valid Loss: 7.5220, Train Acc: 0.9515, Val Acc: 0.2200, Test Acc: 0.1320, Test F1: 0.1198, Total Pseudo-Labels: 1, Correct Pseudo-Labels: 0, Train Data Number: 3806



line 303 => train data수 3806
line 258 => 인스턴스 수 544
Step 7621  Tim 6:30:24
acc_train_cw(현재 train의 class별 acc) [0.856, 0.989, 0.915, 0.0, 0.969, 0.942, 0.921]
cw_psl_total_eval(pseudo label 클래스별 총 샘플 수):  [670, 735, 932, 0, 563, 349, 283]
cw_psl_correct_eval(pseudo label 클래스별 맞은 샘플 수):  [159, 172, 146, 0, 117, 63, 92]
psl_acc(PSL 평가에서의 정확도):  0.212 
cw_psl_acc(클래스별 PSL 평가에서의 정확도):  [0.2373134344816208, 0.2340136021375656, 0.15665236115455627, nan, 0.2078152745962143, 0.18051576614379883, 0.32508835196495056]
***pse_model_save --- epoch = 50***
Save model to ./experiment/java_extended_data/output/
**pseudo_label ->  [0.0005, 0.0, 0.9014, 0.0001, 0.0001, 0.0916, 0.0063] **
max =  0.9014 | max_idx =  2
**pseudo_label ->  [0.1233, 0.005, 0.1454, 0.0003, 0.7259, 0.0, 0.0001] **
max =  0.7259 | max_idx =  4
**pseudo_label ->  [0.0, 0.937, 0.0007, 0.0, 0.001, 0.0, 0.0613] **
max =  0.937 | max_idx =  1
**pseudo_label ->  [0.0, 0.0, 0.0005, 0.0, 0.0, 0.9995, 0.0] **
max =  0.9995 | max_idx =  5
**pseudo_label ->  [0.3145, 0.0, 0.6619, 0.0076, 0.016, 0.0001, 0.0] **
max =  0.6619 | max_idx =  2
Balance pseudo label class ->  [1, 2, 3, 5, 6, 7]  value ->  273
add data ->  1638
Epoch 50/50, Train Loss: 0.2572, Valid Loss: 7.6225, Train Acc: 0.9298, Val Acc: 0.2267, Test Acc: 0.1387, Test F1: 0.1041, Total Pseudo-Labels: 1, Correct Pseudo-Labels: 0, Train Data Number: 3813

Training complete!
Total training took 6:43:15 (h:mm:ss)
Load model from ./experiment/java_extended_data/output/5_codesage-base_0.0003_0.7_java_extended_data_net0.pth
Save training statistics in:  ./experiment/java_extended_data/log/codesage/class5//5_codesage-base_0.0003_0.7_java_extended_data/training_statistics.csv

best_trian_loss, epoch => 0.23115566922222366 47
Epoch-1_train_loss => 13.300047028064728
max_epoch_train_loss => 0.25724083645858825 


best_val_loss, epoch =>  1.7287598410637044 15
Epoch-1_val_loss => 4.178348806908893
max_epoch_val_loss => 7.622517238045309 

pse_epoch =>  [1, 2, 3, 4, 5, 6, 7, 8, 9, 10, 11, 12, 13, 14, 15, 16, 17, 18, 19, 20, 21, 22, 23, 24, 25, 26, 27, 28, 29, 30, 31, 32, 33, 34, 35, 36, 37, 38, 39, 40, 41, 42, 43, 44, 45, 46, 47, 48, 49, 50]
추가되는 pse_epoch =>  [1, 18, 29, 30, 31, 32, 33, 34, 35, 36, 37, 38, 39, 40, 41, 42, 43, 44, 45, 46, 47, 48, 49, 50] 

total_data:  3813 
Best_step:  245 
Best_epoch:  25 
best_val_acc:  0.3333333333333333 
best_test_acc:  0.13870246085011187 
best_test_f1:  0.10414393970326478
Save best record in:  ./experiment/java_extended_data/log/codesage/class5/summary.csv
Save best record in:  ./experiment/java_extended_data/log/summary_avgrun.csv
