current work directory:  /home/imsuhan22/few-shot-tc/custom_ssl/code
Data set -> corcod_extended_data
save_name: 10_codesage-base_0.0003_0.7_corcod_extended_data_37_[43]

data_path:  ../data/problem_based_split/corcod_extended_data

There are 2 GPU(s) available.
We will use the GPU- 0 Quadro RTX 8000

**line 147 모델 =>  codesage/codesage-base
**tokenizer type =  codesage/codesage-base 

pesudo label class개수 기준 -> 5
n_labeled_per_class:  10
train_df samples: 739
train_labeled_df samples: 50
train_unlabeled_df samples: 689
n_classes:  5 


net_arch:  codesage/codesage-base 
lr:  0.0003 
lr_linear:  0.001 




line 303 => train data수 50
line 258 => 인스턴스 수 8
Step 0  Tim 0:00:10
acc_train_cw(현재 train의 class별 acc) [0.5, 0.2, 0.2, 0.4, 0.0]
cw_psl_total_eval(pseudo label 클래스별 총 샘플 수):  [0, 0, 0, 0, 0]
cw_psl_correct_eval(pseudo label 클래스별 맞은 샘플 수):  [0, 0, 0, 0, 0]
psl_acc(PSL 평가에서의 정확도): None 
cw_psl_acc(클래스별 PSL 평가에서의 정확도):  [nan, nan, nan, nan, nan]
***best_acc_model_save --- epoch = 1***
Save model to ./experiment/corcod_extended_data/output/
**pseudo_label ->  [0.3702, 0.1329, 0.0668, 0.2659, 0.1643] **
max =  0.3702 | max_idx =  0
**pseudo_label ->  [0.082, 0.016, 0.2266, 0.6672, 0.0082] **
max =  0.6672 | max_idx =  3
**pseudo_label ->  [0.127, 0.044, 0.0112, 0.7584, 0.0594] **
max =  0.7584 | max_idx =  3
**pseudo_label ->  [0.7977, 0.0174, 0.0632, 0.0885, 0.0333] **
max =  0.7977 | max_idx =  0
**pseudo_label ->  [0.1546, 0.1104, 0.3878, 0.2484, 0.0989] **
max =  0.3878 | max_idx =  2
Balance pseudo label class ->  [1, 2, 3, 4, 5]  value ->  1
add data ->  5
Epoch 1/37, Train Loss: 6.7040, Valid Loss: 2.3488, Train Acc: 0.2600, Val Acc: 0.1531, Test Acc: 0.1263, Test F1(macro): 0.1020, Total Pseudo-Labels: 0, Correct Pseudo-Labels: 0, Train Data Number: 55



line 303 => train data수 55
line 258 => 인스턴스 수 8
Step 8  Tim 0:01:09
acc_train_cw(현재 train의 class별 acc) [0.0, 1.0, 0.0, 0.0, 0.0]
cw_psl_total_eval(pseudo label 클래스별 총 샘플 수):  [49, 12, 5, 32, 1]
cw_psl_correct_eval(pseudo label 클래스별 맞은 샘플 수):  [3, 0, 4, 6, 0]
psl_acc(PSL 평가에서의 정확도):  0.131 
cw_psl_acc(클래스별 PSL 평가에서의 정확도):  [0.06122449040412903, 0.0, 0.800000011920929, 0.1875, 0.0]
***pse_model_save --- epoch = 2***
Save model to ./experiment/corcod_extended_data/output/
**pseudo_label ->  [0.0852, 0.5883, 0.1172, 0.0089, 0.2005] **
max =  0.5883 | max_idx =  1
**pseudo_label ->  [0.0346, 0.4797, 0.0026, 0.0045, 0.4787] **
max =  0.4797 | max_idx =  1
**pseudo_label ->  [0.0509, 0.5346, 0.1119, 0.006, 0.2966] **
max =  0.5346 | max_idx =  1
**pseudo_label ->  [0.0545, 0.5671, 0.1068, 0.0072, 0.2644] **
max =  0.5671 | max_idx =  1
**pseudo_label ->  [0.0524, 0.6035, 0.1184, 0.0062, 0.2195] **
max =  0.6035 | max_idx =  1
Epoch 2/37, Train Loss: 2.4234, Valid Loss: 2.1084, Train Acc: 0.2000, Val Acc: 0.0612, Test Acc: 0.0526, Test F1(macro): 0.0200, Total Pseudo-Labels: 0, Correct Pseudo-Labels: 0, Train Data Number: 55



line 303 => train data수 55
line 258 => 인스턴스 수 8
Step 16  Tim 0:02:29
acc_train_cw(현재 train의 class별 acc) [0.0, 1.0, 0.0, 0.0, 0.0]
cw_psl_total_eval(pseudo label 클래스별 총 샘플 수):  [0, 0, 6, 0, 10]
cw_psl_correct_eval(pseudo label 클래스별 맞은 샘플 수):  [0, 0, 3, 0, 1]
psl_acc(PSL 평가에서의 정확도):  0.25 
cw_psl_acc(클래스별 PSL 평가에서의 정확도):  [nan, nan, 0.5, nan, 0.10000000149011612]
**pseudo_label ->  [0.1326, 0.3788, 0.1943, 0.0111, 0.2832] **
max =  0.3788 | max_idx =  1
**pseudo_label ->  [0.1191, 0.5019, 0.1212, 0.0115, 0.2462] **
max =  0.5019 | max_idx =  1
**pseudo_label ->  [0.091, 0.4509, 0.1775, 0.013, 0.2676] **
max =  0.4509 | max_idx =  1
**pseudo_label ->  [0.1716, 0.5077, 0.1173, 0.0107, 0.1927] **
max =  0.5077 | max_idx =  1
**pseudo_label ->  [0.1221, 0.5266, 0.1377, 0.0134, 0.2001] **
max =  0.5266 | max_idx =  1
Epoch 3/37, Train Loss: 2.3574, Valid Loss: 2.0545, Train Acc: 0.2000, Val Acc: 0.0612, Test Acc: 0.0526, Test F1(macro): 0.0200, Total Pseudo-Labels: 0, Correct Pseudo-Labels: 0, Train Data Number: 55



line 303 => train data수 55
line 258 => 인스턴스 수 8
Step 24  Tim 0:03:20
acc_train_cw(현재 train의 class별 acc) [0.0, 0.0, 0.0, 1.0, 0.0]
cw_psl_total_eval(pseudo label 클래스별 총 샘플 수):  [0, 0, 12, 0, 10]
cw_psl_correct_eval(pseudo label 클래스별 맞은 샘플 수):  [0, 0, 4, 0, 2]
psl_acc(PSL 평가에서의 정확도):  0.273 
cw_psl_acc(클래스별 PSL 평가에서의 정확도):  [nan, nan, 0.3333333432674408, nan, 0.20000000298023224]
**pseudo_label ->  [0.1398, 0.2398, 0.2666, 0.3281, 0.0257] **
max =  0.3281 | max_idx =  3
**pseudo_label ->  [0.1304, 0.2376, 0.1036, 0.516, 0.0123] **
max =  0.516 | max_idx =  3
**pseudo_label ->  [0.1806, 0.1632, 0.1398, 0.4982, 0.0182] **
max =  0.4982 | max_idx =  3
**pseudo_label ->  [0.191, 0.2161, 0.1741, 0.4112, 0.0075] **
max =  0.4112 | max_idx =  3
**pseudo_label ->  [0.1477, 0.1817, 0.1095, 0.5495, 0.0116] **
max =  0.5495 | max_idx =  3
Epoch 4/37, Train Loss: 2.4646, Valid Loss: 1.8175, Train Acc: 0.2000, Val Acc: 0.1429, Test Acc: 0.2316, Test F1(macro): 0.0752, Total Pseudo-Labels: 0, Correct Pseudo-Labels: 0, Train Data Number: 55



line 303 => train data수 55
line 258 => 인스턴스 수 8
Step 32  Tim 0:04:10
acc_train_cw(현재 train의 class별 acc) [0.0, 0.0, 0.0, 0.0, 1.0]
cw_psl_total_eval(pseudo label 클래스별 총 샘플 수):  [0, 0, 0, 12, 0]
cw_psl_correct_eval(pseudo label 클래스별 맞은 샘플 수):  [0, 0, 0, 3, 0]
psl_acc(PSL 평가에서의 정확도):  0.25 
cw_psl_acc(클래스별 PSL 평가에서의 정확도):  [nan, nan, nan, 0.25, nan]
**pseudo_label ->  [0.1838, 0.1096, 0.0681, 0.299, 0.3396] **
max =  0.3396 | max_idx =  4
**pseudo_label ->  [0.2951, 0.0872, 0.071, 0.2665, 0.2802] **
max =  0.2951 | max_idx =  0
**pseudo_label ->  [0.2604, 0.0987, 0.073, 0.2786, 0.2893] **
max =  0.2893 | max_idx =  4
**pseudo_label ->  [0.1451, 0.1608, 0.0539, 0.3419, 0.2982] **
max =  0.3419 | max_idx =  3
**pseudo_label ->  [0.2345, 0.1006, 0.0608, 0.3641, 0.2401] **
max =  0.3641 | max_idx =  3
Epoch 5/37, Train Loss: 1.9502, Valid Loss: 2.1857, Train Acc: 0.2000, Val Acc: 0.2449, Test Acc: 0.2316, Test F1(macro): 0.0752, Total Pseudo-Labels: 0, Correct Pseudo-Labels: 0, Train Data Number: 55



line 303 => train data수 55
line 258 => 인스턴스 수 8
Step 40  Tim 0:05:01
acc_train_cw(현재 train의 class별 acc) [0.0, 1.0, 0.0, 0.0, 0.0]
cw_psl_total_eval(pseudo label 클래스별 총 샘플 수):  [0, 0, 0, 0, 0]
cw_psl_correct_eval(pseudo label 클래스별 맞은 샘플 수):  [0, 0, 0, 0, 0]
psl_acc(PSL 평가에서의 정확도): None 
cw_psl_acc(클래스별 PSL 평가에서의 정확도):  [nan, nan, nan, nan, nan]
**pseudo_label ->  [0.2342, 0.5632, 0.1247, 0.0622, 0.0158] **
max =  0.5632 | max_idx =  1
**pseudo_label ->  [0.2555, 0.4705, 0.2008, 0.0515, 0.0217] **
max =  0.4705 | max_idx =  1
**pseudo_label ->  [0.1864, 0.6053, 0.1466, 0.0447, 0.017] **
max =  0.6053 | max_idx =  1
**pseudo_label ->  [0.2733, 0.5249, 0.1273, 0.0601, 0.0144] **
max =  0.5249 | max_idx =  1
**pseudo_label ->  [0.3367, 0.4772, 0.1298, 0.0374, 0.0189] **
max =  0.4772 | max_idx =  1
Epoch 6/37, Train Loss: 2.2367, Valid Loss: 1.9040, Train Acc: 0.2000, Val Acc: 0.0612, Test Acc: 0.0526, Test F1(macro): 0.0200, Total Pseudo-Labels: 0, Correct Pseudo-Labels: 0, Train Data Number: 55



line 303 => train data수 55
line 258 => 인스턴스 수 8
Step 48  Tim 0:05:50
acc_train_cw(현재 train의 class별 acc) [0.0, 0.0, 0.0, 0.0, 1.0]
cw_psl_total_eval(pseudo label 클래스별 총 샘플 수):  [0, 8, 35, 0, 0]
cw_psl_correct_eval(pseudo label 클래스별 맞은 샘플 수):  [0, 1, 18, 0, 0]
psl_acc(PSL 평가에서의 정확도):  0.442 
cw_psl_acc(클래스별 PSL 평가에서의 정확도):  [nan, 0.125, 0.5142857432365417, nan, nan]
**pseudo_label ->  [0.036, 0.0195, 0.2198, 0.2771, 0.4476] **
max =  0.4476 | max_idx =  4
**pseudo_label ->  [0.0451, 0.0131, 0.3272, 0.1731, 0.4415] **
max =  0.4415 | max_idx =  4
**pseudo_label ->  [0.0587, 0.1068, 0.1116, 0.2769, 0.446] **
max =  0.446 | max_idx =  4
**pseudo_label ->  [0.0416, 0.0132, 0.334, 0.3345, 0.2768] **
max =  0.3345 | max_idx =  3
**pseudo_label ->  [0.0391, 0.0838, 0.0012, 0.1699, 0.7059] **
max =  0.7059 | max_idx =  4
Epoch 7/37, Train Loss: 2.0550, Valid Loss: 1.4585, Train Acc: 0.2000, Val Acc: 0.2449, Test Acc: 0.2316, Test F1(macro): 0.0752, Total Pseudo-Labels: 0, Correct Pseudo-Labels: 0, Train Data Number: 55



line 303 => train data수 55
line 258 => 인스턴스 수 8
Step 56  Tim 0:06:40
acc_train_cw(현재 train의 class별 acc) [0.818, 0.0, 0.818, 0.0, 0.0]
cw_psl_total_eval(pseudo label 클래스별 총 샘플 수):  [0, 0, 0, 0, 39]
cw_psl_correct_eval(pseudo label 클래스별 맞은 샘플 수):  [0, 0, 0, 0, 9]
psl_acc(PSL 평가에서의 정확도):  0.231 
cw_psl_acc(클래스별 PSL 평가에서의 정확도):  [nan, nan, nan, nan, 0.23076923191547394]
**pseudo_label ->  [0.3956, 0.08, 0.3793, 0.0396, 0.1054] **
max =  0.3956 | max_idx =  0
**pseudo_label ->  [0.3369, 0.0328, 0.3478, 0.1314, 0.151] **
max =  0.3478 | max_idx =  2
**pseudo_label ->  [0.2106, 0.0816, 0.3663, 0.159, 0.1824] **
max =  0.3663 | max_idx =  2
**pseudo_label ->  [0.1446, 0.1247, 0.0144, 0.1618, 0.5545] **
max =  0.5545 | max_idx =  4
**pseudo_label ->  [0.3223, 0.0618, 0.3434, 0.1402, 0.1324] **
max =  0.3434 | max_idx =  2
Epoch 8/37, Train Loss: 1.6687, Valid Loss: 1.5472, Train Acc: 0.3273, Val Acc: 0.3878, Test Acc: 0.3053, Test F1(macro): 0.1611, Total Pseudo-Labels: 0, Correct Pseudo-Labels: 0, Train Data Number: 55



line 303 => train data수 55
line 258 => 인스턴스 수 8
Step 64  Tim 0:07:30
acc_train_cw(현재 train의 class별 acc) [0.909, 0.091, 0.455, 0.909, 0.364]
cw_psl_total_eval(pseudo label 클래스별 총 샘플 수):  [0, 0, 26, 0, 0]
cw_psl_correct_eval(pseudo label 클래스별 맞은 샘플 수):  [0, 0, 8, 0, 0]
psl_acc(PSL 평가에서의 정확도):  0.308 
cw_psl_acc(클래스별 PSL 평가에서의 정확도):  [nan, nan, 0.3076923191547394, nan, nan]
**pseudo_label ->  [0.151, 0.2385, 0.1426, 0.3364, 0.1315] **
max =  0.3364 | max_idx =  3
**pseudo_label ->  [0.1621, 0.1547, 0.1713, 0.3874, 0.1245] **
max =  0.3874 | max_idx =  3
**pseudo_label ->  [0.0296, 0.1492, 0.3596, 0.3013, 0.1603] **
max =  0.3596 | max_idx =  2
**pseudo_label ->  [0.0492, 0.1508, 0.26, 0.413, 0.1269] **
max =  0.413 | max_idx =  3
**pseudo_label ->  [0.2265, 0.3252, 0.1412, 0.1055, 0.2016] **
max =  0.3252 | max_idx =  1
Epoch 9/37, Train Loss: 1.7087, Valid Loss: 1.6907, Train Acc: 0.5455, Val Acc: 0.3163, Test Acc: 0.3474, Test F1(macro): 0.2670, Total Pseudo-Labels: 0, Correct Pseudo-Labels: 0, Train Data Number: 55



line 303 => train data수 55
line 258 => 인스턴스 수 8
Step 72  Tim 0:08:19
acc_train_cw(현재 train의 class별 acc) [1.0, 0.0, 1.0, 0.0, 0.273]
cw_psl_total_eval(pseudo label 클래스별 총 샘플 수):  [0, 0, 5, 0, 0]
cw_psl_correct_eval(pseudo label 클래스별 맞은 샘플 수):  [0, 0, 1, 0, 0]
psl_acc(PSL 평가에서의 정확도):  0.2 
cw_psl_acc(클래스별 PSL 평가에서의 정확도):  [nan, nan, 0.20000000298023224, nan, nan]
**pseudo_label ->  [0.367, 0.3462, 0.0008, 0.0634, 0.2226] **
max =  0.367 | max_idx =  0
**pseudo_label ->  [0.3054, 0.2929, 0.1058, 0.1215, 0.1744] **
max =  0.3054 | max_idx =  0
**pseudo_label ->  [0.005, 0.0367, 0.8153, 0.0578, 0.0851] **
max =  0.8153 | max_idx =  2
**pseudo_label ->  [0.0182, 0.0572, 0.6102, 0.0966, 0.2177] **
max =  0.6102 | max_idx =  2
**pseudo_label ->  [0.3994, 0.0481, 0.1836, 0.1565, 0.2124] **
max =  0.3994 | max_idx =  0
Epoch 10/37, Train Loss: 1.3771, Valid Loss: 2.2360, Train Acc: 0.4545, Val Acc: 0.3980, Test Acc: 0.2947, Test F1(macro): 0.2057, Total Pseudo-Labels: 0, Correct Pseudo-Labels: 0, Train Data Number: 55



line 303 => train data수 55
line 258 => 인스턴스 수 8
Step 80  Tim 0:09:09
acc_train_cw(현재 train의 class별 acc) [0.0, 0.818, 0.818, 0.545, 0.455]
cw_psl_total_eval(pseudo label 클래스별 총 샘플 수):  [106, 0, 82, 0, 16]
cw_psl_correct_eval(pseudo label 클래스별 맞은 샘플 수):  [51, 0, 44, 0, 3]
psl_acc(PSL 평가에서의 정확도):  0.48 
cw_psl_acc(클래스별 PSL 평가에서의 정확도):  [0.4811320900917053, nan, 0.5365853905677795, nan, 0.1875]
**pseudo_label ->  [0.1058, 0.6146, 0.0008, 0.1837, 0.0951] **
max =  0.6146 | max_idx =  1
**pseudo_label ->  [0.0376, 0.3968, 0.0103, 0.3055, 0.2498] **
max =  0.3968 | max_idx =  1
**pseudo_label ->  [0.0004, 0.0085, 0.5611, 0.3695, 0.0605] **
max =  0.5611 | max_idx =  2
**pseudo_label ->  [0.0004, 0.0114, 0.591, 0.3235, 0.0737] **
max =  0.591 | max_idx =  2
**pseudo_label ->  [0.0751, 0.633, 0.0016, 0.1731, 0.1173] **
max =  0.633 | max_idx =  1
Epoch 11/37, Train Loss: 1.3663, Valid Loss: 3.4944, Train Acc: 0.5273, Val Acc: 0.2857, Test Acc: 0.2105, Test F1(macro): 0.1776, Total Pseudo-Labels: 0, Correct Pseudo-Labels: 0, Train Data Number: 55



line 303 => train data수 55
line 258 => 인스턴스 수 8
Step 88  Tim 0:09:58
acc_train_cw(현재 train의 class별 acc) [1.0, 0.0, 0.0, 0.0, 1.0]
cw_psl_total_eval(pseudo label 클래스별 총 샘플 수):  [0, 3, 23, 3, 0]
cw_psl_correct_eval(pseudo label 클래스별 맞은 샘플 수):  [0, 2, 14, 2, 0]
psl_acc(PSL 평가에서의 정확도):  0.621 
cw_psl_acc(클래스별 PSL 평가에서의 정확도):  [nan, 0.6666666865348816, 0.6086956262588501, 0.6666666865348816, nan]
**pseudo_label ->  [0.9224, 0.066, 0.0, 0.0069, 0.0047] **
max =  0.9224 | max_idx =  0
**pseudo_label ->  [0.0648, 0.166, 0.0052, 0.1747, 0.5893] **
max =  0.5893 | max_idx =  4
**pseudo_label ->  [0.0503, 0.1175, 0.0183, 0.2143, 0.5995] **
max =  0.5995 | max_idx =  4
**pseudo_label ->  [0.0821, 0.1752, 0.0024, 0.3151, 0.4252] **
max =  0.4252 | max_idx =  4
**pseudo_label ->  [0.9808, 0.0159, 0.0, 0.0006, 0.0026] **
max =  0.9808 | max_idx =  0
Epoch 12/37, Train Loss: 1.5734, Valid Loss: 1.6592, Train Acc: 0.4000, Val Acc: 0.3061, Test Acc: 0.3053, Test F1(macro): 0.1847, Total Pseudo-Labels: 0, Correct Pseudo-Labels: 0, Train Data Number: 55



line 303 => train data수 55
line 258 => 인스턴스 수 8
Step 96  Tim 0:10:48
acc_train_cw(현재 train의 class별 acc) [1.0, 1.0, 1.0, 0.182, 0.0]
cw_psl_total_eval(pseudo label 클래스별 총 샘플 수):  [209, 0, 0, 0, 88]
cw_psl_correct_eval(pseudo label 클래스별 맞은 샘플 수):  [72, 0, 0, 0, 18]
psl_acc(PSL 평가에서의 정확도):  0.303 
cw_psl_acc(클래스별 PSL 평가에서의 정확도):  [0.3444976210594177, nan, nan, nan, 0.20454545319080353]
**pseudo_label ->  [0.1195, 0.5152, 0.0055, 0.3541, 0.0058] **
max =  0.5152 | max_idx =  1
**pseudo_label ->  [0.01, 0.1814, 0.4917, 0.192, 0.1249] **
max =  0.4917 | max_idx =  2
**pseudo_label ->  [0.0028, 0.0981, 0.6773, 0.1439, 0.0779] **
max =  0.6773 | max_idx =  2
**pseudo_label ->  [0.0131, 0.4766, 0.0185, 0.3256, 0.1662] **
max =  0.4766 | max_idx =  1
**pseudo_label ->  [0.0786, 0.5609, 0.0014, 0.315, 0.0441] **
max =  0.5609 | max_idx =  1
Epoch 13/37, Train Loss: 0.9718, Valid Loss: 1.8231, Train Acc: 0.6364, Val Acc: 0.3265, Test Acc: 0.3263, Test F1(macro): 0.2410, Total Pseudo-Labels: 0, Correct Pseudo-Labels: 0, Train Data Number: 55



line 303 => train data수 55
line 258 => 인스턴스 수 8
Step 104  Tim 0:11:38
acc_train_cw(현재 train의 class별 acc) [1.0, 0.091, 1.0, 0.545, 0.273]
cw_psl_total_eval(pseudo label 클래스별 총 샘플 수):  [31, 12, 133, 0, 0]
cw_psl_correct_eval(pseudo label 클래스별 맞은 샘플 수):  [28, 5, 81, 0, 0]
psl_acc(PSL 평가에서의 정확도):  0.648 
cw_psl_acc(클래스별 PSL 평가에서의 정확도):  [0.9032257795333862, 0.4166666567325592, 0.6090225577354431, nan, nan]
**pseudo_label ->  [0.0878, 0.5184, 0.0015, 0.3723, 0.02] **
max =  0.5184 | max_idx =  1
**pseudo_label ->  [0.0001, 0.0016, 0.4897, 0.0176, 0.491] **
max =  0.491 | max_idx =  4
**pseudo_label ->  [0.0001, 0.0004, 0.8527, 0.0307, 0.116] **
max =  0.8527 | max_idx =  2
**pseudo_label ->  [0.0004, 0.0103, 0.0226, 0.1045, 0.8623] **
max =  0.8623 | max_idx =  4
**pseudo_label ->  [0.056, 0.4463, 0.0004, 0.3079, 0.1894] **
max =  0.4463 | max_idx =  1
Epoch 14/37, Train Loss: 0.6783, Valid Loss: 2.3764, Train Acc: 0.5818, Val Acc: 0.3061, Test Acc: 0.2421, Test F1(macro): 0.2249, Total Pseudo-Labels: 0, Correct Pseudo-Labels: 0, Train Data Number: 55



line 303 => train data수 55
line 258 => 인스턴스 수 8
Step 112  Tim 0:12:27
acc_train_cw(현재 train의 class별 acc) [1.0, 1.0, 1.0, 0.455, 0.909]
cw_psl_total_eval(pseudo label 클래스별 총 샘플 수):  [22, 0, 88, 21, 55]
cw_psl_correct_eval(pseudo label 클래스별 맞은 샘플 수):  [20, 0, 61, 3, 10]
psl_acc(PSL 평가에서의 정확도):  0.505 
cw_psl_acc(클래스별 PSL 평가에서의 정확도):  [0.9090909361839294, nan, 0.6931818127632141, 0.1428571492433548, 0.1818181872367859]
**pseudo_label ->  [0.0467, 0.9415, 0.0, 0.0099, 0.0019] **
max =  0.9415 | max_idx =  1
**pseudo_label ->  [0.0008, 0.0234, 0.1087, 0.1113, 0.7559] **
max =  0.7559 | max_idx =  4
**pseudo_label ->  [0.0003, 0.0085, 0.4383, 0.244, 0.309] **
max =  0.4383 | max_idx =  2
**pseudo_label ->  [0.0025, 0.1755, 0.0166, 0.7573, 0.0481] **
max =  0.7573 | max_idx =  3
**pseudo_label ->  [0.1369, 0.8245, 0.0001, 0.0317, 0.0069] **
max =  0.8245 | max_idx =  1
Balance pseudo label class ->  [1, 2, 3, 4, 5]  value ->  25
add data ->  125
Epoch 15/37, Train Loss: 0.7577, Valid Loss: 3.2387, Train Acc: 0.8727, Val Acc: 0.3776, Test Acc: 0.3053, Test F1(macro): 0.3267, Total Pseudo-Labels: 1, Correct Pseudo-Labels: 1, Train Data Number: 175



line 303 => train data수 175
line 258 => 인스턴스 수 25
Step 120  Tim 0:13:39
acc_train_cw(현재 train의 class별 acc) [1.0, 0.139, 0.912, 0.257, 0.943]
cw_psl_total_eval(pseudo label 클래스별 총 샘플 수):  [46, 102, 25, 26, 151]
cw_psl_correct_eval(pseudo label 클래스별 맞은 샘플 수):  [37, 25, 17, 11, 45]
psl_acc(PSL 평가에서의 정확도):  0.386 
cw_psl_acc(클래스별 PSL 평가에서의 정확도):  [0.804347813129425, 0.2450980395078659, 0.6800000071525574, 0.42307692766189575, 0.29801324009895325]
***pse_model_save --- epoch = 16***
Save model to ./experiment/corcod_extended_data/output/
**pseudo_label ->  [0.4591, 0.4511, 0.0, 0.0109, 0.0789] **
max =  0.4591 | max_idx =  0
**pseudo_label ->  [0.0089, 0.057, 0.0017, 0.0158, 0.9166] **
max =  0.9166 | max_idx =  4
**pseudo_label ->  [0.0001, 0.0004, 0.1314, 0.0528, 0.8154] **
max =  0.8154 | max_idx =  4
**pseudo_label ->  [0.0033, 0.0246, 0.0423, 0.5133, 0.4165] **
max =  0.5133 | max_idx =  3
**pseudo_label ->  [0.714, 0.2572, 0.0, 0.0052, 0.0236] **
max =  0.714 | max_idx =  0
Epoch 16/37, Train Loss: 1.2974, Valid Loss: 3.9378, Train Acc: 0.6457, Val Acc: 0.3673, Test Acc: 0.3474, Test F1(macro): 0.2963, Total Pseudo-Labels: 1, Correct Pseudo-Labels: 1, Train Data Number: 175



line 303 => train data수 175
line 258 => 인스턴스 수 25
Step 145  Tim 0:14:54
acc_train_cw(현재 train의 class별 acc) [1.0, 0.472, 0.971, 0.943, 0.429]
cw_psl_total_eval(pseudo label 클래스별 총 샘플 수):  [69, 0, 70, 3, 359]
cw_psl_correct_eval(pseudo label 클래스별 맞은 샘플 수):  [45, 0, 53, 1, 102]
psl_acc(PSL 평가에서의 정확도):  0.401 
cw_psl_acc(클래스별 PSL 평가에서의 정확도):  [0.6521739363670349, nan, 0.7571428418159485, 0.3333333432674408, 0.2841225564479828]
**pseudo_label ->  [0.2242, 0.6849, 0.0001, 0.0893, 0.0015] **
max =  0.6849 | max_idx =  1
**pseudo_label ->  [0.013, 0.1922, 0.0015, 0.5232, 0.2701] **
max =  0.5232 | max_idx =  3
**pseudo_label ->  [0.0002, 0.007, 0.1246, 0.8603, 0.0079] **
max =  0.8603 | max_idx =  3
**pseudo_label ->  [0.0005, 0.0039, 0.0095, 0.985, 0.001] **
max =  0.985 | max_idx =  3
**pseudo_label ->  [0.4908, 0.4329, 0.0, 0.0746, 0.0017] **
max =  0.4908 | max_idx =  0
Balance pseudo label class ->  [1, 2, 3, 4, 5]  value ->  2
add data ->  10
Epoch 17/37, Train Loss: 0.7059, Valid Loss: 3.0343, Train Acc: 0.7600, Val Acc: 0.3571, Test Acc: 0.3789, Test F1(macro): 0.3620, Total Pseudo-Labels: 0, Correct Pseudo-Labels: 0, Train Data Number: 181



line 303 => train data수 181
line 258 => 인스턴스 수 26
Step 170  Tim 0:16:07
acc_train_cw(현재 train의 class별 acc) [0.972, 0.378, 0.943, 0.973, 0.889]
cw_psl_total_eval(pseudo label 클래스별 총 샘플 수):  [85, 23, 124, 195, 2]
cw_psl_correct_eval(pseudo label 클래스별 맞은 샘플 수):  [51, 12, 76, 44, 1]
psl_acc(PSL 평가에서의 정확도):  0.429 
cw_psl_acc(클래스별 PSL 평가에서의 정확도):  [0.6000000238418579, 0.52173912525177, 0.6129032373428345, 0.22564102709293365, 0.5]
***pse_model_save --- epoch = 18***
Save model to ./experiment/corcod_extended_data/output/
**pseudo_label ->  [0.0093, 0.1975, 0.0017, 0.6805, 0.1111] **
max =  0.6805 | max_idx =  3
**pseudo_label ->  [0.0, 0.0001, 0.2112, 0.6751, 0.1136] **
max =  0.6751 | max_idx =  3
**pseudo_label ->  [0.0, 0.0001, 0.1624, 0.8248, 0.0127] **
max =  0.8248 | max_idx =  3
**pseudo_label ->  [0.0001, 0.0011, 0.0139, 0.9807, 0.0042] **
max =  0.9807 | max_idx =  3
**pseudo_label ->  [0.1306, 0.2645, 0.0002, 0.393, 0.2117] **
max =  0.393 | max_idx =  3
Balance pseudo label class ->  [1, 2, 3, 4, 5]  value ->  13
add data ->  65
Epoch 18/37, Train Loss: 0.5519, Valid Loss: 3.8481, Train Acc: 0.8287, Val Acc: 0.2857, Test Acc: 0.3579, Test F1(macro): 0.4197, Total Pseudo-Labels: 1, Correct Pseudo-Labels: 1, Train Data Number: 223



line 303 => train data수 223
line 258 => 인스턴스 수 32
Step 196  Tim 0:18:19
acc_train_cw(현재 train의 class별 acc) [0.878, 0.841, 1.0, 0.771, 1.0]
cw_psl_total_eval(pseudo label 클래스별 총 샘플 수):  [54, 13, 65, 180, 187]
cw_psl_correct_eval(pseudo label 클래스별 맞은 샘플 수):  [45, 13, 51, 44, 63]
psl_acc(PSL 평가에서의 정확도):  0.433 
cw_psl_acc(클래스별 PSL 평가에서의 정확도):  [0.8333333134651184, 1.0, 0.7846153974533081, 0.24444444477558136, 0.3368983864784241]
***pse_model_save --- epoch = 19***
Save model to ./experiment/corcod_extended_data/output/
**pseudo_label ->  [0.0002, 0.9744, 0.0, 0.002, 0.0233] **
max =  0.9744 | max_idx =  1
**pseudo_label ->  [0.0, 0.0156, 0.0011, 0.0368, 0.9465] **
max =  0.9465 | max_idx =  4
**pseudo_label ->  [0.0, 0.0005, 0.4458, 0.2693, 0.2844] **
max =  0.4458 | max_idx =  2
**pseudo_label ->  [0.0, 0.0003, 0.0914, 0.8497, 0.0586] **
max =  0.8497 | max_idx =  3
**pseudo_label ->  [0.0029, 0.5174, 0.0, 0.0705, 0.4092] **
max =  0.5174 | max_idx =  1
Balance pseudo label class ->  [1, 2, 3, 4, 5]  value ->  39
add data ->  195
Epoch 19/37, Train Loss: 0.5597, Valid Loss: 3.7529, Train Acc: 0.8969, Val Acc: 0.3367, Test Acc: 0.3368, Test F1(macro): 0.3551, Total Pseudo-Labels: 1, Correct Pseudo-Labels: 1, Train Data Number: 319



line 303 => train data수 319
line 258 => 인스턴스 수 46
Step 228  Tim 0:20:29
acc_train_cw(현재 train의 class별 acc) [0.926, 0.912, 1.0, 0.938, 0.938]
cw_psl_total_eval(pseudo label 클래스별 총 샘플 수):  [41, 39, 69, 58, 296]
cw_psl_correct_eval(pseudo label 클래스별 맞은 샘플 수):  [36, 24, 53, 15, 80]
psl_acc(PSL 평가에서의 정확도):  0.414 
cw_psl_acc(클래스별 PSL 평가에서의 정확도):  [0.8780487775802612, 0.6153846383094788, 0.7681159377098083, 0.2586206793785095, 0.2702702581882477]
***pse_model_save --- epoch = 20***
Save model to ./experiment/corcod_extended_data/output/
**pseudo_label ->  [0.0001, 0.9968, 0.0, 0.0025, 0.0006] **
max =  0.9968 | max_idx =  1
**pseudo_label ->  [0.0, 0.0053, 0.0022, 0.075, 0.9174] **
max =  0.9174 | max_idx =  4
**pseudo_label ->  [0.0, 0.0002, 0.3146, 0.1752, 0.5099] **
max =  0.5099 | max_idx =  4
**pseudo_label ->  [0.0018, 0.0018, 0.0045, 0.9751, 0.0169] **
max =  0.9751 | max_idx =  3
**pseudo_label ->  [0.0083, 0.3345, 0.0, 0.6477, 0.0094] **
max =  0.6477 | max_idx =  3
Balance pseudo label class ->  [1, 2, 3, 4, 5]  value ->  48
add data ->  240
Epoch 20/37, Train Loss: 0.3364, Valid Loss: 4.7946, Train Acc: 0.9436, Val Acc: 0.3878, Test Acc: 0.3368, Test F1(macro): 0.3773, Total Pseudo-Labels: 1, Correct Pseudo-Labels: 1, Train Data Number: 408



line 303 => train data수 408
line 258 => 인스턴스 수 59
Step 274  Tim 0:22:56
acc_train_cw(현재 train의 class별 acc) [1.0, 0.955, 0.948, 0.531, 1.0]
cw_psl_total_eval(pseudo label 클래스별 총 샘플 수):  [53, 48, 80, 152, 215]
cw_psl_correct_eval(pseudo label 클래스별 맞은 샘플 수):  [44, 25, 58, 35, 70]
psl_acc(PSL 평가에서의 정확도):  0.423 
cw_psl_acc(클래스별 PSL 평가에서의 정확도):  [0.8301886916160583, 0.5208333134651184, 0.7250000238418579, 0.23026315867900848, 0.3255814015865326]
***pse_model_save --- epoch = 21***
Save model to ./experiment/corcod_extended_data/output/
**pseudo_label ->  [0.0, 0.9931, 0.0, 0.0, 0.0069] **
max =  0.9931 | max_idx =  1
**pseudo_label ->  [0.0, 0.0, 0.0003, 0.0002, 0.9994] **
max =  0.9994 | max_idx =  4
**pseudo_label ->  [0.0, 0.0, 0.0855, 0.0826, 0.8319] **
max =  0.8319 | max_idx =  4
**pseudo_label ->  [0.0005, 0.0, 0.0002, 0.9967, 0.0025] **
max =  0.9967 | max_idx =  3
**pseudo_label ->  [0.0191, 0.85, 0.0, 0.0094, 0.1215] **
max =  0.85 | max_idx =  1
Balance pseudo label class ->  [1, 2, 3, 4, 5]  value ->  57
add data ->  285
Epoch 21/37, Train Loss: 0.4026, Valid Loss: 4.4017, Train Acc: 0.8701, Val Acc: 0.3878, Test Acc: 0.3789, Test F1(macro): 0.3808, Total Pseudo-Labels: 1, Correct Pseudo-Labels: 1, Train Data Number: 479



line 303 => train data수 479
line 258 => 인스턴스 수 69
Step 333  Tim 0:25:37
acc_train_cw(현재 train의 class별 acc) [0.897, 0.859, 0.889, 0.971, 0.959]
cw_psl_total_eval(pseudo label 클래스별 총 샘플 수):  [86, 57, 69, 61, 332]
cw_psl_correct_eval(pseudo label 클래스별 맞은 샘플 수):  [53, 26, 53, 15, 99]
psl_acc(PSL 평가에서의 정확도):  0.407 
cw_psl_acc(클래스별 PSL 평가에서의 정확도):  [0.6162790656089783, 0.45614033937454224, 0.7681159377098083, 0.24590164422988892, 0.2981927692890167]
***pse_model_save --- epoch = 22***
Save model to ./experiment/corcod_extended_data/output/
**pseudo_label ->  [0.0004, 0.999, 0.0, 0.0001, 0.0005] **
max =  0.999 | max_idx =  1
**pseudo_label ->  [0.0, 0.0004, 0.0005, 0.062, 0.937] **
max =  0.937 | max_idx =  4
**pseudo_label ->  [0.0, 0.0002, 0.0031, 0.2635, 0.7332] **
max =  0.7332 | max_idx =  4
**pseudo_label ->  [0.0012, 0.0001, 0.0, 0.9978, 0.0009] **
max =  0.9978 | max_idx =  3
**pseudo_label ->  [0.0071, 0.7137, 0.0, 0.0486, 0.2306] **
max =  0.7137 | max_idx =  1
Balance pseudo label class ->  [1, 2, 3, 4, 5]  value ->  46
add data ->  230
Epoch 22/37, Train Loss: 0.2972, Valid Loss: 5.4411, Train Acc: 0.9248, Val Acc: 0.4184, Test Acc: 0.4211, Test F1(macro): 0.4757, Total Pseudo-Labels: 1, Correct Pseudo-Labels: 1, Train Data Number: 519



line 303 => train data수 519
line 258 => 인스턴스 수 75
Step 402  Tim 0:28:25
acc_train_cw(현재 train의 class별 acc) [0.744, 0.926, 1.0, 0.953, 0.873]
cw_psl_total_eval(pseudo label 클래스별 총 샘플 수):  [63, 46, 62, 159, 253]
cw_psl_correct_eval(pseudo label 클래스별 맞은 샘플 수):  [50, 26, 49, 38, 87]
psl_acc(PSL 평가에서의 정확도):  0.429 
cw_psl_acc(클래스별 PSL 평가에서의 정확도):  [0.7936508059501648, 0.5652173757553101, 0.7903226017951965, 0.23899370431900024, 0.343873530626297]
***pse_model_save --- epoch = 23***
Save model to ./experiment/corcod_extended_data/output/
**pseudo_label ->  [0.0, 0.9939, 0.0, 0.0, 0.0061] **
max =  0.9939 | max_idx =  1
**pseudo_label ->  [0.0, 0.0, 0.0255, 0.0052, 0.9693] **
max =  0.9693 | max_idx =  4
**pseudo_label ->  [0.0, 0.0, 0.0507, 0.9438, 0.0054] **
max =  0.9438 | max_idx =  3
**pseudo_label ->  [0.0, 0.0, 0.0077, 0.9923, 0.0] **
max =  0.9923 | max_idx =  3
**pseudo_label ->  [0.0001, 0.8967, 0.0, 0.0086, 0.0945] **
max =  0.8967 | max_idx =  1
Balance pseudo label class ->  [1, 2, 3, 4, 5]  value ->  53
add data ->  265
Epoch 23/37, Train Loss: 0.3456, Valid Loss: 3.3426, Train Acc: 0.8998, Val Acc: 0.3776, Test Acc: 0.3895, Test F1(macro): 0.4172, Total Pseudo-Labels: 1, Correct Pseudo-Labels: 1, Train Data Number: 573



line 303 => train data수 573
line 258 => 인스턴스 수 82
Step 477  Tim 0:31:22
acc_train_cw(현재 train의 class별 acc) [0.946, 0.739, 0.96, 0.939, 0.989]
cw_psl_total_eval(pseudo label 클래스별 총 샘플 수):  [54, 53, 105, 186, 220]
cw_psl_correct_eval(pseudo label 클래스별 맞은 샘플 수):  [45, 25, 69, 39, 78]
psl_acc(PSL 평가에서의 정확도):  0.414 
cw_psl_acc(클래스별 PSL 평가에서의 정확도):  [0.8333333134651184, 0.4716981053352356, 0.6571428775787354, 0.20967741310596466, 0.3545454442501068]
***pse_model_save --- epoch = 24***
Save model to ./experiment/corcod_extended_data/output/
**pseudo_label ->  [0.0004, 0.9936, 0.0, 0.0003, 0.0058] **
max =  0.9936 | max_idx =  1
**pseudo_label ->  [0.0, 0.0, 0.0365, 0.0002, 0.9633] **
max =  0.9633 | max_idx =  4
**pseudo_label ->  [0.0, 0.0, 0.2051, 0.0773, 0.7177] **
max =  0.7177 | max_idx =  4
**pseudo_label ->  [0.0, 0.0, 0.0085, 0.982, 0.0096] **
max =  0.982 | max_idx =  3
**pseudo_label ->  [0.12, 0.7391, 0.0, 0.1221, 0.0186] **
max =  0.7391 | max_idx =  1
Balance pseudo label class ->  [1, 2, 3, 4, 5]  value ->  39
add data ->  195
Epoch 24/37, Train Loss: 0.2664, Valid Loss: 4.3748, Train Acc: 0.9354, Val Acc: 0.3776, Test Acc: 0.3895, Test F1(macro): 0.4221, Total Pseudo-Labels: 1, Correct Pseudo-Labels: 1, Train Data Number: 591



line 303 => train data수 591
line 258 => 인스턴스 수 85
Step 559  Tim 0:34:24
acc_train_cw(현재 train의 class별 acc) [0.89, 1.0, 0.99, 0.974, 0.821]
cw_psl_total_eval(pseudo label 클래스별 총 샘플 수):  [56, 39, 80, 153, 282]
cw_psl_correct_eval(pseudo label 클래스별 맞은 샘플 수):  [45, 23, 56, 34, 91]
psl_acc(PSL 평가에서의 정확도):  0.408 
cw_psl_acc(클래스별 PSL 평가에서의 정확도):  [0.8035714030265808, 0.5897436141967773, 0.699999988079071, 0.2222222238779068, 0.3226950466632843]
***pse_model_save --- epoch = 25***
Save model to ./experiment/corcod_extended_data/output/
**pseudo_label ->  [0.0, 1.0, 0.0, 0.0, 0.0] **
max =  1.0 | max_idx =  1
**pseudo_label ->  [0.0, 0.0001, 0.039, 0.0158, 0.9452] **
max =  0.9452 | max_idx =  4
**pseudo_label ->  [0.0, 0.0, 0.1492, 0.8345, 0.0162] **
max =  0.8345 | max_idx =  3
**pseudo_label ->  [0.0232, 0.0001, 0.0, 0.9767, 0.0] **
max =  0.9767 | max_idx =  3
**pseudo_label ->  [0.1275, 0.8428, 0.0, 0.0297, 0.0] **
max =  0.8428 | max_idx =  1
Balance pseudo label class ->  [1, 2, 3, 4, 5]  value ->  60
add data ->  300
Epoch 25/37, Train Loss: 0.3509, Valid Loss: 4.4939, Train Acc: 0.9188, Val Acc: 0.3673, Test Acc: 0.3895, Test F1(macro): 0.4437, Total Pseudo-Labels: 1, Correct Pseudo-Labels: 1, Train Data Number: 628



line 303 => train data수 628
line 258 => 인스턴스 수 90
Step 644  Tim 0:37:31
acc_train_cw(현재 train의 class별 acc) [0.947, 1.0, 0.906, 0.976, 0.99]
cw_psl_total_eval(pseudo label 클래스별 총 샘플 수):  [60, 72, 97, 209, 184]
cw_psl_correct_eval(pseudo label 클래스별 맞은 샘플 수):  [48, 28, 65, 42, 66]
psl_acc(PSL 평가에서의 정확도):  0.4 
cw_psl_acc(클래스별 PSL 평가에서의 정확도):  [0.800000011920929, 0.3888888955116272, 0.6701030731201172, 0.20095694065093994, 0.3586956560611725]
***pse_model_save --- epoch = 26***
Save model to ./experiment/corcod_extended_data/output/
**pseudo_label ->  [0.0, 1.0, 0.0, 0.0, 0.0] **
max =  1.0 | max_idx =  1
**pseudo_label ->  [0.0, 0.0001, 0.0007, 0.014, 0.9851] **
max =  0.9851 | max_idx =  4
**pseudo_label ->  [0.0, 0.0001, 0.0226, 0.2621, 0.7151] **
max =  0.7151 | max_idx =  4
**pseudo_label ->  [0.0074, 0.0008, 0.0, 0.9916, 0.0001] **
max =  0.9916 | max_idx =  3
**pseudo_label ->  [0.0006, 0.9961, 0.0, 0.001, 0.0022] **
max =  0.9961 | max_idx =  1
Balance pseudo label class ->  [1, 2, 3, 4, 5]  value ->  64
add data ->  320
Epoch 26/37, Train Loss: 0.1945, Valid Loss: 5.3941, Train Acc: 0.9682, Val Acc: 0.4184, Test Acc: 0.3895, Test F1(macro): 0.4214, Total Pseudo-Labels: 1, Correct Pseudo-Labels: 1, Train Data Number: 644



line 303 => train data수 644
line 258 => 인스턴스 수 92
Step 734  Tim 0:40:43
acc_train_cw(현재 train의 class별 acc) [0.96, 0.988, 0.892, 0.816, 1.0]
cw_psl_total_eval(pseudo label 클래스별 총 샘플 수):  [64, 74, 79, 183, 231]
cw_psl_correct_eval(pseudo label 클래스별 맞은 샘플 수):  [47, 28, 58, 36, 77]
psl_acc(PSL 평가에서의 정확도):  0.39 
cw_psl_acc(클래스별 PSL 평가에서의 정확도):  [0.734375, 0.37837839126586914, 0.7341772317886353, 0.19672131538391113, 0.3333333432674408]
***pse_model_save --- epoch = 27***
Save model to ./experiment/corcod_extended_data/output/
**pseudo_label ->  [0.0, 0.9999, 0.0, 0.0, 0.0001] **
max =  0.9999 | max_idx =  1
**pseudo_label ->  [0.0, 0.0, 0.0, 0.0, 1.0] **
max =  1.0 | max_idx =  4
**pseudo_label ->  [0.0, 0.0, 0.017, 0.1165, 0.8665] **
max =  0.8665 | max_idx =  4
**pseudo_label ->  [0.0016, 0.0001, 0.0, 0.9977, 0.0005] **
max =  0.9977 | max_idx =  3
**pseudo_label ->  [0.0, 0.9963, 0.0, 0.0, 0.0037] **
max =  0.9963 | max_idx =  1
Balance pseudo label class ->  [1, 2, 3, 4, 5]  value ->  65
add data ->  325
Epoch 27/37, Train Loss: 0.1773, Valid Loss: 5.8782, Train Acc: 0.9270, Val Acc: 0.3878, Test Acc: 0.3789, Test F1(macro): 0.4027, Total Pseudo-Labels: 1, Correct Pseudo-Labels: 1, Train Data Number: 659



line 303 => train data수 659
line 258 => 인스턴스 수 95
Step 826  Tim 0:43:28
acc_train_cw(현재 train의 class별 acc) [1.0, 1.0, 0.97, 0.971, 0.969]
cw_psl_total_eval(pseudo label 클래스별 총 샘플 수):  [65, 74, 78, 126, 297]
cw_psl_correct_eval(pseudo label 클래스별 맞은 샘플 수):  [48, 29, 58, 31, 96]
psl_acc(PSL 평가에서의 정확도):  0.409 
cw_psl_acc(클래스별 PSL 평가에서의 정확도):  [0.7384615540504456, 0.3918918967247009, 0.7435897588729858, 0.2460317462682724, 0.3232323229312897]
***pse_model_save --- epoch = 28***
Save model to ./experiment/corcod_extended_data/output/
**pseudo_label ->  [0.0, 1.0, 0.0, 0.0, 0.0] **
max =  1.0 | max_idx =  1
**pseudo_label ->  [0.0, 0.0, 0.0, 0.0001, 0.9998] **
max =  0.9998 | max_idx =  4
**pseudo_label ->  [0.0, 0.0001, 0.003, 0.1499, 0.847] **
max =  0.847 | max_idx =  4
**pseudo_label ->  [0.0035, 0.0, 0.0, 0.9965, 0.0] **
max =  0.9965 | max_idx =  3
**pseudo_label ->  [0.0009, 0.999, 0.0, 0.0, 0.0001] **
max =  0.999 | max_idx =  1
Balance pseudo label class ->  [1, 2, 3, 4, 5]  value ->  70
add data ->  350
Epoch 28/37, Train Loss: 0.1937, Valid Loss: 5.3968, Train Acc: 0.9772, Val Acc: 0.3878, Test Acc: 0.3895, Test F1(macro): 0.3982, Total Pseudo-Labels: 1, Correct Pseudo-Labels: 1, Train Data Number: 671



line 303 => train data수 671
line 258 => 인스턴스 수 96
Step 921  Tim 0:46:15
acc_train_cw(현재 train의 class별 acc) [1.0, 0.989, 1.0, 0.983, 0.943]
cw_psl_total_eval(pseudo label 클래스별 총 샘플 수):  [70, 84, 92, 166, 245]
cw_psl_correct_eval(pseudo label 클래스별 맞은 샘플 수):  [49, 30, 63, 35, 86]
psl_acc(PSL 평가에서의 정확도):  0.4 
cw_psl_acc(클래스별 PSL 평가에서의 정확도):  [0.699999988079071, 0.3571428656578064, 0.6847826242446899, 0.21084336936473846, 0.3510203957557678]
***pse_model_save --- epoch = 29***
Save model to ./experiment/corcod_extended_data/output/
**pseudo_label ->  [0.0001, 0.9999, 0.0, 0.0, 0.0] **
max =  0.9999 | max_idx =  1
**pseudo_label ->  [0.0, 0.0001, 0.0014, 0.0607, 0.9378] **
max =  0.9378 | max_idx =  4
**pseudo_label ->  [0.0, 0.0, 0.3117, 0.3408, 0.3475] **
max =  0.3475 | max_idx =  4
**pseudo_label ->  [0.0035, 0.0, 0.0001, 0.9964, 0.0] **
max =  0.9964 | max_idx =  3
**pseudo_label ->  [0.0009, 0.9991, 0.0, 0.0, 0.0] **
max =  0.9991 | max_idx =  1
Balance pseudo label class ->  [1, 2, 3, 4, 5]  value ->  72
add data ->  360
Epoch 29/37, Train Loss: 0.0996, Valid Loss: 6.2798, Train Acc: 0.9747, Val Acc: 0.3878, Test Acc: 0.4947, Test F1(macro): 0.5391, Total Pseudo-Labels: 1, Correct Pseudo-Labels: 1, Train Data Number: 682



line 303 => train data수 682
line 258 => 인스턴스 수 98
Step 1017  Tim 0:49:33
acc_train_cw(현재 train의 class별 acc) [1.0, 0.989, 0.99, 1.0, 0.982]
cw_psl_total_eval(pseudo label 클래스별 총 샘플 수):  [72, 84, 93, 195, 214]
cw_psl_correct_eval(pseudo label 클래스별 맞은 샘플 수):  [49, 29, 64, 39, 79]
psl_acc(PSL 평가에서의 정확도):  0.395 
cw_psl_acc(클래스별 PSL 평가에서의 정확도):  [0.6805555820465088, 0.3452380895614624, 0.6881720423698425, 0.20000000298023224, 0.36915886402130127]
***pse_model_save --- epoch = 30***
Save model to ./experiment/corcod_extended_data/output/
**pseudo_label ->  [0.0001, 0.9999, 0.0, 0.0, 0.0] **
max =  0.9999 | max_idx =  1
**pseudo_label ->  [0.0, 0.0, 0.0002, 0.0, 0.9998] **
max =  0.9998 | max_idx =  4
**pseudo_label ->  [0.0, 0.0, 0.0036, 0.8262, 0.1702] **
max =  0.8262 | max_idx =  3
**pseudo_label ->  [0.0002, 0.0, 0.0, 0.9998, 0.0] **
max =  0.9998 | max_idx =  3
**pseudo_label ->  [0.0058, 0.9941, 0.0, 0.0001, 0.0] **
max =  0.9941 | max_idx =  1
Balance pseudo label class ->  [1, 2, 3, 4, 5]  value ->  72
add data ->  360
Epoch 30/37, Train Loss: 0.0567, Valid Loss: 6.4774, Train Acc: 0.9912, Val Acc: 0.3571, Test Acc: 0.4105, Test F1(macro): 0.4753, Total Pseudo-Labels: 1, Correct Pseudo-Labels: 1, Train Data Number: 689



line 303 => train data수 689
line 258 => 인스턴스 수 99
Step 1115  Tim 0:52:53
acc_train_cw(현재 train의 class별 acc) [1.0, 1.0, 1.0, 1.0, 0.979]
cw_psl_total_eval(pseudo label 클래스별 총 샘플 수):  [72, 83, 91, 202, 230]
cw_psl_correct_eval(pseudo label 클래스별 맞은 샘플 수):  [49, 29, 63, 42, 83]
psl_acc(PSL 평가에서의 정확도):  0.392 
cw_psl_acc(클래스별 PSL 평가에서의 정확도):  [0.6805555820465088, 0.34939759969711304, 0.692307710647583, 0.20792078971862793, 0.36086955666542053]
***pse_model_save --- epoch = 31***
Save model to ./experiment/corcod_extended_data/output/
**pseudo_label ->  [0.0, 1.0, 0.0, 0.0, 0.0] **
max =  1.0 | max_idx =  1
**pseudo_label ->  [0.0, 0.0, 0.0001, 0.0001, 0.9998] **
max =  0.9998 | max_idx =  4
**pseudo_label ->  [0.0, 0.0, 0.0103, 0.8661, 0.1235] **
max =  0.8661 | max_idx =  3
**pseudo_label ->  [0.0, 0.0, 0.0, 1.0, 0.0] **
max =  1.0 | max_idx =  3
**pseudo_label ->  [0.001, 0.9989, 0.0, 0.0, 0.0] **
max =  0.9989 | max_idx =  1
Balance pseudo label class ->  [1, 2, 3, 4, 5]  value ->  71
add data ->  355
Epoch 31/37, Train Loss: 0.1043, Valid Loss: 5.6901, Train Acc: 0.9927, Val Acc: 0.3265, Test Acc: 0.3895, Test F1(macro): 0.4455, Total Pseudo-Labels: 0, Correct Pseudo-Labels: 0, Train Data Number: 694



line 303 => train data수 694
line 258 => 인스턴스 수 100
Step 1214  Tim 0:56:13
acc_train_cw(현재 train의 class별 acc) [1.0, 0.978, 1.0, 0.979, 0.996]
cw_psl_total_eval(pseudo label 클래스별 총 샘플 수):  [71, 84, 92, 207, 231]
cw_psl_correct_eval(pseudo label 클래스별 맞은 샘플 수):  [48, 29, 63, 40, 83]
psl_acc(PSL 평가에서의 정확도):  0.384 
cw_psl_acc(클래스별 PSL 평가에서의 정확도):  [0.6760563254356384, 0.3452380895614624, 0.6847826242446899, 0.19323670864105225, 0.35930734872817993]
***pse_model_save --- epoch = 32***
Save model to ./experiment/corcod_extended_data/output/
**pseudo_label ->  [0.0, 1.0, 0.0, 0.0, 0.0] **
max =  1.0 | max_idx =  1
**pseudo_label ->  [0.0, 0.0, 0.0002, 0.0019, 0.9979] **
max =  0.9979 | max_idx =  4
**pseudo_label ->  [0.0, 0.0, 0.0001, 0.0001, 0.9999] **
max =  0.9999 | max_idx =  4
**pseudo_label ->  [0.0003, 0.0, 0.0, 0.9996, 0.0] **
max =  0.9996 | max_idx =  3
**pseudo_label ->  [0.0025, 0.9975, 0.0, 0.0, 0.0] **
max =  0.9975 | max_idx =  1
Balance pseudo label class ->  [1, 2, 3, 4, 5]  value ->  71
add data ->  355
Epoch 32/37, Train Loss: 0.0236, Valid Loss: 6.1247, Train Acc: 0.9899, Val Acc: 0.3673, Test Acc: 0.4316, Test F1(macro): 0.5061, Total Pseudo-Labels: 1, Correct Pseudo-Labels: 1, Train Data Number: 695



line 303 => train data수 695
line 258 => 인스턴스 수 100
Step 1314  Tim 0:59:34
acc_train_cw(현재 train의 class별 acc) [0.987, 0.989, 1.0, 0.974, 1.0]
cw_psl_total_eval(pseudo label 클래스별 총 샘플 수):  [71, 82, 92, 187, 243]
cw_psl_correct_eval(pseudo label 클래스별 맞은 샘플 수):  [48, 29, 63, 39, 87]
psl_acc(PSL 평가에서의 정확도):  0.394 
cw_psl_acc(클래스별 PSL 평가에서의 정확도):  [0.6760563254356384, 0.353658527135849, 0.6847826242446899, 0.2085561454296112, 0.3580246865749359]
***pse_model_save --- epoch = 33***
Save model to ./experiment/corcod_extended_data/output/
**pseudo_label ->  [0.0, 1.0, 0.0, 0.0, 0.0] **
max =  1.0 | max_idx =  1
**pseudo_label ->  [0.0, 0.0, 0.0, 0.0, 1.0] **
max =  1.0 | max_idx =  4
**pseudo_label ->  [0.0, 0.0, 0.0, 0.0, 1.0] **
max =  1.0 | max_idx =  4
**pseudo_label ->  [0.0, 0.0, 0.0001, 0.9997, 0.0002] **
max =  0.9997 | max_idx =  3
**pseudo_label ->  [0.0028, 0.9971, 0.0, 0.0, 0.0] **
max =  0.9971 | max_idx =  1
Balance pseudo label class ->  [1, 2, 3, 4, 5]  value ->  70
add data ->  350
Epoch 33/37, Train Loss: 0.0293, Valid Loss: 6.6169, Train Acc: 0.9899, Val Acc: 0.3469, Test Acc: 0.4421, Test F1(macro): 0.5189, Total Pseudo-Labels: 1, Correct Pseudo-Labels: 1, Train Data Number: 701



line 303 => train data수 701
line 258 => 인스턴스 수 101
Step 1414  Tim 1:02:55
acc_train_cw(현재 train의 class별 acc) [1.0, 1.0, 1.0, 1.0, 0.996]
cw_psl_total_eval(pseudo label 클래스별 총 샘플 수):  [70, 83, 94, 192, 245]
cw_psl_correct_eval(pseudo label 클래스별 맞은 샘플 수):  [48, 29, 65, 40, 88]
psl_acc(PSL 평가에서의 정확도):  0.395 
cw_psl_acc(클래스별 PSL 평가에서의 정확도):  [0.6857143044471741, 0.34939759969711304, 0.6914893388748169, 0.2083333283662796, 0.359183669090271]
***pse_model_save --- epoch = 34***
Save model to ./experiment/corcod_extended_data/output/
**pseudo_label ->  [0.0, 1.0, 0.0, 0.0, 0.0] **
max =  1.0 | max_idx =  1
**pseudo_label ->  [0.0, 0.0, 0.0, 0.0, 1.0] **
max =  1.0 | max_idx =  4
**pseudo_label ->  [0.0, 0.0, 0.0, 0.0, 1.0] **
max =  1.0 | max_idx =  4
**pseudo_label ->  [0.0001, 0.0, 0.0, 0.9999, 0.0] **
max =  0.9999 | max_idx =  3
**pseudo_label ->  [0.0, 1.0, 0.0, 0.0, 0.0] **
max =  1.0 | max_idx =  1
Balance pseudo label class ->  [1, 2, 3, 4, 5]  value ->  71
add data ->  355
Epoch 34/37, Train Loss: 0.0199, Valid Loss: 6.1557, Train Acc: 0.9986, Val Acc: 0.3469, Test Acc: 0.4632, Test F1(macro): 0.5159, Total Pseudo-Labels: 1, Correct Pseudo-Labels: 1, Train Data Number: 705



line 303 => train data수 705
line 258 => 인스턴스 수 101
Step 1515  Tim 1:06:17
acc_train_cw(현재 train의 class별 acc) [1.0, 1.0, 1.0, 1.0, 1.0]
cw_psl_total_eval(pseudo label 클래스별 총 샘플 수):  [71, 85, 92, 194, 245]
cw_psl_correct_eval(pseudo label 클래스별 맞은 샘플 수):  [48, 29, 64, 40, 88]
psl_acc(PSL 평가에서의 정확도):  0.392 
cw_psl_acc(클래스별 PSL 평가에서의 정확도):  [0.6760563254356384, 0.34117648005485535, 0.695652186870575, 0.20618556439876556, 0.359183669090271]
***pse_model_save --- epoch = 35***
Save model to ./experiment/corcod_extended_data/output/
**pseudo_label ->  [0.0001, 0.9999, 0.0, 0.0, 0.0] **
max =  0.9999 | max_idx =  1
**pseudo_label ->  [0.0, 0.0, 0.0, 0.0001, 0.9999] **
max =  0.9999 | max_idx =  4
**pseudo_label ->  [0.0, 0.0, 0.003, 0.0001, 0.9969] **
max =  0.9969 | max_idx =  4
**pseudo_label ->  [0.0, 0.0, 0.0, 1.0, 0.0] **
max =  1.0 | max_idx =  3
**pseudo_label ->  [0.0171, 0.9829, 0.0, 0.0, 0.0] **
max =  0.9829 | max_idx =  1
Balance pseudo label class ->  [1, 2, 3, 4, 5]  value ->  71
add data ->  355
Epoch 35/37, Train Loss: 0.0064, Valid Loss: 6.2745, Train Acc: 1.0000, Val Acc: 0.3469, Test Acc: 0.4105, Test F1(macro): 0.4578, Total Pseudo-Labels: 1, Correct Pseudo-Labels: 1, Train Data Number: 705



line 303 => train data수 705
line 258 => 인스턴스 수 101
Step 1616  Tim 1:10:06
acc_train_cw(현재 train의 class별 acc) [1.0, 0.989, 1.0, 1.0, 1.0]
cw_psl_total_eval(pseudo label 클래스별 총 샘플 수):  [71, 85, 92, 197, 242]
cw_psl_correct_eval(pseudo label 클래스별 맞은 샘플 수):  [48, 29, 64, 41, 87]
psl_acc(PSL 평가에서의 정확도):  0.392 
cw_psl_acc(클래스별 PSL 평가에서의 정확도):  [0.6760563254356384, 0.34117648005485535, 0.695652186870575, 0.20812182128429413, 0.3595041334629059]
***pse_model_save --- epoch = 36***
Save model to ./experiment/corcod_extended_data/output/
**pseudo_label ->  [0.0, 1.0, 0.0, 0.0, 0.0] **
max =  1.0 | max_idx =  1
**pseudo_label ->  [0.0, 0.0, 0.0, 0.0, 1.0] **
max =  1.0 | max_idx =  4
**pseudo_label ->  [0.0, 0.0, 0.2121, 0.0, 0.7879] **
max =  0.7879 | max_idx =  4
**pseudo_label ->  [0.0, 0.0, 0.0003, 0.9997, 0.0] **
max =  0.9997 | max_idx =  3
**pseudo_label ->  [0.0, 1.0, 0.0, 0.0, 0.0] **
max =  1.0 | max_idx =  1
Balance pseudo label class ->  [1, 2, 3, 4, 5]  value ->  71
add data ->  355
Epoch 36/37, Train Loss: 0.0067, Valid Loss: 6.7987, Train Acc: 0.9986, Val Acc: 0.3469, Test Acc: 0.4105, Test F1(macro): 0.4649, Total Pseudo-Labels: 1, Correct Pseudo-Labels: 1, Train Data Number: 707



line 303 => train data수 707
line 258 => 인스턴스 수 101
Step 1717  Tim 1:13:30
acc_train_cw(현재 train의 class별 acc) [0.987, 0.989, 1.0, 1.0, 1.0]
cw_psl_total_eval(pseudo label 클래스별 총 샘플 수):  [71, 84, 93, 196, 243]
cw_psl_correct_eval(pseudo label 클래스별 맞은 샘플 수):  [48, 29, 64, 40, 87]
psl_acc(PSL 평가에서의 정확도):  0.39 
cw_psl_acc(클래스별 PSL 평가에서의 정확도):  [0.6760563254356384, 0.3452380895614624, 0.6881720423698425, 0.20408163964748383, 0.3580246865749359]
***pse_model_save --- epoch = 37***
Save model to ./experiment/corcod_extended_data/output/
**pseudo_label ->  [0.0, 1.0, 0.0, 0.0, 0.0] **
max =  1.0 | max_idx =  1
**pseudo_label ->  [0.0, 0.0, 0.0, 0.0, 1.0] **
max =  1.0 | max_idx =  4
**pseudo_label ->  [0.0, 0.0, 0.0004, 0.0, 0.9996] **
max =  0.9996 | max_idx =  4
**pseudo_label ->  [0.0, 0.0, 0.0, 1.0, 0.0] **
max =  1.0 | max_idx =  3
**pseudo_label ->  [0.0001, 0.9999, 0.0, 0.0, 0.0] **
max =  0.9999 | max_idx =  1
Balance pseudo label class ->  [1, 2, 3, 4, 5]  value ->  69
add data ->  345
Epoch 37/37, Train Loss: 0.0026, Valid Loss: 7.1345, Train Acc: 0.9972, Val Acc: 0.3163, Test Acc: 0.4316, Test F1(macro): 0.4667, Total Pseudo-Labels: 1, Correct Pseudo-Labels: 1, Train Data Number: 707

Training complete!
Total training took 1:16:14 (h:mm:ss)
Load model from ./experiment/corcod_extended_data/output/10_codesage-base_0.0003_0.7_corcod_extended_data_37_[43]_net0.pth
Save training statistics in:  ./experiment/corcod_extended_data/log/codesage/class5//10_codesage-base_0.0003_0.7_corcod_extended_data_37_[43]/training_statistics.csv

best_trian_loss, epoch => 0.0026137847683205813 37
Epoch-1_train_loss => 6.7039720714092255
max_epoch_train_loss => 0.0026137847683205813 


best_val_loss, epoch =>  1.4584881170671813 7
Epoch-1_val_loss => 2.348753961981559
max_epoch_val_loss => 7.134509241167856 

pse_epoch =>  [1, 2, 3, 4, 6, 7, 8, 9, 10, 11, 12, 13, 14, 15, 16, 17, 18, 19, 20, 21, 22, 23, 24, 25, 26, 27, 28, 29, 30, 31, 32, 33, 34, 35, 36, 37]
추가되는 pse_epoch =>  [1, 15, 17, 18, 19, 20, 21, 22, 23, 24, 25, 26, 27, 28, 29, 30, 31, 32, 33, 34, 35, 36, 37] 

total_data:  707 

Best_step:  333 
Best_val_epoch:  22 
best_val_acc:  0.41836734693877553 
best_val_test_acc:  0.42105263157894735 
best_val_test_f1:  0.4756773825921029
Save best record in:  ./experiment/corcod_extended_data/log/codesage/class5/summary.csv
Save best record in:  ./experiment/corcod_extended_data/log/summary_avgrun.csv
