current work directory:  /home/imsuhan22/few-shot-tc/custom_ssl/code
Data set -> python_extended_data
save_name: 10_codet5p-110m-embedding_0.0003_0.7_python_extended_data

data_path:  ../data/problem_based_split/python_extended_data

There are 2 GPU(s) available.
We will use the GPU- 0 Quadro RTX 8000

**line 147 모델 =>  Salesforce/codet5p-110m-embedding
**tokenizer type =  Salesforce/codet5p-110m-embedding 

pesudo label class개수 기준 -> 5
n_labeled_per_class:  10
train_df samples: 3974
train_labeled_df samples: 70
train_unlabeled_df samples: 3904
n_classes:  7 


net_arch:  Salesforce/codet5p-110m-embedding 
lr:  0.0003 
lr_linear:  0.001 




line 303 => train data수 70
line 258 => 인스턴스 수 10
Step 0  Tim 0:00:26
acc_train_cw(현재 train의 class별 acc) [0.0, 0.0, 0.0, 0.8, 0.0, 0.0, 0.0]
cw_psl_total_eval(pseudo label 클래스별 총 샘플 수):  [0, 0, 0, 0, 0, 0, 0]
cw_psl_correct_eval(pseudo label 클래스별 맞은 샘플 수):  [0, 0, 0, 0, 0, 0, 0]
psl_acc(PSL 평가에서의 정확도): None 
cw_psl_acc(클래스별 PSL 평가에서의 정확도):  [nan, nan, nan, nan, nan, nan, nan]
***best_acc_model_save --- epoch = 1***
Save model to ./experiment/python_extended_data/output/
**pseudo_label ->  [0.1485, 0.1408, 0.1327, 0.1466, 0.1419, 0.145, 0.1446] **
max =  0.1485 | max_idx =  0
**pseudo_label ->  [0.145, 0.1434, 0.1379, 0.153, 0.1468, 0.1334, 0.1404] **
max =  0.153 | max_idx =  3
**pseudo_label ->  [0.1492, 0.1354, 0.1322, 0.1554, 0.1472, 0.1376, 0.143] **
max =  0.1554 | max_idx =  3
**pseudo_label ->  [0.1437, 0.1443, 0.1339, 0.1532, 0.1492, 0.1317, 0.144] **
max =  0.1532 | max_idx =  3
**pseudo_label ->  [0.1479, 0.1396, 0.1311, 0.154, 0.1447, 0.1407, 0.142] **
max =  0.154 | max_idx =  3
Epoch 1/50, Train Loss: 1.9856, Valid Loss: 1.9920, Train Acc: 0.1143, Val Acc: 0.3485, Test Acc: 0.1660, Test F1: 0.0646, Total Pseudo-Labels: 0, Correct Pseudo-Labels: 0, Train Data Number: 70



line 303 => train data수 70
line 258 => 인스턴스 수 10
Step 10  Tim 0:03:19
acc_train_cw(현재 train의 class별 acc) [0.0, 1.0, 0.0, 0.0, 0.0, 0.0, 0.0]
cw_psl_total_eval(pseudo label 클래스별 총 샘플 수):  [0, 0, 0, 0, 0, 0, 0]
cw_psl_correct_eval(pseudo label 클래스별 맞은 샘플 수):  [0, 0, 0, 0, 0, 0, 0]
psl_acc(PSL 평가에서의 정확도): None 
cw_psl_acc(클래스별 PSL 평가에서의 정확도):  [nan, nan, nan, nan, nan, nan, nan]
**pseudo_label ->  [0.1529, 0.1572, 0.125, 0.1353, 0.1421, 0.1452, 0.1424] **
max =  0.1572 | max_idx =  1
**pseudo_label ->  [0.1505, 0.1562, 0.1245, 0.1346, 0.1431, 0.1472, 0.1438] **
max =  0.1562 | max_idx =  1
**pseudo_label ->  [0.1518, 0.157, 0.1257, 0.1343, 0.1426, 0.1442, 0.1444] **
max =  0.157 | max_idx =  1
**pseudo_label ->  [0.1514, 0.1565, 0.124, 0.1361, 0.142, 0.1458, 0.1442] **
max =  0.1565 | max_idx =  1
**pseudo_label ->  [0.1513, 0.158, 0.1244, 0.1345, 0.1421, 0.1473, 0.1424] **
max =  0.158 | max_idx =  1
Epoch 2/50, Train Loss: 1.9533, Valid Loss: 1.9390, Train Acc: 0.1429, Val Acc: 0.0065, Test Acc: 0.2787, Test F1: 0.0623, Total Pseudo-Labels: 0, Correct Pseudo-Labels: 0, Train Data Number: 70



line 303 => train data수 70
line 258 => 인스턴스 수 10
Step 20  Tim 0:06:14
acc_train_cw(현재 train의 class별 acc) [0.5, 0.0, 0.6, 0.0, 0.7, 0.0, 0.0]
cw_psl_total_eval(pseudo label 클래스별 총 샘플 수):  [0, 0, 0, 0, 0, 0, 0]
cw_psl_correct_eval(pseudo label 클래스별 맞은 샘플 수):  [0, 0, 0, 0, 0, 0, 0]
psl_acc(PSL 평가에서의 정확도): None 
cw_psl_acc(클래스별 PSL 평가에서의 정확도):  [nan, nan, nan, nan, nan, nan, nan]
**pseudo_label ->  [0.1292, 0.1328, 0.158, 0.1302, 0.1571, 0.1428, 0.1498] **
max =  0.158 | max_idx =  2
**pseudo_label ->  [0.1219, 0.1305, 0.1602, 0.1298, 0.1575, 0.1479, 0.1522] **
max =  0.1602 | max_idx =  2
**pseudo_label ->  [0.1276, 0.1324, 0.1602, 0.1308, 0.1563, 0.145, 0.1477] **
max =  0.1602 | max_idx =  2
**pseudo_label ->  [0.122, 0.128, 0.1627, 0.1287, 0.1598, 0.1459, 0.1528] **
max =  0.1627 | max_idx =  2
**pseudo_label ->  [0.1277, 0.1345, 0.1583, 0.1326, 0.1561, 0.145, 0.1458] **
max =  0.1583 | max_idx =  2
Epoch 3/50, Train Loss: 1.9067, Valid Loss: 1.9083, Train Acc: 0.2571, Val Acc: 0.2182, Test Acc: 0.0881, Test F1: 0.0671, Total Pseudo-Labels: 0, Correct Pseudo-Labels: 0, Train Data Number: 70



line 303 => train data수 70
line 258 => 인스턴스 수 10
Step 30  Tim 0:09:27
acc_train_cw(현재 train의 class별 acc) [0.8, 0.6, 0.0, 0.7, 0.2, 0.0, 1.0]
cw_psl_total_eval(pseudo label 클래스별 총 샘플 수):  [0, 0, 0, 0, 0, 0, 0]
cw_psl_correct_eval(pseudo label 클래스별 맞은 샘플 수):  [0, 0, 0, 0, 0, 0, 0]
psl_acc(PSL 평가에서의 정확도): None 
cw_psl_acc(클래스별 PSL 평가에서의 정확도):  [nan, nan, nan, nan, nan, nan, nan]
**pseudo_label ->  [0.1101, 0.1429, 0.147, 0.135, 0.1523, 0.1452, 0.1674] **
max =  0.1674 | max_idx =  6
**pseudo_label ->  [0.12, 0.1322, 0.156, 0.1188, 0.1538, 0.1519, 0.1673] **
max =  0.1673 | max_idx =  6
**pseudo_label ->  [0.1084, 0.1323, 0.1508, 0.1296, 0.154, 0.1568, 0.168] **
max =  0.168 | max_idx =  6
**pseudo_label ->  [0.1215, 0.1339, 0.1518, 0.1201, 0.155, 0.1499, 0.1678] **
max =  0.1678 | max_idx =  6
**pseudo_label ->  [0.1091, 0.1346, 0.1468, 0.1326, 0.1536, 0.1561, 0.1671] **
max =  0.1671 | max_idx =  6
Epoch 4/50, Train Loss: 1.8053, Valid Loss: 1.8116, Train Acc: 0.4714, Val Acc: 0.2606, Test Acc: 0.2008, Test F1: 0.1377, Total Pseudo-Labels: 0, Correct Pseudo-Labels: 0, Train Data Number: 70



line 303 => train data수 70
line 258 => 인스턴스 수 10
Step 40  Tim 0:11:58
acc_train_cw(현재 train의 class별 acc) [1.0, 0.7, 0.4, 1.0, 0.0, 0.7, 0.3]
cw_psl_total_eval(pseudo label 클래스별 총 샘플 수):  [0, 0, 0, 0, 0, 0, 0]
cw_psl_correct_eval(pseudo label 클래스별 맞은 샘플 수):  [0, 0, 0, 0, 0, 0, 0]
psl_acc(PSL 평가에서의 정확도): None 
cw_psl_acc(클래스별 PSL 평가에서의 정확도):  [nan, nan, nan, nan, nan, nan, nan]
***best_acc_model_save --- epoch = 5***
Save model to ./experiment/python_extended_data/output/
**pseudo_label ->  [0.1166, 0.1212, 0.1381, 0.2004, 0.1518, 0.15, 0.1219] **
max =  0.2004 | max_idx =  3
**pseudo_label ->  [0.0992, 0.1208, 0.1541, 0.1331, 0.1505, 0.1856, 0.1567] **
max =  0.1856 | max_idx =  5
**pseudo_label ->  [0.1033, 0.1117, 0.1461, 0.1611, 0.1528, 0.184, 0.1409] **
max =  0.184 | max_idx =  5
**pseudo_label ->  [0.0997, 0.1101, 0.1454, 0.1465, 0.1573, 0.1844, 0.1566] **
max =  0.1844 | max_idx =  5
**pseudo_label ->  [0.109, 0.1379, 0.1452, 0.1755, 0.1434, 0.1645, 0.1245] **
max =  0.1755 | max_idx =  3
Epoch 5/50, Train Loss: 1.7197, Valid Loss: 1.9271, Train Acc: 0.5857, Val Acc: 0.3876, Test Acc: 0.2910, Test F1: 0.1485, Total Pseudo-Labels: 0, Correct Pseudo-Labels: 0, Train Data Number: 70



line 303 => train data수 70
line 258 => 인스턴스 수 10
Step 50  Tim 0:15:26
acc_train_cw(현재 train의 class별 acc) [0.5, 0.9, 0.6, 0.8, 0.5, 0.6, 0.9]
cw_psl_total_eval(pseudo label 클래스별 총 샘플 수):  [0, 0, 0, 0, 0, 0, 0]
cw_psl_correct_eval(pseudo label 클래스별 맞은 샘플 수):  [0, 0, 0, 0, 0, 0, 0]
psl_acc(PSL 평가에서의 정확도): None 
cw_psl_acc(클래스별 PSL 평가에서의 정확도):  [nan, nan, nan, nan, nan, nan, nan]
**pseudo_label ->  [0.1056, 0.1833, 0.1624, 0.1256, 0.1357, 0.1368, 0.1506] **
max =  0.1833 | max_idx =  1
**pseudo_label ->  [0.1031, 0.1228, 0.1561, 0.1063, 0.1517, 0.1701, 0.1898] **
max =  0.1898 | max_idx =  6
**pseudo_label ->  [0.1015, 0.1118, 0.1645, 0.1155, 0.1552, 0.1786, 0.173] **
max =  0.1786 | max_idx =  5
**pseudo_label ->  [0.1008, 0.1186, 0.1569, 0.1089, 0.1576, 0.1708, 0.1863] **
max =  0.1863 | max_idx =  6
**pseudo_label ->  [0.1054, 0.1658, 0.1644, 0.1062, 0.1329, 0.1513, 0.1739] **
max =  0.1739 | max_idx =  6
Epoch 6/50, Train Loss: 1.6420, Valid Loss: 1.8380, Train Acc: 0.6857, Val Acc: 0.1661, Test Acc: 0.4529, Test F1: 0.3008, Total Pseudo-Labels: 0, Correct Pseudo-Labels: 0, Train Data Number: 70



line 303 => train data수 70
line 258 => 인스턴스 수 10
Step 60  Tim 0:18:01
acc_train_cw(현재 train의 class별 acc) [1.0, 0.9, 0.7, 0.9, 0.6, 0.7, 1.0]
cw_psl_total_eval(pseudo label 클래스별 총 샘플 수):  [0, 0, 0, 0, 0, 0, 0]
cw_psl_correct_eval(pseudo label 클래스별 맞은 샘플 수):  [0, 0, 0, 0, 0, 0, 0]
psl_acc(PSL 평가에서의 정확도): None 
cw_psl_acc(클래스별 PSL 평가에서의 정확도):  [nan, nan, nan, nan, nan, nan, nan]
**pseudo_label ->  [0.1222, 0.1121, 0.1605, 0.2019, 0.149, 0.1451, 0.1093] **
max =  0.2019 | max_idx =  3
**pseudo_label ->  [0.1031, 0.1124, 0.1503, 0.1059, 0.1524, 0.1835, 0.1925] **
max =  0.1925 | max_idx =  6
**pseudo_label ->  [0.101, 0.1021, 0.1631, 0.1182, 0.1519, 0.1928, 0.1709] **
max =  0.1928 | max_idx =  5
**pseudo_label ->  [0.1023, 0.1094, 0.1497, 0.1089, 0.1537, 0.1816, 0.1945] **
max =  0.1945 | max_idx =  6
**pseudo_label ->  [0.1013, 0.1297, 0.1735, 0.1531, 0.1269, 0.1717, 0.1437] **
max =  0.1735 | max_idx =  2
Epoch 7/50, Train Loss: 1.5740, Valid Loss: 1.7568, Train Acc: 0.8286, Val Acc: 0.3127, Test Acc: 0.3156, Test F1: 0.2298, Total Pseudo-Labels: 0, Correct Pseudo-Labels: 0, Train Data Number: 70



line 303 => train data수 70
line 258 => 인스턴스 수 10
Step 70  Tim 0:21:19
acc_train_cw(현재 train의 class별 acc) [1.0, 0.9, 0.9, 1.0, 1.0, 0.7, 0.9]
cw_psl_total_eval(pseudo label 클래스별 총 샘플 수):  [0, 0, 0, 0, 0, 0, 0]
cw_psl_correct_eval(pseudo label 클래스별 맞은 샘플 수):  [0, 0, 0, 0, 0, 0, 0]
psl_acc(PSL 평가에서의 정확도): None 
cw_psl_acc(클래스별 PSL 평가에서의 정확도):  [nan, nan, nan, nan, nan, nan, nan]
***best_acc_model_save --- epoch = 8***
Save model to ./experiment/python_extended_data/output/
**pseudo_label ->  [0.1527, 0.1262, 0.1547, 0.1979, 0.1604, 0.1093, 0.0988] **
max =  0.1979 | max_idx =  3
**pseudo_label ->  [0.1133, 0.0974, 0.1252, 0.1208, 0.1796, 0.1912, 0.1725] **
max =  0.1912 | max_idx =  5
**pseudo_label ->  [0.118, 0.0935, 0.1573, 0.1397, 0.1914, 0.1739, 0.1262] **
max =  0.1914 | max_idx =  4
**pseudo_label ->  [0.1082, 0.0948, 0.1243, 0.1288, 0.1874, 0.1965, 0.1599] **
max =  0.1965 | max_idx =  5
**pseudo_label ->  [0.1453, 0.1427, 0.1251, 0.2288, 0.1464, 0.1127, 0.099] **
max =  0.2288 | max_idx =  3
Epoch 8/50, Train Loss: 1.4770, Valid Loss: 1.7634, Train Acc: 0.9143, Val Acc: 0.4365, Test Acc: 0.1865, Test F1: 0.1532, Total Pseudo-Labels: 0, Correct Pseudo-Labels: 0, Train Data Number: 70



line 303 => train data수 70
line 258 => 인스턴스 수 10
Step 80  Tim 0:24:22
acc_train_cw(현재 train의 class별 acc) [1.0, 1.0, 1.0, 1.0, 1.0, 1.0, 1.0]
cw_psl_total_eval(pseudo label 클래스별 총 샘플 수):  [0, 0, 0, 0, 0, 0, 0]
cw_psl_correct_eval(pseudo label 클래스별 맞은 샘플 수):  [0, 0, 0, 0, 0, 0, 0]
psl_acc(PSL 평가에서의 정확도): None 
cw_psl_acc(클래스별 PSL 평가에서의 정확도):  [nan, nan, nan, nan, nan, nan, nan]
***best_acc_model_save --- epoch = 9***
Save model to ./experiment/python_extended_data/output/
**pseudo_label ->  [0.1441, 0.1385, 0.1873, 0.1823, 0.1417, 0.1063, 0.0997] **
max =  0.1873 | max_idx =  2
**pseudo_label ->  [0.1077, 0.1237, 0.1403, 0.1335, 0.1079, 0.1753, 0.2117] **
max =  0.2117 | max_idx =  6
**pseudo_label ->  [0.1086, 0.109, 0.2176, 0.1291, 0.1246, 0.1638, 0.1473] **
max =  0.2176 | max_idx =  2
**pseudo_label ->  [0.0901, 0.1047, 0.1541, 0.1532, 0.1298, 0.1966, 0.1715] **
max =  0.1966 | max_idx =  5
**pseudo_label ->  [0.121, 0.1627, 0.1601, 0.2081, 0.1225, 0.1179, 0.1077] **
max =  0.2081 | max_idx =  3
Epoch 9/50, Train Loss: 1.4029, Valid Loss: 1.7685, Train Acc: 1.0000, Val Acc: 0.4625, Test Acc: 0.2623, Test F1: 0.2193, Total Pseudo-Labels: 0, Correct Pseudo-Labels: 0, Train Data Number: 70



line 303 => train data수 70
line 258 => 인스턴스 수 10
Step 90  Tim 0:27:42
acc_train_cw(현재 train의 class별 acc) [1.0, 1.0, 1.0, 1.0, 1.0, 1.0, 1.0]
cw_psl_total_eval(pseudo label 클래스별 총 샘플 수):  [0, 0, 0, 0, 0, 0, 0]
cw_psl_correct_eval(pseudo label 클래스별 맞은 샘플 수):  [0, 0, 0, 0, 0, 0, 0]
psl_acc(PSL 평가에서의 정확도): None 
cw_psl_acc(클래스별 PSL 평가에서의 정확도):  [nan, nan, nan, nan, nan, nan, nan]
**pseudo_label ->  [0.1611, 0.1441, 0.1499, 0.223, 0.1285, 0.099, 0.0943] **
max =  0.223 | max_idx =  3
**pseudo_label ->  [0.1081, 0.1096, 0.1299, 0.1207, 0.129, 0.2465, 0.1561] **
max =  0.2465 | max_idx =  5
**pseudo_label ->  [0.1098, 0.1034, 0.2007, 0.1232, 0.145, 0.1965, 0.1214] **
max =  0.2007 | max_idx =  2
**pseudo_label ->  [0.1102, 0.1025, 0.1203, 0.1106, 0.2144, 0.1924, 0.1494] **
max =  0.2144 | max_idx =  4
**pseudo_label ->  [0.1208, 0.1401, 0.1243, 0.2568, 0.1199, 0.1312, 0.1068] **
max =  0.2568 | max_idx =  3
Epoch 10/50, Train Loss: 1.3503, Valid Loss: 1.7896, Train Acc: 1.0000, Val Acc: 0.3583, Test Acc: 0.4098, Test F1: 0.3072, Total Pseudo-Labels: 0, Correct Pseudo-Labels: 0, Train Data Number: 70



line 303 => train data수 70
line 258 => 인스턴스 수 10
Step 100  Tim 0:30:49
acc_train_cw(현재 train의 class별 acc) [1.0, 1.0, 1.0, 1.0, 1.0, 1.0, 1.0]
cw_psl_total_eval(pseudo label 클래스별 총 샘플 수):  [0, 0, 0, 0, 0, 0, 0]
cw_psl_correct_eval(pseudo label 클래스별 맞은 샘플 수):  [0, 0, 0, 0, 0, 0, 0]
psl_acc(PSL 평가에서의 정확도): None 
cw_psl_acc(클래스별 PSL 평가에서의 정확도):  [nan, nan, nan, nan, nan, nan, nan]
**pseudo_label ->  [0.1363, 0.1256, 0.1315, 0.2638, 0.1332, 0.1103, 0.0993] **
max =  0.2638 | max_idx =  3
**pseudo_label ->  [0.1071, 0.1135, 0.1209, 0.1232, 0.119, 0.2486, 0.1676] **
max =  0.2486 | max_idx =  5
**pseudo_label ->  [0.1067, 0.1013, 0.1644, 0.1189, 0.1113, 0.2338, 0.1635] **
max =  0.2338 | max_idx =  5
**pseudo_label ->  [0.1072, 0.1074, 0.1191, 0.1235, 0.1258, 0.2512, 0.1658] **
max =  0.2512 | max_idx =  5
**pseudo_label ->  [0.1178, 0.1695, 0.0991, 0.2407, 0.1138, 0.1412, 0.1179] **
max =  0.2407 | max_idx =  3
Epoch 11/50, Train Loss: 1.3125, Valid Loss: 1.7396, Train Acc: 1.0000, Val Acc: 0.3616, Test Acc: 0.5020, Test F1: 0.3484, Total Pseudo-Labels: 0, Correct Pseudo-Labels: 0, Train Data Number: 70



line 303 => train data수 70
line 258 => 인스턴스 수 10
Step 110  Tim 0:33:28
acc_train_cw(현재 train의 class별 acc) [1.0, 1.0, 1.0, 1.0, 1.0, 1.0, 1.0]
cw_psl_total_eval(pseudo label 클래스별 총 샘플 수):  [0, 0, 0, 0, 0, 0, 0]
cw_psl_correct_eval(pseudo label 클래스별 맞은 샘플 수):  [0, 0, 0, 0, 0, 0, 0]
psl_acc(PSL 평가에서의 정확도): None 
cw_psl_acc(클래스별 PSL 평가에서의 정확도):  [nan, nan, nan, nan, nan, nan, nan]
**pseudo_label ->  [0.1371, 0.1306, 0.1553, 0.2326, 0.152, 0.0948, 0.0976] **
max =  0.2326 | max_idx =  3
**pseudo_label ->  [0.1069, 0.108, 0.1287, 0.1205, 0.1297, 0.2675, 0.1387] **
max =  0.2675 | max_idx =  5
**pseudo_label ->  [0.1069, 0.0968, 0.2127, 0.118, 0.1186, 0.2096, 0.1373] **
max =  0.2127 | max_idx =  2
**pseudo_label ->  [0.0968, 0.0946, 0.1241, 0.1104, 0.1638, 0.2331, 0.1773] **
max =  0.2331 | max_idx =  5
**pseudo_label ->  [0.1164, 0.1195, 0.113, 0.2739, 0.1204, 0.1473, 0.1095] **
max =  0.2739 | max_idx =  3
Epoch 12/50, Train Loss: 1.2823, Valid Loss: 1.7160, Train Acc: 1.0000, Val Acc: 0.4007, Test Acc: 0.4693, Test F1: 0.3568, Total Pseudo-Labels: 0, Correct Pseudo-Labels: 0, Train Data Number: 70



line 303 => train data수 70
line 258 => 인스턴스 수 10
Step 120  Tim 0:36:46
acc_train_cw(현재 train의 class별 acc) [1.0, 1.0, 1.0, 1.0, 1.0, 1.0, 1.0]
cw_psl_total_eval(pseudo label 클래스별 총 샘플 수):  [0, 0, 0, 0, 0, 0, 0]
cw_psl_correct_eval(pseudo label 클래스별 맞은 샘플 수):  [0, 0, 0, 0, 0, 0, 0]
psl_acc(PSL 평가에서의 정확도): None 
cw_psl_acc(클래스별 PSL 평가에서의 정확도):  [nan, nan, nan, nan, nan, nan, nan]
**pseudo_label ->  [0.1455, 0.1359, 0.1218, 0.2806, 0.1171, 0.1022, 0.0969] **
max =  0.2806 | max_idx =  3
**pseudo_label ->  [0.1091, 0.1096, 0.1267, 0.1294, 0.1222, 0.2771, 0.1259] **
max =  0.2771 | max_idx =  5
**pseudo_label ->  [0.1133, 0.1032, 0.2337, 0.1381, 0.109, 0.1891, 0.1136] **
max =  0.2337 | max_idx =  2
**pseudo_label ->  [0.1021, 0.0886, 0.1239, 0.2214, 0.1273, 0.2107, 0.1259] **
max =  0.2214 | max_idx =  3
**pseudo_label ->  [0.1248, 0.1404, 0.114, 0.284, 0.1102, 0.1208, 0.1058] **
max =  0.284 | max_idx =  3
Epoch 13/50, Train Loss: 1.2506, Valid Loss: 1.7436, Train Acc: 1.0000, Val Acc: 0.4365, Test Acc: 0.3914, Test F1: 0.3031, Total Pseudo-Labels: 0, Correct Pseudo-Labels: 0, Train Data Number: 70



line 303 => train data수 70
line 258 => 인스턴스 수 10
Step 130  Tim 0:39:19
acc_train_cw(현재 train의 class별 acc) [1.0, 1.0, 1.0, 1.0, 1.0, 1.0, 1.0]
cw_psl_total_eval(pseudo label 클래스별 총 샘플 수):  [0, 0, 0, 0, 0, 0, 0]
cw_psl_correct_eval(pseudo label 클래스별 맞은 샘플 수):  [0, 0, 0, 0, 0, 0, 0]
psl_acc(PSL 평가에서의 정확도): None 
cw_psl_acc(클래스별 PSL 평가에서의 정확도):  [nan, nan, nan, nan, nan, nan, nan]
**pseudo_label ->  [0.1293, 0.1259, 0.1136, 0.2913, 0.1336, 0.1051, 0.1013] **
max =  0.2913 | max_idx =  3
**pseudo_label ->  [0.1026, 0.1081, 0.1299, 0.1194, 0.1225, 0.2845, 0.1329] **
max =  0.2845 | max_idx =  5
**pseudo_label ->  [0.103, 0.104, 0.1418, 0.1205, 0.1212, 0.2819, 0.1277] **
max =  0.2819 | max_idx =  5
**pseudo_label ->  [0.0989, 0.1014, 0.1263, 0.1176, 0.1333, 0.28, 0.1424] **
max =  0.28 | max_idx =  5
**pseudo_label ->  [0.1102, 0.1264, 0.1139, 0.2863, 0.1138, 0.1412, 0.1081] **
max =  0.2863 | max_idx =  3
Epoch 14/50, Train Loss: 1.2197, Valid Loss: 1.7357, Train Acc: 1.0000, Val Acc: 0.3811, Test Acc: 0.4529, Test F1: 0.3206, Total Pseudo-Labels: 0, Correct Pseudo-Labels: 0, Train Data Number: 70



line 303 => train data수 70
line 258 => 인스턴스 수 10
Step 140  Tim 0:42:39
acc_train_cw(현재 train의 class별 acc) [1.0, 1.0, 1.0, 1.0, 1.0, 1.0, 1.0]
cw_psl_total_eval(pseudo label 클래스별 총 샘플 수):  [0, 0, 0, 0, 0, 0, 0]
cw_psl_correct_eval(pseudo label 클래스별 맞은 샘플 수):  [0, 0, 0, 0, 0, 0, 0]
psl_acc(PSL 평가에서의 정확도): None 
cw_psl_acc(클래스별 PSL 평가에서의 정확도):  [nan, nan, nan, nan, nan, nan, nan]
**pseudo_label ->  [0.1325, 0.1265, 0.1203, 0.2929, 0.1323, 0.0969, 0.0985] **
max =  0.2929 | max_idx =  3
**pseudo_label ->  [0.1033, 0.1066, 0.1256, 0.1244, 0.1194, 0.2926, 0.1281] **
max =  0.2926 | max_idx =  5
**pseudo_label ->  [0.1066, 0.0994, 0.1453, 0.127, 0.1172, 0.2854, 0.1191] **
max =  0.2854 | max_idx =  5
**pseudo_label ->  [0.1025, 0.1011, 0.121, 0.1267, 0.1251, 0.2921, 0.1314] **
max =  0.2921 | max_idx =  5
**pseudo_label ->  [0.1158, 0.1366, 0.1238, 0.2938, 0.1089, 0.1207, 0.1004] **
max =  0.2938 | max_idx =  3
Epoch 15/50, Train Loss: 1.1917, Valid Loss: 1.7361, Train Acc: 1.0000, Val Acc: 0.4007, Test Acc: 0.4775, Test F1: 0.3395, Total Pseudo-Labels: 0, Correct Pseudo-Labels: 0, Train Data Number: 70



line 303 => train data수 70
line 258 => 인스턴스 수 10
Step 150  Tim 0:45:33
acc_train_cw(현재 train의 class별 acc) [1.0, 1.0, 1.0, 1.0, 1.0, 1.0, 1.0]
cw_psl_total_eval(pseudo label 클래스별 총 샘플 수):  [0, 0, 0, 0, 0, 0, 0]
cw_psl_correct_eval(pseudo label 클래스별 맞은 샘플 수):  [0, 0, 0, 0, 0, 0, 0]
psl_acc(PSL 평가에서의 정확도): None 
cw_psl_acc(클래스별 PSL 평가에서의 정확도):  [nan, nan, nan, nan, nan, nan, nan]
**pseudo_label ->  [0.1286, 0.1241, 0.1189, 0.3003, 0.1344, 0.0973, 0.0963] **
max =  0.3003 | max_idx =  3
**pseudo_label ->  [0.1046, 0.105, 0.1222, 0.1208, 0.1181, 0.3015, 0.1277] **
max =  0.3015 | max_idx =  5
**pseudo_label ->  [0.1034, 0.1012, 0.1448, 0.1222, 0.1141, 0.2945, 0.1198] **
max =  0.2945 | max_idx =  5
**pseudo_label ->  [0.1004, 0.099, 0.1212, 0.1216, 0.1272, 0.2998, 0.1307] **
max =  0.2998 | max_idx =  5
**pseudo_label ->  [0.1142, 0.1363, 0.1114, 0.3047, 0.1086, 0.1192, 0.1055] **
max =  0.3047 | max_idx =  3
Epoch 16/50, Train Loss: 1.1640, Valid Loss: 1.7179, Train Acc: 1.0000, Val Acc: 0.3974, Test Acc: 0.4713, Test F1: 0.3370, Total Pseudo-Labels: 0, Correct Pseudo-Labels: 0, Train Data Number: 70



line 303 => train data수 70
line 258 => 인스턴스 수 10
Step 160  Tim 0:48:29
acc_train_cw(현재 train의 class별 acc) [1.0, 1.0, 1.0, 1.0, 1.0, 1.0, 1.0]
cw_psl_total_eval(pseudo label 클래스별 총 샘플 수):  [0, 0, 0, 0, 0, 0, 0]
cw_psl_correct_eval(pseudo label 클래스별 맞은 샘플 수):  [0, 0, 0, 0, 0, 0, 0]
psl_acc(PSL 평가에서의 정확도): None 
cw_psl_acc(클래스별 PSL 평가에서의 정확도):  [nan, nan, nan, nan, nan, nan, nan]
**pseudo_label ->  [0.1255, 0.1212, 0.1215, 0.3075, 0.1346, 0.0978, 0.092] **
max =  0.3075 | max_idx =  3
**pseudo_label ->  [0.0999, 0.1002, 0.1296, 0.1185, 0.1159, 0.3079, 0.1279] **
max =  0.3079 | max_idx =  5
**pseudo_label ->  [0.0999, 0.0965, 0.1689, 0.1208, 0.1115, 0.2882, 0.1142] **
max =  0.2882 | max_idx =  5
**pseudo_label ->  [0.0991, 0.0966, 0.1261, 0.1189, 0.1226, 0.3076, 0.1291] **
max =  0.3076 | max_idx =  5
**pseudo_label ->  [0.1048, 0.1468, 0.1144, 0.3008, 0.1084, 0.1261, 0.0987] **
max =  0.3008 | max_idx =  3
Epoch 17/50, Train Loss: 1.1376, Valid Loss: 1.7109, Train Acc: 1.0000, Val Acc: 0.4137, Test Acc: 0.4672, Test F1: 0.3453, Total Pseudo-Labels: 0, Correct Pseudo-Labels: 0, Train Data Number: 70



line 303 => train data수 70
line 258 => 인스턴스 수 10
Step 170  Tim 0:51:44
acc_train_cw(현재 train의 class별 acc) [1.0, 1.0, 1.0, 1.0, 1.0, 1.0, 1.0]
cw_psl_total_eval(pseudo label 클래스별 총 샘플 수):  [0, 0, 0, 0, 0, 0, 0]
cw_psl_correct_eval(pseudo label 클래스별 맞은 샘플 수):  [0, 0, 0, 0, 0, 0, 0]
psl_acc(PSL 평가에서의 정확도): None 
cw_psl_acc(클래스별 PSL 평가에서의 정확도):  [nan, nan, nan, nan, nan, nan, nan]
**pseudo_label ->  [0.1206, 0.1176, 0.1171, 0.3169, 0.136, 0.0975, 0.0943] **
max =  0.3169 | max_idx =  3
**pseudo_label ->  [0.1031, 0.1002, 0.118, 0.1197, 0.1167, 0.3177, 0.1247] **
max =  0.3177 | max_idx =  5
**pseudo_label ->  [0.1016, 0.0954, 0.1727, 0.1214, 0.108, 0.2919, 0.1091] **
max =  0.2919 | max_idx =  5
**pseudo_label ->  [0.0951, 0.098, 0.1172, 0.1202, 0.1248, 0.3151, 0.1296] **
max =  0.3151 | max_idx =  5
**pseudo_label ->  [0.108, 0.1558, 0.1112, 0.3056, 0.102, 0.1199, 0.0974] **
max =  0.3056 | max_idx =  3
Epoch 18/50, Train Loss: 1.1117, Valid Loss: 1.7114, Train Acc: 1.0000, Val Acc: 0.4137, Test Acc: 0.4447, Test F1: 0.3277, Total Pseudo-Labels: 0, Correct Pseudo-Labels: 0, Train Data Number: 70



line 303 => train data수 70
line 258 => 인스턴스 수 10
Step 180  Tim 0:54:14
acc_train_cw(현재 train의 class별 acc) [1.0, 1.0, 1.0, 1.0, 1.0, 1.0, 1.0]
cw_psl_total_eval(pseudo label 클래스별 총 샘플 수):  [0, 0, 0, 0, 0, 0, 0]
cw_psl_correct_eval(pseudo label 클래스별 맞은 샘플 수):  [0, 0, 0, 0, 0, 0, 0]
psl_acc(PSL 평가에서의 정확도): None 
cw_psl_acc(클래스별 PSL 평가에서의 정확도):  [nan, nan, nan, nan, nan, nan, nan]
**pseudo_label ->  [0.1205, 0.1161, 0.111, 0.3265, 0.1356, 0.098, 0.0923] **
max =  0.3265 | max_idx =  3
**pseudo_label ->  [0.0999, 0.0987, 0.1208, 0.1182, 0.1128, 0.3254, 0.1242] **
max =  0.3254 | max_idx =  5
**pseudo_label ->  [0.0972, 0.0956, 0.1482, 0.1173, 0.1117, 0.3157, 0.1141] **
max =  0.3157 | max_idx =  5
**pseudo_label ->  [0.0925, 0.0954, 0.1205, 0.1172, 0.121, 0.3226, 0.1307] **
max =  0.3226 | max_idx =  5
**pseudo_label ->  [0.0989, 0.1626, 0.1182, 0.293, 0.0991, 0.1221, 0.1062] **
max =  0.293 | max_idx =  3
Epoch 19/50, Train Loss: 1.0860, Valid Loss: 1.6987, Train Acc: 1.0000, Val Acc: 0.4104, Test Acc: 0.4508, Test F1: 0.3318, Total Pseudo-Labels: 0, Correct Pseudo-Labels: 0, Train Data Number: 70



line 303 => train data수 70
line 258 => 인스턴스 수 10
Step 190  Tim 0:57:35
acc_train_cw(현재 train의 class별 acc) [1.0, 1.0, 1.0, 1.0, 1.0, 1.0, 1.0]
cw_psl_total_eval(pseudo label 클래스별 총 샘플 수):  [0, 0, 0, 0, 0, 0, 0]
cw_psl_correct_eval(pseudo label 클래스별 맞은 샘플 수):  [0, 0, 0, 0, 0, 0, 0]
psl_acc(PSL 평가에서의 정확도): None 
cw_psl_acc(클래스별 PSL 평가에서의 정확도):  [nan, nan, nan, nan, nan, nan, nan]
**pseudo_label ->  [0.1246, 0.1169, 0.1182, 0.3361, 0.1175, 0.0941, 0.0926] **
max =  0.3361 | max_idx =  3
**pseudo_label ->  [0.1013, 0.0988, 0.1178, 0.1184, 0.1128, 0.3337, 0.1172] **
max =  0.3337 | max_idx =  5
**pseudo_label ->  [0.0965, 0.0957, 0.1491, 0.119, 0.1088, 0.322, 0.1088] **
max =  0.322 | max_idx =  5
**pseudo_label ->  [0.093, 0.0938, 0.1187, 0.1174, 0.1239, 0.3307, 0.1225] **
max =  0.3307 | max_idx =  5
**pseudo_label ->  [0.1067, 0.1265, 0.1048, 0.3388, 0.1065, 0.1162, 0.1005] **
max =  0.3388 | max_idx =  3
Epoch 20/50, Train Loss: 1.0612, Valid Loss: 1.7038, Train Acc: 1.0000, Val Acc: 0.4137, Test Acc: 0.4365, Test F1: 0.3233, Total Pseudo-Labels: 0, Correct Pseudo-Labels: 0, Train Data Number: 70



line 303 => train data수 70
line 258 => 인스턴스 수 10
Step 200  Tim 1:00:16
acc_train_cw(현재 train의 class별 acc) [1.0, 1.0, 1.0, 1.0, 1.0, 1.0, 1.0]
cw_psl_total_eval(pseudo label 클래스별 총 샘플 수):  [0, 0, 0, 0, 0, 0, 0]
cw_psl_correct_eval(pseudo label 클래스별 맞은 샘플 수):  [0, 0, 0, 0, 0, 0, 0]
psl_acc(PSL 평가에서의 정확도): None 
cw_psl_acc(클래스별 PSL 평가에서의 정확도):  [nan, nan, nan, nan, nan, nan, nan]
**pseudo_label ->  [0.1189, 0.1135, 0.1094, 0.3496, 0.1195, 0.0971, 0.092] **
max =  0.3496 | max_idx =  3
**pseudo_label ->  [0.0981, 0.0977, 0.1153, 0.1135, 0.1123, 0.3421, 0.121] **
max =  0.3421 | max_idx =  5
**pseudo_label ->  [0.098, 0.0925, 0.1517, 0.1172, 0.1068, 0.3285, 0.1053] **
max =  0.3285 | max_idx =  5
**pseudo_label ->  [0.0926, 0.0919, 0.1096, 0.1186, 0.1225, 0.3386, 0.1263] **
max =  0.3386 | max_idx =  5
**pseudo_label ->  [0.1037, 0.1224, 0.1005, 0.3486, 0.1048, 0.1195, 0.1004] **
max =  0.3486 | max_idx =  3
Epoch 21/50, Train Loss: 1.0372, Valid Loss: 1.6947, Train Acc: 1.0000, Val Acc: 0.4072, Test Acc: 0.4344, Test F1: 0.3200, Total Pseudo-Labels: 0, Correct Pseudo-Labels: 0, Train Data Number: 70



line 303 => train data수 70
line 258 => 인스턴스 수 10
Step 210  Tim 1:03:25
acc_train_cw(현재 train의 class별 acc) [1.0, 1.0, 1.0, 1.0, 1.0, 1.0, 1.0]
cw_psl_total_eval(pseudo label 클래스별 총 샘플 수):  [0, 0, 0, 0, 0, 0, 0]
cw_psl_correct_eval(pseudo label 클래스별 맞은 샘플 수):  [0, 0, 0, 0, 0, 0, 0]
psl_acc(PSL 평가에서의 정확도): None 
cw_psl_acc(클래스별 PSL 평가에서의 정확도):  [nan, nan, nan, nan, nan, nan, nan]
**pseudo_label ->  [0.1152, 0.1115, 0.1174, 0.3526, 0.1202, 0.0956, 0.0875] **
max =  0.3526 | max_idx =  3
**pseudo_label ->  [0.0953, 0.0993, 0.1233, 0.1091, 0.1083, 0.3493, 0.1154] **
max =  0.3493 | max_idx =  5
**pseudo_label ->  [0.0949, 0.091, 0.1682, 0.1137, 0.1025, 0.3256, 0.1041] **
max =  0.3256 | max_idx =  5
**pseudo_label ->  [0.0932, 0.0916, 0.119, 0.1179, 0.1101, 0.3501, 0.1182] **
max =  0.3501 | max_idx =  5
**pseudo_label ->  [0.0999, 0.1256, 0.1039, 0.3535, 0.1043, 0.1168, 0.0961] **
max =  0.3535 | max_idx =  3
Epoch 22/50, Train Loss: 1.0131, Valid Loss: 1.6902, Train Acc: 1.0000, Val Acc: 0.4137, Test Acc: 0.4406, Test F1: 0.3259, Total Pseudo-Labels: 0, Correct Pseudo-Labels: 0, Train Data Number: 70



line 303 => train data수 70
line 258 => 인스턴스 수 10
Step 220  Tim 1:06:32
acc_train_cw(현재 train의 class별 acc) [1.0, 1.0, 1.0, 1.0, 1.0, 1.0, 1.0]
cw_psl_total_eval(pseudo label 클래스별 총 샘플 수):  [0, 0, 0, 0, 0, 0, 0]
cw_psl_correct_eval(pseudo label 클래스별 맞은 샘플 수):  [0, 0, 0, 0, 0, 0, 0]
psl_acc(PSL 평가에서의 정확도): None 
cw_psl_acc(클래스별 PSL 평가에서의 정확도):  [nan, nan, nan, nan, nan, nan, nan]
**pseudo_label ->  [0.1192, 0.1108, 0.113, 0.3647, 0.1135, 0.093, 0.0857] **
max =  0.3647 | max_idx =  3
**pseudo_label ->  [0.0964, 0.0968, 0.1143, 0.1139, 0.1089, 0.3591, 0.1107] **
max =  0.3591 | max_idx =  5
**pseudo_label ->  [0.0972, 0.0921, 0.1411, 0.1162, 0.1015, 0.3488, 0.1031] **
max =  0.3488 | max_idx =  5
**pseudo_label ->  [0.0899, 0.0916, 0.1136, 0.1146, 0.1146, 0.3578, 0.1179] **
max =  0.3578 | max_idx =  5
**pseudo_label ->  [0.1009, 0.1709, 0.1008, 0.331, 0.0977, 0.1069, 0.0918] **
max =  0.331 | max_idx =  3
Epoch 23/50, Train Loss: 0.9900, Valid Loss: 1.6958, Train Acc: 1.0000, Val Acc: 0.4104, Test Acc: 0.4242, Test F1: 0.3145, Total Pseudo-Labels: 0, Correct Pseudo-Labels: 0, Train Data Number: 70



line 303 => train data수 70
line 258 => 인스턴스 수 10
Step 230  Tim 1:09:13
acc_train_cw(현재 train의 class별 acc) [1.0, 1.0, 1.0, 1.0, 1.0, 1.0, 1.0]
cw_psl_total_eval(pseudo label 클래스별 총 샘플 수):  [0, 0, 0, 0, 0, 0, 0]
cw_psl_correct_eval(pseudo label 클래스별 맞은 샘플 수):  [0, 0, 0, 0, 0, 0, 0]
psl_acc(PSL 평가에서의 정확도): None 
cw_psl_acc(클래스별 PSL 평가에서의 정확도):  [nan, nan, nan, nan, nan, nan, nan]
**pseudo_label ->  [0.1161, 0.1103, 0.1041, 0.3763, 0.111, 0.0937, 0.0885] **
max =  0.3763 | max_idx =  3
**pseudo_label ->  [0.0929, 0.0933, 0.1109, 0.1142, 0.1081, 0.3686, 0.1121] **
max =  0.3686 | max_idx =  5
**pseudo_label ->  [0.0936, 0.0871, 0.1391, 0.1139, 0.1006, 0.3586, 0.1072] **
max =  0.3586 | max_idx =  5
**pseudo_label ->  [0.087, 0.0859, 0.1089, 0.1158, 0.1213, 0.3636, 0.1175] **
max =  0.3636 | max_idx =  5
**pseudo_label ->  [0.0873, 0.1534, 0.0994, 0.3397, 0.096, 0.1154, 0.1089] **
max =  0.3397 | max_idx =  3
Epoch 24/50, Train Loss: 0.9673, Valid Loss: 1.6880, Train Acc: 1.0000, Val Acc: 0.4039, Test Acc: 0.4406, Test F1: 0.3229, Total Pseudo-Labels: 0, Correct Pseudo-Labels: 0, Train Data Number: 70



line 303 => train data수 70
line 258 => 인스턴스 수 10
Step 240  Tim 1:12:30
acc_train_cw(현재 train의 class별 acc) [1.0, 1.0, 1.0, 1.0, 1.0, 1.0, 1.0]
cw_psl_total_eval(pseudo label 클래스별 총 샘플 수):  [0, 0, 0, 0, 0, 0, 0]
cw_psl_correct_eval(pseudo label 클래스별 맞은 샘플 수):  [0, 0, 0, 0, 0, 0, 0]
psl_acc(PSL 평가에서의 정확도): None 
cw_psl_acc(클래스별 PSL 평가에서의 정확도):  [nan, nan, nan, nan, nan, nan, nan]
**pseudo_label ->  [0.117, 0.1104, 0.1027, 0.3847, 0.1079, 0.0922, 0.0852] **
max =  0.3847 | max_idx =  3
**pseudo_label ->  [0.0956, 0.0896, 0.1103, 0.1151, 0.1041, 0.3756, 0.1098] **
max =  0.3756 | max_idx =  5
**pseudo_label ->  [0.0972, 0.0877, 0.1322, 0.1141, 0.096, 0.3689, 0.1039] **
max =  0.3689 | max_idx =  5
**pseudo_label ->  [0.0933, 0.0881, 0.1098, 0.1074, 0.11, 0.3749, 0.1164] **
max =  0.3749 | max_idx =  5
**pseudo_label ->  [0.0903, 0.19, 0.0993, 0.3232, 0.0899, 0.1022, 0.105] **
max =  0.3232 | max_idx =  3
Epoch 25/50, Train Loss: 0.9449, Valid Loss: 1.6877, Train Acc: 1.0000, Val Acc: 0.4072, Test Acc: 0.4406, Test F1: 0.3224, Total Pseudo-Labels: 0, Correct Pseudo-Labels: 0, Train Data Number: 70



line 303 => train data수 70
line 258 => 인스턴스 수 10
Step 250  Tim 1:15:03
acc_train_cw(현재 train의 class별 acc) [1.0, 1.0, 1.0, 1.0, 1.0, 1.0, 1.0]
cw_psl_total_eval(pseudo label 클래스별 총 샘플 수):  [0, 0, 0, 0, 0, 0, 0]
cw_psl_correct_eval(pseudo label 클래스별 맞은 샘플 수):  [0, 0, 0, 0, 0, 0, 0]
psl_acc(PSL 평가에서의 정확도): None 
cw_psl_acc(클래스별 PSL 평가에서의 정확도):  [nan, nan, nan, nan, nan, nan, nan]
**pseudo_label ->  [0.1182, 0.1071, 0.1017, 0.3936, 0.103, 0.0921, 0.0844] **
max =  0.3936 | max_idx =  3
**pseudo_label ->  [0.091, 0.0907, 0.1077, 0.1107, 0.1043, 0.3838, 0.1117] **
max =  0.3838 | max_idx =  5
**pseudo_label ->  [0.0925, 0.0854, 0.1366, 0.1109, 0.0978, 0.3742, 0.1026] **
max =  0.3742 | max_idx =  5
**pseudo_label ->  [0.0858, 0.0882, 0.1113, 0.1102, 0.1068, 0.3817, 0.116] **
max =  0.3817 | max_idx =  5
**pseudo_label ->  [0.0925, 0.1619, 0.0898, 0.3596, 0.0909, 0.1114, 0.0939] **
max =  0.3596 | max_idx =  3
Epoch 26/50, Train Loss: 0.9231, Valid Loss: 1.6907, Train Acc: 1.0000, Val Acc: 0.4104, Test Acc: 0.4365, Test F1: 0.3222, Total Pseudo-Labels: 0, Correct Pseudo-Labels: 0, Train Data Number: 70



line 303 => train data수 70
line 258 => 인스턴스 수 10
Step 260  Tim 1:18:24
acc_train_cw(현재 train의 class별 acc) [1.0, 1.0, 1.0, 1.0, 1.0, 1.0, 1.0]
cw_psl_total_eval(pseudo label 클래스별 총 샘플 수):  [0, 0, 0, 0, 0, 0, 0]
cw_psl_correct_eval(pseudo label 클래스별 맞은 샘플 수):  [0, 0, 0, 0, 0, 0, 0]
psl_acc(PSL 평가에서의 정확도): None 
cw_psl_acc(클래스별 PSL 평가에서의 정확도):  [nan, nan, nan, nan, nan, nan, nan]
**pseudo_label ->  [0.1079, 0.1019, 0.1051, 0.402, 0.1052, 0.0896, 0.0883] **
max =  0.402 | max_idx =  3
**pseudo_label ->  [0.0933, 0.088, 0.1078, 0.1071, 0.1006, 0.3931, 0.1101] **
max =  0.3931 | max_idx =  5
**pseudo_label ->  [0.0888, 0.0865, 0.1383, 0.1056, 0.0983, 0.3824, 0.1002] **
max =  0.3824 | max_idx =  5
**pseudo_label ->  [0.0836, 0.0847, 0.1103, 0.1071, 0.1087, 0.39, 0.1155] **
max =  0.39 | max_idx =  5
**pseudo_label ->  [0.0833, 0.1296, 0.1002, 0.3728, 0.0914, 0.1271, 0.0956] **
max =  0.3728 | max_idx =  3
Epoch 27/50, Train Loss: 0.9016, Valid Loss: 1.6795, Train Acc: 1.0000, Val Acc: 0.4072, Test Acc: 0.4426, Test F1: 0.3203, Total Pseudo-Labels: 0, Correct Pseudo-Labels: 0, Train Data Number: 70



line 303 => train data수 70
line 258 => 인스턴스 수 10
Step 270  Tim 1:21:17
acc_train_cw(현재 train의 class별 acc) [1.0, 1.0, 1.0, 1.0, 1.0, 1.0, 1.0]
cw_psl_total_eval(pseudo label 클래스별 총 샘플 수):  [0, 0, 0, 0, 0, 0, 0]
cw_psl_correct_eval(pseudo label 클래스별 맞은 샘플 수):  [0, 0, 0, 0, 0, 0, 0]
psl_acc(PSL 평가에서의 정확도): None 
cw_psl_acc(클래스별 PSL 평가에서의 정확도):  [nan, nan, nan, nan, nan, nan, nan]
**pseudo_label ->  [0.1112, 0.1019, 0.0996, 0.4114, 0.1042, 0.0905, 0.0812] **
max =  0.4114 | max_idx =  3
**pseudo_label ->  [0.0899, 0.0856, 0.1106, 0.108, 0.0995, 0.4009, 0.1055] **
max =  0.4009 | max_idx =  5
**pseudo_label ->  [0.0893, 0.0822, 0.1384, 0.1095, 0.0945, 0.389, 0.0972] **
max =  0.389 | max_idx =  5
**pseudo_label ->  [0.084, 0.0838, 0.1056, 0.1101, 0.1061, 0.4006, 0.1097] **
max =  0.4006 | max_idx =  5
**pseudo_label ->  [0.0901, 0.1326, 0.0927, 0.396, 0.0882, 0.1079, 0.0926] **
max =  0.396 | max_idx =  3
Epoch 28/50, Train Loss: 0.8806, Valid Loss: 1.6845, Train Acc: 1.0000, Val Acc: 0.4137, Test Acc: 0.4262, Test F1: 0.3157, Total Pseudo-Labels: 0, Correct Pseudo-Labels: 0, Train Data Number: 70



line 303 => train data수 70
line 258 => 인스턴스 수 10
Step 280  Tim 1:24:13
acc_train_cw(현재 train의 class별 acc) [1.0, 1.0, 1.0, 1.0, 1.0, 1.0, 1.0]
cw_psl_total_eval(pseudo label 클래스별 총 샘플 수):  [0, 0, 0, 0, 0, 0, 0]
cw_psl_correct_eval(pseudo label 클래스별 맞은 샘플 수):  [0, 0, 0, 0, 0, 0, 0]
psl_acc(PSL 평가에서의 정확도): None 
cw_psl_acc(클래스별 PSL 평가에서의 정확도):  [nan, nan, nan, nan, nan, nan, nan]
**pseudo_label ->  [0.1049, 0.0971, 0.1015, 0.4136, 0.1166, 0.0854, 0.0809] **
max =  0.4136 | max_idx =  3
**pseudo_label ->  [0.0905, 0.0879, 0.1025, 0.1061, 0.0976, 0.4105, 0.1049] **
max =  0.4105 | max_idx =  5
**pseudo_label ->  [0.0903, 0.083, 0.1276, 0.1066, 0.0929, 0.4029, 0.0966] **
max =  0.4029 | max_idx =  5
**pseudo_label ->  [0.082, 0.0836, 0.1043, 0.1019, 0.1109, 0.4067, 0.1106] **
max =  0.4067 | max_idx =  5
**pseudo_label ->  [0.0808, 0.1193, 0.0903, 0.4034, 0.1067, 0.109, 0.0905] **
max =  0.4034 | max_idx =  3
Epoch 29/50, Train Loss: 0.8601, Valid Loss: 1.6803, Train Acc: 1.0000, Val Acc: 0.4104, Test Acc: 0.4385, Test F1: 0.3203, Total Pseudo-Labels: 0, Correct Pseudo-Labels: 0, Train Data Number: 70



line 303 => train data수 70
line 258 => 인스턴스 수 10
Step 290  Tim 1:27:28
acc_train_cw(현재 train의 class별 acc) [1.0, 1.0, 1.0, 1.0, 1.0, 1.0, 1.0]
cw_psl_total_eval(pseudo label 클래스별 총 샘플 수):  [0, 0, 0, 0, 0, 0, 0]
cw_psl_correct_eval(pseudo label 클래스별 맞은 샘플 수):  [0, 0, 0, 0, 0, 0, 0]
psl_acc(PSL 평가에서의 정확도): None 
cw_psl_acc(클래스별 PSL 평가에서의 정확도):  [nan, nan, nan, nan, nan, nan, nan]
**pseudo_label ->  [0.1088, 0.098, 0.0995, 0.4241, 0.1072, 0.0818, 0.0805] **
max =  0.4241 | max_idx =  3
**pseudo_label ->  [0.0874, 0.0879, 0.1073, 0.1028, 0.0938, 0.4174, 0.1034] **
max =  0.4174 | max_idx =  5
**pseudo_label ->  [0.0873, 0.0823, 0.1409, 0.1079, 0.0881, 0.4012, 0.0924] **
max =  0.4012 | max_idx =  5
**pseudo_label ->  [0.0829, 0.085, 0.1005, 0.1043, 0.099, 0.417, 0.1113] **
max =  0.417 | max_idx =  5
**pseudo_label ->  [0.087, 0.1325, 0.0855, 0.411, 0.0917, 0.1026, 0.0897] **
max =  0.411 | max_idx =  3
Epoch 30/50, Train Loss: 0.8400, Valid Loss: 1.6822, Train Acc: 1.0000, Val Acc: 0.4137, Test Acc: 0.4262, Test F1: 0.3168, Total Pseudo-Labels: 0, Correct Pseudo-Labels: 0, Train Data Number: 70



line 303 => train data수 70
line 258 => 인스턴스 수 10
Step 300  Tim 1:29:58
acc_train_cw(현재 train의 class별 acc) [1.0, 1.0, 1.0, 1.0, 1.0, 1.0, 1.0]
cw_psl_total_eval(pseudo label 클래스별 총 샘플 수):  [0, 0, 0, 0, 0, 0, 0]
cw_psl_correct_eval(pseudo label 클래스별 맞은 샘플 수):  [0, 0, 0, 0, 0, 0, 0]
psl_acc(PSL 평가에서의 정확도): None 
cw_psl_acc(클래스별 PSL 평가에서의 정확도):  [nan, nan, nan, nan, nan, nan, nan]
**pseudo_label ->  [0.1022, 0.0967, 0.1015, 0.4309, 0.1075, 0.0817, 0.0797] **
max =  0.4309 | max_idx =  3
**pseudo_label ->  [0.0855, 0.0857, 0.1046, 0.1024, 0.0935, 0.4264, 0.1019] **
max =  0.4264 | max_idx =  5
**pseudo_label ->  [0.0829, 0.0779, 0.1324, 0.1002, 0.0953, 0.4154, 0.0959] **
max =  0.4154 | max_idx =  5
**pseudo_label ->  [0.0792, 0.0807, 0.1025, 0.1047, 0.1041, 0.424, 0.1048] **
max =  0.424 | max_idx =  5
**pseudo_label ->  [0.0829, 0.1185, 0.0923, 0.4238, 0.0904, 0.0983, 0.0938] **
max =  0.4238 | max_idx =  3
Epoch 31/50, Train Loss: 0.8206, Valid Loss: 1.6828, Train Acc: 1.0000, Val Acc: 0.4072, Test Acc: 0.4283, Test F1: 0.3152, Total Pseudo-Labels: 0, Correct Pseudo-Labels: 0, Train Data Number: 70



line 303 => train data수 70
line 258 => 인스턴스 수 10
Step 310  Tim 1:33:20
acc_train_cw(현재 train의 class별 acc) [1.0, 1.0, 1.0, 1.0, 1.0, 1.0, 1.0]
cw_psl_total_eval(pseudo label 클래스별 총 샘플 수):  [0, 0, 0, 0, 0, 0, 0]
cw_psl_correct_eval(pseudo label 클래스별 맞은 샘플 수):  [0, 0, 0, 0, 0, 0, 0]
psl_acc(PSL 평가에서의 정확도): None 
cw_psl_acc(클래스별 PSL 평가에서의 정확도):  [nan, nan, nan, nan, nan, nan, nan]
**pseudo_label ->  [0.1062, 0.0902, 0.0967, 0.4442, 0.1023, 0.0824, 0.0781] **
max =  0.4442 | max_idx =  3
**pseudo_label ->  [0.0841, 0.0843, 0.1022, 0.0994, 0.0928, 0.4339, 0.1034] **
max =  0.4339 | max_idx =  5
**pseudo_label ->  [0.0831, 0.0806, 0.1234, 0.0979, 0.0928, 0.4281, 0.094] **
max =  0.4281 | max_idx =  5
**pseudo_label ->  [0.0793, 0.08, 0.0968, 0.1017, 0.1008, 0.4323, 0.1091] **
max =  0.4323 | max_idx =  5
**pseudo_label ->  [0.0788, 0.1021, 0.0829, 0.4286, 0.0874, 0.1237, 0.0965] **
max =  0.4286 | max_idx =  3
Epoch 32/50, Train Loss: 0.8013, Valid Loss: 1.6844, Train Acc: 1.0000, Val Acc: 0.3974, Test Acc: 0.4283, Test F1: 0.3142, Total Pseudo-Labels: 0, Correct Pseudo-Labels: 0, Train Data Number: 70



line 303 => train data수 70
line 258 => 인스턴스 수 10
Step 320  Tim 1:36:01
acc_train_cw(현재 train의 class별 acc) [1.0, 1.0, 1.0, 1.0, 1.0, 1.0, 1.0]
cw_psl_total_eval(pseudo label 클래스별 총 샘플 수):  [0, 0, 0, 0, 0, 0, 0]
cw_psl_correct_eval(pseudo label 클래스별 맞은 샘플 수):  [0, 0, 0, 0, 0, 0, 0]
psl_acc(PSL 평가에서의 정확도): None 
cw_psl_acc(클래스별 PSL 평가에서의 정확도):  [nan, nan, nan, nan, nan, nan, nan]
**pseudo_label ->  [0.098, 0.0912, 0.0913, 0.4555, 0.1004, 0.0818, 0.0817] **
max =  0.4555 | max_idx =  3
**pseudo_label ->  [0.0838, 0.0818, 0.1026, 0.0945, 0.093, 0.4426, 0.1018] **
max =  0.4426 | max_idx =  5
**pseudo_label ->  [0.0801, 0.0743, 0.1287, 0.1022, 0.0893, 0.4317, 0.0937] **
max =  0.4317 | max_idx =  5
**pseudo_label ->  [0.0756, 0.0786, 0.1006, 0.1018, 0.1003, 0.4408, 0.1023] **
max =  0.4408 | max_idx =  5
**pseudo_label ->  [0.08, 0.1071, 0.0864, 0.4451, 0.0876, 0.1083, 0.0855] **
max =  0.4451 | max_idx =  3
Epoch 33/50, Train Loss: 0.7828, Valid Loss: 1.6731, Train Acc: 1.0000, Val Acc: 0.3974, Test Acc: 0.4201, Test F1: 0.3078, Total Pseudo-Labels: 0, Correct Pseudo-Labels: 0, Train Data Number: 70



line 303 => train data수 70
line 258 => 인스턴스 수 10
Step 330  Tim 1:39:09
acc_train_cw(현재 train의 class별 acc) [1.0, 1.0, 1.0, 1.0, 1.0, 1.0, 1.0]
cw_psl_total_eval(pseudo label 클래스별 총 샘플 수):  [0, 0, 0, 0, 0, 0, 0]
cw_psl_correct_eval(pseudo label 클래스별 맞은 샘플 수):  [0, 0, 0, 0, 0, 0, 0]
psl_acc(PSL 평가에서의 정확도): None 
cw_psl_acc(클래스별 PSL 평가에서의 정확도):  [nan, nan, nan, nan, nan, nan, nan]
**pseudo_label ->  [0.1045, 0.0952, 0.0963, 0.4574, 0.097, 0.0789, 0.0708] **
max =  0.4574 | max_idx =  3
**pseudo_label ->  [0.0814, 0.0787, 0.1026, 0.0963, 0.0909, 0.4515, 0.0986] **
max =  0.4515 | max_idx =  5
**pseudo_label ->  [0.0811, 0.0721, 0.1605, 0.0979, 0.0858, 0.4172, 0.0854] **
max =  0.4172 | max_idx =  5
**pseudo_label ->  [0.0787, 0.0746, 0.0983, 0.1003, 0.0995, 0.4508, 0.0978] **
max =  0.4508 | max_idx =  5
**pseudo_label ->  [0.0805, 0.1043, 0.0888, 0.455, 0.0873, 0.1019, 0.0823] **
max =  0.455 | max_idx =  3
Epoch 34/50, Train Loss: 0.7642, Valid Loss: 1.6886, Train Acc: 1.0000, Val Acc: 0.4007, Test Acc: 0.4160, Test F1: 0.3108, Total Pseudo-Labels: 0, Correct Pseudo-Labels: 0, Train Data Number: 70



line 303 => train data수 70
line 258 => 인스턴스 수 10
Step 340  Tim 1:42:17
acc_train_cw(현재 train의 class별 acc) [1.0, 1.0, 1.0, 1.0, 1.0, 1.0, 1.0]
cw_psl_total_eval(pseudo label 클래스별 총 샘플 수):  [0, 0, 0, 0, 0, 0, 0]
cw_psl_correct_eval(pseudo label 클래스별 맞은 샘플 수):  [0, 0, 0, 0, 0, 0, 0]
psl_acc(PSL 평가에서의 정확도): None 
cw_psl_acc(클래스별 PSL 평가에서의 정확도):  [nan, nan, nan, nan, nan, nan, nan]
**pseudo_label ->  [0.0966, 0.0905, 0.0927, 0.4701, 0.096, 0.0788, 0.0753] **
max =  0.4701 | max_idx =  3
**pseudo_label ->  [0.0837, 0.083, 0.0935, 0.0932, 0.0889, 0.4602, 0.0977] **
max =  0.4602 | max_idx =  5
**pseudo_label ->  [0.0776, 0.0707, 0.1426, 0.0971, 0.0845, 0.4379, 0.0896] **
max =  0.4379 | max_idx =  5
**pseudo_label ->  [0.0758, 0.0767, 0.098, 0.0942, 0.0932, 0.4589, 0.1031] **
max =  0.4589 | max_idx =  5
**pseudo_label ->  [0.06, 0.2319, 0.1122, 0.3019, 0.0707, 0.1024, 0.1209] **
max =  0.3019 | max_idx =  3
Epoch 35/50, Train Loss: 0.7462, Valid Loss: 1.6793, Train Acc: 1.0000, Val Acc: 0.3974, Test Acc: 0.4303, Test F1: 0.3159, Total Pseudo-Labels: 0, Correct Pseudo-Labels: 0, Train Data Number: 70



line 303 => train data수 70
line 258 => 인스턴스 수 10
Step 350  Tim 1:44:57
acc_train_cw(현재 train의 class별 acc) [1.0, 1.0, 1.0, 1.0, 1.0, 1.0, 1.0]
cw_psl_total_eval(pseudo label 클래스별 총 샘플 수):  [0, 0, 0, 0, 0, 0, 0]
cw_psl_correct_eval(pseudo label 클래스별 맞은 샘플 수):  [0, 0, 0, 0, 0, 0, 0]
psl_acc(PSL 평가에서의 정확도): None 
cw_psl_acc(클래스별 PSL 평가에서의 정확도):  [nan, nan, nan, nan, nan, nan, nan]
**pseudo_label ->  [0.0937, 0.0961, 0.0893, 0.4782, 0.094, 0.0755, 0.0732] **
max =  0.4782 | max_idx =  3
**pseudo_label ->  [0.0804, 0.0805, 0.0958, 0.0962, 0.0868, 0.4688, 0.0916] **
max =  0.4688 | max_idx =  5
**pseudo_label ->  [0.0752, 0.0692, 0.1748, 0.0971, 0.0836, 0.4178, 0.0823] **
max =  0.4178 | max_idx =  5
**pseudo_label ->  [0.073, 0.0727, 0.0974, 0.0954, 0.1008, 0.4633, 0.0974] **
max =  0.4633 | max_idx =  5
**pseudo_label ->  [0.0825, 0.1018, 0.0799, 0.4795, 0.0838, 0.0952, 0.0772] **
max =  0.4795 | max_idx =  3
Epoch 36/50, Train Loss: 0.7288, Valid Loss: 1.6886, Train Acc: 1.0000, Val Acc: 0.4137, Test Acc: 0.4283, Test F1: 0.3165, Total Pseudo-Labels: 0, Correct Pseudo-Labels: 0, Train Data Number: 70



line 303 => train data수 70
line 258 => 인스턴스 수 10
Step 360  Tim 1:48:16
acc_train_cw(현재 train의 class별 acc) [1.0, 1.0, 1.0, 1.0, 1.0, 1.0, 1.0]
cw_psl_total_eval(pseudo label 클래스별 총 샘플 수):  [0, 0, 0, 0, 0, 0, 0]
cw_psl_correct_eval(pseudo label 클래스별 맞은 샘플 수):  [0, 0, 0, 0, 0, 0, 0]
psl_acc(PSL 평가에서의 정확도): None 
cw_psl_acc(클래스별 PSL 평가에서의 정확도):  [nan, nan, nan, nan, nan, nan, nan]
**pseudo_label ->  [0.0979, 0.0861, 0.0867, 0.4886, 0.0891, 0.0775, 0.0739] **
max =  0.4886 | max_idx =  3
**pseudo_label ->  [0.0788, 0.0751, 0.0971, 0.0932, 0.0859, 0.4766, 0.0933] **
max =  0.4766 | max_idx =  5
**pseudo_label ->  [0.0784, 0.0714, 0.1253, 0.0943, 0.0818, 0.4635, 0.0854] **
max =  0.4635 | max_idx =  5
**pseudo_label ->  [0.0725, 0.0726, 0.0926, 0.0926, 0.0987, 0.4734, 0.0977] **
max =  0.4734 | max_idx =  5
**pseudo_label ->  [0.0701, 0.1402, 0.0801, 0.4466, 0.0764, 0.1001, 0.0865] **
max =  0.4466 | max_idx =  3
Epoch 37/50, Train Loss: 0.7115, Valid Loss: 1.6757, Train Acc: 1.0000, Val Acc: 0.3941, Test Acc: 0.4344, Test F1: 0.3193, Total Pseudo-Labels: 0, Correct Pseudo-Labels: 0, Train Data Number: 70



line 303 => train data수 70
line 258 => 인스턴스 수 10
Step 370  Tim 1:50:48
acc_train_cw(현재 train의 class별 acc) [1.0, 1.0, 1.0, 1.0, 1.0, 1.0, 1.0]
cw_psl_total_eval(pseudo label 클래스별 총 샘플 수):  [0, 0, 0, 0, 0, 0, 0]
cw_psl_correct_eval(pseudo label 클래스별 맞은 샘플 수):  [0, 0, 0, 0, 0, 0, 0]
psl_acc(PSL 평가에서의 정확도): None 
cw_psl_acc(클래스별 PSL 평가에서의 정확도):  [nan, nan, nan, nan, nan, nan, nan]
**pseudo_label ->  [0.0916, 0.0833, 0.0932, 0.4906, 0.0962, 0.0739, 0.0713] **
max =  0.4906 | max_idx =  3
**pseudo_label ->  [0.0805, 0.0792, 0.0909, 0.0906, 0.0826, 0.4858, 0.0903] **
max =  0.4858 | max_idx =  5
**pseudo_label ->  [0.0739, 0.0682, 0.1958, 0.0945, 0.0765, 0.4123, 0.0788] **
max =  0.4123 | max_idx =  5
**pseudo_label ->  [0.0751, 0.0703, 0.0903, 0.0941, 0.0905, 0.4845, 0.0953] **
max =  0.4845 | max_idx =  5
**pseudo_label ->  [0.0791, 0.1176, 0.0747, 0.483, 0.0766, 0.0872, 0.0818] **
max =  0.483 | max_idx =  3
Epoch 38/50, Train Loss: 0.6950, Valid Loss: 1.6912, Train Acc: 1.0000, Val Acc: 0.4137, Test Acc: 0.4365, Test F1: 0.3250, Total Pseudo-Labels: 0, Correct Pseudo-Labels: 0, Train Data Number: 70



line 303 => train data수 70
line 258 => 인스턴스 수 10
Step 380  Tim 1:54:09
acc_train_cw(현재 train의 class별 acc) [1.0, 1.0, 1.0, 1.0, 1.0, 1.0, 1.0]
cw_psl_total_eval(pseudo label 클래스별 총 샘플 수):  [0, 0, 0, 0, 0, 0, 0]
cw_psl_correct_eval(pseudo label 클래스별 맞은 샘플 수):  [0, 0, 0, 0, 0, 0, 0]
psl_acc(PSL 평가에서의 정확도): None 
cw_psl_acc(클래스별 PSL 평가에서의 정확도):  [nan, nan, nan, nan, nan, nan, nan]
**pseudo_label ->  [0.092, 0.0815, 0.0866, 0.5017, 0.095, 0.0739, 0.0693] **
max =  0.5017 | max_idx =  3
**pseudo_label ->  [0.0751, 0.0764, 0.0916, 0.0902, 0.0796, 0.4924, 0.0947] **
max =  0.4924 | max_idx =  5
**pseudo_label ->  [0.0742, 0.0677, 0.1191, 0.0912, 0.0817, 0.4822, 0.0839] **
max =  0.4822 | max_idx =  5
**pseudo_label ->  [0.0674, 0.0683, 0.0879, 0.0969, 0.0985, 0.4878, 0.0932] **
max =  0.4878 | max_idx =  5
**pseudo_label ->  [0.0743, 0.1017, 0.0757, 0.4972, 0.0819, 0.088, 0.0813] **
max =  0.4972 | max_idx =  3
Epoch 39/50, Train Loss: 0.6789, Valid Loss: 1.6882, Train Acc: 1.0000, Val Acc: 0.4072, Test Acc: 0.4406, Test F1: 0.3240, Total Pseudo-Labels: 0, Correct Pseudo-Labels: 0, Train Data Number: 70



line 303 => train data수 70
line 258 => 인스턴스 수 10
Step 390  Tim 1:57:05
acc_train_cw(현재 train의 class별 acc) [1.0, 1.0, 1.0, 1.0, 1.0, 1.0, 1.0]
cw_psl_total_eval(pseudo label 클래스별 총 샘플 수):  [0, 0, 0, 0, 0, 0, 0]
cw_psl_correct_eval(pseudo label 클래스별 맞은 샘플 수):  [0, 0, 0, 0, 0, 0, 0]
psl_acc(PSL 평가에서의 정확도): None 
cw_psl_acc(클래스별 PSL 평가에서의 정확도):  [nan, nan, nan, nan, nan, nan, nan]
**pseudo_label ->  [0.0878, 0.0827, 0.0867, 0.5102, 0.0921, 0.0754, 0.0651] **
max =  0.5102 | max_idx =  3
**pseudo_label ->  [0.0781, 0.0756, 0.0946, 0.0878, 0.0775, 0.5009, 0.0854] **
max =  0.5009 | max_idx =  5
**pseudo_label ->  [0.0736, 0.0661, 0.1376, 0.0886, 0.0775, 0.4769, 0.0797] **
max =  0.4769 | max_idx =  5
**pseudo_label ->  [0.0706, 0.0718, 0.0946, 0.0848, 0.0856, 0.5001, 0.0925] **
max =  0.5001 | max_idx =  5
**pseudo_label ->  [0.0624, 0.3337, 0.0703, 0.2567, 0.0669, 0.102, 0.108] **
max =  0.3337 | max_idx =  1
Epoch 40/50, Train Loss: 0.6628, Valid Loss: 1.7045, Train Acc: 1.0000, Val Acc: 0.4169, Test Acc: 0.4488, Test F1: 0.3298, Total Pseudo-Labels: 0, Correct Pseudo-Labels: 0, Train Data Number: 70



line 303 => train data수 70
line 258 => 인스턴스 수 10
Step 400  Tim 2:00:00
acc_train_cw(현재 train의 class별 acc) [1.0, 1.0, 1.0, 1.0, 1.0, 1.0, 1.0]
cw_psl_total_eval(pseudo label 클래스별 총 샘플 수):  [0, 0, 0, 0, 0, 0, 0]
cw_psl_correct_eval(pseudo label 클래스별 맞은 샘플 수):  [0, 0, 0, 0, 0, 0, 0]
psl_acc(PSL 평가에서의 정확도): None 
cw_psl_acc(클래스별 PSL 평가에서의 정확도):  [nan, nan, nan, nan, nan, nan, nan]
**pseudo_label ->  [0.0868, 0.0905, 0.0849, 0.5149, 0.0893, 0.0666, 0.0671] **
max =  0.5149 | max_idx =  3
**pseudo_label ->  [0.0744, 0.0694, 0.087, 0.0876, 0.0853, 0.5091, 0.0872] **
max =  0.5091 | max_idx =  5
**pseudo_label ->  [0.0726, 0.0629, 0.1105, 0.0856, 0.0868, 0.5002, 0.0814] **
max =  0.5002 | max_idx =  5
**pseudo_label ->  [0.0708, 0.0674, 0.0821, 0.091, 0.0855, 0.508, 0.0951] **
max =  0.508 | max_idx =  5
**pseudo_label ->  [0.0725, 0.0968, 0.0709, 0.5158, 0.0785, 0.087, 0.0786] **
max =  0.5158 | max_idx =  3
Epoch 41/50, Train Loss: 0.6475, Valid Loss: 1.6970, Train Acc: 1.0000, Val Acc: 0.4039, Test Acc: 0.4529, Test F1: 0.3287, Total Pseudo-Labels: 0, Correct Pseudo-Labels: 0, Train Data Number: 70



line 303 => train data수 70
line 258 => 인스턴스 수 10
Step 410  Tim 2:03:16
acc_train_cw(현재 train의 class별 acc) [1.0, 1.0, 1.0, 1.0, 1.0, 1.0, 1.0]
cw_psl_total_eval(pseudo label 클래스별 총 샘플 수):  [0, 0, 0, 0, 0, 0, 0]
cw_psl_correct_eval(pseudo label 클래스별 맞은 샘플 수):  [0, 0, 0, 0, 0, 0, 0]
psl_acc(PSL 평가에서의 정확도): None 
cw_psl_acc(클래스별 PSL 평가에서의 정확도):  [nan, nan, nan, nan, nan, nan, nan]
**pseudo_label ->  [0.087, 0.0819, 0.0912, 0.5221, 0.0835, 0.071, 0.0632] **
max =  0.5221 | max_idx =  3
**pseudo_label ->  [0.0719, 0.0756, 0.0934, 0.0865, 0.0761, 0.516, 0.0804] **
max =  0.516 | max_idx =  5
**pseudo_label ->  [0.073, 0.0698, 0.1179, 0.0831, 0.0753, 0.5047, 0.0762] **
max =  0.5047 | max_idx =  5
**pseudo_label ->  [0.0663, 0.0701, 0.0898, 0.0887, 0.0822, 0.5158, 0.087] **
max =  0.5158 | max_idx =  5
**pseudo_label ->  [0.0724, 0.0938, 0.0714, 0.5251, 0.08, 0.0849, 0.0723] **
max =  0.5251 | max_idx =  3
Epoch 42/50, Train Loss: 0.6324, Valid Loss: 1.7093, Train Acc: 1.0000, Val Acc: 0.4039, Test Acc: 0.4467, Test F1: 0.3264, Total Pseudo-Labels: 0, Correct Pseudo-Labels: 0, Train Data Number: 70



line 303 => train data수 70
line 258 => 인스턴스 수 10
Step 420  Tim 2:05:46
acc_train_cw(현재 train의 class별 acc) [1.0, 1.0, 1.0, 1.0, 1.0, 1.0, 1.0]
cw_psl_total_eval(pseudo label 클래스별 총 샘플 수):  [0, 0, 0, 0, 0, 0, 0]
cw_psl_correct_eval(pseudo label 클래스별 맞은 샘플 수):  [0, 0, 0, 0, 0, 0, 0]
psl_acc(PSL 평가에서의 정확도): None 
cw_psl_acc(클래스별 PSL 평가에서의 정확도):  [nan, nan, nan, nan, nan, nan, nan]
**pseudo_label ->  [0.084, 0.0831, 0.0864, 0.5285, 0.0884, 0.0646, 0.0651] **
max =  0.5285 | max_idx =  3
**pseudo_label ->  [0.0718, 0.0644, 0.0847, 0.082, 0.0836, 0.5246, 0.0889] **
max =  0.5246 | max_idx =  5
**pseudo_label ->  [0.0742, 0.0615, 0.1025, 0.0853, 0.0781, 0.5199, 0.0787] **
max =  0.5199 | max_idx =  5
**pseudo_label ->  [0.0629, 0.0635, 0.0819, 0.0872, 0.0895, 0.5199, 0.0951] **
max =  0.5199 | max_idx =  5
**pseudo_label ->  [0.0717, 0.0916, 0.0686, 0.5347, 0.0776, 0.0843, 0.0716] **
max =  0.5347 | max_idx =  3
Epoch 43/50, Train Loss: 0.6177, Valid Loss: 1.7020, Train Acc: 1.0000, Val Acc: 0.3974, Test Acc: 0.4426, Test F1: 0.3220, Total Pseudo-Labels: 0, Correct Pseudo-Labels: 0, Train Data Number: 70



line 303 => train data수 70
line 258 => 인스턴스 수 10
Step 430  Tim 2:09:08
acc_train_cw(현재 train의 class별 acc) [1.0, 1.0, 1.0, 1.0, 1.0, 1.0, 1.0]
cw_psl_total_eval(pseudo label 클래스별 총 샘플 수):  [0, 0, 0, 0, 0, 0, 0]
cw_psl_correct_eval(pseudo label 클래스별 맞은 샘플 수):  [0, 0, 0, 0, 0, 0, 0]
psl_acc(PSL 평가에서의 정확도): None 
cw_psl_acc(클래스별 PSL 평가에서의 정확도):  [nan, nan, nan, nan, nan, nan, nan]
**pseudo_label ->  [0.0854, 0.0782, 0.0818, 0.5432, 0.0799, 0.067, 0.0644] **
max =  0.5432 | max_idx =  3
**pseudo_label ->  [0.069, 0.0702, 0.0899, 0.0795, 0.0736, 0.5317, 0.0861] **
max =  0.5317 | max_idx =  5
**pseudo_label ->  [0.0686, 0.0641, 0.1119, 0.0825, 0.0726, 0.522, 0.0784] **
max =  0.522 | max_idx =  5
**pseudo_label ->  [0.0634, 0.0643, 0.0841, 0.0836, 0.0843, 0.5293, 0.0909] **
max =  0.5293 | max_idx =  5
**pseudo_label ->  [0.0665, 0.1114, 0.0679, 0.5263, 0.0681, 0.0843, 0.0755] **
max =  0.5263 | max_idx =  3
Epoch 44/50, Train Loss: 0.6033, Valid Loss: 1.6974, Train Acc: 1.0000, Val Acc: 0.4104, Test Acc: 0.4426, Test F1: 0.3238, Total Pseudo-Labels: 0, Correct Pseudo-Labels: 0, Train Data Number: 70



line 303 => train data수 70
line 258 => 인스턴스 수 10
Step 440  Tim 2:11:51
acc_train_cw(현재 train의 class별 acc) [1.0, 1.0, 1.0, 1.0, 1.0, 1.0, 1.0]
cw_psl_total_eval(pseudo label 클래스별 총 샘플 수):  [0, 0, 0, 0, 0, 0, 0]
cw_psl_correct_eval(pseudo label 클래스별 맞은 샘플 수):  [0, 0, 0, 0, 0, 0, 0]
psl_acc(PSL 평가에서의 정확도): None 
cw_psl_acc(클래스별 PSL 평가에서의 정확도):  [nan, nan, nan, nan, nan, nan, nan]
**pseudo_label ->  [0.0803, 0.0783, 0.0846, 0.5439, 0.0869, 0.0627, 0.0633] **
max =  0.5439 | max_idx =  3
**pseudo_label ->  [0.0719, 0.0655, 0.0827, 0.0783, 0.0782, 0.541, 0.0824] **
max =  0.541 | max_idx =  5
**pseudo_label ->  [0.0681, 0.0638, 0.1086, 0.0772, 0.079, 0.53, 0.0732] **
max =  0.53 | max_idx =  5
**pseudo_label ->  [0.0661, 0.0609, 0.0776, 0.0845, 0.0872, 0.5379, 0.0858] **
max =  0.5379 | max_idx =  5
**pseudo_label ->  [0.0677, 0.0875, 0.0681, 0.5498, 0.0745, 0.0862, 0.0662] **
max =  0.5498 | max_idx =  3
Epoch 45/50, Train Loss: 0.5893, Valid Loss: 1.7166, Train Acc: 1.0000, Val Acc: 0.4169, Test Acc: 0.4201, Test F1: 0.3129, Total Pseudo-Labels: 0, Correct Pseudo-Labels: 0, Train Data Number: 70



line 303 => train data수 70
line 258 => 인스턴스 수 10
Step 450  Tim 2:14:59
acc_train_cw(현재 train의 class별 acc) [1.0, 1.0, 1.0, 1.0, 1.0, 1.0, 1.0]
cw_psl_total_eval(pseudo label 클래스별 총 샘플 수):  [0, 0, 0, 0, 0, 0, 0]
cw_psl_correct_eval(pseudo label 클래스별 맞은 샘플 수):  [0, 0, 0, 0, 0, 0, 0]
psl_acc(PSL 평가에서의 정확도): None 
cw_psl_acc(클래스별 PSL 평가에서의 정확도):  [nan, nan, nan, nan, nan, nan, nan]
**pseudo_label ->  [0.079, 0.0781, 0.0801, 0.5567, 0.0794, 0.0646, 0.0621] **
max =  0.5567 | max_idx =  3
**pseudo_label ->  [0.0676, 0.0661, 0.0847, 0.0814, 0.0733, 0.5479, 0.079] **
max =  0.5479 | max_idx =  5
**pseudo_label ->  [0.066, 0.0606, 0.1573, 0.0816, 0.0669, 0.4973, 0.0702] **
max =  0.4973 | max_idx =  5
**pseudo_label ->  [0.063, 0.0635, 0.0788, 0.0871, 0.0824, 0.5457, 0.0795] **
max =  0.5457 | max_idx =  5
**pseudo_label ->  [0.0508, 0.1378, 0.0713, 0.4782, 0.0643, 0.1015, 0.096] **
max =  0.4782 | max_idx =  3
Epoch 46/50, Train Loss: 0.5759, Valid Loss: 1.6949, Train Acc: 1.0000, Val Acc: 0.4072, Test Acc: 0.4406, Test F1: 0.3252, Total Pseudo-Labels: 0, Correct Pseudo-Labels: 0, Train Data Number: 70



line 303 => train data수 70
line 258 => 인스턴스 수 10
Step 460  Tim 2:18:07
acc_train_cw(현재 train의 class별 acc) [1.0, 1.0, 1.0, 1.0, 1.0, 1.0, 1.0]
cw_psl_total_eval(pseudo label 클래스별 총 샘플 수):  [0, 0, 0, 0, 0, 0, 0]
cw_psl_correct_eval(pseudo label 클래스별 맞은 샘플 수):  [0, 0, 0, 0, 0, 0, 0]
psl_acc(PSL 평가에서의 정확도): None 
cw_psl_acc(클래스별 PSL 평가에서의 정확도):  [nan, nan, nan, nan, nan, nan, nan]
**pseudo_label ->  [0.0813, 0.0745, 0.0827, 0.5614, 0.0767, 0.0652, 0.0582] **
max =  0.5614 | max_idx =  3
**pseudo_label ->  [0.0664, 0.0628, 0.08, 0.0781, 0.0741, 0.5562, 0.0824] **
max =  0.5562 | max_idx =  5
**pseudo_label ->  [0.0656, 0.0567, 0.1109, 0.0791, 0.0749, 0.5413, 0.0715] **
max =  0.5413 | max_idx =  5
**pseudo_label ->  [0.0607, 0.0582, 0.0856, 0.0777, 0.0804, 0.5515, 0.086] **
max =  0.5515 | max_idx =  5
**pseudo_label ->  [0.0657, 0.1057, 0.0644, 0.5535, 0.0682, 0.0766, 0.0659] **
max =  0.5535 | max_idx =  3
Epoch 47/50, Train Loss: 0.5626, Valid Loss: 1.7103, Train Acc: 1.0000, Val Acc: 0.4169, Test Acc: 0.4201, Test F1: 0.3130, Total Pseudo-Labels: 0, Correct Pseudo-Labels: 0, Train Data Number: 70



line 303 => train data수 70
line 258 => 인스턴스 수 10
Step 470  Tim 2:20:46
acc_train_cw(현재 train의 class별 acc) [1.0, 1.0, 1.0, 1.0, 1.0, 1.0, 1.0]
cw_psl_total_eval(pseudo label 클래스별 총 샘플 수):  [0, 0, 0, 0, 0, 0, 0]
cw_psl_correct_eval(pseudo label 클래스별 맞은 샘플 수):  [0, 0, 0, 0, 0, 0, 0]
psl_acc(PSL 평가에서의 정확도): None 
cw_psl_acc(클래스별 PSL 평가에서의 정확도):  [nan, nan, nan, nan, nan, nan, nan]
**pseudo_label ->  [0.0784, 0.0725, 0.0841, 0.566, 0.0777, 0.0609, 0.0604] **
max =  0.566 | max_idx =  3
**pseudo_label ->  [0.062, 0.0626, 0.0805, 0.0813, 0.0738, 0.5636, 0.0762] **
max =  0.5636 | max_idx =  5
**pseudo_label ->  [0.0615, 0.0571, 0.1276, 0.0756, 0.0723, 0.5356, 0.0704] **
max =  0.5356 | max_idx =  5
**pseudo_label ->  [0.0621, 0.0644, 0.0738, 0.0783, 0.077, 0.563, 0.0815] **
max =  0.563 | max_idx =  5
**pseudo_label ->  [0.0605, 0.1335, 0.0606, 0.5332, 0.0673, 0.078, 0.0669] **
max =  0.5332 | max_idx =  3
Epoch 48/50, Train Loss: 0.5497, Valid Loss: 1.6931, Train Acc: 1.0000, Val Acc: 0.4104, Test Acc: 0.4303, Test F1: 0.3199, Total Pseudo-Labels: 0, Correct Pseudo-Labels: 0, Train Data Number: 70



line 303 => train data수 70
line 258 => 인스턴스 수 10
Step 480  Tim 2:24:05
acc_train_cw(현재 train의 class별 acc) [1.0, 1.0, 1.0, 1.0, 1.0, 1.0, 1.0]
cw_psl_total_eval(pseudo label 클래스별 총 샘플 수):  [0, 0, 0, 0, 0, 0, 0]
cw_psl_correct_eval(pseudo label 클래스별 맞은 샘플 수):  [0, 0, 0, 0, 0, 0, 0]
psl_acc(PSL 평가에서의 정확도): None 
cw_psl_acc(클래스별 PSL 평가에서의 정확도):  [nan, nan, nan, nan, nan, nan, nan]
**pseudo_label ->  [0.0757, 0.0719, 0.0827, 0.5712, 0.0831, 0.0583, 0.0572] **
max =  0.5712 | max_idx =  3
**pseudo_label ->  [0.0643, 0.0622, 0.0796, 0.0732, 0.075, 0.5694, 0.0763] **
max =  0.5694 | max_idx =  5
**pseudo_label ->  [0.0611, 0.0556, 0.1334, 0.0783, 0.0677, 0.5357, 0.0682] **
max =  0.5357 | max_idx =  5
**pseudo_label ->  [0.0599, 0.0592, 0.0784, 0.0781, 0.076, 0.5686, 0.0797] **
max =  0.5686 | max_idx =  5
**pseudo_label ->  [0.0528, 0.4476, 0.0717, 0.214, 0.0595, 0.0657, 0.0886] **
max =  0.4476 | max_idx =  1
Epoch 49/50, Train Loss: 0.5369, Valid Loss: 1.7334, Train Acc: 1.0000, Val Acc: 0.4202, Test Acc: 0.4139, Test F1: 0.3108, Total Pseudo-Labels: 0, Correct Pseudo-Labels: 0, Train Data Number: 70



line 303 => train data수 70
line 258 => 인스턴스 수 10
Step 490  Tim 2:26:37
acc_train_cw(현재 train의 class별 acc) [1.0, 1.0, 1.0, 1.0, 1.0, 1.0, 1.0]
cw_psl_total_eval(pseudo label 클래스별 총 샘플 수):  [0, 0, 0, 0, 0, 0, 0]
cw_psl_correct_eval(pseudo label 클래스별 맞은 샘플 수):  [0, 0, 0, 0, 0, 0, 0]
psl_acc(PSL 평가에서의 정확도): None 
cw_psl_acc(클래스별 PSL 평가에서의 정확도):  [nan, nan, nan, nan, nan, nan, nan]
**pseudo_label ->  [0.0756, 0.0712, 0.0789, 0.5849, 0.0711, 0.0609, 0.0574] **
max =  0.5849 | max_idx =  3
**pseudo_label ->  [0.0642, 0.0619, 0.0776, 0.073, 0.0686, 0.5775, 0.0772] **
max =  0.5775 | max_idx =  5
**pseudo_label ->  [0.0613, 0.062, 0.091, 0.0765, 0.0681, 0.5727, 0.0684] **
max =  0.5727 | max_idx =  5
**pseudo_label ->  [0.0597, 0.0583, 0.0774, 0.0753, 0.0776, 0.5762, 0.0755] **
max =  0.5762 | max_idx =  5
**pseudo_label ->  [0.0547, 0.11, 0.0692, 0.5599, 0.0611, 0.0771, 0.0681] **
max =  0.5599 | max_idx =  3
Epoch 50/50, Train Loss: 0.5248, Valid Loss: 1.7090, Train Acc: 1.0000, Val Acc: 0.4039, Test Acc: 0.4426, Test F1: 0.3278, Total Pseudo-Labels: 0, Correct Pseudo-Labels: 0, Train Data Number: 70

Training complete!
Total training took 2:29:35 (h:mm:ss)
Load model from ./experiment/python_extended_data/output/10_codet5p-110m-embedding_0.0003_0.7_python_extended_data_net0.pth
Save training statistics in:  ./experiment/python_extended_data/log/codet5p/class5//10_codet5p-110m-embedding_0.0003_0.7_python_extended_data/training_statistics.csv

best_trian_loss, epoch => 0.5247686028480529 50
Epoch-1_train_loss => 1.9855992197990417
max_epoch_train_loss => 0.5247686028480529 


best_val_loss, epoch =>  1.6730759021513626 33
Epoch-1_val_loss => 1.9919569690375063
max_epoch_val_loss => 1.7090252550494787 

pse_epoch =>  []
추가되는 pse_epoch =>  [] 

total_data:  70 
Best_step:  80 
Best_epoch:  8 
best_val_acc:  0.46254071661237783 
best_test_acc:  0.26229508196721313 
best_test_f1:  0.21927761442829627
Save best record in:  ./experiment/python_extended_data/log/codet5p/class5/summary.csv
Save best record in:  ./experiment/python_extended_data/log/summary_avgrun.csv
