current work directory:  /home/imsuhan22/few-shot-tc/custom_ssl/code
Data set -> python_extended_data
save_name: 10_codet5p-110m-embedding_0.0004_0.7_python_extended_data

data_path:  ../data/problem_based_split/python_extended_data

There are 2 GPU(s) available.
We will use the GPU- 0 Quadro RTX 8000

**line 147 모델 =>  Salesforce/codet5p-110m-embedding
**tokenizer type =  Salesforce/codet5p-110m-embedding 

pesudo label class개수 기준 -> 5
n_labeled_per_class:  10
train_df samples: 3974
train_labeled_df samples: 70
train_unlabeled_df samples: 3904
n_classes:  7 


net_arch:  Salesforce/codet5p-110m-embedding 
lr:  0.0004 
lr_linear:  0.001 




line 303 => train data수 70
line 258 => 인스턴스 수 10
Step 0  Tim 0:00:26
acc_train_cw(현재 train의 class별 acc) [0.0, 0.0, 0.0, 0.8, 0.0, 0.0, 0.0]
cw_psl_total_eval(pseudo label 클래스별 총 샘플 수):  [0, 0, 0, 0, 0, 0, 0]
cw_psl_correct_eval(pseudo label 클래스별 맞은 샘플 수):  [0, 0, 0, 0, 0, 0, 0]
psl_acc(PSL 평가에서의 정확도): None 
cw_psl_acc(클래스별 PSL 평가에서의 정확도):  [nan, nan, nan, nan, nan, nan, nan]
***best_acc_model_save --- epoch = 1***
Save model to ./experiment/python_extended_data/output/
**pseudo_label ->  [0.1485, 0.1408, 0.1327, 0.1466, 0.1419, 0.145, 0.1446] **
max =  0.1485 | max_idx =  0
**pseudo_label ->  [0.145, 0.1434, 0.1379, 0.153, 0.1468, 0.1334, 0.1404] **
max =  0.153 | max_idx =  3
**pseudo_label ->  [0.1492, 0.1354, 0.1322, 0.1554, 0.1472, 0.1376, 0.143] **
max =  0.1554 | max_idx =  3
**pseudo_label ->  [0.1437, 0.1443, 0.1339, 0.1532, 0.1492, 0.1317, 0.144] **
max =  0.1532 | max_idx =  3
**pseudo_label ->  [0.1479, 0.1396, 0.1311, 0.154, 0.1447, 0.1407, 0.142] **
max =  0.154 | max_idx =  3
Epoch 1/50, Train Loss: 1.9745, Valid Loss: 1.9607, Train Acc: 0.1143, Val Acc: 0.3485, Test Acc: 0.1660, Test F1: 0.0646, Total Pseudo-Labels: 0, Correct Pseudo-Labels: 0, Train Data Number: 70



line 303 => train data수 70
line 258 => 인스턴스 수 10
Step 10  Tim 0:03:15
acc_train_cw(현재 train의 class별 acc) [1.0, 0.0, 0.0, 0.0, 0.0, 0.0, 0.0]
cw_psl_total_eval(pseudo label 클래스별 총 샘플 수):  [0, 0, 0, 0, 0, 0, 0]
cw_psl_correct_eval(pseudo label 클래스별 맞은 샘플 수):  [0, 0, 0, 0, 0, 0, 0]
psl_acc(PSL 평가에서의 정확도): None 
cw_psl_acc(클래스별 PSL 평가에서의 정확도):  [nan, nan, nan, nan, nan, nan, nan]
**pseudo_label ->  [0.1547, 0.1527, 0.1328, 0.1307, 0.1459, 0.1483, 0.1349] **
max =  0.1547 | max_idx =  0
**pseudo_label ->  [0.1488, 0.1463, 0.1294, 0.1444, 0.1411, 0.1424, 0.1475] **
max =  0.1488 | max_idx =  0
**pseudo_label ->  [0.1486, 0.1462, 0.13, 0.1448, 0.141, 0.1417, 0.1475] **
max =  0.1486 | max_idx =  0
**pseudo_label ->  [0.1489, 0.1465, 0.1291, 0.1443, 0.141, 0.1426, 0.1474] **
max =  0.1489 | max_idx =  0
**pseudo_label ->  [0.1485, 0.1468, 0.1297, 0.1443, 0.1411, 0.1425, 0.1472] **
max =  0.1485 | max_idx =  0
Epoch 2/50, Train Loss: 1.9514, Valid Loss: 1.9348, Train Acc: 0.1429, Val Acc: 0.0912, Test Acc: 0.0779, Test F1: 0.0206, Total Pseudo-Labels: 0, Correct Pseudo-Labels: 0, Train Data Number: 70



line 303 => train data수 70
line 258 => 인스턴스 수 10
Step 20  Tim 0:06:18
acc_train_cw(현재 train의 class별 acc) [0.0, 0.0, 0.0, 0.0, 0.0, 0.0, 1.0]
cw_psl_total_eval(pseudo label 클래스별 총 샘플 수):  [0, 0, 0, 0, 0, 0, 0]
cw_psl_correct_eval(pseudo label 클래스별 맞은 샘플 수):  [0, 0, 0, 0, 0, 0, 0]
psl_acc(PSL 평가에서의 정확도): None 
cw_psl_acc(클래스별 PSL 평가에서의 정확도):  [nan, nan, nan, nan, nan, nan, nan]
**pseudo_label ->  [0.1427, 0.1376, 0.1456, 0.1473, 0.1473, 0.1345, 0.145] **
max =  0.1473 | max_idx =  4
**pseudo_label ->  [0.1435, 0.1404, 0.1396, 0.146, 0.1439, 0.1375, 0.1491] **
max =  0.1491 | max_idx =  6
**pseudo_label ->  [0.1421, 0.1411, 0.1479, 0.1431, 0.1522, 0.1336, 0.14] **
max =  0.1522 | max_idx =  4
**pseudo_label ->  [0.1433, 0.1402, 0.1396, 0.1463, 0.1438, 0.1373, 0.1495] **
max =  0.1495 | max_idx =  6
**pseudo_label ->  [0.1441, 0.1406, 0.1392, 0.1462, 0.144, 0.1371, 0.1488] **
max =  0.1488 | max_idx =  6
Epoch 3/50, Train Loss: 1.9454, Valid Loss: 1.9395, Train Acc: 0.1429, Val Acc: 0.1173, Test Acc: 0.0184, Test F1: 0.0052, Total Pseudo-Labels: 0, Correct Pseudo-Labels: 0, Train Data Number: 70



line 303 => train data수 70
line 258 => 인스턴스 수 10
Step 30  Tim 0:09:33
acc_train_cw(현재 train의 class별 acc) [0.0, 0.0, 0.0, 0.0, 0.0, 0.0, 1.0]
cw_psl_total_eval(pseudo label 클래스별 총 샘플 수):  [0, 0, 0, 0, 0, 0, 0]
cw_psl_correct_eval(pseudo label 클래스별 맞은 샘플 수):  [0, 0, 0, 0, 0, 0, 0]
psl_acc(PSL 평가에서의 정확도): None 
cw_psl_acc(클래스별 PSL 평가에서의 정확도):  [nan, nan, nan, nan, nan, nan, nan]
**pseudo_label ->  [0.1442, 0.1411, 0.1384, 0.1441, 0.1449, 0.1376, 0.1496] **
max =  0.1496 | max_idx =  6
**pseudo_label ->  [0.1442, 0.1404, 0.1391, 0.1442, 0.1454, 0.1377, 0.149] **
max =  0.149 | max_idx =  6
**pseudo_label ->  [0.1442, 0.1409, 0.1383, 0.1447, 0.1453, 0.1373, 0.1492] **
max =  0.1492 | max_idx =  6
**pseudo_label ->  [0.144, 0.1404, 0.1386, 0.1443, 0.1455, 0.1377, 0.1495] **
max =  0.1495 | max_idx =  6
**pseudo_label ->  [0.1446, 0.1409, 0.1382, 0.1447, 0.1452, 0.1374, 0.1489] **
max =  0.1489 | max_idx =  6
Epoch 4/50, Train Loss: 1.9452, Valid Loss: 1.9598, Train Acc: 0.1429, Val Acc: 0.1173, Test Acc: 0.0184, Test F1: 0.0052, Total Pseudo-Labels: 0, Correct Pseudo-Labels: 0, Train Data Number: 70



line 303 => train data수 70
line 258 => 인스턴스 수 10
Step 40  Tim 0:12:06
acc_train_cw(현재 train의 class별 acc) [0.0, 0.0, 0.0, 0.0, 0.0, 1.0, 0.0]
cw_psl_total_eval(pseudo label 클래스별 총 샘플 수):  [0, 0, 0, 0, 0, 0, 0]
cw_psl_correct_eval(pseudo label 클래스별 맞은 샘플 수):  [0, 0, 0, 0, 0, 0, 0]
psl_acc(PSL 평가에서의 정확도): None 
cw_psl_acc(클래스별 PSL 평가에서의 정확도):  [nan, nan, nan, nan, nan, nan, nan]
**pseudo_label ->  [0.1429, 0.1388, 0.1421, 0.1376, 0.1434, 0.1476, 0.1476] **
max =  0.1476 | max_idx =  6
**pseudo_label ->  [0.1424, 0.1392, 0.1428, 0.1367, 0.1438, 0.147, 0.1481] **
max =  0.1481 | max_idx =  6
**pseudo_label ->  [0.1423, 0.1386, 0.1426, 0.1341, 0.1451, 0.1515, 0.1459] **
max =  0.1515 | max_idx =  5
**pseudo_label ->  [0.1394, 0.1355, 0.1487, 0.1275, 0.1501, 0.1647, 0.134] **
max =  0.1647 | max_idx =  5
**pseudo_label ->  [0.1427, 0.1392, 0.1424, 0.1364, 0.1441, 0.1482, 0.147] **
max =  0.1482 | max_idx =  5
Epoch 5/50, Train Loss: 1.9643, Valid Loss: 1.9923, Train Acc: 0.1429, Val Acc: 0.0261, Test Acc: 0.2971, Test F1: 0.0657, Total Pseudo-Labels: 0, Correct Pseudo-Labels: 0, Train Data Number: 70



line 303 => train data수 70
line 258 => 인스턴스 수 10
Step 50  Tim 0:15:27
acc_train_cw(현재 train의 class별 acc) [0.9, 0.0, 0.0, 0.0, 0.0, 1.0, 0.0]
cw_psl_total_eval(pseudo label 클래스별 총 샘플 수):  [0, 0, 0, 0, 0, 0, 0]
cw_psl_correct_eval(pseudo label 클래스별 맞은 샘플 수):  [0, 0, 0, 0, 0, 0, 0]
psl_acc(PSL 평가에서의 정확도): None 
cw_psl_acc(클래스별 PSL 평가에서의 정확도):  [nan, nan, nan, nan, nan, nan, nan]
**pseudo_label ->  [0.1603, 0.1478, 0.1328, 0.1148, 0.1508, 0.1694, 0.1243] **
max =  0.1694 | max_idx =  5
**pseudo_label ->  [0.1521, 0.1474, 0.1327, 0.1273, 0.147, 0.1542, 0.1394] **
max =  0.1542 | max_idx =  5
**pseudo_label ->  [0.1537, 0.1492, 0.1345, 0.1175, 0.1513, 0.1679, 0.126] **
max =  0.1679 | max_idx =  5
**pseudo_label ->  [0.1511, 0.1467, 0.1334, 0.1304, 0.1457, 0.1515, 0.1412] **
max =  0.1515 | max_idx =  5
**pseudo_label ->  [0.1518, 0.1469, 0.1326, 0.1318, 0.1451, 0.1496, 0.1421] **
max =  0.1518 | max_idx =  0
Epoch 6/50, Train Loss: 1.9546, Valid Loss: 1.9540, Train Acc: 0.2714, Val Acc: 0.0945, Test Acc: 0.3463, Test F1: 0.1365, Total Pseudo-Labels: 0, Correct Pseudo-Labels: 0, Train Data Number: 70



line 303 => train data수 70
line 258 => 인스턴스 수 10
Step 60  Tim 0:18:06
acc_train_cw(현재 train의 class별 acc) [1.0, 0.0, 0.0, 0.0, 0.0, 0.0, 0.0]
cw_psl_total_eval(pseudo label 클래스별 총 샘플 수):  [0, 0, 0, 0, 0, 0, 0]
cw_psl_correct_eval(pseudo label 클래스별 맞은 샘플 수):  [0, 0, 0, 0, 0, 0, 0]
psl_acc(PSL 평가에서의 정확도): None 
cw_psl_acc(클래스별 PSL 평가에서의 정확도):  [nan, nan, nan, nan, nan, nan, nan]
**pseudo_label ->  [0.1578, 0.151, 0.1307, 0.147, 0.132, 0.1344, 0.1472] **
max =  0.1578 | max_idx =  0
**pseudo_label ->  [0.1557, 0.1508, 0.1314, 0.1449, 0.1329, 0.1355, 0.1487] **
max =  0.1557 | max_idx =  0
**pseudo_label ->  [0.1685, 0.1596, 0.1272, 0.1474, 0.1212, 0.1326, 0.1435] **
max =  0.1685 | max_idx =  0
**pseudo_label ->  [0.1576, 0.1512, 0.1313, 0.1472, 0.1291, 0.1346, 0.149] **
max =  0.1576 | max_idx =  0
**pseudo_label ->  [0.1646, 0.1558, 0.1271, 0.1489, 0.1235, 0.1335, 0.1466] **
max =  0.1646 | max_idx =  0
Epoch 7/50, Train Loss: 1.9515, Valid Loss: 1.9552, Train Acc: 0.1429, Val Acc: 0.0912, Test Acc: 0.0779, Test F1: 0.0206, Total Pseudo-Labels: 0, Correct Pseudo-Labels: 0, Train Data Number: 70



line 303 => train data수 70
line 258 => 인스턴스 수 10
Step 70  Tim 0:21:23
acc_train_cw(현재 train의 class별 acc) [1.0, 0.0, 0.0, 0.0, 0.0, 0.0, 0.0]
cw_psl_total_eval(pseudo label 클래스별 총 샘플 수):  [0, 0, 0, 0, 0, 0, 0]
cw_psl_correct_eval(pseudo label 클래스별 맞은 샘플 수):  [0, 0, 0, 0, 0, 0, 0]
psl_acc(PSL 평가에서의 정확도): None 
cw_psl_acc(클래스별 PSL 평가에서의 정확도):  [nan, nan, nan, nan, nan, nan, nan]
**pseudo_label ->  [0.1525, 0.1462, 0.1386, 0.1411, 0.1396, 0.1367, 0.1453] **
max =  0.1525 | max_idx =  0
**pseudo_label ->  [0.1506, 0.147, 0.1383, 0.1405, 0.1399, 0.1381, 0.1456] **
max =  0.1506 | max_idx =  0
**pseudo_label ->  [0.1539, 0.1472, 0.1375, 0.1411, 0.1388, 0.1367, 0.1449] **
max =  0.1539 | max_idx =  0
**pseudo_label ->  [0.1564, 0.1485, 0.1406, 0.1347, 0.1377, 0.1377, 0.1445] **
max =  0.1564 | max_idx =  0
**pseudo_label ->  [0.1623, 0.1557, 0.1439, 0.1302, 0.1389, 0.1335, 0.1355] **
max =  0.1623 | max_idx =  0
Epoch 8/50, Train Loss: 1.9401, Valid Loss: 1.9464, Train Acc: 0.1429, Val Acc: 0.0912, Test Acc: 0.0779, Test F1: 0.0206, Total Pseudo-Labels: 0, Correct Pseudo-Labels: 0, Train Data Number: 70



line 303 => train data수 70
line 258 => 인스턴스 수 10
Step 80  Tim 0:24:27
acc_train_cw(현재 train의 class별 acc) [0.8, 0.0, 0.0, 0.0, 0.0, 0.0, 1.0]
cw_psl_total_eval(pseudo label 클래스별 총 샘플 수):  [0, 0, 0, 0, 0, 0, 0]
cw_psl_correct_eval(pseudo label 클래스별 맞은 샘플 수):  [0, 0, 0, 0, 0, 0, 0]
psl_acc(PSL 평가에서의 정확도): None 
cw_psl_acc(클래스별 PSL 평가에서의 정확도):  [nan, nan, nan, nan, nan, nan, nan]
**pseudo_label ->  [0.1425, 0.1558, 0.141, 0.1196, 0.1441, 0.1487, 0.1482] **
max =  0.1558 | max_idx =  1
**pseudo_label ->  [0.1429, 0.1561, 0.1377, 0.1167, 0.1427, 0.1501, 0.1537] **
max =  0.1561 | max_idx =  1
**pseudo_label ->  [0.1469, 0.1444, 0.1486, 0.1297, 0.1424, 0.1447, 0.1432] **
max =  0.1486 | max_idx =  2
**pseudo_label ->  [0.14, 0.1471, 0.1365, 0.1368, 0.1451, 0.1439, 0.1506] **
max =  0.1506 | max_idx =  6
**pseudo_label ->  [0.1405, 0.1445, 0.1365, 0.1425, 0.144, 0.1427, 0.1493] **
max =  0.1493 | max_idx =  6
Epoch 9/50, Train Loss: 1.9039, Valid Loss: 1.8697, Train Acc: 0.2571, Val Acc: 0.1759, Test Acc: 0.0635, Test F1: 0.0362, Total Pseudo-Labels: 0, Correct Pseudo-Labels: 0, Train Data Number: 70



line 303 => train data수 70
line 258 => 인스턴스 수 10
Step 90  Tim 0:27:14
acc_train_cw(현재 train의 class별 acc) [0.9, 0.0, 0.0, 0.0, 0.1, 0.0, 0.9]
cw_psl_total_eval(pseudo label 클래스별 총 샘플 수):  [0, 0, 0, 0, 0, 0, 0]
cw_psl_correct_eval(pseudo label 클래스별 맞은 샘플 수):  [0, 0, 0, 0, 0, 0, 0]
psl_acc(PSL 평가에서의 정확도): None 
cw_psl_acc(클래스별 PSL 평가에서의 정확도):  [nan, nan, nan, nan, nan, nan, nan]
**pseudo_label ->  [0.1883, 0.129, 0.1464, 0.1723, 0.1209, 0.1201, 0.123] **
max =  0.1883 | max_idx =  0
**pseudo_label ->  [0.1233, 0.1447, 0.1377, 0.1346, 0.1487, 0.1492, 0.1619] **
max =  0.1619 | max_idx =  6
**pseudo_label ->  [0.1323, 0.1432, 0.1357, 0.1449, 0.1479, 0.1451, 0.1509] **
max =  0.1509 | max_idx =  6
**pseudo_label ->  [0.1235, 0.1456, 0.1379, 0.1325, 0.1483, 0.1491, 0.1632] **
max =  0.1632 | max_idx =  6
**pseudo_label ->  [0.1707, 0.1289, 0.1516, 0.164, 0.13, 0.1284, 0.1264] **
max =  0.1707 | max_idx =  0
Epoch 10/50, Train Loss: 1.8195, Valid Loss: 1.9717, Train Acc: 0.2714, Val Acc: 0.1824, Test Acc: 0.0881, Test F1: 0.0480, Total Pseudo-Labels: 0, Correct Pseudo-Labels: 0, Train Data Number: 70



line 303 => train data수 70
line 258 => 인스턴스 수 10
Step 100  Tim 0:30:32
acc_train_cw(현재 train의 class별 acc) [0.4, 0.5, 0.1, 0.3, 0.1, 0.0, 1.0]
cw_psl_total_eval(pseudo label 클래스별 총 샘플 수):  [0, 0, 0, 0, 0, 0, 0]
cw_psl_correct_eval(pseudo label 클래스별 맞은 샘플 수):  [0, 0, 0, 0, 0, 0, 0]
psl_acc(PSL 평가에서의 정확도): None 
cw_psl_acc(클래스별 PSL 평가에서의 정확도):  [nan, nan, nan, nan, nan, nan, nan]
**pseudo_label ->  [0.1527, 0.1781, 0.1453, 0.1007, 0.1102, 0.1404, 0.1726] **
max =  0.1781 | max_idx =  1
**pseudo_label ->  [0.1113, 0.1366, 0.1332, 0.1058, 0.1412, 0.1725, 0.1993] **
max =  0.1993 | max_idx =  6
**pseudo_label ->  [0.1047, 0.1224, 0.1283, 0.1215, 0.157, 0.1769, 0.1892] **
max =  0.1892 | max_idx =  6
**pseudo_label ->  [0.1127, 0.1355, 0.1356, 0.1064, 0.1417, 0.1711, 0.197] **
max =  0.197 | max_idx =  6
**pseudo_label ->  [0.1449, 0.1667, 0.1514, 0.102, 0.112, 0.1453, 0.1777] **
max =  0.1777 | max_idx =  6
Epoch 11/50, Train Loss: 1.8300, Valid Loss: 1.9446, Train Acc: 0.3429, Val Acc: 0.1726, Test Acc: 0.3074, Test F1: 0.2236, Total Pseudo-Labels: 0, Correct Pseudo-Labels: 0, Train Data Number: 70



line 303 => train data수 70
line 258 => 인스턴스 수 10
Step 110  Tim 0:33:04
acc_train_cw(현재 train의 class별 acc) [1.0, 0.0, 0.0, 0.5, 0.2, 0.3, 0.3]
cw_psl_total_eval(pseudo label 클래스별 총 샘플 수):  [0, 0, 0, 0, 0, 0, 0]
cw_psl_correct_eval(pseudo label 클래스별 맞은 샘플 수):  [0, 0, 0, 0, 0, 0, 0]
psl_acc(PSL 평가에서의 정확도): None 
cw_psl_acc(클래스별 PSL 평가에서의 정확도):  [nan, nan, nan, nan, nan, nan, nan]
**pseudo_label ->  [0.1977, 0.189, 0.1308, 0.1381, 0.1045, 0.1101, 0.1299] **
max =  0.1977 | max_idx =  0
**pseudo_label ->  [0.1025, 0.1326, 0.1466, 0.1014, 0.146, 0.1881, 0.183] **
max =  0.1881 | max_idx =  5
**pseudo_label ->  [0.0954, 0.1213, 0.1502, 0.1154, 0.1625, 0.1891, 0.1661] **
max =  0.1891 | max_idx =  5
**pseudo_label ->  [0.1049, 0.1364, 0.145, 0.098, 0.1439, 0.185, 0.1867] **
max =  0.1867 | max_idx =  6
**pseudo_label ->  [0.2043, 0.186, 0.1323, 0.1473, 0.1024, 0.105, 0.1226] **
max =  0.2043 | max_idx =  0
Epoch 12/50, Train Loss: 1.7998, Valid Loss: 1.8057, Train Acc: 0.3286, Val Acc: 0.1596, Test Acc: 0.2316, Test F1: 0.1445, Total Pseudo-Labels: 0, Correct Pseudo-Labels: 0, Train Data Number: 70



line 303 => train data수 70
line 258 => 인스턴스 수 10
Step 120  Tim 0:36:26
acc_train_cw(현재 train의 class별 acc) [0.8, 0.4, 0.0, 0.8, 0.5, 0.1, 0.2]
cw_psl_total_eval(pseudo label 클래스별 총 샘플 수):  [0, 0, 0, 0, 0, 0, 0]
cw_psl_correct_eval(pseudo label 클래스별 맞은 샘플 수):  [0, 0, 0, 0, 0, 0, 0]
psl_acc(PSL 평가에서의 정확도): None 
cw_psl_acc(클래스별 PSL 평가에서의 정확도):  [nan, nan, nan, nan, nan, nan, nan]
***best_acc_model_save --- epoch = 13***
Save model to ./experiment/python_extended_data/output/
**pseudo_label ->  [0.1565, 0.1244, 0.1271, 0.2316, 0.1517, 0.117, 0.0916] **
max =  0.2316 | max_idx =  3
**pseudo_label ->  [0.0906, 0.1041, 0.1266, 0.1369, 0.194, 0.1855, 0.1622] **
max =  0.194 | max_idx =  4
**pseudo_label ->  [0.101, 0.1021, 0.1289, 0.1817, 0.1964, 0.1669, 0.123] **
max =  0.1964 | max_idx =  4
**pseudo_label ->  [0.0912, 0.1029, 0.1276, 0.1412, 0.197, 0.1831, 0.1569] **
max =  0.197 | max_idx =  4
**pseudo_label ->  [0.2062, 0.1963, 0.1307, 0.1263, 0.0943, 0.1107, 0.1354] **
max =  0.2062 | max_idx =  0
Epoch 13/50, Train Loss: 1.7616, Valid Loss: 1.8420, Train Acc: 0.4000, Val Acc: 0.3583, Test Acc: 0.1496, Test F1: 0.0904, Total Pseudo-Labels: 0, Correct Pseudo-Labels: 0, Train Data Number: 70



line 303 => train data수 70
line 258 => 인스턴스 수 10
Step 130  Tim 0:39:21
acc_train_cw(현재 train의 class별 acc) [0.8, 0.6, 0.0, 0.9, 0.4, 0.8, 0.1]
cw_psl_total_eval(pseudo label 클래스별 총 샘플 수):  [0, 0, 0, 0, 0, 0, 0]
cw_psl_correct_eval(pseudo label 클래스별 맞은 샘플 수):  [0, 0, 0, 0, 0, 0, 0]
psl_acc(PSL 평가에서의 정확도): None 
cw_psl_acc(클래스별 PSL 평가에서의 정확도):  [nan, nan, nan, nan, nan, nan, nan]
**pseudo_label ->  [0.1988, 0.158, 0.1226, 0.206, 0.1245, 0.1025, 0.0877] **
max =  0.206 | max_idx =  3
**pseudo_label ->  [0.0899, 0.0947, 0.1271, 0.1394, 0.1858, 0.1976, 0.1656] **
max =  0.1976 | max_idx =  5
**pseudo_label ->  [0.0894, 0.0989, 0.1292, 0.1243, 0.1761, 0.1958, 0.1862] **
max =  0.1958 | max_idx =  5
**pseudo_label ->  [0.0911, 0.0929, 0.1266, 0.1454, 0.1872, 0.1964, 0.1603] **
max =  0.1964 | max_idx =  5
**pseudo_label ->  [0.1002, 0.0916, 0.1239, 0.1772, 0.1921, 0.1851, 0.13] **
max =  0.1921 | max_idx =  4
Epoch 14/50, Train Loss: 1.7117, Valid Loss: 1.8929, Train Acc: 0.5143, Val Acc: 0.3192, Test Acc: 0.2561, Test F1: 0.1579, Total Pseudo-Labels: 0, Correct Pseudo-Labels: 0, Train Data Number: 70



line 303 => train data수 70
line 258 => 인스턴스 수 10
Step 140  Tim 0:41:30
acc_train_cw(현재 train의 class별 acc) [0.1, 1.0, 0.0, 0.7, 0.3, 0.2, 0.5]
cw_psl_total_eval(pseudo label 클래스별 총 샘플 수):  [0, 0, 0, 0, 0, 0, 0]
cw_psl_correct_eval(pseudo label 클래스별 맞은 샘플 수):  [0, 0, 0, 0, 0, 0, 0]
psl_acc(PSL 평가에서의 정확도): None 
cw_psl_acc(클래스별 PSL 평가에서의 정확도):  [nan, nan, nan, nan, nan, nan, nan]
**pseudo_label ->  [0.1817, 0.1455, 0.1325, 0.2094, 0.1343, 0.1018, 0.0948] **
max =  0.2094 | max_idx =  3
**pseudo_label ->  [0.1268, 0.1865, 0.1304, 0.0882, 0.1146, 0.1458, 0.2075] **
max =  0.2075 | max_idx =  6
**pseudo_label ->  [0.0916, 0.1178, 0.1277, 0.1005, 0.1518, 0.1916, 0.219] **
max =  0.219 | max_idx =  6
**pseudo_label ->  [0.1766, 0.1808, 0.1387, 0.1635, 0.1193, 0.1066, 0.1146] **
max =  0.1808 | max_idx =  1
**pseudo_label ->  [0.1927, 0.2342, 0.135, 0.113, 0.0954, 0.1045, 0.1252] **
max =  0.2342 | max_idx =  1
Epoch 15/50, Train Loss: 1.6949, Valid Loss: 1.8718, Train Acc: 0.4000, Val Acc: 0.2410, Test Acc: 0.3463, Test F1: 0.2036, Total Pseudo-Labels: 0, Correct Pseudo-Labels: 0, Train Data Number: 70



line 303 => train data수 70
line 258 => 인스턴스 수 10
Step 150  Tim 0:43:48
acc_train_cw(현재 train의 class별 acc) [0.4, 0.8, 0.0, 0.9, 0.5, 0.8, 0.6]
cw_psl_total_eval(pseudo label 클래스별 총 샘플 수):  [0, 0, 0, 0, 0, 0, 0]
cw_psl_correct_eval(pseudo label 클래스별 맞은 샘플 수):  [0, 0, 0, 0, 0, 0, 0]
psl_acc(PSL 평가에서의 정확도): None 
cw_psl_acc(클래스별 PSL 평가에서의 정확도):  [nan, nan, nan, nan, nan, nan, nan]
**pseudo_label ->  [0.1001, 0.0867, 0.1141, 0.2052, 0.2014, 0.1726, 0.1198] **
max =  0.2052 | max_idx =  3
**pseudo_label ->  [0.0879, 0.1178, 0.1222, 0.0969, 0.1577, 0.2036, 0.2139] **
max =  0.2139 | max_idx =  6
**pseudo_label ->  [0.0828, 0.0901, 0.1149, 0.1417, 0.1964, 0.2088, 0.1653] **
max =  0.2088 | max_idx =  5
**pseudo_label ->  [0.0816, 0.0938, 0.1162, 0.1292, 0.1904, 0.2117, 0.1772] **
max =  0.2117 | max_idx =  5
**pseudo_label ->  [0.1098, 0.1522, 0.13, 0.0838, 0.1253, 0.1802, 0.2186] **
max =  0.2186 | max_idx =  6
Epoch 16/50, Train Loss: 1.6978, Valid Loss: 1.9316, Train Acc: 0.5714, Val Acc: 0.2834, Test Acc: 0.2992, Test F1: 0.1916, Total Pseudo-Labels: 0, Correct Pseudo-Labels: 0, Train Data Number: 70



line 303 => train data수 70
line 258 => 인스턴스 수 10
Step 160  Tim 0:46:04
acc_train_cw(현재 train의 class별 acc) [0.9, 0.7, 0.0, 0.7, 0.0, 0.8, 0.7]
cw_psl_total_eval(pseudo label 클래스별 총 샘플 수):  [0, 0, 0, 0, 0, 0, 0]
cw_psl_correct_eval(pseudo label 클래스별 맞은 샘플 수):  [0, 0, 0, 0, 0, 0, 0]
psl_acc(PSL 평가에서의 정확도): None 
cw_psl_acc(클래스별 PSL 평가에서의 정확도):  [nan, nan, nan, nan, nan, nan, nan]
**pseudo_label ->  [0.0925, 0.1315, 0.1254, 0.0858, 0.1446, 0.1962, 0.2241] **
max =  0.2241 | max_idx =  6
**pseudo_label ->  [0.0887, 0.1273, 0.1241, 0.0886, 0.1505, 0.1923, 0.2286] **
max =  0.2286 | max_idx =  6
**pseudo_label ->  [0.0773, 0.0983, 0.1209, 0.1124, 0.1854, 0.218, 0.1878] **
max =  0.218 | max_idx =  5
**pseudo_label ->  [0.0813, 0.1092, 0.1226, 0.0979, 0.1702, 0.2092, 0.2097] **
max =  0.2097 | max_idx =  6
**pseudo_label ->  [0.1927, 0.2246, 0.1412, 0.0947, 0.0868, 0.1059, 0.1541] **
max =  0.2246 | max_idx =  1
Epoch 17/50, Train Loss: 1.6150, Valid Loss: 1.8413, Train Acc: 0.5429, Val Acc: 0.1987, Test Acc: 0.3320, Test F1: 0.2204, Total Pseudo-Labels: 0, Correct Pseudo-Labels: 0, Train Data Number: 70



line 303 => train data수 70
line 258 => 인스턴스 수 10
Step 170  Tim 0:48:20
acc_train_cw(현재 train의 class별 acc) [0.9, 1.0, 0.0, 0.8, 0.5, 0.7, 0.6]
cw_psl_total_eval(pseudo label 클래스별 총 샘플 수):  [0, 0, 0, 0, 0, 0, 0]
cw_psl_correct_eval(pseudo label 클래스별 맞은 샘플 수):  [0, 0, 0, 0, 0, 0, 0]
psl_acc(PSL 평가에서의 정확도): None 
cw_psl_acc(클래스별 PSL 평가에서의 정확도):  [nan, nan, nan, nan, nan, nan, nan]
**pseudo_label ->  [0.1226, 0.0918, 0.1164, 0.2567, 0.1856, 0.1341, 0.0929] **
max =  0.2567 | max_idx =  3
**pseudo_label ->  [0.0826, 0.1107, 0.1239, 0.0893, 0.1666, 0.2064, 0.2205] **
max =  0.2205 | max_idx =  6
**pseudo_label ->  [0.0814, 0.0797, 0.1149, 0.1647, 0.2223, 0.2013, 0.1358] **
max =  0.2223 | max_idx =  4
**pseudo_label ->  [0.0769, 0.0918, 0.1186, 0.109, 0.1959, 0.2225, 0.1852] **
max =  0.2225 | max_idx =  5
**pseudo_label ->  [0.2081, 0.2329, 0.1461, 0.1, 0.0808, 0.096, 0.1361] **
max =  0.2329 | max_idx =  1
Epoch 18/50, Train Loss: 1.5560, Valid Loss: 1.8440, Train Acc: 0.6429, Val Acc: 0.2638, Test Acc: 0.3484, Test F1: 0.2242, Total Pseudo-Labels: 0, Correct Pseudo-Labels: 0, Train Data Number: 70



line 303 => train data수 70
line 258 => 인스턴스 수 10
Step 180  Tim 0:50:37
acc_train_cw(현재 train의 class별 acc) [1.0, 0.3, 0.0, 1.0, 0.6, 0.8, 0.8]
cw_psl_total_eval(pseudo label 클래스별 총 샘플 수):  [0, 0, 0, 0, 0, 0, 0]
cw_psl_correct_eval(pseudo label 클래스별 맞은 샘플 수):  [0, 0, 0, 0, 0, 0, 0]
psl_acc(PSL 평가에서의 정확도): None 
cw_psl_acc(클래스별 PSL 평가에서의 정확도):  [nan, nan, nan, nan, nan, nan, nan]
**pseudo_label ->  [0.1805, 0.1262, 0.116, 0.273, 0.1264, 0.0941, 0.0838] **
max =  0.273 | max_idx =  3
**pseudo_label ->  [0.0789, 0.1025, 0.1231, 0.0881, 0.1805, 0.2109, 0.2161] **
max =  0.2161 | max_idx =  6
**pseudo_label ->  [0.0759, 0.0804, 0.1118, 0.1387, 0.226, 0.2221, 0.1451] **
max =  0.226 | max_idx =  4
**pseudo_label ->  [0.0758, 0.0912, 0.1187, 0.1002, 0.2016, 0.2238, 0.1887] **
max =  0.2238 | max_idx =  5
**pseudo_label ->  [0.0849, 0.1079, 0.1276, 0.084, 0.1736, 0.2197, 0.2024] **
max =  0.2197 | max_idx =  5
Epoch 19/50, Train Loss: 1.5238, Valid Loss: 1.8393, Train Acc: 0.6429, Val Acc: 0.3225, Test Acc: 0.2090, Test F1: 0.1522, Total Pseudo-Labels: 0, Correct Pseudo-Labels: 0, Train Data Number: 70



line 303 => train data수 70
line 258 => 인스턴스 수 10
Step 190  Tim 0:52:54
acc_train_cw(현재 train의 class별 acc) [0.9, 0.9, 0.0, 1.0, 0.6, 1.0, 0.9]
cw_psl_total_eval(pseudo label 클래스별 총 샘플 수):  [0, 0, 0, 0, 0, 0, 0]
cw_psl_correct_eval(pseudo label 클래스별 맞은 샘플 수):  [0, 0, 0, 0, 0, 0, 0]
psl_acc(PSL 평가에서의 정확도): None 
cw_psl_acc(클래스별 PSL 평가에서의 정확도):  [nan, nan, nan, nan, nan, nan, nan]
**pseudo_label ->  [0.2337, 0.1784, 0.1431, 0.2015, 0.0902, 0.0759, 0.0772] **
max =  0.2337 | max_idx =  0
**pseudo_label ->  [0.0832, 0.109, 0.1198, 0.0846, 0.1543, 0.1878, 0.2612] **
max =  0.2612 | max_idx =  6
**pseudo_label ->  [0.0742, 0.081, 0.11, 0.1182, 0.2335, 0.2275, 0.1555] **
max =  0.2335 | max_idx =  4
**pseudo_label ->  [0.0764, 0.091, 0.1166, 0.0904, 0.1931, 0.227, 0.2055] **
max =  0.227 | max_idx =  5
**pseudo_label ->  [0.0947, 0.143, 0.1333, 0.0827, 0.1257, 0.1548, 0.2658] **
max =  0.2658 | max_idx =  6
Epoch 20/50, Train Loss: 1.4844, Valid Loss: 1.8662, Train Acc: 0.7571, Val Acc: 0.3160, Test Acc: 0.3443, Test F1: 0.2315, Total Pseudo-Labels: 0, Correct Pseudo-Labels: 0, Train Data Number: 70



line 303 => train data수 70
line 258 => 인스턴스 수 10
Step 200  Tim 0:55:09
acc_train_cw(현재 train의 class별 acc) [0.9, 1.0, 0.0, 1.0, 0.4, 0.8, 0.9]
cw_psl_total_eval(pseudo label 클래스별 총 샘플 수):  [0, 0, 0, 0, 0, 0, 0]
cw_psl_correct_eval(pseudo label 클래스별 맞은 샘플 수):  [0, 0, 0, 0, 0, 0, 0]
psl_acc(PSL 평가에서의 정확도): None 
cw_psl_acc(클래스별 PSL 평가에서의 정확도):  [nan, nan, nan, nan, nan, nan, nan]
**pseudo_label ->  [0.0764, 0.0881, 0.1098, 0.1022, 0.2139, 0.2511, 0.1587] **
max =  0.2511 | max_idx =  5
**pseudo_label ->  [0.0755, 0.0966, 0.116, 0.0825, 0.1673, 0.2214, 0.2406] **
max =  0.2406 | max_idx =  6
**pseudo_label ->  [0.0723, 0.0818, 0.1059, 0.109, 0.2243, 0.2461, 0.1606] **
max =  0.2461 | max_idx =  5
**pseudo_label ->  [0.074, 0.0917, 0.1141, 0.0851, 0.1839, 0.2371, 0.2142] **
max =  0.2371 | max_idx =  5
**pseudo_label ->  [0.1558, 0.2068, 0.1665, 0.0683, 0.0887, 0.1319, 0.182] **
max =  0.2068 | max_idx =  1
Epoch 21/50, Train Loss: 1.4458, Valid Loss: 1.8018, Train Acc: 0.7143, Val Acc: 0.2801, Test Acc: 0.3238, Test F1: 0.2316, Total Pseudo-Labels: 0, Correct Pseudo-Labels: 0, Train Data Number: 70



line 303 => train data수 70
line 258 => 인스턴스 수 10
Step 210  Tim 0:57:27
acc_train_cw(현재 train의 class별 acc) [0.9, 1.0, 0.0, 1.0, 0.6, 0.9, 1.0]
cw_psl_total_eval(pseudo label 클래스별 총 샘플 수):  [0, 0, 0, 0, 0, 0, 0]
cw_psl_correct_eval(pseudo label 클래스별 맞은 샘플 수):  [0, 0, 0, 0, 0, 0, 0]
psl_acc(PSL 평가에서의 정확도): None 
cw_psl_acc(클래스별 PSL 평가에서의 정확도):  [nan, nan, nan, nan, nan, nan, nan]
**pseudo_label ->  [0.0715, 0.0795, 0.1087, 0.1189, 0.2477, 0.2367, 0.137] **
max =  0.2477 | max_idx =  4
**pseudo_label ->  [0.0716, 0.0912, 0.1137, 0.0897, 0.1645, 0.2054, 0.2639] **
max =  0.2639 | max_idx =  6
**pseudo_label ->  [0.0684, 0.0788, 0.1098, 0.1096, 0.239, 0.2423, 0.1521] **
max =  0.2423 | max_idx =  5
**pseudo_label ->  [0.0669, 0.0836, 0.1133, 0.0874, 0.1902, 0.2373, 0.2212] **
max =  0.2373 | max_idx =  5
**pseudo_label ->  [0.1024, 0.1453, 0.1293, 0.0866, 0.1088, 0.1433, 0.2843] **
max =  0.2843 | max_idx =  6
Epoch 22/50, Train Loss: 1.3953, Valid Loss: 1.8233, Train Acc: 0.7714, Val Acc: 0.3290, Test Acc: 0.3422, Test F1: 0.2362, Total Pseudo-Labels: 0, Correct Pseudo-Labels: 0, Train Data Number: 70



line 303 => train data수 70
line 258 => 인스턴스 수 10
Step 220  Tim 0:59:43
acc_train_cw(현재 train의 class별 acc) [1.0, 1.0, 0.0, 1.0, 0.8, 0.7, 1.0]
cw_psl_total_eval(pseudo label 클래스별 총 샘플 수):  [0, 0, 0, 0, 0, 0, 0]
cw_psl_correct_eval(pseudo label 클래스별 맞은 샘플 수):  [0, 0, 0, 0, 0, 0, 0]
psl_acc(PSL 평가에서의 정확도): None 
cw_psl_acc(클래스별 PSL 평가에서의 정확도):  [nan, nan, nan, nan, nan, nan, nan]
**pseudo_label ->  [0.1, 0.0815, 0.0949, 0.2455, 0.2426, 0.1525, 0.083] **
max =  0.2455 | max_idx =  3
**pseudo_label ->  [0.0918, 0.1219, 0.1247, 0.091, 0.1225, 0.149, 0.2991] **
max =  0.2991 | max_idx =  6
**pseudo_label ->  [0.0728, 0.087, 0.1122, 0.096, 0.2423, 0.2425, 0.1472] **
max =  0.2425 | max_idx =  5
**pseudo_label ->  [0.0703, 0.0899, 0.1185, 0.0802, 0.2129, 0.2475, 0.1808] **
max =  0.2475 | max_idx =  5
**pseudo_label ->  [0.1511, 0.2396, 0.1674, 0.0741, 0.0752, 0.0985, 0.1941] **
max =  0.2396 | max_idx =  1
Epoch 23/50, Train Loss: 1.3461, Valid Loss: 1.9014, Train Acc: 0.7857, Val Acc: 0.3257, Test Acc: 0.2992, Test F1: 0.2136, Total Pseudo-Labels: 0, Correct Pseudo-Labels: 0, Train Data Number: 70



line 303 => train data수 70
line 258 => 인스턴스 수 10
Step 230  Tim 1:02:00
acc_train_cw(현재 train의 class별 acc) [1.0, 1.0, 0.0, 1.0, 0.5, 0.3, 1.0]
cw_psl_total_eval(pseudo label 클래스별 총 샘플 수):  [0, 0, 0, 0, 0, 0, 0]
cw_psl_correct_eval(pseudo label 클래스별 맞은 샘플 수):  [0, 0, 0, 0, 0, 0, 0]
psl_acc(PSL 평가에서의 정확도): None 
cw_psl_acc(클래스별 PSL 평가에서의 정확도):  [nan, nan, nan, nan, nan, nan, nan]
**pseudo_label ->  [0.272, 0.1403, 0.1731, 0.1381, 0.0916, 0.0982, 0.0866] **
max =  0.272 | max_idx =  0
**pseudo_label ->  [0.0842, 0.1157, 0.1273, 0.0769, 0.1237, 0.1641, 0.3081] **
max =  0.3081 | max_idx =  6
**pseudo_label ->  [0.0837, 0.1072, 0.126, 0.0773, 0.127, 0.1745, 0.3044] **
max =  0.3044 | max_idx =  6
**pseudo_label ->  [0.0799, 0.1033, 0.1255, 0.0749, 0.1331, 0.1845, 0.2988] **
max =  0.2988 | max_idx =  6
**pseudo_label ->  [0.0926, 0.1426, 0.1381, 0.078, 0.1079, 0.1398, 0.3011] **
max =  0.3011 | max_idx =  6
Epoch 24/50, Train Loss: 1.3478, Valid Loss: 1.8204, Train Acc: 0.6857, Val Acc: 0.2638, Test Acc: 0.2275, Test F1: 0.1857, Total Pseudo-Labels: 0, Correct Pseudo-Labels: 0, Train Data Number: 70



line 303 => train data수 70
line 258 => 인스턴스 수 10
Step 240  Tim 1:04:17
acc_train_cw(현재 train의 class별 acc) [0.9, 1.0, 0.1, 1.0, 0.9, 0.3, 0.6]
cw_psl_total_eval(pseudo label 클래스별 총 샘플 수):  [0, 0, 0, 0, 0, 0, 0]
cw_psl_correct_eval(pseudo label 클래스별 맞은 샘플 수):  [0, 0, 0, 0, 0, 0, 0]
psl_acc(PSL 평가에서의 정확도): None 
cw_psl_acc(클래스별 PSL 평가에서의 정확도):  [nan, nan, nan, nan, nan, nan, nan]
**pseudo_label ->  [0.0937, 0.0692, 0.085, 0.2549, 0.2555, 0.1579, 0.0839] **
max =  0.2555 | max_idx =  4
**pseudo_label ->  [0.0652, 0.0701, 0.0974, 0.1013, 0.2417, 0.2733, 0.151] **
max =  0.2733 | max_idx =  5
**pseudo_label ->  [0.0688, 0.0695, 0.0938, 0.1223, 0.2643, 0.2565, 0.1247] **
max =  0.2643 | max_idx =  4
**pseudo_label ->  [0.0653, 0.0672, 0.0956, 0.1138, 0.2582, 0.2624, 0.1376] **
max =  0.2624 | max_idx =  5
**pseudo_label ->  [0.0935, 0.1498, 0.1888, 0.0655, 0.1158, 0.2007, 0.1859] **
max =  0.2007 | max_idx =  5
Epoch 25/50, Train Loss: 1.3276, Valid Loss: 1.8487, Train Acc: 0.6857, Val Acc: 0.2866, Test Acc: 0.2213, Test F1: 0.1732, Total Pseudo-Labels: 0, Correct Pseudo-Labels: 0, Train Data Number: 70



line 303 => train data수 70
line 258 => 인스턴스 수 10
Step 250  Tim 1:06:34
acc_train_cw(현재 train의 class별 acc) [1.0, 1.0, 0.0, 1.0, 0.7, 0.9, 0.6]
cw_psl_total_eval(pseudo label 클래스별 총 샘플 수):  [0, 0, 0, 0, 0, 0, 0]
cw_psl_correct_eval(pseudo label 클래스별 맞은 샘플 수):  [0, 0, 0, 0, 0, 0, 0]
psl_acc(PSL 평가에서의 정확도): None 
cw_psl_acc(클래스별 PSL 평가에서의 정확도):  [nan, nan, nan, nan, nan, nan, nan]
**pseudo_label ->  [0.2725, 0.122, 0.1776, 0.1531, 0.0929, 0.0965, 0.0856] **
max =  0.2725 | max_idx =  0
**pseudo_label ->  [0.0997, 0.2398, 0.1725, 0.0804, 0.0946, 0.1184, 0.1946] **
max =  0.2398 | max_idx =  1
**pseudo_label ->  [0.0608, 0.0721, 0.1021, 0.0895, 0.2384, 0.2753, 0.1617] **
max =  0.2753 | max_idx =  5
**pseudo_label ->  [0.0587, 0.0727, 0.1029, 0.0822, 0.2219, 0.2761, 0.1855] **
max =  0.2761 | max_idx =  5
**pseudo_label ->  [0.1176, 0.3068, 0.1429, 0.0846, 0.0894, 0.102, 0.1568] **
max =  0.3068 | max_idx =  1
Epoch 26/50, Train Loss: 1.2789, Valid Loss: 1.8889, Train Acc: 0.7429, Val Acc: 0.2671, Test Acc: 0.3053, Test F1: 0.2167, Total Pseudo-Labels: 0, Correct Pseudo-Labels: 0, Train Data Number: 70



line 303 => train data수 70
line 258 => 인스턴스 수 10
Step 260  Tim 1:08:50
acc_train_cw(현재 train의 class별 acc) [1.0, 1.0, 0.2, 0.8, 0.3, 1.0, 0.7]
cw_psl_total_eval(pseudo label 클래스별 총 샘플 수):  [0, 0, 0, 0, 0, 0, 0]
cw_psl_correct_eval(pseudo label 클래스별 맞은 샘플 수):  [0, 0, 0, 0, 0, 0, 0]
psl_acc(PSL 평가에서의 정확도): None 
cw_psl_acc(클래스별 PSL 평가에서의 정확도):  [nan, nan, nan, nan, nan, nan, nan]
**pseudo_label ->  [0.2246, 0.1856, 0.2273, 0.0943, 0.0726, 0.094, 0.1016] **
max =  0.2273 | max_idx =  2
**pseudo_label ->  [0.0824, 0.1016, 0.1206, 0.0736, 0.1182, 0.1712, 0.3324] **
max =  0.3324 | max_idx =  6
**pseudo_label ->  [0.0666, 0.0823, 0.1223, 0.0725, 0.1829, 0.2928, 0.1806] **
max =  0.2928 | max_idx =  5
**pseudo_label ->  [0.0608, 0.0778, 0.1076, 0.0709, 0.1888, 0.2853, 0.2088] **
max =  0.2853 | max_idx =  5
**pseudo_label ->  [0.1236, 0.283, 0.1943, 0.0681, 0.0747, 0.1044, 0.1518] **
max =  0.283 | max_idx =  1
Epoch 27/50, Train Loss: 1.3203, Valid Loss: 1.8319, Train Acc: 0.7143, Val Acc: 0.2476, Test Acc: 0.3012, Test F1: 0.1990, Total Pseudo-Labels: 0, Correct Pseudo-Labels: 0, Train Data Number: 70



line 303 => train data수 70
line 258 => 인스턴스 수 10
Step 270  Tim 1:11:07
acc_train_cw(현재 train의 class별 acc) [0.4, 1.0, 0.2, 1.0, 0.8, 0.9, 1.0]
cw_psl_total_eval(pseudo label 클래스별 총 샘플 수):  [0, 0, 0, 0, 0, 0, 0]
cw_psl_correct_eval(pseudo label 클래스별 맞은 샘플 수):  [0, 0, 0, 0, 0, 0, 0]
psl_acc(PSL 평가에서의 정확도): None 
cw_psl_acc(클래스별 PSL 평가에서의 정확도):  [nan, nan, nan, nan, nan, nan, nan]
**pseudo_label ->  [0.1559, 0.1219, 0.2215, 0.1922, 0.097, 0.1116, 0.0999] **
max =  0.2215 | max_idx =  2
**pseudo_label ->  [0.0981, 0.1064, 0.11, 0.0807, 0.1173, 0.146, 0.3416] **
max =  0.3416 | max_idx =  6
**pseudo_label ->  [0.0609, 0.0702, 0.1004, 0.0759, 0.2212, 0.2934, 0.1779] **
max =  0.2934 | max_idx =  5
**pseudo_label ->  [0.0588, 0.0705, 0.0917, 0.0731, 0.2273, 0.2749, 0.2038] **
max =  0.2749 | max_idx =  5
**pseudo_label ->  [0.0984, 0.2035, 0.1289, 0.0659, 0.0898, 0.1187, 0.2948] **
max =  0.2948 | max_idx =  6
Epoch 28/50, Train Loss: 1.2646, Valid Loss: 1.7199, Train Acc: 0.7571, Val Acc: 0.3160, Test Acc: 0.2459, Test F1: 0.1814, Total Pseudo-Labels: 0, Correct Pseudo-Labels: 0, Train Data Number: 70



line 303 => train data수 70
line 258 => 인스턴스 수 10
Step 280  Tim 1:13:24
acc_train_cw(현재 train의 class별 acc) [1.0, 0.9, 0.6, 1.0, 0.8, 0.9, 0.6]
cw_psl_total_eval(pseudo label 클래스별 총 샘플 수):  [0, 0, 0, 0, 0, 0, 0]
cw_psl_correct_eval(pseudo label 클래스별 맞은 샘플 수):  [0, 0, 0, 0, 0, 0, 0]
psl_acc(PSL 평가에서의 정확도): None 
cw_psl_acc(클래스별 PSL 평가에서의 정확도):  [nan, nan, nan, nan, nan, nan, nan]
***best_acc_model_save --- epoch = 29***
Save model to ./experiment/python_extended_data/output/
**pseudo_label ->  [0.0617, 0.0688, 0.0893, 0.1188, 0.2945, 0.2574, 0.1095] **
max =  0.2945 | max_idx =  4
**pseudo_label ->  [0.0575, 0.0702, 0.1028, 0.0896, 0.1893, 0.3196, 0.171] **
max =  0.3196 | max_idx =  5
**pseudo_label ->  [0.0624, 0.0623, 0.083, 0.1281, 0.2968, 0.257, 0.1105] **
max =  0.2968 | max_idx =  4
**pseudo_label ->  [0.0544, 0.0612, 0.0865, 0.1014, 0.2519, 0.2975, 0.1471] **
max =  0.2975 | max_idx =  5
**pseudo_label ->  [0.0866, 0.1291, 0.1544, 0.0653, 0.0925, 0.1451, 0.327] **
max =  0.327 | max_idx =  6
Epoch 29/50, Train Loss: 1.1958, Valid Loss: 1.9226, Train Acc: 0.8286, Val Acc: 0.3681, Test Acc: 0.2316, Test F1: 0.1624, Total Pseudo-Labels: 0, Correct Pseudo-Labels: 0, Train Data Number: 70



line 303 => train data수 70
line 258 => 인스턴스 수 10
Step 290  Tim 1:15:50
acc_train_cw(현재 train의 class별 acc) [0.8, 1.0, 0.5, 0.8, 0.7, 0.9, 1.0]
cw_psl_total_eval(pseudo label 클래스별 총 샘플 수):  [0, 0, 0, 0, 0, 0, 0]
cw_psl_correct_eval(pseudo label 클래스별 맞은 샘플 수):  [0, 0, 0, 0, 0, 0, 0]
psl_acc(PSL 평가에서의 정확도): None 
cw_psl_acc(클래스별 PSL 평가에서의 정확도):  [nan, nan, nan, nan, nan, nan, nan]
**pseudo_label ->  [0.1244, 0.1981, 0.2643, 0.085, 0.079, 0.1017, 0.1474] **
max =  0.2643 | max_idx =  2
**pseudo_label ->  [0.0806, 0.1065, 0.1309, 0.065, 0.1041, 0.1596, 0.3534] **
max =  0.3534 | max_idx =  6
**pseudo_label ->  [0.0787, 0.097, 0.1239, 0.09, 0.1352, 0.3162, 0.1591] **
max =  0.3162 | max_idx =  5
**pseudo_label ->  [0.0607, 0.081, 0.1074, 0.0724, 0.1425, 0.2925, 0.2435] **
max =  0.2925 | max_idx =  5
**pseudo_label ->  [0.1161, 0.3032, 0.174, 0.0612, 0.0654, 0.0873, 0.1928] **
max =  0.3032 | max_idx =  1
Epoch 30/50, Train Loss: 1.1647, Valid Loss: 1.8148, Train Acc: 0.8143, Val Acc: 0.2215, Test Acc: 0.3566, Test F1: 0.2664, Total Pseudo-Labels: 0, Correct Pseudo-Labels: 0, Train Data Number: 70



line 303 => train data수 70
line 258 => 인스턴스 수 10
Step 300  Tim 1:18:07
acc_train_cw(현재 train의 class별 acc) [1.0, 1.0, 0.7, 1.0, 0.9, 1.0, 0.9]
cw_psl_total_eval(pseudo label 클래스별 총 샘플 수):  [0, 0, 0, 0, 0, 0, 0]
cw_psl_correct_eval(pseudo label 클래스별 맞은 샘플 수):  [0, 0, 0, 0, 0, 0, 0]
psl_acc(PSL 평가에서의 정확도): None 
cw_psl_acc(클래스별 PSL 평가에서의 정확도):  [nan, nan, nan, nan, nan, nan, nan]
**pseudo_label ->  [0.1153, 0.155, 0.2762, 0.0979, 0.0888, 0.1228, 0.144] **
max =  0.2762 | max_idx =  2
**pseudo_label ->  [0.0871, 0.1237, 0.1215, 0.064, 0.1006, 0.1348, 0.3682] **
max =  0.3682 | max_idx =  6
**pseudo_label ->  [0.0695, 0.081, 0.1237, 0.0871, 0.1431, 0.3277, 0.1679] **
max =  0.3277 | max_idx =  5
**pseudo_label ->  [0.054, 0.0641, 0.0951, 0.0739, 0.2062, 0.3235, 0.1833] **
max =  0.3235 | max_idx =  5
**pseudo_label ->  [0.1458, 0.3829, 0.1333, 0.0774, 0.0675, 0.0798, 0.1133] **
max =  0.3829 | max_idx =  1
Epoch 31/50, Train Loss: 1.1562, Valid Loss: 1.8553, Train Acc: 0.9286, Val Acc: 0.3322, Test Acc: 0.2766, Test F1: 0.2057, Total Pseudo-Labels: 0, Correct Pseudo-Labels: 0, Train Data Number: 70



line 303 => train data수 70
line 258 => 인스턴스 수 10
Step 310  Tim 1:20:24
acc_train_cw(현재 train의 class별 acc) [0.8, 0.9, 0.3, 0.9, 1.0, 1.0, 0.8]
cw_psl_total_eval(pseudo label 클래스별 총 샘플 수):  [0, 0, 0, 0, 0, 0, 0]
cw_psl_correct_eval(pseudo label 클래스별 맞은 샘플 수):  [0, 0, 0, 0, 0, 0, 0]
psl_acc(PSL 평가에서의 정확도): None 
cw_psl_acc(클래스별 PSL 평가에서의 정확도):  [nan, nan, nan, nan, nan, nan, nan]
**pseudo_label ->  [0.066, 0.073, 0.09, 0.1084, 0.2077, 0.1473, 0.3076] **
max =  0.3076 | max_idx =  6
**pseudo_label ->  [0.0805, 0.1113, 0.115, 0.0647, 0.1122, 0.1369, 0.3793] **
max =  0.3793 | max_idx =  6
**pseudo_label ->  [0.0595, 0.064, 0.1088, 0.0846, 0.1741, 0.3434, 0.1658] **
max =  0.3434 | max_idx =  5
**pseudo_label ->  [0.0529, 0.0542, 0.0848, 0.0856, 0.2688, 0.3066, 0.1472] **
max =  0.3066 | max_idx =  5
**pseudo_label ->  [0.0944, 0.3191, 0.1446, 0.0697, 0.0737, 0.0917, 0.2068] **
max =  0.3191 | max_idx =  1
Epoch 32/50, Train Loss: 1.1950, Valid Loss: 1.7809, Train Acc: 0.8143, Val Acc: 0.3094, Test Acc: 0.2807, Test F1: 0.1949, Total Pseudo-Labels: 0, Correct Pseudo-Labels: 0, Train Data Number: 70



line 303 => train data수 70
line 258 => 인스턴스 수 10
Step 320  Tim 1:22:40
acc_train_cw(현재 train의 class별 acc) [1.0, 0.8, 0.6, 1.0, 0.1, 0.8, 0.8]
cw_psl_total_eval(pseudo label 클래스별 총 샘플 수):  [0, 0, 0, 0, 0, 0, 0]
cw_psl_correct_eval(pseudo label 클래스별 맞은 샘플 수):  [0, 0, 0, 0, 0, 0, 0]
psl_acc(PSL 평가에서의 정확도): None 
cw_psl_acc(클래스별 PSL 평가에서의 정확도):  [nan, nan, nan, nan, nan, nan, nan]
**pseudo_label ->  [0.1466, 0.1336, 0.1239, 0.3567, 0.0724, 0.0852, 0.0815] **
max =  0.3567 | max_idx =  3
**pseudo_label ->  [0.1167, 0.1326, 0.1342, 0.065, 0.0943, 0.2747, 0.1825] **
max =  0.2747 | max_idx =  5
**pseudo_label ->  [0.0587, 0.0596, 0.098, 0.2029, 0.2605, 0.2389, 0.0814] **
max =  0.2605 | max_idx =  4
**pseudo_label ->  [0.0564, 0.0553, 0.0756, 0.1234, 0.3243, 0.2658, 0.0992] **
max =  0.3243 | max_idx =  4
**pseudo_label ->  [0.2118, 0.169, 0.1206, 0.0815, 0.0739, 0.1844, 0.1588] **
max =  0.2118 | max_idx =  0
Epoch 33/50, Train Loss: 1.2146, Valid Loss: 1.9105, Train Acc: 0.7286, Val Acc: 0.3583, Test Acc: 0.1844, Test F1: 0.1225, Total Pseudo-Labels: 0, Correct Pseudo-Labels: 0, Train Data Number: 70



line 303 => train data수 70
line 258 => 인스턴스 수 10
Step 330  Tim 1:24:57
acc_train_cw(현재 train의 class별 acc) [0.9, 1.0, 0.5, 0.9, 0.7, 1.0, 1.0]
cw_psl_total_eval(pseudo label 클래스별 총 샘플 수):  [0, 0, 0, 0, 0, 0, 0]
cw_psl_correct_eval(pseudo label 클래스별 맞은 샘플 수):  [0, 0, 0, 0, 0, 0, 0]
psl_acc(PSL 평가에서의 정확도): None 
cw_psl_acc(클래스별 PSL 평가에서의 정확도):  [nan, nan, nan, nan, nan, nan, nan]
**pseudo_label ->  [0.178, 0.2504, 0.2626, 0.0956, 0.0591, 0.065, 0.0894] **
max =  0.2626 | max_idx =  2
**pseudo_label ->  [0.083, 0.1498, 0.2541, 0.0627, 0.0763, 0.1487, 0.2254] **
max =  0.2541 | max_idx =  2
**pseudo_label ->  [0.1054, 0.1665, 0.2927, 0.0741, 0.0771, 0.1125, 0.1717] **
max =  0.2927 | max_idx =  2
**pseudo_label ->  [0.0495, 0.0724, 0.1059, 0.0724, 0.1901, 0.3533, 0.1565] **
max =  0.3533 | max_idx =  5
**pseudo_label ->  [0.0568, 0.075, 0.101, 0.0701, 0.1437, 0.1765, 0.3769] **
max =  0.3769 | max_idx =  6
Epoch 34/50, Train Loss: 1.0651, Valid Loss: 1.7923, Train Acc: 0.8571, Val Acc: 0.2834, Test Acc: 0.3422, Test F1: 0.2332, Total Pseudo-Labels: 0, Correct Pseudo-Labels: 0, Train Data Number: 70



line 303 => train data수 70
line 258 => 인스턴스 수 10
Step 340  Tim 1:27:13
acc_train_cw(현재 train의 class별 acc) [1.0, 1.0, 0.7, 1.0, 0.9, 1.0, 1.0]
cw_psl_total_eval(pseudo label 클래스별 총 샘플 수):  [0, 0, 0, 0, 0, 0, 0]
cw_psl_correct_eval(pseudo label 클래스별 맞은 샘플 수):  [0, 0, 0, 0, 0, 0, 0]
psl_acc(PSL 평가에서의 정확도): None 
cw_psl_acc(클래스별 PSL 평가에서의 정확도):  [nan, nan, nan, nan, nan, nan, nan]
**pseudo_label ->  [0.1164, 0.0633, 0.0805, 0.4319, 0.1566, 0.0995, 0.0519] **
max =  0.4319 | max_idx =  3
**pseudo_label ->  [0.0716, 0.1092, 0.1546, 0.0591, 0.0937, 0.1277, 0.3841] **
max =  0.3841 | max_idx =  6
**pseudo_label ->  [0.058, 0.0856, 0.1953, 0.0724, 0.1115, 0.2466, 0.2306] **
max =  0.2466 | max_idx =  5
**pseudo_label ->  [0.0554, 0.0612, 0.1107, 0.0839, 0.1771, 0.3634, 0.1483] **
max =  0.3634 | max_idx =  5
**pseudo_label ->  [0.0853, 0.116, 0.1157, 0.0664, 0.0985, 0.1157, 0.4023] **
max =  0.4023 | max_idx =  6
Epoch 35/50, Train Loss: 1.0116, Valid Loss: 1.8640, Train Acc: 0.9429, Val Acc: 0.3322, Test Acc: 0.2930, Test F1: 0.1978, Total Pseudo-Labels: 0, Correct Pseudo-Labels: 0, Train Data Number: 70



line 303 => train data수 70
line 258 => 인스턴스 수 10
Step 350  Tim 1:29:29
acc_train_cw(현재 train의 class별 acc) [1.0, 1.0, 0.8, 1.0, 1.0, 1.0, 1.0]
cw_psl_total_eval(pseudo label 클래스별 총 샘플 수):  [0, 0, 0, 0, 0, 0, 0]
cw_psl_correct_eval(pseudo label 클래스별 맞은 샘플 수):  [0, 0, 0, 0, 0, 0, 0]
psl_acc(PSL 평가에서의 정확도): None 
cw_psl_acc(클래스별 PSL 평가에서의 정확도):  [nan, nan, nan, nan, nan, nan, nan]
**pseudo_label ->  [0.189, 0.0832, 0.1823, 0.2825, 0.0917, 0.1098, 0.0615] **
max =  0.2825 | max_idx =  3
**pseudo_label ->  [0.0746, 0.1152, 0.1543, 0.0574, 0.0793, 0.1263, 0.3929] **
max =  0.3929 | max_idx =  6
**pseudo_label ->  [0.0557, 0.0607, 0.1097, 0.0773, 0.1584, 0.3691, 0.1691] **
max =  0.3691 | max_idx =  5
**pseudo_label ->  [0.0488, 0.0553, 0.0857, 0.07, 0.226, 0.3545, 0.1597] **
max =  0.3545 | max_idx =  5
**pseudo_label ->  [0.0781, 0.1263, 0.1156, 0.0595, 0.0868, 0.1218, 0.412] **
max =  0.412 | max_idx =  6
Epoch 36/50, Train Loss: 0.9555, Valid Loss: 1.9071, Train Acc: 0.9714, Val Acc: 0.3160, Test Acc: 0.3258, Test F1: 0.2341, Total Pseudo-Labels: 0, Correct Pseudo-Labels: 0, Train Data Number: 70



line 303 => train data수 70
line 258 => 인스턴스 수 10
Step 360  Tim 1:31:46
acc_train_cw(현재 train의 class별 acc) [1.0, 1.0, 0.7, 1.0, 0.9, 1.0, 1.0]
cw_psl_total_eval(pseudo label 클래스별 총 샘플 수):  [0, 0, 0, 0, 0, 0, 0]
cw_psl_correct_eval(pseudo label 클래스별 맞은 샘플 수):  [0, 0, 0, 0, 0, 0, 0]
psl_acc(PSL 평가에서의 정확도): None 
cw_psl_acc(클래스별 PSL 평가에서의 정확도):  [nan, nan, nan, nan, nan, nan, nan]
**pseudo_label ->  [0.2096, 0.0708, 0.1196, 0.3443, 0.1027, 0.1077, 0.0454] **
max =  0.3443 | max_idx =  3
**pseudo_label ->  [0.075, 0.1088, 0.1264, 0.0572, 0.0802, 0.1306, 0.4218] **
max =  0.4218 | max_idx =  6
**pseudo_label ->  [0.0727, 0.0888, 0.1284, 0.0825, 0.1059, 0.3513, 0.1703] **
max =  0.3513 | max_idx =  5
**pseudo_label ->  [0.063, 0.0678, 0.0924, 0.0939, 0.1758, 0.3892, 0.118] **
max =  0.3892 | max_idx =  5
**pseudo_label ->  [0.0802, 0.117, 0.1164, 0.0591, 0.083, 0.1197, 0.4246] **
max =  0.4246 | max_idx =  6
Epoch 37/50, Train Loss: 0.9208, Valid Loss: 1.9264, Train Acc: 0.9429, Val Acc: 0.2573, Test Acc: 0.2992, Test F1: 0.2042, Total Pseudo-Labels: 0, Correct Pseudo-Labels: 0, Train Data Number: 70



line 303 => train data수 70
line 258 => 인스턴스 수 10
Step 370  Tim 1:34:02
acc_train_cw(현재 train의 class별 acc) [1.0, 1.0, 1.0, 0.9, 0.9, 1.0, 0.7]
cw_psl_total_eval(pseudo label 클래스별 총 샘플 수):  [0, 0, 0, 0, 0, 0, 0]
cw_psl_correct_eval(pseudo label 클래스별 맞은 샘플 수):  [0, 0, 0, 0, 0, 0, 0]
psl_acc(PSL 평가에서의 정확도): None 
cw_psl_acc(클래스별 PSL 평가에서의 정확도):  [nan, nan, nan, nan, nan, nan, nan]
**pseudo_label ->  [0.1791, 0.1295, 0.2889, 0.1649, 0.0781, 0.0896, 0.07] **
max =  0.2889 | max_idx =  2
**pseudo_label ->  [0.1152, 0.176, 0.3389, 0.0742, 0.0674, 0.1008, 0.1275] **
max =  0.3389 | max_idx =  2
**pseudo_label ->  [0.0914, 0.0992, 0.2288, 0.0983, 0.0977, 0.2723, 0.1124] **
max =  0.2723 | max_idx =  5
**pseudo_label ->  [0.0557, 0.06, 0.0837, 0.0847, 0.2112, 0.3918, 0.1128] **
max =  0.3918 | max_idx =  5
**pseudo_label ->  [0.1047, 0.3, 0.2792, 0.0652, 0.0586, 0.0792, 0.113] **
max =  0.3 | max_idx =  1
Epoch 38/50, Train Loss: 0.9800, Valid Loss: 1.9027, Train Acc: 0.9286, Val Acc: 0.2541, Test Acc: 0.3053, Test F1: 0.2119, Total Pseudo-Labels: 0, Correct Pseudo-Labels: 0, Train Data Number: 70



line 303 => train data수 70
line 258 => 인스턴스 수 10
Step 380  Tim 1:36:19
acc_train_cw(현재 train의 class별 acc) [0.9, 1.0, 0.9, 0.8, 1.0, 0.9, 1.0]
cw_psl_total_eval(pseudo label 클래스별 총 샘플 수):  [0, 0, 0, 0, 0, 0, 0]
cw_psl_correct_eval(pseudo label 클래스별 맞은 샘플 수):  [0, 0, 0, 0, 0, 0, 0]
psl_acc(PSL 평가에서의 정확도): None 
cw_psl_acc(클래스별 PSL 평가에서의 정확도):  [nan, nan, nan, nan, nan, nan, nan]
**pseudo_label ->  [0.08, 0.0642, 0.0668, 0.4454, 0.1766, 0.1152, 0.0518] **
max =  0.4454 | max_idx =  3
**pseudo_label ->  [0.0746, 0.0996, 0.0902, 0.056, 0.1054, 0.1294, 0.4448] **
max =  0.4448 | max_idx =  6
**pseudo_label ->  [0.0487, 0.0445, 0.0586, 0.1113, 0.3473, 0.2931, 0.0964] **
max =  0.3473 | max_idx =  4
**pseudo_label ->  [0.0463, 0.0486, 0.0608, 0.0899, 0.3097, 0.3303, 0.1143] **
max =  0.3303 | max_idx =  5
**pseudo_label ->  [0.0652, 0.3283, 0.1526, 0.0654, 0.0766, 0.0852, 0.2267] **
max =  0.3283 | max_idx =  1
Epoch 39/50, Train Loss: 1.0236, Valid Loss: 1.8461, Train Acc: 0.9286, Val Acc: 0.2866, Test Acc: 0.2766, Test F1: 0.1927, Total Pseudo-Labels: 0, Correct Pseudo-Labels: 0, Train Data Number: 70



line 303 => train data수 70
line 258 => 인스턴스 수 10
Step 390  Tim 1:38:37
acc_train_cw(현재 train의 class별 acc) [1.0, 1.0, 1.0, 0.9, 0.8, 1.0, 1.0]
cw_psl_total_eval(pseudo label 클래스별 총 샘플 수):  [0, 0, 0, 0, 0, 0, 0]
cw_psl_correct_eval(pseudo label 클래스별 맞은 샘플 수):  [0, 0, 0, 0, 0, 0, 0]
psl_acc(PSL 평가에서의 정확도): None 
cw_psl_acc(클래스별 PSL 평가에서의 정확도):  [nan, nan, nan, nan, nan, nan, nan]
**pseudo_label ->  [0.1144, 0.0812, 0.0819, 0.495, 0.099, 0.0759, 0.0526] **
max =  0.495 | max_idx =  3
**pseudo_label ->  [0.1007, 0.1362, 0.3541, 0.0852, 0.0791, 0.0908, 0.1539] **
max =  0.3541 | max_idx =  2
**pseudo_label ->  [0.0438, 0.0478, 0.0943, 0.1098, 0.2041, 0.3912, 0.1089] **
max =  0.3912 | max_idx =  5
**pseudo_label ->  [0.0416, 0.0471, 0.0757, 0.0818, 0.2352, 0.3921, 0.1265] **
max =  0.3921 | max_idx =  5
**pseudo_label ->  [0.0791, 0.1398, 0.2619, 0.0685, 0.0723, 0.0817, 0.2967] **
max =  0.2967 | max_idx =  6
Epoch 40/50, Train Loss: 0.9281, Valid Loss: 1.8330, Train Acc: 0.9571, Val Acc: 0.3094, Test Acc: 0.3217, Test F1: 0.2301, Total Pseudo-Labels: 0, Correct Pseudo-Labels: 0, Train Data Number: 70



line 303 => train data수 70
line 258 => 인스턴스 수 10
Step 400  Tim 1:40:53
acc_train_cw(현재 train의 class별 acc) [0.9, 1.0, 0.8, 1.0, 1.0, 0.6, 0.9]
cw_psl_total_eval(pseudo label 클래스별 총 샘플 수):  [0, 0, 0, 0, 0, 0, 0]
cw_psl_correct_eval(pseudo label 클래스별 맞은 샘플 수):  [0, 0, 0, 0, 0, 0, 0]
psl_acc(PSL 평가에서의 정확도): None 
cw_psl_acc(클래스별 PSL 평가에서의 정확도):  [nan, nan, nan, nan, nan, nan, nan]
**pseudo_label ->  [0.0754, 0.0607, 0.0669, 0.4674, 0.1775, 0.0967, 0.0554] **
max =  0.4674 | max_idx =  3
**pseudo_label ->  [0.0631, 0.0745, 0.0838, 0.0588, 0.1141, 0.1409, 0.4649] **
max =  0.4649 | max_idx =  6
**pseudo_label ->  [0.0504, 0.0485, 0.0688, 0.1166, 0.3857, 0.2584, 0.0717] **
max =  0.3857 | max_idx =  4
**pseudo_label ->  [0.0481, 0.0476, 0.0625, 0.0989, 0.3637, 0.2954, 0.0837] **
max =  0.3637 | max_idx =  4
**pseudo_label ->  [0.062, 0.0763, 0.0848, 0.063, 0.1124, 0.133, 0.4685] **
max =  0.4685 | max_idx =  6
Epoch 41/50, Train Loss: 1.0598, Valid Loss: 1.9410, Train Acc: 0.8857, Val Acc: 0.3388, Test Acc: 0.1967, Test F1: 0.1307, Total Pseudo-Labels: 0, Correct Pseudo-Labels: 0, Train Data Number: 70



line 303 => train data수 70
line 258 => 인스턴스 수 10
Step 410  Tim 1:43:10
acc_train_cw(현재 train의 class별 acc) [1.0, 0.9, 0.9, 1.0, 0.4, 0.1, 1.0]
cw_psl_total_eval(pseudo label 클래스별 총 샘플 수):  [0, 0, 0, 0, 0, 0, 0]
cw_psl_correct_eval(pseudo label 클래스별 맞은 샘플 수):  [0, 0, 0, 0, 0, 0, 0]
psl_acc(PSL 평가에서의 정확도): None 
cw_psl_acc(클래스별 PSL 평가에서의 정확도):  [nan, nan, nan, nan, nan, nan, nan]
**pseudo_label ->  [0.0953, 0.0944, 0.1486, 0.42, 0.1058, 0.0773, 0.0586] **
max =  0.42 | max_idx =  3
**pseudo_label ->  [0.0713, 0.1149, 0.1191, 0.0518, 0.0768, 0.0928, 0.4733] **
max =  0.4733 | max_idx =  6
**pseudo_label ->  [0.0815, 0.1333, 0.3742, 0.0701, 0.0813, 0.12, 0.1397] **
max =  0.3742 | max_idx =  2
**pseudo_label ->  [0.0628, 0.1049, 0.1088, 0.0513, 0.0795, 0.1117, 0.4811] **
max =  0.4811 | max_idx =  6
**pseudo_label ->  [0.074, 0.1176, 0.1201, 0.0525, 0.0774, 0.0885, 0.4698] **
max =  0.4698 | max_idx =  6
Epoch 42/50, Train Loss: 1.0980, Valid Loss: 1.8417, Train Acc: 0.7571, Val Acc: 0.3127, Test Acc: 0.1865, Test F1: 0.1607, Total Pseudo-Labels: 0, Correct Pseudo-Labels: 0, Train Data Number: 70



line 303 => train data수 70
line 258 => 인스턴스 수 10
Step 420  Tim 1:45:27
acc_train_cw(현재 train의 class별 acc) [0.8, 0.9, 0.6, 1.0, 0.9, 0.9, 0.8]
cw_psl_total_eval(pseudo label 클래스별 총 샘플 수):  [0, 0, 0, 0, 0, 0, 0]
cw_psl_correct_eval(pseudo label 클래스별 맞은 샘플 수):  [0, 0, 0, 0, 0, 0, 0]
psl_acc(PSL 평가에서의 정확도): None 
cw_psl_acc(클래스별 PSL 평가에서의 정확도):  [nan, nan, nan, nan, nan, nan, nan]
**pseudo_label ->  [0.0808, 0.0685, 0.065, 0.4708, 0.1804, 0.0714, 0.0632] **
max =  0.4708 | max_idx =  3
**pseudo_label ->  [0.0495, 0.0904, 0.1318, 0.0412, 0.0826, 0.1563, 0.4483] **
max =  0.4483 | max_idx =  6
**pseudo_label ->  [0.0798, 0.0706, 0.1523, 0.1014, 0.1217, 0.3853, 0.0889] **
max =  0.3853 | max_idx =  5
**pseudo_label ->  [0.0488, 0.0472, 0.0762, 0.0789, 0.2274, 0.4212, 0.1002] **
max =  0.4212 | max_idx =  5
**pseudo_label ->  [0.0487, 0.0837, 0.0935, 0.0462, 0.1147, 0.1421, 0.4712] **
max =  0.4712 | max_idx =  6
Epoch 43/50, Train Loss: 1.0539, Valid Loss: 1.7837, Train Acc: 0.8429, Val Acc: 0.3420, Test Acc: 0.2828, Test F1: 0.1941, Total Pseudo-Labels: 0, Correct Pseudo-Labels: 0, Train Data Number: 70



line 303 => train data수 70
line 258 => 인스턴스 수 10
Step 430  Tim 1:47:44
acc_train_cw(현재 train의 class별 acc) [0.9, 1.0, 1.0, 1.0, 0.4, 0.5, 0.9]
cw_psl_total_eval(pseudo label 클래스별 총 샘플 수):  [0, 0, 0, 0, 0, 0, 0]
cw_psl_correct_eval(pseudo label 클래스별 맞은 샘플 수):  [0, 0, 0, 0, 0, 0, 0]
psl_acc(PSL 평가에서의 정확도): None 
cw_psl_acc(클래스별 PSL 평가에서의 정확도):  [nan, nan, nan, nan, nan, nan, nan]
**pseudo_label ->  [0.1205, 0.0765, 0.0942, 0.5102, 0.0862, 0.0636, 0.0488] **
max =  0.5102 | max_idx =  3
**pseudo_label ->  [0.1244, 0.1393, 0.385, 0.0694, 0.0584, 0.0742, 0.1492] **
max =  0.385 | max_idx =  2
**pseudo_label ->  [0.1283, 0.1403, 0.3855, 0.1063, 0.059, 0.0705, 0.1102] **
max =  0.3855 | max_idx =  2
**pseudo_label ->  [0.0318, 0.0579, 0.1553, 0.11, 0.1608, 0.3271, 0.157] **
max =  0.3271 | max_idx =  5
**pseudo_label ->  [0.0611, 0.1467, 0.0937, 0.054, 0.0898, 0.0967, 0.458] **
max =  0.458 | max_idx =  6
Epoch 44/50, Train Loss: 1.0094, Valid Loss: 2.1164, Train Acc: 0.8143, Val Acc: 0.3583, Test Acc: 0.2398, Test F1: 0.1725, Total Pseudo-Labels: 0, Correct Pseudo-Labels: 0, Train Data Number: 70



line 303 => train data수 70
line 258 => 인스턴스 수 10
Step 440  Tim 1:50:01
acc_train_cw(현재 train의 class별 acc) [0.9, 0.8, 0.7, 0.8, 0.2, 1.0, 0.8]
cw_psl_total_eval(pseudo label 클래스별 총 샘플 수):  [0, 0, 0, 0, 0, 0, 0]
cw_psl_correct_eval(pseudo label 클래스별 맞은 샘플 수):  [0, 0, 0, 0, 0, 0, 0]
psl_acc(PSL 평가에서의 정확도): None 
cw_psl_acc(클래스별 PSL 평가에서의 정확도):  [nan, nan, nan, nan, nan, nan, nan]
**pseudo_label ->  [0.0421, 0.0532, 0.0734, 0.0564, 0.2006, 0.437, 0.1372] **
max =  0.437 | max_idx =  5
**pseudo_label ->  [0.0576, 0.0859, 0.0942, 0.0488, 0.0849, 0.1362, 0.4925] **
max =  0.4925 | max_idx =  6
**pseudo_label ->  [0.0409, 0.0526, 0.072, 0.0572, 0.199, 0.4359, 0.1424] **
max =  0.4359 | max_idx =  5
**pseudo_label ->  [0.0415, 0.0551, 0.0705, 0.0524, 0.2012, 0.425, 0.1543] **
max =  0.425 | max_idx =  5
**pseudo_label ->  [0.063, 0.0839, 0.0804, 0.0548, 0.1008, 0.1234, 0.4937] **
max =  0.4937 | max_idx =  6
Epoch 45/50, Train Loss: 1.0482, Valid Loss: 1.9440, Train Acc: 0.7429, Val Acc: 0.1922, Test Acc: 0.3709, Test F1: 0.2337, Total Pseudo-Labels: 0, Correct Pseudo-Labels: 0, Train Data Number: 70



line 303 => train data수 70
line 258 => 인스턴스 수 10
Step 450  Tim 1:52:18
acc_train_cw(현재 train의 class별 acc) [0.6, 1.0, 0.5, 0.9, 0.9, 0.9, 0.6]
cw_psl_total_eval(pseudo label 클래스별 총 샘플 수):  [0, 0, 0, 0, 0, 0, 0]
cw_psl_correct_eval(pseudo label 클래스별 맞은 샘플 수):  [0, 0, 0, 0, 0, 0, 0]
psl_acc(PSL 평가에서의 정확도): None 
cw_psl_acc(클래스별 PSL 평가에서의 정확도):  [nan, nan, nan, nan, nan, nan, nan]
**pseudo_label ->  [0.0769, 0.0548, 0.0494, 0.3713, 0.3019, 0.079, 0.0668] **
max =  0.3713 | max_idx =  3
**pseudo_label ->  [0.0577, 0.0842, 0.0928, 0.0446, 0.0859, 0.1391, 0.4957] **
max =  0.4957 | max_idx =  6
**pseudo_label ->  [0.0842, 0.0793, 0.3567, 0.1354, 0.1204, 0.1293, 0.0947] **
max =  0.3567 | max_idx =  2
**pseudo_label ->  [0.0374, 0.0552, 0.0869, 0.0463, 0.2052, 0.4158, 0.1533] **
max =  0.4158 | max_idx =  5
**pseudo_label ->  [0.1398, 0.5012, 0.0807, 0.0762, 0.0629, 0.059, 0.0803] **
max =  0.5012 | max_idx =  1
Epoch 46/50, Train Loss: 1.0358, Valid Loss: 1.9270, Train Acc: 0.7714, Val Acc: 0.2899, Test Acc: 0.3361, Test F1: 0.2348, Total Pseudo-Labels: 0, Correct Pseudo-Labels: 0, Train Data Number: 70



line 303 => train data수 70
line 258 => 인스턴스 수 10
Step 460  Tim 1:54:34
acc_train_cw(현재 train의 class별 acc) [0.8, 0.4, 0.8, 1.0, 0.3, 1.0, 0.8]
cw_psl_total_eval(pseudo label 클래스별 총 샘플 수):  [0, 0, 0, 0, 0, 0, 0]
cw_psl_correct_eval(pseudo label 클래스별 맞은 샘플 수):  [0, 0, 0, 0, 0, 0, 0]
psl_acc(PSL 평가에서의 정확도): None 
cw_psl_acc(클래스별 PSL 평가에서의 정확도):  [nan, nan, nan, nan, nan, nan, nan]
**pseudo_label ->  [0.0633, 0.0577, 0.0723, 0.5017, 0.1387, 0.1127, 0.0537] **
max =  0.5017 | max_idx =  3
**pseudo_label ->  [0.0452, 0.0606, 0.1304, 0.0497, 0.0917, 0.157, 0.4655] **
max =  0.4655 | max_idx =  6
**pseudo_label ->  [0.0748, 0.0963, 0.2182, 0.0675, 0.0794, 0.3519, 0.112] **
max =  0.3519 | max_idx =  5
**pseudo_label ->  [0.0496, 0.0734, 0.1409, 0.0491, 0.1144, 0.4296, 0.1431] **
max =  0.4296 | max_idx =  5
**pseudo_label ->  [0.0931, 0.1124, 0.3429, 0.0534, 0.0683, 0.0805, 0.2494] **
max =  0.3429 | max_idx =  2
Epoch 47/50, Train Loss: 0.9858, Valid Loss: 1.9994, Train Acc: 0.7286, Val Acc: 0.2899, Test Acc: 0.3217, Test F1: 0.2067, Total Pseudo-Labels: 0, Correct Pseudo-Labels: 0, Train Data Number: 70



line 303 => train data수 70
line 258 => 인스턴스 수 10
Step 470  Tim 1:56:50
acc_train_cw(현재 train의 class별 acc) [0.9, 1.0, 0.8, 0.9, 1.0, 1.0, 0.7]
cw_psl_total_eval(pseudo label 클래스별 총 샘플 수):  [0, 0, 0, 0, 0, 0, 0]
cw_psl_correct_eval(pseudo label 클래스별 맞은 샘플 수):  [0, 0, 0, 0, 0, 0, 0]
psl_acc(PSL 평가에서의 정확도): None 
cw_psl_acc(클래스별 PSL 평가에서의 정확도):  [nan, nan, nan, nan, nan, nan, nan]
**pseudo_label ->  [0.1049, 0.0543, 0.0663, 0.55, 0.1188, 0.0671, 0.0388] **
max =  0.55 | max_idx =  3
**pseudo_label ->  [0.0825, 0.1736, 0.1613, 0.0381, 0.0477, 0.0769, 0.42] **
max =  0.42 | max_idx =  6
**pseudo_label ->  [0.0425, 0.045, 0.1785, 0.1303, 0.1875, 0.3291, 0.0872] **
max =  0.3291 | max_idx =  5
**pseudo_label ->  [0.0291, 0.036, 0.0658, 0.0661, 0.3508, 0.3048, 0.1474] **
max =  0.3508 | max_idx =  4
**pseudo_label ->  [0.1315, 0.5239, 0.1161, 0.0551, 0.0397, 0.0527, 0.081] **
max =  0.5239 | max_idx =  1
Epoch 48/50, Train Loss: 0.8756, Valid Loss: 1.8315, Train Acc: 0.9000, Val Acc: 0.2866, Test Acc: 0.2561, Test F1: 0.2042, Total Pseudo-Labels: 0, Correct Pseudo-Labels: 0, Train Data Number: 70



line 303 => train data수 70
line 258 => 인스턴스 수 10
Step 480  Tim 1:59:06
acc_train_cw(현재 train의 class별 acc) [0.9, 1.0, 0.9, 1.0, 0.9, 1.0, 0.7]
cw_psl_total_eval(pseudo label 클래스별 총 샘플 수):  [0, 0, 0, 0, 0, 0, 0]
cw_psl_correct_eval(pseudo label 클래스별 맞은 샘플 수):  [0, 0, 0, 0, 0, 0, 0]
psl_acc(PSL 평가에서의 정확도): None 
cw_psl_acc(클래스별 PSL 평가에서의 정확도):  [nan, nan, nan, nan, nan, nan, nan]
**pseudo_label ->  [0.0655, 0.0453, 0.1801, 0.2579, 0.1658, 0.2269, 0.0585] **
max =  0.2579 | max_idx =  3
**pseudo_label ->  [0.0815, 0.1189, 0.0801, 0.0583, 0.0856, 0.0787, 0.4969] **
max =  0.4969 | max_idx =  6
**pseudo_label ->  [0.0365, 0.0396, 0.1239, 0.0813, 0.1732, 0.4336, 0.1121] **
max =  0.4336 | max_idx =  5
**pseudo_label ->  [0.0302, 0.0408, 0.0722, 0.0533, 0.2673, 0.3934, 0.1429] **
max =  0.3934 | max_idx =  5
**pseudo_label ->  [0.3143, 0.213, 0.1419, 0.0466, 0.0579, 0.0407, 0.1857] **
max =  0.3143 | max_idx =  0
Epoch 49/50, Train Loss: 0.9153, Valid Loss: 2.0852, Train Acc: 0.9143, Val Acc: 0.3225, Test Acc: 0.2480, Test F1: 0.1844, Total Pseudo-Labels: 0, Correct Pseudo-Labels: 0, Train Data Number: 70



line 303 => train data수 70
line 258 => 인스턴스 수 10
Step 490  Tim 2:01:23
acc_train_cw(현재 train의 class별 acc) [0.6, 0.9, 0.9, 1.0, 0.9, 1.0, 0.9]
cw_psl_total_eval(pseudo label 클래스별 총 샘플 수):  [0, 0, 0, 0, 0, 0, 0]
cw_psl_correct_eval(pseudo label 클래스별 맞은 샘플 수):  [0, 0, 0, 0, 0, 0, 0]
psl_acc(PSL 평가에서의 정확도): None 
cw_psl_acc(클래스별 PSL 평가에서의 정확도):  [nan, nan, nan, nan, nan, nan, nan]
**pseudo_label ->  [0.0884, 0.0643, 0.3074, 0.1147, 0.1093, 0.2449, 0.071] **
max =  0.3074 | max_idx =  2
**pseudo_label ->  [0.0515, 0.0822, 0.0908, 0.0486, 0.0848, 0.1098, 0.5323] **
max =  0.5323 | max_idx =  6
**pseudo_label ->  [0.0555, 0.0787, 0.3008, 0.0455, 0.0812, 0.2759, 0.1623] **
max =  0.3008 | max_idx =  2
**pseudo_label ->  [0.0456, 0.0486, 0.0967, 0.0467, 0.1375, 0.4645, 0.1605] **
max =  0.4645 | max_idx =  5
**pseudo_label ->  [0.0778, 0.5294, 0.1208, 0.057, 0.0558, 0.0683, 0.0909] **
max =  0.5294 | max_idx =  1
Epoch 50/50, Train Loss: 0.8452, Valid Loss: 2.0160, Train Acc: 0.8857, Val Acc: 0.2541, Test Acc: 0.3094, Test F1: 0.2289, Total Pseudo-Labels: 0, Correct Pseudo-Labels: 0, Train Data Number: 70

Training complete!
Total training took 2:03:21 (h:mm:ss)
Load model from ./experiment/python_extended_data/output/10_codet5p-110m-embedding_0.0004_0.7_python_extended_data_net0.pth
Save training statistics in:  ./experiment/python_extended_data/log/codet5p/class5//10_codet5p-110m-embedding_0.0004_0.7_python_extended_data/training_statistics.csv

best_trian_loss, epoch => 0.8451683461666107 50
Epoch-1_train_loss => 1.9744890332221985
max_epoch_train_loss => 0.8451683461666107 


best_val_loss, epoch =>  1.7198654469527328 28
Epoch-1_val_loss => 1.9607280985928515
max_epoch_val_loss => 2.01602131613691 

pse_epoch =>  []
추가되는 pse_epoch =>  [] 

total_data:  70 
Best_step:  280 
Best_epoch:  28 
best_val_acc:  0.36807817589576547 
best_test_acc:  0.23155737704918034 
best_test_f1:  0.16240433910720067
Save best record in:  ./experiment/python_extended_data/log/codet5p/class5/summary.csv
Save best record in:  ./experiment/python_extended_data/log/summary_avgrun.csv
