current work directory:  /home/imsuhan22/few-shot-tc/custom_ssl/code
Data set -> python_extended_data
save_name: 5_codet5p-110m-embedding_0.00035_0.7_python_extended_data

data_path:  ../data/problem_based_split/python_extended_data

There are 2 GPU(s) available.
We will use the GPU- 0 Quadro RTX 8000

**line 147 모델 =>  Salesforce/codet5p-110m-embedding
**tokenizer type =  Salesforce/codet5p-110m-embedding 

pesudo label class개수 기준 -> 5
n_labeled_per_class:  5
train_df samples: 3974
train_labeled_df samples: 35
train_unlabeled_df samples: 3939
n_classes:  7 


net_arch:  Salesforce/codet5p-110m-embedding 
lr:  0.00035 
lr_linear:  0.001 




line 303 => train data수 35
line 258 => 인스턴스 수 5
Step 0  Tim 0:00:30
acc_train_cw(현재 train의 class별 acc) [0.0, 0.0, 0.0, 0.0, 0.0, 0.4, 1.0]
cw_psl_total_eval(pseudo label 클래스별 총 샘플 수):  [0, 0, 0, 0, 0, 0, 0]
cw_psl_correct_eval(pseudo label 클래스별 맞은 샘플 수):  [0, 0, 0, 0, 0, 0, 0]
psl_acc(PSL 평가에서의 정확도): None 
cw_psl_acc(클래스별 PSL 평가에서의 정확도):  [nan, nan, nan, nan, nan, nan, nan]
***best_acc_model_save --- epoch = 1***
Save model to ./experiment/python_extended_data/output/
**pseudo_label ->  [0.1484, 0.1404, 0.1331, 0.1409, 0.1362, 0.1478, 0.1532] **
max =  0.1532 | max_idx =  6
**pseudo_label ->  [0.139, 0.1384, 0.1364, 0.1418, 0.1392, 0.1472, 0.158] **
max =  0.158 | max_idx =  6
**pseudo_label ->  [0.1418, 0.1412, 0.1363, 0.1383, 0.1398, 0.1474, 0.1552] **
max =  0.1552 | max_idx =  6
**pseudo_label ->  [0.144, 0.1371, 0.1346, 0.1362, 0.1427, 0.1482, 0.1573] **
max =  0.1573 | max_idx =  6
**pseudo_label ->  [0.1434, 0.133, 0.1355, 0.1428, 0.138, 0.145, 0.1623] **
max =  0.1623 | max_idx =  6
Epoch 1/50, Train Loss: 1.9882, Valid Loss: 1.9497, Train Acc: 0.2000, Val Acc: 0.1140, Test Acc: 0.0225, Test F1: 0.0088, Total Pseudo-Labels: 0, Correct Pseudo-Labels: 0, Train Data Number: 35



line 303 => train data수 35
line 258 => 인스턴스 수 5
Step 5  Tim 0:04:14
acc_train_cw(현재 train의 class별 acc) [0.0, 0.0, 1.0, 0.0, 0.0, 0.0, 0.4]
cw_psl_total_eval(pseudo label 클래스별 총 샘플 수):  [0, 0, 0, 0, 0, 0, 0]
cw_psl_correct_eval(pseudo label 클래스별 맞은 샘플 수):  [0, 0, 0, 0, 0, 0, 0]
psl_acc(PSL 평가에서의 정확도): None 
cw_psl_acc(클래스별 PSL 평가에서의 정확도):  [nan, nan, nan, nan, nan, nan, nan]
***best_acc_model_save --- epoch = 2***
Save model to ./experiment/python_extended_data/output/
**pseudo_label ->  [0.1416, 0.1331, 0.1499, 0.1348, 0.145, 0.1457, 0.1499] **
max =  0.1499 | max_idx =  6
**pseudo_label ->  [0.1421, 0.1329, 0.1495, 0.1324, 0.1465, 0.1458, 0.1507] **
max =  0.1507 | max_idx =  6
**pseudo_label ->  [0.1396, 0.1338, 0.1485, 0.1335, 0.1499, 0.1454, 0.1493] **
max =  0.1499 | max_idx =  4
**pseudo_label ->  [0.14, 0.1339, 0.1493, 0.1354, 0.1471, 0.1448, 0.1495] **
max =  0.1495 | max_idx =  6
**pseudo_label ->  [0.1377, 0.1338, 0.1484, 0.1359, 0.1474, 0.1473, 0.1495] **
max =  0.1495 | max_idx =  6
Epoch 2/50, Train Loss: 1.9542, Valid Loss: 1.9573, Train Acc: 0.2000, Val Acc: 0.2345, Test Acc: 0.1230, Test F1: 0.0478, Total Pseudo-Labels: 0, Correct Pseudo-Labels: 0, Train Data Number: 35



line 303 => train data수 35
line 258 => 인스턴스 수 5
Step 10  Tim 0:08:11
acc_train_cw(현재 train의 class별 acc) [0.0, 0.0, 0.0, 0.0, 0.0, 0.0, 1.0]
cw_psl_total_eval(pseudo label 클래스별 총 샘플 수):  [0, 0, 0, 0, 0, 0, 0]
cw_psl_correct_eval(pseudo label 클래스별 맞은 샘플 수):  [0, 0, 0, 0, 0, 0, 0]
psl_acc(PSL 평가에서의 정확도): None 
cw_psl_acc(클래스별 PSL 평가에서의 정확도):  [nan, nan, nan, nan, nan, nan, nan]
**pseudo_label ->  [0.1444, 0.1388, 0.1399, 0.137, 0.1432, 0.1458, 0.1509] **
max =  0.1509 | max_idx =  6
**pseudo_label ->  [0.1447, 0.1386, 0.1404, 0.1369, 0.1427, 0.1461, 0.1506] **
max =  0.1506 | max_idx =  6
**pseudo_label ->  [0.1445, 0.1522, 0.1462, 0.1319, 0.1296, 0.1507, 0.1448] **
max =  0.1522 | max_idx =  1
**pseudo_label ->  [0.1473, 0.1421, 0.1423, 0.136, 0.1326, 0.148, 0.1517] **
max =  0.1517 | max_idx =  6
**pseudo_label ->  [0.146, 0.1496, 0.1461, 0.1314, 0.1294, 0.1511, 0.1462] **
max =  0.1511 | max_idx =  5
Epoch 3/50, Train Loss: 1.9456, Valid Loss: 1.9496, Train Acc: 0.1429, Val Acc: 0.1173, Test Acc: 0.0184, Test F1: 0.0052, Total Pseudo-Labels: 0, Correct Pseudo-Labels: 0, Train Data Number: 35



line 303 => train data수 35
line 258 => 인스턴스 수 5
Step 15  Tim 0:12:10
acc_train_cw(현재 train의 class별 acc) [0.0, 0.0, 0.0, 0.0, 1.0, 0.0, 0.0]
cw_psl_total_eval(pseudo label 클래스별 총 샘플 수):  [0, 0, 0, 0, 0, 0, 0]
cw_psl_correct_eval(pseudo label 클래스별 맞은 샘플 수):  [0, 0, 0, 0, 0, 0, 0]
psl_acc(PSL 평가에서의 정확도): None 
cw_psl_acc(클래스별 PSL 평가에서의 정확도):  [nan, nan, nan, nan, nan, nan, nan]
**pseudo_label ->  [0.1424, 0.1377, 0.1403, 0.1396, 0.1493, 0.1429, 0.1478] **
max =  0.1493 | max_idx =  4
**pseudo_label ->  [0.1429, 0.1387, 0.1396, 0.1397, 0.1493, 0.1427, 0.1472] **
max =  0.1493 | max_idx =  4
**pseudo_label ->  [0.1423, 0.1379, 0.1403, 0.1396, 0.1493, 0.143, 0.1476] **
max =  0.1493 | max_idx =  4
**pseudo_label ->  [0.1423, 0.1376, 0.1402, 0.1393, 0.1494, 0.1433, 0.1479] **
max =  0.1494 | max_idx =  4
**pseudo_label ->  [0.1422, 0.1378, 0.1403, 0.1389, 0.1494, 0.143, 0.1484] **
max =  0.1494 | max_idx =  4
Epoch 4/50, Train Loss: 1.9460, Valid Loss: 1.9402, Train Acc: 0.1429, Val Acc: 0.1433, Test Acc: 0.0430, Test F1: 0.0118, Total Pseudo-Labels: 0, Correct Pseudo-Labels: 0, Train Data Number: 35



line 303 => train data수 35
line 258 => 인스턴스 수 5
Step 20  Tim 0:16:55
acc_train_cw(현재 train의 class별 acc) [0.0, 0.0, 0.0, 0.4, 1.0, 0.0, 0.0]
cw_psl_total_eval(pseudo label 클래스별 총 샘플 수):  [0, 0, 0, 0, 0, 0, 0]
cw_psl_correct_eval(pseudo label 클래스별 맞은 샘플 수):  [0, 0, 0, 0, 0, 0, 0]
psl_acc(PSL 평가에서의 정확도): None 
cw_psl_acc(클래스별 PSL 평가에서의 정확도):  [nan, nan, nan, nan, nan, nan, nan]
**pseudo_label ->  [0.1414, 0.139, 0.1382, 0.1481, 0.1496, 0.1412, 0.1426] **
max =  0.1496 | max_idx =  4
**pseudo_label ->  [0.1412, 0.1388, 0.139, 0.142, 0.1508, 0.1427, 0.1454] **
max =  0.1508 | max_idx =  4
**pseudo_label ->  [0.1411, 0.139, 0.1392, 0.1417, 0.1507, 0.1425, 0.1458] **
max =  0.1507 | max_idx =  4
**pseudo_label ->  [0.1425, 0.1465, 0.1388, 0.1438, 0.1481, 0.1466, 0.1338] **
max =  0.1481 | max_idx =  4
**pseudo_label ->  [0.1365, 0.1465, 0.138, 0.1392, 0.1545, 0.1505, 0.135] **
max =  0.1545 | max_idx =  4
Epoch 5/50, Train Loss: 1.8975, Valid Loss: 1.8977, Train Acc: 0.2000, Val Acc: 0.1498, Test Acc: 0.0594, Test F1: 0.0327, Total Pseudo-Labels: 0, Correct Pseudo-Labels: 0, Train Data Number: 35



line 303 => train data수 35
line 258 => 인스턴스 수 5
Step 25  Tim 0:20:58
acc_train_cw(현재 train의 class별 acc) [1.0, 0.0, 0.2, 1.0, 1.0, 0.0, 0.0]
cw_psl_total_eval(pseudo label 클래스별 총 샘플 수):  [0, 0, 0, 0, 0, 0, 0]
cw_psl_correct_eval(pseudo label 클래스별 맞은 샘플 수):  [0, 0, 0, 0, 0, 0, 0]
psl_acc(PSL 평가에서의 정확도): None 
cw_psl_acc(클래스별 PSL 평가에서의 정확도):  [nan, nan, nan, nan, nan, nan, nan]
***best_acc_model_save --- epoch = 6***
Save model to ./experiment/python_extended_data/output/
**pseudo_label ->  [0.15, 0.1346, 0.1482, 0.1707, 0.1278, 0.129, 0.1397] **
max =  0.1707 | max_idx =  3
**pseudo_label ->  [0.1484, 0.1428, 0.1483, 0.1511, 0.1385, 0.1298, 0.141] **
max =  0.1511 | max_idx =  3
**pseudo_label ->  [0.1607, 0.132, 0.1523, 0.1812, 0.1122, 0.1248, 0.1368] **
max =  0.1812 | max_idx =  3
**pseudo_label ->  [0.1451, 0.1436, 0.1431, 0.1511, 0.1441, 0.1352, 0.1377] **
max =  0.1511 | max_idx =  3
**pseudo_label ->  [0.1299, 0.1426, 0.142, 0.1372, 0.1602, 0.1425, 0.1456] **
max =  0.1602 | max_idx =  4
Epoch 6/50, Train Loss: 1.8295, Valid Loss: 1.8518, Train Acc: 0.4571, Val Acc: 0.3290, Test Acc: 0.1209, Test F1: 0.0849, Total Pseudo-Labels: 0, Correct Pseudo-Labels: 0, Train Data Number: 35



line 303 => train data수 35
line 258 => 인스턴스 수 5
Step 30  Tim 0:25:54
acc_train_cw(현재 train의 class별 acc) [1.0, 0.2, 0.6, 1.0, 0.6, 0.6, 0.8]
cw_psl_total_eval(pseudo label 클래스별 총 샘플 수):  [0, 0, 0, 0, 0, 0, 0]
cw_psl_correct_eval(pseudo label 클래스별 맞은 샘플 수):  [0, 0, 0, 0, 0, 0, 0]
psl_acc(PSL 평가에서의 정확도): None 
cw_psl_acc(클래스별 PSL 평가에서의 정확도):  [nan, nan, nan, nan, nan, nan, nan]
***best_acc_model_save --- epoch = 7***
Save model to ./experiment/python_extended_data/output/
**pseudo_label ->  [0.1681, 0.1205, 0.1366, 0.1948, 0.1029, 0.1312, 0.146] **
max =  0.1948 | max_idx =  3
**pseudo_label ->  [0.1537, 0.1239, 0.1355, 0.1893, 0.1029, 0.1385, 0.1563] **
max =  0.1893 | max_idx =  3
**pseudo_label ->  [0.171, 0.1233, 0.1392, 0.1936, 0.1015, 0.1295, 0.1417] **
max =  0.1936 | max_idx =  3
**pseudo_label ->  [0.1845, 0.1281, 0.1326, 0.1865, 0.104, 0.1285, 0.1358] **
max =  0.1865 | max_idx =  3
**pseudo_label ->  [0.1297, 0.1246, 0.1373, 0.1888, 0.1135, 0.1443, 0.162] **
max =  0.1888 | max_idx =  3
Epoch 7/50, Train Loss: 1.7987, Valid Loss: 1.8783, Train Acc: 0.6857, Val Acc: 0.4137, Test Acc: 0.1844, Test F1: 0.1307, Total Pseudo-Labels: 0, Correct Pseudo-Labels: 0, Train Data Number: 35



line 303 => train data수 35
line 258 => 인스턴스 수 5
Step 35  Tim 0:30:08
acc_train_cw(현재 train의 class별 acc) [1.0, 0.0, 0.6, 1.0, 0.0, 0.2, 0.6]
cw_psl_total_eval(pseudo label 클래스별 총 샘플 수):  [0, 0, 0, 0, 0, 0, 0]
cw_psl_correct_eval(pseudo label 클래스별 맞은 샘플 수):  [0, 0, 0, 0, 0, 0, 0]
psl_acc(PSL 평가에서의 정확도): None 
cw_psl_acc(클래스별 PSL 평가에서의 정확도):  [nan, nan, nan, nan, nan, nan, nan]
**pseudo_label ->  [0.1609, 0.1132, 0.1507, 0.1704, 0.1047, 0.129, 0.1712] **
max =  0.1712 | max_idx =  6
**pseudo_label ->  [0.1386, 0.1285, 0.1434, 0.1343, 0.1189, 0.141, 0.1953] **
max =  0.1953 | max_idx =  6
**pseudo_label ->  [0.1549, 0.1132, 0.1402, 0.2064, 0.1027, 0.1316, 0.1508] **
max =  0.2064 | max_idx =  3
**pseudo_label ->  [0.2086, 0.1346, 0.1429, 0.1529, 0.1063, 0.119, 0.1357] **
max =  0.2086 | max_idx =  0
**pseudo_label ->  [0.15, 0.1276, 0.1473, 0.1431, 0.115, 0.1314, 0.1856] **
max =  0.1856 | max_idx =  6
Epoch 8/50, Train Loss: 1.6841, Valid Loss: 1.9162, Train Acc: 0.4857, Val Acc: 0.2573, Test Acc: 0.1434, Test F1: 0.1005, Total Pseudo-Labels: 0, Correct Pseudo-Labels: 0, Train Data Number: 35



line 303 => train data수 35
line 258 => 인스턴스 수 5
Step 40  Tim 0:34:56
acc_train_cw(현재 train의 class별 acc) [0.8, 0.0, 0.4, 1.0, 0.6, 1.0, 0.4]
cw_psl_total_eval(pseudo label 클래스별 총 샘플 수):  [0, 0, 0, 0, 0, 0, 0]
cw_psl_correct_eval(pseudo label 클래스별 맞은 샘플 수):  [0, 0, 0, 0, 0, 0, 0]
psl_acc(PSL 평가에서의 정확도): None 
cw_psl_acc(클래스별 PSL 평가에서의 정확도):  [nan, nan, nan, nan, nan, nan, nan]
**pseudo_label ->  [0.1062, 0.1131, 0.1095, 0.1708, 0.1613, 0.1714, 0.1677] **
max =  0.1714 | max_idx =  5
**pseudo_label ->  [0.1019, 0.1265, 0.1078, 0.139, 0.1791, 0.1859, 0.1599] **
max =  0.1859 | max_idx =  5
**pseudo_label ->  [0.1182, 0.1083, 0.1212, 0.2095, 0.1322, 0.1473, 0.1633] **
max =  0.2095 | max_idx =  3
**pseudo_label ->  [0.1109, 0.1302, 0.1191, 0.1302, 0.1758, 0.1982, 0.1356] **
max =  0.1982 | max_idx =  5
**pseudo_label ->  [0.0985, 0.13, 0.1133, 0.1284, 0.1852, 0.1864, 0.1581] **
max =  0.1864 | max_idx =  5
Epoch 9/50, Train Loss: 1.6825, Valid Loss: 1.8897, Train Acc: 0.6000, Val Acc: 0.2020, Test Acc: 0.3279, Test F1: 0.1633, Total Pseudo-Labels: 0, Correct Pseudo-Labels: 0, Train Data Number: 35



line 303 => train data수 35
line 258 => 인스턴스 수 5
Step 45  Tim 0:39:14
acc_train_cw(현재 train의 class별 acc) [1.0, 0.6, 1.0, 1.0, 0.6, 0.8, 1.0]
cw_psl_total_eval(pseudo label 클래스별 총 샘플 수):  [0, 0, 0, 0, 0, 0, 0]
cw_psl_correct_eval(pseudo label 클래스별 맞은 샘플 수):  [0, 0, 0, 0, 0, 0, 0]
psl_acc(PSL 평가에서의 정확도): None 
cw_psl_acc(클래스별 PSL 평가에서의 정확도):  [nan, nan, nan, nan, nan, nan, nan]
**pseudo_label ->  [0.1456, 0.1061, 0.1588, 0.2081, 0.1064, 0.1252, 0.1497] **
max =  0.2081 | max_idx =  3
**pseudo_label ->  [0.1322, 0.1789, 0.1731, 0.0882, 0.1444, 0.1538, 0.1295] **
max =  0.1789 | max_idx =  1
**pseudo_label ->  [0.1309, 0.1444, 0.217, 0.1189, 0.1228, 0.1331, 0.1329] **
max =  0.217 | max_idx =  2
**pseudo_label ->  [0.2216, 0.1624, 0.1197, 0.1372, 0.1185, 0.1167, 0.124] **
max =  0.2216 | max_idx =  0
**pseudo_label ->  [0.1201, 0.175, 0.1795, 0.0912, 0.15, 0.1501, 0.1341] **
max =  0.1795 | max_idx =  2
Epoch 10/50, Train Loss: 1.6251, Valid Loss: 2.0461, Train Acc: 0.8571, Val Acc: 0.3160, Test Acc: 0.1824, Test F1: 0.1629, Total Pseudo-Labels: 0, Correct Pseudo-Labels: 0, Train Data Number: 35



line 303 => train data수 35
line 258 => 인스턴스 수 5
Step 50  Tim 0:43:47
acc_train_cw(현재 train의 class별 acc) [1.0, 1.0, 1.0, 1.0, 0.6, 0.6, 1.0]
cw_psl_total_eval(pseudo label 클래스별 총 샘플 수):  [0, 0, 0, 0, 0, 0, 0]
cw_psl_correct_eval(pseudo label 클래스별 맞은 샘플 수):  [0, 0, 0, 0, 0, 0, 0]
psl_acc(PSL 평가에서의 정확도): None 
cw_psl_acc(클래스별 PSL 평가에서의 정확도):  [nan, nan, nan, nan, nan, nan, nan]
**pseudo_label ->  [0.1526, 0.1283, 0.1697, 0.1277, 0.1137, 0.1165, 0.1916] **
max =  0.1916 | max_idx =  6
**pseudo_label ->  [0.1362, 0.1906, 0.1121, 0.0829, 0.1724, 0.1539, 0.1519] **
max =  0.1906 | max_idx =  1
**pseudo_label ->  [0.149, 0.197, 0.1564, 0.0885, 0.1432, 0.126, 0.1399] **
max =  0.197 | max_idx =  1
**pseudo_label ->  [0.176, 0.1913, 0.0956, 0.103, 0.1613, 0.1397, 0.1331] **
max =  0.1913 | max_idx =  1
**pseudo_label ->  [0.1336, 0.1923, 0.1163, 0.0827, 0.1762, 0.1512, 0.1477] **
max =  0.1923 | max_idx =  1
Epoch 11/50, Train Loss: 1.5662, Valid Loss: 1.9245, Train Acc: 0.8857, Val Acc: 0.1466, Test Acc: 0.1906, Test F1: 0.1510, Total Pseudo-Labels: 0, Correct Pseudo-Labels: 0, Train Data Number: 35



line 303 => train data수 35
line 258 => 인스턴스 수 5
Step 55  Tim 0:48:24
acc_train_cw(현재 train의 class별 acc) [1.0, 1.0, 1.0, 1.0, 1.0, 0.8, 1.0]
cw_psl_total_eval(pseudo label 클래스별 총 샘플 수):  [0, 0, 0, 0, 0, 0, 0]
cw_psl_correct_eval(pseudo label 클래스별 맞은 샘플 수):  [0, 0, 0, 0, 0, 0, 0]
psl_acc(PSL 평가에서의 정확도): None 
cw_psl_acc(클래스별 PSL 평가에서의 정확도):  [nan, nan, nan, nan, nan, nan, nan]
**pseudo_label ->  [0.1257, 0.1016, 0.1452, 0.1887, 0.1099, 0.1267, 0.2022] **
max =  0.2022 | max_idx =  6
**pseudo_label ->  [0.1116, 0.1315, 0.1137, 0.1216, 0.1382, 0.1438, 0.2395] **
max =  0.2395 | max_idx =  6
**pseudo_label ->  [0.1268, 0.1104, 0.1442, 0.2367, 0.1079, 0.1308, 0.1432] **
max =  0.2367 | max_idx =  3
**pseudo_label ->  [0.1248, 0.1853, 0.1115, 0.0963, 0.1913, 0.1735, 0.1174] **
max =  0.1913 | max_idx =  4
**pseudo_label ->  [0.1118, 0.1274, 0.1144, 0.1282, 0.1398, 0.1385, 0.2399] **
max =  0.2399 | max_idx =  6
Epoch 12/50, Train Loss: 1.5064, Valid Loss: 1.9296, Train Acc: 0.9714, Val Acc: 0.2573, Test Acc: 0.1311, Test F1: 0.1217, Total Pseudo-Labels: 0, Correct Pseudo-Labels: 0, Train Data Number: 35



line 303 => train data수 35
line 258 => 인스턴스 수 5
Step 60  Tim 0:52:35
acc_train_cw(현재 train의 class별 acc) [1.0, 1.0, 1.0, 1.0, 0.8, 1.0, 1.0]
cw_psl_total_eval(pseudo label 클래스별 총 샘플 수):  [0, 0, 0, 0, 0, 0, 0]
cw_psl_correct_eval(pseudo label 클래스별 맞은 샘플 수):  [0, 0, 0, 0, 0, 0, 0]
psl_acc(PSL 평가에서의 정확도): None 
cw_psl_acc(클래스별 PSL 평가에서의 정확도):  [nan, nan, nan, nan, nan, nan, nan]
**pseudo_label ->  [0.1662, 0.1384, 0.0882, 0.1652, 0.1279, 0.1332, 0.1808] **
max =  0.1808 | max_idx =  6
**pseudo_label ->  [0.1245, 0.1643, 0.0867, 0.1144, 0.1537, 0.1546, 0.2018] **
max =  0.2018 | max_idx =  6
**pseudo_label ->  [0.1377, 0.1232, 0.1065, 0.235, 0.1141, 0.1245, 0.159] **
max =  0.235 | max_idx =  3
**pseudo_label ->  [0.1239, 0.1947, 0.1175, 0.1088, 0.1823, 0.1709, 0.1019] **
max =  0.1947 | max_idx =  1
**pseudo_label ->  [0.1212, 0.1746, 0.0848, 0.1155, 0.1676, 0.1518, 0.1846] **
max =  0.1846 | max_idx =  6
Epoch 13/50, Train Loss: 1.4664, Valid Loss: 1.9545, Train Acc: 0.9714, Val Acc: 0.2606, Test Acc: 0.2193, Test F1: 0.1791, Total Pseudo-Labels: 0, Correct Pseudo-Labels: 0, Train Data Number: 35



line 303 => train data수 35
line 258 => 인스턴스 수 5
Step 65  Tim 0:57:16
acc_train_cw(현재 train의 class별 acc) [1.0, 1.0, 1.0, 1.0, 1.0, 1.0, 1.0]
cw_psl_total_eval(pseudo label 클래스별 총 샘플 수):  [0, 0, 0, 0, 0, 0, 0]
cw_psl_correct_eval(pseudo label 클래스별 맞은 샘플 수):  [0, 0, 0, 0, 0, 0, 0]
psl_acc(PSL 평가에서의 정확도): None 
cw_psl_acc(클래스별 PSL 평가에서의 정확도):  [nan, nan, nan, nan, nan, nan, nan]
**pseudo_label ->  [0.1261, 0.1366, 0.0946, 0.1083, 0.189, 0.1669, 0.1786] **
max =  0.189 | max_idx =  4
**pseudo_label ->  [0.1018, 0.1627, 0.0961, 0.103, 0.1861, 0.1668, 0.1836] **
max =  0.1861 | max_idx =  4
**pseudo_label ->  [0.1185, 0.151, 0.1311, 0.138, 0.1254, 0.1176, 0.2184] **
max =  0.2184 | max_idx =  6
**pseudo_label ->  [0.1137, 0.1899, 0.1237, 0.112, 0.1899, 0.1701, 0.1006] **
max =  0.1899 | max_idx =  4
**pseudo_label ->  [0.1011, 0.1678, 0.0974, 0.1074, 0.2067, 0.1641, 0.1554] **
max =  0.2067 | max_idx =  4
Epoch 14/50, Train Loss: 1.4249, Valid Loss: 1.9641, Train Acc: 1.0000, Val Acc: 0.2378, Test Acc: 0.1824, Test F1: 0.1642, Total Pseudo-Labels: 0, Correct Pseudo-Labels: 0, Train Data Number: 35



line 303 => train data수 35
line 258 => 인스턴스 수 5
Step 70  Tim 1:01:22
acc_train_cw(현재 train의 class별 acc) [1.0, 1.0, 1.0, 1.0, 1.0, 1.0, 1.0]
cw_psl_total_eval(pseudo label 클래스별 총 샘플 수):  [0, 0, 0, 0, 0, 0, 0]
cw_psl_correct_eval(pseudo label 클래스별 맞은 샘플 수):  [0, 0, 0, 0, 0, 0, 0]
psl_acc(PSL 평가에서의 정확도): None 
cw_psl_acc(클래스별 PSL 평가에서의 정확도):  [nan, nan, nan, nan, nan, nan, nan]
**pseudo_label ->  [0.1103, 0.1725, 0.1011, 0.1078, 0.2079, 0.1657, 0.1347] **
max =  0.2079 | max_idx =  4
**pseudo_label ->  [0.0941, 0.1949, 0.1232, 0.1075, 0.1798, 0.1819, 0.1186] **
max =  0.1949 | max_idx =  1
**pseudo_label ->  [0.1087, 0.1805, 0.1497, 0.1228, 0.1323, 0.1178, 0.1882] **
max =  0.1882 | max_idx =  6
**pseudo_label ->  [0.107, 0.2191, 0.1238, 0.1122, 0.1818, 0.146, 0.1101] **
max =  0.2191 | max_idx =  1
**pseudo_label ->  [0.0966, 0.2069, 0.116, 0.1091, 0.189, 0.1603, 0.1222] **
max =  0.2069 | max_idx =  1
Epoch 15/50, Train Loss: 1.3932, Valid Loss: 1.9528, Train Acc: 1.0000, Val Acc: 0.1857, Test Acc: 0.2439, Test F1: 0.1720, Total Pseudo-Labels: 0, Correct Pseudo-Labels: 0, Train Data Number: 35



line 303 => train data수 35
line 258 => 인스턴스 수 5
Step 75  Tim 1:06:06
acc_train_cw(현재 train의 class별 acc) [1.0, 1.0, 1.0, 1.0, 1.0, 1.0, 1.0]
cw_psl_total_eval(pseudo label 클래스별 총 샘플 수):  [0, 0, 0, 0, 0, 0, 0]
cw_psl_correct_eval(pseudo label 클래스별 맞은 샘플 수):  [0, 0, 0, 0, 0, 0, 0]
psl_acc(PSL 평가에서의 정확도): None 
cw_psl_acc(클래스별 PSL 평가에서의 정확도):  [nan, nan, nan, nan, nan, nan, nan]
**pseudo_label ->  [0.1258, 0.1604, 0.1006, 0.1298, 0.161, 0.1626, 0.1598] **
max =  0.1626 | max_idx =  5
**pseudo_label ->  [0.1047, 0.2311, 0.1088, 0.1064, 0.1582, 0.1344, 0.1563] **
max =  0.2311 | max_idx =  1
**pseudo_label ->  [0.1125, 0.1822, 0.1476, 0.1279, 0.121, 0.1098, 0.1989] **
max =  0.1989 | max_idx =  6
**pseudo_label ->  [0.1281, 0.2438, 0.114, 0.1127, 0.1653, 0.1136, 0.1224] **
max =  0.2438 | max_idx =  1
**pseudo_label ->  [0.1056, 0.2334, 0.1103, 0.1065, 0.1769, 0.1337, 0.1336] **
max =  0.2334 | max_idx =  1
Epoch 16/50, Train Loss: 1.3687, Valid Loss: 1.9383, Train Acc: 1.0000, Val Acc: 0.1857, Test Acc: 0.1803, Test F1: 0.1435, Total Pseudo-Labels: 0, Correct Pseudo-Labels: 0, Train Data Number: 35



line 303 => train data수 35
line 258 => 인스턴스 수 5
Step 80  Tim 1:10:24
acc_train_cw(현재 train의 class별 acc) [1.0, 1.0, 1.0, 1.0, 1.0, 1.0, 1.0]
cw_psl_total_eval(pseudo label 클래스별 총 샘플 수):  [0, 0, 0, 0, 0, 0, 0]
cw_psl_correct_eval(pseudo label 클래스별 맞은 샘플 수):  [0, 0, 0, 0, 0, 0, 0]
psl_acc(PSL 평가에서의 정확도): None 
cw_psl_acc(클래스별 PSL 평가에서의 정확도):  [nan, nan, nan, nan, nan, nan, nan]
**pseudo_label ->  [0.1817, 0.1253, 0.1175, 0.1714, 0.1168, 0.1782, 0.1092] **
max =  0.1817 | max_idx =  0
**pseudo_label ->  [0.1071, 0.2089, 0.097, 0.102, 0.1939, 0.168, 0.1231] **
max =  0.2089 | max_idx =  1
**pseudo_label ->  [0.1231, 0.1848, 0.1552, 0.1487, 0.1156, 0.1001, 0.1725] **
max =  0.1848 | max_idx =  1
**pseudo_label ->  [0.1409, 0.198, 0.1135, 0.1094, 0.2049, 0.1372, 0.0961] **
max =  0.2049 | max_idx =  4
**pseudo_label ->  [0.1122, 0.2062, 0.1064, 0.1075, 0.2095, 0.149, 0.1091] **
max =  0.2095 | max_idx =  4
Epoch 17/50, Train Loss: 1.3676, Valid Loss: 1.9892, Train Acc: 1.0000, Val Acc: 0.1987, Test Acc: 0.1803, Test F1: 0.1603, Total Pseudo-Labels: 0, Correct Pseudo-Labels: 0, Train Data Number: 35



line 303 => train data수 35
line 258 => 인스턴스 수 5
Step 85  Tim 1:14:54
acc_train_cw(현재 train의 class별 acc) [1.0, 0.8, 1.0, 1.0, 1.0, 1.0, 1.0]
cw_psl_total_eval(pseudo label 클래스별 총 샘플 수):  [0, 0, 0, 0, 0, 0, 0]
cw_psl_correct_eval(pseudo label 클래스별 맞은 샘플 수):  [0, 0, 0, 0, 0, 0, 0]
psl_acc(PSL 평가에서의 정확도): None 
cw_psl_acc(클래스별 PSL 평가에서의 정확도):  [nan, nan, nan, nan, nan, nan, nan]
**pseudo_label ->  [0.1054, 0.1047, 0.1126, 0.116, 0.185, 0.2267, 0.1496] **
max =  0.2267 | max_idx =  5
**pseudo_label ->  [0.0987, 0.1333, 0.1069, 0.0985, 0.2236, 0.1999, 0.139] **
max =  0.2236 | max_idx =  4
**pseudo_label ->  [0.0796, 0.1762, 0.1376, 0.1086, 0.1804, 0.1697, 0.1479] **
max =  0.1804 | max_idx =  4
**pseudo_label ->  [0.117, 0.135, 0.1201, 0.1087, 0.2435, 0.1642, 0.1116] **
max =  0.2435 | max_idx =  4
**pseudo_label ->  [0.102, 0.1259, 0.1175, 0.1052, 0.2462, 0.1677, 0.1354] **
max =  0.2462 | max_idx =  4
Epoch 18/50, Train Loss: 1.3872, Valid Loss: 1.8893, Train Acc: 0.9714, Val Acc: 0.1694, Test Acc: 0.1127, Test F1: 0.0924, Total Pseudo-Labels: 0, Correct Pseudo-Labels: 0, Train Data Number: 35



line 303 => train data수 35
line 258 => 인스턴스 수 5
Step 90  Tim 1:19:33
acc_train_cw(현재 train의 class별 acc) [1.0, 0.8, 1.0, 1.0, 1.0, 1.0, 1.0]
cw_psl_total_eval(pseudo label 클래스별 총 샘플 수):  [0, 0, 0, 0, 0, 0, 0]
cw_psl_correct_eval(pseudo label 클래스별 맞은 샘플 수):  [0, 0, 0, 0, 0, 0, 0]
psl_acc(PSL 평가에서의 정확도): None 
cw_psl_acc(클래스별 PSL 평가에서의 정확도):  [nan, nan, nan, nan, nan, nan, nan]
**pseudo_label ->  [0.1451, 0.0863, 0.1236, 0.1769, 0.1049, 0.136, 0.2272] **
max =  0.2272 | max_idx =  6
**pseudo_label ->  [0.1158, 0.1147, 0.1141, 0.1264, 0.1143, 0.1394, 0.2755] **
max =  0.2755 | max_idx =  6
**pseudo_label ->  [0.1345, 0.1081, 0.1252, 0.2759, 0.105, 0.1118, 0.1396] **
max =  0.2759 | max_idx =  3
**pseudo_label ->  [0.1264, 0.1233, 0.1196, 0.1108, 0.2502, 0.1463, 0.1234] **
max =  0.2502 | max_idx =  4
**pseudo_label ->  [0.1009, 0.0997, 0.1278, 0.1238, 0.1575, 0.1376, 0.2527] **
max =  0.2527 | max_idx =  6
Epoch 19/50, Train Loss: 1.3329, Valid Loss: 2.0164, Train Acc: 0.9714, Val Acc: 0.2508, Test Acc: 0.1270, Test F1: 0.1267, Total Pseudo-Labels: 0, Correct Pseudo-Labels: 0, Train Data Number: 35



line 303 => train data수 35
line 258 => 인스턴스 수 5
Step 95  Tim 1:23:41
acc_train_cw(현재 train의 class별 acc) [1.0, 1.0, 1.0, 1.0, 1.0, 1.0, 1.0]
cw_psl_total_eval(pseudo label 클래스별 총 샘플 수):  [0, 0, 0, 0, 0, 0, 0]
cw_psl_correct_eval(pseudo label 클래스별 맞은 샘플 수):  [0, 0, 0, 0, 0, 0, 0]
psl_acc(PSL 평가에서의 정확도): None 
cw_psl_acc(클래스별 PSL 평가에서의 정확도):  [nan, nan, nan, nan, nan, nan, nan]
**pseudo_label ->  [0.1513, 0.2522, 0.1016, 0.1288, 0.1105, 0.1183, 0.1373] **
max =  0.2522 | max_idx =  1
**pseudo_label ->  [0.1291, 0.2672, 0.1077, 0.1056, 0.122, 0.1285, 0.1399] **
max =  0.2672 | max_idx =  1
**pseudo_label ->  [0.131, 0.2257, 0.112, 0.1523, 0.1018, 0.1095, 0.1678] **
max =  0.2257 | max_idx =  1
**pseudo_label ->  [0.1327, 0.1726, 0.1069, 0.1072, 0.2457, 0.1185, 0.1164] **
max =  0.2457 | max_idx =  4
**pseudo_label ->  [0.119, 0.2706, 0.1059, 0.1059, 0.1393, 0.125, 0.1343] **
max =  0.2706 | max_idx =  1
Epoch 20/50, Train Loss: 1.3063, Valid Loss: 1.9640, Train Acc: 1.0000, Val Acc: 0.1368, Test Acc: 0.1660, Test F1: 0.1166, Total Pseudo-Labels: 0, Correct Pseudo-Labels: 0, Train Data Number: 35



line 303 => train data수 35
line 258 => 인스턴스 수 5
Step 100  Tim 1:28:24
acc_train_cw(현재 train의 class별 acc) [1.0, 1.0, 1.0, 1.0, 1.0, 1.0, 1.0]
cw_psl_total_eval(pseudo label 클래스별 총 샘플 수):  [0, 0, 0, 0, 0, 0, 0]
cw_psl_correct_eval(pseudo label 클래스별 맞은 샘플 수):  [0, 0, 0, 0, 0, 0, 0]
psl_acc(PSL 평가에서의 정확도): None 
cw_psl_acc(클래스별 PSL 평가에서의 정확도):  [nan, nan, nan, nan, nan, nan, nan]
**pseudo_label ->  [0.1206, 0.1122, 0.119, 0.2872, 0.106, 0.1307, 0.1243] **
max =  0.2872 | max_idx =  3
**pseudo_label ->  [0.1382, 0.2734, 0.106, 0.1061, 0.1215, 0.1258, 0.129] **
max =  0.2734 | max_idx =  1
**pseudo_label ->  [0.1116, 0.1217, 0.1237, 0.28, 0.1043, 0.1237, 0.135] **
max =  0.28 | max_idx =  3
**pseudo_label ->  [0.1303, 0.1679, 0.1091, 0.109, 0.2511, 0.1161, 0.1163] **
max =  0.2511 | max_idx =  4
**pseudo_label ->  [0.1233, 0.2765, 0.1097, 0.1095, 0.1298, 0.1271, 0.124] **
max =  0.2765 | max_idx =  1
Epoch 21/50, Train Loss: 1.2728, Valid Loss: 1.9053, Train Acc: 1.0000, Val Acc: 0.1954, Test Acc: 0.1762, Test F1: 0.1277, Total Pseudo-Labels: 0, Correct Pseudo-Labels: 0, Train Data Number: 35



line 303 => train data수 35
line 258 => 인스턴스 수 5
Step 105  Tim 1:32:29
acc_train_cw(현재 train의 class별 acc) [1.0, 1.0, 1.0, 1.0, 1.0, 1.0, 1.0]
cw_psl_total_eval(pseudo label 클래스별 총 샘플 수):  [0, 0, 0, 0, 0, 0, 0]
cw_psl_correct_eval(pseudo label 클래스별 맞은 샘플 수):  [0, 0, 0, 0, 0, 0, 0]
psl_acc(PSL 평가에서의 정확도): None 
cw_psl_acc(클래스별 PSL 평가에서의 정확도):  [nan, nan, nan, nan, nan, nan, nan]
**pseudo_label ->  [0.1272, 0.1067, 0.1127, 0.2941, 0.1099, 0.1245, 0.125] **
max =  0.2941 | max_idx =  3
**pseudo_label ->  [0.1361, 0.2498, 0.0908, 0.1005, 0.1489, 0.1042, 0.1697] **
max =  0.2498 | max_idx =  1
**pseudo_label ->  [0.1175, 0.1145, 0.1194, 0.2909, 0.1106, 0.117, 0.13] **
max =  0.2909 | max_idx =  3
**pseudo_label ->  [0.1272, 0.1481, 0.1098, 0.1123, 0.2627, 0.1189, 0.121] **
max =  0.2627 | max_idx =  4
**pseudo_label ->  [0.1118, 0.2399, 0.0963, 0.1052, 0.1958, 0.1082, 0.1429] **
max =  0.2399 | max_idx =  1
Epoch 22/50, Train Loss: 1.2523, Valid Loss: 1.9190, Train Acc: 1.0000, Val Acc: 0.2801, Test Acc: 0.1373, Test F1: 0.1123, Total Pseudo-Labels: 0, Correct Pseudo-Labels: 0, Train Data Number: 35



line 303 => train data수 35
line 258 => 인스턴스 수 5
Step 110  Tim 1:37:20
acc_train_cw(현재 train의 class별 acc) [1.0, 1.0, 1.0, 1.0, 1.0, 1.0, 1.0]
cw_psl_total_eval(pseudo label 클래스별 총 샘플 수):  [0, 0, 0, 0, 0, 0, 0]
cw_psl_correct_eval(pseudo label 클래스별 맞은 샘플 수):  [0, 0, 0, 0, 0, 0, 0]
psl_acc(PSL 평가에서의 정확도): None 
cw_psl_acc(클래스별 PSL 평가에서의 정확도):  [nan, nan, nan, nan, nan, nan, nan]
**pseudo_label ->  [0.1391, 0.1087, 0.1095, 0.2967, 0.1064, 0.1134, 0.1262] **
max =  0.2967 | max_idx =  3
**pseudo_label ->  [0.1298, 0.2816, 0.1008, 0.0991, 0.1386, 0.1156, 0.1345] **
max =  0.2816 | max_idx =  1
**pseudo_label ->  [0.1254, 0.126, 0.1116, 0.2876, 0.106, 0.1059, 0.1374] **
max =  0.2876 | max_idx =  3
**pseudo_label ->  [0.1142, 0.1372, 0.1092, 0.1092, 0.2738, 0.1367, 0.1197] **
max =  0.2738 | max_idx =  4
**pseudo_label ->  [0.105, 0.2576, 0.101, 0.1006, 0.1878, 0.1254, 0.1226] **
max =  0.2576 | max_idx =  1
Epoch 23/50, Train Loss: 1.2325, Valid Loss: 1.9250, Train Acc: 1.0000, Val Acc: 0.2638, Test Acc: 0.1352, Test F1: 0.1175, Total Pseudo-Labels: 0, Correct Pseudo-Labels: 0, Train Data Number: 35



line 303 => train data수 35
line 258 => 인스턴스 수 5
Step 115  Tim 1:41:39
acc_train_cw(현재 train의 class별 acc) [1.0, 1.0, 1.0, 1.0, 1.0, 1.0, 1.0]
cw_psl_total_eval(pseudo label 클래스별 총 샘플 수):  [0, 0, 0, 0, 0, 0, 0]
cw_psl_correct_eval(pseudo label 클래스별 맞은 샘플 수):  [0, 0, 0, 0, 0, 0, 0]
psl_acc(PSL 평가에서의 정확도): None 
cw_psl_acc(클래스별 PSL 평가에서의 정확도):  [nan, nan, nan, nan, nan, nan, nan]
**pseudo_label ->  [0.1369, 0.1033, 0.1068, 0.3019, 0.1034, 0.1174, 0.1303] **
max =  0.3019 | max_idx =  3
**pseudo_label ->  [0.1267, 0.2876, 0.0986, 0.0982, 0.1347, 0.1213, 0.1329] **
max =  0.2876 | max_idx =  1
**pseudo_label ->  [0.1219, 0.1215, 0.115, 0.2939, 0.1046, 0.1069, 0.1362] **
max =  0.2939 | max_idx =  3
**pseudo_label ->  [0.109, 0.135, 0.1083, 0.1031, 0.2762, 0.1538, 0.1144] **
max =  0.2762 | max_idx =  4
**pseudo_label ->  [0.0927, 0.2056, 0.0924, 0.0948, 0.2054, 0.1906, 0.1186] **
max =  0.2056 | max_idx =  1
Epoch 24/50, Train Loss: 1.2142, Valid Loss: 1.9512, Train Acc: 1.0000, Val Acc: 0.2280, Test Acc: 0.1475, Test F1: 0.1284, Total Pseudo-Labels: 0, Correct Pseudo-Labels: 0, Train Data Number: 35



line 303 => train data수 35
line 258 => 인스턴스 수 5
Step 120  Tim 1:46:14
acc_train_cw(현재 train의 class별 acc) [1.0, 1.0, 1.0, 1.0, 1.0, 1.0, 1.0]
cw_psl_total_eval(pseudo label 클래스별 총 샘플 수):  [0, 0, 0, 0, 0, 0, 0]
cw_psl_correct_eval(pseudo label 클래스별 맞은 샘플 수):  [0, 0, 0, 0, 0, 0, 0]
psl_acc(PSL 평가에서의 정확도): None 
cw_psl_acc(클래스별 PSL 평가에서의 정확도):  [nan, nan, nan, nan, nan, nan, nan]
**pseudo_label ->  [0.1224, 0.104, 0.1097, 0.3074, 0.1026, 0.1294, 0.1244] **
max =  0.3074 | max_idx =  3
**pseudo_label ->  [0.1227, 0.2938, 0.0982, 0.0995, 0.1385, 0.1196, 0.1277] **
max =  0.2938 | max_idx =  1
**pseudo_label ->  [0.114, 0.1197, 0.115, 0.293, 0.0995, 0.1085, 0.1502] **
max =  0.293 | max_idx =  3
**pseudo_label ->  [0.1091, 0.1305, 0.1072, 0.1057, 0.283, 0.1455, 0.1189] **
max =  0.283 | max_idx =  4
**pseudo_label ->  [0.1011, 0.2634, 0.0953, 0.0925, 0.1879, 0.1383, 0.1216] **
max =  0.2634 | max_idx =  1
Epoch 25/50, Train Loss: 1.1975, Valid Loss: 1.9636, Train Acc: 1.0000, Val Acc: 0.2052, Test Acc: 0.1352, Test F1: 0.1189, Total Pseudo-Labels: 0, Correct Pseudo-Labels: 0, Train Data Number: 35



line 303 => train data수 35
line 258 => 인스턴스 수 5
Step 125  Tim 1:50:58
acc_train_cw(현재 train의 class별 acc) [1.0, 1.0, 1.0, 1.0, 1.0, 1.0, 1.0]
cw_psl_total_eval(pseudo label 클래스별 총 샘플 수):  [0, 0, 0, 0, 0, 0, 0]
cw_psl_correct_eval(pseudo label 클래스별 맞은 샘플 수):  [0, 0, 0, 0, 0, 0, 0]
psl_acc(PSL 평가에서의 정확도): None 
cw_psl_acc(클래스별 PSL 평가에서의 정확도):  [nan, nan, nan, nan, nan, nan, nan]
**pseudo_label ->  [0.1408, 0.1007, 0.0996, 0.3002, 0.0988, 0.1378, 0.1221] **
max =  0.3002 | max_idx =  3
**pseudo_label ->  [0.1212, 0.2997, 0.1011, 0.0994, 0.1392, 0.1191, 0.1203] **
max =  0.2997 | max_idx =  1
**pseudo_label ->  [0.1054, 0.1612, 0.1277, 0.2176, 0.0948, 0.1013, 0.1921] **
max =  0.2176 | max_idx =  3
**pseudo_label ->  [0.1158, 0.128, 0.1059, 0.1038, 0.2892, 0.1327, 0.1247] **
max =  0.2892 | max_idx =  4
**pseudo_label ->  [0.1059, 0.2779, 0.0902, 0.0964, 0.1726, 0.1329, 0.124] **
max =  0.2779 | max_idx =  1
Epoch 26/50, Train Loss: 1.1816, Valid Loss: 1.9640, Train Acc: 1.0000, Val Acc: 0.1824, Test Acc: 0.1332, Test F1: 0.1174, Total Pseudo-Labels: 0, Correct Pseudo-Labels: 0, Train Data Number: 35



line 303 => train data수 35
line 258 => 인스턴스 수 5
Step 130  Tim 1:55:14
acc_train_cw(현재 train의 class별 acc) [1.0, 1.0, 1.0, 1.0, 1.0, 1.0, 1.0]
cw_psl_total_eval(pseudo label 클래스별 총 샘플 수):  [0, 0, 0, 0, 0, 0, 0]
cw_psl_correct_eval(pseudo label 클래스별 맞은 샘플 수):  [0, 0, 0, 0, 0, 0, 0]
psl_acc(PSL 평가에서의 정확도): None 
cw_psl_acc(클래스별 PSL 평가에서의 정확도):  [nan, nan, nan, nan, nan, nan, nan]
**pseudo_label ->  [0.1278, 0.1029, 0.0994, 0.3135, 0.0997, 0.1226, 0.1341] **
max =  0.3135 | max_idx =  3
**pseudo_label ->  [0.1269, 0.307, 0.1059, 0.0983, 0.1268, 0.1184, 0.1167] **
max =  0.307 | max_idx =  1
**pseudo_label ->  [0.1041, 0.1367, 0.1233, 0.2734, 0.0921, 0.1069, 0.1634] **
max =  0.2734 | max_idx =  3
**pseudo_label ->  [0.114, 0.131, 0.1074, 0.1032, 0.2937, 0.1264, 0.1242] **
max =  0.2937 | max_idx =  4
**pseudo_label ->  [0.1063, 0.2877, 0.0934, 0.0982, 0.1675, 0.1328, 0.1141] **
max =  0.2877 | max_idx =  1
Epoch 27/50, Train Loss: 1.1655, Valid Loss: 1.9642, Train Acc: 1.0000, Val Acc: 0.1857, Test Acc: 0.1393, Test F1: 0.1232, Total Pseudo-Labels: 0, Correct Pseudo-Labels: 0, Train Data Number: 35



line 303 => train data수 35
line 258 => 인스턴스 수 5
Step 135  Tim 2:00:12
acc_train_cw(현재 train의 class별 acc) [1.0, 1.0, 1.0, 1.0, 1.0, 1.0, 1.0]
cw_psl_total_eval(pseudo label 클래스별 총 샘플 수):  [0, 0, 0, 0, 0, 0, 0]
cw_psl_correct_eval(pseudo label 클래스별 맞은 샘플 수):  [0, 0, 0, 0, 0, 0, 0]
psl_acc(PSL 평가에서의 정확도): None 
cw_psl_acc(클래스별 PSL 평가에서의 정확도):  [nan, nan, nan, nan, nan, nan, nan]
**pseudo_label ->  [0.1275, 0.0897, 0.1226, 0.2896, 0.0842, 0.164, 0.1223] **
max =  0.2896 | max_idx =  3
**pseudo_label ->  [0.1254, 0.3102, 0.1013, 0.0996, 0.125, 0.1146, 0.1239] **
max =  0.3102 | max_idx =  1
**pseudo_label ->  [0.1081, 0.1619, 0.1109, 0.2166, 0.094, 0.0978, 0.2107] **
max =  0.2166 | max_idx =  3
**pseudo_label ->  [0.1138, 0.131, 0.1074, 0.1021, 0.2985, 0.1279, 0.1193] **
max =  0.2985 | max_idx =  4
**pseudo_label ->  [0.1046, 0.286, 0.0914, 0.0938, 0.1806, 0.1268, 0.1168] **
max =  0.286 | max_idx =  1
Epoch 28/50, Train Loss: 1.1495, Valid Loss: 1.9664, Train Acc: 1.0000, Val Acc: 0.1857, Test Acc: 0.1393, Test F1: 0.1233, Total Pseudo-Labels: 0, Correct Pseudo-Labels: 0, Train Data Number: 35



line 303 => train data수 35
line 258 => 인스턴스 수 5
Step 140  Tim 2:05:13
acc_train_cw(현재 train의 class별 acc) [1.0, 1.0, 1.0, 1.0, 1.0, 1.0, 1.0]
cw_psl_total_eval(pseudo label 클래스별 총 샘플 수):  [0, 0, 0, 0, 0, 0, 0]
cw_psl_correct_eval(pseudo label 클래스별 맞은 샘플 수):  [0, 0, 0, 0, 0, 0, 0]
psl_acc(PSL 평가에서의 정확도): None 
cw_psl_acc(클래스별 PSL 평가에서의 정확도):  [nan, nan, nan, nan, nan, nan, nan]
**pseudo_label ->  [0.1321, 0.0925, 0.1077, 0.3205, 0.094, 0.1338, 0.1194] **
max =  0.3205 | max_idx =  3
**pseudo_label ->  [0.1256, 0.315, 0.1047, 0.1045, 0.1199, 0.1102, 0.1201] **
max =  0.315 | max_idx =  1
**pseudo_label ->  [0.1093, 0.1321, 0.1246, 0.2828, 0.0867, 0.0998, 0.1647] **
max =  0.2828 | max_idx =  3
**pseudo_label ->  [0.113, 0.132, 0.1034, 0.1021, 0.3039, 0.1275, 0.1182] **
max =  0.3039 | max_idx =  4
**pseudo_label ->  [0.1145, 0.3133, 0.0962, 0.0973, 0.1395, 0.1221, 0.1171] **
max =  0.3133 | max_idx =  1
Epoch 29/50, Train Loss: 1.1339, Valid Loss: 1.9721, Train Acc: 1.0000, Val Acc: 0.1889, Test Acc: 0.1393, Test F1: 0.1232, Total Pseudo-Labels: 0, Correct Pseudo-Labels: 0, Train Data Number: 35



line 303 => train data수 35
line 258 => 인스턴스 수 5
Step 145  Tim 2:10:25
acc_train_cw(현재 train의 class별 acc) [1.0, 1.0, 1.0, 1.0, 1.0, 1.0, 1.0]
cw_psl_total_eval(pseudo label 클래스별 총 샘플 수):  [0, 0, 0, 0, 0, 0, 0]
cw_psl_correct_eval(pseudo label 클래스별 맞은 샘플 수):  [0, 0, 0, 0, 0, 0, 0]
psl_acc(PSL 평가에서의 정확도): None 
cw_psl_acc(클래스별 PSL 평가에서의 정확도):  [nan, nan, nan, nan, nan, nan, nan]
**pseudo_label ->  [0.1274, 0.0878, 0.106, 0.3025, 0.0901, 0.1654, 0.1208] **
max =  0.3025 | max_idx =  3
**pseudo_label ->  [0.126, 0.3204, 0.0981, 0.0945, 0.129, 0.1117, 0.1203] **
max =  0.3204 | max_idx =  1
**pseudo_label ->  [0.1079, 0.1333, 0.1081, 0.2851, 0.0937, 0.097, 0.175] **
max =  0.2851 | max_idx =  3
**pseudo_label ->  [0.1127, 0.1282, 0.105, 0.1008, 0.3078, 0.1311, 0.1146] **
max =  0.3078 | max_idx =  4
**pseudo_label ->  [0.1116, 0.3093, 0.0903, 0.0922, 0.1587, 0.1179, 0.12] **
max =  0.3093 | max_idx =  1
Epoch 30/50, Train Loss: 1.1186, Valid Loss: 1.9803, Train Acc: 1.0000, Val Acc: 0.1857, Test Acc: 0.1373, Test F1: 0.1196, Total Pseudo-Labels: 0, Correct Pseudo-Labels: 0, Train Data Number: 35



line 303 => train data수 35
line 258 => 인스턴스 수 5
Step 150  Tim 2:15:36
acc_train_cw(현재 train의 class별 acc) [1.0, 1.0, 1.0, 1.0, 1.0, 1.0, 1.0]
cw_psl_total_eval(pseudo label 클래스별 총 샘플 수):  [0, 0, 0, 0, 0, 0, 0]
cw_psl_correct_eval(pseudo label 클래스별 맞은 샘플 수):  [0, 0, 0, 0, 0, 0, 0]
psl_acc(PSL 평가에서의 정확도): None 
cw_psl_acc(클래스별 PSL 평가에서의 정확도):  [nan, nan, nan, nan, nan, nan, nan]
**pseudo_label ->  [0.1326, 0.0955, 0.0969, 0.3318, 0.0972, 0.1193, 0.1267] **
max =  0.3318 | max_idx =  3
**pseudo_label ->  [0.121, 0.3255, 0.097, 0.0958, 0.1304, 0.1097, 0.1207] **
max =  0.3255 | max_idx =  1
**pseudo_label ->  [0.1101, 0.1193, 0.1134, 0.3086, 0.0919, 0.0959, 0.1607] **
max =  0.3086 | max_idx =  3
**pseudo_label ->  [0.1158, 0.1241, 0.1053, 0.0999, 0.3118, 0.1277, 0.1153] **
max =  0.3118 | max_idx =  4
**pseudo_label ->  [0.1109, 0.3136, 0.0898, 0.0928, 0.1614, 0.1193, 0.1123] **
max =  0.3136 | max_idx =  1
Epoch 31/50, Train Loss: 1.1039, Valid Loss: 1.9746, Train Acc: 1.0000, Val Acc: 0.1857, Test Acc: 0.1414, Test F1: 0.1226, Total Pseudo-Labels: 0, Correct Pseudo-Labels: 0, Train Data Number: 35



line 303 => train data수 35
line 258 => 인스턴스 수 5
Step 155  Tim 2:20:33
acc_train_cw(현재 train의 class별 acc) [1.0, 1.0, 1.0, 1.0, 1.0, 1.0, 1.0]
cw_psl_total_eval(pseudo label 클래스별 총 샘플 수):  [0, 0, 0, 0, 0, 0, 0]
cw_psl_correct_eval(pseudo label 클래스별 맞은 샘플 수):  [0, 0, 0, 0, 0, 0, 0]
psl_acc(PSL 평가에서의 정확도): None 
cw_psl_acc(클래스별 PSL 평가에서의 정확도):  [nan, nan, nan, nan, nan, nan, nan]
**pseudo_label ->  [0.1193, 0.0983, 0.102, 0.3429, 0.0951, 0.1151, 0.1273] **
max =  0.3429 | max_idx =  3
**pseudo_label ->  [0.1264, 0.3299, 0.0973, 0.0992, 0.12, 0.1105, 0.1167] **
max =  0.3299 | max_idx =  1
**pseudo_label ->  [0.1029, 0.1374, 0.1012, 0.2872, 0.0934, 0.0992, 0.1786] **
max =  0.2872 | max_idx =  3
**pseudo_label ->  [0.1111, 0.125, 0.1039, 0.1009, 0.3182, 0.125, 0.1159] **
max =  0.3182 | max_idx =  4
**pseudo_label ->  [0.1125, 0.3211, 0.0909, 0.0925, 0.1563, 0.1147, 0.1121] **
max =  0.3211 | max_idx =  1
Epoch 32/50, Train Loss: 1.0889, Valid Loss: 1.9645, Train Acc: 1.0000, Val Acc: 0.1889, Test Acc: 0.1434, Test F1: 0.1260, Total Pseudo-Labels: 0, Correct Pseudo-Labels: 0, Train Data Number: 35



line 303 => train data수 35
line 258 => 인스턴스 수 5
Step 160  Tim 2:26:08
acc_train_cw(현재 train의 class별 acc) [1.0, 1.0, 1.0, 1.0, 1.0, 1.0, 1.0]
cw_psl_total_eval(pseudo label 클래스별 총 샘플 수):  [0, 0, 0, 0, 0, 0, 0]
cw_psl_correct_eval(pseudo label 클래스별 맞은 샘플 수):  [0, 0, 0, 0, 0, 0, 0]
psl_acc(PSL 평가에서의 정확도): None 
cw_psl_acc(클래스별 PSL 평가에서의 정확도):  [nan, nan, nan, nan, nan, nan, nan]
**pseudo_label ->  [0.1333, 0.0766, 0.1109, 0.2488, 0.088, 0.2136, 0.1289] **
max =  0.2488 | max_idx =  3
**pseudo_label ->  [0.1228, 0.3349, 0.0996, 0.0976, 0.1139, 0.1139, 0.1173] **
max =  0.3349 | max_idx =  1
**pseudo_label ->  [0.0985, 0.189, 0.1671, 0.191, 0.0778, 0.1064, 0.1702] **
max =  0.191 | max_idx =  3
**pseudo_label ->  [0.1126, 0.125, 0.1015, 0.1006, 0.3225, 0.1214, 0.1164] **
max =  0.3225 | max_idx =  4
**pseudo_label ->  [0.1042, 0.2969, 0.0815, 0.0912, 0.1934, 0.1162, 0.1166] **
max =  0.2969 | max_idx =  1
Epoch 33/50, Train Loss: 1.0739, Valid Loss: 1.9731, Train Acc: 1.0000, Val Acc: 0.2020, Test Acc: 0.1455, Test F1: 0.1270, Total Pseudo-Labels: 0, Correct Pseudo-Labels: 0, Train Data Number: 35



line 303 => train data수 35
line 258 => 인스턴스 수 5
Step 165  Tim 2:30:41
acc_train_cw(현재 train의 class별 acc) [1.0, 1.0, 1.0, 1.0, 1.0, 1.0, 1.0]
cw_psl_total_eval(pseudo label 클래스별 총 샘플 수):  [0, 0, 0, 0, 0, 0, 0]
cw_psl_correct_eval(pseudo label 클래스별 맞은 샘플 수):  [0, 0, 0, 0, 0, 0, 0]
psl_acc(PSL 평가에서의 정확도): None 
cw_psl_acc(클래스별 PSL 평가에서의 정확도):  [nan, nan, nan, nan, nan, nan, nan]
**pseudo_label ->  [0.1269, 0.0931, 0.1022, 0.3516, 0.0942, 0.1081, 0.1238] **
max =  0.3516 | max_idx =  3
**pseudo_label ->  [0.125, 0.3389, 0.0946, 0.0944, 0.1164, 0.1081, 0.1225] **
max =  0.3389 | max_idx =  1
**pseudo_label ->  [0.1004, 0.156, 0.1112, 0.2764, 0.0845, 0.1045, 0.167] **
max =  0.2764 | max_idx =  3
**pseudo_label ->  [0.1158, 0.1235, 0.0992, 0.1018, 0.3258, 0.1219, 0.1121] **
max =  0.3258 | max_idx =  4
**pseudo_label ->  [0.1033, 0.303, 0.0819, 0.0904, 0.1921, 0.1217, 0.1076] **
max =  0.303 | max_idx =  1
Epoch 34/50, Train Loss: 1.0594, Valid Loss: 1.9788, Train Acc: 1.0000, Val Acc: 0.1922, Test Acc: 0.1414, Test F1: 0.1246, Total Pseudo-Labels: 0, Correct Pseudo-Labels: 0, Train Data Number: 35



line 303 => train data수 35
line 258 => 인스턴스 수 5
Step 170  Tim 2:36:23
acc_train_cw(현재 train의 class별 acc) [1.0, 1.0, 1.0, 1.0, 1.0, 1.0, 1.0]
cw_psl_total_eval(pseudo label 클래스별 총 샘플 수):  [0, 0, 0, 0, 0, 0, 0]
cw_psl_correct_eval(pseudo label 클래스별 맞은 샘플 수):  [0, 0, 0, 0, 0, 0, 0]
psl_acc(PSL 평가에서의 정확도): None 
cw_psl_acc(클래스별 PSL 평가에서의 정확도):  [nan, nan, nan, nan, nan, nan, nan]
**pseudo_label ->  [0.1656, 0.0878, 0.089, 0.327, 0.0914, 0.1038, 0.1353] **
max =  0.327 | max_idx =  3
**pseudo_label ->  [0.1193, 0.3463, 0.0961, 0.0956, 0.1215, 0.107, 0.1143] **
max =  0.3463 | max_idx =  1
**pseudo_label ->  [0.104, 0.1318, 0.1062, 0.3194, 0.0917, 0.0912, 0.1558] **
max =  0.3194 | max_idx =  3
**pseudo_label ->  [0.1081, 0.1215, 0.1023, 0.1, 0.3319, 0.1267, 0.1094] **
max =  0.3319 | max_idx =  4
**pseudo_label ->  [0.0896, 0.2087, 0.0839, 0.0884, 0.2858, 0.1318, 0.1119] **
max =  0.2858 | max_idx =  4
Epoch 35/50, Train Loss: 1.0455, Valid Loss: 1.9687, Train Acc: 1.0000, Val Acc: 0.1954, Test Acc: 0.1434, Test F1: 0.1259, Total Pseudo-Labels: 0, Correct Pseudo-Labels: 0, Train Data Number: 35



line 303 => train data수 35
line 258 => 인스턴스 수 5
Step 175  Tim 2:40:54
acc_train_cw(현재 train의 class별 acc) [1.0, 1.0, 1.0, 1.0, 1.0, 1.0, 1.0]
cw_psl_total_eval(pseudo label 클래스별 총 샘플 수):  [0, 0, 0, 0, 0, 0, 0]
cw_psl_correct_eval(pseudo label 클래스별 맞은 샘플 수):  [0, 0, 0, 0, 0, 0, 0]
psl_acc(PSL 평가에서의 정확도): None 
cw_psl_acc(클래스별 PSL 평가에서의 정확도):  [nan, nan, nan, nan, nan, nan, nan]
**pseudo_label ->  [0.1257, 0.0951, 0.0969, 0.3618, 0.0942, 0.1079, 0.1185] **
max =  0.3618 | max_idx =  3
**pseudo_label ->  [0.1229, 0.3523, 0.0977, 0.0946, 0.1144, 0.1064, 0.1117] **
max =  0.3523 | max_idx =  1
**pseudo_label ->  [0.0975, 0.2643, 0.1381, 0.1367, 0.0807, 0.1228, 0.1599] **
max =  0.2643 | max_idx =  1
**pseudo_label ->  [0.1079, 0.1213, 0.1028, 0.0998, 0.337, 0.1223, 0.109] **
max =  0.337 | max_idx =  4
**pseudo_label ->  [0.0957, 0.3132, 0.0848, 0.0836, 0.1887, 0.1204, 0.1137] **
max =  0.3132 | max_idx =  1
Epoch 36/50, Train Loss: 1.0312, Valid Loss: 1.9698, Train Acc: 1.0000, Val Acc: 0.2020, Test Acc: 0.1434, Test F1: 0.1256, Total Pseudo-Labels: 0, Correct Pseudo-Labels: 0, Train Data Number: 35



line 303 => train data수 35
line 258 => 인스턴스 수 5
Step 180  Tim 2:46:36
acc_train_cw(현재 train의 class별 acc) [1.0, 1.0, 1.0, 1.0, 1.0, 1.0, 1.0]
cw_psl_total_eval(pseudo label 클래스별 총 샘플 수):  [0, 0, 0, 0, 0, 0, 0]
cw_psl_correct_eval(pseudo label 클래스별 맞은 샘플 수):  [0, 0, 0, 0, 0, 0, 0]
psl_acc(PSL 평가에서의 정확도): None 
cw_psl_acc(클래스별 PSL 평가에서의 정확도):  [nan, nan, nan, nan, nan, nan, nan]
**pseudo_label ->  [0.1238, 0.0862, 0.1, 0.3378, 0.0835, 0.1591, 0.1097] **
max =  0.3378 | max_idx =  3
**pseudo_label ->  [0.1226, 0.3571, 0.0976, 0.0927, 0.1126, 0.1053, 0.112] **
max =  0.3571 | max_idx =  1
**pseudo_label ->  [0.1019, 0.1132, 0.112, 0.3569, 0.0886, 0.1006, 0.1268] **
max =  0.3569 | max_idx =  3
**pseudo_label ->  [0.1094, 0.1184, 0.1033, 0.0994, 0.3414, 0.1214, 0.1068] **
max =  0.3414 | max_idx =  4
**pseudo_label ->  [0.1124, 0.3558, 0.093, 0.0937, 0.1239, 0.1075, 0.1137] **
max =  0.3558 | max_idx =  1
Epoch 37/50, Train Loss: 1.0170, Valid Loss: 1.9807, Train Acc: 1.0000, Val Acc: 0.2020, Test Acc: 0.1455, Test F1: 0.1267, Total Pseudo-Labels: 0, Correct Pseudo-Labels: 0, Train Data Number: 35



line 303 => train data수 35
line 258 => 인스턴스 수 5
Step 185  Tim 2:51:37
acc_train_cw(현재 train의 class별 acc) [1.0, 1.0, 1.0, 1.0, 1.0, 1.0, 1.0]
cw_psl_total_eval(pseudo label 클래스별 총 샘플 수):  [0, 0, 0, 0, 0, 0, 0]
cw_psl_correct_eval(pseudo label 클래스별 맞은 샘플 수):  [0, 0, 0, 0, 0, 0, 0]
psl_acc(PSL 평가에서의 정확도): None 
cw_psl_acc(클래스별 PSL 평가에서의 정확도):  [nan, nan, nan, nan, nan, nan, nan]
**pseudo_label ->  [0.2802, 0.0967, 0.0721, 0.1478, 0.1178, 0.1565, 0.1289] **
max =  0.2802 | max_idx =  0
**pseudo_label ->  [0.1222, 0.3624, 0.0916, 0.091, 0.1211, 0.1017, 0.1101] **
max =  0.3624 | max_idx =  1
**pseudo_label ->  [0.0957, 0.1583, 0.1248, 0.2944, 0.0803, 0.0928, 0.1537] **
max =  0.2944 | max_idx =  3
**pseudo_label ->  [0.1091, 0.1211, 0.0978, 0.095, 0.3477, 0.1199, 0.1094] **
max =  0.3477 | max_idx =  4
**pseudo_label ->  [0.1005, 0.3329, 0.0818, 0.086, 0.1783, 0.1094, 0.1111] **
max =  0.3329 | max_idx =  1
Epoch 38/50, Train Loss: 1.0033, Valid Loss: 1.9851, Train Acc: 1.0000, Val Acc: 0.2052, Test Acc: 0.1434, Test F1: 0.1254, Total Pseudo-Labels: 0, Correct Pseudo-Labels: 0, Train Data Number: 35



line 303 => train data수 35
line 258 => 인스턴스 수 5
Step 190  Tim 2:56:46
acc_train_cw(현재 train의 class별 acc) [1.0, 1.0, 1.0, 1.0, 1.0, 1.0, 1.0]
cw_psl_total_eval(pseudo label 클래스별 총 샘플 수):  [0, 0, 0, 0, 0, 0, 0]
cw_psl_correct_eval(pseudo label 클래스별 맞은 샘플 수):  [0, 0, 0, 0, 0, 0, 0]
psl_acc(PSL 평가에서의 정확도): None 
cw_psl_acc(클래스별 PSL 평가에서의 정확도):  [nan, nan, nan, nan, nan, nan, nan]
**pseudo_label ->  [0.1238, 0.0912, 0.0912, 0.3757, 0.0913, 0.1084, 0.1184] **
max =  0.3757 | max_idx =  3
**pseudo_label ->  [0.1207, 0.3666, 0.089, 0.089, 0.1198, 0.1056, 0.1093] **
max =  0.3666 | max_idx =  1
**pseudo_label ->  [0.0975, 0.291, 0.1114, 0.155, 0.0838, 0.1092, 0.1521] **
max =  0.291 | max_idx =  1
**pseudo_label ->  [0.1088, 0.1183, 0.0993, 0.0982, 0.352, 0.1148, 0.1086] **
max =  0.352 | max_idx =  4
**pseudo_label ->  [0.0972, 0.312, 0.08, 0.0817, 0.209, 0.1097, 0.1103] **
max =  0.312 | max_idx =  1
Epoch 39/50, Train Loss: 0.9895, Valid Loss: 1.9809, Train Acc: 1.0000, Val Acc: 0.2052, Test Acc: 0.1475, Test F1: 0.1286, Total Pseudo-Labels: 0, Correct Pseudo-Labels: 0, Train Data Number: 35



line 303 => train data수 35
line 258 => 인스턴스 수 5
Step 195  Tim 3:02:20
acc_train_cw(현재 train의 class별 acc) [1.0, 1.0, 1.0, 1.0, 1.0, 1.0, 1.0]
cw_psl_total_eval(pseudo label 클래스별 총 샘플 수):  [0, 0, 0, 0, 0, 0, 0]
cw_psl_correct_eval(pseudo label 클래스별 맞은 샘플 수):  [0, 0, 0, 0, 0, 0, 0]
psl_acc(PSL 평가에서의 정확도): None 
cw_psl_acc(클래스별 PSL 평가에서의 정확도):  [nan, nan, nan, nan, nan, nan, nan]
**pseudo_label ->  [0.1204, 0.0822, 0.09, 0.362, 0.0849, 0.1435, 0.117] **
max =  0.362 | max_idx =  3
**pseudo_label ->  [0.123, 0.372, 0.0932, 0.093, 0.1084, 0.1018, 0.1086] **
max =  0.372 | max_idx =  1
**pseudo_label ->  [0.0946, 0.1396, 0.1052, 0.3355, 0.0863, 0.0918, 0.147] **
max =  0.3355 | max_idx =  3
**pseudo_label ->  [0.1066, 0.1195, 0.0965, 0.0975, 0.3565, 0.1179, 0.1055] **
max =  0.3565 | max_idx =  4
**pseudo_label ->  [0.0982, 0.3404, 0.0791, 0.0836, 0.1766, 0.1127, 0.1094] **
max =  0.3404 | max_idx =  1
Epoch 40/50, Train Loss: 0.9762, Valid Loss: 1.9808, Train Acc: 1.0000, Val Acc: 0.2150, Test Acc: 0.1414, Test F1: 0.1241, Total Pseudo-Labels: 0, Correct Pseudo-Labels: 0, Train Data Number: 35



line 303 => train data수 35
line 258 => 인스턴스 수 5
Step 200  Tim 3:06:55
acc_train_cw(현재 train의 class별 acc) [1.0, 1.0, 1.0, 1.0, 1.0, 1.0, 1.0]
cw_psl_total_eval(pseudo label 클래스별 총 샘플 수):  [0, 0, 0, 0, 0, 0, 0]
cw_psl_correct_eval(pseudo label 클래스별 맞은 샘플 수):  [0, 0, 0, 0, 0, 0, 0]
psl_acc(PSL 평가에서의 정확도): None 
cw_psl_acc(클래스별 PSL 평가에서의 정확도):  [nan, nan, nan, nan, nan, nan, nan]
**pseudo_label ->  [0.1148, 0.0891, 0.0961, 0.3899, 0.0893, 0.106, 0.1148] **
max =  0.3899 | max_idx =  3
**pseudo_label ->  [0.1112, 0.3754, 0.0896, 0.0891, 0.1161, 0.1034, 0.1152] **
max =  0.3754 | max_idx =  1
**pseudo_label ->  [0.0996, 0.1586, 0.1012, 0.316, 0.0794, 0.0887, 0.1564] **
max =  0.316 | max_idx =  3
**pseudo_label ->  [0.1106, 0.1128, 0.1, 0.0928, 0.3606, 0.1186, 0.1045] **
max =  0.3606 | max_idx =  4
**pseudo_label ->  [0.0903, 0.3195, 0.0794, 0.0865, 0.2068, 0.1143, 0.1033] **
max =  0.3195 | max_idx =  1
Epoch 41/50, Train Loss: 0.9627, Valid Loss: 1.9859, Train Acc: 1.0000, Val Acc: 0.2117, Test Acc: 0.1455, Test F1: 0.1266, Total Pseudo-Labels: 0, Correct Pseudo-Labels: 0, Train Data Number: 35



line 303 => train data수 35
line 258 => 인스턴스 수 5
Step 205  Tim 3:12:36
acc_train_cw(현재 train의 class별 acc) [1.0, 1.0, 1.0, 1.0, 1.0, 1.0, 1.0]
cw_psl_total_eval(pseudo label 클래스별 총 샘플 수):  [0, 0, 0, 0, 0, 0, 0]
cw_psl_correct_eval(pseudo label 클래스별 맞은 샘플 수):  [0, 0, 0, 0, 0, 0, 0]
psl_acc(PSL 평가에서의 정확도): None 
cw_psl_acc(클래스별 PSL 평가에서의 정확도):  [nan, nan, nan, nan, nan, nan, nan]
**pseudo_label ->  [0.1555, 0.0828, 0.0833, 0.3511, 0.0768, 0.1258, 0.1246] **
max =  0.3511 | max_idx =  3
**pseudo_label ->  [0.1149, 0.3817, 0.0894, 0.0888, 0.1198, 0.0953, 0.1101] **
max =  0.3817 | max_idx =  1
**pseudo_label ->  [0.1034, 0.1013, 0.1044, 0.3917, 0.0889, 0.0964, 0.1138] **
max =  0.3917 | max_idx =  3
**pseudo_label ->  [0.1092, 0.1112, 0.0968, 0.0978, 0.3653, 0.1167, 0.1029] **
max =  0.3653 | max_idx =  4
**pseudo_label ->  [0.0974, 0.3651, 0.0825, 0.0862, 0.1576, 0.1061, 0.1051] **
max =  0.3651 | max_idx =  1
Epoch 42/50, Train Loss: 0.9496, Valid Loss: 1.9872, Train Acc: 1.0000, Val Acc: 0.2085, Test Acc: 0.1455, Test F1: 0.1269, Total Pseudo-Labels: 0, Correct Pseudo-Labels: 0, Train Data Number: 35



line 303 => train data수 35
line 258 => 인스턴스 수 5
Step 210  Tim 3:17:06
acc_train_cw(현재 train의 class별 acc) [1.0, 1.0, 1.0, 1.0, 1.0, 1.0, 1.0]
cw_psl_total_eval(pseudo label 클래스별 총 샘플 수):  [0, 0, 0, 0, 0, 0, 0]
cw_psl_correct_eval(pseudo label 클래스별 맞은 샘플 수):  [0, 0, 0, 0, 0, 0, 0]
psl_acc(PSL 평가에서의 정확도): None 
cw_psl_acc(클래스별 PSL 평가에서의 정확도):  [nan, nan, nan, nan, nan, nan, nan]
**pseudo_label ->  [0.1113, 0.0867, 0.0944, 0.3995, 0.0898, 0.1122, 0.1061] **
max =  0.3995 | max_idx =  3
**pseudo_label ->  [0.1171, 0.3875, 0.0899, 0.0904, 0.1095, 0.0964, 0.1091] **
max =  0.3875 | max_idx =  1
**pseudo_label ->  [0.0976, 0.11, 0.1015, 0.391, 0.0841, 0.1003, 0.1156] **
max =  0.391 | max_idx =  3
**pseudo_label ->  [0.1035, 0.1173, 0.0962, 0.09, 0.373, 0.1163, 0.1037] **
max =  0.373 | max_idx =  4
**pseudo_label ->  [0.0996, 0.3707, 0.0808, 0.0842, 0.1569, 0.1032, 0.1045] **
max =  0.3707 | max_idx =  1
Epoch 43/50, Train Loss: 0.9367, Valid Loss: 1.9873, Train Acc: 1.0000, Val Acc: 0.2085, Test Acc: 0.1455, Test F1: 0.1267, Total Pseudo-Labels: 0, Correct Pseudo-Labels: 0, Train Data Number: 35



line 303 => train data수 35
line 258 => 인스턴스 수 5
Step 215  Tim 3:22:50
acc_train_cw(현재 train의 class별 acc) [1.0, 1.0, 1.0, 1.0, 1.0, 1.0, 1.0]
cw_psl_total_eval(pseudo label 클래스별 총 샘플 수):  [0, 0, 0, 0, 0, 0, 0]
cw_psl_correct_eval(pseudo label 클래스별 맞은 샘플 수):  [0, 0, 0, 0, 0, 0, 0]
psl_acc(PSL 평가에서의 정확도): None 
cw_psl_acc(클래스별 PSL 평가에서의 정확도):  [nan, nan, nan, nan, nan, nan, nan]
**pseudo_label ->  [0.1158, 0.09, 0.0911, 0.4048, 0.0852, 0.1045, 0.1086] **
max =  0.4048 | max_idx =  3
**pseudo_label ->  [0.1175, 0.393, 0.0874, 0.0874, 0.11, 0.0998, 0.1048] **
max =  0.393 | max_idx =  1
**pseudo_label ->  [0.0957, 0.115, 0.1075, 0.3884, 0.0802, 0.0965, 0.1166] **
max =  0.3884 | max_idx =  3
**pseudo_label ->  [0.1049, 0.1146, 0.096, 0.0921, 0.3769, 0.1129, 0.1026] **
max =  0.3769 | max_idx =  4
**pseudo_label ->  [0.0994, 0.3851, 0.0838, 0.0857, 0.1392, 0.1017, 0.1051] **
max =  0.3851 | max_idx =  1
Epoch 44/50, Train Loss: 0.9234, Valid Loss: 1.9956, Train Acc: 1.0000, Val Acc: 0.2215, Test Acc: 0.1496, Test F1: 0.1295, Total Pseudo-Labels: 0, Correct Pseudo-Labels: 0, Train Data Number: 35



line 303 => train data수 35
line 258 => 인스턴스 수 5
Step 220  Tim 3:27:47
acc_train_cw(현재 train의 class별 acc) [1.0, 1.0, 1.0, 1.0, 1.0, 1.0, 1.0]
cw_psl_total_eval(pseudo label 클래스별 총 샘플 수):  [0, 0, 0, 0, 0, 0, 0]
cw_psl_correct_eval(pseudo label 클래스별 맞은 샘플 수):  [0, 0, 0, 0, 0, 0, 0]
psl_acc(PSL 평가에서의 정확도): None 
cw_psl_acc(클래스별 PSL 평가에서의 정확도):  [nan, nan, nan, nan, nan, nan, nan]
**pseudo_label ->  [0.1202, 0.0853, 0.0817, 0.392, 0.0826, 0.1003, 0.1379] **
max =  0.392 | max_idx =  3
**pseudo_label ->  [0.1136, 0.3983, 0.0875, 0.0833, 0.1128, 0.0967, 0.1078] **
max =  0.3983 | max_idx =  1
**pseudo_label ->  [0.0934, 0.1288, 0.1053, 0.3623, 0.0804, 0.0825, 0.1471] **
max =  0.3623 | max_idx =  3
**pseudo_label ->  [0.1061, 0.1115, 0.0948, 0.0944, 0.3808, 0.1081, 0.1042] **
max =  0.3808 | max_idx =  4
**pseudo_label ->  [0.0985, 0.3801, 0.0777, 0.0813, 0.1551, 0.1059, 0.1014] **
max =  0.3801 | max_idx =  1
Epoch 45/50, Train Loss: 0.9106, Valid Loss: 2.0040, Train Acc: 1.0000, Val Acc: 0.2182, Test Acc: 0.1475, Test F1: 0.1284, Total Pseudo-Labels: 0, Correct Pseudo-Labels: 0, Train Data Number: 35



line 303 => train data수 35
line 258 => 인스턴스 수 5
Step 225  Tim 3:33:01
acc_train_cw(현재 train의 class별 acc) [1.0, 1.0, 1.0, 1.0, 1.0, 1.0, 1.0]
cw_psl_total_eval(pseudo label 클래스별 총 샘플 수):  [0, 0, 0, 0, 0, 0, 0]
cw_psl_correct_eval(pseudo label 클래스별 맞은 샘플 수):  [0, 0, 0, 0, 0, 0, 0]
psl_acc(PSL 평가에서의 정확도): None 
cw_psl_acc(클래스별 PSL 평가에서의 정확도):  [nan, nan, nan, nan, nan, nan, nan]
**pseudo_label ->  [0.1108, 0.0885, 0.0889, 0.4151, 0.0846, 0.1025, 0.1096] **
max =  0.4151 | max_idx =  3
**pseudo_label ->  [0.112, 0.403, 0.0849, 0.0873, 0.1101, 0.0968, 0.1061] **
max =  0.403 | max_idx =  1
**pseudo_label ->  [0.0903, 0.1865, 0.1093, 0.2823, 0.0741, 0.0856, 0.1719] **
max =  0.2823 | max_idx =  3
**pseudo_label ->  [0.1044, 0.1128, 0.0956, 0.0911, 0.3858, 0.1123, 0.0981] **
max =  0.3858 | max_idx =  4
**pseudo_label ->  [0.0988, 0.3987, 0.0855, 0.0819, 0.1305, 0.1008, 0.1038] **
max =  0.3987 | max_idx =  1
Epoch 46/50, Train Loss: 0.8985, Valid Loss: 1.9957, Train Acc: 1.0000, Val Acc: 0.2150, Test Acc: 0.1475, Test F1: 0.1264, Total Pseudo-Labels: 0, Correct Pseudo-Labels: 0, Train Data Number: 35



line 303 => train data수 35
line 258 => 인스턴스 수 5
Step 230  Tim 3:38:34
acc_train_cw(현재 train의 class별 acc) [1.0, 1.0, 1.0, 1.0, 1.0, 1.0, 1.0]
cw_psl_total_eval(pseudo label 클래스별 총 샘플 수):  [0, 0, 0, 0, 0, 0, 0]
cw_psl_correct_eval(pseudo label 클래스별 맞은 샘플 수):  [0, 0, 0, 0, 0, 0, 0]
psl_acc(PSL 평가에서의 정확도): None 
cw_psl_acc(클래스별 PSL 평가에서의 정확도):  [nan, nan, nan, nan, nan, nan, nan]
**pseudo_label ->  [0.1079, 0.0883, 0.0853, 0.4183, 0.0852, 0.1023, 0.1127] **
max =  0.4183 | max_idx =  3
**pseudo_label ->  [0.1151, 0.4069, 0.0852, 0.0895, 0.1019, 0.0931, 0.1083] **
max =  0.4069 | max_idx =  1
**pseudo_label ->  [0.088, 0.1943, 0.1172, 0.2762, 0.0657, 0.0954, 0.1632] **
max =  0.2762 | max_idx =  3
**pseudo_label ->  [0.1048, 0.1081, 0.0991, 0.0912, 0.3901, 0.1077, 0.099] **
max =  0.3901 | max_idx =  4
**pseudo_label ->  [0.0953, 0.3961, 0.0781, 0.0824, 0.1418, 0.0996, 0.1068] **
max =  0.3961 | max_idx =  1
Epoch 47/50, Train Loss: 0.8858, Valid Loss: 1.9975, Train Acc: 1.0000, Val Acc: 0.2215, Test Acc: 0.1496, Test F1: 0.1297, Total Pseudo-Labels: 0, Correct Pseudo-Labels: 0, Train Data Number: 35



line 303 => train data수 35
line 258 => 인스턴스 수 5
Step 235  Tim 3:43:11
acc_train_cw(현재 train의 class별 acc) [1.0, 1.0, 1.0, 1.0, 1.0, 1.0, 1.0]
cw_psl_total_eval(pseudo label 클래스별 총 샘플 수):  [0, 0, 0, 0, 0, 0, 0]
cw_psl_correct_eval(pseudo label 클래스별 맞은 샘플 수):  [0, 0, 0, 0, 0, 0, 0]
psl_acc(PSL 평가에서의 정확도): None 
cw_psl_acc(클래스별 PSL 평가에서의 정확도):  [nan, nan, nan, nan, nan, nan, nan]
**pseudo_label ->  [0.1092, 0.0862, 0.0913, 0.4251, 0.0818, 0.0971, 0.1093] **
max =  0.4251 | max_idx =  3
**pseudo_label ->  [0.1139, 0.4138, 0.0897, 0.0876, 0.1037, 0.092, 0.0993] **
max =  0.4138 | max_idx =  1
**pseudo_label ->  [0.0895, 0.1215, 0.1004, 0.3933, 0.0773, 0.0866, 0.1313] **
max =  0.3933 | max_idx =  3
**pseudo_label ->  [0.1047, 0.1054, 0.0938, 0.0906, 0.3959, 0.1097, 0.0999] **
max =  0.3959 | max_idx =  4
**pseudo_label ->  [0.0963, 0.4069, 0.0819, 0.0824, 0.1335, 0.0981, 0.1009] **
max =  0.4069 | max_idx =  1
Epoch 48/50, Train Loss: 0.8733, Valid Loss: 2.0080, Train Acc: 1.0000, Val Acc: 0.2215, Test Acc: 0.1516, Test F1: 0.1311, Total Pseudo-Labels: 0, Correct Pseudo-Labels: 0, Train Data Number: 35



line 303 => train data수 35
line 258 => 인스턴스 수 5
Step 240  Tim 3:48:51
acc_train_cw(현재 train의 class별 acc) [1.0, 1.0, 1.0, 1.0, 1.0, 1.0, 1.0]
cw_psl_total_eval(pseudo label 클래스별 총 샘플 수):  [0, 0, 0, 0, 0, 0, 0]
cw_psl_correct_eval(pseudo label 클래스별 맞은 샘플 수):  [0, 0, 0, 0, 0, 0, 0]
psl_acc(PSL 평가에서의 정확도): None 
cw_psl_acc(클래스별 PSL 평가에서의 정확도):  [nan, nan, nan, nan, nan, nan, nan]
**pseudo_label ->  [0.1027, 0.0738, 0.0845, 0.3261, 0.0755, 0.2269, 0.1105] **
max =  0.3261 | max_idx =  3
**pseudo_label ->  [0.1081, 0.4199, 0.0882, 0.0848, 0.1058, 0.0929, 0.1003] **
max =  0.4199 | max_idx =  1
**pseudo_label ->  [0.0877, 0.2698, 0.1024, 0.2056, 0.0687, 0.1004, 0.1653] **
max =  0.2698 | max_idx =  1
**pseudo_label ->  [0.1058, 0.1109, 0.0881, 0.0898, 0.4013, 0.1047, 0.0995] **
max =  0.4013 | max_idx =  4
**pseudo_label ->  [0.0967, 0.4082, 0.0761, 0.0812, 0.1373, 0.1013, 0.0992] **
max =  0.4082 | max_idx =  1
Epoch 49/50, Train Loss: 0.8614, Valid Loss: 2.0108, Train Acc: 1.0000, Val Acc: 0.2215, Test Acc: 0.1516, Test F1: 0.1315, Total Pseudo-Labels: 0, Correct Pseudo-Labels: 0, Train Data Number: 35



line 303 => train data수 35
line 258 => 인스턴스 수 5
Step 245  Tim 3:53:20
acc_train_cw(현재 train의 class별 acc) [1.0, 1.0, 1.0, 1.0, 1.0, 1.0, 1.0]
cw_psl_total_eval(pseudo label 클래스별 총 샘플 수):  [0, 0, 0, 0, 0, 0, 0]
cw_psl_correct_eval(pseudo label 클래스별 맞은 샘플 수):  [0, 0, 0, 0, 0, 0, 0]
psl_acc(PSL 평가에서의 정확도): None 
cw_psl_acc(클래스별 PSL 평가에서의 정확도):  [nan, nan, nan, nan, nan, nan, nan]
**pseudo_label ->  [0.1143, 0.0835, 0.0846, 0.4341, 0.0818, 0.0964, 0.1054] **
max =  0.4341 | max_idx =  3
**pseudo_label ->  [0.1085, 0.4239, 0.0837, 0.0824, 0.1073, 0.092, 0.1023] **
max =  0.4239 | max_idx =  1
**pseudo_label ->  [0.0932, 0.1038, 0.0939, 0.4266, 0.0796, 0.091, 0.1119] **
max =  0.4266 | max_idx =  3
**pseudo_label ->  [0.0963, 0.1067, 0.096, 0.087, 0.4081, 0.1089, 0.0969] **
max =  0.4081 | max_idx =  4
**pseudo_label ->  [0.0905, 0.4078, 0.0772, 0.0808, 0.1445, 0.0959, 0.1033] **
max =  0.4078 | max_idx =  1
Epoch 50/50, Train Loss: 0.8494, Valid Loss: 2.0144, Train Acc: 1.0000, Val Acc: 0.2150, Test Acc: 0.1475, Test F1: 0.1260, Total Pseudo-Labels: 0, Correct Pseudo-Labels: 0, Train Data Number: 35

Training complete!
Total training took 3:58:28 (h:mm:ss)
Load model from ./experiment/python_extended_data/output/5_codet5p-110m-embedding_0.00035_0.7_python_extended_data_net0.pth
Save training statistics in:  ./experiment/python_extended_data/log/codet5p/class5//5_codet5p-110m-embedding_0.00035_0.7_python_extended_data/training_statistics.csv

best_trian_loss, epoch => 0.8493578314781189 50
Epoch-1_train_loss => 1.9882035493850707
max_epoch_train_loss => 0.8493578314781189 


best_val_loss, epoch =>  1.8517657479556453 6
Epoch-1_val_loss => 1.9496807306519548
max_epoch_val_loss => 2.0143840524583374 

pse_epoch =>  []
추가되는 pse_epoch =>  [] 

total_data:  35 
Best_step:  30 
Best_epoch:  6 
best_val_acc:  0.41368078175895767 
best_test_acc:  0.18442622950819673 
best_test_f1:  0.13074689718982946
Save best record in:  ./experiment/python_extended_data/log/codet5p/class5/summary.csv
Save best record in:  ./experiment/python_extended_data/log/summary_avgrun.csv
