current work directory:  /home/imsuhan22/few-shot-tc/custom_ssl/code
Data set -> python_extended_data
save_name: 5_codet5p-110m-embedding_0.0003_0.7_python_extended_data

data_path:  ../data/problem_based_split/python_extended_data

There are 2 GPU(s) available.
We will use the GPU- 0 Quadro RTX 8000

**line 147 모델 =>  Salesforce/codet5p-110m-embedding
**tokenizer type =  Salesforce/codet5p-110m-embedding 

pesudo label class개수 기준 -> 5
n_labeled_per_class:  5
train_df samples: 3974
train_labeled_df samples: 35
train_unlabeled_df samples: 3939
n_classes:  7 


net_arch:  Salesforce/codet5p-110m-embedding 
lr:  0.0003 
lr_linear:  0.001 




line 303 => train data수 35
line 258 => 인스턴스 수 5
Step 0  Tim 0:00:09
acc_train_cw(현재 train의 class별 acc) [0.0, 0.0, 0.0, 0.0, 0.0, 0.4, 1.0]
cw_psl_total_eval(pseudo label 클래스별 총 샘플 수):  [0, 0, 0, 0, 0, 0, 0]
cw_psl_correct_eval(pseudo label 클래스별 맞은 샘플 수):  [0, 0, 0, 0, 0, 0, 0]
psl_acc(PSL 평가에서의 정확도): None 
cw_psl_acc(클래스별 PSL 평가에서의 정확도):  [nan, nan, nan, nan, nan, nan, nan]
***best_acc_model_save --- epoch = 1***
Save model to ./experiment/python_extended_data/output/
**pseudo_label ->  [0.1484, 0.1404, 0.1331, 0.1409, 0.1362, 0.1478, 0.1532] **
max =  0.1532 | max_idx =  6
**pseudo_label ->  [0.139, 0.1384, 0.1364, 0.1418, 0.1392, 0.1472, 0.158] **
max =  0.158 | max_idx =  6
**pseudo_label ->  [0.1418, 0.1412, 0.1363, 0.1383, 0.1398, 0.1474, 0.1552] **
max =  0.1552 | max_idx =  6
**pseudo_label ->  [0.144, 0.1371, 0.1346, 0.1362, 0.1427, 0.1482, 0.1573] **
max =  0.1573 | max_idx =  6
**pseudo_label ->  [0.1434, 0.133, 0.1355, 0.1428, 0.138, 0.145, 0.1623] **
max =  0.1623 | max_idx =  6
Epoch 1/50, Train Loss: 1.9875, Valid Loss: 1.9450, Train Acc: 0.2000, Val Acc: 0.1140, Test Acc: 0.0225, Test F1: 0.0088, Total Pseudo-Labels: 0, Correct Pseudo-Labels: 0, Train Data Number: 35



line 303 => train data수 35
line 258 => 인스턴스 수 5
Step 5  Tim 0:01:10
acc_train_cw(현재 train의 class별 acc) [0.0, 0.0, 0.4, 0.0, 1.0, 0.0, 0.0]
cw_psl_total_eval(pseudo label 클래스별 총 샘플 수):  [0, 0, 0, 0, 0, 0, 0]
cw_psl_correct_eval(pseudo label 클래스별 맞은 샘플 수):  [0, 0, 0, 0, 0, 0, 0]
psl_acc(PSL 평가에서의 정확도): None 
cw_psl_acc(클래스별 PSL 평가에서의 정확도):  [nan, nan, nan, nan, nan, nan, nan]
***best_acc_model_save --- epoch = 2***
Save model to ./experiment/python_extended_data/output/
**pseudo_label ->  [0.1392, 0.1329, 0.1483, 0.1361, 0.1505, 0.143, 0.1498] **
max =  0.1505 | max_idx =  4
**pseudo_label ->  [0.1398, 0.1338, 0.1474, 0.1327, 0.1527, 0.1429, 0.1508] **
max =  0.1527 | max_idx =  4
**pseudo_label ->  [0.1378, 0.1339, 0.1458, 0.1358, 0.1555, 0.1422, 0.149] **
max =  0.1555 | max_idx =  4
**pseudo_label ->  [0.139, 0.1329, 0.1467, 0.1375, 0.1533, 0.1411, 0.1496] **
max =  0.1533 | max_idx =  4
**pseudo_label ->  [0.1365, 0.1338, 0.1468, 0.1362, 0.1532, 0.1443, 0.1493] **
max =  0.1532 | max_idx =  4
Epoch 2/50, Train Loss: 1.9600, Valid Loss: 1.9680, Train Acc: 0.2000, Val Acc: 0.1433, Test Acc: 0.0451, Test F1: 0.0163, Total Pseudo-Labels: 0, Correct Pseudo-Labels: 0, Train Data Number: 35



line 303 => train data수 35
line 258 => 인스턴스 수 5
Step 10  Tim 0:02:20
acc_train_cw(현재 train의 class별 acc) [0.4, 0.0, 0.2, 0.0, 0.0, 0.0, 1.0]
cw_psl_total_eval(pseudo label 클래스별 총 샘플 수):  [0, 0, 0, 0, 0, 0, 0]
cw_psl_correct_eval(pseudo label 클래스별 맞은 샘플 수):  [0, 0, 0, 0, 0, 0, 0]
psl_acc(PSL 평가에서의 정확도): None 
cw_psl_acc(클래스별 PSL 평가에서의 정확도):  [nan, nan, nan, nan, nan, nan, nan]
**pseudo_label ->  [0.1464, 0.1471, 0.1454, 0.1355, 0.1258, 0.1428, 0.157] **
max =  0.157 | max_idx =  6
**pseudo_label ->  [0.1449, 0.1496, 0.1458, 0.1309, 0.127, 0.145, 0.1568] **
max =  0.1568 | max_idx =  6
**pseudo_label ->  [0.1447, 0.1457, 0.1468, 0.1354, 0.1258, 0.1454, 0.1562] **
max =  0.1562 | max_idx =  6
**pseudo_label ->  [0.1462, 0.1465, 0.1474, 0.1365, 0.126, 0.1432, 0.1541] **
max =  0.1541 | max_idx =  6
**pseudo_label ->  [0.1425, 0.15, 0.145, 0.1283, 0.1283, 0.1476, 0.1583] **
max =  0.1583 | max_idx =  6
Epoch 3/50, Train Loss: 1.8897, Valid Loss: 1.9422, Train Acc: 0.2286, Val Acc: 0.1173, Test Acc: 0.0184, Test F1: 0.0052, Total Pseudo-Labels: 0, Correct Pseudo-Labels: 0, Train Data Number: 35



line 303 => train data수 35
line 258 => 인스턴스 수 5
Step 15  Tim 0:03:19
acc_train_cw(현재 train의 class별 acc) [0.6, 0.0, 0.8, 1.0, 0.4, 1.0, 0.8]
cw_psl_total_eval(pseudo label 클래스별 총 샘플 수):  [0, 0, 0, 0, 0, 0, 0]
cw_psl_correct_eval(pseudo label 클래스별 맞은 샘플 수):  [0, 0, 0, 0, 0, 0, 0]
psl_acc(PSL 평가에서의 정확도): None 
cw_psl_acc(클래스별 PSL 평가에서의 정확도):  [nan, nan, nan, nan, nan, nan, nan]
***best_acc_model_save --- epoch = 4***
Save model to ./experiment/python_extended_data/output/
**pseudo_label ->  [0.1366, 0.1229, 0.1561, 0.1679, 0.1239, 0.1484, 0.1442] **
max =  0.1679 | max_idx =  3
**pseudo_label ->  [0.1225, 0.1547, 0.1413, 0.1152, 0.1488, 0.1614, 0.1561] **
max =  0.1614 | max_idx =  5
**pseudo_label ->  [0.1461, 0.1263, 0.1571, 0.1848, 0.1204, 0.1264, 0.1389] **
max =  0.1848 | max_idx =  3
**pseudo_label ->  [0.1267, 0.1441, 0.1404, 0.1202, 0.1553, 0.1553, 0.158] **
max =  0.158 | max_idx =  6
**pseudo_label ->  [0.1153, 0.1553, 0.1281, 0.1043, 0.1677, 0.1673, 0.1619] **
max =  0.1677 | max_idx =  4
Epoch 4/50, Train Loss: 1.7820, Valid Loss: 1.9503, Train Acc: 0.6571, Val Acc: 0.1987, Test Acc: 0.3320, Test F1: 0.1623, Total Pseudo-Labels: 0, Correct Pseudo-Labels: 0, Train Data Number: 35



line 303 => train data수 35
line 258 => 인스턴스 수 5
Step 20  Tim 0:04:27
acc_train_cw(현재 train의 class별 acc) [1.0, 0.2, 1.0, 1.0, 1.0, 1.0, 1.0]
cw_psl_total_eval(pseudo label 클래스별 총 샘플 수):  [0, 0, 0, 0, 0, 0, 0]
cw_psl_correct_eval(pseudo label 클래스별 맞은 샘플 수):  [0, 0, 0, 0, 0, 0, 0]
psl_acc(PSL 평가에서의 정확도): None 
cw_psl_acc(클래스별 PSL 평가에서의 정확도):  [nan, nan, nan, nan, nan, nan, nan]
***best_acc_model_save --- epoch = 5***
Save model to ./experiment/python_extended_data/output/
**pseudo_label ->  [0.1462, 0.1131, 0.1407, 0.1801, 0.1262, 0.1306, 0.1631] **
max =  0.1801 | max_idx =  3
**pseudo_label ->  [0.1226, 0.157, 0.1135, 0.1243, 0.1542, 0.1472, 0.1812] **
max =  0.1812 | max_idx =  6
**pseudo_label ->  [0.146, 0.1227, 0.1415, 0.1871, 0.1271, 0.1218, 0.1538] **
max =  0.1871 | max_idx =  3
**pseudo_label ->  [0.1222, 0.1492, 0.1283, 0.1041, 0.1797, 0.1554, 0.1611] **
max =  0.1797 | max_idx =  4
**pseudo_label ->  [0.1094, 0.1596, 0.124, 0.1024, 0.1682, 0.1718, 0.1647] **
max =  0.1718 | max_idx =  5
Epoch 5/50, Train Loss: 1.6777, Valid Loss: 1.9220, Train Acc: 0.8857, Val Acc: 0.2573, Test Acc: 0.1844, Test F1: 0.1494, Total Pseudo-Labels: 0, Correct Pseudo-Labels: 0, Train Data Number: 35



line 303 => train data수 35
line 258 => 인스턴스 수 5
Step 25  Tim 0:05:35
acc_train_cw(현재 train의 class별 acc) [1.0, 1.0, 1.0, 1.0, 0.8, 1.0, 1.0]
cw_psl_total_eval(pseudo label 클래스별 총 샘플 수):  [0, 0, 0, 0, 0, 0, 0]
cw_psl_correct_eval(pseudo label 클래스별 맞은 샘플 수):  [0, 0, 0, 0, 0, 0, 0]
psl_acc(PSL 평가에서의 정확도): None 
cw_psl_acc(클래스별 PSL 평가에서의 정확도):  [nan, nan, nan, nan, nan, nan, nan]
***best_acc_model_save --- epoch = 6***
Save model to ./experiment/python_extended_data/output/
**pseudo_label ->  [0.1355, 0.126, 0.1124, 0.1994, 0.1184, 0.1455, 0.1628] **
max =  0.1994 | max_idx =  3
**pseudo_label ->  [0.118, 0.1597, 0.1036, 0.1412, 0.1414, 0.1565, 0.1796] **
max =  0.1796 | max_idx =  6
**pseudo_label ->  [0.1241, 0.1365, 0.132, 0.1863, 0.1258, 0.1359, 0.1595] **
max =  0.1863 | max_idx =  3
**pseudo_label ->  [0.1536, 0.1437, 0.116, 0.1205, 0.1717, 0.1438, 0.1508] **
max =  0.1717 | max_idx =  4
**pseudo_label ->  [0.1025, 0.157, 0.1106, 0.1224, 0.1622, 0.1742, 0.1712] **
max =  0.1742 | max_idx =  5
Epoch 6/50, Train Loss: 1.6000, Valid Loss: 1.9087, Train Acc: 0.9714, Val Acc: 0.2834, Test Acc: 0.1885, Test F1: 0.1570, Total Pseudo-Labels: 0, Correct Pseudo-Labels: 0, Train Data Number: 35



line 303 => train data수 35
line 258 => 인스턴스 수 5
Step 30  Tim 0:06:44
acc_train_cw(현재 train의 class별 acc) [1.0, 1.0, 1.0, 1.0, 1.0, 1.0, 1.0]
cw_psl_total_eval(pseudo label 클래스별 총 샘플 수):  [0, 0, 0, 0, 0, 0, 0]
cw_psl_correct_eval(pseudo label 클래스별 맞은 샘플 수):  [0, 0, 0, 0, 0, 0, 0]
psl_acc(PSL 평가에서의 정확도): None 
cw_psl_acc(클래스별 PSL 평가에서의 정확도):  [nan, nan, nan, nan, nan, nan, nan]
**pseudo_label ->  [0.1081, 0.124, 0.1315, 0.1892, 0.1291, 0.1738, 0.1443] **
max =  0.1892 | max_idx =  3
**pseudo_label ->  [0.0969, 0.1542, 0.1267, 0.1197, 0.1518, 0.1996, 0.1513] **
max =  0.1996 | max_idx =  5
**pseudo_label ->  [0.0987, 0.1407, 0.1743, 0.1487, 0.1402, 0.1584, 0.1391] **
max =  0.1743 | max_idx =  2
**pseudo_label ->  [0.1092, 0.1348, 0.1289, 0.1095, 0.1985, 0.1716, 0.1476] **
max =  0.1985 | max_idx =  4
**pseudo_label ->  [0.0976, 0.1641, 0.122, 0.1107, 0.1691, 0.19, 0.1465] **
max =  0.19 | max_idx =  5
Epoch 7/50, Train Loss: 1.5293, Valid Loss: 1.9286, Train Acc: 1.0000, Val Acc: 0.2508, Test Acc: 0.2684, Test F1: 0.2044, Total Pseudo-Labels: 0, Correct Pseudo-Labels: 0, Train Data Number: 35



line 303 => train data수 35
line 258 => 인스턴스 수 5
Step 35  Tim 0:07:42
acc_train_cw(현재 train의 class별 acc) [1.0, 1.0, 1.0, 1.0, 1.0, 1.0, 1.0]
cw_psl_total_eval(pseudo label 클래스별 총 샘플 수):  [0, 0, 0, 0, 0, 0, 0]
cw_psl_correct_eval(pseudo label 클래스별 맞은 샘플 수):  [0, 0, 0, 0, 0, 0, 0]
psl_acc(PSL 평가에서의 정확도): None 
cw_psl_acc(클래스별 PSL 평가에서의 정확도):  [nan, nan, nan, nan, nan, nan, nan]
**pseudo_label ->  [0.1849, 0.1247, 0.1147, 0.1956, 0.1214, 0.1128, 0.1458] **
max =  0.1956 | max_idx =  3
**pseudo_label ->  [0.1203, 0.1444, 0.1044, 0.1181, 0.153, 0.1892, 0.1705] **
max =  0.1892 | max_idx =  5
**pseudo_label ->  [0.1391, 0.1408, 0.1461, 0.2034, 0.1191, 0.1129, 0.1387] **
max =  0.2034 | max_idx =  3
**pseudo_label ->  [0.1498, 0.1441, 0.1234, 0.1114, 0.2042, 0.1165, 0.1507] **
max =  0.2042 | max_idx =  4
**pseudo_label ->  [0.1203, 0.1795, 0.1024, 0.1062, 0.196, 0.1394, 0.1562] **
max =  0.196 | max_idx =  4
Epoch 8/50, Train Loss: 1.4811, Valid Loss: 1.9025, Train Acc: 1.0000, Val Acc: 0.2834, Test Acc: 0.1414, Test F1: 0.1228, Total Pseudo-Labels: 0, Correct Pseudo-Labels: 0, Train Data Number: 35



line 303 => train data수 35
line 258 => 인스턴스 수 5
Step 40  Tim 0:08:39
acc_train_cw(현재 train의 class별 acc) [1.0, 1.0, 1.0, 1.0, 1.0, 1.0, 1.0]
cw_psl_total_eval(pseudo label 클래스별 총 샘플 수):  [0, 0, 0, 0, 0, 0, 0]
cw_psl_correct_eval(pseudo label 클래스별 맞은 샘플 수):  [0, 0, 0, 0, 0, 0, 0]
psl_acc(PSL 평가에서의 정확도): None 
cw_psl_acc(클래스별 PSL 평가에서의 정확도):  [nan, nan, nan, nan, nan, nan, nan]
**pseudo_label ->  [0.1355, 0.1174, 0.1191, 0.2292, 0.1067, 0.1428, 0.1493] **
max =  0.2292 | max_idx =  3
**pseudo_label ->  [0.1092, 0.1314, 0.118, 0.1688, 0.1126, 0.2002, 0.1599] **
max =  0.2002 | max_idx =  5
**pseudo_label ->  [0.1255, 0.1339, 0.1387, 0.228, 0.1074, 0.1292, 0.1374] **
max =  0.228 | max_idx =  3
**pseudo_label ->  [0.1327, 0.157, 0.1139, 0.1182, 0.2173, 0.1268, 0.1341] **
max =  0.2173 | max_idx =  4
**pseudo_label ->  [0.1081, 0.1478, 0.1061, 0.1386, 0.1437, 0.2189, 0.1366] **
max =  0.2189 | max_idx =  5
Epoch 9/50, Train Loss: 1.4328, Valid Loss: 1.8920, Train Acc: 1.0000, Val Acc: 0.2573, Test Acc: 0.2377, Test F1: 0.1797, Total Pseudo-Labels: 0, Correct Pseudo-Labels: 0, Train Data Number: 35



line 303 => train data수 35
line 258 => 인스턴스 수 5
Step 45  Tim 0:09:37
acc_train_cw(현재 train의 class별 acc) [1.0, 1.0, 1.0, 1.0, 1.0, 1.0, 1.0]
cw_psl_total_eval(pseudo label 클래스별 총 샘플 수):  [0, 0, 0, 0, 0, 0, 0]
cw_psl_correct_eval(pseudo label 클래스별 맞은 샘플 수):  [0, 0, 0, 0, 0, 0, 0]
psl_acc(PSL 평가에서의 정확도): None 
cw_psl_acc(클래스별 PSL 평가에서의 정확도):  [nan, nan, nan, nan, nan, nan, nan]
**pseudo_label ->  [0.125, 0.1258, 0.1286, 0.238, 0.1106, 0.1375, 0.1346] **
max =  0.238 | max_idx =  3
**pseudo_label ->  [0.0978, 0.1524, 0.1298, 0.1439, 0.1144, 0.1988, 0.1627] **
max =  0.1988 | max_idx =  5
**pseudo_label ->  [0.1187, 0.144, 0.1419, 0.2246, 0.1116, 0.128, 0.1311] **
max =  0.2246 | max_idx =  3
**pseudo_label ->  [0.1221, 0.1222, 0.1298, 0.1246, 0.229, 0.1303, 0.1419] **
max =  0.229 | max_idx =  4
**pseudo_label ->  [0.0981, 0.1303, 0.1144, 0.1288, 0.1702, 0.2143, 0.144] **
max =  0.2143 | max_idx =  5
Epoch 10/50, Train Loss: 1.4067, Valid Loss: 1.8930, Train Acc: 1.0000, Val Acc: 0.2410, Test Acc: 0.2213, Test F1: 0.1775, Total Pseudo-Labels: 0, Correct Pseudo-Labels: 0, Train Data Number: 35



line 303 => train data수 35
line 258 => 인스턴스 수 5
Step 50  Tim 0:10:34
acc_train_cw(현재 train의 class별 acc) [1.0, 1.0, 1.0, 1.0, 1.0, 1.0, 1.0]
cw_psl_total_eval(pseudo label 클래스별 총 샘플 수):  [0, 0, 0, 0, 0, 0, 0]
cw_psl_correct_eval(pseudo label 클래스별 맞은 샘플 수):  [0, 0, 0, 0, 0, 0, 0]
psl_acc(PSL 평가에서의 정확도): None 
cw_psl_acc(클래스별 PSL 평가에서의 정확도):  [nan, nan, nan, nan, nan, nan, nan]
**pseudo_label ->  [0.1402, 0.1225, 0.1247, 0.2447, 0.1119, 0.1255, 0.1306] **
max =  0.2447 | max_idx =  3
**pseudo_label ->  [0.1111, 0.2083, 0.1265, 0.1346, 0.1102, 0.1723, 0.1371] **
max =  0.2083 | max_idx =  1
**pseudo_label ->  [0.1342, 0.1453, 0.1376, 0.2315, 0.1111, 0.1184, 0.1218] **
max =  0.2315 | max_idx =  3
**pseudo_label ->  [0.1242, 0.1331, 0.1255, 0.1206, 0.238, 0.1281, 0.1304] **
max =  0.238 | max_idx =  4
**pseudo_label ->  [0.1003, 0.1508, 0.1094, 0.1224, 0.1908, 0.1955, 0.1308] **
max =  0.1955 | max_idx =  5
Epoch 11/50, Train Loss: 1.3848, Valid Loss: 1.8813, Train Acc: 1.0000, Val Acc: 0.2671, Test Acc: 0.2029, Test F1: 0.1694, Total Pseudo-Labels: 0, Correct Pseudo-Labels: 0, Train Data Number: 35



line 303 => train data수 35
line 258 => 인스턴스 수 5
Step 55  Tim 0:11:32
acc_train_cw(현재 train의 class별 acc) [1.0, 1.0, 1.0, 1.0, 1.0, 1.0, 1.0]
cw_psl_total_eval(pseudo label 클래스별 총 샘플 수):  [0, 0, 0, 0, 0, 0, 0]
cw_psl_correct_eval(pseudo label 클래스별 맞은 샘플 수):  [0, 0, 0, 0, 0, 0, 0]
psl_acc(PSL 평가에서의 정확도): None 
cw_psl_acc(클래스별 PSL 평가에서의 정확도):  [nan, nan, nan, nan, nan, nan, nan]
***best_acc_model_save --- epoch = 12***
Save model to ./experiment/python_extended_data/output/
**pseudo_label ->  [0.1405, 0.1215, 0.1204, 0.2497, 0.1112, 0.124, 0.1326] **
max =  0.2497 | max_idx =  3
**pseudo_label ->  [0.1183, 0.2202, 0.1196, 0.1464, 0.104, 0.1394, 0.1521] **
max =  0.2202 | max_idx =  1
**pseudo_label ->  [0.1344, 0.1305, 0.1324, 0.2463, 0.1126, 0.1199, 0.1239] **
max =  0.2463 | max_idx =  3
**pseudo_label ->  [0.1307, 0.1501, 0.1143, 0.1153, 0.2411, 0.1208, 0.1277] **
max =  0.2411 | max_idx =  4
**pseudo_label ->  [0.1127, 0.1542, 0.1012, 0.1277, 0.2252, 0.1354, 0.1436] **
max =  0.2252 | max_idx =  4
Epoch 12/50, Train Loss: 1.3673, Valid Loss: 1.8960, Train Acc: 1.0000, Val Acc: 0.2899, Test Acc: 0.2008, Test F1: 0.1579, Total Pseudo-Labels: 0, Correct Pseudo-Labels: 0, Train Data Number: 35



line 303 => train data수 35
line 258 => 인스턴스 수 5
Step 60  Tim 0:12:40
acc_train_cw(현재 train의 class별 acc) [1.0, 1.0, 1.0, 1.0, 1.0, 1.0, 1.0]
cw_psl_total_eval(pseudo label 클래스별 총 샘플 수):  [0, 0, 0, 0, 0, 0, 0]
cw_psl_correct_eval(pseudo label 클래스별 맞은 샘플 수):  [0, 0, 0, 0, 0, 0, 0]
psl_acc(PSL 평가에서의 정확도): None 
cw_psl_acc(클래스별 PSL 평가에서의 정확도):  [nan, nan, nan, nan, nan, nan, nan]
**pseudo_label ->  [0.1284, 0.1251, 0.1206, 0.2514, 0.1064, 0.1289, 0.1391] **
max =  0.2514 | max_idx =  3
**pseudo_label ->  [0.109, 0.2041, 0.1235, 0.1544, 0.1013, 0.1459, 0.1619] **
max =  0.2041 | max_idx =  1
**pseudo_label ->  [0.1206, 0.136, 0.1273, 0.2468, 0.1119, 0.1236, 0.1339] **
max =  0.2468 | max_idx =  3
**pseudo_label ->  [0.1287, 0.142, 0.1142, 0.1149, 0.2471, 0.1217, 0.1314] **
max =  0.2471 | max_idx =  4
**pseudo_label ->  [0.1019, 0.1638, 0.097, 0.1298, 0.2066, 0.1487, 0.1522] **
max =  0.2066 | max_idx =  4
Epoch 13/50, Train Loss: 1.3501, Valid Loss: 1.8943, Train Acc: 1.0000, Val Acc: 0.2769, Test Acc: 0.1926, Test F1: 0.1587, Total Pseudo-Labels: 0, Correct Pseudo-Labels: 0, Train Data Number: 35



line 303 => train data수 35
line 258 => 인스턴스 수 5
Step 65  Tim 0:13:38
acc_train_cw(현재 train의 class별 acc) [1.0, 1.0, 1.0, 1.0, 1.0, 1.0, 1.0]
cw_psl_total_eval(pseudo label 클래스별 총 샘플 수):  [0, 0, 0, 0, 0, 0, 0]
cw_psl_correct_eval(pseudo label 클래스별 맞은 샘플 수):  [0, 0, 0, 0, 0, 0, 0]
psl_acc(PSL 평가에서의 정확도): None 
cw_psl_acc(클래스별 PSL 평가에서의 정확도):  [nan, nan, nan, nan, nan, nan, nan]
**pseudo_label ->  [0.125, 0.1322, 0.1243, 0.2514, 0.1048, 0.1263, 0.1359] **
max =  0.2514 | max_idx =  3
**pseudo_label ->  [0.1071, 0.2207, 0.1175, 0.1359, 0.1073, 0.1494, 0.162] **
max =  0.2207 | max_idx =  1
**pseudo_label ->  [0.1198, 0.1464, 0.1304, 0.245, 0.109, 0.1231, 0.1264] **
max =  0.245 | max_idx =  3
**pseudo_label ->  [0.1248, 0.129, 0.1178, 0.1141, 0.2526, 0.131, 0.1307] **
max =  0.2526 | max_idx =  4
**pseudo_label ->  [0.1061, 0.1434, 0.1065, 0.1222, 0.2417, 0.1434, 0.1368] **
max =  0.2417 | max_idx =  4
Epoch 14/50, Train Loss: 1.3341, Valid Loss: 1.8787, Train Acc: 1.0000, Val Acc: 0.2769, Test Acc: 0.1967, Test F1: 0.1632, Total Pseudo-Labels: 0, Correct Pseudo-Labels: 0, Train Data Number: 35



line 303 => train data수 35
line 258 => 인스턴스 수 5
Step 70  Tim 0:14:36
acc_train_cw(현재 train의 class별 acc) [1.0, 1.0, 1.0, 1.0, 1.0, 1.0, 1.0]
cw_psl_total_eval(pseudo label 클래스별 총 샘플 수):  [0, 0, 0, 0, 0, 0, 0]
cw_psl_correct_eval(pseudo label 클래스별 맞은 샘플 수):  [0, 0, 0, 0, 0, 0, 0]
psl_acc(PSL 평가에서의 정확도): None 
cw_psl_acc(클래스별 PSL 평가에서의 정확도):  [nan, nan, nan, nan, nan, nan, nan]
***best_acc_model_save --- epoch = 15***
Save model to ./experiment/python_extended_data/output/
**pseudo_label ->  [0.1292, 0.1259, 0.1218, 0.2597, 0.1044, 0.1259, 0.1332] **
max =  0.2597 | max_idx =  3
**pseudo_label ->  [0.1087, 0.2258, 0.13, 0.1431, 0.1016, 0.1521, 0.1389] **
max =  0.2258 | max_idx =  1
**pseudo_label ->  [0.1218, 0.1425, 0.1316, 0.251, 0.1104, 0.1216, 0.1211] **
max =  0.251 | max_idx =  3
**pseudo_label ->  [0.1228, 0.1225, 0.1178, 0.1166, 0.2557, 0.1309, 0.1337] **
max =  0.2557 | max_idx =  4
**pseudo_label ->  [0.1006, 0.1336, 0.1067, 0.1293, 0.2369, 0.1426, 0.1503] **
max =  0.2369 | max_idx =  4
Epoch 15/50, Train Loss: 1.3194, Valid Loss: 1.8777, Train Acc: 1.0000, Val Acc: 0.2932, Test Acc: 0.1865, Test F1: 0.1583, Total Pseudo-Labels: 0, Correct Pseudo-Labels: 0, Train Data Number: 35



line 303 => train data수 35
line 258 => 인스턴스 수 5
Step 75  Tim 0:15:45
acc_train_cw(현재 train의 class별 acc) [1.0, 1.0, 1.0, 1.0, 1.0, 1.0, 1.0]
cw_psl_total_eval(pseudo label 클래스별 총 샘플 수):  [0, 0, 0, 0, 0, 0, 0]
cw_psl_correct_eval(pseudo label 클래스별 맞은 샘플 수):  [0, 0, 0, 0, 0, 0, 0]
psl_acc(PSL 평가에서의 정확도): None 
cw_psl_acc(클래스별 PSL 평가에서의 정확도):  [nan, nan, nan, nan, nan, nan, nan]
**pseudo_label ->  [0.1318, 0.1215, 0.1166, 0.2649, 0.1076, 0.1237, 0.1339] **
max =  0.2649 | max_idx =  3
**pseudo_label ->  [0.113, 0.2152, 0.1269, 0.1632, 0.0942, 0.1421, 0.1454] **
max =  0.2152 | max_idx =  1
**pseudo_label ->  [0.1202, 0.1402, 0.1339, 0.2548, 0.1095, 0.1221, 0.1192] **
max =  0.2548 | max_idx =  3
**pseudo_label ->  [0.1216, 0.1266, 0.119, 0.1162, 0.2596, 0.1248, 0.1321] **
max =  0.2596 | max_idx =  4
**pseudo_label ->  [0.1017, 0.1419, 0.1098, 0.1157, 0.2478, 0.1397, 0.1435] **
max =  0.2478 | max_idx =  4
Epoch 16/50, Train Loss: 1.3043, Valid Loss: 1.8863, Train Acc: 1.0000, Val Acc: 0.2932, Test Acc: 0.1824, Test F1: 0.1559, Total Pseudo-Labels: 0, Correct Pseudo-Labels: 0, Train Data Number: 35



line 303 => train data수 35
line 258 => 인스턴스 수 5
Step 80  Tim 0:16:43
acc_train_cw(현재 train의 class별 acc) [1.0, 1.0, 1.0, 1.0, 1.0, 1.0, 1.0]
cw_psl_total_eval(pseudo label 클래스별 총 샘플 수):  [0, 0, 0, 0, 0, 0, 0]
cw_psl_correct_eval(pseudo label 클래스별 맞은 샘플 수):  [0, 0, 0, 0, 0, 0, 0]
psl_acc(PSL 평가에서의 정확도): None 
cw_psl_acc(클래스별 PSL 평가에서의 정확도):  [nan, nan, nan, nan, nan, nan, nan]
**pseudo_label ->  [0.1266, 0.1251, 0.1171, 0.2674, 0.106, 0.1218, 0.136] **
max =  0.2674 | max_idx =  3
**pseudo_label ->  [0.1116, 0.2471, 0.1125, 0.1284, 0.1065, 0.1403, 0.1537] **
max =  0.2471 | max_idx =  1
**pseudo_label ->  [0.1216, 0.1369, 0.1283, 0.2622, 0.1093, 0.1178, 0.1237] **
max =  0.2622 | max_idx =  3
**pseudo_label ->  [0.121, 0.1295, 0.117, 0.1135, 0.2641, 0.1247, 0.1301] **
max =  0.2641 | max_idx =  4
**pseudo_label ->  [0.0981, 0.1507, 0.1009, 0.1313, 0.2327, 0.1539, 0.1325] **
max =  0.2327 | max_idx =  4
Epoch 17/50, Train Loss: 1.2899, Valid Loss: 1.8779, Train Acc: 1.0000, Val Acc: 0.2866, Test Acc: 0.1824, Test F1: 0.1498, Total Pseudo-Labels: 0, Correct Pseudo-Labels: 0, Train Data Number: 35



line 303 => train data수 35
line 258 => 인스턴스 수 5
Step 85  Tim 0:17:41
acc_train_cw(현재 train의 class별 acc) [1.0, 1.0, 1.0, 1.0, 1.0, 1.0, 1.0]
cw_psl_total_eval(pseudo label 클래스별 총 샘플 수):  [0, 0, 0, 0, 0, 0, 0]
cw_psl_correct_eval(pseudo label 클래스별 맞은 샘플 수):  [0, 0, 0, 0, 0, 0, 0]
psl_acc(PSL 평가에서의 정확도): None 
cw_psl_acc(클래스별 PSL 평가에서의 정확도):  [nan, nan, nan, nan, nan, nan, nan]
**pseudo_label ->  [0.1289, 0.1212, 0.1169, 0.2719, 0.1044, 0.1208, 0.1358] **
max =  0.2719 | max_idx =  3
**pseudo_label ->  [0.1116, 0.236, 0.1168, 0.1384, 0.0972, 0.1475, 0.1526] **
max =  0.236 | max_idx =  1
**pseudo_label ->  [0.1221, 0.1388, 0.1286, 0.2652, 0.1058, 0.1189, 0.1207] **
max =  0.2652 | max_idx =  3
**pseudo_label ->  [0.1235, 0.1358, 0.115, 0.111, 0.2667, 0.1215, 0.1265] **
max =  0.2667 | max_idx =  4
**pseudo_label ->  [0.0933, 0.1591, 0.0961, 0.1283, 0.2242, 0.1397, 0.1594] **
max =  0.2242 | max_idx =  4
Epoch 18/50, Train Loss: 1.2754, Valid Loss: 1.8743, Train Acc: 1.0000, Val Acc: 0.2932, Test Acc: 0.1783, Test F1: 0.1476, Total Pseudo-Labels: 0, Correct Pseudo-Labels: 0, Train Data Number: 35



line 303 => train data수 35
line 258 => 인스턴스 수 5
Step 90  Tim 0:18:38
acc_train_cw(현재 train의 class별 acc) [1.0, 1.0, 1.0, 1.0, 1.0, 1.0, 1.0]
cw_psl_total_eval(pseudo label 클래스별 총 샘플 수):  [0, 0, 0, 0, 0, 0, 0]
cw_psl_correct_eval(pseudo label 클래스별 맞은 샘플 수):  [0, 0, 0, 0, 0, 0, 0]
psl_acc(PSL 평가에서의 정확도): None 
cw_psl_acc(클래스별 PSL 평가에서의 정확도):  [nan, nan, nan, nan, nan, nan, nan]
**pseudo_label ->  [0.1295, 0.1254, 0.1138, 0.2749, 0.1023, 0.1213, 0.1328] **
max =  0.2749 | max_idx =  3
**pseudo_label ->  [0.1084, 0.2548, 0.1224, 0.1314, 0.1036, 0.1385, 0.141] **
max =  0.2548 | max_idx =  1
**pseudo_label ->  [0.1207, 0.1342, 0.1289, 0.2705, 0.1067, 0.1167, 0.1223] **
max =  0.2705 | max_idx =  3
**pseudo_label ->  [0.1225, 0.1299, 0.1157, 0.111, 0.2714, 0.1231, 0.1265] **
max =  0.2714 | max_idx =  4
**pseudo_label ->  [0.1027, 0.147, 0.1049, 0.1144, 0.26, 0.1365, 0.1343] **
max =  0.26 | max_idx =  4
Epoch 19/50, Train Loss: 1.2615, Valid Loss: 1.8813, Train Acc: 1.0000, Val Acc: 0.2932, Test Acc: 0.1701, Test F1: 0.1446, Total Pseudo-Labels: 0, Correct Pseudo-Labels: 0, Train Data Number: 35



line 303 => train data수 35
line 258 => 인스턴스 수 5
Step 95  Tim 0:19:36
acc_train_cw(현재 train의 class별 acc) [1.0, 1.0, 1.0, 1.0, 1.0, 1.0, 1.0]
cw_psl_total_eval(pseudo label 클래스별 총 샘플 수):  [0, 0, 0, 0, 0, 0, 0]
cw_psl_correct_eval(pseudo label 클래스별 맞은 샘플 수):  [0, 0, 0, 0, 0, 0, 0]
psl_acc(PSL 평가에서의 정확도): None 
cw_psl_acc(클래스별 PSL 평가에서의 정확도):  [nan, nan, nan, nan, nan, nan, nan]
**pseudo_label ->  [0.1294, 0.1203, 0.1129, 0.2809, 0.1051, 0.1203, 0.131] **
max =  0.2809 | max_idx =  3
**pseudo_label ->  [0.105, 0.2455, 0.1199, 0.1388, 0.0981, 0.1466, 0.1461] **
max =  0.2455 | max_idx =  1
**pseudo_label ->  [0.1172, 0.1312, 0.129, 0.276, 0.1077, 0.1193, 0.1197] **
max =  0.276 | max_idx =  3
**pseudo_label ->  [0.1229, 0.1267, 0.1165, 0.1096, 0.2752, 0.12, 0.1291] **
max =  0.2752 | max_idx =  4
**pseudo_label ->  [0.1006, 0.1355, 0.1073, 0.1165, 0.2662, 0.1395, 0.1344] **
max =  0.2662 | max_idx =  4
Epoch 20/50, Train Loss: 1.2472, Valid Loss: 1.8818, Train Acc: 1.0000, Val Acc: 0.2736, Test Acc: 0.1865, Test F1: 0.1597, Total Pseudo-Labels: 0, Correct Pseudo-Labels: 0, Train Data Number: 35



line 303 => train data수 35
line 258 => 인스턴스 수 5
Step 100  Tim 0:20:33
acc_train_cw(현재 train의 class별 acc) [1.0, 1.0, 1.0, 1.0, 1.0, 1.0, 1.0]
cw_psl_total_eval(pseudo label 클래스별 총 샘플 수):  [0, 0, 0, 0, 0, 0, 0]
cw_psl_correct_eval(pseudo label 클래스별 맞은 샘플 수):  [0, 0, 0, 0, 0, 0, 0]
psl_acc(PSL 평가에서의 정확도): None 
cw_psl_acc(클래스별 PSL 평가에서의 정확도):  [nan, nan, nan, nan, nan, nan, nan]
**pseudo_label ->  [0.1218, 0.123, 0.1144, 0.2834, 0.1044, 0.119, 0.1341] **
max =  0.2834 | max_idx =  3
**pseudo_label ->  [0.1022, 0.2426, 0.1191, 0.136, 0.0975, 0.1528, 0.1498] **
max =  0.2426 | max_idx =  1
**pseudo_label ->  [0.117, 0.1335, 0.1277, 0.2778, 0.1041, 0.116, 0.1241] **
max =  0.2778 | max_idx =  3
**pseudo_label ->  [0.1193, 0.1218, 0.1179, 0.1105, 0.2788, 0.1232, 0.1287] **
max =  0.2788 | max_idx =  4
**pseudo_label ->  [0.0947, 0.1374, 0.1028, 0.1187, 0.259, 0.1453, 0.1421] **
max =  0.259 | max_idx =  4
Epoch 21/50, Train Loss: 1.2337, Valid Loss: 1.8813, Train Acc: 1.0000, Val Acc: 0.2801, Test Acc: 0.1865, Test F1: 0.1563, Total Pseudo-Labels: 0, Correct Pseudo-Labels: 0, Train Data Number: 35



line 303 => train data수 35
line 258 => 인스턴스 수 5
Step 105  Tim 0:21:31
acc_train_cw(현재 train의 class별 acc) [1.0, 1.0, 1.0, 1.0, 1.0, 1.0, 1.0]
cw_psl_total_eval(pseudo label 클래스별 총 샘플 수):  [0, 0, 0, 0, 0, 0, 0]
cw_psl_correct_eval(pseudo label 클래스별 맞은 샘플 수):  [0, 0, 0, 0, 0, 0, 0]
psl_acc(PSL 평가에서의 정확도): None 
cw_psl_acc(클래스별 PSL 평가에서의 정확도):  [nan, nan, nan, nan, nan, nan, nan]
**pseudo_label ->  [0.1246, 0.1215, 0.1143, 0.2895, 0.1052, 0.1183, 0.1265] **
max =  0.2895 | max_idx =  3
**pseudo_label ->  [0.1142, 0.2737, 0.1177, 0.1244, 0.0995, 0.1361, 0.1343] **
max =  0.2737 | max_idx =  1
**pseudo_label ->  [0.1177, 0.1409, 0.1335, 0.2756, 0.1043, 0.1151, 0.1129] **
max =  0.2756 | max_idx =  3
**pseudo_label ->  [0.1206, 0.1231, 0.1143, 0.1108, 0.2822, 0.1219, 0.1271] **
max =  0.2822 | max_idx =  4
**pseudo_label ->  [0.1042, 0.1384, 0.102, 0.1124, 0.2741, 0.1347, 0.1344] **
max =  0.2741 | max_idx =  4
Epoch 22/50, Train Loss: 1.2195, Valid Loss: 1.8804, Train Acc: 1.0000, Val Acc: 0.2736, Test Acc: 0.1783, Test F1: 0.1527, Total Pseudo-Labels: 0, Correct Pseudo-Labels: 0, Train Data Number: 35



line 303 => train data수 35
line 258 => 인스턴스 수 5
Step 110  Tim 0:22:28
acc_train_cw(현재 train의 class별 acc) [1.0, 1.0, 1.0, 1.0, 1.0, 1.0, 1.0]
cw_psl_total_eval(pseudo label 클래스별 총 샘플 수):  [0, 0, 0, 0, 0, 0, 0]
cw_psl_correct_eval(pseudo label 클래스별 맞은 샘플 수):  [0, 0, 0, 0, 0, 0, 0]
psl_acc(PSL 평가에서의 정확도): None 
cw_psl_acc(클래스별 PSL 평가에서의 정확도):  [nan, nan, nan, nan, nan, nan, nan]
**pseudo_label ->  [0.1275, 0.1221, 0.1126, 0.291, 0.1014, 0.1149, 0.1306] **
max =  0.291 | max_idx =  3
**pseudo_label ->  [0.101, 0.256, 0.1178, 0.1343, 0.0992, 0.1429, 0.1487] **
max =  0.256 | max_idx =  1
**pseudo_label ->  [0.1185, 0.1481, 0.1278, 0.2761, 0.1033, 0.1132, 0.1131] **
max =  0.2761 | max_idx =  3
**pseudo_label ->  [0.1207, 0.1225, 0.1142, 0.1113, 0.2861, 0.1207, 0.1246] **
max =  0.2861 | max_idx =  4
**pseudo_label ->  [0.101, 0.1477, 0.1017, 0.1162, 0.2734, 0.1328, 0.1273] **
max =  0.2734 | max_idx =  4
Epoch 23/50, Train Loss: 1.2065, Valid Loss: 1.8741, Train Acc: 1.0000, Val Acc: 0.2736, Test Acc: 0.1783, Test F1: 0.1504, Total Pseudo-Labels: 0, Correct Pseudo-Labels: 0, Train Data Number: 35



line 303 => train data수 35
line 258 => 인스턴스 수 5
Step 115  Tim 0:23:25
acc_train_cw(현재 train의 class별 acc) [1.0, 1.0, 1.0, 1.0, 1.0, 1.0, 1.0]
cw_psl_total_eval(pseudo label 클래스별 총 샘플 수):  [0, 0, 0, 0, 0, 0, 0]
cw_psl_correct_eval(pseudo label 클래스별 맞은 샘플 수):  [0, 0, 0, 0, 0, 0, 0]
psl_acc(PSL 평가에서의 정확도): None 
cw_psl_acc(클래스별 PSL 평가에서의 정확도):  [nan, nan, nan, nan, nan, nan, nan]
**pseudo_label ->  [0.1236, 0.117, 0.1103, 0.2967, 0.1023, 0.119, 0.1311] **
max =  0.2967 | max_idx =  3
**pseudo_label ->  [0.1067, 0.2604, 0.1113, 0.1361, 0.0946, 0.1342, 0.1566] **
max =  0.2604 | max_idx =  1
**pseudo_label ->  [0.1195, 0.1268, 0.1237, 0.2924, 0.104, 0.1118, 0.1218] **
max =  0.2924 | max_idx =  3
**pseudo_label ->  [0.1202, 0.1274, 0.1109, 0.1092, 0.2906, 0.1176, 0.124] **
max =  0.2906 | max_idx =  4
**pseudo_label ->  [0.0982, 0.1427, 0.1011, 0.1173, 0.2767, 0.1326, 0.1314] **
max =  0.2767 | max_idx =  4
Epoch 24/50, Train Loss: 1.1927, Valid Loss: 1.8756, Train Acc: 1.0000, Val Acc: 0.2899, Test Acc: 0.1844, Test F1: 0.1549, Total Pseudo-Labels: 0, Correct Pseudo-Labels: 0, Train Data Number: 35



line 303 => train data수 35
line 258 => 인스턴스 수 5
Step 120  Tim 0:24:22
acc_train_cw(현재 train의 class별 acc) [1.0, 1.0, 1.0, 1.0, 1.0, 1.0, 1.0]
cw_psl_total_eval(pseudo label 클래스별 총 샘플 수):  [0, 0, 0, 0, 0, 0, 0]
cw_psl_correct_eval(pseudo label 클래스별 맞은 샘플 수):  [0, 0, 0, 0, 0, 0, 0]
psl_acc(PSL 평가에서의 정확도): None 
cw_psl_acc(클래스별 PSL 평가에서의 정확도):  [nan, nan, nan, nan, nan, nan, nan]
**pseudo_label ->  [0.121, 0.1287, 0.1068, 0.2971, 0.1011, 0.118, 0.1272] **
max =  0.2971 | max_idx =  3
**pseudo_label ->  [0.1006, 0.2619, 0.1125, 0.1459, 0.0973, 0.1427, 0.1391] **
max =  0.2619 | max_idx =  1
**pseudo_label ->  [0.1143, 0.138, 0.1253, 0.2906, 0.1023, 0.1149, 0.1146] **
max =  0.2906 | max_idx =  3
**pseudo_label ->  [0.1187, 0.1231, 0.1117, 0.1116, 0.294, 0.1181, 0.1229] **
max =  0.294 | max_idx =  4
**pseudo_label ->  [0.087, 0.1689, 0.0922, 0.1303, 0.2434, 0.1416, 0.1366] **
max =  0.2434 | max_idx =  4
Epoch 25/50, Train Loss: 1.1794, Valid Loss: 1.8767, Train Acc: 1.0000, Val Acc: 0.2899, Test Acc: 0.1885, Test F1: 0.1548, Total Pseudo-Labels: 0, Correct Pseudo-Labels: 0, Train Data Number: 35



line 303 => train data수 35
line 258 => 인스턴스 수 5
Step 125  Tim 0:25:20
acc_train_cw(현재 train의 class별 acc) [1.0, 1.0, 1.0, 1.0, 1.0, 1.0, 1.0]
cw_psl_total_eval(pseudo label 클래스별 총 샘플 수):  [0, 0, 0, 0, 0, 0, 0]
cw_psl_correct_eval(pseudo label 클래스별 맞은 샘플 수):  [0, 0, 0, 0, 0, 0, 0]
psl_acc(PSL 평가에서의 정확도): None 
cw_psl_acc(클래스별 PSL 평가에서의 정확도):  [nan, nan, nan, nan, nan, nan, nan]
**pseudo_label ->  [0.1225, 0.1269, 0.1085, 0.3021, 0.0998, 0.1145, 0.1256] **
max =  0.3021 | max_idx =  3
**pseudo_label ->  [0.0995, 0.269, 0.1145, 0.1337, 0.0969, 0.1498, 0.1365] **
max =  0.269 | max_idx =  1
**pseudo_label ->  [0.1145, 0.133, 0.1228, 0.2977, 0.1041, 0.1108, 0.1171] **
max =  0.2977 | max_idx =  3
**pseudo_label ->  [0.118, 0.1212, 0.1096, 0.1065, 0.2992, 0.1192, 0.1262] **
max =  0.2992 | max_idx =  4
**pseudo_label ->  [0.0941, 0.1605, 0.0922, 0.1182, 0.2684, 0.1416, 0.1251] **
max =  0.2684 | max_idx =  4
Epoch 26/50, Train Loss: 1.1667, Valid Loss: 1.8773, Train Acc: 1.0000, Val Acc: 0.2899, Test Acc: 0.1885, Test F1: 0.1589, Total Pseudo-Labels: 0, Correct Pseudo-Labels: 0, Train Data Number: 35



line 303 => train data수 35
line 258 => 인스턴스 수 5
Step 130  Tim 0:26:17
acc_train_cw(현재 train의 class별 acc) [1.0, 1.0, 1.0, 1.0, 1.0, 1.0, 1.0]
cw_psl_total_eval(pseudo label 클래스별 총 샘플 수):  [0, 0, 0, 0, 0, 0, 0]
cw_psl_correct_eval(pseudo label 클래스별 맞은 샘플 수):  [0, 0, 0, 0, 0, 0, 0]
psl_acc(PSL 평가에서의 정확도): None 
cw_psl_acc(클래스별 PSL 평가에서의 정확도):  [nan, nan, nan, nan, nan, nan, nan]
**pseudo_label ->  [0.1177, 0.116, 0.1078, 0.3059, 0.0991, 0.1176, 0.1359] **
max =  0.3059 | max_idx =  3
**pseudo_label ->  [0.0963, 0.2505, 0.1215, 0.142, 0.09, 0.1667, 0.1329] **
max =  0.2505 | max_idx =  1
**pseudo_label ->  [0.1096, 0.1311, 0.125, 0.301, 0.1035, 0.1151, 0.1147] **
max =  0.301 | max_idx =  3
**pseudo_label ->  [0.1163, 0.1229, 0.1118, 0.1048, 0.3026, 0.1197, 0.122] **
max =  0.3026 | max_idx =  4
**pseudo_label ->  [0.0927, 0.1542, 0.0932, 0.1208, 0.2692, 0.1514, 0.1185] **
max =  0.2692 | max_idx =  4
Epoch 27/50, Train Loss: 1.1543, Valid Loss: 1.8794, Train Acc: 1.0000, Val Acc: 0.2834, Test Acc: 0.1803, Test F1: 0.1549, Total Pseudo-Labels: 0, Correct Pseudo-Labels: 0, Train Data Number: 35



line 303 => train data수 35
line 258 => 인스턴스 수 5
Step 135  Tim 0:27:14
acc_train_cw(현재 train의 class별 acc) [1.0, 1.0, 1.0, 1.0, 1.0, 1.0, 1.0]
cw_psl_total_eval(pseudo label 클래스별 총 샘플 수):  [0, 0, 0, 0, 0, 0, 0]
cw_psl_correct_eval(pseudo label 클래스별 맞은 샘플 수):  [0, 0, 0, 0, 0, 0, 0]
psl_acc(PSL 평가에서의 정확도): None 
cw_psl_acc(클래스별 PSL 평가에서의 정확도):  [nan, nan, nan, nan, nan, nan, nan]
**pseudo_label ->  [0.1214, 0.1209, 0.1056, 0.3109, 0.0986, 0.1127, 0.13] **
max =  0.3109 | max_idx =  3
**pseudo_label ->  [0.1029, 0.2912, 0.111, 0.1161, 0.0984, 0.1388, 0.1415] **
max =  0.2912 | max_idx =  1
**pseudo_label ->  [0.1124, 0.1479, 0.1215, 0.2959, 0.1017, 0.1089, 0.1118] **
max =  0.2959 | max_idx =  3
**pseudo_label ->  [0.1163, 0.1213, 0.1137, 0.1071, 0.3061, 0.1154, 0.1201] **
max =  0.3061 | max_idx =  4
**pseudo_label ->  [0.0944, 0.1561, 0.0978, 0.1118, 0.2872, 0.1342, 0.1185] **
max =  0.2872 | max_idx =  4
Epoch 28/50, Train Loss: 1.1408, Valid Loss: 1.8692, Train Acc: 1.0000, Val Acc: 0.2834, Test Acc: 0.1844, Test F1: 0.1577, Total Pseudo-Labels: 0, Correct Pseudo-Labels: 0, Train Data Number: 35



line 303 => train data수 35
line 258 => 인스턴스 수 5
Step 140  Tim 0:28:11
acc_train_cw(현재 train의 class별 acc) [1.0, 1.0, 1.0, 1.0, 1.0, 1.0, 1.0]
cw_psl_total_eval(pseudo label 클래스별 총 샘플 수):  [0, 0, 0, 0, 0, 0, 0]
cw_psl_correct_eval(pseudo label 클래스별 맞은 샘플 수):  [0, 0, 0, 0, 0, 0, 0]
psl_acc(PSL 평가에서의 정확도): None 
cw_psl_acc(클래스별 PSL 평가에서의 정확도):  [nan, nan, nan, nan, nan, nan, nan]
**pseudo_label ->  [0.119, 0.1157, 0.1104, 0.3172, 0.0993, 0.1144, 0.1242] **
max =  0.3172 | max_idx =  3
**pseudo_label ->  [0.1015, 0.2928, 0.1138, 0.1255, 0.0954, 0.1345, 0.1365] **
max =  0.2928 | max_idx =  1
**pseudo_label ->  [0.1133, 0.1232, 0.1197, 0.3145, 0.0987, 0.1135, 0.1171] **
max =  0.3145 | max_idx =  3
**pseudo_label ->  [0.1159, 0.1223, 0.1098, 0.1071, 0.3107, 0.116, 0.1183] **
max =  0.3107 | max_idx =  4
**pseudo_label ->  [0.0827, 0.157, 0.0942, 0.1275, 0.2562, 0.1647, 0.1177] **
max =  0.2562 | max_idx =  4
Epoch 29/50, Train Loss: 1.1277, Valid Loss: 1.8784, Train Acc: 1.0000, Val Acc: 0.2866, Test Acc: 0.1824, Test F1: 0.1512, Total Pseudo-Labels: 0, Correct Pseudo-Labels: 0, Train Data Number: 35



line 303 => train data수 35
line 258 => 인스턴스 수 5
Step 145  Tim 0:29:08
acc_train_cw(현재 train의 class별 acc) [1.0, 1.0, 1.0, 1.0, 1.0, 1.0, 1.0]
cw_psl_total_eval(pseudo label 클래스별 총 샘플 수):  [0, 0, 0, 0, 0, 0, 0]
cw_psl_correct_eval(pseudo label 클래스별 맞은 샘플 수):  [0, 0, 0, 0, 0, 0, 0]
psl_acc(PSL 평가에서의 정확도): None 
cw_psl_acc(클래스별 PSL 평가에서의 정확도):  [nan, nan, nan, nan, nan, nan, nan]
**pseudo_label ->  [0.1158, 0.1121, 0.1062, 0.3211, 0.0973, 0.1164, 0.1311] **
max =  0.3211 | max_idx =  3
**pseudo_label ->  [0.0928, 0.2742, 0.1093, 0.126, 0.0955, 0.1549, 0.1473] **
max =  0.2742 | max_idx =  1
**pseudo_label ->  [0.1128, 0.1235, 0.1149, 0.3197, 0.1016, 0.1108, 0.1168] **
max =  0.3197 | max_idx =  3
**pseudo_label ->  [0.1157, 0.1197, 0.11, 0.1058, 0.3143, 0.1138, 0.1207] **
max =  0.3143 | max_idx =  4
**pseudo_label ->  [0.0826, 0.1705, 0.0858, 0.1222, 0.2551, 0.1515, 0.1323] **
max =  0.2551 | max_idx =  4
Epoch 30/50, Train Loss: 1.1150, Valid Loss: 1.8811, Train Acc: 1.0000, Val Acc: 0.2899, Test Acc: 0.1783, Test F1: 0.1506, Total Pseudo-Labels: 0, Correct Pseudo-Labels: 0, Train Data Number: 35



line 303 => train data수 35
line 258 => 인스턴스 수 5
Step 150  Tim 0:30:05
acc_train_cw(현재 train의 class별 acc) [1.0, 1.0, 1.0, 1.0, 1.0, 1.0, 1.0]
cw_psl_total_eval(pseudo label 클래스별 총 샘플 수):  [0, 0, 0, 0, 0, 0, 0]
cw_psl_correct_eval(pseudo label 클래스별 맞은 샘플 수):  [0, 0, 0, 0, 0, 0, 0]
psl_acc(PSL 평가에서의 정확도): None 
cw_psl_acc(클래스별 PSL 평가에서의 정확도):  [nan, nan, nan, nan, nan, nan, nan]
**pseudo_label ->  [0.1192, 0.1156, 0.1019, 0.3231, 0.0965, 0.1138, 0.1299] **
max =  0.3231 | max_idx =  3
**pseudo_label ->  [0.0932, 0.2825, 0.1065, 0.1279, 0.0949, 0.1454, 0.1496] **
max =  0.2825 | max_idx =  1
**pseudo_label ->  [0.1135, 0.1361, 0.1236, 0.3136, 0.0978, 0.1091, 0.1062] **
max =  0.3136 | max_idx =  3
**pseudo_label ->  [0.1133, 0.1187, 0.1099, 0.1051, 0.3184, 0.1156, 0.1191] **
max =  0.3184 | max_idx =  4
**pseudo_label ->  [0.0906, 0.148, 0.0908, 0.1142, 0.291, 0.1466, 0.1188] **
max =  0.291 | max_idx =  4
Epoch 31/50, Train Loss: 1.1028, Valid Loss: 1.8676, Train Acc: 1.0000, Val Acc: 0.2899, Test Acc: 0.1824, Test F1: 0.1565, Total Pseudo-Labels: 0, Correct Pseudo-Labels: 0, Train Data Number: 35



line 303 => train data수 35
line 258 => 인스턴스 수 5
Step 155  Tim 0:31:02
acc_train_cw(현재 train의 class별 acc) [1.0, 1.0, 1.0, 1.0, 1.0, 1.0, 1.0]
cw_psl_total_eval(pseudo label 클래스별 총 샘플 수):  [0, 0, 0, 0, 0, 0, 0]
cw_psl_correct_eval(pseudo label 클래스별 맞은 샘플 수):  [0, 0, 0, 0, 0, 0, 0]
psl_acc(PSL 평가에서의 정확도): None 
cw_psl_acc(클래스별 PSL 평가에서의 정확도):  [nan, nan, nan, nan, nan, nan, nan]
**pseudo_label ->  [0.1179, 0.1097, 0.1067, 0.3292, 0.0946, 0.1124, 0.1294] **
max =  0.3292 | max_idx =  3
**pseudo_label ->  [0.0974, 0.2745, 0.1154, 0.1461, 0.0849, 0.1437, 0.138] **
max =  0.2745 | max_idx =  1
**pseudo_label ->  [0.1106, 0.1278, 0.1161, 0.3242, 0.0988, 0.108, 0.1146] **
max =  0.3242 | max_idx =  3
**pseudo_label ->  [0.1132, 0.1181, 0.1095, 0.1049, 0.3228, 0.1149, 0.1166] **
max =  0.3228 | max_idx =  4
**pseudo_label ->  [0.0868, 0.149, 0.095, 0.1217, 0.2963, 0.1334, 0.1178] **
max =  0.2963 | max_idx =  4
Epoch 32/50, Train Loss: 1.0898, Valid Loss: 1.8791, Train Acc: 1.0000, Val Acc: 0.2899, Test Acc: 0.1865, Test F1: 0.1530, Total Pseudo-Labels: 0, Correct Pseudo-Labels: 0, Train Data Number: 35



line 303 => train data수 35
line 258 => 인스턴스 수 5
Step 160  Tim 0:31:59
acc_train_cw(현재 train의 class별 acc) [1.0, 1.0, 1.0, 1.0, 1.0, 1.0, 1.0]
cw_psl_total_eval(pseudo label 클래스별 총 샘플 수):  [0, 0, 0, 0, 0, 0, 0]
cw_psl_correct_eval(pseudo label 클래스별 맞은 샘플 수):  [0, 0, 0, 0, 0, 0, 0]
psl_acc(PSL 평가에서의 정확도): None 
cw_psl_acc(클래스별 PSL 평가에서의 정확도):  [nan, nan, nan, nan, nan, nan, nan]
**pseudo_label ->  [0.1127, 0.1233, 0.0991, 0.3285, 0.0974, 0.112, 0.1271] **
max =  0.3285 | max_idx =  3
**pseudo_label ->  [0.1, 0.3122, 0.1045, 0.1119, 0.0978, 0.1401, 0.1336] **
max =  0.3122 | max_idx =  1
**pseudo_label ->  [0.1077, 0.1245, 0.1192, 0.3291, 0.0996, 0.112, 0.1079] **
max =  0.3291 | max_idx =  3
**pseudo_label ->  [0.1106, 0.12, 0.1061, 0.1051, 0.3272, 0.1146, 0.1164] **
max =  0.3272 | max_idx =  4
**pseudo_label ->  [0.0847, 0.1529, 0.0891, 0.1194, 0.2894, 0.1469, 0.1177] **
max =  0.2894 | max_idx =  4
Epoch 33/50, Train Loss: 1.0773, Valid Loss: 1.8830, Train Acc: 1.0000, Val Acc: 0.2866, Test Acc: 0.1803, Test F1: 0.1501, Total Pseudo-Labels: 0, Correct Pseudo-Labels: 0, Train Data Number: 35



line 303 => train data수 35
line 258 => 인스턴스 수 5
Step 165  Tim 0:32:56
acc_train_cw(현재 train의 class별 acc) [1.0, 1.0, 1.0, 1.0, 1.0, 1.0, 1.0]
cw_psl_total_eval(pseudo label 클래스별 총 샘플 수):  [0, 0, 0, 0, 0, 0, 0]
cw_psl_correct_eval(pseudo label 클래스별 맞은 샘플 수):  [0, 0, 0, 0, 0, 0, 0]
psl_acc(PSL 평가에서의 정확도): None 
cw_psl_acc(클래스별 PSL 평가에서의 정확도):  [nan, nan, nan, nan, nan, nan, nan]
**pseudo_label ->  [0.118, 0.1165, 0.1031, 0.3359, 0.0927, 0.11, 0.1238] **
max =  0.3359 | max_idx =  3
**pseudo_label ->  [0.0989, 0.3098, 0.1092, 0.1189, 0.0908, 0.1341, 0.1383] **
max =  0.3098 | max_idx =  1
**pseudo_label ->  [0.1105, 0.1398, 0.1132, 0.3249, 0.0964, 0.112, 0.1032] **
max =  0.3249 | max_idx =  3
**pseudo_label ->  [0.1138, 0.1174, 0.1056, 0.1046, 0.3306, 0.1126, 0.1154] **
max =  0.3306 | max_idx =  4
**pseudo_label ->  [0.0867, 0.1463, 0.0956, 0.121, 0.3025, 0.1374, 0.1106] **
max =  0.3025 | max_idx =  4
Epoch 34/50, Train Loss: 1.0651, Valid Loss: 1.8638, Train Acc: 1.0000, Val Acc: 0.2866, Test Acc: 0.1762, Test F1: 0.1488, Total Pseudo-Labels: 0, Correct Pseudo-Labels: 0, Train Data Number: 35



line 303 => train data수 35
line 258 => 인스턴스 수 5
Step 170  Tim 0:33:53
acc_train_cw(현재 train의 class별 acc) [1.0, 1.0, 1.0, 1.0, 1.0, 1.0, 1.0]
cw_psl_total_eval(pseudo label 클래스별 총 샘플 수):  [0, 0, 0, 0, 0, 0, 0]
cw_psl_correct_eval(pseudo label 클래스별 맞은 샘플 수):  [0, 0, 0, 0, 0, 0, 0]
psl_acc(PSL 평가에서의 정확도): None 
cw_psl_acc(클래스별 PSL 평가에서의 정확도):  [nan, nan, nan, nan, nan, nan, nan]
**pseudo_label ->  [0.1149, 0.1123, 0.1021, 0.3431, 0.0952, 0.1123, 0.1201] **
max =  0.3431 | max_idx =  3
**pseudo_label ->  [0.0966, 0.2943, 0.1107, 0.1388, 0.0838, 0.1399, 0.1358] **
max =  0.2943 | max_idx =  1
**pseudo_label ->  [0.1106, 0.1321, 0.1175, 0.3327, 0.0975, 0.1015, 0.108] **
max =  0.3327 | max_idx =  3
**pseudo_label ->  [0.1118, 0.1141, 0.1087, 0.1041, 0.3344, 0.1155, 0.1113] **
max =  0.3344 | max_idx =  4
**pseudo_label ->  [0.0882, 0.1367, 0.0915, 0.118, 0.3081, 0.1471, 0.1104] **
max =  0.3081 | max_idx =  4
Epoch 35/50, Train Loss: 1.0531, Valid Loss: 1.8732, Train Acc: 1.0000, Val Acc: 0.2899, Test Acc: 0.1824, Test F1: 0.1499, Total Pseudo-Labels: 0, Correct Pseudo-Labels: 0, Train Data Number: 35



line 303 => train data수 35
line 258 => 인스턴스 수 5
Step 175  Tim 0:34:50
acc_train_cw(현재 train의 class별 acc) [1.0, 1.0, 1.0, 1.0, 1.0, 1.0, 1.0]
cw_psl_total_eval(pseudo label 클래스별 총 샘플 수):  [0, 0, 0, 0, 0, 0, 0]
cw_psl_correct_eval(pseudo label 클래스별 맞은 샘플 수):  [0, 0, 0, 0, 0, 0, 0]
psl_acc(PSL 평가에서의 정확도): None 
cw_psl_acc(클래스별 PSL 평가에서의 정확도):  [nan, nan, nan, nan, nan, nan, nan]
**pseudo_label ->  [0.1126, 0.1194, 0.1045, 0.342, 0.0902, 0.1076, 0.1237] **
max =  0.342 | max_idx =  3
**pseudo_label ->  [0.099, 0.3229, 0.1137, 0.1144, 0.0906, 0.1405, 0.1188] **
max =  0.3229 | max_idx =  1
**pseudo_label ->  [0.1057, 0.1292, 0.1249, 0.3344, 0.0949, 0.1039, 0.1071] **
max =  0.3344 | max_idx =  3
**pseudo_label ->  [0.1124, 0.1187, 0.1068, 0.1045, 0.3382, 0.1086, 0.1108] **
max =  0.3382 | max_idx =  4
**pseudo_label ->  [0.0811, 0.1427, 0.0913, 0.1184, 0.3074, 0.136, 0.1231] **
max =  0.3074 | max_idx =  4
Epoch 36/50, Train Loss: 1.0405, Valid Loss: 1.8756, Train Acc: 1.0000, Val Acc: 0.2899, Test Acc: 0.1844, Test F1: 0.1542, Total Pseudo-Labels: 0, Correct Pseudo-Labels: 0, Train Data Number: 35



line 303 => train data수 35
line 258 => 인스턴스 수 5
Step 180  Tim 0:35:47
acc_train_cw(현재 train의 class별 acc) [1.0, 1.0, 1.0, 1.0, 1.0, 1.0, 1.0]
cw_psl_total_eval(pseudo label 클래스별 총 샘플 수):  [0, 0, 0, 0, 0, 0, 0]
cw_psl_correct_eval(pseudo label 클래스별 맞은 샘플 수):  [0, 0, 0, 0, 0, 0, 0]
psl_acc(PSL 평가에서의 정확도): None 
cw_psl_acc(클래스별 PSL 평가에서의 정확도):  [nan, nan, nan, nan, nan, nan, nan]
**pseudo_label ->  [0.1106, 0.1085, 0.0994, 0.3503, 0.0934, 0.1141, 0.1238] **
max =  0.3503 | max_idx =  3
**pseudo_label ->  [0.0973, 0.3258, 0.1062, 0.1197, 0.0899, 0.1324, 0.1285] **
max =  0.3258 | max_idx =  1
**pseudo_label ->  [0.1093, 0.1241, 0.1172, 0.3451, 0.0941, 0.106, 0.1042] **
max =  0.3451 | max_idx =  3
**pseudo_label ->  [0.1089, 0.1152, 0.1051, 0.1047, 0.3437, 0.1066, 0.1159] **
max =  0.3437 | max_idx =  4
**pseudo_label ->  [0.0825, 0.161, 0.0918, 0.1112, 0.3118, 0.1223, 0.1195] **
max =  0.3118 | max_idx =  4
Epoch 37/50, Train Loss: 1.0285, Valid Loss: 1.8735, Train Acc: 1.0000, Val Acc: 0.2834, Test Acc: 0.1762, Test F1: 0.1517, Total Pseudo-Labels: 0, Correct Pseudo-Labels: 0, Train Data Number: 35



line 303 => train data수 35
line 258 => 인스턴스 수 5
Step 185  Tim 0:36:45
acc_train_cw(현재 train의 class별 acc) [1.0, 1.0, 1.0, 1.0, 1.0, 1.0, 1.0]
cw_psl_total_eval(pseudo label 클래스별 총 샘플 수):  [0, 0, 0, 0, 0, 0, 0]
cw_psl_correct_eval(pseudo label 클래스별 맞은 샘플 수):  [0, 0, 0, 0, 0, 0, 0]
psl_acc(PSL 평가에서의 정확도): None 
cw_psl_acc(클래스별 PSL 평가에서의 정확도):  [nan, nan, nan, nan, nan, nan, nan]
**pseudo_label ->  [0.1107, 0.1222, 0.094, 0.3464, 0.0941, 0.1046, 0.128] **
max =  0.3464 | max_idx =  3
**pseudo_label ->  [0.097, 0.3285, 0.0991, 0.1123, 0.0908, 0.1306, 0.1418] **
max =  0.3285 | max_idx =  1
**pseudo_label ->  [0.1046, 0.1251, 0.1158, 0.3476, 0.0971, 0.1046, 0.1052] **
max =  0.3476 | max_idx =  3
**pseudo_label ->  [0.111, 0.1161, 0.1018, 0.1004, 0.3485, 0.1106, 0.1117] **
max =  0.3485 | max_idx =  4
**pseudo_label ->  [0.0837, 0.1228, 0.0917, 0.1227, 0.3237, 0.137, 0.1185] **
max =  0.3237 | max_idx =  4
Epoch 38/50, Train Loss: 1.0165, Valid Loss: 1.8726, Train Acc: 1.0000, Val Acc: 0.2834, Test Acc: 0.1824, Test F1: 0.1530, Total Pseudo-Labels: 0, Correct Pseudo-Labels: 0, Train Data Number: 35



line 303 => train data수 35
line 258 => 인스턴스 수 5
Step 190  Tim 0:37:42
acc_train_cw(현재 train의 class별 acc) [1.0, 1.0, 1.0, 1.0, 1.0, 1.0, 1.0]
cw_psl_total_eval(pseudo label 클래스별 총 샘플 수):  [0, 0, 0, 0, 0, 0, 0]
cw_psl_correct_eval(pseudo label 클래스별 맞은 샘플 수):  [0, 0, 0, 0, 0, 0, 0]
psl_acc(PSL 평가에서의 정확도): None 
cw_psl_acc(클래스별 PSL 평가에서의 정확도):  [nan, nan, nan, nan, nan, nan, nan]
**pseudo_label ->  [0.1098, 0.1104, 0.1003, 0.3582, 0.0915, 0.1053, 0.1245] **
max =  0.3582 | max_idx =  3
**pseudo_label ->  [0.087, 0.2914, 0.1074, 0.1401, 0.0828, 0.1576, 0.1337] **
max =  0.2914 | max_idx =  1
**pseudo_label ->  [0.1051, 0.132, 0.1163, 0.3471, 0.0908, 0.1014, 0.1073] **
max =  0.3471 | max_idx =  3
**pseudo_label ->  [0.1092, 0.1135, 0.1028, 0.1002, 0.3527, 0.1106, 0.1111] **
max =  0.3527 | max_idx =  4
**pseudo_label ->  [0.0882, 0.1435, 0.0937, 0.1063, 0.3344, 0.1282, 0.1056] **
max =  0.3344 | max_idx =  4
Epoch 39/50, Train Loss: 1.0046, Valid Loss: 1.8888, Train Acc: 1.0000, Val Acc: 0.2932, Test Acc: 0.1947, Test F1: 0.1620, Total Pseudo-Labels: 0, Correct Pseudo-Labels: 0, Train Data Number: 35



line 303 => train data수 35
line 258 => 인스턴스 수 5
Step 195  Tim 0:38:39
acc_train_cw(현재 train의 class별 acc) [1.0, 1.0, 1.0, 1.0, 1.0, 1.0, 1.0]
cw_psl_total_eval(pseudo label 클래스별 총 샘플 수):  [0, 0, 0, 0, 0, 0, 0]
cw_psl_correct_eval(pseudo label 클래스별 맞은 샘플 수):  [0, 0, 0, 0, 0, 0, 0]
psl_acc(PSL 평가에서의 정확도): None 
cw_psl_acc(클래스별 PSL 평가에서의 정확도):  [nan, nan, nan, nan, nan, nan, nan]
**pseudo_label ->  [0.1083, 0.1173, 0.0984, 0.358, 0.0888, 0.1047, 0.1245] **
max =  0.358 | max_idx =  3
**pseudo_label ->  [0.0918, 0.3369, 0.1099, 0.1151, 0.0898, 0.1353, 0.1213] **
max =  0.3369 | max_idx =  1
**pseudo_label ->  [0.1041, 0.1335, 0.1123, 0.3517, 0.0941, 0.1014, 0.1029] **
max =  0.3517 | max_idx =  3
**pseudo_label ->  [0.107, 0.109, 0.103, 0.0999, 0.3568, 0.1122, 0.1122] **
max =  0.3568 | max_idx =  4
**pseudo_label ->  [0.0873, 0.1316, 0.0945, 0.1038, 0.3463, 0.1216, 0.115] **
max =  0.3463 | max_idx =  4
Epoch 40/50, Train Loss: 0.9929, Valid Loss: 1.8889, Train Acc: 1.0000, Val Acc: 0.2801, Test Acc: 0.1803, Test F1: 0.1550, Total Pseudo-Labels: 0, Correct Pseudo-Labels: 0, Train Data Number: 35



line 303 => train data수 35
line 258 => 인스턴스 수 5
Step 200  Tim 0:39:35
acc_train_cw(현재 train의 class별 acc) [1.0, 1.0, 1.0, 1.0, 1.0, 1.0, 1.0]
cw_psl_total_eval(pseudo label 클래스별 총 샘플 수):  [0, 0, 0, 0, 0, 0, 0]
cw_psl_correct_eval(pseudo label 클래스별 맞은 샘플 수):  [0, 0, 0, 0, 0, 0, 0]
psl_acc(PSL 평가에서의 정확도): None 
cw_psl_acc(클래스별 PSL 평가에서의 정확도):  [nan, nan, nan, nan, nan, nan, nan]
**pseudo_label ->  [0.1081, 0.1077, 0.0976, 0.3679, 0.0891, 0.1093, 0.1204] **
max =  0.3679 | max_idx =  3
**pseudo_label ->  [0.0868, 0.3156, 0.1099, 0.1277, 0.0815, 0.1451, 0.1333] **
max =  0.3156 | max_idx =  1
**pseudo_label ->  [0.1089, 0.1211, 0.1127, 0.3632, 0.0909, 0.1007, 0.1025] **
max =  0.3632 | max_idx =  3
**pseudo_label ->  [0.1081, 0.1095, 0.1031, 0.0986, 0.3609, 0.1078, 0.1121] **
max =  0.3609 | max_idx =  4
**pseudo_label ->  [0.0861, 0.1332, 0.0935, 0.105, 0.3478, 0.1226, 0.1119] **
max =  0.3478 | max_idx =  4
Epoch 41/50, Train Loss: 0.9813, Valid Loss: 1.8814, Train Acc: 1.0000, Val Acc: 0.2769, Test Acc: 0.1783, Test F1: 0.1538, Total Pseudo-Labels: 0, Correct Pseudo-Labels: 0, Train Data Number: 35



line 303 => train data수 35
line 258 => 인스턴스 수 5
Step 205  Tim 0:40:32
acc_train_cw(현재 train의 class별 acc) [1.0, 1.0, 1.0, 1.0, 1.0, 1.0, 1.0]
cw_psl_total_eval(pseudo label 클래스별 총 샘플 수):  [0, 0, 0, 0, 0, 0, 0]
cw_psl_correct_eval(pseudo label 클래스별 맞은 샘플 수):  [0, 0, 0, 0, 0, 0, 0]
psl_acc(PSL 평가에서의 정확도): None 
cw_psl_acc(클래스별 PSL 평가에서의 정확도):  [nan, nan, nan, nan, nan, nan, nan]
**pseudo_label ->  [0.1087, 0.1131, 0.097, 0.3702, 0.0871, 0.1049, 0.119] **
max =  0.3702 | max_idx =  3
**pseudo_label ->  [0.0923, 0.3538, 0.1013, 0.1073, 0.0917, 0.1225, 0.131] **
max =  0.3538 | max_idx =  1
**pseudo_label ->  [0.1044, 0.1239, 0.1159, 0.3641, 0.0904, 0.101, 0.1002] **
max =  0.3641 | max_idx =  3
**pseudo_label ->  [0.1088, 0.1102, 0.1019, 0.102, 0.3641, 0.1074, 0.1055] **
max =  0.3641 | max_idx =  4
**pseudo_label ->  [0.0779, 0.1471, 0.0867, 0.1176, 0.3285, 0.1322, 0.11] **
max =  0.3285 | max_idx =  4
Epoch 42/50, Train Loss: 0.9698, Valid Loss: 1.8858, Train Acc: 1.0000, Val Acc: 0.2801, Test Acc: 0.1762, Test F1: 0.1495, Total Pseudo-Labels: 0, Correct Pseudo-Labels: 0, Train Data Number: 35



line 303 => train data수 35
line 258 => 인스턴스 수 5
Step 210  Tim 0:41:30
acc_train_cw(현재 train의 class별 acc) [1.0, 1.0, 1.0, 1.0, 1.0, 1.0, 1.0]
cw_psl_total_eval(pseudo label 클래스별 총 샘플 수):  [0, 0, 0, 0, 0, 0, 0]
cw_psl_correct_eval(pseudo label 클래스별 맞은 샘플 수):  [0, 0, 0, 0, 0, 0, 0]
psl_acc(PSL 평가에서의 정확도): None 
cw_psl_acc(클래스별 PSL 평가에서의 정확도):  [nan, nan, nan, nan, nan, nan, nan]
**pseudo_label ->  [0.1072, 0.1145, 0.0938, 0.3725, 0.0862, 0.1078, 0.1181] **
max =  0.3725 | max_idx =  3
**pseudo_label ->  [0.0895, 0.3246, 0.1014, 0.1428, 0.0798, 0.1355, 0.1263] **
max =  0.3246 | max_idx =  1
**pseudo_label ->  [0.0988, 0.1396, 0.1218, 0.3534, 0.089, 0.1009, 0.0964] **
max =  0.3534 | max_idx =  3
**pseudo_label ->  [0.1066, 0.1089, 0.1025, 0.0948, 0.3694, 0.1092, 0.1087] **
max =  0.3694 | max_idx =  4
**pseudo_label ->  [0.0858, 0.1256, 0.093, 0.1045, 0.3585, 0.1218, 0.1108] **
max =  0.3585 | max_idx =  4
Epoch 43/50, Train Loss: 0.9584, Valid Loss: 1.8913, Train Acc: 1.0000, Val Acc: 0.2801, Test Acc: 0.1762, Test F1: 0.1524, Total Pseudo-Labels: 0, Correct Pseudo-Labels: 0, Train Data Number: 35



line 303 => train data수 35
line 258 => 인스턴스 수 5
Step 215  Tim 0:42:26
acc_train_cw(현재 train의 class별 acc) [1.0, 1.0, 1.0, 1.0, 1.0, 1.0, 1.0]
cw_psl_total_eval(pseudo label 클래스별 총 샘플 수):  [0, 0, 0, 0, 0, 0, 0]
cw_psl_correct_eval(pseudo label 클래스별 맞은 샘플 수):  [0, 0, 0, 0, 0, 0, 0]
psl_acc(PSL 평가에서의 정확도): None 
cw_psl_acc(클래스별 PSL 평가에서의 정확도):  [nan, nan, nan, nan, nan, nan, nan]
**pseudo_label ->  [0.1082, 0.1121, 0.0945, 0.3796, 0.0861, 0.1049, 0.1146] **
max =  0.3796 | max_idx =  3
**pseudo_label ->  [0.0828, 0.3114, 0.106, 0.1427, 0.0792, 0.1562, 0.1217] **
max =  0.3114 | max_idx =  1
**pseudo_label ->  [0.0947, 0.1311, 0.131, 0.3573, 0.0894, 0.1048, 0.0917] **
max =  0.3573 | max_idx =  3
**pseudo_label ->  [0.1034, 0.1104, 0.1001, 0.0971, 0.374, 0.1051, 0.1098] **
max =  0.374 | max_idx =  4
**pseudo_label ->  [0.0773, 0.1314, 0.0868, 0.1064, 0.3473, 0.138, 0.1129] **
max =  0.3473 | max_idx =  4
Epoch 44/50, Train Loss: 0.9467, Valid Loss: 1.8956, Train Acc: 1.0000, Val Acc: 0.2736, Test Acc: 0.1762, Test F1: 0.1469, Total Pseudo-Labels: 0, Correct Pseudo-Labels: 0, Train Data Number: 35



line 303 => train data수 35
line 258 => 인스턴스 수 5
Step 220  Tim 0:43:24
acc_train_cw(현재 train의 class별 acc) [1.0, 1.0, 1.0, 1.0, 1.0, 1.0, 1.0]
cw_psl_total_eval(pseudo label 클래스별 총 샘플 수):  [0, 0, 0, 0, 0, 0, 0]
cw_psl_correct_eval(pseudo label 클래스별 맞은 샘플 수):  [0, 0, 0, 0, 0, 0, 0]
psl_acc(PSL 평가에서의 정확도): None 
cw_psl_acc(클래스별 PSL 평가에서의 정확도):  [nan, nan, nan, nan, nan, nan, nan]
**pseudo_label ->  [0.1017, 0.1168, 0.0934, 0.3732, 0.0837, 0.0996, 0.1316] **
max =  0.3732 | max_idx =  3
**pseudo_label ->  [0.0834, 0.3348, 0.1053, 0.1117, 0.0822, 0.1322, 0.1504] **
max =  0.3348 | max_idx =  1
**pseudo_label ->  [0.0976, 0.1178, 0.1205, 0.3756, 0.088, 0.0991, 0.1014] **
max =  0.3756 | max_idx =  3
**pseudo_label ->  [0.1057, 0.1109, 0.1013, 0.1002, 0.3765, 0.1031, 0.1023] **
max =  0.3765 | max_idx =  4
**pseudo_label ->  [0.0797, 0.128, 0.0878, 0.1059, 0.3572, 0.1321, 0.1093] **
max =  0.3572 | max_idx =  4
Epoch 45/50, Train Loss: 0.9353, Valid Loss: 1.8866, Train Acc: 1.0000, Val Acc: 0.2736, Test Acc: 0.1783, Test F1: 0.1542, Total Pseudo-Labels: 0, Correct Pseudo-Labels: 0, Train Data Number: 35



line 303 => train data수 35
line 258 => 인스턴스 수 5
Step 225  Tim 0:44:20
acc_train_cw(현재 train의 class별 acc) [1.0, 1.0, 1.0, 1.0, 1.0, 1.0, 1.0]
cw_psl_total_eval(pseudo label 클래스별 총 샘플 수):  [0, 0, 0, 0, 0, 0, 0]
cw_psl_correct_eval(pseudo label 클래스별 맞은 샘플 수):  [0, 0, 0, 0, 0, 0, 0]
psl_acc(PSL 평가에서의 정확도): None 
cw_psl_acc(클래스별 PSL 평가에서의 정확도):  [nan, nan, nan, nan, nan, nan, nan]
**pseudo_label ->  [0.1012, 0.1126, 0.0924, 0.3869, 0.0872, 0.1061, 0.1135] **
max =  0.3869 | max_idx =  3
**pseudo_label ->  [0.089, 0.3593, 0.1011, 0.1166, 0.0822, 0.1209, 0.131] **
max =  0.3593 | max_idx =  1
**pseudo_label ->  [0.0962, 0.1283, 0.1203, 0.3711, 0.0889, 0.0963, 0.0989] **
max =  0.3711 | max_idx =  3
**pseudo_label ->  [0.1055, 0.1095, 0.0997, 0.0972, 0.3805, 0.1062, 0.1014] **
max =  0.3805 | max_idx =  4
**pseudo_label ->  [0.0808, 0.13, 0.09, 0.1025, 0.3644, 0.1287, 0.1037] **
max =  0.3644 | max_idx =  4
Epoch 46/50, Train Loss: 0.9245, Valid Loss: 1.8808, Train Acc: 1.0000, Val Acc: 0.2899, Test Acc: 0.1783, Test F1: 0.1539, Total Pseudo-Labels: 0, Correct Pseudo-Labels: 0, Train Data Number: 35



line 303 => train data수 35
line 258 => 인스턴스 수 5
Step 230  Tim 0:45:17
acc_train_cw(현재 train의 class별 acc) [1.0, 1.0, 1.0, 1.0, 1.0, 1.0, 1.0]
cw_psl_total_eval(pseudo label 클래스별 총 샘플 수):  [0, 0, 0, 0, 0, 0, 0]
cw_psl_correct_eval(pseudo label 클래스별 맞은 샘플 수):  [0, 0, 0, 0, 0, 0, 0]
psl_acc(PSL 평가에서의 정확도): None 
cw_psl_acc(클래스별 PSL 평가에서의 정확도):  [nan, nan, nan, nan, nan, nan, nan]
**pseudo_label ->  [0.1003, 0.115, 0.0881, 0.3861, 0.0845, 0.1044, 0.1217] **
max =  0.3861 | max_idx =  3
**pseudo_label ->  [0.0878, 0.3539, 0.1031, 0.1381, 0.08, 0.1215, 0.1156] **
max =  0.3539 | max_idx =  1
**pseudo_label ->  [0.096, 0.1275, 0.1147, 0.3787, 0.0907, 0.0979, 0.0944] **
max =  0.3787 | max_idx =  3
**pseudo_label ->  [0.1053, 0.1069, 0.0997, 0.0992, 0.3851, 0.0998, 0.104] **
max =  0.3851 | max_idx =  4
**pseudo_label ->  [0.078, 0.1363, 0.0791, 0.114, 0.3574, 0.1154, 0.1198] **
max =  0.3574 | max_idx =  4
Epoch 47/50, Train Loss: 0.9137, Valid Loss: 1.8884, Train Acc: 1.0000, Val Acc: 0.2834, Test Acc: 0.1803, Test F1: 0.1495, Total Pseudo-Labels: 0, Correct Pseudo-Labels: 0, Train Data Number: 35



line 303 => train data수 35
line 258 => 인스턴스 수 5
Step 235  Tim 0:46:14
acc_train_cw(현재 train의 class별 acc) [1.0, 1.0, 1.0, 1.0, 1.0, 1.0, 1.0]
cw_psl_total_eval(pseudo label 클래스별 총 샘플 수):  [0, 0, 0, 0, 0, 0, 0]
cw_psl_correct_eval(pseudo label 클래스별 맞은 샘플 수):  [0, 0, 0, 0, 0, 0, 0]
psl_acc(PSL 평가에서의 정확도): None 
cw_psl_acc(클래스별 PSL 평가에서의 정확도):  [nan, nan, nan, nan, nan, nan, nan]
**pseudo_label ->  [0.0993, 0.1, 0.0933, 0.398, 0.0866, 0.1057, 0.1171] **
max =  0.398 | max_idx =  3
**pseudo_label ->  [0.0857, 0.3549, 0.0993, 0.1219, 0.0783, 0.1301, 0.1298] **
max =  0.3549 | max_idx =  1
**pseudo_label ->  [0.0956, 0.1084, 0.1127, 0.3959, 0.0888, 0.0981, 0.1005] **
max =  0.3959 | max_idx =  3
**pseudo_label ->  [0.1013, 0.1092, 0.0985, 0.0929, 0.3911, 0.1043, 0.1027] **
max =  0.3911 | max_idx =  4
**pseudo_label ->  [0.0826, 0.1254, 0.0904, 0.0992, 0.3792, 0.1217, 0.1015] **
max =  0.3792 | max_idx =  4
Epoch 48/50, Train Loss: 0.9028, Valid Loss: 1.8947, Train Acc: 1.0000, Val Acc: 0.2801, Test Acc: 0.1803, Test F1: 0.1555, Total Pseudo-Labels: 0, Correct Pseudo-Labels: 0, Train Data Number: 35



line 303 => train data수 35
line 258 => 인스턴스 수 5
Step 240  Tim 0:47:11
acc_train_cw(현재 train의 class별 acc) [1.0, 1.0, 1.0, 1.0, 1.0, 1.0, 1.0]
cw_psl_total_eval(pseudo label 클래스별 총 샘플 수):  [0, 0, 0, 0, 0, 0, 0]
cw_psl_correct_eval(pseudo label 클래스별 맞은 샘플 수):  [0, 0, 0, 0, 0, 0, 0]
psl_acc(PSL 평가에서의 정확도): None 
cw_psl_acc(클래스별 PSL 평가에서의 정확도):  [nan, nan, nan, nan, nan, nan, nan]
**pseudo_label ->  [0.1002, 0.111, 0.0912, 0.397, 0.0825, 0.0998, 0.1182] **
max =  0.397 | max_idx =  3
**pseudo_label ->  [0.0865, 0.3606, 0.1006, 0.1238, 0.076, 0.1231, 0.1293] **
max =  0.3606 | max_idx =  1
**pseudo_label ->  [0.0956, 0.1327, 0.1113, 0.3836, 0.0864, 0.097, 0.0935] **
max =  0.3836 | max_idx =  3
**pseudo_label ->  [0.1014, 0.1073, 0.0959, 0.095, 0.3956, 0.1023, 0.1024] **
max =  0.3956 | max_idx =  4
**pseudo_label ->  [0.0785, 0.1305, 0.0882, 0.1041, 0.3792, 0.1132, 0.1062] **
max =  0.3792 | max_idx =  4
Epoch 49/50, Train Loss: 0.8922, Valid Loss: 1.9001, Train Acc: 1.0000, Val Acc: 0.2736, Test Acc: 0.1783, Test F1: 0.1536, Total Pseudo-Labels: 0, Correct Pseudo-Labels: 0, Train Data Number: 35



line 303 => train data수 35
line 258 => 인스턴스 수 5
Step 245  Tim 0:48:08
acc_train_cw(현재 train의 class별 acc) [1.0, 1.0, 1.0, 1.0, 1.0, 1.0, 1.0]
cw_psl_total_eval(pseudo label 클래스별 총 샘플 수):  [0, 0, 0, 0, 0, 0, 0]
cw_psl_correct_eval(pseudo label 클래스별 맞은 샘플 수):  [0, 0, 0, 0, 0, 0, 0]
psl_acc(PSL 평가에서의 정확도): None 
cw_psl_acc(클래스별 PSL 평가에서의 정확도):  [nan, nan, nan, nan, nan, nan, nan]
**pseudo_label ->  [0.1078, 0.1114, 0.0862, 0.4051, 0.085, 0.098, 0.1065] **
max =  0.4051 | max_idx =  3
**pseudo_label ->  [0.0826, 0.3636, 0.0984, 0.1077, 0.0789, 0.1245, 0.1443] **
max =  0.3636 | max_idx =  1
**pseudo_label ->  [0.0996, 0.1259, 0.1033, 0.3959, 0.0878, 0.0964, 0.0912] **
max =  0.3959 | max_idx =  3
**pseudo_label ->  [0.101, 0.0991, 0.0991, 0.0944, 0.3994, 0.1045, 0.1026] **
max =  0.3994 | max_idx =  4
**pseudo_label ->  [0.082, 0.1241, 0.0828, 0.0993, 0.3864, 0.12, 0.1054] **
max =  0.3864 | max_idx =  4
Epoch 50/50, Train Loss: 0.8816, Valid Loss: 1.9051, Train Acc: 1.0000, Val Acc: 0.2769, Test Acc: 0.1701, Test F1: 0.1473, Total Pseudo-Labels: 0, Correct Pseudo-Labels: 0, Train Data Number: 35

Training complete!
Total training took 0:48:57 (h:mm:ss)
Load model from ./experiment/python_extended_data/output/5_codet5p-110m-embedding_0.0003_0.7_python_extended_data_net0.pth
Save training statistics in:  ./experiment/python_extended_data/log/codet5p/class5//5_codet5p-110m-embedding_0.0003_0.7_python_extended_data/training_statistics.csv

best_trian_loss, epoch => 0.8815960764884949 50
Epoch-1_train_loss => 1.9875340700149535
max_epoch_train_loss => 0.8815960764884949 


best_val_loss, epoch =>  1.8637960050315732 34
Epoch-1_val_loss => 1.944977128932841
max_epoch_val_loss => 1.905148679153927 

pse_epoch =>  []
추가되는 pse_epoch =>  [] 

total_data:  35 
Best_step:  70 
Best_epoch:  14 
best_val_acc:  0.2931596091205212 
best_test_acc:  0.1864754098360656 
best_test_f1:  0.158265348091329
Save best record in:  ./experiment/python_extended_data/log/codet5p/class5/summary.csv
Save best record in:  ./experiment/python_extended_data/log/summary_avgrun.csv
