current work directory:  /home/imsuhan22/few-shot-tc/custom_ssl/code
bs =>  5
Data set -> corcod_extended_data
save_name: 10_graphcodebert-base_0.0002_0.7_corcod_extended_data_37_[42]

data_path:  ../data/problem_based_split/corcod_extended_data

There are 2 GPU(s) available.
We will use the GPU- 0 Quadro RTX 8000

**line 147 모델 =>  microsoft/graphcodebert-base
**tokenizer type =  microsoft/graphcodebert-base 

pesudo label class개수 기준 -> 5
n_labeled_per_class:  10
train_df samples: 739
train_labeled_df samples: 50
train_unlabeled_df samples: 689
n_classes:  5 


net_arch:  microsoft/graphcodebert-base 
lr:  0.0002 
lr_linear:  0.001 




line 303 => train data수 50
line 258 => 인스턴스 수 10
Step 0  Tim 0:00:07
acc_train_cw(현재 train의 class별 acc) [0.0, 0.0, 0.1, 1.0, 0.0]
cw_psl_total_eval(pseudo label 클래스별 총 샘플 수):  [0, 0, 0, 0, 0]
cw_psl_correct_eval(pseudo label 클래스별 맞은 샘플 수):  [0, 0, 0, 0, 0]
psl_acc(PSL 평가에서의 정확도): None 
cw_psl_acc(클래스별 PSL 평가에서의 정확도):  [nan, nan, nan, nan, nan]
***best_acc_model_save --- epoch = 1***
Save model to ./experiment/corcod_extended_data/output/
**pseudo_label ->  [0.2081, 0.1672, 0.2124, 0.2659, 0.1463] **
max =  0.2659 | max_idx =  3
**pseudo_label ->  [0.1859, 0.2289, 0.2024, 0.2441, 0.1386] **
max =  0.2441 | max_idx =  3
**pseudo_label ->  [0.2089, 0.1769, 0.2033, 0.2617, 0.1492] **
max =  0.2617 | max_idx =  3
**pseudo_label ->  [0.1815, 0.2386, 0.216, 0.2367, 0.1273] **
max =  0.2386 | max_idx =  1
**pseudo_label ->  [0.1837, 0.2108, 0.2134, 0.2579, 0.1343] **
max =  0.2579 | max_idx =  3
Epoch 1/37, Train Loss: 1.9335, Valid Loss: 1.6375, Train Acc: 0.2200, Val Acc: 0.1429, Test Acc: 0.2000, Test F1(macro): 0.0922, Total Pseudo-Labels: 0, Correct Pseudo-Labels: 0, Train Data Number: 50



line 303 => train data수 50
line 258 => 인스턴스 수 10
Step 10  Tim 0:00:45
acc_train_cw(현재 train의 class별 acc) [0.0, 0.0, 0.0, 1.0, 0.0]
cw_psl_total_eval(pseudo label 클래스별 총 샘플 수):  [0, 0, 0, 0, 0]
cw_psl_correct_eval(pseudo label 클래스별 맞은 샘플 수):  [0, 0, 0, 0, 0]
psl_acc(PSL 평가에서의 정확도): None 
cw_psl_acc(클래스별 PSL 평가에서의 정확도):  [nan, nan, nan, nan, nan]
**pseudo_label ->  [0.2234, 0.1757, 0.1957, 0.2252, 0.18] **
max =  0.2252 | max_idx =  3
**pseudo_label ->  [0.2022, 0.1722, 0.1895, 0.2296, 0.2065] **
max =  0.2296 | max_idx =  3
**pseudo_label ->  [0.2322, 0.1788, 0.1861, 0.2143, 0.1886] **
max =  0.2322 | max_idx =  0
**pseudo_label ->  [0.2376, 0.1694, 0.1832, 0.223, 0.1868] **
max =  0.2376 | max_idx =  0
**pseudo_label ->  [0.2211, 0.1594, 0.1219, 0.2728, 0.2249] **
max =  0.2728 | max_idx =  3
Epoch 2/37, Train Loss: 1.7815, Valid Loss: 1.6160, Train Acc: 0.2000, Val Acc: 0.1429, Test Acc: 0.2316, Test F1(macro): 0.0752, Total Pseudo-Labels: 0, Correct Pseudo-Labels: 0, Train Data Number: 50



line 303 => train data수 50
line 258 => 인스턴스 수 10
Step 20  Tim 0:01:21
acc_train_cw(현재 train의 class별 acc) [0.0, 0.0, 0.0, 1.0, 0.0]
cw_psl_total_eval(pseudo label 클래스별 총 샘플 수):  [0, 0, 0, 0, 0]
cw_psl_correct_eval(pseudo label 클래스별 맞은 샘플 수):  [0, 0, 0, 0, 0]
psl_acc(PSL 평가에서의 정확도): None 
cw_psl_acc(클래스별 PSL 평가에서의 정확도):  [nan, nan, nan, nan, nan]
**pseudo_label ->  [0.2043, 0.154, 0.1841, 0.2498, 0.2077] **
max =  0.2498 | max_idx =  3
**pseudo_label ->  [0.2118, 0.1562, 0.1928, 0.2544, 0.1847] **
max =  0.2544 | max_idx =  3
**pseudo_label ->  [0.1959, 0.1476, 0.1903, 0.244, 0.2221] **
max =  0.244 | max_idx =  3
**pseudo_label ->  [0.2127, 0.155, 0.1899, 0.2386, 0.2038] **
max =  0.2386 | max_idx =  3
**pseudo_label ->  [0.183, 0.0613, 0.1329, 0.3915, 0.2313] **
max =  0.3915 | max_idx =  3
Epoch 3/37, Train Loss: 1.6392, Valid Loss: 1.5958, Train Acc: 0.2000, Val Acc: 0.1429, Test Acc: 0.2316, Test F1(macro): 0.0752, Total Pseudo-Labels: 0, Correct Pseudo-Labels: 0, Train Data Number: 50



line 303 => train data수 50
line 258 => 인스턴스 수 10
Step 30  Tim 0:01:57
acc_train_cw(현재 train의 class별 acc) [0.0, 0.0, 1.0, 0.0, 0.0]
cw_psl_total_eval(pseudo label 클래스별 총 샘플 수):  [0, 0, 0, 0, 0]
cw_psl_correct_eval(pseudo label 클래스별 맞은 샘플 수):  [0, 0, 0, 0, 0]
psl_acc(PSL 평가에서의 정확도): None 
cw_psl_acc(클래스별 PSL 평가에서의 정확도):  [nan, nan, nan, nan, nan]
***best_acc_model_save --- epoch = 4***
Save model to ./experiment/corcod_extended_data/output/
**pseudo_label ->  [0.2278, 0.2076, 0.2397, 0.1734, 0.1516] **
max =  0.2397 | max_idx =  2
**pseudo_label ->  [0.2291, 0.1991, 0.2358, 0.1691, 0.1669] **
max =  0.2358 | max_idx =  2
**pseudo_label ->  [0.2396, 0.2023, 0.2252, 0.1708, 0.1621] **
max =  0.2396 | max_idx =  0
**pseudo_label ->  [0.2364, 0.1979, 0.2175, 0.1788, 0.1693] **
max =  0.2364 | max_idx =  0
**pseudo_label ->  [0.2327, 0.1961, 0.2301, 0.1833, 0.1578] **
max =  0.2327 | max_idx =  0
Epoch 4/37, Train Loss: 1.6674, Valid Loss: 1.5321, Train Acc: 0.2000, Val Acc: 0.4490, Test Acc: 0.3684, Test F1(macro): 0.1370, Total Pseudo-Labels: 0, Correct Pseudo-Labels: 0, Train Data Number: 50



line 303 => train data수 50
line 258 => 인스턴스 수 10
Step 40  Tim 0:02:50
acc_train_cw(현재 train의 class별 acc) [0.0, 0.0, 1.0, 0.0, 0.0]
cw_psl_total_eval(pseudo label 클래스별 총 샘플 수):  [0, 0, 0, 0, 0]
cw_psl_correct_eval(pseudo label 클래스별 맞은 샘플 수):  [0, 0, 0, 0, 0]
psl_acc(PSL 평가에서의 정확도): None 
cw_psl_acc(클래스별 PSL 평가에서의 정확도):  [nan, nan, nan, nan, nan]
**pseudo_label ->  [0.1816, 0.1648, 0.2849, 0.2224, 0.1463] **
max =  0.2849 | max_idx =  2
**pseudo_label ->  [0.1942, 0.1491, 0.2862, 0.2269, 0.1436] **
max =  0.2862 | max_idx =  2
**pseudo_label ->  [0.1461, 0.0951, 0.4342, 0.2385, 0.0863] **
max =  0.4342 | max_idx =  2
**pseudo_label ->  [0.1877, 0.1696, 0.2921, 0.2092, 0.1415] **
max =  0.2921 | max_idx =  2
**pseudo_label ->  [0.1793, 0.0757, 0.4084, 0.2417, 0.0949] **
max =  0.4084 | max_idx =  2
Epoch 5/37, Train Loss: 1.7141, Valid Loss: 1.6175, Train Acc: 0.2000, Val Acc: 0.4490, Test Acc: 0.3579, Test F1(macro): 0.1054, Total Pseudo-Labels: 0, Correct Pseudo-Labels: 0, Train Data Number: 50



line 303 => train data수 50
line 258 => 인스턴스 수 10
Step 50  Tim 0:03:26
acc_train_cw(현재 train의 class별 acc) [0.0, 0.0, 0.0, 1.0, 0.0]
cw_psl_total_eval(pseudo label 클래스별 총 샘플 수):  [0, 0, 0, 0, 0]
cw_psl_correct_eval(pseudo label 클래스별 맞은 샘플 수):  [0, 0, 0, 0, 0]
psl_acc(PSL 평가에서의 정확도): None 
cw_psl_acc(클래스별 PSL 평가에서의 정확도):  [nan, nan, nan, nan, nan]
**pseudo_label ->  [0.1233, 0.1721, 0.1818, 0.3024, 0.2203] **
max =  0.3024 | max_idx =  3
**pseudo_label ->  [0.1269, 0.1788, 0.202, 0.2904, 0.2019] **
max =  0.2904 | max_idx =  3
**pseudo_label ->  [0.0472, 0.1359, 0.1472, 0.4909, 0.1788] **
max =  0.4909 | max_idx =  3
**pseudo_label ->  [0.1296, 0.1791, 0.2021, 0.285, 0.2043] **
max =  0.285 | max_idx =  3
**pseudo_label ->  [0.1296, 0.1756, 0.186, 0.3018, 0.207] **
max =  0.3018 | max_idx =  3
Epoch 6/37, Train Loss: 1.6603, Valid Loss: 1.8185, Train Acc: 0.2000, Val Acc: 0.1429, Test Acc: 0.2316, Test F1(macro): 0.0752, Total Pseudo-Labels: 0, Correct Pseudo-Labels: 0, Train Data Number: 50



line 303 => train data수 50
line 258 => 인스턴스 수 10
Step 60  Tim 0:04:01
acc_train_cw(현재 train의 class별 acc) [1.0, 0.0, 0.0, 0.0, 0.0]
cw_psl_total_eval(pseudo label 클래스별 총 샘플 수):  [0, 0, 0, 0, 0]
cw_psl_correct_eval(pseudo label 클래스별 맞은 샘플 수):  [0, 0, 0, 0, 0]
psl_acc(PSL 평가에서의 정확도): None 
cw_psl_acc(클래스별 PSL 평가에서의 정확도):  [nan, nan, nan, nan, nan]
**pseudo_label ->  [0.2751, 0.2088, 0.12, 0.1858, 0.2102] **
max =  0.2751 | max_idx =  0
**pseudo_label ->  [0.2737, 0.2001, 0.1146, 0.158, 0.2537] **
max =  0.2737 | max_idx =  0
**pseudo_label ->  [0.2831, 0.2006, 0.1244, 0.1689, 0.2229] **
max =  0.2831 | max_idx =  0
**pseudo_label ->  [0.2722, 0.2153, 0.1184, 0.18, 0.2141] **
max =  0.2722 | max_idx =  0
**pseudo_label ->  [0.2553, 0.2098, 0.122, 0.1822, 0.2307] **
max =  0.2553 | max_idx =  0
Epoch 7/37, Train Loss: 1.6947, Valid Loss: 1.5703, Train Acc: 0.2000, Val Acc: 0.1020, Test Acc: 0.1263, Test F1(macro): 0.0449, Total Pseudo-Labels: 0, Correct Pseudo-Labels: 0, Train Data Number: 50



line 303 => train data수 50
line 258 => 인스턴스 수 10
Step 70  Tim 0:04:38
acc_train_cw(현재 train의 class별 acc) [0.0, 0.0, 1.0, 0.0, 0.0]
cw_psl_total_eval(pseudo label 클래스별 총 샘플 수):  [0, 0, 0, 0, 0]
cw_psl_correct_eval(pseudo label 클래스별 맞은 샘플 수):  [0, 0, 0, 0, 0]
psl_acc(PSL 평가에서의 정확도): None 
cw_psl_acc(클래스별 PSL 평가에서의 정확도):  [nan, nan, nan, nan, nan]
**pseudo_label ->  [0.1823, 0.2354, 0.2379, 0.1302, 0.2142] **
max =  0.2379 | max_idx =  2
**pseudo_label ->  [0.1811, 0.2298, 0.244, 0.1306, 0.2146] **
max =  0.244 | max_idx =  2
**pseudo_label ->  [0.1795, 0.2262, 0.2475, 0.1277, 0.2192] **
max =  0.2475 | max_idx =  2
**pseudo_label ->  [0.1765, 0.2358, 0.2357, 0.1227, 0.2294] **
max =  0.2358 | max_idx =  1
**pseudo_label ->  [0.1887, 0.2231, 0.2152, 0.1342, 0.2388] **
max =  0.2388 | max_idx =  4
Epoch 8/37, Train Loss: 1.6778, Valid Loss: 1.6489, Train Acc: 0.2000, Val Acc: 0.4490, Test Acc: 0.3579, Test F1(macro): 0.1054, Total Pseudo-Labels: 0, Correct Pseudo-Labels: 0, Train Data Number: 50



line 303 => train data수 50
line 258 => 인스턴스 수 10
Step 80  Tim 0:05:14
acc_train_cw(현재 train의 class별 acc) [0.0, 0.0, 0.0, 1.0, 0.0]
cw_psl_total_eval(pseudo label 클래스별 총 샘플 수):  [0, 0, 0, 0, 0]
cw_psl_correct_eval(pseudo label 클래스별 맞은 샘플 수):  [0, 0, 0, 0, 0]
psl_acc(PSL 평가에서의 정확도): None 
cw_psl_acc(클래스별 PSL 평가에서의 정확도):  [nan, nan, nan, nan, nan]
**pseudo_label ->  [0.2169, 0.1702, 0.1733, 0.2324, 0.2072] **
max =  0.2324 | max_idx =  3
**pseudo_label ->  [0.1974, 0.1395, 0.1239, 0.3004, 0.2387] **
max =  0.3004 | max_idx =  3
**pseudo_label ->  [0.2166, 0.1733, 0.163, 0.2452, 0.2018] **
max =  0.2452 | max_idx =  3
**pseudo_label ->  [0.2013, 0.1294, 0.117, 0.32, 0.2322] **
max =  0.32 | max_idx =  3
**pseudo_label ->  [0.2045, 0.1829, 0.1676, 0.231, 0.214] **
max =  0.231 | max_idx =  3
Epoch 9/37, Train Loss: 1.6517, Valid Loss: 1.6550, Train Acc: 0.2000, Val Acc: 0.1429, Test Acc: 0.2316, Test F1(macro): 0.0752, Total Pseudo-Labels: 0, Correct Pseudo-Labels: 0, Train Data Number: 50



line 303 => train data수 50
line 258 => 인스턴스 수 10
Step 90  Tim 0:05:48
acc_train_cw(현재 train의 class별 acc) [1.0, 0.0, 0.0, 0.0, 0.0]
cw_psl_total_eval(pseudo label 클래스별 총 샘플 수):  [0, 0, 0, 0, 0]
cw_psl_correct_eval(pseudo label 클래스별 맞은 샘플 수):  [0, 0, 0, 0, 0]
psl_acc(PSL 평가에서의 정확도): None 
cw_psl_acc(클래스별 PSL 평가에서의 정확도):  [nan, nan, nan, nan, nan]
**pseudo_label ->  [0.2365, 0.1807, 0.1719, 0.2151, 0.1958] **
max =  0.2365 | max_idx =  0
**pseudo_label ->  [0.2304, 0.1738, 0.1759, 0.2217, 0.1981] **
max =  0.2304 | max_idx =  0
**pseudo_label ->  [0.2081, 0.1888, 0.1871, 0.2168, 0.1992] **
max =  0.2168 | max_idx =  3
**pseudo_label ->  [0.2242, 0.17, 0.1771, 0.2247, 0.204] **
max =  0.2247 | max_idx =  3
**pseudo_label ->  [0.2139, 0.1866, 0.1696, 0.2329, 0.197] **
max =  0.2329 | max_idx =  3
Epoch 10/37, Train Loss: 1.6149, Valid Loss: 1.6459, Train Acc: 0.2000, Val Acc: 0.1020, Test Acc: 0.1263, Test F1(macro): 0.0449, Total Pseudo-Labels: 0, Correct Pseudo-Labels: 0, Train Data Number: 50



line 303 => train data수 50
line 258 => 인스턴스 수 10
Step 100  Tim 0:06:18
acc_train_cw(현재 train의 class별 acc) [0.0, 0.0, 0.0, 0.0, 1.0]
cw_psl_total_eval(pseudo label 클래스별 총 샘플 수):  [0, 0, 0, 0, 0]
cw_psl_correct_eval(pseudo label 클래스별 맞은 샘플 수):  [0, 0, 0, 0, 0]
psl_acc(PSL 평가에서의 정확도): None 
cw_psl_acc(클래스별 PSL 평가에서의 정확도):  [nan, nan, nan, nan, nan]
**pseudo_label ->  [0.1979, 0.2039, 0.1604, 0.2025, 0.2354] **
max =  0.2354 | max_idx =  4
**pseudo_label ->  [0.18, 0.2178, 0.1721, 0.2143, 0.2157] **
max =  0.2178 | max_idx =  1
**pseudo_label ->  [0.1935, 0.2051, 0.1785, 0.1976, 0.2253] **
max =  0.2253 | max_idx =  4
**pseudo_label ->  [0.1667, 0.1355, 0.1529, 0.2207, 0.3242] **
max =  0.3242 | max_idx =  4
**pseudo_label ->  [0.1897, 0.2061, 0.1636, 0.2175, 0.2231] **
max =  0.2231 | max_idx =  4
Epoch 11/37, Train Loss: 1.6501, Valid Loss: 1.6292, Train Acc: 0.2000, Val Acc: 0.2449, Test Acc: 0.2316, Test F1(macro): 0.0752, Total Pseudo-Labels: 0, Correct Pseudo-Labels: 0, Train Data Number: 50



line 303 => train data수 50
line 258 => 인스턴스 수 10
Step 110  Tim 0:06:46
acc_train_cw(현재 train의 class별 acc) [0.0, 0.0, 0.0, 0.0, 1.0]
cw_psl_total_eval(pseudo label 클래스별 총 샘플 수):  [0, 0, 0, 0, 0]
cw_psl_correct_eval(pseudo label 클래스별 맞은 샘플 수):  [0, 0, 0, 0, 0]
psl_acc(PSL 평가에서의 정확도): None 
cw_psl_acc(클래스별 PSL 평가에서의 정확도):  [nan, nan, nan, nan, nan]
**pseudo_label ->  [0.1784, 0.226, 0.1724, 0.1802, 0.243] **
max =  0.243 | max_idx =  4
**pseudo_label ->  [0.1738, 0.2196, 0.1783, 0.1827, 0.2455] **
max =  0.2455 | max_idx =  4
**pseudo_label ->  [0.1596, 0.2193, 0.1702, 0.1888, 0.2622] **
max =  0.2622 | max_idx =  4
**pseudo_label ->  [0.1351, 0.2488, 0.14, 0.1383, 0.3378] **
max =  0.3378 | max_idx =  4
**pseudo_label ->  [0.16, 0.2352, 0.1837, 0.1817, 0.2393] **
max =  0.2393 | max_idx =  4
Epoch 12/37, Train Loss: 1.6516, Valid Loss: 1.5326, Train Acc: 0.2000, Val Acc: 0.2449, Test Acc: 0.2316, Test F1(macro): 0.0752, Total Pseudo-Labels: 0, Correct Pseudo-Labels: 0, Train Data Number: 50



line 303 => train data수 50
line 258 => 인스턴스 수 10
Step 120  Tim 0:07:22
acc_train_cw(현재 train의 class별 acc) [0.0, 0.0, 1.0, 0.0, 0.0]
cw_psl_total_eval(pseudo label 클래스별 총 샘플 수):  [0, 0, 0, 0, 0]
cw_psl_correct_eval(pseudo label 클래스별 맞은 샘플 수):  [0, 0, 0, 0, 0]
psl_acc(PSL 평가에서의 정확도): None 
cw_psl_acc(클래스별 PSL 평가에서의 정확도):  [nan, nan, nan, nan, nan]
**pseudo_label ->  [0.1921, 0.1717, 0.2552, 0.1964, 0.1846] **
max =  0.2552 | max_idx =  2
**pseudo_label ->  [0.2023, 0.1873, 0.252, 0.1725, 0.1859] **
max =  0.252 | max_idx =  2
**pseudo_label ->  [0.1925, 0.1648, 0.2528, 0.1945, 0.1954] **
max =  0.2528 | max_idx =  2
**pseudo_label ->  [0.1979, 0.1718, 0.2457, 0.189, 0.1955] **
max =  0.2457 | max_idx =  2
**pseudo_label ->  [0.1899, 0.1853, 0.2428, 0.192, 0.1901] **
max =  0.2428 | max_idx =  2
Epoch 13/37, Train Loss: 1.6156, Valid Loss: 1.6358, Train Acc: 0.2000, Val Acc: 0.4490, Test Acc: 0.3579, Test F1(macro): 0.1054, Total Pseudo-Labels: 0, Correct Pseudo-Labels: 0, Train Data Number: 50



line 303 => train data수 50
line 258 => 인스턴스 수 10
Step 130  Tim 0:07:58
acc_train_cw(현재 train의 class별 acc) [1.0, 0.0, 0.0, 0.0, 0.0]
cw_psl_total_eval(pseudo label 클래스별 총 샘플 수):  [0, 0, 0, 0, 0]
cw_psl_correct_eval(pseudo label 클래스별 맞은 샘플 수):  [0, 0, 0, 0, 0]
psl_acc(PSL 평가에서의 정확도): None 
cw_psl_acc(클래스별 PSL 평가에서의 정확도):  [nan, nan, nan, nan, nan]
**pseudo_label ->  [0.2249, 0.1939, 0.2092, 0.2099, 0.1621] **
max =  0.2249 | max_idx =  0
**pseudo_label ->  [0.233, 0.199, 0.2053, 0.1976, 0.1651] **
max =  0.233 | max_idx =  0
**pseudo_label ->  [0.218, 0.1863, 0.2028, 0.2279, 0.165] **
max =  0.2279 | max_idx =  3
**pseudo_label ->  [0.2362, 0.1928, 0.1924, 0.2165, 0.1622] **
max =  0.2362 | max_idx =  0
**pseudo_label ->  [0.2341, 0.198, 0.2077, 0.2078, 0.1524] **
max =  0.2341 | max_idx =  0
Epoch 14/37, Train Loss: 1.6459, Valid Loss: 1.7018, Train Acc: 0.2000, Val Acc: 0.1020, Test Acc: 0.1263, Test F1(macro): 0.0449, Total Pseudo-Labels: 0, Correct Pseudo-Labels: 0, Train Data Number: 50



line 303 => train data수 50
line 258 => 인스턴스 수 10
Step 140  Tim 0:08:33
acc_train_cw(현재 train의 class별 acc) [0.0, 0.0, 0.0, 1.0, 0.0]
cw_psl_total_eval(pseudo label 클래스별 총 샘플 수):  [0, 0, 0, 0, 0]
cw_psl_correct_eval(pseudo label 클래스별 맞은 샘플 수):  [0, 0, 0, 0, 0]
psl_acc(PSL 평가에서의 정확도): None 
cw_psl_acc(클래스별 PSL 평가에서의 정확도):  [nan, nan, nan, nan, nan]
**pseudo_label ->  [0.2989, 0.1883, 0.121, 0.3237, 0.0682] **
max =  0.3237 | max_idx =  3
**pseudo_label ->  [0.2277, 0.2133, 0.1784, 0.2319, 0.1487] **
max =  0.2319 | max_idx =  3
**pseudo_label ->  [0.2194, 0.2182, 0.1797, 0.2327, 0.15] **
max =  0.2327 | max_idx =  3
**pseudo_label ->  [0.225, 0.2191, 0.1854, 0.2256, 0.1448] **
max =  0.2256 | max_idx =  3
**pseudo_label ->  [0.2175, 0.2294, 0.1868, 0.2212, 0.1452] **
max =  0.2294 | max_idx =  1
Epoch 15/37, Train Loss: 1.6361, Valid Loss: 1.6584, Train Acc: 0.2000, Val Acc: 0.1429, Test Acc: 0.2316, Test F1(macro): 0.0752, Total Pseudo-Labels: 0, Correct Pseudo-Labels: 0, Train Data Number: 50



line 303 => train data수 50
line 258 => 인스턴스 수 10
Step 150  Tim 0:09:10
acc_train_cw(현재 train의 class별 acc) [0.0, 1.0, 0.0, 0.0, 0.0]
cw_psl_total_eval(pseudo label 클래스별 총 샘플 수):  [0, 0, 0, 0, 0]
cw_psl_correct_eval(pseudo label 클래스별 맞은 샘플 수):  [0, 0, 0, 0, 0]
psl_acc(PSL 평가에서의 정확도): None 
cw_psl_acc(클래스별 PSL 평가에서의 정확도):  [nan, nan, nan, nan, nan]
**pseudo_label ->  [0.2194, 0.2416, 0.18, 0.1796, 0.1794] **
max =  0.2416 | max_idx =  1
**pseudo_label ->  [0.2117, 0.2458, 0.1921, 0.183, 0.1674] **
max =  0.2458 | max_idx =  1
**pseudo_label ->  [0.2089, 0.2393, 0.1912, 0.1872, 0.1734] **
max =  0.2393 | max_idx =  1
**pseudo_label ->  [0.2242, 0.2311, 0.1914, 0.1769, 0.1764] **
max =  0.2311 | max_idx =  1
**pseudo_label ->  [0.2032, 0.2326, 0.1916, 0.1815, 0.1911] **
max =  0.2326 | max_idx =  1
Epoch 16/37, Train Loss: 1.6169, Valid Loss: 1.5870, Train Acc: 0.2000, Val Acc: 0.0612, Test Acc: 0.0526, Test F1(macro): 0.0200, Total Pseudo-Labels: 0, Correct Pseudo-Labels: 0, Train Data Number: 50



line 303 => train data수 50
line 258 => 인스턴스 수 10
Step 160  Tim 0:09:46
acc_train_cw(현재 train의 class별 acc) [0.0, 0.0, 0.0, 0.0, 1.0]
cw_psl_total_eval(pseudo label 클래스별 총 샘플 수):  [0, 0, 0, 0, 0]
cw_psl_correct_eval(pseudo label 클래스별 맞은 샘플 수):  [0, 0, 0, 0, 0]
psl_acc(PSL 평가에서의 정확도): None 
cw_psl_acc(클래스별 PSL 평가에서의 정확도):  [nan, nan, nan, nan, nan]
**pseudo_label ->  [0.2103, 0.1894, 0.2083, 0.1724, 0.2197] **
max =  0.2197 | max_idx =  4
**pseudo_label ->  [0.2145, 0.1755, 0.2026, 0.179, 0.2283] **
max =  0.2283 | max_idx =  4
**pseudo_label ->  [0.2074, 0.1814, 0.2088, 0.1721, 0.2303] **
max =  0.2303 | max_idx =  4
**pseudo_label ->  [0.22, 0.1816, 0.1876, 0.1794, 0.2313] **
max =  0.2313 | max_idx =  4
**pseudo_label ->  [0.2345, 0.1269, 0.2004, 0.121, 0.3171] **
max =  0.3171 | max_idx =  4
Epoch 17/37, Train Loss: 1.6932, Valid Loss: 1.6031, Train Acc: 0.2000, Val Acc: 0.2449, Test Acc: 0.2316, Test F1(macro): 0.0752, Total Pseudo-Labels: 0, Correct Pseudo-Labels: 0, Train Data Number: 50



line 303 => train data수 50
line 258 => 인스턴스 수 10
Step 170  Tim 0:10:22
acc_train_cw(현재 train의 class별 acc) [0.0, 1.0, 0.0, 0.0, 0.0]
cw_psl_total_eval(pseudo label 클래스별 총 샘플 수):  [0, 0, 0, 0, 0]
cw_psl_correct_eval(pseudo label 클래스별 맞은 샘플 수):  [0, 0, 0, 0, 0]
psl_acc(PSL 평가에서의 정확도): None 
cw_psl_acc(클래스별 PSL 평가에서의 정확도):  [nan, nan, nan, nan, nan]
**pseudo_label ->  [0.1632, 0.2138, 0.2223, 0.2124, 0.1883] **
max =  0.2223 | max_idx =  2
**pseudo_label ->  [0.1618, 0.2271, 0.2087, 0.2275, 0.1749] **
max =  0.2275 | max_idx =  3
**pseudo_label ->  [0.1622, 0.2153, 0.2115, 0.2276, 0.1834] **
max =  0.2276 | max_idx =  3
**pseudo_label ->  [0.1571, 0.2122, 0.2299, 0.2247, 0.176] **
max =  0.2299 | max_idx =  2
**pseudo_label ->  [0.1635, 0.2323, 0.2099, 0.2213, 0.173] **
max =  0.2323 | max_idx =  1
Epoch 18/37, Train Loss: 1.6561, Valid Loss: 1.7350, Train Acc: 0.2000, Val Acc: 0.0612, Test Acc: 0.0526, Test F1(macro): 0.0200, Total Pseudo-Labels: 0, Correct Pseudo-Labels: 0, Train Data Number: 50



line 303 => train data수 50
line 258 => 인스턴스 수 10
Step 180  Tim 0:10:58
acc_train_cw(현재 train의 class별 acc) [1.0, 0.0, 0.0, 0.0, 0.0]
cw_psl_total_eval(pseudo label 클래스별 총 샘플 수):  [0, 0, 0, 0, 0]
cw_psl_correct_eval(pseudo label 클래스별 맞은 샘플 수):  [0, 0, 0, 0, 0]
psl_acc(PSL 평가에서의 정확도): None 
cw_psl_acc(클래스별 PSL 평가에서의 정확도):  [nan, nan, nan, nan, nan]
**pseudo_label ->  [0.2566, 0.2451, 0.1741, 0.176, 0.1482] **
max =  0.2566 | max_idx =  0
**pseudo_label ->  [0.2415, 0.2476, 0.1762, 0.1829, 0.1519] **
max =  0.2476 | max_idx =  1
**pseudo_label ->  [0.247, 0.2457, 0.1809, 0.177, 0.1494] **
max =  0.247 | max_idx =  0
**pseudo_label ->  [0.2393, 0.2636, 0.1784, 0.1841, 0.1345] **
max =  0.2636 | max_idx =  1
**pseudo_label ->  [0.2536, 0.2508, 0.1678, 0.186, 0.1417] **
max =  0.2536 | max_idx =  0
Epoch 19/37, Train Loss: 1.6963, Valid Loss: 1.5790, Train Acc: 0.2000, Val Acc: 0.1020, Test Acc: 0.1263, Test F1(macro): 0.0449, Total Pseudo-Labels: 0, Correct Pseudo-Labels: 0, Train Data Number: 50



line 303 => train data수 50
line 258 => 인스턴스 수 10
Step 190  Tim 0:11:34
acc_train_cw(현재 train의 class별 acc) [0.0, 0.0, 0.0, 0.0, 1.0]
cw_psl_total_eval(pseudo label 클래스별 총 샘플 수):  [0, 0, 0, 0, 0]
cw_psl_correct_eval(pseudo label 클래스별 맞은 샘플 수):  [0, 0, 0, 0, 0]
psl_acc(PSL 평가에서의 정확도): None 
cw_psl_acc(클래스별 PSL 평가에서의 정확도):  [nan, nan, nan, nan, nan]
**pseudo_label ->  [0.1824, 0.195, 0.2013, 0.1689, 0.2524] **
max =  0.2524 | max_idx =  4
**pseudo_label ->  [0.1901, 0.1933, 0.2151, 0.1676, 0.2339] **
max =  0.2339 | max_idx =  4
**pseudo_label ->  [0.1825, 0.1986, 0.2172, 0.1711, 0.2306] **
max =  0.2306 | max_idx =  4
**pseudo_label ->  [0.1813, 0.2029, 0.2073, 0.1742, 0.2343] **
max =  0.2343 | max_idx =  4
**pseudo_label ->  [0.1914, 0.2007, 0.2055, 0.1791, 0.2234] **
max =  0.2234 | max_idx =  4
Epoch 20/37, Train Loss: 1.6773, Valid Loss: 1.6195, Train Acc: 0.2000, Val Acc: 0.2449, Test Acc: 0.2316, Test F1(macro): 0.0752, Total Pseudo-Labels: 0, Correct Pseudo-Labels: 0, Train Data Number: 50



line 303 => train data수 50
line 258 => 인스턴스 수 10
Step 200  Tim 0:12:11
acc_train_cw(현재 train의 class별 acc) [0.0, 0.0, 0.0, 1.0, 0.0]
cw_psl_total_eval(pseudo label 클래스별 총 샘플 수):  [0, 0, 0, 0, 0]
cw_psl_correct_eval(pseudo label 클래스별 맞은 샘플 수):  [0, 0, 0, 0, 0]
psl_acc(PSL 평가에서의 정확도): None 
cw_psl_acc(클래스별 PSL 평가에서의 정확도):  [nan, nan, nan, nan, nan]
**pseudo_label ->  [0.1741, 0.2224, 0.2263, 0.2388, 0.1383] **
max =  0.2388 | max_idx =  3
**pseudo_label ->  [0.1813, 0.2235, 0.2179, 0.2275, 0.1498] **
max =  0.2275 | max_idx =  3
**pseudo_label ->  [0.1892, 0.2066, 0.2238, 0.2281, 0.1522] **
max =  0.2281 | max_idx =  3
**pseudo_label ->  [0.1664, 0.2137, 0.2299, 0.2377, 0.1523] **
max =  0.2377 | max_idx =  3
**pseudo_label ->  [0.1848, 0.2187, 0.2281, 0.2201, 0.1484] **
max =  0.2281 | max_idx =  2
Epoch 21/37, Train Loss: 1.6566, Valid Loss: 1.7213, Train Acc: 0.2000, Val Acc: 0.1429, Test Acc: 0.2316, Test F1(macro): 0.0752, Total Pseudo-Labels: 0, Correct Pseudo-Labels: 0, Train Data Number: 50



line 303 => train data수 50
line 258 => 인스턴스 수 10
Step 210  Tim 0:12:46
acc_train_cw(현재 train의 class별 acc) [0.0, 0.0, 0.0, 1.0, 0.0]
cw_psl_total_eval(pseudo label 클래스별 총 샘플 수):  [0, 0, 0, 0, 0]
cw_psl_correct_eval(pseudo label 클래스별 맞은 샘플 수):  [0, 0, 0, 0, 0]
psl_acc(PSL 평가에서의 정확도): None 
cw_psl_acc(클래스별 PSL 평가에서의 정확도):  [nan, nan, nan, nan, nan]
**pseudo_label ->  [0.214, 0.2062, 0.1653, 0.2383, 0.1763] **
max =  0.2383 | max_idx =  3
**pseudo_label ->  [0.269, 0.2443, 0.113, 0.2527, 0.121] **
max =  0.269 | max_idx =  0
**pseudo_label ->  [0.2053, 0.2138, 0.1668, 0.2433, 0.1708] **
max =  0.2433 | max_idx =  3
**pseudo_label ->  [0.2147, 0.2346, 0.1689, 0.2311, 0.1507] **
max =  0.2346 | max_idx =  1
**pseudo_label ->  [0.211, 0.2341, 0.1597, 0.2287, 0.1665] **
max =  0.2341 | max_idx =  1
Epoch 22/37, Train Loss: 1.6482, Valid Loss: 1.5654, Train Acc: 0.2000, Val Acc: 0.1429, Test Acc: 0.2316, Test F1(macro): 0.0752, Total Pseudo-Labels: 0, Correct Pseudo-Labels: 0, Train Data Number: 50



line 303 => train data수 50
line 258 => 인스턴스 수 10
Step 220  Tim 0:13:22
acc_train_cw(현재 train의 class별 acc) [0.0, 0.0, 0.0, 0.0, 1.0]
cw_psl_total_eval(pseudo label 클래스별 총 샘플 수):  [0, 0, 0, 0, 0]
cw_psl_correct_eval(pseudo label 클래스별 맞은 샘플 수):  [0, 0, 0, 0, 0]
psl_acc(PSL 평가에서의 정확도): None 
cw_psl_acc(클래스별 PSL 평가에서의 정확도):  [nan, nan, nan, nan, nan]
**pseudo_label ->  [0.187, 0.1955, 0.2236, 0.1571, 0.2368] **
max =  0.2368 | max_idx =  4
**pseudo_label ->  [0.1834, 0.1874, 0.2132, 0.1723, 0.2438] **
max =  0.2438 | max_idx =  4
**pseudo_label ->  [0.1815, 0.1957, 0.2184, 0.1676, 0.2369] **
max =  0.2369 | max_idx =  4
**pseudo_label ->  [0.1959, 0.1857, 0.2015, 0.1662, 0.2507] **
max =  0.2507 | max_idx =  4
**pseudo_label ->  [0.195, 0.1892, 0.2164, 0.1593, 0.2401] **
max =  0.2401 | max_idx =  4
Epoch 23/37, Train Loss: 1.6374, Valid Loss: 1.5769, Train Acc: 0.2000, Val Acc: 0.2449, Test Acc: 0.2316, Test F1(macro): 0.0752, Total Pseudo-Labels: 0, Correct Pseudo-Labels: 0, Train Data Number: 50



line 303 => train data수 50
line 258 => 인스턴스 수 10
Step 230  Tim 0:13:57
acc_train_cw(현재 train의 class별 acc) [0.0, 0.0, 1.0, 0.0, 0.0]
cw_psl_total_eval(pseudo label 클래스별 총 샘플 수):  [0, 0, 0, 0, 0]
cw_psl_correct_eval(pseudo label 클래스별 맞은 샘플 수):  [0, 0, 0, 0, 0]
psl_acc(PSL 평가에서의 정확도): None 
cw_psl_acc(클래스별 PSL 평가에서의 정확도):  [nan, nan, nan, nan, nan]
**pseudo_label ->  [0.1704, 0.2413, 0.2361, 0.1775, 0.1747] **
max =  0.2413 | max_idx =  1
**pseudo_label ->  [0.172, 0.2367, 0.2483, 0.1736, 0.1694] **
max =  0.2483 | max_idx =  2
**pseudo_label ->  [0.1713, 0.2294, 0.2594, 0.1709, 0.169] **
max =  0.2594 | max_idx =  2
**pseudo_label ->  [0.1778, 0.2379, 0.2504, 0.1661, 0.1677] **
max =  0.2504 | max_idx =  2
**pseudo_label ->  [0.1763, 0.2288, 0.2494, 0.1675, 0.1779] **
max =  0.2494 | max_idx =  2
Epoch 24/37, Train Loss: 1.6216, Valid Loss: 1.5861, Train Acc: 0.2000, Val Acc: 0.4490, Test Acc: 0.3579, Test F1(macro): 0.1054, Total Pseudo-Labels: 0, Correct Pseudo-Labels: 0, Train Data Number: 50



line 303 => train data수 50
line 258 => 인스턴스 수 10
Step 240  Tim 0:14:32
acc_train_cw(현재 train의 class별 acc) [0.0, 0.0, 1.0, 0.0, 0.0]
cw_psl_total_eval(pseudo label 클래스별 총 샘플 수):  [0, 0, 0, 0, 0]
cw_psl_correct_eval(pseudo label 클래스별 맞은 샘플 수):  [0, 0, 0, 0, 0]
psl_acc(PSL 평가에서의 정확도): None 
cw_psl_acc(클래스별 PSL 평가에서의 정확도):  [nan, nan, nan, nan, nan]
**pseudo_label ->  [0.196, 0.2202, 0.2377, 0.1866, 0.1596] **
max =  0.2377 | max_idx =  2
**pseudo_label ->  [0.2034, 0.2078, 0.2438, 0.1803, 0.1647] **
max =  0.2438 | max_idx =  2
**pseudo_label ->  [0.1956, 0.2278, 0.3084, 0.1585, 0.1097] **
max =  0.3084 | max_idx =  2
**pseudo_label ->  [0.1846, 0.2708, 0.2753, 0.1667, 0.1026] **
max =  0.2753 | max_idx =  2
**pseudo_label ->  [0.1871, 0.2224, 0.239, 0.1832, 0.1683] **
max =  0.239 | max_idx =  2
Epoch 25/37, Train Loss: 1.6552, Valid Loss: 1.6127, Train Acc: 0.2000, Val Acc: 0.4490, Test Acc: 0.3579, Test F1(macro): 0.1054, Total Pseudo-Labels: 0, Correct Pseudo-Labels: 0, Train Data Number: 50



line 303 => train data수 50
line 258 => 인스턴스 수 10
Step 250  Tim 0:15:01
acc_train_cw(현재 train의 class별 acc) [0.0, 0.0, 0.0, 1.0, 0.0]
cw_psl_total_eval(pseudo label 클래스별 총 샘플 수):  [0, 0, 0, 0, 0]
cw_psl_correct_eval(pseudo label 클래스별 맞은 샘플 수):  [0, 0, 0, 0, 0]
psl_acc(PSL 평가에서의 정확도): None 
cw_psl_acc(클래스별 PSL 평가에서의 정확도):  [nan, nan, nan, nan, nan]
**pseudo_label ->  [0.1924, 0.1912, 0.2028, 0.2231, 0.1905] **
max =  0.2231 | max_idx =  3
**pseudo_label ->  [0.1881, 0.1917, 0.2054, 0.228, 0.1868] **
max =  0.228 | max_idx =  3
**pseudo_label ->  [0.1984, 0.1901, 0.2014, 0.2131, 0.1971] **
max =  0.2131 | max_idx =  3
**pseudo_label ->  [0.2046, 0.1841, 0.2081, 0.2276, 0.1754] **
max =  0.2276 | max_idx =  3
**pseudo_label ->  [0.1961, 0.1878, 0.196, 0.2233, 0.1968] **
max =  0.2233 | max_idx =  3
Epoch 26/37, Train Loss: 1.6247, Valid Loss: 1.6495, Train Acc: 0.2000, Val Acc: 0.1429, Test Acc: 0.2316, Test F1(macro): 0.0752, Total Pseudo-Labels: 0, Correct Pseudo-Labels: 0, Train Data Number: 50



line 303 => train data수 50
line 258 => 인스턴스 수 10
Step 260  Tim 0:15:31
acc_train_cw(현재 train의 class별 acc) [0.0, 0.0, 0.0, 1.0, 0.0]
cw_psl_total_eval(pseudo label 클래스별 총 샘플 수):  [0, 0, 0, 0, 0]
cw_psl_correct_eval(pseudo label 클래스별 맞은 샘플 수):  [0, 0, 0, 0, 0]
psl_acc(PSL 평가에서의 정확도): None 
cw_psl_acc(클래스별 PSL 평가에서의 정확도):  [nan, nan, nan, nan, nan]
**pseudo_label ->  [0.1558, 0.2209, 0.1739, 0.2489, 0.2005] **
max =  0.2489 | max_idx =  3
**pseudo_label ->  [0.1556, 0.2249, 0.182, 0.2398, 0.1977] **
max =  0.2398 | max_idx =  3
**pseudo_label ->  [0.154, 0.2061, 0.1891, 0.2534, 0.1974] **
max =  0.2534 | max_idx =  3
**pseudo_label ->  [0.1573, 0.2211, 0.1762, 0.2491, 0.1962] **
max =  0.2491 | max_idx =  3
**pseudo_label ->  [0.0881, 0.2318, 0.1198, 0.3684, 0.1918] **
max =  0.3684 | max_idx =  3
Epoch 27/37, Train Loss: 1.6668, Valid Loss: 1.6397, Train Acc: 0.2000, Val Acc: 0.1429, Test Acc: 0.2316, Test F1(macro): 0.0752, Total Pseudo-Labels: 0, Correct Pseudo-Labels: 0, Train Data Number: 50



line 303 => train data수 50
line 258 => 인스턴스 수 10
Step 270  Tim 0:16:07
acc_train_cw(현재 train의 class별 acc) [0.0, 0.0, 0.0, 0.0, 1.0]
cw_psl_total_eval(pseudo label 클래스별 총 샘플 수):  [0, 0, 0, 0, 0]
cw_psl_correct_eval(pseudo label 클래스별 맞은 샘플 수):  [0, 0, 0, 0, 0]
psl_acc(PSL 평가에서의 정확도): None 
cw_psl_acc(클래스별 PSL 평가에서의 정확도):  [nan, nan, nan, nan, nan]
**pseudo_label ->  [0.1933, 0.1859, 0.169, 0.2036, 0.2483] **
max =  0.2483 | max_idx =  4
**pseudo_label ->  [0.1929, 0.1972, 0.1718, 0.2103, 0.2278] **
max =  0.2278 | max_idx =  4
**pseudo_label ->  [0.1928, 0.1955, 0.1745, 0.1993, 0.2379] **
max =  0.2379 | max_idx =  4
**pseudo_label ->  [0.1888, 0.1916, 0.1707, 0.2141, 0.2347] **
max =  0.2347 | max_idx =  4
**pseudo_label ->  [0.1905, 0.1964, 0.1736, 0.1919, 0.2477] **
max =  0.2477 | max_idx =  4
Epoch 28/37, Train Loss: 1.6368, Valid Loss: 1.5870, Train Acc: 0.2000, Val Acc: 0.2449, Test Acc: 0.2316, Test F1(macro): 0.0752, Total Pseudo-Labels: 0, Correct Pseudo-Labels: 0, Train Data Number: 50



line 303 => train data수 50
line 258 => 인스턴스 수 10
Step 280  Tim 0:16:43
acc_train_cw(현재 train의 class별 acc) [1.0, 0.0, 0.0, 0.0, 0.0]
cw_psl_total_eval(pseudo label 클래스별 총 샘플 수):  [0, 0, 0, 0, 0]
cw_psl_correct_eval(pseudo label 클래스별 맞은 샘플 수):  [0, 0, 0, 0, 0]
psl_acc(PSL 평가에서의 정확도): None 
cw_psl_acc(클래스별 PSL 평가에서의 정확도):  [nan, nan, nan, nan, nan]
**pseudo_label ->  [0.2388, 0.1725, 0.2064, 0.1853, 0.197] **
max =  0.2388 | max_idx =  0
**pseudo_label ->  [0.2185, 0.1822, 0.2244, 0.1968, 0.1781] **
max =  0.2244 | max_idx =  2
**pseudo_label ->  [0.2208, 0.1814, 0.2213, 0.1937, 0.1828] **
max =  0.2213 | max_idx =  2
**pseudo_label ->  [0.295, 0.1459, 0.2554, 0.1684, 0.1353] **
max =  0.295 | max_idx =  0
**pseudo_label ->  [0.22, 0.1828, 0.215, 0.1917, 0.1905] **
max =  0.22 | max_idx =  0
Epoch 29/37, Train Loss: 1.6337, Valid Loss: 1.5821, Train Acc: 0.2000, Val Acc: 0.1020, Test Acc: 0.1263, Test F1(macro): 0.0449, Total Pseudo-Labels: 0, Correct Pseudo-Labels: 0, Train Data Number: 50



line 303 => train data수 50
line 258 => 인스턴스 수 10
Step 290  Tim 0:17:19
acc_train_cw(현재 train의 class별 acc) [0.0, 0.0, 1.0, 0.0, 0.0]
cw_psl_total_eval(pseudo label 클래스별 총 샘플 수):  [0, 0, 0, 0, 0]
cw_psl_correct_eval(pseudo label 클래스별 맞은 샘플 수):  [0, 0, 0, 0, 0]
psl_acc(PSL 평가에서의 정확도): None 
cw_psl_acc(클래스별 PSL 평가에서의 정확도):  [nan, nan, nan, nan, nan]
**pseudo_label ->  [0.2109, 0.2206, 0.2108, 0.1581, 0.1996] **
max =  0.2206 | max_idx =  1
**pseudo_label ->  [0.2177, 0.2134, 0.2131, 0.1542, 0.2017] **
max =  0.2177 | max_idx =  0
**pseudo_label ->  [0.1987, 0.2088, 0.2529, 0.1071, 0.2325] **
max =  0.2529 | max_idx =  2
**pseudo_label ->  [0.2053, 0.2023, 0.2136, 0.1664, 0.2124] **
max =  0.2136 | max_idx =  2
**pseudo_label ->  [0.1976, 0.22, 0.2181, 0.1586, 0.2056] **
max =  0.22 | max_idx =  1
Epoch 30/37, Train Loss: 1.6514, Valid Loss: 1.5956, Train Acc: 0.2000, Val Acc: 0.4490, Test Acc: 0.3579, Test F1(macro): 0.1054, Total Pseudo-Labels: 0, Correct Pseudo-Labels: 0, Train Data Number: 50



line 303 => train data수 50
line 258 => 인스턴스 수 10
Step 300  Tim 0:17:54
acc_train_cw(현재 train의 class별 acc) [0.0, 0.0, 0.0, 0.0, 1.0]
cw_psl_total_eval(pseudo label 클래스별 총 샘플 수):  [0, 0, 0, 0, 0]
cw_psl_correct_eval(pseudo label 클래스별 맞은 샘플 수):  [0, 0, 0, 0, 0]
psl_acc(PSL 평가에서의 정확도): None 
cw_psl_acc(클래스별 PSL 평가에서의 정확도):  [nan, nan, nan, nan, nan]
**pseudo_label ->  [0.1868, 0.1881, 0.2072, 0.2071, 0.2108] **
max =  0.2108 | max_idx =  4
**pseudo_label ->  [0.2115, 0.1739, 0.2088, 0.2062, 0.1997] **
max =  0.2115 | max_idx =  0
**pseudo_label ->  [0.1932, 0.188, 0.2007, 0.1995, 0.2185] **
max =  0.2185 | max_idx =  4
**pseudo_label ->  [0.1928, 0.1747, 0.2099, 0.2056, 0.217] **
max =  0.217 | max_idx =  4
**pseudo_label ->  [0.1996, 0.1806, 0.1989, 0.2009, 0.22] **
max =  0.22 | max_idx =  4
Epoch 31/37, Train Loss: 1.6202, Valid Loss: 1.5919, Train Acc: 0.2000, Val Acc: 0.2449, Test Acc: 0.2316, Test F1(macro): 0.0752, Total Pseudo-Labels: 0, Correct Pseudo-Labels: 0, Train Data Number: 50



line 303 => train data수 50
line 258 => 인스턴스 수 10
Step 310  Tim 0:18:30
acc_train_cw(현재 train의 class별 acc) [0.0, 1.0, 0.0, 0.0, 0.0]
cw_psl_total_eval(pseudo label 클래스별 총 샘플 수):  [0, 0, 0, 0, 0]
cw_psl_correct_eval(pseudo label 클래스별 맞은 샘플 수):  [0, 0, 0, 0, 0]
psl_acc(PSL 평가에서의 정확도): None 
cw_psl_acc(클래스별 PSL 평가에서의 정확도):  [nan, nan, nan, nan, nan]
**pseudo_label ->  [0.1728, 0.2261, 0.221, 0.1907, 0.1895] **
max =  0.2261 | max_idx =  1
**pseudo_label ->  [0.1724, 0.2306, 0.2135, 0.1992, 0.1844] **
max =  0.2306 | max_idx =  1
**pseudo_label ->  [0.1648, 0.2232, 0.2349, 0.1849, 0.1922] **
max =  0.2349 | max_idx =  2
**pseudo_label ->  [0.1646, 0.2214, 0.2179, 0.1938, 0.2023] **
max =  0.2214 | max_idx =  1
**pseudo_label ->  [0.1687, 0.2149, 0.2136, 0.1925, 0.2103] **
max =  0.2149 | max_idx =  1
Epoch 32/37, Train Loss: 1.6428, Valid Loss: 1.5722, Train Acc: 0.2000, Val Acc: 0.0612, Test Acc: 0.0526, Test F1(macro): 0.0200, Total Pseudo-Labels: 0, Correct Pseudo-Labels: 0, Train Data Number: 50



line 303 => train data수 50
line 258 => 인스턴스 수 10
Step 320  Tim 0:19:04
acc_train_cw(현재 train의 class별 acc) [0.0, 0.0, 1.0, 0.0, 0.0]
cw_psl_total_eval(pseudo label 클래스별 총 샘플 수):  [0, 0, 0, 0, 0]
cw_psl_correct_eval(pseudo label 클래스별 맞은 샘플 수):  [0, 0, 0, 0, 0]
psl_acc(PSL 평가에서의 정확도): None 
cw_psl_acc(클래스별 PSL 평가에서의 정확도):  [nan, nan, nan, nan, nan]
**pseudo_label ->  [0.2243, 0.1786, 0.2184, 0.1904, 0.1883] **
max =  0.2243 | max_idx =  0
**pseudo_label ->  [0.2025, 0.1798, 0.229, 0.1976, 0.1911] **
max =  0.229 | max_idx =  2
**pseudo_label ->  [0.2156, 0.1851, 0.2287, 0.1824, 0.1882] **
max =  0.2287 | max_idx =  2
**pseudo_label ->  [0.2219, 0.1721, 0.2219, 0.1917, 0.1924] **
max =  0.2219 | max_idx =  0
**pseudo_label ->  [0.2157, 0.1865, 0.2155, 0.194, 0.1884] **
max =  0.2157 | max_idx =  0
Epoch 33/37, Train Loss: 1.6516, Valid Loss: 1.6930, Train Acc: 0.2000, Val Acc: 0.4490, Test Acc: 0.3579, Test F1(macro): 0.1054, Total Pseudo-Labels: 0, Correct Pseudo-Labels: 0, Train Data Number: 50



line 303 => train data수 50
line 258 => 인스턴스 수 10
Step 330  Tim 0:19:41
acc_train_cw(현재 train의 class별 acc) [1.0, 0.0, 0.0, 0.0, 0.0]
cw_psl_total_eval(pseudo label 클래스별 총 샘플 수):  [0, 0, 0, 0, 0]
cw_psl_correct_eval(pseudo label 클래스별 맞은 샘플 수):  [0, 0, 0, 0, 0]
psl_acc(PSL 평가에서의 정확도): None 
cw_psl_acc(클래스별 PSL 평가에서의 정확도):  [nan, nan, nan, nan, nan]
**pseudo_label ->  [0.2348, 0.2114, 0.1734, 0.1609, 0.2196] **
max =  0.2348 | max_idx =  0
**pseudo_label ->  [0.2514, 0.1991, 0.1559, 0.1639, 0.2297] **
max =  0.2514 | max_idx =  0
**pseudo_label ->  [0.2579, 0.1973, 0.1464, 0.1639, 0.2345] **
max =  0.2579 | max_idx =  0
**pseudo_label ->  [0.3719, 0.2003, 0.1088, 0.1033, 0.2157] **
max =  0.3719 | max_idx =  0
**pseudo_label ->  [0.249, 0.1997, 0.1572, 0.1706, 0.2235] **
max =  0.249 | max_idx =  0
Epoch 34/37, Train Loss: 1.6250, Valid Loss: 1.6492, Train Acc: 0.2000, Val Acc: 0.1020, Test Acc: 0.1263, Test F1(macro): 0.0449, Total Pseudo-Labels: 0, Correct Pseudo-Labels: 0, Train Data Number: 50



line 303 => train data수 50
line 258 => 인스턴스 수 10
Step 340  Tim 0:20:16
acc_train_cw(현재 train의 class별 acc) [0.0, 0.0, 0.0, 0.0, 1.0]
cw_psl_total_eval(pseudo label 클래스별 총 샘플 수):  [0, 0, 0, 0, 0]
cw_psl_correct_eval(pseudo label 클래스별 맞은 샘플 수):  [0, 0, 0, 0, 0]
psl_acc(PSL 평가에서의 정확도): None 
cw_psl_acc(클래스별 PSL 평가에서의 정확도):  [nan, nan, nan, nan, nan]
**pseudo_label ->  [0.2084, 0.1905, 0.129, 0.191, 0.2811] **
max =  0.2811 | max_idx =  4
**pseudo_label ->  [0.2045, 0.1954, 0.1648, 0.1913, 0.244] **
max =  0.244 | max_idx =  4
**pseudo_label ->  [0.1999, 0.1989, 0.1788, 0.2015, 0.2209] **
max =  0.2209 | max_idx =  4
**pseudo_label ->  [0.1917, 0.2038, 0.1672, 0.1979, 0.2394] **
max =  0.2394 | max_idx =  4
**pseudo_label ->  [0.253, 0.1602, 0.1343, 0.1817, 0.2708] **
max =  0.2708 | max_idx =  4
Epoch 35/37, Train Loss: 1.6342, Valid Loss: 1.6291, Train Acc: 0.2000, Val Acc: 0.2449, Test Acc: 0.2316, Test F1(macro): 0.0752, Total Pseudo-Labels: 0, Correct Pseudo-Labels: 0, Train Data Number: 50



line 303 => train data수 50
line 258 => 인스턴스 수 10
Step 350  Tim 0:20:53
acc_train_cw(현재 train의 class별 acc) [1.0, 0.0, 0.0, 0.0, 0.0]
cw_psl_total_eval(pseudo label 클래스별 총 샘플 수):  [0, 0, 0, 0, 0]
cw_psl_correct_eval(pseudo label 클래스별 맞은 샘플 수):  [0, 0, 0, 0, 0]
psl_acc(PSL 평가에서의 정확도): None 
cw_psl_acc(클래스별 PSL 평가에서의 정확도):  [nan, nan, nan, nan, nan]
**pseudo_label ->  [0.2243, 0.1757, 0.1884, 0.2062, 0.2054] **
max =  0.2243 | max_idx =  0
**pseudo_label ->  [0.2151, 0.1922, 0.1956, 0.2031, 0.194] **
max =  0.2151 | max_idx =  0
**pseudo_label ->  [0.2888, 0.1959, 0.1618, 0.2056, 0.1478] **
max =  0.2888 | max_idx =  0
**pseudo_label ->  [0.218, 0.191, 0.1881, 0.2012, 0.2018] **
max =  0.218 | max_idx =  0
**pseudo_label ->  [0.2223, 0.2028, 0.1814, 0.1957, 0.1979] **
max =  0.2223 | max_idx =  0
Epoch 36/37, Train Loss: 1.6309, Valid Loss: 1.6327, Train Acc: 0.2000, Val Acc: 0.1020, Test Acc: 0.1263, Test F1(macro): 0.0449, Total Pseudo-Labels: 0, Correct Pseudo-Labels: 0, Train Data Number: 50



line 303 => train data수 50
line 258 => 인스턴스 수 10
Step 360  Tim 0:21:29
acc_train_cw(현재 train의 class별 acc) [0.0, 1.0, 0.0, 0.0, 0.0]
cw_psl_total_eval(pseudo label 클래스별 총 샘플 수):  [0, 0, 0, 0, 0]
cw_psl_correct_eval(pseudo label 클래스별 맞은 샘플 수):  [0, 0, 0, 0, 0]
psl_acc(PSL 평가에서의 정확도): None 
cw_psl_acc(클래스별 PSL 평가에서의 정확도):  [nan, nan, nan, nan, nan]
**pseudo_label ->  [0.1615, 0.2554, 0.2163, 0.2075, 0.1593] **
max =  0.2554 | max_idx =  1
**pseudo_label ->  [0.1588, 0.2564, 0.2185, 0.2002, 0.1661] **
max =  0.2564 | max_idx =  1
**pseudo_label ->  [0.1616, 0.2544, 0.2229, 0.2039, 0.1571] **
max =  0.2544 | max_idx =  1
**pseudo_label ->  [0.1454, 0.2696, 0.2187, 0.2077, 0.1585] **
max =  0.2696 | max_idx =  1
**pseudo_label ->  [0.1634, 0.2552, 0.2314, 0.1922, 0.1578] **
max =  0.2552 | max_idx =  1
Epoch 37/37, Train Loss: 1.6284, Valid Loss: 1.5655, Train Acc: 0.2000, Val Acc: 0.0612, Test Acc: 0.0526, Test F1(macro): 0.0200, Total Pseudo-Labels: 0, Correct Pseudo-Labels: 0, Train Data Number: 50

Training complete!
Total training took 0:21:58 (h:mm:ss)
Load model from ./experiment/corcod_extended_data/output/10_graphcodebert-base_0.0002_0.7_corcod_extended_data_37_[42]_net0.pth
Save training statistics in:  ./experiment/corcod_extended_data/log/graphcodebert/class5//10_graphcodebert-base_0.0002_0.7_corcod_extended_data_37_[42]/training_statistics.csv

best_trian_loss, epoch => 1.6148683190345765 10
Epoch-1_train_loss => 1.9335427165031434
max_epoch_train_loss => 1.6284094452857971 


best_val_loss, epoch =>  1.5321095853435749 4
Epoch-1_val_loss => 1.6375359698217742
max_epoch_val_loss => 1.565486763204847 

pse_epoch =>  []
추가되는 pse_epoch =>  [] 

total_data:  50 

Best_step:  30 
Best_val_epoch:  4 
best_val_acc:  0.4489795918367347 
best_val_test_acc:  0.3684210526315789 
best_val_test_f1:  0.13701923076923078
Save best record in:  ./experiment/corcod_extended_data/log/graphcodebert/class5/summary.csv
Save best record in:  ./experiment/corcod_extended_data/log/summary_avgrun.csv
