current work directory:  /home/imsuhan22/few-shot-tc/custom_ssl/code
Data set -> corcod_extended_data
save_name: 5_graphcodebert-base_0.00025_0.7_corcod_extended_data_37_[42]

data_path:  ../data/problem_based_split/corcod_extended_data

There are 2 GPU(s) available.
We will use the GPU- 0 Quadro RTX 8000

**line 147 모델 =>  microsoft/graphcodebert-base
**tokenizer type =  microsoft/graphcodebert-base 

pesudo label class개수 기준 -> 5
n_labeled_per_class:  5
train_df samples: 739
train_labeled_df samples: 25
train_unlabeled_df samples: 714
n_classes:  5 


net_arch:  microsoft/graphcodebert-base 
lr:  0.00025 
lr_linear:  0.001 




line 303 => train data수 25
line 258 => 인스턴스 수 5
Step 0  Tim 0:00:06
acc_train_cw(현재 train의 class별 acc) [0.0, 0.0, 0.0, 0.6, 1.0]
cw_psl_total_eval(pseudo label 클래스별 총 샘플 수):  [0, 0, 0, 0, 0]
cw_psl_correct_eval(pseudo label 클래스별 맞은 샘플 수):  [0, 0, 0, 0, 0]
psl_acc(PSL 평가에서의 정확도): None 
cw_psl_acc(클래스별 PSL 평가에서의 정확도):  [nan, nan, nan, nan, nan]
***best_acc_model_save --- epoch = 1***
Save model to ./experiment/corcod_extended_data/output/
**pseudo_label ->  [0.1615, 0.1541, 0.2229, 0.2227, 0.2389] **
max =  0.2389 | max_idx =  4
**pseudo_label ->  [0.0975, 0.1, 0.1574, 0.3805, 0.2646] **
max =  0.3805 | max_idx =  3
**pseudo_label ->  [0.1706, 0.1669, 0.1971, 0.2204, 0.245] **
max =  0.245 | max_idx =  4
**pseudo_label ->  [0.1421, 0.144, 0.162, 0.2762, 0.2757] **
max =  0.2762 | max_idx =  3
**pseudo_label ->  [0.1646, 0.1518, 0.2231, 0.2344, 0.2262] **
max =  0.2344 | max_idx =  3
Epoch 1/37, Train Loss: 2.0991, Valid Loss: 1.5885, Train Acc: 0.3200, Val Acc: 0.3571, Test Acc: 0.2947, Test F1(macro): 0.1649, Total Pseudo-Labels: 0, Correct Pseudo-Labels: 0, Train Data Number: 25



line 303 => train data수 25
line 258 => 인스턴스 수 5
Step 5  Tim 0:00:43
acc_train_cw(현재 train의 class별 acc) [0.0, 0.0, 0.0, 1.0, 0.6]
cw_psl_total_eval(pseudo label 클래스별 총 샘플 수):  [0, 0, 0, 0, 0]
cw_psl_correct_eval(pseudo label 클래스별 맞은 샘플 수):  [0, 0, 0, 0, 0]
psl_acc(PSL 평가에서의 정확도): None 
cw_psl_acc(클래스별 PSL 평가에서의 정확도):  [nan, nan, nan, nan, nan]
**pseudo_label ->  [0.0835, 0.1759, 0.2024, 0.3104, 0.2278] **
max =  0.3104 | max_idx =  3
**pseudo_label ->  [0.1284, 0.2027, 0.1909, 0.3027, 0.1753] **
max =  0.3027 | max_idx =  3
**pseudo_label ->  [0.0811, 0.2019, 0.2034, 0.252, 0.2615] **
max =  0.2615 | max_idx =  4
**pseudo_label ->  [0.0425, 0.2315, 0.14, 0.446, 0.14] **
max =  0.446 | max_idx =  3
**pseudo_label ->  [0.1023, 0.2099, 0.1892, 0.2386, 0.26] **
max =  0.26 | max_idx =  4
Epoch 2/37, Train Loss: 1.6816, Valid Loss: 1.6689, Train Acc: 0.3200, Val Acc: 0.2755, Test Acc: 0.2842, Test F1(macro): 0.1584, Total Pseudo-Labels: 0, Correct Pseudo-Labels: 0, Train Data Number: 25



line 303 => train data수 25
line 258 => 인스턴스 수 5
Step 10  Tim 0:01:17
acc_train_cw(현재 train의 class별 acc) [0.0, 0.0, 0.0, 0.8, 0.8]
cw_psl_total_eval(pseudo label 클래스별 총 샘플 수):  [0, 0, 0, 0, 0]
cw_psl_correct_eval(pseudo label 클래스별 맞은 샘플 수):  [0, 0, 0, 0, 0]
psl_acc(PSL 평가에서의 정확도): None 
cw_psl_acc(클래스별 PSL 평가에서의 정확도):  [nan, nan, nan, nan, nan]
**pseudo_label ->  [0.1277, 0.1828, 0.1579, 0.2572, 0.2745] **
max =  0.2745 | max_idx =  4
**pseudo_label ->  [0.1383, 0.1788, 0.1432, 0.2911, 0.2487] **
max =  0.2911 | max_idx =  3
**pseudo_label ->  [0.1291, 0.1604, 0.1464, 0.2584, 0.3057] **
max =  0.3057 | max_idx =  4
**pseudo_label ->  [0.1358, 0.182, 0.1476, 0.2588, 0.2757] **
max =  0.2757 | max_idx =  4
**pseudo_label ->  [0.0308, 0.0742, 0.0752, 0.2167, 0.6032] **
max =  0.6032 | max_idx =  4
Epoch 3/37, Train Loss: 1.7873, Valid Loss: 1.6257, Train Acc: 0.3200, Val Acc: 0.2755, Test Acc: 0.2737, Test F1(macro): 0.1421, Total Pseudo-Labels: 0, Correct Pseudo-Labels: 0, Train Data Number: 25



line 303 => train data수 25
line 258 => 인스턴스 수 5
Step 15  Tim 0:01:52
acc_train_cw(현재 train의 class별 acc) [0.0, 0.0, 0.0, 1.0, 0.0]
cw_psl_total_eval(pseudo label 클래스별 총 샘플 수):  [0, 0, 0, 0, 0]
cw_psl_correct_eval(pseudo label 클래스별 맞은 샘플 수):  [0, 0, 0, 0, 0]
psl_acc(PSL 평가에서의 정확도): None 
cw_psl_acc(클래스별 PSL 평가에서의 정확도):  [nan, nan, nan, nan, nan]
**pseudo_label ->  [0.145, 0.1982, 0.21, 0.2392, 0.2076] **
max =  0.2392 | max_idx =  3
**pseudo_label ->  [0.2389, 0.1592, 0.1515, 0.3236, 0.1269] **
max =  0.3236 | max_idx =  3
**pseudo_label ->  [0.146, 0.1987, 0.2094, 0.232, 0.214] **
max =  0.232 | max_idx =  3
**pseudo_label ->  [0.2372, 0.152, 0.1401, 0.3328, 0.1379] **
max =  0.3328 | max_idx =  3
**pseudo_label ->  [0.1532, 0.1876, 0.2109, 0.2464, 0.2018] **
max =  0.2464 | max_idx =  3
Epoch 4/37, Train Loss: 1.6757, Valid Loss: 1.4764, Train Acc: 0.2000, Val Acc: 0.1429, Test Acc: 0.2316, Test F1(macro): 0.0752, Total Pseudo-Labels: 0, Correct Pseudo-Labels: 0, Train Data Number: 25



line 303 => train data수 25
line 258 => 인스턴스 수 5
Step 20  Tim 0:02:25
acc_train_cw(현재 train의 class별 acc) [1.0, 0.0, 0.0, 0.0, 0.6]
cw_psl_total_eval(pseudo label 클래스별 총 샘플 수):  [0, 0, 0, 0, 0]
cw_psl_correct_eval(pseudo label 클래스별 맞은 샘플 수):  [0, 0, 0, 0, 0]
psl_acc(PSL 평가에서의 정확도): None 
cw_psl_acc(클래스별 PSL 평가에서의 정확도):  [nan, nan, nan, nan, nan]
**pseudo_label ->  [0.0476, 0.1448, 0.2615, 0.0451, 0.501] **
max =  0.501 | max_idx =  4
**pseudo_label ->  [0.2436, 0.2306, 0.2183, 0.1631, 0.1445] **
max =  0.2436 | max_idx =  0
**pseudo_label ->  [0.0453, 0.1269, 0.2358, 0.0481, 0.5439] **
max =  0.5439 | max_idx =  4
**pseudo_label ->  [0.2206, 0.2351, 0.2045, 0.1841, 0.1556] **
max =  0.2351 | max_idx =  1
**pseudo_label ->  [0.056, 0.1801, 0.2372, 0.0564, 0.4703] **
max =  0.4703 | max_idx =  4
Epoch 5/37, Train Loss: 1.6824, Valid Loss: 1.6299, Train Acc: 0.3200, Val Acc: 0.2653, Test Acc: 0.2842, Test F1(macro): 0.1870, Total Pseudo-Labels: 0, Correct Pseudo-Labels: 0, Train Data Number: 25



line 303 => train data수 25
line 258 => 인스턴스 수 5
Step 25  Tim 0:02:59
acc_train_cw(현재 train의 class별 acc) [0.0, 1.0, 0.0, 0.0, 0.0]
cw_psl_total_eval(pseudo label 클래스별 총 샘플 수):  [0, 0, 0, 0, 22]
cw_psl_correct_eval(pseudo label 클래스별 맞은 샘플 수):  [0, 0, 0, 0, 6]
psl_acc(PSL 평가에서의 정확도):  0.273 
cw_psl_acc(클래스별 PSL 평가에서의 정확도):  [nan, nan, nan, nan, 0.27272728085517883]
**pseudo_label ->  [0.2002, 0.2316, 0.2061, 0.1987, 0.1634] **
max =  0.2316 | max_idx =  1
**pseudo_label ->  [0.2089, 0.2335, 0.1982, 0.2026, 0.1568] **
max =  0.2335 | max_idx =  1
**pseudo_label ->  [0.2133, 0.2333, 0.1821, 0.199, 0.1722] **
max =  0.2333 | max_idx =  1
**pseudo_label ->  [0.2123, 0.2263, 0.2044, 0.1925, 0.1645] **
max =  0.2263 | max_idx =  1
**pseudo_label ->  [0.2201, 0.2258, 0.1906, 0.2047, 0.1589] **
max =  0.2258 | max_idx =  1
Epoch 6/37, Train Loss: 1.6743, Valid Loss: 1.7658, Train Acc: 0.2000, Val Acc: 0.0612, Test Acc: 0.0526, Test F1(macro): 0.0200, Total Pseudo-Labels: 0, Correct Pseudo-Labels: 0, Train Data Number: 25



line 303 => train data수 25
line 258 => 인스턴스 수 5
Step 30  Tim 0:03:33
acc_train_cw(현재 train의 class별 acc) [0.0, 1.0, 0.0, 0.0, 0.0]
cw_psl_total_eval(pseudo label 클래스별 총 샘플 수):  [0, 0, 0, 0, 0]
cw_psl_correct_eval(pseudo label 클래스별 맞은 샘플 수):  [0, 0, 0, 0, 0]
psl_acc(PSL 평가에서의 정확도): None 
cw_psl_acc(클래스별 PSL 평가에서의 정확도):  [nan, nan, nan, nan, nan]
**pseudo_label ->  [0.0644, 0.3873, 0.0535, 0.1954, 0.2993] **
max =  0.3873 | max_idx =  1
**pseudo_label ->  [0.1538, 0.252, 0.1253, 0.2386, 0.2302] **
max =  0.252 | max_idx =  1
**pseudo_label ->  [0.1542, 0.2757, 0.1324, 0.2135, 0.2242] **
max =  0.2757 | max_idx =  1
**pseudo_label ->  [0.1602, 0.2646, 0.1389, 0.2091, 0.2272] **
max =  0.2646 | max_idx =  1
**pseudo_label ->  [0.1341, 0.2197, 0.0849, 0.3262, 0.235] **
max =  0.3262 | max_idx =  3
Epoch 7/37, Train Loss: 1.6986, Valid Loss: 1.6589, Train Acc: 0.2000, Val Acc: 0.0612, Test Acc: 0.0526, Test F1(macro): 0.0200, Total Pseudo-Labels: 0, Correct Pseudo-Labels: 0, Train Data Number: 25



line 303 => train data수 25
line 258 => 인스턴스 수 5
Step 35  Tim 0:04:07
acc_train_cw(현재 train의 class별 acc) [0.0, 0.0, 0.0, 0.0, 1.0]
cw_psl_total_eval(pseudo label 클래스별 총 샘플 수):  [0, 0, 0, 0, 0]
cw_psl_correct_eval(pseudo label 클래스별 맞은 샘플 수):  [0, 0, 0, 0, 0]
psl_acc(PSL 평가에서의 정확도): None 
cw_psl_acc(클래스별 PSL 평가에서의 정확도):  [nan, nan, nan, nan, nan]
**pseudo_label ->  [0.1521, 0.2448, 0.1716, 0.1908, 0.2407] **
max =  0.2448 | max_idx =  1
**pseudo_label ->  [0.077, 0.3033, 0.1222, 0.1496, 0.3479] **
max =  0.3479 | max_idx =  4
**pseudo_label ->  [0.0725, 0.3203, 0.1147, 0.1603, 0.3322] **
max =  0.3322 | max_idx =  4
**pseudo_label ->  [0.1576, 0.2309, 0.1663, 0.1984, 0.2468] **
max =  0.2468 | max_idx =  4
**pseudo_label ->  [0.1553, 0.2337, 0.1716, 0.1955, 0.2439] **
max =  0.2439 | max_idx =  4
Epoch 8/37, Train Loss: 1.6358, Valid Loss: 1.5875, Train Acc: 0.2000, Val Acc: 0.2449, Test Acc: 0.2316, Test F1(macro): 0.0752, Total Pseudo-Labels: 0, Correct Pseudo-Labels: 0, Train Data Number: 25



line 303 => train data수 25
line 258 => 인스턴스 수 5
Step 40  Tim 0:04:41
acc_train_cw(현재 train의 class별 acc) [0.0, 0.0, 0.0, 0.0, 1.0]
cw_psl_total_eval(pseudo label 클래스별 총 샘플 수):  [0, 0, 0, 0, 0]
cw_psl_correct_eval(pseudo label 클래스별 맞은 샘플 수):  [0, 0, 0, 0, 0]
psl_acc(PSL 평가에서의 정확도): None 
cw_psl_acc(클래스별 PSL 평가에서의 정확도):  [nan, nan, nan, nan, nan]
**pseudo_label ->  [0.1718, 0.1381, 0.1969, 0.1616, 0.3316] **
max =  0.3316 | max_idx =  4
**pseudo_label ->  [0.1912, 0.1931, 0.1943, 0.1884, 0.233] **
max =  0.233 | max_idx =  4
**pseudo_label ->  [0.1887, 0.188, 0.1942, 0.1993, 0.2299] **
max =  0.2299 | max_idx =  4
**pseudo_label ->  [0.1984, 0.1878, 0.1945, 0.1968, 0.2225] **
max =  0.2225 | max_idx =  4
**pseudo_label ->  [0.1909, 0.1836, 0.1849, 0.1946, 0.246] **
max =  0.246 | max_idx =  4
Epoch 9/37, Train Loss: 1.6513, Valid Loss: 1.5732, Train Acc: 0.2000, Val Acc: 0.2449, Test Acc: 0.2316, Test F1(macro): 0.0752, Total Pseudo-Labels: 0, Correct Pseudo-Labels: 0, Train Data Number: 25



line 303 => train data수 25
line 258 => 인스턴스 수 5
Step 45  Tim 0:05:14
acc_train_cw(현재 train의 class별 acc) [1.0, 0.0, 0.0, 0.0, 0.0]
cw_psl_total_eval(pseudo label 클래스별 총 샘플 수):  [0, 0, 0, 0, 0]
cw_psl_correct_eval(pseudo label 클래스별 맞은 샘플 수):  [0, 0, 0, 0, 0]
psl_acc(PSL 평가에서의 정확도): None 
cw_psl_acc(클래스별 PSL 평가에서의 정확도):  [nan, nan, nan, nan, nan]
**pseudo_label ->  [0.2246, 0.1611, 0.2141, 0.1974, 0.2028] **
max =  0.2246 | max_idx =  0
**pseudo_label ->  [0.2114, 0.1588, 0.2154, 0.1994, 0.215] **
max =  0.2154 | max_idx =  2
**pseudo_label ->  [0.2209, 0.1548, 0.2085, 0.1944, 0.2214] **
max =  0.2214 | max_idx =  4
**pseudo_label ->  [0.2274, 0.1957, 0.178, 0.2159, 0.183] **
max =  0.2274 | max_idx =  0
**pseudo_label ->  [0.22, 0.1712, 0.2025, 0.2049, 0.2015] **
max =  0.22 | max_idx =  0
Epoch 10/37, Train Loss: 1.6684, Valid Loss: 1.5948, Train Acc: 0.2000, Val Acc: 0.1020, Test Acc: 0.1263, Test F1(macro): 0.0449, Total Pseudo-Labels: 0, Correct Pseudo-Labels: 0, Train Data Number: 25



line 303 => train data수 25
line 258 => 인스턴스 수 5
Step 50  Tim 0:05:41
acc_train_cw(현재 train의 class별 acc) [0.0, 0.0, 0.0, 1.0, 0.0]
cw_psl_total_eval(pseudo label 클래스별 총 샘플 수):  [0, 0, 0, 0, 0]
cw_psl_correct_eval(pseudo label 클래스별 맞은 샘플 수):  [0, 0, 0, 0, 0]
psl_acc(PSL 평가에서의 정확도): None 
cw_psl_acc(클래스별 PSL 평가에서의 정확도):  [nan, nan, nan, nan, nan]
**pseudo_label ->  [0.2045, 0.1625, 0.2157, 0.2645, 0.1529] **
max =  0.2645 | max_idx =  3
**pseudo_label ->  [0.2025, 0.1611, 0.1997, 0.2565, 0.1802] **
max =  0.2565 | max_idx =  3
**pseudo_label ->  [0.1952, 0.1563, 0.207, 0.2701, 0.1714] **
max =  0.2701 | max_idx =  3
**pseudo_label ->  [0.2069, 0.1618, 0.2065, 0.2509, 0.1738] **
max =  0.2509 | max_idx =  3
**pseudo_label ->  [0.2, 0.1631, 0.2093, 0.2621, 0.1654] **
max =  0.2621 | max_idx =  3
Epoch 11/37, Train Loss: 1.6289, Valid Loss: 1.6847, Train Acc: 0.2000, Val Acc: 0.1429, Test Acc: 0.2316, Test F1(macro): 0.0752, Total Pseudo-Labels: 0, Correct Pseudo-Labels: 0, Train Data Number: 25



line 303 => train data수 25
line 258 => 인스턴스 수 5
Step 55  Tim 0:06:04
acc_train_cw(현재 train의 class별 acc) [0.0, 0.0, 0.0, 1.0, 0.0]
cw_psl_total_eval(pseudo label 클래스별 총 샘플 수):  [0, 0, 0, 0, 0]
cw_psl_correct_eval(pseudo label 클래스별 맞은 샘플 수):  [0, 0, 0, 0, 0]
psl_acc(PSL 평가에서의 정확도): None 
cw_psl_acc(클래스별 PSL 평가에서의 정확도):  [nan, nan, nan, nan, nan]
**pseudo_label ->  [0.2103, 0.1988, 0.1633, 0.2361, 0.1916] **
max =  0.2361 | max_idx =  3
**pseudo_label ->  [0.2002, 0.1925, 0.162, 0.2491, 0.1962] **
max =  0.2491 | max_idx =  3
**pseudo_label ->  [0.1712, 0.2577, 0.1168, 0.2062, 0.2482] **
max =  0.2577 | max_idx =  1
**pseudo_label ->  [0.2116, 0.1928, 0.1655, 0.2435, 0.1867] **
max =  0.2435 | max_idx =  3
**pseudo_label ->  [0.2146, 0.1928, 0.1689, 0.2413, 0.1823] **
max =  0.2413 | max_idx =  3
Epoch 12/37, Train Loss: 1.6398, Valid Loss: 1.6657, Train Acc: 0.2000, Val Acc: 0.1429, Test Acc: 0.2316, Test F1(macro): 0.0752, Total Pseudo-Labels: 0, Correct Pseudo-Labels: 0, Train Data Number: 25



line 303 => train data수 25
line 258 => 인스턴스 수 5
Step 60  Tim 0:06:28
acc_train_cw(현재 train의 class별 acc) [1.0, 0.0, 0.0, 0.0, 0.0]
cw_psl_total_eval(pseudo label 클래스별 총 샘플 수):  [0, 0, 0, 0, 0]
cw_psl_correct_eval(pseudo label 클래스별 맞은 샘플 수):  [0, 0, 0, 0, 0]
psl_acc(PSL 평가에서의 정확도): None 
cw_psl_acc(클래스별 PSL 평가에서의 정확도):  [nan, nan, nan, nan, nan]
**pseudo_label ->  [0.2374, 0.204, 0.1791, 0.2025, 0.177] **
max =  0.2374 | max_idx =  0
**pseudo_label ->  [0.23, 0.203, 0.1847, 0.2047, 0.1776] **
max =  0.23 | max_idx =  0
**pseudo_label ->  [0.2371, 0.1982, 0.1805, 0.1959, 0.1883] **
max =  0.2371 | max_idx =  0
**pseudo_label ->  [0.2322, 0.2017, 0.1876, 0.1983, 0.1803] **
max =  0.2322 | max_idx =  0
**pseudo_label ->  [0.2191, 0.2067, 0.1884, 0.2044, 0.1814] **
max =  0.2191 | max_idx =  0
Epoch 13/37, Train Loss: 1.6622, Valid Loss: 1.6184, Train Acc: 0.2000, Val Acc: 0.1020, Test Acc: 0.1263, Test F1(macro): 0.0449, Total Pseudo-Labels: 0, Correct Pseudo-Labels: 0, Train Data Number: 25



line 303 => train data수 25
line 258 => 인스턴스 수 5
Step 65  Tim 0:07:02
acc_train_cw(현재 train의 class별 acc) [0.0, 1.0, 0.0, 0.0, 0.0]
cw_psl_total_eval(pseudo label 클래스별 총 샘플 수):  [0, 0, 0, 0, 0]
cw_psl_correct_eval(pseudo label 클래스별 맞은 샘플 수):  [0, 0, 0, 0, 0]
psl_acc(PSL 평가에서의 정확도): None 
cw_psl_acc(클래스별 PSL 평가에서의 정확도):  [nan, nan, nan, nan, nan]
**pseudo_label ->  [0.2097, 0.2118, 0.2031, 0.2014, 0.1741] **
max =  0.2118 | max_idx =  1
**pseudo_label ->  [0.213, 0.2035, 0.2064, 0.1887, 0.1884] **
max =  0.213 | max_idx =  0
**pseudo_label ->  [0.2143, 0.2033, 0.2055, 0.1895, 0.1875] **
max =  0.2143 | max_idx =  0
**pseudo_label ->  [0.2134, 0.2058, 0.2, 0.2056, 0.1753] **
max =  0.2134 | max_idx =  0
**pseudo_label ->  [0.2122, 0.2019, 0.2164, 0.1878, 0.1817] **
max =  0.2164 | max_idx =  2
Epoch 14/37, Train Loss: 1.6700, Valid Loss: 1.6722, Train Acc: 0.2000, Val Acc: 0.0612, Test Acc: 0.0526, Test F1(macro): 0.0200, Total Pseudo-Labels: 0, Correct Pseudo-Labels: 0, Train Data Number: 25



line 303 => train data수 25
line 258 => 인스턴스 수 5
Step 70  Tim 0:07:36
acc_train_cw(현재 train의 class별 acc) [1.0, 0.0, 0.0, 0.0, 0.0]
cw_psl_total_eval(pseudo label 클래스별 총 샘플 수):  [0, 0, 0, 0, 0]
cw_psl_correct_eval(pseudo label 클래스별 맞은 샘플 수):  [0, 0, 0, 0, 0]
psl_acc(PSL 평가에서의 정확도): None 
cw_psl_acc(클래스별 PSL 평가에서의 정확도):  [nan, nan, nan, nan, nan]
**pseudo_label ->  [0.2739, 0.1521, 0.1938, 0.2369, 0.1433] **
max =  0.2739 | max_idx =  0
**pseudo_label ->  [0.276, 0.1517, 0.1981, 0.2309, 0.1433] **
max =  0.276 | max_idx =  0
**pseudo_label ->  [0.2991, 0.1627, 0.1775, 0.2284, 0.1323] **
max =  0.2991 | max_idx =  0
**pseudo_label ->  [0.2773, 0.1523, 0.1919, 0.2347, 0.1439] **
max =  0.2773 | max_idx =  0
**pseudo_label ->  [0.2779, 0.1542, 0.1882, 0.234, 0.1457] **
max =  0.2779 | max_idx =  0
Epoch 15/37, Train Loss: 1.6533, Valid Loss: 1.6079, Train Acc: 0.2000, Val Acc: 0.1020, Test Acc: 0.1263, Test F1(macro): 0.0449, Total Pseudo-Labels: 0, Correct Pseudo-Labels: 0, Train Data Number: 25



line 303 => train data수 25
line 258 => 인스턴스 수 5
Step 75  Tim 0:08:11
acc_train_cw(현재 train의 class별 acc) [1.0, 0.0, 0.0, 0.0, 0.0]
cw_psl_total_eval(pseudo label 클래스별 총 샘플 수):  [0, 0, 0, 0, 0]
cw_psl_correct_eval(pseudo label 클래스별 맞은 샘플 수):  [0, 0, 0, 0, 0]
psl_acc(PSL 평가에서의 정확도): None 
cw_psl_acc(클래스별 PSL 평가에서의 정확도):  [nan, nan, nan, nan, nan]
**pseudo_label ->  [0.2415, 0.1439, 0.2308, 0.2393, 0.1445] **
max =  0.2415 | max_idx =  0
**pseudo_label ->  [0.2491, 0.1579, 0.2248, 0.218, 0.1502] **
max =  0.2491 | max_idx =  0
**pseudo_label ->  [0.2553, 0.1571, 0.2233, 0.2268, 0.1375] **
max =  0.2553 | max_idx =  0
**pseudo_label ->  [0.2452, 0.1568, 0.221, 0.2369, 0.1401] **
max =  0.2452 | max_idx =  0
**pseudo_label ->  [0.2543, 0.1447, 0.2371, 0.2258, 0.138] **
max =  0.2543 | max_idx =  0
Epoch 16/37, Train Loss: 1.6324, Valid Loss: 1.6013, Train Acc: 0.2000, Val Acc: 0.1020, Test Acc: 0.1263, Test F1(macro): 0.0449, Total Pseudo-Labels: 0, Correct Pseudo-Labels: 0, Train Data Number: 25



line 303 => train data수 25
line 258 => 인스턴스 수 5
Step 80  Tim 0:08:45
acc_train_cw(현재 train의 class별 acc) [1.0, 0.0, 0.0, 0.0, 0.0]
cw_psl_total_eval(pseudo label 클래스별 총 샘플 수):  [0, 0, 0, 0, 0]
cw_psl_correct_eval(pseudo label 클래스별 맞은 샘플 수):  [0, 0, 0, 0, 0]
psl_acc(PSL 평가에서의 정확도): None 
cw_psl_acc(클래스별 PSL 평가에서의 정확도):  [nan, nan, nan, nan, nan]
**pseudo_label ->  [0.2273, 0.1624, 0.2209, 0.2223, 0.1671] **
max =  0.2273 | max_idx =  0
**pseudo_label ->  [0.2221, 0.1073, 0.3298, 0.2392, 0.1016] **
max =  0.3298 | max_idx =  2
**pseudo_label ->  [0.2264, 0.1652, 0.2233, 0.228, 0.1571] **
max =  0.228 | max_idx =  3
**pseudo_label ->  [0.2502, 0.1605, 0.2105, 0.2147, 0.164] **
max =  0.2502 | max_idx =  0
**pseudo_label ->  [0.2671, 0.1235, 0.2526, 0.2527, 0.1042] **
max =  0.2671 | max_idx =  0
Epoch 17/37, Train Loss: 1.6466, Valid Loss: 1.6422, Train Acc: 0.2000, Val Acc: 0.1020, Test Acc: 0.1263, Test F1(macro): 0.0449, Total Pseudo-Labels: 0, Correct Pseudo-Labels: 0, Train Data Number: 25



line 303 => train data수 25
line 258 => 인스턴스 수 5
Step 85  Tim 0:09:19
acc_train_cw(현재 train의 class별 acc) [1.0, 0.0, 0.0, 0.0, 0.0]
cw_psl_total_eval(pseudo label 클래스별 총 샘플 수):  [0, 0, 0, 0, 0]
cw_psl_correct_eval(pseudo label 클래스별 맞은 샘플 수):  [0, 0, 0, 0, 0]
psl_acc(PSL 평가에서의 정확도): None 
cw_psl_acc(클래스별 PSL 평가에서의 정확도):  [nan, nan, nan, nan, nan]
**pseudo_label ->  [0.2619, 0.1564, 0.1844, 0.2283, 0.1691] **
max =  0.2619 | max_idx =  0
**pseudo_label ->  [0.2225, 0.1595, 0.1886, 0.2405, 0.189] **
max =  0.2405 | max_idx =  3
**pseudo_label ->  [0.2547, 0.1555, 0.1814, 0.2336, 0.1748] **
max =  0.2547 | max_idx =  0
**pseudo_label ->  [0.2428, 0.1575, 0.1853, 0.2365, 0.1779] **
max =  0.2428 | max_idx =  0
**pseudo_label ->  [0.2397, 0.1539, 0.1901, 0.24, 0.1763] **
max =  0.24 | max_idx =  3
Epoch 18/37, Train Loss: 1.7006, Valid Loss: 1.5839, Train Acc: 0.2000, Val Acc: 0.1020, Test Acc: 0.1263, Test F1(macro): 0.0449, Total Pseudo-Labels: 0, Correct Pseudo-Labels: 0, Train Data Number: 25



line 303 => train data수 25
line 258 => 인스턴스 수 5
Step 90  Tim 0:09:53
acc_train_cw(현재 train의 class별 acc) [0.0, 0.0, 0.0, 0.0, 1.0]
cw_psl_total_eval(pseudo label 클래스별 총 샘플 수):  [0, 0, 0, 0, 0]
cw_psl_correct_eval(pseudo label 클래스별 맞은 샘플 수):  [0, 0, 0, 0, 0]
psl_acc(PSL 평가에서의 정확도): None 
cw_psl_acc(클래스별 PSL 평가에서의 정확도):  [nan, nan, nan, nan, nan]
**pseudo_label ->  [0.1872, 0.1632, 0.1944, 0.2138, 0.2414] **
max =  0.2414 | max_idx =  4
**pseudo_label ->  [0.1805, 0.166, 0.1894, 0.2203, 0.2438] **
max =  0.2438 | max_idx =  4
**pseudo_label ->  [0.1803, 0.1631, 0.1913, 0.218, 0.2473] **
max =  0.2473 | max_idx =  4
**pseudo_label ->  [0.1782, 0.1763, 0.1902, 0.2212, 0.234] **
max =  0.234 | max_idx =  4
**pseudo_label ->  [0.1326, 0.1827, 0.1889, 0.1888, 0.307] **
max =  0.307 | max_idx =  4
Epoch 19/37, Train Loss: 1.6395, Valid Loss: 1.6390, Train Acc: 0.2000, Val Acc: 0.2449, Test Acc: 0.2316, Test F1(macro): 0.0752, Total Pseudo-Labels: 0, Correct Pseudo-Labels: 0, Train Data Number: 25



line 303 => train data수 25
line 258 => 인스턴스 수 5
Step 95  Tim 0:10:26
acc_train_cw(현재 train의 class별 acc) [0.0, 0.0, 0.0, 0.0, 1.0]
cw_psl_total_eval(pseudo label 클래스별 총 샘플 수):  [0, 0, 0, 0, 0]
cw_psl_correct_eval(pseudo label 클래스별 맞은 샘플 수):  [0, 0, 0, 0, 0]
psl_acc(PSL 평가에서의 정확도): None 
cw_psl_acc(클래스별 PSL 평가에서의 정확도):  [nan, nan, nan, nan, nan]
**pseudo_label ->  [0.1491, 0.2387, 0.1646, 0.1951, 0.2525] **
max =  0.2525 | max_idx =  4
**pseudo_label ->  [0.1661, 0.2216, 0.187, 0.2113, 0.2141] **
max =  0.2216 | max_idx =  1
**pseudo_label ->  [0.1546, 0.2361, 0.1803, 0.2033, 0.2257] **
max =  0.2361 | max_idx =  1
**pseudo_label ->  [0.1605, 0.2287, 0.1757, 0.2104, 0.2246] **
max =  0.2287 | max_idx =  1
**pseudo_label ->  [0.159, 0.2588, 0.1486, 0.1842, 0.2493] **
max =  0.2588 | max_idx =  1
Epoch 20/37, Train Loss: 1.6765, Valid Loss: 1.6091, Train Acc: 0.2000, Val Acc: 0.2449, Test Acc: 0.2316, Test F1(macro): 0.0752, Total Pseudo-Labels: 0, Correct Pseudo-Labels: 0, Train Data Number: 25



line 303 => train data수 25
line 258 => 인스턴스 수 5
Step 100  Tim 0:11:00
acc_train_cw(현재 train의 class별 acc) [0.0, 1.0, 0.0, 0.0, 0.0]
cw_psl_total_eval(pseudo label 클래스별 총 샘플 수):  [0, 0, 0, 0, 0]
cw_psl_correct_eval(pseudo label 클래스별 맞은 샘플 수):  [0, 0, 0, 0, 0]
psl_acc(PSL 평가에서의 정확도): None 
cw_psl_acc(클래스별 PSL 평가에서의 정확도):  [nan, nan, nan, nan, nan]
**pseudo_label ->  [0.1373, 0.349, 0.2074, 0.1275, 0.1788] **
max =  0.349 | max_idx =  1
**pseudo_label ->  [0.1832, 0.2356, 0.2147, 0.1792, 0.1873] **
max =  0.2356 | max_idx =  1
**pseudo_label ->  [0.1746, 0.235, 0.2198, 0.1832, 0.1875] **
max =  0.235 | max_idx =  1
**pseudo_label ->  [0.1868, 0.2406, 0.2045, 0.1772, 0.1908] **
max =  0.2406 | max_idx =  1
**pseudo_label ->  [0.1797, 0.2347, 0.2138, 0.177, 0.1949] **
max =  0.2347 | max_idx =  1
Epoch 21/37, Train Loss: 1.6808, Valid Loss: 1.6424, Train Acc: 0.2000, Val Acc: 0.0612, Test Acc: 0.0526, Test F1(macro): 0.0200, Total Pseudo-Labels: 0, Correct Pseudo-Labels: 0, Train Data Number: 25



line 303 => train data수 25
line 258 => 인스턴스 수 5
Step 105  Tim 0:11:34
acc_train_cw(현재 train의 class별 acc) [1.0, 0.0, 0.0, 0.0, 0.0]
cw_psl_total_eval(pseudo label 클래스별 총 샘플 수):  [0, 0, 0, 0, 0]
cw_psl_correct_eval(pseudo label 클래스별 맞은 샘플 수):  [0, 0, 0, 0, 0]
psl_acc(PSL 평가에서의 정확도): None 
cw_psl_acc(클래스별 PSL 평가에서의 정확도):  [nan, nan, nan, nan, nan]
**pseudo_label ->  [0.2221, 0.2136, 0.1786, 0.1727, 0.213] **
max =  0.2221 | max_idx =  0
**pseudo_label ->  [0.2161, 0.2113, 0.1608, 0.1561, 0.2557] **
max =  0.2557 | max_idx =  4
**pseudo_label ->  [0.2279, 0.1938, 0.1839, 0.1664, 0.228] **
max =  0.228 | max_idx =  4
**pseudo_label ->  [0.2456, 0.1903, 0.1759, 0.1649, 0.2233] **
max =  0.2456 | max_idx =  0
**pseudo_label ->  [0.3022, 0.1814, 0.1516, 0.0982, 0.2666] **
max =  0.3022 | max_idx =  0
Epoch 22/37, Train Loss: 1.6263, Valid Loss: 1.6490, Train Acc: 0.2000, Val Acc: 0.1020, Test Acc: 0.1263, Test F1(macro): 0.0449, Total Pseudo-Labels: 0, Correct Pseudo-Labels: 0, Train Data Number: 25



line 303 => train data수 25
line 258 => 인스턴스 수 5
Step 110  Tim 0:12:06
acc_train_cw(현재 train의 class별 acc) [1.0, 0.0, 0.0, 0.0, 0.0]
cw_psl_total_eval(pseudo label 클래스별 총 샘플 수):  [0, 0, 0, 0, 0]
cw_psl_correct_eval(pseudo label 클래스별 맞은 샘플 수):  [0, 0, 0, 0, 0]
psl_acc(PSL 평가에서의 정확도): None 
cw_psl_acc(클래스별 PSL 평가에서의 정확도):  [nan, nan, nan, nan, nan]
**pseudo_label ->  [0.2441, 0.1777, 0.1788, 0.2017, 0.1977] **
max =  0.2441 | max_idx =  0
**pseudo_label ->  [0.2375, 0.186, 0.1831, 0.2034, 0.1899] **
max =  0.2375 | max_idx =  0
**pseudo_label ->  [0.2296, 0.1807, 0.195, 0.1991, 0.1955] **
max =  0.2296 | max_idx =  0
**pseudo_label ->  [0.2516, 0.1762, 0.184, 0.1934, 0.1948] **
max =  0.2516 | max_idx =  0
**pseudo_label ->  [0.2434, 0.1811, 0.1724, 0.2017, 0.2013] **
max =  0.2434 | max_idx =  0
Epoch 23/37, Train Loss: 1.6482, Valid Loss: 1.6700, Train Acc: 0.2000, Val Acc: 0.1020, Test Acc: 0.1263, Test F1(macro): 0.0449, Total Pseudo-Labels: 0, Correct Pseudo-Labels: 0, Train Data Number: 25



line 303 => train data수 25
line 258 => 인스턴스 수 5
Step 115  Tim 0:12:40
acc_train_cw(현재 train의 class별 acc) [1.0, 0.0, 0.0, 0.0, 0.0]
cw_psl_total_eval(pseudo label 클래스별 총 샘플 수):  [0, 0, 0, 0, 0]
cw_psl_correct_eval(pseudo label 클래스별 맞은 샘플 수):  [0, 0, 0, 0, 0]
psl_acc(PSL 평가에서의 정확도): None 
cw_psl_acc(클래스별 PSL 평가에서의 정확도):  [nan, nan, nan, nan, nan]
**pseudo_label ->  [0.2306, 0.1882, 0.1668, 0.2086, 0.2058] **
max =  0.2306 | max_idx =  0
**pseudo_label ->  [0.226, 0.1933, 0.1699, 0.2116, 0.1992] **
max =  0.226 | max_idx =  0
**pseudo_label ->  [0.2147, 0.2, 0.1382, 0.2087, 0.2384] **
max =  0.2384 | max_idx =  4
**pseudo_label ->  [0.2342, 0.1851, 0.1641, 0.2059, 0.2107] **
max =  0.2342 | max_idx =  0
**pseudo_label ->  [0.2318, 0.1885, 0.1741, 0.1976, 0.2081] **
max =  0.2318 | max_idx =  0
Epoch 24/37, Train Loss: 1.5957, Valid Loss: 1.6399, Train Acc: 0.2000, Val Acc: 0.1020, Test Acc: 0.1263, Test F1(macro): 0.0449, Total Pseudo-Labels: 0, Correct Pseudo-Labels: 0, Train Data Number: 25



line 303 => train data수 25
line 258 => 인스턴스 수 5
Step 120  Tim 0:13:15
acc_train_cw(현재 train의 class별 acc) [0.0, 0.0, 0.0, 1.0, 0.0]
cw_psl_total_eval(pseudo label 클래스별 총 샘플 수):  [0, 0, 0, 0, 0]
cw_psl_correct_eval(pseudo label 클래스별 맞은 샘플 수):  [0, 0, 0, 0, 0]
psl_acc(PSL 평가에서의 정확도): None 
cw_psl_acc(클래스별 PSL 평가에서의 정확도):  [nan, nan, nan, nan, nan]
**pseudo_label ->  [0.2136, 0.1921, 0.1907, 0.2124, 0.1911] **
max =  0.2136 | max_idx =  0
**pseudo_label ->  [0.2621, 0.1508, 0.1619, 0.2646, 0.1607] **
max =  0.2646 | max_idx =  3
**pseudo_label ->  [0.2074, 0.1892, 0.1895, 0.2161, 0.1979] **
max =  0.2161 | max_idx =  3
**pseudo_label ->  [0.1957, 0.1937, 0.1843, 0.2227, 0.2036] **
max =  0.2227 | max_idx =  3
**pseudo_label ->  [0.2022, 0.1936, 0.1873, 0.226, 0.1909] **
max =  0.226 | max_idx =  3
Epoch 25/37, Train Loss: 1.6411, Valid Loss: 1.6357, Train Acc: 0.2000, Val Acc: 0.1429, Test Acc: 0.2316, Test F1(macro): 0.0752, Total Pseudo-Labels: 0, Correct Pseudo-Labels: 0, Train Data Number: 25



line 303 => train data수 25
line 258 => 인스턴스 수 5
Step 125  Tim 0:13:49
acc_train_cw(현재 train의 class별 acc) [0.0, 0.0, 0.0, 1.0, 0.0]
cw_psl_total_eval(pseudo label 클래스별 총 샘플 수):  [0, 0, 0, 0, 0]
cw_psl_correct_eval(pseudo label 클래스별 맞은 샘플 수):  [0, 0, 0, 0, 0]
psl_acc(PSL 평가에서의 정확도): None 
cw_psl_acc(클래스별 PSL 평가에서의 정확도):  [nan, nan, nan, nan, nan]
**pseudo_label ->  [0.1749, 0.2074, 0.1839, 0.2239, 0.2099] **
max =  0.2239 | max_idx =  3
**pseudo_label ->  [0.1822, 0.2079, 0.1832, 0.2228, 0.204] **
max =  0.2228 | max_idx =  3
**pseudo_label ->  [0.1808, 0.206, 0.1831, 0.2315, 0.1985] **
max =  0.2315 | max_idx =  3
**pseudo_label ->  [0.1327, 0.2244, 0.1677, 0.2694, 0.2057] **
max =  0.2694 | max_idx =  3
**pseudo_label ->  [0.1804, 0.202, 0.1831, 0.2288, 0.2057] **
max =  0.2288 | max_idx =  3
Epoch 26/37, Train Loss: 1.6587, Valid Loss: 1.6025, Train Acc: 0.2000, Val Acc: 0.1429, Test Acc: 0.2316, Test F1(macro): 0.0752, Total Pseudo-Labels: 0, Correct Pseudo-Labels: 0, Train Data Number: 25



line 303 => train data수 25
line 258 => 인스턴스 수 5
Step 130  Tim 0:14:22
acc_train_cw(현재 train의 class별 acc) [0.0, 0.0, 0.0, 1.0, 0.0]
cw_psl_total_eval(pseudo label 클래스별 총 샘플 수):  [0, 0, 0, 0, 0]
cw_psl_correct_eval(pseudo label 클래스별 맞은 샘플 수):  [0, 0, 0, 0, 0]
psl_acc(PSL 평가에서의 정확도): None 
cw_psl_acc(클래스별 PSL 평가에서의 정확도):  [nan, nan, nan, nan, nan]
**pseudo_label ->  [0.1371, 0.2177, 0.2174, 0.2413, 0.1865] **
max =  0.2413 | max_idx =  3
**pseudo_label ->  [0.1704, 0.2146, 0.205, 0.2135, 0.1966] **
max =  0.2146 | max_idx =  1
**pseudo_label ->  [0.1646, 0.2029, 0.2127, 0.214, 0.2058] **
max =  0.214 | max_idx =  3
**pseudo_label ->  [0.1664, 0.2178, 0.2139, 0.2214, 0.1805] **
max =  0.2214 | max_idx =  3
**pseudo_label ->  [0.164, 0.2135, 0.206, 0.2212, 0.1953] **
max =  0.2212 | max_idx =  3
Epoch 27/37, Train Loss: 1.6021, Valid Loss: 1.5488, Train Acc: 0.2000, Val Acc: 0.1429, Test Acc: 0.2316, Test F1(macro): 0.0752, Total Pseudo-Labels: 0, Correct Pseudo-Labels: 0, Train Data Number: 25



line 303 => train data수 25
line 258 => 인스턴스 수 5
Step 135  Tim 0:14:56
acc_train_cw(현재 train의 class별 acc) [0.0, 0.0, 1.0, 0.0, 0.0]
cw_psl_total_eval(pseudo label 클래스별 총 샘플 수):  [0, 0, 0, 0, 0]
cw_psl_correct_eval(pseudo label 클래스별 맞은 샘플 수):  [0, 0, 0, 0, 0]
psl_acc(PSL 평가에서의 정확도): None 
cw_psl_acc(클래스별 PSL 평가에서의 정확도):  [nan, nan, nan, nan, nan]
***best_acc_model_save --- epoch = 28***
Save model to ./experiment/corcod_extended_data/output/
**pseudo_label ->  [0.1715, 0.2041, 0.254, 0.2027, 0.1677] **
max =  0.254 | max_idx =  2
**pseudo_label ->  [0.1588, 0.2118, 0.2538, 0.2113, 0.1643] **
max =  0.2538 | max_idx =  2
**pseudo_label ->  [0.1574, 0.2147, 0.2623, 0.1987, 0.1668] **
max =  0.2623 | max_idx =  2
**pseudo_label ->  [0.1471, 0.2418, 0.2083, 0.1686, 0.2341] **
max =  0.2418 | max_idx =  1
**pseudo_label ->  [0.1656, 0.2141, 0.2514, 0.1932, 0.1757] **
max =  0.2514 | max_idx =  2
Epoch 28/37, Train Loss: 1.6623, Valid Loss: 1.5026, Train Acc: 0.2000, Val Acc: 0.4490, Test Acc: 0.3579, Test F1(macro): 0.1054, Total Pseudo-Labels: 0, Correct Pseudo-Labels: 0, Train Data Number: 25



line 303 => train data수 25
line 258 => 인스턴스 수 5
Step 140  Tim 0:15:39
acc_train_cw(현재 train의 class별 acc) [0.0, 0.0, 1.0, 0.0, 0.0]
cw_psl_total_eval(pseudo label 클래스별 총 샘플 수):  [0, 0, 0, 0, 0]
cw_psl_correct_eval(pseudo label 클래스별 맞은 샘플 수):  [0, 0, 0, 0, 0]
psl_acc(PSL 평가에서의 정확도): None 
cw_psl_acc(클래스별 PSL 평가에서의 정확도):  [nan, nan, nan, nan, nan]
**pseudo_label ->  [0.1645, 0.194, 0.2596, 0.1523, 0.2296] **
max =  0.2596 | max_idx =  2
**pseudo_label ->  [0.1538, 0.1799, 0.2696, 0.1757, 0.2209] **
max =  0.2696 | max_idx =  2
**pseudo_label ->  [0.1576, 0.1906, 0.2895, 0.165, 0.1972] **
max =  0.2895 | max_idx =  2
**pseudo_label ->  [0.1645, 0.1836, 0.2686, 0.1745, 0.2089] **
max =  0.2686 | max_idx =  2
**pseudo_label ->  [0.1588, 0.1889, 0.2742, 0.1754, 0.2026] **
max =  0.2742 | max_idx =  2
Epoch 29/37, Train Loss: 1.7150, Valid Loss: 1.5830, Train Acc: 0.2000, Val Acc: 0.4490, Test Acc: 0.3579, Test F1(macro): 0.1054, Total Pseudo-Labels: 0, Correct Pseudo-Labels: 0, Train Data Number: 25



line 303 => train data수 25
line 258 => 인스턴스 수 5
Step 145  Tim 0:16:13
acc_train_cw(현재 train의 class별 acc) [0.0, 0.0, 0.0, 0.0, 1.0]
cw_psl_total_eval(pseudo label 클래스별 총 샘플 수):  [0, 0, 0, 0, 0]
cw_psl_correct_eval(pseudo label 클래스별 맞은 샘플 수):  [0, 0, 0, 0, 0]
psl_acc(PSL 평가에서의 정확도): None 
cw_psl_acc(클래스별 PSL 평가에서의 정확도):  [nan, nan, nan, nan, nan]
**pseudo_label ->  [0.2153, 0.1708, 0.2013, 0.158, 0.2546] **
max =  0.2546 | max_idx =  4
**pseudo_label ->  [0.1526, 0.1909, 0.1447, 0.107, 0.4048] **
max =  0.4048 | max_idx =  4
**pseudo_label ->  [0.2105, 0.1619, 0.2131, 0.1467, 0.2679] **
max =  0.2679 | max_idx =  4
**pseudo_label ->  [0.2085, 0.1724, 0.2033, 0.1513, 0.2644] **
max =  0.2644 | max_idx =  4
**pseudo_label ->  [0.2051, 0.1764, 0.2026, 0.1474, 0.2685] **
max =  0.2685 | max_idx =  4
Epoch 30/37, Train Loss: 1.6475, Valid Loss: 1.6720, Train Acc: 0.2000, Val Acc: 0.2449, Test Acc: 0.2316, Test F1(macro): 0.0752, Total Pseudo-Labels: 0, Correct Pseudo-Labels: 0, Train Data Number: 25



line 303 => train data수 25
line 258 => 인스턴스 수 5
Step 150  Tim 0:16:48
acc_train_cw(현재 train의 class별 acc) [1.0, 0.0, 0.0, 0.0, 0.0]
cw_psl_total_eval(pseudo label 클래스별 총 샘플 수):  [0, 0, 0, 0, 5]
cw_psl_correct_eval(pseudo label 클래스별 맞은 샘플 수):  [0, 0, 0, 0, 1]
psl_acc(PSL 평가에서의 정확도):  0.2 
cw_psl_acc(클래스별 PSL 평가에서의 정확도):  [nan, nan, nan, nan, 0.20000000298023224]
**pseudo_label ->  [0.2303, 0.1674, 0.1605, 0.2198, 0.222] **
max =  0.2303 | max_idx =  0
**pseudo_label ->  [0.229, 0.1568, 0.1719, 0.2286, 0.2137] **
max =  0.229 | max_idx =  0
**pseudo_label ->  [0.2392, 0.1654, 0.1547, 0.2259, 0.2148] **
max =  0.2392 | max_idx =  0
**pseudo_label ->  [0.2312, 0.1545, 0.1739, 0.2279, 0.2125] **
max =  0.2312 | max_idx =  0
**pseudo_label ->  [0.2288, 0.1625, 0.1648, 0.2232, 0.2207] **
max =  0.2288 | max_idx =  0
Epoch 31/37, Train Loss: 1.6658, Valid Loss: 1.7356, Train Acc: 0.2000, Val Acc: 0.1020, Test Acc: 0.1263, Test F1(macro): 0.0449, Total Pseudo-Labels: 0, Correct Pseudo-Labels: 0, Train Data Number: 25



line 303 => train data수 25
line 258 => 인스턴스 수 5
Step 155  Tim 0:17:21
acc_train_cw(현재 train의 class별 acc) [1.0, 0.0, 0.0, 0.0, 0.0]
cw_psl_total_eval(pseudo label 클래스별 총 샘플 수):  [0, 0, 0, 0, 0]
cw_psl_correct_eval(pseudo label 클래스별 맞은 샘플 수):  [0, 0, 0, 0, 0]
psl_acc(PSL 평가에서의 정확도): None 
cw_psl_acc(클래스별 PSL 평가에서의 정확도):  [nan, nan, nan, nan, nan]
**pseudo_label ->  [0.2593, 0.1657, 0.1549, 0.2636, 0.1565] **
max =  0.2636 | max_idx =  3
**pseudo_label ->  [0.2591, 0.1648, 0.1585, 0.2708, 0.1467] **
max =  0.2708 | max_idx =  3
**pseudo_label ->  [0.2652, 0.1632, 0.1542, 0.2686, 0.1488] **
max =  0.2686 | max_idx =  3
**pseudo_label ->  [0.4087, 0.0965, 0.0856, 0.3197, 0.0896] **
max =  0.4087 | max_idx =  0
**pseudo_label ->  [0.2488, 0.1693, 0.1698, 0.2485, 0.1635] **
max =  0.2488 | max_idx =  0
Epoch 32/37, Train Loss: 1.6959, Valid Loss: 1.6850, Train Acc: 0.2000, Val Acc: 0.1020, Test Acc: 0.1263, Test F1(macro): 0.0449, Total Pseudo-Labels: 0, Correct Pseudo-Labels: 0, Train Data Number: 25



line 303 => train data수 25
line 258 => 인스턴스 수 5
Step 160  Tim 0:17:55
acc_train_cw(현재 train의 class별 acc) [0.0, 0.0, 0.0, 1.0, 0.0]
cw_psl_total_eval(pseudo label 클래스별 총 샘플 수):  [0, 0, 0, 0, 0]
cw_psl_correct_eval(pseudo label 클래스별 맞은 샘플 수):  [0, 0, 0, 0, 0]
psl_acc(PSL 평가에서의 정확도): None 
cw_psl_acc(클래스별 PSL 평가에서의 정확도):  [nan, nan, nan, nan, nan]
**pseudo_label ->  [0.1975, 0.2394, 0.1529, 0.1909, 0.2193] **
max =  0.2394 | max_idx =  1
**pseudo_label ->  [0.2354, 0.1658, 0.2097, 0.2686, 0.1206] **
max =  0.2686 | max_idx =  3
**pseudo_label ->  [0.2758, 0.1551, 0.1932, 0.252, 0.1238] **
max =  0.2758 | max_idx =  0
**pseudo_label ->  [0.2707, 0.1651, 0.1951, 0.2455, 0.1235] **
max =  0.2707 | max_idx =  0
**pseudo_label ->  [0.2555, 0.1644, 0.1998, 0.2569, 0.1234] **
max =  0.2569 | max_idx =  3
Epoch 33/37, Train Loss: 1.6940, Valid Loss: 1.6101, Train Acc: 0.2000, Val Acc: 0.1429, Test Acc: 0.2316, Test F1(macro): 0.0752, Total Pseudo-Labels: 0, Correct Pseudo-Labels: 0, Train Data Number: 25



line 303 => train data수 25
line 258 => 인스턴스 수 5
Step 165  Tim 0:18:29
acc_train_cw(현재 train의 class별 acc) [0.0, 1.0, 0.0, 0.0, 0.0]
cw_psl_total_eval(pseudo label 클래스별 총 샘플 수):  [0, 0, 0, 0, 0]
cw_psl_correct_eval(pseudo label 클래스별 맞은 샘플 수):  [0, 0, 0, 0, 0]
psl_acc(PSL 평가에서의 정확도): None 
cw_psl_acc(클래스별 PSL 평가에서의 정확도):  [nan, nan, nan, nan, nan]
**pseudo_label ->  [0.1964, 0.2255, 0.2099, 0.2084, 0.1598] **
max =  0.2255 | max_idx =  1
**pseudo_label ->  [0.1776, 0.2243, 0.2078, 0.2055, 0.1848] **
max =  0.2243 | max_idx =  1
**pseudo_label ->  [0.1844, 0.2264, 0.2243, 0.1987, 0.1662] **
max =  0.2264 | max_idx =  1
**pseudo_label ->  [0.1891, 0.2165, 0.2173, 0.2142, 0.1628] **
max =  0.2173 | max_idx =  2
**pseudo_label ->  [0.1803, 0.2294, 0.2182, 0.1952, 0.1769] **
max =  0.2294 | max_idx =  1
Epoch 34/37, Train Loss: 1.5894, Valid Loss: 1.6051, Train Acc: 0.2000, Val Acc: 0.0612, Test Acc: 0.0526, Test F1(macro): 0.0200, Total Pseudo-Labels: 0, Correct Pseudo-Labels: 0, Train Data Number: 25



line 303 => train data수 25
line 258 => 인스턴스 수 5
Step 170  Tim 0:19:03
acc_train_cw(현재 train의 class별 acc) [0.0, 1.0, 0.0, 0.0, 0.0]
cw_psl_total_eval(pseudo label 클래스별 총 샘플 수):  [0, 0, 0, 0, 0]
cw_psl_correct_eval(pseudo label 클래스별 맞은 샘플 수):  [0, 0, 0, 0, 0]
psl_acc(PSL 평가에서의 정확도): None 
cw_psl_acc(클래스별 PSL 평가에서의 정확도):  [nan, nan, nan, nan, nan]
**pseudo_label ->  [0.1287, 0.2819, 0.165, 0.1566, 0.2679] **
max =  0.2819 | max_idx =  1
**pseudo_label ->  [0.1572, 0.2442, 0.2254, 0.1713, 0.2019] **
max =  0.2442 | max_idx =  1
**pseudo_label ->  [0.1477, 0.2559, 0.2241, 0.1628, 0.2095] **
max =  0.2559 | max_idx =  1
**pseudo_label ->  [0.1489, 0.2649, 0.2062, 0.1675, 0.2126] **
max =  0.2649 | max_idx =  1
**pseudo_label ->  [0.1522, 0.2524, 0.2186, 0.1684, 0.2085] **
max =  0.2524 | max_idx =  1
Epoch 35/37, Train Loss: 1.6316, Valid Loss: 1.6376, Train Acc: 0.2000, Val Acc: 0.0612, Test Acc: 0.0526, Test F1(macro): 0.0200, Total Pseudo-Labels: 0, Correct Pseudo-Labels: 0, Train Data Number: 25



line 303 => train data수 25
line 258 => 인스턴스 수 5
Step 175  Tim 0:19:38
acc_train_cw(현재 train의 class별 acc) [0.0, 1.0, 0.0, 0.0, 0.0]
cw_psl_total_eval(pseudo label 클래스별 총 샘플 수):  [0, 0, 0, 0, 0]
cw_psl_correct_eval(pseudo label 클래스별 맞은 샘플 수):  [0, 0, 0, 0, 0]
psl_acc(PSL 평가에서의 정확도): None 
cw_psl_acc(클래스별 PSL 평가에서의 정확도):  [nan, nan, nan, nan, nan]
**pseudo_label ->  [0.1557, 0.25, 0.1876, 0.1512, 0.2554] **
max =  0.2554 | max_idx =  4
**pseudo_label ->  [0.1333, 0.2679, 0.1442, 0.1482, 0.3064] **
max =  0.3064 | max_idx =  4
**pseudo_label ->  [0.1617, 0.254, 0.1952, 0.1578, 0.2313] **
max =  0.254 | max_idx =  1
**pseudo_label ->  [0.154, 0.257, 0.1984, 0.1655, 0.2251] **
max =  0.257 | max_idx =  1
**pseudo_label ->  [0.1633, 0.2524, 0.1866, 0.1601, 0.2376] **
max =  0.2524 | max_idx =  1
Epoch 36/37, Train Loss: 1.6961, Valid Loss: 1.6030, Train Acc: 0.2000, Val Acc: 0.0612, Test Acc: 0.0526, Test F1(macro): 0.0200, Total Pseudo-Labels: 0, Correct Pseudo-Labels: 0, Train Data Number: 25



line 303 => train data수 25
line 258 => 인스턴스 수 5
Step 180  Tim 0:20:11
acc_train_cw(현재 train의 class별 acc) [0.0, 0.0, 0.0, 0.0, 1.0]
cw_psl_total_eval(pseudo label 클래스별 총 샘플 수):  [0, 0, 0, 0, 0]
cw_psl_correct_eval(pseudo label 클래스별 맞은 샘플 수):  [0, 0, 0, 0, 0]
psl_acc(PSL 평가에서의 정확도): None 
cw_psl_acc(클래스별 PSL 평가에서의 정확도):  [nan, nan, nan, nan, nan]
**pseudo_label ->  [0.1741, 0.2331, 0.1944, 0.1763, 0.2221] **
max =  0.2331 | max_idx =  1
**pseudo_label ->  [0.1688, 0.2624, 0.1928, 0.1175, 0.2586] **
max =  0.2624 | max_idx =  1
**pseudo_label ->  [0.119, 0.2994, 0.2151, 0.1203, 0.2462] **
max =  0.2994 | max_idx =  1
**pseudo_label ->  [0.1739, 0.2297, 0.211, 0.1682, 0.2173] **
max =  0.2297 | max_idx =  1
**pseudo_label ->  [0.1678, 0.2119, 0.2019, 0.1752, 0.2432] **
max =  0.2432 | max_idx =  4
Epoch 37/37, Train Loss: 1.6722, Valid Loss: 1.6248, Train Acc: 0.2000, Val Acc: 0.2449, Test Acc: 0.2316, Test F1(macro): 0.0752, Total Pseudo-Labels: 0, Correct Pseudo-Labels: 0, Train Data Number: 25

Training complete!
Total training took 0:20:38 (h:mm:ss)
Load model from ./experiment/corcod_extended_data/output/5_graphcodebert-base_0.00025_0.7_corcod_extended_data_37_[42]_net0.pth
Save training statistics in:  ./experiment/corcod_extended_data/log/graphcodebert/class5//5_graphcodebert-base_0.00025_0.7_corcod_extended_data_37_[42]/training_statistics.csv

best_trian_loss, epoch => 1.5894184112548828 34
Epoch-1_train_loss => 2.0990678787231447
max_epoch_train_loss => 1.6721996545791626 


best_val_loss, epoch =>  1.476376513437349 4
Epoch-1_val_loss => 1.58849491270221
max_epoch_val_loss => 1.624833156867903 

pse_epoch =>  [5, 30]
추가되는 pse_epoch =>  [] 

total_data:  25 

Best_step:  135 
Best_val_epoch:  28 
best_val_acc:  0.4489795918367347 
best_val_test_acc:  0.35789473684210527 
best_val_test_f1:  0.1054263565891473
Save best record in:  ./experiment/corcod_extended_data/log/graphcodebert/class5/summary.csv
Save best record in:  ./experiment/corcod_extended_data/log/summary_avgrun.csv
