current work directory:  /home/imsuhan22/few-shot-tc/custom_ssl/code
Data set -> jointmatch
save_name: 5_codebert-base_[0.0004, 0.0002]_0.7_jointmatch_37_[43]_{'jointmatch'}

data_path:  ../data/jointmatch/python

There are 2 GPU(s) available.
We will use the GPU- 0 Quadro RTX 8000

**line 107 모델 =>  microsoft/codebert-base
**tokenizer type =  microsoft/codebert-base 

n_labeled_per_class:  5
train_df samples: 3974
train_labeled_df samples: 35
train_unlabeled_df samples: 3939
Check n_smaples_per_class in the original training set:  {3: 707, 1: 704, 4: 585, 5: 580, 2: 514, 7: 458, 6: 426}
Check n_smaples_per_class in the labeled training set:  {6: 5, 3: 5, 1: 5, 4: 5, 2: 5, 7: 5, 5: 5}
Check n_smaples_per_class in the unlabeled training set:  {3: 702, 1: 699, 4: 580, 5: 575, 2: 509, 7: 453, 6: 421}
n_classes:  7

net_arch:  microsoft/codebert-base 
lr:  0.0004 
lr_linear:  0.001 


net_arch:  microsoft/codebert-base 
lr:  0.0002 
lr_linear:  0.001 


acc_train_cw(현재 train의 class별 acc) [0.0, 1.0, 0.0, 0.0, 0.0, 0.0, 0.0]
cw_psl_total_eval(pseudo label 클래스별 총 샘플 수):  [0, 0, 0, 0, 0, 0, 0]
cw_psl_correct_eval(pseudo label 클래스별 맞은 샘플 수):  [0, 0, 0, 0, 0, 0, 0]
psl_acc(PSL 평가에서의 정확도): None 
cw_psl_acc(클래스별 PSL 평가에서의 정확도):  [nan, nan, nan, nan, nan, nan, nan]
Save model to ./experiment/jointmatch/output/
loss for labeled data =>  tensor(1.9690, device='cuda:0', grad_fn=<NllLossBackward0>)
loss for labeled data =>  tensor(2.0009, device='cuda:0', grad_fn=<NllLossBackward0>)
Epoch 1/37, Train Acc: 0.1429, Val Acc: 0.0065, Test Acc: 0.2787, Test F1(macro): 0.0623, Total Pseudo-Labels: 0, Correct Pseudo-Labels: 0

acc_train_cw(현재 train의 class별 acc) [0.0, 0.0, 0.0, 0.0, 1.0, 0.0, 0.0]
cw_psl_total_eval(pseudo label 클래스별 총 샘플 수):  [0, 0, 0, 0, 0, 0, 0]
cw_psl_correct_eval(pseudo label 클래스별 맞은 샘플 수):  [0, 0, 0, 0, 0, 0, 0]
psl_acc(PSL 평가에서의 정확도): None 
cw_psl_acc(클래스별 PSL 평가에서의 정확도):  [nan, nan, nan, nan, nan, nan, nan]
Save model to ./experiment/jointmatch/output/
loss for labeled data =>  tensor(2.0146, device='cuda:0', grad_fn=<NllLossBackward0>)
loss for labeled data =>  tensor(1.8692, device='cuda:0', grad_fn=<NllLossBackward0>)
Epoch 2/37, Train Acc: 0.1429, Val Acc: 0.1433, Test Acc: 0.0430, Test F1(macro): 0.0118, Total Pseudo-Labels: 0, Correct Pseudo-Labels: 0

acc_train_cw(현재 train의 class별 acc) [0.0, 0.0, 0.0, 1.0, 0.0, 0.0, 0.0]
cw_psl_total_eval(pseudo label 클래스별 총 샘플 수):  [0, 0, 0, 0, 0, 0, 0]
cw_psl_correct_eval(pseudo label 클래스별 맞은 샘플 수):  [0, 0, 0, 0, 0, 0, 0]
psl_acc(PSL 평가에서의 정확도): None 
cw_psl_acc(클래스별 PSL 평가에서의 정확도):  [nan, nan, nan, nan, nan, nan, nan]
Save model to ./experiment/jointmatch/output/
loss for labeled data =>  tensor(2.3141, device='cuda:0', grad_fn=<NllLossBackward0>)
loss for labeled data =>  tensor(1.8559, device='cuda:0', grad_fn=<NllLossBackward0>)
Epoch 3/37, Train Acc: 0.1429, Val Acc: 0.3876, Test Acc: 0.1619, Test F1(macro): 0.0398, Total Pseudo-Labels: 0, Correct Pseudo-Labels: 0

acc_train_cw(현재 train의 class별 acc) [0.0, 0.0, 0.0, 0.0, 0.0, 0.0, 1.0]
cw_psl_total_eval(pseudo label 클래스별 총 샘플 수):  [0, 0, 0, 0, 0, 0, 0]
cw_psl_correct_eval(pseudo label 클래스별 맞은 샘플 수):  [0, 0, 0, 0, 0, 0, 0]
psl_acc(PSL 평가에서의 정확도): None 
cw_psl_acc(클래스별 PSL 평가에서의 정확도):  [nan, nan, nan, nan, nan, nan, nan]
loss for labeled data =>  tensor(2.4082, device='cuda:0', grad_fn=<NllLossBackward0>)
loss for labeled data =>  tensor(1.7064, device='cuda:0', grad_fn=<NllLossBackward0>)
Epoch 4/37, Train Acc: 0.1429, Val Acc: 0.1173, Test Acc: 0.0184, Test F1(macro): 0.0052, Total Pseudo-Labels: 7, Correct Pseudo-Labels: 1

acc_train_cw(현재 train의 class별 acc) [0.0, 1.0, 0.0, 0.0, 0.0, 0.0, 0.0]
cw_psl_total_eval(pseudo label 클래스별 총 샘플 수):  [0, 22, 0, 0, 0, 0, 0]
cw_psl_correct_eval(pseudo label 클래스별 맞은 샘플 수):  [0, 4, 0, 0, 0, 0, 0]
psl_acc(PSL 평가에서의 정확도):  0.182 
cw_psl_acc(클래스별 PSL 평가에서의 정확도):  [nan, 0.1818181872367859, nan, nan, nan, nan, nan]
loss for labeled data =>  tensor(5.5940, device='cuda:0', grad_fn=<NllLossBackward0>)
loss for labeled data =>  tensor(4.6158, device='cuda:0', grad_fn=<NllLossBackward0>)
Epoch 5/37, Train Acc: 0.1429, Val Acc: 0.0065, Test Acc: 0.2787, Test F1(macro): 0.0623, Total Pseudo-Labels: 7, Correct Pseudo-Labels: 0

acc_train_cw(현재 train의 class별 acc) [1.0, 0.0, 0.0, 0.0, 0.0, 0.0, 0.0]
cw_psl_total_eval(pseudo label 클래스별 총 샘플 수):  [55, 7, 0, 0, 0, 0, 0]
cw_psl_correct_eval(pseudo label 클래스별 맞은 샘플 수):  [9, 1, 0, 0, 0, 0, 0]
psl_acc(PSL 평가에서의 정확도):  0.161 
cw_psl_acc(클래스별 PSL 평가에서의 정확도):  [0.16363635659217834, 0.1428571492433548, nan, nan, nan, nan, nan]
loss for labeled data =>  tensor(5.4425, device='cuda:0', grad_fn=<NllLossBackward0>)
loss for labeled data =>  tensor(4.3832, device='cuda:0', grad_fn=<NllLossBackward0>)
Epoch 6/37, Train Acc: 0.1429, Val Acc: 0.0912, Test Acc: 0.0779, Test F1(macro): 0.0206, Total Pseudo-Labels: 7, Correct Pseudo-Labels: 5

acc_train_cw(현재 train의 class별 acc) [1.0, 0.0, 0.0, 0.0, 0.0, 0.0, 0.0]
cw_psl_total_eval(pseudo label 클래스별 총 샘플 수):  [49, 0, 0, 0, 0, 0, 0]
cw_psl_correct_eval(pseudo label 클래스별 맞은 샘플 수):  [13, 0, 0, 0, 0, 0, 0]
psl_acc(PSL 평가에서의 정확도):  0.265 
cw_psl_acc(클래스별 PSL 평가에서의 정확도):  [0.26530611515045166, nan, nan, nan, nan, nan, nan]
loss for labeled data =>  tensor(3.6918, device='cuda:0', grad_fn=<NllLossBackward0>)
loss for labeled data =>  tensor(3.4095, device='cuda:0', grad_fn=<NllLossBackward0>)
Epoch 7/37, Train Acc: 0.1429, Val Acc: 0.0912, Test Acc: 0.0779, Test F1(macro): 0.0206, Total Pseudo-Labels: 1, Correct Pseudo-Labels: 0

acc_train_cw(현재 train의 class별 acc) [1.0, 0.0, 0.0, 0.0, 0.0, 0.0, 0.0]
cw_psl_total_eval(pseudo label 클래스별 총 샘플 수):  [29, 0, 0, 0, 0, 0, 0]
cw_psl_correct_eval(pseudo label 클래스별 맞은 샘플 수):  [7, 0, 0, 0, 0, 0, 0]
psl_acc(PSL 평가에서의 정확도):  0.241 
cw_psl_acc(클래스별 PSL 평가에서의 정확도):  [0.24137930572032928, nan, nan, nan, nan, nan, nan]
loss for labeled data =>  tensor(2.8213, device='cuda:0', grad_fn=<NllLossBackward0>)
loss for labeled data =>  tensor(2.6972, device='cuda:0', grad_fn=<NllLossBackward0>)
Epoch 8/37, Train Acc: 0.1429, Val Acc: 0.0912, Test Acc: 0.0779, Test F1(macro): 0.0206, Total Pseudo-Labels: 7, Correct Pseudo-Labels: 1

acc_train_cw(현재 train의 class별 acc) [1.0, 0.0, 0.0, 0.0, 0.0, 0.0, 0.0]
cw_psl_total_eval(pseudo label 클래스별 총 샘플 수):  [54, 0, 0, 0, 0, 0, 0]
cw_psl_correct_eval(pseudo label 클래스별 맞은 샘플 수):  [10, 0, 0, 0, 0, 0, 0]
psl_acc(PSL 평가에서의 정확도):  0.185 
cw_psl_acc(클래스별 PSL 평가에서의 정확도):  [0.18518517911434174, nan, nan, nan, nan, nan, nan]
loss for labeled data =>  tensor(3.1042, device='cuda:0', grad_fn=<NllLossBackward0>)
loss for labeled data =>  tensor(2.9949, device='cuda:0', grad_fn=<NllLossBackward0>)
Epoch 9/37, Train Acc: 0.1429, Val Acc: 0.0912, Test Acc: 0.0779, Test F1(macro): 0.0206, Total Pseudo-Labels: 6, Correct Pseudo-Labels: 1

acc_train_cw(현재 train의 class별 acc) [1.0, 0.0, 0.0, 0.0, 0.0, 0.0, 0.0]
cw_psl_total_eval(pseudo label 클래스별 총 샘플 수):  [57, 0, 0, 0, 0, 0, 0]
cw_psl_correct_eval(pseudo label 클래스별 맞은 샘플 수):  [10, 0, 0, 0, 0, 0, 0]
psl_acc(PSL 평가에서의 정확도):  0.175 
cw_psl_acc(클래스별 PSL 평가에서의 정확도):  [0.17543859779834747, nan, nan, nan, nan, nan, nan]
loss for labeled data =>  tensor(2.8031, device='cuda:0', grad_fn=<NllLossBackward0>)
loss for labeled data =>  tensor(3.0735, device='cuda:0', grad_fn=<NllLossBackward0>)
Epoch 10/37, Train Acc: 0.1429, Val Acc: 0.0912, Test Acc: 0.0779, Test F1(macro): 0.0206, Total Pseudo-Labels: 5, Correct Pseudo-Labels: 1

acc_train_cw(현재 train의 class별 acc) [1.0, 0.0, 0.0, 0.0, 0.0, 0.0, 0.0]
cw_psl_total_eval(pseudo label 클래스별 총 샘플 수):  [27, 0, 0, 0, 0, 0, 0]
cw_psl_correct_eval(pseudo label 클래스별 맞은 샘플 수):  [3, 0, 0, 0, 0, 0, 0]
psl_acc(PSL 평가에서의 정확도):  0.111 
cw_psl_acc(클래스별 PSL 평가에서의 정확도):  [0.1111111119389534, nan, nan, nan, nan, nan, nan]
loss for labeled data =>  tensor(2.6065, device='cuda:0', grad_fn=<NllLossBackward0>)
loss for labeled data =>  tensor(2.6397, device='cuda:0', grad_fn=<NllLossBackward0>)
Epoch 11/37, Train Acc: 0.1429, Val Acc: 0.0912, Test Acc: 0.0779, Test F1(macro): 0.0206, Total Pseudo-Labels: 2, Correct Pseudo-Labels: 0

acc_train_cw(현재 train의 class별 acc) [1.0, 0.0, 0.0, 0.0, 0.0, 0.0, 0.0]
cw_psl_total_eval(pseudo label 클래스별 총 샘플 수):  [9, 0, 0, 0, 0, 0, 0]
cw_psl_correct_eval(pseudo label 클래스별 맞은 샘플 수):  [0, 0, 0, 0, 0, 0, 0]
psl_acc(PSL 평가에서의 정확도):  0.0 
cw_psl_acc(클래스별 PSL 평가에서의 정확도):  [0.0, nan, nan, nan, nan, nan, nan]
loss for labeled data =>  tensor(2.6815, device='cuda:0', grad_fn=<NllLossBackward0>)
loss for labeled data =>  tensor(2.4112, device='cuda:0', grad_fn=<NllLossBackward0>)
Epoch 12/37, Train Acc: 0.1429, Val Acc: 0.0912, Test Acc: 0.0779, Test F1(macro): 0.0206, Total Pseudo-Labels: 0, Correct Pseudo-Labels: 0

acc_train_cw(현재 train의 class별 acc) [1.0, 0.0, 0.0, 0.0, 0.0, 0.0, 0.0]
cw_psl_total_eval(pseudo label 클래스별 총 샘플 수):  [3, 0, 0, 0, 0, 0, 0]
cw_psl_correct_eval(pseudo label 클래스별 맞은 샘플 수):  [1, 0, 0, 0, 0, 0, 0]
psl_acc(PSL 평가에서의 정확도):  0.333 
cw_psl_acc(클래스별 PSL 평가에서의 정확도):  [0.3333333432674408, nan, nan, nan, nan, nan, nan]
loss for labeled data =>  tensor(2.1639, device='cuda:0', grad_fn=<NllLossBackward0>)
loss for labeled data =>  tensor(2.4459, device='cuda:0', grad_fn=<NllLossBackward0>)
Epoch 13/37, Train Acc: 0.1429, Val Acc: 0.0912, Test Acc: 0.0779, Test F1(macro): 0.0206, Total Pseudo-Labels: 0, Correct Pseudo-Labels: 0

acc_train_cw(현재 train의 class별 acc) [1.0, 0.0, 0.0, 0.0, 0.0, 0.0, 0.0]
cw_psl_total_eval(pseudo label 클래스별 총 샘플 수):  [0, 0, 0, 0, 0, 0, 0]
cw_psl_correct_eval(pseudo label 클래스별 맞은 샘플 수):  [0, 0, 0, 0, 0, 0, 0]
psl_acc(PSL 평가에서의 정확도): None 
cw_psl_acc(클래스별 PSL 평가에서의 정확도):  [nan, nan, nan, nan, nan, nan, nan]
loss for labeled data =>  tensor(1.9221, device='cuda:0', grad_fn=<NllLossBackward0>)
loss for labeled data =>  tensor(2.0380, device='cuda:0', grad_fn=<NllLossBackward0>)
Epoch 14/37, Train Acc: 0.1429, Val Acc: 0.0912, Test Acc: 0.0779, Test F1(macro): 0.0206, Total Pseudo-Labels: 0, Correct Pseudo-Labels: 0

acc_train_cw(현재 train의 class별 acc) [0.0, 0.0, 0.0, 0.0, 0.0, 1.0, 0.0]
cw_psl_total_eval(pseudo label 클래스별 총 샘플 수):  [0, 0, 0, 0, 0, 0, 0]
cw_psl_correct_eval(pseudo label 클래스별 맞은 샘플 수):  [0, 0, 0, 0, 0, 0, 0]
psl_acc(PSL 평가에서의 정확도): None 
cw_psl_acc(클래스별 PSL 평가에서의 정확도):  [nan, nan, nan, nan, nan, nan, nan]
loss for labeled data =>  tensor(1.9828, device='cuda:0', grad_fn=<NllLossBackward0>)
loss for labeled data =>  tensor(1.9909, device='cuda:0', grad_fn=<NllLossBackward0>)
Epoch 15/37, Train Acc: 0.1429, Val Acc: 0.0261, Test Acc: 0.2971, Test F1(macro): 0.0654, Total Pseudo-Labels: 0, Correct Pseudo-Labels: 0

acc_train_cw(현재 train의 class별 acc) [0.0, 0.0, 0.0, 0.0, 1.0, 0.0, 0.0]
cw_psl_total_eval(pseudo label 클래스별 총 샘플 수):  [0, 0, 0, 0, 0, 0, 0]
cw_psl_correct_eval(pseudo label 클래스별 맞은 샘플 수):  [0, 0, 0, 0, 0, 0, 0]
psl_acc(PSL 평가에서의 정확도): None 
cw_psl_acc(클래스별 PSL 평가에서의 정확도):  [nan, nan, nan, nan, nan, nan, nan]
loss for labeled data =>  tensor(1.9194, device='cuda:0', grad_fn=<NllLossBackward0>)
loss for labeled data =>  tensor(2.0370, device='cuda:0', grad_fn=<NllLossBackward0>)
Epoch 16/37, Train Acc: 0.1429, Val Acc: 0.1433, Test Acc: 0.0430, Test F1(macro): 0.0118, Total Pseudo-Labels: 0, Correct Pseudo-Labels: 0

acc_train_cw(현재 train의 class별 acc) [0.0, 0.0, 0.0, 0.0, 1.0, 0.0, 0.0]
cw_psl_total_eval(pseudo label 클래스별 총 샘플 수):  [0, 0, 0, 0, 0, 0, 0]
cw_psl_correct_eval(pseudo label 클래스별 맞은 샘플 수):  [0, 0, 0, 0, 0, 0, 0]
psl_acc(PSL 평가에서의 정확도): None 
cw_psl_acc(클래스별 PSL 평가에서의 정확도):  [nan, nan, nan, nan, nan, nan, nan]
loss for labeled data =>  tensor(2.1129, device='cuda:0', grad_fn=<NllLossBackward0>)
loss for labeled data =>  tensor(1.9232, device='cuda:0', grad_fn=<NllLossBackward0>)
Epoch 17/37, Train Acc: 0.1429, Val Acc: 0.1433, Test Acc: 0.0430, Test F1(macro): 0.0118, Total Pseudo-Labels: 0, Correct Pseudo-Labels: 0

acc_train_cw(현재 train의 class별 acc) [1.0, 0.0, 0.0, 0.0, 0.0, 0.0, 0.0]
cw_psl_total_eval(pseudo label 클래스별 총 샘플 수):  [0, 0, 0, 0, 0, 0, 0]
cw_psl_correct_eval(pseudo label 클래스별 맞은 샘플 수):  [0, 0, 0, 0, 0, 0, 0]
psl_acc(PSL 평가에서의 정확도): None 
cw_psl_acc(클래스별 PSL 평가에서의 정확도):  [nan, nan, nan, nan, nan, nan, nan]
loss for labeled data =>  tensor(1.9457, device='cuda:0', grad_fn=<NllLossBackward0>)
loss for labeled data =>  tensor(1.9784, device='cuda:0', grad_fn=<NllLossBackward0>)
Epoch 18/37, Train Acc: 0.1429, Val Acc: 0.0912, Test Acc: 0.0779, Test F1(macro): 0.0206, Total Pseudo-Labels: 0, Correct Pseudo-Labels: 0

acc_train_cw(현재 train의 class별 acc) [0.0, 0.0, 0.0, 0.0, 0.0, 1.0, 0.0]
cw_psl_total_eval(pseudo label 클래스별 총 샘플 수):  [0, 0, 0, 0, 0, 0, 0]
cw_psl_correct_eval(pseudo label 클래스별 맞은 샘플 수):  [0, 0, 0, 0, 0, 0, 0]
psl_acc(PSL 평가에서의 정확도): None 
cw_psl_acc(클래스별 PSL 평가에서의 정확도):  [nan, nan, nan, nan, nan, nan, nan]
loss for labeled data =>  tensor(2.1641, device='cuda:0', grad_fn=<NllLossBackward0>)
loss for labeled data =>  tensor(2.0079, device='cuda:0', grad_fn=<NllLossBackward0>)
Epoch 19/37, Train Acc: 0.1429, Val Acc: 0.0261, Test Acc: 0.2971, Test F1(macro): 0.0654, Total Pseudo-Labels: 0, Correct Pseudo-Labels: 0

acc_train_cw(현재 train의 class별 acc) [0.0, 0.0, 1.0, 0.0, 0.0, 0.0, 0.0]
cw_psl_total_eval(pseudo label 클래스별 총 샘플 수):  [0, 0, 0, 0, 0, 0, 0]
cw_psl_correct_eval(pseudo label 클래스별 맞은 샘플 수):  [0, 0, 0, 0, 0, 0, 0]
psl_acc(PSL 평가에서의 정확도): None 
cw_psl_acc(클래스별 PSL 평가에서의 정확도):  [nan, nan, nan, nan, nan, nan, nan]
loss for labeled data =>  tensor(2.0273, device='cuda:0', grad_fn=<NllLossBackward0>)
loss for labeled data =>  tensor(1.9943, device='cuda:0', grad_fn=<NllLossBackward0>)
Epoch 20/37, Train Acc: 0.1429, Val Acc: 0.2280, Test Acc: 0.1230, Test F1(macro): 0.0313, Total Pseudo-Labels: 0, Correct Pseudo-Labels: 0

acc_train_cw(현재 train의 class별 acc) [0.0, 0.0, 0.0, 0.0, 1.0, 0.0, 0.0]
cw_psl_total_eval(pseudo label 클래스별 총 샘플 수):  [0, 0, 0, 0, 0, 0, 0]
cw_psl_correct_eval(pseudo label 클래스별 맞은 샘플 수):  [0, 0, 0, 0, 0, 0, 0]
psl_acc(PSL 평가에서의 정확도): None 
cw_psl_acc(클래스별 PSL 평가에서의 정확도):  [nan, nan, nan, nan, nan, nan, nan]
loss for labeled data =>  tensor(1.9556, device='cuda:0', grad_fn=<NllLossBackward0>)
loss for labeled data =>  tensor(1.9952, device='cuda:0', grad_fn=<NllLossBackward0>)
Epoch 21/37, Train Acc: 0.1429, Val Acc: 0.1433, Test Acc: 0.0430, Test F1(macro): 0.0118, Total Pseudo-Labels: 0, Correct Pseudo-Labels: 0

acc_train_cw(현재 train의 class별 acc) [0.0, 0.0, 0.0, 0.0, 0.0, 1.0, 0.0]
cw_psl_total_eval(pseudo label 클래스별 총 샘플 수):  [0, 0, 0, 0, 0, 0, 0]
cw_psl_correct_eval(pseudo label 클래스별 맞은 샘플 수):  [0, 0, 0, 0, 0, 0, 0]
psl_acc(PSL 평가에서의 정확도): None 
cw_psl_acc(클래스별 PSL 평가에서의 정확도):  [nan, nan, nan, nan, nan, nan, nan]
loss for labeled data =>  tensor(1.9724, device='cuda:0', grad_fn=<NllLossBackward0>)
loss for labeled data =>  tensor(1.9369, device='cuda:0', grad_fn=<NllLossBackward0>)
Epoch 22/37, Train Acc: 0.1429, Val Acc: 0.0261, Test Acc: 0.2971, Test F1(macro): 0.0654, Total Pseudo-Labels: 0, Correct Pseudo-Labels: 0

acc_train_cw(현재 train의 class별 acc) [0.0, 1.0, 0.0, 0.0, 0.0, 0.0, 0.0]
cw_psl_total_eval(pseudo label 클래스별 총 샘플 수):  [0, 0, 0, 0, 0, 0, 0]
cw_psl_correct_eval(pseudo label 클래스별 맞은 샘플 수):  [0, 0, 0, 0, 0, 0, 0]
psl_acc(PSL 평가에서의 정확도): None 
cw_psl_acc(클래스별 PSL 평가에서의 정확도):  [nan, nan, nan, nan, nan, nan, nan]
loss for labeled data =>  tensor(1.9110, device='cuda:0', grad_fn=<NllLossBackward0>)
loss for labeled data =>  tensor(1.9344, device='cuda:0', grad_fn=<NllLossBackward0>)
Epoch 23/37, Train Acc: 0.1429, Val Acc: 0.0065, Test Acc: 0.2787, Test F1(macro): 0.0623, Total Pseudo-Labels: 0, Correct Pseudo-Labels: 0

acc_train_cw(현재 train의 class별 acc) [0.0, 0.0, 0.0, 0.0, 0.0, 1.0, 0.0]
cw_psl_total_eval(pseudo label 클래스별 총 샘플 수):  [0, 0, 0, 0, 0, 0, 0]
cw_psl_correct_eval(pseudo label 클래스별 맞은 샘플 수):  [0, 0, 0, 0, 0, 0, 0]
psl_acc(PSL 평가에서의 정확도): None 
cw_psl_acc(클래스별 PSL 평가에서의 정확도):  [nan, nan, nan, nan, nan, nan, nan]
loss for labeled data =>  tensor(1.9667, device='cuda:0', grad_fn=<NllLossBackward0>)
loss for labeled data =>  tensor(1.9162, device='cuda:0', grad_fn=<NllLossBackward0>)
Epoch 24/37, Train Acc: 0.1429, Val Acc: 0.0261, Test Acc: 0.2971, Test F1(macro): 0.0654, Total Pseudo-Labels: 0, Correct Pseudo-Labels: 0

acc_train_cw(현재 train의 class별 acc) [0.0, 0.0, 1.0, 0.0, 0.0, 0.0, 0.0]
cw_psl_total_eval(pseudo label 클래스별 총 샘플 수):  [0, 0, 0, 0, 0, 0, 0]
cw_psl_correct_eval(pseudo label 클래스별 맞은 샘플 수):  [0, 0, 0, 0, 0, 0, 0]
psl_acc(PSL 평가에서의 정확도): None 
cw_psl_acc(클래스별 PSL 평가에서의 정확도):  [nan, nan, nan, nan, nan, nan, nan]
loss for labeled data =>  tensor(1.9516, device='cuda:0', grad_fn=<NllLossBackward0>)
loss for labeled data =>  tensor(1.9372, device='cuda:0', grad_fn=<NllLossBackward0>)
Epoch 25/37, Train Acc: 0.1429, Val Acc: 0.2280, Test Acc: 0.1230, Test F1(macro): 0.0313, Total Pseudo-Labels: 0, Correct Pseudo-Labels: 0

acc_train_cw(현재 train의 class별 acc) [0.0, 0.0, 0.0, 0.0, 1.0, 0.0, 0.0]
cw_psl_total_eval(pseudo label 클래스별 총 샘플 수):  [0, 0, 0, 0, 0, 0, 0]
cw_psl_correct_eval(pseudo label 클래스별 맞은 샘플 수):  [0, 0, 0, 0, 0, 0, 0]
psl_acc(PSL 평가에서의 정확도): None 
cw_psl_acc(클래스별 PSL 평가에서의 정확도):  [nan, nan, nan, nan, nan, nan, nan]
loss for labeled data =>  tensor(1.9982, device='cuda:0', grad_fn=<NllLossBackward0>)
loss for labeled data =>  tensor(1.9027, device='cuda:0', grad_fn=<NllLossBackward0>)
Epoch 26/37, Train Acc: 0.1429, Val Acc: 0.1433, Test Acc: 0.0430, Test F1(macro): 0.0118, Total Pseudo-Labels: 0, Correct Pseudo-Labels: 0

acc_train_cw(현재 train의 class별 acc) [0.0, 0.0, 0.0, 0.0, 1.0, 0.0, 0.0]
cw_psl_total_eval(pseudo label 클래스별 총 샘플 수):  [0, 0, 0, 0, 0, 0, 0]
cw_psl_correct_eval(pseudo label 클래스별 맞은 샘플 수):  [0, 0, 0, 0, 0, 0, 0]
psl_acc(PSL 평가에서의 정확도): None 
cw_psl_acc(클래스별 PSL 평가에서의 정확도):  [nan, nan, nan, nan, nan, nan, nan]
loss for labeled data =>  tensor(2.1590, device='cuda:0', grad_fn=<NllLossBackward0>)
loss for labeled data =>  tensor(1.9787, device='cuda:0', grad_fn=<NllLossBackward0>)
Epoch 27/37, Train Acc: 0.1429, Val Acc: 0.1433, Test Acc: 0.0430, Test F1(macro): 0.0118, Total Pseudo-Labels: 0, Correct Pseudo-Labels: 0

acc_train_cw(현재 train의 class별 acc) [0.0, 0.0, 0.0, 1.0, 0.0, 0.0, 0.0]
cw_psl_total_eval(pseudo label 클래스별 총 샘플 수):  [0, 0, 0, 0, 0, 0, 0]
cw_psl_correct_eval(pseudo label 클래스별 맞은 샘플 수):  [0, 0, 0, 0, 0, 0, 0]
psl_acc(PSL 평가에서의 정확도): None 
cw_psl_acc(클래스별 PSL 평가에서의 정확도):  [nan, nan, nan, nan, nan, nan, nan]
loss for labeled data =>  tensor(2.1000, device='cuda:0', grad_fn=<NllLossBackward0>)
loss for labeled data =>  tensor(2.0062, device='cuda:0', grad_fn=<NllLossBackward0>)
Epoch 28/37, Train Acc: 0.1429, Val Acc: 0.3876, Test Acc: 0.1619, Test F1(macro): 0.0398, Total Pseudo-Labels: 0, Correct Pseudo-Labels: 0

acc_train_cw(현재 train의 class별 acc) [0.0, 0.0, 1.0, 0.0, 0.0, 0.0, 0.0]
cw_psl_total_eval(pseudo label 클래스별 총 샘플 수):  [0, 0, 0, 0, 0, 0, 0]
cw_psl_correct_eval(pseudo label 클래스별 맞은 샘플 수):  [0, 0, 0, 0, 0, 0, 0]
psl_acc(PSL 평가에서의 정확도): None 
cw_psl_acc(클래스별 PSL 평가에서의 정확도):  [nan, nan, nan, nan, nan, nan, nan]
loss for labeled data =>  tensor(2.0334, device='cuda:0', grad_fn=<NllLossBackward0>)
loss for labeled data =>  tensor(1.9473, device='cuda:0', grad_fn=<NllLossBackward0>)
Epoch 29/37, Train Acc: 0.1429, Val Acc: 0.2280, Test Acc: 0.1230, Test F1(macro): 0.0313, Total Pseudo-Labels: 0, Correct Pseudo-Labels: 0

acc_train_cw(현재 train의 class별 acc) [0.0, 1.0, 0.0, 0.0, 0.0, 0.0, 0.0]
cw_psl_total_eval(pseudo label 클래스별 총 샘플 수):  [0, 0, 0, 0, 0, 0, 0]
cw_psl_correct_eval(pseudo label 클래스별 맞은 샘플 수):  [0, 0, 0, 0, 0, 0, 0]
psl_acc(PSL 평가에서의 정확도): None 
cw_psl_acc(클래스별 PSL 평가에서의 정확도):  [nan, nan, nan, nan, nan, nan, nan]
loss for labeled data =>  tensor(2.1008, device='cuda:0', grad_fn=<NllLossBackward0>)
loss for labeled data =>  tensor(1.9346, device='cuda:0', grad_fn=<NllLossBackward0>)
Epoch 30/37, Train Acc: 0.1429, Val Acc: 0.0065, Test Acc: 0.2787, Test F1(macro): 0.0623, Total Pseudo-Labels: 0, Correct Pseudo-Labels: 0

acc_train_cw(현재 train의 class별 acc) [1.0, 0.0, 0.0, 0.0, 0.0, 0.0, 0.0]
cw_psl_total_eval(pseudo label 클래스별 총 샘플 수):  [0, 0, 0, 0, 0, 0, 0]
cw_psl_correct_eval(pseudo label 클래스별 맞은 샘플 수):  [0, 0, 0, 0, 0, 0, 0]
psl_acc(PSL 평가에서의 정확도): None 
cw_psl_acc(클래스별 PSL 평가에서의 정확도):  [nan, nan, nan, nan, nan, nan, nan]
loss for labeled data =>  tensor(2.0085, device='cuda:0', grad_fn=<NllLossBackward0>)
loss for labeled data =>  tensor(1.9746, device='cuda:0', grad_fn=<NllLossBackward0>)
Epoch 31/37, Train Acc: 0.1429, Val Acc: 0.0912, Test Acc: 0.0779, Test F1(macro): 0.0206, Total Pseudo-Labels: 0, Correct Pseudo-Labels: 0

acc_train_cw(현재 train의 class별 acc) [0.0, 0.0, 0.0, 0.0, 1.0, 0.0, 0.0]
cw_psl_total_eval(pseudo label 클래스별 총 샘플 수):  [0, 0, 0, 0, 0, 0, 0]
cw_psl_correct_eval(pseudo label 클래스별 맞은 샘플 수):  [0, 0, 0, 0, 0, 0, 0]
psl_acc(PSL 평가에서의 정확도): None 
cw_psl_acc(클래스별 PSL 평가에서의 정확도):  [nan, nan, nan, nan, nan, nan, nan]
loss for labeled data =>  tensor(2.1262, device='cuda:0', grad_fn=<NllLossBackward0>)
loss for labeled data =>  tensor(1.9101, device='cuda:0', grad_fn=<NllLossBackward0>)
Epoch 32/37, Train Acc: 0.1429, Val Acc: 0.1433, Test Acc: 0.0430, Test F1(macro): 0.0118, Total Pseudo-Labels: 0, Correct Pseudo-Labels: 0

acc_train_cw(현재 train의 class별 acc) [0.0, 0.0, 0.0, 0.0, 0.0, 1.0, 0.0]
cw_psl_total_eval(pseudo label 클래스별 총 샘플 수):  [0, 0, 0, 0, 0, 0, 0]
cw_psl_correct_eval(pseudo label 클래스별 맞은 샘플 수):  [0, 0, 0, 0, 0, 0, 0]
psl_acc(PSL 평가에서의 정확도): None 
cw_psl_acc(클래스별 PSL 평가에서의 정확도):  [nan, nan, nan, nan, nan, nan, nan]
loss for labeled data =>  tensor(2.1189, device='cuda:0', grad_fn=<NllLossBackward0>)
loss for labeled data =>  tensor(2.0069, device='cuda:0', grad_fn=<NllLossBackward0>)
Epoch 33/37, Train Acc: 0.1429, Val Acc: 0.0261, Test Acc: 0.2971, Test F1(macro): 0.0654, Total Pseudo-Labels: 0, Correct Pseudo-Labels: 0

acc_train_cw(현재 train의 class별 acc) [0.0, 0.0, 0.0, 0.0, 0.0, 1.0, 0.0]
cw_psl_total_eval(pseudo label 클래스별 총 샘플 수):  [0, 0, 0, 0, 0, 0, 0]
cw_psl_correct_eval(pseudo label 클래스별 맞은 샘플 수):  [0, 0, 0, 0, 0, 0, 0]
psl_acc(PSL 평가에서의 정확도): None 
cw_psl_acc(클래스별 PSL 평가에서의 정확도):  [nan, nan, nan, nan, nan, nan, nan]
loss for labeled data =>  tensor(2.0139, device='cuda:0', grad_fn=<NllLossBackward0>)
loss for labeled data =>  tensor(1.9213, device='cuda:0', grad_fn=<NllLossBackward0>)
Epoch 34/37, Train Acc: 0.1429, Val Acc: 0.0261, Test Acc: 0.2971, Test F1(macro): 0.0654, Total Pseudo-Labels: 0, Correct Pseudo-Labels: 0

acc_train_cw(현재 train의 class별 acc) [1.0, 0.0, 0.0, 0.0, 0.0, 0.0, 0.0]
cw_psl_total_eval(pseudo label 클래스별 총 샘플 수):  [0, 0, 0, 0, 0, 0, 0]
cw_psl_correct_eval(pseudo label 클래스별 맞은 샘플 수):  [0, 0, 0, 0, 0, 0, 0]
psl_acc(PSL 평가에서의 정확도): None 
cw_psl_acc(클래스별 PSL 평가에서의 정확도):  [nan, nan, nan, nan, nan, nan, nan]
loss for labeled data =>  tensor(1.9381, device='cuda:0', grad_fn=<NllLossBackward0>)
loss for labeled data =>  tensor(1.9980, device='cuda:0', grad_fn=<NllLossBackward0>)
Epoch 35/37, Train Acc: 0.1429, Val Acc: 0.0912, Test Acc: 0.0779, Test F1(macro): 0.0206, Total Pseudo-Labels: 0, Correct Pseudo-Labels: 0

acc_train_cw(현재 train의 class별 acc) [0.0, 0.0, 0.0, 0.0, 0.0, 0.0, 1.0]
cw_psl_total_eval(pseudo label 클래스별 총 샘플 수):  [0, 0, 0, 0, 0, 0, 0]
cw_psl_correct_eval(pseudo label 클래스별 맞은 샘플 수):  [0, 0, 0, 0, 0, 0, 0]
psl_acc(PSL 평가에서의 정확도): None 
cw_psl_acc(클래스별 PSL 평가에서의 정확도):  [nan, nan, nan, nan, nan, nan, nan]
loss for labeled data =>  tensor(1.9528, device='cuda:0', grad_fn=<NllLossBackward0>)
loss for labeled data =>  tensor(1.9732, device='cuda:0', grad_fn=<NllLossBackward0>)
Epoch 36/37, Train Acc: 0.1429, Val Acc: 0.1173, Test Acc: 0.0184, Test F1(macro): 0.0052, Total Pseudo-Labels: 0, Correct Pseudo-Labels: 0

acc_train_cw(현재 train의 class별 acc) [0.0, 0.0, 0.0, 0.0, 1.0, 0.0, 0.0]
cw_psl_total_eval(pseudo label 클래스별 총 샘플 수):  [0, 0, 0, 0, 0, 0, 0]
cw_psl_correct_eval(pseudo label 클래스별 맞은 샘플 수):  [0, 0, 0, 0, 0, 0, 0]
psl_acc(PSL 평가에서의 정확도): None 
cw_psl_acc(클래스별 PSL 평가에서의 정확도):  [nan, nan, nan, nan, nan, nan, nan]
loss for labeled data =>  tensor(2.0619, device='cuda:0', grad_fn=<NllLossBackward0>)
loss for labeled data =>  tensor(1.9319, device='cuda:0', grad_fn=<NllLossBackward0>)
Epoch 37/37, Train Acc: 0.1429, Val Acc: 0.1433, Test Acc: 0.0430, Test F1(macro): 0.0118, Total Pseudo-Labels: 0, Correct Pseudo-Labels: 0

Training complete!
Total training took 0:43:29 (h:mm:ss)
Load model from ./experiment/jointmatch/output/5_codebert-base_[0.0004, 0.0002]_0.7_jointmatch_37_[43]_{'jointmatch'}_net0.pth
Load model from ./experiment/jointmatch/output/5_codebert-base_[0.0004, 0.0002]_0.7_jointmatch_37_[43]_{'jointmatch'}_net1.pth
Save training statistics in:  ./experiment/jointmatch/log/codebert/joint_match//5_codebert-base_[0.0004, 0.0002]_0.7_jointmatch_37_[43]_{'jointmatch'}/training_statistics.csv


Best_step:  2 
Best_val_epoch:  3 
best_val_acc:  0.38762214983713356 
best_val_test_acc:  0.16188524590163936 
best_val_test_f1:  0.0398085159989922
Save best record in:  ./experiment/jointmatch/log/codebert/joint_match/summary.csv
Save best record in:  ./experiment/jointmatch/log/summary_avgrun.csv
