current work directory:  /home/imsuhan22/few-shot-tc/custom_ssl/code
Data set -> python_extended_data
save_name: 10_graphcodebert-base_0.0003_0.7_python_extended_data

data_path:  ../data/problem_based_split/python_extended_data

There are 1 GPU(s) available.
We will use the GPU- 0 Quadro RTX 8000

**line 147 모델 =>  microsoft/graphcodebert-base
**tokenizer type =  microsoft/graphcodebert-base 

pesudo label class개수 기준 -> 6
n_labeled_per_class:  10
train_df samples: 3974
train_labeled_df samples: 70
train_unlabeled_df samples: 3904
n_classes:  7 


net_arch:  microsoft/graphcodebert-base 
lr:  0.0003 
lr_linear:  0.001 




line 303 => train data수 70
line 258 => 인스턴스 수 10
Step 0  Tim 0:00:10
acc_train_cw(현재 train의 class별 acc) [0.3, 0.0, 0.0, 0.0, 0.0, 0.0, 0.4]
cw_psl_total_eval(pseudo label 클래스별 총 샘플 수):  [0, 0, 0, 0, 0, 0, 0]
cw_psl_correct_eval(pseudo label 클래스별 맞은 샘플 수):  [0, 0, 0, 0, 0, 0, 0]
psl_acc(PSL 평가에서의 정확도): None 
cw_psl_acc(클래스별 PSL 평가에서의 정확도):  [nan, nan, nan, nan, nan, nan, nan]
***best_acc_model_save --- epoch = 1***
Save model to ./experiment/python_extended_data/output/
**pseudo_label ->  [0.1894, 0.1258, 0.1604, 0.1323, 0.1197, 0.1246, 0.1479] **
max =  0.1894 | max_idx =  0
**pseudo_label ->  [0.1798, 0.1353, 0.1701, 0.1205, 0.1203, 0.1115, 0.1626] **
max =  0.1798 | max_idx =  0
**pseudo_label ->  [0.1795, 0.1447, 0.1563, 0.1165, 0.1298, 0.0966, 0.1767] **
max =  0.1795 | max_idx =  0
**pseudo_label ->  [0.1868, 0.1358, 0.1649, 0.1267, 0.12, 0.1098, 0.156] **
max =  0.1868 | max_idx =  0
**pseudo_label ->  [0.1714, 0.1356, 0.1647, 0.1486, 0.117, 0.1048, 0.1577] **
max =  0.1714 | max_idx =  0
Epoch 1/50, Train Loss: 2.1288, Valid Loss: 1.9313, Train Acc: 0.1000, Val Acc: 0.1042, Test Acc: 0.0553, Test F1: 0.0391, Total Pseudo-Labels: 0, Correct Pseudo-Labels: 0, Train Data Number: 70



line 303 => train data수 70
line 258 => 인스턴스 수 10
Step 10  Tim 0:01:16
acc_train_cw(현재 train의 class별 acc) [0.0, 0.0, 1.0, 0.0, 0.0, 0.0, 0.0]
cw_psl_total_eval(pseudo label 클래스별 총 샘플 수):  [0, 0, 0, 0, 0, 0, 0]
cw_psl_correct_eval(pseudo label 클래스별 맞은 샘플 수):  [0, 0, 0, 0, 0, 0, 0]
psl_acc(PSL 평가에서의 정확도): None 
cw_psl_acc(클래스별 PSL 평가에서의 정확도):  [nan, nan, nan, nan, nan, nan, nan]
***best_acc_model_save --- epoch = 2***
Save model to ./experiment/python_extended_data/output/
**pseudo_label ->  [0.125, 0.0814, 0.2308, 0.1026, 0.1724, 0.1445, 0.1433] **
max =  0.2308 | max_idx =  2
**pseudo_label ->  [0.117, 0.1261, 0.1834, 0.1226, 0.1453, 0.1466, 0.1591] **
max =  0.1834 | max_idx =  2
**pseudo_label ->  [0.121, 0.1239, 0.1793, 0.1253, 0.1481, 0.1433, 0.1591] **
max =  0.1793 | max_idx =  2
**pseudo_label ->  [0.1182, 0.1238, 0.1836, 0.1277, 0.1477, 0.1406, 0.1585] **
max =  0.1836 | max_idx =  2
**pseudo_label ->  [0.1134, 0.1239, 0.1872, 0.1269, 0.1407, 0.1429, 0.165] **
max =  0.1872 | max_idx =  2
Epoch 2/50, Train Loss: 2.0806, Valid Loss: 2.0340, Train Acc: 0.1429, Val Acc: 0.2280, Test Acc: 0.1230, Test F1: 0.0313, Total Pseudo-Labels: 0, Correct Pseudo-Labels: 0, Train Data Number: 70



line 303 => train data수 70
line 258 => 인스턴스 수 10
Step 20  Tim 0:02:29
acc_train_cw(현재 train의 class별 acc) [0.0, 0.0, 0.0, 0.0, 1.0, 0.0, 0.0]
cw_psl_total_eval(pseudo label 클래스별 총 샘플 수):  [0, 0, 0, 0, 0, 0, 0]
cw_psl_correct_eval(pseudo label 클래스별 맞은 샘플 수):  [0, 0, 0, 0, 0, 0, 0]
psl_acc(PSL 평가에서의 정확도): None 
cw_psl_acc(클래스별 PSL 평가에서의 정확도):  [nan, nan, nan, nan, nan, nan, nan]
**pseudo_label ->  [0.121, 0.1362, 0.0996, 0.1172, 0.2622, 0.1265, 0.1373] **
max =  0.2622 | max_idx =  4
**pseudo_label ->  [0.1235, 0.1313, 0.0984, 0.1241, 0.2628, 0.1196, 0.1403] **
max =  0.2628 | max_idx =  4
**pseudo_label ->  [0.116, 0.1422, 0.1004, 0.1253, 0.2572, 0.1193, 0.1396] **
max =  0.2572 | max_idx =  4
**pseudo_label ->  [0.1969, 0.1145, 0.1141, 0.1563, 0.2183, 0.1034, 0.0964] **
max =  0.2183 | max_idx =  4
**pseudo_label ->  [0.1227, 0.128, 0.0988, 0.1199, 0.2662, 0.1246, 0.1396] **
max =  0.2662 | max_idx =  4
Epoch 3/50, Train Loss: 2.0409, Valid Loss: 1.8794, Train Acc: 0.1429, Val Acc: 0.1433, Test Acc: 0.0430, Test F1: 0.0118, Total Pseudo-Labels: 0, Correct Pseudo-Labels: 0, Train Data Number: 70



line 303 => train data수 70
line 258 => 인스턴스 수 10
Step 30  Tim 0:03:31
acc_train_cw(현재 train의 class별 acc) [0.0, 0.0, 0.0, 0.0, 1.0, 0.0, 0.0]
cw_psl_total_eval(pseudo label 클래스별 총 샘플 수):  [0, 0, 0, 0, 0, 0, 0]
cw_psl_correct_eval(pseudo label 클래스별 맞은 샘플 수):  [0, 0, 0, 0, 0, 0, 0]
psl_acc(PSL 평가에서의 정확도): None 
cw_psl_acc(클래스별 PSL 평가에서의 정확도):  [nan, nan, nan, nan, nan, nan, nan]
**pseudo_label ->  [0.1119, 0.0836, 0.1289, 0.164, 0.1909, 0.1474, 0.1733] **
max =  0.1909 | max_idx =  4
**pseudo_label ->  [0.1144, 0.0797, 0.1257, 0.1527, 0.1954, 0.1547, 0.1774] **
max =  0.1954 | max_idx =  4
**pseudo_label ->  [0.1154, 0.0812, 0.1283, 0.1604, 0.1926, 0.147, 0.1751] **
max =  0.1926 | max_idx =  4
**pseudo_label ->  [0.1109, 0.0862, 0.1257, 0.1572, 0.1858, 0.1556, 0.1786] **
max =  0.1858 | max_idx =  4
**pseudo_label ->  [0.112, 0.0793, 0.1217, 0.1683, 0.196, 0.148, 0.1747] **
max =  0.196 | max_idx =  4
Epoch 4/50, Train Loss: 2.0578, Valid Loss: 1.9556, Train Acc: 0.1429, Val Acc: 0.1433, Test Acc: 0.0430, Test F1: 0.0118, Total Pseudo-Labels: 0, Correct Pseudo-Labels: 0, Train Data Number: 70



line 303 => train data수 70
line 258 => 인스턴스 수 10
Step 40  Tim 0:04:32
acc_train_cw(현재 train의 class별 acc) [0.0, 0.0, 1.0, 0.0, 0.0, 0.0, 0.0]
cw_psl_total_eval(pseudo label 클래스별 총 샘플 수):  [0, 0, 0, 0, 0, 0, 0]
cw_psl_correct_eval(pseudo label 클래스별 맞은 샘플 수):  [0, 0, 0, 0, 0, 0, 0]
psl_acc(PSL 평가에서의 정확도): None 
cw_psl_acc(클래스별 PSL 평가에서의 정확도):  [nan, nan, nan, nan, nan, nan, nan]
**pseudo_label ->  [0.1291, 0.1408, 0.2013, 0.1475, 0.0997, 0.1677, 0.1139] **
max =  0.2013 | max_idx =  2
**pseudo_label ->  [0.1263, 0.1401, 0.2029, 0.1437, 0.0923, 0.1776, 0.117] **
max =  0.2029 | max_idx =  2
**pseudo_label ->  [0.1343, 0.1372, 0.2042, 0.1451, 0.0953, 0.1617, 0.1223] **
max =  0.2042 | max_idx =  2
**pseudo_label ->  [0.1312, 0.154, 0.2004, 0.132, 0.0947, 0.1628, 0.1249] **
max =  0.2004 | max_idx =  2
**pseudo_label ->  [0.1321, 0.1405, 0.2054, 0.1363, 0.0925, 0.1752, 0.118] **
max =  0.2054 | max_idx =  2
Epoch 5/50, Train Loss: 1.9854, Valid Loss: 2.0180, Train Acc: 0.1429, Val Acc: 0.2280, Test Acc: 0.1230, Test F1: 0.0313, Total Pseudo-Labels: 0, Correct Pseudo-Labels: 0, Train Data Number: 70



line 303 => train data수 70
line 258 => 인스턴스 수 10
Step 50  Tim 0:05:33
acc_train_cw(현재 train의 class별 acc) [0.0, 1.0, 0.0, 0.0, 0.0, 0.0, 0.0]
cw_psl_total_eval(pseudo label 클래스별 총 샘플 수):  [0, 0, 0, 0, 0, 0, 0]
cw_psl_correct_eval(pseudo label 클래스별 맞은 샘플 수):  [0, 0, 0, 0, 0, 0, 0]
psl_acc(PSL 평가에서의 정확도): None 
cw_psl_acc(클래스별 PSL 평가에서의 정확도):  [nan, nan, nan, nan, nan, nan, nan]
**pseudo_label ->  [0.1217, 0.2394, 0.0535, 0.2138, 0.0699, 0.2237, 0.078] **
max =  0.2394 | max_idx =  1
**pseudo_label ->  [0.1504, 0.1666, 0.1075, 0.1562, 0.1197, 0.1673, 0.1323] **
max =  0.1673 | max_idx =  5
**pseudo_label ->  [0.1542, 0.1716, 0.1089, 0.1482, 0.115, 0.1709, 0.1312] **
max =  0.1716 | max_idx =  1
**pseudo_label ->  [0.1583, 0.1629, 0.107, 0.1554, 0.1208, 0.1641, 0.1315] **
max =  0.1641 | max_idx =  5
**pseudo_label ->  [0.1455, 0.1676, 0.1119, 0.1534, 0.1175, 0.1777, 0.1265] **
max =  0.1777 | max_idx =  5
Epoch 6/50, Train Loss: 2.0401, Valid Loss: 2.0846, Train Acc: 0.1429, Val Acc: 0.0065, Test Acc: 0.2787, Test F1: 0.0623, Total Pseudo-Labels: 0, Correct Pseudo-Labels: 0, Train Data Number: 70



line 303 => train data수 70
line 258 => 인스턴스 수 10
Step 60  Tim 0:06:33
acc_train_cw(현재 train의 class별 acc) [0.0, 0.0, 0.0, 0.0, 0.0, 0.0, 1.0]
cw_psl_total_eval(pseudo label 클래스별 총 샘플 수):  [0, 0, 0, 0, 0, 0, 0]
cw_psl_correct_eval(pseudo label 클래스별 맞은 샘플 수):  [0, 0, 0, 0, 0, 0, 0]
psl_acc(PSL 평가에서의 정확도): None 
cw_psl_acc(클래스별 PSL 평가에서의 정확도):  [nan, nan, nan, nan, nan, nan, nan]
**pseudo_label ->  [0.131, 0.1675, 0.1163, 0.0865, 0.1484, 0.1237, 0.2266] **
max =  0.2266 | max_idx =  6
**pseudo_label ->  [0.1164, 0.1208, 0.1387, 0.1024, 0.1544, 0.1839, 0.1834] **
max =  0.1839 | max_idx =  5
**pseudo_label ->  [0.1182, 0.1301, 0.1413, 0.0967, 0.1505, 0.177, 0.1863] **
max =  0.1863 | max_idx =  6
**pseudo_label ->  [0.1089, 0.1306, 0.1361, 0.1048, 0.155, 0.1787, 0.1859] **
max =  0.1859 | max_idx =  6
**pseudo_label ->  [0.1168, 0.1203, 0.1429, 0.0994, 0.1571, 0.1721, 0.1915] **
max =  0.1915 | max_idx =  6
Epoch 7/50, Train Loss: 2.0195, Valid Loss: 1.8897, Train Acc: 0.1429, Val Acc: 0.1173, Test Acc: 0.0184, Test F1: 0.0052, Total Pseudo-Labels: 0, Correct Pseudo-Labels: 0, Train Data Number: 70



line 303 => train data수 70
line 258 => 인스턴스 수 10
Step 70  Tim 0:07:34
acc_train_cw(현재 train의 class별 acc) [0.0, 0.0, 1.0, 0.0, 0.0, 0.0, 0.0]
cw_psl_total_eval(pseudo label 클래스별 총 샘플 수):  [0, 0, 0, 0, 0, 0, 0]
cw_psl_correct_eval(pseudo label 클래스별 맞은 샘플 수):  [0, 0, 0, 0, 0, 0, 0]
psl_acc(PSL 평가에서의 정확도): None 
cw_psl_acc(클래스별 PSL 평가에서의 정확도):  [nan, nan, nan, nan, nan, nan, nan]
**pseudo_label ->  [0.1641, 0.1155, 0.1765, 0.1463, 0.1365, 0.1174, 0.1435] **
max =  0.1765 | max_idx =  2
**pseudo_label ->  [0.172, 0.119, 0.1768, 0.1436, 0.1283, 0.1152, 0.1451] **
max =  0.1768 | max_idx =  2
**pseudo_label ->  [0.1857, 0.0852, 0.2727, 0.1861, 0.1027, 0.0653, 0.1022] **
max =  0.2727 | max_idx =  2
**pseudo_label ->  [0.183, 0.0893, 0.2343, 0.1812, 0.0899, 0.0886, 0.1338] **
max =  0.2343 | max_idx =  2
**pseudo_label ->  [0.1673, 0.1067, 0.1859, 0.1534, 0.1277, 0.1252, 0.1336] **
max =  0.1859 | max_idx =  2
Epoch 8/50, Train Loss: 2.0020, Valid Loss: 1.8688, Train Acc: 0.1429, Val Acc: 0.2280, Test Acc: 0.1230, Test F1: 0.0313, Total Pseudo-Labels: 0, Correct Pseudo-Labels: 0, Train Data Number: 70



line 303 => train data수 70
line 258 => 인스턴스 수 10
Step 80  Tim 0:08:34
acc_train_cw(현재 train의 class별 acc) [0.0, 0.0, 0.0, 1.0, 0.0, 0.0, 0.0]
cw_psl_total_eval(pseudo label 클래스별 총 샘플 수):  [0, 0, 0, 0, 0, 0, 0]
cw_psl_correct_eval(pseudo label 클래스별 맞은 샘플 수):  [0, 0, 0, 0, 0, 0, 0]
psl_acc(PSL 평가에서의 정확도): None 
cw_psl_acc(클래스별 PSL 평가에서의 정확도):  [nan, nan, nan, nan, nan, nan, nan]
***best_acc_model_save --- epoch = 9***
Save model to ./experiment/python_extended_data/output/
**pseudo_label ->  [0.1327, 0.1543, 0.1618, 0.2055, 0.1012, 0.147, 0.0974] **
max =  0.2055 | max_idx =  3
**pseudo_label ->  [0.1366, 0.1447, 0.1646, 0.1991, 0.106, 0.149, 0.1002] **
max =  0.1991 | max_idx =  3
**pseudo_label ->  [0.1296, 0.1697, 0.1593, 0.203, 0.0998, 0.1409, 0.0976] **
max =  0.203 | max_idx =  3
**pseudo_label ->  [0.1359, 0.1616, 0.1646, 0.2065, 0.0945, 0.1495, 0.0875] **
max =  0.2065 | max_idx =  3
**pseudo_label ->  [0.1364, 0.1445, 0.1632, 0.2127, 0.1019, 0.1426, 0.0987] **
max =  0.2127 | max_idx =  3
Epoch 9/50, Train Loss: 1.9881, Valid Loss: 2.0417, Train Acc: 0.1429, Val Acc: 0.3876, Test Acc: 0.1619, Test F1: 0.0398, Total Pseudo-Labels: 0, Correct Pseudo-Labels: 0, Train Data Number: 70



line 303 => train data수 70
line 258 => 인스턴스 수 10
Step 90  Tim 0:09:47
acc_train_cw(현재 train의 class별 acc) [1.0, 0.0, 0.0, 0.0, 0.0, 0.0, 0.0]
cw_psl_total_eval(pseudo label 클래스별 총 샘플 수):  [0, 0, 0, 0, 0, 0, 0]
cw_psl_correct_eval(pseudo label 클래스별 맞은 샘플 수):  [0, 0, 0, 0, 0, 0, 0]
psl_acc(PSL 평가에서의 정확도): None 
cw_psl_acc(클래스별 PSL 평가에서의 정확도):  [nan, nan, nan, nan, nan, nan, nan]
**pseudo_label ->  [0.193, 0.1424, 0.1468, 0.1164, 0.1312, 0.1505, 0.1198] **
max =  0.193 | max_idx =  0
**pseudo_label ->  [0.1879, 0.1474, 0.1334, 0.1332, 0.1281, 0.1516, 0.1185] **
max =  0.1879 | max_idx =  0
**pseudo_label ->  [0.1954, 0.1514, 0.1347, 0.113, 0.1296, 0.1514, 0.1245] **
max =  0.1954 | max_idx =  0
**pseudo_label ->  [0.1905, 0.1526, 0.1436, 0.1152, 0.1193, 0.1535, 0.1252] **
max =  0.1905 | max_idx =  0
**pseudo_label ->  [0.1726, 0.1416, 0.1244, 0.1303, 0.1576, 0.145, 0.1285] **
max =  0.1726 | max_idx =  0
Epoch 10/50, Train Loss: 1.9760, Valid Loss: 1.9757, Train Acc: 0.1429, Val Acc: 0.0912, Test Acc: 0.0779, Test F1: 0.0206, Total Pseudo-Labels: 0, Correct Pseudo-Labels: 0, Train Data Number: 70



line 303 => train data수 70
line 258 => 인스턴스 수 10
Step 100  Tim 0:10:48
acc_train_cw(현재 train의 class별 acc) [1.0, 0.0, 0.0, 0.0, 0.0, 0.0, 0.0]
cw_psl_total_eval(pseudo label 클래스별 총 샘플 수):  [0, 0, 0, 0, 0, 0, 0]
cw_psl_correct_eval(pseudo label 클래스별 맞은 샘플 수):  [0, 0, 0, 0, 0, 0, 0]
psl_acc(PSL 평가에서의 정확도): None 
cw_psl_acc(클래스별 PSL 평가에서의 정확도):  [nan, nan, nan, nan, nan, nan, nan]
**pseudo_label ->  [0.1868, 0.1235, 0.1315, 0.127, 0.1652, 0.1257, 0.1403] **
max =  0.1868 | max_idx =  0
**pseudo_label ->  [0.1825, 0.1256, 0.1321, 0.124, 0.1692, 0.1217, 0.1448] **
max =  0.1825 | max_idx =  0
**pseudo_label ->  [0.1887, 0.1291, 0.1265, 0.1293, 0.1734, 0.1139, 0.139] **
max =  0.1887 | max_idx =  0
**pseudo_label ->  [0.1762, 0.1218, 0.1304, 0.1257, 0.1809, 0.1196, 0.1455] **
max =  0.1809 | max_idx =  4
**pseudo_label ->  [0.2632, 0.095, 0.0977, 0.1143, 0.2093, 0.1044, 0.116] **
max =  0.2632 | max_idx =  0
Epoch 11/50, Train Loss: 1.9853, Valid Loss: 1.9915, Train Acc: 0.1429, Val Acc: 0.0912, Test Acc: 0.0779, Test F1: 0.0206, Total Pseudo-Labels: 0, Correct Pseudo-Labels: 0, Train Data Number: 70



line 303 => train data수 70
line 258 => 인스턴스 수 10
Step 110  Tim 0:11:49
acc_train_cw(현재 train의 class별 acc) [0.0, 0.0, 0.0, 0.0, 0.0, 1.0, 0.0]
cw_psl_total_eval(pseudo label 클래스별 총 샘플 수):  [0, 0, 0, 0, 0, 0, 0]
cw_psl_correct_eval(pseudo label 클래스별 맞은 샘플 수):  [0, 0, 0, 0, 0, 0, 0]
psl_acc(PSL 평가에서의 정확도): None 
cw_psl_acc(클래스별 PSL 평가에서의 정확도):  [nan, nan, nan, nan, nan, nan, nan]
**pseudo_label ->  [0.1507, 0.1138, 0.1328, 0.1244, 0.1403, 0.1768, 0.1612] **
max =  0.1768 | max_idx =  5
**pseudo_label ->  [0.154, 0.1131, 0.1355, 0.1207, 0.1438, 0.1822, 0.1507] **
max =  0.1822 | max_idx =  5
**pseudo_label ->  [0.1475, 0.1175, 0.1353, 0.1289, 0.1366, 0.1805, 0.1536] **
max =  0.1805 | max_idx =  5
**pseudo_label ->  [0.1499, 0.1227, 0.1388, 0.1213, 0.1387, 0.1816, 0.147] **
max =  0.1816 | max_idx =  5
**pseudo_label ->  [0.1532, 0.1178, 0.1374, 0.1234, 0.1367, 0.1787, 0.1528] **
max =  0.1787 | max_idx =  5
Epoch 12/50, Train Loss: 1.9869, Valid Loss: 1.9620, Train Acc: 0.1429, Val Acc: 0.0261, Test Acc: 0.2971, Test F1: 0.0654, Total Pseudo-Labels: 0, Correct Pseudo-Labels: 0, Train Data Number: 70



line 303 => train data수 70
line 258 => 인스턴스 수 10
Step 120  Tim 0:12:50
acc_train_cw(현재 train의 class별 acc) [1.0, 0.0, 0.0, 0.0, 0.0, 0.0, 0.0]
cw_psl_total_eval(pseudo label 클래스별 총 샘플 수):  [0, 0, 0, 0, 0, 0, 0]
cw_psl_correct_eval(pseudo label 클래스별 맞은 샘플 수):  [0, 0, 0, 0, 0, 0, 0]
psl_acc(PSL 평가에서의 정확도): None 
cw_psl_acc(클래스별 PSL 평가에서의 정확도):  [nan, nan, nan, nan, nan, nan, nan]
**pseudo_label ->  [0.1565, 0.1527, 0.1427, 0.1342, 0.1224, 0.1406, 0.151] **
max =  0.1565 | max_idx =  0
**pseudo_label ->  [0.1532, 0.1431, 0.15, 0.133, 0.1226, 0.1437, 0.1544] **
max =  0.1544 | max_idx =  6
**pseudo_label ->  [0.1578, 0.1435, 0.1387, 0.1394, 0.123, 0.1398, 0.1578] **
max =  0.1578 | max_idx =  6
**pseudo_label ->  [0.1609, 0.153, 0.1397, 0.14, 0.1268, 0.1313, 0.1483] **
max =  0.1609 | max_idx =  0
**pseudo_label ->  [0.1571, 0.147, 0.1382, 0.1399, 0.1244, 0.1438, 0.1495] **
max =  0.1571 | max_idx =  0
Epoch 13/50, Train Loss: 1.9798, Valid Loss: 1.9212, Train Acc: 0.1429, Val Acc: 0.0912, Test Acc: 0.0779, Test F1: 0.0206, Total Pseudo-Labels: 0, Correct Pseudo-Labels: 0, Train Data Number: 70



line 303 => train data수 70
line 258 => 인스턴스 수 10
Step 130  Tim 0:13:51
acc_train_cw(현재 train의 class별 acc) [0.0, 1.0, 0.0, 0.0, 0.0, 0.0, 0.0]
cw_psl_total_eval(pseudo label 클래스별 총 샘플 수):  [0, 0, 0, 0, 0, 0, 0]
cw_psl_correct_eval(pseudo label 클래스별 맞은 샘플 수):  [0, 0, 0, 0, 0, 0, 0]
psl_acc(PSL 평가에서의 정확도): None 
cw_psl_acc(클래스별 PSL 평가에서의 정확도):  [nan, nan, nan, nan, nan, nan, nan]
**pseudo_label ->  [0.1479, 0.1771, 0.1546, 0.1534, 0.1295, 0.1119, 0.1257] **
max =  0.1771 | max_idx =  1
**pseudo_label ->  [0.1608, 0.1739, 0.1444, 0.1613, 0.1273, 0.1034, 0.1288] **
max =  0.1739 | max_idx =  1
**pseudo_label ->  [0.153, 0.1728, 0.1535, 0.1506, 0.1338, 0.11, 0.1262] **
max =  0.1728 | max_idx =  1
**pseudo_label ->  [0.1587, 0.1808, 0.1419, 0.1563, 0.1285, 0.107, 0.1269] **
max =  0.1808 | max_idx =  1
**pseudo_label ->  [0.1477, 0.1687, 0.1511, 0.1611, 0.1498, 0.1003, 0.1213] **
max =  0.1687 | max_idx =  1
Epoch 14/50, Train Loss: 1.9740, Valid Loss: 1.9944, Train Acc: 0.1429, Val Acc: 0.0065, Test Acc: 0.2787, Test F1: 0.0623, Total Pseudo-Labels: 0, Correct Pseudo-Labels: 0, Train Data Number: 70



line 303 => train data수 70
line 258 => 인스턴스 수 10
Step 140  Tim 0:14:52
acc_train_cw(현재 train의 class별 acc) [0.0, 0.0, 0.0, 0.0, 0.0, 1.0, 0.0]
cw_psl_total_eval(pseudo label 클래스별 총 샘플 수):  [0, 0, 0, 0, 0, 0, 0]
cw_psl_correct_eval(pseudo label 클래스별 맞은 샘플 수):  [0, 0, 0, 0, 0, 0, 0]
psl_acc(PSL 평가에서의 정확도): None 
cw_psl_acc(클래스별 PSL 평가에서의 정확도):  [nan, nan, nan, nan, nan, nan, nan]
**pseudo_label ->  [0.1166, 0.1288, 0.1479, 0.1275, 0.1528, 0.1707, 0.1556] **
max =  0.1707 | max_idx =  5
**pseudo_label ->  [0.1176, 0.1292, 0.1464, 0.1236, 0.1547, 0.1702, 0.1583] **
max =  0.1702 | max_idx =  5
**pseudo_label ->  [0.1202, 0.1133, 0.1499, 0.1297, 0.1998, 0.1564, 0.1307] **
max =  0.1998 | max_idx =  4
**pseudo_label ->  [0.1151, 0.1392, 0.1393, 0.1211, 0.1534, 0.1746, 0.1573] **
max =  0.1746 | max_idx =  5
**pseudo_label ->  [0.1093, 0.1297, 0.1442, 0.1303, 0.1573, 0.1688, 0.1604] **
max =  0.1688 | max_idx =  5
Epoch 15/50, Train Loss: 1.9998, Valid Loss: 1.9627, Train Acc: 0.1429, Val Acc: 0.0261, Test Acc: 0.2971, Test F1: 0.0654, Total Pseudo-Labels: 0, Correct Pseudo-Labels: 0, Train Data Number: 70



line 303 => train data수 70
line 258 => 인스턴스 수 10
Step 150  Tim 0:15:52
acc_train_cw(현재 train의 class별 acc) [1.0, 0.0, 0.0, 0.0, 0.0, 0.0, 0.0]
cw_psl_total_eval(pseudo label 클래스별 총 샘플 수):  [0, 0, 0, 0, 0, 0, 0]
cw_psl_correct_eval(pseudo label 클래스별 맞은 샘플 수):  [0, 0, 0, 0, 0, 0, 0]
psl_acc(PSL 평가에서의 정확도): None 
cw_psl_acc(클래스별 PSL 평가에서의 정확도):  [nan, nan, nan, nan, nan, nan, nan]
**pseudo_label ->  [0.1766, 0.1227, 0.1297, 0.133, 0.1699, 0.1315, 0.1366] **
max =  0.1766 | max_idx =  0
**pseudo_label ->  [0.1499, 0.1285, 0.1355, 0.1384, 0.1339, 0.1538, 0.1601] **
max =  0.1601 | max_idx =  6
**pseudo_label ->  [0.1641, 0.1226, 0.1332, 0.1293, 0.1732, 0.1354, 0.1423] **
max =  0.1732 | max_idx =  4
**pseudo_label ->  [0.1529, 0.1282, 0.1411, 0.1362, 0.1435, 0.1453, 0.1529] **
max =  0.1529 | max_idx =  6
**pseudo_label ->  [0.1683, 0.1224, 0.1346, 0.14, 0.1368, 0.1468, 0.1512] **
max =  0.1683 | max_idx =  0
Epoch 16/50, Train Loss: 1.9839, Valid Loss: 1.9767, Train Acc: 0.1429, Val Acc: 0.0912, Test Acc: 0.0779, Test F1: 0.0206, Total Pseudo-Labels: 0, Correct Pseudo-Labels: 0, Train Data Number: 70



line 303 => train data수 70
line 258 => 인스턴스 수 10
Step 160  Tim 0:16:53
acc_train_cw(현재 train의 class별 acc) [0.0, 1.0, 0.0, 0.0, 0.0, 0.0, 0.0]
cw_psl_total_eval(pseudo label 클래스별 총 샘플 수):  [0, 0, 0, 0, 0, 0, 0]
cw_psl_correct_eval(pseudo label 클래스별 맞은 샘플 수):  [0, 0, 0, 0, 0, 0, 0]
psl_acc(PSL 평가에서의 정확도): None 
cw_psl_acc(클래스별 PSL 평가에서의 정확도):  [nan, nan, nan, nan, nan, nan, nan]
**pseudo_label ->  [0.1765, 0.1364, 0.1246, 0.1505, 0.1787, 0.1287, 0.1046] **
max =  0.1787 | max_idx =  4
**pseudo_label ->  [0.1413, 0.1658, 0.1348, 0.1379, 0.1636, 0.1347, 0.1219] **
max =  0.1658 | max_idx =  1
**pseudo_label ->  [0.1478, 0.1698, 0.1367, 0.1346, 0.157, 0.1311, 0.1231] **
max =  0.1698 | max_idx =  1
**pseudo_label ->  [0.1464, 0.1689, 0.1319, 0.1386, 0.1553, 0.1359, 0.123] **
max =  0.1689 | max_idx =  1
**pseudo_label ->  [0.1486, 0.1589, 0.1311, 0.1385, 0.1859, 0.132, 0.1049] **
max =  0.1859 | max_idx =  4
Epoch 17/50, Train Loss: 2.0002, Valid Loss: 1.9331, Train Acc: 0.1429, Val Acc: 0.0065, Test Acc: 0.2787, Test F1: 0.0623, Total Pseudo-Labels: 0, Correct Pseudo-Labels: 0, Train Data Number: 70



line 303 => train data수 70
line 258 => 인스턴스 수 10
Step 170  Tim 0:17:53
acc_train_cw(현재 train의 class별 acc) [0.0, 0.0, 0.0, 0.0, 0.0, 1.0, 0.0]
cw_psl_total_eval(pseudo label 클래스별 총 샘플 수):  [0, 0, 0, 0, 0, 0, 0]
cw_psl_correct_eval(pseudo label 클래스별 맞은 샘플 수):  [0, 0, 0, 0, 0, 0, 0]
psl_acc(PSL 평가에서의 정확도): None 
cw_psl_acc(클래스별 PSL 평가에서의 정확도):  [nan, nan, nan, nan, nan, nan, nan]
**pseudo_label ->  [0.1395, 0.12, 0.1362, 0.1473, 0.1435, 0.175, 0.1386] **
max =  0.175 | max_idx =  5
**pseudo_label ->  [0.119, 0.0643, 0.1231, 0.1845, 0.1322, 0.2885, 0.0884] **
max =  0.2885 | max_idx =  5
**pseudo_label ->  [0.137, 0.1245, 0.1341, 0.1493, 0.1397, 0.164, 0.1513] **
max =  0.164 | max_idx =  5
**pseudo_label ->  [0.1419, 0.1237, 0.1296, 0.1553, 0.1418, 0.1605, 0.1472] **
max =  0.1605 | max_idx =  5
**pseudo_label ->  [0.1413, 0.122, 0.1287, 0.1585, 0.1423, 0.1634, 0.1439] **
max =  0.1634 | max_idx =  5
Epoch 18/50, Train Loss: 1.9768, Valid Loss: 1.9801, Train Acc: 0.1429, Val Acc: 0.0261, Test Acc: 0.2971, Test F1: 0.0654, Total Pseudo-Labels: 0, Correct Pseudo-Labels: 0, Train Data Number: 70



line 303 => train data수 70
line 258 => 인스턴스 수 10
Step 180  Tim 0:18:54
acc_train_cw(현재 train의 class별 acc) [0.0, 0.0, 1.0, 0.0, 0.0, 0.0, 0.0]
cw_psl_total_eval(pseudo label 클래스별 총 샘플 수):  [0, 0, 0, 0, 0, 0, 0]
cw_psl_correct_eval(pseudo label 클래스별 맞은 샘플 수):  [0, 0, 0, 0, 0, 0, 0]
psl_acc(PSL 평가에서의 정확도): None 
cw_psl_acc(클래스별 PSL 평가에서의 정확도):  [nan, nan, nan, nan, nan, nan, nan]
**pseudo_label ->  [0.1278, 0.1096, 0.1619, 0.123, 0.1538, 0.1644, 0.1593] **
max =  0.1644 | max_idx =  5
**pseudo_label ->  [0.127, 0.1158, 0.165, 0.1117, 0.1484, 0.1648, 0.1674] **
max =  0.1674 | max_idx =  6
**pseudo_label ->  [0.123, 0.1194, 0.1686, 0.1151, 0.1461, 0.1638, 0.1639] **
max =  0.1686 | max_idx =  2
**pseudo_label ->  [0.1268, 0.1192, 0.1616, 0.1244, 0.1543, 0.1595, 0.1542] **
max =  0.1616 | max_idx =  2
**pseudo_label ->  [0.1222, 0.1251, 0.1655, 0.115, 0.1497, 0.1621, 0.1605] **
max =  0.1655 | max_idx =  2
Epoch 19/50, Train Loss: 1.9859, Valid Loss: 2.0190, Train Acc: 0.1429, Val Acc: 0.2280, Test Acc: 0.1230, Test F1: 0.0313, Total Pseudo-Labels: 0, Correct Pseudo-Labels: 0, Train Data Number: 70



line 303 => train data수 70
line 258 => 인스턴스 수 10
Step 190  Tim 0:19:55
acc_train_cw(현재 train의 class별 acc) [0.0, 0.0, 0.0, 0.0, 0.0, 0.0, 1.0]
cw_psl_total_eval(pseudo label 클래스별 총 샘플 수):  [0, 0, 0, 0, 0, 0, 0]
cw_psl_correct_eval(pseudo label 클래스별 맞은 샘플 수):  [0, 0, 0, 0, 0, 0, 0]
psl_acc(PSL 평가에서의 정확도): None 
cw_psl_acc(클래스별 PSL 평가에서의 정확도):  [nan, nan, nan, nan, nan, nan, nan]
**pseudo_label ->  [0.1484, 0.147, 0.1173, 0.1246, 0.1532, 0.143, 0.1664] **
max =  0.1664 | max_idx =  6
**pseudo_label ->  [0.1556, 0.1433, 0.1165, 0.1389, 0.1366, 0.1507, 0.1584] **
max =  0.1584 | max_idx =  6
**pseudo_label ->  [0.1388, 0.1547, 0.1262, 0.1304, 0.1429, 0.1543, 0.1526] **
max =  0.1547 | max_idx =  1
**pseudo_label ->  [0.1412, 0.1476, 0.125, 0.1242, 0.1543, 0.1507, 0.1569] **
max =  0.1569 | max_idx =  6
**pseudo_label ->  [0.1338, 0.1538, 0.1279, 0.1261, 0.1497, 0.1501, 0.1586] **
max =  0.1586 | max_idx =  6
Epoch 20/50, Train Loss: 1.9864, Valid Loss: 1.9260, Train Acc: 0.1429, Val Acc: 0.1173, Test Acc: 0.0184, Test F1: 0.0052, Total Pseudo-Labels: 0, Correct Pseudo-Labels: 0, Train Data Number: 70



line 303 => train data수 70
line 258 => 인스턴스 수 10
Step 200  Tim 0:20:55
acc_train_cw(현재 train의 class별 acc) [0.0, 0.0, 0.0, 0.0, 1.0, 0.0, 0.0]
cw_psl_total_eval(pseudo label 클래스별 총 샘플 수):  [0, 0, 0, 0, 0, 0, 0]
cw_psl_correct_eval(pseudo label 클래스별 맞은 샘플 수):  [0, 0, 0, 0, 0, 0, 0]
psl_acc(PSL 평가에서의 정확도): None 
cw_psl_acc(클래스별 PSL 평가에서의 정확도):  [nan, nan, nan, nan, nan, nan, nan]
**pseudo_label ->  [0.1464, 0.1209, 0.1426, 0.1348, 0.1874, 0.1278, 0.1402] **
max =  0.1874 | max_idx =  4
**pseudo_label ->  [0.1375, 0.124, 0.1394, 0.1397, 0.1884, 0.1388, 0.1322] **
max =  0.1884 | max_idx =  4
**pseudo_label ->  [0.139, 0.1332, 0.1402, 0.1468, 0.1831, 0.1262, 0.1314] **
max =  0.1831 | max_idx =  4
**pseudo_label ->  [0.138, 0.1324, 0.1454, 0.1367, 0.188, 0.1274, 0.132] **
max =  0.188 | max_idx =  4
**pseudo_label ->  [0.1374, 0.1332, 0.138, 0.1373, 0.1995, 0.1252, 0.1294] **
max =  0.1995 | max_idx =  4
Epoch 21/50, Train Loss: 1.9848, Valid Loss: 2.0020, Train Acc: 0.1429, Val Acc: 0.1433, Test Acc: 0.0430, Test F1: 0.0118, Total Pseudo-Labels: 0, Correct Pseudo-Labels: 0, Train Data Number: 70



line 303 => train data수 70
line 258 => 인스턴스 수 10
Step 210  Tim 0:21:56
acc_train_cw(현재 train의 class별 acc) [0.0, 1.0, 0.0, 0.0, 0.0, 0.0, 0.0]
cw_psl_total_eval(pseudo label 클래스별 총 샘플 수):  [0, 0, 0, 0, 0, 0, 0]
cw_psl_correct_eval(pseudo label 클래스별 맞은 샘플 수):  [0, 0, 0, 0, 0, 0, 0]
psl_acc(PSL 평가에서의 정확도): None 
cw_psl_acc(클래스별 PSL 평가에서의 정확도):  [nan, nan, nan, nan, nan, nan, nan]
**pseudo_label ->  [0.1202, 0.1872, 0.1404, 0.1244, 0.1715, 0.1127, 0.1437] **
max =  0.1872 | max_idx =  1
**pseudo_label ->  [0.1229, 0.194, 0.1328, 0.128, 0.1625, 0.1183, 0.1414] **
max =  0.194 | max_idx =  1
**pseudo_label ->  [0.1202, 0.1867, 0.142, 0.1273, 0.1653, 0.1179, 0.1405] **
max =  0.1867 | max_idx =  1
**pseudo_label ->  [0.1265, 0.1827, 0.1332, 0.1235, 0.1754, 0.1226, 0.136] **
max =  0.1827 | max_idx =  1
**pseudo_label ->  [0.1313, 0.1828, 0.1322, 0.1321, 0.1628, 0.1121, 0.1468] **
max =  0.1828 | max_idx =  1
Epoch 22/50, Train Loss: 1.9819, Valid Loss: 1.9801, Train Acc: 0.1429, Val Acc: 0.0065, Test Acc: 0.2787, Test F1: 0.0623, Total Pseudo-Labels: 0, Correct Pseudo-Labels: 0, Train Data Number: 70



line 303 => train data수 70
line 258 => 인스턴스 수 10
Step 220  Tim 0:22:56
acc_train_cw(현재 train의 class별 acc) [0.0, 0.0, 0.0, 0.0, 0.0, 0.0, 1.0]
cw_psl_total_eval(pseudo label 클래스별 총 샘플 수):  [0, 0, 0, 0, 0, 0, 0]
cw_psl_correct_eval(pseudo label 클래스별 맞은 샘플 수):  [0, 0, 0, 0, 0, 0, 0]
psl_acc(PSL 평가에서의 정확도): None 
cw_psl_acc(클래스별 PSL 평가에서의 정확도):  [nan, nan, nan, nan, nan, nan, nan]
**pseudo_label ->  [0.1439, 0.1345, 0.1107, 0.1428, 0.1338, 0.1308, 0.2035] **
max =  0.2035 | max_idx =  6
**pseudo_label ->  [0.1499, 0.1305, 0.1159, 0.1407, 0.1368, 0.1357, 0.1905] **
max =  0.1905 | max_idx =  6
**pseudo_label ->  [0.1471, 0.1242, 0.1255, 0.1324, 0.1427, 0.1484, 0.1797] **
max =  0.1797 | max_idx =  6
**pseudo_label ->  [0.1397, 0.1239, 0.115, 0.1451, 0.142, 0.1408, 0.1934] **
max =  0.1934 | max_idx =  6
**pseudo_label ->  [0.1402, 0.1302, 0.1094, 0.1355, 0.1405, 0.1445, 0.1997] **
max =  0.1997 | max_idx =  6
Epoch 23/50, Train Loss: 1.9835, Valid Loss: 1.9317, Train Acc: 0.1429, Val Acc: 0.1173, Test Acc: 0.0184, Test F1: 0.0052, Total Pseudo-Labels: 0, Correct Pseudo-Labels: 0, Train Data Number: 70



line 303 => train data수 70
line 258 => 인스턴스 수 10
Step 230  Tim 0:23:57
acc_train_cw(현재 train의 class별 acc) [1.0, 0.0, 0.0, 0.0, 0.0, 0.0, 0.0]
cw_psl_total_eval(pseudo label 클래스별 총 샘플 수):  [0, 0, 0, 0, 0, 0, 0]
cw_psl_correct_eval(pseudo label 클래스별 맞은 샘플 수):  [0, 0, 0, 0, 0, 0, 0]
psl_acc(PSL 평가에서의 정확도): None 
cw_psl_acc(클래스별 PSL 평가에서의 정확도):  [nan, nan, nan, nan, nan, nan, nan]
**pseudo_label ->  [0.1876, 0.1129, 0.1321, 0.149, 0.129, 0.123, 0.1664] **
max =  0.1876 | max_idx =  0
**pseudo_label ->  [0.2017, 0.107, 0.1412, 0.1367, 0.1215, 0.1313, 0.1605] **
max =  0.2017 | max_idx =  0
**pseudo_label ->  [0.1912, 0.109, 0.135, 0.1434, 0.1274, 0.1236, 0.1705] **
max =  0.1912 | max_idx =  0
**pseudo_label ->  [0.2021, 0.1059, 0.1388, 0.1405, 0.1301, 0.1244, 0.1582] **
max =  0.2021 | max_idx =  0
**pseudo_label ->  [0.1888, 0.1138, 0.141, 0.1412, 0.1283, 0.1202, 0.1667] **
max =  0.1888 | max_idx =  0
Epoch 24/50, Train Loss: 1.9939, Valid Loss: 1.9793, Train Acc: 0.1429, Val Acc: 0.0912, Test Acc: 0.0779, Test F1: 0.0206, Total Pseudo-Labels: 0, Correct Pseudo-Labels: 0, Train Data Number: 70



line 303 => train data수 70
line 258 => 인스턴스 수 10
Step 240  Tim 0:24:57
acc_train_cw(현재 train의 class별 acc) [0.0, 1.0, 0.0, 0.0, 0.0, 0.0, 0.0]
cw_psl_total_eval(pseudo label 클래스별 총 샘플 수):  [0, 0, 0, 0, 0, 0, 0]
cw_psl_correct_eval(pseudo label 클래스별 맞은 샘플 수):  [0, 0, 0, 0, 0, 0, 0]
psl_acc(PSL 평가에서의 정확도): None 
cw_psl_acc(클래스별 PSL 평가에서의 정확도):  [nan, nan, nan, nan, nan, nan, nan]
**pseudo_label ->  [0.1494, 0.1523, 0.141, 0.1371, 0.1476, 0.1367, 0.1358] **
max =  0.1523 | max_idx =  1
**pseudo_label ->  [0.1545, 0.1481, 0.1407, 0.1338, 0.1496, 0.1378, 0.1355] **
max =  0.1545 | max_idx =  0
**pseudo_label ->  [0.1573, 0.152, 0.1351, 0.1365, 0.1394, 0.1405, 0.1392] **
max =  0.1573 | max_idx =  0
**pseudo_label ->  [0.157, 0.1558, 0.1352, 0.1296, 0.1473, 0.1321, 0.1429] **
max =  0.157 | max_idx =  0
**pseudo_label ->  [0.149, 0.1536, 0.137, 0.1347, 0.1456, 0.1477, 0.1324] **
max =  0.1536 | max_idx =  1
Epoch 25/50, Train Loss: 1.9541, Valid Loss: 1.9866, Train Acc: 0.1429, Val Acc: 0.0065, Test Acc: 0.2787, Test F1: 0.0623, Total Pseudo-Labels: 0, Correct Pseudo-Labels: 0, Train Data Number: 70



line 303 => train data수 70
line 258 => 인스턴스 수 10
Step 250  Tim 0:25:58
acc_train_cw(현재 train의 class별 acc) [0.0, 0.0, 1.0, 0.0, 0.0, 0.0, 0.0]
cw_psl_total_eval(pseudo label 클래스별 총 샘플 수):  [0, 0, 0, 0, 0, 0, 0]
cw_psl_correct_eval(pseudo label 클래스별 맞은 샘플 수):  [0, 0, 0, 0, 0, 0, 0]
psl_acc(PSL 평가에서의 정확도): None 
cw_psl_acc(클래스별 PSL 평가에서의 정확도):  [nan, nan, nan, nan, nan, nan, nan]
**pseudo_label ->  [0.1503, 0.1544, 0.1627, 0.1275, 0.1267, 0.1421, 0.1362] **
max =  0.1627 | max_idx =  2
**pseudo_label ->  [0.1548, 0.1674, 0.1795, 0.1186, 0.085, 0.183, 0.1117] **
max =  0.183 | max_idx =  5
**pseudo_label ->  [0.1596, 0.1545, 0.1598, 0.1305, 0.1229, 0.1387, 0.1341] **
max =  0.1598 | max_idx =  2
**pseudo_label ->  [0.1601, 0.149, 0.1678, 0.1254, 0.1208, 0.1431, 0.1338] **
max =  0.1678 | max_idx =  2
**pseudo_label ->  [0.1626, 0.1377, 0.1582, 0.1374, 0.1104, 0.1481, 0.1455] **
max =  0.1626 | max_idx =  0
Epoch 26/50, Train Loss: 1.9675, Valid Loss: 1.9673, Train Acc: 0.1429, Val Acc: 0.2280, Test Acc: 0.1230, Test F1: 0.0313, Total Pseudo-Labels: 0, Correct Pseudo-Labels: 0, Train Data Number: 70



line 303 => train data수 70
line 258 => 인스턴스 수 10
Step 260  Tim 0:26:58
acc_train_cw(현재 train의 class별 acc) [0.0, 0.0, 1.0, 0.0, 0.0, 0.0, 0.0]
cw_psl_total_eval(pseudo label 클래스별 총 샘플 수):  [0, 0, 0, 0, 0, 0, 0]
cw_psl_correct_eval(pseudo label 클래스별 맞은 샘플 수):  [0, 0, 0, 0, 0, 0, 0]
psl_acc(PSL 평가에서의 정확도): None 
cw_psl_acc(클래스별 PSL 평가에서의 정확도):  [nan, nan, nan, nan, nan, nan, nan]
**pseudo_label ->  [0.1322, 0.1509, 0.1876, 0.1246, 0.1306, 0.1447, 0.1294] **
max =  0.1876 | max_idx =  2
**pseudo_label ->  [0.127, 0.1569, 0.1836, 0.1327, 0.1343, 0.139, 0.1265] **
max =  0.1836 | max_idx =  2
**pseudo_label ->  [0.1329, 0.1605, 0.1875, 0.1266, 0.1366, 0.1318, 0.1241] **
max =  0.1875 | max_idx =  2
**pseudo_label ->  [0.1292, 0.1519, 0.1941, 0.133, 0.1349, 0.1377, 0.1194] **
max =  0.1941 | max_idx =  2
**pseudo_label ->  [0.1309, 0.1514, 0.1876, 0.1225, 0.1353, 0.1481, 0.1241] **
max =  0.1876 | max_idx =  2
Epoch 27/50, Train Loss: 1.9690, Valid Loss: 1.9440, Train Acc: 0.1429, Val Acc: 0.2280, Test Acc: 0.1230, Test F1: 0.0313, Total Pseudo-Labels: 0, Correct Pseudo-Labels: 0, Train Data Number: 70



line 303 => train data수 70
line 258 => 인스턴스 수 10
Step 270  Tim 0:27:59
acc_train_cw(현재 train의 class별 acc) [0.0, 0.0, 0.0, 0.0, 1.0, 0.0, 0.0]
cw_psl_total_eval(pseudo label 클래스별 총 샘플 수):  [0, 0, 0, 0, 0, 0, 0]
cw_psl_correct_eval(pseudo label 클래스별 맞은 샘플 수):  [0, 0, 0, 0, 0, 0, 0]
psl_acc(PSL 평가에서의 정확도): None 
cw_psl_acc(클래스별 PSL 평가에서의 정확도):  [nan, nan, nan, nan, nan, nan, nan]
**pseudo_label ->  [0.1389, 0.1507, 0.1371, 0.1497, 0.148, 0.1326, 0.143] **
max =  0.1507 | max_idx =  1
**pseudo_label ->  [0.1388, 0.1482, 0.1312, 0.1457, 0.1597, 0.1325, 0.1439] **
max =  0.1597 | max_idx =  4
**pseudo_label ->  [0.1419, 0.1469, 0.1309, 0.1499, 0.1496, 0.1266, 0.1542] **
max =  0.1542 | max_idx =  6
**pseudo_label ->  [0.1544, 0.1354, 0.1166, 0.1422, 0.1349, 0.1478, 0.1686] **
max =  0.1686 | max_idx =  6
**pseudo_label ->  [0.1374, 0.1463, 0.1333, 0.1506, 0.1527, 0.1301, 0.1496] **
max =  0.1527 | max_idx =  4
Epoch 28/50, Train Loss: 1.9972, Valid Loss: 1.9560, Train Acc: 0.1429, Val Acc: 0.1433, Test Acc: 0.0430, Test F1: 0.0118, Total Pseudo-Labels: 0, Correct Pseudo-Labels: 0, Train Data Number: 70



line 303 => train data수 70
line 258 => 인스턴스 수 10
Step 280  Tim 0:28:59
acc_train_cw(현재 train의 class별 acc) [0.0, 0.0, 0.0, 0.0, 0.0, 0.0, 1.0]
cw_psl_total_eval(pseudo label 클래스별 총 샘플 수):  [0, 0, 0, 0, 0, 0, 0]
cw_psl_correct_eval(pseudo label 클래스별 맞은 샘플 수):  [0, 0, 0, 0, 0, 0, 0]
psl_acc(PSL 평가에서의 정확도): None 
cw_psl_acc(클래스별 PSL 평가에서의 정확도):  [nan, nan, nan, nan, nan, nan, nan]
**pseudo_label ->  [0.1638, 0.1398, 0.1033, 0.1612, 0.1344, 0.1337, 0.1638] **
max =  0.1638 | max_idx =  6
**pseudo_label ->  [0.1567, 0.1363, 0.1053, 0.1594, 0.1361, 0.1384, 0.1678] **
max =  0.1678 | max_idx =  6
**pseudo_label ->  [0.1571, 0.1426, 0.1036, 0.1623, 0.1323, 0.1371, 0.1651] **
max =  0.1651 | max_idx =  6
**pseudo_label ->  [0.1597, 0.138, 0.1092, 0.1626, 0.1319, 0.1295, 0.1692] **
max =  0.1692 | max_idx =  6
**pseudo_label ->  [0.1586, 0.1408, 0.1022, 0.1633, 0.1385, 0.1398, 0.1568] **
max =  0.1633 | max_idx =  3
Epoch 29/50, Train Loss: 2.0028, Valid Loss: 2.0841, Train Acc: 0.1429, Val Acc: 0.1173, Test Acc: 0.0184, Test F1: 0.0052, Total Pseudo-Labels: 0, Correct Pseudo-Labels: 0, Train Data Number: 70



line 303 => train data수 70
line 258 => 인스턴스 수 10
Step 290  Tim 0:30:00
acc_train_cw(현재 train의 class별 acc) [1.0, 0.0, 0.0, 0.0, 0.0, 0.0, 0.0]
cw_psl_total_eval(pseudo label 클래스별 총 샘플 수):  [0, 0, 0, 0, 0, 0, 0]
cw_psl_correct_eval(pseudo label 클래스별 맞은 샘플 수):  [0, 0, 0, 0, 0, 0, 0]
psl_acc(PSL 평가에서의 정확도): None 
cw_psl_acc(클래스별 PSL 평가에서의 정확도):  [nan, nan, nan, nan, nan, nan, nan]
**pseudo_label ->  [0.1693, 0.1537, 0.1416, 0.1044, 0.1535, 0.1424, 0.1349] **
max =  0.1693 | max_idx =  0
**pseudo_label ->  [0.1891, 0.2502, 0.0944, 0.059, 0.1552, 0.1111, 0.141] **
max =  0.2502 | max_idx =  1
**pseudo_label ->  [0.1739, 0.1725, 0.129, 0.1027, 0.143, 0.1257, 0.1532] **
max =  0.1739 | max_idx =  0
**pseudo_label ->  [0.1645, 0.1823, 0.1264, 0.1067, 0.1433, 0.1289, 0.148] **
max =  0.1823 | max_idx =  1
**pseudo_label ->  [0.1721, 0.1778, 0.1277, 0.105, 0.1437, 0.1274, 0.1463] **
max =  0.1778 | max_idx =  1
Epoch 30/50, Train Loss: 1.9598, Valid Loss: 1.9634, Train Acc: 0.1429, Val Acc: 0.0912, Test Acc: 0.0779, Test F1: 0.0206, Total Pseudo-Labels: 0, Correct Pseudo-Labels: 0, Train Data Number: 70



line 303 => train data수 70
line 258 => 인스턴스 수 10
Step 300  Tim 0:31:00
acc_train_cw(현재 train의 class별 acc) [0.0, 0.0, 1.0, 0.0, 0.0, 0.0, 0.0]
cw_psl_total_eval(pseudo label 클래스별 총 샘플 수):  [0, 0, 0, 0, 0, 0, 0]
cw_psl_correct_eval(pseudo label 클래스별 맞은 샘플 수):  [0, 0, 0, 0, 0, 0, 0]
psl_acc(PSL 평가에서의 정확도): None 
cw_psl_acc(클래스별 PSL 평가에서의 정확도):  [nan, nan, nan, nan, nan, nan, nan]
**pseudo_label ->  [0.1289, 0.1581, 0.1759, 0.1207, 0.1416, 0.1465, 0.1283] **
max =  0.1759 | max_idx =  2
**pseudo_label ->  [0.1218, 0.1375, 0.1821, 0.1256, 0.1527, 0.1665, 0.1139] **
max =  0.1821 | max_idx =  2
**pseudo_label ->  [0.1327, 0.1538, 0.181, 0.1206, 0.1401, 0.1418, 0.13] **
max =  0.181 | max_idx =  2
**pseudo_label ->  [0.1362, 0.1479, 0.1842, 0.1294, 0.1466, 0.137, 0.1187] **
max =  0.1842 | max_idx =  2
**pseudo_label ->  [0.146, 0.1441, 0.1784, 0.1301, 0.1389, 0.1453, 0.1172] **
max =  0.1784 | max_idx =  2
Epoch 31/50, Train Loss: 1.9616, Valid Loss: 1.8960, Train Acc: 0.1429, Val Acc: 0.2280, Test Acc: 0.1230, Test F1: 0.0313, Total Pseudo-Labels: 0, Correct Pseudo-Labels: 0, Train Data Number: 70



line 303 => train data수 70
line 258 => 인스턴스 수 10
Step 310  Tim 0:32:01
acc_train_cw(현재 train의 class별 acc) [0.0, 0.0, 0.0, 1.0, 0.0, 0.0, 0.0]
cw_psl_total_eval(pseudo label 클래스별 총 샘플 수):  [0, 0, 0, 0, 0, 0, 0]
cw_psl_correct_eval(pseudo label 클래스별 맞은 샘플 수):  [0, 0, 0, 0, 0, 0, 0]
psl_acc(PSL 평가에서의 정확도): None 
cw_psl_acc(클래스별 PSL 평가에서의 정확도):  [nan, nan, nan, nan, nan, nan, nan]
**pseudo_label ->  [0.1256, 0.127, 0.1575, 0.1686, 0.1519, 0.1483, 0.121] **
max =  0.1686 | max_idx =  3
**pseudo_label ->  [0.1254, 0.1205, 0.1669, 0.1613, 0.1474, 0.1576, 0.121] **
max =  0.1669 | max_idx =  2
**pseudo_label ->  [0.1208, 0.1163, 0.1688, 0.1648, 0.1533, 0.1605, 0.1155] **
max =  0.1688 | max_idx =  2
**pseudo_label ->  [0.1144, 0.1355, 0.1425, 0.1442, 0.1697, 0.1577, 0.1359] **
max =  0.1697 | max_idx =  4
**pseudo_label ->  [0.1291, 0.1298, 0.1578, 0.1665, 0.149, 0.1423, 0.1254] **
max =  0.1665 | max_idx =  3
Epoch 32/50, Train Loss: 2.0011, Valid Loss: 1.9492, Train Acc: 0.1429, Val Acc: 0.3876, Test Acc: 0.1619, Test F1: 0.0398, Total Pseudo-Labels: 0, Correct Pseudo-Labels: 0, Train Data Number: 70



line 303 => train data수 70
line 258 => 인스턴스 수 10
Step 320  Tim 0:33:01
acc_train_cw(현재 train의 class별 acc) [0.0, 1.0, 0.0, 0.0, 0.0, 0.0, 0.0]
cw_psl_total_eval(pseudo label 클래스별 총 샘플 수):  [0, 0, 0, 0, 0, 0, 0]
cw_psl_correct_eval(pseudo label 클래스별 맞은 샘플 수):  [0, 0, 0, 0, 0, 0, 0]
psl_acc(PSL 평가에서의 정확도): None 
cw_psl_acc(클래스별 PSL 평가에서의 정확도):  [nan, nan, nan, nan, nan, nan, nan]
**pseudo_label ->  [0.1201, 0.1981, 0.1139, 0.2048, 0.1291, 0.1335, 0.1006] **
max =  0.2048 | max_idx =  3
**pseudo_label ->  [0.1328, 0.1532, 0.1252, 0.1551, 0.1394, 0.15, 0.1443] **
max =  0.1551 | max_idx =  3
**pseudo_label ->  [0.1335, 0.1582, 0.1265, 0.1565, 0.1298, 0.1536, 0.1417] **
max =  0.1582 | max_idx =  1
**pseudo_label ->  [0.1093, 0.2035, 0.0951, 0.1707, 0.146, 0.1619, 0.1135] **
max =  0.2035 | max_idx =  1
**pseudo_label ->  [0.1333, 0.1605, 0.1292, 0.1532, 0.1438, 0.1431, 0.1368] **
max =  0.1605 | max_idx =  1
Epoch 33/50, Train Loss: 2.0037, Valid Loss: 1.9815, Train Acc: 0.1429, Val Acc: 0.0065, Test Acc: 0.2787, Test F1: 0.0623, Total Pseudo-Labels: 0, Correct Pseudo-Labels: 0, Train Data Number: 70



line 303 => train data수 70
line 258 => 인스턴스 수 10
Step 330  Tim 0:34:02
acc_train_cw(현재 train의 class별 acc) [0.0, 0.0, 0.0, 0.0, 0.0, 0.0, 1.0]
cw_psl_total_eval(pseudo label 클래스별 총 샘플 수):  [0, 0, 0, 0, 0, 0, 0]
cw_psl_correct_eval(pseudo label 클래스별 맞은 샘플 수):  [0, 0, 0, 0, 0, 0, 0]
psl_acc(PSL 평가에서의 정확도): None 
cw_psl_acc(클래스별 PSL 평가에서의 정확도):  [nan, nan, nan, nan, nan, nan, nan]
**pseudo_label ->  [0.1333, 0.1361, 0.1449, 0.1308, 0.1322, 0.1542, 0.1686] **
max =  0.1686 | max_idx =  6
**pseudo_label ->  [0.1329, 0.1355, 0.1279, 0.1328, 0.1382, 0.1704, 0.1622] **
max =  0.1704 | max_idx =  5
**pseudo_label ->  [0.1274, 0.1383, 0.1469, 0.1313, 0.1416, 0.1584, 0.1561] **
max =  0.1584 | max_idx =  5
**pseudo_label ->  [0.1329, 0.1331, 0.1513, 0.13, 0.1363, 0.1524, 0.164] **
max =  0.164 | max_idx =  6
**pseudo_label ->  [0.1373, 0.1371, 0.15, 0.1263, 0.1298, 0.1499, 0.1696] **
max =  0.1696 | max_idx =  6
Epoch 34/50, Train Loss: 1.9713, Valid Loss: 1.9754, Train Acc: 0.1429, Val Acc: 0.1173, Test Acc: 0.0184, Test F1: 0.0052, Total Pseudo-Labels: 0, Correct Pseudo-Labels: 0, Train Data Number: 70



line 303 => train data수 70
line 258 => 인스턴스 수 10
Step 340  Tim 0:35:02
acc_train_cw(현재 train의 class별 acc) [0.0, 1.0, 0.0, 0.0, 0.0, 0.0, 0.0]
cw_psl_total_eval(pseudo label 클래스별 총 샘플 수):  [0, 0, 0, 0, 0, 0, 0]
cw_psl_correct_eval(pseudo label 클래스별 맞은 샘플 수):  [0, 0, 0, 0, 0, 0, 0]
psl_acc(PSL 평가에서의 정확도): None 
cw_psl_acc(클래스별 PSL 평가에서의 정확도):  [nan, nan, nan, nan, nan, nan, nan]
**pseudo_label ->  [0.1385, 0.1647, 0.138, 0.1339, 0.1488, 0.1356, 0.1404] **
max =  0.1647 | max_idx =  1
**pseudo_label ->  [0.1438, 0.1622, 0.135, 0.1317, 0.1522, 0.1355, 0.1395] **
max =  0.1622 | max_idx =  1
**pseudo_label ->  [0.1257, 0.1636, 0.1294, 0.1424, 0.1639, 0.143, 0.132] **
max =  0.1639 | max_idx =  4
**pseudo_label ->  [0.1404, 0.1462, 0.1472, 0.1389, 0.1501, 0.1443, 0.1329] **
max =  0.1501 | max_idx =  4
**pseudo_label ->  [0.1385, 0.1551, 0.1436, 0.1379, 0.1503, 0.1381, 0.1365] **
max =  0.1551 | max_idx =  1
Epoch 35/50, Train Loss: 1.9648, Valid Loss: 1.9297, Train Acc: 0.1429, Val Acc: 0.0065, Test Acc: 0.2787, Test F1: 0.0623, Total Pseudo-Labels: 0, Correct Pseudo-Labels: 0, Train Data Number: 70



line 303 => train data수 70
line 258 => 인스턴스 수 10
Step 350  Tim 0:36:03
acc_train_cw(현재 train의 class별 acc) [0.0, 0.0, 0.0, 1.0, 0.0, 0.0, 0.0]
cw_psl_total_eval(pseudo label 클래스별 총 샘플 수):  [0, 0, 0, 0, 0, 0, 0]
cw_psl_correct_eval(pseudo label 클래스별 맞은 샘플 수):  [0, 0, 0, 0, 0, 0, 0]
psl_acc(PSL 평가에서의 정확도): None 
cw_psl_acc(클래스별 PSL 평가에서의 정확도):  [nan, nan, nan, nan, nan, nan, nan]
**pseudo_label ->  [0.1341, 0.1489, 0.1578, 0.1436, 0.1269, 0.1335, 0.1552] **
max =  0.1578 | max_idx =  2
**pseudo_label ->  [0.1327, 0.1504, 0.1457, 0.1515, 0.127, 0.1356, 0.157] **
max =  0.157 | max_idx =  6
**pseudo_label ->  [0.1353, 0.143, 0.1499, 0.1511, 0.1244, 0.1415, 0.1548] **
max =  0.1548 | max_idx =  6
**pseudo_label ->  [0.1445, 0.1444, 0.1446, 0.1491, 0.1294, 0.1383, 0.1498] **
max =  0.1498 | max_idx =  6
**pseudo_label ->  [0.1335, 0.1533, 0.1506, 0.1493, 0.1228, 0.1432, 0.1473] **
max =  0.1533 | max_idx =  1
Epoch 36/50, Train Loss: 1.9660, Valid Loss: 1.9456, Train Acc: 0.1429, Val Acc: 0.3876, Test Acc: 0.1619, Test F1: 0.0398, Total Pseudo-Labels: 0, Correct Pseudo-Labels: 0, Train Data Number: 70



line 303 => train data수 70
line 258 => 인스턴스 수 10
Step 360  Tim 0:37:04
acc_train_cw(현재 train의 class별 acc) [0.0, 1.0, 0.0, 0.0, 0.0, 0.0, 0.0]
cw_psl_total_eval(pseudo label 클래스별 총 샘플 수):  [0, 0, 0, 0, 0, 0, 0]
cw_psl_correct_eval(pseudo label 클래스별 맞은 샘플 수):  [0, 0, 0, 0, 0, 0, 0]
psl_acc(PSL 평가에서의 정확도): None 
cw_psl_acc(클래스별 PSL 평가에서의 정확도):  [nan, nan, nan, nan, nan, nan, nan]
**pseudo_label ->  [0.1504, 0.1579, 0.147, 0.1511, 0.1134, 0.143, 0.1373] **
max =  0.1579 | max_idx =  1
**pseudo_label ->  [0.151, 0.1473, 0.1461, 0.1494, 0.1158, 0.1453, 0.1451] **
max =  0.151 | max_idx =  0
**pseudo_label ->  [0.151, 0.1552, 0.1465, 0.1498, 0.118, 0.1386, 0.1409] **
max =  0.1552 | max_idx =  1
**pseudo_label ->  [0.1468, 0.1473, 0.1539, 0.1541, 0.1207, 0.1502, 0.1268] **
max =  0.1541 | max_idx =  3
**pseudo_label ->  [0.1551, 0.1631, 0.1339, 0.1521, 0.1099, 0.1414, 0.1444] **
max =  0.1631 | max_idx =  1
Epoch 37/50, Train Loss: 1.9701, Valid Loss: 1.9825, Train Acc: 0.1429, Val Acc: 0.0065, Test Acc: 0.2787, Test F1: 0.0623, Total Pseudo-Labels: 0, Correct Pseudo-Labels: 0, Train Data Number: 70



line 303 => train data수 70
line 258 => 인스턴스 수 10
Step 370  Tim 0:38:04
acc_train_cw(현재 train의 class별 acc) [0.0, 0.0, 0.0, 0.0, 0.0, 1.0, 0.0]
cw_psl_total_eval(pseudo label 클래스별 총 샘플 수):  [0, 0, 0, 0, 0, 0, 0]
cw_psl_correct_eval(pseudo label 클래스별 맞은 샘플 수):  [0, 0, 0, 0, 0, 0, 0]
psl_acc(PSL 평가에서의 정확도): None 
cw_psl_acc(클래스별 PSL 평가에서의 정확도):  [nan, nan, nan, nan, nan, nan, nan]
**pseudo_label ->  [0.1782, 0.0927, 0.1942, 0.0852, 0.1022, 0.2516, 0.0959] **
max =  0.2516 | max_idx =  5
**pseudo_label ->  [0.1623, 0.1254, 0.1514, 0.1226, 0.1261, 0.1714, 0.1408] **
max =  0.1714 | max_idx =  5
**pseudo_label ->  [0.1582, 0.1259, 0.1655, 0.1282, 0.1235, 0.1633, 0.1353] **
max =  0.1655 | max_idx =  2
**pseudo_label ->  [0.1662, 0.1178, 0.1573, 0.1263, 0.127, 0.1761, 0.1292] **
max =  0.1761 | max_idx =  5
**pseudo_label ->  [0.1676, 0.1233, 0.1543, 0.1266, 0.1306, 0.1506, 0.1469] **
max =  0.1676 | max_idx =  0
Epoch 38/50, Train Loss: 1.9532, Valid Loss: 1.9756, Train Acc: 0.1429, Val Acc: 0.0261, Test Acc: 0.2971, Test F1: 0.0654, Total Pseudo-Labels: 0, Correct Pseudo-Labels: 0, Train Data Number: 70



line 303 => train data수 70
line 258 => 인스턴스 수 10
Step 380  Tim 0:39:04
acc_train_cw(현재 train의 class별 acc) [1.0, 0.0, 0.0, 0.0, 0.0, 0.0, 0.0]
cw_psl_total_eval(pseudo label 클래스별 총 샘플 수):  [0, 0, 0, 0, 0, 0, 0]
cw_psl_correct_eval(pseudo label 클래스별 맞은 샘플 수):  [0, 0, 0, 0, 0, 0, 0]
psl_acc(PSL 평가에서의 정확도): None 
cw_psl_acc(클래스별 PSL 평가에서의 정확도):  [nan, nan, nan, nan, nan, nan, nan]
**pseudo_label ->  [0.1586, 0.1308, 0.1506, 0.1367, 0.1273, 0.135, 0.1609] **
max =  0.1609 | max_idx =  6
**pseudo_label ->  [0.1607, 0.1261, 0.1559, 0.1368, 0.1284, 0.1491, 0.143] **
max =  0.1607 | max_idx =  0
**pseudo_label ->  [0.1669, 0.1375, 0.149, 0.1285, 0.1285, 0.1398, 0.1499] **
max =  0.1669 | max_idx =  0
**pseudo_label ->  [0.163, 0.1283, 0.155, 0.1351, 0.1288, 0.1492, 0.1405] **
max =  0.163 | max_idx =  0
**pseudo_label ->  [0.1627, 0.1401, 0.1496, 0.1308, 0.1261, 0.1371, 0.1536] **
max =  0.1627 | max_idx =  0
Epoch 39/50, Train Loss: 1.9687, Valid Loss: 1.9851, Train Acc: 0.1429, Val Acc: 0.0912, Test Acc: 0.0779, Test F1: 0.0206, Total Pseudo-Labels: 0, Correct Pseudo-Labels: 0, Train Data Number: 70



line 303 => train data수 70
line 258 => 인스턴스 수 10
Step 390  Tim 0:40:05
acc_train_cw(현재 train의 class별 acc) [0.0, 0.0, 0.0, 0.0, 0.0, 1.0, 0.0]
cw_psl_total_eval(pseudo label 클래스별 총 샘플 수):  [0, 0, 0, 0, 0, 0, 0]
cw_psl_correct_eval(pseudo label 클래스별 맞은 샘플 수):  [0, 0, 0, 0, 0, 0, 0]
psl_acc(PSL 평가에서의 정확도): None 
cw_psl_acc(클래스별 PSL 평가에서의 정확도):  [nan, nan, nan, nan, nan, nan, nan]
**pseudo_label ->  [0.1393, 0.1605, 0.1331, 0.1394, 0.1242, 0.1592, 0.1442] **
max =  0.1605 | max_idx =  1
**pseudo_label ->  [0.1326, 0.1545, 0.1349, 0.1387, 0.1349, 0.158, 0.1465] **
max =  0.158 | max_idx =  5
**pseudo_label ->  [0.1422, 0.1573, 0.1302, 0.1372, 0.1295, 0.1556, 0.148] **
max =  0.1573 | max_idx =  1
**pseudo_label ->  [0.143, 0.1463, 0.1361, 0.1424, 0.1362, 0.1521, 0.1438] **
max =  0.1521 | max_idx =  5
**pseudo_label ->  [0.1428, 0.1518, 0.1302, 0.1362, 0.1325, 0.1622, 0.1444] **
max =  0.1622 | max_idx =  5
Epoch 40/50, Train Loss: 1.9512, Valid Loss: 1.9808, Train Acc: 0.1429, Val Acc: 0.0261, Test Acc: 0.2971, Test F1: 0.0654, Total Pseudo-Labels: 0, Correct Pseudo-Labels: 0, Train Data Number: 70



line 303 => train data수 70
line 258 => 인스턴스 수 10
Step 400  Tim 0:41:05
acc_train_cw(현재 train의 class별 acc) [0.0, 1.0, 0.0, 0.0, 0.0, 0.0, 0.0]
cw_psl_total_eval(pseudo label 클래스별 총 샘플 수):  [0, 0, 0, 0, 0, 0, 0]
cw_psl_correct_eval(pseudo label 클래스별 맞은 샘플 수):  [0, 0, 0, 0, 0, 0, 0]
psl_acc(PSL 평가에서의 정확도): None 
cw_psl_acc(클래스별 PSL 평가에서의 정확도):  [nan, nan, nan, nan, nan, nan, nan]
**pseudo_label ->  [0.1257, 0.1691, 0.1368, 0.1357, 0.1541, 0.1354, 0.1432] **
max =  0.1691 | max_idx =  1
**pseudo_label ->  [0.1203, 0.1713, 0.1352, 0.1357, 0.1537, 0.128, 0.1559] **
max =  0.1713 | max_idx =  1
**pseudo_label ->  [0.1219, 0.1584, 0.1364, 0.136, 0.1593, 0.1301, 0.1578] **
max =  0.1593 | max_idx =  4
**pseudo_label ->  [0.1262, 0.1649, 0.1381, 0.134, 0.1531, 0.1266, 0.1571] **
max =  0.1649 | max_idx =  1
**pseudo_label ->  [0.1236, 0.1671, 0.1454, 0.1291, 0.1576, 0.1312, 0.146] **
max =  0.1671 | max_idx =  1
Epoch 41/50, Train Loss: 1.9672, Valid Loss: 1.9680, Train Acc: 0.1429, Val Acc: 0.0065, Test Acc: 0.2787, Test F1: 0.0623, Total Pseudo-Labels: 0, Correct Pseudo-Labels: 0, Train Data Number: 70



line 303 => train data수 70
line 258 => 인스턴스 수 10
Step 410  Tim 0:42:06
acc_train_cw(현재 train의 class별 acc) [0.0, 0.0, 0.0, 0.0, 1.0, 0.0, 0.0]
cw_psl_total_eval(pseudo label 클래스별 총 샘플 수):  [0, 0, 0, 0, 0, 0, 0]
cw_psl_correct_eval(pseudo label 클래스별 맞은 샘플 수):  [0, 0, 0, 0, 0, 0, 0]
psl_acc(PSL 평가에서의 정확도): None 
cw_psl_acc(클래스별 PSL 평가에서의 정확도):  [nan, nan, nan, nan, nan, nan, nan]
**pseudo_label ->  [0.1406, 0.1454, 0.1481, 0.1329, 0.1679, 0.1219, 0.1433] **
max =  0.1679 | max_idx =  4
**pseudo_label ->  [0.1338, 0.1337, 0.1603, 0.1272, 0.1826, 0.129, 0.1333] **
max =  0.1826 | max_idx =  4
**pseudo_label ->  [0.1347, 0.1471, 0.1568, 0.1146, 0.1813, 0.129, 0.1364] **
max =  0.1813 | max_idx =  4
**pseudo_label ->  [0.1446, 0.1361, 0.15, 0.131, 0.1679, 0.1225, 0.1479] **
max =  0.1679 | max_idx =  4
**pseudo_label ->  [0.1422, 0.1432, 0.1541, 0.1217, 0.1736, 0.1204, 0.1448] **
max =  0.1736 | max_idx =  4
Epoch 42/50, Train Loss: 1.9847, Valid Loss: 1.9770, Train Acc: 0.1429, Val Acc: 0.1433, Test Acc: 0.0430, Test F1: 0.0118, Total Pseudo-Labels: 0, Correct Pseudo-Labels: 0, Train Data Number: 70



line 303 => train data수 70
line 258 => 인스턴스 수 10
Step 420  Tim 0:43:06
acc_train_cw(현재 train의 class별 acc) [0.0, 0.0, 0.0, 0.0, 0.0, 0.0, 1.0]
cw_psl_total_eval(pseudo label 클래스별 총 샘플 수):  [0, 0, 0, 0, 0, 0, 0]
cw_psl_correct_eval(pseudo label 클래스별 맞은 샘플 수):  [0, 0, 0, 0, 0, 0, 0]
psl_acc(PSL 평가에서의 정확도): None 
cw_psl_acc(클래스별 PSL 평가에서의 정확도):  [nan, nan, nan, nan, nan, nan, nan]
**pseudo_label ->  [0.0953, 0.1355, 0.194, 0.087, 0.1584, 0.1319, 0.1979] **
max =  0.1979 | max_idx =  6
**pseudo_label ->  [0.1317, 0.1124, 0.1674, 0.1229, 0.153, 0.1426, 0.17] **
max =  0.17 | max_idx =  6
**pseudo_label ->  [0.1277, 0.1343, 0.1584, 0.1214, 0.1491, 0.1305, 0.1787] **
max =  0.1787 | max_idx =  6
**pseudo_label ->  [0.13, 0.1155, 0.1606, 0.1235, 0.155, 0.1529, 0.1625] **
max =  0.1625 | max_idx =  6
**pseudo_label ->  [0.1269, 0.1258, 0.1596, 0.1146, 0.1558, 0.1369, 0.1803] **
max =  0.1803 | max_idx =  6
Epoch 43/50, Train Loss: 2.0047, Valid Loss: 1.9272, Train Acc: 0.1429, Val Acc: 0.1173, Test Acc: 0.0184, Test F1: 0.0052, Total Pseudo-Labels: 0, Correct Pseudo-Labels: 0, Train Data Number: 70



line 303 => train data수 70
line 258 => 인스턴스 수 10
Step 430  Tim 0:44:06
acc_train_cw(현재 train의 class별 acc) [0.0, 0.0, 0.0, 1.0, 0.0, 0.0, 0.0]
cw_psl_total_eval(pseudo label 클래스별 총 샘플 수):  [0, 0, 0, 0, 0, 0, 0]
cw_psl_correct_eval(pseudo label 클래스별 맞은 샘플 수):  [0, 0, 0, 0, 0, 0, 0]
psl_acc(PSL 평가에서의 정확도): None 
cw_psl_acc(클래스별 PSL 평가에서의 정확도):  [nan, nan, nan, nan, nan, nan, nan]
**pseudo_label ->  [0.1352, 0.1476, 0.1323, 0.1638, 0.1169, 0.1455, 0.1586] **
max =  0.1638 | max_idx =  3
**pseudo_label ->  [0.1437, 0.1511, 0.1382, 0.1728, 0.1061, 0.1405, 0.1476] **
max =  0.1728 | max_idx =  3
**pseudo_label ->  [0.1357, 0.1487, 0.1428, 0.1669, 0.116, 0.1403, 0.1496] **
max =  0.1669 | max_idx =  3
**pseudo_label ->  [0.1416, 0.1535, 0.132, 0.1665, 0.1123, 0.1442, 0.1499] **
max =  0.1665 | max_idx =  3
**pseudo_label ->  [0.1391, 0.1532, 0.1384, 0.1632, 0.1109, 0.1449, 0.1503] **
max =  0.1632 | max_idx =  3
Epoch 44/50, Train Loss: 1.9818, Valid Loss: 1.9063, Train Acc: 0.1429, Val Acc: 0.3876, Test Acc: 0.1619, Test F1: 0.0398, Total Pseudo-Labels: 0, Correct Pseudo-Labels: 0, Train Data Number: 70



line 303 => train data수 70
line 258 => 인스턴스 수 10
Step 440  Tim 0:45:07
acc_train_cw(현재 train의 class별 acc) [0.0, 0.0, 0.0, 1.0, 0.0, 0.0, 0.0]
cw_psl_total_eval(pseudo label 클래스별 총 샘플 수):  [0, 0, 0, 0, 0, 0, 0]
cw_psl_correct_eval(pseudo label 클래스별 맞은 샘플 수):  [0, 0, 0, 0, 0, 0, 0]
psl_acc(PSL 평가에서의 정확도): None 
cw_psl_acc(클래스별 PSL 평가에서의 정확도):  [nan, nan, nan, nan, nan, nan, nan]
**pseudo_label ->  [0.1274, 0.1654, 0.1209, 0.1749, 0.1382, 0.113, 0.1602] **
max =  0.1749 | max_idx =  3
**pseudo_label ->  [0.1254, 0.1666, 0.1246, 0.1738, 0.1425, 0.1132, 0.154] **
max =  0.1738 | max_idx =  3
**pseudo_label ->  [0.0776, 0.2102, 0.101, 0.2164, 0.1467, 0.0945, 0.1537] **
max =  0.2164 | max_idx =  3
**pseudo_label ->  [0.1258, 0.16, 0.1217, 0.176, 0.1454, 0.1145, 0.1566] **
max =  0.176 | max_idx =  3
**pseudo_label ->  [0.1237, 0.169, 0.1239, 0.1725, 0.1398, 0.1234, 0.1477] **
max =  0.1725 | max_idx =  3
Epoch 45/50, Train Loss: 1.9623, Valid Loss: 1.9328, Train Acc: 0.1429, Val Acc: 0.3876, Test Acc: 0.1619, Test F1: 0.0398, Total Pseudo-Labels: 0, Correct Pseudo-Labels: 0, Train Data Number: 70



line 303 => train data수 70
line 258 => 인스턴스 수 10
Step 450  Tim 0:46:07
acc_train_cw(현재 train의 class별 acc) [0.0, 0.0, 0.0, 0.0, 0.0, 0.0, 1.0]
cw_psl_total_eval(pseudo label 클래스별 총 샘플 수):  [0, 0, 0, 0, 0, 0, 0]
cw_psl_correct_eval(pseudo label 클래스별 맞은 샘플 수):  [0, 0, 0, 0, 0, 0, 0]
psl_acc(PSL 평가에서의 정확도): None 
cw_psl_acc(클래스별 PSL 평가에서의 정확도):  [nan, nan, nan, nan, nan, nan, nan]
**pseudo_label ->  [0.1339, 0.1448, 0.1232, 0.1787, 0.1699, 0.0886, 0.161] **
max =  0.1787 | max_idx =  3
**pseudo_label ->  [0.1424, 0.1458, 0.1383, 0.1518, 0.1433, 0.1274, 0.151] **
max =  0.1518 | max_idx =  3
**pseudo_label ->  [0.1469, 0.1435, 0.141, 0.1392, 0.1519, 0.1178, 0.1597] **
max =  0.1597 | max_idx =  6
**pseudo_label ->  [0.1321, 0.178, 0.1421, 0.1291, 0.151, 0.1202, 0.1476] **
max =  0.178 | max_idx =  1
**pseudo_label ->  [0.134, 0.1958, 0.1136, 0.1333, 0.1532, 0.1061, 0.1641] **
max =  0.1958 | max_idx =  1
Epoch 46/50, Train Loss: 1.9615, Valid Loss: 1.9355, Train Acc: 0.1429, Val Acc: 0.1173, Test Acc: 0.0184, Test F1: 0.0052, Total Pseudo-Labels: 0, Correct Pseudo-Labels: 0, Train Data Number: 70



line 303 => train data수 70
line 258 => 인스턴스 수 10
Step 460  Tim 0:47:07
acc_train_cw(현재 train의 class별 acc) [0.0, 0.0, 0.0, 0.0, 1.0, 0.0, 0.0]
cw_psl_total_eval(pseudo label 클래스별 총 샘플 수):  [0, 0, 0, 0, 0, 0, 0]
cw_psl_correct_eval(pseudo label 클래스별 맞은 샘플 수):  [0, 0, 0, 0, 0, 0, 0]
psl_acc(PSL 평가에서의 정확도): None 
cw_psl_acc(클래스별 PSL 평가에서의 정확도):  [nan, nan, nan, nan, nan, nan, nan]
**pseudo_label ->  [0.1469, 0.1343, 0.1032, 0.1424, 0.2123, 0.1161, 0.1448] **
max =  0.2123 | max_idx =  4
**pseudo_label ->  [0.1341, 0.1384, 0.1363, 0.1452, 0.1739, 0.1297, 0.1424] **
max =  0.1739 | max_idx =  4
**pseudo_label ->  [0.1377, 0.1289, 0.1363, 0.1437, 0.1759, 0.1311, 0.1464] **
max =  0.1759 | max_idx =  4
**pseudo_label ->  [0.139, 0.1431, 0.1355, 0.1407, 0.1814, 0.1257, 0.1345] **
max =  0.1814 | max_idx =  4
**pseudo_label ->  [0.104, 0.137, 0.1188, 0.1213, 0.2553, 0.1051, 0.1584] **
max =  0.2553 | max_idx =  4
Epoch 47/50, Train Loss: 1.9693, Valid Loss: 1.9850, Train Acc: 0.1429, Val Acc: 0.1433, Test Acc: 0.0430, Test F1: 0.0118, Total Pseudo-Labels: 0, Correct Pseudo-Labels: 0, Train Data Number: 70



line 303 => train data수 70
line 258 => 인스턴스 수 10
Step 470  Tim 0:48:08
acc_train_cw(현재 train의 class별 acc) [1.0, 0.0, 0.0, 0.0, 0.0, 0.0, 0.0]
cw_psl_total_eval(pseudo label 클래스별 총 샘플 수):  [0, 0, 0, 0, 0, 0, 0]
cw_psl_correct_eval(pseudo label 클래스별 맞은 샘플 수):  [0, 0, 0, 0, 0, 0, 0]
psl_acc(PSL 평가에서의 정확도): None 
cw_psl_acc(클래스별 PSL 평가에서의 정확도):  [nan, nan, nan, nan, nan, nan, nan]
**pseudo_label ->  [0.1488, 0.1541, 0.1222, 0.1312, 0.1497, 0.1369, 0.1572] **
max =  0.1572 | max_idx =  6
**pseudo_label ->  [0.1479, 0.1365, 0.1313, 0.1419, 0.1541, 0.138, 0.1503] **
max =  0.1541 | max_idx =  4
**pseudo_label ->  [0.1595, 0.1438, 0.1205, 0.1387, 0.1572, 0.1364, 0.1439] **
max =  0.1595 | max_idx =  0
**pseudo_label ->  [0.1622, 0.1529, 0.1297, 0.1323, 0.1477, 0.1278, 0.1475] **
max =  0.1622 | max_idx =  0
**pseudo_label ->  [0.152, 0.1507, 0.1277, 0.1428, 0.147, 0.1304, 0.1494] **
max =  0.152 | max_idx =  0
Epoch 48/50, Train Loss: 1.9783, Valid Loss: 1.9564, Train Acc: 0.1429, Val Acc: 0.0912, Test Acc: 0.0779, Test F1: 0.0206, Total Pseudo-Labels: 0, Correct Pseudo-Labels: 0, Train Data Number: 70



line 303 => train data수 70
line 258 => 인스턴스 수 10
Step 480  Tim 0:49:08
acc_train_cw(현재 train의 class별 acc) [0.0, 1.0, 0.0, 0.0, 0.0, 0.0, 0.0]
cw_psl_total_eval(pseudo label 클래스별 총 샘플 수):  [0, 0, 0, 0, 0, 0, 0]
cw_psl_correct_eval(pseudo label 클래스별 맞은 샘플 수):  [0, 0, 0, 0, 0, 0, 0]
psl_acc(PSL 평가에서의 정확도): None 
cw_psl_acc(클래스별 PSL 평가에서의 정확도):  [nan, nan, nan, nan, nan, nan, nan]
**pseudo_label ->  [0.1463, 0.1625, 0.1359, 0.1496, 0.1567, 0.1331, 0.1158] **
max =  0.1625 | max_idx =  1
**pseudo_label ->  [0.1423, 0.1691, 0.1298, 0.1476, 0.1553, 0.1327, 0.1232] **
max =  0.1691 | max_idx =  1
**pseudo_label ->  [0.1433, 0.1624, 0.1372, 0.1445, 0.1613, 0.1325, 0.1188] **
max =  0.1624 | max_idx =  1
**pseudo_label ->  [0.1436, 0.1612, 0.1353, 0.1524, 0.1581, 0.1286, 0.1208] **
max =  0.1612 | max_idx =  1
**pseudo_label ->  [0.147, 0.1723, 0.1361, 0.1499, 0.1491, 0.129, 0.1167] **
max =  0.1723 | max_idx =  1
Epoch 49/50, Train Loss: 1.9681, Valid Loss: 1.9428, Train Acc: 0.1429, Val Acc: 0.0065, Test Acc: 0.2787, Test F1: 0.0623, Total Pseudo-Labels: 0, Correct Pseudo-Labels: 0, Train Data Number: 70



line 303 => train data수 70
line 258 => 인스턴스 수 10
Step 490  Tim 0:50:09
acc_train_cw(현재 train의 class별 acc) [0.0, 0.0, 0.0, 0.0, 0.0, 0.0, 1.0]
cw_psl_total_eval(pseudo label 클래스별 총 샘플 수):  [0, 0, 0, 0, 0, 0, 0]
cw_psl_correct_eval(pseudo label 클래스별 맞은 샘플 수):  [0, 0, 0, 0, 0, 0, 0]
psl_acc(PSL 평가에서의 정확도): None 
cw_psl_acc(클래스별 PSL 평가에서의 정확도):  [nan, nan, nan, nan, nan, nan, nan]
**pseudo_label ->  [0.1432, 0.1405, 0.1292, 0.1517, 0.146, 0.1372, 0.1522] **
max =  0.1522 | max_idx =  6
**pseudo_label ->  [0.13, 0.1341, 0.1332, 0.1423, 0.1539, 0.1497, 0.1568] **
max =  0.1568 | max_idx =  6
**pseudo_label ->  [0.1371, 0.1409, 0.1267, 0.148, 0.1541, 0.1298, 0.1635] **
max =  0.1635 | max_idx =  6
**pseudo_label ->  [0.1335, 0.1368, 0.1275, 0.1506, 0.1495, 0.1353, 0.1668] **
max =  0.1668 | max_idx =  6
**pseudo_label ->  [0.141, 0.1403, 0.13, 0.1481, 0.154, 0.1337, 0.1529] **
max =  0.154 | max_idx =  4
Epoch 50/50, Train Loss: 1.9832, Valid Loss: 1.9752, Train Acc: 0.1429, Val Acc: 0.1173, Test Acc: 0.0184, Test F1: 0.0052, Total Pseudo-Labels: 0, Correct Pseudo-Labels: 0, Train Data Number: 70

Training complete!
Total training took 0:51:00 (h:mm:ss)
Load model from ./experiment/python_extended_data/output/10_graphcodebert-base_0.0003_0.7_python_extended_data_net0.pth
Save training statistics in:  ./experiment/python_extended_data/log/graphcodebert/class6//10_graphcodebert-base_0.0003_0.7_python_extended_data/training_statistics.csv

best_trian_loss, epoch => 1.9511685371398926 40
Epoch-1_train_loss => 2.128788185119629
max_epoch_train_loss => 1.9832082629203795 


best_val_loss, epoch =>  1.8687600681758472 8
Epoch-1_val_loss => 1.9312980625450806
max_epoch_val_loss => 1.9752327063961215 

pse_epoch =>  []
추가되는 pse_epoch =>  [] 

total_data:  70 
Best_step:  80 
Best_epoch:  8 
best_val_acc:  0.38762214983713356 
best_test_acc:  0.16188524590163936 
best_test_f1:  0.0398085159989922
Save best record in:  ./experiment/python_extended_data/log/graphcodebert/class6/summary.csv
Save best record in:  ./experiment/python_extended_data/log/summary_avgrun.csv
