current work directory:  /home/imsuhan22/few-shot-tc/custom_ssl/code
Data set -> python_extended_data
save_name: 5_graphcodebert-base_0.0004_0.7_python_extended_data

data_path:  ../data/problem_based_split/python_extended_data

There are 1 GPU(s) available.
We will use the GPU- 0 Quadro RTX 8000

**line 147 모델 =>  microsoft/graphcodebert-base
**tokenizer type =  microsoft/graphcodebert-base 

pesudo label class개수 기준 -> 6
n_labeled_per_class:  5
train_df samples: 3974
train_labeled_df samples: 35
train_unlabeled_df samples: 3939
n_classes:  7 


net_arch:  microsoft/graphcodebert-base 
lr:  0.0004 
lr_linear:  0.001 




line 303 => train data수 35
line 258 => 인스턴스 수 5
Step 0  Tim 0:00:16
acc_train_cw(현재 train의 class별 acc) [1.0, 0.0, 0.0, 0.0, 0.0, 0.0, 0.2]
cw_psl_total_eval(pseudo label 클래스별 총 샘플 수):  [0, 0, 0, 0, 0, 0, 0]
cw_psl_correct_eval(pseudo label 클래스별 맞은 샘플 수):  [0, 0, 0, 0, 0, 0, 0]
psl_acc(PSL 평가에서의 정확도): None 
cw_psl_acc(클래스별 PSL 평가에서의 정확도):  [nan, nan, nan, nan, nan, nan, nan]
***best_acc_model_save --- epoch = 1***
Save model to ./experiment/python_extended_data/output/
**pseudo_label ->  [0.199, 0.1161, 0.1112, 0.1538, 0.1124, 0.1649, 0.1426] **
max =  0.199 | max_idx =  0
**pseudo_label ->  [0.2098, 0.0857, 0.1501, 0.1502, 0.1196, 0.1242, 0.1605] **
max =  0.2098 | max_idx =  0
**pseudo_label ->  [0.2, 0.0847, 0.1358, 0.1457, 0.1451, 0.1354, 0.1533] **
max =  0.2 | max_idx =  0
**pseudo_label ->  [0.1758, 0.0459, 0.173, 0.2041, 0.1481, 0.1094, 0.1438] **
max =  0.2041 | max_idx =  3
**pseudo_label ->  [0.1505, 0.0884, 0.1435, 0.1655, 0.1163, 0.1802, 0.1556] **
max =  0.1802 | max_idx =  5
Epoch 1/50, Train Loss: 2.5415, Valid Loss: 1.9162, Train Acc: 0.1714, Val Acc: 0.0749, Test Acc: 0.0738, Test F1: 0.0249, Total Pseudo-Labels: 0, Correct Pseudo-Labels: 0, Train Data Number: 35



line 303 => train data수 35
line 258 => 인스턴스 수 5
Step 5  Tim 0:02:17
acc_train_cw(현재 train의 class별 acc) [0.0, 0.0, 0.0, 0.0, 1.0, 0.0, 0.0]
cw_psl_total_eval(pseudo label 클래스별 총 샘플 수):  [0, 0, 0, 0, 0, 0, 0]
cw_psl_correct_eval(pseudo label 클래스별 맞은 샘플 수):  [0, 0, 0, 0, 0, 0, 0]
psl_acc(PSL 평가에서의 정확도): None 
cw_psl_acc(클래스별 PSL 평가에서의 정확도):  [nan, nan, nan, nan, nan, nan, nan]
***best_acc_model_save --- epoch = 2***
Save model to ./experiment/python_extended_data/output/
**pseudo_label ->  [0.1284, 0.1684, 0.1161, 0.1707, 0.1763, 0.1068, 0.1333] **
max =  0.1763 | max_idx =  4
**pseudo_label ->  [0.1292, 0.1633, 0.1277, 0.1644, 0.1589, 0.111, 0.1454] **
max =  0.1644 | max_idx =  3
**pseudo_label ->  [0.1322, 0.1597, 0.1196, 0.1687, 0.1779, 0.1011, 0.1408] **
max =  0.1779 | max_idx =  4
**pseudo_label ->  [0.0695, 0.188, 0.089, 0.2543, 0.1775, 0.0733, 0.1483] **
max =  0.2543 | max_idx =  3
**pseudo_label ->  [0.1219, 0.1718, 0.1213, 0.1615, 0.171, 0.1091, 0.1433] **
max =  0.1718 | max_idx =  1
Epoch 2/50, Train Loss: 2.0346, Valid Loss: 1.8290, Train Acc: 0.1429, Val Acc: 0.1433, Test Acc: 0.0430, Test F1: 0.0118, Total Pseudo-Labels: 0, Correct Pseudo-Labels: 0, Train Data Number: 35



line 303 => train data수 35
line 258 => 인스턴스 수 5
Step 10  Tim 0:04:25
acc_train_cw(현재 train의 class별 acc) [0.0, 0.0, 1.0, 0.0, 0.0, 0.0, 0.0]
cw_psl_total_eval(pseudo label 클래스별 총 샘플 수):  [0, 0, 0, 0, 0, 0, 0]
cw_psl_correct_eval(pseudo label 클래스별 맞은 샘플 수):  [0, 0, 0, 0, 0, 0, 0]
psl_acc(PSL 평가에서의 정확도): None 
cw_psl_acc(클래스별 PSL 평가에서의 정확도):  [nan, nan, nan, nan, nan, nan, nan]
***best_acc_model_save --- epoch = 3***
Save model to ./experiment/python_extended_data/output/
**pseudo_label ->  [0.0972, 0.1121, 0.1676, 0.1432, 0.1685, 0.1754, 0.136] **
max =  0.1754 | max_idx =  5
**pseudo_label ->  [0.0928, 0.1193, 0.2013, 0.1352, 0.184, 0.1408, 0.1267] **
max =  0.2013 | max_idx =  2
**pseudo_label ->  [0.1046, 0.1363, 0.1551, 0.0959, 0.1963, 0.1835, 0.1283] **
max =  0.1963 | max_idx =  4
**pseudo_label ->  [0.1021, 0.1136, 0.1835, 0.129, 0.189, 0.1528, 0.1301] **
max =  0.189 | max_idx =  4
**pseudo_label ->  [0.1042, 0.1309, 0.1632, 0.1269, 0.1815, 0.1665, 0.1268] **
max =  0.1815 | max_idx =  4
Epoch 3/50, Train Loss: 2.0412, Valid Loss: 1.8369, Train Acc: 0.1429, Val Acc: 0.2280, Test Acc: 0.1230, Test F1: 0.0313, Total Pseudo-Labels: 0, Correct Pseudo-Labels: 0, Train Data Number: 35



line 303 => train data수 35
line 258 => 인스턴스 수 5
Step 15  Tim 0:06:33
acc_train_cw(현재 train의 class별 acc) [0.0, 0.0, 0.0, 1.0, 0.0, 0.0, 0.0]
cw_psl_total_eval(pseudo label 클래스별 총 샘플 수):  [0, 0, 0, 0, 0, 0, 0]
cw_psl_correct_eval(pseudo label 클래스별 맞은 샘플 수):  [0, 0, 0, 0, 0, 0, 0]
psl_acc(PSL 평가에서의 정확도): None 
cw_psl_acc(클래스별 PSL 평가에서의 정확도):  [nan, nan, nan, nan, nan, nan, nan]
***best_acc_model_save --- epoch = 4***
Save model to ./experiment/python_extended_data/output/
**pseudo_label ->  [0.1095, 0.1796, 0.1439, 0.2455, 0.1112, 0.1051, 0.1052] **
max =  0.2455 | max_idx =  3
**pseudo_label ->  [0.1213, 0.1837, 0.1318, 0.239, 0.1071, 0.1093, 0.1077] **
max =  0.239 | max_idx =  3
**pseudo_label ->  [0.1159, 0.1667, 0.144, 0.255, 0.1138, 0.1004, 0.1041] **
max =  0.255 | max_idx =  3
**pseudo_label ->  [0.1226, 0.193, 0.1409, 0.2309, 0.1083, 0.1004, 0.104] **
max =  0.2309 | max_idx =  3
**pseudo_label ->  [0.1161, 0.189, 0.1326, 0.2306, 0.1172, 0.1141, 0.1003] **
max =  0.2306 | max_idx =  3
Epoch 4/50, Train Loss: 2.1116, Valid Loss: 2.0970, Train Acc: 0.1429, Val Acc: 0.3876, Test Acc: 0.1619, Test F1: 0.0398, Total Pseudo-Labels: 0, Correct Pseudo-Labels: 0, Train Data Number: 35



line 303 => train data수 35
line 258 => 인스턴스 수 5
Step 20  Tim 0:08:41
acc_train_cw(현재 train의 class별 acc) [0.0, 0.0, 0.0, 0.0, 1.0, 0.0, 0.0]
cw_psl_total_eval(pseudo label 클래스별 총 샘플 수):  [0, 0, 0, 0, 0, 0, 0]
cw_psl_correct_eval(pseudo label 클래스별 맞은 샘플 수):  [0, 0, 0, 0, 0, 0, 0]
psl_acc(PSL 평가에서의 정확도): None 
cw_psl_acc(클래스별 PSL 평가에서의 정확도):  [nan, nan, nan, nan, nan, nan, nan]
**pseudo_label ->  [0.1629, 0.1369, 0.1266, 0.0999, 0.1962, 0.1598, 0.1178] **
max =  0.1962 | max_idx =  4
**pseudo_label ->  [0.1633, 0.1469, 0.1332, 0.0938, 0.1908, 0.1543, 0.1178] **
max =  0.1908 | max_idx =  4
**pseudo_label ->  [0.1595, 0.1462, 0.1311, 0.0946, 0.1864, 0.1666, 0.1157] **
max =  0.1864 | max_idx =  4
**pseudo_label ->  [0.1552, 0.1474, 0.1273, 0.0938, 0.1931, 0.1659, 0.1174] **
max =  0.1931 | max_idx =  4
**pseudo_label ->  [0.1531, 0.1454, 0.1233, 0.0954, 0.19, 0.1751, 0.1176] **
max =  0.19 | max_idx =  4
Epoch 5/50, Train Loss: 2.0153, Valid Loss: 2.0550, Train Acc: 0.1429, Val Acc: 0.1433, Test Acc: 0.0430, Test F1: 0.0118, Total Pseudo-Labels: 0, Correct Pseudo-Labels: 0, Train Data Number: 35



line 303 => train data수 35
line 258 => 인스턴스 수 5
Step 25  Tim 0:10:37
acc_train_cw(현재 train의 class별 acc) [0.0, 0.0, 0.0, 0.0, 0.0, 1.0, 0.0]
cw_psl_total_eval(pseudo label 클래스별 총 샘플 수):  [0, 0, 0, 0, 0, 0, 0]
cw_psl_correct_eval(pseudo label 클래스별 맞은 샘플 수):  [0, 0, 0, 0, 0, 0, 0]
psl_acc(PSL 평가에서의 정확도): None 
cw_psl_acc(클래스별 PSL 평가에서의 정확도):  [nan, nan, nan, nan, nan, nan, nan]
**pseudo_label ->  [0.1296, 0.1286, 0.1591, 0.1031, 0.1142, 0.1876, 0.1778] **
max =  0.1876 | max_idx =  5
**pseudo_label ->  [0.1325, 0.1299, 0.1581, 0.1087, 0.1228, 0.1798, 0.1682] **
max =  0.1798 | max_idx =  5
**pseudo_label ->  [0.069, 0.0601, 0.1518, 0.0582, 0.0643, 0.3764, 0.2201] **
max =  0.3764 | max_idx =  5
**pseudo_label ->  [0.1316, 0.1249, 0.1601, 0.1109, 0.1215, 0.1897, 0.1612] **
max =  0.1897 | max_idx =  5
**pseudo_label ->  [0.0861, 0.0686, 0.1821, 0.0644, 0.0734, 0.3374, 0.1879] **
max =  0.3374 | max_idx =  5
Epoch 6/50, Train Loss: 1.9995, Valid Loss: 1.9776, Train Acc: 0.1429, Val Acc: 0.0261, Test Acc: 0.2971, Test F1: 0.0654, Total Pseudo-Labels: 0, Correct Pseudo-Labels: 0, Train Data Number: 35



line 303 => train data수 35
line 258 => 인스턴스 수 5
Step 30  Tim 0:12:33
acc_train_cw(현재 train의 class별 acc) [0.0, 1.0, 0.0, 0.0, 0.0, 0.0, 0.0]
cw_psl_total_eval(pseudo label 클래스별 총 샘플 수):  [0, 0, 0, 0, 0, 0, 0]
cw_psl_correct_eval(pseudo label 클래스별 맞은 샘플 수):  [0, 0, 0, 0, 0, 0, 0]
psl_acc(PSL 평가에서의 정확도): None 
cw_psl_acc(클래스별 PSL 평가에서의 정확도):  [nan, nan, nan, nan, nan, nan, nan]
**pseudo_label ->  [0.1301, 0.1756, 0.1809, 0.1279, 0.1204, 0.1113, 0.1538] **
max =  0.1809 | max_idx =  2
**pseudo_label ->  [0.1358, 0.171, 0.1684, 0.1233, 0.1232, 0.1131, 0.1651] **
max =  0.171 | max_idx =  1
**pseudo_label ->  [0.1218, 0.1781, 0.1745, 0.1174, 0.1281, 0.1107, 0.1695] **
max =  0.1781 | max_idx =  1
**pseudo_label ->  [0.13, 0.1674, 0.1723, 0.1332, 0.1183, 0.1175, 0.1612] **
max =  0.1723 | max_idx =  2
**pseudo_label ->  [0.1304, 0.1688, 0.1728, 0.1117, 0.1324, 0.1158, 0.1681] **
max =  0.1728 | max_idx =  2
Epoch 7/50, Train Loss: 2.0080, Valid Loss: 1.8679, Train Acc: 0.1429, Val Acc: 0.0065, Test Acc: 0.2787, Test F1: 0.0623, Total Pseudo-Labels: 0, Correct Pseudo-Labels: 0, Train Data Number: 35



line 303 => train data수 35
line 258 => 인스턴스 수 5
Step 35  Tim 0:14:30
acc_train_cw(현재 train의 class별 acc) [0.0, 0.0, 0.0, 1.0, 0.0, 0.0, 0.0]
cw_psl_total_eval(pseudo label 클래스별 총 샘플 수):  [0, 0, 0, 0, 0, 0, 0]
cw_psl_correct_eval(pseudo label 클래스별 맞은 샘플 수):  [0, 0, 0, 0, 0, 0, 0]
psl_acc(PSL 평가에서의 정확도): None 
cw_psl_acc(클래스별 PSL 평가에서의 정확도):  [nan, nan, nan, nan, nan, nan, nan]
**pseudo_label ->  [0.143, 0.1426, 0.1254, 0.1976, 0.1293, 0.0966, 0.1655] **
max =  0.1976 | max_idx =  3
**pseudo_label ->  [0.132, 0.1582, 0.1291, 0.1906, 0.1243, 0.1001, 0.1658] **
max =  0.1906 | max_idx =  3
**pseudo_label ->  [0.1275, 0.1526, 0.1351, 0.1833, 0.131, 0.1078, 0.1628] **
max =  0.1833 | max_idx =  3
**pseudo_label ->  [0.1439, 0.1528, 0.1299, 0.184, 0.126, 0.1048, 0.1586] **
max =  0.184 | max_idx =  3
**pseudo_label ->  [0.148, 0.1484, 0.128, 0.1879, 0.1204, 0.1017, 0.1656] **
max =  0.1879 | max_idx =  3
Epoch 8/50, Train Loss: 1.9674, Valid Loss: 2.0027, Train Acc: 0.1429, Val Acc: 0.3876, Test Acc: 0.1619, Test F1: 0.0398, Total Pseudo-Labels: 0, Correct Pseudo-Labels: 0, Train Data Number: 35



line 303 => train data수 35
line 258 => 인스턴스 수 5
Step 40  Tim 0:16:27
acc_train_cw(현재 train의 class별 acc) [0.0, 1.0, 0.0, 0.0, 0.0, 0.0, 0.0]
cw_psl_total_eval(pseudo label 클래스별 총 샘플 수):  [0, 0, 0, 0, 0, 0, 0]
cw_psl_correct_eval(pseudo label 클래스별 맞은 샘플 수):  [0, 0, 0, 0, 0, 0, 0]
psl_acc(PSL 평가에서의 정확도): None 
cw_psl_acc(클래스별 PSL 평가에서의 정확도):  [nan, nan, nan, nan, nan, nan, nan]
**pseudo_label ->  [0.1528, 0.1656, 0.0988, 0.1335, 0.1495, 0.1239, 0.1758] **
max =  0.1758 | max_idx =  6
**pseudo_label ->  [0.1534, 0.166, 0.1103, 0.1364, 0.1551, 0.1221, 0.1568] **
max =  0.166 | max_idx =  1
**pseudo_label ->  [0.1521, 0.1646, 0.1051, 0.1308, 0.1591, 0.1178, 0.1705] **
max =  0.1705 | max_idx =  6
**pseudo_label ->  [0.1529, 0.1759, 0.11, 0.1297, 0.1506, 0.1113, 0.1696] **
max =  0.1759 | max_idx =  1
**pseudo_label ->  [0.114, 0.1755, 0.0639, 0.1458, 0.1564, 0.1046, 0.2399] **
max =  0.2399 | max_idx =  6
Epoch 9/50, Train Loss: 2.0060, Valid Loss: 2.0035, Train Acc: 0.1429, Val Acc: 0.0065, Test Acc: 0.2787, Test F1: 0.0623, Total Pseudo-Labels: 0, Correct Pseudo-Labels: 0, Train Data Number: 35



line 303 => train data수 35
line 258 => 인스턴스 수 5
Step 45  Tim 0:18:24
acc_train_cw(현재 train의 class별 acc) [0.0, 0.0, 0.0, 0.0, 1.0, 0.0, 0.0]
cw_psl_total_eval(pseudo label 클래스별 총 샘플 수):  [0, 0, 0, 0, 0, 0, 0]
cw_psl_correct_eval(pseudo label 클래스별 맞은 샘플 수):  [0, 0, 0, 0, 0, 0, 0]
psl_acc(PSL 평가에서의 정확도): None 
cw_psl_acc(클래스별 PSL 평가에서의 정확도):  [nan, nan, nan, nan, nan, nan, nan]
**pseudo_label ->  [0.1513, 0.162, 0.1147, 0.1313, 0.174, 0.1282, 0.1385] **
max =  0.174 | max_idx =  4
**pseudo_label ->  [0.1516, 0.1612, 0.1136, 0.1345, 0.1672, 0.1308, 0.1411] **
max =  0.1672 | max_idx =  4
**pseudo_label ->  [0.1602, 0.1602, 0.1088, 0.1324, 0.1654, 0.1306, 0.1424] **
max =  0.1654 | max_idx =  4
**pseudo_label ->  [0.1514, 0.1619, 0.1078, 0.1258, 0.1816, 0.1264, 0.1451] **
max =  0.1816 | max_idx =  4
**pseudo_label ->  [0.1438, 0.1659, 0.1166, 0.1289, 0.1755, 0.1266, 0.1427] **
max =  0.1755 | max_idx =  4
Epoch 10/50, Train Loss: 1.9655, Valid Loss: 1.9998, Train Acc: 0.1429, Val Acc: 0.1433, Test Acc: 0.0430, Test F1: 0.0118, Total Pseudo-Labels: 0, Correct Pseudo-Labels: 0, Train Data Number: 35



line 303 => train data수 35
line 258 => 인스턴스 수 5
Step 50  Tim 0:20:21
acc_train_cw(현재 train의 class별 acc) [0.0, 0.0, 0.0, 0.0, 0.0, 1.0, 0.0]
cw_psl_total_eval(pseudo label 클래스별 총 샘플 수):  [0, 0, 0, 0, 0, 0, 0]
cw_psl_correct_eval(pseudo label 클래스별 맞은 샘플 수):  [0, 0, 0, 0, 0, 0, 0]
psl_acc(PSL 평가에서의 정확도): None 
cw_psl_acc(클래스별 PSL 평가에서의 정확도):  [nan, nan, nan, nan, nan, nan, nan]
**pseudo_label ->  [0.1522, 0.1224, 0.133, 0.1302, 0.1519, 0.1915, 0.1188] **
max =  0.1915 | max_idx =  5
**pseudo_label ->  [0.1609, 0.1195, 0.1263, 0.1274, 0.1494, 0.1982, 0.1184] **
max =  0.1982 | max_idx =  5
**pseudo_label ->  [0.156, 0.1211, 0.1394, 0.1364, 0.1442, 0.1856, 0.1173] **
max =  0.1856 | max_idx =  5
**pseudo_label ->  [0.1577, 0.1287, 0.134, 0.1251, 0.1421, 0.1849, 0.1274] **
max =  0.1849 | max_idx =  5
**pseudo_label ->  [0.1467, 0.1278, 0.1374, 0.1362, 0.1372, 0.1903, 0.1243] **
max =  0.1903 | max_idx =  5
Epoch 11/50, Train Loss: 1.9878, Valid Loss: 1.9869, Train Acc: 0.1429, Val Acc: 0.0261, Test Acc: 0.2971, Test F1: 0.0654, Total Pseudo-Labels: 0, Correct Pseudo-Labels: 0, Train Data Number: 35



line 303 => train data수 35
line 258 => 인스턴스 수 5
Step 55  Tim 0:22:18
acc_train_cw(현재 train의 class별 acc) [0.0, 0.0, 0.0, 0.0, 0.0, 1.0, 0.0]
cw_psl_total_eval(pseudo label 클래스별 총 샘플 수):  [0, 0, 0, 0, 0, 0, 0]
cw_psl_correct_eval(pseudo label 클래스별 맞은 샘플 수):  [0, 0, 0, 0, 0, 0, 0]
psl_acc(PSL 평가에서의 정확도): None 
cw_psl_acc(클래스별 PSL 평가에서의 정확도):  [nan, nan, nan, nan, nan, nan, nan]
**pseudo_label ->  [0.1446, 0.1231, 0.16, 0.1342, 0.1218, 0.1791, 0.1372] **
max =  0.1791 | max_idx =  5
**pseudo_label ->  [0.13, 0.1192, 0.1598, 0.1373, 0.1271, 0.1875, 0.1392] **
max =  0.1875 | max_idx =  5
**pseudo_label ->  [0.1509, 0.1262, 0.1487, 0.1268, 0.1221, 0.1898, 0.1355] **
max =  0.1898 | max_idx =  5
**pseudo_label ->  [0.1415, 0.1287, 0.1445, 0.1367, 0.1259, 0.1787, 0.144] **
max =  0.1787 | max_idx =  5
**pseudo_label ->  [0.1434, 0.1231, 0.1506, 0.1284, 0.1259, 0.1859, 0.1426] **
max =  0.1859 | max_idx =  5
Epoch 12/50, Train Loss: 2.0147, Valid Loss: 1.9043, Train Acc: 0.1429, Val Acc: 0.0261, Test Acc: 0.2971, Test F1: 0.0654, Total Pseudo-Labels: 0, Correct Pseudo-Labels: 0, Train Data Number: 35



line 303 => train data수 35
line 258 => 인스턴스 수 5
Step 60  Tim 0:24:14
acc_train_cw(현재 train의 class별 acc) [0.0, 0.0, 0.0, 0.0, 0.0, 0.0, 1.0]
cw_psl_total_eval(pseudo label 클래스별 총 샘플 수):  [0, 0, 0, 0, 0, 0, 0]
cw_psl_correct_eval(pseudo label 클래스별 맞은 샘플 수):  [0, 0, 0, 0, 0, 0, 0]
psl_acc(PSL 평가에서의 정확도): None 
cw_psl_acc(클래스별 PSL 평가에서의 정확도):  [nan, nan, nan, nan, nan, nan, nan]
**pseudo_label ->  [0.1299, 0.1096, 0.1451, 0.159, 0.1387, 0.158, 0.1597] **
max =  0.1597 | max_idx =  6
**pseudo_label ->  [0.1389, 0.1127, 0.1447, 0.166, 0.1353, 0.1487, 0.1538] **
max =  0.166 | max_idx =  3
**pseudo_label ->  [0.1488, 0.1172, 0.1441, 0.147, 0.1295, 0.1574, 0.156] **
max =  0.1574 | max_idx =  5
**pseudo_label ->  [0.1308, 0.1095, 0.1491, 0.1526, 0.1351, 0.1563, 0.1665] **
max =  0.1665 | max_idx =  6
**pseudo_label ->  [0.1343, 0.108, 0.146, 0.1591, 0.134, 0.159, 0.1597] **
max =  0.1597 | max_idx =  6
Epoch 13/50, Train Loss: 1.9608, Valid Loss: 1.8256, Train Acc: 0.1429, Val Acc: 0.1173, Test Acc: 0.0184, Test F1: 0.0052, Total Pseudo-Labels: 0, Correct Pseudo-Labels: 0, Train Data Number: 35



line 303 => train data수 35
line 258 => 인스턴스 수 5
Step 65  Tim 0:26:11
acc_train_cw(현재 train의 class별 acc) [0.0, 0.0, 1.0, 0.0, 0.0, 0.0, 0.0]
cw_psl_total_eval(pseudo label 클래스별 총 샘플 수):  [0, 0, 0, 0, 0, 0, 0]
cw_psl_correct_eval(pseudo label 클래스별 맞은 샘플 수):  [0, 0, 0, 0, 0, 0, 0]
psl_acc(PSL 평가에서의 정확도): None 
cw_psl_acc(클래스별 PSL 평가에서의 정확도):  [nan, nan, nan, nan, nan, nan, nan]
**pseudo_label ->  [0.1239, 0.1252, 0.1798, 0.167, 0.1585, 0.1144, 0.1313] **
max =  0.1798 | max_idx =  2
**pseudo_label ->  [0.1348, 0.1216, 0.1761, 0.1742, 0.1474, 0.1117, 0.1342] **
max =  0.1761 | max_idx =  2
**pseudo_label ->  [0.1312, 0.1274, 0.1874, 0.166, 0.1436, 0.1144, 0.13] **
max =  0.1874 | max_idx =  2
**pseudo_label ->  [0.1331, 0.1263, 0.1807, 0.1732, 0.1371, 0.119, 0.1304] **
max =  0.1807 | max_idx =  2
**pseudo_label ->  [0.1367, 0.127, 0.1898, 0.1693, 0.1427, 0.1112, 0.1233] **
max =  0.1898 | max_idx =  2
Epoch 14/50, Train Loss: 2.0291, Valid Loss: 1.8915, Train Acc: 0.1429, Val Acc: 0.2280, Test Acc: 0.1230, Test F1: 0.0313, Total Pseudo-Labels: 0, Correct Pseudo-Labels: 0, Train Data Number: 35



line 303 => train data수 35
line 258 => 인스턴스 수 5
Step 70  Tim 0:28:08
acc_train_cw(현재 train의 class별 acc) [0.0, 0.0, 1.0, 0.0, 0.0, 0.0, 0.0]
cw_psl_total_eval(pseudo label 클래스별 총 샘플 수):  [0, 0, 0, 0, 0, 0, 0]
cw_psl_correct_eval(pseudo label 클래스별 맞은 샘플 수):  [0, 0, 0, 0, 0, 0, 0]
psl_acc(PSL 평가에서의 정확도): None 
cw_psl_acc(클래스별 PSL 평가에서의 정확도):  [nan, nan, nan, nan, nan, nan, nan]
**pseudo_label ->  [0.1726, 0.1353, 0.1724, 0.1483, 0.1499, 0.0989, 0.1227] **
max =  0.1726 | max_idx =  0
**pseudo_label ->  [0.1649, 0.1421, 0.1732, 0.1453, 0.1429, 0.104, 0.1276] **
max =  0.1732 | max_idx =  2
**pseudo_label ->  [0.1596, 0.1351, 0.1673, 0.1529, 0.1652, 0.1061, 0.1139] **
max =  0.1673 | max_idx =  2
**pseudo_label ->  [0.1663, 0.1452, 0.1749, 0.1389, 0.154, 0.0991, 0.1216] **
max =  0.1749 | max_idx =  2
**pseudo_label ->  [0.1575, 0.1474, 0.1746, 0.149, 0.1525, 0.0986, 0.1205] **
max =  0.1746 | max_idx =  2
Epoch 15/50, Train Loss: 1.9677, Valid Loss: 1.9764, Train Acc: 0.1429, Val Acc: 0.2280, Test Acc: 0.1230, Test F1: 0.0313, Total Pseudo-Labels: 0, Correct Pseudo-Labels: 0, Train Data Number: 35



line 303 => train data수 35
line 258 => 인스턴스 수 5
Step 75  Tim 0:30:05
acc_train_cw(현재 train의 class별 acc) [1.0, 0.0, 0.0, 0.0, 0.0, 0.0, 0.0]
cw_psl_total_eval(pseudo label 클래스별 총 샘플 수):  [0, 0, 0, 0, 0, 0, 0]
cw_psl_correct_eval(pseudo label 클래스별 맞은 샘플 수):  [0, 0, 0, 0, 0, 0, 0]
psl_acc(PSL 평가에서의 정확도): None 
cw_psl_acc(클래스별 PSL 평가에서의 정확도):  [nan, nan, nan, nan, nan, nan, nan]
**pseudo_label ->  [0.1824, 0.1774, 0.1079, 0.1468, 0.1668, 0.1129, 0.1058] **
max =  0.1824 | max_idx =  0
**pseudo_label ->  [0.1928, 0.1708, 0.1016, 0.1499, 0.1679, 0.1112, 0.1057] **
max =  0.1928 | max_idx =  0
**pseudo_label ->  [0.1783, 0.1708, 0.1074, 0.1487, 0.1712, 0.1111, 0.1124] **
max =  0.1783 | max_idx =  0
**pseudo_label ->  [0.1829, 0.1594, 0.1121, 0.1472, 0.1788, 0.1191, 0.1005] **
max =  0.1829 | max_idx =  0
**pseudo_label ->  [0.176, 0.164, 0.1136, 0.1525, 0.1747, 0.1134, 0.1059] **
max =  0.176 | max_idx =  0
Epoch 16/50, Train Loss: 1.9957, Valid Loss: 2.0953, Train Acc: 0.1429, Val Acc: 0.0912, Test Acc: 0.0779, Test F1: 0.0206, Total Pseudo-Labels: 0, Correct Pseudo-Labels: 0, Train Data Number: 35



line 303 => train data수 35
line 258 => 인스턴스 수 5
Step 80  Tim 0:32:02
acc_train_cw(현재 train의 class별 acc) [0.0, 1.0, 0.0, 0.0, 0.0, 0.0, 0.0]
cw_psl_total_eval(pseudo label 클래스별 총 샘플 수):  [0, 0, 0, 0, 0, 0, 0]
cw_psl_correct_eval(pseudo label 클래스별 맞은 샘플 수):  [0, 0, 0, 0, 0, 0, 0]
psl_acc(PSL 평가에서의 정확도): None 
cw_psl_acc(클래스별 PSL 평가에서의 정확도):  [nan, nan, nan, nan, nan, nan, nan]
**pseudo_label ->  [0.1558, 0.176, 0.105, 0.1276, 0.1644, 0.1627, 0.1086] **
max =  0.176 | max_idx =  1
**pseudo_label ->  [0.164, 0.1759, 0.1016, 0.1174, 0.169, 0.1645, 0.1076] **
max =  0.1759 | max_idx =  1
**pseudo_label ->  [0.1553, 0.1807, 0.1008, 0.1299, 0.1608, 0.1693, 0.1033] **
max =  0.1807 | max_idx =  1
**pseudo_label ->  [0.158, 0.175, 0.1057, 0.1173, 0.1661, 0.1705, 0.1073] **
max =  0.175 | max_idx =  1
**pseudo_label ->  [0.1565, 0.1758, 0.1065, 0.1254, 0.164, 0.1656, 0.1062] **
max =  0.1758 | max_idx =  1
Epoch 17/50, Train Loss: 1.9832, Valid Loss: 2.1152, Train Acc: 0.1429, Val Acc: 0.0065, Test Acc: 0.2787, Test F1: 0.0623, Total Pseudo-Labels: 0, Correct Pseudo-Labels: 0, Train Data Number: 35



line 303 => train data수 35
line 258 => 인스턴스 수 5
Step 85  Tim 0:33:59
acc_train_cw(현재 train의 class별 acc) [1.0, 0.0, 0.0, 0.0, 0.0, 0.0, 0.0]
cw_psl_total_eval(pseudo label 클래스별 총 샘플 수):  [0, 0, 0, 0, 0, 0, 0]
cw_psl_correct_eval(pseudo label 클래스별 맞은 샘플 수):  [0, 0, 0, 0, 0, 0, 0]
psl_acc(PSL 평가에서의 정확도): None 
cw_psl_acc(클래스별 PSL 평가에서의 정확도):  [nan, nan, nan, nan, nan, nan, nan]
**pseudo_label ->  [0.2009, 0.1906, 0.0503, 0.0833, 0.0813, 0.2879, 0.1057] **
max =  0.2879 | max_idx =  5
**pseudo_label ->  [0.1873, 0.1602, 0.1059, 0.1173, 0.1215, 0.1726, 0.1352] **
max =  0.1873 | max_idx =  0
**pseudo_label ->  [0.1973, 0.1507, 0.1054, 0.1177, 0.1246, 0.1689, 0.1355] **
max =  0.1973 | max_idx =  0
**pseudo_label ->  [0.1925, 0.1569, 0.1119, 0.1125, 0.1172, 0.1718, 0.1372] **
max =  0.1925 | max_idx =  0
**pseudo_label ->  [0.1847, 0.1648, 0.1104, 0.1144, 0.1179, 0.1698, 0.138] **
max =  0.1847 | max_idx =  0
Epoch 18/50, Train Loss: 1.9678, Valid Loss: 2.0442, Train Acc: 0.1429, Val Acc: 0.0912, Test Acc: 0.0779, Test F1: 0.0206, Total Pseudo-Labels: 0, Correct Pseudo-Labels: 0, Train Data Number: 35



line 303 => train data수 35
line 258 => 인스턴스 수 5
Step 90  Tim 0:35:56
acc_train_cw(현재 train의 class별 acc) [0.0, 0.0, 0.0, 0.0, 0.0, 1.0, 0.0]
cw_psl_total_eval(pseudo label 클래스별 총 샘플 수):  [0, 0, 0, 0, 0, 0, 0]
cw_psl_correct_eval(pseudo label 클래스별 맞은 샘플 수):  [0, 0, 0, 0, 0, 0, 0]
psl_acc(PSL 평가에서의 정확도): None 
cw_psl_acc(클래스별 PSL 평가에서의 정확도):  [nan, nan, nan, nan, nan, nan, nan]
**pseudo_label ->  [0.1677, 0.1376, 0.1263, 0.1171, 0.1287, 0.1677, 0.1549] **
max =  0.1677 | max_idx =  0
**pseudo_label ->  [0.1645, 0.1231, 0.1235, 0.1206, 0.1291, 0.174, 0.1652] **
max =  0.174 | max_idx =  5
**pseudo_label ->  [0.1802, 0.1288, 0.1184, 0.1207, 0.1225, 0.1692, 0.1602] **
max =  0.1802 | max_idx =  0
**pseudo_label ->  [0.1738, 0.1328, 0.1328, 0.1197, 0.1233, 0.1717, 0.146] **
max =  0.1738 | max_idx =  0
**pseudo_label ->  [0.1649, 0.1329, 0.1215, 0.1171, 0.1268, 0.1794, 0.1574] **
max =  0.1794 | max_idx =  5
Epoch 19/50, Train Loss: 1.9539, Valid Loss: 1.9753, Train Acc: 0.1429, Val Acc: 0.0261, Test Acc: 0.2971, Test F1: 0.0654, Total Pseudo-Labels: 0, Correct Pseudo-Labels: 0, Train Data Number: 35



line 303 => train data수 35
line 258 => 인스턴스 수 5
Step 95  Tim 0:37:54
acc_train_cw(현재 train의 class별 acc) [0.0, 0.0, 0.0, 0.0, 0.0, 1.0, 0.0]
cw_psl_total_eval(pseudo label 클래스별 총 샘플 수):  [0, 0, 0, 0, 0, 0, 0]
cw_psl_correct_eval(pseudo label 클래스별 맞은 샘플 수):  [0, 0, 0, 0, 0, 0, 0]
psl_acc(PSL 평가에서의 정확도): None 
cw_psl_acc(클래스별 PSL 평가에서의 정확도):  [nan, nan, nan, nan, nan, nan, nan]
**pseudo_label ->  [0.1463, 0.108, 0.1597, 0.1255, 0.1401, 0.1666, 0.1537] **
max =  0.1666 | max_idx =  5
**pseudo_label ->  [0.1479, 0.1189, 0.1524, 0.1247, 0.1355, 0.1674, 0.1534] **
max =  0.1674 | max_idx =  5
**pseudo_label ->  [0.1461, 0.1128, 0.1464, 0.1145, 0.1502, 0.1733, 0.1567] **
max =  0.1733 | max_idx =  5
**pseudo_label ->  [0.1127, 0.0457, 0.1707, 0.1194, 0.1182, 0.265, 0.1681] **
max =  0.265 | max_idx =  5
**pseudo_label ->  [0.1478, 0.1085, 0.1485, 0.1216, 0.1364, 0.1643, 0.173] **
max =  0.173 | max_idx =  6
Epoch 20/50, Train Loss: 2.0301, Valid Loss: 1.9486, Train Acc: 0.1429, Val Acc: 0.0261, Test Acc: 0.2971, Test F1: 0.0654, Total Pseudo-Labels: 0, Correct Pseudo-Labels: 0, Train Data Number: 35



line 303 => train data수 35
line 258 => 인스턴스 수 5
Step 100  Tim 0:39:51
acc_train_cw(현재 train의 class별 acc) [0.0, 1.0, 0.0, 0.0, 0.0, 0.0, 0.0]
cw_psl_total_eval(pseudo label 클래스별 총 샘플 수):  [0, 0, 0, 0, 0, 0, 0]
cw_psl_correct_eval(pseudo label 클래스별 맞은 샘플 수):  [0, 0, 0, 0, 0, 0, 0]
psl_acc(PSL 평가에서의 정확도): None 
cw_psl_acc(클래스별 PSL 평가에서의 정확도):  [nan, nan, nan, nan, nan, nan, nan]
**pseudo_label ->  [0.1487, 0.1638, 0.1474, 0.1498, 0.1179, 0.1305, 0.142] **
max =  0.1638 | max_idx =  1
**pseudo_label ->  [0.1564, 0.1541, 0.1542, 0.1422, 0.1336, 0.1268, 0.1327] **
max =  0.1564 | max_idx =  0
**pseudo_label ->  [0.1468, 0.1591, 0.1566, 0.1381, 0.1224, 0.133, 0.144] **
max =  0.1591 | max_idx =  1
**pseudo_label ->  [0.1326, 0.1788, 0.1718, 0.1458, 0.1159, 0.1539, 0.1012] **
max =  0.1788 | max_idx =  1
**pseudo_label ->  [0.1424, 0.1543, 0.1493, 0.1445, 0.1304, 0.1347, 0.1444] **
max =  0.1543 | max_idx =  1
Epoch 21/50, Train Loss: 1.9889, Valid Loss: 1.9307, Train Acc: 0.1429, Val Acc: 0.0065, Test Acc: 0.2787, Test F1: 0.0623, Total Pseudo-Labels: 0, Correct Pseudo-Labels: 0, Train Data Number: 35



line 303 => train data수 35
line 258 => 인스턴스 수 5
Step 105  Tim 0:41:48
acc_train_cw(현재 train의 class별 acc) [0.0, 1.0, 0.0, 0.0, 0.0, 0.0, 0.0]
cw_psl_total_eval(pseudo label 클래스별 총 샘플 수):  [0, 0, 0, 0, 0, 0, 0]
cw_psl_correct_eval(pseudo label 클래스별 맞은 샘플 수):  [0, 0, 0, 0, 0, 0, 0]
psl_acc(PSL 평가에서의 정확도): None 
cw_psl_acc(클래스별 PSL 평가에서의 정확도):  [nan, nan, nan, nan, nan, nan, nan]
**pseudo_label ->  [0.1366, 0.1769, 0.1489, 0.1512, 0.1457, 0.1183, 0.1224] **
max =  0.1769 | max_idx =  1
**pseudo_label ->  [0.1242, 0.186, 0.1457, 0.1577, 0.1525, 0.1103, 0.1235] **
max =  0.186 | max_idx =  1
**pseudo_label ->  [0.1295, 0.1889, 0.1396, 0.1546, 0.144, 0.121, 0.1224] **
max =  0.1889 | max_idx =  1
**pseudo_label ->  [0.1356, 0.1755, 0.1409, 0.1486, 0.1505, 0.1226, 0.1263] **
max =  0.1755 | max_idx =  1
**pseudo_label ->  [0.1221, 0.1814, 0.1421, 0.1585, 0.1523, 0.1143, 0.1292] **
max =  0.1814 | max_idx =  1
Epoch 22/50, Train Loss: 1.9842, Valid Loss: 1.9562, Train Acc: 0.1429, Val Acc: 0.0065, Test Acc: 0.2787, Test F1: 0.0623, Total Pseudo-Labels: 0, Correct Pseudo-Labels: 0, Train Data Number: 35



line 303 => train data수 35
line 258 => 인스턴스 수 5
Step 110  Tim 0:43:46
acc_train_cw(현재 train의 class별 acc) [0.0, 1.0, 0.0, 0.0, 0.0, 0.0, 0.0]
cw_psl_total_eval(pseudo label 클래스별 총 샘플 수):  [0, 0, 0, 0, 0, 0, 0]
cw_psl_correct_eval(pseudo label 클래스별 맞은 샘플 수):  [0, 0, 0, 0, 0, 0, 0]
psl_acc(PSL 평가에서의 정확도): None 
cw_psl_acc(클래스별 PSL 평가에서의 정확도):  [nan, nan, nan, nan, nan, nan, nan]
**pseudo_label ->  [0.1328, 0.1613, 0.1412, 0.1398, 0.1638, 0.1254, 0.1356] **
max =  0.1638 | max_idx =  4
**pseudo_label ->  [0.1229, 0.1557, 0.1352, 0.1483, 0.1602, 0.1319, 0.1457] **
max =  0.1602 | max_idx =  4
**pseudo_label ->  [0.1358, 0.1536, 0.1301, 0.1443, 0.1636, 0.1329, 0.1396] **
max =  0.1636 | max_idx =  4
**pseudo_label ->  [0.1291, 0.1579, 0.1356, 0.139, 0.1638, 0.1282, 0.1463] **
max =  0.1638 | max_idx =  4
**pseudo_label ->  [0.1392, 0.1548, 0.1374, 0.1418, 0.1583, 0.1234, 0.145] **
max =  0.1583 | max_idx =  4
Epoch 23/50, Train Loss: 1.9654, Valid Loss: 1.9261, Train Acc: 0.1429, Val Acc: 0.0065, Test Acc: 0.2787, Test F1: 0.0623, Total Pseudo-Labels: 0, Correct Pseudo-Labels: 0, Train Data Number: 35



line 303 => train data수 35
line 258 => 인스턴스 수 5
Step 115  Tim 0:45:43
acc_train_cw(현재 train의 class별 acc) [0.0, 0.0, 0.0, 0.0, 0.0, 0.0, 1.0]
cw_psl_total_eval(pseudo label 클래스별 총 샘플 수):  [0, 0, 0, 0, 0, 0, 0]
cw_psl_correct_eval(pseudo label 클래스별 맞은 샘플 수):  [0, 0, 0, 0, 0, 0, 0]
psl_acc(PSL 평가에서의 정확도): None 
cw_psl_acc(클래스별 PSL 평가에서의 정확도):  [nan, nan, nan, nan, nan, nan, nan]
**pseudo_label ->  [0.1186, 0.1379, 0.1581, 0.133, 0.1495, 0.1323, 0.1705] **
max =  0.1705 | max_idx =  6
**pseudo_label ->  [0.1234, 0.1289, 0.1542, 0.1371, 0.163, 0.1295, 0.1639] **
max =  0.1639 | max_idx =  6
**pseudo_label ->  [0.1199, 0.1304, 0.1556, 0.1421, 0.1578, 0.1275, 0.1667] **
max =  0.1667 | max_idx =  6
**pseudo_label ->  [0.1169, 0.1284, 0.1565, 0.1353, 0.1626, 0.1305, 0.1698] **
max =  0.1698 | max_idx =  6
**pseudo_label ->  [0.118, 0.128, 0.1538, 0.128, 0.17, 0.1279, 0.1743] **
max =  0.1743 | max_idx =  6
Epoch 24/50, Train Loss: 1.9582, Valid Loss: 1.9670, Train Acc: 0.1429, Val Acc: 0.1173, Test Acc: 0.0184, Test F1: 0.0052, Total Pseudo-Labels: 0, Correct Pseudo-Labels: 0, Train Data Number: 35



line 303 => train data수 35
line 258 => 인스턴스 수 5
Step 120  Tim 0:47:41
acc_train_cw(현재 train의 class별 acc) [0.0, 0.0, 0.0, 0.0, 0.0, 0.0, 1.0]
cw_psl_total_eval(pseudo label 클래스별 총 샘플 수):  [0, 0, 0, 0, 0, 0, 0]
cw_psl_correct_eval(pseudo label 클래스별 맞은 샘플 수):  [0, 0, 0, 0, 0, 0, 0]
psl_acc(PSL 평가에서의 정확도): None 
cw_psl_acc(클래스별 PSL 평가에서의 정확도):  [nan, nan, nan, nan, nan, nan, nan]
**pseudo_label ->  [0.1369, 0.1293, 0.1577, 0.1256, 0.1322, 0.1359, 0.1824] **
max =  0.1824 | max_idx =  6
**pseudo_label ->  [0.1242, 0.1351, 0.1633, 0.1222, 0.1293, 0.138, 0.1879] **
max =  0.1879 | max_idx =  6
**pseudo_label ->  [0.1248, 0.1389, 0.1605, 0.1218, 0.1256, 0.1437, 0.1847] **
max =  0.1847 | max_idx =  6
**pseudo_label ->  [0.1273, 0.1364, 0.1592, 0.1248, 0.1358, 0.1426, 0.1739] **
max =  0.1739 | max_idx =  6
**pseudo_label ->  [0.1244, 0.139, 0.1654, 0.1272, 0.1333, 0.1376, 0.1731] **
max =  0.1731 | max_idx =  6
Epoch 25/50, Train Loss: 2.0252, Valid Loss: 1.9015, Train Acc: 0.1429, Val Acc: 0.1173, Test Acc: 0.0184, Test F1: 0.0052, Total Pseudo-Labels: 0, Correct Pseudo-Labels: 0, Train Data Number: 35



line 303 => train data수 35
line 258 => 인스턴스 수 5
Step 125  Tim 0:49:38
acc_train_cw(현재 train의 class별 acc) [0.0, 0.0, 0.0, 1.0, 0.0, 0.0, 0.0]
cw_psl_total_eval(pseudo label 클래스별 총 샘플 수):  [0, 0, 0, 0, 0, 0, 0]
cw_psl_correct_eval(pseudo label 클래스별 맞은 샘플 수):  [0, 0, 0, 0, 0, 0, 0]
psl_acc(PSL 평가에서의 정확도): None 
cw_psl_acc(클래스별 PSL 평가에서의 정확도):  [nan, nan, nan, nan, nan, nan, nan]
**pseudo_label ->  [0.1686, 0.1481, 0.1472, 0.1676, 0.1132, 0.1216, 0.1336] **
max =  0.1686 | max_idx =  0
**pseudo_label ->  [0.1749, 0.1602, 0.1418, 0.1638, 0.1197, 0.1243, 0.1153] **
max =  0.1749 | max_idx =  0
**pseudo_label ->  [0.1595, 0.1586, 0.1447, 0.1826, 0.0984, 0.122, 0.1342] **
max =  0.1826 | max_idx =  3
**pseudo_label ->  [0.1699, 0.1537, 0.1434, 0.1706, 0.1157, 0.1256, 0.1212] **
max =  0.1706 | max_idx =  3
**pseudo_label ->  [0.1694, 0.1539, 0.1555, 0.1707, 0.1136, 0.1227, 0.1143] **
max =  0.1707 | max_idx =  3
Epoch 26/50, Train Loss: 1.9731, Valid Loss: 1.9115, Train Acc: 0.1429, Val Acc: 0.3876, Test Acc: 0.1619, Test F1: 0.0398, Total Pseudo-Labels: 0, Correct Pseudo-Labels: 0, Train Data Number: 35



line 303 => train data수 35
line 258 => 인스턴스 수 5
Step 130  Tim 0:51:36
acc_train_cw(현재 train의 class별 acc) [0.0, 0.0, 0.0, 1.0, 0.0, 0.0, 0.0]
cw_psl_total_eval(pseudo label 클래스별 총 샘플 수):  [0, 0, 0, 0, 0, 0, 0]
cw_psl_correct_eval(pseudo label 클래스별 맞은 샘플 수):  [0, 0, 0, 0, 0, 0, 0]
psl_acc(PSL 평가에서의 정확도): None 
cw_psl_acc(클래스별 PSL 평가에서의 정확도):  [nan, nan, nan, nan, nan, nan, nan]
**pseudo_label ->  [0.1764, 0.1712, 0.1251, 0.195, 0.1086, 0.1128, 0.1108] **
max =  0.195 | max_idx =  3
**pseudo_label ->  [0.2277, 0.1897, 0.0887, 0.3123, 0.0393, 0.0807, 0.0616] **
max =  0.3123 | max_idx =  3
**pseudo_label ->  [0.1786, 0.1615, 0.1236, 0.1794, 0.1109, 0.1299, 0.1161] **
max =  0.1794 | max_idx =  3
**pseudo_label ->  [0.1814, 0.1681, 0.1257, 0.1817, 0.1077, 0.1223, 0.113] **
max =  0.1817 | max_idx =  3
**pseudo_label ->  [0.1734, 0.1639, 0.1303, 0.1964, 0.1039, 0.1181, 0.1139] **
max =  0.1964 | max_idx =  3
Epoch 27/50, Train Loss: 1.9605, Valid Loss: 1.9884, Train Acc: 0.1429, Val Acc: 0.3876, Test Acc: 0.1619, Test F1: 0.0398, Total Pseudo-Labels: 0, Correct Pseudo-Labels: 0, Train Data Number: 35



line 303 => train data수 35
line 258 => 인스턴스 수 5
Step 135  Tim 0:53:34
acc_train_cw(현재 train의 class별 acc) [1.0, 0.0, 0.0, 0.0, 0.0, 0.0, 0.0]
cw_psl_total_eval(pseudo label 클래스별 총 샘플 수):  [0, 0, 0, 0, 0, 0, 0]
cw_psl_correct_eval(pseudo label 클래스별 맞은 샘플 수):  [0, 0, 0, 0, 0, 0, 0]
psl_acc(PSL 평가에서의 정확도): None 
cw_psl_acc(클래스별 PSL 평가에서의 정확도):  [nan, nan, nan, nan, nan, nan, nan]
**pseudo_label ->  [0.1979, 0.177, 0.1471, 0.1351, 0.1187, 0.1137, 0.1106] **
max =  0.1979 | max_idx =  0
**pseudo_label ->  [0.2115, 0.1674, 0.1479, 0.1377, 0.1185, 0.1171, 0.1] **
max =  0.2115 | max_idx =  0
**pseudo_label ->  [0.2058, 0.1589, 0.1395, 0.138, 0.1278, 0.1171, 0.1129] **
max =  0.2058 | max_idx =  0
**pseudo_label ->  [0.2008, 0.1747, 0.1539, 0.1311, 0.1183, 0.119, 0.1022] **
max =  0.2008 | max_idx =  0
**pseudo_label ->  [0.2051, 0.1633, 0.1461, 0.1434, 0.1198, 0.1193, 0.1031] **
max =  0.2051 | max_idx =  0
Epoch 28/50, Train Loss: 1.9874, Valid Loss: 2.0074, Train Acc: 0.1429, Val Acc: 0.0912, Test Acc: 0.0779, Test F1: 0.0206, Total Pseudo-Labels: 0, Correct Pseudo-Labels: 0, Train Data Number: 35



line 303 => train data수 35
line 258 => 인스턴스 수 5
Step 140  Tim 0:55:32
acc_train_cw(현재 train의 class별 acc) [1.0, 0.0, 0.0, 0.0, 0.0, 0.0, 0.0]
cw_psl_total_eval(pseudo label 클래스별 총 샘플 수):  [0, 0, 0, 0, 0, 0, 0]
cw_psl_correct_eval(pseudo label 클래스별 맞은 샘플 수):  [0, 0, 0, 0, 0, 0, 0]
psl_acc(PSL 평가에서의 정확도): None 
cw_psl_acc(클래스별 PSL 평가에서의 정확도):  [nan, nan, nan, nan, nan, nan, nan]
**pseudo_label ->  [0.1841, 0.148, 0.1488, 0.1198, 0.1399, 0.1383, 0.1212] **
max =  0.1841 | max_idx =  0
**pseudo_label ->  [0.1773, 0.1492, 0.1495, 0.1255, 0.1338, 0.1341, 0.1306] **
max =  0.1773 | max_idx =  0
**pseudo_label ->  [0.1812, 0.1499, 0.1458, 0.1191, 0.132, 0.1322, 0.1398] **
max =  0.1812 | max_idx =  0
**pseudo_label ->  [0.3054, 0.1587, 0.1255, 0.0876, 0.1087, 0.132, 0.0821] **
max =  0.3054 | max_idx =  0
**pseudo_label ->  [0.1718, 0.1541, 0.1468, 0.1165, 0.1458, 0.1366, 0.1282] **
max =  0.1718 | max_idx =  0
Epoch 29/50, Train Loss: 1.9566, Valid Loss: 2.0073, Train Acc: 0.1429, Val Acc: 0.0912, Test Acc: 0.0779, Test F1: 0.0206, Total Pseudo-Labels: 0, Correct Pseudo-Labels: 0, Train Data Number: 35



line 303 => train data수 35
line 258 => 인스턴스 수 5
Step 145  Tim 0:57:30
acc_train_cw(현재 train의 class별 acc) [0.0, 0.0, 1.0, 0.0, 0.0, 0.0, 0.0]
cw_psl_total_eval(pseudo label 클래스별 총 샘플 수):  [0, 0, 0, 0, 0, 0, 0]
cw_psl_correct_eval(pseudo label 클래스별 맞은 샘플 수):  [0, 0, 0, 0, 0, 0, 0]
psl_acc(PSL 평가에서의 정확도): None 
cw_psl_acc(클래스별 PSL 평가에서의 정확도):  [nan, nan, nan, nan, nan, nan, nan]
**pseudo_label ->  [0.129, 0.1543, 0.1938, 0.1092, 0.1398, 0.1661, 0.1078] **
max =  0.1938 | max_idx =  2
**pseudo_label ->  [0.1161, 0.1665, 0.1754, 0.1107, 0.1425, 0.1795, 0.1094] **
max =  0.1795 | max_idx =  5
**pseudo_label ->  [0.1232, 0.1479, 0.1879, 0.1174, 0.1368, 0.168, 0.1188] **
max =  0.1879 | max_idx =  2
**pseudo_label ->  [0.0899, 0.1452, 0.2524, 0.0866, 0.0972, 0.2444, 0.0842] **
max =  0.2524 | max_idx =  2
**pseudo_label ->  [0.1264, 0.1613, 0.1702, 0.1209, 0.1372, 0.1682, 0.1157] **
max =  0.1702 | max_idx =  2
Epoch 30/50, Train Loss: 1.9685, Valid Loss: 2.0010, Train Acc: 0.1429, Val Acc: 0.2280, Test Acc: 0.1230, Test F1: 0.0313, Total Pseudo-Labels: 0, Correct Pseudo-Labels: 0, Train Data Number: 35



line 303 => train data수 35
line 258 => 인스턴스 수 5
Step 150  Tim 0:59:28
acc_train_cw(현재 train의 class별 acc) [0.0, 0.0, 0.0, 0.0, 0.0, 1.0, 0.0]
cw_psl_total_eval(pseudo label 클래스별 총 샘플 수):  [0, 0, 0, 0, 0, 0, 0]
cw_psl_correct_eval(pseudo label 클래스별 맞은 샘플 수):  [0, 0, 0, 0, 0, 0, 0]
psl_acc(PSL 평가에서의 정확도): None 
cw_psl_acc(클래스별 PSL 평가에서의 정확도):  [nan, nan, nan, nan, nan, nan, nan]
**pseudo_label ->  [0.1016, 0.1303, 0.1796, 0.1131, 0.1501, 0.18, 0.1454] **
max =  0.18 | max_idx =  5
**pseudo_label ->  [0.1004, 0.1376, 0.1771, 0.1244, 0.1433, 0.1796, 0.1376] **
max =  0.1796 | max_idx =  5
**pseudo_label ->  [0.0342, 0.0964, 0.2239, 0.0844, 0.1023, 0.3688, 0.0901] **
max =  0.3688 | max_idx =  5
**pseudo_label ->  [0.1003, 0.1468, 0.1759, 0.1182, 0.1455, 0.1905, 0.1227] **
max =  0.1905 | max_idx =  5
**pseudo_label ->  [0.1035, 0.1391, 0.1822, 0.1141, 0.146, 0.1847, 0.1303] **
max =  0.1847 | max_idx =  5
Epoch 31/50, Train Loss: 1.9818, Valid Loss: 2.0092, Train Acc: 0.1429, Val Acc: 0.0261, Test Acc: 0.2971, Test F1: 0.0654, Total Pseudo-Labels: 0, Correct Pseudo-Labels: 0, Train Data Number: 35



line 303 => train data수 35
line 258 => 인스턴스 수 5
Step 155  Tim 1:01:26
acc_train_cw(현재 train의 class별 acc) [0.0, 0.0, 0.0, 0.0, 0.0, 1.0, 0.0]
cw_psl_total_eval(pseudo label 클래스별 총 샘플 수):  [0, 0, 0, 0, 0, 0, 0]
cw_psl_correct_eval(pseudo label 클래스별 맞은 샘플 수):  [0, 0, 0, 0, 0, 0, 0]
psl_acc(PSL 평가에서의 정확도): None 
cw_psl_acc(클래스별 PSL 평가에서의 정확도):  [nan, nan, nan, nan, nan, nan, nan]
**pseudo_label ->  [0.1019, 0.1462, 0.1601, 0.1223, 0.1301, 0.1921, 0.1473] **
max =  0.1921 | max_idx =  5
**pseudo_label ->  [0.1036, 0.1404, 0.1569, 0.1227, 0.1344, 0.195, 0.1469] **
max =  0.195 | max_idx =  5
**pseudo_label ->  [0.0989, 0.1432, 0.1618, 0.1229, 0.1289, 0.2017, 0.1426] **
max =  0.2017 | max_idx =  5
**pseudo_label ->  [0.0968, 0.1387, 0.1603, 0.1305, 0.132, 0.1952, 0.1465] **
max =  0.1952 | max_idx =  5
**pseudo_label ->  [0.1058, 0.1456, 0.1628, 0.132, 0.1304, 0.1887, 0.1347] **
max =  0.1887 | max_idx =  5
Epoch 32/50, Train Loss: 1.9817, Valid Loss: 2.0218, Train Acc: 0.1429, Val Acc: 0.0261, Test Acc: 0.2971, Test F1: 0.0654, Total Pseudo-Labels: 0, Correct Pseudo-Labels: 0, Train Data Number: 35



line 303 => train data수 35
line 258 => 인스턴스 수 5
Step 160  Tim 1:03:18
acc_train_cw(현재 train의 class별 acc) [0.0, 0.0, 0.0, 0.0, 0.0, 0.0, 1.0]
cw_psl_total_eval(pseudo label 클래스별 총 샘플 수):  [0, 0, 0, 0, 0, 0, 0]
cw_psl_correct_eval(pseudo label 클래스별 맞은 샘플 수):  [0, 0, 0, 0, 0, 0, 0]
psl_acc(PSL 평가에서의 정확도): None 
cw_psl_acc(클래스별 PSL 평가에서의 정확도):  [nan, nan, nan, nan, nan, nan, nan]
**pseudo_label ->  [0.1259, 0.1602, 0.1336, 0.1175, 0.1343, 0.1485, 0.18] **
max =  0.18 | max_idx =  6
**pseudo_label ->  [0.1206, 0.1684, 0.1366, 0.1184, 0.1392, 0.1484, 0.1684] **
max =  0.1684 | max_idx =  1
**pseudo_label ->  [0.1152, 0.1634, 0.127, 0.1176, 0.1442, 0.1456, 0.187] **
max =  0.187 | max_idx =  6
**pseudo_label ->  [0.0794, 0.2058, 0.1173, 0.1043, 0.0932, 0.171, 0.229] **
max =  0.229 | max_idx =  6
**pseudo_label ->  [0.1152, 0.1648, 0.1372, 0.1165, 0.144, 0.1494, 0.1729] **
max =  0.1729 | max_idx =  6
Epoch 33/50, Train Loss: 1.9871, Valid Loss: 1.9402, Train Acc: 0.1429, Val Acc: 0.1173, Test Acc: 0.0184, Test F1: 0.0052, Total Pseudo-Labels: 0, Correct Pseudo-Labels: 0, Train Data Number: 35



line 303 => train data수 35
line 258 => 인스턴스 수 5
Step 165  Tim 1:05:12
acc_train_cw(현재 train의 class별 acc) [0.0, 0.0, 0.0, 0.0, 0.0, 0.0, 1.0]
cw_psl_total_eval(pseudo label 클래스별 총 샘플 수):  [0, 0, 0, 0, 0, 0, 0]
cw_psl_correct_eval(pseudo label 클래스별 맞은 샘플 수):  [0, 0, 0, 0, 0, 0, 0]
psl_acc(PSL 평가에서의 정확도): None 
cw_psl_acc(클래스별 PSL 평가에서의 정확도):  [nan, nan, nan, nan, nan, nan, nan]
**pseudo_label ->  [0.1299, 0.1598, 0.1481, 0.1452, 0.1292, 0.1266, 0.1613] **
max =  0.1613 | max_idx =  6
**pseudo_label ->  [0.1289, 0.1625, 0.1474, 0.1428, 0.1279, 0.127, 0.1634] **
max =  0.1634 | max_idx =  6
**pseudo_label ->  [0.1062, 0.1882, 0.1714, 0.1472, 0.0796, 0.1316, 0.1758] **
max =  0.1882 | max_idx =  1
**pseudo_label ->  [0.1328, 0.153, 0.1487, 0.1451, 0.1319, 0.1331, 0.1552] **
max =  0.1552 | max_idx =  6
**pseudo_label ->  [0.1299, 0.1632, 0.1454, 0.1518, 0.1228, 0.1256, 0.1614] **
max =  0.1632 | max_idx =  1
Epoch 34/50, Train Loss: 1.9898, Valid Loss: 1.9331, Train Acc: 0.1429, Val Acc: 0.1173, Test Acc: 0.0184, Test F1: 0.0052, Total Pseudo-Labels: 0, Correct Pseudo-Labels: 0, Train Data Number: 35



line 303 => train data수 35
line 258 => 인스턴스 수 5
Step 170  Tim 1:06:59
acc_train_cw(현재 train의 class별 acc) [1.0, 0.0, 0.0, 0.0, 0.0, 0.0, 0.0]
cw_psl_total_eval(pseudo label 클래스별 총 샘플 수):  [0, 0, 0, 0, 0, 0, 0]
cw_psl_correct_eval(pseudo label 클래스별 맞은 샘플 수):  [0, 0, 0, 0, 0, 0, 0]
psl_acc(PSL 평가에서의 정확도): None 
cw_psl_acc(클래스별 PSL 평가에서의 정확도):  [nan, nan, nan, nan, nan, nan, nan]
**pseudo_label ->  [0.1587, 0.1432, 0.1448, 0.153, 0.121, 0.1415, 0.1378] **
max =  0.1587 | max_idx =  0
**pseudo_label ->  [0.1598, 0.1492, 0.1414, 0.1494, 0.1247, 0.135, 0.1406] **
max =  0.1598 | max_idx =  0
**pseudo_label ->  [0.1627, 0.1496, 0.1394, 0.1539, 0.1235, 0.1372, 0.1338] **
max =  0.1627 | max_idx =  0
**pseudo_label ->  [0.159, 0.1437, 0.1313, 0.1538, 0.1307, 0.1415, 0.1401] **
max =  0.159 | max_idx =  0
**pseudo_label ->  [0.1626, 0.147, 0.1407, 0.1555, 0.1209, 0.1298, 0.1434] **
max =  0.1626 | max_idx =  0
Epoch 35/50, Train Loss: 1.9578, Valid Loss: 1.9312, Train Acc: 0.1429, Val Acc: 0.0912, Test Acc: 0.0779, Test F1: 0.0206, Total Pseudo-Labels: 0, Correct Pseudo-Labels: 0, Train Data Number: 35



line 303 => train data수 35
line 258 => 인스턴스 수 5
Step 175  Tim 1:08:57
acc_train_cw(현재 train의 class별 acc) [0.0, 0.0, 0.0, 0.0, 0.0, 0.0, 1.0]
cw_psl_total_eval(pseudo label 클래스별 총 샘플 수):  [0, 0, 0, 0, 0, 0, 0]
cw_psl_correct_eval(pseudo label 클래스별 맞은 샘플 수):  [0, 0, 0, 0, 0, 0, 0]
psl_acc(PSL 평가에서의 정확도): None 
cw_psl_acc(클래스별 PSL 평가에서의 정확도):  [nan, nan, nan, nan, nan, nan, nan]
**pseudo_label ->  [0.149, 0.1323, 0.121, 0.1529, 0.1477, 0.1294, 0.1678] **
max =  0.1678 | max_idx =  6
**pseudo_label ->  [0.1567, 0.1243, 0.1311, 0.1517, 0.1493, 0.1335, 0.1534] **
max =  0.1567 | max_idx =  0
**pseudo_label ->  [0.1472, 0.1231, 0.1298, 0.1531, 0.1504, 0.1388, 0.1576] **
max =  0.1576 | max_idx =  6
**pseudo_label ->  [0.1579, 0.1345, 0.1266, 0.1397, 0.1499, 0.135, 0.1564] **
max =  0.1579 | max_idx =  0
**pseudo_label ->  [0.1542, 0.1315, 0.1279, 0.1463, 0.1531, 0.1327, 0.1544] **
max =  0.1544 | max_idx =  6
Epoch 36/50, Train Loss: 1.9417, Valid Loss: 1.9334, Train Acc: 0.1429, Val Acc: 0.1173, Test Acc: 0.0184, Test F1: 0.0052, Total Pseudo-Labels: 0, Correct Pseudo-Labels: 0, Train Data Number: 35



line 303 => train data수 35
line 258 => 인스턴스 수 5
Step 180  Tim 1:10:45
acc_train_cw(현재 train의 class별 acc) [0.0, 0.0, 0.0, 0.0, 0.0, 0.0, 1.0]
cw_psl_total_eval(pseudo label 클래스별 총 샘플 수):  [0, 0, 0, 0, 0, 0, 0]
cw_psl_correct_eval(pseudo label 클래스별 맞은 샘플 수):  [0, 0, 0, 0, 0, 0, 0]
psl_acc(PSL 평가에서의 정확도): None 
cw_psl_acc(클래스별 PSL 평가에서의 정확도):  [nan, nan, nan, nan, nan, nan, nan]
**pseudo_label ->  [0.1446, 0.1363, 0.122, 0.1438, 0.157, 0.1435, 0.1529] **
max =  0.157 | max_idx =  4
**pseudo_label ->  [0.1448, 0.1294, 0.1272, 0.1473, 0.1555, 0.1474, 0.1485] **
max =  0.1555 | max_idx =  4
**pseudo_label ->  [0.141, 0.1301, 0.1255, 0.1493, 0.1538, 0.1464, 0.154] **
max =  0.154 | max_idx =  6
**pseudo_label ->  [0.1182, 0.1149, 0.0992, 0.1768, 0.1572, 0.1969, 0.1369] **
max =  0.1969 | max_idx =  5
**pseudo_label ->  [0.1509, 0.1338, 0.1225, 0.1503, 0.1494, 0.1388, 0.1542] **
max =  0.1542 | max_idx =  6
Epoch 37/50, Train Loss: 1.9888, Valid Loss: 1.9316, Train Acc: 0.1429, Val Acc: 0.1173, Test Acc: 0.0184, Test F1: 0.0052, Total Pseudo-Labels: 0, Correct Pseudo-Labels: 0, Train Data Number: 35



line 303 => train data수 35
line 258 => 인스턴스 수 5
Step 185  Tim 1:12:33
acc_train_cw(현재 train의 class별 acc) [0.0, 0.0, 0.0, 0.0, 1.0, 0.0, 0.0]
cw_psl_total_eval(pseudo label 클래스별 총 샘플 수):  [0, 0, 0, 0, 0, 0, 0]
cw_psl_correct_eval(pseudo label 클래스별 맞은 샘플 수):  [0, 0, 0, 0, 0, 0, 0]
psl_acc(PSL 평가에서의 정확도): None 
cw_psl_acc(클래스별 PSL 평가에서의 정확도):  [nan, nan, nan, nan, nan, nan, nan]
**pseudo_label ->  [0.1501, 0.1156, 0.1405, 0.1423, 0.1502, 0.1439, 0.1575] **
max =  0.1575 | max_idx =  6
**pseudo_label ->  [0.1425, 0.1275, 0.1318, 0.1494, 0.1525, 0.1548, 0.1415] **
max =  0.1548 | max_idx =  5
**pseudo_label ->  [0.1425, 0.1247, 0.1408, 0.1435, 0.1518, 0.1514, 0.1453] **
max =  0.1518 | max_idx =  4
**pseudo_label ->  [0.1439, 0.1186, 0.1293, 0.1421, 0.167, 0.1527, 0.1465] **
max =  0.167 | max_idx =  4
**pseudo_label ->  [0.1415, 0.1166, 0.1395, 0.1472, 0.1555, 0.1528, 0.1469] **
max =  0.1555 | max_idx =  4
Epoch 38/50, Train Loss: 1.9445, Valid Loss: 2.0054, Train Acc: 0.1429, Val Acc: 0.1433, Test Acc: 0.0430, Test F1: 0.0118, Total Pseudo-Labels: 0, Correct Pseudo-Labels: 0, Train Data Number: 35



line 303 => train data수 35
line 258 => 인스턴스 수 5
Step 190  Tim 1:14:24
acc_train_cw(현재 train의 class별 acc) [0.0, 0.0, 0.0, 0.0, 0.0, 1.0, 0.0]
cw_psl_total_eval(pseudo label 클래스별 총 샘플 수):  [0, 0, 0, 0, 0, 0, 0]
cw_psl_correct_eval(pseudo label 클래스별 맞은 샘플 수):  [0, 0, 0, 0, 0, 0, 0]
psl_acc(PSL 평가에서의 정확도): None 
cw_psl_acc(클래스별 PSL 평가에서의 정확도):  [nan, nan, nan, nan, nan, nan, nan]
**pseudo_label ->  [0.1546, 0.1211, 0.1425, 0.1243, 0.1521, 0.1798, 0.1257] **
max =  0.1798 | max_idx =  5
**pseudo_label ->  [0.1516, 0.1298, 0.1465, 0.1197, 0.1532, 0.1714, 0.1278] **
max =  0.1714 | max_idx =  5
**pseudo_label ->  [0.1499, 0.1347, 0.1422, 0.1203, 0.1443, 0.1834, 0.1253] **
max =  0.1834 | max_idx =  5
**pseudo_label ->  [0.1535, 0.1276, 0.1413, 0.1138, 0.1692, 0.1776, 0.117] **
max =  0.1776 | max_idx =  5
**pseudo_label ->  [0.1595, 0.0766, 0.1275, 0.1002, 0.1185, 0.3273, 0.0904] **
max =  0.3273 | max_idx =  5
Epoch 39/50, Train Loss: 1.9465, Valid Loss: 1.9945, Train Acc: 0.1429, Val Acc: 0.0261, Test Acc: 0.2971, Test F1: 0.0654, Total Pseudo-Labels: 0, Correct Pseudo-Labels: 0, Train Data Number: 35



line 303 => train data수 35
line 258 => 인스턴스 수 5
Step 195  Tim 1:16:21
acc_train_cw(현재 train의 class별 acc) [1.0, 0.0, 0.0, 0.0, 0.0, 0.0, 0.0]
cw_psl_total_eval(pseudo label 클래스별 총 샘플 수):  [0, 0, 0, 0, 0, 0, 0]
cw_psl_correct_eval(pseudo label 클래스별 맞은 샘플 수):  [0, 0, 0, 0, 0, 0, 0]
psl_acc(PSL 평가에서의 정확도): None 
cw_psl_acc(클래스별 PSL 평가에서의 정확도):  [nan, nan, nan, nan, nan, nan, nan]
**pseudo_label ->  [0.18, 0.1346, 0.139, 0.1364, 0.1265, 0.1661, 0.1173] **
max =  0.18 | max_idx =  0
**pseudo_label ->  [0.182, 0.1271, 0.1423, 0.1383, 0.125, 0.1707, 0.1145] **
max =  0.182 | max_idx =  0
**pseudo_label ->  [0.1813, 0.1233, 0.1426, 0.1356, 0.1381, 0.1618, 0.1172] **
max =  0.1813 | max_idx =  0
**pseudo_label ->  [0.1865, 0.1291, 0.1313, 0.1346, 0.1239, 0.1722, 0.1223] **
max =  0.1865 | max_idx =  0
**pseudo_label ->  [0.187, 0.1378, 0.1318, 0.1345, 0.1334, 0.1606, 0.1149] **
max =  0.187 | max_idx =  0
Epoch 40/50, Train Loss: 1.9676, Valid Loss: 1.9814, Train Acc: 0.1429, Val Acc: 0.0912, Test Acc: 0.0779, Test F1: 0.0206, Total Pseudo-Labels: 0, Correct Pseudo-Labels: 0, Train Data Number: 35



line 303 => train data수 35
line 258 => 인스턴스 수 5
Step 200  Tim 1:18:21
acc_train_cw(현재 train의 class별 acc) [1.0, 0.0, 0.0, 0.0, 0.0, 0.0, 0.0]
cw_psl_total_eval(pseudo label 클래스별 총 샘플 수):  [0, 0, 0, 0, 0, 0, 0]
cw_psl_correct_eval(pseudo label 클래스별 맞은 샘플 수):  [0, 0, 0, 0, 0, 0, 0]
psl_acc(PSL 평가에서의 정확도): None 
cw_psl_acc(클래스별 PSL 평가에서의 정확도):  [nan, nan, nan, nan, nan, nan, nan]
**pseudo_label ->  [0.205, 0.1398, 0.1381, 0.1348, 0.1331, 0.1407, 0.1084] **
max =  0.205 | max_idx =  0
**pseudo_label ->  [0.199, 0.1303, 0.1346, 0.1334, 0.1344, 0.151, 0.1174] **
max =  0.199 | max_idx =  0
**pseudo_label ->  [0.2059, 0.1334, 0.1362, 0.1316, 0.1323, 0.1413, 0.1192] **
max =  0.2059 | max_idx =  0
**pseudo_label ->  [0.1927, 0.1387, 0.1354, 0.1413, 0.1282, 0.147, 0.1168] **
max =  0.1927 | max_idx =  0
**pseudo_label ->  [0.2024, 0.133, 0.1274, 0.1454, 0.1391, 0.1388, 0.1139] **
max =  0.2024 | max_idx =  0
Epoch 41/50, Train Loss: 1.9749, Valid Loss: 1.9152, Train Acc: 0.1429, Val Acc: 0.0912, Test Acc: 0.0779, Test F1: 0.0206, Total Pseudo-Labels: 0, Correct Pseudo-Labels: 0, Train Data Number: 35



line 303 => train data수 35
line 258 => 인스턴스 수 5
Step 205  Tim 1:20:22
acc_train_cw(현재 train의 class별 acc) [1.0, 0.0, 0.0, 0.0, 0.0, 0.0, 0.0]
cw_psl_total_eval(pseudo label 클래스별 총 샘플 수):  [0, 0, 0, 0, 0, 0, 0]
cw_psl_correct_eval(pseudo label 클래스별 맞은 샘플 수):  [0, 0, 0, 0, 0, 0, 0]
psl_acc(PSL 평가에서의 정확도): None 
cw_psl_acc(클래스별 PSL 평가에서의 정확도):  [nan, nan, nan, nan, nan, nan, nan]
**pseudo_label ->  [0.1769, 0.1184, 0.1448, 0.1667, 0.1258, 0.1392, 0.1282] **
max =  0.1769 | max_idx =  0
**pseudo_label ->  [0.1783, 0.1292, 0.1378, 0.1661, 0.1224, 0.1295, 0.1367] **
max =  0.1783 | max_idx =  0
**pseudo_label ->  [0.1737, 0.1284, 0.1355, 0.1718, 0.1186, 0.1345, 0.1375] **
max =  0.1737 | max_idx =  0
**pseudo_label ->  [0.1736, 0.1272, 0.1424, 0.1738, 0.1235, 0.1305, 0.129] **
max =  0.1738 | max_idx =  3
**pseudo_label ->  [0.183, 0.1252, 0.1424, 0.1603, 0.1233, 0.1334, 0.1324] **
max =  0.183 | max_idx =  0
Epoch 42/50, Train Loss: 1.9795, Valid Loss: 1.8997, Train Acc: 0.1429, Val Acc: 0.0912, Test Acc: 0.0779, Test F1: 0.0206, Total Pseudo-Labels: 0, Correct Pseudo-Labels: 0, Train Data Number: 35



line 303 => train data수 35
line 258 => 인스턴스 수 5
Step 210  Tim 1:22:22
acc_train_cw(현재 train의 class별 acc) [0.0, 0.0, 0.0, 1.0, 0.0, 0.0, 0.0]
cw_psl_total_eval(pseudo label 클래스별 총 샘플 수):  [0, 0, 0, 0, 0, 0, 0]
cw_psl_correct_eval(pseudo label 클래스별 맞은 샘플 수):  [0, 0, 0, 0, 0, 0, 0]
psl_acc(PSL 평가에서의 정확도): None 
cw_psl_acc(클래스별 PSL 평가에서의 정확도):  [nan, nan, nan, nan, nan, nan, nan]
**pseudo_label ->  [0.1455, 0.1231, 0.1328, 0.1682, 0.1323, 0.1394, 0.1588] **
max =  0.1682 | max_idx =  3
**pseudo_label ->  [0.1434, 0.1352, 0.1363, 0.1607, 0.1331, 0.1423, 0.149] **
max =  0.1607 | max_idx =  3
**pseudo_label ->  [0.1435, 0.116, 0.1332, 0.1723, 0.1413, 0.1411, 0.1525] **
max =  0.1723 | max_idx =  3
**pseudo_label ->  [0.141, 0.1184, 0.1306, 0.168, 0.1414, 0.1465, 0.1541] **
max =  0.168 | max_idx =  3
**pseudo_label ->  [0.151, 0.1257, 0.1309, 0.1616, 0.1456, 0.1428, 0.1425] **
max =  0.1616 | max_idx =  3
Epoch 43/50, Train Loss: 2.0101, Valid Loss: 1.9484, Train Acc: 0.1429, Val Acc: 0.3876, Test Acc: 0.1619, Test F1: 0.0398, Total Pseudo-Labels: 0, Correct Pseudo-Labels: 0, Train Data Number: 35



line 303 => train data수 35
line 258 => 인스턴스 수 5
Step 215  Tim 1:24:23
acc_train_cw(현재 train의 class별 acc) [0.0, 0.0, 0.0, 0.0, 0.0, 0.0, 1.0]
cw_psl_total_eval(pseudo label 클래스별 총 샘플 수):  [0, 0, 0, 0, 0, 0, 0]
cw_psl_correct_eval(pseudo label 클래스별 맞은 샘플 수):  [0, 0, 0, 0, 0, 0, 0]
psl_acc(PSL 평가에서의 정확도): None 
cw_psl_acc(클래스별 PSL 평가에서의 정확도):  [nan, nan, nan, nan, nan, nan, nan]
**pseudo_label ->  [0.129, 0.142, 0.1401, 0.1264, 0.1759, 0.1228, 0.1638] **
max =  0.1759 | max_idx =  4
**pseudo_label ->  [0.1227, 0.1247, 0.1499, 0.1434, 0.1683, 0.1296, 0.1614] **
max =  0.1683 | max_idx =  4
**pseudo_label ->  [0.1216, 0.1339, 0.157, 0.1296, 0.168, 0.1223, 0.1674] **
max =  0.168 | max_idx =  4
**pseudo_label ->  [0.1247, 0.1345, 0.1447, 0.1285, 0.1655, 0.1379, 0.1642] **
max =  0.1655 | max_idx =  4
**pseudo_label ->  [0.1285, 0.1389, 0.1401, 0.1282, 0.1693, 0.1237, 0.1713] **
max =  0.1713 | max_idx =  6
Epoch 44/50, Train Loss: 1.9773, Valid Loss: 2.0203, Train Acc: 0.1429, Val Acc: 0.1173, Test Acc: 0.0184, Test F1: 0.0052, Total Pseudo-Labels: 0, Correct Pseudo-Labels: 0, Train Data Number: 35



line 303 => train data수 35
line 258 => 인스턴스 수 5
Step 220  Tim 1:26:24
acc_train_cw(현재 train의 class별 acc) [0.0, 0.0, 0.0, 0.0, 1.0, 0.0, 0.0]
cw_psl_total_eval(pseudo label 클래스별 총 샘플 수):  [0, 0, 0, 0, 0, 0, 0]
cw_psl_correct_eval(pseudo label 클래스별 맞은 샘플 수):  [0, 0, 0, 0, 0, 0, 0]
psl_acc(PSL 평가에서의 정확도): None 
cw_psl_acc(클래스별 PSL 평가에서의 정확도):  [nan, nan, nan, nan, nan, nan, nan]
**pseudo_label ->  [0.1422, 0.1498, 0.1375, 0.1036, 0.1822, 0.1171, 0.1676] **
max =  0.1822 | max_idx =  4
**pseudo_label ->  [0.1426, 0.152, 0.1334, 0.1091, 0.1745, 0.119, 0.1693] **
max =  0.1745 | max_idx =  4
**pseudo_label ->  [0.1382, 0.1564, 0.1357, 0.1149, 0.181, 0.1156, 0.1582] **
max =  0.181 | max_idx =  4
**pseudo_label ->  [0.1511, 0.1502, 0.1463, 0.1104, 0.1655, 0.1147, 0.1618] **
max =  0.1655 | max_idx =  4
**pseudo_label ->  [0.1382, 0.1609, 0.1421, 0.1108, 0.1845, 0.1145, 0.149] **
max =  0.1845 | max_idx =  4
Epoch 45/50, Train Loss: 1.9531, Valid Loss: 2.0312, Train Acc: 0.1429, Val Acc: 0.1433, Test Acc: 0.0430, Test F1: 0.0118, Total Pseudo-Labels: 0, Correct Pseudo-Labels: 0, Train Data Number: 35



line 303 => train data수 35
line 258 => 인스턴스 수 5
Step 225  Tim 1:28:08
acc_train_cw(현재 train의 class별 acc) [0.0, 1.0, 0.0, 0.0, 0.0, 0.0, 0.0]
cw_psl_total_eval(pseudo label 클래스별 총 샘플 수):  [0, 0, 0, 0, 0, 0, 0]
cw_psl_correct_eval(pseudo label 클래스별 맞은 샘플 수):  [0, 0, 0, 0, 0, 0, 0]
psl_acc(PSL 평가에서의 정확도): None 
cw_psl_acc(클래스별 PSL 평가에서의 정확도):  [nan, nan, nan, nan, nan, nan, nan]
**pseudo_label ->  [0.1431, 0.1777, 0.1265, 0.1129, 0.1809, 0.1064, 0.1524] **
max =  0.1809 | max_idx =  4
**pseudo_label ->  [0.1447, 0.1682, 0.1315, 0.1185, 0.1745, 0.109, 0.1537] **
max =  0.1745 | max_idx =  4
**pseudo_label ->  [0.1395, 0.1725, 0.1287, 0.1152, 0.177, 0.1071, 0.16] **
max =  0.177 | max_idx =  4
**pseudo_label ->  [0.1434, 0.1692, 0.1352, 0.1104, 0.1724, 0.1169, 0.1525] **
max =  0.1724 | max_idx =  4
**pseudo_label ->  [0.1426, 0.1582, 0.1395, 0.1134, 0.1834, 0.1153, 0.1476] **
max =  0.1834 | max_idx =  4
Epoch 46/50, Train Loss: 1.9915, Valid Loss: 1.9659, Train Acc: 0.1429, Val Acc: 0.0065, Test Acc: 0.2787, Test F1: 0.0623, Total Pseudo-Labels: 0, Correct Pseudo-Labels: 0, Train Data Number: 35



line 303 => train data수 35
line 258 => 인스턴스 수 5
Step 230  Tim 1:30:06
acc_train_cw(현재 train의 class별 acc) [0.0, 0.0, 0.0, 0.0, 1.0, 0.0, 0.0]
cw_psl_total_eval(pseudo label 클래스별 총 샘플 수):  [0, 0, 0, 0, 0, 0, 0]
cw_psl_correct_eval(pseudo label 클래스별 맞은 샘플 수):  [0, 0, 0, 0, 0, 0, 0]
psl_acc(PSL 평가에서의 정확도): None 
cw_psl_acc(클래스별 PSL 평가에서의 정확도):  [nan, nan, nan, nan, nan, nan, nan]
**pseudo_label ->  [0.1113, 0.1705, 0.1241, 0.1212, 0.1885, 0.0757, 0.2086] **
max =  0.2086 | max_idx =  6
**pseudo_label ->  [0.1284, 0.1621, 0.1395, 0.1331, 0.1612, 0.1142, 0.1615] **
max =  0.1621 | max_idx =  1
**pseudo_label ->  [0.1394, 0.1545, 0.1402, 0.1285, 0.1664, 0.1102, 0.1608] **
max =  0.1664 | max_idx =  4
**pseudo_label ->  [0.149, 0.1543, 0.1349, 0.1267, 0.1661, 0.1136, 0.1555] **
max =  0.1661 | max_idx =  4
**pseudo_label ->  [0.137, 0.1554, 0.1403, 0.1343, 0.1555, 0.1154, 0.1621] **
max =  0.1621 | max_idx =  6
Epoch 47/50, Train Loss: 1.9878, Valid Loss: 1.9234, Train Acc: 0.1429, Val Acc: 0.1433, Test Acc: 0.0430, Test F1: 0.0118, Total Pseudo-Labels: 0, Correct Pseudo-Labels: 0, Train Data Number: 35



line 303 => train data수 35
line 258 => 인스턴스 수 5
Step 235  Tim 1:32:04
acc_train_cw(현재 train의 class별 acc) [0.0, 0.0, 1.0, 0.0, 0.0, 0.0, 0.0]
cw_psl_total_eval(pseudo label 클래스별 총 샘플 수):  [0, 0, 0, 0, 0, 0, 0]
cw_psl_correct_eval(pseudo label 클래스별 맞은 샘플 수):  [0, 0, 0, 0, 0, 0, 0]
psl_acc(PSL 평가에서의 정확도): None 
cw_psl_acc(클래스별 PSL 평가에서의 정확도):  [nan, nan, nan, nan, nan, nan, nan]
**pseudo_label ->  [0.1195, 0.1402, 0.1865, 0.1277, 0.1479, 0.1419, 0.1363] **
max =  0.1865 | max_idx =  2
**pseudo_label ->  [0.1185, 0.1256, 0.1699, 0.1346, 0.1589, 0.1476, 0.1449] **
max =  0.1699 | max_idx =  2
**pseudo_label ->  [0.1234, 0.1371, 0.1875, 0.1309, 0.141, 0.143, 0.1372] **
max =  0.1875 | max_idx =  2
**pseudo_label ->  [0.127, 0.138, 0.1884, 0.1342, 0.1458, 0.1349, 0.1316] **
max =  0.1884 | max_idx =  2
**pseudo_label ->  [0.1217, 0.1396, 0.1836, 0.123, 0.157, 0.1431, 0.1319] **
max =  0.1836 | max_idx =  2
Epoch 48/50, Train Loss: 1.9621, Valid Loss: 1.9121, Train Acc: 0.1429, Val Acc: 0.2280, Test Acc: 0.1230, Test F1: 0.0313, Total Pseudo-Labels: 0, Correct Pseudo-Labels: 0, Train Data Number: 35



line 303 => train data수 35
line 258 => 인스턴스 수 5
Step 240  Tim 1:33:52
acc_train_cw(현재 train의 class별 acc) [0.0, 0.0, 1.0, 0.0, 0.0, 0.0, 0.0]
cw_psl_total_eval(pseudo label 클래스별 총 샘플 수):  [0, 0, 0, 0, 0, 0, 0]
cw_psl_correct_eval(pseudo label 클래스별 맞은 샘플 수):  [0, 0, 0, 0, 0, 0, 0]
psl_acc(PSL 평가에서의 정확도): None 
cw_psl_acc(클래스별 PSL 평가에서의 정확도):  [nan, nan, nan, nan, nan, nan, nan]
**pseudo_label ->  [0.1204, 0.1104, 0.1845, 0.1437, 0.1396, 0.1764, 0.1249] **
max =  0.1845 | max_idx =  2
**pseudo_label ->  [0.1167, 0.1152, 0.1805, 0.1442, 0.1525, 0.1714, 0.1195] **
max =  0.1805 | max_idx =  2
**pseudo_label ->  [0.1173, 0.112, 0.1832, 0.147, 0.1462, 0.1686, 0.1257] **
max =  0.1832 | max_idx =  2
**pseudo_label ->  [0.0721, 0.0625, 0.2808, 0.1275, 0.0934, 0.2678, 0.096] **
max =  0.2808 | max_idx =  2
**pseudo_label ->  [0.118, 0.1125, 0.1861, 0.1624, 0.1373, 0.1588, 0.1249] **
max =  0.1861 | max_idx =  2
Epoch 49/50, Train Loss: 1.9765, Valid Loss: 1.9305, Train Acc: 0.1429, Val Acc: 0.2280, Test Acc: 0.1230, Test F1: 0.0313, Total Pseudo-Labels: 0, Correct Pseudo-Labels: 0, Train Data Number: 35



line 303 => train data수 35
line 258 => 인스턴스 수 5
Step 245  Tim 1:35:50
acc_train_cw(현재 train의 class별 acc) [0.0, 0.0, 0.0, 0.0, 0.0, 1.0, 0.0]
cw_psl_total_eval(pseudo label 클래스별 총 샘플 수):  [0, 0, 0, 0, 0, 0, 0]
cw_psl_correct_eval(pseudo label 클래스별 맞은 샘플 수):  [0, 0, 0, 0, 0, 0, 0]
psl_acc(PSL 평가에서의 정확도): None 
cw_psl_acc(클래스별 PSL 평가에서의 정확도):  [nan, nan, nan, nan, nan, nan, nan]
**pseudo_label ->  [0.1222, 0.1248, 0.1533, 0.1484, 0.1352, 0.1738, 0.1423] **
max =  0.1738 | max_idx =  5
**pseudo_label ->  [0.1204, 0.1303, 0.1581, 0.1488, 0.1301, 0.1782, 0.1341] **
max =  0.1782 | max_idx =  5
**pseudo_label ->  [0.1254, 0.1197, 0.1625, 0.1491, 0.1355, 0.1705, 0.1373] **
max =  0.1705 | max_idx =  5
**pseudo_label ->  [0.121, 0.1184, 0.1636, 0.153, 0.1307, 0.1752, 0.1381] **
max =  0.1752 | max_idx =  5
**pseudo_label ->  [0.1187, 0.125, 0.16, 0.1422, 0.1343, 0.1817, 0.1381] **
max =  0.1817 | max_idx =  5
Epoch 50/50, Train Loss: 1.9815, Valid Loss: 1.9601, Train Acc: 0.1429, Val Acc: 0.0261, Test Acc: 0.2971, Test F1: 0.0654, Total Pseudo-Labels: 0, Correct Pseudo-Labels: 0, Train Data Number: 35

Training complete!
Total training took 1:37:33 (h:mm:ss)
Load model from ./experiment/python_extended_data/output/5_graphcodebert-base_0.0004_0.7_python_extended_data_net0.pth
Save training statistics in:  ./experiment/python_extended_data/log/graphcodebert/class6//5_graphcodebert-base_0.0004_0.7_python_extended_data/training_statistics.csv

best_trian_loss, epoch => 1.9417340755462646 36
Epoch-1_train_loss => 2.541546607017517
max_epoch_train_loss => 1.9815394878387451 


best_val_loss, epoch =>  1.825582379626917 13
Epoch-1_val_loss => 1.9161757987951222
max_epoch_val_loss => 1.9601082665912493 

pse_epoch =>  []
추가되는 pse_epoch =>  [] 

total_data:  35 
Best_step:  15 
Best_epoch:  3 
best_val_acc:  0.38762214983713356 
best_test_acc:  0.16188524590163936 
best_test_f1:  0.0398085159989922
Save best record in:  ./experiment/python_extended_data/log/graphcodebert/class6/summary.csv
Save best record in:  ./experiment/python_extended_data/log/summary_avgrun.csv
