current work directory:  /home/imsuhan22/few-shot-tc/custom_ssl/code
Data set -> python_extended_data
save_name: 5_graphcodebert-base_0.0002_0.7_python_extended_data

data_path:  ../data/problem_based_split/python_extended_data

There are 1 GPU(s) available.
We will use the GPU- 0 Quadro RTX 8000

**line 147 모델 =>  microsoft/graphcodebert-base
**tokenizer type =  microsoft/graphcodebert-base 

pesudo label class개수 기준 -> 1
n_labeled_per_class:  5
train_df samples: 3974
train_labeled_df samples: 35
train_unlabeled_df samples: 3939
n_classes:  7 


net_arch:  microsoft/graphcodebert-base 
lr:  0.0002 
lr_linear:  0.001 




line 303 => train data수 35
line 258 => 인스턴스 수 5
Step 0  Tim 0:00:19
acc_train_cw(현재 train의 class별 acc) [1.0, 0.0, 0.0, 0.0, 0.0, 0.0, 0.2]
cw_psl_total_eval(pseudo label 클래스별 총 샘플 수):  [0, 0, 0, 0, 0, 0, 0]
cw_psl_correct_eval(pseudo label 클래스별 맞은 샘플 수):  [0, 0, 0, 0, 0, 0, 0]
psl_acc(PSL 평가에서의 정확도): None 
cw_psl_acc(클래스별 PSL 평가에서의 정확도):  [nan, nan, nan, nan, nan, nan, nan]
***best_acc_model_save --- epoch = 1***
Save model to ./experiment/python_extended_data/output/
**pseudo_label ->  [0.199, 0.1161, 0.1112, 0.1538, 0.1124, 0.1649, 0.1426] **
max =  0.199 | max_idx =  0
**pseudo_label ->  [0.2098, 0.0857, 0.1501, 0.1502, 0.1196, 0.1242, 0.1605] **
max =  0.2098 | max_idx =  0
**pseudo_label ->  [0.2, 0.0847, 0.1358, 0.1457, 0.1451, 0.1354, 0.1533] **
max =  0.2 | max_idx =  0
**pseudo_label ->  [0.1758, 0.0459, 0.173, 0.2041, 0.1481, 0.1094, 0.1438] **
max =  0.2041 | max_idx =  3
**pseudo_label ->  [0.1505, 0.0884, 0.1435, 0.1655, 0.1163, 0.1802, 0.1556] **
max =  0.1802 | max_idx =  5
