current work directory:  /home/imsuhan22/few-shot-tc/custom_ssl/code
Data set -> corcod_extended_data
save_name: 5_graphcodebert-base_0.00025_0.7_corcod_extended_data_37_[45]

data_path:  ../data/problem_based_split/corcod_extended_data

There are 1 GPU(s) available.
We will use the GPU- 0 Quadro RTX 8000

**line 147 모델 =>  microsoft/graphcodebert-base
**tokenizer type =  microsoft/graphcodebert-base 

pesudo label class개수 기준 -> 5
n_labeled_per_class:  5
train_df samples: 739
train_labeled_df samples: 25
train_unlabeled_df samples: 714
n_classes:  5 


net_arch:  microsoft/graphcodebert-base 
lr:  0.00025 
lr_linear:  0.001 




line 303 => train data수 25
line 258 => 인스턴스 수 4
Step 0  Tim 0:00:08
acc_train_cw(현재 train의 class별 acc) [0.0, 0.0, 0.0, 0.0, 1.0]
cw_psl_total_eval(pseudo label 클래스별 총 샘플 수):  [0, 0, 0, 0, 0]
cw_psl_correct_eval(pseudo label 클래스별 맞은 샘플 수):  [0, 0, 0, 0, 0]
psl_acc(PSL 평가에서의 정확도): None 
cw_psl_acc(클래스별 PSL 평가에서의 정확도):  [nan, nan, nan, nan, nan]
***best_acc_model_save --- epoch = 1***
Save model to ./experiment/corcod_extended_data/output/
**pseudo_label ->  [0.1599, 0.1874, 0.2594, 0.2248, 0.1684] **
max =  0.2594 | max_idx =  2
**pseudo_label ->  [0.1868, 0.1918, 0.219, 0.1755, 0.2269] **
max =  0.2269 | max_idx =  4
**pseudo_label ->  [0.2054, 0.1868, 0.2139, 0.1562, 0.2376] **
max =  0.2376 | max_idx =  4
**pseudo_label ->  [0.1794, 0.1838, 0.2066, 0.1825, 0.2476] **
max =  0.2476 | max_idx =  4
**pseudo_label ->  [0.2107, 0.1655, 0.1571, 0.187, 0.2797] **
max =  0.2797 | max_idx =  4
Epoch 1/37, Train Loss: 2.1455, Valid Loss: 1.5452, Train Acc: 0.2000, Val Acc: 0.2755, Test Acc: 0.2316, Test F1(macro): 0.0941, Total Pseudo-Labels: 0, Correct Pseudo-Labels: 0, Train Data Number: 25



line 303 => train data수 25
line 258 => 인스턴스 수 4
Step 4  Tim 0:00:52
acc_train_cw(현재 train의 class별 acc) [0.0, 0.0, 1.0, 0.0, 0.0]
cw_psl_total_eval(pseudo label 클래스별 총 샘플 수):  [0, 0, 0, 0, 0]
cw_psl_correct_eval(pseudo label 클래스별 맞은 샘플 수):  [0, 0, 0, 0, 0]
psl_acc(PSL 평가에서의 정확도): None 
cw_psl_acc(클래스별 PSL 평가에서의 정확도):  [nan, nan, nan, nan, nan]
***best_acc_model_save --- epoch = 2***
Save model to ./experiment/corcod_extended_data/output/
**pseudo_label ->  [0.1921, 0.1735, 0.2556, 0.1827, 0.1961] **
max =  0.2556 | max_idx =  2
**pseudo_label ->  [0.1754, 0.1831, 0.2738, 0.1717, 0.196] **
max =  0.2738 | max_idx =  2
**pseudo_label ->  [0.1126, 0.203, 0.3638, 0.1816, 0.139] **
max =  0.3638 | max_idx =  2
**pseudo_label ->  [0.1699, 0.2054, 0.2915, 0.1708, 0.1624] **
max =  0.2915 | max_idx =  2
**pseudo_label ->  [0.1994, 0.1875, 0.209, 0.1848, 0.2192] **
max =  0.2192 | max_idx =  4
Epoch 2/37, Train Loss: 1.8484, Valid Loss: 1.5956, Train Acc: 0.2000, Val Acc: 0.4388, Test Acc: 0.3579, Test F1(macro): 0.1054, Total Pseudo-Labels: 0, Correct Pseudo-Labels: 0, Train Data Number: 25



line 303 => train data수 25
line 258 => 인스턴스 수 4
Step 8  Tim 0:01:42
acc_train_cw(현재 train의 class별 acc) [0.0, 1.0, 0.0, 0.0, 0.0]
cw_psl_total_eval(pseudo label 클래스별 총 샘플 수):  [0, 0, 0, 0, 0]
cw_psl_correct_eval(pseudo label 클래스별 맞은 샘플 수):  [0, 0, 0, 0, 0]
psl_acc(PSL 평가에서의 정확도): None 
cw_psl_acc(클래스별 PSL 평가에서의 정확도):  [nan, nan, nan, nan, nan]
**pseudo_label ->  [0.316, 0.1418, 0.0951, 0.1958, 0.2512] **
max =  0.316 | max_idx =  0
**pseudo_label ->  [0.1882, 0.222, 0.2257, 0.1985, 0.1657] **
max =  0.2257 | max_idx =  2
**pseudo_label ->  [0.1925, 0.2235, 0.2145, 0.2162, 0.1533] **
max =  0.2235 | max_idx =  1
**pseudo_label ->  [0.1885, 0.2356, 0.2222, 0.1765, 0.1771] **
max =  0.2356 | max_idx =  1
**pseudo_label ->  [0.3073, 0.1555, 0.153, 0.1631, 0.2211] **
max =  0.3073 | max_idx =  0
Epoch 3/37, Train Loss: 1.7296, Valid Loss: 1.8085, Train Acc: 0.2000, Val Acc: 0.0612, Test Acc: 0.0526, Test F1(macro): 0.0202, Total Pseudo-Labels: 0, Correct Pseudo-Labels: 0, Train Data Number: 25



line 303 => train data수 25
line 258 => 인스턴스 수 4
Step 12  Tim 0:02:26
acc_train_cw(현재 train의 class별 acc) [0.0, 1.0, 0.0, 0.0, 0.0]
cw_psl_total_eval(pseudo label 클래스별 총 샘플 수):  [0, 0, 0, 0, 0]
cw_psl_correct_eval(pseudo label 클래스별 맞은 샘플 수):  [0, 0, 0, 0, 0]
psl_acc(PSL 평가에서의 정확도): None 
cw_psl_acc(클래스별 PSL 평가에서의 정확도):  [nan, nan, nan, nan, nan]
**pseudo_label ->  [0.1938, 0.3325, 0.1745, 0.1645, 0.1348] **
max =  0.3325 | max_idx =  1
**pseudo_label ->  [0.1949, 0.3351, 0.169, 0.1579, 0.1431] **
max =  0.3351 | max_idx =  1
**pseudo_label ->  [0.195, 0.3423, 0.1734, 0.1599, 0.1295] **
max =  0.3423 | max_idx =  1
**pseudo_label ->  [0.1977, 0.334, 0.1692, 0.1655, 0.1335] **
max =  0.334 | max_idx =  1
**pseudo_label ->  [0.1914, 0.3461, 0.1738, 0.1576, 0.1311] **
max =  0.3461 | max_idx =  1
Epoch 4/37, Train Loss: 1.7545, Valid Loss: 1.7229, Train Acc: 0.2000, Val Acc: 0.0612, Test Acc: 0.0526, Test F1(macro): 0.0200, Total Pseudo-Labels: 0, Correct Pseudo-Labels: 0, Train Data Number: 25



line 303 => train data수 25
line 258 => 인스턴스 수 4
Step 16  Tim 0:03:10
acc_train_cw(현재 train의 class별 acc) [1.0, 0.0, 0.0, 0.0, 0.0]
cw_psl_total_eval(pseudo label 클래스별 총 샘플 수):  [0, 48, 0, 0, 0]
cw_psl_correct_eval(pseudo label 클래스별 맞은 샘플 수):  [0, 1, 0, 0, 0]
psl_acc(PSL 평가에서의 정확도):  0.021 
cw_psl_acc(클래스별 PSL 평가에서의 정확도):  [nan, 0.02083333395421505, nan, nan, nan]
**pseudo_label ->  [0.2605, 0.2243, 0.1667, 0.1446, 0.2038] **
max =  0.2605 | max_idx =  0
**pseudo_label ->  [0.2602, 0.2176, 0.1675, 0.1501, 0.2046] **
max =  0.2602 | max_idx =  0
**pseudo_label ->  [0.2601, 0.2278, 0.1657, 0.1427, 0.2037] **
max =  0.2601 | max_idx =  0
**pseudo_label ->  [0.2547, 0.2235, 0.1674, 0.145, 0.2095] **
max =  0.2547 | max_idx =  0
**pseudo_label ->  [0.2599, 0.2245, 0.1678, 0.1364, 0.2115] **
max =  0.2599 | max_idx =  0
Epoch 5/37, Train Loss: 1.5996, Valid Loss: 1.5672, Train Acc: 0.2000, Val Acc: 0.1020, Test Acc: 0.1263, Test F1(macro): 0.0449, Total Pseudo-Labels: 0, Correct Pseudo-Labels: 0, Train Data Number: 25



line 303 => train data수 25
line 258 => 인스턴스 수 4
Step 20  Tim 0:03:53
acc_train_cw(현재 train의 class별 acc) [0.0, 0.0, 0.0, 0.0, 1.0]
cw_psl_total_eval(pseudo label 클래스별 총 샘플 수):  [0, 0, 0, 0, 0]
cw_psl_correct_eval(pseudo label 클래스별 맞은 샘플 수):  [0, 0, 0, 0, 0]
psl_acc(PSL 평가에서의 정확도): None 
cw_psl_acc(클래스별 PSL 평가에서의 정확도):  [nan, nan, nan, nan, nan]
**pseudo_label ->  [0.2292, 0.1596, 0.2283, 0.157, 0.2259] **
max =  0.2292 | max_idx =  0
**pseudo_label ->  [0.2228, 0.1739, 0.2206, 0.1563, 0.2263] **
max =  0.2263 | max_idx =  4
**pseudo_label ->  [0.2367, 0.1459, 0.2397, 0.1628, 0.2148] **
max =  0.2397 | max_idx =  2
**pseudo_label ->  [0.2097, 0.1513, 0.2621, 0.0766, 0.3004] **
max =  0.3004 | max_idx =  4
**pseudo_label ->  [0.2221, 0.1732, 0.2242, 0.1525, 0.2281] **
max =  0.2281 | max_idx =  4
Epoch 6/37, Train Loss: 1.7188, Valid Loss: 1.5803, Train Acc: 0.2000, Val Acc: 0.2449, Test Acc: 0.2316, Test F1(macro): 0.0752, Total Pseudo-Labels: 0, Correct Pseudo-Labels: 0, Train Data Number: 25



line 303 => train data수 25
line 258 => 인스턴스 수 4
Step 24  Tim 0:04:33
acc_train_cw(현재 train의 class별 acc) [0.0, 0.0, 0.0, 1.0, 0.0]
cw_psl_total_eval(pseudo label 클래스별 총 샘플 수):  [0, 0, 0, 0, 0]
cw_psl_correct_eval(pseudo label 클래스별 맞은 샘플 수):  [0, 0, 0, 0, 0]
psl_acc(PSL 평가에서의 정확도): None 
cw_psl_acc(클래스별 PSL 평가에서의 정확도):  [nan, nan, nan, nan, nan]
**pseudo_label ->  [0.0952, 0.0697, 0.2261, 0.4485, 0.1606] **
max =  0.4485 | max_idx =  3
**pseudo_label ->  [0.1802, 0.1513, 0.2068, 0.2688, 0.1929] **
max =  0.2688 | max_idx =  3
**pseudo_label ->  [0.0977, 0.0843, 0.2438, 0.4504, 0.1237] **
max =  0.4504 | max_idx =  3
**pseudo_label ->  [0.1753, 0.1476, 0.2192, 0.2679, 0.19] **
max =  0.2679 | max_idx =  3
**pseudo_label ->  [0.1728, 0.145, 0.2168, 0.264, 0.2014] **
max =  0.264 | max_idx =  3
Epoch 7/37, Train Loss: 1.7208, Valid Loss: 1.6175, Train Acc: 0.2000, Val Acc: 0.1429, Test Acc: 0.2316, Test F1(macro): 0.0752, Total Pseudo-Labels: 0, Correct Pseudo-Labels: 0, Train Data Number: 25



line 303 => train data수 25
line 258 => 인스턴스 수 4
Step 28  Tim 0:05:14
acc_train_cw(현재 train의 class별 acc) [0.0, 0.0, 0.0, 1.0, 0.0]
cw_psl_total_eval(pseudo label 클래스별 총 샘플 수):  [0, 0, 0, 0, 0]
cw_psl_correct_eval(pseudo label 클래스별 맞은 샘플 수):  [0, 0, 0, 0, 0]
psl_acc(PSL 평가에서의 정확도): None 
cw_psl_acc(클래스별 PSL 평가에서의 정확도):  [nan, nan, nan, nan, nan]
**pseudo_label ->  [0.2036, 0.1358, 0.1589, 0.2963, 0.2055] **
max =  0.2963 | max_idx =  3
**pseudo_label ->  [0.1633, 0.1618, 0.1888, 0.2873, 0.1988] **
max =  0.2873 | max_idx =  3
**pseudo_label ->  [0.1632, 0.153, 0.1943, 0.2833, 0.2062] **
max =  0.2833 | max_idx =  3
**pseudo_label ->  [0.1662, 0.1627, 0.2009, 0.2739, 0.1963] **
max =  0.2739 | max_idx =  3
**pseudo_label ->  [0.1515, 0.1431, 0.1133, 0.2212, 0.3708] **
max =  0.3708 | max_idx =  4
Epoch 8/37, Train Loss: 1.6187, Valid Loss: 1.6581, Train Acc: 0.2000, Val Acc: 0.1429, Test Acc: 0.2316, Test F1(macro): 0.0752, Total Pseudo-Labels: 0, Correct Pseudo-Labels: 0, Train Data Number: 25



line 303 => train data수 25
line 258 => 인스턴스 수 4
Step 32  Tim 0:05:54
acc_train_cw(현재 train의 class별 acc) [0.0, 1.0, 0.0, 0.0, 0.0]
cw_psl_total_eval(pseudo label 클래스별 총 샘플 수):  [0, 0, 0, 0, 4]
cw_psl_correct_eval(pseudo label 클래스별 맞은 샘플 수):  [0, 0, 0, 0, 1]
psl_acc(PSL 평가에서의 정확도):  0.25 
cw_psl_acc(클래스별 PSL 평가에서의 정확도):  [nan, nan, nan, nan, 0.25]
**pseudo_label ->  [0.0835, 0.4433, 0.1257, 0.1608, 0.1866] **
max =  0.4433 | max_idx =  1
**pseudo_label ->  [0.1617, 0.254, 0.189, 0.1942, 0.2012] **
max =  0.254 | max_idx =  1
**pseudo_label ->  [0.1691, 0.2385, 0.1907, 0.2155, 0.1861] **
max =  0.2385 | max_idx =  1
**pseudo_label ->  [0.1601, 0.2464, 0.1858, 0.2138, 0.1939] **
max =  0.2464 | max_idx =  1
**pseudo_label ->  [0.1551, 0.2393, 0.1854, 0.2091, 0.2111] **
max =  0.2393 | max_idx =  1
Epoch 9/37, Train Loss: 1.7151, Valid Loss: 1.6172, Train Acc: 0.2000, Val Acc: 0.0612, Test Acc: 0.0526, Test F1(macro): 0.0200, Total Pseudo-Labels: 0, Correct Pseudo-Labels: 0, Train Data Number: 25



line 303 => train data수 25
line 258 => 인스턴스 수 4
Step 36  Tim 0:06:35
acc_train_cw(현재 train의 class별 acc) [0.0, 1.0, 0.0, 0.0, 0.0]
cw_psl_total_eval(pseudo label 클래스별 총 샘플 수):  [0, 0, 0, 0, 0]
cw_psl_correct_eval(pseudo label 클래스별 맞은 샘플 수):  [0, 0, 0, 0, 0]
psl_acc(PSL 평가에서의 정확도): None 
cw_psl_acc(클래스별 PSL 평가에서의 정확도):  [nan, nan, nan, nan, nan]
**pseudo_label ->  [0.1614, 0.2775, 0.2162, 0.1526, 0.1924] **
max =  0.2775 | max_idx =  1
**pseudo_label ->  [0.1485, 0.2719, 0.2333, 0.1591, 0.1871] **
max =  0.2719 | max_idx =  1
**pseudo_label ->  [0.1559, 0.2599, 0.2293, 0.1639, 0.191] **
max =  0.2599 | max_idx =  1
**pseudo_label ->  [0.1654, 0.2857, 0.1503, 0.1117, 0.2869] **
max =  0.2869 | max_idx =  4
**pseudo_label ->  [0.1608, 0.2447, 0.2299, 0.1793, 0.1853] **
max =  0.2447 | max_idx =  1
Epoch 10/37, Train Loss: 1.6275, Valid Loss: 1.6009, Train Acc: 0.2000, Val Acc: 0.0612, Test Acc: 0.0526, Test F1(macro): 0.0200, Total Pseudo-Labels: 0, Correct Pseudo-Labels: 0, Train Data Number: 25



line 303 => train data수 25
line 258 => 인스턴스 수 4
Step 40  Tim 0:07:17
acc_train_cw(현재 train의 class별 acc) [0.0, 0.0, 0.0, 1.0, 0.0]
cw_psl_total_eval(pseudo label 클래스별 총 샘플 수):  [0, 0, 0, 0, 0]
cw_psl_correct_eval(pseudo label 클래스별 맞은 샘플 수):  [0, 0, 0, 0, 0]
psl_acc(PSL 평가에서의 정확도): None 
cw_psl_acc(클래스별 PSL 평가에서의 정확도):  [nan, nan, nan, nan, nan]
**pseudo_label ->  [0.1781, 0.1962, 0.2285, 0.2372, 0.1601] **
max =  0.2372 | max_idx =  3
**pseudo_label ->  [0.1715, 0.2058, 0.2231, 0.2354, 0.1642] **
max =  0.2354 | max_idx =  3
**pseudo_label ->  [0.1811, 0.2129, 0.2226, 0.224, 0.1593] **
max =  0.224 | max_idx =  3
**pseudo_label ->  [0.1783, 0.2022, 0.222, 0.2427, 0.1549] **
max =  0.2427 | max_idx =  3
**pseudo_label ->  [0.1814, 0.2072, 0.2259, 0.2262, 0.1593] **
max =  0.2262 | max_idx =  3
Epoch 11/37, Train Loss: 1.6413, Valid Loss: 1.5862, Train Acc: 0.2000, Val Acc: 0.1429, Test Acc: 0.2316, Test F1(macro): 0.0752, Total Pseudo-Labels: 0, Correct Pseudo-Labels: 0, Train Data Number: 25



line 303 => train data수 25
line 258 => 인스턴스 수 4
Step 44  Tim 0:07:57
acc_train_cw(현재 train의 class별 acc) [0.0, 0.0, 0.0, 1.0, 0.0]
cw_psl_total_eval(pseudo label 클래스별 총 샘플 수):  [0, 0, 0, 0, 0]
cw_psl_correct_eval(pseudo label 클래스별 맞은 샘플 수):  [0, 0, 0, 0, 0]
psl_acc(PSL 평가에서의 정확도): None 
cw_psl_acc(클래스별 PSL 평가에서의 정확도):  [nan, nan, nan, nan, nan]
**pseudo_label ->  [0.1966, 0.1719, 0.2293, 0.2435, 0.1587] **
max =  0.2435 | max_idx =  3
**pseudo_label ->  [0.2022, 0.1754, 0.2252, 0.2329, 0.1642] **
max =  0.2329 | max_idx =  3
**pseudo_label ->  [0.2002, 0.1742, 0.2275, 0.2356, 0.1625] **
max =  0.2356 | max_idx =  3
**pseudo_label ->  [0.2031, 0.1736, 0.2278, 0.231, 0.1645] **
max =  0.231 | max_idx =  3
**pseudo_label ->  [0.2059, 0.1685, 0.2208, 0.2712, 0.1337] **
max =  0.2712 | max_idx =  3
Epoch 12/37, Train Loss: 1.6627, Valid Loss: 1.6392, Train Acc: 0.2000, Val Acc: 0.1429, Test Acc: 0.2316, Test F1(macro): 0.0752, Total Pseudo-Labels: 0, Correct Pseudo-Labels: 0, Train Data Number: 25



line 303 => train data수 25
line 258 => 인스턴스 수 4
Step 48  Tim 0:08:38
acc_train_cw(현재 train의 class별 acc) [1.0, 0.0, 0.0, 0.0, 0.0]
cw_psl_total_eval(pseudo label 클래스별 총 샘플 수):  [0, 0, 0, 0, 0]
cw_psl_correct_eval(pseudo label 클래스별 맞은 샘플 수):  [0, 0, 0, 0, 0]
psl_acc(PSL 평가에서의 정확도): None 
cw_psl_acc(클래스별 PSL 평가에서의 정확도):  [nan, nan, nan, nan, nan]
**pseudo_label ->  [0.2439, 0.1614, 0.2001, 0.2133, 0.1814] **
max =  0.2439 | max_idx =  0
**pseudo_label ->  [0.2546, 0.1646, 0.1908, 0.2226, 0.1675] **
max =  0.2546 | max_idx =  0
**pseudo_label ->  [0.6207, 0.0604, 0.0508, 0.0282, 0.24] **
max =  0.6207 | max_idx =  0
**pseudo_label ->  [0.3671, 0.1324, 0.1692, 0.235, 0.0963] **
max =  0.3671 | max_idx =  0
**pseudo_label ->  [0.3727, 0.1163, 0.1568, 0.2423, 0.1119] **
max =  0.3727 | max_idx =  0
Epoch 13/37, Train Loss: 1.7007, Valid Loss: 1.6429, Train Acc: 0.2000, Val Acc: 0.1020, Test Acc: 0.1263, Test F1(macro): 0.0449, Total Pseudo-Labels: 0, Correct Pseudo-Labels: 0, Train Data Number: 25



line 303 => train data수 25
line 258 => 인스턴스 수 4
Step 52  Tim 0:09:18
acc_train_cw(현재 train의 class별 acc) [0.0, 0.0, 0.0, 1.0, 0.0]
cw_psl_total_eval(pseudo label 클래스별 총 샘플 수):  [2, 0, 0, 0, 0]
cw_psl_correct_eval(pseudo label 클래스별 맞은 샘플 수):  [0, 0, 0, 0, 0]
psl_acc(PSL 평가에서의 정확도):  0.0 
cw_psl_acc(클래스별 PSL 평가에서의 정확도):  [0.0, nan, nan, nan, nan]
**pseudo_label ->  [0.2236, 0.1834, 0.1839, 0.2434, 0.1658] **
max =  0.2434 | max_idx =  3
**pseudo_label ->  [0.3829, 0.1264, 0.1067, 0.1821, 0.2018] **
max =  0.3829 | max_idx =  0
**pseudo_label ->  [0.2248, 0.1791, 0.1916, 0.2283, 0.1761] **
max =  0.2283 | max_idx =  3
**pseudo_label ->  [0.2276, 0.1823, 0.1956, 0.2178, 0.1768] **
max =  0.2276 | max_idx =  0
**pseudo_label ->  [0.2468, 0.1645, 0.1791, 0.241, 0.1686] **
max =  0.2468 | max_idx =  0
Epoch 14/37, Train Loss: 1.6641, Valid Loss: 1.6072, Train Acc: 0.2000, Val Acc: 0.1429, Test Acc: 0.2316, Test F1(macro): 0.0752, Total Pseudo-Labels: 0, Correct Pseudo-Labels: 0, Train Data Number: 25



line 303 => train data수 25
line 258 => 인스턴스 수 4
Step 56  Tim 0:09:59
acc_train_cw(현재 train의 class별 acc) [1.0, 0.0, 0.0, 0.0, 0.0]
cw_psl_total_eval(pseudo label 클래스별 총 샘플 수):  [0, 0, 0, 0, 0]
cw_psl_correct_eval(pseudo label 클래스별 맞은 샘플 수):  [0, 0, 0, 0, 0]
psl_acc(PSL 평가에서의 정확도): None 
cw_psl_acc(클래스별 PSL 평가에서의 정확도):  [nan, nan, nan, nan, nan]
**pseudo_label ->  [0.2161, 0.1925, 0.1976, 0.1895, 0.2043] **
max =  0.2161 | max_idx =  0
**pseudo_label ->  [0.2128, 0.1931, 0.193, 0.2028, 0.1983] **
max =  0.2128 | max_idx =  0
**pseudo_label ->  [0.2174, 0.1915, 0.1899, 0.2085, 0.1927] **
max =  0.2174 | max_idx =  0
**pseudo_label ->  [0.1968, 0.1809, 0.1934, 0.2147, 0.2142] **
max =  0.2147 | max_idx =  3
**pseudo_label ->  [0.2148, 0.1855, 0.2005, 0.188, 0.2113] **
max =  0.2148 | max_idx =  0
Epoch 15/37, Train Loss: 1.6346, Valid Loss: 1.6105, Train Acc: 0.2000, Val Acc: 0.1020, Test Acc: 0.1263, Test F1(macro): 0.0449, Total Pseudo-Labels: 0, Correct Pseudo-Labels: 0, Train Data Number: 25



line 303 => train data수 25
line 258 => 인스턴스 수 4
Step 60  Tim 0:10:43
acc_train_cw(현재 train의 class별 acc) [0.0, 0.0, 0.0, 0.0, 1.0]
cw_psl_total_eval(pseudo label 클래스별 총 샘플 수):  [0, 0, 0, 0, 0]
cw_psl_correct_eval(pseudo label 클래스별 맞은 샘플 수):  [0, 0, 0, 0, 0]
psl_acc(PSL 평가에서의 정확도): None 
cw_psl_acc(클래스별 PSL 평가에서의 정확도):  [nan, nan, nan, nan, nan]
**pseudo_label ->  [0.1845, 0.2186, 0.1998, 0.1459, 0.2512] **
max =  0.2512 | max_idx =  4
**pseudo_label ->  [0.2127, 0.1971, 0.1722, 0.1468, 0.2711] **
max =  0.2711 | max_idx =  4
**pseudo_label ->  [0.1743, 0.2117, 0.2063, 0.1528, 0.255] **
max =  0.255 | max_idx =  4
**pseudo_label ->  [0.1919, 0.2024, 0.1997, 0.1434, 0.2626] **
max =  0.2626 | max_idx =  4
**pseudo_label ->  [0.2543, 0.2153, 0.1658, 0.1196, 0.245] **
max =  0.2543 | max_idx =  0
Epoch 16/37, Train Loss: 1.6498, Valid Loss: 1.6231, Train Acc: 0.2000, Val Acc: 0.2449, Test Acc: 0.2316, Test F1(macro): 0.0752, Total Pseudo-Labels: 0, Correct Pseudo-Labels: 0, Train Data Number: 25



line 303 => train data수 25
line 258 => 인스턴스 수 4
Step 64  Tim 0:11:25
acc_train_cw(현재 train의 class별 acc) [0.0, 0.0, 0.0, 0.0, 1.0]
cw_psl_total_eval(pseudo label 클래스별 총 샘플 수):  [0, 0, 0, 0, 0]
cw_psl_correct_eval(pseudo label 클래스별 맞은 샘플 수):  [0, 0, 0, 0, 0]
psl_acc(PSL 평가에서의 정확도): None 
cw_psl_acc(클래스별 PSL 평가에서의 정확도):  [nan, nan, nan, nan, nan]
**pseudo_label ->  [0.1528, 0.2348, 0.1936, 0.1484, 0.2704] **
max =  0.2704 | max_idx =  4
**pseudo_label ->  [0.1595, 0.2427, 0.1918, 0.1483, 0.2577] **
max =  0.2577 | max_idx =  4
**pseudo_label ->  [0.1518, 0.2437, 0.1983, 0.1486, 0.2576] **
max =  0.2576 | max_idx =  4
**pseudo_label ->  [0.1607, 0.2461, 0.1869, 0.145, 0.2613] **
max =  0.2613 | max_idx =  4
**pseudo_label ->  [0.154, 0.2418, 0.1911, 0.1448, 0.2683] **
max =  0.2683 | max_idx =  4
Epoch 17/37, Train Loss: 1.6372, Valid Loss: 1.5725, Train Acc: 0.2000, Val Acc: 0.2449, Test Acc: 0.2316, Test F1(macro): 0.0752, Total Pseudo-Labels: 0, Correct Pseudo-Labels: 0, Train Data Number: 25



line 303 => train data수 25
line 258 => 인스턴스 수 4
Step 68  Tim 0:12:06
acc_train_cw(현재 train의 class별 acc) [0.0, 0.0, 0.0, 0.0, 1.0]
cw_psl_total_eval(pseudo label 클래스별 총 샘플 수):  [0, 0, 0, 0, 0]
cw_psl_correct_eval(pseudo label 클래스별 맞은 샘플 수):  [0, 0, 0, 0, 0]
psl_acc(PSL 평가에서의 정확도): None 
cw_psl_acc(클래스별 PSL 평가에서의 정확도):  [nan, nan, nan, nan, nan]
**pseudo_label ->  [0.2143, 0.2139, 0.1689, 0.1788, 0.224] **
max =  0.224 | max_idx =  4
**pseudo_label ->  [0.1585, 0.2165, 0.2216, 0.1554, 0.248] **
max =  0.248 | max_idx =  4
**pseudo_label ->  [0.2121, 0.2003, 0.1766, 0.1825, 0.2284] **
max =  0.2284 | max_idx =  4
**pseudo_label ->  [0.1576, 0.2159, 0.2234, 0.1533, 0.2498] **
max =  0.2498 | max_idx =  4
**pseudo_label ->  [0.1548, 0.2324, 0.2103, 0.1666, 0.2359] **
max =  0.2359 | max_idx =  4
Epoch 18/37, Train Loss: 1.6202, Valid Loss: 1.5572, Train Acc: 0.2000, Val Acc: 0.2449, Test Acc: 0.2316, Test F1(macro): 0.0752, Total Pseudo-Labels: 0, Correct Pseudo-Labels: 0, Train Data Number: 25



line 303 => train data수 25
line 258 => 인스턴스 수 4
Step 72  Tim 0:12:49
acc_train_cw(현재 train의 class별 acc) [0.0, 0.0, 0.0, 0.0, 1.0]
cw_psl_total_eval(pseudo label 클래스별 총 샘플 수):  [0, 0, 0, 0, 0]
cw_psl_correct_eval(pseudo label 클래스별 맞은 샘플 수):  [0, 0, 0, 0, 0]
psl_acc(PSL 평가에서의 정확도): None 
cw_psl_acc(클래스별 PSL 평가에서의 정확도):  [nan, nan, nan, nan, nan]
**pseudo_label ->  [0.1567, 0.1926, 0.2135, 0.1913, 0.2459] **
max =  0.2459 | max_idx =  4
**pseudo_label ->  [0.1573, 0.1928, 0.2199, 0.1825, 0.2476] **
max =  0.2476 | max_idx =  4
**pseudo_label ->  [0.1553, 0.1891, 0.2152, 0.1852, 0.2552] **
max =  0.2552 | max_idx =  4
**pseudo_label ->  [0.1603, 0.1924, 0.2278, 0.1922, 0.2273] **
max =  0.2278 | max_idx =  2
**pseudo_label ->  [0.1572, 0.1883, 0.2163, 0.1839, 0.2542] **
max =  0.2542 | max_idx =  4
Epoch 19/37, Train Loss: 1.6077, Valid Loss: 1.5696, Train Acc: 0.2000, Val Acc: 0.2449, Test Acc: 0.2316, Test F1(macro): 0.0752, Total Pseudo-Labels: 0, Correct Pseudo-Labels: 0, Train Data Number: 25



line 303 => train data수 25
line 258 => 인스턴스 수 4
Step 76  Tim 0:13:31
acc_train_cw(현재 train의 class별 acc) [0.0, 0.0, 0.0, 1.0, 0.0]
cw_psl_total_eval(pseudo label 클래스별 총 샘플 수):  [0, 0, 0, 0, 0]
cw_psl_correct_eval(pseudo label 클래스별 맞은 샘플 수):  [0, 0, 0, 0, 0]
psl_acc(PSL 평가에서의 정확도): None 
cw_psl_acc(클래스별 PSL 평가에서의 정확도):  [nan, nan, nan, nan, nan]
**pseudo_label ->  [0.178, 0.1625, 0.2206, 0.2285, 0.2104] **
max =  0.2285 | max_idx =  3
**pseudo_label ->  [0.1664, 0.1625, 0.2251, 0.2336, 0.2124] **
max =  0.2336 | max_idx =  3
**pseudo_label ->  [0.1229, 0.1324, 0.1908, 0.3872, 0.1666] **
max =  0.3872 | max_idx =  3
**pseudo_label ->  [0.1789, 0.1657, 0.2198, 0.2307, 0.2048] **
max =  0.2307 | max_idx =  3
**pseudo_label ->  [0.1626, 0.1708, 0.217, 0.2374, 0.2123] **
max =  0.2374 | max_idx =  3
Epoch 20/37, Train Loss: 1.6560, Valid Loss: 1.6380, Train Acc: 0.2000, Val Acc: 0.1429, Test Acc: 0.2316, Test F1(macro): 0.0752, Total Pseudo-Labels: 0, Correct Pseudo-Labels: 0, Train Data Number: 25



line 303 => train data수 25
line 258 => 인스턴스 수 4
Step 80  Tim 0:14:13
acc_train_cw(현재 train의 class별 acc) [1.0, 0.0, 0.0, 0.6, 0.0]
cw_psl_total_eval(pseudo label 클래스별 총 샘플 수):  [0, 0, 0, 0, 0]
cw_psl_correct_eval(pseudo label 클래스별 맞은 샘플 수):  [0, 0, 0, 0, 0]
psl_acc(PSL 평가에서의 정확도): None 
cw_psl_acc(클래스별 PSL 평가에서의 정확도):  [nan, nan, nan, nan, nan]
**pseudo_label ->  [0.2228, 0.176, 0.2067, 0.2175, 0.177] **
max =  0.2228 | max_idx =  0
**pseudo_label ->  [0.2237, 0.1909, 0.2114, 0.2135, 0.1605] **
max =  0.2237 | max_idx =  0
**pseudo_label ->  [0.2317, 0.181, 0.2044, 0.2295, 0.1534] **
max =  0.2317 | max_idx =  0
**pseudo_label ->  [0.2303, 0.1854, 0.2015, 0.2211, 0.1617] **
max =  0.2303 | max_idx =  0
**pseudo_label ->  [0.205, 0.1903, 0.1534, 0.2974, 0.1539] **
max =  0.2974 | max_idx =  3
Epoch 21/37, Train Loss: 1.6105, Valid Loss: 1.6210, Train Acc: 0.3200, Val Acc: 0.1327, Test Acc: 0.2842, Test F1(macro): 0.1661, Total Pseudo-Labels: 0, Correct Pseudo-Labels: 0, Train Data Number: 25



line 303 => train data수 25
line 258 => 인스턴스 수 4
Step 84  Tim 0:14:56
acc_train_cw(현재 train의 class별 acc) [1.0, 0.0, 0.2, 0.0, 0.0]
cw_psl_total_eval(pseudo label 클래스별 총 샘플 수):  [0, 0, 0, 0, 0]
cw_psl_correct_eval(pseudo label 클래스별 맞은 샘플 수):  [0, 0, 0, 0, 0]
psl_acc(PSL 평가에서의 정확도): None 
cw_psl_acc(클래스별 PSL 평가에서의 정확도):  [nan, nan, nan, nan, nan]
**pseudo_label ->  [0.2562, 0.2018, 0.2232, 0.1929, 0.1259] **
max =  0.2562 | max_idx =  0
**pseudo_label ->  [0.234, 0.1845, 0.2106, 0.1927, 0.1781] **
max =  0.234 | max_idx =  0
**pseudo_label ->  [0.2184, 0.1843, 0.2237, 0.1956, 0.178] **
max =  0.2237 | max_idx =  2
**pseudo_label ->  [0.2108, 0.1926, 0.2262, 0.191, 0.1794] **
max =  0.2262 | max_idx =  2
**pseudo_label ->  [0.2233, 0.1941, 0.2042, 0.2009, 0.1775] **
max =  0.2233 | max_idx =  0
Epoch 22/37, Train Loss: 1.5934, Valid Loss: 1.5680, Train Acc: 0.2400, Val Acc: 0.2041, Test Acc: 0.1895, Test F1(macro): 0.1001, Total Pseudo-Labels: 0, Correct Pseudo-Labels: 0, Train Data Number: 25



line 303 => train data수 25
line 258 => 인스턴스 수 4
Step 88  Tim 0:15:37
acc_train_cw(현재 train의 class별 acc) [1.0, 0.0, 0.6, 0.0, 0.8]
cw_psl_total_eval(pseudo label 클래스별 총 샘플 수):  [0, 0, 0, 0, 0]
cw_psl_correct_eval(pseudo label 클래스별 맞은 샘플 수):  [0, 0, 0, 0, 0]
psl_acc(PSL 평가에서의 정확도): None 
cw_psl_acc(클래스별 PSL 평가에서의 정확도):  [nan, nan, nan, nan, nan]
**pseudo_label ->  [0.1662, 0.2025, 0.2226, 0.1692, 0.2396] **
max =  0.2396 | max_idx =  4
**pseudo_label ->  [0.1822, 0.2075, 0.2315, 0.1715, 0.2073] **
max =  0.2315 | max_idx =  2
**pseudo_label ->  [0.2145, 0.1982, 0.2196, 0.1744, 0.1932] **
max =  0.2196 | max_idx =  2
**pseudo_label ->  [0.2463, 0.1856, 0.2243, 0.167, 0.1769] **
max =  0.2463 | max_idx =  0
**pseudo_label ->  [0.1812, 0.1955, 0.2423, 0.1661, 0.2148] **
max =  0.2423 | max_idx =  2
Epoch 23/37, Train Loss: 1.4585, Valid Loss: 1.6178, Train Acc: 0.4800, Val Acc: 0.3367, Test Acc: 0.3158, Test F1(macro): 0.1937, Total Pseudo-Labels: 0, Correct Pseudo-Labels: 0, Train Data Number: 25



line 303 => train data수 25
line 258 => 인스턴스 수 4
Step 92  Tim 0:16:20
acc_train_cw(현재 train의 class별 acc) [1.0, 0.2, 0.0, 0.0, 1.0]
cw_psl_total_eval(pseudo label 클래스별 총 샘플 수):  [0, 0, 0, 0, 0]
cw_psl_correct_eval(pseudo label 클래스별 맞은 샘플 수):  [0, 0, 0, 0, 0]
psl_acc(PSL 평가에서의 정확도): None 
cw_psl_acc(클래스별 PSL 평가에서의 정확도):  [nan, nan, nan, nan, nan]
**pseudo_label ->  [0.311, 0.2352, 0.1568, 0.1484, 0.1487] **
max =  0.311 | max_idx =  0
**pseudo_label ->  [0.0947, 0.3152, 0.168, 0.1505, 0.2715] **
max =  0.3152 | max_idx =  1
**pseudo_label ->  [0.0656, 0.2325, 0.2059, 0.1125, 0.3835] **
max =  0.3835 | max_idx =  4
**pseudo_label ->  [0.2698, 0.2805, 0.1436, 0.1523, 0.1539] **
max =  0.2805 | max_idx =  1
**pseudo_label ->  [0.0582, 0.2029, 0.2187, 0.1075, 0.4127] **
max =  0.4127 | max_idx =  4
Epoch 24/37, Train Loss: 1.4160, Valid Loss: 1.6406, Train Acc: 0.4400, Val Acc: 0.2347, Test Acc: 0.3158, Test F1(macro): 0.2548, Total Pseudo-Labels: 0, Correct Pseudo-Labels: 0, Train Data Number: 25



line 303 => train data수 25
line 258 => 인스턴스 수 4
Step 96  Tim 0:17:01
acc_train_cw(현재 train의 class별 acc) [0.4, 0.6, 0.0, 0.0, 1.0]
cw_psl_total_eval(pseudo label 클래스별 총 샘플 수):  [0, 0, 0, 0, 4]
cw_psl_correct_eval(pseudo label 클래스별 맞은 샘플 수):  [0, 0, 0, 0, 2]
psl_acc(PSL 평가에서의 정확도):  0.5 
cw_psl_acc(클래스별 PSL 평가에서의 정확도):  [nan, nan, nan, nan, 0.5]
**pseudo_label ->  [0.0332, 0.3943, 0.0916, 0.3333, 0.1477] **
max =  0.3943 | max_idx =  1
**pseudo_label ->  [0.0443, 0.2605, 0.1638, 0.2483, 0.2831] **
max =  0.2831 | max_idx =  4
**pseudo_label ->  [0.0096, 0.3876, 0.0805, 0.2544, 0.268] **
max =  0.3876 | max_idx =  1
**pseudo_label ->  [0.0504, 0.2963, 0.1592, 0.2466, 0.2475] **
max =  0.2963 | max_idx =  1
**pseudo_label ->  [0.0359, 0.1895, 0.1918, 0.1928, 0.39] **
max =  0.39 | max_idx =  4
Epoch 25/37, Train Loss: 1.5804, Valid Loss: 1.6792, Train Acc: 0.4000, Val Acc: 0.2347, Test Acc: 0.2526, Test F1(macro): 0.1871, Total Pseudo-Labels: 0, Correct Pseudo-Labels: 0, Train Data Number: 25



line 303 => train data수 25
line 258 => 인스턴스 수 4
Step 100  Tim 0:17:43
acc_train_cw(현재 train의 class별 acc) [1.0, 0.8, 0.0, 0.0, 0.6]
cw_psl_total_eval(pseudo label 클래스별 총 샘플 수):  [0, 0, 0, 0, 0]
cw_psl_correct_eval(pseudo label 클래스별 맞은 샘플 수):  [0, 0, 0, 0, 0]
psl_acc(PSL 평가에서의 정확도): None 
cw_psl_acc(클래스별 PSL 평가에서의 정확도):  [nan, nan, nan, nan, nan]
**pseudo_label ->  [0.3077, 0.2831, 0.177, 0.174, 0.0581] **
max =  0.3077 | max_idx =  0
**pseudo_label ->  [0.2704, 0.297, 0.1842, 0.1885, 0.0599] **
max =  0.297 | max_idx =  1
**pseudo_label ->  [0.2328, 0.3329, 0.1736, 0.2056, 0.0551] **
max =  0.3329 | max_idx =  1
**pseudo_label ->  [0.292, 0.2953, 0.1718, 0.1872, 0.0537] **
max =  0.2953 | max_idx =  1
**pseudo_label ->  [0.0434, 0.1746, 0.2378, 0.2236, 0.3206] **
max =  0.3206 | max_idx =  4
Epoch 26/37, Train Loss: 1.4813, Valid Loss: 1.6346, Train Acc: 0.4800, Val Acc: 0.2347, Test Acc: 0.2316, Test F1(macro): 0.1873, Total Pseudo-Labels: 0, Correct Pseudo-Labels: 0, Train Data Number: 25



line 303 => train data수 25
line 258 => 인스턴스 수 4
Step 104  Tim 0:18:26
acc_train_cw(현재 train의 class별 acc) [0.0, 1.0, 0.0, 0.0, 0.0]
cw_psl_total_eval(pseudo label 클래스별 총 샘플 수):  [0, 0, 0, 0, 0]
cw_psl_correct_eval(pseudo label 클래스별 맞은 샘플 수):  [0, 0, 0, 0, 0]
psl_acc(PSL 평가에서의 정확도): None 
cw_psl_acc(클래스별 PSL 평가에서의 정확도):  [nan, nan, nan, nan, nan]
**pseudo_label ->  [0.1087, 0.2911, 0.2455, 0.2146, 0.1401] **
max =  0.2911 | max_idx =  1
**pseudo_label ->  [0.0819, 0.2954, 0.2329, 0.226, 0.1638] **
max =  0.2954 | max_idx =  1
**pseudo_label ->  [0.0877, 0.3009, 0.2418, 0.2008, 0.1689] **
max =  0.3009 | max_idx =  1
**pseudo_label ->  [0.0764, 0.3225, 0.2171, 0.2237, 0.1603] **
max =  0.3225 | max_idx =  1
**pseudo_label ->  [0.0809, 0.3843, 0.1965, 0.2077, 0.1306] **
max =  0.3843 | max_idx =  1
Epoch 27/37, Train Loss: 1.6164, Valid Loss: 1.4759, Train Acc: 0.2000, Val Acc: 0.0612, Test Acc: 0.0526, Test F1(macro): 0.0200, Total Pseudo-Labels: 0, Correct Pseudo-Labels: 0, Train Data Number: 25



line 303 => train data수 25
line 258 => 인스턴스 수 4
Step 108  Tim 0:19:09
acc_train_cw(현재 train의 class별 acc) [0.0, 0.0, 0.8, 0.0, 0.4]
cw_psl_total_eval(pseudo label 클래스별 총 샘플 수):  [0, 0, 0, 0, 0]
cw_psl_correct_eval(pseudo label 클래스별 맞은 샘플 수):  [0, 0, 0, 0, 0]
psl_acc(PSL 평가에서의 정확도): None 
cw_psl_acc(클래스별 PSL 평가에서의 정확도):  [nan, nan, nan, nan, nan]
**pseudo_label ->  [0.3267, 0.1408, 0.2275, 0.1508, 0.1543] **
max =  0.3267 | max_idx =  0
**pseudo_label ->  [0.1653, 0.1593, 0.2808, 0.1854, 0.2092] **
max =  0.2808 | max_idx =  2
**pseudo_label ->  [0.174, 0.1739, 0.2654, 0.1888, 0.1979] **
max =  0.2654 | max_idx =  2
**pseudo_label ->  [0.2493, 0.152, 0.2805, 0.1565, 0.1618] **
max =  0.2805 | max_idx =  2
**pseudo_label ->  [0.1676, 0.1631, 0.2732, 0.1747, 0.2214] **
max =  0.2732 | max_idx =  2
Epoch 28/37, Train Loss: 1.7001, Valid Loss: 1.6551, Train Acc: 0.2400, Val Acc: 0.3980, Test Acc: 0.3474, Test F1(macro): 0.1693, Total Pseudo-Labels: 0, Correct Pseudo-Labels: 0, Train Data Number: 25



line 303 => train data수 25
line 258 => 인스턴스 수 4
Step 112  Tim 0:19:51
acc_train_cw(현재 train의 class별 acc) [1.0, 0.0, 0.0, 0.0, 0.0]
cw_psl_total_eval(pseudo label 클래스별 총 샘플 수):  [0, 0, 0, 0, 0]
cw_psl_correct_eval(pseudo label 클래스별 맞은 샘플 수):  [0, 0, 0, 0, 0]
psl_acc(PSL 평가에서의 정확도): None 
cw_psl_acc(클래스별 PSL 평가에서의 정확도):  [nan, nan, nan, nan, nan]
**pseudo_label ->  [0.3874, 0.1442, 0.207, 0.1479, 0.1134] **
max =  0.3874 | max_idx =  0
**pseudo_label ->  [0.2948, 0.1508, 0.2527, 0.1548, 0.1469] **
max =  0.2948 | max_idx =  0
**pseudo_label ->  [0.3281, 0.1672, 0.2092, 0.1714, 0.124] **
max =  0.3281 | max_idx =  0
**pseudo_label ->  [0.3993, 0.1523, 0.1849, 0.1685, 0.0951] **
max =  0.3993 | max_idx =  0
**pseudo_label ->  [0.4029, 0.1471, 0.1929, 0.1425, 0.1146] **
max =  0.4029 | max_idx =  0
Epoch 29/37, Train Loss: 1.6542, Valid Loss: 1.4477, Train Acc: 0.2000, Val Acc: 0.1020, Test Acc: 0.1263, Test F1(macro): 0.0449, Total Pseudo-Labels: 0, Correct Pseudo-Labels: 0, Train Data Number: 25



line 303 => train data수 25
line 258 => 인스턴스 수 4
Step 116  Tim 0:20:35
acc_train_cw(현재 train의 class별 acc) [0.0, 0.0, 0.0, 0.0, 1.0]
cw_psl_total_eval(pseudo label 클래스별 총 샘플 수):  [1, 0, 0, 0, 0]
cw_psl_correct_eval(pseudo label 클래스별 맞은 샘플 수):  [1, 0, 0, 0, 0]
psl_acc(PSL 평가에서의 정확도):  1.0 
cw_psl_acc(클래스별 PSL 평가에서의 정확도):  [1.0, nan, nan, nan, nan]
**pseudo_label ->  [0.093, 0.1289, 0.2493, 0.1794, 0.3494] **
max =  0.3494 | max_idx =  4
**pseudo_label ->  [0.0982, 0.1295, 0.2622, 0.1631, 0.347] **
max =  0.347 | max_idx =  4
**pseudo_label ->  [0.1058, 0.1432, 0.2674, 0.2152, 0.2683] **
max =  0.2683 | max_idx =  4
**pseudo_label ->  [0.1239, 0.1883, 0.2582, 0.1714, 0.2582] **
max =  0.2582 | max_idx =  2
**pseudo_label ->  [0.1059, 0.1353, 0.2797, 0.1712, 0.3079] **
max =  0.3079 | max_idx =  4
Epoch 30/37, Train Loss: 1.7870, Valid Loss: 1.6241, Train Acc: 0.2000, Val Acc: 0.2449, Test Acc: 0.2316, Test F1(macro): 0.0752, Total Pseudo-Labels: 0, Correct Pseudo-Labels: 0, Train Data Number: 25



line 303 => train data수 25
line 258 => 인스턴스 수 4
Step 120  Tim 0:21:19
acc_train_cw(현재 train의 class별 acc) [0.6, 0.0, 0.0, 0.2, 1.0]
cw_psl_total_eval(pseudo label 클래스별 총 샘플 수):  [0, 0, 0, 0, 0]
cw_psl_correct_eval(pseudo label 클래스별 맞은 샘플 수):  [0, 0, 0, 0, 0]
psl_acc(PSL 평가에서의 정확도): None 
cw_psl_acc(클래스별 PSL 평가에서의 정확도):  [nan, nan, nan, nan, nan]
**pseudo_label ->  [0.1118, 0.1653, 0.2039, 0.2067, 0.3123] **
max =  0.3123 | max_idx =  4
**pseudo_label ->  [0.2082, 0.1787, 0.1872, 0.2102, 0.2156] **
max =  0.2156 | max_idx =  4
**pseudo_label ->  [0.1907, 0.1861, 0.1949, 0.2166, 0.2117] **
max =  0.2166 | max_idx =  3
**pseudo_label ->  [0.2141, 0.2051, 0.1333, 0.24, 0.2076] **
max =  0.24 | max_idx =  3
**pseudo_label ->  [0.1932, 0.1927, 0.1824, 0.2147, 0.217] **
max =  0.217 | max_idx =  4
Epoch 31/37, Train Loss: 1.5760, Valid Loss: 1.6515, Train Acc: 0.3600, Val Acc: 0.2551, Test Acc: 0.3158, Test F1(macro): 0.2379, Total Pseudo-Labels: 0, Correct Pseudo-Labels: 0, Train Data Number: 25



line 303 => train data수 25
line 258 => 인스턴스 수 4
Step 124  Tim 0:22:02
acc_train_cw(현재 train의 class별 acc) [0.8, 0.0, 0.0, 0.0, 0.0]
cw_psl_total_eval(pseudo label 클래스별 총 샘플 수):  [0, 0, 0, 0, 0]
cw_psl_correct_eval(pseudo label 클래스별 맞은 샘플 수):  [0, 0, 0, 0, 0]
psl_acc(PSL 평가에서의 정확도): None 
cw_psl_acc(클래스별 PSL 평가에서의 정확도):  [nan, nan, nan, nan, nan]
**pseudo_label ->  [0.2202, 0.1897, 0.1316, 0.2991, 0.1593] **
max =  0.2991 | max_idx =  3
**pseudo_label ->  [0.2328, 0.1814, 0.141, 0.2924, 0.1523] **
max =  0.2924 | max_idx =  3
**pseudo_label ->  [0.2739, 0.1688, 0.1692, 0.222, 0.1661] **
max =  0.2739 | max_idx =  0
**pseudo_label ->  [0.2506, 0.1862, 0.1868, 0.1973, 0.1791] **
max =  0.2506 | max_idx =  0
**pseudo_label ->  [0.2264, 0.1892, 0.1958, 0.1962, 0.1924] **
max =  0.2264 | max_idx =  0
Epoch 32/37, Train Loss: 1.8999, Valid Loss: 1.5680, Train Acc: 0.1600, Val Acc: 0.0816, Test Acc: 0.1263, Test F1(macro): 0.0579, Total Pseudo-Labels: 0, Correct Pseudo-Labels: 0, Train Data Number: 25



line 303 => train data수 25
line 258 => 인스턴스 수 4
Step 128  Tim 0:22:44
acc_train_cw(현재 train의 class별 acc) [0.4, 0.0, 0.0, 0.0, 1.0]
cw_psl_total_eval(pseudo label 클래스별 총 샘플 수):  [0, 0, 0, 0, 0]
cw_psl_correct_eval(pseudo label 클래스별 맞은 샘플 수):  [0, 0, 0, 0, 0]
psl_acc(PSL 평가에서의 정확도): None 
cw_psl_acc(클래스별 PSL 평가에서의 정확도):  [nan, nan, nan, nan, nan]
**pseudo_label ->  [0.1613, 0.1835, 0.1913, 0.184, 0.2799] **
max =  0.2799 | max_idx =  4
**pseudo_label ->  [0.1561, 0.1834, 0.1939, 0.1904, 0.2762] **
max =  0.2762 | max_idx =  4
**pseudo_label ->  [0.1679, 0.1769, 0.1867, 0.1994, 0.269] **
max =  0.269 | max_idx =  4
**pseudo_label ->  [0.1203, 0.1687, 0.1773, 0.2124, 0.3213] **
max =  0.3213 | max_idx =  4
**pseudo_label ->  [0.1452, 0.1825, 0.1852, 0.1992, 0.2878] **
max =  0.2878 | max_idx =  4
Epoch 33/37, Train Loss: 1.6348, Valid Loss: 1.7212, Train Acc: 0.2800, Val Acc: 0.2653, Test Acc: 0.2632, Test F1(macro): 0.1492, Total Pseudo-Labels: 0, Correct Pseudo-Labels: 0, Train Data Number: 25



line 303 => train data수 25
line 258 => 인스턴스 수 4
Step 132  Tim 0:23:27
acc_train_cw(현재 train의 class별 acc) [1.0, 0.0, 0.0, 0.0, 0.0]
cw_psl_total_eval(pseudo label 클래스별 총 샘플 수):  [0, 0, 0, 0, 0]
cw_psl_correct_eval(pseudo label 클래스별 맞은 샘플 수):  [0, 0, 0, 0, 0]
psl_acc(PSL 평가에서의 정확도): None 
cw_psl_acc(클래스별 PSL 평가에서의 정확도):  [nan, nan, nan, nan, nan]
**pseudo_label ->  [0.3635, 0.1843, 0.1438, 0.1485, 0.1599] **
max =  0.3635 | max_idx =  0
**pseudo_label ->  [0.3881, 0.1706, 0.1962, 0.1097, 0.1354] **
max =  0.3881 | max_idx =  0
**pseudo_label ->  [0.3732, 0.1761, 0.1345, 0.1452, 0.171] **
max =  0.3732 | max_idx =  0
**pseudo_label ->  [0.3713, 0.1713, 0.205, 0.111, 0.1414] **
max =  0.3713 | max_idx =  0
**pseudo_label ->  [0.3883, 0.1736, 0.1918, 0.1037, 0.1425] **
max =  0.3883 | max_idx =  0
Epoch 34/37, Train Loss: 1.7578, Valid Loss: 1.6972, Train Acc: 0.2000, Val Acc: 0.1020, Test Acc: 0.1263, Test F1(macro): 0.0449, Total Pseudo-Labels: 0, Correct Pseudo-Labels: 0, Train Data Number: 25



line 303 => train data수 25
line 258 => 인스턴스 수 4
Step 136  Tim 0:24:09
acc_train_cw(현재 train의 class별 acc) [1.0, 0.0, 0.0, 0.0, 0.0]
cw_psl_total_eval(pseudo label 클래스별 총 샘플 수):  [21, 0, 0, 0, 0]
cw_psl_correct_eval(pseudo label 클래스별 맞은 샘플 수):  [5, 0, 0, 0, 0]
psl_acc(PSL 평가에서의 정확도):  0.238 
cw_psl_acc(클래스별 PSL 평가에서의 정확도):  [0.2380952388048172, nan, nan, nan, nan]
**pseudo_label ->  [0.2964, 0.207, 0.2068, 0.1234, 0.1663] **
max =  0.2964 | max_idx =  0
**pseudo_label ->  [0.3068, 0.1963, 0.2121, 0.1281, 0.1567] **
max =  0.3068 | max_idx =  0
**pseudo_label ->  [0.2923, 0.2036, 0.2219, 0.1139, 0.1683] **
max =  0.2923 | max_idx =  0
**pseudo_label ->  [0.333, 0.1971, 0.2186, 0.1069, 0.1444] **
max =  0.333 | max_idx =  0
**pseudo_label ->  [0.3085, 0.2018, 0.2055, 0.1312, 0.153] **
max =  0.3085 | max_idx =  0
Epoch 35/37, Train Loss: 1.6717, Valid Loss: 1.6729, Train Acc: 0.2000, Val Acc: 0.1020, Test Acc: 0.1263, Test F1(macro): 0.0449, Total Pseudo-Labels: 0, Correct Pseudo-Labels: 0, Train Data Number: 25



line 303 => train data수 25
line 258 => 인스턴스 수 4
Step 140  Tim 0:24:52
acc_train_cw(현재 train의 class별 acc) [0.0, 1.0, 0.0, 0.0, 0.0]
cw_psl_total_eval(pseudo label 클래스별 총 샘플 수):  [0, 0, 0, 0, 0]
cw_psl_correct_eval(pseudo label 클래스별 맞은 샘플 수):  [0, 0, 0, 0, 0]
psl_acc(PSL 평가에서의 정확도): None 
cw_psl_acc(클래스별 PSL 평가에서의 정확도):  [nan, nan, nan, nan, nan]
**pseudo_label ->  [0.2066, 0.2562, 0.1834, 0.1567, 0.1971] **
max =  0.2562 | max_idx =  1
**pseudo_label ->  [0.2182, 0.2584, 0.1862, 0.1666, 0.1707] **
max =  0.2584 | max_idx =  1
**pseudo_label ->  [0.2031, 0.2655, 0.1804, 0.158, 0.193] **
max =  0.2655 | max_idx =  1
**pseudo_label ->  [0.2039, 0.2619, 0.1905, 0.1508, 0.1929] **
max =  0.2619 | max_idx =  1
**pseudo_label ->  [0.2127, 0.2432, 0.1752, 0.1633, 0.2056] **
max =  0.2432 | max_idx =  1
Epoch 36/37, Train Loss: 1.6582, Valid Loss: 1.6216, Train Acc: 0.2000, Val Acc: 0.0612, Test Acc: 0.0526, Test F1(macro): 0.0200, Total Pseudo-Labels: 0, Correct Pseudo-Labels: 0, Train Data Number: 25



line 303 => train data수 25
line 258 => 인스턴스 수 4
Step 144  Tim 0:25:35
acc_train_cw(현재 train의 class별 acc) [0.0, 1.0, 0.0, 0.0, 0.0]
cw_psl_total_eval(pseudo label 클래스별 총 샘플 수):  [0, 0, 0, 0, 0]
cw_psl_correct_eval(pseudo label 클래스별 맞은 샘플 수):  [0, 0, 0, 0, 0]
psl_acc(PSL 평가에서의 정확도): None 
cw_psl_acc(클래스별 PSL 평가에서의 정확도):  [nan, nan, nan, nan, nan]
**pseudo_label ->  [0.151, 0.2553, 0.1541, 0.2263, 0.2133] **
max =  0.2553 | max_idx =  1
**pseudo_label ->  [0.161, 0.2366, 0.2126, 0.1992, 0.1905] **
max =  0.2366 | max_idx =  1
**pseudo_label ->  [0.1579, 0.2518, 0.2136, 0.1953, 0.1814] **
max =  0.2518 | max_idx =  1
**pseudo_label ->  [0.1467, 0.2724, 0.2239, 0.1676, 0.1894] **
max =  0.2724 | max_idx =  1
**pseudo_label ->  [0.16, 0.2631, 0.2173, 0.1922, 0.1674] **
max =  0.2631 | max_idx =  1
Epoch 37/37, Train Loss: 1.6777, Valid Loss: 1.5781, Train Acc: 0.2000, Val Acc: 0.0612, Test Acc: 0.0526, Test F1(macro): 0.0200, Total Pseudo-Labels: 0, Correct Pseudo-Labels: 0, Train Data Number: 25

Training complete!
Total training took 0:26:13 (h:mm:ss)
Load model from ./experiment/corcod_extended_data/output/5_graphcodebert-base_0.00025_0.7_corcod_extended_data_37_[45]_net0.pth
Save training statistics in:  ./experiment/corcod_extended_data/log/graphcodebert/class5//5_graphcodebert-base_0.00025_0.7_corcod_extended_data_37_[45]/training_statistics.csv

best_trian_loss, epoch => 1.4160308241844177 24
Epoch-1_train_loss => 2.1455400586128235
max_epoch_train_loss => 1.6776792109012604 


best_val_loss, epoch =>  1.447651218394844 29
Epoch-1_val_loss => 1.5452198799775572
max_epoch_val_loss => 1.578088138784681 

pse_epoch =>  [4, 8, 13, 24, 29, 34]
추가되는 pse_epoch =>  [] 

total_data:  25 

Best_step:  4 
Best_val_epoch:  2 
best_val_acc:  0.4387755102040816 
best_val_test_acc:  0.35789473684210527 
best_val_test_f1:  0.1054263565891473
Save best record in:  ./experiment/corcod_extended_data/log/graphcodebert/class5/summary.csv
Save best record in:  ./experiment/corcod_extended_data/log/summary_avgrun.csv
