current work directory:  /home/imsuhan22/few-shot-tc/custom_ssl/code
Data set -> java_extended_data
save_name: 10_codesage-base_0.0003_0.7_java_extended_data_37_[43]

data_path:  ../data/problem_based_split/java_extended_data

There are 2 GPU(s) available.
We will use the GPU- 0 Quadro RTX 8000

**line 147 모델 =>  codesage/codesage-base
**tokenizer type =  codesage/codesage-base 

pesudo label class개수 기준 -> 7
n_labeled_per_class:  10
train_df samples: 3851
train_labeled_df samples: 70
train_unlabeled_df samples: 3781
n_classes:  7 


net_arch:  codesage/codesage-base 
lr:  0.0003 
lr_linear:  0.001 




line 303 => train data수 70
line 258 => 인스턴스 수 10
Step 0  Tim 0:00:46
acc_train_cw(현재 train의 class별 acc) [0.1, 0.2, 0.3, 0.2, 0.4, 0.0, 0.0]
cw_psl_total_eval(pseudo label 클래스별 총 샘플 수):  [0, 0, 0, 0, 0, 0, 0]
cw_psl_correct_eval(pseudo label 클래스별 맞은 샘플 수):  [0, 0, 0, 0, 0, 0, 0]
psl_acc(PSL 평가에서의 정확도): None 
cw_psl_acc(클래스별 PSL 평가에서의 정확도):  [nan, nan, nan, nan, nan, nan, nan]
***best_acc_model_save --- epoch = 1***
Save model to ./experiment/java_extended_data/output/
**pseudo_label ->  [0.0589, 0.0114, 0.4355, 0.0688, 0.352, 0.0447, 0.0286] **
max =  0.4355 | max_idx =  2
**pseudo_label ->  [0.0458, 0.0327, 0.0943, 0.5722, 0.1732, 0.0256, 0.0562] **
max =  0.5722 | max_idx =  3
**pseudo_label ->  [0.4421, 0.0262, 0.1699, 0.0579, 0.0435, 0.0574, 0.2029] **
max =  0.4421 | max_idx =  0
**pseudo_label ->  [0.044, 0.5833, 0.0667, 0.1049, 0.1576, 0.0153, 0.0282] **
max =  0.5833 | max_idx =  1
**pseudo_label ->  [0.1514, 0.1369, 0.0981, 0.1981, 0.3683, 0.0162, 0.031] **
max =  0.3683 | max_idx =  4
Epoch 1/37, Train Loss: 5.1152, Valid Loss: 2.9138, Train Acc: 0.1714, Val Acc: 0.1184, Test Acc: 0.1745, Test F1(macro): 0.1445, Total Pseudo-Labels: 0, Correct Pseudo-Labels: 0, Train Data Number: 70



line 303 => train data수 70
line 258 => 인스턴스 수 10
Step 10  Tim 0:04:46
acc_train_cw(현재 train의 class별 acc) [0.0, 0.0, 0.0, 1.0, 0.0, 0.0, 0.0]
cw_psl_total_eval(pseudo label 클래스별 총 샘플 수):  [13, 5, 146, 10, 5, 0, 3]
cw_psl_correct_eval(pseudo label 클래스별 맞은 샘플 수):  [7, 1, 28, 2, 1, 0, 2]
psl_acc(PSL 평가에서의 정확도):  0.225 
cw_psl_acc(클래스별 PSL 평가에서의 정확도):  [0.5384615659713745, 0.20000000298023224, 0.19178082048892975, 0.20000000298023224, 0.20000000298023224, nan, 0.6666666865348816]
***best_acc_model_save --- epoch = 2***
Save model to ./experiment/java_extended_data/output/
**pseudo_label ->  [0.1489, 0.0163, 0.2359, 0.4921, 0.0068, 0.0566, 0.0435] **
max =  0.4921 | max_idx =  3
**pseudo_label ->  [0.135, 0.0086, 0.2593, 0.5212, 0.0067, 0.0412, 0.0281] **
max =  0.5212 | max_idx =  3
**pseudo_label ->  [0.09, 0.0091, 0.2743, 0.5555, 0.0063, 0.0428, 0.022] **
max =  0.5555 | max_idx =  3
**pseudo_label ->  [0.1147, 0.0093, 0.2119, 0.5912, 0.0049, 0.0509, 0.0171] **
max =  0.5912 | max_idx =  3
**pseudo_label ->  [0.1059, 0.0115, 0.2382, 0.5647, 0.0061, 0.0509, 0.0227] **
max =  0.5647 | max_idx =  3
Epoch 2/37, Train Loss: 3.0534, Valid Loss: 2.1898, Train Acc: 0.1429, Val Acc: 0.2064, Test Acc: 0.0425, Test F1(macro): 0.0116, Total Pseudo-Labels: 0, Correct Pseudo-Labels: 0, Train Data Number: 70



line 303 => train data수 70
line 258 => 인스턴스 수 10
Step 20  Tim 0:09:25
acc_train_cw(현재 train의 class별 acc) [0.0, 0.0, 0.0, 0.0, 0.0, 1.0, 0.0]
cw_psl_total_eval(pseudo label 클래스별 총 샘플 수):  [0, 0, 0, 258, 0, 0, 23]
cw_psl_correct_eval(pseudo label 클래스별 맞은 샘플 수):  [0, 0, 0, 35, 0, 0, 10]
psl_acc(PSL 평가에서의 정확도):  0.16 
cw_psl_acc(클래스별 PSL 평가에서의 정확도):  [nan, nan, nan, 0.13565891981124878, nan, nan, 0.43478259444236755]
**pseudo_label ->  [0.0718, 0.1385, 0.2402, 0.2232, 0.0385, 0.2662, 0.0217] **
max =  0.2662 | max_idx =  5
**pseudo_label ->  [0.0304, 0.0333, 0.0275, 0.0611, 0.0318, 0.4272, 0.3886] **
max =  0.4272 | max_idx =  5
**pseudo_label ->  [0.0571, 0.5487, 0.0456, 0.2381, 0.0168, 0.0893, 0.0044] **
max =  0.5487 | max_idx =  1
**pseudo_label ->  [0.02, 0.0154, 0.0292, 0.0314, 0.0195, 0.3334, 0.551] **
max =  0.551 | max_idx =  6
**pseudo_label ->  [0.0682, 0.1898, 0.1747, 0.235, 0.032, 0.2678, 0.0325] **
max =  0.2678 | max_idx =  5
Epoch 3/37, Train Loss: 2.7427, Valid Loss: 2.9129, Train Acc: 0.1429, Val Acc: 0.0000, Test Acc: 0.3669, Test F1(macro): 0.0767, Total Pseudo-Labels: 0, Correct Pseudo-Labels: 0, Train Data Number: 70



line 303 => train data수 70
line 258 => 인스턴스 수 10
Step 30  Tim 0:13:22
acc_train_cw(현재 train의 class별 acc) [0.0, 0.0, 0.0, 0.0, 0.0, 0.0, 1.0]
cw_psl_total_eval(pseudo label 클래스별 총 샘플 수):  [0, 46, 0, 0, 0, 0, 0]
cw_psl_correct_eval(pseudo label 클래스별 맞은 샘플 수):  [0, 8, 0, 0, 0, 0, 0]
psl_acc(PSL 평가에서의 정확도):  0.174 
cw_psl_acc(클래스별 PSL 평가에서의 정확도):  [nan, 0.17391304671764374, nan, nan, nan, nan, nan]
**pseudo_label ->  [0.0137, 0.0866, 0.1112, 0.0123, 0.078, 0.2574, 0.4409] **
max =  0.4409 | max_idx =  6
**pseudo_label ->  [0.012, 0.0699, 0.12, 0.0115, 0.0745, 0.2588, 0.4533] **
max =  0.4533 | max_idx =  6
**pseudo_label ->  [0.016, 0.1024, 0.1387, 0.0104, 0.0407, 0.2955, 0.3964] **
max =  0.3964 | max_idx =  6
**pseudo_label ->  [0.0116, 0.092, 0.1649, 0.011, 0.0536, 0.3221, 0.3449] **
max =  0.3449 | max_idx =  6
**pseudo_label ->  [0.0089, 0.6885, 0.024, 0.025, 0.0243, 0.1502, 0.0791] **
max =  0.6885 | max_idx =  1
Epoch 4/37, Train Loss: 3.0905, Valid Loss: 2.8135, Train Acc: 0.1429, Val Acc: 0.0000, Test Acc: 0.0134, Test F1(macro): 0.0038, Total Pseudo-Labels: 1, Correct Pseudo-Labels: 0, Train Data Number: 70



line 303 => train data수 70
line 258 => 인스턴스 수 10
Step 40  Tim 0:17:20
acc_train_cw(현재 train의 class별 acc) [0.0, 0.0, 0.0, 0.0, 0.0, 1.0, 0.0]
cw_psl_total_eval(pseudo label 클래스별 총 샘플 수):  [0, 182, 0, 0, 0, 0, 375]
cw_psl_correct_eval(pseudo label 클래스별 맞은 샘플 수):  [0, 27, 0, 0, 0, 0, 60]
psl_acc(PSL 평가에서의 정확도):  0.156 
cw_psl_acc(클래스별 PSL 평가에서의 정확도):  [nan, 0.14835165441036224, nan, nan, nan, nan, 0.1599999964237213]
**pseudo_label ->  [0.1859, 0.234, 0.0037, 0.0822, 0.105, 0.3111, 0.0781] **
max =  0.3111 | max_idx =  5
**pseudo_label ->  [0.1719, 0.6562, 0.0008, 0.0756, 0.0168, 0.0691, 0.0097] **
max =  0.6562 | max_idx =  1
**pseudo_label ->  [0.1742, 0.6288, 0.0005, 0.1021, 0.0257, 0.0601, 0.0087] **
max =  0.6288 | max_idx =  1
**pseudo_label ->  [0.2413, 0.2508, 0.005, 0.0877, 0.0944, 0.2535, 0.0673] **
max =  0.2535 | max_idx =  5
**pseudo_label ->  [0.2612, 0.1906, 0.007, 0.0893, 0.0651, 0.3221, 0.0647] **
max =  0.3221 | max_idx =  5
Epoch 5/37, Train Loss: 2.4886, Valid Loss: 1.9805, Train Acc: 0.1429, Val Acc: 0.0000, Test Acc: 0.3669, Test F1(macro): 0.0767, Total Pseudo-Labels: 0, Correct Pseudo-Labels: 0, Train Data Number: 70



line 303 => train data수 70
line 258 => 인스턴스 수 10
Step 50  Tim 0:21:18
acc_train_cw(현재 train의 class별 acc) [0.0, 0.0, 1.0, 0.0, 0.0, 0.0, 0.0]
cw_psl_total_eval(pseudo label 클래스별 총 샘플 수):  [0, 197, 0, 0, 0, 0, 14]
cw_psl_correct_eval(pseudo label 클래스별 맞은 샘플 수):  [0, 32, 0, 0, 0, 0, 2]
psl_acc(PSL 평가에서의 정확도):  0.161 
cw_psl_acc(클래스별 PSL 평가에서의 정확도):  [nan, 0.16243654489517212, nan, nan, nan, nan, 0.1428571492433548]
***best_acc_model_save --- epoch = 6***
Save model to ./experiment/java_extended_data/output/
**pseudo_label ->  [0.0939, 0.053, 0.463, 0.1295, 0.1222, 0.1162, 0.0222] **
max =  0.463 | max_idx =  2
**pseudo_label ->  [0.0555, 0.0205, 0.1334, 0.0563, 0.0907, 0.1206, 0.523] **
max =  0.523 | max_idx =  6
**pseudo_label ->  [0.0884, 0.0583, 0.4717, 0.141, 0.1297, 0.0902, 0.0206] **
max =  0.4717 | max_idx =  2
**pseudo_label ->  [0.0739, 0.0563, 0.5192, 0.1173, 0.1295, 0.074, 0.0298] **
max =  0.5192 | max_idx =  2
**pseudo_label ->  [0.0718, 0.0441, 0.5322, 0.1352, 0.0959, 0.0958, 0.0249] **
max =  0.5322 | max_idx =  2
Epoch 6/37, Train Loss: 2.6607, Valid Loss: 2.5710, Train Acc: 0.1429, Val Acc: 0.2115, Test Acc: 0.1544, Test F1(macro): 0.0382, Total Pseudo-Labels: 0, Correct Pseudo-Labels: 0, Train Data Number: 70



line 303 => train data수 70
line 258 => 인스턴스 수 10
Step 60  Tim 0:25:57
acc_train_cw(현재 train의 class별 acc) [1.0, 0.0, 0.0, 0.0, 0.0, 0.0, 0.0]
cw_psl_total_eval(pseudo label 클래스별 총 샘플 수):  [0, 0, 0, 0, 0, 0, 0]
cw_psl_correct_eval(pseudo label 클래스별 맞은 샘플 수):  [0, 0, 0, 0, 0, 0, 0]
psl_acc(PSL 평가에서의 정확도): None 
cw_psl_acc(클래스별 PSL 평가에서의 정확도):  [nan, nan, nan, nan, nan, nan, nan]
**pseudo_label ->  [0.3874, 0.0327, 0.0757, 0.1391, 0.0359, 0.3134, 0.0158] **
max =  0.3874 | max_idx =  0
**pseudo_label ->  [0.2848, 0.0484, 0.0663, 0.1985, 0.0422, 0.3438, 0.0162] **
max =  0.3438 | max_idx =  5
**pseudo_label ->  [0.3724, 0.056, 0.0516, 0.1609, 0.0429, 0.3007, 0.0156] **
max =  0.3724 | max_idx =  0
**pseudo_label ->  [0.2708, 0.0456, 0.0431, 0.1662, 0.0486, 0.4077, 0.018] **
max =  0.4077 | max_idx =  5
**pseudo_label ->  [0.3791, 0.0455, 0.0372, 0.1839, 0.045, 0.2919, 0.0175] **
max =  0.3791 | max_idx =  0
Epoch 7/37, Train Loss: 2.8101, Valid Loss: 1.8785, Train Acc: 0.1429, Val Acc: 0.0981, Test Acc: 0.1342, Test F1(macro): 0.0338, Total Pseudo-Labels: 0, Correct Pseudo-Labels: 0, Train Data Number: 70



line 303 => train data수 70
line 258 => 인스턴스 수 10
Step 70  Tim 0:29:55
acc_train_cw(현재 train의 class별 acc) [0.0, 0.0, 0.9, 0.6, 0.0, 0.0, 0.0]
cw_psl_total_eval(pseudo label 클래스별 총 샘플 수):  [0, 0, 0, 0, 0, 0, 0]
cw_psl_correct_eval(pseudo label 클래스별 맞은 샘플 수):  [0, 0, 0, 0, 0, 0, 0]
psl_acc(PSL 평가에서의 정확도): None 
cw_psl_acc(클래스별 PSL 평가에서의 정확도):  [nan, nan, nan, nan, nan, nan, nan]
**pseudo_label ->  [0.1295, 0.0658, 0.2785, 0.1825, 0.1479, 0.1619, 0.0339] **
max =  0.2785 | max_idx =  2
**pseudo_label ->  [0.1219, 0.0555, 0.2688, 0.2196, 0.1328, 0.1688, 0.0324] **
max =  0.2688 | max_idx =  2
**pseudo_label ->  [0.1286, 0.071, 0.2422, 0.2152, 0.1613, 0.1468, 0.0351] **
max =  0.2422 | max_idx =  2
**pseudo_label ->  [0.142, 0.077, 0.2285, 0.1928, 0.1695, 0.1561, 0.0341] **
max =  0.2285 | max_idx =  2
**pseudo_label ->  [0.1131, 0.1547, 0.2239, 0.1373, 0.2341, 0.0815, 0.0554] **
max =  0.2341 | max_idx =  4
Epoch 8/37, Train Loss: 2.5377, Valid Loss: 1.8670, Train Acc: 0.2143, Val Acc: 0.1337, Test Acc: 0.0671, Test F1(macro): 0.0326, Total Pseudo-Labels: 0, Correct Pseudo-Labels: 0, Train Data Number: 70



line 303 => train data수 70
line 258 => 인스턴스 수 10
Step 80  Tim 0:33:53
acc_train_cw(현재 train의 class별 acc) [0.0, 0.8, 0.9, 0.0, 0.0, 0.0, 0.0]
cw_psl_total_eval(pseudo label 클래스별 총 샘플 수):  [0, 0, 0, 0, 0, 0, 0]
cw_psl_correct_eval(pseudo label 클래스별 맞은 샘플 수):  [0, 0, 0, 0, 0, 0, 0]
psl_acc(PSL 평가에서의 정확도): None 
cw_psl_acc(클래스별 PSL 평가에서의 정확도):  [nan, nan, nan, nan, nan, nan, nan]
**pseudo_label ->  [0.0671, 0.2511, 0.2827, 0.0888, 0.1016, 0.1902, 0.0186] **
max =  0.2827 | max_idx =  2
**pseudo_label ->  [0.0584, 0.1985, 0.3392, 0.119, 0.108, 0.1632, 0.0137] **
max =  0.3392 | max_idx =  2
**pseudo_label ->  [0.0704, 0.3001, 0.3066, 0.1043, 0.1179, 0.0835, 0.0172] **
max =  0.3066 | max_idx =  2
**pseudo_label ->  [0.0793, 0.2682, 0.2657, 0.0967, 0.1018, 0.1738, 0.0146] **
max =  0.2682 | max_idx =  1
**pseudo_label ->  [0.0641, 0.2616, 0.2253, 0.1498, 0.1206, 0.1625, 0.0161] **
max =  0.2616 | max_idx =  1
Epoch 9/37, Train Loss: 2.3296, Valid Loss: 2.0186, Train Acc: 0.2429, Val Acc: 0.1641, Test Acc: 0.0850, Test F1(macro): 0.0384, Total Pseudo-Labels: 0, Correct Pseudo-Labels: 0, Train Data Number: 70



line 303 => train data수 70
line 258 => 인스턴스 수 10
Step 90  Tim 0:37:51
acc_train_cw(현재 train의 class별 acc) [0.0, 0.0, 0.3, 1.0, 0.0, 0.0, 0.0]
cw_psl_total_eval(pseudo label 클래스별 총 샘플 수):  [0, 333, 0, 0, 0, 0, 0]
cw_psl_correct_eval(pseudo label 클래스별 맞은 샘플 수):  [0, 37, 0, 0, 0, 0, 0]
psl_acc(PSL 평가에서의 정확도):  0.111 
cw_psl_acc(클래스별 PSL 평가에서의 정확도):  [nan, 0.1111111119389534, nan, nan, nan, nan, nan]
**pseudo_label ->  [0.1994, 0.1142, 0.2137, 0.1523, 0.071, 0.0531, 0.1965] **
max =  0.2137 | max_idx =  2
**pseudo_label ->  [0.1901, 0.0719, 0.2359, 0.1779, 0.0818, 0.0856, 0.1569] **
max =  0.2359 | max_idx =  2
**pseudo_label ->  [0.1542, 0.082, 0.1689, 0.2917, 0.0797, 0.0787, 0.1449] **
max =  0.2917 | max_idx =  3
**pseudo_label ->  [0.1894, 0.0958, 0.2196, 0.2106, 0.0884, 0.0817, 0.1144] **
max =  0.2196 | max_idx =  2
**pseudo_label ->  [0.1197, 0.0899, 0.1305, 0.2514, 0.084, 0.0825, 0.242] **
max =  0.2514 | max_idx =  3
Epoch 10/37, Train Loss: 2.1656, Valid Loss: 1.9122, Train Acc: 0.1857, Val Acc: 0.2081, Test Acc: 0.0492, Test F1(macro): 0.0205, Total Pseudo-Labels: 0, Correct Pseudo-Labels: 0, Train Data Number: 70



line 303 => train data수 70
line 258 => 인스턴스 수 10
Step 100  Tim 0:41:49
acc_train_cw(현재 train의 class별 acc) [0.0, 0.0, 1.0, 0.0, 0.3, 0.0, 0.0]
cw_psl_total_eval(pseudo label 클래스별 총 샘플 수):  [0, 0, 0, 0, 0, 0, 303]
cw_psl_correct_eval(pseudo label 클래스별 맞은 샘플 수):  [0, 0, 0, 0, 0, 0, 39]
psl_acc(PSL 평가에서의 정확도):  0.129 
cw_psl_acc(클래스별 PSL 평가에서의 정확도):  [nan, nan, nan, nan, nan, nan, 0.12871287763118744]
***best_acc_model_save --- epoch = 11***
Save model to ./experiment/java_extended_data/output/
**pseudo_label ->  [0.2022, 0.4046, 0.0615, 0.1672, 0.0972, 0.0642, 0.0031] **
max =  0.4046 | max_idx =  1
**pseudo_label ->  [0.1635, 0.0141, 0.117, 0.0643, 0.1461, 0.3272, 0.1677] **
max =  0.3272 | max_idx =  5
**pseudo_label ->  [0.1281, 0.0649, 0.3414, 0.1022, 0.247, 0.106, 0.0105] **
max =  0.3414 | max_idx =  2
**pseudo_label ->  [0.1953, 0.0466, 0.3843, 0.1088, 0.1228, 0.1345, 0.0077] **
max =  0.3843 | max_idx =  2
**pseudo_label ->  [0.08, 0.0638, 0.1948, 0.1365, 0.3729, 0.1365, 0.0155] **
max =  0.3729 | max_idx =  4
Epoch 11/37, Train Loss: 2.3603, Valid Loss: 2.3758, Train Acc: 0.1857, Val Acc: 0.2183, Test Acc: 0.1745, Test F1(macro): 0.0644, Total Pseudo-Labels: 0, Correct Pseudo-Labels: 0, Train Data Number: 70



line 303 => train data수 70
line 258 => 인스턴스 수 10
Step 110  Tim 0:46:29
acc_train_cw(현재 train의 class별 acc) [0.0, 0.0, 0.9, 0.0, 0.0, 0.8, 0.0]
cw_psl_total_eval(pseudo label 클래스별 총 샘플 수):  [0, 0, 0, 0, 0, 0, 0]
cw_psl_correct_eval(pseudo label 클래스별 맞은 샘플 수):  [0, 0, 0, 0, 0, 0, 0]
psl_acc(PSL 평가에서의 정확도): None 
cw_psl_acc(클래스별 PSL 평가에서의 정확도):  [nan, nan, nan, nan, nan, nan, nan]
**pseudo_label ->  [0.0504, 0.0599, 0.1034, 0.1434, 0.0594, 0.4656, 0.118] **
max =  0.4656 | max_idx =  5
**pseudo_label ->  [0.2023, 0.0332, 0.3351, 0.0783, 0.0187, 0.2858, 0.0467] **
max =  0.3351 | max_idx =  2
**pseudo_label ->  [0.0763, 0.06, 0.2188, 0.2039, 0.0549, 0.3233, 0.0628] **
max =  0.3233 | max_idx =  5
**pseudo_label ->  [0.148, 0.038, 0.2956, 0.113, 0.0264, 0.3342, 0.0448] **
max =  0.3342 | max_idx =  5
**pseudo_label ->  [0.0333, 0.0526, 0.1095, 0.1571, 0.0924, 0.418, 0.1371] **
max =  0.418 | max_idx =  5
Epoch 12/37, Train Loss: 2.3014, Valid Loss: 2.4320, Train Acc: 0.2429, Val Acc: 0.0102, Test Acc: 0.3781, Test F1(macro): 0.1000, Total Pseudo-Labels: 0, Correct Pseudo-Labels: 0, Train Data Number: 70



line 303 => train data수 70
line 258 => 인스턴스 수 10
Step 120  Tim 0:50:27
acc_train_cw(현재 train의 class별 acc) [0.0, 0.0, 1.0, 1.0, 0.0, 0.0, 0.0]
cw_psl_total_eval(pseudo label 클래스별 총 샘플 수):  [0, 0, 0, 0, 0, 0, 17]
cw_psl_correct_eval(pseudo label 클래스별 맞은 샘플 수):  [0, 0, 0, 0, 0, 0, 7]
psl_acc(PSL 평가에서의 정확도):  0.412 
cw_psl_acc(클래스별 PSL 평가에서의 정확도):  [nan, nan, nan, nan, nan, nan, 0.4117647111415863]
**pseudo_label ->  [0.0881, 0.0645, 0.1478, 0.2857, 0.0369, 0.2433, 0.1337] **
max =  0.2857 | max_idx =  3
**pseudo_label ->  [0.2003, 0.0586, 0.2825, 0.1822, 0.0177, 0.192, 0.0667] **
max =  0.2825 | max_idx =  2
**pseudo_label ->  [0.1876, 0.0663, 0.1685, 0.269, 0.037, 0.1656, 0.1061] **
max =  0.269 | max_idx =  3
**pseudo_label ->  [0.2033, 0.03, 0.2381, 0.2322, 0.0178, 0.2247, 0.0539] **
max =  0.2381 | max_idx =  2
**pseudo_label ->  [0.062, 0.0696, 0.0762, 0.2846, 0.0449, 0.2432, 0.2193] **
max =  0.2846 | max_idx =  3
Epoch 13/37, Train Loss: 1.9120, Valid Loss: 1.9700, Train Acc: 0.2857, Val Acc: 0.1743, Test Acc: 0.0470, Test F1(macro): 0.0193, Total Pseudo-Labels: 0, Correct Pseudo-Labels: 0, Train Data Number: 70



line 303 => train data수 70
line 258 => 인스턴스 수 10
Step 130  Tim 0:54:25
acc_train_cw(현재 train의 class별 acc) [0.0, 0.8, 1.0, 0.0, 0.9, 0.8, 0.0]
cw_psl_total_eval(pseudo label 클래스별 총 샘플 수):  [0, 0, 0, 0, 0, 0, 175]
cw_psl_correct_eval(pseudo label 클래스별 맞은 샘플 수):  [0, 0, 0, 0, 0, 0, 35]
psl_acc(PSL 평가에서의 정확도):  0.2 
cw_psl_acc(클래스별 PSL 평가에서의 정확도):  [nan, nan, nan, nan, nan, nan, 0.20000000298023224]
**pseudo_label ->  [0.016, 0.1689, 0.0592, 0.1716, 0.2745, 0.2272, 0.0827] **
max =  0.2745 | max_idx =  4
**pseudo_label ->  [0.0787, 0.5563, 0.1168, 0.126, 0.0534, 0.0632, 0.0057] **
max =  0.5563 | max_idx =  1
**pseudo_label ->  [0.0168, 0.653, 0.0209, 0.1753, 0.0515, 0.0735, 0.0089] **
max =  0.653 | max_idx =  1
**pseudo_label ->  [0.074, 0.0666, 0.6341, 0.0384, 0.0809, 0.0905, 0.0155] **
max =  0.6341 | max_idx =  2
**pseudo_label ->  [0.0099, 0.1603, 0.0902, 0.2142, 0.24, 0.204, 0.0813] **
max =  0.24 | max_idx =  4
Epoch 14/37, Train Loss: 1.5368, Valid Loss: 2.4370, Train Acc: 0.5000, Val Acc: 0.0948, Test Acc: 0.3356, Test F1(macro): 0.1395, Total Pseudo-Labels: 0, Correct Pseudo-Labels: 0, Train Data Number: 70



line 303 => train data수 70
line 258 => 인스턴스 수 10
Step 140  Tim 0:58:23
acc_train_cw(현재 train의 class별 acc) [1.0, 0.0, 0.0, 1.0, 0.0, 0.0, 0.0]
cw_psl_total_eval(pseudo label 클래스별 총 샘플 수):  [0, 61, 1, 0, 0, 0, 0]
cw_psl_correct_eval(pseudo label 클래스별 맞은 샘플 수):  [0, 4, 1, 0, 0, 0, 0]
psl_acc(PSL 평가에서의 정확도):  0.081 
cw_psl_acc(클래스별 PSL 평가에서의 정확도):  [nan, 0.06557376682758331, 1.0, nan, nan, nan, nan]
***best_acc_model_save --- epoch = 15***
Save model to ./experiment/java_extended_data/output/
**pseudo_label ->  [0.0218, 0.3539, 0.0009, 0.4788, 0.0675, 0.0432, 0.0339] **
max =  0.4788 | max_idx =  3
**pseudo_label ->  [0.7083, 0.0291, 0.2102, 0.0225, 0.0083, 0.019, 0.0025] **
max =  0.7083 | max_idx =  0
**pseudo_label ->  [0.0146, 0.013, 0.0005, 0.068, 0.0714, 0.1043, 0.7281] **
max =  0.7281 | max_idx =  6
**pseudo_label ->  [0.783, 0.0108, 0.1892, 0.0051, 0.0027, 0.0085, 0.0007] **
max =  0.783 | max_idx =  0
**pseudo_label ->  [0.011, 0.477, 0.0005, 0.3762, 0.053, 0.0384, 0.0441] **
max =  0.477 | max_idx =  1
Epoch 15/37, Train Loss: 1.5283, Valid Loss: 2.9127, Train Acc: 0.2857, Val Acc: 0.2420, Test Acc: 0.1253, Test F1(macro): 0.1092, Total Pseudo-Labels: 0, Correct Pseudo-Labels: 0, Train Data Number: 70



line 303 => train data수 70
line 258 => 인스턴스 수 10
Step 150  Tim 1:02:23
acc_train_cw(현재 train의 class별 acc) [0.0, 0.0, 1.0, 0.2, 1.0, 0.5, 0.0]
cw_psl_total_eval(pseudo label 클래스별 총 샘플 수):  [166, 0, 0, 0, 0, 0, 211]
cw_psl_correct_eval(pseudo label 클래스별 맞은 샘플 수):  [113, 0, 0, 0, 0, 0, 51]
psl_acc(PSL 평가에서의 정확도):  0.435 
cw_psl_acc(클래스별 PSL 평가에서의 정확도):  [0.6807228922843933, nan, nan, nan, nan, nan, 0.24170616269111633]
**pseudo_label ->  [0.0012, 0.0715, 0.0004, 0.2643, 0.4992, 0.0676, 0.0958] **
max =  0.4992 | max_idx =  4
**pseudo_label ->  [0.1276, 0.0051, 0.8424, 0.0016, 0.0004, 0.0226, 0.0002] **
max =  0.8424 | max_idx =  2
**pseudo_label ->  [0.0075, 0.1214, 0.0035, 0.2938, 0.2985, 0.2056, 0.0696] **
max =  0.2985 | max_idx =  4
**pseudo_label ->  [0.0579, 0.0013, 0.9344, 0.0002, 0.0001, 0.006, 0.0] **
max =  0.9344 | max_idx =  2
**pseudo_label ->  [0.0001, 0.0446, 0.0, 0.1467, 0.6334, 0.0285, 0.1467] **
max =  0.6334 | max_idx =  4
Epoch 16/37, Train Loss: 1.4559, Valid Loss: 3.0627, Train Acc: 0.3857, Val Acc: 0.1624, Test Acc: 0.2148, Test F1(macro): 0.1153, Total Pseudo-Labels: 0, Correct Pseudo-Labels: 0, Train Data Number: 70



line 303 => train data수 70
line 258 => 인스턴스 수 10
Step 160  Tim 1:06:22
acc_train_cw(현재 train의 class별 acc) [0.7, 1.0, 0.0, 0.0, 0.0, 0.7, 0.9]
cw_psl_total_eval(pseudo label 클래스별 총 샘플 수):  [0, 8, 165, 0, 23, 3, 22]
cw_psl_correct_eval(pseudo label 클래스별 맞은 샘플 수):  [0, 1, 26, 0, 7, 1, 12]
psl_acc(PSL 평가에서의 정확도):  0.213 
cw_psl_acc(클래스별 PSL 평가에서의 정확도):  [nan, 0.125, 0.15757575631141663, nan, 0.30434781312942505, 0.3333333432674408, 0.5454545617103577]
**pseudo_label ->  [0.0041, 0.3083, 0.0005, 0.0773, 0.1569, 0.0312, 0.4219] **
max =  0.4219 | max_idx =  6
**pseudo_label ->  [0.4445, 0.1091, 0.0459, 0.0083, 0.0031, 0.3866, 0.0025] **
max =  0.4445 | max_idx =  0
**pseudo_label ->  [0.0551, 0.4501, 0.0054, 0.0406, 0.0276, 0.3841, 0.0371] **
max =  0.4501 | max_idx =  1
**pseudo_label ->  [0.5192, 0.0151, 0.0498, 0.0009, 0.0006, 0.4104, 0.004] **
max =  0.5192 | max_idx =  0
**pseudo_label ->  [0.0005, 0.0292, 0.0, 0.0033, 0.0338, 0.0109, 0.9222] **
max =  0.9222 | max_idx =  6
Epoch 17/37, Train Loss: 1.8320, Valid Loss: 2.5002, Train Acc: 0.4714, Val Acc: 0.1997, Test Acc: 0.1544, Test F1(macro): 0.1495, Total Pseudo-Labels: 0, Correct Pseudo-Labels: 0, Train Data Number: 70



line 303 => train data수 70
line 258 => 인스턴스 수 10
Step 170  Tim 1:10:20
acc_train_cw(현재 train의 class별 acc) [0.7, 0.6, 0.9, 0.6, 1.0, 0.9, 0.0]
cw_psl_total_eval(pseudo label 클래스별 총 샘플 수):  [32, 345, 0, 0, 0, 30, 140]
cw_psl_correct_eval(pseudo label 클래스별 맞은 샘플 수):  [23, 60, 0, 0, 0, 5, 41]
psl_acc(PSL 평가에서의 정확도):  0.236 
cw_psl_acc(클래스별 PSL 평가에서의 정확도):  [0.71875, 0.17391304671764374, nan, nan, nan, 0.1666666716337204, 0.2928571403026581]
**pseudo_label ->  [0.0049, 0.0444, 0.0027, 0.2368, 0.5786, 0.0564, 0.0763] **
max =  0.5786 | max_idx =  4
**pseudo_label ->  [0.3945, 0.028, 0.3762, 0.0208, 0.0042, 0.1756, 0.0007] **
max =  0.3945 | max_idx =  0
**pseudo_label ->  [0.1152, 0.1474, 0.1102, 0.1186, 0.0613, 0.4358, 0.0115] **
max =  0.4358 | max_idx =  5
**pseudo_label ->  [0.5975, 0.0537, 0.2928, 0.01, 0.0005, 0.0455, 0.0] **
max =  0.5975 | max_idx =  0
**pseudo_label ->  [0.032, 0.153, 0.0301, 0.0778, 0.5175, 0.1408, 0.0487] **
max =  0.5175 | max_idx =  4
Epoch 18/37, Train Loss: 1.2611, Valid Loss: 3.5054, Train Acc: 0.6714, Val Acc: 0.1404, Test Acc: 0.2774, Test F1(macro): 0.1571, Total Pseudo-Labels: 0, Correct Pseudo-Labels: 0, Train Data Number: 70



line 303 => train data수 70
line 258 => 인스턴스 수 10
Step 180  Tim 1:14:19
acc_train_cw(현재 train의 class별 acc) [0.0, 1.0, 1.0, 0.5, 0.9, 0.7, 0.2]
cw_psl_total_eval(pseudo label 클래스별 총 샘플 수):  [1, 7, 0, 0, 195, 62, 0]
cw_psl_correct_eval(pseudo label 클래스별 맞은 샘플 수):  [0, 2, 0, 0, 51, 10, 0]
psl_acc(PSL 평가에서의 정확도):  0.238 
cw_psl_acc(클래스별 PSL 평가에서의 정확도):  [0.0, 0.2857142984867096, nan, nan, 0.26153847575187683, 0.16129031777381897, nan]
**pseudo_label ->  [0.0056, 0.1661, 0.0131, 0.2878, 0.0887, 0.374, 0.0647] **
max =  0.374 | max_idx =  5
**pseudo_label ->  [0.0958, 0.055, 0.8058, 0.0038, 0.0004, 0.039, 0.0003] **
max =  0.8058 | max_idx =  2
**pseudo_label ->  [0.0176, 0.5955, 0.0967, 0.0218, 0.0045, 0.2548, 0.009] **
max =  0.5955 | max_idx =  1
**pseudo_label ->  [0.0208, 0.0108, 0.9562, 0.0014, 0.0, 0.0106, 0.0001] **
max =  0.9562 | max_idx =  2
**pseudo_label ->  [0.0001, 0.1502, 0.0002, 0.0146, 0.4092, 0.0572, 0.3684] **
max =  0.4092 | max_idx =  4
Epoch 19/37, Train Loss: 0.8266, Valid Loss: 4.1983, Train Acc: 0.6143, Val Acc: 0.0761, Test Acc: 0.3043, Test F1(macro): 0.1849, Total Pseudo-Labels: 0, Correct Pseudo-Labels: 0, Train Data Number: 70



line 303 => train data수 70
line 258 => 인스턴스 수 10
Step 190  Tim 1:18:18
acc_train_cw(현재 train의 class별 acc) [1.0, 1.0, 0.0, 1.0, 1.0, 1.0, 1.0]
cw_psl_total_eval(pseudo label 클래스별 총 샘플 수):  [0, 103, 537, 0, 49, 244, 32]
cw_psl_correct_eval(pseudo label 클래스별 맞은 샘플 수):  [0, 19, 118, 0, 22, 59, 17]
psl_acc(PSL 평가에서의 정확도):  0.244 
cw_psl_acc(클래스별 PSL 평가에서의 정확도):  [nan, 0.18446601927280426, 0.21973928809165955, nan, 0.44897958636283875, 0.24180327355861664, 0.53125]
**pseudo_label ->  [0.0409, 0.0419, 0.0024, 0.8085, 0.0318, 0.0293, 0.0453] **
max =  0.8085 | max_idx =  3
**pseudo_label ->  [0.8528, 0.0045, 0.0313, 0.0058, 0.0001, 0.104, 0.0014] **
max =  0.8528 | max_idx =  0
**pseudo_label ->  [0.0068, 0.6843, 0.0001, 0.0161, 0.0019, 0.1326, 0.1582] **
max =  0.6843 | max_idx =  1
**pseudo_label ->  [0.7955, 0.0007, 0.1998, 0.0024, 0.0, 0.0017, 0.0] **
max =  0.7955 | max_idx =  0
**pseudo_label ->  [0.0, 0.0115, 0.0, 0.0004, 0.4963, 0.0009, 0.4909] **
max =  0.4963 | max_idx =  4
Epoch 20/37, Train Loss: 0.3153, Valid Loss: 6.4608, Train Acc: 0.8571, Val Acc: 0.1861, Test Acc: 0.3378, Test F1(macro): 0.3031, Total Pseudo-Labels: 0, Correct Pseudo-Labels: 0, Train Data Number: 70



line 303 => train data수 70
line 258 => 인스턴스 수 10
Step 200  Tim 1:22:17
acc_train_cw(현재 train의 class별 acc) [0.8, 1.0, 1.0, 1.0, 1.0, 1.0, 1.0]
cw_psl_total_eval(pseudo label 클래스별 총 샘플 수):  [712, 271, 0, 168, 261, 174, 68]
cw_psl_correct_eval(pseudo label 클래스별 맞은 샘플 수):  [292, 85, 0, 43, 101, 52, 60]
psl_acc(PSL 평가에서의 정확도):  0.383 
cw_psl_acc(클래스별 PSL 평가에서의 정확도):  [0.4101123511791229, 0.3136531412601471, nan, 0.255952388048172, 0.38697317242622375, 0.29885056614875793, 0.8823529481887817]
**pseudo_label ->  [0.0001, 0.0, 0.0, 0.9988, 0.0002, 0.0001, 0.0008] **
max =  0.9988 | max_idx =  3
**pseudo_label ->  [0.4635, 0.0, 0.5336, 0.0022, 0.0, 0.0006, 0.0] **
max =  0.5336 | max_idx =  2
**pseudo_label ->  [0.0, 0.9999, 0.0, 0.0, 0.0, 0.0, 0.0001] **
max =  0.9999 | max_idx =  1
**pseudo_label ->  [0.1273, 0.0, 0.8723, 0.0004, 0.0, 0.0, 0.0] **
max =  0.8723 | max_idx =  2
**pseudo_label ->  [0.0, 0.0044, 0.0, 0.0006, 0.0029, 0.0, 0.9921] **
max =  0.9921 | max_idx =  6
Balance pseudo label class ->  [1, 2, 3, 4, 5, 6, 7]  value ->  48
add data ->  336
Epoch 21/37, Train Loss: 1.8259, Valid Loss: 3.9901, Train Acc: 0.9714, Val Acc: 0.1641, Test Acc: 0.2103, Test F1(macro): 0.1762, Total Pseudo-Labels: 1, Correct Pseudo-Labels: 0, Train Data Number: 406



line 303 => train data수 406
line 258 => 인스턴스 수 58
Step 210  Tim 1:27:18
acc_train_cw(현재 train의 class별 acc) [0.0, 0.0, 1.0, 0.914, 0.121, 0.379, 0.966]
cw_psl_total_eval(pseudo label 클래스별 총 샘플 수):  [48, 157, 127, 689, 402, 553, 556]
cw_psl_correct_eval(pseudo label 클래스별 맞은 샘플 수):  [37, 73, 27, 184, 142, 146, 362]
psl_acc(PSL 평가에서의 정확도):  0.383 
cw_psl_acc(클래스별 PSL 평가에서의 정확도):  [0.7708333134651184, 0.46496814489364624, 0.21259842813014984, 0.2670536935329437, 0.35323384404182434, 0.26401445269584656, 0.6510791182518005]
***pse_model_save --- epoch = 22***
Save model to ./experiment/java_extended_data/output/
**pseudo_label ->  [0.0003, 0.0009, 0.0034, 0.9582, 0.001, 0.0045, 0.0317] **
max =  0.9582 | max_idx =  3
**pseudo_label ->  [0.1374, 0.0644, 0.4754, 0.0611, 0.0002, 0.2611, 0.0004] **
max =  0.4754 | max_idx =  2
**pseudo_label ->  [0.0184, 0.1048, 0.7123, 0.0259, 0.0013, 0.0488, 0.0885] **
max =  0.7123 | max_idx =  2
**pseudo_label ->  [0.0081, 0.0003, 0.9886, 0.0012, 0.0, 0.0018, 0.0] **
max =  0.9886 | max_idx =  2
**pseudo_label ->  [0.0016, 0.0473, 0.0803, 0.2304, 0.0059, 0.0297, 0.6048] **
max =  0.6048 | max_idx =  6
Epoch 22/37, Train Loss: 0.7837, Valid Loss: 4.9302, Train Acc: 0.4828, Val Acc: 0.1100, Test Acc: 0.0828, Test F1(macro): 0.0594, Total Pseudo-Labels: 0, Correct Pseudo-Labels: 0, Train Data Number: 406



line 303 => train data수 406
line 258 => 인스턴스 수 58
Step 268  Tim 1:33:00
acc_train_cw(현재 train의 class별 acc) [0.828, 0.897, 0.966, 1.0, 0.931, 0.931, 1.0]
cw_psl_total_eval(pseudo label 클래스별 총 샘플 수):  [0, 0, 764, 631, 0, 9, 332]
cw_psl_correct_eval(pseudo label 클래스별 맞은 샘플 수):  [0, 0, 126, 166, 0, 1, 211]
psl_acc(PSL 평가에서의 정확도):  0.29 
cw_psl_acc(클래스별 PSL 평가에서의 정확도):  [nan, nan, 0.16492146253585815, 0.26307448744773865, nan, 0.1111111119389534, 0.6355421543121338]
**pseudo_label ->  [0.001, 0.0, 0.0, 0.9981, 0.0, 0.0006, 0.0002] **
max =  0.9981 | max_idx =  3
**pseudo_label ->  [0.9024, 0.0005, 0.0601, 0.0017, 0.0, 0.0353, 0.0] **
max =  0.9024 | max_idx =  0
**pseudo_label ->  [0.0002, 0.937, 0.0625, 0.0, 0.0, 0.0001, 0.0002] **
max =  0.937 | max_idx =  1
**pseudo_label ->  [0.004, 0.001, 0.9909, 0.0013, 0.0, 0.0029, 0.0] **
max =  0.9909 | max_idx =  2
**pseudo_label ->  [0.0, 0.0506, 0.0001, 0.0029, 0.0002, 0.0001, 0.946] **
max =  0.946 | max_idx =  6
Balance pseudo label class ->  [1, 2, 3, 4, 5, 6, 7]  value ->  179
add data ->  1253
Epoch 23/37, Train Loss: 0.5591, Valid Loss: 5.0779, Train Acc: 0.9360, Val Acc: 0.1675, Test Acc: 0.1857, Test F1(macro): 0.1460, Total Pseudo-Labels: 0, Correct Pseudo-Labels: 0, Train Data Number: 1496



line 303 => train data수 1496
line 258 => 인스턴스 수 214
Step 326  Tim 1:41:24
acc_train_cw(현재 train의 class별 acc) [0.83, 0.732, 1.0, 0.932, 0.897, 0.924, 0.982]
cw_psl_total_eval(pseudo label 클래스별 총 샘플 수):  [179, 288, 248, 534, 214, 441, 573]
cw_psl_correct_eval(pseudo label 클래스별 맞은 샘플 수):  [142, 108, 47, 152, 82, 122, 392]
psl_acc(PSL 평가에서의 정확도):  0.422 
cw_psl_acc(클래스별 PSL 평가에서의 정확도):  [0.7932960987091064, 0.375, 0.1895161271095276, 0.2846441864967346, 0.38317757844924927, 0.2766439914703369, 0.6841186881065369]
***pse_model_save --- epoch = 24***
Save model to ./experiment/java_extended_data/output/
**pseudo_label ->  [0.0091, 0.003, 0.0285, 0.9493, 0.0004, 0.004, 0.0057] **
max =  0.9493 | max_idx =  3
**pseudo_label ->  [0.8087, 0.0004, 0.179, 0.0002, 0.0, 0.0117, 0.0] **
max =  0.8087 | max_idx =  0
**pseudo_label ->  [0.0137, 0.5461, 0.3708, 0.0035, 0.0005, 0.0438, 0.0216] **
max =  0.5461 | max_idx =  1
**pseudo_label ->  [0.0002, 0.0, 0.9997, 0.0, 0.0, 0.0, 0.0] **
max =  0.9997 | max_idx =  2
**pseudo_label ->  [0.0, 0.0001, 0.0, 0.0, 0.0002, 0.0, 0.9997] **
max =  0.9997 | max_idx =  6
Balance pseudo label class ->  [1, 2, 3, 4, 5, 6, 7]  value ->  101
add data ->  707
Epoch 24/37, Train Loss: 0.4039, Valid Loss: 5.1689, Train Acc: 0.9011, Val Acc: 0.1421, Test Acc: 0.2081, Test F1(macro): 0.1572, Total Pseudo-Labels: 0, Correct Pseudo-Labels: 0, Train Data Number: 1825



line 303 => train data수 1825
line 258 => 인스턴스 수 261
Step 540  Tim 1:50:52
acc_train_cw(현재 train의 class별 acc) [0.775, 0.958, 0.962, 0.979, 1.0, 0.937, 0.956]
cw_psl_total_eval(pseudo label 클래스별 총 샘플 수):  [142, 101, 499, 462, 234, 523, 754]
cw_psl_correct_eval(pseudo label 클래스별 맞은 샘플 수):  [121, 26, 113, 137, 96, 169, 468]
psl_acc(PSL 평가에서의 정확도):  0.416 
cw_psl_acc(클래스별 PSL 평가에서의 정확도):  [0.8521126508712769, 0.2574257552623749, 0.22645290195941925, 0.29653680324554443, 0.41025641560554504, 0.32313576340675354, 0.6206896305084229]
***pse_model_save --- epoch = 25***
Save model to ./experiment/java_extended_data/output/
**pseudo_label ->  [0.0008, 0.0002, 0.0013, 0.9961, 0.0001, 0.0008, 0.0007] **
max =  0.9961 | max_idx =  3
**pseudo_label ->  [0.3698, 0.003, 0.5236, 0.0074, 0.0001, 0.0961, 0.0] **
max =  0.5236 | max_idx =  2
**pseudo_label ->  [0.0031, 0.7568, 0.1955, 0.0016, 0.0, 0.0408, 0.0021] **
max =  0.7568 | max_idx =  1
**pseudo_label ->  [0.0, 0.0, 0.9991, 0.0, 0.0, 0.0008, 0.0] **
max =  0.9991 | max_idx =  2
**pseudo_label ->  [0.0, 0.0001, 0.0, 0.0001, 0.0014, 0.0, 0.9985] **
max =  0.9985 | max_idx =  6
Balance pseudo label class ->  [1, 2, 3, 4, 5, 6, 7]  value ->  129
add data ->  903
Epoch 25/37, Train Loss: 0.3043, Valid Loss: 6.3019, Train Acc: 0.9425, Val Acc: 0.1354, Test Acc: 0.1700, Test F1(macro): 0.1275, Total Pseudo-Labels: 0, Correct Pseudo-Labels: 0, Train Data Number: 2197



line 303 => train data수 2197
line 258 => 인스턴스 수 314
Step 801  Tim 2:02:11
acc_train_cw(현재 train의 class별 acc) [0.914, 0.925, 0.959, 0.898, 0.932, 0.992, 0.963]
cw_psl_total_eval(pseudo label 클래스별 총 샘플 수):  [129, 264, 394, 558, 372, 527, 681]
cw_psl_correct_eval(pseudo label 클래스별 맞은 샘플 수):  [108, 95, 87, 153, 136, 173, 433]
psl_acc(PSL 평가에서의 정확도):  0.405 
cw_psl_acc(클래스별 PSL 평가에서의 정확도):  [0.8372092843055725, 0.3598484992980957, 0.22081218659877777, 0.27419355511665344, 0.3655914068222046, 0.3282732367515564, 0.6358296871185303]
***pse_model_save --- epoch = 26***
Save model to ./experiment/java_extended_data/output/
**pseudo_label ->  [0.0003, 0.0009, 0.004, 0.9896, 0.0001, 0.0034, 0.0017] **
max =  0.9896 | max_idx =  3
**pseudo_label ->  [0.3983, 0.0034, 0.5562, 0.0007, 0.0, 0.0414, 0.0] **
max =  0.5562 | max_idx =  2
**pseudo_label ->  [0.0003, 0.9832, 0.0075, 0.0, 0.0, 0.0087, 0.0003] **
max =  0.9832 | max_idx =  1
**pseudo_label ->  [0.0003, 0.0002, 0.9995, 0.0, 0.0, 0.0, 0.0] **
max =  0.9995 | max_idx =  2
**pseudo_label ->  [0.0, 0.0001, 0.0, 0.0001, 0.0, 0.0, 0.9997] **
max =  0.9997 | max_idx =  6
Balance pseudo label class ->  [1, 2, 3, 4, 5, 6, 7]  value ->  161
add data ->  1127
Epoch 26/37, Train Loss: 0.2819, Valid Loss: 6.0839, Train Acc: 0.9431, Val Acc: 0.1320, Test Acc: 0.2438, Test F1(macro): 0.1548, Total Pseudo-Labels: 0, Correct Pseudo-Labels: 0, Train Data Number: 2552



line 303 => train data수 2552
line 258 => 인스턴스 수 365
Step 1115  Tim 2:14:34
acc_train_cw(현재 train의 class별 acc) [0.931, 0.96, 0.932, 0.939, 0.991, 0.989, 0.989]
cw_psl_total_eval(pseudo label 클래스별 총 샘플 수):  [161, 306, 427, 429, 319, 892, 686]
cw_psl_correct_eval(pseudo label 클래스별 맞은 샘플 수):  [129, 116, 95, 124, 124, 221, 450]
psl_acc(PSL 평가에서의 정확도):  0.391 
cw_psl_acc(클래스별 PSL 평가에서의 정확도):  [0.8012422323226929, 0.379084974527359, 0.22248244285583496, 0.2890442907810211, 0.3887147307395935, 0.24775785207748413, 0.6559766530990601]
***pse_model_save --- epoch = 27***
Save model to ./experiment/java_extended_data/output/
**pseudo_label ->  [0.0004, 0.0001, 0.0004, 0.9944, 0.0002, 0.0036, 0.0009] **
max =  0.9944 | max_idx =  3
**pseudo_label ->  [0.8351, 0.0035, 0.0464, 0.002, 0.0036, 0.1093, 0.0001] **
max =  0.8351 | max_idx =  0
**pseudo_label ->  [0.0005, 0.9365, 0.0548, 0.0001, 0.0, 0.0067, 0.0014] **
max =  0.9365 | max_idx =  1
**pseudo_label ->  [0.0, 0.0, 0.9999, 0.0, 0.0, 0.0, 0.0] **
max =  0.9999 | max_idx =  2
**pseudo_label ->  [0.0, 0.0005, 0.0, 0.0002, 0.0002, 0.0002, 0.999] **
max =  0.999 | max_idx =  6
Balance pseudo label class ->  [1, 2, 3, 4, 5, 6, 7]  value ->  197
add data ->  1379
Epoch 27/37, Train Loss: 0.2211, Valid Loss: 6.1118, Train Acc: 0.9643, Val Acc: 0.1387, Test Acc: 0.2192, Test F1(macro): 0.1414, Total Pseudo-Labels: 1, Correct Pseudo-Labels: 0, Train Data Number: 2864



line 303 => train data수 2864
line 258 => 인스턴스 수 410
Step 1480  Tim 2:27:56
acc_train_cw(현재 train의 class별 acc) [0.992, 0.963, 0.965, 0.933, 0.997, 0.971, 0.958]
cw_psl_total_eval(pseudo label 클래스별 총 샘플 수):  [197, 308, 398, 475, 347, 886, 730]
cw_psl_correct_eval(pseudo label 클래스별 맞은 샘플 수):  [158, 110, 94, 132, 128, 208, 450]
psl_acc(PSL 평가에서의 정확도):  0.383 
cw_psl_acc(클래스별 PSL 평가에서의 정확도):  [0.8020304441452026, 0.3571428656578064, 0.23618090152740479, 0.2778947353363037, 0.36887606978416443, 0.2347629815340042, 0.6164383292198181]
***pse_model_save --- epoch = 28***
Save model to ./experiment/java_extended_data/output/
**pseudo_label ->  [0.0022, 0.0015, 0.0002, 0.9905, 0.0009, 0.0038, 0.0008] **
max =  0.9905 | max_idx =  3
**pseudo_label ->  [0.967, 0.0001, 0.0023, 0.0001, 0.0002, 0.0303, 0.0] **
max =  0.967 | max_idx =  0
**pseudo_label ->  [0.0064, 0.8244, 0.142, 0.0001, 0.0007, 0.0263, 0.0002] **
max =  0.8244 | max_idx =  1
**pseudo_label ->  [0.0, 0.0001, 0.9995, 0.0, 0.0, 0.0004, 0.0] **
max =  0.9995 | max_idx =  2
**pseudo_label ->  [0.0, 0.001, 0.0, 0.0, 0.0, 0.0031, 0.9959] **
max =  0.9959 | max_idx =  6
Balance pseudo label class ->  [1, 2, 3, 4, 5, 6, 7]  value ->  272
add data ->  1904
Epoch 28/37, Train Loss: 0.2256, Valid Loss: 5.9378, Train Acc: 0.9654, Val Acc: 0.1540, Test Acc: 0.2662, Test F1(macro): 0.1918, Total Pseudo-Labels: 1, Correct Pseudo-Labels: 0, Train Data Number: 3211



line 303 => train data수 3211
line 258 => 인스턴스 수 459
Step 1890  Tim 2:42:23
acc_train_cw(현재 train의 class별 acc) [0.881, 0.969, 0.991, 0.99, 0.963, 0.943, 0.982]
cw_psl_total_eval(pseudo label 클래스별 총 샘플 수):  [272, 329, 430, 459, 384, 849, 660]
cw_psl_correct_eval(pseudo label 클래스별 맞은 샘플 수):  [211, 119, 95, 130, 135, 222, 429]
psl_acc(PSL 평가에서의 정확도):  0.396 
cw_psl_acc(클래스별 PSL 평가에서의 정확도):  [0.7757353186607361, 0.3617021143436432, 0.22093023359775543, 0.2832244038581848, 0.3515625, 0.2614840865135193, 0.6499999761581421]
***pse_model_save --- epoch = 29***
Save model to ./experiment/java_extended_data/output/
**pseudo_label ->  [0.0, 0.0002, 0.0001, 0.9995, 0.0, 0.0001, 0.0002] **
max =  0.9995 | max_idx =  3
**pseudo_label ->  [0.9698, 0.0007, 0.015, 0.0088, 0.0013, 0.0044, 0.0] **
max =  0.9698 | max_idx =  0
**pseudo_label ->  [0.0001, 0.9637, 0.0262, 0.0001, 0.0, 0.0096, 0.0004] **
max =  0.9637 | max_idx =  1
**pseudo_label ->  [0.0, 0.0, 0.9999, 0.0, 0.0, 0.0001, 0.0] **
max =  0.9999 | max_idx =  2
**pseudo_label ->  [0.0, 0.0002, 0.0, 0.0001, 0.0, 0.0, 0.9997] **
max =  0.9997 | max_idx =  6
Balance pseudo label class ->  [1, 2, 3, 4, 5, 6, 7]  value ->  222
add data ->  1554
Epoch 29/37, Train Loss: 0.1836, Valid Loss: 6.3645, Train Acc: 0.9639, Val Acc: 0.1455, Test Acc: 0.1991, Test F1(macro): 0.1476, Total Pseudo-Labels: 1, Correct Pseudo-Labels: 0, Train Data Number: 3371



line 303 => train data수 3371
line 258 => 인스턴스 수 482
Step 2349  Tim 2:57:26
acc_train_cw(현재 train의 class별 acc) [0.899, 0.946, 0.977, 0.955, 0.997, 0.972, 0.977]
cw_psl_total_eval(pseudo label 클래스별 총 샘플 수):  [222, 356, 506, 589, 353, 719, 708]
cw_psl_correct_eval(pseudo label 클래스별 맞은 샘플 수):  [175, 132, 113, 159, 132, 200, 447]
psl_acc(PSL 평가에서의 정확도):  0.393 
cw_psl_acc(클래스별 PSL 평가에서의 정확도):  [0.7882882952690125, 0.37078651785850525, 0.2233201563358307, 0.2699490785598755, 0.3739376664161682, 0.2781641185283661, 0.6313559412956238]
***pse_model_save --- epoch = 30***
Save model to ./experiment/java_extended_data/output/
**pseudo_label ->  [0.0, 0.0001, 0.0001, 0.9948, 0.0008, 0.0002, 0.004] **
max =  0.9948 | max_idx =  3
**pseudo_label ->  [0.8079, 0.008, 0.0926, 0.0167, 0.0085, 0.0661, 0.0001] **
max =  0.8079 | max_idx =  0
**pseudo_label ->  [0.0, 0.9976, 0.0004, 0.0, 0.0006, 0.0006, 0.0008] **
max =  0.9976 | max_idx =  1
**pseudo_label ->  [0.0, 0.0001, 0.9996, 0.0, 0.0, 0.0004, 0.0] **
max =  0.9996 | max_idx =  2
**pseudo_label ->  [0.0, 0.0, 0.0, 0.0, 0.0, 0.0, 1.0] **
max =  1.0 | max_idx =  6
Balance pseudo label class ->  [1, 2, 3, 4, 5, 6, 7]  value ->  212
add data ->  1484
Epoch 30/37, Train Loss: 0.1583, Valid Loss: 7.0522, Train Acc: 0.9650, Val Acc: 0.1320, Test Acc: 0.2192, Test F1(macro): 0.1566, Total Pseudo-Labels: 1, Correct Pseudo-Labels: 0, Train Data Number: 3473



line 303 => train data수 3473
line 258 => 인스턴스 수 497
Step 2831  Tim 3:12:50
acc_train_cw(현재 train의 class별 acc) [0.975, 0.995, 0.998, 0.907, 0.97, 0.99, 0.968]
cw_psl_total_eval(pseudo label 클래스별 총 샘플 수):  [212, 329, 479, 508, 402, 795, 764]
cw_psl_correct_eval(pseudo label 클래스별 맞은 샘플 수):  [170, 119, 101, 145, 140, 205, 454]
psl_acc(PSL 평가에서의 정확도):  0.382 
cw_psl_acc(클래스별 PSL 평가에서의 정확도):  [0.801886796951294, 0.3617021143436432, 0.21085594594478607, 0.2854330837726593, 0.34825870394706726, 0.2578616440296173, 0.5942408442497253]
***pse_model_save --- epoch = 31***
Save model to ./experiment/java_extended_data/output/
**pseudo_label ->  [0.0, 0.0003, 0.0021, 0.9966, 0.0001, 0.0005, 0.0004] **
max =  0.9966 | max_idx =  3
**pseudo_label ->  [0.6844, 0.0018, 0.0376, 0.0021, 0.0001, 0.2741, 0.0] **
max =  0.6844 | max_idx =  0
**pseudo_label ->  [0.0, 0.999, 0.0009, 0.0, 0.0, 0.0, 0.0] **
max =  0.999 | max_idx =  1
**pseudo_label ->  [0.0001, 0.0001, 0.9998, 0.0, 0.0, 0.0001, 0.0] **
max =  0.9998 | max_idx =  2
**pseudo_label ->  [0.0, 0.0, 0.0, 0.0, 0.0, 0.0, 1.0] **
max =  1.0 | max_idx =  6
Balance pseudo label class ->  [1, 2, 3, 4, 5, 6, 7]  value ->  252
add data ->  1764
Epoch 31/37, Train Loss: 0.1545, Valid Loss: 6.4310, Train Acc: 0.9706, Val Acc: 0.1421, Test Acc: 0.2394, Test F1(macro): 0.1694, Total Pseudo-Labels: 1, Correct Pseudo-Labels: 0, Train Data Number: 3589



line 303 => train data수 3589
line 258 => 인스턴스 수 513
Step 3328  Tim 3:28:28
acc_train_cw(현재 train의 class별 acc) [0.921, 0.922, 0.978, 0.982, 0.995, 0.969, 0.999]
cw_psl_total_eval(pseudo label 클래스별 총 샘플 수):  [252, 394, 512, 463, 382, 883, 709]
cw_psl_correct_eval(pseudo label 클래스별 맞은 샘플 수):  [195, 139, 108, 129, 139, 220, 438]
psl_acc(PSL 평가에서의 정확도):  0.381 
cw_psl_acc(클래스별 PSL 평가에서의 정확도):  [0.773809552192688, 0.3527918756008148, 0.2109375, 0.2786177098751068, 0.3638743460178375, 0.2491506189107895, 0.6177715063095093]
***pse_model_save --- epoch = 32***
Save model to ./experiment/java_extended_data/output/
**pseudo_label ->  [0.0, 0.0, 0.0001, 0.9998, 0.0, 0.0001, 0.0001] **
max =  0.9998 | max_idx =  3
**pseudo_label ->  [0.8656, 0.001, 0.0523, 0.0329, 0.0092, 0.0388, 0.0001] **
max =  0.8656 | max_idx =  0
**pseudo_label ->  [0.0, 0.997, 0.0001, 0.0001, 0.0021, 0.0002, 0.0006] **
max =  0.997 | max_idx =  1
**pseudo_label ->  [0.0, 0.0, 0.9998, 0.0002, 0.0, 0.0, 0.0] **
max =  0.9998 | max_idx =  2
**pseudo_label ->  [0.0, 0.0, 0.0, 0.0, 0.0, 0.0, 1.0] **
max =  1.0 | max_idx =  6
Balance pseudo label class ->  [1, 2, 3, 4, 5, 6, 7]  value ->  225
add data ->  1575
Epoch 32/37, Train Loss: 0.1425, Valid Loss: 7.9508, Train Acc: 0.9719, Val Acc: 0.1574, Test Acc: 0.1879, Test F1(macro): 0.1415, Total Pseudo-Labels: 1, Correct Pseudo-Labels: 0, Train Data Number: 3652



line 303 => train data수 3652
line 258 => 인스턴스 수 522
Step 3841  Tim 3:44:16
acc_train_cw(현재 train의 class별 acc) [0.985, 0.987, 0.996, 0.995, 0.978, 0.989, 0.988]
cw_psl_total_eval(pseudo label 클래스별 총 샘플 수):  [225, 339, 497, 533, 400, 767, 793]
cw_psl_correct_eval(pseudo label 클래스별 맞은 샘플 수):  [176, 122, 103, 148, 140, 204, 458]
psl_acc(PSL 평가에서의 정확도):  0.38 
cw_psl_acc(클래스별 PSL 평가에서의 정확도):  [0.7822222113609314, 0.3598819971084595, 0.20724345743656158, 0.27767354249954224, 0.3499999940395355, 0.265971302986145, 0.5775535702705383]
***pse_model_save --- epoch = 33***
Save model to ./experiment/java_extended_data/output/
**pseudo_label ->  [0.0, 0.0, 0.0003, 0.9993, 0.0, 0.0, 0.0003] **
max =  0.9993 | max_idx =  3
**pseudo_label ->  [0.8838, 0.0006, 0.0116, 0.0046, 0.0014, 0.0979, 0.0] **
max =  0.8838 | max_idx =  0
**pseudo_label ->  [0.0, 0.9998, 0.0002, 0.0, 0.0, 0.0, 0.0] **
max =  0.9998 | max_idx =  1
**pseudo_label ->  [0.0, 0.0, 1.0, 0.0, 0.0, 0.0, 0.0] **
max =  1.0 | max_idx =  2
**pseudo_label ->  [0.0, 0.0, 0.0, 0.0, 0.0, 0.0, 1.0] **
max =  1.0 | max_idx =  6
Balance pseudo label class ->  [1, 2, 3, 4, 5, 6, 7]  value ->  259
add data ->  1813
Epoch 33/37, Train Loss: 0.1128, Valid Loss: 7.8148, Train Acc: 0.9888, Val Acc: 0.1574, Test Acc: 0.2260, Test F1(macro): 0.1631, Total Pseudo-Labels: 1, Correct Pseudo-Labels: 0, Train Data Number: 3716



line 303 => train data수 3716
line 258 => 인스턴스 수 531
Step 4363  Tim 4:00:17
acc_train_cw(현재 train의 class별 acc) [0.912, 0.995, 0.979, 0.987, 0.998, 0.977, 0.997]
cw_psl_total_eval(pseudo label 클래스별 총 샘플 수):  [259, 371, 525, 550, 386, 850, 749]
cw_psl_correct_eval(pseudo label 클래스별 맞은 샘플 수):  [195, 126, 112, 150, 137, 213, 453]
psl_acc(PSL 평가에서의 정확도):  0.376 
cw_psl_acc(클래스별 PSL 평가에서의 정확도):  [0.7528957724571228, 0.3396226465702057, 0.2133333384990692, 0.27272728085517883, 0.3549222946166992, 0.25058823823928833, 0.6048064231872559]
***pse_model_save --- epoch = 34***
Save model to ./experiment/java_extended_data/output/
**pseudo_label ->  [0.0, 0.0, 0.0006, 0.9994, 0.0, 0.0, 0.0] **
max =  0.9994 | max_idx =  3
**pseudo_label ->  [0.1419, 0.0025, 0.0113, 0.0035, 0.004, 0.8367, 0.0001] **
max =  0.8367 | max_idx =  5
**pseudo_label ->  [0.0, 1.0, 0.0, 0.0, 0.0, 0.0, 0.0] **
max =  1.0 | max_idx =  1
**pseudo_label ->  [0.0, 0.0, 1.0, 0.0, 0.0, 0.0, 0.0] **
max =  1.0 | max_idx =  2
**pseudo_label ->  [0.0, 0.0, 0.0, 0.0, 0.0, 0.0, 1.0] **
max =  1.0 | max_idx =  6
Balance pseudo label class ->  [1, 2, 3, 4, 5, 6, 7]  value ->  218
add data ->  1526
Epoch 34/37, Train Loss: 0.1016, Valid Loss: 6.7086, Train Acc: 0.9822, Val Acc: 0.1591, Test Acc: 0.1857, Test F1(macro): 0.1451, Total Pseudo-Labels: 1, Correct Pseudo-Labels: 0, Train Data Number: 3755



line 303 => train data수 3755
line 258 => 인스턴스 수 537
Step 4894  Tim 4:16:24
acc_train_cw(현재 train의 class별 acc) [0.993, 0.995, 0.983, 1.0, 0.998, 0.989, 0.964]
cw_psl_total_eval(pseudo label 클래스별 총 샘플 수):  [218, 398, 513, 540, 404, 835, 775]
cw_psl_correct_eval(pseudo label 클래스별 맞은 샘플 수):  [170, 136, 108, 149, 138, 209, 456]
psl_acc(PSL 평가에서의 정확도):  0.371 
cw_psl_acc(클래스별 PSL 평가에서의 정확도):  [0.7798165082931519, 0.34170854091644287, 0.21052631735801697, 0.2759259343147278, 0.34158414602279663, 0.2502993941307068, 0.5883870720863342]
***pse_model_save --- epoch = 35***
Save model to ./experiment/java_extended_data/output/
**pseudo_label ->  [0.0, 0.0, 0.0, 1.0, 0.0, 0.0, 0.0] **
max =  1.0 | max_idx =  3
**pseudo_label ->  [0.1562, 0.0005, 0.0153, 0.0083, 0.0012, 0.8184, 0.0] **
max =  0.8184 | max_idx =  5
**pseudo_label ->  [0.0, 0.9996, 0.0003, 0.0001, 0.0, 0.0, 0.0] **
max =  0.9996 | max_idx =  1
**pseudo_label ->  [0.0113, 0.0, 0.9886, 0.0, 0.0, 0.0001, 0.0] **
max =  0.9886 | max_idx =  2
**pseudo_label ->  [0.0, 0.0, 0.0, 0.0, 0.0, 0.0, 1.0] **
max =  1.0 | max_idx =  6
Balance pseudo label class ->  [1, 2, 3, 4, 5, 6, 7]  value ->  261
add data ->  1827
Epoch 35/37, Train Loss: 0.0838, Valid Loss: 7.7264, Train Acc: 0.9867, Val Acc: 0.1692, Test Acc: 0.1969, Test F1(macro): 0.1681, Total Pseudo-Labels: 1, Correct Pseudo-Labels: 0, Train Data Number: 3779



line 303 => train data수 3779
line 258 => 인스턴스 수 540
Step 5431  Tim 4:32:35
acc_train_cw(현재 train의 class별 acc) [0.901, 0.99, 0.992, 0.991, 0.985, 0.981, 0.995]
cw_psl_total_eval(pseudo label 클래스별 총 샘플 수):  [261, 391, 507, 571, 404, 820, 724]
cw_psl_correct_eval(pseudo label 클래스별 맞은 샘플 수):  [199, 133, 108, 157, 140, 210, 449]
psl_acc(PSL 평가에서의 정확도):  0.38 
cw_psl_acc(클래스별 PSL 평가에서의 정확도):  [0.7624521255493164, 0.34015345573425293, 0.21301774680614471, 0.27495622634887695, 0.3465346395969391, 0.25609755516052246, 0.6201657652854919]
***pse_model_save --- epoch = 36***
Save model to ./experiment/java_extended_data/output/
**pseudo_label ->  [0.0, 0.0, 0.0, 1.0, 0.0, 0.0, 0.0] **
max =  1.0 | max_idx =  3
**pseudo_label ->  [0.9968, 0.0001, 0.0031, 0.0, 0.0, 0.0, 0.0] **
max =  0.9968 | max_idx =  0
**pseudo_label ->  [0.0, 1.0, 0.0, 0.0, 0.0, 0.0, 0.0] **
max =  1.0 | max_idx =  1
**pseudo_label ->  [0.0, 0.0, 1.0, 0.0, 0.0, 0.0, 0.0] **
max =  1.0 | max_idx =  2
**pseudo_label ->  [0.0, 0.0, 0.0, 0.0, 0.0, 0.0, 1.0] **
max =  1.0 | max_idx =  6
Balance pseudo label class ->  [1, 2, 3, 4, 5, 6, 7]  value ->  221
add data ->  1547
Epoch 36/37, Train Loss: 0.0802, Valid Loss: 8.7104, Train Acc: 0.9825, Val Acc: 0.1455, Test Acc: 0.1902, Test F1(macro): 0.1522, Total Pseudo-Labels: 1, Correct Pseudo-Labels: 0, Train Data Number: 3795



line 303 => train data수 3795
line 258 => 인스턴스 수 543
Step 5971  Tim 4:48:11
acc_train_cw(현재 train의 class별 acc) [0.993, 0.985, 0.974, 1.0, 0.932, 0.996, 0.975]
cw_psl_total_eval(pseudo label 클래스별 총 샘플 수):  [221, 396, 555, 552, 395, 816, 769]
cw_psl_correct_eval(pseudo label 클래스별 맞은 샘플 수):  [169, 134, 114, 151, 141, 206, 455]
psl_acc(PSL 평가에서의 정확도):  0.37 
cw_psl_acc(클래스별 PSL 평가에서의 정확도):  [0.7647058963775635, 0.33838382363319397, 0.20540539920330048, 0.27355071902275085, 0.35696202516555786, 0.25245097279548645, 0.5916774868965149]
***pse_model_save --- epoch = 37***
Save model to ./experiment/java_extended_data/output/
**pseudo_label ->  [0.0, 0.0, 0.0, 1.0, 0.0, 0.0, 0.0] **
max =  1.0 | max_idx =  3
**pseudo_label ->  [0.9999, 0.0, 0.0001, 0.0, 0.0, 0.0, 0.0] **
max =  0.9999 | max_idx =  0
**pseudo_label ->  [0.0, 1.0, 0.0, 0.0, 0.0, 0.0, 0.0] **
max =  1.0 | max_idx =  1
**pseudo_label ->  [0.0, 0.0, 1.0, 0.0, 0.0, 0.0, 0.0] **
max =  1.0 | max_idx =  2
**pseudo_label ->  [0.0, 0.0, 0.0, 0.0, 0.0, 0.0, 1.0] **
max =  1.0 | max_idx =  6
Balance pseudo label class ->  [1, 2, 3, 4, 5, 6, 7]  value ->  259
add data ->  1813
Epoch 37/37, Train Loss: 0.0968, Valid Loss: 7.4185, Train Acc: 0.9810, Val Acc: 0.1658, Test Acc: 0.2416, Test F1(macro): 0.1952, Total Pseudo-Labels: 1, Correct Pseudo-Labels: 0, Train Data Number: 3806

Training complete!
Total training took 5:00:53 (h:mm:ss)
Load model from ./experiment/java_extended_data/output/10_codesage-base_0.0003_0.7_java_extended_data_37_[43]_net0.pth
Save training statistics in:  ./experiment/java_extended_data/log/codesage/class7//10_codesage-base_0.0003_0.7_java_extended_data_37_[43]/training_statistics.csv

best_trian_loss, epoch => 0.08022392796801445 36
Epoch-1_train_loss => 5.115246319770813
max_epoch_train_loss => 0.09681474150443137 


best_val_loss, epoch =>  1.8669966973629095 8
Epoch-1_val_loss => 2.91376198084423
max_epoch_val_loss => 7.418498594149868 

pse_epoch =>  [1, 2, 3, 4, 5, 9, 10, 12, 13, 14, 15, 16, 17, 18, 19, 20, 21, 22, 23, 24, 25, 26, 27, 28, 29, 30, 31, 32, 33, 34, 35, 36, 37]
추가되는 pse_epoch =>  [21, 23, 24, 25, 26, 27, 28, 29, 30, 31, 32, 33, 34, 35, 36, 37] 

total_data:  3806 

Best_step:  140 
Best_val_epoch:  15 
best_val_acc:  0.24196277495769883 
best_val_test_acc:  0.12527964205816555 
best_val_test_f1:  0.10915334665334665
Save best record in:  ./experiment/java_extended_data/log/codesage/class7/summary.csv
Save best record in:  ./experiment/java_extended_data/log/summary_avgrun.csv
