current work directory:  /home/imsuhan22/few-shot-tc/JointMatch_SSL/codebert/code
java_extended_data
save_name: 10_codet5p-110m-embedding_1e-05_0.7_30_java_extended_data

data_path:  ../data/../data/problem_based_split/java_extended_data

There are 1 GPU(s) available.
We will use the GPU- 0 NVIDIA GeForce RTX 3090

**line 147 모델 =>  Salesforce/codet5p-110m-embedding
**tokenizer type =  Salesforce/codet5p-110m-embedding 

n_labeled_per_class:  10
train_df samples: 3851
train_labeled_df samples: 70
train_unlabeled_df samples: 3781
n_classes:  7 

net_arch:  Salesforce/codet5p-110m-embedding lr:  1e-05

line 303 => train data수 70
line 258 => 인스턴스 수 10
=======test_loader=======
=======dev_loader=======
=======train_labeled_loader=======
=======finish=======
>>Epoch 1 Step 0 acc_test 0.223714 f1_test 0.107895 acc_val 0.255499 f1_val 0.096385 acc_train 0.200000 f1_train 0.139276 psl_cor 0 psl_totl 0 pslt_global 0.000000  Tim 0:00:12
acc_train_cw [0.0, 0.1, 0.1, 0.0, 0.7, 0.5, 0.0]
cw_psl_eval:  [0, 0, 0, 0, 0, 0, 0] [0, 0, 0, 0, 0, 0, 0]
psl_acc: None cw_psl_acc:  [nan, nan, nan, nan, nan, nan, nan]
Save model to ./experiment/few_shot/output/

line 303 => train data수 70
line 258 => 인스턴스 수 10
=======test_loader=======
=======dev_loader=======
=======train_labeled_loader=======
=======finish=======
>>Epoch 2 Step 10 acc_test 0.221477 f1_test 0.163712 acc_val 0.231810 f1_val 0.113781 acc_train 0.385714 f1_train 0.353601 psl_cor 0 psl_totl 0 pslt_global 0.700000  Tim 0:00:42
acc_train_cw [0.4, 0.0, 1.0, 0.2, 0.2, 0.4, 0.5]
cw_psl_eval:  [0, 0, 0, 0, 0, 0, 0] [0, 0, 0, 0, 0, 0, 0]
psl_acc: None cw_psl_acc:  [nan, nan, nan, nan, nan, nan, nan]

line 303 => train data수 70
line 258 => 인스턴스 수 10
=======test_loader=======
=======dev_loader=======
=======train_labeled_loader=======
=======finish=======
>>Epoch 3 Step 20 acc_test 0.257271 f1_test 0.202666 acc_val 0.270728 f1_val 0.166091 acc_train 0.542857 f1_train 0.504866 psl_cor 0 psl_totl 0 pslt_global 0.700000  Tim 0:01:12
acc_train_cw [0.7, 0.1, 0.9, 0.2, 0.7, 0.7, 0.5]
cw_psl_eval:  [0, 0, 0, 0, 0, 0, 0] [0, 0, 0, 0, 0, 0, 0]
psl_acc: None cw_psl_acc:  [nan, nan, nan, nan, nan, nan, nan]
Save model to ./experiment/few_shot/output/

line 303 => train data수 70
line 258 => 인스턴스 수 10
=======test_loader=======
=======dev_loader=======
=======train_labeled_loader=======
=======finish=======
>>Epoch 4 Step 30 acc_test 0.284116 f1_test 0.204796 acc_val 0.203046 f1_val 0.140860 acc_train 0.657143 f1_train 0.635466 psl_cor 0 psl_totl 0 pslt_global 0.700000  Tim 0:01:46
acc_train_cw [1.0, 0.2, 0.9, 0.5, 0.6, 0.7, 0.7]
cw_psl_eval:  [0, 0, 0, 0, 0, 0, 0] [0, 0, 0, 0, 0, 0, 0]
psl_acc: None cw_psl_acc:  [nan, nan, nan, nan, nan, nan, nan]

line 303 => train data수 70
line 258 => 인스턴스 수 10
=======test_loader=======
=======dev_loader=======
=======train_labeled_loader=======
=======finish=======
>>Epoch 5 Step 40 acc_test 0.250559 f1_test 0.198607 acc_val 0.240271 f1_val 0.193552 acc_train 0.857143 f1_train 0.855894 psl_cor 0 psl_totl 0 pslt_global 0.700000  Tim 0:02:16
acc_train_cw [0.9, 0.6, 0.9, 0.9, 0.8, 1.0, 0.9]
cw_psl_eval:  [0, 0, 0, 0, 0, 0, 0] [0, 0, 0, 0, 0, 0, 0]
psl_acc: None cw_psl_acc:  [nan, nan, nan, nan, nan, nan, nan]

line 303 => train data수 70
line 258 => 인스턴스 수 10
=======test_loader=======
=======dev_loader=======
=======train_labeled_loader=======
=======finish=======
>>Epoch 6 Step 50 acc_test 0.232662 f1_test 0.193090 acc_val 0.231810 f1_val 0.178336 acc_train 0.828571 f1_train 0.820838 psl_cor 0 psl_totl 0 pslt_global 0.700000  Tim 0:02:46
acc_train_cw [0.9, 0.5, 1.0, 0.9, 0.9, 0.6, 1.0]
cw_psl_eval:  [0, 0, 0, 0, 0, 0, 0] [0, 0, 0, 0, 0, 0, 0]
psl_acc: None cw_psl_acc:  [nan, nan, nan, nan, nan, nan, nan]

line 303 => train data수 70
line 258 => 인스턴스 수 10
=======test_loader=======
=======dev_loader=======
=======train_labeled_loader=======
=======finish=======
>>Epoch 7 Step 60 acc_test 0.221477 f1_test 0.189664 acc_val 0.235195 f1_val 0.177620 acc_train 0.857143 f1_train 0.855337 psl_cor 0 psl_totl 0 pslt_global 0.700000  Tim 0:03:16
acc_train_cw [0.9, 0.7, 1.0, 0.9, 0.8, 0.7, 1.0]
cw_psl_eval:  [0, 0, 0, 0, 0, 0, 0] [0, 0, 0, 0, 0, 0, 0]
psl_acc: None cw_psl_acc:  [nan, nan, nan, nan, nan, nan, nan]

line 303 => train data수 70
line 258 => 인스턴스 수 10
=======test_loader=======
=======dev_loader=======
=======train_labeled_loader=======
=======finish=======
>>Epoch 8 Step 70 acc_test 0.248322 f1_test 0.198397 acc_val 0.235195 f1_val 0.186414 acc_train 0.914286 f1_train 0.914330 psl_cor 0 psl_totl 0 pslt_global 0.700000  Tim 0:03:45
acc_train_cw [0.9, 0.8, 1.0, 0.9, 0.8, 1.0, 1.0]
cw_psl_eval:  [0, 0, 0, 0, 0, 0, 0] [0, 0, 0, 0, 0, 0, 0]
psl_acc: None cw_psl_acc:  [nan, nan, nan, nan, nan, nan, nan]

line 303 => train data수 70
line 258 => 인스턴스 수 10
=======test_loader=======
=======dev_loader=======
=======train_labeled_loader=======
=======finish=======
>>Epoch 9 Step 80 acc_test 0.243848 f1_test 0.189336 acc_val 0.248731 f1_val 0.186843 acc_train 0.914286 f1_train 0.915118 psl_cor 0 psl_totl 0 pslt_global 0.700000  Tim 0:04:15
acc_train_cw [0.9, 0.8, 1.0, 0.9, 0.9, 0.9, 1.0]
cw_psl_eval:  [0, 0, 0, 0, 0, 0, 0] [0, 0, 0, 0, 0, 0, 0]
psl_acc: None cw_psl_acc:  [nan, nan, nan, nan, nan, nan, nan]

line 303 => train data수 70
line 258 => 인스턴스 수 10
=======test_loader=======
=======dev_loader=======
=======train_labeled_loader=======
=======finish=======
>>Epoch 10 Step 90 acc_test 0.225951 f1_test 0.185267 acc_val 0.258883 f1_val 0.199181 acc_train 0.928571 f1_train 0.929403 psl_cor 0 psl_totl 0 pslt_global 0.700000  Tim 0:04:45
acc_train_cw [0.9, 0.8, 1.0, 0.9, 0.9, 1.0, 1.0]
cw_psl_eval:  [0, 0, 0, 0, 0, 0, 0] [0, 0, 0, 0, 0, 0, 0]
psl_acc: None cw_psl_acc:  [nan, nan, nan, nan, nan, nan, nan]

line 303 => train data수 70
line 258 => 인스턴스 수 10
=======test_loader=======
=======dev_loader=======
=======train_labeled_loader=======
=======finish=======
>>Epoch 11 Step 100 acc_test 0.232662 f1_test 0.193078 acc_val 0.257191 f1_val 0.199631 acc_train 0.914286 f1_train 0.915118 psl_cor 0 psl_totl 0 pslt_global 0.700000  Tim 0:05:15
acc_train_cw [0.9, 0.8, 1.0, 0.9, 0.9, 0.9, 1.0]
cw_psl_eval:  [0, 0, 0, 0, 0, 0, 0] [0, 0, 0, 0, 0, 0, 0]
psl_acc: None cw_psl_acc:  [nan, nan, nan, nan, nan, nan, nan]

line 303 => train data수 70
line 258 => 인스턴스 수 10
=======test_loader=======
=======dev_loader=======
=======train_labeled_loader=======
=======finish=======
>>Epoch 12 Step 110 acc_test 0.250559 f1_test 0.208068 acc_val 0.258883 f1_val 0.201797 acc_train 0.928571 f1_train 0.929403 psl_cor 0 psl_totl 0 pslt_global 0.700000  Tim 0:05:45
acc_train_cw [0.9, 0.8, 1.0, 0.9, 0.9, 1.0, 1.0]
cw_psl_eval:  [0, 0, 0, 0, 0, 0, 0] [0, 0, 0, 0, 0, 0, 0]
psl_acc: None cw_psl_acc:  [nan, nan, nan, nan, nan, nan, nan]

line 303 => train data수 70
line 258 => 인스턴스 수 10
=======test_loader=======
=======dev_loader=======
=======train_labeled_loader=======
=======finish=======
>>Epoch 13 Step 120 acc_test 0.241611 f1_test 0.195784 acc_val 0.292724 f1_val 0.221209 acc_train 0.942857 f1_train 0.943404 psl_cor 0 psl_totl 0 pslt_global 0.700000  Tim 0:06:15
acc_train_cw [0.9, 0.9, 1.0, 0.9, 0.9, 1.0, 1.0]
cw_psl_eval:  [0, 0, 0, 0, 0, 0, 0] [0, 0, 0, 0, 0, 0, 0]
psl_acc: None cw_psl_acc:  [nan, nan, nan, nan, nan, nan, nan]
Save model to ./experiment/few_shot/output/

line 303 => train data수 70
line 258 => 인스턴스 수 10
=======test_loader=======
=======dev_loader=======
=======train_labeled_loader=======
=======finish=======
>>Epoch 14 Step 130 acc_test 0.252796 f1_test 0.205776 acc_val 0.269036 f1_val 0.206536 acc_train 0.942857 f1_train 0.943404 psl_cor 0 psl_totl 0 pslt_global 0.700000  Tim 0:06:49
acc_train_cw [0.9, 0.9, 1.0, 0.9, 0.9, 1.0, 1.0]
cw_psl_eval:  [0, 0, 0, 0, 0, 0, 0] [0, 0, 0, 0, 0, 0, 0]
psl_acc: None cw_psl_acc:  [nan, nan, nan, nan, nan, nan, nan]

line 303 => train data수 70
line 258 => 인스턴스 수 10
=======test_loader=======
=======dev_loader=======
=======train_labeled_loader=======
=======finish=======
>>Epoch 15 Step 140 acc_test 0.232662 f1_test 0.204037 acc_val 0.269036 f1_val 0.208489 acc_train 0.971429 f1_train 0.971393 psl_cor 0 psl_totl 0 pslt_global 0.700000  Tim 0:07:19
acc_train_cw [1.0, 0.9, 1.0, 1.0, 0.9, 1.0, 1.0]
cw_psl_eval:  [0, 0, 0, 0, 0, 0, 0] [0, 0, 0, 0, 0, 0, 0]
psl_acc: None cw_psl_acc:  [nan, nan, nan, nan, nan, nan, nan]

line 303 => train data수 70
line 258 => 인스턴스 수 10
=======test_loader=======
=======dev_loader=======
=======train_labeled_loader=======
=======finish=======
>>Epoch 16 Step 150 acc_test 0.266219 f1_test 0.215127 acc_val 0.297800 f1_val 0.223727 acc_train 0.985714 f1_train 0.985678 psl_cor 0 psl_totl 0 pslt_global 0.700000  Tim 0:07:49
acc_train_cw [1.0, 0.9, 1.0, 1.0, 1.0, 1.0, 1.0]
cw_psl_eval:  [0, 0, 0, 0, 0, 0, 0] [0, 0, 0, 0, 0, 0, 0]
psl_acc: None cw_psl_acc:  [nan, nan, nan, nan, nan, nan, nan]
Save model to ./experiment/few_shot/output/

line 303 => train data수 70
line 258 => 인스턴스 수 10
=======test_loader=======
=======dev_loader=======
=======train_labeled_loader=======
=======finish=======
>>Epoch 17 Step 160 acc_test 0.250559 f1_test 0.220729 acc_val 0.287648 f1_val 0.226628 acc_train 0.985714 f1_train 0.985678 psl_cor 0 psl_totl 0 pslt_global 0.700000  Tim 0:08:23
acc_train_cw [1.0, 0.9, 1.0, 1.0, 1.0, 1.0, 1.0]
cw_psl_eval:  [0, 0, 0, 0, 0, 0, 0] [0, 0, 0, 0, 0, 0, 0]
psl_acc: None cw_psl_acc:  [nan, nan, nan, nan, nan, nan, nan]

line 303 => train data수 70
line 258 => 인스턴스 수 10
=======test_loader=======
=======dev_loader=======
=======train_labeled_loader=======
=======finish=======
>>Epoch 18 Step 170 acc_test 0.268456 f1_test 0.224498 acc_val 0.297800 f1_val 0.229378 acc_train 0.985714 f1_train 0.985678 psl_cor 0 psl_totl 0 pslt_global 0.700000  Tim 0:08:53
acc_train_cw [1.0, 0.9, 1.0, 1.0, 1.0, 1.0, 1.0]
cw_psl_eval:  [0, 0, 0, 0, 0, 0, 0] [0, 0, 0, 0, 0, 0, 0]
psl_acc: None cw_psl_acc:  [nan, nan, nan, nan, nan, nan, nan]

line 303 => train data수 70
line 258 => 인스턴스 수 10
=======test_loader=======
=======dev_loader=======
=======train_labeled_loader=======
=======finish=======
>>Epoch 19 Step 180 acc_test 0.286353 f1_test 0.239962 acc_val 0.314721 f1_val 0.240810 acc_train 0.985714 f1_train 0.985678 psl_cor 0 psl_totl 0 pslt_global 0.700000  Tim 0:09:23
acc_train_cw [1.0, 0.9, 1.0, 1.0, 1.0, 1.0, 1.0]
cw_psl_eval:  [0, 0, 0, 0, 0, 0, 0] [0, 0, 0, 0, 0, 0, 0]
psl_acc: None cw_psl_acc:  [nan, nan, nan, nan, nan, nan, nan]
Save model to ./experiment/few_shot/output/

line 303 => train data수 70
line 258 => 인스턴스 수 10
=======test_loader=======
=======dev_loader=======
=======train_labeled_loader=======
=======finish=======
>>Epoch 20 Step 190 acc_test 0.297539 f1_test 0.244845 acc_val 0.319797 f1_val 0.246567 acc_train 0.985714 f1_train 0.985678 psl_cor 0 psl_totl 0 pslt_global 0.700000  Tim 0:09:58
acc_train_cw [1.0, 0.9, 1.0, 1.0, 1.0, 1.0, 1.0]
cw_psl_eval:  [0, 0, 0, 0, 0, 0, 0] [0, 0, 0, 0, 0, 0, 0]
psl_acc: None cw_psl_acc:  [nan, nan, nan, nan, nan, nan, nan]
Save model to ./experiment/few_shot/output/

line 303 => train data수 70
line 258 => 인스턴스 수 10
=======test_loader=======
=======dev_loader=======
=======train_labeled_loader=======
=======finish=======
>>Epoch 21 Step 200 acc_test 0.284116 f1_test 0.246569 acc_val 0.331641 f1_val 0.254768 acc_train 0.985714 f1_train 0.985678 psl_cor 0 psl_totl 0 pslt_global 0.700000  Tim 0:10:32
acc_train_cw [1.0, 0.9, 1.0, 1.0, 1.0, 1.0, 1.0]
cw_psl_eval:  [0, 0, 0, 0, 0, 0, 0] [0, 0, 0, 0, 0, 0, 0]
psl_acc: None cw_psl_acc:  [nan, nan, nan, nan, nan, nan, nan]
Save model to ./experiment/few_shot/output/

line 303 => train data수 70
line 258 => 인스턴스 수 10
=======test_loader=======
=======dev_loader=======
=======train_labeled_loader=======
=======finish=======
>>Epoch 22 Step 210 acc_test 0.308725 f1_test 0.244531 acc_val 0.351946 f1_val 0.260518 acc_train 0.985714 f1_train 0.985678 psl_cor 0 psl_totl 0 pslt_global 0.700000  Tim 0:11:07
acc_train_cw [1.0, 0.9, 1.0, 1.0, 1.0, 1.0, 1.0]
cw_psl_eval:  [0, 0, 0, 0, 0, 0, 0] [0, 0, 0, 0, 0, 0, 0]
psl_acc: None cw_psl_acc:  [nan, nan, nan, nan, nan, nan, nan]
Save model to ./experiment/few_shot/output/

line 303 => train data수 70
line 258 => 인스턴스 수 10
=======test_loader=======
=======dev_loader=======
=======train_labeled_loader=======
=======finish=======
>>Epoch 23 Step 220 acc_test 0.306488 f1_test 0.251793 acc_val 0.360406 f1_val 0.270719 acc_train 0.985714 f1_train 0.985678 psl_cor 0 psl_totl 0 pslt_global 0.700000  Tim 0:11:41
acc_train_cw [1.0, 0.9, 1.0, 1.0, 1.0, 1.0, 1.0]
cw_psl_eval:  [0, 0, 0, 0, 0, 0, 0] [0, 0, 0, 0, 0, 0, 0]
psl_acc: None cw_psl_acc:  [nan, nan, nan, nan, nan, nan, nan]
Save model to ./experiment/few_shot/output/

line 303 => train data수 70
line 258 => 인스턴스 수 10
=======test_loader=======
=======dev_loader=======
=======train_labeled_loader=======
=======finish=======
>>Epoch 24 Step 230 acc_test 0.308725 f1_test 0.249902 acc_val 0.377327 f1_val 0.281458 acc_train 0.985714 f1_train 0.985678 psl_cor 0 psl_totl 0 pslt_global 0.700000  Tim 0:12:16
acc_train_cw [1.0, 0.9, 1.0, 1.0, 1.0, 1.0, 1.0]
cw_psl_eval:  [0, 0, 0, 0, 0, 0, 0] [0, 0, 0, 0, 0, 0, 0]
psl_acc: None cw_psl_acc:  [nan, nan, nan, nan, nan, nan, nan]
Save model to ./experiment/few_shot/output/

line 303 => train data수 70
line 258 => 인스턴스 수 10
=======test_loader=======
=======dev_loader=======
=======train_labeled_loader=======
=======finish=======
>>Epoch 25 Step 240 acc_test 0.313199 f1_test 0.251287 acc_val 0.372250 f1_val 0.277956 acc_train 0.985714 f1_train 0.985678 psl_cor 0 psl_totl 0 pslt_global 0.700000  Tim 0:12:50
acc_train_cw [1.0, 0.9, 1.0, 1.0, 1.0, 1.0, 1.0]
cw_psl_eval:  [0, 0, 0, 0, 0, 0, 0] [0, 0, 0, 0, 0, 0, 0]
psl_acc: None cw_psl_acc:  [nan, nan, nan, nan, nan, nan, nan]

line 303 => train data수 70
line 258 => 인스턴스 수 10
=======test_loader=======
=======dev_loader=======
=======train_labeled_loader=======
=======finish=======
>>Epoch 26 Step 250 acc_test 0.304251 f1_test 0.250497 acc_val 0.375635 f1_val 0.280055 acc_train 0.985714 f1_train 0.985678 psl_cor 0 psl_totl 0 pslt_global 0.700000  Tim 0:13:20
acc_train_cw [1.0, 0.9, 1.0, 1.0, 1.0, 1.0, 1.0]
cw_psl_eval:  [0, 0, 0, 0, 0, 0, 0] [0, 0, 0, 0, 0, 0, 0]
psl_acc: None cw_psl_acc:  [nan, nan, nan, nan, nan, nan, nan]

line 303 => train data수 70
line 258 => 인스턴스 수 10
=======test_loader=======
=======dev_loader=======
=======train_labeled_loader=======
=======finish=======
>>Epoch 27 Step 260 acc_test 0.310962 f1_test 0.248361 acc_val 0.379019 f1_val 0.281123 acc_train 0.985714 f1_train 0.985678 psl_cor 0 psl_totl 0 pslt_global 0.700000  Tim 0:13:50
acc_train_cw [1.0, 0.9, 1.0, 1.0, 1.0, 1.0, 1.0]
cw_psl_eval:  [0, 0, 0, 0, 0, 0, 0] [0, 0, 0, 0, 0, 0, 0]
psl_acc: None cw_psl_acc:  [nan, nan, nan, nan, nan, nan, nan]
Save model to ./experiment/few_shot/output/

line 303 => train data수 70
line 258 => 인스턴스 수 10
=======test_loader=======
=======dev_loader=======
=======train_labeled_loader=======
=======finish=======
>>Epoch 28 Step 270 acc_test 0.315436 f1_test 0.256664 acc_val 0.397631 f1_val 0.292951 acc_train 0.985714 f1_train 0.985678 psl_cor 0 psl_totl 0 pslt_global 0.700000  Tim 0:14:24
acc_train_cw [1.0, 0.9, 1.0, 1.0, 1.0, 1.0, 1.0]
cw_psl_eval:  [0, 0, 0, 0, 0, 0, 0] [0, 0, 0, 0, 0, 0, 0]
psl_acc: None cw_psl_acc:  [nan, nan, nan, nan, nan, nan, nan]
Save model to ./experiment/few_shot/output/

line 303 => train data수 70
line 258 => 인스턴스 수 10
=======test_loader=======
=======dev_loader=======
=======train_labeled_loader=======
=======finish=======
>>Epoch 29 Step 280 acc_test 0.310962 f1_test 0.254182 acc_val 0.382403 f1_val 0.285914 acc_train 0.985714 f1_train 0.985678 psl_cor 0 psl_totl 0 pslt_global 0.700000  Tim 0:14:59
acc_train_cw [1.0, 0.9, 1.0, 1.0, 1.0, 1.0, 1.0]
cw_psl_eval:  [0, 0, 0, 0, 0, 0, 0] [0, 0, 0, 0, 0, 0, 0]
psl_acc: None cw_psl_acc:  [nan, nan, nan, nan, nan, nan, nan]

line 303 => train data수 70
line 258 => 인스턴스 수 10
=======test_loader=======
=======dev_loader=======
=======train_labeled_loader=======
=======finish=======
>>Epoch 30 Step 290 acc_test 0.308725 f1_test 0.253260 acc_val 0.404399 f1_val 0.299736 acc_train 0.985714 f1_train 0.985678 psl_cor 0 psl_totl 0 pslt_global 0.700000  Tim 0:15:29
acc_train_cw [1.0, 0.9, 1.0, 1.0, 1.0, 1.0, 1.0]
cw_psl_eval:  [0, 0, 0, 0, 0, 0, 0] [0, 0, 0, 0, 0, 0, 0]
psl_acc: None cw_psl_acc:  [nan, nan, nan, nan, nan, nan, nan]
Save model to ./experiment/few_shot/output/

line 303 => train data수 70
line 258 => 인스턴스 수 10
=======test_loader=======
=======dev_loader=======
=======train_labeled_loader=======
=======finish=======
>>Epoch 31 Step 300 acc_test 0.299776 f1_test 0.242048 acc_val 0.397631 f1_val 0.296798 acc_train 0.985714 f1_train 0.985678 psl_cor 0 psl_totl 0 pslt_global 0.700000  Tim 0:16:03
acc_train_cw [1.0, 1.0, 1.0, 1.0, 0.9, 1.0, 1.0]
cw_psl_eval:  [0, 0, 0, 0, 0, 0, 0] [0, 0, 0, 0, 0, 0, 0]
psl_acc: None cw_psl_acc:  [nan, nan, nan, nan, nan, nan, nan]
