current work directory:  /home/imsuhan22/few-shot-tc/JointMatch_SSL/codebert/code
java_extended_data
save_name: 10_unixcoder-base_1e-05_0.7_30_java_extended_data

data_path:  ../data/../data/problem_based_split/java_extended_data

There are 1 GPU(s) available.
We will use the GPU- 0 NVIDIA GeForce RTX 3090

**line 147 모델 =>  microsoft/unixcoder-base
**tokenizer type =  microsoft/unixcoder-base 

n_labeled_per_class:  10
train_df samples: 3851
train_labeled_df samples: 70
train_unlabeled_df samples: 3781
n_classes:  7 

net_arch:  microsoft/unixcoder-base lr:  1e-05

line 303 => train data수 70
line 258 => 인스턴스 수 10
=======test_loader=======
=======dev_loader=======
=======train_labeled_loader=======
=======finish=======
>>Epoch 1 Step 0 acc_test 0.100671 f1_test 0.069870 acc_val 0.297800 f1_val 0.187759 acc_train 0.128571 f1_train 0.099647 psl_cor 0 psl_totl 0 pslt_global 0.000000  Tim 0:00:10
acc_train_cw [0.0, 0.2, 0.4, 0.1, 0.1, 0.0, 0.1]
cw_psl_eval:  [0, 0, 0, 0, 0, 0, 0] [0, 0, 0, 0, 0, 0, 0]
psl_acc: None cw_psl_acc:  [nan, nan, nan, nan, nan, nan, nan]
Save model to ./experiment/few_shot/output/

line 303 => train data수 70
line 258 => 인스턴스 수 10
=======test_loader=======
=======dev_loader=======
=======train_labeled_loader=======
=======finish=======
>>Epoch 2 Step 10 acc_test 0.140940 f1_test 0.086473 acc_val 0.253807 f1_val 0.194548 acc_train 0.300000 f1_train 0.275181 psl_cor 0 psl_totl 0 pslt_global 0.700000  Tim 0:00:39
acc_train_cw [0.4, 0.2, 0.1, 0.6, 0.4, 0.0, 0.4]
cw_psl_eval:  [0, 0, 0, 0, 0, 0, 0] [0, 0, 0, 0, 0, 0, 0]
psl_acc: None cw_psl_acc:  [nan, nan, nan, nan, nan, nan, nan]

line 303 => train data수 70
line 258 => 인스턴스 수 10
=======test_loader=======
=======dev_loader=======
=======train_labeled_loader=======
=======finish=======
>>Epoch 3 Step 20 acc_test 0.167785 f1_test 0.101704 acc_val 0.262267 f1_val 0.207775 acc_train 0.542857 f1_train 0.521654 psl_cor 0 psl_totl 0 pslt_global 0.700000  Tim 0:01:08
acc_train_cw [0.6, 0.2, 0.8, 0.5, 0.8, 0.2, 0.7]
cw_psl_eval:  [0, 0, 0, 0, 0, 0, 0] [0, 0, 0, 0, 0, 0, 0]
psl_acc: None cw_psl_acc:  [nan, nan, nan, nan, nan, nan, nan]

line 303 => train data수 70
line 258 => 인스턴스 수 10
=======test_loader=======
=======dev_loader=======
=======train_labeled_loader=======
=======finish=======
>>Epoch 4 Step 30 acc_test 0.196868 f1_test 0.179587 acc_val 0.324873 f1_val 0.260859 acc_train 0.585714 f1_train 0.552873 psl_cor 0 psl_totl 0 pslt_global 0.700000  Tim 0:01:36
acc_train_cw [0.7, 0.1, 0.8, 0.4, 0.9, 0.4, 0.8]
cw_psl_eval:  [0, 0, 0, 0, 0, 0, 0] [0, 0, 0, 0, 0, 0, 0]
psl_acc: None cw_psl_acc:  [nan, nan, nan, nan, nan, nan, nan]
Save model to ./experiment/few_shot/output/

line 303 => train data수 70
line 258 => 인스턴스 수 10
=======test_loader=======
=======dev_loader=======
=======train_labeled_loader=======
=======finish=======
>>Epoch 5 Step 40 acc_test 0.194631 f1_test 0.192847 acc_val 0.431472 f1_val 0.327900 acc_train 0.714286 f1_train 0.715712 psl_cor 0 psl_totl 0 pslt_global 0.700000  Tim 0:02:10
acc_train_cw [0.7, 0.7, 0.9, 0.7, 0.7, 0.5, 0.8]
cw_psl_eval:  [0, 0, 0, 0, 0, 0, 0] [0, 0, 0, 0, 0, 0, 0]
psl_acc: None cw_psl_acc:  [nan, nan, nan, nan, nan, nan, nan]
Save model to ./experiment/few_shot/output/

line 303 => train data수 111
line 258 => 인스턴스 수 16
=======test_loader=======
=======dev_loader=======
=======train_labeled_loader=======
=======finish=======
>>Epoch 6 Step 50 acc_test 0.201342 f1_test 0.208451 acc_val 0.370558 f1_val 0.302885 acc_train 0.837838 f1_train 0.767703 psl_cor 31 psl_totl 41 pslt_global 0.700000  Tim 0:02:44
acc_train_cw [0.939, 0.4, 1.0, 0.8, 0.8, 0.5, 1.0]
cw_psl_eval:  [39, 0, 2, 0, 0, 0, 0] [30, 0, 1, 0, 0, 0, 0]
psl_acc:  0.756 cw_psl_acc:  [0.7692307829856873, nan, 0.5, nan, nan, nan, nan]
train batch instace수가 7안됨 pass

line 303 => train data수 497
line 258 => 인스턴스 수 71
=======test_loader=======
=======dev_loader=======
=======train_labeled_loader=======
=======finish=======
>>Epoch 7 Step 66 acc_test 0.234899 f1_test 0.200789 acc_val 0.385787 f1_val 0.262515 acc_train 0.925553 f1_train 0.855543 psl_cor 227 psl_totl 420 pslt_global 0.700000  Tim 0:03:15
acc_train_cw [1.0, 0.591, 1.0, 0.925, 0.917, 0.556, 0.912]
cw_psl_eval:  [164, 12, 68, 30, 26, 17, 103] [116, 4, 33, 18, 11, 4, 41]
psl_acc:  0.54 cw_psl_acc:  [0.707317054271698, 0.3333333432674408, 0.4852941036224365, 0.6000000238418579, 0.42307692766189575, 0.23529411852359772, 0.3980582654476166]

line 303 => train data수 2310
line 258 => 인스턴스 수 330
=======test_loader=======
=======dev_loader=======
=======train_labeled_loader=======
=======finish=======
>>Epoch 8 Step 137 acc_test 0.217002 f1_test 0.192887 acc_val 0.338409 f1_val 0.233147 acc_train 0.932035 f1_train 0.861132 psl_cor 895 psl_totl 2233 pslt_global 0.700000  Tim 0:04:00
acc_train_cw [0.998, 0.458, 0.964, 0.94, 0.92, 0.55, 0.989]
cw_psl_eval:  [548, 38, 434, 356, 293, 125, 439] [320, 17, 122, 227, 75, 23, 111]
psl_acc:  0.401 cw_psl_acc:  [0.5839415788650513, 0.44736841320991516, 0.28110599517822266, 0.6376404762268066, 0.255972683429718, 0.18400000035762787, 0.2528473734855652]
**bs에 맞지않음!!!!!**


line 303 => train data수 3338
line 258 => 인스턴스 수 477
=======test_loader=======
=======dev_loader=======
=======train_labeled_loader=======
=======finish=======
>>Epoch 9 Step 467 acc_test 0.241611 f1_test 0.221485 acc_val 0.367174 f1_val 0.249615 acc_train 0.927501 f1_train 0.868140 psl_cor 1114 psl_totl 3192 pslt_global 0.700000  Tim 0:05:13
acc_train_cw [0.983, 0.426, 0.994, 0.94, 0.986, 0.692, 0.953]
cw_psl_eval:  [633, 33, 608, 466, 494, 419, 539] [343, 14, 180, 271, 110, 75, 121]
psl_acc:  0.349 cw_psl_acc:  [0.5418641567230225, 0.42424243688583374, 0.29605263471603394, 0.5815450549125671, 0.22267206013202667, 0.17899760603904724, 0.22448979318141937]
train batch instace수가 7안됨 pass
**bs에 맞지않음!!!!!**


line 303 => train data수 3710
line 258 => 인스턴스 수 530
=======test_loader=======
=======dev_loader=======
=======train_labeled_loader=======
=======finish=======
>>Epoch 10 Step 944 acc_test 0.246085 f1_test 0.225480 acc_val 0.365482 f1_val 0.244412 acc_train 0.940701 f1_train 0.899094 psl_cor 1207 psl_totl 3563 pslt_global 0.700000  Tim 0:06:42
acc_train_cw [0.991, 0.561, 0.987, 0.961, 0.965, 0.759, 0.954]
cw_psl_eval:  [729, 23, 726, 498, 558, 455, 574] [377, 8, 196, 299, 107, 89, 131]
psl_acc:  0.339 cw_psl_acc:  [0.5171467661857605, 0.3478260934352875, 0.26997244358062744, 0.6004015803337097, 0.19175627827644348, 0.19560439884662628, 0.22822299599647522]
**bs에 맞지않음!!!!!**


line 303 => train data수 3809
line 258 => 인스턴스 수 545
=======test_loader=======
=======dev_loader=======
=======train_labeled_loader=======
=======finish=======
>>Epoch 11 Step 1474 acc_test 0.259508 f1_test 0.232010 acc_val 0.360406 f1_val 0.250074 acc_train 0.954319 f1_train 0.915657 psl_cor 1179 psl_totl 3624 pslt_global 0.700000  Tim 0:08:18
acc_train_cw [0.973, 0.581, 0.999, 0.978, 0.941, 0.886, 0.95]
cw_psl_eval:  [685, 16, 737, 527, 452, 576, 631] [351, 5, 194, 300, 89, 102, 138]
psl_acc:  0.325 cw_psl_acc:  [0.5124087333679199, 0.3125, 0.2632293105125427, 0.5692599415779114, 0.19690264761447906, 0.1770833283662796, 0.21870046854019165]
train batch instace수가 7안됨 pass
**bs에 맞지않음!!!!!**


line 303 => train data수 3831
line 258 => 인스턴스 수 548
=======test_loader=======
=======dev_loader=======
=======train_labeled_loader=======
=======finish=======
>>Epoch 12 Step 2019 acc_test 0.259508 f1_test 0.231853 acc_val 0.353638 f1_val 0.239627 acc_train 0.963978 f1_train 0.911424 psl_cor 1185 psl_totl 3709 pslt_global 0.700000  Tim 0:09:54
acc_train_cw [0.992, 0.448, 0.998, 0.978, 0.971, 0.882, 0.966]
cw_psl_eval:  [755, 13, 795, 523, 499, 530, 594] [372, 1, 203, 296, 93, 88, 132]
psl_acc:  0.319 cw_psl_acc:  [0.4927152395248413, 0.07692307978868484, 0.2553459107875824, 0.5659655928611755, 0.18637274205684662, 0.16603773832321167, 0.2222222238779068]
train batch instace수가 7안됨 pass
**bs에 맞지않음!!!!!**


line 303 => train data수 3838
line 258 => 인스턴스 수 549
=======test_loader=======
=======dev_loader=======
=======train_labeled_loader=======
=======finish=======
>>Epoch 13 Step 2567 acc_test 0.259508 f1_test 0.241110 acc_val 0.372250 f1_val 0.261909 acc_train 0.968213 f1_train 0.946869 psl_cor 1205 psl_totl 3715 pslt_global 0.700000  Tim 0:11:31
acc_train_cw [0.971, 0.731, 0.979, 0.976, 0.98, 0.938, 0.972]
cw_psl_eval:  [642, 15, 875, 534, 482, 538, 629] [349, 4, 223, 309, 90, 91, 139]
psl_acc:  0.324 cw_psl_acc:  [0.5436137318611145, 0.2666666805744171, 0.2548571527004242, 0.5786516666412354, 0.18672199547290802, 0.16914498805999756, 0.22098569571971893]
train batch instace수가 7안됨 pass
**bs에 맞지않음!!!!!**


line 303 => train data수 3839
line 258 => 인스턴스 수 549
=======test_loader=======
=======dev_loader=======
=======train_labeled_loader=======
=======finish=======
>>Epoch 14 Step 3116 acc_test 0.286353 f1_test 0.257775 acc_val 0.353638 f1_val 0.242175 acc_train 0.982287 f1_train 0.956880 psl_cor 1219 psl_totl 3738 pslt_global 0.700000  Tim 0:13:07
acc_train_cw [0.994, 0.692, 0.991, 0.985, 0.984, 0.968, 0.978]
cw_psl_eval:  [709, 16, 810, 531, 501, 551, 620] [370, 4, 210, 311, 95, 94, 135]
psl_acc:  0.326 cw_psl_acc:  [0.5218617916107178, 0.25, 0.25925925374031067, 0.5856873989105225, 0.1896207630634308, 0.17059890925884247, 0.2177419364452362]
train batch instace수가 7안됨 pass
**bs에 맞지않음!!!!!**


line 303 => train data수 3839
line 258 => 인스턴스 수 549
=======test_loader=======
=======dev_loader=======
=======train_labeled_loader=======
=======finish=======
>>Epoch 15 Step 3665 acc_test 0.259508 f1_test 0.231647 acc_val 0.355330 f1_val 0.242060 acc_train 0.986715 f1_train 0.964315 psl_cor 1231 psl_totl 3750 pslt_global 0.700000  Tim 0:14:44
acc_train_cw [0.996, 0.731, 0.993, 0.991, 0.998, 0.972, 0.979]
cw_psl_eval:  [716, 16, 812, 550, 486, 551, 619] [372, 4, 211, 318, 94, 96, 136]
psl_acc:  0.328 cw_psl_acc:  [0.5195530652999878, 0.25, 0.25985223054885864, 0.578181803226471, 0.19341564178466797, 0.17422866821289062, 0.21970920264720917]
train batch instace수가 7안됨 pass
**bs에 맞지않음!!!!!**


line 303 => train data수 3839
line 258 => 인스턴스 수 549
=======test_loader=======
=======dev_loader=======
=======train_labeled_loader=======
=======finish=======
>>Epoch 16 Step 4214 acc_test 0.259508 f1_test 0.234590 acc_val 0.362098 f1_val 0.253897 acc_train 0.990102 f1_train 0.973338 psl_cor 1230 psl_totl 3767 pslt_global 0.700000  Tim 0:16:21
acc_train_cw [0.996, 0.769, 0.999, 0.989, 0.99, 0.977, 0.994]
cw_psl_eval:  [710, 16, 823, 549, 498, 551, 620] [371, 4, 213, 315, 96, 95, 136]
psl_acc:  0.327 cw_psl_acc:  [0.5225352048873901, 0.25, 0.25880923867225647, 0.5737704634666443, 0.1927710771560669, 0.17241379618644714, 0.21935483813285828]
train batch instace수가 7안됨 pass
**bs에 맞지않음!!!!!**


line 303 => train data수 3839
line 258 => 인스턴스 수 549
=======test_loader=======
=======dev_loader=======
=======train_labeled_loader=======
=======finish=======
>>Epoch 17 Step 4763 acc_test 0.266219 f1_test 0.240675 acc_val 0.357022 f1_val 0.248543 acc_train 0.993488 f1_train 0.976404 psl_cor 1237 psl_totl 3775 pslt_global 0.700000  Tim 0:17:58
acc_train_cw [0.999, 0.769, 0.999, 0.996, 0.996, 0.982, 0.995]
cw_psl_eval:  [711, 16, 829, 550, 496, 552, 621] [372, 4, 218, 317, 96, 95, 135]
psl_acc:  0.328 cw_psl_acc:  [0.5232067704200745, 0.25, 0.26296743750572205, 0.5763636231422424, 0.19354838132858276, 0.1721014529466629, 0.21739129722118378]
train batch instace수가 7안됨 pass
**bs에 맞지않음!!!!!**


line 303 => train data수 3839
line 258 => 인스턴스 수 549
=======test_loader=======
=======dev_loader=======
=======train_labeled_loader=======
=======finish=======
>>Epoch 18 Step 5312 acc_test 0.261745 f1_test 0.236902 acc_val 0.362098 f1_val 0.252666 acc_train 0.993748 f1_train 0.977143 psl_cor 1237 psl_totl 3774 pslt_global 0.700000  Tim 0:19:34
acc_train_cw [0.997, 0.808, 1.0, 0.995, 0.996, 0.995, 0.986]
cw_psl_eval:  [712, 16, 830, 548, 500, 551, 617] [373, 4, 217, 317, 96, 95, 135]
psl_acc:  0.328 cw_psl_acc:  [0.523876428604126, 0.25, 0.2614457905292511, 0.5784671306610107, 0.19200000166893005, 0.17241379618644714, 0.2188006490468979]
train batch instace수가 7안됨 pass
**bs에 맞지않음!!!!!**


line 303 => train data수 3839
line 258 => 인스턴스 수 549
=======test_loader=======
=======dev_loader=======
=======train_labeled_loader=======
=======finish=======
>>Epoch 19 Step 5861 acc_test 0.246085 f1_test 0.228984 acc_val 0.365482 f1_val 0.257453 acc_train 0.992185 f1_train 0.976018 psl_cor 1231 psl_totl 3771 pslt_global 0.700000  Tim 0:21:11
acc_train_cw [0.996, 0.808, 0.998, 0.991, 0.994, 0.986, 0.994]
cw_psl_eval:  [698, 16, 838, 554, 499, 546, 620] [366, 4, 217, 319, 96, 94, 135]
psl_acc:  0.326 cw_psl_acc:  [0.5243552923202515, 0.25, 0.258949875831604, 0.5758122801780701, 0.1923847645521164, 0.17216117680072784, 0.2177419364452362]
train batch instace수가 7안됨 pass
**bs에 맞지않음!!!!!**


line 303 => train data수 3839
line 258 => 인스턴스 수 549
=======test_loader=======
=======dev_loader=======
=======train_labeled_loader=======
=======finish=======
>>Epoch 20 Step 6410 acc_test 0.290828 f1_test 0.256688 acc_val 0.355330 f1_val 0.247206 acc_train 0.994790 f1_train 0.981482 psl_cor 1236 psl_totl 3774 pslt_global 0.700000  Tim 0:22:48
acc_train_cw [0.997, 0.846, 1.0, 0.995, 0.996, 0.989, 0.995]
cw_psl_eval:  [710, 16, 826, 548, 502, 552, 620] [371, 4, 216, 318, 97, 95, 135]
psl_acc:  0.328 cw_psl_acc:  [0.5225352048873901, 0.25, 0.2615012228488922, 0.5802919864654541, 0.19322709739208221, 0.1721014529466629, 0.2177419364452362]
train batch instace수가 7안됨 pass
**bs에 맞지않음!!!!!**


line 303 => train data수 3839
line 258 => 인스턴스 수 549
=======test_loader=======
=======dev_loader=======
=======train_labeled_loader=======
=======finish=======
>>Epoch 21 Step 6959 acc_test 0.272931 f1_test 0.246446 acc_val 0.362098 f1_val 0.250055 acc_train 0.991664 f1_train 0.978107 psl_cor 1241 psl_totl 3774 pslt_global 0.700000  Tim 0:24:24
acc_train_cw [0.996, 0.808, 1.0, 0.996, 0.996, 0.974, 0.992]
cw_psl_eval:  [710, 16, 830, 543, 500, 561, 614] [372, 4, 216, 319, 97, 99, 134]
psl_acc:  0.329 cw_psl_acc:  [0.5239436626434326, 0.25, 0.26024097204208374, 0.5874769687652588, 0.1940000057220459, 0.1764705926179886, 0.21824103593826294]
train batch instace수가 7안됨 pass
**bs에 맞지않음!!!!!**


line 303 => train data수 3839
line 258 => 인스턴스 수 549
=======test_loader=======
=======dev_loader=======
=======train_labeled_loader=======
=======finish=======
>>Epoch 22 Step 7508 acc_test 0.270694 f1_test 0.243012 acc_val 0.365482 f1_val 0.254225 acc_train 0.996093 f1_train 0.985058 psl_cor 1240 psl_totl 3773 pslt_global 0.700000  Tim 0:26:01
acc_train_cw [0.999, 0.846, 1.0, 0.993, 0.998, 0.993, 0.998]
cw_psl_eval:  [709, 16, 826, 547, 501, 557, 617] [372, 4, 216, 319, 97, 98, 134]
psl_acc:  0.329 cw_psl_acc:  [0.5246826410293579, 0.25, 0.2615012228488922, 0.5831809639930725, 0.19361276924610138, 0.1759425550699234, 0.21717990934848785]
train batch instace수가 7안됨 pass
**bs에 맞지않음!!!!!**


line 303 => train data수 3839
line 258 => 인스턴스 수 549
=======test_loader=======
=======dev_loader=======
=======train_labeled_loader=======
=======finish=======
>>Epoch 23 Step 8057 acc_test 0.284116 f1_test 0.249543 acc_val 0.367174 f1_val 0.263991 acc_train 0.994009 f1_train 0.980859 psl_cor 1235 psl_totl 3766 pslt_global 0.700000  Tim 0:27:37
acc_train_cw [0.997, 0.815, 1.0, 0.998, 0.996, 0.981, 0.997]
cw_psl_eval:  [694, 17, 821, 548, 499, 572, 615] [366, 5, 213, 320, 97, 101, 133]
psl_acc:  0.328 cw_psl_acc:  [0.5273775458335876, 0.29411765933036804, 0.25943970680236816, 0.5839415788650513, 0.19438877701759338, 0.17657342553138733, 0.21626016497612]
train batch instace수가 7안됨 pass
**bs에 맞지않음!!!!!**


line 303 => train data수 3839
line 258 => 인스턴스 수 549
=======test_loader=======
=======dev_loader=======
=======train_labeled_loader=======
=======finish=======
>>Epoch 24 Step 8606 acc_test 0.281879 f1_test 0.254060 acc_val 0.363790 f1_val 0.257441 acc_train 0.997135 f1_train 0.983460 psl_cor 1235 psl_totl 3776 pslt_global 0.700000  Tim 0:29:14
acc_train_cw [0.999, 0.815, 1.0, 0.998, 1.0, 0.995, 0.998]
cw_psl_eval:  [706, 17, 825, 545, 501, 568, 614] [368, 5, 214, 317, 97, 99, 135]
psl_acc:  0.327 cw_psl_acc:  [0.5212464332580566, 0.29411765933036804, 0.25939393043518066, 0.5816513895988464, 0.19361276924610138, 0.17429576814174652, 0.2198697030544281]
train batch instace수가 7안됨 pass
**bs에 맞지않음!!!!!**


line 303 => train data수 3839
line 258 => 인스턴스 수 549
=======test_loader=======
=======dev_loader=======
=======train_labeled_loader=======
=======finish=======
>>Epoch 25 Step 9155 acc_test 0.293065 f1_test 0.254603 acc_val 0.362098 f1_val 0.256859 acc_train 0.997656 f1_train 0.986894 psl_cor 1239 psl_totl 3778 pslt_global 0.700000  Tim 0:30:50
acc_train_cw [1.0, 0.885, 1.0, 0.998, 1.0, 0.995, 0.997]
cw_psl_eval:  [706, 16, 824, 548, 500, 572, 612] [369, 5, 214, 319, 97, 101, 134]
psl_acc:  0.328 cw_psl_acc:  [0.522662878036499, 0.3125, 0.2597087323665619, 0.5821167826652527, 0.1940000057220459, 0.17657342553138733, 0.21895425021648407]
train batch instace수가 7안됨 pass
**bs에 맞지않음!!!!!**


line 303 => train data수 3839
line 258 => 인스턴스 수 549
=======test_loader=======
=======dev_loader=======
=======train_labeled_loader=======
=======finish=======
>>Epoch 26 Step 9704 acc_test 0.297539 f1_test 0.253015 acc_val 0.360406 f1_val 0.255871 acc_train 0.996093 f1_train 0.988467 psl_cor 1238 psl_totl 3771 pslt_global 0.700000  Tim 0:32:27
acc_train_cw [0.999, 0.923, 0.998, 0.996, 0.998, 0.993, 0.995]
cw_psl_eval:  [704, 16, 825, 545, 500, 576, 605] [369, 5, 213, 319, 98, 101, 133]
psl_acc:  0.328 cw_psl_acc:  [0.5241477489471436, 0.3125, 0.2581818103790283, 0.5853211283683777, 0.19599999487400055, 0.1753472238779068, 0.21983471512794495]
train batch instace수가 7안됨 pass
**bs에 맞지않음!!!!!**


line 303 => train data수 3839
line 258 => 인스턴스 수 549
=======test_loader=======
=======dev_loader=======
=======train_labeled_loader=======
=======finish=======
>>Epoch 27 Step 10253 acc_test 0.313199 f1_test 0.254788 acc_val 0.348562 f1_val 0.250798 acc_train 0.987497 f1_train 0.981170 psl_cor 1243 psl_totl 3753 pslt_global 0.700000  Tim 0:34:04
acc_train_cw [0.999, 0.885, 0.996, 0.996, 0.996, 0.951, 0.989]
cw_psl_eval:  [703, 16, 770, 557, 495, 600, 612] [368, 5, 201, 327, 97, 108, 137]
psl_acc:  0.331 cw_psl_acc:  [0.5234708189964294, 0.3125, 0.26103895902633667, 0.5870736241340637, 0.19595959782600403, 0.18000000715255737, 0.22385621070861816]
train batch instace수가 7안됨 pass
**bs에 맞지않음!!!!!**


line 303 => train data수 3839
line 258 => 인스턴스 수 549
=======test_loader=======
=======dev_loader=======
=======train_labeled_loader=======
=======finish=======
>>Epoch 28 Step 10802 acc_test 0.295302 f1_test 0.247335 acc_val 0.358714 f1_val 0.252493 acc_train 0.993227 f1_train 0.979399 psl_cor 1244 psl_totl 3764 pslt_global 0.700000  Tim 0:35:40
acc_train_cw [1.0, 0.806, 0.999, 0.993, 0.994, 0.98, 1.0]
cw_psl_eval:  [709, 21, 784, 562, 486, 596, 606] [371, 7, 200, 328, 97, 106, 135]
psl_acc:  0.33 cw_psl_acc:  [0.5232722163200378, 0.3333333432674408, 0.2551020383834839, 0.5836299061775208, 0.19958847761154175, 0.1778523474931717, 0.2227722704410553]
train batch instace수가 7안됨 pass
**bs에 맞지않음!!!!!**


line 303 => train data수 3839
line 258 => 인스턴스 수 549
=======test_loader=======
=======dev_loader=======
=======train_labeled_loader=======
=======finish=======
>>Epoch 29 Step 11351 acc_test 0.277405 f1_test 0.241698 acc_val 0.365482 f1_val 0.258297 acc_train 0.996614 f1_train 0.989239 psl_cor 1246 psl_totl 3778 pslt_global 0.700000  Tim 0:37:17
acc_train_cw [0.999, 0.926, 1.0, 0.997, 0.996, 0.99, 1.0]
cw_psl_eval:  [707, 17, 794, 563, 495, 596, 606] [369, 5, 204, 328, 97, 107, 136]
psl_acc:  0.33 cw_psl_acc:  [0.5219236016273499, 0.29411765933036804, 0.256926953792572, 0.5825932621955872, 0.19595959782600403, 0.17953020334243774, 0.22442243993282318]
train batch instace수가 7안됨 pass
**bs에 맞지않음!!!!!**


line 303 => train data수 3839
line 258 => 인스턴스 수 549
=======test_loader=======
=======dev_loader=======
=======train_labeled_loader=======
=======finish=======
>>Epoch 30 Step 11900 acc_test 0.288591 f1_test 0.252723 acc_val 0.365482 f1_val 0.255972 acc_train 0.995051 f1_train 0.987979 psl_cor 1251 psl_totl 3778 pslt_global 0.700000  Tim 0:38:53
acc_train_cw [0.999, 0.926, 1.0, 0.993, 0.996, 0.989, 0.995]
cw_psl_eval:  [706, 17, 791, 559, 497, 600, 608] [368, 5, 204, 329, 98, 109, 138]
psl_acc:  0.331 cw_psl_acc:  [0.5212464332580566, 0.29411765933036804, 0.2579014003276825, 0.5885509848594666, 0.19718310236930847, 0.18166667222976685, 0.22697368264198303]
train batch instace수가 7안됨 pass
**bs에 맞지않음!!!!!**


line 303 => train data수 3839
line 258 => 인스턴스 수 549
=======test_loader=======
=======dev_loader=======
=======train_labeled_loader=======
=======finish=======
>>Epoch 31 Step 12449 acc_test 0.302013 f1_test 0.254147 acc_val 0.358714 f1_val 0.257930 acc_train 0.994530 f1_train 0.985586 psl_cor 1248 psl_totl 3766 pslt_global 0.700000  Tim 0:40:30
acc_train_cw [0.996, 0.929, 0.999, 0.996, 0.998, 0.984, 0.997]
cw_psl_eval:  [698, 18, 778, 554, 495, 614, 609] [366, 5, 204, 328, 97, 111, 137]
psl_acc:  0.331 cw_psl_acc:  [0.5243552923202515, 0.2777777910232544, 0.26221078634262085, 0.5920577645301819, 0.19595959782600403, 0.180781751871109, 0.22495895624160767]
train batch instace수가 7안됨 pass
**bs에 맞지않음!!!!!**


line 303 => train data수 3839
line 258 => 인스턴스 수 549
=======test_loader=======
=======dev_loader=======
=======train_labeled_loader=======
=======finish=======
>>Epoch 32 Step 12998 acc_test 0.295302 f1_test 0.248907 acc_val 0.365482 f1_val 0.252579 acc_train 0.996353 f1_train 0.989218 psl_cor 1250 psl_totl 3776 pslt_global 0.700000  Tim 0:42:06
acc_train_cw [0.997, 0.893, 0.999, 0.996, 1.0, 0.99, 1.0]
cw_psl_eval:  [707, 18, 785, 555, 495, 607, 609] [367, 5, 206, 329, 97, 109, 137]
psl_acc:  0.331 cw_psl_acc:  [0.5190947651863098, 0.2777777910232544, 0.2624203860759735, 0.592792809009552, 0.19595959782600403, 0.17957165837287903, 0.22495895624160767]
train batch instace수가 7안됨 pass
**bs에 맞지않음!!!!!**


line 303 => train data수 3839
line 258 => 인스턴스 수 549
=======test_loader=======
=======dev_loader=======
=======train_labeled_loader=======
=======finish=======
>>Epoch 33 Step 13547 acc_test 0.281879 f1_test 0.242431 acc_val 0.345178 f1_val 0.237771 acc_train 0.997656 f1_train 0.990256 psl_cor 1246 psl_totl 3774 pslt_global 0.700000  Tim 0:43:43
acc_train_cw [1.0, 0.893, 0.997, 0.998, 0.998, 0.997, 1.0]
cw_psl_eval:  [703, 18, 779, 558, 498, 609, 609] [363, 5, 204, 329, 97, 111, 137]
psl_acc:  0.33 cw_psl_acc:  [0.5163584351539612, 0.2777777910232544, 0.2618741989135742, 0.5896057486534119, 0.19477911293506622, 0.1822660118341446, 0.22495895624160767]
train batch instace수가 7안됨 pass
**bs에 맞지않음!!!!!**


line 303 => train data수 3839
line 258 => 인스턴스 수 549
=======test_loader=======
=======dev_loader=======
=======train_labeled_loader=======
=======finish=======
>>Epoch 34 Step 14096 acc_test 0.277405 f1_test 0.239605 acc_val 0.336717 f1_val 0.233248 acc_train 0.998177 f1_train 0.990617 psl_cor 1237 psl_totl 3776 pslt_global 0.700000  Tim 0:45:19
acc_train_cw [0.999, 0.893, 0.999, 0.998, 1.0, 0.998, 1.0]
cw_psl_eval:  [691, 18, 782, 558, 511, 607, 609] [354, 5, 206, 329, 97, 109, 137]
psl_acc:  0.328 cw_psl_acc:  [0.5123010277748108, 0.2777777910232544, 0.26342710852622986, 0.5896057486534119, 0.18982388079166412, 0.17957165837287903, 0.22495895624160767]
train batch instace수가 7안됨 pass
**bs에 맞지않음!!!!!**


line 303 => train data수 3839
line 258 => 인스턴스 수 549
=======test_loader=======
=======dev_loader=======
=======train_labeled_loader=======
=======finish=======
>>Epoch 35 Step 14645 acc_test 0.290828 f1_test 0.257069 acc_val 0.360406 f1_val 0.250367 acc_train 0.998177 f1_train 0.990984 psl_cor 1240 psl_totl 3777 pslt_global 0.700000  Tim 0:46:56
acc_train_cw [0.997, 0.929, 1.0, 0.998, 0.998, 0.998, 1.0]
cw_psl_eval:  [688, 18, 787, 558, 509, 608, 609] [355, 5, 206, 329, 97, 111, 137]
psl_acc:  0.328 cw_psl_acc:  [0.5159883499145508, 0.2777777910232544, 0.26175349950790405, 0.5896057486534119, 0.19056974351406097, 0.18256579339504242, 0.22495895624160767]
Early stopping trigger at step:  14645
Best model at step:  40
**조기종료됨**
**bs에 맞지않음!!!!!**

종료된 epoch시점 :  36 (epoch - 11에서부터 acc_val증가 안됨.)
조기종료 early_stop_flag 

Training complete!
Total training took 0:47:14 (h:mm:ss)
Load model from ./experiment/few_shot/output/10_unixcoder-base_1e-05_0.7_30_java_extended_data_net0.pth
Save training statistics in:  ./experiment/few_shot/log/20240331-230141/0/training_statistics.csv

Best_step:  40 
best_test_acc:  0.19463087248322147 
best_test_f1:  0.19284720692054144
Save best record in:  ./experiment/few_shot/log/20240331-230141/summary.csv
Save best record in:  ./experiment/few_shot/log/summary_avgrun.csv
