current work directory:  /home/imsuhan22/few-shot-tc/JointMatch_SSL/codebert/code
java_extended_data
save_name: 1_unixcoder-base_1e-05_0.9_30_java_extended_data

data_path:  ../data/../data/problem_based_split/java_extended_data

There are 1 GPU(s) available.
We will use the GPU- 0 NVIDIA GeForce RTX 3090

**line 147 모델 =>  microsoft/unixcoder-base
**tokenizer type =  microsoft/unixcoder-base 

n_labeled_per_class:  1
train_df samples: 3851
train_labeled_df samples: 7
train_unlabeled_df samples: 3844
n_classes:  7 

net_arch:  microsoft/unixcoder-base lr:  1e-05

line 303 => train data수 7
line 258 => 인스턴스 수 1
=======test_loader=======
=======dev_loader=======
=======train_labeled_loader=======
=======finish=======
>>Epoch 1 Step 0 acc_test 0.181208 f1_test 0.091400 acc_val 0.131980 f1_val 0.074635 acc_train 0.000000 f1_train 0.000000 psl_cor 0 psl_totl 0 pslt_global 0.000000  Tim 0:00:10
acc_train_cw [0.0, 0.0, 0.0, 0.0, 0.0, 0.0, 0.0]
cw_psl_eval:  [0, 0, 0, 0, 0, 0, 0] [0, 0, 0, 0, 0, 0, 0]
psl_acc: None cw_psl_acc:  [nan, nan, nan, nan, nan, nan, nan]
Save model to ./experiment/few_shot/output/

line 303 => train data수 7
line 258 => 인스턴스 수 1
=======test_loader=======
=======dev_loader=======
=======train_labeled_loader=======
=======finish=======
>>Epoch 2 Step 1 acc_test 0.237136 f1_test 0.123742 acc_val 0.147208 f1_val 0.088299 acc_train 0.142857 f1_train 0.095238 psl_cor 0 psl_totl 0 pslt_global 0.900000  Tim 0:00:38
acc_train_cw [1.0, 0.0, 0.0, 0.0, 0.0, 0.0, 0.0]
cw_psl_eval:  [0, 0, 0, 0, 0, 0, 0] [0, 0, 0, 0, 0, 0, 0]
psl_acc: None cw_psl_acc:  [nan, nan, nan, nan, nan, nan, nan]
Save model to ./experiment/few_shot/output/

line 303 => train data수 7
line 258 => 인스턴스 수 1
=======test_loader=======
=======dev_loader=======
=======train_labeled_loader=======
=======finish=======
>>Epoch 3 Step 2 acc_test 0.259508 f1_test 0.137769 acc_val 0.143824 f1_val 0.093935 acc_train 0.285714 f1_train 0.214286 psl_cor 0 psl_totl 0 pslt_global 0.900000  Tim 0:01:14
acc_train_cw [1.0, 0.0, 0.0, 0.0, 1.0, 0.0, 0.0]
cw_psl_eval:  [0, 0, 0, 0, 0, 0, 0] [0, 0, 0, 0, 0, 0, 0]
psl_acc: None cw_psl_acc:  [nan, nan, nan, nan, nan, nan, nan]

line 303 => train data수 7
line 258 => 인스턴스 수 1
=======test_loader=======
=======dev_loader=======
=======train_labeled_loader=======
=======finish=======
>>Epoch 4 Step 3 acc_test 0.266219 f1_test 0.145940 acc_val 0.147208 f1_val 0.104748 acc_train 0.714286 f1_train 0.642857 psl_cor 0 psl_totl 0 pslt_global 0.900000  Tim 0:01:41
acc_train_cw [1.0, 0.0, 1.0, 1.0, 1.0, 1.0, 0.0]
cw_psl_eval:  [0, 0, 0, 0, 0, 0, 0] [0, 0, 0, 0, 0, 0, 0]
psl_acc: None cw_psl_acc:  [nan, nan, nan, nan, nan, nan, nan]

line 303 => train data수 7
line 258 => 인스턴스 수 1
=======test_loader=======
=======dev_loader=======
=======train_labeled_loader=======
=======finish=======
>>Epoch 5 Step 4 acc_test 0.261745 f1_test 0.152228 acc_val 0.138748 f1_val 0.096687 acc_train 0.714286 f1_train 0.642857 psl_cor 0 psl_totl 0 pslt_global 0.900000  Tim 0:02:09
acc_train_cw [1.0, 0.0, 1.0, 1.0, 1.0, 1.0, 0.0]
cw_psl_eval:  [0, 0, 0, 0, 0, 0, 0] [0, 0, 0, 0, 0, 0, 0]
psl_acc: None cw_psl_acc:  [nan, nan, nan, nan, nan, nan, nan]

line 303 => train data수 7
line 258 => 인스턴스 수 1
=======test_loader=======
=======dev_loader=======
=======train_labeled_loader=======
=======finish=======
>>Epoch 6 Step 5 acc_test 0.272931 f1_test 0.173584 acc_val 0.133672 f1_val 0.095482 acc_train 0.857143 f1_train 0.809524 psl_cor 0 psl_totl 0 pslt_global 0.900000  Tim 0:02:37
acc_train_cw [1.0, 0.0, 1.0, 1.0, 1.0, 1.0, 1.0]
cw_psl_eval:  [0, 0, 0, 0, 0, 0, 0] [0, 0, 0, 0, 0, 0, 0]
psl_acc: None cw_psl_acc:  [nan, nan, nan, nan, nan, nan, nan]

line 303 => train data수 7
line 258 => 인스턴스 수 1
=======test_loader=======
=======dev_loader=======
=======train_labeled_loader=======
=======finish=======
>>Epoch 7 Step 6 acc_test 0.263982 f1_test 0.166985 acc_val 0.126904 f1_val 0.092815 acc_train 0.857143 f1_train 0.809524 psl_cor 0 psl_totl 0 pslt_global 0.900000  Tim 0:03:04
acc_train_cw [1.0, 0.0, 1.0, 1.0, 1.0, 1.0, 1.0]
cw_psl_eval:  [0, 0, 0, 0, 0, 0, 0] [0, 0, 0, 0, 0, 0, 0]
psl_acc: None cw_psl_acc:  [nan, nan, nan, nan, nan, nan, nan]

line 303 => train data수 7
line 258 => 인스턴스 수 1
=======test_loader=======
=======dev_loader=======
=======train_labeled_loader=======
=======finish=======
>>Epoch 8 Step 7 acc_test 0.263982 f1_test 0.175037 acc_val 0.115059 f1_val 0.086746 acc_train 0.857143 f1_train 0.809524 psl_cor 0 psl_totl 0 pslt_global 0.900000  Tim 0:03:32
acc_train_cw [1.0, 0.0, 1.0, 1.0, 1.0, 1.0, 1.0]
cw_psl_eval:  [0, 0, 0, 0, 0, 0, 0] [0, 0, 0, 0, 0, 0, 0]
psl_acc: None cw_psl_acc:  [nan, nan, nan, nan, nan, nan, nan]

line 303 => train data수 7
line 258 => 인스턴스 수 1
=======test_loader=======
=======dev_loader=======
=======train_labeled_loader=======
=======finish=======
>>Epoch 9 Step 8 acc_test 0.248322 f1_test 0.161987 acc_val 0.120135 f1_val 0.089772 acc_train 0.857143 f1_train 0.809524 psl_cor 0 psl_totl 0 pslt_global 0.900000  Tim 0:04:00
acc_train_cw [1.0, 0.0, 1.0, 1.0, 1.0, 1.0, 1.0]
cw_psl_eval:  [0, 0, 0, 0, 0, 0, 0] [0, 0, 0, 0, 0, 0, 0]
psl_acc: None cw_psl_acc:  [nan, nan, nan, nan, nan, nan, nan]

line 303 => train data수 7
line 258 => 인스턴스 수 1
=======test_loader=======
=======dev_loader=======
=======train_labeled_loader=======
=======finish=======
>>Epoch 10 Step 9 acc_test 0.263982 f1_test 0.167230 acc_val 0.145516 f1_val 0.098572 acc_train 1.000000 f1_train 1.000000 psl_cor 0 psl_totl 0 pslt_global 0.900000  Tim 0:04:28
acc_train_cw [1.0, 1.0, 1.0, 1.0, 1.0, 1.0, 1.0]
cw_psl_eval:  [0, 0, 0, 0, 0, 0, 0] [0, 0, 0, 0, 0, 0, 0]
psl_acc: None cw_psl_acc:  [nan, nan, nan, nan, nan, nan, nan]

line 303 => train data수 7
line 258 => 인스턴스 수 1
=======test_loader=======
=======dev_loader=======
=======train_labeled_loader=======
=======finish=======
>>Epoch 11 Step 10 acc_test 0.252796 f1_test 0.152232 acc_val 0.170897 f1_val 0.099737 acc_train 1.000000 f1_train 1.000000 psl_cor 0 psl_totl 0 pslt_global 0.900000  Tim 0:04:56
acc_train_cw [1.0, 1.0, 1.0, 1.0, 1.0, 1.0, 1.0]
cw_psl_eval:  [0, 0, 0, 0, 0, 0, 0] [0, 0, 0, 0, 0, 0, 0]
psl_acc: None cw_psl_acc:  [nan, nan, nan, nan, nan, nan, nan]
Save model to ./experiment/few_shot/output/

line 303 => train data수 7
line 258 => 인스턴스 수 1
=======test_loader=======
=======dev_loader=======
=======train_labeled_loader=======
=======finish=======
>>Epoch 12 Step 11 acc_test 0.243848 f1_test 0.145155 acc_val 0.165821 f1_val 0.092344 acc_train 1.000000 f1_train 1.000000 psl_cor 0 psl_totl 0 pslt_global 0.900000  Tim 0:05:31
acc_train_cw [1.0, 1.0, 1.0, 1.0, 1.0, 1.0, 1.0]
cw_psl_eval:  [0, 0, 0, 0, 0, 0, 0] [0, 0, 0, 0, 0, 0, 0]
psl_acc: None cw_psl_acc:  [nan, nan, nan, nan, nan, nan, nan]

line 303 => train data수 7
line 258 => 인스턴스 수 1
=======test_loader=======
=======dev_loader=======
=======train_labeled_loader=======
=======finish=======
>>Epoch 13 Step 12 acc_test 0.237136 f1_test 0.141721 acc_val 0.157360 f1_val 0.091744 acc_train 1.000000 f1_train 1.000000 psl_cor 0 psl_totl 0 pslt_global 0.900000  Tim 0:05:59
acc_train_cw [1.0, 1.0, 1.0, 1.0, 1.0, 1.0, 1.0]
cw_psl_eval:  [0, 0, 0, 0, 0, 0, 0] [0, 0, 0, 0, 0, 0, 0]
psl_acc: None cw_psl_acc:  [nan, nan, nan, nan, nan, nan, nan]

line 303 => train data수 7
line 258 => 인스턴스 수 1
=======test_loader=======
=======dev_loader=======
=======train_labeled_loader=======
=======finish=======
>>Epoch 14 Step 13 acc_test 0.230425 f1_test 0.136919 acc_val 0.157360 f1_val 0.094926 acc_train 1.000000 f1_train 1.000000 psl_cor 0 psl_totl 0 pslt_global 0.900000  Tim 0:06:26
acc_train_cw [1.0, 1.0, 1.0, 1.0, 1.0, 1.0, 1.0]
cw_psl_eval:  [0, 0, 0, 0, 0, 0, 0] [0, 0, 0, 0, 0, 0, 0]
psl_acc: None cw_psl_acc:  [nan, nan, nan, nan, nan, nan, nan]

line 303 => train data수 7
line 258 => 인스턴스 수 1
=======test_loader=======
=======dev_loader=======
=======train_labeled_loader=======
=======finish=======
>>Epoch 15 Step 14 acc_test 0.225951 f1_test 0.138648 acc_val 0.160745 f1_val 0.102665 acc_train 1.000000 f1_train 1.000000 psl_cor 0 psl_totl 0 pslt_global 0.900000  Tim 0:06:54
acc_train_cw [1.0, 1.0, 1.0, 1.0, 1.0, 1.0, 1.0]
cw_psl_eval:  [0, 0, 0, 0, 0, 0, 0] [0, 0, 0, 0, 0, 0, 0]
psl_acc: None cw_psl_acc:  [nan, nan, nan, nan, nan, nan, nan]

line 303 => train data수 7
line 258 => 인스턴스 수 1
=======test_loader=======
=======dev_loader=======
=======train_labeled_loader=======
=======finish=======
>>Epoch 16 Step 15 acc_test 0.217002 f1_test 0.138664 acc_val 0.152284 f1_val 0.103258 acc_train 1.000000 f1_train 1.000000 psl_cor 0 psl_totl 0 pslt_global 0.900000  Tim 0:07:22
acc_train_cw [1.0, 1.0, 1.0, 1.0, 1.0, 1.0, 1.0]
cw_psl_eval:  [0, 0, 0, 0, 0, 0, 0] [0, 0, 0, 0, 0, 0, 0]
psl_acc: None cw_psl_acc:  [nan, nan, nan, nan, nan, nan, nan]

line 303 => train data수 7
line 258 => 인스턴스 수 1
=======test_loader=======
=======dev_loader=======
=======train_labeled_loader=======
=======finish=======
>>Epoch 17 Step 16 acc_test 0.219239 f1_test 0.145753 acc_val 0.145516 f1_val 0.103213 acc_train 1.000000 f1_train 1.000000 psl_cor 0 psl_totl 0 pslt_global 0.900000  Tim 0:07:50
acc_train_cw [1.0, 1.0, 1.0, 1.0, 1.0, 1.0, 1.0]
cw_psl_eval:  [0, 0, 0, 0, 0, 0, 0] [0, 0, 0, 0, 0, 0, 0]
psl_acc: None cw_psl_acc:  [nan, nan, nan, nan, nan, nan, nan]

line 303 => train data수 7
line 258 => 인스턴스 수 1
=======test_loader=======
=======dev_loader=======
=======train_labeled_loader=======
=======finish=======
>>Epoch 18 Step 17 acc_test 0.221477 f1_test 0.150103 acc_val 0.128596 f1_val 0.094310 acc_train 1.000000 f1_train 1.000000 psl_cor 0 psl_totl 0 pslt_global 0.900000  Tim 0:08:18
acc_train_cw [1.0, 1.0, 1.0, 1.0, 1.0, 1.0, 1.0]
cw_psl_eval:  [0, 0, 0, 0, 0, 0, 0] [0, 0, 0, 0, 0, 0, 0]
psl_acc: None cw_psl_acc:  [nan, nan, nan, nan, nan, nan, nan]

line 303 => train data수 7
line 258 => 인스턴스 수 1
=======test_loader=======
=======dev_loader=======
=======train_labeled_loader=======
=======finish=======
>>Epoch 19 Step 18 acc_test 0.217002 f1_test 0.150131 acc_val 0.118443 f1_val 0.085774 acc_train 1.000000 f1_train 1.000000 psl_cor 0 psl_totl 0 pslt_global 0.900000  Tim 0:08:45
acc_train_cw [1.0, 1.0, 1.0, 1.0, 1.0, 1.0, 1.0]
cw_psl_eval:  [0, 0, 0, 0, 0, 0, 0] [0, 0, 0, 0, 0, 0, 0]
psl_acc: None cw_psl_acc:  [nan, nan, nan, nan, nan, nan, nan]

line 303 => train data수 7
line 258 => 인스턴스 수 1
=======test_loader=======
=======dev_loader=======
=======train_labeled_loader=======
=======finish=======
>>Epoch 20 Step 19 acc_test 0.214765 f1_test 0.149767 acc_val 0.111675 f1_val 0.081944 acc_train 1.000000 f1_train 1.000000 psl_cor 0 psl_totl 0 pslt_global 0.900000  Tim 0:09:13
acc_train_cw [1.0, 1.0, 1.0, 1.0, 1.0, 1.0, 1.0]
cw_psl_eval:  [0, 0, 0, 0, 0, 0, 0] [0, 0, 0, 0, 0, 0, 0]
psl_acc: None cw_psl_acc:  [nan, nan, nan, nan, nan, nan, nan]

line 303 => train data수 7
line 258 => 인스턴스 수 1
=======test_loader=======
=======dev_loader=======
=======train_labeled_loader=======
=======finish=======
>>Epoch 21 Step 20 acc_test 0.208054 f1_test 0.141100 acc_val 0.098139 f1_val 0.075560 acc_train 1.000000 f1_train 1.000000 psl_cor 0 psl_totl 0 pslt_global 0.900000  Tim 0:09:41
acc_train_cw [1.0, 1.0, 1.0, 1.0, 1.0, 1.0, 1.0]
cw_psl_eval:  [0, 0, 0, 0, 0, 0, 0] [0, 0, 0, 0, 0, 0, 0]
psl_acc: None cw_psl_acc:  [nan, nan, nan, nan, nan, nan, nan]

line 303 => train data수 7
line 258 => 인스턴스 수 1
=======test_loader=======
=======dev_loader=======
=======train_labeled_loader=======
=======finish=======
>>Epoch 22 Step 21 acc_test 0.219239 f1_test 0.149200 acc_val 0.082910 f1_val 0.067121 acc_train 1.000000 f1_train 1.000000 psl_cor 0 psl_totl 0 pslt_global 0.900000  Tim 0:10:09
acc_train_cw [1.0, 1.0, 1.0, 1.0, 1.0, 1.0, 1.0]
cw_psl_eval:  [0, 0, 0, 0, 0, 0, 0] [0, 0, 0, 0, 0, 0, 0]
psl_acc: None cw_psl_acc:  [nan, nan, nan, nan, nan, nan, nan]

line 303 => train data수 7
line 258 => 인스턴스 수 1
=======test_loader=======
=======dev_loader=======
=======train_labeled_loader=======
=======finish=======
>>Epoch 23 Step 22 acc_test 0.234899 f1_test 0.159526 acc_val 0.077834 f1_val 0.066743 acc_train 1.000000 f1_train 1.000000 psl_cor 0 psl_totl 0 pslt_global 0.900000  Tim 0:10:36
acc_train_cw [1.0, 1.0, 1.0, 1.0, 1.0, 1.0, 1.0]
cw_psl_eval:  [0, 0, 0, 0, 0, 0, 0] [0, 0, 0, 0, 0, 0, 0]
psl_acc: None cw_psl_acc:  [nan, nan, nan, nan, nan, nan, nan]

line 303 => train data수 7
line 258 => 인스턴스 수 1
=======test_loader=======
=======dev_loader=======
=======train_labeled_loader=======
=======finish=======
>>Epoch 24 Step 23 acc_test 0.246085 f1_test 0.165902 acc_val 0.065990 f1_val 0.057711 acc_train 1.000000 f1_train 1.000000 psl_cor 0 psl_totl 0 pslt_global 0.900000  Tim 0:11:04
acc_train_cw [1.0, 1.0, 1.0, 1.0, 1.0, 1.0, 1.0]
cw_psl_eval:  [0, 0, 0, 0, 0, 0, 0] [0, 0, 0, 0, 0, 0, 0]
psl_acc: None cw_psl_acc:  [nan, nan, nan, nan, nan, nan, nan]

line 303 => train data수 7
line 258 => 인스턴스 수 1
=======test_loader=======
=======dev_loader=======
=======train_labeled_loader=======
=======finish=======
>>Epoch 25 Step 24 acc_test 0.263982 f1_test 0.179217 acc_val 0.069374 f1_val 0.058670 acc_train 1.000000 f1_train 1.000000 psl_cor 0 psl_totl 0 pslt_global 0.900000  Tim 0:11:32
acc_train_cw [1.0, 1.0, 1.0, 1.0, 1.0, 1.0, 1.0]
cw_psl_eval:  [0, 0, 0, 0, 0, 0, 0] [0, 0, 0, 0, 0, 0, 0]
psl_acc: None cw_psl_acc:  [nan, nan, nan, nan, nan, nan, nan]

line 303 => train data수 7
line 258 => 인스턴스 수 1
=======test_loader=======
=======dev_loader=======
=======train_labeled_loader=======
=======finish=======
>>Epoch 26 Step 25 acc_test 0.263982 f1_test 0.177510 acc_val 0.065990 f1_val 0.054784 acc_train 1.000000 f1_train 1.000000 psl_cor 0 psl_totl 0 pslt_global 0.900000  Tim 0:12:00
acc_train_cw [1.0, 1.0, 1.0, 1.0, 1.0, 1.0, 1.0]
cw_psl_eval:  [0, 0, 0, 0, 0, 0, 0] [0, 0, 0, 0, 0, 0, 0]
psl_acc: None cw_psl_acc:  [nan, nan, nan, nan, nan, nan, nan]

line 303 => train data수 7
line 258 => 인스턴스 수 1
=======test_loader=======
=======dev_loader=======
=======train_labeled_loader=======
=======finish=======
>>Epoch 27 Step 26 acc_test 0.263982 f1_test 0.175921 acc_val 0.060914 f1_val 0.047418 acc_train 1.000000 f1_train 1.000000 psl_cor 0 psl_totl 0 pslt_global 0.900000  Tim 0:12:27
acc_train_cw [1.0, 1.0, 1.0, 1.0, 1.0, 1.0, 1.0]
cw_psl_eval:  [0, 0, 0, 0, 0, 0, 0] [0, 0, 0, 0, 0, 0, 0]
psl_acc: None cw_psl_acc:  [nan, nan, nan, nan, nan, nan, nan]

line 303 => train data수 7
line 258 => 인스턴스 수 1
=======test_loader=======
=======dev_loader=======
=======train_labeled_loader=======
=======finish=======
>>Epoch 28 Step 27 acc_test 0.268456 f1_test 0.179674 acc_val 0.062606 f1_val 0.046831 acc_train 1.000000 f1_train 1.000000 psl_cor 0 psl_totl 0 pslt_global 0.900000  Tim 0:12:55
acc_train_cw [1.0, 1.0, 1.0, 1.0, 1.0, 1.0, 1.0]
cw_psl_eval:  [0, 0, 0, 0, 0, 0, 0] [0, 0, 0, 0, 0, 0, 0]
psl_acc: None cw_psl_acc:  [nan, nan, nan, nan, nan, nan, nan]

line 303 => train data수 8
line 258 => 인스턴스 수 2
=======test_loader=======
=======dev_loader=======
=======train_labeled_loader=======
=======finish=======
>>Epoch 29 Step 28 acc_test 0.268456 f1_test 0.180155 acc_val 0.062606 f1_val 0.045744 acc_train 1.000000 f1_train 1.000000 psl_cor 0 psl_totl 1 pslt_global 0.900000  Tim 0:13:23
acc_train_cw [1.0, 1.0, 1.0, 1.0, 1.0, 1.0, 1.0]
cw_psl_eval:  [0, 0, 0, 0, 0, 0, 1] [0, 0, 0, 0, 0, 0, 0]
psl_acc:  0.0 cw_psl_acc:  [nan, nan, nan, nan, nan, nan, 0.0]
train batch instace수가 7안됨 pass

line 303 => train data수 8
line 258 => 인스턴스 수 2
=======test_loader=======
=======dev_loader=======
=======train_labeled_loader=======
=======finish=======
>>Epoch 30 Step 30 acc_test 0.268456 f1_test 0.179927 acc_val 0.059222 f1_val 0.043157 acc_train 1.000000 f1_train 1.000000 psl_cor 0 psl_totl 1 pslt_global 0.900000  Tim 0:13:51
acc_train_cw [1.0, 1.0, 1.0, 1.0, 1.0, 1.0, 1.0]
cw_psl_eval:  [0, 0, 0, 0, 0, 0, 1] [0, 0, 0, 0, 0, 0, 0]
psl_acc:  0.0 cw_psl_acc:  [nan, nan, nan, nan, nan, nan, 0.0]
train batch instace수가 7안됨 pass

line 303 => train data수 8
line 258 => 인스턴스 수 2
=======test_loader=======
=======dev_loader=======
=======train_labeled_loader=======
=======finish=======
>>Epoch 31 Step 32 acc_test 0.263982 f1_test 0.173653 acc_val 0.055838 f1_val 0.042438 acc_train 1.000000 f1_train 1.000000 psl_cor 0 psl_totl 0 pslt_global 0.900000  Tim 0:14:18
acc_train_cw [1.0, 1.0, 1.0, 1.0, 1.0, 1.0, 1.0]
cw_psl_eval:  [0, 0, 0, 0, 0, 0, 0] [0, 0, 0, 0, 0, 0, 0]
psl_acc: None cw_psl_acc:  [nan, nan, nan, nan, nan, nan, nan]
train batch instace수가 7안됨 pass

line 303 => train data수 8
line 258 => 인스턴스 수 2
=======test_loader=======
=======dev_loader=======
=======train_labeled_loader=======
=======finish=======
>>Epoch 32 Step 34 acc_test 0.250559 f1_test 0.167688 acc_val 0.055838 f1_val 0.046284 acc_train 1.000000 f1_train 1.000000 psl_cor 0 psl_totl 0 pslt_global 0.900000  Tim 0:14:46
acc_train_cw [1.0, 1.0, 1.0, 1.0, 1.0, 1.0, 1.0]
cw_psl_eval:  [0, 0, 0, 0, 0, 0, 0] [0, 0, 0, 0, 0, 0, 0]
psl_acc: None cw_psl_acc:  [nan, nan, nan, nan, nan, nan, nan]
train batch instace수가 7안됨 pass

line 303 => train data수 9
line 258 => 인스턴스 수 2
=======test_loader=======
=======dev_loader=======
=======train_labeled_loader=======
=======finish=======
>>Epoch 33 Step 36 acc_test 0.250559 f1_test 0.172065 acc_val 0.060914 f1_val 0.054106 acc_train 1.000000 f1_train 1.000000 psl_cor 1 psl_totl 1 pslt_global 0.900000  Tim 0:15:14
acc_train_cw [1.0, 1.0, 1.0, 1.0, 1.0, 1.0, 1.0]
cw_psl_eval:  [0, 0, 0, 0, 1, 0, 0] [0, 0, 0, 0, 1, 0, 0]
psl_acc:  1.0 cw_psl_acc:  [nan, nan, nan, nan, 1.0, nan, nan]
train batch instace수가 7안됨 pass

line 303 => train data수 13
line 258 => 인스턴스 수 2
=======test_loader=======
=======dev_loader=======
=======train_labeled_loader=======
=======finish=======
>>Epoch 34 Step 38 acc_test 0.246085 f1_test 0.171366 acc_val 0.059222 f1_val 0.054270 acc_train 1.000000 f1_train 1.000000 psl_cor 2 psl_totl 4 pslt_global 0.900000  Tim 0:15:42
acc_train_cw [1.0, 1.0, 1.0, 1.0, 1.0, 1.0, 1.0]
cw_psl_eval:  [0, 0, 0, 0, 4, 0, 0] [0, 0, 0, 0, 2, 0, 0]
psl_acc:  0.5 cw_psl_acc:  [nan, nan, nan, nan, 0.5, nan, nan]
train batch instace수가 7안됨 pass

line 303 => train data수 17
line 258 => 인스턴스 수 3
=======test_loader=======
=======dev_loader=======
=======train_labeled_loader=======
=======finish=======
>>Epoch 35 Step 40 acc_test 0.250559 f1_test 0.169581 acc_val 0.076142 f1_val 0.064364 acc_train 1.000000 f1_train 1.000000 psl_cor 1 psl_totl 4 pslt_global 0.900000  Tim 0:16:10
acc_train_cw [1.0, 1.0, 1.0, 1.0, 1.0, 1.0, 1.0]
cw_psl_eval:  [0, 1, 2, 1, 0, 0, 0] [0, 1, 0, 0, 0, 0, 0]
psl_acc:  0.25 cw_psl_acc:  [nan, 1.0, 0.0, 0.0, nan, nan, nan]
train batch instace수가 7안됨 pass

line 303 => train data수 52
line 258 => 인스턴스 수 8
=======test_loader=======
=======dev_loader=======
=======train_labeled_loader=======
=======finish=======
>>Epoch 36 Step 43 acc_test 0.250559 f1_test 0.151038 acc_val 0.186125 f1_val 0.095312 acc_train 0.942308 f1_train 0.932468 psl_cor 6 psl_totl 36 pslt_global 0.900000  Tim 0:16:38
acc_train_cw [1.0, 1.0, 0.571, 1.0, 1.0, 1.0, 1.0]
cw_psl_eval:  [1, 0, 4, 3, 0, 1, 27] [1, 0, 1, 1, 0, 0, 3]
psl_acc:  0.167 cw_psl_acc:  [1.0, nan, 0.25, 0.3333333432674408, nan, 0.0, 0.1111111119389534]
Save model to ./experiment/few_shot/output/
train batch instace수가 7안됨 pass

line 303 => train data수 340
line 258 => 인스턴스 수 49
=======test_loader=======
=======dev_loader=======
=======train_labeled_loader=======
=======finish=======
>>Epoch 37 Step 51 acc_test 0.201342 f1_test 0.093580 acc_val 0.206430 f1_val 0.071140 acc_train 0.841176 f1_train 0.715772 psl_cor 77 psl_totl 323 pslt_global 0.900000  Tim 0:17:16
acc_train_cw [0.581, 0.5, 0.81, 0.703, 1.0, 0.6, 1.0]
cw_psl_eval:  [29, 35, 18, 34, 2, 19, 186] [23, 15, 1, 4, 0, 1, 33]
psl_acc:  0.238 cw_psl_acc:  [0.7931034564971924, 0.4285714328289032, 0.0555555559694767, 0.11764705926179886, 0.0, 0.05263157933950424, 0.17741934955120087]
Save model to ./experiment/few_shot/output/
train batch instace수가 7안됨 pass
**bs에 맞지않음!!!!!**


line 303 => train data수 659
line 258 => 인스턴스 수 95
=======test_loader=======
=======dev_loader=======
=======train_labeled_loader=======
=======finish=======
>>Epoch 38 Step 100 acc_test 0.156600 f1_test 0.127940 acc_val 0.214890 f1_val 0.160955 acc_train 0.968134 f1_train 0.913683 psl_cor 130 psl_totl 558 pslt_global 0.900000  Tim 0:17:59
acc_train_cw [0.984, 0.933, 1.0, 1.0, 1.0, 0.469, 1.0]
cw_psl_eval:  [45, 13, 47, 18, 31, 18, 386] [38, 5, 3, 2, 5, 3, 74]
psl_acc:  0.233 cw_psl_acc:  [0.8444444537162781, 0.38461539149284363, 0.06382978707551956, 0.1111111119389534, 0.16129031777381897, 0.1666666716337204, 0.19170984625816345]
Save model to ./experiment/few_shot/output/
train batch instace수가 7안됨 pass
**bs에 맞지않음!!!!!**


line 303 => train data수 1319
line 258 => 인스턴스 수 189
=======test_loader=======
=======dev_loader=======
=======train_labeled_loader=======
=======finish=======
>>Epoch 39 Step 195 acc_test 0.161074 f1_test 0.137161 acc_val 0.192893 f1_val 0.150498 acc_train 0.978772 f1_train 0.970089 psl_cor 289 psl_totl 1261 pslt_global 0.900000  Tim 0:18:50
acc_train_cw [1.0, 0.964, 0.929, 1.0, 0.977, 0.911, 1.0]
cw_psl_eval:  [152, 54, 140, 171, 171, 116, 457] [93, 23, 12, 24, 37, 11, 89]
psl_acc:  0.229 cw_psl_acc:  [0.6118420958518982, 0.42592594027519226, 0.08571428805589676, 0.14035087823867798, 0.2163742631673813, 0.09482758492231369, 0.19474835693836212]
train batch instace수가 7안됨 pass
**bs에 맞지않음!!!!!**


line 303 => train data수 2487
line 258 => 인스턴스 수 356
=======test_loader=======
=======dev_loader=======
=======train_labeled_loader=======
=======finish=======
>>Epoch 40 Step 384 acc_test 0.223714 f1_test 0.150979 acc_val 0.157360 f1_val 0.150701 acc_train 0.962203 f1_train 0.956593 psl_cor 613 psl_totl 2407 pslt_global 0.900000  Tim 0:19:47
acc_train_cw [0.965, 0.877, 0.874, 0.985, 0.995, 0.974, 0.998]
cw_psl_eval:  [359, 329, 154, 373, 381, 296, 515] [213, 122, 19, 49, 92, 22, 96]
psl_acc:  0.255 cw_psl_acc:  [0.5933147668838501, 0.37082067131996155, 0.12337662279605865, 0.1313672959804535, 0.24146981537342072, 0.07432432472705841, 0.18640775978565216]
train batch instace수가 7안됨 pass
**bs에 맞지않음!!!!!**


line 303 => train data수 3270
line 258 => 인스턴스 수 468
=======test_loader=======
=======dev_loader=======
=======train_labeled_loader=======
=======finish=======
>>Epoch 41 Step 740 acc_test 0.201342 f1_test 0.169717 acc_val 0.143824 f1_val 0.134883 acc_train 0.964832 f1_train 0.963702 psl_cor 772 psl_totl 3178 pslt_global 0.900000  Tim 0:21:03
acc_train_cw [0.97, 0.897, 0.929, 0.998, 0.966, 0.967, 0.991]
cw_psl_eval:  [484, 447, 175, 577, 445, 504, 546] [273, 151, 19, 69, 110, 50, 100]
psl_acc:  0.243 cw_psl_acc:  [0.5640496015548706, 0.3378075957298279, 0.10857142508029938, 0.11958405375480652, 0.24719101190567017, 0.0992063507437706, 0.18315018713474274]
train batch instace수가 7안됨 pass
**bs에 맞지않음!!!!!**


line 303 => train data수 3545
line 258 => 인스턴스 수 507
=======test_loader=======
=======dev_loader=======
=======train_labeled_loader=======
=======finish=======
>>Epoch 42 Step 1208 acc_test 0.241611 f1_test 0.186989 acc_val 0.150592 f1_val 0.146523 acc_train 0.977433 f1_train 0.974628 psl_cor 780 psl_totl 3304 pslt_global 0.900000  Tim 0:22:32
acc_train_cw [0.976, 0.958, 0.918, 0.992, 0.986, 0.988, 0.989]
cw_psl_eval:  [440, 509, 245, 535, 472, 556, 547] [238, 167, 38, 57, 122, 58, 100]
psl_acc:  0.236 cw_psl_acc:  [0.5409091114997864, 0.3280943036079407, 0.15510204434394836, 0.10654205828905106, 0.25847458839416504, 0.10431654751300812, 0.18281535804271698]
train batch instace수가 7안됨 pass
**bs에 맞지않음!!!!!**


line 303 => train data수 3686
line 258 => 인스턴스 수 527
=======test_loader=======
=======dev_loader=======
=======train_labeled_loader=======
=======finish=======
>>Epoch 43 Step 1715 acc_test 0.219239 f1_test 0.179736 acc_val 0.143824 f1_val 0.132438 acc_train 0.969886 f1_train 0.969515 psl_cor 860 psl_totl 3552 pslt_global 0.900000  Tim 0:24:05
acc_train_cw [0.97, 0.91, 0.944, 0.998, 0.989, 0.965, 0.993]
cw_psl_eval:  [500, 511, 244, 640, 529, 565, 563] [285, 165, 37, 77, 134, 57, 105]
psl_acc:  0.242 cw_psl_acc:  [0.5699999928474426, 0.322896271944046, 0.15163934230804443, 0.12031249701976776, 0.25330811738967896, 0.10088495910167694, 0.1865008920431137]
train batch instace수가 7안됨 pass
**bs에 맞지않음!!!!!**


line 303 => train data수 3768
line 258 => 인스턴스 수 539
=======test_loader=======
=======dev_loader=======
=======train_labeled_loader=======
=======finish=======
>>Epoch 44 Step 2242 acc_test 0.239374 f1_test 0.165379 acc_val 0.133672 f1_val 0.134368 acc_train 0.976911 f1_train 0.977402 psl_cor 843 psl_totl 3563 pslt_global 0.900000  Tim 0:25:40
acc_train_cw [0.991, 0.917, 0.981, 0.978, 0.995, 0.995, 0.979]
cw_psl_eval:  [511, 497, 256, 564, 564, 618, 553] [280, 150, 37, 62, 147, 63, 104]
psl_acc:  0.237 cw_psl_acc:  [0.5479452013969421, 0.3018108606338501, 0.14453125, 0.10992907732725143, 0.2606382966041565, 0.10194174945354462, 0.18806509673595428]
train batch instace수가 7안됨 pass
**bs에 맞지않음!!!!!**


line 303 => train data수 3792
line 258 => 인스턴스 수 542
=======test_loader=======
=======dev_loader=======
=======train_labeled_loader=======
=======finish=======
>>Epoch 45 Step 2781 acc_test 0.239374 f1_test 0.189547 acc_val 0.131980 f1_val 0.124681 acc_train 0.986814 f1_train 0.987416 psl_cor 890 psl_totl 3648 pslt_global 0.900000  Tim 0:27:16
acc_train_cw [0.998, 0.957, 0.992, 0.991, 0.995, 0.981, 0.995]
cw_psl_eval:  [550, 513, 262, 591, 562, 585, 585] [302, 163, 39, 68, 150, 58, 110]
psl_acc:  0.244 cw_psl_acc:  [0.5490909218788147, 0.317738801240921, 0.14885495603084564, 0.11505921930074692, 0.26690390706062317, 0.0991453006863594, 0.18803419172763824]
train batch instace수가 7안됨 pass
**bs에 맞지않음!!!!!**


line 303 => train data수 3810
line 258 => 인스턴스 수 545
=======test_loader=======
=======dev_loader=======
=======train_labeled_loader=======
=======finish=======
>>Epoch 46 Step 3323 acc_test 0.252796 f1_test 0.205362 acc_val 0.121827 f1_val 0.120316 acc_train 0.990551 f1_train 0.990836 psl_cor 899 psl_totl 3727 pslt_global 0.900000  Tim 0:28:53
acc_train_cw [0.998, 0.98, 0.992, 0.998, 0.995, 0.997, 0.973]
cw_psl_eval:  [567, 525, 266, 616, 562, 627, 564] [307, 165, 39, 71, 149, 60, 108]
psl_acc:  0.241 cw_psl_acc:  [0.5414462089538574, 0.3142857253551483, 0.14661654829978943, 0.11525973677635193, 0.2651245594024658, 0.09569378197193146, 0.19148936867713928]
train batch instace수가 7안됨 pass
**bs에 맞지않음!!!!!**


line 303 => train data수 3820
line 258 => 인스턴스 수 546
=======test_loader=======
=======dev_loader=======
=======train_labeled_loader=======
=======finish=======
>>Epoch 47 Step 3868 acc_test 0.201342 f1_test 0.164263 acc_val 0.142132 f1_val 0.139192 acc_train 0.994764 f1_train 0.994844 psl_cor 913 psl_totl 3768 pslt_global 0.900000  Tim 0:30:30
acc_train_cw [0.998, 0.993, 0.989, 1.0, 0.991, 0.989, 1.0]
cw_psl_eval:  [555, 535, 267, 646, 567, 617, 581] [304, 166, 39, 81, 149, 65, 109]
psl_acc:  0.242 cw_psl_acc:  [0.5477477312088013, 0.31028038263320923, 0.14606741070747375, 0.12538699805736542, 0.2627865970134735, 0.10534846037626266, 0.1876075714826584]
train batch instace수가 7안됨 pass
**bs에 맞지않음!!!!!**


line 303 => train data수 3828
line 258 => 인스턴스 수 547
=======test_loader=======
=======dev_loader=======
=======train_labeled_loader=======
=======finish=======
>>Epoch 48 Step 4414 acc_test 0.259508 f1_test 0.189087 acc_val 0.116751 f1_val 0.119769 acc_train 0.994253 f1_train 0.994441 psl_cor 909 psl_totl 3791 pslt_global 0.900000  Tim 0:32:08
acc_train_cw [0.998, 0.973, 0.996, 1.0, 0.995, 0.995, 1.0]
cw_psl_eval:  [563, 512, 266, 641, 577, 643, 589] [303, 159, 39, 78, 151, 69, 110]
psl_acc:  0.24 cw_psl_acc:  [0.5381882786750793, 0.310546875, 0.14661654829978943, 0.12168486416339874, 0.261698454618454, 0.107309490442276, 0.18675722181797028]
train batch instace수가 7안됨 pass
**bs에 맞지않음!!!!!**


line 303 => train data수 3835
line 258 => 인스턴스 수 548
=======test_loader=======
=======dev_loader=======
=======train_labeled_loader=======
=======finish=======
>>Epoch 49 Step 4961 acc_test 0.250559 f1_test 0.196112 acc_val 0.150592 f1_val 0.137475 acc_train 0.993742 f1_train 0.993835 psl_cor 917 psl_totl 3793 pslt_global 0.900000  Tim 0:33:45
acc_train_cw [1.0, 0.968, 0.996, 0.997, 0.995, 0.998, 1.0]
cw_psl_eval:  [573, 511, 269, 628, 581, 640, 591] [308, 161, 39, 77, 151, 71, 110]
psl_acc:  0.242 cw_psl_acc:  [0.5375218391418457, 0.31506848335266113, 0.14498141407966614, 0.12261146306991577, 0.25989672541618347, 0.11093749850988388, 0.18612521886825562]
train batch instace수가 7안됨 pass
**bs에 맞지않음!!!!!**


line 303 => train data수 3836
line 258 => 인스턴스 수 548
=======test_loader=======
=======dev_loader=======
=======train_labeled_loader=======
=======finish=======
>>Epoch 50 Step 5509 acc_test 0.232662 f1_test 0.186526 acc_val 0.131980 f1_val 0.124912 acc_train 0.996350 f1_train 0.996311 psl_cor 916 psl_totl 3780 pslt_global 0.900000  Tim 0:35:22
acc_train_cw [1.0, 0.985, 0.996, 0.997, 0.998, 0.997, 1.0]
cw_psl_eval:  [569, 529, 263, 630, 563, 636, 590] [306, 165, 39, 80, 148, 68, 110]
psl_acc:  0.242 cw_psl_acc:  [0.5377855896949768, 0.3119092583656311, 0.14828898012638092, 0.1269841343164444, 0.2628774344921112, 0.10691823810338974, 0.18644067645072937]
**bs에 맞지않음!!!!!**


line 303 => train data수 3837
line 258 => 인스턴스 수 549
=======test_loader=======
=======dev_loader=======
=======train_labeled_loader=======
=======finish=======
>>Epoch 51 Step 6057 acc_test 0.230425 f1_test 0.168962 acc_val 0.140440 f1_val 0.135447 acc_train 0.995830 f1_train 0.995499 psl_cor 911 psl_totl 3806 pslt_global 0.900000  Tim 0:37:00
acc_train_cw [0.997, 0.991, 0.996, 0.998, 0.997, 0.994, 0.998]
cw_psl_eval:  [570, 533, 260, 645, 574, 634, 590] [304, 165, 39, 79, 149, 65, 110]
psl_acc:  0.239 cw_psl_acc:  [0.5333333611488342, 0.30956849455833435, 0.15000000596046448, 0.12248062342405319, 0.25958189368247986, 0.10252366214990616, 0.18644067645072937]
train batch instace수가 7안됨 pass
**bs에 맞지않음!!!!!**


line 303 => train data수 3837
line 258 => 인스턴스 수 549
=======test_loader=======
=======dev_loader=======
=======train_labeled_loader=======
=======finish=======
>>Epoch 52 Step 6606 acc_test 0.246085 f1_test 0.199007 acc_val 0.121827 f1_val 0.110704 acc_train 0.994006 f1_train 0.993238 psl_cor 917 psl_totl 3809 pslt_global 0.900000  Tim 0:38:38
acc_train_cw [0.995, 0.978, 0.984, 0.995, 1.0, 0.998, 1.0]
cw_psl_eval:  [583, 530, 252, 649, 564, 641, 590] [311, 163, 36, 81, 146, 70, 110]
psl_acc:  0.241 cw_psl_acc:  [0.5334476828575134, 0.3075471818447113, 0.1428571492433548, 0.12480739504098892, 0.25886523723602295, 0.10920436680316925, 0.18644067645072937]
train batch instace수가 7안됨 pass
**bs에 맞지않음!!!!!**


line 303 => train data수 3837
line 258 => 인스턴스 수 549
=======test_loader=======
=======dev_loader=======
=======train_labeled_loader=======
=======finish=======
>>Epoch 53 Step 7155 acc_test 0.228188 f1_test 0.180468 acc_val 0.152284 f1_val 0.148645 acc_train 0.998176 f1_train 0.998354 psl_cor 916 psl_totl 3816 pslt_global 0.900000  Tim 0:40:16
acc_train_cw [1.0, 0.994, 1.0, 0.995, 1.0, 0.998, 1.0]
cw_psl_eval:  [574, 538, 257, 642, 575, 640, 590] [306, 167, 38, 78, 148, 69, 110]
psl_acc:  0.24 cw_psl_acc:  [0.5331010222434998, 0.31040892004966736, 0.14785991609096527, 0.1214953288435936, 0.2573913037776947, 0.10781250149011612, 0.18644067645072937]
train batch instace수가 7안됨 pass
**bs에 맞지않음!!!!!**


line 303 => train data수 3837
line 258 => 인스턴스 수 549
=======test_loader=======
=======dev_loader=======
=======train_labeled_loader=======
=======finish=======
>>Epoch 54 Step 7704 acc_test 0.252796 f1_test 0.199682 acc_val 0.148900 f1_val 0.139808 acc_train 0.999479 f1_train 0.999524 psl_cor 923 psl_totl 3832 pslt_global 0.900000  Tim 0:41:53
acc_train_cw [1.0, 0.998, 1.0, 1.0, 0.998, 1.0, 1.0]
cw_psl_eval:  [579, 539, 257, 647, 574, 645, 591] [309, 167, 38, 81, 148, 70, 110]
psl_acc:  0.241 cw_psl_acc:  [0.5336787700653076, 0.30983301997184753, 0.14785991609096527, 0.12519319355487823, 0.25783970952033997, 0.10852713137865067, 0.18612521886825562]
train batch instace수가 7안됨 pass
**bs에 맞지않음!!!!!**


line 303 => train data수 3838
line 258 => 인스턴스 수 549
=======test_loader=======
=======dev_loader=======
=======train_labeled_loader=======
=======finish=======
>>Epoch 55 Step 8253 acc_test 0.201342 f1_test 0.173829 acc_val 0.140440 f1_val 0.135339 acc_train 0.998697 f1_train 0.998826 psl_cor 913 psl_totl 3819 pslt_global 0.900000  Tim 0:43:30
acc_train_cw [1.0, 1.0, 1.0, 1.0, 0.991, 1.0, 1.0]
cw_psl_eval:  [582, 539, 257, 659, 546, 645, 591] [310, 167, 38, 81, 137, 70, 110]
psl_acc:  0.239 cw_psl_acc:  [0.5326460599899292, 0.30983301997184753, 0.14785991609096527, 0.12291350215673447, 0.2509157657623291, 0.10852713137865067, 0.18612521886825562]
train batch instace수가 7안됨 pass
**bs에 맞지않음!!!!!**


line 303 => train data수 3839
line 258 => 인스턴스 수 549
=======test_loader=======
=======dev_loader=======
=======train_labeled_loader=======
=======finish=======
>>Epoch 56 Step 8802 acc_test 0.243848 f1_test 0.197814 acc_val 0.137056 f1_val 0.116441 acc_train 0.992185 f1_train 0.992243 psl_cor 915 psl_totl 3790 pslt_global 0.900000  Tim 0:45:08
acc_train_cw [1.0, 0.966, 1.0, 0.995, 0.995, 0.998, 0.991]
cw_psl_eval:  [586, 520, 258, 651, 554, 637, 584] [312, 163, 40, 81, 139, 70, 110]
psl_acc:  0.241 cw_psl_acc:  [0.532423198223114, 0.3134615421295166, 0.1550387591123581, 0.12442396581172943, 0.25090253353118896, 0.10989011079072952, 0.1883561611175537]
train batch instace수가 7안됨 pass
**bs에 맞지않음!!!!!**


line 303 => train data수 3839
line 258 => 인스턴스 수 549
=======test_loader=======
=======dev_loader=======
=======train_labeled_loader=======
=======finish=======
>>Epoch 57 Step 9351 acc_test 0.243848 f1_test 0.198803 acc_val 0.142132 f1_val 0.140093 acc_train 0.998437 f1_train 0.998213 psl_cor 909 psl_totl 3815 pslt_global 0.900000  Tim 0:46:46
acc_train_cw [1.0, 0.996, 0.992, 1.0, 0.998, 1.0, 0.998]
cw_psl_eval:  [572, 530, 259, 651, 562, 647, 594] [307, 167, 40, 77, 138, 70, 110]
psl_acc:  0.238 cw_psl_acc:  [0.5367133021354675, 0.31509435176849365, 0.15444014966487885, 0.11827956885099411, 0.24555160105228424, 0.10819165408611298, 0.18518517911434174]
train batch instace수가 7안됨 pass
**bs에 맞지않음!!!!!**


line 303 => train data수 3839
line 258 => 인스턴스 수 549
=======test_loader=======
=======dev_loader=======
=======train_labeled_loader=======
=======finish=======
>>Epoch 58 Step 9900 acc_test 0.223714 f1_test 0.186212 acc_val 0.133672 f1_val 0.132084 acc_train 0.998177 f1_train 0.997994 psl_cor 911 psl_totl 3820 pslt_global 0.900000  Tim 0:48:23
acc_train_cw [0.998, 0.994, 0.996, 1.0, 1.0, 0.997, 1.0]
cw_psl_eval:  [576, 532, 260, 654, 564, 640, 594] [309, 167, 40, 76, 140, 69, 110]
psl_acc:  0.238 cw_psl_acc:  [0.5364583134651184, 0.31390976905822754, 0.1538461595773697, 0.11620794981718063, 0.24822695553302765, 0.10781250149011612, 0.18518517911434174]
train batch instace수가 7안됨 pass
**bs에 맞지않음!!!!!**


line 303 => train data수 3839
line 258 => 인스턴스 수 549
=======test_loader=======
=======dev_loader=======
=======train_labeled_loader=======
=======finish=======
>>Epoch 59 Step 10449 acc_test 0.248322 f1_test 0.206780 acc_val 0.103215 f1_val 0.104066 acc_train 0.995832 f1_train 0.996053 psl_cor 914 psl_totl 3824 pslt_global 0.900000  Tim 0:50:01
acc_train_cw [0.998, 0.981, 1.0, 0.998, 0.998, 0.997, 0.998]
cw_psl_eval:  [583, 523, 260, 653, 563, 648, 594] [314, 165, 40, 75, 140, 70, 110]
psl_acc:  0.239 cw_psl_acc:  [0.5385934710502625, 0.3154875636100769, 0.1538461595773697, 0.11485451459884644, 0.2486678510904312, 0.10802469402551651, 0.18518517911434174]
train batch instace수가 7안됨 pass
**bs에 맞지않음!!!!!**


line 303 => train data수 3839
line 258 => 인스턴스 수 549
=======test_loader=======
=======dev_loader=======
=======train_labeled_loader=======
=======finish=======
>>Epoch 60 Step 10998 acc_test 0.243848 f1_test 0.177417 acc_val 0.121827 f1_val 0.130802 acc_train 0.992185 f1_train 0.992419 psl_cor 865 psl_totl 3749 pslt_global 0.900000  Tim 0:51:38
acc_train_cw [0.993, 0.967, 0.996, 1.0, 0.996, 0.994, 1.0]
cw_psl_eval:  [498, 577, 254, 606, 562, 664, 588] [272, 183, 39, 56, 136, 69, 110]
psl_acc:  0.231 cw_psl_acc:  [0.5461847186088562, 0.31715771555900574, 0.15354330837726593, 0.09240923821926117, 0.24199287593364716, 0.10391566157341003, 0.18707482516765594]
train batch instace수가 7안됨 pass
**bs에 맞지않음!!!!!**


line 303 => train data수 3839
line 258 => 인스턴스 수 549
=======test_loader=======
=======dev_loader=======
=======train_labeled_loader=======
=======finish=======
>>Epoch 61 Step 11547 acc_test 0.210291 f1_test 0.184491 acc_val 0.137056 f1_val 0.134534 acc_train 0.992185 f1_train 0.992894 psl_cor 870 psl_totl 3738 pslt_global 0.900000  Tim 0:53:16
acc_train_cw [1.0, 0.974, 1.0, 0.997, 0.991, 0.988, 1.0]
cw_psl_eval:  [525, 579, 258, 644, 536, 601, 595] [280, 185, 40, 67, 127, 61, 110]
psl_acc:  0.233 cw_psl_acc:  [0.5333333611488342, 0.3195164203643799, 0.1550387591123581, 0.10403726994991302, 0.23694029450416565, 0.10149750113487244, 0.18487395346164703]
train batch instace수가 7안됨 pass
**bs에 맞지않음!!!!!**


line 303 => train data수 3839
line 258 => 인스턴스 수 549
=======test_loader=======
=======dev_loader=======
=======train_labeled_loader=======
=======finish=======
>>Epoch 62 Step 12096 acc_test 0.246085 f1_test 0.208426 acc_val 0.115059 f1_val 0.114452 acc_train 0.997135 f1_train 0.997355 psl_cor 896 psl_totl 3812 pslt_global 0.900000  Tim 0:54:53
acc_train_cw [0.998, 0.99, 1.0, 0.998, 0.996, 0.998, 1.0]
cw_psl_eval:  [542, 580, 258, 642, 558, 636, 596] [290, 187, 40, 65, 139, 65, 110]
psl_acc:  0.235 cw_psl_acc:  [0.5350553393363953, 0.3224138021469116, 0.1550387591123581, 0.10124610364437103, 0.24910394847393036, 0.10220126062631607, 0.1845637559890747]
train batch instace수가 7안됨 pass
**bs에 맞지않음!!!!!**


line 303 => train data수 3839
line 258 => 인스턴스 수 549
=======test_loader=======
=======dev_loader=======
=======train_labeled_loader=======
=======finish=======
>>Epoch 63 Step 12645 acc_test 0.221477 f1_test 0.184918 acc_val 0.148900 f1_val 0.150646 acc_train 0.997656 f1_train 0.997632 psl_cor 889 psl_totl 3820 pslt_global 0.900000  Tim 0:56:31
acc_train_cw [1.0, 0.99, 0.996, 1.0, 1.0, 0.997, 1.0]
cw_psl_eval:  [518, 595, 260, 644, 564, 643, 596] [275, 191, 40, 67, 139, 67, 110]
psl_acc:  0.233 cw_psl_acc:  [0.530888020992279, 0.3210084140300751, 0.1538461595773697, 0.10403726994991302, 0.2464538961648941, 0.10419906675815582, 0.1845637559890747]
train batch instace수가 7안됨 pass
**bs에 맞지않음!!!!!**


line 303 => train data수 3839
line 258 => 인스턴스 수 549
=======test_loader=======
=======dev_loader=======
=======train_labeled_loader=======
=======finish=======
>>Epoch 64 Step 13194 acc_test 0.190157 f1_test 0.153953 acc_val 0.145516 f1_val 0.142193 acc_train 0.997135 f1_train 0.997210 psl_cor 882 psl_totl 3820 pslt_global 0.900000  Tim 0:58:09
acc_train_cw [0.992, 0.992, 1.0, 1.0, 1.0, 1.0, 0.997]
cw_psl_eval:  [511, 596, 260, 645, 562, 645, 601] [268, 190, 40, 67, 139, 68, 110]
psl_acc:  0.231 cw_psl_acc:  [0.5244618654251099, 0.3187919557094574, 0.1538461595773697, 0.10387597233057022, 0.24733096361160278, 0.1054263561964035, 0.18302828073501587]
train batch instace수가 7안됨 pass
**bs에 맞지않음!!!!!**


line 303 => train data수 3839
line 258 => 인스턴스 수 549
=======test_loader=======
=======dev_loader=======
=======train_labeled_loader=======
=======finish=======
>>Epoch 65 Step 13743 acc_test 0.252796 f1_test 0.201910 acc_val 0.123519 f1_val 0.112911 acc_train 0.997395 f1_train 0.997551 psl_cor 896 psl_totl 3815 pslt_global 0.900000  Tim 0:59:46
acc_train_cw [0.998, 0.995, 1.0, 0.998, 0.995, 0.998, 0.998]
cw_psl_eval:  [524, 593, 260, 621, 571, 647, 599] [278, 189, 40, 68, 143, 68, 110]
psl_acc:  0.235 cw_psl_acc:  [0.5305343270301819, 0.3187183737754822, 0.1538461595773697, 0.10950080305337906, 0.25043782591819763, 0.10510046035051346, 0.18363939225673676]
train batch instace수가 7안됨 pass
**bs에 맞지않음!!!!!**


line 303 => train data수 3839
line 258 => 인스턴스 수 549
=======test_loader=======
=======dev_loader=======
=======train_labeled_loader=======
=======finish=======
>>Epoch 66 Step 14292 acc_test 0.259508 f1_test 0.216628 acc_val 0.130288 f1_val 0.122100 acc_train 0.997656 f1_train 0.997780 psl_cor 896 psl_totl 3825 pslt_global 0.900000  Tim 1:01:24
acc_train_cw [1.0, 0.99, 1.0, 1.0, 0.996, 0.998, 1.0]
cw_psl_eval:  [528, 593, 260, 630, 569, 645, 600] [278, 189, 40, 69, 143, 67, 110]
psl_acc:  0.234 cw_psl_acc:  [0.5265151262283325, 0.3187183737754822, 0.1538461595773697, 0.10952381044626236, 0.251318097114563, 0.10387597233057022, 0.18333333730697632]
train batch instace수가 7안됨 pass
**bs에 맞지않음!!!!!**


line 303 => train data수 3839
line 258 => 인스턴스 수 549
=======test_loader=======
=======dev_loader=======
=======train_labeled_loader=======
=======finish=======
>>Epoch 67 Step 14841 acc_test 0.241611 f1_test 0.184135 acc_val 0.109983 f1_val 0.110413 acc_train 0.995832 f1_train 0.996070 psl_cor 868 psl_totl 3788 pslt_global 0.900000  Tim 1:03:01
acc_train_cw [0.998, 0.997, 1.0, 0.998, 0.995, 0.99, 0.997]
cw_psl_eval:  [501, 581, 257, 618, 550, 677, 604] [265, 186, 40, 58, 140, 69, 110]
psl_acc:  0.229 cw_psl_acc:  [0.5289421081542969, 0.3201376795768738, 0.15564201772212982, 0.09385113418102264, 0.2545454502105713, 0.1019202396273613, 0.1821192055940628]
train batch instace수가 7안됨 pass
**bs에 맞지않음!!!!!**


line 303 => train data수 3839
line 258 => 인스턴스 수 549
=======test_loader=======
=======dev_loader=======
=======train_labeled_loader=======
=======finish=======
>>Epoch 68 Step 15390 acc_test 0.239374 f1_test 0.199226 acc_val 0.121827 f1_val 0.123579 acc_train 0.995832 f1_train 0.996205 psl_cor 886 psl_totl 3806 pslt_global 0.900000  Tim 1:04:39
acc_train_cw [0.996, 0.993, 1.0, 1.0, 0.991, 0.994, 0.998]
cw_psl_eval:  [520, 590, 259, 626, 549, 669, 593] [275, 192, 40, 60, 140, 69, 110]
psl_acc:  0.233 cw_psl_acc:  [0.5288461446762085, 0.3254237174987793, 0.15444014966487885, 0.09584664553403854, 0.25500911474227905, 0.1031390130519867, 0.1854974776506424]
Early stopping trigger at step:  15390
Best model at step:  100
**조기종료됨**
**bs에 맞지않음!!!!!**

종료된 epoch시점 :  69 (epoch - 11에서부터 acc_val증가 안됨.)
조기종료 early_stop_flag 

Training complete!
Total training took 1:04:58 (h:mm:ss)
Load model from ./experiment/few_shot/output/1_unixcoder-base_1e-05_0.9_30_java_extended_data_net0.pth
Save training statistics in:  ./experiment/few_shot/log/20240329-040231/0/training_statistics.csv

Best_step:  100 
best_test_acc:  0.15659955257270694 
best_test_f1:  0.12794033675072256
Save best record in:  ./experiment/few_shot/log/20240329-040231/summary.csv
Save best record in:  ./experiment/few_shot/log/summary_avgrun.csv
