current work directory:  /home/imsuhan22/few-shot-tc/custom_ssl/code
Data set -> java_extended_data
save_name: 5_codebert-base_0.00045_0.7_java_extended_data

data_path:  ../data/problem_based_split/java_extended_data

There are 1 GPU(s) available.
We will use the GPU- 0 NVIDIA RTX A6000

**line 147 모델 =>  microsoft/codebert-base
**tokenizer type =  microsoft/codebert-base 

pesudo label class개수 기준 -> 1
n_labeled_per_class:  5
train_df samples: 3851
train_labeled_df samples: 35
train_unlabeled_df samples: 3816
n_classes:  7 


net_arch:  microsoft/codebert-base 
lr:  0.00045 
lr_linear:  0.001 

line 303 => train data수 35
line 258 => 인스턴스 수 5
Step 0  Tim 0:00:20
acc_train_cw(현재 train의 class별 acc) [0.0, 1.0, 0.0, 0.0, 0.0, 0.0, 0.0]
cw_psl_total_eval(이전 pseudo label 클래스별 총 샘플 수):  [0, 0, 0, 0, 0, 0, 0]
cw_psl_correct_eval(이전 pseudo label 클래스별 맞은 샘플 수):  [0, 0, 0, 0, 0, 0, 0]
psl_acc(PSL 평가에서의 정확도): None 
cw_psl_acc(이전 클래스별 PSL 평가에서의 정확도):  [nan, nan, nan, nan, nan, nan, nan]
***best_acc_model_save --- epoch = 0***
Save model to ./experiment/java_extended_data/output/
**pseudo_label ->  [0.1657, 0.2477, 0.1051, 0.0974, 0.1396, 0.1375, 0.1071] **
max =  0.2477 | max_idx =  1
**pseudo_label ->  [0.1537, 0.1752, 0.1104, 0.1222, 0.1549, 0.1448, 0.1388] **
max =  0.1752 | max_idx =  1
**pseudo_label ->  [0.1518, 0.2075, 0.1102, 0.1047, 0.1562, 0.1545, 0.1152] **
max =  0.2075 | max_idx =  1
**pseudo_label ->  [0.1258, 0.2113, 0.1238, 0.1255, 0.153, 0.155, 0.1056] **
max =  0.2113 | max_idx =  1
**pseudo_label ->  [0.1427, 0.1784, 0.0937, 0.1198, 0.1748, 0.1696, 0.121] **
max =  0.1784 | max_idx =  1


Epoch 1/100, Train Loss: 2.0719, Valid Loss: 2.2369, Train Acc: 0.1429, Val Acc: 0.1997, Test Acc: 0.0604, Test F1: 0.0163, Total Pseudo-Labels: 0, Correct Pseudo-Labels: 0, Train Data Number: 35
line 303 => train data수 35
line 258 => 인스턴스 수 5
Step 5  Tim 0:02:10
acc_train_cw(현재 train의 class별 acc) [0.0, 0.0, 0.0, 0.0, 0.0, 0.0, 1.0]
cw_psl_total_eval(이전 pseudo label 클래스별 총 샘플 수):  [0, 0, 0, 0, 0, 0, 0]
cw_psl_correct_eval(이전 pseudo label 클래스별 맞은 샘플 수):  [0, 0, 0, 0, 0, 0, 0]
psl_acc(PSL 평가에서의 정확도): None 
cw_psl_acc(이전 클래스별 PSL 평가에서의 정확도):  [nan, nan, nan, nan, nan, nan, nan]
**pseudo_label ->  [0.0172, 0.2771, 0.0702, 0.2791, 0.0853, 0.0359, 0.2353] **
max =  0.2791 | max_idx =  3
**pseudo_label ->  [0.0262, 0.2565, 0.0855, 0.1731, 0.0985, 0.061, 0.2993] **
max =  0.2993 | max_idx =  6
**pseudo_label ->  [0.0253, 0.2347, 0.0896, 0.1965, 0.0836, 0.086, 0.2843] **
max =  0.2843 | max_idx =  6
**pseudo_label ->  [0.0291, 0.2329, 0.0709, 0.2181, 0.1035, 0.0649, 0.2806] **
max =  0.2806 | max_idx =  6
**pseudo_label ->  [0.0288, 0.1976, 0.1013, 0.3, 0.1135, 0.0403, 0.2186] **
max =  0.3 | max_idx =  3


Epoch 2/100, Train Loss: 2.0912, Valid Loss: 2.1439, Train Acc: 0.1429, Val Acc: 0.0000, Test Acc: 0.0134, Test F1: 0.0038, Total Pseudo-Labels: 0, Correct Pseudo-Labels: 0, Train Data Number: 35
line 303 => train data수 35
line 258 => 인스턴스 수 5
Step 10  Tim 0:03:58
acc_train_cw(현재 train의 class별 acc) [0.0, 0.0, 0.0, 1.0, 0.0, 0.0, 0.0]
cw_psl_total_eval(이전 pseudo label 클래스별 총 샘플 수):  [0, 0, 0, 0, 0, 0, 0]
cw_psl_correct_eval(이전 pseudo label 클래스별 맞은 샘플 수):  [0, 0, 0, 0, 0, 0, 0]
psl_acc(PSL 평가에서의 정확도): None 
cw_psl_acc(이전 클래스별 PSL 평가에서의 정확도):  [nan, nan, nan, nan, nan, nan, nan]
***best_acc_model_save --- epoch = 2***
Save model to ./experiment/java_extended_data/output/
**pseudo_label ->  [0.0476, 0.1335, 0.1612, 0.3188, 0.0668, 0.0328, 0.2392] **
max =  0.3188 | max_idx =  3
**pseudo_label ->  [0.0546, 0.135, 0.1795, 0.2558, 0.0753, 0.0471, 0.2528] **
max =  0.2558 | max_idx =  3
**pseudo_label ->  [0.043, 0.1215, 0.1807, 0.2918, 0.0684, 0.0393, 0.2553] **
max =  0.2918 | max_idx =  3
**pseudo_label ->  [0.0368, 0.1329, 0.1408, 0.3115, 0.0585, 0.0252, 0.2943] **
max =  0.3115 | max_idx =  3
**pseudo_label ->  [0.0376, 0.1125, 0.148, 0.3805, 0.0587, 0.0389, 0.2237] **
max =  0.3805 | max_idx =  3


Epoch 3/100, Train Loss: 2.0875, Valid Loss: 1.9412, Train Acc: 0.1429, Val Acc: 0.2064, Test Acc: 0.0425, Test F1: 0.0116, Total Pseudo-Labels: 0, Correct Pseudo-Labels: 0, Train Data Number: 35
line 303 => train data수 35
line 258 => 인스턴스 수 5
Step 15  Tim 0:05:54
acc_train_cw(현재 train의 class별 acc) [0.0, 0.0, 0.0, 0.0, 0.0, 0.0, 1.0]
cw_psl_total_eval(이전 pseudo label 클래스별 총 샘플 수):  [0, 0, 0, 0, 0, 0, 0]
cw_psl_correct_eval(이전 pseudo label 클래스별 맞은 샘플 수):  [0, 0, 0, 0, 0, 0, 0]
psl_acc(PSL 평가에서의 정확도): None 
cw_psl_acc(이전 클래스별 PSL 평가에서의 정확도):  [nan, nan, nan, nan, nan, nan, nan]
**pseudo_label ->  [0.098, 0.1476, 0.1645, 0.1448, 0.1249, 0.1058, 0.2144] **
max =  0.2144 | max_idx =  6
**pseudo_label ->  [0.1082, 0.1483, 0.1589, 0.1654, 0.1309, 0.1109, 0.1774] **
max =  0.1774 | max_idx =  6
**pseudo_label ->  [0.1012, 0.1468, 0.1924, 0.1607, 0.1397, 0.0958, 0.1635] **
max =  0.1924 | max_idx =  2
**pseudo_label ->  [0.1027, 0.1495, 0.1593, 0.1466, 0.1305, 0.1014, 0.2101] **
max =  0.2101 | max_idx =  6
**pseudo_label ->  [0.0994, 0.1792, 0.2028, 0.1157, 0.1235, 0.1311, 0.1484] **
max =  0.2028 | max_idx =  2


Epoch 4/100, Train Loss: 2.0367, Valid Loss: 2.0104, Train Acc: 0.1429, Val Acc: 0.0000, Test Acc: 0.0134, Test F1: 0.0038, Total Pseudo-Labels: 0, Correct Pseudo-Labels: 0, Train Data Number: 35
line 303 => train data수 35
line 258 => 인스턴스 수 5
Step 20  Tim 0:07:42
acc_train_cw(현재 train의 class별 acc) [1.0, 0.0, 0.0, 0.0, 0.0, 0.0, 0.0]
cw_psl_total_eval(이전 pseudo label 클래스별 총 샘플 수):  [0, 0, 0, 0, 0, 0, 0]
cw_psl_correct_eval(이전 pseudo label 클래스별 맞은 샘플 수):  [0, 0, 0, 0, 0, 0, 0]
psl_acc(PSL 평가에서의 정확도): None 
cw_psl_acc(이전 클래스별 PSL 평가에서의 정확도):  [nan, nan, nan, nan, nan, nan, nan]
**pseudo_label ->  [0.193, 0.126, 0.1083, 0.1064, 0.154, 0.1619, 0.1504] **
max =  0.193 | max_idx =  0
**pseudo_label ->  [0.1905, 0.1502, 0.1525, 0.1195, 0.1399, 0.1371, 0.1103] **
max =  0.1905 | max_idx =  0
**pseudo_label ->  [0.175, 0.1415, 0.1191, 0.1032, 0.1429, 0.1582, 0.1601] **
max =  0.175 | max_idx =  0
**pseudo_label ->  [0.162, 0.1846, 0.121, 0.1032, 0.1556, 0.1695, 0.1041] **
max =  0.1846 | max_idx =  1
**pseudo_label ->  [0.171, 0.1515, 0.1205, 0.1092, 0.139, 0.1493, 0.1596] **
max =  0.171 | max_idx =  0


Epoch 5/100, Train Loss: 1.9985, Valid Loss: 1.9735, Train Acc: 0.1429, Val Acc: 0.0981, Test Acc: 0.1342, Test F1: 0.0338, Total Pseudo-Labels: 0, Correct Pseudo-Labels: 0, Train Data Number: 35
line 303 => train data수 35
line 258 => 인스턴스 수 5
Step 25  Tim 0:09:31
acc_train_cw(현재 train의 class별 acc) [0.0, 0.0, 0.0, 0.0, 0.0, 1.0, 0.0]
cw_psl_total_eval(이전 pseudo label 클래스별 총 샘플 수):  [0, 0, 0, 0, 0, 0, 0]
cw_psl_correct_eval(이전 pseudo label 클래스별 맞은 샘플 수):  [0, 0, 0, 0, 0, 0, 0]
psl_acc(PSL 평가에서의 정확도): None 
cw_psl_acc(이전 클래스별 PSL 평가에서의 정확도):  [nan, nan, nan, nan, nan, nan, nan]
**pseudo_label ->  [0.1153, 0.1392, 0.1427, 0.1728, 0.1165, 0.1823, 0.1312] **
max =  0.1823 | max_idx =  5
**pseudo_label ->  [0.0974, 0.1943, 0.1683, 0.1645, 0.1255, 0.1459, 0.1041] **
max =  0.1943 | max_idx =  1
**pseudo_label ->  [0.0784, 0.2027, 0.1758, 0.198, 0.0938, 0.1722, 0.0792] **
max =  0.2027 | max_idx =  1
**pseudo_label ->  [0.1233, 0.1359, 0.1483, 0.1643, 0.109, 0.1755, 0.1436] **
max =  0.1755 | max_idx =  5
**pseudo_label ->  [0.1252, 0.1338, 0.1634, 0.1643, 0.1184, 0.1596, 0.1354] **
max =  0.1643 | max_idx =  3


Epoch 6/100, Train Loss: 2.0477, Valid Loss: 1.9918, Train Acc: 0.1429, Val Acc: 0.0000, Test Acc: 0.3669, Test F1: 0.0767, Total Pseudo-Labels: 0, Correct Pseudo-Labels: 0, Train Data Number: 35
line 303 => train data수 35
line 258 => 인스턴스 수 5
Step 30  Tim 0:11:20
acc_train_cw(현재 train의 class별 acc) [0.0, 0.0, 1.0, 0.0, 0.0, 0.0, 0.0]
cw_psl_total_eval(이전 pseudo label 클래스별 총 샘플 수):  [0, 0, 0, 0, 0, 0, 0]
cw_psl_correct_eval(이전 pseudo label 클래스별 맞은 샘플 수):  [0, 0, 0, 0, 0, 0, 0]
psl_acc(PSL 평가에서의 정확도): None 
cw_psl_acc(이전 클래스별 PSL 평가에서의 정확도):  [nan, nan, nan, nan, nan, nan, nan]
***best_acc_model_save --- epoch = 6***
Save model to ./experiment/java_extended_data/output/
**pseudo_label ->  [0.157, 0.1307, 0.1538, 0.129, 0.1254, 0.1427, 0.1614] **
max =  0.1614 | max_idx =  6
**pseudo_label ->  [0.1087, 0.1873, 0.1916, 0.1171, 0.1259, 0.1436, 0.1258] **
max =  0.1916 | max_idx =  2
**pseudo_label ->  [0.1469, 0.1077, 0.1974, 0.1166, 0.104, 0.1269, 0.2006] **
max =  0.2006 | max_idx =  6
**pseudo_label ->  [0.1419, 0.1435, 0.143, 0.1308, 0.1302, 0.1441, 0.1665] **
max =  0.1665 | max_idx =  6
**pseudo_label ->  [0.1656, 0.1283, 0.1589, 0.1311, 0.1187, 0.1308, 0.1667] **
max =  0.1667 | max_idx =  6


Epoch 7/100, Train Loss: 2.0083, Valid Loss: 1.9214, Train Acc: 0.1429, Val Acc: 0.2115, Test Acc: 0.1544, Test F1: 0.0382, Total Pseudo-Labels: 0, Correct Pseudo-Labels: 0, Train Data Number: 35
line 303 => train data수 35
line 258 => 인스턴스 수 5
Step 35  Tim 0:13:18
acc_train_cw(현재 train의 class별 acc) [0.0, 0.0, 0.0, 0.0, 1.0, 0.0, 0.0]
cw_psl_total_eval(이전 pseudo label 클래스별 총 샘플 수):  [0, 0, 0, 0, 0, 0, 0]
cw_psl_correct_eval(이전 pseudo label 클래스별 맞은 샘플 수):  [0, 0, 0, 0, 0, 0, 0]
psl_acc(PSL 평가에서의 정확도): None 
cw_psl_acc(이전 클래스별 PSL 평가에서의 정확도):  [nan, nan, nan, nan, nan, nan, nan]
***best_acc_model_save --- epoch = 7***
Save model to ./experiment/java_extended_data/output/
**pseudo_label ->  [0.141, 0.1245, 0.1206, 0.1372, 0.2004, 0.1442, 0.1321] **
max =  0.2004 | max_idx =  4
**pseudo_label ->  [0.097, 0.1554, 0.1334, 0.1598, 0.1655, 0.193, 0.0959] **
max =  0.193 | max_idx =  5
**pseudo_label ->  [0.1374, 0.1489, 0.1139, 0.1286, 0.1774, 0.1535, 0.1403] **
max =  0.1774 | max_idx =  4
**pseudo_label ->  [0.1308, 0.1487, 0.1149, 0.1379, 0.1937, 0.1531, 0.1209] **
max =  0.1937 | max_idx =  4
**pseudo_label ->  [0.1314, 0.1352, 0.1217, 0.1335, 0.1831, 0.156, 0.1391] **
max =  0.1831 | max_idx =  4


Epoch 8/100, Train Loss: 2.0123, Valid Loss: 1.9329, Train Acc: 0.1429, Val Acc: 0.2843, Test Acc: 0.2282, Test F1: 0.0531, Total Pseudo-Labels: 0, Correct Pseudo-Labels: 0, Train Data Number: 35
line 303 => train data수 35
line 258 => 인스턴스 수 5
Step 40  Tim 0:15:14
acc_train_cw(현재 train의 class별 acc) [0.0, 0.0, 0.0, 1.0, 0.0, 0.0, 0.0]
cw_psl_total_eval(이전 pseudo label 클래스별 총 샘플 수):  [0, 0, 0, 0, 0, 0, 0]
cw_psl_correct_eval(이전 pseudo label 클래스별 맞은 샘플 수):  [0, 0, 0, 0, 0, 0, 0]
psl_acc(PSL 평가에서의 정확도): None 
cw_psl_acc(이전 클래스별 PSL 평가에서의 정확도):  [nan, nan, nan, nan, nan, nan, nan]
**pseudo_label ->  [0.1564, 0.1567, 0.125, 0.1611, 0.1307, 0.1494, 0.1207] **
max =  0.1611 | max_idx =  3
**pseudo_label ->  [0.1374, 0.1671, 0.1478, 0.1724, 0.1559, 0.1254, 0.0941] **
max =  0.1724 | max_idx =  3
**pseudo_label ->  [0.1483, 0.1542, 0.113, 0.1731, 0.1434, 0.1664, 0.1015] **
max =  0.1731 | max_idx =  3
**pseudo_label ->  [0.1373, 0.1631, 0.1477, 0.1808, 0.1471, 0.1234, 0.1006] **
max =  0.1808 | max_idx =  3
**pseudo_label ->  [0.1371, 0.1847, 0.0874, 0.2003, 0.145, 0.1541, 0.0913] **
max =  0.2003 | max_idx =  3


Epoch 9/100, Train Loss: 1.9706, Valid Loss: 1.9546, Train Acc: 0.1429, Val Acc: 0.2064, Test Acc: 0.0425, Test F1: 0.0116, Total Pseudo-Labels: 0, Correct Pseudo-Labels: 0, Train Data Number: 35
line 303 => train data수 35
line 258 => 인스턴스 수 5
Step 45  Tim 0:17:03
acc_train_cw(현재 train의 class별 acc) [0.0, 0.0, 0.0, 1.0, 0.0, 0.0, 0.0]
cw_psl_total_eval(이전 pseudo label 클래스별 총 샘플 수):  [0, 0, 0, 0, 0, 0, 0]
cw_psl_correct_eval(이전 pseudo label 클래스별 맞은 샘플 수):  [0, 0, 0, 0, 0, 0, 0]
psl_acc(PSL 평가에서의 정확도): None 
cw_psl_acc(이전 클래스별 PSL 평가에서의 정확도):  [nan, nan, nan, nan, nan, nan, nan]
**pseudo_label ->  [0.1516, 0.1791, 0.1173, 0.1773, 0.1232, 0.1221, 0.1294] **
max =  0.1791 | max_idx =  1
**pseudo_label ->  [0.1772, 0.1488, 0.118, 0.1599, 0.1239, 0.1118, 0.1604] **
max =  0.1772 | max_idx =  0
**pseudo_label ->  [0.1746, 0.1423, 0.1274, 0.181, 0.1313, 0.1066, 0.1368] **
max =  0.181 | max_idx =  3
**pseudo_label ->  [0.147, 0.1834, 0.1233, 0.1742, 0.1173, 0.1294, 0.1254] **
max =  0.1834 | max_idx =  1
**pseudo_label ->  [0.1892, 0.1434, 0.1188, 0.1624, 0.1183, 0.1216, 0.1463] **
max =  0.1892 | max_idx =  0


Epoch 10/100, Train Loss: 1.9812, Valid Loss: 2.0424, Train Acc: 0.1429, Val Acc: 0.2064, Test Acc: 0.0425, Test F1: 0.0116, Total Pseudo-Labels: 0, Correct Pseudo-Labels: 0, Train Data Number: 35
line 303 => train data수 35
line 258 => 인스턴스 수 5
Step 50  Tim 0:18:52
acc_train_cw(현재 train의 class별 acc) [0.0, 0.0, 0.0, 0.0, 0.0, 1.0, 0.0]
cw_psl_total_eval(이전 pseudo label 클래스별 총 샘플 수):  [0, 0, 0, 0, 0, 0, 0]
cw_psl_correct_eval(이전 pseudo label 클래스별 맞은 샘플 수):  [0, 0, 0, 0, 0, 0, 0]
psl_acc(PSL 평가에서의 정확도): None 
cw_psl_acc(이전 클래스별 PSL 평가에서의 정확도):  [nan, nan, nan, nan, nan, nan, nan]
**pseudo_label ->  [0.1555, 0.1189, 0.1184, 0.1433, 0.1279, 0.154, 0.182] **
max =  0.182 | max_idx =  6
**pseudo_label ->  [0.1394, 0.1393, 0.1559, 0.138, 0.1355, 0.1391, 0.1527] **
max =  0.1559 | max_idx =  2
**pseudo_label ->  [0.1571, 0.1261, 0.1101, 0.1358, 0.1246, 0.1671, 0.1791] **
max =  0.1791 | max_idx =  6
**pseudo_label ->  [0.1266, 0.1404, 0.119, 0.1338, 0.1275, 0.1732, 0.1795] **
max =  0.1795 | max_idx =  6
**pseudo_label ->  [0.1257, 0.1324, 0.1373, 0.1374, 0.1276, 0.1668, 0.1727] **
max =  0.1727 | max_idx =  6


Epoch 11/100, Train Loss: 1.9898, Valid Loss: 2.0950, Train Acc: 0.1429, Val Acc: 0.0000, Test Acc: 0.3669, Test F1: 0.0767, Total Pseudo-Labels: 0, Correct Pseudo-Labels: 0, Train Data Number: 35
line 303 => train data수 35
line 258 => 인스턴스 수 5
Step 55  Tim 0:20:40
acc_train_cw(현재 train의 class별 acc) [0.0, 0.0, 0.0, 0.0, 0.0, 0.0, 1.0]
cw_psl_total_eval(이전 pseudo label 클래스별 총 샘플 수):  [0, 0, 0, 0, 0, 0, 0]
cw_psl_correct_eval(이전 pseudo label 클래스별 맞은 샘플 수):  [0, 0, 0, 0, 0, 0, 0]
psl_acc(PSL 평가에서의 정확도): None 
cw_psl_acc(이전 클래스별 PSL 평가에서의 정확도):  [nan, nan, nan, nan, nan, nan, nan]
**pseudo_label ->  [0.1292, 0.0887, 0.1503, 0.1408, 0.1223, 0.1709, 0.1977] **
max =  0.1977 | max_idx =  6
**pseudo_label ->  [0.1355, 0.1088, 0.1721, 0.1592, 0.1288, 0.1416, 0.1542] **
max =  0.1721 | max_idx =  2
**pseudo_label ->  [0.1265, 0.0947, 0.153, 0.1353, 0.1209, 0.1834, 0.1862] **
max =  0.1862 | max_idx =  6
**pseudo_label ->  [0.1414, 0.0895, 0.1396, 0.1427, 0.1259, 0.1717, 0.1891] **
max =  0.1891 | max_idx =  6
**pseudo_label ->  [0.1333, 0.0921, 0.1376, 0.129, 0.1316, 0.1835, 0.193] **
max =  0.193 | max_idx =  6


Epoch 12/100, Train Loss: 1.9705, Valid Loss: 1.9652, Train Acc: 0.1429, Val Acc: 0.0000, Test Acc: 0.0134, Test F1: 0.0038, Total Pseudo-Labels: 0, Correct Pseudo-Labels: 0, Train Data Number: 35
line 303 => train data수 35
line 258 => 인스턴스 수 5
Step 60  Tim 0:22:30
acc_train_cw(현재 train의 class별 acc) [0.0, 0.0, 1.0, 0.0, 0.0, 0.0, 0.0]
cw_psl_total_eval(이전 pseudo label 클래스별 총 샘플 수):  [0, 0, 0, 0, 0, 0, 0]
cw_psl_correct_eval(이전 pseudo label 클래스별 맞은 샘플 수):  [0, 0, 0, 0, 0, 0, 0]
psl_acc(PSL 평가에서의 정확도): None 
cw_psl_acc(이전 클래스별 PSL 평가에서의 정확도):  [nan, nan, nan, nan, nan, nan, nan]
**pseudo_label ->  [0.1473, 0.1348, 0.1399, 0.1397, 0.1335, 0.1571, 0.1476] **
max =  0.1571 | max_idx =  5
**pseudo_label ->  [0.1315, 0.1308, 0.1532, 0.1455, 0.1348, 0.1598, 0.1444] **
max =  0.1598 | max_idx =  5
**pseudo_label ->  [0.1328, 0.1466, 0.1775, 0.155, 0.1412, 0.1187, 0.1281] **
max =  0.1775 | max_idx =  2
**pseudo_label ->  [0.1264, 0.1434, 0.1422, 0.1503, 0.1327, 0.1564, 0.1485] **
max =  0.1564 | max_idx =  5
**pseudo_label ->  [0.1287, 0.1483, 0.1488, 0.1327, 0.1237, 0.1721, 0.1457] **
max =  0.1721 | max_idx =  5


Epoch 13/100, Train Loss: 1.9891, Valid Loss: 1.8925, Train Acc: 0.1429, Val Acc: 0.2115, Test Acc: 0.1544, Test F1: 0.0382, Total Pseudo-Labels: 0, Correct Pseudo-Labels: 0, Train Data Number: 35
