current work directory:  /home/imsuhan22/few-shot-tc/custom_ssl/code
Data set -> python_extended_data
save_name: 5_codebert-base_0.00035_0.7_python_extended_data

data_path:  ../data/problem_based_split/python_extended_data

There are 2 GPU(s) available.
We will use the GPU- 0 Quadro RTX 8000

**line 147 모델 =>  microsoft/codebert-base
**tokenizer type =  microsoft/codebert-base 

pesudo label class개수 기준 -> 5
n_labeled_per_class:  5
train_df samples: 3974
train_labeled_df samples: 35
train_unlabeled_df samples: 3939
n_classes:  7 


net_arch:  microsoft/codebert-base 
lr:  0.00035 
lr_linear:  0.001 




line 303 => train data수 35
line 258 => 인스턴스 수 5
Step 0  Tim 0:00:28
acc_train_cw(현재 train의 class별 acc) [0.0, 0.0, 0.0, 1.0, 0.0, 0.0, 0.0]
cw_psl_total_eval(pseudo label 클래스별 총 샘플 수):  [0, 0, 0, 0, 0, 0, 0]
cw_psl_correct_eval(pseudo label 클래스별 맞은 샘플 수):  [0, 0, 0, 0, 0, 0, 0]
psl_acc(PSL 평가에서의 정확도): None 
cw_psl_acc(클래스별 PSL 평가에서의 정확도):  [nan, nan, nan, nan, nan, nan, nan]
***best_acc_model_save --- epoch = 1***
Save model to ./experiment/python_extended_data/output/
**pseudo_label ->  [0.1446, 0.1647, 0.1326, 0.1527, 0.1573, 0.1266, 0.1215] **
max =  0.1647 | max_idx =  1
**pseudo_label ->  [0.1394, 0.1239, 0.1399, 0.202, 0.129, 0.1387, 0.1271] **
max =  0.202 | max_idx =  3
**pseudo_label ->  [0.1428, 0.1224, 0.1758, 0.1804, 0.1344, 0.1194, 0.1248] **
max =  0.1804 | max_idx =  3
**pseudo_label ->  [0.1494, 0.1203, 0.1679, 0.1794, 0.1416, 0.1221, 0.1192] **
max =  0.1794 | max_idx =  3
**pseudo_label ->  [0.1506, 0.1342, 0.1393, 0.2124, 0.1534, 0.1003, 0.1098] **
max =  0.2124 | max_idx =  3
Epoch 1/50, Train Loss: 1.9494, Valid Loss: 2.1164, Train Acc: 0.1429, Val Acc: 0.3876, Test Acc: 0.1660, Test F1: 0.0486, Total Pseudo-Labels: 0, Correct Pseudo-Labels: 0, Train Data Number: 35



line 303 => train data수 35
line 258 => 인스턴스 수 5
Step 5  Tim 0:05:26
acc_train_cw(현재 train의 class별 acc) [0.0, 0.0, 0.0, 0.0, 0.0, 0.0, 1.0]
cw_psl_total_eval(pseudo label 클래스별 총 샘플 수):  [0, 0, 0, 0, 0, 0, 0]
cw_psl_correct_eval(pseudo label 클래스별 맞은 샘플 수):  [0, 0, 0, 0, 0, 0, 0]
psl_acc(PSL 평가에서의 정확도): None 
cw_psl_acc(클래스별 PSL 평가에서의 정확도):  [nan, nan, nan, nan, nan, nan, nan]
**pseudo_label ->  [0.1354, 0.0306, 0.1266, 0.1539, 0.075, 0.0694, 0.4091] **
max =  0.4091 | max_idx =  6
**pseudo_label ->  [0.1158, 0.0337, 0.1382, 0.1086, 0.0487, 0.0849, 0.47] **
max =  0.47 | max_idx =  6
**pseudo_label ->  [0.1349, 0.0241, 0.1152, 0.117, 0.051, 0.0761, 0.4817] **
max =  0.4817 | max_idx =  6
**pseudo_label ->  [0.1175, 0.0357, 0.1214, 0.1219, 0.0687, 0.0799, 0.4549] **
max =  0.4549 | max_idx =  6
**pseudo_label ->  [0.1186, 0.0302, 0.1243, 0.1202, 0.064, 0.0624, 0.4803] **
max =  0.4803 | max_idx =  6
Epoch 2/50, Train Loss: 2.1450, Valid Loss: 1.9455, Train Acc: 0.1429, Val Acc: 0.1173, Test Acc: 0.0184, Test F1: 0.0052, Total Pseudo-Labels: 0, Correct Pseudo-Labels: 0, Train Data Number: 35



line 303 => train data수 35
line 258 => 인스턴스 수 5
Step 10  Tim 0:10:43
acc_train_cw(현재 train의 class별 acc) [0.0, 1.0, 0.0, 0.0, 0.0, 0.0, 0.0]
cw_psl_total_eval(pseudo label 클래스별 총 샘플 수):  [0, 0, 0, 0, 0, 0, 0]
cw_psl_correct_eval(pseudo label 클래스별 맞은 샘플 수):  [0, 0, 0, 0, 0, 0, 0]
psl_acc(PSL 평가에서의 정확도): None 
cw_psl_acc(클래스별 PSL 평가에서의 정확도):  [nan, nan, nan, nan, nan, nan, nan]
**pseudo_label ->  [0.1443, 0.154, 0.1405, 0.1331, 0.1536, 0.135, 0.1394] **
max =  0.154 | max_idx =  1
**pseudo_label ->  [0.1377, 0.1504, 0.1513, 0.1382, 0.1543, 0.1292, 0.1389] **
max =  0.1543 | max_idx =  4
**pseudo_label ->  [0.1318, 0.1489, 0.1586, 0.1514, 0.1443, 0.1331, 0.1319] **
max =  0.1586 | max_idx =  2
**pseudo_label ->  [0.1259, 0.1516, 0.1593, 0.1443, 0.1591, 0.1266, 0.1332] **
max =  0.1593 | max_idx =  2
**pseudo_label ->  [0.1293, 0.1559, 0.1566, 0.1379, 0.1608, 0.1353, 0.1241] **
max =  0.1608 | max_idx =  4
Epoch 3/50, Train Loss: 2.0136, Valid Loss: 2.0292, Train Acc: 0.1429, Val Acc: 0.0065, Test Acc: 0.2787, Test F1: 0.0623, Total Pseudo-Labels: 0, Correct Pseudo-Labels: 0, Train Data Number: 35



line 303 => train data수 35
line 258 => 인스턴스 수 5
Step 15  Tim 0:15:40
acc_train_cw(현재 train의 class별 acc) [0.0, 0.0, 0.0, 0.0, 0.0, 1.0, 0.0]
cw_psl_total_eval(pseudo label 클래스별 총 샘플 수):  [0, 0, 0, 0, 0, 0, 0]
cw_psl_correct_eval(pseudo label 클래스별 맞은 샘플 수):  [0, 0, 0, 0, 0, 0, 0]
psl_acc(PSL 평가에서의 정확도): None 
cw_psl_acc(클래스별 PSL 평가에서의 정확도):  [nan, nan, nan, nan, nan, nan, nan]
**pseudo_label ->  [0.1121, 0.1428, 0.1511, 0.115, 0.1661, 0.1913, 0.1215] **
max =  0.1913 | max_idx =  5
**pseudo_label ->  [0.1075, 0.1476, 0.1589, 0.1219, 0.1554, 0.1861, 0.1227] **
max =  0.1861 | max_idx =  5
**pseudo_label ->  [0.1144, 0.1463, 0.1628, 0.1214, 0.1482, 0.1875, 0.1193] **
max =  0.1875 | max_idx =  5
**pseudo_label ->  [0.1192, 0.1496, 0.1731, 0.119, 0.1483, 0.1705, 0.1204] **
max =  0.1731 | max_idx =  2
**pseudo_label ->  [0.1072, 0.1679, 0.1669, 0.1134, 0.158, 0.1726, 0.1141] **
max =  0.1726 | max_idx =  5
Epoch 4/50, Train Loss: 1.9825, Valid Loss: 1.9132, Train Acc: 0.1429, Val Acc: 0.0261, Test Acc: 0.2971, Test F1: 0.0654, Total Pseudo-Labels: 0, Correct Pseudo-Labels: 0, Train Data Number: 35



line 303 => train data수 35
line 258 => 인스턴스 수 5
Step 20  Tim 0:21:06
acc_train_cw(현재 train의 class별 acc) [0.0, 0.0, 0.0, 1.0, 0.0, 0.0, 0.0]
cw_psl_total_eval(pseudo label 클래스별 총 샘플 수):  [0, 0, 0, 0, 0, 0, 0]
cw_psl_correct_eval(pseudo label 클래스별 맞은 샘플 수):  [0, 0, 0, 0, 0, 0, 0]
psl_acc(PSL 평가에서의 정확도): None 
cw_psl_acc(클래스별 PSL 평가에서의 정확도):  [nan, nan, nan, nan, nan, nan, nan]
**pseudo_label ->  [0.1482, 0.152, 0.1529, 0.1639, 0.1165, 0.1382, 0.1284] **
max =  0.1639 | max_idx =  3
**pseudo_label ->  [0.1535, 0.1652, 0.1449, 0.1585, 0.1231, 0.127, 0.1277] **
max =  0.1652 | max_idx =  1
**pseudo_label ->  [0.1485, 0.1466, 0.148, 0.1671, 0.124, 0.1429, 0.123] **
max =  0.1671 | max_idx =  3
**pseudo_label ->  [0.1604, 0.1529, 0.1366, 0.1574, 0.1182, 0.1502, 0.1243] **
max =  0.1604 | max_idx =  0
**pseudo_label ->  [0.1433, 0.1662, 0.1425, 0.1718, 0.1282, 0.1288, 0.1192] **
max =  0.1718 | max_idx =  3
Epoch 5/50, Train Loss: 1.9909, Valid Loss: 1.9216, Train Acc: 0.1429, Val Acc: 0.3876, Test Acc: 0.1619, Test F1: 0.0398, Total Pseudo-Labels: 0, Correct Pseudo-Labels: 0, Train Data Number: 35



line 303 => train data수 35
line 258 => 인스턴스 수 5
Step 25  Tim 0:26:06
acc_train_cw(현재 train의 class별 acc) [1.0, 0.0, 0.0, 0.0, 0.0, 0.0, 0.0]
cw_psl_total_eval(pseudo label 클래스별 총 샘플 수):  [0, 0, 0, 0, 0, 0, 0]
cw_psl_correct_eval(pseudo label 클래스별 맞은 샘플 수):  [0, 0, 0, 0, 0, 0, 0]
psl_acc(PSL 평가에서의 정확도): None 
cw_psl_acc(클래스별 PSL 평가에서의 정확도):  [nan, nan, nan, nan, nan, nan, nan]
**pseudo_label ->  [0.1779, 0.1267, 0.1297, 0.1504, 0.1459, 0.1203, 0.1491] **
max =  0.1779 | max_idx =  0
**pseudo_label ->  [0.1834, 0.1251, 0.1275, 0.1478, 0.1437, 0.1247, 0.1478] **
max =  0.1834 | max_idx =  0
**pseudo_label ->  [0.1802, 0.135, 0.1246, 0.1459, 0.1351, 0.1175, 0.1616] **
max =  0.1802 | max_idx =  0
**pseudo_label ->  [0.196, 0.1224, 0.1264, 0.1533, 0.1392, 0.1093, 0.1533] **
max =  0.196 | max_idx =  0
**pseudo_label ->  [0.1751, 0.1279, 0.1326, 0.1414, 0.1498, 0.123, 0.1502] **
max =  0.1751 | max_idx =  0
Epoch 6/50, Train Loss: 2.0346, Valid Loss: 1.9690, Train Acc: 0.1429, Val Acc: 0.0912, Test Acc: 0.0779, Test F1: 0.0206, Total Pseudo-Labels: 0, Correct Pseudo-Labels: 0, Train Data Number: 35



line 303 => train data수 35
line 258 => 인스턴스 수 5
Step 30  Tim 0:31:21
acc_train_cw(현재 train의 class별 acc) [0.0, 0.0, 0.0, 0.0, 0.0, 0.0, 1.0]
cw_psl_total_eval(pseudo label 클래스별 총 샘플 수):  [0, 0, 0, 0, 0, 0, 0]
cw_psl_correct_eval(pseudo label 클래스별 맞은 샘플 수):  [0, 0, 0, 0, 0, 0, 0]
psl_acc(PSL 평가에서의 정확도): None 
cw_psl_acc(클래스별 PSL 평가에서의 정확도):  [nan, nan, nan, nan, nan, nan, nan]
**pseudo_label ->  [0.1256, 0.132, 0.1153, 0.1555, 0.1603, 0.1364, 0.1749] **
max =  0.1749 | max_idx =  6
**pseudo_label ->  [0.1224, 0.1479, 0.1093, 0.1515, 0.1616, 0.1321, 0.1753] **
max =  0.1753 | max_idx =  6
**pseudo_label ->  [0.121, 0.136, 0.1076, 0.1546, 0.1617, 0.134, 0.1852] **
max =  0.1852 | max_idx =  6
**pseudo_label ->  [0.1094, 0.1398, 0.1048, 0.1534, 0.172, 0.1435, 0.177] **
max =  0.177 | max_idx =  6
**pseudo_label ->  [0.1147, 0.1485, 0.1033, 0.1495, 0.1694, 0.139, 0.1755] **
max =  0.1755 | max_idx =  6
Epoch 7/50, Train Loss: 1.9530, Valid Loss: 1.9861, Train Acc: 0.1429, Val Acc: 0.1173, Test Acc: 0.0184, Test F1: 0.0052, Total Pseudo-Labels: 0, Correct Pseudo-Labels: 0, Train Data Number: 35



line 303 => train data수 35
line 258 => 인스턴스 수 5
Step 35  Tim 0:36:27
acc_train_cw(현재 train의 class별 acc) [0.0, 0.0, 0.0, 0.0, 0.0, 1.0, 0.0]
cw_psl_total_eval(pseudo label 클래스별 총 샘플 수):  [0, 0, 0, 0, 0, 0, 0]
cw_psl_correct_eval(pseudo label 클래스별 맞은 샘플 수):  [0, 0, 0, 0, 0, 0, 0]
psl_acc(PSL 평가에서의 정확도): None 
cw_psl_acc(클래스별 PSL 평가에서의 정확도):  [nan, nan, nan, nan, nan, nan, nan]
**pseudo_label ->  [0.1118, 0.1536, 0.1253, 0.1372, 0.1704, 0.1546, 0.1471] **
max =  0.1704 | max_idx =  4
**pseudo_label ->  [0.1224, 0.1422, 0.1181, 0.1423, 0.1649, 0.1693, 0.1408] **
max =  0.1693 | max_idx =  5
**pseudo_label ->  [0.1226, 0.1599, 0.1206, 0.1394, 0.1606, 0.1591, 0.1377] **
max =  0.1606 | max_idx =  4
**pseudo_label ->  [0.1238, 0.1486, 0.124, 0.1464, 0.1452, 0.1649, 0.1471] **
max =  0.1649 | max_idx =  5
**pseudo_label ->  [0.1216, 0.1493, 0.1364, 0.1446, 0.1476, 0.1552, 0.1454] **
max =  0.1552 | max_idx =  5
Epoch 8/50, Train Loss: 2.0055, Valid Loss: 1.9994, Train Acc: 0.1429, Val Acc: 0.0261, Test Acc: 0.2971, Test F1: 0.0654, Total Pseudo-Labels: 0, Correct Pseudo-Labels: 0, Train Data Number: 35



line 303 => train data수 35
line 258 => 인스턴스 수 5
Step 40  Tim 0:41:38
acc_train_cw(현재 train의 class별 acc) [0.0, 0.0, 0.0, 0.0, 0.0, 1.0, 0.0]
cw_psl_total_eval(pseudo label 클래스별 총 샘플 수):  [0, 0, 0, 0, 0, 0, 0]
cw_psl_correct_eval(pseudo label 클래스별 맞은 샘플 수):  [0, 0, 0, 0, 0, 0, 0]
psl_acc(PSL 평가에서의 정확도): None 
cw_psl_acc(클래스별 PSL 평가에서의 정확도):  [nan, nan, nan, nan, nan, nan, nan]
**pseudo_label ->  [0.141, 0.1529, 0.1344, 0.1282, 0.1241, 0.1676, 0.1517] **
max =  0.1676 | max_idx =  5
**pseudo_label ->  [0.1438, 0.1529, 0.1327, 0.1358, 0.1209, 0.1635, 0.1504] **
max =  0.1635 | max_idx =  5
**pseudo_label ->  [0.1327, 0.1478, 0.1328, 0.1345, 0.1174, 0.1761, 0.1587] **
max =  0.1761 | max_idx =  5
**pseudo_label ->  [0.1325, 0.156, 0.1397, 0.1187, 0.1306, 0.1664, 0.156] **
max =  0.1664 | max_idx =  5
**pseudo_label ->  [0.1368, 0.1445, 0.1504, 0.131, 0.1177, 0.1644, 0.1552] **
max =  0.1644 | max_idx =  5
Epoch 9/50, Train Loss: 1.9641, Valid Loss: 1.9727, Train Acc: 0.1429, Val Acc: 0.0261, Test Acc: 0.2971, Test F1: 0.0654, Total Pseudo-Labels: 0, Correct Pseudo-Labels: 0, Train Data Number: 35



line 303 => train data수 35
line 258 => 인스턴스 수 5
Step 45  Tim 0:46:59
acc_train_cw(현재 train의 class별 acc) [0.0, 1.0, 0.0, 0.0, 0.0, 0.0, 0.0]
cw_psl_total_eval(pseudo label 클래스별 총 샘플 수):  [0, 0, 0, 0, 0, 0, 0]
cw_psl_correct_eval(pseudo label 클래스별 맞은 샘플 수):  [0, 0, 0, 0, 0, 0, 0]
psl_acc(PSL 평가에서의 정확도): None 
cw_psl_acc(클래스별 PSL 평가에서의 정확도):  [nan, nan, nan, nan, nan, nan, nan]
**pseudo_label ->  [0.149, 0.1867, 0.1318, 0.1649, 0.1151, 0.1344, 0.118] **
max =  0.1867 | max_idx =  1
**pseudo_label ->  [0.1421, 0.1936, 0.1434, 0.1511, 0.1104, 0.1369, 0.1225] **
max =  0.1936 | max_idx =  1
**pseudo_label ->  [0.1513, 0.1908, 0.1417, 0.1431, 0.1177, 0.1424, 0.113] **
max =  0.1908 | max_idx =  1
**pseudo_label ->  [0.153, 0.1739, 0.1367, 0.1549, 0.1177, 0.1497, 0.1141] **
max =  0.1739 | max_idx =  1
**pseudo_label ->  [0.1496, 0.1775, 0.1319, 0.1544, 0.1162, 0.1444, 0.126] **
max =  0.1775 | max_idx =  1
Epoch 10/50, Train Loss: 1.9926, Valid Loss: 1.9184, Train Acc: 0.1429, Val Acc: 0.0065, Test Acc: 0.2787, Test F1: 0.0623, Total Pseudo-Labels: 0, Correct Pseudo-Labels: 0, Train Data Number: 35



line 303 => train data수 35
line 258 => 인스턴스 수 5
Step 50  Tim 0:51:07
acc_train_cw(현재 train의 class별 acc) [0.0, 1.0, 0.0, 0.0, 0.0, 0.0, 0.0]
cw_psl_total_eval(pseudo label 클래스별 총 샘플 수):  [0, 0, 0, 0, 0, 0, 0]
cw_psl_correct_eval(pseudo label 클래스별 맞은 샘플 수):  [0, 0, 0, 0, 0, 0, 0]
psl_acc(PSL 평가에서의 정확도): None 
cw_psl_acc(클래스별 PSL 평가에서의 정확도):  [nan, nan, nan, nan, nan, nan, nan]
**pseudo_label ->  [0.1525, 0.1606, 0.1456, 0.1705, 0.1237, 0.1269, 0.1201] **
max =  0.1705 | max_idx =  3
**pseudo_label ->  [0.1688, 0.1708, 0.1425, 0.1583, 0.1234, 0.1158, 0.1204] **
max =  0.1708 | max_idx =  1
**pseudo_label ->  [0.1609, 0.1576, 0.1473, 0.166, 0.1317, 0.11, 0.1264] **
max =  0.166 | max_idx =  3
**pseudo_label ->  [0.1672, 0.1646, 0.1332, 0.1635, 0.1318, 0.1212, 0.1185] **
max =  0.1672 | max_idx =  0
**pseudo_label ->  [0.1579, 0.1592, 0.1499, 0.1676, 0.1359, 0.1073, 0.1222] **
max =  0.1676 | max_idx =  3
Epoch 11/50, Train Loss: 2.0143, Valid Loss: 1.9760, Train Acc: 0.1429, Val Acc: 0.0065, Test Acc: 0.2787, Test F1: 0.0623, Total Pseudo-Labels: 0, Correct Pseudo-Labels: 0, Train Data Number: 35



line 303 => train data수 35
line 258 => 인스턴스 수 5
Step 55  Tim 0:55:51
acc_train_cw(현재 train의 class별 acc) [0.0, 0.0, 0.0, 0.0, 0.0, 1.0, 0.0]
cw_psl_total_eval(pseudo label 클래스별 총 샘플 수):  [0, 0, 0, 0, 0, 0, 0]
cw_psl_correct_eval(pseudo label 클래스별 맞은 샘플 수):  [0, 0, 0, 0, 0, 0, 0]
psl_acc(PSL 평가에서의 정확도): None 
cw_psl_acc(클래스별 PSL 평가에서의 정확도):  [nan, nan, nan, nan, nan, nan, nan]
**pseudo_label ->  [0.1482, 0.1261, 0.1458, 0.1284, 0.1479, 0.1618, 0.1419] **
max =  0.1618 | max_idx =  5
**pseudo_label ->  [0.1433, 0.1197, 0.1522, 0.1324, 0.1513, 0.1485, 0.1525] **
max =  0.1525 | max_idx =  6
**pseudo_label ->  [0.1373, 0.1267, 0.1625, 0.1225, 0.1478, 0.1647, 0.1385] **
max =  0.1647 | max_idx =  5
**pseudo_label ->  [0.1541, 0.1289, 0.148, 0.1342, 0.1387, 0.1517, 0.1444] **
max =  0.1541 | max_idx =  0
**pseudo_label ->  [0.1317, 0.1248, 0.165, 0.1284, 0.1458, 0.1628, 0.1414] **
max =  0.165 | max_idx =  2
Epoch 12/50, Train Loss: 1.9759, Valid Loss: 2.0935, Train Acc: 0.1429, Val Acc: 0.0261, Test Acc: 0.2971, Test F1: 0.0654, Total Pseudo-Labels: 0, Correct Pseudo-Labels: 0, Train Data Number: 35



line 303 => train data수 35
line 258 => 인스턴스 수 5
Step 60  Tim 1:00:29
acc_train_cw(현재 train의 class별 acc) [0.0, 0.0, 0.0, 0.0, 0.0, 1.0, 0.0]
cw_psl_total_eval(pseudo label 클래스별 총 샘플 수):  [0, 0, 0, 0, 0, 0, 0]
cw_psl_correct_eval(pseudo label 클래스별 맞은 샘플 수):  [0, 0, 0, 0, 0, 0, 0]
psl_acc(PSL 평가에서의 정확도): None 
cw_psl_acc(클래스별 PSL 평가에서의 정확도):  [nan, nan, nan, nan, nan, nan, nan]
**pseudo_label ->  [0.1369, 0.1382, 0.1588, 0.103, 0.1415, 0.1933, 0.1283] **
max =  0.1933 | max_idx =  5
**pseudo_label ->  [0.1258, 0.1508, 0.1669, 0.0973, 0.1333, 0.1989, 0.127] **
max =  0.1989 | max_idx =  5
**pseudo_label ->  [0.138, 0.163, 0.1659, 0.0977, 0.1223, 0.1859, 0.1274] **
max =  0.1859 | max_idx =  5
**pseudo_label ->  [0.1337, 0.1484, 0.1532, 0.0956, 0.1526, 0.1891, 0.1274] **
max =  0.1891 | max_idx =  5
**pseudo_label ->  [0.1332, 0.1536, 0.1488, 0.1044, 0.1501, 0.1808, 0.129] **
max =  0.1808 | max_idx =  5
Epoch 13/50, Train Loss: 2.0631, Valid Loss: 1.9858, Train Acc: 0.1429, Val Acc: 0.0261, Test Acc: 0.2971, Test F1: 0.0654, Total Pseudo-Labels: 0, Correct Pseudo-Labels: 0, Train Data Number: 35



line 303 => train data수 35
line 258 => 인스턴스 수 5
Step 65  Tim 1:05:28
acc_train_cw(현재 train의 class별 acc) [1.0, 0.0, 0.0, 0.0, 0.0, 0.0, 0.0]
cw_psl_total_eval(pseudo label 클래스별 총 샘플 수):  [0, 0, 0, 0, 0, 0, 0]
cw_psl_correct_eval(pseudo label 클래스별 맞은 샘플 수):  [0, 0, 0, 0, 0, 0, 0]
psl_acc(PSL 평가에서의 정확도): None 
cw_psl_acc(클래스별 PSL 평가에서의 정확도):  [nan, nan, nan, nan, nan, nan, nan]
**pseudo_label ->  [0.186, 0.142, 0.16, 0.1232, 0.1158, 0.1531, 0.1199] **
max =  0.186 | max_idx =  0
**pseudo_label ->  [0.1723, 0.1538, 0.1585, 0.1346, 0.1157, 0.1449, 0.1203] **
max =  0.1723 | max_idx =  0
**pseudo_label ->  [0.1818, 0.1335, 0.1612, 0.1254, 0.111, 0.1493, 0.1377] **
max =  0.1818 | max_idx =  0
**pseudo_label ->  [0.1731, 0.1407, 0.152, 0.1326, 0.1208, 0.1528, 0.128] **
max =  0.1731 | max_idx =  0
**pseudo_label ->  [0.1893, 0.1269, 0.166, 0.1351, 0.1177, 0.136, 0.1291] **
max =  0.1893 | max_idx =  0
Epoch 14/50, Train Loss: 1.9653, Valid Loss: 1.9069, Train Acc: 0.1429, Val Acc: 0.0912, Test Acc: 0.0779, Test F1: 0.0206, Total Pseudo-Labels: 0, Correct Pseudo-Labels: 0, Train Data Number: 35



line 303 => train data수 35
line 258 => 인스턴스 수 5
Step 70  Tim 1:10:55
acc_train_cw(현재 train의 class별 acc) [0.0, 0.0, 0.0, 0.0, 0.0, 0.0, 1.0]
cw_psl_total_eval(pseudo label 클래스별 총 샘플 수):  [0, 0, 0, 0, 0, 0, 0]
cw_psl_correct_eval(pseudo label 클래스별 맞은 샘플 수):  [0, 0, 0, 0, 0, 0, 0]
psl_acc(PSL 평가에서의 정확도): None 
cw_psl_acc(클래스별 PSL 평가에서의 정확도):  [nan, nan, nan, nan, nan, nan, nan]
**pseudo_label ->  [0.13, 0.1306, 0.1087, 0.1374, 0.1617, 0.1159, 0.2157] **
max =  0.2157 | max_idx =  6
**pseudo_label ->  [0.1573, 0.1271, 0.1201, 0.1707, 0.1513, 0.1124, 0.1611] **
max =  0.1707 | max_idx =  3
**pseudo_label ->  [0.1472, 0.1338, 0.1353, 0.1518, 0.158, 0.1153, 0.1586] **
max =  0.1586 | max_idx =  6
**pseudo_label ->  [0.1571, 0.1306, 0.1272, 0.1663, 0.1474, 0.1138, 0.1576] **
max =  0.1663 | max_idx =  3
**pseudo_label ->  [0.1475, 0.1308, 0.1294, 0.1516, 0.1576, 0.1107, 0.1723] **
max =  0.1723 | max_idx =  6
Epoch 15/50, Train Loss: 2.0246, Valid Loss: 1.8412, Train Acc: 0.1429, Val Acc: 0.1173, Test Acc: 0.0184, Test F1: 0.0052, Total Pseudo-Labels: 0, Correct Pseudo-Labels: 0, Train Data Number: 35



line 303 => train data수 35
line 258 => 인스턴스 수 5
Step 75  Tim 1:15:23
acc_train_cw(현재 train의 class별 acc) [0.0, 0.0, 0.0, 1.0, 0.0, 0.0, 0.0]
cw_psl_total_eval(pseudo label 클래스별 총 샘플 수):  [0, 0, 0, 0, 0, 0, 0]
cw_psl_correct_eval(pseudo label 클래스별 맞은 샘플 수):  [0, 0, 0, 0, 0, 0, 0]
psl_acc(PSL 평가에서의 정확도): None 
cw_psl_acc(클래스별 PSL 평가에서의 정확도):  [nan, nan, nan, nan, nan, nan, nan]
**pseudo_label ->  [0.1343, 0.1251, 0.1353, 0.1904, 0.1422, 0.0931, 0.1796] **
max =  0.1904 | max_idx =  3
**pseudo_label ->  [0.146, 0.1257, 0.1276, 0.1767, 0.1406, 0.0921, 0.1912] **
max =  0.1912 | max_idx =  6
**pseudo_label ->  [0.1416, 0.1191, 0.1392, 0.1982, 0.1519, 0.0849, 0.1651] **
max =  0.1982 | max_idx =  3
**pseudo_label ->  [0.1423, 0.1355, 0.1278, 0.1881, 0.1418, 0.0977, 0.1668] **
max =  0.1881 | max_idx =  3
**pseudo_label ->  [0.1526, 0.1331, 0.1186, 0.203, 0.1179, 0.0546, 0.2202] **
max =  0.2202 | max_idx =  6
Epoch 16/50, Train Loss: 1.9845, Valid Loss: 1.9189, Train Acc: 0.1429, Val Acc: 0.3876, Test Acc: 0.1619, Test F1: 0.0398, Total Pseudo-Labels: 0, Correct Pseudo-Labels: 0, Train Data Number: 35



line 303 => train data수 35
line 258 => 인스턴스 수 5
Step 80  Tim 1:20:58
acc_train_cw(현재 train의 class별 acc) [1.0, 0.0, 0.0, 0.0, 0.0, 0.0, 0.0]
cw_psl_total_eval(pseudo label 클래스별 총 샘플 수):  [0, 0, 0, 0, 0, 0, 0]
cw_psl_correct_eval(pseudo label 클래스별 맞은 샘플 수):  [0, 0, 0, 0, 0, 0, 0]
psl_acc(PSL 평가에서의 정확도): None 
cw_psl_acc(클래스별 PSL 평가에서의 정확도):  [nan, nan, nan, nan, nan, nan, nan]
**pseudo_label ->  [0.1683, 0.1537, 0.1163, 0.1648, 0.1579, 0.0948, 0.1443] **
max =  0.1683 | max_idx =  0
**pseudo_label ->  [0.1669, 0.1617, 0.1298, 0.1587, 0.1507, 0.1034, 0.1289] **
max =  0.1669 | max_idx =  0
**pseudo_label ->  [0.168, 0.1576, 0.1327, 0.156, 0.143, 0.0973, 0.1455] **
max =  0.168 | max_idx =  0
**pseudo_label ->  [0.1585, 0.1543, 0.1322, 0.1676, 0.1413, 0.1034, 0.1426] **
max =  0.1676 | max_idx =  3
**pseudo_label ->  [0.1912, 0.1471, 0.1256, 0.1694, 0.1379, 0.0954, 0.1334] **
max =  0.1912 | max_idx =  0
Epoch 17/50, Train Loss: 2.0151, Valid Loss: 1.9723, Train Acc: 0.1429, Val Acc: 0.0912, Test Acc: 0.0779, Test F1: 0.0206, Total Pseudo-Labels: 0, Correct Pseudo-Labels: 0, Train Data Number: 35



line 303 => train data수 35
line 258 => 인스턴스 수 5
Step 85  Tim 1:25:38
acc_train_cw(현재 train의 class별 acc) [1.0, 0.0, 0.0, 0.0, 0.0, 0.0, 0.0]
cw_psl_total_eval(pseudo label 클래스별 총 샘플 수):  [0, 0, 0, 0, 0, 0, 0]
cw_psl_correct_eval(pseudo label 클래스별 맞은 샘플 수):  [0, 0, 0, 0, 0, 0, 0]
psl_acc(PSL 평가에서의 정확도): None 
cw_psl_acc(클래스별 PSL 평가에서의 정확도):  [nan, nan, nan, nan, nan, nan, nan]
**pseudo_label ->  [0.1977, 0.1227, 0.138, 0.1282, 0.1522, 0.1372, 0.124] **
max =  0.1977 | max_idx =  0
**pseudo_label ->  [0.2256, 0.1101, 0.1403, 0.1315, 0.1392, 0.1435, 0.1097] **
max =  0.2256 | max_idx =  0
**pseudo_label ->  [0.2197, 0.1147, 0.1352, 0.1373, 0.1533, 0.1301, 0.1097] **
max =  0.2197 | max_idx =  0
**pseudo_label ->  [0.197, 0.1199, 0.1359, 0.1389, 0.1462, 0.1464, 0.1157] **
max =  0.197 | max_idx =  0
**pseudo_label ->  [0.1846, 0.1259, 0.1519, 0.1319, 0.1464, 0.1456, 0.1137] **
max =  0.1846 | max_idx =  0
Epoch 18/50, Train Loss: 2.0289, Valid Loss: 2.0416, Train Acc: 0.1429, Val Acc: 0.0912, Test Acc: 0.0779, Test F1: 0.0206, Total Pseudo-Labels: 0, Correct Pseudo-Labels: 0, Train Data Number: 35



line 303 => train data수 35
line 258 => 인스턴스 수 5
Step 90  Tim 1:30:50
acc_train_cw(현재 train의 class별 acc) [0.0, 0.0, 0.0, 0.0, 1.0, 0.0, 0.0]
cw_psl_total_eval(pseudo label 클래스별 총 샘플 수):  [0, 0, 0, 0, 0, 0, 0]
cw_psl_correct_eval(pseudo label 클래스별 맞은 샘플 수):  [0, 0, 0, 0, 0, 0, 0]
psl_acc(PSL 평가에서의 정확도): None 
cw_psl_acc(클래스별 PSL 평가에서의 정확도):  [nan, nan, nan, nan, nan, nan, nan]
**pseudo_label ->  [0.1383, 0.1384, 0.1495, 0.1128, 0.1815, 0.1637, 0.1159] **
max =  0.1815 | max_idx =  4
**pseudo_label ->  [0.1282, 0.1524, 0.1455, 0.1162, 0.1827, 0.1584, 0.1165] **
max =  0.1827 | max_idx =  4
**pseudo_label ->  [0.1249, 0.1494, 0.1547, 0.1188, 0.1831, 0.1615, 0.1076] **
max =  0.1831 | max_idx =  4
**pseudo_label ->  [0.126, 0.1549, 0.1451, 0.1191, 0.1895, 0.1514, 0.114] **
max =  0.1895 | max_idx =  4
**pseudo_label ->  [0.128, 0.1626, 0.1431, 0.1127, 0.1728, 0.1663, 0.1147] **
max =  0.1728 | max_idx =  4
Epoch 19/50, Train Loss: 2.0186, Valid Loss: 1.9510, Train Acc: 0.1429, Val Acc: 0.1433, Test Acc: 0.0430, Test F1: 0.0118, Total Pseudo-Labels: 0, Correct Pseudo-Labels: 0, Train Data Number: 35



line 303 => train data수 35
line 258 => 인스턴스 수 5
Step 95  Tim 1:36:07
acc_train_cw(현재 train의 class별 acc) [0.0, 0.0, 0.0, 0.0, 0.0, 1.0, 0.0]
cw_psl_total_eval(pseudo label 클래스별 총 샘플 수):  [0, 0, 0, 0, 0, 0, 0]
cw_psl_correct_eval(pseudo label 클래스별 맞은 샘플 수):  [0, 0, 0, 0, 0, 0, 0]
psl_acc(PSL 평가에서의 정확도): None 
cw_psl_acc(클래스별 PSL 평가에서의 정확도):  [nan, nan, nan, nan, nan, nan, nan]
**pseudo_label ->  [0.1919, 0.1359, 0.1043, 0.0903, 0.1326, 0.202, 0.1431] **
max =  0.202 | max_idx =  5
**pseudo_label ->  [0.1208, 0.1208, 0.1477, 0.134, 0.1571, 0.1644, 0.1551] **
max =  0.1644 | max_idx =  5
**pseudo_label ->  [0.1262, 0.1224, 0.1559, 0.1276, 0.1657, 0.1605, 0.1418] **
max =  0.1657 | max_idx =  4
**pseudo_label ->  [0.1361, 0.1253, 0.1549, 0.1393, 0.1569, 0.154, 0.1334] **
max =  0.1569 | max_idx =  4
**pseudo_label ->  [0.118, 0.116, 0.1593, 0.1373, 0.163, 0.1484, 0.158] **
max =  0.163 | max_idx =  4
Epoch 20/50, Train Loss: 1.9715, Valid Loss: 1.9225, Train Acc: 0.1429, Val Acc: 0.0261, Test Acc: 0.2971, Test F1: 0.0654, Total Pseudo-Labels: 0, Correct Pseudo-Labels: 0, Train Data Number: 35



line 303 => train data수 35
line 258 => 인스턴스 수 5
Step 100  Tim 1:40:55
acc_train_cw(현재 train의 class별 acc) [0.0, 0.0, 0.0, 0.0, 1.0, 0.0, 0.0]
cw_psl_total_eval(pseudo label 클래스별 총 샘플 수):  [0, 0, 0, 0, 0, 0, 0]
cw_psl_correct_eval(pseudo label 클래스별 맞은 샘플 수):  [0, 0, 0, 0, 0, 0, 0]
psl_acc(PSL 평가에서의 정확도): None 
cw_psl_acc(클래스별 PSL 평가에서의 정확도):  [nan, nan, nan, nan, nan, nan, nan]
**pseudo_label ->  [0.1127, 0.1075, 0.1374, 0.1473, 0.1645, 0.174, 0.1566] **
max =  0.174 | max_idx =  5
**pseudo_label ->  [0.1088, 0.1225, 0.1394, 0.134, 0.1717, 0.1604, 0.163] **
max =  0.1717 | max_idx =  4
**pseudo_label ->  [0.1119, 0.1251, 0.1497, 0.1447, 0.1609, 0.156, 0.1518] **
max =  0.1609 | max_idx =  4
**pseudo_label ->  [0.1125, 0.1194, 0.1381, 0.1656, 0.1574, 0.1589, 0.1481] **
max =  0.1656 | max_idx =  3
**pseudo_label ->  [0.1035, 0.1279, 0.1445, 0.1491, 0.1573, 0.1536, 0.1641] **
max =  0.1641 | max_idx =  6
Epoch 21/50, Train Loss: 1.9970, Valid Loss: 1.8873, Train Acc: 0.1429, Val Acc: 0.1433, Test Acc: 0.0430, Test F1: 0.0118, Total Pseudo-Labels: 0, Correct Pseudo-Labels: 0, Train Data Number: 35



line 303 => train data수 35
line 258 => 인스턴스 수 5
Step 105  Tim 1:46:20
acc_train_cw(현재 train의 class별 acc) [0.0, 0.0, 0.0, 1.0, 0.0, 0.0, 0.0]
cw_psl_total_eval(pseudo label 클래스별 총 샘플 수):  [0, 0, 0, 0, 0, 0, 0]
cw_psl_correct_eval(pseudo label 클래스별 맞은 샘플 수):  [0, 0, 0, 0, 0, 0, 0]
psl_acc(PSL 평가에서의 정확도): None 
cw_psl_acc(클래스별 PSL 평가에서의 정확도):  [nan, nan, nan, nan, nan, nan, nan]
**pseudo_label ->  [0.1466, 0.1167, 0.1201, 0.1846, 0.1506, 0.1462, 0.1354] **
max =  0.1846 | max_idx =  3
**pseudo_label ->  [0.1402, 0.1178, 0.1347, 0.167, 0.1547, 0.1501, 0.1355] **
max =  0.167 | max_idx =  3
**pseudo_label ->  [0.1426, 0.1183, 0.1342, 0.185, 0.1426, 0.1486, 0.1287] **
max =  0.185 | max_idx =  3
**pseudo_label ->  [0.1284, 0.1133, 0.1308, 0.1878, 0.158, 0.1502, 0.1314] **
max =  0.1878 | max_idx =  3
**pseudo_label ->  [0.1799, 0.1234, 0.0457, 0.243, 0.1807, 0.1209, 0.1064] **
max =  0.243 | max_idx =  3
Epoch 22/50, Train Loss: 1.9603, Valid Loss: 1.8916, Train Acc: 0.1429, Val Acc: 0.3876, Test Acc: 0.1619, Test F1: 0.0398, Total Pseudo-Labels: 0, Correct Pseudo-Labels: 0, Train Data Number: 35



line 303 => train data수 35
line 258 => 인스턴스 수 5
Step 110  Tim 1:51:05
acc_train_cw(현재 train의 class별 acc) [0.0, 0.0, 0.0, 0.0, 1.0, 0.0, 0.0]
cw_psl_total_eval(pseudo label 클래스별 총 샘플 수):  [0, 0, 0, 0, 0, 0, 0]
cw_psl_correct_eval(pseudo label 클래스별 맞은 샘플 수):  [0, 0, 0, 0, 0, 0, 0]
psl_acc(PSL 평가에서의 정확도): None 
cw_psl_acc(클래스별 PSL 평가에서의 정확도):  [nan, nan, nan, nan, nan, nan, nan]
**pseudo_label ->  [0.1648, 0.127, 0.1512, 0.1536, 0.1629, 0.114, 0.1265] **
max =  0.1648 | max_idx =  0
**pseudo_label ->  [0.1443, 0.1106, 0.1495, 0.1783, 0.1658, 0.1182, 0.1332] **
max =  0.1783 | max_idx =  3
**pseudo_label ->  [0.1363, 0.1338, 0.1508, 0.1591, 0.1665, 0.1149, 0.1386] **
max =  0.1665 | max_idx =  4
**pseudo_label ->  [0.1391, 0.1299, 0.1387, 0.162, 0.1696, 0.1262, 0.1345] **
max =  0.1696 | max_idx =  4
**pseudo_label ->  [0.1455, 0.1416, 0.1558, 0.1445, 0.1559, 0.1244, 0.1323] **
max =  0.1559 | max_idx =  4
Epoch 23/50, Train Loss: 1.9653, Valid Loss: 1.9317, Train Acc: 0.1429, Val Acc: 0.1433, Test Acc: 0.0430, Test F1: 0.0118, Total Pseudo-Labels: 0, Correct Pseudo-Labels: 0, Train Data Number: 35



line 303 => train data수 35
line 258 => 인스턴스 수 5
Step 115  Tim 1:56:09
acc_train_cw(현재 train의 class별 acc) [0.0, 1.0, 0.0, 0.0, 0.0, 0.0, 0.0]
cw_psl_total_eval(pseudo label 클래스별 총 샘플 수):  [0, 0, 0, 0, 0, 0, 0]
cw_psl_correct_eval(pseudo label 클래스별 맞은 샘플 수):  [0, 0, 0, 0, 0, 0, 0]
psl_acc(PSL 평가에서의 정확도): None 
cw_psl_acc(클래스별 PSL 평가에서의 정확도):  [nan, nan, nan, nan, nan, nan, nan]
**pseudo_label ->  [0.134, 0.1743, 0.143, 0.1555, 0.1302, 0.1209, 0.1421] **
max =  0.1743 | max_idx =  1
**pseudo_label ->  [0.1178, 0.1709, 0.1391, 0.1588, 0.145, 0.1183, 0.1501] **
max =  0.1709 | max_idx =  1
**pseudo_label ->  [0.1171, 0.1604, 0.1545, 0.1593, 0.1449, 0.1235, 0.1403] **
max =  0.1604 | max_idx =  1
**pseudo_label ->  [0.1227, 0.1722, 0.1477, 0.1567, 0.1448, 0.1273, 0.1286] **
max =  0.1722 | max_idx =  1
**pseudo_label ->  [0.1187, 0.1704, 0.1466, 0.1525, 0.139, 0.1258, 0.1469] **
max =  0.1704 | max_idx =  1
Epoch 24/50, Train Loss: 1.9743, Valid Loss: 2.0173, Train Acc: 0.1429, Val Acc: 0.0065, Test Acc: 0.2787, Test F1: 0.0623, Total Pseudo-Labels: 0, Correct Pseudo-Labels: 0, Train Data Number: 35



line 303 => train data수 35
line 258 => 인스턴스 수 5
Step 120  Tim 2:01:14
acc_train_cw(현재 train의 class별 acc) [0.0, 1.0, 0.0, 0.0, 0.0, 0.0, 0.0]
cw_psl_total_eval(pseudo label 클래스별 총 샘플 수):  [0, 0, 0, 0, 0, 0, 0]
cw_psl_correct_eval(pseudo label 클래스별 맞은 샘플 수):  [0, 0, 0, 0, 0, 0, 0]
psl_acc(PSL 평가에서의 정확도): None 
cw_psl_acc(클래스별 PSL 평가에서의 정확도):  [nan, nan, nan, nan, nan, nan, nan]
**pseudo_label ->  [0.1391, 0.1723, 0.1464, 0.1314, 0.1098, 0.1545, 0.1465] **
max =  0.1723 | max_idx =  1
**pseudo_label ->  [0.1335, 0.366, 0.0818, 0.1038, 0.0761, 0.1223, 0.1166] **
max =  0.366 | max_idx =  1
**pseudo_label ->  [0.1377, 0.1811, 0.1432, 0.136, 0.1103, 0.1584, 0.1333] **
max =  0.1811 | max_idx =  1
**pseudo_label ->  [0.1318, 0.1837, 0.1347, 0.1443, 0.1247, 0.1493, 0.1314] **
max =  0.1837 | max_idx =  1
**pseudo_label ->  [0.1316, 0.2003, 0.1382, 0.1271, 0.1066, 0.1468, 0.1494] **
max =  0.2003 | max_idx =  1
Epoch 25/50, Train Loss: 1.9679, Valid Loss: 2.0104, Train Acc: 0.1429, Val Acc: 0.0065, Test Acc: 0.2787, Test F1: 0.0623, Total Pseudo-Labels: 0, Correct Pseudo-Labels: 0, Train Data Number: 35



line 303 => train data수 35
line 258 => 인스턴스 수 5
Step 125  Tim 2:06:23
acc_train_cw(현재 train의 class별 acc) [0.0, 0.0, 0.0, 0.0, 0.0, 0.0, 1.0]
cw_psl_total_eval(pseudo label 클래스별 총 샘플 수):  [0, 0, 0, 0, 0, 0, 0]
cw_psl_correct_eval(pseudo label 클래스별 맞은 샘플 수):  [0, 0, 0, 0, 0, 0, 0]
psl_acc(PSL 평가에서의 정확도): None 
cw_psl_acc(클래스별 PSL 평가에서의 정확도):  [nan, nan, nan, nan, nan, nan, nan]
**pseudo_label ->  [0.1531, 0.15, 0.1369, 0.1258, 0.119, 0.1533, 0.1619] **
max =  0.1619 | max_idx =  6
**pseudo_label ->  [0.1428, 0.1549, 0.1582, 0.1224, 0.1177, 0.1461, 0.1579] **
max =  0.1582 | max_idx =  2
**pseudo_label ->  [0.1602, 0.1406, 0.1468, 0.1243, 0.1205, 0.1446, 0.163] **
max =  0.163 | max_idx =  6
**pseudo_label ->  [0.1486, 0.1544, 0.1456, 0.1154, 0.1374, 0.1386, 0.1599] **
max =  0.1599 | max_idx =  6
**pseudo_label ->  [0.1545, 0.1411, 0.1443, 0.1262, 0.1256, 0.1375, 0.1708] **
max =  0.1708 | max_idx =  6
Epoch 26/50, Train Loss: 2.0121, Valid Loss: 1.9045, Train Acc: 0.1429, Val Acc: 0.1173, Test Acc: 0.0184, Test F1: 0.0052, Total Pseudo-Labels: 0, Correct Pseudo-Labels: 0, Train Data Number: 35



line 303 => train data수 35
line 258 => 인스턴스 수 5
Step 130  Tim 2:11:18
acc_train_cw(현재 train의 class별 acc) [0.0, 0.0, 0.0, 1.0, 0.0, 0.0, 0.0]
cw_psl_total_eval(pseudo label 클래스별 총 샘플 수):  [0, 0, 0, 0, 0, 0, 0]
cw_psl_correct_eval(pseudo label 클래스별 맞은 샘플 수):  [0, 0, 0, 0, 0, 0, 0]
psl_acc(PSL 평가에서의 정확도): None 
cw_psl_acc(클래스별 PSL 평가에서의 정확도):  [nan, nan, nan, nan, nan, nan, nan]
**pseudo_label ->  [0.1506, 0.1276, 0.141, 0.1571, 0.138, 0.1391, 0.1465] **
max =  0.1571 | max_idx =  3
**pseudo_label ->  [0.1399, 0.1269, 0.1447, 0.1608, 0.149, 0.1295, 0.1492] **
max =  0.1608 | max_idx =  3
**pseudo_label ->  [0.1379, 0.1332, 0.158, 0.1612, 0.1405, 0.1242, 0.1451] **
max =  0.1612 | max_idx =  3
**pseudo_label ->  [0.149, 0.1264, 0.1443, 0.1613, 0.1379, 0.1287, 0.1523] **
max =  0.1613 | max_idx =  3
**pseudo_label ->  [0.1403, 0.1366, 0.1431, 0.1646, 0.1384, 0.1216, 0.1555] **
max =  0.1646 | max_idx =  3
Epoch 27/50, Train Loss: 1.9634, Valid Loss: 1.8595, Train Acc: 0.1429, Val Acc: 0.3876, Test Acc: 0.1619, Test F1: 0.0398, Total Pseudo-Labels: 0, Correct Pseudo-Labels: 0, Train Data Number: 35



line 303 => train data수 35
line 258 => 인스턴스 수 5
Step 135  Tim 2:16:31
acc_train_cw(현재 train의 class별 acc) [0.0, 0.0, 1.0, 0.0, 0.0, 0.0, 0.0]
cw_psl_total_eval(pseudo label 클래스별 총 샘플 수):  [0, 0, 0, 0, 0, 0, 0]
cw_psl_correct_eval(pseudo label 클래스별 맞은 샘플 수):  [0, 0, 0, 0, 0, 0, 0]
psl_acc(PSL 평가에서의 정확도): None 
cw_psl_acc(클래스별 PSL 평가에서의 정확도):  [nan, nan, nan, nan, nan, nan, nan]
**pseudo_label ->  [0.1262, 0.1001, 0.1945, 0.1479, 0.1444, 0.1474, 0.1395] **
max =  0.1945 | max_idx =  2
**pseudo_label ->  [0.15, 0.119, 0.1826, 0.1937, 0.1102, 0.1144, 0.1301] **
max =  0.1937 | max_idx =  3
**pseudo_label ->  [0.127, 0.1118, 0.1984, 0.1522, 0.13, 0.1377, 0.1428] **
max =  0.1984 | max_idx =  2
**pseudo_label ->  [0.1239, 0.1055, 0.1859, 0.1599, 0.1171, 0.1582, 0.1494] **
max =  0.1859 | max_idx =  2
**pseudo_label ->  [0.1257, 0.1101, 0.1932, 0.1579, 0.1283, 0.1481, 0.1367] **
max =  0.1932 | max_idx =  2
Epoch 28/50, Train Loss: 1.9970, Valid Loss: 1.8736, Train Acc: 0.1429, Val Acc: 0.2280, Test Acc: 0.1230, Test F1: 0.0313, Total Pseudo-Labels: 0, Correct Pseudo-Labels: 0, Train Data Number: 35



line 303 => train data수 35
line 258 => 인스턴스 수 5
Step 140  Tim 2:21:29
acc_train_cw(현재 train의 class별 acc) [0.0, 0.0, 0.0, 1.0, 0.0, 0.0, 0.0]
cw_psl_total_eval(pseudo label 클래스별 총 샘플 수):  [0, 0, 0, 0, 0, 0, 0]
cw_psl_correct_eval(pseudo label 클래스별 맞은 샘플 수):  [0, 0, 0, 0, 0, 0, 0]
psl_acc(PSL 평가에서의 정확도): None 
cw_psl_acc(클래스별 PSL 평가에서의 정확도):  [nan, nan, nan, nan, nan, nan, nan]
**pseudo_label ->  [0.1328, 0.1198, 0.1559, 0.1571, 0.1385, 0.1334, 0.1626] **
max =  0.1626 | max_idx =  6
**pseudo_label ->  [0.1204, 0.1071, 0.1195, 0.2164, 0.1084, 0.1346, 0.1937] **
max =  0.2164 | max_idx =  3
**pseudo_label ->  [0.1652, 0.1025, 0.1482, 0.1747, 0.1005, 0.1215, 0.1874] **
max =  0.1874 | max_idx =  6
**pseudo_label ->  [0.1276, 0.1057, 0.1688, 0.1563, 0.1434, 0.1387, 0.1595] **
max =  0.1688 | max_idx =  2
**pseudo_label ->  [0.1271, 0.0965, 0.1596, 0.1657, 0.1381, 0.1523, 0.1606] **
max =  0.1657 | max_idx =  3
Epoch 29/50, Train Loss: 2.0080, Valid Loss: 1.9444, Train Acc: 0.1429, Val Acc: 0.3876, Test Acc: 0.1619, Test F1: 0.0398, Total Pseudo-Labels: 0, Correct Pseudo-Labels: 0, Train Data Number: 35



line 303 => train data수 35
line 258 => 인스턴스 수 5
Step 145  Tim 2:26:35
acc_train_cw(현재 train의 class별 acc) [0.0, 0.0, 0.0, 0.0, 1.0, 0.0, 0.0]
cw_psl_total_eval(pseudo label 클래스별 총 샘플 수):  [0, 0, 0, 0, 0, 0, 0]
cw_psl_correct_eval(pseudo label 클래스별 맞은 샘플 수):  [0, 0, 0, 0, 0, 0, 0]
psl_acc(PSL 평가에서의 정확도): None 
cw_psl_acc(클래스별 PSL 평가에서의 정확도):  [nan, nan, nan, nan, nan, nan, nan]
**pseudo_label ->  [0.1344, 0.1079, 0.1615, 0.1323, 0.1678, 0.1419, 0.1541] **
max =  0.1678 | max_idx =  4
**pseudo_label ->  [0.1396, 0.1259, 0.1732, 0.1244, 0.1551, 0.1432, 0.1387] **
max =  0.1732 | max_idx =  2
**pseudo_label ->  [0.1454, 0.1212, 0.1481, 0.1295, 0.1754, 0.1364, 0.144] **
max =  0.1754 | max_idx =  4
**pseudo_label ->  [0.1466, 0.1275, 0.1475, 0.1275, 0.1842, 0.1389, 0.1278] **
max =  0.1842 | max_idx =  4
**pseudo_label ->  [0.1423, 0.1175, 0.1641, 0.1282, 0.1509, 0.1439, 0.1532] **
max =  0.1641 | max_idx =  2
Epoch 30/50, Train Loss: 1.9697, Valid Loss: 1.9835, Train Acc: 0.1429, Val Acc: 0.1433, Test Acc: 0.0430, Test F1: 0.0118, Total Pseudo-Labels: 0, Correct Pseudo-Labels: 0, Train Data Number: 35



line 303 => train data수 35
line 258 => 인스턴스 수 5
Step 150  Tim 2:31:47
acc_train_cw(현재 train의 class별 acc) [0.0, 0.0, 0.0, 0.0, 1.0, 0.0, 0.0]
cw_psl_total_eval(pseudo label 클래스별 총 샘플 수):  [0, 0, 0, 0, 0, 0, 0]
cw_psl_correct_eval(pseudo label 클래스별 맞은 샘플 수):  [0, 0, 0, 0, 0, 0, 0]
psl_acc(PSL 평가에서의 정확도): None 
cw_psl_acc(클래스별 PSL 평가에서의 정확도):  [nan, nan, nan, nan, nan, nan, nan]
**pseudo_label ->  [0.1535, 0.149, 0.1517, 0.1314, 0.167, 0.144, 0.1035] **
max =  0.167 | max_idx =  4
**pseudo_label ->  [0.1477, 0.1401, 0.1374, 0.1273, 0.1821, 0.1473, 0.1181] **
max =  0.1821 | max_idx =  4
**pseudo_label ->  [0.1504, 0.1417, 0.1403, 0.1247, 0.1687, 0.1614, 0.1127] **
max =  0.1687 | max_idx =  4
**pseudo_label ->  [0.1546, 0.1462, 0.1384, 0.1333, 0.1581, 0.1527, 0.1167] **
max =  0.1581 | max_idx =  4
**pseudo_label ->  [0.1404, 0.145, 0.1364, 0.1326, 0.197, 0.1373, 0.1113] **
max =  0.197 | max_idx =  4
Epoch 31/50, Train Loss: 1.9682, Valid Loss: 1.9838, Train Acc: 0.1429, Val Acc: 0.1433, Test Acc: 0.0430, Test F1: 0.0118, Total Pseudo-Labels: 0, Correct Pseudo-Labels: 0, Train Data Number: 35



line 303 => train data수 35
line 258 => 인스턴스 수 5
Step 155  Tim 2:36:23
acc_train_cw(현재 train의 class별 acc) [0.0, 1.0, 0.0, 0.0, 0.0, 0.0, 0.0]
cw_psl_total_eval(pseudo label 클래스별 총 샘플 수):  [0, 0, 0, 0, 0, 0, 0]
cw_psl_correct_eval(pseudo label 클래스별 맞은 샘플 수):  [0, 0, 0, 0, 0, 0, 0]
psl_acc(PSL 평가에서의 정확도): None 
cw_psl_acc(클래스별 PSL 평가에서의 정확도):  [nan, nan, nan, nan, nan, nan, nan]
**pseudo_label ->  [0.1321, 0.2574, 0.09, 0.1202, 0.1975, 0.0859, 0.1167] **
max =  0.2574 | max_idx =  1
**pseudo_label ->  [0.133, 0.1555, 0.1214, 0.1351, 0.1648, 0.1382, 0.152] **
max =  0.1648 | max_idx =  4
**pseudo_label ->  [0.1387, 0.171, 0.1209, 0.1322, 0.1695, 0.1275, 0.1402] **
max =  0.171 | max_idx =  1
**pseudo_label ->  [0.1295, 0.1686, 0.1222, 0.1427, 0.1665, 0.1337, 0.1368] **
max =  0.1686 | max_idx =  1
**pseudo_label ->  [0.1258, 0.1595, 0.1249, 0.1597, 0.1691, 0.1335, 0.1275] **
max =  0.1691 | max_idx =  4
Epoch 32/50, Train Loss: 1.9663, Valid Loss: 2.0076, Train Acc: 0.1429, Val Acc: 0.0065, Test Acc: 0.2787, Test F1: 0.0623, Total Pseudo-Labels: 0, Correct Pseudo-Labels: 0, Train Data Number: 35



line 303 => train data수 35
line 258 => 인스턴스 수 5
Step 160  Tim 2:41:57
acc_train_cw(현재 train의 class별 acc) [0.0, 1.0, 0.0, 0.0, 0.0, 0.0, 0.0]
cw_psl_total_eval(pseudo label 클래스별 총 샘플 수):  [0, 0, 0, 0, 0, 0, 0]
cw_psl_correct_eval(pseudo label 클래스별 맞은 샘플 수):  [0, 0, 0, 0, 0, 0, 0]
psl_acc(PSL 평가에서의 정확도): None 
cw_psl_acc(클래스별 PSL 평가에서의 정확도):  [nan, nan, nan, nan, nan, nan, nan]
**pseudo_label ->  [0.1486, 0.1809, 0.1307, 0.1382, 0.1235, 0.1405, 0.1375] **
max =  0.1809 | max_idx =  1
**pseudo_label ->  [0.1672, 0.1693, 0.1221, 0.1383, 0.1185, 0.145, 0.1396] **
max =  0.1693 | max_idx =  1
**pseudo_label ->  [0.1663, 0.1858, 0.1232, 0.1194, 0.1148, 0.1402, 0.1502] **
max =  0.1858 | max_idx =  1
**pseudo_label ->  [0.166, 0.166, 0.1205, 0.1425, 0.1227, 0.1383, 0.1441] **
max =  0.166 | max_idx =  1
**pseudo_label ->  [0.1401, 0.1816, 0.1231, 0.1383, 0.1339, 0.1397, 0.1434] **
max =  0.1816 | max_idx =  1
Epoch 33/50, Train Loss: 2.0094, Valid Loss: 1.9449, Train Acc: 0.1429, Val Acc: 0.0065, Test Acc: 0.2787, Test F1: 0.0623, Total Pseudo-Labels: 0, Correct Pseudo-Labels: 0, Train Data Number: 35



line 303 => train data수 35
line 258 => 인스턴스 수 5
Step 165  Tim 2:46:34
acc_train_cw(현재 train의 class별 acc) [0.0, 0.0, 0.0, 0.0, 0.0, 1.0, 0.0]
cw_psl_total_eval(pseudo label 클래스별 총 샘플 수):  [0, 0, 0, 0, 0, 0, 0]
cw_psl_correct_eval(pseudo label 클래스별 맞은 샘플 수):  [0, 0, 0, 0, 0, 0, 0]
psl_acc(PSL 평가에서의 정확도): None 
cw_psl_acc(클래스별 PSL 평가에서의 정확도):  [nan, nan, nan, nan, nan, nan, nan]
**pseudo_label ->  [0.1332, 0.1562, 0.1067, 0.1615, 0.1429, 0.1342, 0.1653] **
max =  0.1653 | max_idx =  6
**pseudo_label ->  [0.1463, 0.1245, 0.1311, 0.1426, 0.1426, 0.1574, 0.1555] **
max =  0.1574 | max_idx =  5
**pseudo_label ->  [0.1475, 0.1324, 0.1478, 0.1443, 0.1483, 0.143, 0.1367] **
max =  0.1483 | max_idx =  4
**pseudo_label ->  [0.142, 0.1305, 0.1432, 0.1486, 0.1249, 0.1544, 0.1564] **
max =  0.1564 | max_idx =  6
**pseudo_label ->  [0.1379, 0.1292, 0.1621, 0.138, 0.1326, 0.1623, 0.1378] **
max =  0.1623 | max_idx =  5
Epoch 34/50, Train Loss: 1.9834, Valid Loss: 1.9330, Train Acc: 0.1429, Val Acc: 0.0261, Test Acc: 0.2971, Test F1: 0.0654, Total Pseudo-Labels: 0, Correct Pseudo-Labels: 0, Train Data Number: 35



line 303 => train data수 35
line 258 => 인스턴스 수 5
Step 170  Tim 2:51:56
acc_train_cw(현재 train의 class별 acc) [0.0, 0.0, 1.0, 0.0, 0.0, 0.0, 0.0]
cw_psl_total_eval(pseudo label 클래스별 총 샘플 수):  [0, 0, 0, 0, 0, 0, 0]
cw_psl_correct_eval(pseudo label 클래스별 맞은 샘플 수):  [0, 0, 0, 0, 0, 0, 0]
psl_acc(PSL 평가에서의 정확도): None 
cw_psl_acc(클래스별 PSL 평가에서의 정확도):  [nan, nan, nan, nan, nan, nan, nan]
**pseudo_label ->  [0.1088, 0.1277, 0.176, 0.1475, 0.1398, 0.1412, 0.159] **
max =  0.176 | max_idx =  2
**pseudo_label ->  [0.1093, 0.1221, 0.1849, 0.1217, 0.1414, 0.1618, 0.1587] **
max =  0.1849 | max_idx =  2
**pseudo_label ->  [0.0992, 0.1352, 0.1715, 0.1306, 0.1307, 0.1512, 0.1816] **
max =  0.1816 | max_idx =  6
**pseudo_label ->  [0.0869, 0.1108, 0.1977, 0.1104, 0.1958, 0.1099, 0.1884] **
max =  0.1977 | max_idx =  2
**pseudo_label ->  [0.1041, 0.1427, 0.1781, 0.1204, 0.1387, 0.1484, 0.1677] **
max =  0.1781 | max_idx =  2
Epoch 35/50, Train Loss: 1.9662, Valid Loss: 1.9703, Train Acc: 0.1429, Val Acc: 0.2280, Test Acc: 0.1230, Test F1: 0.0313, Total Pseudo-Labels: 0, Correct Pseudo-Labels: 0, Train Data Number: 35



line 303 => train data수 35
line 258 => 인스턴스 수 5
Step 175  Tim 2:57:05
acc_train_cw(현재 train의 class별 acc) [0.0, 0.0, 1.0, 0.0, 0.0, 0.0, 0.0]
cw_psl_total_eval(pseudo label 클래스별 총 샘플 수):  [0, 0, 0, 0, 0, 0, 0]
cw_psl_correct_eval(pseudo label 클래스별 맞은 샘플 수):  [0, 0, 0, 0, 0, 0, 0]
psl_acc(PSL 평가에서의 정확도): None 
cw_psl_acc(클래스별 PSL 평가에서의 정확도):  [nan, nan, nan, nan, nan, nan, nan]
**pseudo_label ->  [0.1047, 0.125, 0.1603, 0.1404, 0.1486, 0.1685, 0.1526] **
max =  0.1685 | max_idx =  5
**pseudo_label ->  [0.0956, 0.1196, 0.1735, 0.1395, 0.1329, 0.1745, 0.1644] **
max =  0.1745 | max_idx =  5
**pseudo_label ->  [0.1028, 0.1285, 0.1529, 0.1201, 0.1549, 0.1859, 0.1549] **
max =  0.1859 | max_idx =  5
**pseudo_label ->  [0.0954, 0.1387, 0.1686, 0.1301, 0.1424, 0.174, 0.1507] **
max =  0.174 | max_idx =  5
**pseudo_label ->  [0.0909, 0.1293, 0.1722, 0.1341, 0.1458, 0.1808, 0.1469] **
max =  0.1808 | max_idx =  5
Epoch 36/50, Train Loss: 1.9856, Valid Loss: 1.9623, Train Acc: 0.1429, Val Acc: 0.2280, Test Acc: 0.1230, Test F1: 0.0313, Total Pseudo-Labels: 0, Correct Pseudo-Labels: 0, Train Data Number: 35



line 303 => train data수 35
line 258 => 인스턴스 수 5
Step 180  Tim 3:01:47
acc_train_cw(현재 train의 class별 acc) [0.0, 0.0, 1.0, 0.0, 0.0, 0.0, 0.0]
cw_psl_total_eval(pseudo label 클래스별 총 샘플 수):  [0, 0, 0, 0, 0, 0, 0]
cw_psl_correct_eval(pseudo label 클래스별 맞은 샘플 수):  [0, 0, 0, 0, 0, 0, 0]
psl_acc(PSL 평가에서의 정확도): None 
cw_psl_acc(클래스별 PSL 평가에서의 정확도):  [nan, nan, nan, nan, nan, nan, nan]
**pseudo_label ->  [0.1311, 0.1186, 0.1592, 0.1237, 0.1506, 0.1663, 0.1505] **
max =  0.1663 | max_idx =  5
**pseudo_label ->  [0.1285, 0.1347, 0.1439, 0.1251, 0.1479, 0.1635, 0.1565] **
max =  0.1635 | max_idx =  5
**pseudo_label ->  [0.1095, 0.1324, 0.1662, 0.1419, 0.1471, 0.163, 0.1399] **
max =  0.1662 | max_idx =  2
**pseudo_label ->  [0.1238, 0.1288, 0.1573, 0.1307, 0.1512, 0.1678, 0.1403] **
max =  0.1678 | max_idx =  5
**pseudo_label ->  [0.1233, 0.1235, 0.1505, 0.1325, 0.1415, 0.1768, 0.1519] **
max =  0.1768 | max_idx =  5
Epoch 37/50, Train Loss: 2.0026, Valid Loss: 1.9098, Train Acc: 0.1429, Val Acc: 0.2280, Test Acc: 0.1230, Test F1: 0.0313, Total Pseudo-Labels: 0, Correct Pseudo-Labels: 0, Train Data Number: 35



line 303 => train data수 35
line 258 => 인스턴스 수 5
Step 185  Tim 3:07:24
acc_train_cw(현재 train의 class별 acc) [0.0, 0.0, 1.0, 0.0, 0.0, 0.0, 0.0]
cw_psl_total_eval(pseudo label 클래스별 총 샘플 수):  [0, 0, 0, 0, 0, 0, 0]
cw_psl_correct_eval(pseudo label 클래스별 맞은 샘플 수):  [0, 0, 0, 0, 0, 0, 0]
psl_acc(PSL 평가에서의 정확도): None 
cw_psl_acc(클래스별 PSL 평가에서의 정확도):  [nan, nan, nan, nan, nan, nan, nan]
**pseudo_label ->  [0.1498, 0.1286, 0.1819, 0.1436, 0.1239, 0.1518, 0.1204] **
max =  0.1819 | max_idx =  2
**pseudo_label ->  [0.1691, 0.1317, 0.1783, 0.1526, 0.1554, 0.1071, 0.1058] **
max =  0.1783 | max_idx =  2
**pseudo_label ->  [0.1507, 0.154, 0.1885, 0.1474, 0.1272, 0.1164, 0.1157] **
max =  0.1885 | max_idx =  2
**pseudo_label ->  [0.1517, 0.141, 0.167, 0.1431, 0.1338, 0.135, 0.1284] **
max =  0.167 | max_idx =  2
**pseudo_label ->  [0.1733, 0.1399, 0.1813, 0.1457, 0.1245, 0.1247, 0.1106] **
max =  0.1813 | max_idx =  2
Epoch 38/50, Train Loss: 2.0017, Valid Loss: 1.8833, Train Acc: 0.1429, Val Acc: 0.2280, Test Acc: 0.1230, Test F1: 0.0313, Total Pseudo-Labels: 0, Correct Pseudo-Labels: 0, Train Data Number: 35



line 303 => train data수 35
line 258 => 인스턴스 수 5
Step 190  Tim 3:11:53
acc_train_cw(현재 train의 class별 acc) [0.0, 0.0, 0.0, 1.0, 0.0, 0.0, 0.0]
cw_psl_total_eval(pseudo label 클래스별 총 샘플 수):  [0, 0, 0, 0, 0, 0, 0]
cw_psl_correct_eval(pseudo label 클래스별 맞은 샘플 수):  [0, 0, 0, 0, 0, 0, 0]
psl_acc(PSL 평가에서의 정확도): None 
cw_psl_acc(클래스별 PSL 평가에서의 정확도):  [nan, nan, nan, nan, nan, nan, nan]
**pseudo_label ->  [0.1559, 0.1231, 0.1636, 0.167, 0.1295, 0.1492, 0.1117] **
max =  0.167 | max_idx =  3
**pseudo_label ->  [0.1675, 0.1246, 0.1519, 0.1713, 0.1319, 0.1416, 0.1111] **
max =  0.1713 | max_idx =  3
**pseudo_label ->  [0.1713, 0.1183, 0.1501, 0.1715, 0.1352, 0.141, 0.1126] **
max =  0.1715 | max_idx =  3
**pseudo_label ->  [0.172, 0.1187, 0.1545, 0.1656, 0.1377, 0.1408, 0.1107] **
max =  0.172 | max_idx =  0
**pseudo_label ->  [0.1618, 0.1269, 0.1454, 0.1833, 0.1398, 0.14, 0.1029] **
max =  0.1833 | max_idx =  3
Epoch 39/50, Train Loss: 1.9654, Valid Loss: 1.9553, Train Acc: 0.1429, Val Acc: 0.3876, Test Acc: 0.1619, Test F1: 0.0398, Total Pseudo-Labels: 0, Correct Pseudo-Labels: 0, Train Data Number: 35



line 303 => train data수 35
line 258 => 인스턴스 수 5
Step 195  Tim 3:17:16
acc_train_cw(현재 train의 class별 acc) [0.0, 0.0, 0.0, 0.0, 0.0, 1.0, 0.0]
cw_psl_total_eval(pseudo label 클래스별 총 샘플 수):  [0, 0, 0, 0, 0, 0, 0]
cw_psl_correct_eval(pseudo label 클래스별 맞은 샘플 수):  [0, 0, 0, 0, 0, 0, 0]
psl_acc(PSL 평가에서의 정확도): None 
cw_psl_acc(클래스별 PSL 평가에서의 정확도):  [nan, nan, nan, nan, nan, nan, nan]
**pseudo_label ->  [0.1357, 0.1515, 0.1197, 0.1744, 0.1347, 0.1691, 0.1149] **
max =  0.1744 | max_idx =  3
**pseudo_label ->  [0.1451, 0.1607, 0.1173, 0.1716, 0.1283, 0.1625, 0.1146] **
max =  0.1716 | max_idx =  3
**pseudo_label ->  [0.1549, 0.1844, 0.1246, 0.151, 0.1218, 0.1448, 0.1183] **
max =  0.1844 | max_idx =  1
**pseudo_label ->  [0.1358, 0.1524, 0.1174, 0.1677, 0.1371, 0.158, 0.1316] **
max =  0.1677 | max_idx =  3
**pseudo_label ->  [0.138, 0.1534, 0.1165, 0.1736, 0.1273, 0.18, 0.1113] **
max =  0.18 | max_idx =  5
Epoch 40/50, Train Loss: 1.9876, Valid Loss: 2.0445, Train Acc: 0.1429, Val Acc: 0.0261, Test Acc: 0.2971, Test F1: 0.0654, Total Pseudo-Labels: 0, Correct Pseudo-Labels: 0, Train Data Number: 35



line 303 => train data수 35
line 258 => 인스턴스 수 5
Step 200  Tim 3:22:08
acc_train_cw(현재 train의 class별 acc) [0.0, 1.0, 0.0, 0.0, 0.0, 0.0, 0.0]
cw_psl_total_eval(pseudo label 클래스별 총 샘플 수):  [0, 0, 0, 0, 0, 0, 0]
cw_psl_correct_eval(pseudo label 클래스별 맞은 샘플 수):  [0, 0, 0, 0, 0, 0, 0]
psl_acc(PSL 평가에서의 정확도): None 
cw_psl_acc(클래스별 PSL 평가에서의 정확도):  [nan, nan, nan, nan, nan, nan, nan]
**pseudo_label ->  [0.1154, 0.153, 0.12, 0.1234, 0.1583, 0.1575, 0.1724] **
max =  0.1724 | max_idx =  6
**pseudo_label ->  [0.1237, 0.1743, 0.1213, 0.1322, 0.1457, 0.1536, 0.1491] **
max =  0.1743 | max_idx =  1
**pseudo_label ->  [0.1221, 0.1634, 0.1217, 0.1242, 0.1543, 0.1742, 0.1401] **
max =  0.1742 | max_idx =  5
**pseudo_label ->  [0.1156, 0.1764, 0.1361, 0.1131, 0.138, 0.1587, 0.1621] **
max =  0.1764 | max_idx =  1
**pseudo_label ->  [0.1181, 0.1798, 0.1141, 0.1262, 0.1345, 0.1574, 0.17] **
max =  0.1798 | max_idx =  1
Epoch 41/50, Train Loss: 1.9530, Valid Loss: 1.9917, Train Acc: 0.1429, Val Acc: 0.0065, Test Acc: 0.2787, Test F1: 0.0623, Total Pseudo-Labels: 0, Correct Pseudo-Labels: 0, Train Data Number: 35



line 303 => train data수 35
line 258 => 인스턴스 수 5
Step 205  Tim 3:27:11
acc_train_cw(현재 train의 class별 acc) [0.0, 0.0, 0.0, 0.0, 0.0, 0.0, 1.0]
cw_psl_total_eval(pseudo label 클래스별 총 샘플 수):  [0, 0, 0, 0, 0, 0, 0]
cw_psl_correct_eval(pseudo label 클래스별 맞은 샘플 수):  [0, 0, 0, 0, 0, 0, 0]
psl_acc(PSL 평가에서의 정확도): None 
cw_psl_acc(클래스별 PSL 평가에서의 정확도):  [nan, nan, nan, nan, nan, nan, nan]
**pseudo_label ->  [0.1296, 0.1672, 0.107, 0.1285, 0.1468, 0.134, 0.187] **
max =  0.187 | max_idx =  6
**pseudo_label ->  [0.1075, 0.1534, 0.1213, 0.1422, 0.1599, 0.123, 0.1928] **
max =  0.1928 | max_idx =  6
**pseudo_label ->  [0.1328, 0.1607, 0.1088, 0.127, 0.1435, 0.1327, 0.1946] **
max =  0.1946 | max_idx =  6
**pseudo_label ->  [0.0835, 0.1839, 0.1103, 0.1128, 0.1837, 0.1152, 0.2106] **
max =  0.2106 | max_idx =  6
**pseudo_label ->  [0.1292, 0.1557, 0.1142, 0.1416, 0.1669, 0.1278, 0.1647] **
max =  0.1669 | max_idx =  4
Epoch 42/50, Train Loss: 2.0031, Valid Loss: 1.8560, Train Acc: 0.1429, Val Acc: 0.1173, Test Acc: 0.0184, Test F1: 0.0052, Total Pseudo-Labels: 0, Correct Pseudo-Labels: 0, Train Data Number: 35



line 303 => train data수 35
line 258 => 인스턴스 수 5
Step 210  Tim 3:32:31
acc_train_cw(현재 train의 class별 acc) [0.0, 0.0, 0.0, 1.0, 0.0, 0.0, 0.0]
cw_psl_total_eval(pseudo label 클래스별 총 샘플 수):  [0, 0, 0, 0, 0, 0, 0]
cw_psl_correct_eval(pseudo label 클래스별 맞은 샘플 수):  [0, 0, 0, 0, 0, 0, 0]
psl_acc(PSL 평가에서의 정확도): None 
cw_psl_acc(클래스별 PSL 평가에서의 정확도):  [nan, nan, nan, nan, nan, nan, nan]
**pseudo_label ->  [0.1364, 0.1264, 0.1151, 0.1836, 0.172, 0.1017, 0.1649] **
max =  0.1836 | max_idx =  3
**pseudo_label ->  [0.1462, 0.1252, 0.1281, 0.1715, 0.163, 0.1075, 0.1585] **
max =  0.1715 | max_idx =  3
**pseudo_label ->  [0.1318, 0.1328, 0.1359, 0.1772, 0.1654, 0.108, 0.1491] **
max =  0.1772 | max_idx =  3
**pseudo_label ->  [0.148, 0.1268, 0.1263, 0.1589, 0.1644, 0.1132, 0.1623] **
max =  0.1644 | max_idx =  4
**pseudo_label ->  [0.1196, 0.0753, 0.1, 0.2305, 0.2147, 0.0723, 0.1875] **
max =  0.2305 | max_idx =  3
Epoch 43/50, Train Loss: 1.9898, Valid Loss: 1.8703, Train Acc: 0.1429, Val Acc: 0.3876, Test Acc: 0.1619, Test F1: 0.0398, Total Pseudo-Labels: 0, Correct Pseudo-Labels: 0, Train Data Number: 35



line 303 => train data수 35
line 258 => 인스턴스 수 5
Step 215  Tim 3:37:19
acc_train_cw(현재 train의 class별 acc) [0.0, 0.0, 0.0, 1.0, 0.0, 0.0, 0.0]
cw_psl_total_eval(pseudo label 클래스별 총 샘플 수):  [0, 0, 0, 0, 0, 0, 0]
cw_psl_correct_eval(pseudo label 클래스별 맞은 샘플 수):  [0, 0, 0, 0, 0, 0, 0]
psl_acc(PSL 평가에서의 정확도): None 
cw_psl_acc(클래스별 PSL 평가에서의 정확도):  [nan, nan, nan, nan, nan, nan, nan]
**pseudo_label ->  [0.1373, 0.1322, 0.1515, 0.1758, 0.1429, 0.1049, 0.1554] **
max =  0.1758 | max_idx =  3
**pseudo_label ->  [0.1521, 0.1194, 0.1363, 0.2179, 0.1671, 0.1044, 0.1029] **
max =  0.2179 | max_idx =  3
**pseudo_label ->  [0.1691, 0.1527, 0.1331, 0.1711, 0.1309, 0.1031, 0.14] **
max =  0.1711 | max_idx =  3
**pseudo_label ->  [0.15, 0.1405, 0.1388, 0.183, 0.1338, 0.1039, 0.1499] **
max =  0.183 | max_idx =  3
**pseudo_label ->  [0.1712, 0.1267, 0.1334, 0.1741, 0.1497, 0.0999, 0.1451] **
max =  0.1741 | max_idx =  3
Epoch 44/50, Train Loss: 2.0297, Valid Loss: 1.9272, Train Acc: 0.1429, Val Acc: 0.3876, Test Acc: 0.1619, Test F1: 0.0398, Total Pseudo-Labels: 0, Correct Pseudo-Labels: 0, Train Data Number: 35



line 303 => train data수 35
line 258 => 인스턴스 수 5
Step 220  Tim 3:42:29
acc_train_cw(현재 train의 class별 acc) [1.0, 0.0, 0.0, 0.0, 0.0, 0.0, 0.0]
cw_psl_total_eval(pseudo label 클래스별 총 샘플 수):  [0, 0, 0, 0, 0, 0, 0]
cw_psl_correct_eval(pseudo label 클래스별 맞은 샘플 수):  [0, 0, 0, 0, 0, 0, 0]
psl_acc(PSL 평가에서의 정확도): None 
cw_psl_acc(클래스별 PSL 평가에서의 정확도):  [nan, nan, nan, nan, nan, nan, nan]
**pseudo_label ->  [0.1707, 0.131, 0.1524, 0.1647, 0.1259, 0.1411, 0.1142] **
max =  0.1707 | max_idx =  0
**pseudo_label ->  [0.1817, 0.151, 0.1536, 0.157, 0.1034, 0.1379, 0.1153] **
max =  0.1817 | max_idx =  0
**pseudo_label ->  [0.1794, 0.1335, 0.161, 0.1649, 0.0959, 0.1419, 0.1234] **
max =  0.1794 | max_idx =  0
**pseudo_label ->  [0.1761, 0.1411, 0.1309, 0.1756, 0.1078, 0.1484, 0.1201] **
max =  0.1761 | max_idx =  0
**pseudo_label ->  [0.1663, 0.1278, 0.1329, 0.1665, 0.1096, 0.1619, 0.135] **
max =  0.1665 | max_idx =  3
Epoch 45/50, Train Loss: 1.9944, Valid Loss: 2.0058, Train Acc: 0.1429, Val Acc: 0.0912, Test Acc: 0.0779, Test F1: 0.0206, Total Pseudo-Labels: 0, Correct Pseudo-Labels: 0, Train Data Number: 35



line 303 => train data수 35
line 258 => 인스턴스 수 5
Step 225  Tim 3:47:27
acc_train_cw(현재 train의 class별 acc) [0.0, 0.0, 1.0, 0.0, 0.0, 0.0, 0.0]
cw_psl_total_eval(pseudo label 클래스별 총 샘플 수):  [0, 0, 0, 0, 0, 0, 0]
cw_psl_correct_eval(pseudo label 클래스별 맞은 샘플 수):  [0, 0, 0, 0, 0, 0, 0]
psl_acc(PSL 평가에서의 정확도): None 
cw_psl_acc(클래스별 PSL 평가에서의 정확도):  [nan, nan, nan, nan, nan, nan, nan]
**pseudo_label ->  [0.1516, 0.1498, 0.1773, 0.1392, 0.102, 0.1732, 0.1068] **
max =  0.1773 | max_idx =  2
**pseudo_label ->  [0.1303, 0.2169, 0.233, 0.1492, 0.0607, 0.1575, 0.0524] **
max =  0.233 | max_idx =  2
**pseudo_label ->  [0.1279, 0.1681, 0.2034, 0.1273, 0.0984, 0.1716, 0.1034] **
max =  0.2034 | max_idx =  2
**pseudo_label ->  [0.1401, 0.1626, 0.1873, 0.1326, 0.1092, 0.1645, 0.1036] **
max =  0.1873 | max_idx =  2
**pseudo_label ->  [0.1598, 0.1551, 0.1661, 0.1346, 0.0968, 0.1713, 0.1161] **
max =  0.1713 | max_idx =  5
Epoch 46/50, Train Loss: 2.0029, Valid Loss: 1.9787, Train Acc: 0.1429, Val Acc: 0.2280, Test Acc: 0.1230, Test F1: 0.0313, Total Pseudo-Labels: 0, Correct Pseudo-Labels: 0, Train Data Number: 35



line 303 => train data수 35
line 258 => 인스턴스 수 5
Step 230  Tim 3:52:33
acc_train_cw(현재 train의 class별 acc) [0.0, 0.0, 0.0, 0.0, 0.0, 1.0, 0.0]
cw_psl_total_eval(pseudo label 클래스별 총 샘플 수):  [0, 0, 0, 0, 0, 0, 0]
cw_psl_correct_eval(pseudo label 클래스별 맞은 샘플 수):  [0, 0, 0, 0, 0, 0, 0]
psl_acc(PSL 평가에서의 정확도): None 
cw_psl_acc(클래스별 PSL 평가에서의 정확도):  [nan, nan, nan, nan, nan, nan, nan]
**pseudo_label ->  [0.1291, 0.1558, 0.1488, 0.1554, 0.1023, 0.182, 0.1267] **
max =  0.182 | max_idx =  5
**pseudo_label ->  [0.1207, 0.1475, 0.1547, 0.1533, 0.1162, 0.1753, 0.1323] **
max =  0.1753 | max_idx =  5
**pseudo_label ->  [0.1308, 0.1666, 0.1514, 0.1334, 0.1114, 0.1721, 0.1344] **
max =  0.1721 | max_idx =  5
**pseudo_label ->  [0.1259, 0.1618, 0.1567, 0.1449, 0.0994, 0.1888, 0.1225] **
max =  0.1888 | max_idx =  5
**pseudo_label ->  [0.1299, 0.1478, 0.1512, 0.135, 0.1122, 0.183, 0.1409] **
max =  0.183 | max_idx =  5
Epoch 47/50, Train Loss: 1.9915, Valid Loss: 1.9377, Train Acc: 0.1429, Val Acc: 0.0261, Test Acc: 0.2971, Test F1: 0.0654, Total Pseudo-Labels: 0, Correct Pseudo-Labels: 0, Train Data Number: 35



line 303 => train data수 35
line 258 => 인스턴스 수 5
Step 235  Tim 3:57:25
acc_train_cw(현재 train의 class별 acc) [0.0, 0.0, 0.0, 0.0, 0.0, 0.0, 1.0]
cw_psl_total_eval(pseudo label 클래스별 총 샘플 수):  [0, 0, 0, 0, 0, 0, 0]
cw_psl_correct_eval(pseudo label 클래스별 맞은 샘플 수):  [0, 0, 0, 0, 0, 0, 0]
psl_acc(PSL 평가에서의 정확도): None 
cw_psl_acc(클래스별 PSL 평가에서의 정확도):  [nan, nan, nan, nan, nan, nan, nan]
**pseudo_label ->  [0.1258, 0.145, 0.1484, 0.1455, 0.1401, 0.1338, 0.1615] **
max =  0.1615 | max_idx =  6
**pseudo_label ->  [0.1179, 0.1542, 0.1524, 0.1211, 0.145, 0.1382, 0.1711] **
max =  0.1711 | max_idx =  6
**pseudo_label ->  [0.1194, 0.1452, 0.1487, 0.1486, 0.1283, 0.1419, 0.1678] **
max =  0.1678 | max_idx =  6
**pseudo_label ->  [0.1393, 0.1439, 0.1353, 0.1479, 0.1376, 0.1387, 0.1573] **
max =  0.1573 | max_idx =  6
**pseudo_label ->  [0.1195, 0.1453, 0.1476, 0.1532, 0.14, 0.1406, 0.1539] **
max =  0.1539 | max_idx =  6
Epoch 48/50, Train Loss: 1.9854, Valid Loss: 2.0295, Train Acc: 0.1429, Val Acc: 0.1173, Test Acc: 0.0184, Test F1: 0.0052, Total Pseudo-Labels: 0, Correct Pseudo-Labels: 0, Train Data Number: 35



line 303 => train data수 35
line 258 => 인스턴스 수 5
Step 240  Tim 4:02:46
acc_train_cw(현재 train의 class별 acc) [0.0, 0.0, 0.0, 0.0, 0.0, 0.0, 1.0]
cw_psl_total_eval(pseudo label 클래스별 총 샘플 수):  [0, 0, 0, 0, 0, 0, 0]
cw_psl_correct_eval(pseudo label 클래스별 맞은 샘플 수):  [0, 0, 0, 0, 0, 0, 0]
psl_acc(PSL 평가에서의 정확도): None 
cw_psl_acc(클래스별 PSL 평가에서의 정확도):  [nan, nan, nan, nan, nan, nan, nan]
**pseudo_label ->  [0.1328, 0.1629, 0.1297, 0.1108, 0.148, 0.1422, 0.1736] **
max =  0.1736 | max_idx =  6
**pseudo_label ->  [0.1372, 0.1541, 0.1303, 0.1081, 0.1703, 0.1442, 0.1558] **
max =  0.1703 | max_idx =  4
**pseudo_label ->  [0.1253, 0.1496, 0.1395, 0.111, 0.1531, 0.1288, 0.1927] **
max =  0.1927 | max_idx =  6
**pseudo_label ->  [0.1279, 0.1395, 0.149, 0.1205, 0.1561, 0.1224, 0.1846] **
max =  0.1846 | max_idx =  6
**pseudo_label ->  [0.1253, 0.1467, 0.1316, 0.1039, 0.1642, 0.1346, 0.1937] **
max =  0.1937 | max_idx =  6
Epoch 49/50, Train Loss: 1.9800, Valid Loss: 2.0379, Train Acc: 0.1429, Val Acc: 0.1173, Test Acc: 0.0184, Test F1: 0.0052, Total Pseudo-Labels: 0, Correct Pseudo-Labels: 0, Train Data Number: 35



line 303 => train data수 35
line 258 => 인스턴스 수 5
Step 245  Tim 4:07:28
acc_train_cw(현재 train의 class별 acc) [0.0, 1.0, 0.0, 0.0, 0.0, 0.0, 0.0]
cw_psl_total_eval(pseudo label 클래스별 총 샘플 수):  [0, 0, 0, 0, 0, 0, 0]
cw_psl_correct_eval(pseudo label 클래스별 맞은 샘플 수):  [0, 0, 0, 0, 0, 0, 0]
psl_acc(PSL 평가에서의 정확도): None 
cw_psl_acc(클래스별 PSL 평가에서의 정확도):  [nan, nan, nan, nan, nan, nan, nan]
**pseudo_label ->  [0.1543, 0.1532, 0.1365, 0.1103, 0.1494, 0.1319, 0.1645] **
max =  0.1645 | max_idx =  6
**pseudo_label ->  [0.1458, 0.1522, 0.1442, 0.1221, 0.1419, 0.1422, 0.1518] **
max =  0.1522 | max_idx =  1
**pseudo_label ->  [0.1423, 0.1416, 0.1301, 0.1116, 0.1517, 0.1639, 0.1588] **
max =  0.1639 | max_idx =  5
**pseudo_label ->  [0.1459, 0.1416, 0.1437, 0.1215, 0.1505, 0.1498, 0.1469] **
max =  0.1505 | max_idx =  4
**pseudo_label ->  [0.1419, 0.1644, 0.1472, 0.105, 0.1391, 0.153, 0.1493] **
max =  0.1644 | max_idx =  1
Epoch 50/50, Train Loss: 1.9926, Valid Loss: 1.9756, Train Acc: 0.1429, Val Acc: 0.0065, Test Acc: 0.2787, Test F1: 0.0623, Total Pseudo-Labels: 0, Correct Pseudo-Labels: 0, Train Data Number: 35

Training complete!
Total training took 4:12:15 (h:mm:ss)
Load model from ./experiment/python_extended_data/output/5_codebert-base_0.00035_0.7_python_extended_data_net0.pth
Save training statistics in:  ./experiment/python_extended_data/log/codebert/class5//5_codebert-base_0.00035_0.7_python_extended_data/training_statistics.csv

best_trian_loss, epoch => 1.9494221210479736 1
Epoch-1_train_loss => 1.9494221210479736
max_epoch_train_loss => 1.9926422595977784 


best_val_loss, epoch =>  1.8412278684808687 15
Epoch-1_val_loss => 2.116373474318352
max_epoch_val_loss => 1.9755861219443405 

pse_epoch =>  []
추가되는 pse_epoch =>  [] 

total_data:  35 
Best_step:  0 
Best_epoch:  0 
best_val_acc:  0.38762214983713356 
best_test_acc:  0.16598360655737704 
best_test_f1:  0.048570439500660555
Save best record in:  ./experiment/python_extended_data/log/codebert/class5/summary.csv
Save best record in:  ./experiment/python_extended_data/log/summary_avgrun.csv
