current work directory:  /home/imsuhan22/few-shot-tc/custom_ssl/code
Data set -> java_extended_data
save_name: 5_codebert-base_0.0003_0.7_java_extended_data

data_path:  ../data/problem_based_split/java_extended_data

There are 2 GPU(s) available.
We will use the GPU- 0 Quadro RTX 8000

**line 147 모델 =>  microsoft/codebert-base
**tokenizer type =  microsoft/codebert-base 

pesudo label class개수 기준 -> 5
n_labeled_per_class:  5
train_df samples: 3851
train_labeled_df samples: 35
train_unlabeled_df samples: 3816
n_classes:  7 


net_arch:  microsoft/codebert-base 
lr:  0.0003 
lr_linear:  0.001 




line 303 => train data수 35
line 258 => 인스턴스 수 5
Step 0  Tim 0:00:17
acc_train_cw(현재 train의 class별 acc) [0.0, 0.0, 0.0, 0.0, 0.0, 1.0, 0.0]
cw_psl_total_eval(pseudo label 클래스별 총 샘플 수):  [0, 0, 0, 0, 0, 0, 0]
cw_psl_correct_eval(pseudo label 클래스별 맞은 샘플 수):  [0, 0, 0, 0, 0, 0, 0]
psl_acc(PSL 평가에서의 정확도): None 
cw_psl_acc(클래스별 PSL 평가에서의 정확도):  [nan, nan, nan, nan, nan, nan, nan]
**pseudo_label ->  [0.1336, 0.1177, 0.1151, 0.1354, 0.1658, 0.1949, 0.1374] **
max =  0.1949 | max_idx =  5
**pseudo_label ->  [0.1282, 0.1233, 0.1111, 0.1798, 0.162, 0.1647, 0.1308] **
max =  0.1798 | max_idx =  3
**pseudo_label ->  [0.117, 0.1278, 0.1203, 0.1518, 0.172, 0.1913, 0.1199] **
max =  0.1913 | max_idx =  5
**pseudo_label ->  [0.1282, 0.1518, 0.1398, 0.1224, 0.1541, 0.1764, 0.1274] **
max =  0.1764 | max_idx =  5
**pseudo_label ->  [0.1189, 0.1399, 0.1158, 0.1571, 0.156, 0.1838, 0.1286] **
max =  0.1838 | max_idx =  5
Epoch 1/50, Train Loss: 2.1646, Valid Loss: 1.9624, Train Acc: 0.1429, Val Acc: 0.0000, Test Acc: 0.3669, Test F1: 0.0767, Total Pseudo-Labels: 0, Correct Pseudo-Labels: 0, Train Data Number: 35



line 303 => train data수 35
line 258 => 인스턴스 수 5
Step 5  Tim 0:01:49
acc_train_cw(현재 train의 class별 acc) [1.0, 0.0, 0.0, 0.0, 0.0, 0.0, 0.0]
cw_psl_total_eval(pseudo label 클래스별 총 샘플 수):  [0, 0, 0, 0, 0, 0, 0]
cw_psl_correct_eval(pseudo label 클래스별 맞은 샘플 수):  [0, 0, 0, 0, 0, 0, 0]
psl_acc(PSL 평가에서의 정확도): None 
cw_psl_acc(클래스별 PSL 평가에서의 정확도):  [nan, nan, nan, nan, nan, nan, nan]
***best_acc_model_save --- epoch = 2***
Save model to ./experiment/java_extended_data/output/
**pseudo_label ->  [0.1742, 0.1474, 0.1769, 0.1037, 0.1464, 0.0718, 0.1795] **
max =  0.1795 | max_idx =  6
**pseudo_label ->  [0.1987, 0.122, 0.1344, 0.1431, 0.1297, 0.1078, 0.1643] **
max =  0.1987 | max_idx =  0
**pseudo_label ->  [0.2015, 0.1179, 0.1329, 0.163, 0.1442, 0.0937, 0.1468] **
max =  0.2015 | max_idx =  0
**pseudo_label ->  [0.2098, 0.1255, 0.125, 0.1414, 0.1299, 0.1089, 0.1594] **
max =  0.2098 | max_idx =  0
**pseudo_label ->  [0.2028, 0.1291, 0.126, 0.1393, 0.1347, 0.0934, 0.1747] **
max =  0.2028 | max_idx =  0
Epoch 2/50, Train Loss: 2.0205, Valid Loss: 1.9418, Train Acc: 0.1429, Val Acc: 0.0981, Test Acc: 0.1342, Test F1: 0.0338, Total Pseudo-Labels: 0, Correct Pseudo-Labels: 0, Train Data Number: 35



line 303 => train data수 35
line 258 => 인스턴스 수 5
Step 10  Tim 0:03:23
acc_train_cw(현재 train의 class별 acc) [0.0, 0.0, 0.0, 1.0, 0.0, 0.0, 0.0]
cw_psl_total_eval(pseudo label 클래스별 총 샘플 수):  [0, 0, 0, 0, 0, 0, 0]
cw_psl_correct_eval(pseudo label 클래스별 맞은 샘플 수):  [0, 0, 0, 0, 0, 0, 0]
psl_acc(PSL 평가에서의 정확도): None 
cw_psl_acc(클래스별 PSL 평가에서의 정확도):  [nan, nan, nan, nan, nan, nan, nan]
***best_acc_model_save --- epoch = 3***
Save model to ./experiment/java_extended_data/output/
**pseudo_label ->  [0.1591, 0.1285, 0.1602, 0.1772, 0.1153, 0.1051, 0.1548] **
max =  0.1772 | max_idx =  3
**pseudo_label ->  [0.1566, 0.1365, 0.1532, 0.1664, 0.1159, 0.1274, 0.144] **
max =  0.1664 | max_idx =  3
**pseudo_label ->  [0.1413, 0.133, 0.1569, 0.1862, 0.1255, 0.115, 0.1421] **
max =  0.1862 | max_idx =  3
**pseudo_label ->  [0.1775, 0.1177, 0.165, 0.1575, 0.1065, 0.1256, 0.1503] **
max =  0.1775 | max_idx =  0
**pseudo_label ->  [0.1657, 0.1403, 0.1352, 0.1844, 0.1046, 0.1191, 0.1507] **
max =  0.1844 | max_idx =  3
Epoch 3/50, Train Loss: 2.0228, Valid Loss: 1.9135, Train Acc: 0.1429, Val Acc: 0.2064, Test Acc: 0.0425, Test F1: 0.0116, Total Pseudo-Labels: 0, Correct Pseudo-Labels: 0, Train Data Number: 35



line 303 => train data수 35
line 258 => 인스턴스 수 5
Step 15  Tim 0:05:08
acc_train_cw(현재 train의 class별 acc) [0.0, 0.0, 1.0, 0.0, 0.0, 0.0, 0.0]
cw_psl_total_eval(pseudo label 클래스별 총 샘플 수):  [0, 0, 0, 0, 0, 0, 0]
cw_psl_correct_eval(pseudo label 클래스별 맞은 샘플 수):  [0, 0, 0, 0, 0, 0, 0]
psl_acc(PSL 평가에서의 정확도): None 
cw_psl_acc(클래스별 PSL 평가에서의 정확도):  [nan, nan, nan, nan, nan, nan, nan]
***best_acc_model_save --- epoch = 4***
Save model to ./experiment/java_extended_data/output/
**pseudo_label ->  [0.1351, 0.1463, 0.1806, 0.1128, 0.1577, 0.1581, 0.1094] **
max =  0.1806 | max_idx =  2
**pseudo_label ->  [0.154, 0.1631, 0.1959, 0.1159, 0.1441, 0.1443, 0.0827] **
max =  0.1959 | max_idx =  2
**pseudo_label ->  [0.1058, 0.1547, 0.2554, 0.0885, 0.162, 0.1529, 0.0806] **
max =  0.2554 | max_idx =  2
**pseudo_label ->  [0.1204, 0.1561, 0.1628, 0.1325, 0.154, 0.1656, 0.1085] **
max =  0.1656 | max_idx =  5
**pseudo_label ->  [0.1451, 0.1511, 0.1514, 0.1214, 0.1674, 0.1782, 0.0853] **
max =  0.1782 | max_idx =  5
Epoch 4/50, Train Loss: 2.0155, Valid Loss: 1.9356, Train Acc: 0.1429, Val Acc: 0.2115, Test Acc: 0.1544, Test F1: 0.0382, Total Pseudo-Labels: 0, Correct Pseudo-Labels: 0, Train Data Number: 35



line 303 => train data수 35
line 258 => 인스턴스 수 5
Step 20  Tim 0:06:54
acc_train_cw(현재 train의 class별 acc) [0.0, 1.0, 0.0, 0.0, 0.0, 0.0, 0.0]
cw_psl_total_eval(pseudo label 클래스별 총 샘플 수):  [0, 0, 0, 0, 0, 0, 0]
cw_psl_correct_eval(pseudo label 클래스별 맞은 샘플 수):  [0, 0, 0, 0, 0, 0, 0]
psl_acc(PSL 평가에서의 정확도): None 
cw_psl_acc(클래스별 PSL 평가에서의 정확도):  [nan, nan, nan, nan, nan, nan, nan]
**pseudo_label ->  [0.1208, 0.1696, 0.1373, 0.1289, 0.1672, 0.1378, 0.1384] **
max =  0.1696 | max_idx =  1
**pseudo_label ->  [0.1093, 0.1792, 0.1377, 0.1283, 0.1572, 0.1341, 0.1541] **
max =  0.1792 | max_idx =  1
**pseudo_label ->  [0.1208, 0.1671, 0.1271, 0.127, 0.1689, 0.1318, 0.1574] **
max =  0.1689 | max_idx =  4
**pseudo_label ->  [0.1242, 0.1587, 0.1293, 0.1493, 0.143, 0.1483, 0.1472] **
max =  0.1587 | max_idx =  1
**pseudo_label ->  [0.1222, 0.1773, 0.112, 0.144, 0.1511, 0.1401, 0.1534] **
max =  0.1773 | max_idx =  1
Epoch 5/50, Train Loss: 1.9945, Valid Loss: 1.9536, Train Acc: 0.1429, Val Acc: 0.1997, Test Acc: 0.0604, Test F1: 0.0163, Total Pseudo-Labels: 0, Correct Pseudo-Labels: 0, Train Data Number: 35



line 303 => train data수 35
line 258 => 인스턴스 수 5
Step 25  Tim 0:08:28
acc_train_cw(현재 train의 class별 acc) [0.0, 0.0, 0.0, 0.0, 1.0, 0.0, 0.0]
cw_psl_total_eval(pseudo label 클래스별 총 샘플 수):  [0, 0, 0, 0, 0, 0, 0]
cw_psl_correct_eval(pseudo label 클래스별 맞은 샘플 수):  [0, 0, 0, 0, 0, 0, 0]
psl_acc(PSL 평가에서의 정확도): None 
cw_psl_acc(클래스별 PSL 평가에서의 정확도):  [nan, nan, nan, nan, nan, nan, nan]
***best_acc_model_save --- epoch = 6***
Save model to ./experiment/java_extended_data/output/
**pseudo_label ->  [0.1341, 0.1391, 0.1423, 0.1309, 0.1589, 0.1402, 0.1545] **
max =  0.1589 | max_idx =  4
**pseudo_label ->  [0.1391, 0.1465, 0.1353, 0.1236, 0.1671, 0.1373, 0.1511] **
max =  0.1671 | max_idx =  4
**pseudo_label ->  [0.1415, 0.1511, 0.1285, 0.1121, 0.1643, 0.1385, 0.164] **
max =  0.1643 | max_idx =  4
**pseudo_label ->  [0.1318, 0.1355, 0.1342, 0.1152, 0.1672, 0.1577, 0.1584] **
max =  0.1672 | max_idx =  4
**pseudo_label ->  [0.1341, 0.1504, 0.1322, 0.1225, 0.1612, 0.1443, 0.1554] **
max =  0.1612 | max_idx =  4
Epoch 6/50, Train Loss: 1.9891, Valid Loss: 1.9213, Train Acc: 0.1429, Val Acc: 0.2843, Test Acc: 0.2282, Test F1: 0.0531, Total Pseudo-Labels: 0, Correct Pseudo-Labels: 0, Train Data Number: 35



line 303 => train data수 35
line 258 => 인스턴스 수 5
Step 30  Tim 0:10:13
acc_train_cw(현재 train의 class별 acc) [0.0, 0.0, 1.0, 0.0, 0.0, 0.0, 0.0]
cw_psl_total_eval(pseudo label 클래스별 총 샘플 수):  [0, 0, 0, 0, 0, 0, 0]
cw_psl_correct_eval(pseudo label 클래스별 맞은 샘플 수):  [0, 0, 0, 0, 0, 0, 0]
psl_acc(PSL 평가에서의 정확도): None 
cw_psl_acc(클래스별 PSL 평가에서의 정확도):  [nan, nan, nan, nan, nan, nan, nan]
**pseudo_label ->  [0.1308, 0.1537, 0.1518, 0.15, 0.1435, 0.1348, 0.1354] **
max =  0.1537 | max_idx =  1
**pseudo_label ->  [0.1054, 0.1329, 0.1898, 0.1288, 0.1497, 0.151, 0.1423] **
max =  0.1898 | max_idx =  2
**pseudo_label ->  [0.146, 0.1385, 0.1565, 0.1419, 0.1497, 0.1435, 0.124] **
max =  0.1565 | max_idx =  2
**pseudo_label ->  [0.1409, 0.0692, 0.1528, 0.2397, 0.113, 0.1723, 0.1121] **
max =  0.2397 | max_idx =  3
**pseudo_label ->  [0.1459, 0.134, 0.1633, 0.1499, 0.1468, 0.1382, 0.122] **
max =  0.1633 | max_idx =  2
Epoch 7/50, Train Loss: 1.9682, Valid Loss: 1.9838, Train Acc: 0.1429, Val Acc: 0.2115, Test Acc: 0.1544, Test F1: 0.0382, Total Pseudo-Labels: 0, Correct Pseudo-Labels: 0, Train Data Number: 35



line 303 => train data수 35
line 258 => 인스턴스 수 5
Step 35  Tim 0:11:47
acc_train_cw(현재 train의 class별 acc) [1.0, 0.0, 0.0, 0.0, 0.0, 0.0, 0.0]
cw_psl_total_eval(pseudo label 클래스별 총 샘플 수):  [0, 0, 0, 0, 0, 0, 0]
cw_psl_correct_eval(pseudo label 클래스별 맞은 샘플 수):  [0, 0, 0, 0, 0, 0, 0]
psl_acc(PSL 평가에서의 정확도): None 
cw_psl_acc(클래스별 PSL 평가에서의 정확도):  [nan, nan, nan, nan, nan, nan, nan]
**pseudo_label ->  [0.157, 0.1353, 0.1408, 0.1539, 0.1253, 0.1446, 0.1432] **
max =  0.157 | max_idx =  0
**pseudo_label ->  [0.2103, 0.0607, 0.11, 0.1949, 0.0874, 0.2169, 0.1198] **
max =  0.2169 | max_idx =  5
**pseudo_label ->  [0.1796, 0.1409, 0.1356, 0.1516, 0.1204, 0.1444, 0.1274] **
max =  0.1796 | max_idx =  0
**pseudo_label ->  [0.1798, 0.1297, 0.1279, 0.1581, 0.1212, 0.1482, 0.1351] **
max =  0.1798 | max_idx =  0
**pseudo_label ->  [0.1493, 0.131, 0.1348, 0.1468, 0.1347, 0.1539, 0.1496] **
max =  0.1539 | max_idx =  5
Epoch 8/50, Train Loss: 1.9703, Valid Loss: 1.9460, Train Acc: 0.1429, Val Acc: 0.0981, Test Acc: 0.1342, Test F1: 0.0338, Total Pseudo-Labels: 0, Correct Pseudo-Labels: 0, Train Data Number: 35



line 303 => train data수 35
line 258 => 인스턴스 수 5
Step 40  Tim 0:13:20
acc_train_cw(현재 train의 class별 acc) [0.0, 1.0, 0.0, 0.0, 0.0, 0.0, 0.0]
cw_psl_total_eval(pseudo label 클래스별 총 샘플 수):  [0, 0, 0, 0, 0, 0, 0]
cw_psl_correct_eval(pseudo label 클래스별 맞은 샘플 수):  [0, 0, 0, 0, 0, 0, 0]
psl_acc(PSL 평가에서의 정확도): None 
cw_psl_acc(클래스별 PSL 평가에서의 정확도):  [nan, nan, nan, nan, nan, nan, nan]
**pseudo_label ->  [0.1163, 0.1647, 0.1758, 0.1237, 0.1328, 0.13, 0.1568] **
max =  0.1758 | max_idx =  2
**pseudo_label ->  [0.1506, 0.1696, 0.1421, 0.1422, 0.1312, 0.1315, 0.1328] **
max =  0.1696 | max_idx =  1
**pseudo_label ->  [0.1345, 0.1677, 0.144, 0.1419, 0.1212, 0.1414, 0.1493] **
max =  0.1677 | max_idx =  1
**pseudo_label ->  [0.1386, 0.1833, 0.166, 0.1417, 0.1186, 0.1306, 0.1211] **
max =  0.1833 | max_idx =  1
**pseudo_label ->  [0.1343, 0.1675, 0.1452, 0.1271, 0.1314, 0.143, 0.1515] **
max =  0.1675 | max_idx =  1
Epoch 9/50, Train Loss: 1.9933, Valid Loss: 1.9377, Train Acc: 0.1429, Val Acc: 0.1997, Test Acc: 0.0604, Test F1: 0.0163, Total Pseudo-Labels: 0, Correct Pseudo-Labels: 0, Train Data Number: 35



line 303 => train data수 35
line 258 => 인스턴스 수 5
Step 45  Tim 0:14:52
acc_train_cw(현재 train의 class별 acc) [0.0, 1.0, 0.0, 0.0, 0.0, 0.0, 0.0]
cw_psl_total_eval(pseudo label 클래스별 총 샘플 수):  [0, 0, 0, 0, 0, 0, 0]
cw_psl_correct_eval(pseudo label 클래스별 맞은 샘플 수):  [0, 0, 0, 0, 0, 0, 0]
psl_acc(PSL 평가에서의 정확도): None 
cw_psl_acc(클래스별 PSL 평가에서의 정확도):  [nan, nan, nan, nan, nan, nan, nan]
**pseudo_label ->  [0.1627, 0.1716, 0.1359, 0.1331, 0.1375, 0.1236, 0.1356] **
max =  0.1716 | max_idx =  1
**pseudo_label ->  [0.1402, 0.1987, 0.1632, 0.1212, 0.1221, 0.1139, 0.1408] **
max =  0.1987 | max_idx =  1
**pseudo_label ->  [0.2599, 0.0652, 0.108, 0.1452, 0.1486, 0.1935, 0.0795] **
max =  0.2599 | max_idx =  0
**pseudo_label ->  [0.1784, 0.1875, 0.1394, 0.1271, 0.1224, 0.1072, 0.1381] **
max =  0.1875 | max_idx =  1
**pseudo_label ->  [0.1849, 0.171, 0.1405, 0.1317, 0.1056, 0.1019, 0.1643] **
max =  0.1849 | max_idx =  0
Epoch 10/50, Train Loss: 1.9906, Valid Loss: 1.9331, Train Acc: 0.1429, Val Acc: 0.1997, Test Acc: 0.0604, Test F1: 0.0163, Total Pseudo-Labels: 0, Correct Pseudo-Labels: 0, Train Data Number: 35



line 303 => train data수 35
line 258 => 인스턴스 수 5
Step 50  Tim 0:16:25
acc_train_cw(현재 train의 class별 acc) [0.0, 0.0, 0.0, 0.0, 1.0, 0.0, 0.0]
cw_psl_total_eval(pseudo label 클래스별 총 샘플 수):  [0, 0, 0, 0, 0, 0, 0]
cw_psl_correct_eval(pseudo label 클래스별 맞은 샘플 수):  [0, 0, 0, 0, 0, 0, 0]
psl_acc(PSL 평가에서의 정확도): None 
cw_psl_acc(클래스별 PSL 평가에서의 정확도):  [nan, nan, nan, nan, nan, nan, nan]
**pseudo_label ->  [0.1838, 0.067, 0.1122, 0.1259, 0.211, 0.2031, 0.0969] **
max =  0.211 | max_idx =  4
**pseudo_label ->  [0.1532, 0.1366, 0.1483, 0.1391, 0.1452, 0.151, 0.1265] **
max =  0.1532 | max_idx =  0
**pseudo_label ->  [0.1692, 0.125, 0.1499, 0.1379, 0.1728, 0.1346, 0.1104] **
max =  0.1728 | max_idx =  4
**pseudo_label ->  [0.1783, 0.1075, 0.1481, 0.1197, 0.1975, 0.1396, 0.1093] **
max =  0.1975 | max_idx =  4
**pseudo_label ->  [0.1593, 0.1292, 0.1364, 0.1461, 0.1561, 0.141, 0.1319] **
max =  0.1593 | max_idx =  0
Epoch 11/50, Train Loss: 1.9443, Valid Loss: 1.9490, Train Acc: 0.1429, Val Acc: 0.2843, Test Acc: 0.2282, Test F1: 0.0531, Total Pseudo-Labels: 0, Correct Pseudo-Labels: 0, Train Data Number: 35



line 303 => train data수 35
line 258 => 인스턴스 수 5
Step 55  Tim 0:17:57
acc_train_cw(현재 train의 class별 acc) [0.0, 0.0, 0.0, 0.0, 0.0, 1.0, 0.0]
cw_psl_total_eval(pseudo label 클래스별 총 샘플 수):  [0, 0, 0, 0, 0, 0, 0]
cw_psl_correct_eval(pseudo label 클래스별 맞은 샘플 수):  [0, 0, 0, 0, 0, 0, 0]
psl_acc(PSL 평가에서의 정확도): None 
cw_psl_acc(클래스별 PSL 평가에서의 정확도):  [nan, nan, nan, nan, nan, nan, nan]
**pseudo_label ->  [0.1532, 0.1089, 0.1481, 0.1219, 0.1759, 0.1808, 0.1112] **
max =  0.1808 | max_idx =  5
**pseudo_label ->  [0.1602, 0.0784, 0.1133, 0.1209, 0.2187, 0.218, 0.0904] **
max =  0.2187 | max_idx =  4
**pseudo_label ->  [0.1545, 0.1213, 0.1374, 0.1419, 0.156, 0.1569, 0.132] **
max =  0.1569 | max_idx =  5
**pseudo_label ->  [0.1519, 0.124, 0.1437, 0.128, 0.184, 0.1511, 0.1172] **
max =  0.184 | max_idx =  4
**pseudo_label ->  [0.1547, 0.1208, 0.1276, 0.1354, 0.1651, 0.1757, 0.1207] **
max =  0.1757 | max_idx =  5
Epoch 12/50, Train Loss: 1.9683, Valid Loss: 1.9535, Train Acc: 0.1429, Val Acc: 0.0000, Test Acc: 0.3669, Test F1: 0.0767, Total Pseudo-Labels: 0, Correct Pseudo-Labels: 0, Train Data Number: 35



line 303 => train data수 35
line 258 => 인스턴스 수 5
Step 60  Tim 0:19:30
acc_train_cw(현재 train의 class별 acc) [0.0, 0.0, 0.0, 0.0, 0.0, 1.0, 0.0]
cw_psl_total_eval(pseudo label 클래스별 총 샘플 수):  [0, 0, 0, 0, 0, 0, 0]
cw_psl_correct_eval(pseudo label 클래스별 맞은 샘플 수):  [0, 0, 0, 0, 0, 0, 0]
psl_acc(PSL 평가에서의 정확도): None 
cw_psl_acc(클래스별 PSL 평가에서의 정확도):  [nan, nan, nan, nan, nan, nan, nan]
**pseudo_label ->  [0.1337, 0.1383, 0.1517, 0.1331, 0.1518, 0.1545, 0.1369] **
max =  0.1545 | max_idx =  5
**pseudo_label ->  [0.1495, 0.1113, 0.1788, 0.1272, 0.136, 0.1949, 0.1022] **
max =  0.1949 | max_idx =  5
**pseudo_label ->  [0.1547, 0.1333, 0.1574, 0.159, 0.1372, 0.1378, 0.1205] **
max =  0.159 | max_idx =  3
**pseudo_label ->  [0.1594, 0.1134, 0.1475, 0.1467, 0.146, 0.1611, 0.1258] **
max =  0.1611 | max_idx =  5
**pseudo_label ->  [0.1425, 0.1261, 0.1504, 0.1367, 0.162, 0.1596, 0.1226] **
max =  0.162 | max_idx =  4
Epoch 13/50, Train Loss: 1.9882, Valid Loss: 1.9896, Train Acc: 0.1429, Val Acc: 0.0000, Test Acc: 0.3669, Test F1: 0.0767, Total Pseudo-Labels: 0, Correct Pseudo-Labels: 0, Train Data Number: 35



line 303 => train data수 35
line 258 => 인스턴스 수 5
Step 65  Tim 0:21:02
acc_train_cw(현재 train의 class별 acc) [0.0, 0.0, 0.0, 0.0, 0.0, 0.0, 1.0]
cw_psl_total_eval(pseudo label 클래스별 총 샘플 수):  [0, 0, 0, 0, 0, 0, 0]
cw_psl_correct_eval(pseudo label 클래스별 맞은 샘플 수):  [0, 0, 0, 0, 0, 0, 0]
psl_acc(PSL 평가에서의 정확도): None 
cw_psl_acc(클래스별 PSL 평가에서의 정확도):  [nan, nan, nan, nan, nan, nan, nan]
**pseudo_label ->  [0.1544, 0.1088, 0.1381, 0.1708, 0.1362, 0.1553, 0.1364] **
max =  0.1708 | max_idx =  3
**pseudo_label ->  [0.1412, 0.1502, 0.154, 0.1374, 0.1142, 0.1228, 0.1801] **
max =  0.1801 | max_idx =  6
**pseudo_label ->  [0.1232, 0.1416, 0.1698, 0.1558, 0.1124, 0.1321, 0.1652] **
max =  0.1698 | max_idx =  2
**pseudo_label ->  [0.1272, 0.1575, 0.1593, 0.1416, 0.11, 0.1323, 0.1721] **
max =  0.1721 | max_idx =  6
**pseudo_label ->  [0.1061, 0.1428, 0.2523, 0.1247, 0.0871, 0.1308, 0.1562] **
max =  0.2523 | max_idx =  2
Epoch 14/50, Train Loss: 1.9609, Valid Loss: 1.9827, Train Acc: 0.1429, Val Acc: 0.0000, Test Acc: 0.0134, Test F1: 0.0038, Total Pseudo-Labels: 0, Correct Pseudo-Labels: 0, Train Data Number: 35



line 303 => train data수 35
line 258 => 인스턴스 수 5
Step 70  Tim 0:22:35
acc_train_cw(현재 train의 class별 acc) [0.0, 0.0, 0.0, 0.0, 0.0, 0.0, 1.0]
cw_psl_total_eval(pseudo label 클래스별 총 샘플 수):  [0, 0, 0, 0, 0, 0, 0]
cw_psl_correct_eval(pseudo label 클래스별 맞은 샘플 수):  [0, 0, 0, 0, 0, 0, 0]
psl_acc(PSL 평가에서의 정확도): None 
cw_psl_acc(클래스별 PSL 평가에서의 정확도):  [nan, nan, nan, nan, nan, nan, nan]
**pseudo_label ->  [0.1211, 0.1214, 0.1677, 0.1461, 0.1285, 0.1275, 0.1875] **
max =  0.1875 | max_idx =  6
**pseudo_label ->  [0.1337, 0.1305, 0.1617, 0.1387, 0.1308, 0.1279, 0.1766] **
max =  0.1766 | max_idx =  6
**pseudo_label ->  [0.1306, 0.1314, 0.1623, 0.1383, 0.122, 0.1283, 0.1871] **
max =  0.1871 | max_idx =  6
**pseudo_label ->  [0.119, 0.1356, 0.1667, 0.1406, 0.1271, 0.1286, 0.1825] **
max =  0.1825 | max_idx =  6
**pseudo_label ->  [0.1139, 0.1262, 0.1618, 0.1311, 0.1366, 0.1521, 0.1784] **
max =  0.1784 | max_idx =  6
Epoch 15/50, Train Loss: 1.9999, Valid Loss: 1.9744, Train Acc: 0.1429, Val Acc: 0.0000, Test Acc: 0.0134, Test F1: 0.0038, Total Pseudo-Labels: 0, Correct Pseudo-Labels: 0, Train Data Number: 35



line 303 => train data수 35
line 258 => 인스턴스 수 5
Step 75  Tim 0:24:07
acc_train_cw(현재 train의 class별 acc) [0.0, 0.0, 1.0, 0.0, 0.0, 0.0, 0.0]
cw_psl_total_eval(pseudo label 클래스별 총 샘플 수):  [0, 0, 0, 0, 0, 0, 0]
cw_psl_correct_eval(pseudo label 클래스별 맞은 샘플 수):  [0, 0, 0, 0, 0, 0, 0]
psl_acc(PSL 평가에서의 정확도): None 
cw_psl_acc(클래스별 PSL 평가에서의 정확도):  [nan, nan, nan, nan, nan, nan, nan]
**pseudo_label ->  [0.1371, 0.1638, 0.1599, 0.1258, 0.1274, 0.1371, 0.1488] **
max =  0.1638 | max_idx =  1
**pseudo_label ->  [0.1552, 0.1541, 0.187, 0.1184, 0.1283, 0.1274, 0.1295] **
max =  0.187 | max_idx =  2
**pseudo_label ->  [0.2083, 0.0788, 0.2268, 0.1307, 0.0723, 0.2219, 0.0612] **
max =  0.2268 | max_idx =  2
**pseudo_label ->  [0.1274, 0.1725, 0.1612, 0.1269, 0.1223, 0.1314, 0.1583] **
max =  0.1725 | max_idx =  1
**pseudo_label ->  [0.1792, 0.1254, 0.1763, 0.1108, 0.1176, 0.1473, 0.1434] **
max =  0.1792 | max_idx =  0
Epoch 16/50, Train Loss: 1.9691, Valid Loss: 1.9673, Train Acc: 0.1429, Val Acc: 0.2115, Test Acc: 0.1544, Test F1: 0.0382, Total Pseudo-Labels: 0, Correct Pseudo-Labels: 0, Train Data Number: 35



line 303 => train data수 35
line 258 => 인스턴스 수 5
Step 80  Tim 0:25:40
acc_train_cw(현재 train의 class별 acc) [0.0, 1.0, 0.0, 0.0, 0.0, 0.0, 0.0]
cw_psl_total_eval(pseudo label 클래스별 총 샘플 수):  [0, 0, 0, 0, 0, 0, 0]
cw_psl_correct_eval(pseudo label 클래스별 맞은 샘플 수):  [0, 0, 0, 0, 0, 0, 0]
psl_acc(PSL 평가에서의 정확도): None 
cw_psl_acc(클래스별 PSL 평가에서의 정확도):  [nan, nan, nan, nan, nan, nan, nan]
**pseudo_label ->  [0.1493, 0.1442, 0.1359, 0.1575, 0.1297, 0.1485, 0.1349] **
max =  0.1575 | max_idx =  3
**pseudo_label ->  [0.1539, 0.1478, 0.1464, 0.1453, 0.1227, 0.1416, 0.1425] **
max =  0.1539 | max_idx =  0
**pseudo_label ->  [0.1579, 0.1465, 0.1448, 0.1298, 0.1261, 0.1512, 0.1437] **
max =  0.1579 | max_idx =  0
**pseudo_label ->  [0.1585, 0.1414, 0.1321, 0.1462, 0.1372, 0.1451, 0.1396] **
max =  0.1585 | max_idx =  0
**pseudo_label ->  [0.1257, 0.1418, 0.2035, 0.1481, 0.1025, 0.181, 0.0974] **
max =  0.2035 | max_idx =  2
Epoch 17/50, Train Loss: 1.9893, Valid Loss: 1.9567, Train Acc: 0.1429, Val Acc: 0.1997, Test Acc: 0.0604, Test F1: 0.0163, Total Pseudo-Labels: 0, Correct Pseudo-Labels: 0, Train Data Number: 35



line 303 => train data수 35
line 258 => 인스턴스 수 5
Step 85  Tim 0:27:12
acc_train_cw(현재 train의 class별 acc) [0.0, 0.0, 0.0, 1.0, 0.0, 0.0, 0.0]
cw_psl_total_eval(pseudo label 클래스별 총 샘플 수):  [0, 0, 0, 0, 0, 0, 0]
cw_psl_correct_eval(pseudo label 클래스별 맞은 샘플 수):  [0, 0, 0, 0, 0, 0, 0]
psl_acc(PSL 평가에서의 정확도): None 
cw_psl_acc(클래스별 PSL 평가에서의 정확도):  [nan, nan, nan, nan, nan, nan, nan]
**pseudo_label ->  [0.1435, 0.1118, 0.1398, 0.1729, 0.1508, 0.1559, 0.1254] **
max =  0.1729 | max_idx =  3
**pseudo_label ->  [0.118, 0.0796, 0.1398, 0.1961, 0.172, 0.1737, 0.1209] **
max =  0.1961 | max_idx =  3
**pseudo_label ->  [0.1455, 0.1326, 0.1326, 0.1494, 0.143, 0.1554, 0.1416] **
max =  0.1554 | max_idx =  5
**pseudo_label ->  [0.1623, 0.0909, 0.1545, 0.1625, 0.1263, 0.1819, 0.1216] **
max =  0.1819 | max_idx =  5
**pseudo_label ->  [0.0749, 0.0655, 0.1838, 0.2374, 0.0973, 0.2933, 0.0477] **
max =  0.2933 | max_idx =  5
Epoch 18/50, Train Loss: 1.9913, Valid Loss: 1.9805, Train Acc: 0.1429, Val Acc: 0.2064, Test Acc: 0.0425, Test F1: 0.0116, Total Pseudo-Labels: 0, Correct Pseudo-Labels: 0, Train Data Number: 35



line 303 => train data수 35
line 258 => 인스턴스 수 5
Step 90  Tim 0:28:45
acc_train_cw(현재 train의 class별 acc) [0.0, 0.0, 0.0, 0.0, 1.0, 0.0, 0.0]
cw_psl_total_eval(pseudo label 클래스별 총 샘플 수):  [0, 0, 0, 0, 0, 0, 0]
cw_psl_correct_eval(pseudo label 클래스별 맞은 샘플 수):  [0, 0, 0, 0, 0, 0, 0]
psl_acc(PSL 평가에서의 정확도): None 
cw_psl_acc(클래스별 PSL 평가에서의 정확도):  [nan, nan, nan, nan, nan, nan, nan]
**pseudo_label ->  [0.1431, 0.1155, 0.1176, 0.1434, 0.18, 0.1548, 0.1456] **
max =  0.18 | max_idx =  4
**pseudo_label ->  [0.1491, 0.1129, 0.1098, 0.1506, 0.1673, 0.1541, 0.1563] **
max =  0.1673 | max_idx =  4
**pseudo_label ->  [0.1293, 0.1242, 0.1296, 0.143, 0.1688, 0.1641, 0.141] **
max =  0.1688 | max_idx =  4
**pseudo_label ->  [0.1262, 0.1311, 0.1256, 0.1361, 0.1558, 0.1675, 0.1577] **
max =  0.1675 | max_idx =  5
**pseudo_label ->  [0.1296, 0.1169, 0.1154, 0.1465, 0.1699, 0.1744, 0.1473] **
max =  0.1744 | max_idx =  5
Epoch 19/50, Train Loss: 1.9608, Valid Loss: 1.9803, Train Acc: 0.1429, Val Acc: 0.2843, Test Acc: 0.2282, Test F1: 0.0531, Total Pseudo-Labels: 0, Correct Pseudo-Labels: 0, Train Data Number: 35



line 303 => train data수 35
line 258 => 인스턴스 수 5
Step 95  Tim 0:30:17
acc_train_cw(현재 train의 class별 acc) [0.0, 0.0, 0.0, 0.0, 0.0, 1.0, 0.0]
cw_psl_total_eval(pseudo label 클래스별 총 샘플 수):  [0, 0, 0, 0, 0, 0, 0]
cw_psl_correct_eval(pseudo label 클래스별 맞은 샘플 수):  [0, 0, 0, 0, 0, 0, 0]
psl_acc(PSL 평가에서의 정확도): None 
cw_psl_acc(클래스별 PSL 평가에서의 정확도):  [nan, nan, nan, nan, nan, nan, nan]
**pseudo_label ->  [0.1473, 0.1313, 0.1276, 0.1548, 0.1416, 0.1477, 0.1497] **
max =  0.1548 | max_idx =  3
**pseudo_label ->  [0.1475, 0.0824, 0.1417, 0.171, 0.1388, 0.195, 0.1236] **
max =  0.195 | max_idx =  5
**pseudo_label ->  [0.1326, 0.1278, 0.1358, 0.1375, 0.1513, 0.1632, 0.1518] **
max =  0.1632 | max_idx =  5
**pseudo_label ->  [0.1488, 0.1178, 0.1189, 0.1621, 0.1485, 0.1601, 0.1438] **
max =  0.1621 | max_idx =  3
**pseudo_label ->  [0.1568, 0.0752, 0.1412, 0.139, 0.1264, 0.2052, 0.1561] **
max =  0.2052 | max_idx =  5
Epoch 20/50, Train Loss: 1.9942, Valid Loss: 1.8959, Train Acc: 0.1429, Val Acc: 0.0000, Test Acc: 0.3669, Test F1: 0.0767, Total Pseudo-Labels: 0, Correct Pseudo-Labels: 0, Train Data Number: 35



line 303 => train data수 35
line 258 => 인스턴스 수 5
Step 100  Tim 0:31:50
acc_train_cw(현재 train의 class별 acc) [0.0, 0.0, 1.0, 0.0, 0.0, 0.0, 0.0]
cw_psl_total_eval(pseudo label 클래스별 총 샘플 수):  [0, 0, 0, 0, 0, 0, 0]
cw_psl_correct_eval(pseudo label 클래스별 맞은 샘플 수):  [0, 0, 0, 0, 0, 0, 0]
psl_acc(PSL 평가에서의 정확도): None 
cw_psl_acc(클래스별 PSL 평가에서의 정확도):  [nan, nan, nan, nan, nan, nan, nan]
**pseudo_label ->  [0.1508, 0.1325, 0.1671, 0.1319, 0.1666, 0.1213, 0.1298] **
max =  0.1671 | max_idx =  2
**pseudo_label ->  [0.1381, 0.1401, 0.1726, 0.1254, 0.1701, 0.1269, 0.1268] **
max =  0.1726 | max_idx =  2
**pseudo_label ->  [0.1332, 0.1496, 0.1677, 0.132, 0.1508, 0.1368, 0.13] **
max =  0.1677 | max_idx =  2
**pseudo_label ->  [0.1473, 0.1303, 0.1745, 0.1212, 0.1573, 0.143, 0.1265] **
max =  0.1745 | max_idx =  2
**pseudo_label ->  [0.1067, 0.1732, 0.1722, 0.1259, 0.1728, 0.1213, 0.1279] **
max =  0.1732 | max_idx =  1
Epoch 21/50, Train Loss: 1.9920, Valid Loss: 1.9215, Train Acc: 0.1429, Val Acc: 0.2115, Test Acc: 0.1544, Test F1: 0.0382, Total Pseudo-Labels: 0, Correct Pseudo-Labels: 0, Train Data Number: 35



line 303 => train data수 35
line 258 => 인스턴스 수 5
Step 105  Tim 0:33:22
acc_train_cw(현재 train의 class별 acc) [1.0, 0.0, 0.0, 0.0, 0.0, 0.0, 0.0]
cw_psl_total_eval(pseudo label 클래스별 총 샘플 수):  [0, 0, 0, 0, 0, 0, 0]
cw_psl_correct_eval(pseudo label 클래스별 맞은 샘플 수):  [0, 0, 0, 0, 0, 0, 0]
psl_acc(PSL 평가에서의 정확도): None 
cw_psl_acc(클래스별 PSL 평가에서의 정확도):  [nan, nan, nan, nan, nan, nan, nan]
**pseudo_label ->  [0.1665, 0.1254, 0.1384, 0.1558, 0.1627, 0.1149, 0.1363] **
max =  0.1665 | max_idx =  0
**pseudo_label ->  [0.1696, 0.1112, 0.1537, 0.1471, 0.145, 0.1279, 0.1456] **
max =  0.1696 | max_idx =  0
**pseudo_label ->  [0.1763, 0.1334, 0.1343, 0.1577, 0.1427, 0.1117, 0.1439] **
max =  0.1763 | max_idx =  0
**pseudo_label ->  [0.1676, 0.1397, 0.1397, 0.1554, 0.1387, 0.1215, 0.1374] **
max =  0.1676 | max_idx =  0
**pseudo_label ->  [0.1534, 0.1319, 0.1381, 0.159, 0.1581, 0.1149, 0.1446] **
max =  0.159 | max_idx =  3
Epoch 22/50, Train Loss: 1.9566, Valid Loss: 1.9540, Train Acc: 0.1429, Val Acc: 0.0981, Test Acc: 0.1342, Test F1: 0.0338, Total Pseudo-Labels: 0, Correct Pseudo-Labels: 0, Train Data Number: 35



line 303 => train data수 35
line 258 => 인스턴스 수 5
Step 110  Tim 0:34:54
acc_train_cw(현재 train의 class별 acc) [1.0, 0.0, 0.0, 0.0, 0.0, 0.0, 0.0]
cw_psl_total_eval(pseudo label 클래스별 총 샘플 수):  [0, 0, 0, 0, 0, 0, 0]
cw_psl_correct_eval(pseudo label 클래스별 맞은 샘플 수):  [0, 0, 0, 0, 0, 0, 0]
psl_acc(PSL 평가에서의 정확도): None 
cw_psl_acc(클래스별 PSL 평가에서의 정확도):  [nan, nan, nan, nan, nan, nan, nan]
**pseudo_label ->  [0.1776, 0.1337, 0.1285, 0.1341, 0.1446, 0.1119, 0.1696] **
max =  0.1776 | max_idx =  0
**pseudo_label ->  [0.1768, 0.1358, 0.1345, 0.1258, 0.1402, 0.1274, 0.1596] **
max =  0.1768 | max_idx =  0
**pseudo_label ->  [0.1776, 0.1475, 0.1329, 0.1289, 0.1357, 0.1167, 0.1607] **
max =  0.1776 | max_idx =  0
**pseudo_label ->  [0.1877, 0.1489, 0.1355, 0.1411, 0.1251, 0.1183, 0.1433] **
max =  0.1877 | max_idx =  0
**pseudo_label ->  [0.162, 0.1509, 0.1338, 0.1372, 0.1436, 0.1087, 0.1637] **
max =  0.1637 | max_idx =  6
Epoch 23/50, Train Loss: 1.9537, Valid Loss: 1.9567, Train Acc: 0.1429, Val Acc: 0.0981, Test Acc: 0.1342, Test F1: 0.0338, Total Pseudo-Labels: 0, Correct Pseudo-Labels: 0, Train Data Number: 35



line 303 => train data수 35
line 258 => 인스턴스 수 5
Step 115  Tim 0:36:27
acc_train_cw(현재 train의 class별 acc) [0.0, 1.0, 0.0, 0.0, 0.0, 0.0, 0.0]
cw_psl_total_eval(pseudo label 클래스별 총 샘플 수):  [0, 0, 0, 0, 0, 0, 0]
cw_psl_correct_eval(pseudo label 클래스별 맞은 샘플 수):  [0, 0, 0, 0, 0, 0, 0]
psl_acc(PSL 평가에서의 정확도): None 
cw_psl_acc(클래스별 PSL 평가에서의 정확도):  [nan, nan, nan, nan, nan, nan, nan]
**pseudo_label ->  [0.115, 0.1868, 0.1897, 0.1028, 0.1083, 0.1516, 0.1459] **
max =  0.1897 | max_idx =  2
**pseudo_label ->  [0.1483, 0.1879, 0.1313, 0.135, 0.1158, 0.1283, 0.1534] **
max =  0.1879 | max_idx =  1
**pseudo_label ->  [0.1505, 0.1882, 0.1361, 0.1262, 0.123, 0.1266, 0.1493] **
max =  0.1882 | max_idx =  1
**pseudo_label ->  [0.1382, 0.2148, 0.1379, 0.0931, 0.1105, 0.1423, 0.1631] **
max =  0.2148 | max_idx =  1
**pseudo_label ->  [0.14, 0.1885, 0.1486, 0.1326, 0.1141, 0.1271, 0.149] **
max =  0.1885 | max_idx =  1
Epoch 24/50, Train Loss: 1.9821, Valid Loss: 1.9902, Train Acc: 0.1429, Val Acc: 0.1997, Test Acc: 0.0604, Test F1: 0.0163, Total Pseudo-Labels: 0, Correct Pseudo-Labels: 0, Train Data Number: 35



line 303 => train data수 35
line 258 => 인스턴스 수 5
Step 120  Tim 0:37:59
acc_train_cw(현재 train의 class별 acc) [0.0, 0.0, 0.0, 0.0, 0.0, 0.0, 1.0]
cw_psl_total_eval(pseudo label 클래스별 총 샘플 수):  [0, 0, 0, 0, 0, 0, 0]
cw_psl_correct_eval(pseudo label 클래스별 맞은 샘플 수):  [0, 0, 0, 0, 0, 0, 0]
psl_acc(PSL 평가에서의 정확도): None 
cw_psl_acc(클래스별 PSL 평가에서의 정확도):  [nan, nan, nan, nan, nan, nan, nan]
**pseudo_label ->  [0.119, 0.1733, 0.1417, 0.1234, 0.1358, 0.1319, 0.1749] **
max =  0.1749 | max_idx =  6
**pseudo_label ->  [0.1006, 0.149, 0.1589, 0.0968, 0.0763, 0.1786, 0.2398] **
max =  0.2398 | max_idx =  6
**pseudo_label ->  [0.0921, 0.198, 0.1335, 0.1498, 0.1466, 0.1241, 0.1561] **
max =  0.198 | max_idx =  1
**pseudo_label ->  [0.1367, 0.1306, 0.1209, 0.1841, 0.1258, 0.1635, 0.1384] **
max =  0.1841 | max_idx =  3
**pseudo_label ->  [0.1289, 0.1557, 0.1549, 0.1369, 0.1217, 0.1451, 0.1568] **
max =  0.1568 | max_idx =  6
Epoch 25/50, Train Loss: 1.9668, Valid Loss: 1.9916, Train Acc: 0.1429, Val Acc: 0.0000, Test Acc: 0.0134, Test F1: 0.0038, Total Pseudo-Labels: 0, Correct Pseudo-Labels: 0, Train Data Number: 35



line 303 => train data수 35
line 258 => 인스턴스 수 5
Step 125  Tim 0:39:32
acc_train_cw(현재 train의 class별 acc) [0.0, 0.0, 0.0, 0.0, 0.0, 0.0, 1.0]
cw_psl_total_eval(pseudo label 클래스별 총 샘플 수):  [0, 0, 0, 0, 0, 0, 0]
cw_psl_correct_eval(pseudo label 클래스별 맞은 샘플 수):  [0, 0, 0, 0, 0, 0, 0]
psl_acc(PSL 평가에서의 정확도): None 
cw_psl_acc(클래스별 PSL 평가에서의 정확도):  [nan, nan, nan, nan, nan, nan, nan]
**pseudo_label ->  [0.1029, 0.1114, 0.1982, 0.1164, 0.1069, 0.2094, 0.1547] **
max =  0.2094 | max_idx =  5
**pseudo_label ->  [0.1266, 0.1353, 0.1424, 0.1594, 0.1229, 0.1599, 0.1536] **
max =  0.1599 | max_idx =  5
**pseudo_label ->  [0.1109, 0.1362, 0.1531, 0.1261, 0.1306, 0.1622, 0.181] **
max =  0.181 | max_idx =  6
**pseudo_label ->  [0.1265, 0.1385, 0.1525, 0.1469, 0.1193, 0.1585, 0.1579] **
max =  0.1585 | max_idx =  5
**pseudo_label ->  [0.1283, 0.1374, 0.1122, 0.2008, 0.126, 0.1803, 0.115] **
max =  0.2008 | max_idx =  3
Epoch 26/50, Train Loss: 1.9555, Valid Loss: 1.9792, Train Acc: 0.1429, Val Acc: 0.0000, Test Acc: 0.0134, Test F1: 0.0038, Total Pseudo-Labels: 0, Correct Pseudo-Labels: 0, Train Data Number: 35



line 303 => train data수 35
line 258 => 인스턴스 수 5
Step 130  Tim 0:41:04
acc_train_cw(현재 train의 class별 acc) [0.0, 0.0, 0.0, 0.0, 0.0, 1.0, 0.0]
cw_psl_total_eval(pseudo label 클래스별 총 샘플 수):  [0, 0, 0, 0, 0, 0, 0]
cw_psl_correct_eval(pseudo label 클래스별 맞은 샘플 수):  [0, 0, 0, 0, 0, 0, 0]
psl_acc(PSL 평가에서의 정확도): None 
cw_psl_acc(클래스별 PSL 평가에서의 정확도):  [nan, nan, nan, nan, nan, nan, nan]
**pseudo_label ->  [0.149, 0.1258, 0.1575, 0.1234, 0.1369, 0.1565, 0.1509] **
max =  0.1575 | max_idx =  2
**pseudo_label ->  [0.1544, 0.1303, 0.1507, 0.1377, 0.1247, 0.1694, 0.1328] **
max =  0.1694 | max_idx =  5
**pseudo_label ->  [0.1684, 0.1232, 0.1187, 0.1699, 0.1258, 0.1976, 0.0963] **
max =  0.1976 | max_idx =  5
**pseudo_label ->  [0.1145, 0.1564, 0.1425, 0.1536, 0.1511, 0.1405, 0.1414] **
max =  0.1564 | max_idx =  1
**pseudo_label ->  [0.1357, 0.1363, 0.1578, 0.1428, 0.1268, 0.1703, 0.1303] **
max =  0.1703 | max_idx =  5
Epoch 27/50, Train Loss: 1.9604, Valid Loss: 1.9509, Train Acc: 0.1429, Val Acc: 0.0000, Test Acc: 0.3669, Test F1: 0.0767, Total Pseudo-Labels: 0, Correct Pseudo-Labels: 0, Train Data Number: 35



line 303 => train data수 35
line 258 => 인스턴스 수 5
Step 135  Tim 0:42:37
acc_train_cw(현재 train의 class별 acc) [0.0, 0.0, 1.0, 0.0, 0.0, 0.0, 0.0]
cw_psl_total_eval(pseudo label 클래스별 총 샘플 수):  [0, 0, 0, 0, 0, 0, 0]
cw_psl_correct_eval(pseudo label 클래스별 맞은 샘플 수):  [0, 0, 0, 0, 0, 0, 0]
psl_acc(PSL 평가에서의 정확도): None 
cw_psl_acc(클래스별 PSL 평가에서의 정확도):  [nan, nan, nan, nan, nan, nan, nan]
**pseudo_label ->  [0.1627, 0.1332, 0.159, 0.1267, 0.1358, 0.139, 0.1435] **
max =  0.1627 | max_idx =  0
**pseudo_label ->  [0.1523, 0.1199, 0.1689, 0.131, 0.1388, 0.1373, 0.1518] **
max =  0.1689 | max_idx =  2
**pseudo_label ->  [0.1608, 0.1236, 0.1685, 0.1326, 0.1387, 0.142, 0.1339] **
max =  0.1685 | max_idx =  2
**pseudo_label ->  [0.1701, 0.1186, 0.1642, 0.1292, 0.1361, 0.139, 0.1427] **
max =  0.1701 | max_idx =  0
**pseudo_label ->  [0.1744, 0.111, 0.1349, 0.1659, 0.1327, 0.1701, 0.111] **
max =  0.1744 | max_idx =  0
Epoch 28/50, Train Loss: 1.9552, Valid Loss: 1.9164, Train Acc: 0.1429, Val Acc: 0.2115, Test Acc: 0.1544, Test F1: 0.0382, Total Pseudo-Labels: 0, Correct Pseudo-Labels: 0, Train Data Number: 35



line 303 => train data수 35
line 258 => 인스턴스 수 5
Step 140  Tim 0:44:09
acc_train_cw(현재 train의 class별 acc) [1.0, 0.0, 0.0, 0.0, 0.0, 0.0, 0.0]
cw_psl_total_eval(pseudo label 클래스별 총 샘플 수):  [0, 0, 0, 0, 0, 0, 0]
cw_psl_correct_eval(pseudo label 클래스별 맞은 샘플 수):  [0, 0, 0, 0, 0, 0, 0]
psl_acc(PSL 평가에서의 정확도): None 
cw_psl_acc(클래스별 PSL 평가에서의 정확도):  [nan, nan, nan, nan, nan, nan, nan]
**pseudo_label ->  [0.1658, 0.1262, 0.1551, 0.1506, 0.1362, 0.1288, 0.1374] **
max =  0.1658 | max_idx =  0
**pseudo_label ->  [0.1517, 0.1299, 0.1559, 0.1387, 0.1609, 0.1316, 0.1313] **
max =  0.1609 | max_idx =  4
**pseudo_label ->  [0.1516, 0.1357, 0.1153, 0.2083, 0.1611, 0.139, 0.0889] **
max =  0.2083 | max_idx =  3
**pseudo_label ->  [0.1664, 0.1383, 0.1408, 0.1421, 0.1458, 0.1298, 0.1369] **
max =  0.1664 | max_idx =  0
**pseudo_label ->  [0.1689, 0.1247, 0.1666, 0.1413, 0.1464, 0.1229, 0.1292] **
max =  0.1689 | max_idx =  0
Epoch 29/50, Train Loss: 1.9321, Valid Loss: 1.9388, Train Acc: 0.1429, Val Acc: 0.0981, Test Acc: 0.1342, Test F1: 0.0338, Total Pseudo-Labels: 0, Correct Pseudo-Labels: 0, Train Data Number: 35



line 303 => train data수 35
line 258 => 인스턴스 수 5
Step 145  Tim 0:45:41
acc_train_cw(현재 train의 class별 acc) [0.0, 0.0, 0.0, 0.0, 0.0, 0.0, 1.0]
cw_psl_total_eval(pseudo label 클래스별 총 샘플 수):  [0, 0, 0, 0, 0, 0, 0]
cw_psl_correct_eval(pseudo label 클래스별 맞은 샘플 수):  [0, 0, 0, 0, 0, 0, 0]
psl_acc(PSL 평가에서의 정확도): None 
cw_psl_acc(클래스별 PSL 평가에서의 정확도):  [nan, nan, nan, nan, nan, nan, nan]
**pseudo_label ->  [0.1393, 0.1666, 0.1445, 0.1262, 0.1421, 0.1283, 0.1529] **
max =  0.1666 | max_idx =  1
**pseudo_label ->  [0.1448, 0.1482, 0.1295, 0.1347, 0.1571, 0.1229, 0.1629] **
max =  0.1629 | max_idx =  6
**pseudo_label ->  [0.1464, 0.1552, 0.155, 0.1227, 0.1443, 0.1239, 0.1524] **
max =  0.1552 | max_idx =  1
**pseudo_label ->  [0.1431, 0.1481, 0.1374, 0.1458, 0.1377, 0.1336, 0.1543] **
max =  0.1543 | max_idx =  6
**pseudo_label ->  [0.1129, 0.1542, 0.1201, 0.1698, 0.1774, 0.1021, 0.1636] **
max =  0.1774 | max_idx =  4
Epoch 30/50, Train Loss: 1.9510, Valid Loss: 1.9562, Train Acc: 0.1429, Val Acc: 0.0000, Test Acc: 0.0134, Test F1: 0.0038, Total Pseudo-Labels: 0, Correct Pseudo-Labels: 0, Train Data Number: 35



line 303 => train data수 35
line 258 => 인스턴스 수 5
Step 150  Tim 0:47:14
acc_train_cw(현재 train의 class별 acc) [0.0, 0.0, 0.0, 1.0, 0.0, 0.0, 0.0]
cw_psl_total_eval(pseudo label 클래스별 총 샘플 수):  [0, 0, 0, 0, 0, 0, 0]
cw_psl_correct_eval(pseudo label 클래스별 맞은 샘플 수):  [0, 0, 0, 0, 0, 0, 0]
psl_acc(PSL 평가에서의 정확도): None 
cw_psl_acc(클래스별 PSL 평가에서의 정확도):  [nan, nan, nan, nan, nan, nan, nan]
**pseudo_label ->  [0.1537, 0.1541, 0.1325, 0.1649, 0.1203, 0.1265, 0.148] **
max =  0.1649 | max_idx =  3
**pseudo_label ->  [0.1482, 0.1551, 0.0813, 0.247, 0.1119, 0.165, 0.0915] **
max =  0.247 | max_idx =  3
**pseudo_label ->  [0.16, 0.137, 0.1265, 0.1881, 0.1231, 0.1181, 0.1471] **
max =  0.1881 | max_idx =  3
**pseudo_label ->  [0.1534, 0.1417, 0.1382, 0.1838, 0.1167, 0.1247, 0.1415] **
max =  0.1838 | max_idx =  3
**pseudo_label ->  [0.1701, 0.1487, 0.112, 0.1743, 0.1158, 0.1336, 0.1455] **
max =  0.1743 | max_idx =  3
Epoch 31/50, Train Loss: 2.0029, Valid Loss: 1.9485, Train Acc: 0.1429, Val Acc: 0.2064, Test Acc: 0.0425, Test F1: 0.0116, Total Pseudo-Labels: 0, Correct Pseudo-Labels: 0, Train Data Number: 35



line 303 => train data수 35
line 258 => 인스턴스 수 5
Step 155  Tim 0:48:47
acc_train_cw(현재 train의 class별 acc) [0.0, 1.0, 0.0, 0.0, 0.0, 0.0, 0.0]
cw_psl_total_eval(pseudo label 클래스별 총 샘플 수):  [0, 0, 0, 0, 0, 0, 0]
cw_psl_correct_eval(pseudo label 클래스별 맞은 샘플 수):  [0, 0, 0, 0, 0, 0, 0]
psl_acc(PSL 평가에서의 정확도): None 
cw_psl_acc(클래스별 PSL 평가에서의 정확도):  [nan, nan, nan, nan, nan, nan, nan]
**pseudo_label ->  [0.1161, 0.1964, 0.0808, 0.2159, 0.1073, 0.2097, 0.0737] **
max =  0.2159 | max_idx =  3
**pseudo_label ->  [0.1626, 0.164, 0.1313, 0.1441, 0.1335, 0.1249, 0.1395] **
max =  0.164 | max_idx =  1
**pseudo_label ->  [0.1519, 0.1639, 0.1281, 0.1385, 0.1334, 0.1387, 0.1456] **
max =  0.1639 | max_idx =  1
**pseudo_label ->  [0.1542, 0.1486, 0.1161, 0.1425, 0.1367, 0.1497, 0.1523] **
max =  0.1542 | max_idx =  0
**pseudo_label ->  [0.1576, 0.1484, 0.1271, 0.1316, 0.1491, 0.1358, 0.1504] **
max =  0.1576 | max_idx =  0
Epoch 32/50, Train Loss: 1.9995, Valid Loss: 1.9012, Train Acc: 0.1429, Val Acc: 0.1997, Test Acc: 0.0604, Test F1: 0.0163, Total Pseudo-Labels: 0, Correct Pseudo-Labels: 0, Train Data Number: 35



line 303 => train data수 35
line 258 => 인스턴스 수 5
Step 160  Tim 0:50:19
acc_train_cw(현재 train의 class별 acc) [0.0, 0.0, 0.0, 0.0, 1.0, 0.0, 0.0]
cw_psl_total_eval(pseudo label 클래스별 총 샘플 수):  [0, 0, 0, 0, 0, 0, 0]
cw_psl_correct_eval(pseudo label 클래스별 맞은 샘플 수):  [0, 0, 0, 0, 0, 0, 0]
psl_acc(PSL 평가에서의 정확도): None 
cw_psl_acc(클래스별 PSL 평가에서의 정확도):  [nan, nan, nan, nan, nan, nan, nan]
**pseudo_label ->  [0.1201, 0.1675, 0.1493, 0.1201, 0.1553, 0.1402, 0.1476] **
max =  0.1675 | max_idx =  1
**pseudo_label ->  [0.1211, 0.1697, 0.1569, 0.1191, 0.1611, 0.1304, 0.1419] **
max =  0.1697 | max_idx =  1
**pseudo_label ->  [0.0877, 0.1964, 0.098, 0.1891, 0.1295, 0.2181, 0.0812] **
max =  0.2181 | max_idx =  5
**pseudo_label ->  [0.1069, 0.1611, 0.1328, 0.1437, 0.2008, 0.1149, 0.1398] **
max =  0.2008 | max_idx =  4
**pseudo_label ->  [0.1131, 0.1475, 0.1996, 0.1113, 0.185, 0.127, 0.1164] **
max =  0.1996 | max_idx =  2
Epoch 33/50, Train Loss: 1.9838, Valid Loss: 1.9470, Train Acc: 0.1429, Val Acc: 0.2843, Test Acc: 0.2282, Test F1: 0.0531, Total Pseudo-Labels: 0, Correct Pseudo-Labels: 0, Train Data Number: 35



line 303 => train data수 35
line 258 => 인스턴스 수 5
Step 165  Tim 0:51:52
acc_train_cw(현재 train의 class별 acc) [0.0, 0.0, 0.0, 0.0, 1.0, 0.0, 0.0]
cw_psl_total_eval(pseudo label 클래스별 총 샘플 수):  [0, 0, 0, 0, 0, 0, 0]
cw_psl_correct_eval(pseudo label 클래스별 맞은 샘플 수):  [0, 0, 0, 0, 0, 0, 0]
psl_acc(PSL 평가에서의 정확도): None 
cw_psl_acc(클래스별 PSL 평가에서의 정확도):  [nan, nan, nan, nan, nan, nan, nan]
**pseudo_label ->  [0.1345, 0.1421, 0.1553, 0.1106, 0.1645, 0.1531, 0.1399] **
max =  0.1645 | max_idx =  4
**pseudo_label ->  [0.1408, 0.1333, 0.1488, 0.1092, 0.1642, 0.1523, 0.1514] **
max =  0.1642 | max_idx =  4
**pseudo_label ->  [0.1134, 0.1461, 0.1266, 0.1133, 0.2087, 0.1349, 0.1569] **
max =  0.2087 | max_idx =  4
**pseudo_label ->  [0.1549, 0.1263, 0.151, 0.0961, 0.168, 0.1468, 0.1569] **
max =  0.168 | max_idx =  4
**pseudo_label ->  [0.1462, 0.1317, 0.1415, 0.1061, 0.1681, 0.1538, 0.1526] **
max =  0.1681 | max_idx =  4
Epoch 34/50, Train Loss: 2.0216, Valid Loss: 2.0118, Train Acc: 0.1429, Val Acc: 0.2843, Test Acc: 0.2282, Test F1: 0.0531, Total Pseudo-Labels: 0, Correct Pseudo-Labels: 0, Train Data Number: 35



line 303 => train data수 35
line 258 => 인스턴스 수 5
Step 170  Tim 0:53:24
acc_train_cw(현재 train의 class별 acc) [0.0, 0.0, 0.0, 0.0, 0.0, 1.0, 0.0]
cw_psl_total_eval(pseudo label 클래스별 총 샘플 수):  [0, 0, 0, 0, 0, 0, 0]
cw_psl_correct_eval(pseudo label 클래스별 맞은 샘플 수):  [0, 0, 0, 0, 0, 0, 0]
psl_acc(PSL 평가에서의 정확도): None 
cw_psl_acc(클래스별 PSL 평가에서의 정확도):  [nan, nan, nan, nan, nan, nan, nan]
**pseudo_label ->  [0.1962, 0.1064, 0.124, 0.1034, 0.1051, 0.1921, 0.1728] **
max =  0.1962 | max_idx =  0
**pseudo_label ->  [0.1273, 0.1426, 0.1163, 0.1314, 0.1353, 0.203, 0.1441] **
max =  0.203 | max_idx =  5
**pseudo_label ->  [0.1535, 0.132, 0.1264, 0.1157, 0.1356, 0.164, 0.1728] **
max =  0.1728 | max_idx =  6
**pseudo_label ->  [0.1591, 0.1346, 0.1326, 0.1232, 0.1531, 0.1505, 0.1468] **
max =  0.1591 | max_idx =  0
**pseudo_label ->  [0.1255, 0.1551, 0.1016, 0.1621, 0.1096, 0.2317, 0.1144] **
max =  0.2317 | max_idx =  5
Epoch 35/50, Train Loss: 1.9668, Valid Loss: 1.9863, Train Acc: 0.1429, Val Acc: 0.0000, Test Acc: 0.3669, Test F1: 0.0767, Total Pseudo-Labels: 0, Correct Pseudo-Labels: 0, Train Data Number: 35



line 303 => train data수 35
line 258 => 인스턴스 수 5
Step 175  Tim 0:54:56
acc_train_cw(현재 train의 class별 acc) [0.0, 0.0, 0.0, 0.0, 0.0, 1.0, 0.0]
cw_psl_total_eval(pseudo label 클래스별 총 샘플 수):  [0, 0, 0, 0, 0, 0, 0]
cw_psl_correct_eval(pseudo label 클래스별 맞은 샘플 수):  [0, 0, 0, 0, 0, 0, 0]
psl_acc(PSL 평가에서의 정확도): None 
cw_psl_acc(클래스별 PSL 평가에서의 정확도):  [nan, nan, nan, nan, nan, nan, nan]
**pseudo_label ->  [0.1362, 0.1459, 0.1294, 0.1588, 0.1231, 0.1708, 0.136] **
max =  0.1708 | max_idx =  5
**pseudo_label ->  [0.1175, 0.1518, 0.1123, 0.1916, 0.1078, 0.2044, 0.1147] **
max =  0.2044 | max_idx =  5
**pseudo_label ->  [0.1337, 0.1595, 0.1396, 0.1518, 0.1178, 0.1645, 0.1331] **
max =  0.1645 | max_idx =  5
**pseudo_label ->  [0.1335, 0.1465, 0.148, 0.1393, 0.1198, 0.1744, 0.1385] **
max =  0.1744 | max_idx =  5
**pseudo_label ->  [0.1571, 0.136, 0.1479, 0.1515, 0.1211, 0.1482, 0.1383] **
max =  0.1571 | max_idx =  0
Epoch 36/50, Train Loss: 2.0017, Valid Loss: 2.0031, Train Acc: 0.1429, Val Acc: 0.0000, Test Acc: 0.3669, Test F1: 0.0767, Total Pseudo-Labels: 0, Correct Pseudo-Labels: 0, Train Data Number: 35



line 303 => train data수 35
line 258 => 인스턴스 수 5
Step 180  Tim 0:56:29
acc_train_cw(현재 train의 class별 acc) [0.0, 0.0, 0.0, 0.0, 0.0, 1.0, 0.0]
cw_psl_total_eval(pseudo label 클래스별 총 샘플 수):  [0, 0, 0, 0, 0, 0, 0]
cw_psl_correct_eval(pseudo label 클래스별 맞은 샘플 수):  [0, 0, 0, 0, 0, 0, 0]
psl_acc(PSL 평가에서의 정확도): None 
cw_psl_acc(클래스별 PSL 평가에서의 정확도):  [nan, nan, nan, nan, nan, nan, nan]
**pseudo_label ->  [0.1515, 0.1173, 0.1265, 0.1448, 0.0863, 0.2226, 0.151] **
max =  0.2226 | max_idx =  5
**pseudo_label ->  [0.1347, 0.1361, 0.1325, 0.1501, 0.132, 0.1774, 0.1373] **
max =  0.1774 | max_idx =  5
**pseudo_label ->  [0.1493, 0.1397, 0.1334, 0.1378, 0.1337, 0.161, 0.1452] **
max =  0.161 | max_idx =  5
**pseudo_label ->  [0.1445, 0.1358, 0.1396, 0.1379, 0.1292, 0.1758, 0.1373] **
max =  0.1758 | max_idx =  5
**pseudo_label ->  [0.1066, 0.1387, 0.1096, 0.1786, 0.1475, 0.1744, 0.1445] **
max =  0.1786 | max_idx =  3
Epoch 37/50, Train Loss: 1.9508, Valid Loss: 2.0002, Train Acc: 0.1429, Val Acc: 0.0000, Test Acc: 0.3669, Test F1: 0.0767, Total Pseudo-Labels: 0, Correct Pseudo-Labels: 0, Train Data Number: 35



line 303 => train data수 35
line 258 => 인스턴스 수 5
Step 185  Tim 0:58:01
acc_train_cw(현재 train의 class별 acc) [0.0, 0.0, 0.0, 0.0, 0.0, 1.0, 0.0]
cw_psl_total_eval(pseudo label 클래스별 총 샘플 수):  [0, 0, 0, 0, 0, 0, 0]
cw_psl_correct_eval(pseudo label 클래스별 맞은 샘플 수):  [0, 0, 0, 0, 0, 0, 0]
psl_acc(PSL 평가에서의 정확도): None 
cw_psl_acc(클래스별 PSL 평가에서의 정확도):  [nan, nan, nan, nan, nan, nan, nan]
**pseudo_label ->  [0.1493, 0.1261, 0.1458, 0.1334, 0.1412, 0.1645, 0.1397] **
max =  0.1645 | max_idx =  5
**pseudo_label ->  [0.1229, 0.133, 0.1208, 0.1454, 0.177, 0.1534, 0.1474] **
max =  0.177 | max_idx =  4
**pseudo_label ->  [0.1538, 0.1313, 0.1212, 0.1379, 0.143, 0.1706, 0.1422] **
max =  0.1706 | max_idx =  5
**pseudo_label ->  [0.1455, 0.1301, 0.1349, 0.1335, 0.145, 0.181, 0.13] **
max =  0.181 | max_idx =  5
**pseudo_label ->  [0.1584, 0.1298, 0.1295, 0.1545, 0.1251, 0.1683, 0.1344] **
max =  0.1683 | max_idx =  5
Epoch 38/50, Train Loss: 1.9717, Valid Loss: 1.9424, Train Acc: 0.1429, Val Acc: 0.0000, Test Acc: 0.3669, Test F1: 0.0767, Total Pseudo-Labels: 0, Correct Pseudo-Labels: 0, Train Data Number: 35



line 303 => train data수 35
line 258 => 인스턴스 수 5
Step 190  Tim 0:59:34
acc_train_cw(현재 train의 class별 acc) [0.0, 0.0, 0.0, 0.0, 0.0, 1.0, 0.0]
cw_psl_total_eval(pseudo label 클래스별 총 샘플 수):  [0, 0, 0, 0, 0, 0, 0]
cw_psl_correct_eval(pseudo label 클래스별 맞은 샘플 수):  [0, 0, 0, 0, 0, 0, 0]
psl_acc(PSL 평가에서의 정확도): None 
cw_psl_acc(클래스별 PSL 평가에서의 정확도):  [nan, nan, nan, nan, nan, nan, nan]
**pseudo_label ->  [0.0972, 0.1328, 0.1417, 0.1546, 0.1855, 0.1496, 0.1386] **
max =  0.1855 | max_idx =  4
**pseudo_label ->  [0.1265, 0.1457, 0.143, 0.1409, 0.158, 0.1547, 0.1312] **
max =  0.158 | max_idx =  4
**pseudo_label ->  [0.1381, 0.1365, 0.1698, 0.1301, 0.1436, 0.1529, 0.1291] **
max =  0.1698 | max_idx =  2
**pseudo_label ->  [0.1368, 0.1304, 0.1601, 0.1417, 0.1476, 0.1568, 0.1265] **
max =  0.1601 | max_idx =  2
**pseudo_label ->  [0.1434, 0.1441, 0.1457, 0.1443, 0.1441, 0.1509, 0.1275] **
max =  0.1509 | max_idx =  5
Epoch 39/50, Train Loss: 1.9598, Valid Loss: 1.9381, Train Acc: 0.1429, Val Acc: 0.0000, Test Acc: 0.3669, Test F1: 0.0767, Total Pseudo-Labels: 0, Correct Pseudo-Labels: 0, Train Data Number: 35



line 303 => train data수 35
line 258 => 인스턴스 수 5
Step 195  Tim 1:01:06
acc_train_cw(현재 train의 class별 acc) [0.0, 0.0, 1.0, 0.0, 0.0, 0.0, 0.0]
cw_psl_total_eval(pseudo label 클래스별 총 샘플 수):  [0, 0, 0, 0, 0, 0, 0]
cw_psl_correct_eval(pseudo label 클래스별 맞은 샘플 수):  [0, 0, 0, 0, 0, 0, 0]
psl_acc(PSL 평가에서의 정확도): None 
cw_psl_acc(클래스별 PSL 평가에서의 정확도):  [nan, nan, nan, nan, nan, nan, nan]
**pseudo_label ->  [0.1343, 0.1454, 0.1727, 0.1288, 0.1436, 0.1374, 0.1378] **
max =  0.1727 | max_idx =  2
**pseudo_label ->  [0.1404, 0.1519, 0.1547, 0.1271, 0.1397, 0.1304, 0.1559] **
max =  0.1559 | max_idx =  6
**pseudo_label ->  [0.1414, 0.148, 0.1531, 0.1308, 0.1411, 0.1471, 0.1385] **
max =  0.1531 | max_idx =  2
**pseudo_label ->  [0.1241, 0.0984, 0.2019, 0.136, 0.1049, 0.232, 0.1027] **
max =  0.232 | max_idx =  5
**pseudo_label ->  [0.1369, 0.1488, 0.1436, 0.1377, 0.1382, 0.1562, 0.1385] **
max =  0.1562 | max_idx =  5
Epoch 40/50, Train Loss: 1.9571, Valid Loss: 1.9522, Train Acc: 0.1429, Val Acc: 0.2115, Test Acc: 0.1544, Test F1: 0.0382, Total Pseudo-Labels: 0, Correct Pseudo-Labels: 0, Train Data Number: 35



line 303 => train data수 35
line 258 => 인스턴스 수 5
Step 200  Tim 1:02:39
acc_train_cw(현재 train의 class별 acc) [0.0, 0.0, 0.0, 0.0, 0.0, 0.0, 1.0]
cw_psl_total_eval(pseudo label 클래스별 총 샘플 수):  [0, 0, 0, 0, 0, 0, 0]
cw_psl_correct_eval(pseudo label 클래스별 맞은 샘플 수):  [0, 0, 0, 0, 0, 0, 0]
psl_acc(PSL 평가에서의 정확도): None 
cw_psl_acc(클래스별 PSL 평가에서의 정확도):  [nan, nan, nan, nan, nan, nan, nan]
**pseudo_label ->  [0.1298, 0.1418, 0.1395, 0.1481, 0.1468, 0.1419, 0.1521] **
max =  0.1521 | max_idx =  6
**pseudo_label ->  [0.1152, 0.1494, 0.14, 0.1435, 0.1582, 0.1235, 0.1703] **
max =  0.1703 | max_idx =  6
**pseudo_label ->  [0.1339, 0.1522, 0.1466, 0.1318, 0.1484, 0.1374, 0.1498] **
max =  0.1522 | max_idx =  1
**pseudo_label ->  [0.1381, 0.1463, 0.1471, 0.1431, 0.1417, 0.1425, 0.1413] **
max =  0.1471 | max_idx =  2
**pseudo_label ->  [0.1293, 0.1452, 0.1358, 0.1412, 0.1427, 0.1456, 0.1602] **
max =  0.1602 | max_idx =  6
Epoch 41/50, Train Loss: 1.9340, Valid Loss: 1.9654, Train Acc: 0.1429, Val Acc: 0.0000, Test Acc: 0.0134, Test F1: 0.0038, Total Pseudo-Labels: 0, Correct Pseudo-Labels: 0, Train Data Number: 35



line 303 => train data수 35
line 258 => 인스턴스 수 5
Step 205  Tim 1:04:11
acc_train_cw(현재 train의 class별 acc) [0.0, 0.0, 0.0, 0.0, 0.0, 0.0, 1.0]
cw_psl_total_eval(pseudo label 클래스별 총 샘플 수):  [0, 0, 0, 0, 0, 0, 0]
cw_psl_correct_eval(pseudo label 클래스별 맞은 샘플 수):  [0, 0, 0, 0, 0, 0, 0]
psl_acc(PSL 평가에서의 정확도): None 
cw_psl_acc(클래스별 PSL 평가에서의 정확도):  [nan, nan, nan, nan, nan, nan, nan]
**pseudo_label ->  [0.098, 0.1087, 0.1239, 0.1315, 0.1115, 0.2094, 0.2171] **
max =  0.2171 | max_idx =  6
**pseudo_label ->  [0.1066, 0.1356, 0.1271, 0.1297, 0.1921, 0.1363, 0.1727] **
max =  0.1921 | max_idx =  4
**pseudo_label ->  [0.1462, 0.1356, 0.125, 0.1428, 0.1413, 0.1474, 0.1617] **
max =  0.1617 | max_idx =  6
**pseudo_label ->  [0.1344, 0.1343, 0.1404, 0.1608, 0.14, 0.1481, 0.142] **
max =  0.1608 | max_idx =  3
**pseudo_label ->  [0.1128, 0.1359, 0.1206, 0.1336, 0.1877, 0.1342, 0.1752] **
max =  0.1877 | max_idx =  4
Epoch 42/50, Train Loss: 1.9555, Valid Loss: 1.9918, Train Acc: 0.1429, Val Acc: 0.0000, Test Acc: 0.0134, Test F1: 0.0038, Total Pseudo-Labels: 0, Correct Pseudo-Labels: 0, Train Data Number: 35



line 303 => train data수 35
line 258 => 인스턴스 수 5
Step 210  Tim 1:05:44
acc_train_cw(현재 train의 class별 acc) [0.0, 0.0, 0.0, 0.0, 0.0, 0.0, 1.0]
cw_psl_total_eval(pseudo label 클래스별 총 샘플 수):  [0, 0, 0, 0, 0, 0, 0]
cw_psl_correct_eval(pseudo label 클래스별 맞은 샘플 수):  [0, 0, 0, 0, 0, 0, 0]
psl_acc(PSL 평가에서의 정확도): None 
cw_psl_acc(클래스별 PSL 평가에서의 정확도):  [nan, nan, nan, nan, nan, nan, nan]
**pseudo_label ->  [0.147, 0.1529, 0.1332, 0.1188, 0.1465, 0.1558, 0.1458] **
max =  0.1558 | max_idx =  5
**pseudo_label ->  [0.1424, 0.1548, 0.129, 0.1085, 0.1445, 0.1708, 0.15] **
max =  0.1708 | max_idx =  5
**pseudo_label ->  [0.1497, 0.1451, 0.1372, 0.1084, 0.1562, 0.1521, 0.1514] **
max =  0.1562 | max_idx =  4
**pseudo_label ->  [0.1424, 0.1411, 0.1331, 0.1271, 0.1403, 0.1596, 0.1565] **
max =  0.1596 | max_idx =  5
**pseudo_label ->  [0.15, 0.1387, 0.1252, 0.1259, 0.1382, 0.1606, 0.1614] **
max =  0.1614 | max_idx =  6
Epoch 43/50, Train Loss: 2.0252, Valid Loss: 1.9335, Train Acc: 0.1429, Val Acc: 0.0000, Test Acc: 0.0134, Test F1: 0.0038, Total Pseudo-Labels: 0, Correct Pseudo-Labels: 0, Train Data Number: 35



line 303 => train data수 35
line 258 => 인스턴스 수 5
Step 215  Tim 1:07:16
acc_train_cw(현재 train의 class별 acc) [0.0, 1.0, 0.0, 0.0, 0.0, 0.0, 0.0]
cw_psl_total_eval(pseudo label 클래스별 총 샘플 수):  [0, 0, 0, 0, 0, 0, 0]
cw_psl_correct_eval(pseudo label 클래스별 맞은 샘플 수):  [0, 0, 0, 0, 0, 0, 0]
psl_acc(PSL 평가에서의 정확도): None 
cw_psl_acc(클래스별 PSL 평가에서의 정확도):  [nan, nan, nan, nan, nan, nan, nan]
**pseudo_label ->  [0.1449, 0.1742, 0.1482, 0.1145, 0.1485, 0.1354, 0.1341] **
max =  0.1742 | max_idx =  1
**pseudo_label ->  [0.1325, 0.1875, 0.1494, 0.1317, 0.1439, 0.1133, 0.1417] **
max =  0.1875 | max_idx =  1
**pseudo_label ->  [0.116, 0.1672, 0.1387, 0.116, 0.1616, 0.1313, 0.1691] **
max =  0.1691 | max_idx =  6
**pseudo_label ->  [0.1445, 0.1734, 0.1453, 0.1144, 0.1414, 0.1397, 0.1414] **
max =  0.1734 | max_idx =  1
**pseudo_label ->  [0.1037, 0.1736, 0.1461, 0.1261, 0.1699, 0.1166, 0.164] **
max =  0.1736 | max_idx =  1
Epoch 44/50, Train Loss: 1.9719, Valid Loss: 1.8611, Train Acc: 0.1429, Val Acc: 0.1997, Test Acc: 0.0604, Test F1: 0.0163, Total Pseudo-Labels: 0, Correct Pseudo-Labels: 0, Train Data Number: 35



line 303 => train data수 35
line 258 => 인스턴스 수 5
Step 220  Tim 1:08:49
acc_train_cw(현재 train의 class별 acc) [0.0, 1.0, 0.0, 0.0, 0.0, 0.0, 0.0]
cw_psl_total_eval(pseudo label 클래스별 총 샘플 수):  [0, 0, 0, 0, 0, 0, 0]
cw_psl_correct_eval(pseudo label 클래스별 맞은 샘플 수):  [0, 0, 0, 0, 0, 0, 0]
psl_acc(PSL 평가에서의 정확도): None 
cw_psl_acc(클래스별 PSL 평가에서의 정확도):  [nan, nan, nan, nan, nan, nan, nan]
**pseudo_label ->  [0.1164, 0.1579, 0.1516, 0.1322, 0.1874, 0.1116, 0.143] **
max =  0.1874 | max_idx =  4
**pseudo_label ->  [0.101, 0.1675, 0.1525, 0.1379, 0.1856, 0.1127, 0.1428] **
max =  0.1856 | max_idx =  4
**pseudo_label ->  [0.1333, 0.1773, 0.1566, 0.1456, 0.1529, 0.1223, 0.1121] **
max =  0.1773 | max_idx =  1
**pseudo_label ->  [0.1176, 0.1844, 0.16, 0.1731, 0.1489, 0.1107, 0.1052] **
max =  0.1844 | max_idx =  1
**pseudo_label ->  [0.1002, 0.1448, 0.1476, 0.1981, 0.162, 0.1044, 0.143] **
max =  0.1981 | max_idx =  3
Epoch 45/50, Train Loss: 1.9577, Valid Loss: 1.8852, Train Acc: 0.1429, Val Acc: 0.1997, Test Acc: 0.0604, Test F1: 0.0163, Total Pseudo-Labels: 0, Correct Pseudo-Labels: 0, Train Data Number: 35



line 303 => train data수 35
line 258 => 인스턴스 수 5
Step 225  Tim 1:10:21
acc_train_cw(현재 train의 class별 acc) [0.0, 0.0, 0.0, 0.0, 1.0, 0.0, 0.0]
cw_psl_total_eval(pseudo label 클래스별 총 샘플 수):  [0, 0, 0, 0, 0, 0, 0]
cw_psl_correct_eval(pseudo label 클래스별 맞은 샘플 수):  [0, 0, 0, 0, 0, 0, 0]
psl_acc(PSL 평가에서의 정확도): None 
cw_psl_acc(클래스별 PSL 평가에서의 정확도):  [nan, nan, nan, nan, nan, nan, nan]
**pseudo_label ->  [0.1537, 0.1235, 0.1438, 0.2301, 0.1288, 0.1124, 0.1077] **
max =  0.2301 | max_idx =  3
**pseudo_label ->  [0.1768, 0.1426, 0.1308, 0.1501, 0.1527, 0.1299, 0.1172] **
max =  0.1768 | max_idx =  0
**pseudo_label ->  [0.1683, 0.1479, 0.1307, 0.1519, 0.1666, 0.1195, 0.1152] **
max =  0.1683 | max_idx =  0
**pseudo_label ->  [0.2123, 0.1444, 0.1121, 0.1263, 0.1655, 0.1486, 0.0908] **
max =  0.2123 | max_idx =  0
**pseudo_label ->  [0.1575, 0.1477, 0.1325, 0.1597, 0.1677, 0.1213, 0.1136] **
max =  0.1677 | max_idx =  4
Epoch 46/50, Train Loss: 1.9833, Valid Loss: 1.9055, Train Acc: 0.1429, Val Acc: 0.2843, Test Acc: 0.2282, Test F1: 0.0531, Total Pseudo-Labels: 0, Correct Pseudo-Labels: 0, Train Data Number: 35



line 303 => train data수 35
line 258 => 인스턴스 수 5
Step 230  Tim 1:11:53
acc_train_cw(현재 train의 class별 acc) [1.0, 0.0, 0.0, 0.0, 0.0, 0.0, 0.0]
cw_psl_total_eval(pseudo label 클래스별 총 샘플 수):  [0, 0, 0, 0, 0, 0, 0]
cw_psl_correct_eval(pseudo label 클래스별 맞은 샘플 수):  [0, 0, 0, 0, 0, 0, 0]
psl_acc(PSL 평가에서의 정확도): None 
cw_psl_acc(클래스별 PSL 평가에서의 정확도):  [nan, nan, nan, nan, nan, nan, nan]
**pseudo_label ->  [0.1626, 0.1216, 0.1198, 0.2172, 0.1492, 0.0958, 0.1339] **
max =  0.2172 | max_idx =  3
**pseudo_label ->  [0.1925, 0.1271, 0.131, 0.1521, 0.1709, 0.1092, 0.1173] **
max =  0.1925 | max_idx =  0
**pseudo_label ->  [0.1825, 0.1451, 0.1225, 0.1576, 0.1508, 0.1056, 0.1359] **
max =  0.1825 | max_idx =  0
**pseudo_label ->  [0.1866, 0.1335, 0.1248, 0.144, 0.1717, 0.1123, 0.127] **
max =  0.1866 | max_idx =  0
**pseudo_label ->  [0.1587, 0.1225, 0.1139, 0.2022, 0.1573, 0.1088, 0.1367] **
max =  0.2022 | max_idx =  3
Epoch 47/50, Train Loss: 1.9731, Valid Loss: 1.9423, Train Acc: 0.1429, Val Acc: 0.0981, Test Acc: 0.1342, Test F1: 0.0338, Total Pseudo-Labels: 0, Correct Pseudo-Labels: 0, Train Data Number: 35



line 303 => train data수 35
line 258 => 인스턴스 수 5
Step 235  Tim 1:13:26
acc_train_cw(현재 train의 class별 acc) [1.0, 0.0, 0.0, 0.0, 0.0, 0.0, 0.0]
cw_psl_total_eval(pseudo label 클래스별 총 샘플 수):  [0, 0, 0, 1, 0, 0, 0]
cw_psl_correct_eval(pseudo label 클래스별 맞은 샘플 수):  [0, 0, 0, 0, 0, 0, 0]
psl_acc(PSL 평가에서의 정확도):  0.0 
cw_psl_acc(클래스별 PSL 평가에서의 정확도):  [nan, nan, nan, 0.0, nan, nan, nan]
**pseudo_label ->  [0.1713, 0.1289, 0.135, 0.1662, 0.1263, 0.1351, 0.1372] **
max =  0.1713 | max_idx =  0
**pseudo_label ->  [0.1851, 0.1381, 0.1383, 0.1337, 0.1435, 0.141, 0.1202] **
max =  0.1851 | max_idx =  0
**pseudo_label ->  [0.1651, 0.1644, 0.1209, 0.1381, 0.1445, 0.1399, 0.1271] **
max =  0.1651 | max_idx =  0
**pseudo_label ->  [0.1795, 0.1293, 0.1319, 0.1153, 0.1665, 0.1427, 0.1348] **
max =  0.1795 | max_idx =  0
**pseudo_label ->  [0.1644, 0.1347, 0.1249, 0.1859, 0.1233, 0.1341, 0.1327] **
max =  0.1859 | max_idx =  3
Epoch 48/50, Train Loss: 1.9865, Valid Loss: 2.0156, Train Acc: 0.1429, Val Acc: 0.0981, Test Acc: 0.1342, Test F1: 0.0338, Total Pseudo-Labels: 0, Correct Pseudo-Labels: 0, Train Data Number: 35



line 303 => train data수 35
line 258 => 인스턴스 수 5
Step 240  Tim 1:14:58
acc_train_cw(현재 train의 class별 acc) [0.0, 0.0, 0.0, 0.0, 0.0, 1.0, 0.0]
cw_psl_total_eval(pseudo label 클래스별 총 샘플 수):  [0, 0, 0, 0, 0, 0, 0]
cw_psl_correct_eval(pseudo label 클래스별 맞은 샘플 수):  [0, 0, 0, 0, 0, 0, 0]
psl_acc(PSL 평가에서의 정확도): None 
cw_psl_acc(클래스별 PSL 평가에서의 정확도):  [nan, nan, nan, nan, nan, nan, nan]
**pseudo_label ->  [0.1485, 0.221, 0.0952, 0.0565, 0.0986, 0.2847, 0.0954] **
max =  0.2847 | max_idx =  5
**pseudo_label ->  [0.1405, 0.1739, 0.1255, 0.1157, 0.1276, 0.1628, 0.1539] **
max =  0.1739 | max_idx =  1
**pseudo_label ->  [0.15, 0.179, 0.1246, 0.1155, 0.1113, 0.1832, 0.1363] **
max =  0.1832 | max_idx =  5
**pseudo_label ->  [0.137, 0.1778, 0.1372, 0.1108, 0.1293, 0.1731, 0.1348] **
max =  0.1778 | max_idx =  1
**pseudo_label ->  [0.1116, 0.1371, 0.1388, 0.144, 0.1305, 0.1538, 0.1842] **
max =  0.1842 | max_idx =  6
Epoch 49/50, Train Loss: 2.0423, Valid Loss: 1.9742, Train Acc: 0.1429, Val Acc: 0.0000, Test Acc: 0.3669, Test F1: 0.0767, Total Pseudo-Labels: 0, Correct Pseudo-Labels: 0, Train Data Number: 35



line 303 => train data수 35
line 258 => 인스턴스 수 5
Step 245  Tim 1:16:30
acc_train_cw(현재 train의 class별 acc) [0.0, 1.0, 0.0, 0.0, 0.0, 0.0, 0.0]
cw_psl_total_eval(pseudo label 클래스별 총 샘플 수):  [0, 0, 0, 0, 0, 0, 0]
cw_psl_correct_eval(pseudo label 클래스별 맞은 샘플 수):  [0, 0, 0, 0, 0, 0, 0]
psl_acc(PSL 평가에서의 정확도): None 
cw_psl_acc(클래스별 PSL 평가에서의 정확도):  [nan, nan, nan, nan, nan, nan, nan]
**pseudo_label ->  [0.1058, 0.1398, 0.1639, 0.1557, 0.102, 0.1648, 0.1681] **
max =  0.1681 | max_idx =  6
**pseudo_label ->  [0.111, 0.1596, 0.1517, 0.1189, 0.1375, 0.165, 0.1565] **
max =  0.165 | max_idx =  5
**pseudo_label ->  [0.1093, 0.1656, 0.144, 0.1342, 0.1353, 0.1635, 0.148] **
max =  0.1656 | max_idx =  1
**pseudo_label ->  [0.1165, 0.156, 0.1606, 0.1299, 0.1348, 0.1592, 0.143] **
max =  0.1606 | max_idx =  2
**pseudo_label ->  [0.1057, 0.1117, 0.1834, 0.1739, 0.1095, 0.1575, 0.1581] **
max =  0.1834 | max_idx =  2
Epoch 50/50, Train Loss: 2.0054, Valid Loss: 1.9796, Train Acc: 0.1429, Val Acc: 0.1997, Test Acc: 0.0604, Test F1: 0.0163, Total Pseudo-Labels: 0, Correct Pseudo-Labels: 0, Train Data Number: 35

Training complete!
Total training took 1:17:45 (h:mm:ss)
Load model from ./experiment/java_extended_data/output/5_codebert-base_0.0003_0.7_java_extended_data_net0.pth
Save training statistics in:  ./experiment/java_extended_data/log/codebert/class5//5_codebert-base_0.0003_0.7_java_extended_data/training_statistics.csv

best_trian_loss, epoch => 1.9320796489715577 29
Epoch-1_train_loss => 2.1646109342575075
max_epoch_train_loss => 2.0053603887557983 


best_val_loss, epoch =>  1.8610956104072016 44
Epoch-1_val_loss => 1.9623670858376725
max_epoch_val_loss => 1.9795793849602972 

pse_epoch =>  [47]
추가되는 pse_epoch =>  [] 

total_data:  35 
Best_step:  25 
Best_epoch:  5 
best_val_acc:  0.28426395939086296 
best_test_acc:  0.22818791946308725 
best_test_f1:  0.05308352849336456
Save best record in:  ./experiment/java_extended_data/log/codebert/class5/summary.csv
Save best record in:  ./experiment/java_extended_data/log/summary_avgrun.csv
