current work directory:  /home/imsuhan22/few-shot-tc/JointMatch_SSL/code
java_extended_data
save_name: 30_codet5p-110m-embedding_0.0006_0.7_java_extended_data

data_path:  ../data/../data/problem_based_split/java_extended_data

There are 2 GPU(s) available.
We will use the GPU- 0 NVIDIA RTX A6000

**line 147 모델 =>  Salesforce/codet5p-110m-embedding
**tokenizer type =  Salesforce/codet5p-110m-embedding 

n_labeled_per_class:  30
train_df samples: 3851
train_labeled_df samples: 210
train_unlabeled_df samples: 3641
n_classes:  7 


net_arch:  Salesforce/codet5p-110m-embedding 
lr:  0.0006 
lr_linear:  0.001 

line 303 => train data수 210
line 258 => 인스턴스 수 30
acc_train_cw(현재 train의 class별 acc) [0.2, 0.0, 0.433, 0.0, 0.0, 0.333, 0.167]
cw_psl_total_eval(이전 pseudo label 클래스별 총 샘플 수):  [0, 0, 0, 0, 0, 0, 0]
cw_psl_correct_eval(이전 pseudo label 클래스별 맞은 샘플 수):  [0, 0, 0, 0, 0, 0, 0]
psl_acc(PSL 평가에서의 정확도): None 
cw_psl_acc(이전 클래스별 PSL 평가에서의 정확도):  [nan, nan, nan, nan, nan, nan, nan]
Save model to ./experiment/few_shot/output/
**pseudo_label ->  [0.1426, 0.134, 0.1492, 0.1428, 0.1414, 0.1467, 0.1433] **
max =  0.1492 | max_idx =  2
**pseudo_label ->  [0.1435, 0.1368, 0.1465, 0.1366, 0.1427, 0.1485, 0.1456] **
max =  0.1485 | max_idx =  5
**pseudo_label ->  [0.142, 0.1406, 0.1439, 0.1407, 0.1374, 0.1503, 0.1451] **
max =  0.1503 | max_idx =  5
**pseudo_label ->  [0.148, 0.139, 0.1445, 0.1396, 0.1354, 0.1471, 0.1465] **
max =  0.148 | max_idx =  0
**pseudo_label ->  [0.1456, 0.1349, 0.1447, 0.139, 0.1431, 0.1483, 0.1445] **
max =  0.1483 | max_idx =  5


Epoch 1/100, Train Loss: 1.9796, Valid Loss: 1.9566, Train Acc: 0.1619, Val Acc: 0.1184, Test Acc: 0.1924, Test F1: 0.1087, Total Pseudo-Labels: 0, Correct Pseudo-Labels: 0, Train Data Number: 210
line 303 => train data수 210
line 258 => 인스턴스 수 30
acc_train_cw(현재 train의 class별 acc) [0.0, 1.0, 0.0, 0.0, 0.0, 0.0, 0.0]
cw_psl_total_eval(이전 pseudo label 클래스별 총 샘플 수):  [0, 0, 0, 0, 0, 0, 0]
cw_psl_correct_eval(이전 pseudo label 클래스별 맞은 샘플 수):  [0, 0, 0, 0, 0, 0, 0]
psl_acc(PSL 평가에서의 정확도): None 
cw_psl_acc(이전 클래스별 PSL 평가에서의 정확도):  [nan, nan, nan, nan, nan, nan, nan]
Save model to ./experiment/few_shot/output/
**pseudo_label ->  [0.1464, 0.1576, 0.1445, 0.1282, 0.1373, 0.1321, 0.1539] **
max =  0.1576 | max_idx =  1
**pseudo_label ->  [0.1478, 0.1571, 0.1434, 0.1285, 0.1371, 0.132, 0.1541] **
max =  0.1571 | max_idx =  1
**pseudo_label ->  [0.1465, 0.1565, 0.1444, 0.1282, 0.1367, 0.1328, 0.155] **
max =  0.1565 | max_idx =  1
**pseudo_label ->  [0.1471, 0.1571, 0.1442, 0.1272, 0.1372, 0.1324, 0.1549] **
max =  0.1571 | max_idx =  1
**pseudo_label ->  [0.1462, 0.1573, 0.1441, 0.1282, 0.1372, 0.1328, 0.1542] **
max =  0.1573 | max_idx =  1


Epoch 2/100, Train Loss: 1.9604, Valid Loss: 1.9517, Train Acc: 0.1429, Val Acc: 0.1997, Test Acc: 0.0604, Test F1: 0.0163, Total Pseudo-Labels: 0, Correct Pseudo-Labels: 0, Train Data Number: 210
line 303 => train data수 210
line 258 => 인스턴스 수 30
acc_train_cw(현재 train의 class별 acc) [0.0, 0.0, 1.0, 0.0, 0.0, 0.0, 0.0]
cw_psl_total_eval(이전 pseudo label 클래스별 총 샘플 수):  [0, 0, 0, 0, 0, 0, 0]
cw_psl_correct_eval(이전 pseudo label 클래스별 맞은 샘플 수):  [0, 0, 0, 0, 0, 0, 0]
psl_acc(PSL 평가에서의 정확도): None 
cw_psl_acc(이전 클래스별 PSL 평가에서의 정확도):  [nan, nan, nan, nan, nan, nan, nan]
Save model to ./experiment/few_shot/output/
**pseudo_label ->  [0.1266, 0.145, 0.1525, 0.1306, 0.1473, 0.146, 0.152] **
max =  0.1525 | max_idx =  2
**pseudo_label ->  [0.1265, 0.1444, 0.1527, 0.1304, 0.1467, 0.1466, 0.1527] **
max =  0.1527 | max_idx =  6
**pseudo_label ->  [0.1272, 0.1444, 0.1527, 0.1298, 0.1473, 0.1464, 0.1522] **
max =  0.1527 | max_idx =  2
**pseudo_label ->  [0.1269, 0.1441, 0.1529, 0.1306, 0.1469, 0.1462, 0.1523] **
max =  0.1529 | max_idx =  2
**pseudo_label ->  [0.1272, 0.1446, 0.1528, 0.1301, 0.1472, 0.1459, 0.1522] **
max =  0.1528 | max_idx =  2


Epoch 3/100, Train Loss: 1.9536, Valid Loss: 1.9454, Train Acc: 0.1429, Val Acc: 0.2115, Test Acc: 0.1544, Test F1: 0.0382, Total Pseudo-Labels: 0, Correct Pseudo-Labels: 0, Train Data Number: 210
line 303 => train data수 210
line 258 => 인스턴스 수 30
acc_train_cw(현재 train의 class별 acc) [1.0, 0.0, 0.0, 0.0, 0.0, 0.0, 0.0]
cw_psl_total_eval(이전 pseudo label 클래스별 총 샘플 수):  [0, 0, 0, 0, 0, 0, 0]
cw_psl_correct_eval(이전 pseudo label 클래스별 맞은 샘플 수):  [0, 0, 0, 0, 0, 0, 0]
psl_acc(PSL 평가에서의 정확도): None 
cw_psl_acc(이전 클래스별 PSL 평가에서의 정확도):  [nan, nan, nan, nan, nan, nan, nan]
**pseudo_label ->  [0.1486, 0.1462, 0.1418, 0.1384, 0.1434, 0.1411, 0.1405] **
max =  0.1486 | max_idx =  0
**pseudo_label ->  [0.1476, 0.1458, 0.1413, 0.1385, 0.143, 0.142, 0.1418] **
max =  0.1476 | max_idx =  0
**pseudo_label ->  [0.148, 0.1453, 0.1423, 0.1387, 0.1428, 0.142, 0.141] **
max =  0.148 | max_idx =  0
**pseudo_label ->  [0.1473, 0.1453, 0.1418, 0.1388, 0.1439, 0.1413, 0.1415] **
max =  0.1473 | max_idx =  0
**pseudo_label ->  [0.1475, 0.1457, 0.1417, 0.1379, 0.1438, 0.1418, 0.1415] **
max =  0.1475 | max_idx =  0


Epoch 4/100, Train Loss: 1.9580, Valid Loss: 1.9576, Train Acc: 0.1429, Val Acc: 0.0981, Test Acc: 0.1342, Test F1: 0.0338, Total Pseudo-Labels: 0, Correct Pseudo-Labels: 0, Train Data Number: 210
line 303 => train data수 210
line 258 => 인스턴스 수 30
acc_train_cw(현재 train의 class별 acc) [0.0, 0.0, 0.0, 0.0, 0.0, 0.0, 1.0]
cw_psl_total_eval(이전 pseudo label 클래스별 총 샘플 수):  [0, 0, 0, 0, 0, 0, 0]
cw_psl_correct_eval(이전 pseudo label 클래스별 맞은 샘플 수):  [0, 0, 0, 0, 0, 0, 0]
psl_acc(PSL 평가에서의 정확도): None 
cw_psl_acc(이전 클래스별 PSL 평가에서의 정확도):  [nan, nan, nan, nan, nan, nan, nan]
**pseudo_label ->  [0.1343, 0.1448, 0.1416, 0.1374, 0.1432, 0.1445, 0.1541] **
max =  0.1541 | max_idx =  6
**pseudo_label ->  [0.1335, 0.1454, 0.1417, 0.1371, 0.1437, 0.1447, 0.154] **
max =  0.154 | max_idx =  6
**pseudo_label ->  [0.1338, 0.145, 0.1416, 0.1377, 0.1435, 0.144, 0.1543] **
max =  0.1543 | max_idx =  6
**pseudo_label ->  [0.1338, 0.1453, 0.1416, 0.1375, 0.1428, 0.1451, 0.1539] **
max =  0.1539 | max_idx =  6
**pseudo_label ->  [0.1336, 0.145, 0.1417, 0.1373, 0.1437, 0.1446, 0.1542] **
max =  0.1542 | max_idx =  6


Epoch 5/100, Train Loss: 1.9558, Valid Loss: 1.9328, Train Acc: 0.1429, Val Acc: 0.0000, Test Acc: 0.0134, Test F1: 0.0038, Total Pseudo-Labels: 0, Correct Pseudo-Labels: 0, Train Data Number: 210
line 303 => train data수 210
line 258 => 인스턴스 수 30
acc_train_cw(현재 train의 class별 acc) [0.0, 0.0, 1.0, 0.0, 0.0, 0.0, 0.0]
cw_psl_total_eval(이전 pseudo label 클래스별 총 샘플 수):  [0, 0, 0, 0, 0, 0, 0]
cw_psl_correct_eval(이전 pseudo label 클래스별 맞은 샘플 수):  [0, 0, 0, 0, 0, 0, 0]
psl_acc(PSL 평가에서의 정확도): None 
cw_psl_acc(이전 클래스별 PSL 평가에서의 정확도):  [nan, nan, nan, nan, nan, nan, nan]
**pseudo_label ->  [0.1491, 0.1446, 0.1502, 0.1421, 0.1405, 0.1404, 0.1331] **
max =  0.1502 | max_idx =  2
**pseudo_label ->  [0.1488, 0.145, 0.1501, 0.1415, 0.1405, 0.1407, 0.1334] **
max =  0.1501 | max_idx =  2
**pseudo_label ->  [0.1498, 0.1446, 0.1505, 0.1433, 0.1397, 0.1395, 0.1326] **
max =  0.1505 | max_idx =  2
**pseudo_label ->  [0.1497, 0.1452, 0.1503, 0.1429, 0.1396, 0.1398, 0.1327] **
max =  0.1503 | max_idx =  2
**pseudo_label ->  [0.1487, 0.1444, 0.1504, 0.1417, 0.1404, 0.1407, 0.1337] **
max =  0.1504 | max_idx =  2


Epoch 6/100, Train Loss: 1.9541, Valid Loss: 1.9580, Train Acc: 0.1429, Val Acc: 0.2115, Test Acc: 0.1544, Test F1: 0.0382, Total Pseudo-Labels: 0, Correct Pseudo-Labels: 0, Train Data Number: 210
line 303 => train data수 210
line 258 => 인스턴스 수 30
acc_train_cw(현재 train의 class별 acc) [0.833, 0.0, 0.0, 0.0, 0.0, 0.5, 0.0]
cw_psl_total_eval(이전 pseudo label 클래스별 총 샘플 수):  [0, 0, 0, 0, 0, 0, 0]
cw_psl_correct_eval(이전 pseudo label 클래스별 맞은 샘플 수):  [0, 0, 0, 0, 0, 0, 0]
psl_acc(PSL 평가에서의 정확도): None 
cw_psl_acc(이전 클래스별 PSL 평가에서의 정확도):  [nan, nan, nan, nan, nan, nan, nan]
**pseudo_label ->  [0.146, 0.14, 0.1429, 0.1404, 0.1376, 0.1474, 0.1457] **
max =  0.1474 | max_idx =  5
**pseudo_label ->  [0.1459, 0.1402, 0.1426, 0.1398, 0.1383, 0.1474, 0.1459] **
max =  0.1474 | max_idx =  5
**pseudo_label ->  [0.1476, 0.1395, 0.1438, 0.1439, 0.1364, 0.1456, 0.1432] **
max =  0.1476 | max_idx =  0
**pseudo_label ->  [0.1476, 0.1399, 0.1436, 0.1448, 0.1364, 0.1452, 0.1426] **
max =  0.1476 | max_idx =  0
**pseudo_label ->  [0.1457, 0.1402, 0.1432, 0.1401, 0.1379, 0.147, 0.146] **
max =  0.147 | max_idx =  5


Epoch 7/100, Train Loss: 1.9493, Valid Loss: 1.9380, Train Acc: 0.1905, Val Acc: 0.0948, Test Acc: 0.2841, Test F1: 0.1113, Total Pseudo-Labels: 0, Correct Pseudo-Labels: 0, Train Data Number: 210
line 303 => train data수 210
line 258 => 인스턴스 수 30
acc_train_cw(현재 train의 class별 acc) [0.2, 0.033, 0.0, 0.0, 0.767, 0.0, 0.3]
cw_psl_total_eval(이전 pseudo label 클래스별 총 샘플 수):  [0, 0, 0, 0, 0, 0, 0]
cw_psl_correct_eval(이전 pseudo label 클래스별 맞은 샘플 수):  [0, 0, 0, 0, 0, 0, 0]
psl_acc(PSL 평가에서의 정확도): None 
cw_psl_acc(이전 클래스별 PSL 평가에서의 정확도):  [nan, nan, nan, nan, nan, nan, nan]
Save model to ./experiment/few_shot/output/
**pseudo_label ->  [0.141, 0.1449, 0.1421, 0.1351, 0.1475, 0.1454, 0.144] **
max =  0.1475 | max_idx =  4
**pseudo_label ->  [0.132, 0.1413, 0.1412, 0.1268, 0.1555, 0.1494, 0.1538] **
max =  0.1555 | max_idx =  4
**pseudo_label ->  [0.1391, 0.1446, 0.1419, 0.1338, 0.1488, 0.1462, 0.1456] **
max =  0.1488 | max_idx =  4
**pseudo_label ->  [0.1419, 0.1451, 0.1418, 0.1359, 0.1464, 0.1453, 0.1436] **
max =  0.1464 | max_idx =  4
**pseudo_label ->  [0.1304, 0.1396, 0.1415, 0.1241, 0.1572, 0.1501, 0.1571] **
max =  0.1572 | max_idx =  4


Epoch 8/100, Train Loss: 1.9242, Valid Loss: 1.9025, Train Acc: 0.1857, Val Acc: 0.3046, Test Acc: 0.2371, Test F1: 0.1316, Total Pseudo-Labels: 0, Correct Pseudo-Labels: 0, Train Data Number: 210
line 303 => train data수 210
line 258 => 인스턴스 수 30
acc_train_cw(현재 train의 class별 acc) [0.967, 0.0, 0.0, 0.0, 0.633, 0.0, 0.0]
cw_psl_total_eval(이전 pseudo label 클래스별 총 샘플 수):  [0, 0, 0, 0, 0, 0, 0]
cw_psl_correct_eval(이전 pseudo label 클래스별 맞은 샘플 수):  [0, 0, 0, 0, 0, 0, 0]
psl_acc(PSL 평가에서의 정확도): None 
cw_psl_acc(이전 클래스별 PSL 평가에서의 정확도):  [nan, nan, nan, nan, nan, nan, nan]
**pseudo_label ->  [0.1972, 0.1781, 0.1376, 0.1476, 0.1053, 0.1187, 0.1154] **
max =  0.1972 | max_idx =  0
**pseudo_label ->  [0.1026, 0.1037, 0.1376, 0.123, 0.1833, 0.1769, 0.173] **
max =  0.1833 | max_idx =  4
**pseudo_label ->  [0.1965, 0.1791, 0.137, 0.1469, 0.1063, 0.119, 0.1152] **
max =  0.1965 | max_idx =  0
**pseudo_label ->  [0.198, 0.1785, 0.137, 0.146, 0.1059, 0.1192, 0.1153] **
max =  0.198 | max_idx =  0
**pseudo_label ->  [0.1026, 0.105, 0.1366, 0.1236, 0.1846, 0.1768, 0.1708] **
max =  0.1846 | max_idx =  4


Epoch 9/100, Train Loss: 1.9051, Valid Loss: 1.9154, Train Acc: 0.2286, Val Acc: 0.2657, Test Acc: 0.2237, Test F1: 0.1040, Total Pseudo-Labels: 0, Correct Pseudo-Labels: 0, Train Data Number: 210
line 303 => train data수 210
line 258 => 인스턴스 수 30
acc_train_cw(현재 train의 class별 acc) [0.933, 0.0, 0.0, 0.0, 0.0, 0.933, 0.0]
cw_psl_total_eval(이전 pseudo label 클래스별 총 샘플 수):  [0, 0, 0, 0, 0, 0, 0]
cw_psl_correct_eval(이전 pseudo label 클래스별 맞은 샘플 수):  [0, 0, 0, 0, 0, 0, 0]
psl_acc(PSL 평가에서의 정확도): None 
cw_psl_acc(이전 클래스별 PSL 평가에서의 정확도):  [nan, nan, nan, nan, nan, nan, nan]
**pseudo_label ->  [0.2247, 0.1511, 0.1548, 0.1554, 0.0957, 0.0983, 0.1202] **
max =  0.2247 | max_idx =  0
**pseudo_label ->  [0.093, 0.1158, 0.1337, 0.1224, 0.1786, 0.1916, 0.1649] **
max =  0.1916 | max_idx =  5
**pseudo_label ->  [0.2246, 0.1511, 0.1548, 0.1557, 0.0955, 0.0981, 0.1201] **
max =  0.2246 | max_idx =  0
**pseudo_label ->  [0.2247, 0.1512, 0.1548, 0.1557, 0.0952, 0.0984, 0.1201] **
max =  0.2247 | max_idx =  0
**pseudo_label ->  [0.0924, 0.1154, 0.1329, 0.1217, 0.1802, 0.1931, 0.1643] **
max =  0.1931 | max_idx =  5


Epoch 10/100, Train Loss: 1.8616, Valid Loss: 1.9477, Train Acc: 0.2667, Val Acc: 0.0897, Test Acc: 0.3311, Test F1: 0.1227, Total Pseudo-Labels: 0, Correct Pseudo-Labels: 0, Train Data Number: 210
line 303 => train data수 210
line 258 => 인스턴스 수 30
acc_train_cw(현재 train의 class별 acc) [0.7, 0.0, 0.0, 0.0, 0.0, 1.0, 0.0]
cw_psl_total_eval(이전 pseudo label 클래스별 총 샘플 수):  [0, 0, 0, 0, 0, 0, 0]
cw_psl_correct_eval(이전 pseudo label 클래스별 맞은 샘플 수):  [0, 0, 0, 0, 0, 0, 0]
psl_acc(PSL 평가에서의 정확도): None 
cw_psl_acc(이전 클래스별 PSL 평가에서의 정확도):  [nan, nan, nan, nan, nan, nan, nan]
**pseudo_label ->  [0.0787, 0.1075, 0.1316, 0.1068, 0.1883, 0.2241, 0.163] **
max =  0.2241 | max_idx =  5
**pseudo_label ->  [0.0793, 0.1064, 0.1313, 0.1055, 0.1874, 0.226, 0.164] **
max =  0.226 | max_idx =  5
**pseudo_label ->  [0.0794, 0.1106, 0.1309, 0.1093, 0.1926, 0.2172, 0.16] **
max =  0.2172 | max_idx =  5
**pseudo_label ->  [0.0786, 0.1085, 0.1312, 0.1068, 0.19, 0.2232, 0.1618] **
max =  0.2232 | max_idx =  5
**pseudo_label ->  [0.0795, 0.1064, 0.1312, 0.1051, 0.1882, 0.2261, 0.1634] **
max =  0.2261 | max_idx =  5


Epoch 11/100, Train Loss: 1.8493, Valid Loss: 1.9229, Train Acc: 0.2429, Val Acc: 0.0761, Test Acc: 0.3669, Test F1: 0.1355, Total Pseudo-Labels: 0, Correct Pseudo-Labels: 0, Train Data Number: 210
line 303 => train data수 210
line 258 => 인스턴스 수 30
acc_train_cw(현재 train의 class별 acc) [0.8, 0.0, 0.0, 0.0, 0.0, 1.0, 0.0]
cw_psl_total_eval(이전 pseudo label 클래스별 총 샘플 수):  [0, 0, 0, 0, 0, 0, 0]
cw_psl_correct_eval(이전 pseudo label 클래스별 맞은 샘플 수):  [0, 0, 0, 0, 0, 0, 0]
psl_acc(PSL 평가에서의 정확도): None 
cw_psl_acc(이전 클래스별 PSL 평가에서의 정확도):  [nan, nan, nan, nan, nan, nan, nan]
**pseudo_label ->  [0.0686, 0.0997, 0.1371, 0.1146, 0.1821, 0.2219, 0.1759] **
max =  0.2219 | max_idx =  5
**pseudo_label ->  [0.0686, 0.0995, 0.1365, 0.1146, 0.1836, 0.2224, 0.1749] **
max =  0.2224 | max_idx =  5
**pseudo_label ->  [0.2692, 0.1657, 0.1366, 0.1499, 0.0895, 0.082, 0.1071] **
max =  0.2692 | max_idx =  0
**pseudo_label ->  [0.0751, 0.1106, 0.1379, 0.1249, 0.1814, 0.2028, 0.1674] **
max =  0.2028 | max_idx =  5
**pseudo_label ->  [0.0686, 0.0992, 0.1368, 0.1141, 0.1829, 0.2224, 0.1761] **
max =  0.2224 | max_idx =  5


Epoch 12/100, Train Loss: 1.9206, Valid Loss: 1.9661, Train Acc: 0.2571, Val Acc: 0.0829, Test Acc: 0.3221, Test F1: 0.1205, Total Pseudo-Labels: 0, Correct Pseudo-Labels: 0, Train Data Number: 210
line 303 => train data수 210
line 258 => 인스턴스 수 30
acc_train_cw(현재 train의 class별 acc) [0.367, 0.0, 0.0, 0.0, 0.0, 1.0, 0.0]
cw_psl_total_eval(이전 pseudo label 클래스별 총 샘플 수):  [0, 0, 0, 0, 0, 0, 0]
cw_psl_correct_eval(이전 pseudo label 클래스별 맞은 샘플 수):  [0, 0, 0, 0, 0, 0, 0]
psl_acc(PSL 평가에서의 정확도): None 
cw_psl_acc(이전 클래스별 PSL 평가에서의 정확도):  [nan, nan, nan, nan, nan, nan, nan]
**pseudo_label ->  [0.0709, 0.1095, 0.1491, 0.1141, 0.1521, 0.2426, 0.1617] **
max =  0.2426 | max_idx =  5
**pseudo_label ->  [0.0692, 0.1072, 0.1465, 0.1122, 0.1532, 0.2488, 0.1629] **
max =  0.2488 | max_idx =  5
**pseudo_label ->  [0.0841, 0.1238, 0.1508, 0.1309, 0.158, 0.2031, 0.1493] **
max =  0.2031 | max_idx =  5
**pseudo_label ->  [0.0708, 0.1102, 0.1492, 0.1144, 0.1525, 0.2416, 0.1612] **
max =  0.2416 | max_idx =  5
**pseudo_label ->  [0.0689, 0.1073, 0.1471, 0.1121, 0.153, 0.2488, 0.1628] **
max =  0.2488 | max_idx =  5


Epoch 13/100, Train Loss: 1.8299, Valid Loss: 1.8963, Train Acc: 0.1952, Val Acc: 0.0508, Test Acc: 0.4452, Test F1: 0.1809, Total Pseudo-Labels: 0, Correct Pseudo-Labels: 0, Train Data Number: 210
line 303 => train data수 210
line 258 => 인스턴스 수 30
acc_train_cw(현재 train의 class별 acc) [0.833, 0.0, 0.0, 0.0, 0.0, 0.967, 0.0]
cw_psl_total_eval(이전 pseudo label 클래스별 총 샘플 수):  [0, 0, 0, 0, 0, 0, 0]
cw_psl_correct_eval(이전 pseudo label 클래스별 맞은 샘플 수):  [0, 0, 0, 0, 0, 0, 0]
psl_acc(PSL 평가에서의 정확도): None 
cw_psl_acc(이전 클래스별 PSL 평가에서의 정확도):  [nan, nan, nan, nan, nan, nan, nan]
**pseudo_label ->  [0.2311, 0.1705, 0.1471, 0.1841, 0.0989, 0.0721, 0.0963] **
max =  0.2311 | max_idx =  0
**pseudo_label ->  [0.0723, 0.0951, 0.1294, 0.091, 0.1654, 0.2542, 0.1926] **
max =  0.2542 | max_idx =  5
**pseudo_label ->  [0.2344, 0.1692, 0.1461, 0.1842, 0.0984, 0.0718, 0.0959] **
max =  0.2344 | max_idx =  0
**pseudo_label ->  [0.2284, 0.1703, 0.1475, 0.1843, 0.1, 0.0731, 0.0965] **
max =  0.2284 | max_idx =  0
**pseudo_label ->  [0.0726, 0.0953, 0.129, 0.0906, 0.166, 0.253, 0.1935] **
max =  0.253 | max_idx =  5


Epoch 14/100, Train Loss: 1.7901, Valid Loss: 1.8255, Train Acc: 0.2571, Val Acc: 0.0914, Test Acc: 0.2908, Test F1: 0.1185, Total Pseudo-Labels: 0, Correct Pseudo-Labels: 0, Train Data Number: 210
line 303 => train data수 210
line 258 => 인스턴스 수 30
acc_train_cw(현재 train의 class별 acc) [0.967, 0.0, 0.0, 0.0, 0.0, 0.867, 0.0]
cw_psl_total_eval(이전 pseudo label 클래스별 총 샘플 수):  [0, 0, 0, 0, 0, 0, 0]
cw_psl_correct_eval(이전 pseudo label 클래스별 맞은 샘플 수):  [0, 0, 0, 0, 0, 0, 0]
psl_acc(PSL 평가에서의 정확도): None 
cw_psl_acc(이전 클래스별 PSL 평가에서의 정확도):  [nan, nan, nan, nan, nan, nan, nan]
**pseudo_label ->  [0.2318, 0.1731, 0.1495, 0.2073, 0.0859, 0.0656, 0.0868] **
max =  0.2318 | max_idx =  0
**pseudo_label ->  [0.0701, 0.0894, 0.1188, 0.0764, 0.1774, 0.2616, 0.2062] **
max =  0.2616 | max_idx =  5
**pseudo_label ->  [0.2311, 0.1732, 0.1495, 0.2078, 0.0859, 0.0654, 0.0871] **
max =  0.2311 | max_idx =  0
**pseudo_label ->  [0.2311, 0.1732, 0.1491, 0.2081, 0.0861, 0.0654, 0.087] **
max =  0.2311 | max_idx =  0
**pseudo_label ->  [0.0704, 0.089, 0.1185, 0.0766, 0.1783, 0.2606, 0.2065] **
max =  0.2606 | max_idx =  5


Epoch 15/100, Train Loss: 1.7478, Valid Loss: 1.8033, Train Acc: 0.2619, Val Acc: 0.0914, Test Acc: 0.2506, Test F1: 0.0964, Total Pseudo-Labels: 0, Correct Pseudo-Labels: 0, Train Data Number: 210
line 303 => train data수 210
line 258 => 인스턴스 수 30
acc_train_cw(현재 train의 class별 acc) [0.9, 0.0, 0.0, 0.0, 0.0, 0.8, 0.0]
cw_psl_total_eval(이전 pseudo label 클래스별 총 샘플 수):  [0, 0, 0, 0, 0, 0, 0]
cw_psl_correct_eval(이전 pseudo label 클래스별 맞은 샘플 수):  [0, 0, 0, 0, 0, 0, 0]
psl_acc(PSL 평가에서의 정확도): None 
cw_psl_acc(이전 클래스별 PSL 평가에서의 정확도):  [nan, nan, nan, nan, nan, nan, nan]
**pseudo_label ->  [0.2258, 0.1892, 0.1608, 0.2087, 0.0815, 0.0588, 0.0753] **
max =  0.2258 | max_idx =  0
**pseudo_label ->  [0.0675, 0.0777, 0.1041, 0.0712, 0.1857, 0.2703, 0.2235] **
max =  0.2703 | max_idx =  5
**pseudo_label ->  [0.2233, 0.1901, 0.1607, 0.2091, 0.0824, 0.0587, 0.0758] **
max =  0.2233 | max_idx =  0
**pseudo_label ->  [0.2268, 0.1892, 0.1592, 0.2092, 0.0817, 0.0584, 0.0755] **
max =  0.2268 | max_idx =  0
**pseudo_label ->  [0.0676, 0.0774, 0.1041, 0.0712, 0.1845, 0.2713, 0.2239] **
max =  0.2713 | max_idx =  5


Epoch 16/100, Train Loss: 1.7856, Valid Loss: 1.7819, Train Acc: 0.2429, Val Acc: 0.0948, Test Acc: 0.2998, Test F1: 0.1138, Total Pseudo-Labels: 0, Correct Pseudo-Labels: 0, Train Data Number: 210
line 303 => train data수 210
line 258 => 인스턴스 수 30
acc_train_cw(현재 train의 class별 acc) [0.9, 0.0, 0.0, 0.0, 0.0, 0.767, 0.0]
cw_psl_total_eval(이전 pseudo label 클래스별 총 샘플 수):  [0, 0, 0, 0, 0, 0, 0]
cw_psl_correct_eval(이전 pseudo label 클래스별 맞은 샘플 수):  [0, 0, 0, 0, 0, 0, 0]
psl_acc(PSL 평가에서의 정확도): None 
cw_psl_acc(이전 클래스별 PSL 평가에서의 정확도):  [nan, nan, nan, nan, nan, nan, nan]
**pseudo_label ->  [0.2318, 0.1933, 0.1641, 0.2102, 0.0732, 0.0593, 0.0681] **
max =  0.2318 | max_idx =  0
**pseudo_label ->  [0.0647, 0.0731, 0.0997, 0.0682, 0.2006, 0.2553, 0.2383] **
max =  0.2553 | max_idx =  5
**pseudo_label ->  [0.2296, 0.194, 0.1647, 0.2102, 0.0738, 0.0595, 0.0682] **
max =  0.2296 | max_idx =  0
**pseudo_label ->  [0.2294, 0.1943, 0.1648, 0.2099, 0.0738, 0.0596, 0.0683] **
max =  0.2294 | max_idx =  0
**pseudo_label ->  [0.0643, 0.0731, 0.0998, 0.068, 0.1998, 0.2574, 0.2376] **
max =  0.2574 | max_idx =  5


Epoch 17/100, Train Loss: 1.7772, Valid Loss: 1.7922, Train Acc: 0.2381, Val Acc: 0.0931, Test Acc: 0.2886, Test F1: 0.1098, Total Pseudo-Labels: 0, Correct Pseudo-Labels: 0, Train Data Number: 210
line 303 => train data수 210
line 258 => 인스턴스 수 30
acc_train_cw(현재 train의 class별 acc) [0.9, 0.0, 0.0, 0.0, 0.0, 0.8, 0.0]
cw_psl_total_eval(이전 pseudo label 클래스별 총 샘플 수):  [0, 0, 0, 0, 0, 0, 0]
cw_psl_correct_eval(이전 pseudo label 클래스별 맞은 샘플 수):  [0, 0, 0, 0, 0, 0, 0]
psl_acc(PSL 평가에서의 정확도): None 
cw_psl_acc(이전 클래스별 PSL 평가에서의 정확도):  [nan, nan, nan, nan, nan, nan, nan]
**pseudo_label ->  [0.2237, 0.1895, 0.1729, 0.2166, 0.0699, 0.0598, 0.0677] **
max =  0.2237 | max_idx =  0
**pseudo_label ->  [0.0626, 0.0737, 0.0966, 0.0646, 0.208, 0.2561, 0.2383] **
max =  0.2561 | max_idx =  5
**pseudo_label ->  [0.2226, 0.1884, 0.1736, 0.2177, 0.0702, 0.0598, 0.0677] **
max =  0.2226 | max_idx =  0
**pseudo_label ->  [0.2224, 0.189, 0.1738, 0.2171, 0.0699, 0.06, 0.0678] **
max =  0.2224 | max_idx =  0
**pseudo_label ->  [0.0625, 0.0738, 0.0967, 0.0646, 0.2071, 0.2563, 0.2389] **
max =  0.2563 | max_idx =  5


Epoch 18/100, Train Loss: 1.8001, Valid Loss: 1.7847, Train Acc: 0.2429, Val Acc: 0.0931, Test Acc: 0.3043, Test F1: 0.1154, Total Pseudo-Labels: 0, Correct Pseudo-Labels: 0, Train Data Number: 210
line 303 => train data수 210
line 258 => 인스턴스 수 30
acc_train_cw(현재 train의 class별 acc) [0.9, 0.0, 0.033, 0.0, 0.0, 0.867, 0.0]
cw_psl_total_eval(이전 pseudo label 클래스별 총 샘플 수):  [0, 0, 0, 0, 0, 0, 0]
cw_psl_correct_eval(이전 pseudo label 클래스별 맞은 샘플 수):  [0, 0, 0, 0, 0, 0, 0]
psl_acc(PSL 평가에서의 정확도): None 
cw_psl_acc(이전 클래스별 PSL 평가에서의 정확도):  [nan, nan, nan, nan, nan, nan, nan]
**pseudo_label ->  [0.2444, 0.1926, 0.1702, 0.202, 0.0701, 0.0576, 0.063] **
max =  0.2444 | max_idx =  0
**pseudo_label ->  [0.0602, 0.0799, 0.1034, 0.0768, 0.205, 0.2383, 0.2365] **
max =  0.2383 | max_idx =  5
**pseudo_label ->  [0.2447, 0.1921, 0.1699, 0.2036, 0.0698, 0.0573, 0.0627] **
max =  0.2447 | max_idx =  0
**pseudo_label ->  [0.2449, 0.192, 0.1698, 0.2036, 0.0697, 0.0575, 0.0626] **
max =  0.2449 | max_idx =  0
**pseudo_label ->  [0.0606, 0.0801, 0.1035, 0.0773, 0.2036, 0.239, 0.2358] **
max =  0.239 | max_idx =  5


Epoch 19/100, Train Loss: 1.7613, Valid Loss: 1.7521, Train Acc: 0.2571, Val Acc: 0.0880, Test Acc: 0.3266, Test F1: 0.1272, Total Pseudo-Labels: 0, Correct Pseudo-Labels: 0, Train Data Number: 210
line 303 => train data수 210
line 258 => 인스턴스 수 30
acc_train_cw(현재 train의 class별 acc) [0.9, 0.0, 0.0, 0.0, 0.0, 0.733, 0.0]
cw_psl_total_eval(이전 pseudo label 클래스별 총 샘플 수):  [0, 0, 0, 0, 0, 0, 0]
cw_psl_correct_eval(이전 pseudo label 클래스별 맞은 샘플 수):  [0, 0, 0, 0, 0, 0, 0]
psl_acc(PSL 평가에서의 정확도): None 
cw_psl_acc(이전 클래스별 PSL 평가에서의 정확도):  [nan, nan, nan, nan, nan, nan, nan]
**pseudo_label ->  [0.2249, 0.1954, 0.1739, 0.2163, 0.07, 0.0573, 0.0622] **
max =  0.2249 | max_idx =  0
**pseudo_label ->  [0.0583, 0.0685, 0.0926, 0.0627, 0.2139, 0.2528, 0.2512] **
max =  0.2528 | max_idx =  5
**pseudo_label ->  [0.225, 0.1958, 0.1739, 0.2161, 0.0697, 0.0575, 0.0619] **
max =  0.225 | max_idx =  0
**pseudo_label ->  [0.2261, 0.1954, 0.1735, 0.216, 0.0699, 0.0572, 0.0619] **
max =  0.2261 | max_idx =  0
**pseudo_label ->  [0.0583, 0.0685, 0.0923, 0.0625, 0.2133, 0.253, 0.252] **
max =  0.253 | max_idx =  5


Epoch 20/100, Train Loss: 1.7525, Valid Loss: 1.7584, Train Acc: 0.2333, Val Acc: 0.0948, Test Acc: 0.2908, Test F1: 0.1177, Total Pseudo-Labels: 0, Correct Pseudo-Labels: 0, Train Data Number: 210
line 303 => train data수 210
line 258 => 인스턴스 수 30
acc_train_cw(현재 train의 class별 acc) [0.9, 0.0, 0.0, 0.1, 0.0, 0.767, 0.0]
cw_psl_total_eval(이전 pseudo label 클래스별 총 샘플 수):  [0, 0, 0, 0, 0, 0, 0]
cw_psl_correct_eval(이전 pseudo label 클래스별 맞은 샘플 수):  [0, 0, 0, 0, 0, 0, 0]
psl_acc(PSL 평가에서의 정확도): None 
cw_psl_acc(이전 클래스별 PSL 평가에서의 정확도):  [nan, nan, nan, nan, nan, nan, nan]
**pseudo_label ->  [0.2211, 0.2056, 0.1691, 0.2203, 0.068, 0.0567, 0.0591] **
max =  0.2211 | max_idx =  0
**pseudo_label ->  [0.0585, 0.0633, 0.0902, 0.0582, 0.2102, 0.2615, 0.2582] **
max =  0.2615 | max_idx =  5
**pseudo_label ->  [0.2207, 0.206, 0.1691, 0.2205, 0.0676, 0.057, 0.0592] **
max =  0.2207 | max_idx =  0
**pseudo_label ->  [0.2238, 0.2053, 0.1685, 0.2201, 0.0671, 0.0564, 0.0589] **
max =  0.2238 | max_idx =  0
**pseudo_label ->  [0.058, 0.0632, 0.09, 0.0583, 0.2095, 0.2631, 0.2579] **
max =  0.2631 | max_idx =  5


Epoch 21/100, Train Loss: 1.7431, Valid Loss: 1.7532, Train Acc: 0.2524, Val Acc: 0.1134, Test Acc: 0.2975, Test F1: 0.1345, Total Pseudo-Labels: 0, Correct Pseudo-Labels: 0, Train Data Number: 210
line 303 => train data수 210
line 258 => 인스턴스 수 30
acc_train_cw(현재 train의 class별 acc) [0.0, 0.0, 0.0, 0.933, 0.0, 0.1, 0.767]
cw_psl_total_eval(이전 pseudo label 클래스별 총 샘플 수):  [0, 0, 0, 0, 0, 0, 0]
cw_psl_correct_eval(이전 pseudo label 클래스별 맞은 샘플 수):  [0, 0, 0, 0, 0, 0, 0]
psl_acc(PSL 평가에서의 정확도): None 
cw_psl_acc(이전 클래스별 PSL 평가에서의 정확도):  [nan, nan, nan, nan, nan, nan, nan]
**pseudo_label ->  [0.2147, 0.2122, 0.1751, 0.2174, 0.0663, 0.059, 0.0553] **
max =  0.2174 | max_idx =  3
**pseudo_label ->  [0.057, 0.0602, 0.0865, 0.0567, 0.2168, 0.2549, 0.2678] **
max =  0.2678 | max_idx =  6
**pseudo_label ->  [0.2161, 0.2122, 0.1745, 0.2178, 0.0656, 0.0587, 0.055] **
max =  0.2178 | max_idx =  3
**pseudo_label ->  [0.2148, 0.2122, 0.1752, 0.2173, 0.0664, 0.0588, 0.0553] **
max =  0.2173 | max_idx =  3
**pseudo_label ->  [0.0561, 0.0605, 0.0868, 0.0568, 0.2171, 0.2562, 0.2666] **
max =  0.2666 | max_idx =  6


Epoch 22/100, Train Loss: 1.7387, Valid Loss: 1.7449, Train Acc: 0.2571, Val Acc: 0.1929, Test Acc: 0.0649, Test F1: 0.0359, Total Pseudo-Labels: 0, Correct Pseudo-Labels: 0, Train Data Number: 210
line 303 => train data수 210
line 258 => 인스턴스 수 30
acc_train_cw(현재 train의 class별 acc) [0.0, 0.0, 0.0, 0.933, 0.0, 0.1, 0.767]
cw_psl_total_eval(이전 pseudo label 클래스별 총 샘플 수):  [0, 0, 0, 0, 0, 0, 0]
cw_psl_correct_eval(이전 pseudo label 클래스별 맞은 샘플 수):  [0, 0, 0, 0, 0, 0, 0]
psl_acc(PSL 평가에서의 정확도): None 
cw_psl_acc(이전 클래스별 PSL 평가에서의 정확도):  [nan, nan, nan, nan, nan, nan, nan]
**pseudo_label ->  [0.2225, 0.2068, 0.1717, 0.2275, 0.06, 0.0574, 0.0541] **
max =  0.2275 | max_idx =  3
**pseudo_label ->  [0.0548, 0.0603, 0.0868, 0.0538, 0.2315, 0.2515, 0.2614] **
max =  0.2614 | max_idx =  6
**pseudo_label ->  [0.223, 0.2068, 0.1717, 0.2273, 0.0598, 0.0572, 0.0541] **
max =  0.2273 | max_idx =  3
**pseudo_label ->  [0.2213, 0.2073, 0.1721, 0.2272, 0.0602, 0.0576, 0.0543] **
max =  0.2272 | max_idx =  3
**pseudo_label ->  [0.0546, 0.0603, 0.0869, 0.0537, 0.2309, 0.2519, 0.2617] **
max =  0.2617 | max_idx =  6


Epoch 23/100, Train Loss: 1.7511, Valid Loss: 1.8680, Train Acc: 0.2571, Val Acc: 0.1929, Test Acc: 0.0671, Test F1: 0.0368, Total Pseudo-Labels: 0, Correct Pseudo-Labels: 0, Train Data Number: 210
line 303 => train data수 210
line 258 => 인스턴스 수 30
acc_train_cw(현재 train의 class별 acc) [0.0, 0.0, 0.0, 0.833, 0.0, 0.033, 0.833]
cw_psl_total_eval(이전 pseudo label 클래스별 총 샘플 수):  [0, 0, 0, 0, 0, 0, 0]
cw_psl_correct_eval(이전 pseudo label 클래스별 맞은 샘플 수):  [0, 0, 0, 0, 0, 0, 0]
psl_acc(PSL 평가에서의 정확도): None 
cw_psl_acc(이전 클래스별 PSL 평가에서의 정확도):  [nan, nan, nan, nan, nan, nan, nan]
**pseudo_label ->  [0.1967, 0.2161, 0.1782, 0.222, 0.0674, 0.0646, 0.055] **
max =  0.222 | max_idx =  3
**pseudo_label ->  [0.056, 0.0559, 0.0841, 0.0521, 0.2234, 0.2506, 0.2779] **
max =  0.2779 | max_idx =  6
**pseudo_label ->  [0.1983, 0.2156, 0.178, 0.2228, 0.0668, 0.0638, 0.0547] **
max =  0.2228 | max_idx =  3
**pseudo_label ->  [0.1867, 0.2156, 0.1814, 0.2178, 0.0716, 0.0693, 0.0576] **
max =  0.2178 | max_idx =  3
**pseudo_label ->  [0.0555, 0.0561, 0.084, 0.0519, 0.2234, 0.2515, 0.2775] **
max =  0.2775 | max_idx =  6


Epoch 24/100, Train Loss: 1.7490, Valid Loss: 1.7486, Train Acc: 0.2429, Val Acc: 0.1557, Test Acc: 0.0940, Test F1: 0.0560, Total Pseudo-Labels: 0, Correct Pseudo-Labels: 0, Train Data Number: 210
line 303 => train data수 210
line 258 => 인스턴스 수 30
acc_train_cw(현재 train의 class별 acc) [0.9, 0.0, 0.0, 0.0, 0.0, 0.0, 0.767]
cw_psl_total_eval(이전 pseudo label 클래스별 총 샘플 수):  [0, 0, 0, 0, 0, 0, 0]
cw_psl_correct_eval(이전 pseudo label 클래스별 맞은 샘플 수):  [0, 0, 0, 0, 0, 0, 0]
psl_acc(PSL 평가에서의 정확도): None 
cw_psl_acc(이전 클래스별 PSL 평가에서의 정확도):  [nan, nan, nan, nan, nan, nan, nan]
**pseudo_label ->  [0.2409, 0.202, 0.1664, 0.2288, 0.0556, 0.0559, 0.0505] **
max =  0.2409 | max_idx =  0
**pseudo_label ->  [0.0461, 0.0628, 0.0892, 0.053, 0.2245, 0.2589, 0.2655] **
max =  0.2655 | max_idx =  6
**pseudo_label ->  [0.262, 0.1943, 0.1652, 0.2223, 0.056, 0.0513, 0.0488] **
max =  0.262 | max_idx =  0
**pseudo_label ->  [0.2537, 0.1983, 0.1657, 0.2262, 0.0549, 0.0525, 0.0488] **
max =  0.2537 | max_idx =  0
**pseudo_label ->  [0.0459, 0.0653, 0.091, 0.0556, 0.2247, 0.2584, 0.2592] **
max =  0.2592 | max_idx =  6


Epoch 25/100, Train Loss: 1.7008, Valid Loss: 1.7731, Train Acc: 0.2381, Val Acc: 0.1151, Test Acc: 0.1432, Test F1: 0.0737, Total Pseudo-Labels: 0, Correct Pseudo-Labels: 0, Train Data Number: 210
line 303 => train data수 210
line 258 => 인스턴스 수 30
acc_train_cw(현재 train의 class별 acc) [0.867, 0.0, 0.0, 0.233, 0.0, 0.133, 0.8]
cw_psl_total_eval(이전 pseudo label 클래스별 총 샘플 수):  [0, 0, 0, 0, 0, 0, 0]
cw_psl_correct_eval(이전 pseudo label 클래스별 맞은 샘플 수):  [0, 0, 0, 0, 0, 0, 0]
psl_acc(PSL 평가에서의 정확도): None 
cw_psl_acc(이전 클래스별 PSL 평가에서의 정확도):  [nan, nan, nan, nan, nan, nan, nan]
**pseudo_label ->  [0.1476, 0.1998, 0.1659, 0.1969, 0.0856, 0.1145, 0.0897] **
max =  0.1998 | max_idx =  1
**pseudo_label ->  [0.0497, 0.0547, 0.0833, 0.0501, 0.2427, 0.2446, 0.2749] **
max =  0.2749 | max_idx =  6
**pseudo_label ->  [0.219, 0.2158, 0.1653, 0.2287, 0.0544, 0.0631, 0.0538] **
max =  0.2287 | max_idx =  3
**pseudo_label ->  [0.2052, 0.2163, 0.1668, 0.2257, 0.058, 0.0698, 0.0581] **
max =  0.2257 | max_idx =  3
**pseudo_label ->  [0.0484, 0.0546, 0.0824, 0.0501, 0.2431, 0.2478, 0.2736] **
max =  0.2736 | max_idx =  6


Epoch 26/100, Train Loss: 1.6621, Valid Loss: 1.8017, Train Acc: 0.2905, Val Acc: 0.1337, Test Acc: 0.1477, Test F1: 0.1217, Total Pseudo-Labels: 0, Correct Pseudo-Labels: 0, Train Data Number: 210
line 303 => train data수 210
line 258 => 인스턴스 수 30
acc_train_cw(현재 train의 class별 acc) [0.833, 0.0, 0.0, 0.333, 0.0, 0.067, 0.867]
cw_psl_total_eval(이전 pseudo label 클래스별 총 샘플 수):  [0, 0, 0, 0, 0, 0, 0]
cw_psl_correct_eval(이전 pseudo label 클래스별 맞은 샘플 수):  [0, 0, 0, 0, 0, 0, 0]
psl_acc(PSL 평가에서의 정확도): None 
cw_psl_acc(이전 클래스별 PSL 평가에서의 정확도):  [nan, nan, nan, nan, nan, nan, nan]
**pseudo_label ->  [0.2738, 0.1979, 0.164, 0.2264, 0.0465, 0.0462, 0.045] **
max =  0.2738 | max_idx =  0
**pseudo_label ->  [0.0453, 0.0531, 0.0785, 0.0464, 0.2466, 0.2545, 0.2756] **
max =  0.2756 | max_idx =  6
**pseudo_label ->  [0.0856, 0.1366, 0.1361, 0.1413, 0.1473, 0.2011, 0.152] **
max =  0.2011 | max_idx =  5
**pseudo_label ->  [0.2432, 0.2073, 0.1667, 0.2378, 0.0479, 0.0514, 0.0458] **
max =  0.2432 | max_idx =  0
**pseudo_label ->  [0.0458, 0.0533, 0.0788, 0.0464, 0.249, 0.2523, 0.2744] **
max =  0.2744 | max_idx =  6


Epoch 27/100, Train Loss: 1.6370, Valid Loss: 1.7562, Train Acc: 0.3000, Val Acc: 0.1083, Test Acc: 0.1678, Test F1: 0.1112, Total Pseudo-Labels: 0, Correct Pseudo-Labels: 0, Train Data Number: 210
line 303 => train data수 210
line 258 => 인스턴스 수 30
acc_train_cw(현재 train의 class별 acc) [0.8, 0.0, 0.0, 0.5, 0.0, 0.8, 0.0]
cw_psl_total_eval(이전 pseudo label 클래스별 총 샘플 수):  [0, 0, 0, 0, 0, 0, 0]
cw_psl_correct_eval(이전 pseudo label 클래스별 맞은 샘플 수):  [0, 0, 0, 0, 0, 0, 0]
psl_acc(PSL 평가에서의 정확도): None 
cw_psl_acc(이전 클래스별 PSL 평가에서의 정확도):  [nan, nan, nan, nan, nan, nan, nan]
**pseudo_label ->  [0.2637, 0.2008, 0.1766, 0.23, 0.0425, 0.0432, 0.0432] **
max =  0.2637 | max_idx =  0
**pseudo_label ->  [0.0406, 0.0515, 0.0706, 0.0455, 0.2543, 0.2735, 0.2639] **
max =  0.2735 | max_idx =  5
**pseudo_label ->  [0.2352, 0.2061, 0.1785, 0.2418, 0.0446, 0.0486, 0.0452] **
max =  0.2418 | max_idx =  3
**pseudo_label ->  [0.2317, 0.2062, 0.1789, 0.243, 0.045, 0.0495, 0.0457] **
max =  0.243 | max_idx =  3
**pseudo_label ->  [0.0411, 0.051, 0.0702, 0.0447, 0.2544, 0.2715, 0.267] **
max =  0.2715 | max_idx =  5


Epoch 28/100, Train Loss: 1.6513, Valid Loss: 1.7559, Train Acc: 0.3000, Val Acc: 0.1472, Test Acc: 0.2953, Test F1: 0.1587, Total Pseudo-Labels: 0, Correct Pseudo-Labels: 0, Train Data Number: 210
line 303 => train data수 210
line 258 => 인스턴스 수 30
acc_train_cw(현재 train의 class별 acc) [0.9, 0.0, 0.0, 0.0, 0.0, 0.167, 0.767]
cw_psl_total_eval(이전 pseudo label 클래스별 총 샘플 수):  [0, 0, 0, 0, 0, 0, 0]
cw_psl_correct_eval(이전 pseudo label 클래스별 맞은 샘플 수):  [0, 0, 0, 0, 0, 0, 0]
psl_acc(PSL 평가에서의 정확도): None 
cw_psl_acc(이전 클래스별 PSL 평가에서의 정확도):  [nan, nan, nan, nan, nan, nan, nan]
**pseudo_label ->  [0.259, 0.215, 0.1704, 0.2326, 0.0407, 0.0407, 0.0416] **
max =  0.259 | max_idx =  0
**pseudo_label ->  [0.0419, 0.0459, 0.0705, 0.0418, 0.2583, 0.27, 0.2716] **
max =  0.2716 | max_idx =  6
**pseudo_label ->  [0.2592, 0.2152, 0.1706, 0.2318, 0.0407, 0.0408, 0.0417] **
max =  0.2592 | max_idx =  0
**pseudo_label ->  [0.2571, 0.2156, 0.1708, 0.2331, 0.0408, 0.041, 0.0416] **
max =  0.2571 | max_idx =  0
**pseudo_label ->  [0.0414, 0.0463, 0.0707, 0.042, 0.2592, 0.2711, 0.2694] **
max =  0.2711 | max_idx =  5


Epoch 29/100, Train Loss: 1.6454, Valid Loss: 1.9493, Train Acc: 0.2619, Val Acc: 0.0981, Test Acc: 0.1521, Test F1: 0.0706, Total Pseudo-Labels: 0, Correct Pseudo-Labels: 0, Train Data Number: 210
line 303 => train data수 210
line 258 => 인스턴스 수 30
acc_train_cw(현재 train의 class별 acc) [0.733, 0.0, 0.0, 0.133, 0.0, 0.033, 0.967]
cw_psl_total_eval(이전 pseudo label 클래스별 총 샘플 수):  [0, 0, 0, 0, 0, 0, 0]
cw_psl_correct_eval(이전 pseudo label 클래스별 맞은 샘플 수):  [0, 0, 0, 0, 0, 0, 0]
psl_acc(PSL 평가에서의 정확도): None 
cw_psl_acc(이전 클래스별 PSL 평가에서의 정확도):  [nan, nan, nan, nan, nan, nan, nan]
**pseudo_label ->  [0.2688, 0.2124, 0.1797, 0.2204, 0.04, 0.0405, 0.0383] **
max =  0.2688 | max_idx =  0
**pseudo_label ->  [0.0387, 0.045, 0.0655, 0.0422, 0.2561, 0.2639, 0.2886] **
max =  0.2886 | max_idx =  6
**pseudo_label ->  [0.2699, 0.2119, 0.1794, 0.2201, 0.0398, 0.0405, 0.0383] **
max =  0.2699 | max_idx =  0
**pseudo_label ->  [0.0372, 0.0491, 0.0682, 0.0473, 0.2504, 0.2732, 0.2747] **
max =  0.2747 | max_idx =  6
**pseudo_label ->  [0.0405, 0.0444, 0.0663, 0.0412, 0.2587, 0.2592, 0.2896] **
max =  0.2896 | max_idx =  6


Epoch 30/100, Train Loss: 1.7276, Valid Loss: 1.9371, Train Acc: 0.2667, Val Acc: 0.0914, Test Acc: 0.1767, Test F1: 0.1265, Total Pseudo-Labels: 0, Correct Pseudo-Labels: 0, Train Data Number: 210
line 303 => train data수 210
line 258 => 인스턴스 수 30
acc_train_cw(현재 train의 class별 acc) [0.567, 0.0, 0.0, 0.2, 0.0, 0.133, 0.933]
cw_psl_total_eval(이전 pseudo label 클래스별 총 샘플 수):  [0, 0, 0, 0, 0, 0, 0]
cw_psl_correct_eval(이전 pseudo label 클래스별 맞은 샘플 수):  [0, 0, 0, 0, 0, 0, 0]
psl_acc(PSL 평가에서의 정확도): None 
cw_psl_acc(이전 클래스별 PSL 평가에서의 정확도):  [nan, nan, nan, nan, nan, nan, nan]
**pseudo_label ->  [0.2674, 0.2327, 0.1689, 0.2114, 0.0397, 0.0417, 0.0382] **
max =  0.2674 | max_idx =  0
**pseudo_label ->  [0.0383, 0.045, 0.075, 0.048, 0.2586, 0.2595, 0.2757] **
max =  0.2757 | max_idx =  6
**pseudo_label ->  [0.0382, 0.0464, 0.0761, 0.0498, 0.2564, 0.261, 0.2721] **
max =  0.2721 | max_idx =  6
**pseudo_label ->  [0.0538, 0.0847, 0.1075, 0.0925, 0.2043, 0.2505, 0.2067] **
max =  0.2505 | max_idx =  5
**pseudo_label ->  [0.0383, 0.044, 0.074, 0.0471, 0.2596, 0.2572, 0.2798] **
max =  0.2798 | max_idx =  6


Epoch 31/100, Train Loss: 1.7164, Valid Loss: 1.7382, Train Acc: 0.2619, Val Acc: 0.1286, Test Acc: 0.1857, Test F1: 0.1375, Total Pseudo-Labels: 0, Correct Pseudo-Labels: 0, Train Data Number: 210
line 303 => train data수 210
line 258 => 인스턴스 수 30
acc_train_cw(현재 train의 class별 acc) [0.9, 0.0, 0.0, 0.3, 0.0, 0.833, 0.0]
cw_psl_total_eval(이전 pseudo label 클래스별 총 샘플 수):  [0, 0, 0, 0, 0, 0, 0]
cw_psl_correct_eval(이전 pseudo label 클래스별 맞은 샘플 수):  [0, 0, 0, 0, 0, 0, 0]
psl_acc(PSL 평가에서의 정확도): None 
cw_psl_acc(이전 클래스별 PSL 평가에서의 정확도):  [nan, nan, nan, nan, nan, nan, nan]
**pseudo_label ->  [0.2725, 0.2302, 0.1775, 0.2001, 0.0403, 0.0397, 0.0397] **
max =  0.2725 | max_idx =  0
**pseudo_label ->  [0.0445, 0.0627, 0.0901, 0.0754, 0.2349, 0.2704, 0.222] **
max =  0.2704 | max_idx =  5
**pseudo_label ->  [0.2714, 0.2306, 0.1781, 0.2001, 0.0404, 0.0397, 0.0397] **
max =  0.2714 | max_idx =  0
**pseudo_label ->  [0.173, 0.2199, 0.1719, 0.2406, 0.0609, 0.0769, 0.0567] **
max =  0.2406 | max_idx =  3
**pseudo_label ->  [0.0421, 0.0574, 0.0842, 0.0681, 0.2423, 0.2723, 0.2335] **
max =  0.2723 | max_idx =  5


Epoch 32/100, Train Loss: 1.6392, Valid Loss: 1.7640, Train Acc: 0.2905, Val Acc: 0.1286, Test Acc: 0.3110, Test F1: 0.1511, Total Pseudo-Labels: 0, Correct Pseudo-Labels: 0, Train Data Number: 210
line 303 => train data수 210
line 258 => 인스턴스 수 30
acc_train_cw(현재 train의 class별 acc) [0.867, 0.0, 0.0, 0.233, 0.033, 0.033, 0.833]
cw_psl_total_eval(이전 pseudo label 클래스별 총 샘플 수):  [0, 0, 0, 0, 0, 0, 0]
cw_psl_correct_eval(이전 pseudo label 클래스별 맞은 샘플 수):  [0, 0, 0, 0, 0, 0, 0]
psl_acc(PSL 평가에서의 정확도): None 
cw_psl_acc(이전 클래스별 PSL 평가에서의 정확도):  [nan, nan, nan, nan, nan, nan, nan]
**pseudo_label ->  [0.2522, 0.2375, 0.1809, 0.2159, 0.0365, 0.0393, 0.0378] **
max =  0.2522 | max_idx =  0
**pseudo_label ->  [0.0402, 0.0402, 0.0661, 0.0426, 0.276, 0.258, 0.2768] **
max =  0.2768 | max_idx =  6
**pseudo_label ->  [0.2527, 0.2373, 0.181, 0.2155, 0.0364, 0.0394, 0.0377] **
max =  0.2527 | max_idx =  0
**pseudo_label ->  [0.2499, 0.2378, 0.1818, 0.2166, 0.0366, 0.0395, 0.0378] **
max =  0.2499 | max_idx =  0
**pseudo_label ->  [0.0404, 0.0401, 0.0656, 0.0424, 0.2741, 0.2573, 0.2801] **
max =  0.2801 | max_idx =  6


Epoch 33/100, Train Loss: 1.6165, Valid Loss: 1.7979, Train Acc: 0.2857, Val Acc: 0.1286, Test Acc: 0.1611, Test F1: 0.0982, Total Pseudo-Labels: 0, Correct Pseudo-Labels: 0, Train Data Number: 210
line 303 => train data수 210
line 258 => 인스턴스 수 30
acc_train_cw(현재 train의 class별 acc) [0.867, 0.0, 0.0, 0.167, 0.0, 0.0, 0.867]
cw_psl_total_eval(이전 pseudo label 클래스별 총 샘플 수):  [0, 0, 0, 0, 0, 0, 0]
cw_psl_correct_eval(이전 pseudo label 클래스별 맞은 샘플 수):  [0, 0, 0, 0, 0, 0, 0]
psl_acc(PSL 평가에서의 정확도): None 
cw_psl_acc(이전 클래스별 PSL 평가에서의 정확도):  [nan, nan, nan, nan, nan, nan, nan]
**pseudo_label ->  [0.2748, 0.2353, 0.1744, 0.209, 0.0353, 0.0356, 0.0357] **
max =  0.2748 | max_idx =  0
**pseudo_label ->  [0.0362, 0.0382, 0.0647, 0.0415, 0.2682, 0.2689, 0.2823] **
max =  0.2823 | max_idx =  6
**pseudo_label ->  [0.2746, 0.2355, 0.1741, 0.2092, 0.0353, 0.0356, 0.0357] **
max =  0.2746 | max_idx =  0
**pseudo_label ->  [0.274, 0.2354, 0.1743, 0.2097, 0.0352, 0.0356, 0.0357] **
max =  0.274 | max_idx =  0
**pseudo_label ->  [0.0361, 0.0383, 0.065, 0.0416, 0.2686, 0.2685, 0.2819] **
max =  0.2819 | max_idx =  6


Epoch 34/100, Train Loss: 1.5973, Valid Loss: 1.7368, Train Acc: 0.2714, Val Acc: 0.1218, Test Acc: 0.1454, Test F1: 0.0809, Total Pseudo-Labels: 0, Correct Pseudo-Labels: 0, Train Data Number: 210
line 303 => train data수 210
line 258 => 인스턴스 수 30
acc_train_cw(현재 train의 class별 acc) [0.9, 0.0, 0.0, 0.333, 0.0, 0.967, 0.0]
cw_psl_total_eval(이전 pseudo label 클래스별 총 샘플 수):  [0, 0, 0, 0, 0, 0, 0]
cw_psl_correct_eval(이전 pseudo label 클래스별 맞은 샘플 수):  [0, 0, 0, 0, 0, 0, 0]
psl_acc(PSL 평가에서의 정확도): None 
cw_psl_acc(이전 클래스별 PSL 평가에서의 정확도):  [nan, nan, nan, nan, nan, nan, nan]
**pseudo_label ->  [0.2677, 0.2336, 0.1721, 0.2249, 0.033, 0.0328, 0.0358] **
max =  0.2677 | max_idx =  0
**pseudo_label ->  [0.0342, 0.0432, 0.0736, 0.0494, 0.2617, 0.2931, 0.2448] **
max =  0.2931 | max_idx =  5
**pseudo_label ->  [0.2673, 0.2335, 0.1721, 0.2254, 0.0331, 0.0329, 0.0357] **
max =  0.2673 | max_idx =  0
**pseudo_label ->  [0.2658, 0.2339, 0.1724, 0.2262, 0.033, 0.033, 0.0357] **
max =  0.2658 | max_idx =  0
**pseudo_label ->  [0.0336, 0.0415, 0.071, 0.0465, 0.265, 0.293, 0.2494] **
max =  0.293 | max_idx =  5


Epoch 35/100, Train Loss: 1.5727, Valid Loss: 1.7892, Train Acc: 0.3143, Val Acc: 0.1472, Test Acc: 0.2975, Test F1: 0.1438, Total Pseudo-Labels: 0, Correct Pseudo-Labels: 0, Train Data Number: 210
line 303 => train data수 210
line 258 => 인스턴스 수 30
acc_train_cw(현재 train의 class별 acc) [0.8, 0.0, 0.0, 0.5, 0.067, 0.967, 0.0]
cw_psl_total_eval(이전 pseudo label 클래스별 총 샘플 수):  [0, 0, 0, 0, 0, 0, 0]
cw_psl_correct_eval(이전 pseudo label 클래스별 맞은 샘플 수):  [0, 0, 0, 0, 0, 0, 0]
psl_acc(PSL 평가에서의 정확도): None 
cw_psl_acc(이전 클래스별 PSL 평가에서의 정확도):  [nan, nan, nan, nan, nan, nan, nan]
**pseudo_label ->  [0.2673, 0.2493, 0.1696, 0.218, 0.031, 0.0311, 0.0336] **
max =  0.2673 | max_idx =  0
**pseudo_label ->  [0.033, 0.0338, 0.0627, 0.0383, 0.2791, 0.2823, 0.2708] **
max =  0.2823 | max_idx =  5
**pseudo_label ->  [0.2665, 0.2492, 0.1696, 0.219, 0.0309, 0.0313, 0.0335] **
max =  0.2665 | max_idx =  0
**pseudo_label ->  [0.2669, 0.2489, 0.1698, 0.2187, 0.0309, 0.0312, 0.0336] **
max =  0.2669 | max_idx =  0
**pseudo_label ->  [0.0336, 0.0335, 0.0622, 0.0375, 0.2789, 0.2823, 0.2721] **
max =  0.2823 | max_idx =  5


Epoch 36/100, Train Loss: 1.5572, Valid Loss: 1.7608, Train Acc: 0.3333, Val Acc: 0.1709, Test Acc: 0.3043, Test F1: 0.1565, Total Pseudo-Labels: 0, Correct Pseudo-Labels: 0, Train Data Number: 210
line 303 => train data수 210
line 258 => 인스턴스 수 30
acc_train_cw(현재 train의 class별 acc) [0.9, 0.0, 0.0, 0.3, 0.0, 0.967, 0.0]
cw_psl_total_eval(이전 pseudo label 클래스별 총 샘플 수):  [0, 0, 0, 0, 0, 0, 0]
cw_psl_correct_eval(이전 pseudo label 클래스별 맞은 샘플 수):  [0, 0, 0, 0, 0, 0, 0]
psl_acc(PSL 평가에서의 정확도): None 
cw_psl_acc(이전 클래스별 PSL 평가에서의 정확도):  [nan, nan, nan, nan, nan, nan, nan]
**pseudo_label ->  [0.2964, 0.2487, 0.168, 0.1917, 0.0314, 0.0296, 0.0343] **
max =  0.2964 | max_idx =  0
**pseudo_label ->  [0.0302, 0.033, 0.0626, 0.0412, 0.2716, 0.2966, 0.2647] **
max =  0.2966 | max_idx =  5
**pseudo_label ->  [0.2978, 0.2484, 0.1665, 0.1923, 0.0312, 0.0296, 0.0342] **
max =  0.2978 | max_idx =  0
**pseudo_label ->  [0.2969, 0.2491, 0.1676, 0.191, 0.0314, 0.0296, 0.0344] **
max =  0.2969 | max_idx =  0
**pseudo_label ->  [0.1049, 0.1517, 0.177, 0.235, 0.1019, 0.1241, 0.1054] **
max =  0.235 | max_idx =  3


Epoch 37/100, Train Loss: 1.5510, Valid Loss: 1.8162, Train Acc: 0.3095, Val Acc: 0.1489, Test Acc: 0.2864, Test F1: 0.1317, Total Pseudo-Labels: 0, Correct Pseudo-Labels: 0, Train Data Number: 210
line 303 => train data수 210
line 258 => 인스턴스 수 30
acc_train_cw(현재 train의 class별 acc) [0.9, 0.0, 0.0, 0.333, 0.933, 0.0, 0.0]
cw_psl_total_eval(이전 pseudo label 클래스별 총 샘플 수):  [0, 0, 0, 0, 0, 0, 0]
cw_psl_correct_eval(이전 pseudo label 클래스별 맞은 샘플 수):  [0, 0, 0, 0, 0, 0, 0]
psl_acc(PSL 평가에서의 정확도): None 
cw_psl_acc(이전 클래스별 PSL 평가에서의 정확도):  [nan, nan, nan, nan, nan, nan, nan]
Save model to ./experiment/few_shot/output/
**pseudo_label ->  [0.2733, 0.2568, 0.1715, 0.21, 0.0278, 0.0287, 0.0319] **
max =  0.2733 | max_idx =  0
**pseudo_label ->  [0.0323, 0.0307, 0.0585, 0.035, 0.2931, 0.2823, 0.268] **
max =  0.2931 | max_idx =  4
**pseudo_label ->  [0.2706, 0.2571, 0.1724, 0.2115, 0.0278, 0.0287, 0.0319] **
max =  0.2706 | max_idx =  0
**pseudo_label ->  [0.2684, 0.2571, 0.1731, 0.2129, 0.0278, 0.0288, 0.0318] **
max =  0.2684 | max_idx =  0
**pseudo_label ->  [0.0334, 0.0312, 0.0586, 0.0342, 0.2954, 0.2774, 0.2698] **
max =  0.2954 | max_idx =  4


Epoch 38/100, Train Loss: 1.5766, Valid Loss: 1.7918, Train Acc: 0.3095, Val Acc: 0.3503, Test Acc: 0.3378, Test F1: 0.1773, Total Pseudo-Labels: 0, Correct Pseudo-Labels: 0, Train Data Number: 210
line 303 => train data수 210
line 258 => 인스턴스 수 30
acc_train_cw(현재 train의 class별 acc) [0.9, 0.0, 0.0, 0.333, 0.0, 1.0, 0.0]
cw_psl_total_eval(이전 pseudo label 클래스별 총 샘플 수):  [0, 0, 0, 0, 0, 0, 0]
cw_psl_correct_eval(이전 pseudo label 클래스별 맞은 샘플 수):  [0, 0, 0, 0, 0, 0, 0]
psl_acc(PSL 평가에서의 정확도): None 
cw_psl_acc(이전 클래스별 PSL 평가에서의 정확도):  [nan, nan, nan, nan, nan, nan, nan]
**pseudo_label ->  [0.265, 0.2552, 0.1772, 0.2174, 0.0283, 0.0269, 0.03] **
max =  0.265 | max_idx =  0
**pseudo_label ->  [0.0288, 0.0308, 0.0586, 0.0389, 0.2713, 0.3024, 0.2693] **
max =  0.3024 | max_idx =  5
**pseudo_label ->  [0.2653, 0.2557, 0.1777, 0.216, 0.0283, 0.0269, 0.0301] **
max =  0.2653 | max_idx =  0
**pseudo_label ->  [0.2594, 0.2544, 0.1784, 0.2227, 0.0282, 0.0271, 0.0299] **
max =  0.2594 | max_idx =  0
**pseudo_label ->  [0.0301, 0.0299, 0.0563, 0.0343, 0.2764, 0.2953, 0.2776] **
max =  0.2953 | max_idx =  5


Epoch 39/100, Train Loss: 1.5543, Valid Loss: 1.7885, Train Acc: 0.3190, Val Acc: 0.1184, Test Acc: 0.2953, Test F1: 0.1409, Total Pseudo-Labels: 0, Correct Pseudo-Labels: 0, Train Data Number: 210
line 303 => train data수 210
line 258 => 인스턴스 수 30
acc_train_cw(현재 train의 class별 acc) [0.9, 0.0, 0.0, 0.167, 0.0, 0.967, 0.0]
cw_psl_total_eval(이전 pseudo label 클래스별 총 샘플 수):  [0, 0, 0, 0, 0, 0, 0]
cw_psl_correct_eval(이전 pseudo label 클래스별 맞은 샘플 수):  [0, 0, 0, 0, 0, 0, 0]
psl_acc(PSL 평가에서의 정확도): None 
cw_psl_acc(이전 클래스별 PSL 평가에서의 정확도):  [nan, nan, nan, nan, nan, nan, nan]
**pseudo_label ->  [0.2876, 0.255, 0.1786, 0.1947, 0.0278, 0.0256, 0.0306] **
max =  0.2876 | max_idx =  0
**pseudo_label ->  [0.0278, 0.0293, 0.0547, 0.0372, 0.2734, 0.3073, 0.2703] **
max =  0.3073 | max_idx =  5
**pseudo_label ->  [0.2846, 0.2555, 0.1796, 0.1967, 0.0278, 0.0255, 0.0304] **
max =  0.2846 | max_idx =  0
**pseudo_label ->  [0.2869, 0.2553, 0.1786, 0.1954, 0.0278, 0.0256, 0.0305] **
max =  0.2869 | max_idx =  0
**pseudo_label ->  [0.0277, 0.0312, 0.0588, 0.0433, 0.2693, 0.3088, 0.2609] **
max =  0.3088 | max_idx =  5


Epoch 40/100, Train Loss: 1.5620, Valid Loss: 1.7614, Train Acc: 0.2905, Val Acc: 0.1201, Test Acc: 0.2975, Test F1: 0.1324, Total Pseudo-Labels: 0, Correct Pseudo-Labels: 0, Train Data Number: 210
line 303 => train data수 210
line 258 => 인스턴스 수 30
acc_train_cw(현재 train의 class별 acc) [0.667, 0.0, 0.0, 0.533, 0.0, 1.0, 0.0]
cw_psl_total_eval(이전 pseudo label 클래스별 총 샘플 수):  [0, 0, 0, 0, 0, 0, 0]
cw_psl_correct_eval(이전 pseudo label 클래스별 맞은 샘플 수):  [0, 0, 0, 0, 0, 0, 0]
psl_acc(PSL 평가에서의 정확도): None 
cw_psl_acc(이전 클래스별 PSL 평가에서의 정확도):  [nan, nan, nan, nan, nan, nan, nan]
**pseudo_label ->  [0.2834, 0.2512, 0.182, 0.2027, 0.0257, 0.025, 0.0299] **
max =  0.2834 | max_idx =  0
**pseudo_label ->  [0.0267, 0.0301, 0.0559, 0.0386, 0.2855, 0.3014, 0.2617] **
max =  0.3014 | max_idx =  5
**pseudo_label ->  [0.2917, 0.2499, 0.1806, 0.1963, 0.026, 0.0251, 0.0303] **
max =  0.2917 | max_idx =  0
**pseudo_label ->  [0.1719, 0.2172, 0.1836, 0.3077, 0.0366, 0.0423, 0.0408] **
max =  0.3077 | max_idx =  3
**pseudo_label ->  [0.0279, 0.0291, 0.054, 0.034, 0.2906, 0.2966, 0.2678] **
max =  0.2966 | max_idx =  5


Epoch 41/100, Train Loss: 1.5525, Valid Loss: 1.7627, Train Acc: 0.3143, Val Acc: 0.1607, Test Acc: 0.2550, Test F1: 0.1256, Total Pseudo-Labels: 0, Correct Pseudo-Labels: 0, Train Data Number: 210
line 303 => train data수 210
line 258 => 인스턴스 수 30
acc_train_cw(현재 train의 class별 acc) [0.733, 0.0, 0.0, 0.5, 0.8, 0.367, 0.0]
cw_psl_total_eval(이전 pseudo label 클래스별 총 샘플 수):  [0, 0, 0, 0, 0, 0, 0]
cw_psl_correct_eval(이전 pseudo label 클래스별 맞은 샘플 수):  [0, 0, 0, 0, 0, 0, 0]
psl_acc(PSL 평가에서의 정확도): None 
cw_psl_acc(이전 클래스별 PSL 평가에서의 정확도):  [nan, nan, nan, nan, nan, nan, nan]
**pseudo_label ->  [0.2687, 0.2602, 0.1765, 0.2175, 0.0242, 0.0246, 0.0283] **
max =  0.2687 | max_idx =  0
**pseudo_label ->  [0.0271, 0.0279, 0.0558, 0.0352, 0.2924, 0.2945, 0.2669] **
max =  0.2945 | max_idx =  5
**pseudo_label ->  [0.2797, 0.2608, 0.1742, 0.2076, 0.0244, 0.0245, 0.0288] **
max =  0.2797 | max_idx =  0
**pseudo_label ->  [0.2697, 0.2605, 0.176, 0.2167, 0.0242, 0.0247, 0.0283] **
max =  0.2697 | max_idx =  0
**pseudo_label ->  [0.0273, 0.0279, 0.0554, 0.0343, 0.2919, 0.2939, 0.2694] **
max =  0.2939 | max_idx =  5


Epoch 42/100, Train Loss: 1.5573, Valid Loss: 1.7643, Train Acc: 0.3429, Val Acc: 0.3469, Test Acc: 0.2819, Test F1: 0.1624, Total Pseudo-Labels: 0, Correct Pseudo-Labels: 0, Train Data Number: 210
line 303 => train data수 210
line 258 => 인스턴스 수 30
acc_train_cw(현재 train의 class별 acc) [0.9, 0.0, 0.0, 0.4, 0.933, 0.067, 0.0]
cw_psl_total_eval(이전 pseudo label 클래스별 총 샘플 수):  [0, 0, 0, 0, 0, 0, 0]
cw_psl_correct_eval(이전 pseudo label 클래스별 맞은 샘플 수):  [0, 0, 0, 0, 0, 0, 0]
psl_acc(PSL 평가에서의 정확도): None 
cw_psl_acc(이전 클래스별 PSL 평가에서의 정확도):  [nan, nan, nan, nan, nan, nan, nan]
Save model to ./experiment/few_shot/output/
**pseudo_label ->  [0.1684, 0.2183, 0.1848, 0.3133, 0.036, 0.0414, 0.0379] **
max =  0.3133 | max_idx =  3
**pseudo_label ->  [0.0291, 0.0276, 0.0557, 0.0312, 0.2904, 0.2892, 0.2768] **
max =  0.2904 | max_idx =  4
**pseudo_label ->  [0.3033, 0.2634, 0.17, 0.1825, 0.0259, 0.0247, 0.0303] **
max =  0.3033 | max_idx =  0
**pseudo_label ->  [0.2972, 0.2645, 0.1713, 0.1876, 0.0254, 0.0245, 0.0296] **
max =  0.2972 | max_idx =  0
**pseudo_label ->  [0.0293, 0.0278, 0.0566, 0.0315, 0.2922, 0.2875, 0.2751] **
max =  0.2922 | max_idx =  4


Epoch 43/100, Train Loss: 1.5723, Valid Loss: 1.7911, Train Acc: 0.3286, Val Acc: 0.3706, Test Acc: 0.2953, Test F1: 0.1638, Total Pseudo-Labels: 0, Correct Pseudo-Labels: 0, Train Data Number: 210
line 303 => train data수 210
line 258 => 인스턴스 수 30
acc_train_cw(현재 train의 class별 acc) [0.9, 0.033, 0.0, 0.0, 0.867, 0.0, 0.0]
cw_psl_total_eval(이전 pseudo label 클래스별 총 샘플 수):  [0, 0, 0, 0, 0, 0, 0]
cw_psl_correct_eval(이전 pseudo label 클래스별 맞은 샘플 수):  [0, 0, 0, 0, 0, 0, 0]
psl_acc(PSL 평가에서의 정확도): None 
cw_psl_acc(이전 클래스별 PSL 평가에서의 정확도):  [nan, nan, nan, nan, nan, nan, nan]
**pseudo_label ->  [0.2622, 0.2647, 0.1801, 0.2181, 0.0238, 0.0234, 0.0277] **
max =  0.2647 | max_idx =  1
**pseudo_label ->  [0.032, 0.0274, 0.0531, 0.0278, 0.2945, 0.2858, 0.2794] **
max =  0.2945 | max_idx =  4
**pseudo_label ->  [0.2766, 0.2656, 0.1773, 0.2048, 0.0241, 0.0233, 0.0283] **
max =  0.2766 | max_idx =  0
**pseudo_label ->  [0.2806, 0.2658, 0.1763, 0.2014, 0.0242, 0.0233, 0.0285] **
max =  0.2806 | max_idx =  0
**pseudo_label ->  [0.032, 0.0273, 0.0532, 0.028, 0.2957, 0.2839, 0.2799] **
max =  0.2957 | max_idx =  4


Epoch 44/100, Train Loss: 1.6331, Valid Loss: 1.7857, Train Acc: 0.2571, Val Acc: 0.3096, Test Acc: 0.3177, Test F1: 0.1542, Total Pseudo-Labels: 0, Correct Pseudo-Labels: 0, Train Data Number: 210
line 303 => train data수 210
line 258 => 인스턴스 수 30
acc_train_cw(현재 train의 class별 acc) [0.0, 0.9, 0.0, 0.033, 0.0, 0.9, 0.0]
cw_psl_total_eval(이전 pseudo label 클래스별 총 샘플 수):  [0, 0, 0, 0, 0, 0, 0]
cw_psl_correct_eval(이전 pseudo label 클래스별 맞은 샘플 수):  [0, 0, 0, 0, 0, 0, 0]
psl_acc(PSL 평가에서의 정확도): None 
cw_psl_acc(이전 클래스별 PSL 평가에서의 정확도):  [nan, nan, nan, nan, nan, nan, nan]
**pseudo_label ->  [0.2306, 0.264, 0.177, 0.2501, 0.0242, 0.0244, 0.0297] **
max =  0.264 | max_idx =  1
**pseudo_label ->  [0.0318, 0.0275, 0.0578, 0.0296, 0.2963, 0.2981, 0.2588] **
max =  0.2981 | max_idx =  5
**pseudo_label ->  [0.2476, 0.268, 0.1755, 0.2319, 0.024, 0.0234, 0.0297] **
max =  0.268 | max_idx =  1
**pseudo_label ->  [0.2469, 0.2677, 0.1757, 0.2326, 0.024, 0.0233, 0.0297] **
max =  0.2677 | max_idx =  1
**pseudo_label ->  [0.032, 0.0276, 0.0577, 0.0293, 0.2954, 0.2981, 0.2599] **
max =  0.2981 | max_idx =  5


Epoch 45/100, Train Loss: 1.6326, Valid Loss: 1.7670, Train Acc: 0.2619, Val Acc: 0.1641, Test Acc: 0.2192, Test F1: 0.0946, Total Pseudo-Labels: 0, Correct Pseudo-Labels: 0, Train Data Number: 210
line 303 => train data수 210
line 258 => 인스턴스 수 30
acc_train_cw(현재 train의 class별 acc) [0.0, 0.133, 0.0, 0.767, 0.633, 0.433, 0.0]
cw_psl_total_eval(이전 pseudo label 클래스별 총 샘플 수):  [0, 0, 0, 0, 0, 0, 0]
cw_psl_correct_eval(이전 pseudo label 클래스별 맞은 샘플 수):  [0, 0, 0, 0, 0, 0, 0]
psl_acc(PSL 평가에서의 정확도): None 
cw_psl_acc(이전 클래스별 PSL 평가에서의 정확도):  [nan, nan, nan, nan, nan, nan, nan]
**pseudo_label ->  [0.1344, 0.2045, 0.1995, 0.3196, 0.0452, 0.0507, 0.0462] **
max =  0.3196 | max_idx =  3
**pseudo_label ->  [0.0282, 0.028, 0.0616, 0.0358, 0.2917, 0.2974, 0.2573] **
max =  0.2974 | max_idx =  5
**pseudo_label ->  [0.1724, 0.2346, 0.196, 0.2961, 0.032, 0.0343, 0.0346] **
max =  0.2961 | max_idx =  3
**pseudo_label ->  [0.2072, 0.2528, 0.1918, 0.2634, 0.027, 0.0275, 0.0303] **
max =  0.2634 | max_idx =  3
**pseudo_label ->  [0.0283, 0.028, 0.0621, 0.036, 0.2903, 0.2957, 0.2594] **
max =  0.2957 | max_idx =  5


Epoch 46/100, Train Loss: 1.5946, Valid Loss: 1.9572, Train Acc: 0.2810, Val Acc: 0.2826, Test Acc: 0.2192, Test F1: 0.1358, Total Pseudo-Labels: 0, Correct Pseudo-Labels: 0, Train Data Number: 210
line 303 => train data수 210
line 258 => 인스턴스 수 30
acc_train_cw(현재 train의 class별 acc) [0.867, 0.0, 0.0, 0.267, 0.0, 0.933, 0.0]
cw_psl_total_eval(이전 pseudo label 클래스별 총 샘플 수):  [0, 0, 0, 0, 0, 0, 0]
cw_psl_correct_eval(이전 pseudo label 클래스별 맞은 샘플 수):  [0, 0, 0, 0, 0, 0, 0]
psl_acc(PSL 평가에서의 정확도): None 
cw_psl_acc(이전 클래스별 PSL 평가에서의 정확도):  [nan, nan, nan, nan, nan, nan, nan]
**pseudo_label ->  [0.3461, 0.235, 0.1688, 0.1563, 0.0302, 0.0269, 0.0367] **
max =  0.3461 | max_idx =  0
**pseudo_label ->  [0.0346, 0.056, 0.1004, 0.1011, 0.2278, 0.2746, 0.2054] **
max =  0.2746 | max_idx =  5
**pseudo_label ->  [0.3396, 0.2367, 0.1732, 0.1587, 0.0297, 0.0265, 0.0357] **
max =  0.3396 | max_idx =  0
**pseudo_label ->  [0.3471, 0.2344, 0.1694, 0.1538, 0.0308, 0.0272, 0.0374] **
max =  0.3471 | max_idx =  0
**pseudo_label ->  [0.0279, 0.0282, 0.0561, 0.031, 0.2809, 0.2981, 0.2778] **
max =  0.2981 | max_idx =  5


Epoch 47/100, Train Loss: 1.7746, Valid Loss: 1.9803, Train Acc: 0.2952, Val Acc: 0.1083, Test Acc: 0.3333, Test F1: 0.1424, Total Pseudo-Labels: 0, Correct Pseudo-Labels: 0, Train Data Number: 210
line 303 => train data수 210
line 258 => 인스턴스 수 30
acc_train_cw(현재 train의 class별 acc) [0.533, 0.0, 0.0, 0.4, 0.033, 0.767, 0.0]
cw_psl_total_eval(이전 pseudo label 클래스별 총 샘플 수):  [0, 0, 0, 0, 0, 0, 0]
cw_psl_correct_eval(이전 pseudo label 클래스별 맞은 샘플 수):  [0, 0, 0, 0, 0, 0, 0]
psl_acc(PSL 평가에서의 정확도): None 
cw_psl_acc(이전 클래스별 PSL 평가에서의 정확도):  [nan, nan, nan, nan, nan, nan, nan]
**pseudo_label ->  [0.329, 0.2174, 0.1819, 0.1843, 0.0266, 0.0269, 0.0339] **
max =  0.329 | max_idx =  0
**pseudo_label ->  [0.0393, 0.0738, 0.1091, 0.1061, 0.2259, 0.2449, 0.2008] **
max =  0.2449 | max_idx =  5
**pseudo_label ->  [0.1255, 0.2117, 0.1884, 0.3104, 0.0507, 0.0608, 0.0524] **
max =  0.3104 | max_idx =  3
**pseudo_label ->  [0.1205, 0.207, 0.1874, 0.3103, 0.0542, 0.065, 0.0556] **
max =  0.3103 | max_idx =  3
**pseudo_label ->  [0.062, 0.127, 0.1554, 0.1988, 0.149, 0.1716, 0.1361] **
max =  0.1988 | max_idx =  3


Epoch 48/100, Train Loss: 1.7384, Valid Loss: 1.9326, Train Acc: 0.2476, Val Acc: 0.1286, Test Acc: 0.3065, Test F1: 0.1636, Total Pseudo-Labels: 0, Correct Pseudo-Labels: 0, Train Data Number: 210
line 303 => train data수 210
line 258 => 인스턴스 수 30
acc_train_cw(현재 train의 class별 acc) [0.533, 0.0, 0.0, 0.467, 0.767, 0.167, 0.0]
cw_psl_total_eval(이전 pseudo label 클래스별 총 샘플 수):  [0, 0, 0, 0, 0, 0, 0]
cw_psl_correct_eval(이전 pseudo label 클래스별 맞은 샘플 수):  [0, 0, 0, 0, 0, 0, 0]
psl_acc(PSL 평가에서의 정확도): None 
cw_psl_acc(이전 클래스별 PSL 평가에서의 정확도):  [nan, nan, nan, nan, nan, nan, nan]
**pseudo_label ->  [0.3194, 0.1978, 0.2095, 0.174, 0.0302, 0.0324, 0.0367] **
max =  0.3194 | max_idx =  0
**pseudo_label ->  [0.0435, 0.0872, 0.0985, 0.1106, 0.2191, 0.2297, 0.2116] **
max =  0.2297 | max_idx =  5
**pseudo_label ->  [0.0486, 0.1021, 0.109, 0.1338, 0.1996, 0.2161, 0.1908] **
max =  0.2161 | max_idx =  5
**pseudo_label ->  [0.1214, 0.2268, 0.1722, 0.3012, 0.0534, 0.0689, 0.0562] **
max =  0.3012 | max_idx =  3
**pseudo_label ->  [0.0661, 0.1461, 0.1381, 0.1942, 0.1455, 0.1669, 0.143] **
max =  0.1942 | max_idx =  3


Epoch 49/100, Train Loss: 1.6698, Valid Loss: 1.9212, Train Acc: 0.2762, Val Acc: 0.2403, Test Acc: 0.2908, Test F1: 0.1973, Total Pseudo-Labels: 0, Correct Pseudo-Labels: 0, Train Data Number: 210
line 303 => train data수 210
line 258 => 인스턴스 수 30
acc_train_cw(현재 train의 class별 acc) [0.533, 0.0, 0.0, 0.567, 0.833, 0.1, 0.0]
cw_psl_total_eval(이전 pseudo label 클래스별 총 샘플 수):  [0, 0, 0, 0, 0, 0, 0]
cw_psl_correct_eval(이전 pseudo label 클래스별 맞은 샘플 수):  [0, 0, 0, 0, 0, 0, 0]
psl_acc(PSL 평가에서의 정확도): None 
cw_psl_acc(이전 클래스별 PSL 평가에서의 정확도):  [nan, nan, nan, nan, nan, nan, nan]
**pseudo_label ->  [0.3088, 0.2088, 0.2136, 0.1792, 0.0267, 0.0299, 0.0329] **
max =  0.3088 | max_idx =  0
**pseudo_label ->  [0.0313, 0.0513, 0.0672, 0.0607, 0.2726, 0.2641, 0.2526] **
max =  0.2726 | max_idx =  4
**pseudo_label ->  [0.1607, 0.2551, 0.1781, 0.2861, 0.0348, 0.0471, 0.0381] **
max =  0.2861 | max_idx =  3
**pseudo_label ->  [0.1589, 0.2547, 0.1782, 0.2867, 0.0353, 0.0476, 0.0386] **
max =  0.2867 | max_idx =  3
**pseudo_label ->  [0.0288, 0.0406, 0.0582, 0.0466, 0.2882, 0.2671, 0.2705] **
max =  0.2882 | max_idx =  4


Epoch 50/100, Train Loss: 1.5890, Valid Loss: 1.8660, Train Acc: 0.2905, Val Acc: 0.2893, Test Acc: 0.2931, Test F1: 0.1911, Total Pseudo-Labels: 0, Correct Pseudo-Labels: 0, Train Data Number: 210
line 303 => train data수 210
line 258 => 인스턴스 수 30
acc_train_cw(현재 train의 class별 acc) [0.533, 0.6, 0.0, 0.2, 0.833, 0.033, 0.0]
cw_psl_total_eval(이전 pseudo label 클래스별 총 샘플 수):  [0, 0, 0, 0, 0, 0, 0]
cw_psl_correct_eval(이전 pseudo label 클래스별 맞은 샘플 수):  [0, 0, 0, 0, 0, 0, 0]
psl_acc(PSL 평가에서의 정확도): None 
cw_psl_acc(이전 클래스별 PSL 평가에서의 정확도):  [nan, nan, nan, nan, nan, nan, nan]
**pseudo_label ->  [0.3018, 0.2053, 0.2183, 0.1869, 0.0262, 0.0298, 0.0318] **
max =  0.3018 | max_idx =  0
**pseudo_label ->  [0.0295, 0.0362, 0.0557, 0.0383, 0.2992, 0.2571, 0.2839] **
max =  0.2992 | max_idx =  4
**pseudo_label ->  [0.1897, 0.2674, 0.1841, 0.264, 0.0271, 0.0369, 0.0307] **
max =  0.2674 | max_idx =  1
**pseudo_label ->  [0.1836, 0.2675, 0.184, 0.2672, 0.0281, 0.0381, 0.0315] **
max =  0.2675 | max_idx =  1
**pseudo_label ->  [0.0292, 0.0358, 0.0549, 0.0382, 0.3007, 0.2572, 0.2839] **
max =  0.3007 | max_idx =  4


Epoch 51/100, Train Loss: 1.6045, Valid Loss: 1.8468, Train Acc: 0.3143, Val Acc: 0.3249, Test Acc: 0.2998, Test F1: 0.2182, Total Pseudo-Labels: 0, Correct Pseudo-Labels: 0, Train Data Number: 210
line 303 => train data수 210
line 258 => 인스턴스 수 30
acc_train_cw(현재 train의 class별 acc) [0.533, 0.0, 0.0, 0.667, 0.833, 0.2, 0.0]
cw_psl_total_eval(이전 pseudo label 클래스별 총 샘플 수):  [0, 0, 0, 0, 0, 0, 0]
cw_psl_correct_eval(이전 pseudo label 클래스별 맞은 샘플 수):  [0, 0, 0, 0, 0, 0, 0]
psl_acc(PSL 평가에서의 정확도): None 
cw_psl_acc(이전 클래스별 PSL 평가에서의 정확도):  [nan, nan, nan, nan, nan, nan, nan]
**pseudo_label ->  [0.3121, 0.1994, 0.2103, 0.1901, 0.0265, 0.0287, 0.0328] **
max =  0.3121 | max_idx =  0
**pseudo_label ->  [0.1543, 0.2718, 0.1684, 0.2797, 0.0367, 0.0507, 0.0385] **
max =  0.2797 | max_idx =  3
**pseudo_label ->  [0.0494, 0.1117, 0.1044, 0.1159, 0.2016, 0.234, 0.1828] **
max =  0.234 | max_idx =  5
**pseudo_label ->  [0.1676, 0.2729, 0.1696, 0.2786, 0.0322, 0.0444, 0.0346] **
max =  0.2786 | max_idx =  3
**pseudo_label ->  [0.0287, 0.0328, 0.0534, 0.0331, 0.301, 0.2656, 0.2854] **
max =  0.301 | max_idx =  4


Epoch 52/100, Train Loss: 1.5820, Valid Loss: 1.8170, Train Acc: 0.3190, Val Acc: 0.2944, Test Acc: 0.2953, Test F1: 0.1961, Total Pseudo-Labels: 0, Correct Pseudo-Labels: 0, Train Data Number: 210
line 303 => train data수 210
line 258 => 인스턴스 수 30
acc_train_cw(현재 train의 class별 acc) [0.533, 0.7, 0.0, 0.0, 0.567, 0.467, 0.0]
cw_psl_total_eval(이전 pseudo label 클래스별 총 샘플 수):  [0, 0, 0, 0, 0, 0, 0]
cw_psl_correct_eval(이전 pseudo label 클래스별 맞은 샘플 수):  [0, 0, 0, 0, 0, 0, 0]
psl_acc(PSL 평가에서의 정확도): None 
cw_psl_acc(이전 클래스별 PSL 평가에서의 정확도):  [nan, nan, nan, nan, nan, nan, nan]
**pseudo_label ->  [0.3198, 0.1876, 0.2093, 0.1962, 0.0271, 0.0273, 0.0329] **
max =  0.3198 | max_idx =  0
**pseudo_label ->  [0.0276, 0.0402, 0.0565, 0.0379, 0.2803, 0.2877, 0.2698] **
max =  0.2877 | max_idx =  5
**pseudo_label ->  [0.1071, 0.2468, 0.1637, 0.2362, 0.0751, 0.0991, 0.0719] **
max =  0.2468 | max_idx =  1
**pseudo_label ->  [0.1626, 0.2749, 0.1748, 0.2714, 0.0351, 0.0453, 0.036] **
max =  0.2749 | max_idx =  1
**pseudo_label ->  [0.0271, 0.035, 0.0527, 0.0333, 0.2873, 0.2835, 0.2812] **
max =  0.2873 | max_idx =  4


Epoch 53/100, Train Loss: 1.6002, Valid Loss: 1.8251, Train Acc: 0.3238, Val Acc: 0.2843, Test Acc: 0.3423, Test F1: 0.2300, Total Pseudo-Labels: 0, Correct Pseudo-Labels: 0, Train Data Number: 210
line 303 => train data수 210
line 258 => 인스턴스 수 30
acc_train_cw(현재 train의 class별 acc) [0.5, 0.033, 0.0, 0.6, 0.7, 0.2, 0.167]
cw_psl_total_eval(이전 pseudo label 클래스별 총 샘플 수):  [0, 0, 0, 0, 0, 0, 0]
cw_psl_correct_eval(이전 pseudo label 클래스별 맞은 샘플 수):  [0, 0, 0, 0, 0, 0, 0]
psl_acc(PSL 평가에서의 정확도): None 
cw_psl_acc(이전 클래스별 PSL 평가에서의 정확도):  [nan, nan, nan, nan, nan, nan, nan]
**pseudo_label ->  [0.3225, 0.1891, 0.2041, 0.2014, 0.0258, 0.0263, 0.0308] **
max =  0.3225 | max_idx =  0
**pseudo_label ->  [0.0271, 0.034, 0.0535, 0.0312, 0.2891, 0.2791, 0.286] **
max =  0.2891 | max_idx =  4
**pseudo_label ->  [0.2067, 0.2626, 0.1761, 0.2712, 0.0254, 0.0311, 0.027] **
max =  0.2712 | max_idx =  3
**pseudo_label ->  [0.2061, 0.2632, 0.1751, 0.2714, 0.0256, 0.0314, 0.0271] **
max =  0.2714 | max_idx =  3
**pseudo_label ->  [0.0273, 0.033, 0.0532, 0.0303, 0.2899, 0.2786, 0.2877] **
max =  0.2899 | max_idx =  4


Epoch 54/100, Train Loss: 1.5771, Valid Loss: 1.7993, Train Acc: 0.3143, Val Acc: 0.3130, Test Acc: 0.3221, Test F1: 0.2934, Total Pseudo-Labels: 0, Correct Pseudo-Labels: 0, Train Data Number: 210
line 303 => train data수 210
line 258 => 인스턴스 수 30
acc_train_cw(현재 train의 class별 acc) [0.533, 0.067, 0.0, 0.633, 0.1, 0.167, 0.733]
cw_psl_total_eval(이전 pseudo label 클래스별 총 샘플 수):  [0, 0, 0, 0, 0, 0, 0]
cw_psl_correct_eval(이전 pseudo label 클래스별 맞은 샘플 수):  [0, 0, 0, 0, 0, 0, 0]
psl_acc(PSL 평가에서의 정확도): None 
cw_psl_acc(이전 클래스별 PSL 평가에서의 정확도):  [nan, nan, nan, nan, nan, nan, nan]
**pseudo_label ->  [0.3163, 0.1888, 0.209, 0.2044, 0.0254, 0.0259, 0.0302] **
max =  0.3163 | max_idx =  0
**pseudo_label ->  [0.0276, 0.0326, 0.0537, 0.0294, 0.2907, 0.2763, 0.2897] **
max =  0.2907 | max_idx =  4
**pseudo_label ->  [0.1752, 0.2781, 0.1645, 0.2859, 0.029, 0.0368, 0.0305] **
max =  0.2859 | max_idx =  3
**pseudo_label ->  [0.1827, 0.2743, 0.1651, 0.2869, 0.0275, 0.0346, 0.029] **
max =  0.2869 | max_idx =  3
**pseudo_label ->  [0.028, 0.0309, 0.0526, 0.0279, 0.2913, 0.2739, 0.2954] **
max =  0.2954 | max_idx =  6


Epoch 55/100, Train Loss: 1.5743, Valid Loss: 1.7866, Train Acc: 0.3190, Val Acc: 0.1997, Test Acc: 0.2036, Test F1: 0.1961, Total Pseudo-Labels: 0, Correct Pseudo-Labels: 0, Train Data Number: 210
line 303 => train data수 210
line 258 => 인스턴스 수 30
acc_train_cw(현재 train의 class별 acc) [0.533, 0.3, 0.0, 0.233, 0.0, 0.267, 0.767]
cw_psl_total_eval(이전 pseudo label 클래스별 총 샘플 수):  [0, 0, 0, 0, 0, 0, 0]
cw_psl_correct_eval(이전 pseudo label 클래스별 맞은 샘플 수):  [0, 0, 0, 0, 0, 0, 0]
psl_acc(PSL 평가에서의 정확도): None 
cw_psl_acc(이전 클래스별 PSL 평가에서의 정확도):  [nan, nan, nan, nan, nan, nan, nan]
**pseudo_label ->  [0.3325, 0.175, 0.2092, 0.1966, 0.0275, 0.0274, 0.0318] **
max =  0.3325 | max_idx =  0
**pseudo_label ->  [0.0285, 0.0402, 0.0609, 0.0346, 0.2782, 0.2727, 0.2849] **
max =  0.2849 | max_idx =  6
**pseudo_label ->  [0.2006, 0.2724, 0.1708, 0.2718, 0.0262, 0.032, 0.0263] **
max =  0.2724 | max_idx =  1
**pseudo_label ->  [0.1786, 0.2815, 0.1658, 0.2753, 0.0304, 0.0384, 0.03] **
max =  0.2815 | max_idx =  1
**pseudo_label ->  [0.0308, 0.0533, 0.069, 0.0455, 0.2641, 0.2754, 0.2618] **
max =  0.2754 | max_idx =  5


Epoch 56/100, Train Loss: 1.5476, Valid Loss: 1.8361, Train Acc: 0.3000, Val Acc: 0.1895, Test Acc: 0.1521, Test F1: 0.1428, Total Pseudo-Labels: 0, Correct Pseudo-Labels: 0, Train Data Number: 210
line 303 => train data수 210
line 258 => 인스턴스 수 30
acc_train_cw(현재 train의 class별 acc) [0.433, 0.1, 0.0, 0.733, 0.0, 0.333, 0.767]
cw_psl_total_eval(이전 pseudo label 클래스별 총 샘플 수):  [0, 0, 0, 0, 0, 0, 0]
cw_psl_correct_eval(이전 pseudo label 클래스별 맞은 샘플 수):  [0, 0, 0, 0, 0, 0, 0]
psl_acc(PSL 평가에서의 정확도): None 
cw_psl_acc(이전 클래스별 PSL 평가에서의 정확도):  [nan, nan, nan, nan, nan, nan, nan]
**pseudo_label ->  [0.343, 0.159, 0.2254, 0.1814, 0.0296, 0.0275, 0.0342] **
max =  0.343 | max_idx =  0
**pseudo_label ->  [0.0257, 0.0422, 0.0545, 0.0356, 0.2742, 0.2891, 0.2787] **
max =  0.2891 | max_idx =  5
**pseudo_label ->  [0.2031, 0.2669, 0.1757, 0.2745, 0.0254, 0.0295, 0.0249] **
max =  0.2745 | max_idx =  3
**pseudo_label ->  [0.2017, 0.2658, 0.1743, 0.2777, 0.0258, 0.0298, 0.025] **
max =  0.2777 | max_idx =  3
**pseudo_label ->  [0.0274, 0.0498, 0.06, 0.0413, 0.2684, 0.2859, 0.267] **
max =  0.2859 | max_idx =  5


Epoch 57/100, Train Loss: 1.5903, Valid Loss: 1.8902, Train Acc: 0.3381, Val Acc: 0.1912, Test Acc: 0.1902, Test F1: 0.1609, Total Pseudo-Labels: 0, Correct Pseudo-Labels: 0, Train Data Number: 210
line 303 => train data수 210
line 258 => 인스턴스 수 30
acc_train_cw(현재 train의 class별 acc) [0.5, 0.133, 0.0, 0.6, 0.0, 0.233, 0.867]
cw_psl_total_eval(이전 pseudo label 클래스별 총 샘플 수):  [0, 0, 0, 0, 0, 0, 0]
cw_psl_correct_eval(이전 pseudo label 클래스별 맞은 샘플 수):  [0, 0, 0, 0, 0, 0, 0]
psl_acc(PSL 평가에서의 정확도): None 
cw_psl_acc(이전 클래스별 PSL 평가에서의 정확도):  [nan, nan, nan, nan, nan, nan, nan]
**pseudo_label ->  [0.3505, 0.1557, 0.2226, 0.1804, 0.0298, 0.0272, 0.0339] **
max =  0.3505 | max_idx =  0
**pseudo_label ->  [0.0251, 0.0349, 0.0533, 0.0294, 0.2734, 0.2886, 0.2952] **
max =  0.2952 | max_idx =  6
**pseudo_label ->  [0.2629, 0.236, 0.1773, 0.2569, 0.0221, 0.0229, 0.0219] **
max =  0.2629 | max_idx =  0
**pseudo_label ->  [0.2225, 0.2616, 0.1692, 0.2719, 0.0246, 0.0267, 0.0234] **
max =  0.2719 | max_idx =  3
**pseudo_label ->  [0.0256, 0.0325, 0.053, 0.0276, 0.2749, 0.2837, 0.3026] **
max =  0.3026 | max_idx =  6


Epoch 58/100, Train Loss: 1.5518, Valid Loss: 1.8820, Train Acc: 0.3333, Val Acc: 0.1844, Test Acc: 0.1544, Test F1: 0.1409, Total Pseudo-Labels: 0, Correct Pseudo-Labels: 0, Train Data Number: 210
line 303 => train data수 210
line 258 => 인스턴스 수 30
acc_train_cw(현재 train의 class별 acc) [0.567, 0.1, 0.0, 0.533, 0.0, 0.7, 0.3]
cw_psl_total_eval(이전 pseudo label 클래스별 총 샘플 수):  [0, 0, 0, 0, 0, 0, 0]
cw_psl_correct_eval(이전 pseudo label 클래스별 맞은 샘플 수):  [0, 0, 0, 0, 0, 0, 0]
psl_acc(PSL 평가에서의 정확도): None 
cw_psl_acc(이전 클래스별 PSL 평가에서의 정확도):  [nan, nan, nan, nan, nan, nan, nan]
**pseudo_label ->  [0.3588, 0.1301, 0.2299, 0.1628, 0.0388, 0.0337, 0.0458] **
max =  0.3588 | max_idx =  0
**pseudo_label ->  [0.0268, 0.0422, 0.0592, 0.0326, 0.2622, 0.2919, 0.2852] **
max =  0.2919 | max_idx =  5
**pseudo_label ->  [0.2679, 0.2201, 0.1879, 0.2587, 0.0227, 0.0214, 0.0213] **
max =  0.2679 | max_idx =  0
**pseudo_label ->  [0.2058, 0.2594, 0.1752, 0.2834, 0.0265, 0.0267, 0.023] **
max =  0.2834 | max_idx =  3
**pseudo_label ->  [0.0539, 0.1474, 0.1205, 0.1107, 0.1863, 0.2167, 0.1645] **
max =  0.2167 | max_idx =  5


Epoch 59/100, Train Loss: 1.5719, Valid Loss: 1.8401, Train Acc: 0.3143, Val Acc: 0.1641, Test Acc: 0.2796, Test F1: 0.1938, Total Pseudo-Labels: 0, Correct Pseudo-Labels: 0, Train Data Number: 210
line 303 => train data수 210
line 258 => 인스턴스 수 30
acc_train_cw(현재 train의 class별 acc) [0.533, 0.267, 0.0, 0.6, 0.0, 0.9, 0.0]
cw_psl_total_eval(이전 pseudo label 클래스별 총 샘플 수):  [0, 0, 0, 0, 0, 0, 0]
cw_psl_correct_eval(이전 pseudo label 클래스별 맞은 샘플 수):  [0, 0, 0, 0, 0, 0, 0]
psl_acc(PSL 평가에서의 정확도): None 
cw_psl_acc(이전 클래스별 PSL 평가에서의 정확도):  [nan, nan, nan, nan, nan, nan, nan]
**pseudo_label ->  [0.3659, 0.1405, 0.218, 0.1781, 0.032, 0.0283, 0.0371] **
max =  0.3659 | max_idx =  0
**pseudo_label ->  [0.0328, 0.0631, 0.0819, 0.046, 0.2518, 0.2779, 0.2467] **
max =  0.2779 | max_idx =  5
**pseudo_label ->  [0.1653, 0.2814, 0.179, 0.2739, 0.035, 0.0361, 0.0293] **
max =  0.2814 | max_idx =  1
**pseudo_label ->  [0.2034, 0.2638, 0.1709, 0.2861, 0.0264, 0.0265, 0.0229] **
max =  0.2861 | max_idx =  3
**pseudo_label ->  [0.0282, 0.0463, 0.0678, 0.0347, 0.2628, 0.2876, 0.2725] **
max =  0.2876 | max_idx =  5


Epoch 60/100, Train Loss: 1.5670, Valid Loss: 1.7631, Train Acc: 0.3286, Val Acc: 0.1946, Test Acc: 0.2908, Test F1: 0.1920, Total Pseudo-Labels: 0, Correct Pseudo-Labels: 0, Train Data Number: 210
line 303 => train data수 210
line 258 => 인스턴스 수 30
acc_train_cw(현재 train의 class별 acc) [0.533, 0.333, 0.0, 0.467, 0.0, 0.167, 0.8]
cw_psl_total_eval(이전 pseudo label 클래스별 총 샘플 수):  [0, 0, 0, 0, 0, 0, 0]
cw_psl_correct_eval(이전 pseudo label 클래스별 맞은 샘플 수):  [0, 0, 0, 0, 0, 0, 0]
psl_acc(PSL 평가에서의 정확도): None 
cw_psl_acc(이전 클래스별 PSL 평가에서의 정확도):  [nan, nan, nan, nan, nan, nan, nan]
**pseudo_label ->  [0.3343, 0.1745, 0.2156, 0.2082, 0.0222, 0.0211, 0.0241] **
max =  0.3343 | max_idx =  0
**pseudo_label ->  [0.0241, 0.0329, 0.051, 0.026, 0.278, 0.2894, 0.2987] **
max =  0.2987 | max_idx =  6
**pseudo_label ->  [0.218, 0.2539, 0.1897, 0.2694, 0.0237, 0.0236, 0.0218] **
max =  0.2694 | max_idx =  3
**pseudo_label ->  [0.1898, 0.2691, 0.1934, 0.2662, 0.0281, 0.0285, 0.025] **
max =  0.2691 | max_idx =  1
**pseudo_label ->  [0.0241, 0.03, 0.0482, 0.0242, 0.2789, 0.2893, 0.3054] **
max =  0.3054 | max_idx =  6


Epoch 61/100, Train Loss: 1.5446, Valid Loss: 1.8148, Train Acc: 0.3286, Val Acc: 0.1624, Test Acc: 0.1633, Test F1: 0.1634, Total Pseudo-Labels: 0, Correct Pseudo-Labels: 0, Train Data Number: 210
line 303 => train data수 210
line 258 => 인스턴스 수 30
acc_train_cw(현재 train의 class별 acc) [0.533, 0.4, 0.0, 0.167, 0.0, 0.067, 0.9]
cw_psl_total_eval(이전 pseudo label 클래스별 총 샘플 수):  [0, 0, 0, 0, 0, 0, 0]
cw_psl_correct_eval(이전 pseudo label 클래스별 맞은 샘플 수):  [0, 0, 0, 0, 0, 0, 0]
psl_acc(PSL 평가에서의 정확도): None 
cw_psl_acc(이전 클래스별 PSL 평가에서의 정확도):  [nan, nan, nan, nan, nan, nan, nan]
**pseudo_label ->  [0.3377, 0.1726, 0.2111, 0.2121, 0.0219, 0.0212, 0.0234] **
max =  0.3377 | max_idx =  0
**pseudo_label ->  [0.0246, 0.0306, 0.0504, 0.0241, 0.2781, 0.282, 0.3102] **
max =  0.3102 | max_idx =  6
**pseudo_label ->  [0.1835, 0.27, 0.1923, 0.273, 0.0284, 0.029, 0.0238] **
max =  0.273 | max_idx =  3
**pseudo_label ->  [0.1918, 0.2671, 0.1896, 0.2749, 0.0267, 0.0273, 0.0227] **
max =  0.2749 | max_idx =  3
**pseudo_label ->  [0.0243, 0.0304, 0.0496, 0.0239, 0.2772, 0.2833, 0.3112] **
max =  0.3112 | max_idx =  6


Epoch 62/100, Train Loss: 1.5404, Valid Loss: 1.7731, Train Acc: 0.2952, Val Acc: 0.1675, Test Acc: 0.1946, Test F1: 0.1795, Total Pseudo-Labels: 0, Correct Pseudo-Labels: 0, Train Data Number: 210
line 303 => train data수 210
line 258 => 인스턴스 수 30
acc_train_cw(현재 train의 class별 acc) [0.433, 0.467, 0.0, 0.433, 0.0, 0.167, 0.767]
cw_psl_total_eval(이전 pseudo label 클래스별 총 샘플 수):  [0, 0, 0, 0, 0, 0, 0]
cw_psl_correct_eval(이전 pseudo label 클래스별 맞은 샘플 수):  [0, 0, 0, 0, 0, 0, 0]
psl_acc(PSL 평가에서의 정확도): None 
cw_psl_acc(이전 클래스별 PSL 평가에서의 정확도):  [nan, nan, nan, nan, nan, nan, nan]
**pseudo_label ->  [0.3466, 0.1681, 0.2173, 0.1989, 0.0226, 0.0215, 0.0249] **
max =  0.3466 | max_idx =  0
**pseudo_label ->  [0.0248, 0.0337, 0.0549, 0.0267, 0.2796, 0.2836, 0.2967] **
max =  0.2967 | max_idx =  6
**pseudo_label ->  [0.1844, 0.275, 0.1842, 0.281, 0.0263, 0.0265, 0.0225] **
max =  0.281 | max_idx =  3
**pseudo_label ->  [0.1848, 0.2765, 0.1829, 0.2806, 0.0262, 0.0266, 0.0225] **
max =  0.2806 | max_idx =  3
**pseudo_label ->  [0.0247, 0.0301, 0.0515, 0.0245, 0.28, 0.2837, 0.3055] **
max =  0.3055 | max_idx =  6


Epoch 63/100, Train Loss: 1.5308, Valid Loss: 1.8222, Train Acc: 0.3238, Val Acc: 0.2166, Test Acc: 0.1678, Test F1: 0.1700, Total Pseudo-Labels: 0, Correct Pseudo-Labels: 0, Train Data Number: 210
line 303 => train data수 210
line 258 => 인스턴스 수 30
acc_train_cw(현재 train의 class별 acc) [0.333, 0.767, 0.0, 0.167, 0.0, 0.167, 0.8]
cw_psl_total_eval(이전 pseudo label 클래스별 총 샘플 수):  [0, 0, 0, 0, 0, 0, 0]
cw_psl_correct_eval(이전 pseudo label 클래스별 맞은 샘플 수):  [0, 0, 0, 0, 0, 0, 0]
psl_acc(PSL 평가에서의 정확도): None 
cw_psl_acc(이전 클래스별 PSL 평가에서의 정확도):  [nan, nan, nan, nan, nan, nan, nan]
**pseudo_label ->  [0.3028, 0.2132, 0.1951, 0.2315, 0.0195, 0.0184, 0.0195] **
max =  0.3028 | max_idx =  0
**pseudo_label ->  [0.0231, 0.0299, 0.05, 0.0255, 0.2801, 0.2896, 0.3017] **
max =  0.3017 | max_idx =  6
**pseudo_label ->  [0.0941, 0.2589, 0.1804, 0.2201, 0.0887, 0.0896, 0.0681] **
max =  0.2589 | max_idx =  1
**pseudo_label ->  [0.1704, 0.2889, 0.179, 0.2773, 0.0297, 0.03, 0.0247] **
max =  0.2889 | max_idx =  1
**pseudo_label ->  [0.0236, 0.0285, 0.0501, 0.0248, 0.2793, 0.2874, 0.3064] **
max =  0.3064 | max_idx =  6


Epoch 64/100, Train Loss: 1.5210, Valid Loss: 1.8812, Train Acc: 0.3190, Val Acc: 0.2030, Test Acc: 0.1700, Test F1: 0.1813, Total Pseudo-Labels: 0, Correct Pseudo-Labels: 0, Train Data Number: 210
line 303 => train data수 210
line 258 => 인스턴스 수 30
acc_train_cw(현재 train의 class별 acc) [0.7, 0.2, 0.0, 0.2, 0.0, 0.167, 0.9]
cw_psl_total_eval(이전 pseudo label 클래스별 총 샘플 수):  [0, 0, 0, 0, 0, 0, 0]
cw_psl_correct_eval(이전 pseudo label 클래스별 맞은 샘플 수):  [0, 0, 0, 0, 0, 0, 0]
psl_acc(PSL 평가에서의 정확도): None 
cw_psl_acc(이전 클래스별 PSL 평가에서의 정확도):  [nan, nan, nan, nan, nan, nan, nan]
**pseudo_label ->  [0.3593, 0.1707, 0.2082, 0.1988, 0.0211, 0.0187, 0.0233] **
max =  0.3593 | max_idx =  0
**pseudo_label ->  [0.0229, 0.026, 0.0455, 0.0222, 0.2789, 0.3004, 0.3041] **
max =  0.3041 | max_idx =  6
**pseudo_label ->  [0.1948, 0.2623, 0.1931, 0.2792, 0.025, 0.0241, 0.0214] **
max =  0.2792 | max_idx =  3
**pseudo_label ->  [0.3267, 0.1949, 0.196, 0.2251, 0.0192, 0.0176, 0.0204] **
max =  0.3267 | max_idx =  0
**pseudo_label ->  [0.0225, 0.026, 0.0445, 0.0222, 0.2789, 0.3024, 0.3037] **
max =  0.3037 | max_idx =  6


Epoch 65/100, Train Loss: 1.5025, Valid Loss: 1.7991, Train Acc: 0.3095, Val Acc: 0.1252, Test Acc: 0.1946, Test F1: 0.1638, Total Pseudo-Labels: 0, Correct Pseudo-Labels: 0, Train Data Number: 210
line 303 => train data수 210
line 258 => 인스턴스 수 30
acc_train_cw(현재 train의 class별 acc) [0.467, 0.567, 0.0, 0.233, 0.0, 0.267, 0.8]
cw_psl_total_eval(이전 pseudo label 클래스별 총 샘플 수):  [0, 0, 0, 0, 0, 0, 0]
cw_psl_correct_eval(이전 pseudo label 클래스별 맞은 샘플 수):  [0, 0, 0, 0, 0, 0, 0]
psl_acc(PSL 평가에서의 정확도): None 
cw_psl_acc(이전 클래스별 PSL 평가에서의 정확도):  [nan, nan, nan, nan, nan, nan, nan]
**pseudo_label ->  [0.3888, 0.1438, 0.2292, 0.1619, 0.0248, 0.0223, 0.0294] **
max =  0.3888 | max_idx =  0
**pseudo_label ->  [0.0229, 0.0253, 0.0448, 0.0218, 0.2876, 0.294, 0.3036] **
max =  0.3036 | max_idx =  6
**pseudo_label ->  [0.1644, 0.2901, 0.1828, 0.2804, 0.0287, 0.0293, 0.0243] **
max =  0.2901 | max_idx =  1
**pseudo_label ->  [0.1999, 0.2708, 0.1866, 0.2768, 0.0227, 0.0228, 0.0204] **
max =  0.2768 | max_idx =  3
**pseudo_label ->  [0.0222, 0.026, 0.0444, 0.0222, 0.29, 0.2953, 0.3] **
max =  0.3 | max_idx =  6


Epoch 66/100, Train Loss: 1.5106, Valid Loss: 1.8472, Train Acc: 0.3333, Val Acc: 0.2132, Test Acc: 0.1857, Test F1: 0.1783, Total Pseudo-Labels: 0, Correct Pseudo-Labels: 0, Train Data Number: 210
line 303 => train data수 210
line 258 => 인스턴스 수 30
acc_train_cw(현재 train의 class별 acc) [0.7, 0.233, 0.0, 0.433, 0.0, 0.167, 0.8]
cw_psl_total_eval(이전 pseudo label 클래스별 총 샘플 수):  [0, 0, 0, 0, 0, 0, 0]
cw_psl_correct_eval(이전 pseudo label 클래스별 맞은 샘플 수):  [0, 0, 0, 0, 0, 0, 0]
psl_acc(PSL 평가에서의 정확도): None 
cw_psl_acc(이전 클래스별 PSL 평가에서의 정확도):  [nan, nan, nan, nan, nan, nan, nan]
**pseudo_label ->  [0.384, 0.1361, 0.2429, 0.1581, 0.0257, 0.0232, 0.0301] **
max =  0.384 | max_idx =  0
**pseudo_label ->  [0.0243, 0.0261, 0.048, 0.0222, 0.2765, 0.2921, 0.3108] **
max =  0.3108 | max_idx =  6
**pseudo_label ->  [0.1684, 0.2941, 0.1768, 0.285, 0.027, 0.0267, 0.0218] **
max =  0.2941 | max_idx =  1
**pseudo_label ->  [0.3573, 0.1721, 0.2168, 0.194, 0.02, 0.0183, 0.0216] **
max =  0.3573 | max_idx =  0
**pseudo_label ->  [0.024, 0.0259, 0.047, 0.0221, 0.2771, 0.2933, 0.3106] **
max =  0.3106 | max_idx =  6


Epoch 67/100, Train Loss: 1.5033, Valid Loss: 1.8510, Train Acc: 0.3333, Val Acc: 0.1692, Test Acc: 0.1745, Test F1: 0.1571, Total Pseudo-Labels: 0, Correct Pseudo-Labels: 0, Train Data Number: 210
line 303 => train data수 210
line 258 => 인스턴스 수 30
acc_train_cw(현재 train의 class별 acc) [0.6, 0.6, 0.0, 0.1, 0.0, 1.0, 0.0]
cw_psl_total_eval(이전 pseudo label 클래스별 총 샘플 수):  [0, 0, 0, 0, 0, 0, 0]
cw_psl_correct_eval(이전 pseudo label 클래스별 맞은 샘플 수):  [0, 0, 0, 0, 0, 0, 0]
psl_acc(PSL 평가에서의 정확도): None 
cw_psl_acc(이전 클래스별 PSL 평가에서의 정확도):  [nan, nan, nan, nan, nan, nan, nan]
**pseudo_label ->  [0.3564, 0.1669, 0.2164, 0.2015, 0.02, 0.0172, 0.0217] **
max =  0.3564 | max_idx =  0
**pseudo_label ->  [0.0247, 0.0257, 0.0486, 0.0213, 0.2646, 0.3161, 0.2989] **
max =  0.3161 | max_idx =  5
**pseudo_label ->  [0.1363, 0.3095, 0.1695, 0.2938, 0.0332, 0.0315, 0.0262] **
max =  0.3095 | max_idx =  1
**pseudo_label ->  [0.1702, 0.2925, 0.173, 0.2947, 0.0253, 0.0233, 0.0211] **
max =  0.2947 | max_idx =  3
**pseudo_label ->  [0.0242, 0.0291, 0.0515, 0.0233, 0.2662, 0.3173, 0.2884] **
max =  0.3173 | max_idx =  5


Epoch 68/100, Train Loss: 1.5256, Valid Loss: 1.8227, Train Acc: 0.3286, Val Acc: 0.1912, Test Acc: 0.3289, Test F1: 0.2045, Total Pseudo-Labels: 0, Correct Pseudo-Labels: 0, Train Data Number: 210
line 303 => train data수 210
line 258 => 인스턴스 수 30
acc_train_cw(현재 train의 class별 acc) [0.533, 0.733, 0.0, 0.033, 0.0, 0.3, 0.767]
cw_psl_total_eval(이전 pseudo label 클래스별 총 샘플 수):  [0, 0, 0, 0, 0, 0, 0]
cw_psl_correct_eval(이전 pseudo label 클래스별 맞은 샘플 수):  [0, 0, 0, 0, 0, 0, 0]
psl_acc(PSL 평가에서의 정확도): None 
cw_psl_acc(이전 클래스별 PSL 평가에서의 정확도):  [nan, nan, nan, nan, nan, nan, nan]
**pseudo_label ->  [0.343, 0.1706, 0.2147, 0.2157, 0.0187, 0.0169, 0.0204] **
max =  0.343 | max_idx =  0
**pseudo_label ->  [0.0277, 0.0285, 0.0562, 0.0224, 0.2748, 0.2948, 0.2955] **
max =  0.2955 | max_idx =  6
**pseudo_label ->  [0.165, 0.2944, 0.1722, 0.298, 0.0254, 0.0237, 0.0212] **
max =  0.298 | max_idx =  3
**pseudo_label ->  [0.1608, 0.2955, 0.1742, 0.2976, 0.0262, 0.0244, 0.0214] **
max =  0.2976 | max_idx =  3
**pseudo_label ->  [0.0267, 0.0273, 0.0529, 0.0215, 0.2746, 0.2978, 0.2993] **
max =  0.2993 | max_idx =  6


Epoch 69/100, Train Loss: 1.5551, Valid Loss: 1.8759, Train Acc: 0.3381, Val Acc: 0.2081, Test Acc: 0.2260, Test F1: 0.2111, Total Pseudo-Labels: 0, Correct Pseudo-Labels: 0, Train Data Number: 210
line 303 => train data수 210
line 258 => 인스턴스 수 30
acc_train_cw(현재 train의 class별 acc) [0.533, 0.467, 0.0, 0.4, 0.067, 0.633, 0.633]
cw_psl_total_eval(이전 pseudo label 클래스별 총 샘플 수):  [0, 0, 0, 0, 0, 0, 0]
cw_psl_correct_eval(이전 pseudo label 클래스별 맞은 샘플 수):  [0, 0, 0, 0, 0, 0, 0]
psl_acc(PSL 평가에서의 정확도): None 
cw_psl_acc(이전 클래스별 PSL 평가에서의 정확도):  [nan, nan, nan, nan, nan, nan, nan]
**pseudo_label ->  [0.3983, 0.13, 0.2311, 0.1691, 0.0228, 0.0212, 0.0275] **
max =  0.3983 | max_idx =  0
**pseudo_label ->  [0.0267, 0.0372, 0.0646, 0.0285, 0.2836, 0.2876, 0.2717] **
max =  0.2876 | max_idx =  5
**pseudo_label ->  [0.2074, 0.2754, 0.177, 0.2823, 0.0204, 0.0196, 0.0179] **
max =  0.2823 | max_idx =  3
**pseudo_label ->  [0.2088, 0.2741, 0.1767, 0.2827, 0.0202, 0.0195, 0.0179] **
max =  0.2827 | max_idx =  3
**pseudo_label ->  [0.0267, 0.0324, 0.0611, 0.0255, 0.2815, 0.2882, 0.2847] **
max =  0.2882 | max_idx =  5


Epoch 70/100, Train Loss: 1.5379, Valid Loss: 1.8849, Train Acc: 0.3905, Val Acc: 0.2132, Test Acc: 0.2864, Test F1: 0.2268, Total Pseudo-Labels: 0, Correct Pseudo-Labels: 0, Train Data Number: 210
line 303 => train data수 210
line 258 => 인스턴스 수 30
acc_train_cw(현재 train의 class별 acc) [0.3, 0.333, 0.0, 0.7, 0.0, 0.033, 0.933]
cw_psl_total_eval(이전 pseudo label 클래스별 총 샘플 수):  [0, 0, 0, 0, 0, 0, 0]
cw_psl_correct_eval(이전 pseudo label 클래스별 맞은 샘플 수):  [0, 0, 0, 0, 0, 0, 0]
psl_acc(PSL 평가에서의 정확도): None 
cw_psl_acc(이전 클래스별 PSL 평가에서의 정확도):  [nan, nan, nan, nan, nan, nan, nan]
**pseudo_label ->  [0.2699, 0.226, 0.1923, 0.2621, 0.0179, 0.0158, 0.0159] **
max =  0.2699 | max_idx =  0
**pseudo_label ->  [0.022, 0.0259, 0.0454, 0.0204, 0.271, 0.3031, 0.3122] **
max =  0.3122 | max_idx =  6
**pseudo_label ->  [0.1661, 0.2966, 0.1772, 0.2885, 0.0269, 0.0245, 0.0202] **
max =  0.2966 | max_idx =  1
**pseudo_label ->  [0.1875, 0.2822, 0.1794, 0.2881, 0.0234, 0.0212, 0.0182] **
max =  0.2881 | max_idx =  3
**pseudo_label ->  [0.0229, 0.0241, 0.0446, 0.0194, 0.2691, 0.3002, 0.3197] **
max =  0.3197 | max_idx =  6


Epoch 71/100, Train Loss: 1.5418, Valid Loss: 1.8436, Train Acc: 0.3286, Val Acc: 0.2030, Test Acc: 0.1723, Test F1: 0.1740, Total Pseudo-Labels: 0, Correct Pseudo-Labels: 0, Train Data Number: 210
line 303 => train data수 210
line 258 => 인스턴스 수 30
acc_train_cw(현재 train의 class별 acc) [0.667, 0.133, 0.0, 0.567, 0.0, 0.1, 0.833]
cw_psl_total_eval(이전 pseudo label 클래스별 총 샘플 수):  [0, 0, 0, 0, 0, 0, 0]
cw_psl_correct_eval(이전 pseudo label 클래스별 맞은 샘플 수):  [0, 0, 0, 0, 0, 0, 0]
psl_acc(PSL 평가에서의 정확도): None 
cw_psl_acc(이전 클래스별 PSL 평가에서의 정확도):  [nan, nan, nan, nan, nan, nan, nan]
**pseudo_label ->  [0.3554, 0.1553, 0.237, 0.195, 0.02, 0.0167, 0.0205] **
max =  0.3554 | max_idx =  0
**pseudo_label ->  [0.0255, 0.0265, 0.0521, 0.0212, 0.2702, 0.2978, 0.3067] **
max =  0.3067 | max_idx =  6
**pseudo_label ->  [0.1992, 0.266, 0.2024, 0.2727, 0.0225, 0.0196, 0.0177] **
max =  0.2727 | max_idx =  3
**pseudo_label ->  [0.2896, 0.2086, 0.2111, 0.2412, 0.0179, 0.0152, 0.0163] **
max =  0.2896 | max_idx =  0
**pseudo_label ->  [0.025, 0.0261, 0.0508, 0.021, 0.2714, 0.2981, 0.3076] **
max =  0.3076 | max_idx =  6


Epoch 72/100, Train Loss: 1.5442, Valid Loss: 1.7610, Train Acc: 0.3286, Val Acc: 0.1641, Test Acc: 0.2058, Test F1: 0.1726, Total Pseudo-Labels: 0, Correct Pseudo-Labels: 0, Train Data Number: 210
line 303 => train data수 210
line 258 => 인스턴스 수 30
acc_train_cw(현재 train의 class별 acc) [0.5, 0.733, 0.0, 0.1, 0.167, 0.033, 0.833]
cw_psl_total_eval(이전 pseudo label 클래스별 총 샘플 수):  [0, 0, 0, 0, 0, 0, 0]
cw_psl_correct_eval(이전 pseudo label 클래스별 맞은 샘플 수):  [0, 0, 0, 0, 0, 0, 0]
psl_acc(PSL 평가에서의 정확도): None 
cw_psl_acc(이전 클래스별 PSL 평가에서의 정확도):  [nan, nan, nan, nan, nan, nan, nan]
**pseudo_label ->  [0.3483, 0.1746, 0.2134, 0.2109, 0.0183, 0.0158, 0.0187] **
max =  0.3483 | max_idx =  0
**pseudo_label ->  [0.023, 0.0315, 0.0558, 0.0239, 0.2883, 0.2892, 0.2883] **
max =  0.2892 | max_idx =  5
**pseudo_label ->  [0.1005, 0.3152, 0.1638, 0.2599, 0.0608, 0.058, 0.0417] **
max =  0.3152 | max_idx =  1
**pseudo_label ->  [0.0914, 0.3084, 0.1617, 0.2471, 0.0728, 0.0695, 0.0492] **
max =  0.3084 | max_idx =  1
**pseudo_label ->  [0.0235, 0.0295, 0.055, 0.0227, 0.2881, 0.2873, 0.294] **
max =  0.294 | max_idx =  6


Epoch 73/100, Train Loss: 1.5451, Valid Loss: 1.8007, Train Acc: 0.3381, Val Acc: 0.2792, Test Acc: 0.2081, Test F1: 0.2059, Total Pseudo-Labels: 0, Correct Pseudo-Labels: 0, Train Data Number: 210
line 303 => train data수 210
line 258 => 인스턴스 수 30
acc_train_cw(현재 train의 class별 acc) [0.7, 0.2, 0.0, 0.4, 0.0, 0.7, 0.6]
cw_psl_total_eval(이전 pseudo label 클래스별 총 샘플 수):  [0, 0, 0, 0, 0, 0, 0]
cw_psl_correct_eval(이전 pseudo label 클래스별 맞은 샘플 수):  [0, 0, 0, 0, 0, 0, 0]
psl_acc(PSL 평가에서의 정확도): None 
cw_psl_acc(이전 클래스별 PSL 평가에서의 정확도):  [nan, nan, nan, nan, nan, nan, nan]
**pseudo_label ->  [0.3864, 0.1348, 0.2363, 0.1821, 0.02, 0.0176, 0.0227] **
max =  0.3864 | max_idx =  0
**pseudo_label ->  [0.0252, 0.0538, 0.0674, 0.0367, 0.2783, 0.2959, 0.2427] **
max =  0.2959 | max_idx =  5
**pseudo_label ->  [0.1428, 0.3191, 0.1677, 0.2799, 0.0341, 0.0321, 0.0242] **
max =  0.3191 | max_idx =  1
**pseudo_label ->  [0.2263, 0.2599, 0.182, 0.2773, 0.0198, 0.0182, 0.0165] **
max =  0.2773 | max_idx =  3
**pseudo_label ->  [0.0236, 0.0325, 0.0558, 0.0242, 0.2786, 0.2993, 0.286] **
max =  0.2993 | max_idx =  5


Epoch 74/100, Train Loss: 1.5554, Valid Loss: 1.7917, Train Acc: 0.3714, Val Acc: 0.1624, Test Acc: 0.3065, Test F1: 0.2064, Total Pseudo-Labels: 0, Correct Pseudo-Labels: 0, Train Data Number: 210
line 303 => train data수 210
line 258 => 인스턴스 수 30
acc_train_cw(현재 train의 class별 acc) [0.267, 0.467, 0.0, 0.333, 0.0, 1.0, 0.367]
cw_psl_total_eval(이전 pseudo label 클래스별 총 샘플 수):  [0, 0, 0, 0, 0, 0, 0]
cw_psl_correct_eval(이전 pseudo label 클래스별 맞은 샘플 수):  [0, 0, 0, 0, 0, 0, 0]
psl_acc(PSL 평가에서의 정확도): None 
cw_psl_acc(이전 클래스별 PSL 평가에서의 정확도):  [nan, nan, nan, nan, nan, nan, nan]
**pseudo_label ->  [0.2566, 0.2285, 0.1962, 0.2703, 0.0171, 0.0156, 0.0157] **
max =  0.2703 | max_idx =  3
**pseudo_label ->  [0.0223, 0.0278, 0.0477, 0.0211, 0.2764, 0.3102, 0.2946] **
max =  0.3102 | max_idx =  5
**pseudo_label ->  [0.0558, 0.2235, 0.1234, 0.144, 0.164, 0.1792, 0.1101] **
max =  0.2235 | max_idx =  1
**pseudo_label ->  [0.1943, 0.2825, 0.1751, 0.2888, 0.0214, 0.0205, 0.0174] **
max =  0.2888 | max_idx =  3
**pseudo_label ->  [0.0239, 0.0627, 0.0592, 0.0402, 0.2733, 0.3123, 0.2284] **
max =  0.3123 | max_idx =  5


Epoch 75/100, Train Loss: 1.5383, Valid Loss: 1.8075, Train Acc: 0.3476, Val Acc: 0.2267, Test Acc: 0.3445, Test F1: 0.2705, Total Pseudo-Labels: 0, Correct Pseudo-Labels: 0, Train Data Number: 210
line 303 => train data수 210
line 258 => 인스턴스 수 30
acc_train_cw(현재 train의 class별 acc) [0.667, 0.233, 0.0, 0.467, 0.0, 0.333, 0.8]
cw_psl_total_eval(이전 pseudo label 클래스별 총 샘플 수):  [0, 0, 0, 0, 0, 0, 0]
cw_psl_correct_eval(이전 pseudo label 클래스별 맞은 샘플 수):  [0, 0, 0, 0, 0, 0, 0]
psl_acc(PSL 평가에서의 정확도): None 
cw_psl_acc(이전 클래스별 PSL 평가에서의 정확도):  [nan, nan, nan, nan, nan, nan, nan]
**pseudo_label ->  [0.3005, 0.1969, 0.2016, 0.2539, 0.0164, 0.0148, 0.0158] **
max =  0.3005 | max_idx =  0
**pseudo_label ->  [0.0256, 0.0305, 0.0576, 0.023, 0.2732, 0.2927, 0.2974] **
max =  0.2974 | max_idx =  6
**pseudo_label ->  [0.2555, 0.2317, 0.1903, 0.2742, 0.0173, 0.0158, 0.0152] **
max =  0.2742 | max_idx =  3
**pseudo_label ->  [0.2656, 0.2236, 0.1926, 0.2706, 0.017, 0.0155, 0.0152] **
max =  0.2706 | max_idx =  3
**pseudo_label ->  [0.0249, 0.0287, 0.0546, 0.0217, 0.2744, 0.2931, 0.3025] **
max =  0.3025 | max_idx =  6
