current work directory:  /home/imsuhan22/few-shot-tc/custom_ssl/code
Data set -> python_extended_data
save_name: 10_codebert-base_0.0002_0.7_python_extended_data_37_[45]

data_path:  ../data/problem_based_split/python_extended_data

There are 2 GPU(s) available.
We will use the GPU- 0 Quadro RTX 8000

**line 147 모델 =>  microsoft/codebert-base
**tokenizer type =  microsoft/codebert-base 

pesudo label class개수 기준 -> 7
n_labeled_per_class:  10
train_df samples: 3974
train_labeled_df samples: 70
train_unlabeled_df samples: 3904
n_classes:  7 


net_arch:  microsoft/codebert-base 
lr:  0.0002 
lr_linear:  0.001 




line 303 => train data수 70
line 258 => 인스턴스 수 10
Step 0  Tim 0:00:10
acc_train_cw(현재 train의 class별 acc) [1.0, 0.0, 0.0, 0.0, 0.0, 0.0, 0.0]
cw_psl_total_eval(pseudo label 클래스별 총 샘플 수):  [0, 0, 0, 0, 0, 0, 0]
cw_psl_correct_eval(pseudo label 클래스별 맞은 샘플 수):  [0, 0, 0, 0, 0, 0, 0]
psl_acc(PSL 평가에서의 정확도): None 
cw_psl_acc(클래스별 PSL 평가에서의 정확도):  [nan, nan, nan, nan, nan, nan, nan]
***best_acc_model_save --- epoch = 1***
Save model to ./experiment/python_extended_data/output/
**pseudo_label ->  [0.1693, 0.1424, 0.1453, 0.1489, 0.1084, 0.1322, 0.1534] **
max =  0.1693 | max_idx =  0
**pseudo_label ->  [0.1874, 0.1307, 0.1403, 0.1547, 0.1086, 0.1359, 0.1424] **
max =  0.1874 | max_idx =  0
**pseudo_label ->  [0.1281, 0.1358, 0.153, 0.1313, 0.1167, 0.135, 0.2] **
max =  0.2 | max_idx =  6
**pseudo_label ->  [0.1788, 0.1172, 0.1436, 0.1418, 0.0929, 0.1791, 0.1466] **
max =  0.1791 | max_idx =  5
**pseudo_label ->  [0.1957, 0.1195, 0.1652, 0.1155, 0.1053, 0.177, 0.1217] **
max =  0.1957 | max_idx =  0
Epoch 1/37, Train Loss: 2.0589, Valid Loss: 1.9648, Train Acc: 0.1429, Val Acc: 0.0912, Test Acc: 0.0779, Test F1(macro): 0.0206, Total Pseudo-Labels: 0, Correct Pseudo-Labels: 0, Train Data Number: 70



line 303 => train data수 70
line 258 => 인스턴스 수 10
Step 10  Tim 0:01:13
acc_train_cw(현재 train의 class별 acc) [0.0, 0.0, 0.7, 0.0, 0.0, 1.0, 0.0]
cw_psl_total_eval(pseudo label 클래스별 총 샘플 수):  [0, 0, 0, 0, 0, 0, 0]
cw_psl_correct_eval(pseudo label 클래스별 맞은 샘플 수):  [0, 0, 0, 0, 0, 0, 0]
psl_acc(PSL 평가에서의 정확도): None 
cw_psl_acc(클래스별 PSL 평가에서의 정확도):  [nan, nan, nan, nan, nan, nan, nan]
**pseudo_label ->  [0.1153, 0.156, 0.1393, 0.1589, 0.1409, 0.1898, 0.0999] **
max =  0.1898 | max_idx =  5
**pseudo_label ->  [0.0695, 0.1629, 0.1192, 0.1726, 0.1851, 0.243, 0.0477] **
max =  0.243 | max_idx =  5
**pseudo_label ->  [0.1192, 0.1531, 0.1882, 0.1444, 0.1487, 0.1379, 0.1085] **
max =  0.1882 | max_idx =  2
**pseudo_label ->  [0.1089, 0.144, 0.2204, 0.1292, 0.1797, 0.0984, 0.1193] **
max =  0.2204 | max_idx =  2
**pseudo_label ->  [0.1083, 0.1559, 0.1381, 0.1793, 0.16, 0.1757, 0.0827] **
max =  0.1793 | max_idx =  3
Epoch 2/37, Train Loss: 1.9481, Valid Loss: 1.9642, Train Acc: 0.2429, Val Acc: 0.0847, Test Acc: 0.3340, Test F1(macro): 0.1159, Total Pseudo-Labels: 0, Correct Pseudo-Labels: 0, Train Data Number: 70



line 303 => train data수 70
line 258 => 인스턴스 수 10
Step 20  Tim 0:02:14
acc_train_cw(현재 train의 class별 acc) [0.8, 0.2, 0.0, 0.0, 0.0, 1.0, 0.1]
cw_psl_total_eval(pseudo label 클래스별 총 샘플 수):  [0, 0, 0, 0, 0, 0, 0]
cw_psl_correct_eval(pseudo label 클래스별 맞은 샘플 수):  [0, 0, 0, 0, 0, 0, 0]
psl_acc(PSL 평가에서의 정확도): None 
cw_psl_acc(클래스별 PSL 평가에서의 정확도):  [nan, nan, nan, nan, nan, nan, nan]
**pseudo_label ->  [0.16, 0.1516, 0.1491, 0.1535, 0.1362, 0.0978, 0.1518] **
max =  0.16 | max_idx =  0
**pseudo_label ->  [0.0715, 0.1698, 0.0813, 0.1477, 0.1864, 0.1892, 0.1543] **
max =  0.1892 | max_idx =  5
**pseudo_label ->  [0.1753, 0.1426, 0.1938, 0.1366, 0.1498, 0.0807, 0.1212] **
max =  0.1938 | max_idx =  2
**pseudo_label ->  [0.2086, 0.1408, 0.1878, 0.1325, 0.1281, 0.076, 0.1262] **
max =  0.2086 | max_idx =  0
**pseudo_label ->  [0.1566, 0.1743, 0.1432, 0.1496, 0.129, 0.0994, 0.148] **
max =  0.1743 | max_idx =  1
Epoch 3/37, Train Loss: 1.9037, Valid Loss: 1.9624, Train Acc: 0.3000, Val Acc: 0.0782, Test Acc: 0.3689, Test F1(macro): 0.1667, Total Pseudo-Labels: 0, Correct Pseudo-Labels: 0, Train Data Number: 70



line 303 => train data수 70
line 258 => 인스턴스 수 10
Step 30  Tim 0:03:14
acc_train_cw(현재 train의 class별 acc) [0.8, 0.1, 0.1, 0.0, 0.0, 1.0, 0.3]
cw_psl_total_eval(pseudo label 클래스별 총 샘플 수):  [0, 0, 0, 0, 0, 0, 0]
cw_psl_correct_eval(pseudo label 클래스별 맞은 샘플 수):  [0, 0, 0, 0, 0, 0, 0]
psl_acc(PSL 평가에서의 정확도): None 
cw_psl_acc(클래스별 PSL 평가에서의 정확도):  [nan, nan, nan, nan, nan, nan, nan]
***best_acc_model_save --- epoch = 4***
Save model to ./experiment/python_extended_data/output/
**pseudo_label ->  [0.0963, 0.0869, 0.1001, 0.0831, 0.0983, 0.1379, 0.3974] **
max =  0.3974 | max_idx =  6
**pseudo_label ->  [0.0256, 0.1731, 0.0387, 0.0737, 0.1496, 0.3054, 0.234] **
max =  0.3054 | max_idx =  5
**pseudo_label ->  [0.1131, 0.164, 0.1311, 0.1211, 0.1372, 0.15, 0.1834] **
max =  0.1834 | max_idx =  6
**pseudo_label ->  [0.3781, 0.0783, 0.2672, 0.1325, 0.0514, 0.033, 0.0594] **
max =  0.3781 | max_idx =  0
**pseudo_label ->  [0.1153, 0.1027, 0.0914, 0.0783, 0.1112, 0.1909, 0.3103] **
max =  0.3103 | max_idx =  6
Epoch 4/37, Train Loss: 1.9374, Valid Loss: 1.9075, Train Acc: 0.3286, Val Acc: 0.1140, Test Acc: 0.3422, Test F1(macro): 0.1789, Total Pseudo-Labels: 0, Correct Pseudo-Labels: 0, Train Data Number: 70



line 303 => train data수 70
line 258 => 인스턴스 수 10
Step 40  Tim 0:04:27
acc_train_cw(현재 train의 class별 acc) [0.0, 0.0, 0.0, 0.8, 0.0, 0.0, 0.4]
cw_psl_total_eval(pseudo label 클래스별 총 샘플 수):  [0, 0, 0, 0, 0, 0, 0]
cw_psl_correct_eval(pseudo label 클래스별 맞은 샘플 수):  [0, 0, 0, 0, 0, 0, 0]
psl_acc(PSL 평가에서의 정확도): None 
cw_psl_acc(클래스별 PSL 평가에서의 정확도):  [nan, nan, nan, nan, nan, nan, nan]
***best_acc_model_save --- epoch = 5***
Save model to ./experiment/python_extended_data/output/
**pseudo_label ->  [0.1593, 0.1427, 0.1607, 0.1989, 0.1416, 0.0785, 0.1183] **
max =  0.1989 | max_idx =  3
**pseudo_label ->  [0.0466, 0.1572, 0.046, 0.0741, 0.1437, 0.244, 0.2884] **
max =  0.2884 | max_idx =  6
**pseudo_label ->  [0.2041, 0.1353, 0.1484, 0.1851, 0.1287, 0.0734, 0.125] **
max =  0.2041 | max_idx =  0
**pseudo_label ->  [0.16, 0.1431, 0.16, 0.1811, 0.1536, 0.0813, 0.1209] **
max =  0.1811 | max_idx =  3
**pseudo_label ->  [0.1641, 0.1549, 0.1332, 0.2375, 0.137, 0.055, 0.1183] **
max =  0.2375 | max_idx =  3
Epoch 5/37, Train Loss: 1.9544, Valid Loss: 1.8869, Train Acc: 0.1714, Val Acc: 0.3876, Test Acc: 0.1414, Test F1(macro): 0.0553, Total Pseudo-Labels: 0, Correct Pseudo-Labels: 0, Train Data Number: 70



line 303 => train data수 70
line 258 => 인스턴스 수 10
Step 50  Tim 0:05:41
acc_train_cw(현재 train의 class별 acc) [0.0, 1.0, 0.0, 0.0, 0.0, 0.0, 0.0]
cw_psl_total_eval(pseudo label 클래스별 총 샘플 수):  [0, 0, 0, 0, 0, 0, 0]
cw_psl_correct_eval(pseudo label 클래스별 맞은 샘플 수):  [0, 0, 0, 0, 0, 0, 0]
psl_acc(PSL 평가에서의 정확도): None 
cw_psl_acc(클래스별 PSL 평가에서의 정확도):  [nan, nan, nan, nan, nan, nan, nan]
**pseudo_label ->  [0.1339, 0.1653, 0.1676, 0.1737, 0.1523, 0.0954, 0.1117] **
max =  0.1737 | max_idx =  3
**pseudo_label ->  [0.1303, 0.1733, 0.1529, 0.1599, 0.162, 0.1014, 0.1202] **
max =  0.1733 | max_idx =  1
**pseudo_label ->  [0.1178, 0.1885, 0.1582, 0.1504, 0.1511, 0.1054, 0.1286] **
max =  0.1885 | max_idx =  1
**pseudo_label ->  [0.1201, 0.1903, 0.161, 0.1702, 0.147, 0.0915, 0.12] **
max =  0.1903 | max_idx =  1
**pseudo_label ->  [0.1222, 0.1923, 0.1648, 0.1626, 0.1523, 0.0864, 0.1193] **
max =  0.1923 | max_idx =  1
Epoch 6/37, Train Loss: 1.9825, Valid Loss: 2.0308, Train Acc: 0.1429, Val Acc: 0.0065, Test Acc: 0.2787, Test F1(macro): 0.0623, Total Pseudo-Labels: 0, Correct Pseudo-Labels: 0, Train Data Number: 70



line 303 => train data수 70
line 258 => 인스턴스 수 10
Step 60  Tim 0:06:43
acc_train_cw(현재 train의 class별 acc) [0.0, 0.0, 0.0, 0.0, 0.0, 1.0, 0.0]
cw_psl_total_eval(pseudo label 클래스별 총 샘플 수):  [0, 0, 0, 0, 0, 0, 0]
cw_psl_correct_eval(pseudo label 클래스별 맞은 샘플 수):  [0, 0, 0, 0, 0, 0, 0]
psl_acc(PSL 평가에서의 정확도): None 
cw_psl_acc(클래스별 PSL 평가에서의 정확도):  [nan, nan, nan, nan, nan, nan, nan]
**pseudo_label ->  [0.1229, 0.1422, 0.1362, 0.1147, 0.1415, 0.1627, 0.1799] **
max =  0.1799 | max_idx =  6
**pseudo_label ->  [0.1291, 0.1546, 0.1362, 0.1113, 0.1454, 0.1638, 0.1595] **
max =  0.1638 | max_idx =  5
**pseudo_label ->  [0.1268, 0.1514, 0.146, 0.1086, 0.1466, 0.1476, 0.173] **
max =  0.173 | max_idx =  6
**pseudo_label ->  [0.1161, 0.1493, 0.1437, 0.1283, 0.1359, 0.16, 0.1667] **
max =  0.1667 | max_idx =  6
**pseudo_label ->  [0.134, 0.1298, 0.1511, 0.105, 0.1433, 0.1738, 0.1631] **
max =  0.1738 | max_idx =  5
Epoch 7/37, Train Loss: 1.9482, Valid Loss: 1.9537, Train Acc: 0.1429, Val Acc: 0.0261, Test Acc: 0.2971, Test F1(macro): 0.0654, Total Pseudo-Labels: 0, Correct Pseudo-Labels: 0, Train Data Number: 70



line 303 => train data수 70
line 258 => 인스턴스 수 10
Step 70  Tim 0:07:44
acc_train_cw(현재 train의 class별 acc) [0.0, 0.0, 0.0, 0.0, 0.0, 1.0, 0.0]
cw_psl_total_eval(pseudo label 클래스별 총 샘플 수):  [0, 0, 0, 0, 0, 0, 0]
cw_psl_correct_eval(pseudo label 클래스별 맞은 샘플 수):  [0, 0, 0, 0, 0, 0, 0]
psl_acc(PSL 평가에서의 정확도): None 
cw_psl_acc(클래스별 PSL 평가에서의 정확도):  [nan, nan, nan, nan, nan, nan, nan]
**pseudo_label ->  [0.1753, 0.1061, 0.1306, 0.1575, 0.1389, 0.1697, 0.1219] **
max =  0.1753 | max_idx =  0
**pseudo_label ->  [0.217, 0.093, 0.1415, 0.1486, 0.1344, 0.1727, 0.0927] **
max =  0.217 | max_idx =  0
**pseudo_label ->  [0.0883, 0.1206, 0.0963, 0.1948, 0.1547, 0.1829, 0.1624] **
max =  0.1948 | max_idx =  3
**pseudo_label ->  [0.115, 0.1214, 0.121, 0.1638, 0.1371, 0.1797, 0.162] **
max =  0.1797 | max_idx =  5
**pseudo_label ->  [0.1245, 0.1323, 0.1205, 0.1568, 0.1464, 0.1726, 0.1469] **
max =  0.1726 | max_idx =  5
Epoch 8/37, Train Loss: 1.9981, Valid Loss: 1.8507, Train Acc: 0.1429, Val Acc: 0.0261, Test Acc: 0.2971, Test F1(macro): 0.0654, Total Pseudo-Labels: 0, Correct Pseudo-Labels: 0, Train Data Number: 70



line 303 => train data수 70
line 258 => 인스턴스 수 10
Step 80  Tim 0:08:44
acc_train_cw(현재 train의 class별 acc) [1.0, 0.0, 0.0, 0.0, 0.0, 0.0, 0.0]
cw_psl_total_eval(pseudo label 클래스별 총 샘플 수):  [0, 0, 0, 0, 0, 0, 0]
cw_psl_correct_eval(pseudo label 클래스별 맞은 샘플 수):  [0, 0, 0, 0, 0, 0, 0]
psl_acc(PSL 평가에서의 정확도): None 
cw_psl_acc(클래스별 PSL 평가에서의 정확도):  [nan, nan, nan, nan, nan, nan, nan]
**pseudo_label ->  [0.1444, 0.1137, 0.1588, 0.1672, 0.1408, 0.1221, 0.1529] **
max =  0.1672 | max_idx =  3
**pseudo_label ->  [0.1551, 0.1031, 0.1619, 0.1694, 0.1392, 0.1174, 0.1538] **
max =  0.1694 | max_idx =  3
**pseudo_label ->  [0.1545, 0.0961, 0.1672, 0.1658, 0.1487, 0.1192, 0.1485] **
max =  0.1672 | max_idx =  2
**pseudo_label ->  [0.1578, 0.0983, 0.1626, 0.1577, 0.1489, 0.124, 0.1507] **
max =  0.1626 | max_idx =  2
**pseudo_label ->  [0.1825, 0.0771, 0.1434, 0.1979, 0.1621, 0.0804, 0.1566] **
max =  0.1979 | max_idx =  3
Epoch 9/37, Train Loss: 1.9940, Valid Loss: 1.9830, Train Acc: 0.1429, Val Acc: 0.0912, Test Acc: 0.0779, Test F1(macro): 0.0206, Total Pseudo-Labels: 0, Correct Pseudo-Labels: 0, Train Data Number: 70



line 303 => train data수 70
line 258 => 인스턴스 수 10
Step 90  Tim 0:09:45
acc_train_cw(현재 train의 class별 acc) [0.0, 0.0, 0.0, 0.0, 0.0, 0.0, 1.0]
cw_psl_total_eval(pseudo label 클래스별 총 샘플 수):  [0, 0, 0, 0, 0, 0, 0]
cw_psl_correct_eval(pseudo label 클래스별 맞은 샘플 수):  [0, 0, 0, 0, 0, 0, 0]
psl_acc(PSL 평가에서의 정확도): None 
cw_psl_acc(클래스별 PSL 평가에서의 정확도):  [nan, nan, nan, nan, nan, nan, nan]
**pseudo_label ->  [0.1271, 0.1528, 0.1252, 0.1339, 0.1379, 0.1407, 0.1825] **
max =  0.1825 | max_idx =  6
**pseudo_label ->  [0.1268, 0.1546, 0.1323, 0.1373, 0.1253, 0.145, 0.1788] **
max =  0.1788 | max_idx =  6
**pseudo_label ->  [0.1306, 0.1567, 0.1263, 0.1284, 0.1418, 0.1451, 0.1712] **
max =  0.1712 | max_idx =  6
**pseudo_label ->  [0.1221, 0.1578, 0.1253, 0.1341, 0.1446, 0.148, 0.1681] **
max =  0.1681 | max_idx =  6
**pseudo_label ->  [0.1589, 0.1237, 0.1289, 0.1599, 0.1492, 0.1488, 0.1305] **
max =  0.1599 | max_idx =  3
Epoch 10/37, Train Loss: 1.9826, Valid Loss: 1.9355, Train Acc: 0.1429, Val Acc: 0.1173, Test Acc: 0.0184, Test F1(macro): 0.0052, Total Pseudo-Labels: 0, Correct Pseudo-Labels: 0, Train Data Number: 70



line 303 => train data수 70
line 258 => 인스턴스 수 10
Step 100  Tim 0:10:45
acc_train_cw(현재 train의 class별 acc) [0.0, 0.0, 1.0, 0.0, 0.0, 0.0, 0.0]
cw_psl_total_eval(pseudo label 클래스별 총 샘플 수):  [0, 0, 0, 0, 0, 0, 0]
cw_psl_correct_eval(pseudo label 클래스별 맞은 샘플 수):  [0, 0, 0, 0, 0, 0, 0]
psl_acc(PSL 평가에서의 정확도): None 
cw_psl_acc(클래스별 PSL 평가에서의 정확도):  [nan, nan, nan, nan, nan, nan, nan]
**pseudo_label ->  [0.1572, 0.1541, 0.1538, 0.1334, 0.1208, 0.1432, 0.1376] **
max =  0.1572 | max_idx =  0
**pseudo_label ->  [0.15, 0.1556, 0.1518, 0.149, 0.1159, 0.152, 0.1258] **
max =  0.1556 | max_idx =  1
**pseudo_label ->  [0.1558, 0.1545, 0.166, 0.1457, 0.1242, 0.1378, 0.116] **
max =  0.166 | max_idx =  2
**pseudo_label ->  [0.1561, 0.155, 0.151, 0.1488, 0.1212, 0.1453, 0.1226] **
max =  0.1561 | max_idx =  0
**pseudo_label ->  [0.1555, 0.1443, 0.1593, 0.1484, 0.1272, 0.1454, 0.12] **
max =  0.1593 | max_idx =  2
Epoch 11/37, Train Loss: 1.9946, Valid Loss: 1.9431, Train Acc: 0.1429, Val Acc: 0.2280, Test Acc: 0.1230, Test F1(macro): 0.0313, Total Pseudo-Labels: 0, Correct Pseudo-Labels: 0, Train Data Number: 70



line 303 => train data수 70
line 258 => 인스턴스 수 10
Step 110  Tim 0:11:45
acc_train_cw(현재 train의 class별 acc) [0.0, 0.0, 1.0, 0.0, 0.0, 0.0, 0.0]
cw_psl_total_eval(pseudo label 클래스별 총 샘플 수):  [0, 0, 0, 0, 0, 0, 0]
cw_psl_correct_eval(pseudo label 클래스별 맞은 샘플 수):  [0, 0, 0, 0, 0, 0, 0]
psl_acc(PSL 평가에서의 정확도): None 
cw_psl_acc(클래스별 PSL 평가에서의 정확도):  [nan, nan, nan, nan, nan, nan, nan]
**pseudo_label ->  [0.1331, 0.1283, 0.1633, 0.1719, 0.1304, 0.1538, 0.1192] **
max =  0.1719 | max_idx =  3
**pseudo_label ->  [0.1364, 0.1345, 0.1595, 0.1698, 0.1243, 0.1543, 0.1212] **
max =  0.1698 | max_idx =  3
**pseudo_label ->  [0.1346, 0.1455, 0.1622, 0.1549, 0.1186, 0.1655, 0.1187] **
max =  0.1655 | max_idx =  5
**pseudo_label ->  [0.14, 0.1516, 0.152, 0.1605, 0.1246, 0.1521, 0.1191] **
max =  0.1605 | max_idx =  3
**pseudo_label ->  [0.1304, 0.1571, 0.1657, 0.1312, 0.1287, 0.1643, 0.1226] **
max =  0.1657 | max_idx =  2
Epoch 12/37, Train Loss: 1.9442, Valid Loss: 2.0536, Train Acc: 0.1429, Val Acc: 0.2280, Test Acc: 0.1230, Test F1(macro): 0.0313, Total Pseudo-Labels: 0, Correct Pseudo-Labels: 0, Train Data Number: 70



line 303 => train data수 70
line 258 => 인스턴스 수 10
Step 120  Tim 0:12:45
acc_train_cw(현재 train의 class별 acc) [0.0, 1.0, 0.0, 0.0, 0.0, 0.0, 0.0]
cw_psl_total_eval(pseudo label 클래스별 총 샘플 수):  [0, 0, 0, 0, 0, 0, 0]
cw_psl_correct_eval(pseudo label 클래스별 맞은 샘플 수):  [0, 0, 0, 0, 0, 0, 0]
psl_acc(PSL 평가에서의 정확도): None 
cw_psl_acc(클래스별 PSL 평가에서의 정확도):  [nan, nan, nan, nan, nan, nan, nan]
**pseudo_label ->  [0.1394, 0.1674, 0.1324, 0.1097, 0.1478, 0.1431, 0.1602] **
max =  0.1674 | max_idx =  1
**pseudo_label ->  [0.1379, 0.1627, 0.1315, 0.1108, 0.163, 0.1389, 0.1551] **
max =  0.163 | max_idx =  4
**pseudo_label ->  [0.1441, 0.1587, 0.1274, 0.1101, 0.1553, 0.1456, 0.1588] **
max =  0.1588 | max_idx =  6
**pseudo_label ->  [0.1351, 0.1623, 0.1435, 0.1126, 0.1612, 0.1365, 0.1488] **
max =  0.1623 | max_idx =  1
**pseudo_label ->  [0.1351, 0.1563, 0.1505, 0.1161, 0.1538, 0.1361, 0.1521] **
max =  0.1563 | max_idx =  1
Epoch 13/37, Train Loss: 1.9942, Valid Loss: 1.9950, Train Acc: 0.1429, Val Acc: 0.0065, Test Acc: 0.2787, Test F1(macro): 0.0623, Total Pseudo-Labels: 0, Correct Pseudo-Labels: 0, Train Data Number: 70



line 303 => train data수 70
line 258 => 인스턴스 수 10
Step 130  Tim 0:13:45
acc_train_cw(현재 train의 class별 acc) [1.0, 0.0, 0.0, 0.0, 0.0, 0.0, 0.0]
cw_psl_total_eval(pseudo label 클래스별 총 샘플 수):  [0, 0, 0, 0, 0, 0, 0]
cw_psl_correct_eval(pseudo label 클래스별 맞은 샘플 수):  [0, 0, 0, 0, 0, 0, 0]
psl_acc(PSL 평가에서의 정확도): None 
cw_psl_acc(클래스별 PSL 평가에서의 정확도):  [nan, nan, nan, nan, nan, nan, nan]
**pseudo_label ->  [0.1635, 0.1049, 0.1309, 0.1671, 0.1299, 0.1288, 0.175] **
max =  0.175 | max_idx =  6
**pseudo_label ->  [0.1639, 0.1189, 0.1214, 0.1166, 0.1606, 0.1479, 0.1708] **
max =  0.1708 | max_idx =  6
**pseudo_label ->  [0.1679, 0.1197, 0.1155, 0.1241, 0.158, 0.1641, 0.1507] **
max =  0.1679 | max_idx =  0
**pseudo_label ->  [0.1531, 0.1182, 0.1239, 0.1203, 0.1626, 0.1568, 0.1651] **
max =  0.1651 | max_idx =  6
**pseudo_label ->  [0.1567, 0.1252, 0.1214, 0.1331, 0.1595, 0.1421, 0.162] **
max =  0.162 | max_idx =  6
Epoch 14/37, Train Loss: 1.9786, Valid Loss: 1.9291, Train Acc: 0.1429, Val Acc: 0.0912, Test Acc: 0.0779, Test F1(macro): 0.0206, Total Pseudo-Labels: 0, Correct Pseudo-Labels: 0, Train Data Number: 70



line 303 => train data수 70
line 258 => 인스턴스 수 10
Step 140  Tim 0:14:45
acc_train_cw(현재 train의 class별 acc) [0.0, 0.0, 0.0, 0.0, 0.0, 0.0, 1.0]
cw_psl_total_eval(pseudo label 클래스별 총 샘플 수):  [0, 0, 0, 0, 0, 0, 0]
cw_psl_correct_eval(pseudo label 클래스별 맞은 샘플 수):  [0, 0, 0, 0, 0, 0, 0]
psl_acc(PSL 평가에서의 정확도): None 
cw_psl_acc(클래스별 PSL 평가에서의 정확도):  [nan, nan, nan, nan, nan, nan, nan]
**pseudo_label ->  [0.1453, 0.126, 0.1742, 0.1436, 0.139, 0.1212, 0.1507] **
max =  0.1742 | max_idx =  2
**pseudo_label ->  [0.1517, 0.139, 0.1639, 0.1456, 0.1314, 0.1228, 0.1455] **
max =  0.1639 | max_idx =  2
**pseudo_label ->  [0.1397, 0.1301, 0.1761, 0.1411, 0.1284, 0.1235, 0.1611] **
max =  0.1761 | max_idx =  2
**pseudo_label ->  [0.1509, 0.1253, 0.16, 0.1358, 0.1235, 0.1402, 0.1643] **
max =  0.1643 | max_idx =  6
**pseudo_label ->  [0.148, 0.1313, 0.1579, 0.1362, 0.1213, 0.1303, 0.175] **
max =  0.175 | max_idx =  6
Epoch 15/37, Train Loss: 1.9960, Valid Loss: 1.9556, Train Acc: 0.1429, Val Acc: 0.1173, Test Acc: 0.0184, Test F1(macro): 0.0052, Total Pseudo-Labels: 0, Correct Pseudo-Labels: 0, Train Data Number: 70



line 303 => train data수 70
line 258 => 인스턴스 수 10
Step 150  Tim 0:15:45
acc_train_cw(현재 train의 class별 acc) [0.0, 1.0, 0.0, 0.0, 0.0, 0.0, 0.0]
cw_psl_total_eval(pseudo label 클래스별 총 샘플 수):  [0, 0, 0, 0, 0, 0, 0]
cw_psl_correct_eval(pseudo label 클래스별 맞은 샘플 수):  [0, 0, 0, 0, 0, 0, 0]
psl_acc(PSL 평가에서의 정확도): None 
cw_psl_acc(클래스별 PSL 평가에서의 정확도):  [nan, nan, nan, nan, nan, nan, nan]
**pseudo_label ->  [0.1435, 0.155, 0.1511, 0.1813, 0.1147, 0.1156, 0.1388] **
max =  0.1813 | max_idx =  3
**pseudo_label ->  [0.1454, 0.1369, 0.1428, 0.1901, 0.1208, 0.1172, 0.1468] **
max =  0.1901 | max_idx =  3
**pseudo_label ->  [0.1581, 0.1543, 0.1275, 0.1559, 0.1528, 0.1426, 0.1087] **
max =  0.1581 | max_idx =  0
**pseudo_label ->  [0.1478, 0.1702, 0.1257, 0.1586, 0.1346, 0.1424, 0.1208] **
max =  0.1702 | max_idx =  1
**pseudo_label ->  [0.157, 0.1662, 0.1271, 0.1659, 0.1322, 0.1419, 0.1098] **
max =  0.1662 | max_idx =  1
Epoch 16/37, Train Loss: 1.9741, Valid Loss: 1.9799, Train Acc: 0.1429, Val Acc: 0.0065, Test Acc: 0.2787, Test F1(macro): 0.0623, Total Pseudo-Labels: 0, Correct Pseudo-Labels: 0, Train Data Number: 70



line 303 => train data수 70
line 258 => 인스턴스 수 10
Step 160  Tim 0:16:45
acc_train_cw(현재 train의 class별 acc) [0.0, 0.0, 0.0, 0.0, 0.0, 1.0, 0.0]
cw_psl_total_eval(pseudo label 클래스별 총 샘플 수):  [0, 0, 0, 0, 0, 0, 0]
cw_psl_correct_eval(pseudo label 클래스별 맞은 샘플 수):  [0, 0, 0, 0, 0, 0, 0]
psl_acc(PSL 평가에서의 정확도): None 
cw_psl_acc(클래스별 PSL 평가에서의 정확도):  [nan, nan, nan, nan, nan, nan, nan]
**pseudo_label ->  [0.1206, 0.134, 0.1156, 0.1411, 0.1576, 0.1945, 0.1367] **
max =  0.1945 | max_idx =  5
**pseudo_label ->  [0.1387, 0.126, 0.1255, 0.1314, 0.1484, 0.195, 0.1351] **
max =  0.195 | max_idx =  5
**pseudo_label ->  [0.13, 0.1311, 0.1197, 0.1432, 0.1589, 0.1906, 0.1266] **
max =  0.1906 | max_idx =  5
**pseudo_label ->  [0.1291, 0.1223, 0.1292, 0.138, 0.1554, 0.1917, 0.1342] **
max =  0.1917 | max_idx =  5
**pseudo_label ->  [0.139, 0.1316, 0.1268, 0.1267, 0.1532, 0.1854, 0.1373] **
max =  0.1854 | max_idx =  5
Epoch 17/37, Train Loss: 1.9696, Valid Loss: 1.9375, Train Acc: 0.1429, Val Acc: 0.0261, Test Acc: 0.2971, Test F1(macro): 0.0654, Total Pseudo-Labels: 0, Correct Pseudo-Labels: 0, Train Data Number: 70



line 303 => train data수 70
line 258 => 인스턴스 수 10
Step 170  Tim 0:17:45
acc_train_cw(현재 train의 class별 acc) [0.0, 0.0, 0.0, 0.0, 0.0, 0.0, 1.0]
cw_psl_total_eval(pseudo label 클래스별 총 샘플 수):  [0, 0, 0, 0, 0, 0, 0]
cw_psl_correct_eval(pseudo label 클래스별 맞은 샘플 수):  [0, 0, 0, 0, 0, 0, 0]
psl_acc(PSL 평가에서의 정확도): None 
cw_psl_acc(클래스별 PSL 평가에서의 정확도):  [nan, nan, nan, nan, nan, nan, nan]
**pseudo_label ->  [0.1533, 0.0758, 0.1182, 0.1272, 0.1382, 0.1969, 0.1905] **
max =  0.1969 | max_idx =  5
**pseudo_label ->  [0.1573, 0.0867, 0.1206, 0.1317, 0.1465, 0.1891, 0.168] **
max =  0.1891 | max_idx =  5
**pseudo_label ->  [0.1378, 0.1183, 0.1385, 0.1347, 0.153, 0.1521, 0.1656] **
max =  0.1656 | max_idx =  6
**pseudo_label ->  [0.2091, 0.0593, 0.138, 0.155, 0.1124, 0.0918, 0.2344] **
max =  0.2344 | max_idx =  6
**pseudo_label ->  [0.1321, 0.1188, 0.1397, 0.1428, 0.1488, 0.1656, 0.1523] **
max =  0.1656 | max_idx =  5
Epoch 18/37, Train Loss: 1.9632, Valid Loss: 1.8850, Train Acc: 0.1429, Val Acc: 0.1173, Test Acc: 0.0184, Test F1(macro): 0.0052, Total Pseudo-Labels: 0, Correct Pseudo-Labels: 0, Train Data Number: 70



line 303 => train data수 70
line 258 => 인스턴스 수 10
Step 180  Tim 0:18:45
acc_train_cw(현재 train의 class별 acc) [0.0, 0.0, 0.0, 1.0, 0.0, 0.0, 0.0]
cw_psl_total_eval(pseudo label 클래스별 총 샘플 수):  [0, 0, 0, 0, 0, 0, 0]
cw_psl_correct_eval(pseudo label 클래스별 맞은 샘플 수):  [0, 0, 0, 0, 0, 0, 0]
psl_acc(PSL 평가에서의 정확도): None 
cw_psl_acc(클래스별 PSL 평가에서의 정확도):  [nan, nan, nan, nan, nan, nan, nan]
**pseudo_label ->  [0.1492, 0.1258, 0.1449, 0.1553, 0.1356, 0.1375, 0.1516] **
max =  0.1553 | max_idx =  3
**pseudo_label ->  [0.1465, 0.1234, 0.1531, 0.1598, 0.1352, 0.132, 0.15] **
max =  0.1598 | max_idx =  3
**pseudo_label ->  [0.1558, 0.1244, 0.1497, 0.169, 0.1348, 0.1204, 0.1459] **
max =  0.169 | max_idx =  3
**pseudo_label ->  [0.1603, 0.1185, 0.1584, 0.1543, 0.137, 0.1293, 0.1421] **
max =  0.1603 | max_idx =  0
**pseudo_label ->  [0.1501, 0.131, 0.1572, 0.1535, 0.1305, 0.1303, 0.1474] **
max =  0.1572 | max_idx =  2
Epoch 19/37, Train Loss: 1.9773, Valid Loss: 1.9816, Train Acc: 0.1429, Val Acc: 0.3876, Test Acc: 0.1619, Test F1(macro): 0.0398, Total Pseudo-Labels: 0, Correct Pseudo-Labels: 0, Train Data Number: 70



line 303 => train data수 70
line 258 => 인스턴스 수 10
Step 190  Tim 0:19:45
acc_train_cw(현재 train의 class별 acc) [0.0, 0.0, 1.0, 0.0, 0.0, 0.0, 0.0]
cw_psl_total_eval(pseudo label 클래스별 총 샘플 수):  [0, 0, 0, 0, 0, 0, 0]
cw_psl_correct_eval(pseudo label 클래스별 맞은 샘플 수):  [0, 0, 0, 0, 0, 0, 0]
psl_acc(PSL 평가에서의 정확도): None 
cw_psl_acc(클래스별 PSL 평가에서의 정확도):  [nan, nan, nan, nan, nan, nan, nan]
**pseudo_label ->  [0.121, 0.1267, 0.2065, 0.0731, 0.1335, 0.1551, 0.184] **
max =  0.2065 | max_idx =  2
**pseudo_label ->  [0.1245, 0.1513, 0.1643, 0.1157, 0.1444, 0.1387, 0.1611] **
max =  0.1643 | max_idx =  2
**pseudo_label ->  [0.1378, 0.1609, 0.1619, 0.1111, 0.149, 0.1379, 0.1416] **
max =  0.1619 | max_idx =  2
**pseudo_label ->  [0.1654, 0.1573, 0.1811, 0.1221, 0.1366, 0.0963, 0.1413] **
max =  0.1811 | max_idx =  2
**pseudo_label ->  [0.118, 0.1442, 0.1775, 0.1183, 0.1411, 0.1412, 0.1598] **
max =  0.1775 | max_idx =  2
Epoch 20/37, Train Loss: 1.9664, Valid Loss: 1.9815, Train Acc: 0.1429, Val Acc: 0.2280, Test Acc: 0.1230, Test F1(macro): 0.0313, Total Pseudo-Labels: 0, Correct Pseudo-Labels: 0, Train Data Number: 70



line 303 => train data수 70
line 258 => 인스턴스 수 10
Step 200  Tim 0:20:44
acc_train_cw(현재 train의 class별 acc) [0.0, 0.0, 0.0, 0.0, 0.0, 1.0, 0.0]
cw_psl_total_eval(pseudo label 클래스별 총 샘플 수):  [0, 0, 0, 0, 0, 0, 0]
cw_psl_correct_eval(pseudo label 클래스별 맞은 샘플 수):  [0, 0, 0, 0, 0, 0, 0]
psl_acc(PSL 평가에서의 정확도): None 
cw_psl_acc(클래스별 PSL 평가에서의 정확도):  [nan, nan, nan, nan, nan, nan, nan]
**pseudo_label ->  [0.1455, 0.1281, 0.1542, 0.1466, 0.1428, 0.1494, 0.1333] **
max =  0.1542 | max_idx =  2
**pseudo_label ->  [0.1433, 0.1398, 0.1527, 0.1301, 0.1391, 0.1521, 0.1428] **
max =  0.1527 | max_idx =  2
**pseudo_label ->  [0.1428, 0.1396, 0.138, 0.1274, 0.1361, 0.1612, 0.155] **
max =  0.1612 | max_idx =  5
**pseudo_label ->  [0.1452, 0.147, 0.1498, 0.1232, 0.1386, 0.1509, 0.1453] **
max =  0.1509 | max_idx =  5
**pseudo_label ->  [0.1426, 0.1429, 0.1481, 0.1309, 0.1491, 0.1493, 0.137] **
max =  0.1493 | max_idx =  5
Epoch 21/37, Train Loss: 1.9736, Valid Loss: 1.9998, Train Acc: 0.1429, Val Acc: 0.0261, Test Acc: 0.2971, Test F1(macro): 0.0654, Total Pseudo-Labels: 0, Correct Pseudo-Labels: 0, Train Data Number: 70



line 303 => train data수 70
line 258 => 인스턴스 수 10
Step 210  Tim 0:21:44
acc_train_cw(현재 train의 class별 acc) [0.0, 1.0, 0.0, 0.0, 0.0, 0.0, 0.0]
cw_psl_total_eval(pseudo label 클래스별 총 샘플 수):  [0, 0, 0, 0, 0, 0, 0]
cw_psl_correct_eval(pseudo label 클래스별 맞은 샘플 수):  [0, 0, 0, 0, 0, 0, 0]
psl_acc(PSL 평가에서의 정확도): None 
cw_psl_acc(클래스별 PSL 평가에서의 정확도):  [nan, nan, nan, nan, nan, nan, nan]
**pseudo_label ->  [0.158, 0.1622, 0.1318, 0.1223, 0.1349, 0.141, 0.1499] **
max =  0.1622 | max_idx =  1
**pseudo_label ->  [0.1498, 0.1637, 0.1285, 0.1305, 0.1415, 0.1449, 0.1411] **
max =  0.1637 | max_idx =  1
**pseudo_label ->  [0.1873, 0.2078, 0.1341, 0.1233, 0.1271, 0.1015, 0.1188] **
max =  0.2078 | max_idx =  1
**pseudo_label ->  [0.1584, 0.1559, 0.1384, 0.1373, 0.1451, 0.1333, 0.1316] **
max =  0.1584 | max_idx =  0
**pseudo_label ->  [0.1574, 0.1642, 0.1378, 0.1263, 0.1308, 0.1389, 0.1446] **
max =  0.1642 | max_idx =  1
Epoch 22/37, Train Loss: 1.9742, Valid Loss: 1.9719, Train Acc: 0.1429, Val Acc: 0.0065, Test Acc: 0.2787, Test F1(macro): 0.0623, Total Pseudo-Labels: 0, Correct Pseudo-Labels: 0, Train Data Number: 70



line 303 => train data수 70
line 258 => 인스턴스 수 10
Step 220  Tim 0:22:44
acc_train_cw(현재 train의 class별 acc) [0.0, 0.0, 0.0, 0.0, 0.0, 0.0, 1.0]
cw_psl_total_eval(pseudo label 클래스별 총 샘플 수):  [0, 0, 0, 0, 0, 0, 0]
cw_psl_correct_eval(pseudo label 클래스별 맞은 샘플 수):  [0, 0, 0, 0, 0, 0, 0]
psl_acc(PSL 평가에서의 정확도): None 
cw_psl_acc(클래스별 PSL 평가에서의 정확도):  [nan, nan, nan, nan, nan, nan, nan]
**pseudo_label ->  [0.1325, 0.1347, 0.1545, 0.1327, 0.1315, 0.143, 0.1711] **
max =  0.1711 | max_idx =  6
**pseudo_label ->  [0.1288, 0.1458, 0.1455, 0.1389, 0.1228, 0.1444, 0.1738] **
max =  0.1738 | max_idx =  6
**pseudo_label ->  [0.1166, 0.0957, 0.1763, 0.1508, 0.1065, 0.1354, 0.2187] **
max =  0.2187 | max_idx =  6
**pseudo_label ->  [0.1261, 0.1439, 0.1591, 0.1226, 0.1361, 0.1374, 0.1747] **
max =  0.1747 | max_idx =  6
**pseudo_label ->  [0.1479, 0.1269, 0.1296, 0.1416, 0.1723, 0.0998, 0.1818] **
max =  0.1818 | max_idx =  6
Epoch 23/37, Train Loss: 1.9619, Valid Loss: 1.9261, Train Acc: 0.1429, Val Acc: 0.1173, Test Acc: 0.0184, Test F1(macro): 0.0052, Total Pseudo-Labels: 0, Correct Pseudo-Labels: 0, Train Data Number: 70



line 303 => train data수 70
line 258 => 인스턴스 수 10
Step 230  Tim 0:23:44
acc_train_cw(현재 train의 class별 acc) [0.0, 1.0, 0.0, 0.0, 0.0, 0.0, 0.0]
cw_psl_total_eval(pseudo label 클래스별 총 샘플 수):  [0, 0, 0, 0, 0, 0, 0]
cw_psl_correct_eval(pseudo label 클래스별 맞은 샘플 수):  [0, 0, 0, 0, 0, 0, 0]
psl_acc(PSL 평가에서의 정확도): None 
cw_psl_acc(클래스별 PSL 평가에서의 정확도):  [nan, nan, nan, nan, nan, nan, nan]
**pseudo_label ->  [0.1296, 0.1631, 0.1445, 0.1529, 0.1294, 0.1435, 0.137] **
max =  0.1631 | max_idx =  1
**pseudo_label ->  [0.1231, 0.1582, 0.1409, 0.1635, 0.1384, 0.1399, 0.1361] **
max =  0.1635 | max_idx =  3
**pseudo_label ->  [0.1215, 0.1537, 0.1386, 0.1552, 0.1442, 0.1392, 0.1476] **
max =  0.1552 | max_idx =  3
**pseudo_label ->  [0.1331, 0.1678, 0.1407, 0.1636, 0.1289, 0.1313, 0.1346] **
max =  0.1678 | max_idx =  1
**pseudo_label ->  [0.1227, 0.1575, 0.1381, 0.1551, 0.1401, 0.1401, 0.1464] **
max =  0.1575 | max_idx =  1
Epoch 24/37, Train Loss: 1.9452, Valid Loss: 1.9030, Train Acc: 0.1429, Val Acc: 0.0065, Test Acc: 0.2787, Test F1(macro): 0.0623, Total Pseudo-Labels: 0, Correct Pseudo-Labels: 0, Train Data Number: 70



line 303 => train data수 70
line 258 => 인스턴스 수 10
Step 240  Tim 0:24:44
acc_train_cw(현재 train의 class별 acc) [0.0, 0.0, 0.0, 1.0, 0.0, 0.0, 0.0]
cw_psl_total_eval(pseudo label 클래스별 총 샘플 수):  [0, 0, 0, 0, 0, 0, 0]
cw_psl_correct_eval(pseudo label 클래스별 맞은 샘플 수):  [0, 0, 0, 0, 0, 0, 0]
psl_acc(PSL 평가에서의 정확도): None 
cw_psl_acc(클래스별 PSL 평가에서의 정확도):  [nan, nan, nan, nan, nan, nan, nan]
**pseudo_label ->  [0.1249, 0.1507, 0.1368, 0.182, 0.1269, 0.1613, 0.1174] **
max =  0.182 | max_idx =  3
**pseudo_label ->  [0.1263, 0.1482, 0.1378, 0.179, 0.1254, 0.1567, 0.1265] **
max =  0.179 | max_idx =  3
**pseudo_label ->  [0.1181, 0.1613, 0.1569, 0.1966, 0.0828, 0.201, 0.0832] **
max =  0.201 | max_idx =  5
**pseudo_label ->  [0.1227, 0.1453, 0.1452, 0.185, 0.13, 0.1526, 0.1191] **
max =  0.185 | max_idx =  3
**pseudo_label ->  [0.1356, 0.1509, 0.1444, 0.1791, 0.1288, 0.1484, 0.1129] **
max =  0.1791 | max_idx =  3
Epoch 25/37, Train Loss: 1.9723, Valid Loss: 2.0032, Train Acc: 0.1429, Val Acc: 0.3876, Test Acc: 0.1619, Test F1(macro): 0.0398, Total Pseudo-Labels: 0, Correct Pseudo-Labels: 0, Train Data Number: 70



line 303 => train data수 70
line 258 => 인스턴스 수 10
Step 250  Tim 0:25:44
acc_train_cw(현재 train의 class별 acc) [0.0, 0.0, 0.0, 0.0, 0.0, 1.0, 0.0]
cw_psl_total_eval(pseudo label 클래스별 총 샘플 수):  [0, 0, 0, 0, 0, 0, 0]
cw_psl_correct_eval(pseudo label 클래스별 맞은 샘플 수):  [0, 0, 0, 0, 0, 0, 0]
psl_acc(PSL 평가에서의 정확도): None 
cw_psl_acc(클래스별 PSL 평가에서의 정확도):  [nan, nan, nan, nan, nan, nan, nan]
**pseudo_label ->  [0.1134, 0.1314, 0.0958, 0.1352, 0.1574, 0.2807, 0.0861] **
max =  0.2807 | max_idx =  5
**pseudo_label ->  [0.1337, 0.1108, 0.1068, 0.1215, 0.1687, 0.1106, 0.2479] **
max =  0.2479 | max_idx =  6
**pseudo_label ->  [0.1408, 0.1555, 0.0857, 0.1389, 0.1007, 0.2943, 0.084] **
max =  0.2943 | max_idx =  5
**pseudo_label ->  [0.1508, 0.1375, 0.1251, 0.1595, 0.1529, 0.1627, 0.1115] **
max =  0.1627 | max_idx =  5
**pseudo_label ->  [0.1282, 0.157, 0.1202, 0.1506, 0.1492, 0.1755, 0.1192] **
max =  0.1755 | max_idx =  5
Epoch 26/37, Train Loss: 2.0017, Valid Loss: 1.9698, Train Acc: 0.1429, Val Acc: 0.0261, Test Acc: 0.2971, Test F1(macro): 0.0654, Total Pseudo-Labels: 0, Correct Pseudo-Labels: 0, Train Data Number: 70



line 303 => train data수 70
line 258 => 인스턴스 수 10
Step 260  Tim 0:26:45
acc_train_cw(현재 train의 class별 acc) [0.0, 1.0, 0.0, 0.0, 0.0, 0.0, 0.0]
cw_psl_total_eval(pseudo label 클래스별 총 샘플 수):  [0, 0, 0, 0, 0, 0, 0]
cw_psl_correct_eval(pseudo label 클래스별 맞은 샘플 수):  [0, 0, 0, 0, 0, 0, 0]
psl_acc(PSL 평가에서의 정확도): None 
cw_psl_acc(클래스별 PSL 평가에서의 정확도):  [nan, nan, nan, nan, nan, nan, nan]
**pseudo_label ->  [0.1483, 0.1634, 0.1409, 0.1538, 0.1475, 0.1489, 0.0972] **
max =  0.1634 | max_idx =  1
**pseudo_label ->  [0.1545, 0.1692, 0.1452, 0.1578, 0.1368, 0.146, 0.0905] **
max =  0.1692 | max_idx =  1
**pseudo_label ->  [0.1602, 0.1686, 0.1402, 0.1457, 0.1438, 0.1498, 0.0918] **
max =  0.1686 | max_idx =  1
**pseudo_label ->  [0.1502, 0.1785, 0.1529, 0.1448, 0.1365, 0.1437, 0.0934] **
max =  0.1785 | max_idx =  1
**pseudo_label ->  [0.1356, 0.2263, 0.1327, 0.1659, 0.0986, 0.1869, 0.0539] **
max =  0.2263 | max_idx =  1
Epoch 27/37, Train Loss: 1.9930, Valid Loss: 1.9365, Train Acc: 0.1429, Val Acc: 0.0065, Test Acc: 0.2787, Test F1(macro): 0.0623, Total Pseudo-Labels: 0, Correct Pseudo-Labels: 0, Train Data Number: 70



line 303 => train data수 70
line 258 => 인스턴스 수 10
Step 270  Tim 0:27:45
acc_train_cw(현재 train의 class별 acc) [0.0, 0.0, 0.0, 1.0, 0.0, 0.0, 0.0]
cw_psl_total_eval(pseudo label 클래스별 총 샘플 수):  [0, 0, 0, 0, 0, 0, 0]
cw_psl_correct_eval(pseudo label 클래스별 맞은 샘플 수):  [0, 0, 0, 0, 0, 0, 0]
psl_acc(PSL 평가에서의 정확도): None 
cw_psl_acc(클래스별 PSL 평가에서의 정확도):  [nan, nan, nan, nan, nan, nan, nan]
**pseudo_label ->  [0.1464, 0.1465, 0.1423, 0.1489, 0.1407, 0.1351, 0.1401] **
max =  0.1489 | max_idx =  3
**pseudo_label ->  [0.1463, 0.1445, 0.1394, 0.1466, 0.1423, 0.1421, 0.1388] **
max =  0.1466 | max_idx =  3
**pseudo_label ->  [0.1532, 0.1481, 0.1341, 0.1493, 0.132, 0.146, 0.1374] **
max =  0.1532 | max_idx =  0
**pseudo_label ->  [0.1379, 0.1463, 0.1382, 0.1484, 0.1442, 0.1407, 0.1443] **
max =  0.1484 | max_idx =  3
**pseudo_label ->  [0.1919, 0.1183, 0.1116, 0.162, 0.1272, 0.1009, 0.1881] **
max =  0.1919 | max_idx =  0
Epoch 28/37, Train Loss: 1.9803, Valid Loss: 2.0201, Train Acc: 0.1429, Val Acc: 0.3876, Test Acc: 0.1619, Test F1(macro): 0.0398, Total Pseudo-Labels: 0, Correct Pseudo-Labels: 0, Train Data Number: 70



line 303 => train data수 70
line 258 => 인스턴스 수 10
Step 280  Tim 0:28:44
acc_train_cw(현재 train의 class별 acc) [0.0, 0.0, 0.0, 0.0, 1.0, 0.0, 0.0]
cw_psl_total_eval(pseudo label 클래스별 총 샘플 수):  [0, 0, 0, 0, 0, 0, 0]
cw_psl_correct_eval(pseudo label 클래스별 맞은 샘플 수):  [0, 0, 0, 0, 0, 0, 0]
psl_acc(PSL 평가에서의 정확도): None 
cw_psl_acc(클래스별 PSL 평가에서의 정확도):  [nan, nan, nan, nan, nan, nan, nan]
**pseudo_label ->  [0.1592, 0.1477, 0.1249, 0.1133, 0.1711, 0.1352, 0.1485] **
max =  0.1711 | max_idx =  4
**pseudo_label ->  [0.1615, 0.141, 0.1166, 0.1174, 0.1721, 0.1469, 0.1444] **
max =  0.1721 | max_idx =  4
**pseudo_label ->  [0.1529, 0.1592, 0.1243, 0.1225, 0.1671, 0.1257, 0.1483] **
max =  0.1671 | max_idx =  4
**pseudo_label ->  [0.1651, 0.14, 0.1162, 0.1206, 0.1764, 0.1384, 0.1433] **
max =  0.1764 | max_idx =  4
**pseudo_label ->  [0.1593, 0.1398, 0.12, 0.1171, 0.1965, 0.1312, 0.136] **
max =  0.1965 | max_idx =  4
Epoch 29/37, Train Loss: 1.9966, Valid Loss: 1.9225, Train Acc: 0.1429, Val Acc: 0.1433, Test Acc: 0.0430, Test F1(macro): 0.0118, Total Pseudo-Labels: 0, Correct Pseudo-Labels: 0, Train Data Number: 70



line 303 => train data수 70
line 258 => 인스턴스 수 10
Step 290  Tim 0:29:44
acc_train_cw(현재 train의 class별 acc) [0.0, 0.0, 1.0, 0.0, 0.0, 0.0, 0.0]
cw_psl_total_eval(pseudo label 클래스별 총 샘플 수):  [0, 0, 0, 0, 0, 0, 0]
cw_psl_correct_eval(pseudo label 클래스별 맞은 샘플 수):  [0, 0, 0, 0, 0, 0, 0]
psl_acc(PSL 평가에서의 정확도): None 
cw_psl_acc(클래스별 PSL 평가에서의 정확도):  [nan, nan, nan, nan, nan, nan, nan]
**pseudo_label ->  [0.1439, 0.1491, 0.1553, 0.1365, 0.1433, 0.1266, 0.1453] **
max =  0.1553 | max_idx =  2
**pseudo_label ->  [0.1442, 0.1435, 0.1559, 0.1456, 0.1443, 0.1124, 0.1542] **
max =  0.1559 | max_idx =  2
**pseudo_label ->  [0.1532, 0.149, 0.1557, 0.1309, 0.1437, 0.1236, 0.1439] **
max =  0.1557 | max_idx =  2
**pseudo_label ->  [0.1509, 0.1387, 0.1536, 0.128, 0.1621, 0.1169, 0.1498] **
max =  0.1621 | max_idx =  4
**pseudo_label ->  [0.1407, 0.1329, 0.1624, 0.1355, 0.1509, 0.1311, 0.1465] **
max =  0.1624 | max_idx =  2
Epoch 30/37, Train Loss: 1.9550, Valid Loss: 1.9522, Train Acc: 0.1429, Val Acc: 0.2280, Test Acc: 0.1230, Test F1(macro): 0.0313, Total Pseudo-Labels: 0, Correct Pseudo-Labels: 0, Train Data Number: 70



line 303 => train data수 70
line 258 => 인스턴스 수 10
Step 300  Tim 0:30:44
acc_train_cw(현재 train의 class별 acc) [0.0, 1.0, 0.0, 0.0, 0.0, 0.0, 0.0]
cw_psl_total_eval(pseudo label 클래스별 총 샘플 수):  [0, 0, 0, 0, 0, 0, 0]
cw_psl_correct_eval(pseudo label 클래스별 맞은 샘플 수):  [0, 0, 0, 0, 0, 0, 0]
psl_acc(PSL 평가에서의 정확도): None 
cw_psl_acc(클래스별 PSL 평가에서의 정확도):  [nan, nan, nan, nan, nan, nan, nan]
**pseudo_label ->  [0.1119, 0.2424, 0.1169, 0.1452, 0.0937, 0.1621, 0.1278] **
max =  0.2424 | max_idx =  1
**pseudo_label ->  [0.122, 0.159, 0.1352, 0.1622, 0.1267, 0.1503, 0.1446] **
max =  0.1622 | max_idx =  3
**pseudo_label ->  [0.135, 0.1638, 0.1466, 0.1432, 0.1311, 0.1468, 0.1334] **
max =  0.1638 | max_idx =  1
**pseudo_label ->  [0.1351, 0.1573, 0.1334, 0.1532, 0.129, 0.1455, 0.1464] **
max =  0.1573 | max_idx =  1
**pseudo_label ->  [0.1267, 0.155, 0.1465, 0.1455, 0.1327, 0.1477, 0.1459] **
max =  0.155 | max_idx =  1
Epoch 31/37, Train Loss: 1.9686, Valid Loss: 1.9607, Train Acc: 0.1429, Val Acc: 0.0065, Test Acc: 0.2787, Test F1(macro): 0.0623, Total Pseudo-Labels: 0, Correct Pseudo-Labels: 0, Train Data Number: 70



line 303 => train data수 70
line 258 => 인스턴스 수 10
Step 310  Tim 0:31:44
acc_train_cw(현재 train의 class별 acc) [0.0, 0.0, 0.0, 0.0, 0.0, 1.0, 0.0]
cw_psl_total_eval(pseudo label 클래스별 총 샘플 수):  [0, 0, 0, 0, 0, 0, 0]
cw_psl_correct_eval(pseudo label 클래스별 맞은 샘플 수):  [0, 0, 0, 0, 0, 0, 0]
psl_acc(PSL 평가에서의 정확도): None 
cw_psl_acc(클래스별 PSL 평가에서의 정확도):  [nan, nan, nan, nan, nan, nan, nan]
**pseudo_label ->  [0.124, 0.1483, 0.1265, 0.1486, 0.1553, 0.1585, 0.1388] **
max =  0.1585 | max_idx =  5
**pseudo_label ->  [0.1218, 0.1511, 0.131, 0.1604, 0.1479, 0.1531, 0.1347] **
max =  0.1604 | max_idx =  3
**pseudo_label ->  [0.1192, 0.1467, 0.114, 0.1547, 0.1635, 0.1519, 0.15] **
max =  0.1635 | max_idx =  4
**pseudo_label ->  [0.1204, 0.1463, 0.1194, 0.1581, 0.1529, 0.1631, 0.1397] **
max =  0.1631 | max_idx =  5
**pseudo_label ->  [0.0984, 0.1634, 0.1001, 0.1674, 0.1607, 0.2148, 0.0952] **
max =  0.2148 | max_idx =  5
Epoch 32/37, Train Loss: 1.9704, Valid Loss: 1.9642, Train Acc: 0.1429, Val Acc: 0.0261, Test Acc: 0.2971, Test F1(macro): 0.0654, Total Pseudo-Labels: 0, Correct Pseudo-Labels: 0, Train Data Number: 70



line 303 => train data수 70
line 258 => 인스턴스 수 10
Step 320  Tim 0:32:44
acc_train_cw(현재 train의 class별 acc) [0.0, 0.0, 0.0, 0.0, 1.0, 0.0, 0.0]
cw_psl_total_eval(pseudo label 클래스별 총 샘플 수):  [0, 0, 0, 0, 0, 0, 0]
cw_psl_correct_eval(pseudo label 클래스별 맞은 샘플 수):  [0, 0, 0, 0, 0, 0, 0]
psl_acc(PSL 평가에서의 정확도): None 
cw_psl_acc(클래스별 PSL 평가에서의 정확도):  [nan, nan, nan, nan, nan, nan, nan]
**pseudo_label ->  [0.1232, 0.1294, 0.1277, 0.1395, 0.1622, 0.1548, 0.1631] **
max =  0.1631 | max_idx =  6
**pseudo_label ->  [0.1254, 0.1416, 0.1246, 0.1438, 0.1586, 0.1484, 0.1575] **
max =  0.1586 | max_idx =  4
**pseudo_label ->  [0.1313, 0.1417, 0.1206, 0.1506, 0.159, 0.1441, 0.1527] **
max =  0.159 | max_idx =  4
**pseudo_label ->  [0.1311, 0.1339, 0.1425, 0.1416, 0.1443, 0.1485, 0.1581] **
max =  0.1581 | max_idx =  6
**pseudo_label ->  [0.1268, 0.1381, 0.1293, 0.1345, 0.1592, 0.1598, 0.1523] **
max =  0.1598 | max_idx =  5
Epoch 33/37, Train Loss: 1.9617, Valid Loss: 1.9440, Train Acc: 0.1429, Val Acc: 0.1433, Test Acc: 0.0430, Test F1(macro): 0.0118, Total Pseudo-Labels: 0, Correct Pseudo-Labels: 0, Train Data Number: 70



line 303 => train data수 70
line 258 => 인스턴스 수 10
Step 330  Tim 0:33:44
acc_train_cw(현재 train의 class별 acc) [0.0, 0.0, 0.0, 0.0, 0.0, 1.0, 0.0]
cw_psl_total_eval(pseudo label 클래스별 총 샘플 수):  [0, 0, 0, 0, 0, 0, 0]
cw_psl_correct_eval(pseudo label 클래스별 맞은 샘플 수):  [0, 0, 0, 0, 0, 0, 0]
psl_acc(PSL 평가에서의 정확도): None 
cw_psl_acc(클래스별 PSL 평가에서의 정확도):  [nan, nan, nan, nan, nan, nan, nan]
**pseudo_label ->  [0.1348, 0.1436, 0.1541, 0.1451, 0.1398, 0.147, 0.1355] **
max =  0.1541 | max_idx =  2
**pseudo_label ->  [0.1289, 0.1513, 0.1568, 0.1497, 0.1233, 0.1554, 0.1347] **
max =  0.1568 | max_idx =  2
**pseudo_label ->  [0.1375, 0.1396, 0.1521, 0.1467, 0.1404, 0.1487, 0.135] **
max =  0.1521 | max_idx =  2
**pseudo_label ->  [0.131, 0.1437, 0.1524, 0.1525, 0.1378, 0.1516, 0.1311] **
max =  0.1525 | max_idx =  3
**pseudo_label ->  [0.1415, 0.1362, 0.1492, 0.1545, 0.1409, 0.1426, 0.1351] **
max =  0.1545 | max_idx =  3
Epoch 34/37, Train Loss: 1.9500, Valid Loss: 1.9554, Train Acc: 0.1429, Val Acc: 0.0261, Test Acc: 0.2971, Test F1(macro): 0.0654, Total Pseudo-Labels: 0, Correct Pseudo-Labels: 0, Train Data Number: 70



line 303 => train data수 70
line 258 => 인스턴스 수 10
Step 340  Tim 0:34:44
acc_train_cw(현재 train의 class별 acc) [0.0, 0.0, 1.0, 0.0, 0.0, 0.0, 0.0]
cw_psl_total_eval(pseudo label 클래스별 총 샘플 수):  [0, 0, 0, 0, 0, 0, 0]
cw_psl_correct_eval(pseudo label 클래스별 맞은 샘플 수):  [0, 0, 0, 0, 0, 0, 0]
psl_acc(PSL 평가에서의 정확도): None 
cw_psl_acc(클래스별 PSL 평가에서의 정확도):  [nan, nan, nan, nan, nan, nan, nan]
**pseudo_label ->  [0.1337, 0.1375, 0.1304, 0.0921, 0.1263, 0.2092, 0.1707] **
max =  0.2092 | max_idx =  5
**pseudo_label ->  [0.1448, 0.1446, 0.1423, 0.1204, 0.1275, 0.1678, 0.1526] **
max =  0.1678 | max_idx =  5
**pseudo_label ->  [0.1383, 0.1444, 0.1465, 0.1376, 0.1402, 0.1516, 0.1414] **
max =  0.1516 | max_idx =  5
**pseudo_label ->  [0.1207, 0.1607, 0.1362, 0.1098, 0.126, 0.1698, 0.1768] **
max =  0.1768 | max_idx =  6
**pseudo_label ->  [0.1377, 0.1326, 0.1532, 0.1364, 0.142, 0.154, 0.1442] **
max =  0.154 | max_idx =  5
Epoch 35/37, Train Loss: 1.9525, Valid Loss: 1.9529, Train Acc: 0.1429, Val Acc: 0.2280, Test Acc: 0.1230, Test F1(macro): 0.0313, Total Pseudo-Labels: 0, Correct Pseudo-Labels: 0, Train Data Number: 70



line 303 => train data수 70
line 258 => 인스턴스 수 10
Step 350  Tim 0:35:44
acc_train_cw(현재 train의 class별 acc) [1.0, 0.0, 0.0, 0.0, 0.0, 0.0, 0.0]
cw_psl_total_eval(pseudo label 클래스별 총 샘플 수):  [0, 0, 0, 0, 0, 0, 0]
cw_psl_correct_eval(pseudo label 클래스별 맞은 샘플 수):  [0, 0, 0, 0, 0, 0, 0]
psl_acc(PSL 평가에서의 정확도): None 
cw_psl_acc(클래스별 PSL 평가에서의 정확도):  [nan, nan, nan, nan, nan, nan, nan]
**pseudo_label ->  [0.1525, 0.1447, 0.1331, 0.1361, 0.1471, 0.1367, 0.1499] **
max =  0.1525 | max_idx =  0
**pseudo_label ->  [0.1604, 0.1328, 0.1497, 0.1448, 0.1433, 0.1303, 0.1387] **
max =  0.1604 | max_idx =  0
**pseudo_label ->  [0.156, 0.1399, 0.1384, 0.1317, 0.149, 0.1356, 0.1495] **
max =  0.156 | max_idx =  0
**pseudo_label ->  [0.1615, 0.1364, 0.1341, 0.1377, 0.131, 0.1363, 0.1629] **
max =  0.1629 | max_idx =  6
**pseudo_label ->  [0.1664, 0.1335, 0.1327, 0.1415, 0.1415, 0.1321, 0.1524] **
max =  0.1664 | max_idx =  0
Epoch 36/37, Train Loss: 1.9761, Valid Loss: 1.9187, Train Acc: 0.1429, Val Acc: 0.0912, Test Acc: 0.0779, Test F1(macro): 0.0206, Total Pseudo-Labels: 0, Correct Pseudo-Labels: 0, Train Data Number: 70



line 303 => train data수 70
line 258 => 인스턴스 수 10
Step 360  Tim 0:36:44
acc_train_cw(현재 train의 class별 acc) [0.0, 0.0, 0.0, 0.0, 0.0, 0.0, 1.0]
cw_psl_total_eval(pseudo label 클래스별 총 샘플 수):  [0, 0, 0, 0, 0, 0, 0]
cw_psl_correct_eval(pseudo label 클래스별 맞은 샘플 수):  [0, 0, 0, 0, 0, 0, 0]
psl_acc(PSL 평가에서의 정확도): None 
cw_psl_acc(클래스별 PSL 평가에서의 정확도):  [nan, nan, nan, nan, nan, nan, nan]
**pseudo_label ->  [0.136, 0.12, 0.1516, 0.1493, 0.1445, 0.1437, 0.1549] **
max =  0.1549 | max_idx =  6
**pseudo_label ->  [0.1414, 0.1167, 0.1475, 0.144, 0.1363, 0.1529, 0.1613] **
max =  0.1613 | max_idx =  6
**pseudo_label ->  [0.1336, 0.1182, 0.1477, 0.145, 0.1463, 0.1494, 0.1598] **
max =  0.1598 | max_idx =  6
**pseudo_label ->  [0.1389, 0.1202, 0.1538, 0.1397, 0.1321, 0.1392, 0.176] **
max =  0.176 | max_idx =  6
**pseudo_label ->  [0.1464, 0.1128, 0.1534, 0.1636, 0.1426, 0.1273, 0.1539] **
max =  0.1636 | max_idx =  3
Epoch 37/37, Train Loss: 1.9613, Valid Loss: 1.9400, Train Acc: 0.1429, Val Acc: 0.1173, Test Acc: 0.0184, Test F1(macro): 0.0052, Total Pseudo-Labels: 0, Correct Pseudo-Labels: 0, Train Data Number: 70

Training complete!
Total training took 0:37:34 (h:mm:ss)
Load model from ./experiment/python_extended_data/output/10_codebert-base_0.0002_0.7_python_extended_data_37_[45]_net0.pth
Save training statistics in:  ./experiment/python_extended_data/log/codebert/class7//10_codebert-base_0.0002_0.7_python_extended_data_37_[45]/training_statistics.csv

best_trian_loss, epoch => 1.9036850214004517 3
Epoch-1_train_loss => 2.058868682384491
max_epoch_train_loss => 1.9613306522369385 


best_val_loss, epoch =>  1.8506528445874442 8
Epoch-1_val_loss => 1.9648486313680096
max_epoch_val_loss => 1.939953987683846 

pse_epoch =>  []
추가되는 pse_epoch =>  [] 

total_data:  70 

Best_step:  40 
Best_val_epoch:  5 
best_val_acc:  0.38762214983713356 
best_val_test_acc:  0.1413934426229508 
best_val_test_f1:  0.05534312940422805
Save best record in:  ./experiment/python_extended_data/log/codebert/class7/summary.csv
Save best record in:  ./experiment/python_extended_data/log/summary_avgrun.csv
