current work directory:  /home/imsuhan22/few-shot-tc/custom_ssl/code
Data set -> corcod_extended_data
save_name: 5_codesage-base_0.0004_0.7_corcod_extended_data

data_path:  ../data/problem_based_split/corcod_extended_data

There are 2 GPU(s) available.
We will use the GPU- 0 Quadro RTX 8000

**line 147 모델 =>  codesage/codesage-base
**tokenizer type =  codesage/codesage-base 

pesudo label class개수 기준 -> 7
n_labeled_per_class:  5
train_df samples: 739
train_labeled_df samples: 25
train_unlabeled_df samples: 714
n_classes:  5 


net_arch:  codesage/codesage-base 
lr:  0.0004 
lr_linear:  0.001 




line 303 => train data수 25
line 258 => 인스턴스 수 4
Step 0  Tim 0:00:09
acc_train_cw(현재 train의 class별 acc) [0.0, 0.4, 0.2, 0.2, 0.0]
cw_psl_total_eval(pseudo label 클래스별 총 샘플 수):  [0, 0, 0, 0, 0]
cw_psl_correct_eval(pseudo label 클래스별 맞은 샘플 수):  [0, 0, 0, 0, 0]
psl_acc(PSL 평가에서의 정확도): None 
cw_psl_acc(클래스별 PSL 평가에서의 정확도):  [nan, nan, nan, nan, nan]
***best_acc_model_save --- epoch = 1***
Save model to ./experiment/corcod_extended_data/output/
**pseudo_label ->  [0.0192, 0.6594, 0.2428, 0.0256, 0.053] **
max =  0.6594 | max_idx =  1
**pseudo_label ->  [0.0706, 0.316, 0.1821, 0.215, 0.2163] **
max =  0.316 | max_idx =  1
**pseudo_label ->  [0.0762, 0.5168, 0.0344, 0.3039, 0.0688] **
max =  0.5168 | max_idx =  1
**pseudo_label ->  [0.0493, 0.4672, 0.0428, 0.3005, 0.1402] **
max =  0.4672 | max_idx =  1
**pseudo_label ->  [0.0319, 0.1089, 0.6235, 0.1266, 0.109] **
max =  0.6235 | max_idx =  2
Epoch 1/37, Train Loss: 11.4287, Valid Loss: 2.8009, Train Acc: 0.1600, Val Acc: 0.1122, Test Acc: 0.1263, Test F1(macro): 0.1107, Test F1(micro) : 0.1600,Total Pseudo-Labels: 0, Correct Pseudo-Labels: 0, Train Data Number: 25



line 303 => train data수 25
line 258 => 인스턴스 수 4
Step 4  Tim 0:01:04
acc_train_cw(현재 train의 class별 acc) [0.0, 0.0, 1.0, 0.0, 0.0]
cw_psl_total_eval(pseudo label 클래스별 총 샘플 수):  [0, 80, 7, 22, 5]
cw_psl_correct_eval(pseudo label 클래스별 맞은 샘플 수):  [0, 0, 4, 4, 0]
psl_acc(PSL 평가에서의 정확도):  0.07 
cw_psl_acc(클래스별 PSL 평가에서의 정확도):  [nan, 0.0, 0.5714285969734192, 0.1818181872367859, 0.0]
***best_acc_model_save --- epoch = 2***
Save model to ./experiment/corcod_extended_data/output/
**pseudo_label ->  [0.3219, 0.0004, 0.6722, 0.0038, 0.0016] **
max =  0.6722 | max_idx =  2
**pseudo_label ->  [0.5898, 0.0231, 0.3678, 0.0146, 0.0047] **
max =  0.5898 | max_idx =  0
**pseudo_label ->  [0.1899, 0.0002, 0.805, 0.0034, 0.0015] **
max =  0.805 | max_idx =  2
**pseudo_label ->  [0.2534, 0.0005, 0.7388, 0.0053, 0.0021] **
max =  0.7388 | max_idx =  2
**pseudo_label ->  [0.2228, 0.0003, 0.7718, 0.0037, 0.0014] **
max =  0.7718 | max_idx =  2
Epoch 2/37, Train Loss: 4.0560, Valid Loss: 4.6621, Train Acc: 0.2000, Val Acc: 0.4490, Test Acc: 0.3579, Test F1(macro): 0.1054, Test F1(micro) : 0.2000,Total Pseudo-Labels: 1, Correct Pseudo-Labels: 1, Train Data Number: 25



line 303 => train data수 25
line 258 => 인스턴스 수 4
Step 8  Tim 0:02:20
acc_train_cw(현재 train의 class별 acc) [0.0, 0.0, 0.0, 0.0, 1.0]
cw_psl_total_eval(pseudo label 클래스별 총 샘플 수):  [99, 0, 416, 0, 0]
cw_psl_correct_eval(pseudo label 클래스별 맞은 샘플 수):  [20, 0, 186, 0, 0]
psl_acc(PSL 평가에서의 정확도):  0.4 
cw_psl_acc(클래스별 PSL 평가에서의 정확도):  [0.20202019810676575, nan, 0.44711539149284363, nan, nan]
**pseudo_label ->  [0.0041, 0.1788, 0.0002, 0.066, 0.7509] **
max =  0.7509 | max_idx =  4
**pseudo_label ->  [0.0038, 0.1939, 0.0004, 0.0862, 0.7158] **
max =  0.7158 | max_idx =  4
**pseudo_label ->  [0.0045, 0.1816, 0.0006, 0.0669, 0.7465] **
max =  0.7465 | max_idx =  4
**pseudo_label ->  [0.0148, 0.013, 0.0, 0.1141, 0.8581] **
max =  0.8581 | max_idx =  4
**pseudo_label ->  [0.0032, 0.2625, 0.0003, 0.0607, 0.6733] **
max =  0.6733 | max_idx =  4
Epoch 3/37, Train Loss: 3.0585, Valid Loss: 1.7086, Train Acc: 0.2000, Val Acc: 0.2449, Test Acc: 0.2316, Test F1(macro): 0.0752, Test F1(micro) : 0.2000,Total Pseudo-Labels: 1, Correct Pseudo-Labels: 0, Train Data Number: 25



line 303 => train data수 25
line 258 => 인스턴스 수 4
Step 12  Tim 0:03:08
acc_train_cw(현재 train의 class별 acc) [0.0, 0.0, 1.0, 0.0, 0.0]
cw_psl_total_eval(pseudo label 클래스별 총 샘플 수):  [0, 53, 0, 0, 369]
cw_psl_correct_eval(pseudo label 클래스별 맞은 샘플 수):  [0, 2, 0, 0, 76]
psl_acc(PSL 평가에서의 정확도):  0.185 
cw_psl_acc(클래스별 PSL 평가에서의 정확도):  [nan, 0.03773584961891174, nan, nan, 0.20596206188201904]
**pseudo_label ->  [0.2791, 0.4847, 0.1349, 0.0732, 0.0282] **
max =  0.4847 | max_idx =  1
**pseudo_label ->  [0.1933, 0.5607, 0.159, 0.0693, 0.0177] **
max =  0.5607 | max_idx =  1
**pseudo_label ->  [0.1982, 0.0305, 0.6938, 0.043, 0.0345] **
max =  0.6938 | max_idx =  2
**pseudo_label ->  [0.1798, 0.0249, 0.6959, 0.0579, 0.0416] **
max =  0.6959 | max_idx =  2
**pseudo_label ->  [0.226, 0.03, 0.6512, 0.0523, 0.0405] **
max =  0.6512 | max_idx =  2
Epoch 4/37, Train Loss: 2.6309, Valid Loss: 2.3422, Train Acc: 0.2000, Val Acc: 0.4490, Test Acc: 0.3579, Test F1(macro): 0.1054, Test F1(micro) : 0.2000,Total Pseudo-Labels: 0, Correct Pseudo-Labels: 0, Train Data Number: 25



line 303 => train data수 25
line 258 => 인스턴스 수 4
Step 16  Tim 0:03:55
acc_train_cw(현재 train의 class별 acc) [0.0, 0.0, 0.0, 0.0, 1.0]
cw_psl_total_eval(pseudo label 클래스별 총 샘플 수):  [58, 1, 280, 0, 0]
cw_psl_correct_eval(pseudo label 클래스별 맞은 샘플 수):  [11, 0, 118, 0, 0]
psl_acc(PSL 평가에서의 정확도):  0.381 
cw_psl_acc(클래스별 PSL 평가에서의 정확도):  [0.18965516984462738, 0.0, 0.4214285612106323, nan, nan]
**pseudo_label ->  [0.0774, 0.0278, 0.0352, 0.2681, 0.5915] **
max =  0.5915 | max_idx =  4
**pseudo_label ->  [0.0828, 0.0449, 0.0415, 0.284, 0.5468] **
max =  0.5468 | max_idx =  4
**pseudo_label ->  [0.1247, 0.0466, 0.0412, 0.2247, 0.5628] **
max =  0.5628 | max_idx =  4
**pseudo_label ->  [0.0689, 0.0437, 0.0762, 0.3065, 0.5046] **
max =  0.5046 | max_idx =  4
**pseudo_label ->  [0.0513, 0.3475, 0.0092, 0.2174, 0.3746] **
max =  0.3746 | max_idx =  4
Epoch 5/37, Train Loss: 2.2059, Valid Loss: 1.6505, Train Acc: 0.2000, Val Acc: 0.2449, Test Acc: 0.2316, Test F1(macro): 0.0752, Test F1(micro) : 0.2000,Total Pseudo-Labels: 0, Correct Pseudo-Labels: 0, Train Data Number: 25



line 303 => train data수 25
line 258 => 인스턴스 수 4
Step 20  Tim 0:04:42
acc_train_cw(현재 train의 class별 acc) [1.0, 0.0, 0.0, 0.0, 0.0]
cw_psl_total_eval(pseudo label 클래스별 총 샘플 수):  [0, 0, 0, 0, 3]
cw_psl_correct_eval(pseudo label 클래스별 맞은 샘플 수):  [0, 0, 0, 0, 0]
psl_acc(PSL 평가에서의 정확도):  0.0 
cw_psl_acc(클래스별 PSL 평가에서의 정확도):  [nan, nan, nan, nan, 0.0]
**pseudo_label ->  [0.2975, 0.0266, 0.3985, 0.1341, 0.1433] **
max =  0.3985 | max_idx =  2
**pseudo_label ->  [0.2842, 0.4242, 0.0558, 0.1306, 0.1052] **
max =  0.4242 | max_idx =  1
**pseudo_label ->  [0.4149, 0.0175, 0.3457, 0.0939, 0.1279] **
max =  0.4149 | max_idx =  0
**pseudo_label ->  [0.2644, 0.462, 0.0757, 0.0833, 0.1147] **
max =  0.462 | max_idx =  1
**pseudo_label ->  [0.2428, 0.0306, 0.342, 0.185, 0.1996] **
max =  0.342 | max_idx =  2
Epoch 6/37, Train Loss: 2.3693, Valid Loss: 1.5507, Train Acc: 0.2000, Val Acc: 0.1122, Test Acc: 0.1368, Test F1(macro): 0.0567, Test F1(micro) : 0.2000,Total Pseudo-Labels: 0, Correct Pseudo-Labels: 0, Train Data Number: 25



line 303 => train data수 25
line 258 => 인스턴스 수 4
Step 24  Tim 0:05:29
acc_train_cw(현재 train의 class별 acc) [0.0, 0.0, 1.0, 0.0, 0.0]
cw_psl_total_eval(pseudo label 클래스별 총 샘플 수):  [40, 0, 0, 0, 0]
cw_psl_correct_eval(pseudo label 클래스별 맞은 샘플 수):  [15, 0, 0, 0, 0]
psl_acc(PSL 평가에서의 정확도):  0.375 
cw_psl_acc(클래스별 PSL 평가에서의 정확도):  [0.375, nan, nan, nan, nan]
**pseudo_label ->  [0.1169, 0.0303, 0.0928, 0.41, 0.35] **
max =  0.41 | max_idx =  3
**pseudo_label ->  [0.0298, 0.1533, 0.5361, 0.1571, 0.1237] **
max =  0.5361 | max_idx =  2
**pseudo_label ->  [0.0303, 0.1529, 0.5032, 0.1478, 0.1657] **
max =  0.5032 | max_idx =  2
**pseudo_label ->  [0.0361, 0.2103, 0.5366, 0.1065, 0.1105] **
max =  0.5366 | max_idx =  2
**pseudo_label ->  [0.028, 0.1311, 0.5175, 0.18, 0.1434] **
max =  0.5175 | max_idx =  2
Epoch 7/37, Train Loss: 2.2353, Valid Loss: 1.7272, Train Acc: 0.2000, Val Acc: 0.4490, Test Acc: 0.3579, Test F1(macro): 0.1054, Test F1(micro) : 0.2000,Total Pseudo-Labels: 0, Correct Pseudo-Labels: 0, Train Data Number: 25



line 303 => train data수 25
line 258 => 인스턴스 수 4
Step 28  Tim 0:06:15
acc_train_cw(현재 train의 class별 acc) [0.0, 1.0, 0.0, 1.0, 0.0]
cw_psl_total_eval(pseudo label 클래스별 총 샘플 수):  [0, 56, 1, 0, 0]
cw_psl_correct_eval(pseudo label 클래스별 맞은 샘플 수):  [0, 4, 0, 0, 0]
psl_acc(PSL 평가에서의 정확도):  0.07 
cw_psl_acc(클래스별 PSL 평가에서의 정확도):  [nan, 0.0714285746216774, 0.0, nan, nan]
**pseudo_label ->  [0.1755, 0.2134, 0.237, 0.258, 0.1161] **
max =  0.258 | max_idx =  3
**pseudo_label ->  [0.1238, 0.2085, 0.2966, 0.1967, 0.1744] **
max =  0.2966 | max_idx =  2
**pseudo_label ->  [0.1631, 0.227, 0.2278, 0.2344, 0.1477] **
max =  0.2344 | max_idx =  3
**pseudo_label ->  [0.1425, 0.259, 0.261, 0.1777, 0.1598] **
max =  0.261 | max_idx =  2
**pseudo_label ->  [0.1263, 0.1965, 0.2239, 0.3066, 0.1467] **
max =  0.3066 | max_idx =  3
Epoch 8/37, Train Loss: 1.8396, Valid Loss: 2.1185, Train Acc: 0.4000, Val Acc: 0.1122, Test Acc: 0.2105, Test F1(macro): 0.1305, Test F1(micro) : 0.4000,Total Pseudo-Labels: 0, Correct Pseudo-Labels: 0, Train Data Number: 25



line 303 => train data수 25
line 258 => 인스턴스 수 4
Step 32  Tim 0:07:01
acc_train_cw(현재 train의 class별 acc) [0.0, 0.4, 0.0, 0.0, 1.0]
cw_psl_total_eval(pseudo label 클래스별 총 샘플 수):  [0, 52, 0, 0, 0]
cw_psl_correct_eval(pseudo label 클래스별 맞은 샘플 수):  [0, 3, 0, 0, 0]
psl_acc(PSL 평가에서의 정확도):  0.058 
cw_psl_acc(클래스별 PSL 평가에서의 정확도):  [nan, 0.057692307978868484, nan, nan, nan]
**pseudo_label ->  [0.2267, 0.2803, 0.0585, 0.1718, 0.2627] **
max =  0.2803 | max_idx =  1
**pseudo_label ->  [0.1463, 0.3061, 0.1161, 0.1221, 0.3095] **
max =  0.3095 | max_idx =  4
**pseudo_label ->  [0.1648, 0.3703, 0.1104, 0.1244, 0.2302] **
max =  0.3703 | max_idx =  1
**pseudo_label ->  [0.2666, 0.3173, 0.0611, 0.0983, 0.2567] **
max =  0.3173 | max_idx =  1
**pseudo_label ->  [0.206, 0.2173, 0.1157, 0.1007, 0.3604] **
max =  0.3604 | max_idx =  4
Epoch 9/37, Train Loss: 2.0770, Valid Loss: 1.4519, Train Acc: 0.2800, Val Acc: 0.2551, Test Acc: 0.2526, Test F1(macro): 0.1908, Test F1(micro) : 0.2800,Total Pseudo-Labels: 1, Correct Pseudo-Labels: 0, Train Data Number: 25



line 303 => train data수 25
line 258 => 인스턴스 수 4
Step 36  Tim 0:07:47
acc_train_cw(현재 train의 class별 acc) [0.0, 0.0, 1.0, 0.0, 0.0]
cw_psl_total_eval(pseudo label 클래스별 총 샘플 수):  [0, 67, 0, 0, 0]
cw_psl_correct_eval(pseudo label 클래스별 맞은 샘플 수):  [0, 2, 0, 0, 0]
psl_acc(PSL 평가에서의 정확도):  0.03 
cw_psl_acc(클래스별 PSL 평가에서의 정확도):  [nan, 0.02985074557363987, nan, nan, nan]
**pseudo_label ->  [0.175, 0.0077, 0.452, 0.1076, 0.2577] **
max =  0.452 | max_idx =  2
**pseudo_label ->  [0.225, 0.0134, 0.4818, 0.1131, 0.1667] **
max =  0.4818 | max_idx =  2
**pseudo_label ->  [0.2268, 0.0133, 0.403, 0.1141, 0.2428] **
max =  0.403 | max_idx =  2
**pseudo_label ->  [0.199, 0.0132, 0.4783, 0.1239, 0.1856] **
max =  0.4783 | max_idx =  2
**pseudo_label ->  [0.1263, 0.014, 0.6099, 0.0808, 0.169] **
max =  0.6099 | max_idx =  2
Epoch 10/37, Train Loss: 2.3865, Valid Loss: 1.6119, Train Acc: 0.2000, Val Acc: 0.4490, Test Acc: 0.3579, Test F1(macro): 0.1054, Test F1(micro) : 0.2000,Total Pseudo-Labels: 0, Correct Pseudo-Labels: 0, Train Data Number: 25



line 303 => train data수 25
line 258 => 인스턴스 수 4
Step 40  Tim 0:08:34
acc_train_cw(현재 train의 class별 acc) [0.0, 0.0, 0.0, 1.0, 0.0]
cw_psl_total_eval(pseudo label 클래스별 총 샘플 수):  [0, 0, 0, 0, 0]
cw_psl_correct_eval(pseudo label 클래스별 맞은 샘플 수):  [0, 0, 0, 0, 0]
psl_acc(PSL 평가에서의 정확도): None 
cw_psl_acc(클래스별 PSL 평가에서의 정확도):  [nan, nan, nan, nan, nan]
**pseudo_label ->  [0.1369, 0.0343, 0.1158, 0.435, 0.278] **
max =  0.435 | max_idx =  3
**pseudo_label ->  [0.1157, 0.0588, 0.3498, 0.2534, 0.2223] **
max =  0.3498 | max_idx =  2
**pseudo_label ->  [0.095, 0.0318, 0.3456, 0.289, 0.2385] **
max =  0.3456 | max_idx =  2
**pseudo_label ->  [0.1304, 0.3717, 0.0279, 0.2803, 0.1897] **
max =  0.3717 | max_idx =  1
**pseudo_label ->  [0.0993, 0.0465, 0.2273, 0.3083, 0.3186] **
max =  0.3186 | max_idx =  4
Epoch 11/37, Train Loss: 2.0039, Valid Loss: 2.3763, Train Acc: 0.2000, Val Acc: 0.1429, Test Acc: 0.2316, Test F1(macro): 0.0752, Test F1(micro) : 0.2000,Total Pseudo-Labels: 0, Correct Pseudo-Labels: 0, Train Data Number: 25



line 303 => train data수 25
line 258 => 인스턴스 수 4
Step 44  Tim 0:09:20
acc_train_cw(현재 train의 class별 acc) [0.0, 1.0, 0.0, 0.0, 0.0]
cw_psl_total_eval(pseudo label 클래스별 총 샘플 수):  [0, 0, 0, 0, 0]
cw_psl_correct_eval(pseudo label 클래스별 맞은 샘플 수):  [0, 0, 0, 0, 0]
psl_acc(PSL 평가에서의 정확도): None 
cw_psl_acc(클래스별 PSL 평가에서의 정확도):  [nan, nan, nan, nan, nan]
**pseudo_label ->  [0.1422, 0.4771, 0.0742, 0.2098, 0.0967] **
max =  0.4771 | max_idx =  1
**pseudo_label ->  [0.0254, 0.9181, 0.0023, 0.038, 0.0163] **
max =  0.9181 | max_idx =  1
**pseudo_label ->  [0.1564, 0.4905, 0.1029, 0.1449, 0.1053] **
max =  0.4905 | max_idx =  1
**pseudo_label ->  [0.1641, 0.3903, 0.1165, 0.1823, 0.1469] **
max =  0.3903 | max_idx =  1
**pseudo_label ->  [0.0879, 0.4369, 0.0962, 0.244, 0.135] **
max =  0.4369 | max_idx =  1
Epoch 12/37, Train Loss: 1.8526, Valid Loss: 1.4300, Train Acc: 0.2000, Val Acc: 0.0612, Test Acc: 0.0526, Test F1(macro): 0.0200, Test F1(micro) : 0.2000,Total Pseudo-Labels: 0, Correct Pseudo-Labels: 0, Train Data Number: 25



line 303 => train data수 25
line 258 => 인스턴스 수 4
Step 48  Tim 0:10:06
acc_train_cw(현재 train의 class별 acc) [0.0, 0.0, 1.0, 0.0, 0.0]
cw_psl_total_eval(pseudo label 클래스별 총 샘플 수):  [0, 82, 0, 0, 0]
cw_psl_correct_eval(pseudo label 클래스별 맞은 샘플 수):  [0, 3, 0, 0, 0]
psl_acc(PSL 평가에서의 정확도):  0.037 
cw_psl_acc(클래스별 PSL 평가에서의 정확도):  [nan, 0.03658536449074745, nan, nan, nan]
**pseudo_label ->  [0.1418, 0.0406, 0.4987, 0.1277, 0.1913] **
max =  0.4987 | max_idx =  2
**pseudo_label ->  [0.1603, 0.0397, 0.4873, 0.1052, 0.2075] **
max =  0.4873 | max_idx =  2
**pseudo_label ->  [0.1258, 0.0218, 0.5379, 0.1097, 0.2047] **
max =  0.5379 | max_idx =  2
**pseudo_label ->  [0.213, 0.0384, 0.4281, 0.1255, 0.195] **
max =  0.4281 | max_idx =  2
**pseudo_label ->  [0.5223, 0.0042, 0.0357, 0.1251, 0.3127] **
max =  0.5223 | max_idx =  0
Epoch 13/37, Train Loss: 2.2899, Valid Loss: 1.4724, Train Acc: 0.2000, Val Acc: 0.4490, Test Acc: 0.3579, Test F1(macro): 0.1054, Test F1(micro) : 0.2000,Total Pseudo-Labels: 0, Correct Pseudo-Labels: 0, Train Data Number: 25



line 303 => train data수 25
line 258 => 인스턴스 수 4
Step 52  Tim 0:10:52
acc_train_cw(현재 train의 class별 acc) [0.0, 0.0, 0.0, 1.0, 0.0]
cw_psl_total_eval(pseudo label 클래스별 총 샘플 수):  [1, 0, 0, 0, 0]
cw_psl_correct_eval(pseudo label 클래스별 맞은 샘플 수):  [1, 0, 0, 0, 0]
psl_acc(PSL 평가에서의 정확도):  1.0 
cw_psl_acc(클래스별 PSL 평가에서의 정확도):  [1.0, nan, nan, nan, nan]
**pseudo_label ->  [0.0514, 0.0349, 0.4101, 0.3845, 0.119] **
max =  0.4101 | max_idx =  2
**pseudo_label ->  [0.0829, 0.0294, 0.3846, 0.3134, 0.1896] **
max =  0.3846 | max_idx =  2
**pseudo_label ->  [0.1031, 0.0314, 0.3112, 0.34, 0.2144] **
max =  0.34 | max_idx =  3
**pseudo_label ->  [0.0767, 0.0589, 0.4554, 0.2186, 0.1904] **
max =  0.4554 | max_idx =  2
**pseudo_label ->  [0.0661, 0.0195, 0.4648, 0.2709, 0.1787] **
max =  0.4648 | max_idx =  2
Epoch 14/37, Train Loss: 1.9591, Valid Loss: 2.1322, Train Acc: 0.2000, Val Acc: 0.1429, Test Acc: 0.2316, Test F1(macro): 0.0752, Test F1(micro) : 0.2000,Total Pseudo-Labels: 0, Correct Pseudo-Labels: 0, Train Data Number: 25



line 303 => train data수 25
line 258 => 인스턴스 수 4
Step 56  Tim 0:11:39
acc_train_cw(현재 train의 class별 acc) [1.0, 1.0, 0.0, 0.0, 0.0]
cw_psl_total_eval(pseudo label 클래스별 총 샘플 수):  [0, 0, 0, 0, 0]
cw_psl_correct_eval(pseudo label 클래스별 맞은 샘플 수):  [0, 0, 0, 0, 0]
psl_acc(PSL 평가에서의 정확도): None 
cw_psl_acc(클래스별 PSL 평가에서의 정확도):  [nan, nan, nan, nan, nan]
**pseudo_label ->  [0.1876, 0.4056, 0.1241, 0.044, 0.2387] **
max =  0.4056 | max_idx =  1
**pseudo_label ->  [0.4304, 0.0558, 0.0254, 0.0333, 0.4551] **
max =  0.4551 | max_idx =  4
**pseudo_label ->  [0.1916, 0.4007, 0.1111, 0.0549, 0.2418] **
max =  0.4007 | max_idx =  1
**pseudo_label ->  [0.0335, 0.9323, 0.0036, 0.0063, 0.0244] **
max =  0.9323 | max_idx =  1
**pseudo_label ->  [0.1622, 0.4289, 0.1588, 0.0414, 0.2087] **
max =  0.4289 | max_idx =  1
Epoch 15/37, Train Loss: 1.7972, Valid Loss: 1.8617, Train Acc: 0.4000, Val Acc: 0.1122, Test Acc: 0.0947, Test F1(macro): 0.0862, Test F1(micro) : 0.4000,Total Pseudo-Labels: 0, Correct Pseudo-Labels: 0, Train Data Number: 25



line 303 => train data수 25
line 258 => 인스턴스 수 4
Step 60  Tim 0:12:25
acc_train_cw(현재 train의 class별 acc) [1.0, 0.0, 0.0, 0.0, 1.0]
cw_psl_total_eval(pseudo label 클래스별 총 샘플 수):  [12, 71, 0, 0, 0]
cw_psl_correct_eval(pseudo label 클래스별 맞은 샘플 수):  [2, 5, 0, 0, 0]
psl_acc(PSL 평가에서의 정확도):  0.084 
cw_psl_acc(클래스별 PSL 평가에서의 정확도):  [0.1666666716337204, 0.07042253762483597, nan, nan, nan]
**pseudo_label ->  [0.0998, 0.1234, 0.114, 0.3666, 0.2963] **
max =  0.3666 | max_idx =  3
**pseudo_label ->  [0.0798, 0.1406, 0.1177, 0.3014, 0.3606] **
max =  0.3606 | max_idx =  4
**pseudo_label ->  [0.0949, 0.1243, 0.1724, 0.3015, 0.307] **
max =  0.307 | max_idx =  4
**pseudo_label ->  [0.0686, 0.1174, 0.1086, 0.293, 0.4124] **
max =  0.4124 | max_idx =  4
**pseudo_label ->  [0.0872, 0.0971, 0.1883, 0.2656, 0.3618] **
max =  0.3618 | max_idx =  4
Epoch 16/37, Train Loss: 1.8389, Valid Loss: 1.5832, Train Acc: 0.4000, Val Acc: 0.2449, Test Acc: 0.2737, Test F1(macro): 0.1740, Test F1(micro) : 0.4000,Total Pseudo-Labels: 0, Correct Pseudo-Labels: 0, Train Data Number: 25



line 303 => train data수 25
line 258 => 인스턴스 수 4
Step 64  Tim 0:13:11
acc_train_cw(현재 train의 class별 acc) [1.0, 0.0, 0.0, 0.2, 1.0]
cw_psl_total_eval(pseudo label 클래스별 총 샘플 수):  [4, 21, 0, 0, 0]
cw_psl_correct_eval(pseudo label 클래스별 맞은 샘플 수):  [2, 1, 0, 0, 0]
psl_acc(PSL 평가에서의 정확도):  0.12 
cw_psl_acc(클래스별 PSL 평가에서의 정확도):  [0.5, 0.0476190485060215, nan, nan, nan]
**pseudo_label ->  [0.0254, 0.0327, 0.3238, 0.3186, 0.2994] **
max =  0.3238 | max_idx =  2
**pseudo_label ->  [0.0203, 0.0218, 0.4217, 0.2892, 0.247] **
max =  0.4217 | max_idx =  2
**pseudo_label ->  [0.0452, 0.0021, 0.0455, 0.3744, 0.5328] **
max =  0.5328 | max_idx =  4
**pseudo_label ->  [0.0132, 0.0187, 0.4835, 0.233, 0.2517] **
max =  0.4835 | max_idx =  2
**pseudo_label ->  [0.0172, 0.0221, 0.3498, 0.3137, 0.2972] **
max =  0.3498 | max_idx =  2
Epoch 17/37, Train Loss: 1.6073, Valid Loss: 2.0633, Train Acc: 0.4400, Val Acc: 0.2449, Test Acc: 0.2632, Test F1(macro): 0.1755, Test F1(micro) : 0.4400,Total Pseudo-Labels: 0, Correct Pseudo-Labels: 0, Train Data Number: 25



line 303 => train data수 25
line 258 => 인스턴스 수 4
Step 68  Tim 0:13:57
acc_train_cw(현재 train의 class별 acc) [1.0, 0.0, 1.0, 0.0, 0.0]
cw_psl_total_eval(pseudo label 클래스별 총 샘플 수):  [9, 0, 0, 0, 0]
cw_psl_correct_eval(pseudo label 클래스별 맞은 샘플 수):  [4, 0, 0, 0, 0]
psl_acc(PSL 평가에서의 정확도):  0.444 
cw_psl_acc(클래스별 PSL 평가에서의 정확도):  [0.4444444477558136, nan, nan, nan, nan]
**pseudo_label ->  [0.0148, 0.099, 0.655, 0.1316, 0.0996] **
max =  0.655 | max_idx =  2
**pseudo_label ->  [0.0126, 0.08, 0.7141, 0.1111, 0.0821] **
max =  0.7141 | max_idx =  2
**pseudo_label ->  [0.0124, 0.0751, 0.6443, 0.1547, 0.1135] **
max =  0.6443 | max_idx =  2
**pseudo_label ->  [0.0068, 0.1086, 0.7525, 0.0666, 0.0655] **
max =  0.7525 | max_idx =  2
**pseudo_label ->  [0.0132, 0.0808, 0.7017, 0.1153, 0.089] **
max =  0.7017 | max_idx =  2
Epoch 18/37, Train Loss: 1.5096, Valid Loss: 3.5140, Train Acc: 0.4000, Val Acc: 0.3571, Test Acc: 0.3158, Test F1(macro): 0.1532, Test F1(micro) : 0.4000,Total Pseudo-Labels: 1, Correct Pseudo-Labels: 1, Train Data Number: 25



line 303 => train data수 25
line 258 => 인스턴스 수 4
Step 72  Tim 0:14:43
acc_train_cw(현재 train의 class별 acc) [1.0, 1.0, 0.0, 0.2, 0.0]
cw_psl_total_eval(pseudo label 클래스별 총 샘플 수):  [143, 44, 195, 0, 0]
cw_psl_correct_eval(pseudo label 클래스별 맞은 샘플 수):  [53, 2, 86, 0, 0]
psl_acc(PSL 평가에서의 정확도):  0.369 
cw_psl_acc(클래스별 PSL 평가에서의 정확도):  [0.37062937021255493, 0.04545454680919647, 0.44102564454078674, nan, nan]
**pseudo_label ->  [0.107, 0.0539, 0.0284, 0.5567, 0.2539] **
max =  0.5567 | max_idx =  3
**pseudo_label ->  [0.0019, 0.896, 0.0125, 0.066, 0.0235] **
max =  0.896 | max_idx =  1
**pseudo_label ->  [0.0102, 0.5337, 0.1494, 0.2041, 0.1026] **
max =  0.5337 | max_idx =  1
**pseudo_label ->  [0.0037, 0.5548, 0.1303, 0.2242, 0.087] **
max =  0.5548 | max_idx =  1
**pseudo_label ->  [0.0072, 0.4087, 0.2159, 0.2436, 0.1246] **
max =  0.4087 | max_idx =  1
Epoch 19/37, Train Loss: 1.3057, Valid Loss: 2.2048, Train Acc: 0.4400, Val Acc: 0.1122, Test Acc: 0.0947, Test F1(macro): 0.0846, Test F1(micro) : 0.4400,Total Pseudo-Labels: 0, Correct Pseudo-Labels: 0, Train Data Number: 25



line 303 => train data수 25
line 258 => 인스턴스 수 4
Step 76  Tim 0:15:30
acc_train_cw(현재 train의 class별 acc) [0.2, 0.0, 0.0, 0.2, 1.0]
cw_psl_total_eval(pseudo label 클래스별 총 샘플 수):  [192, 54, 0, 2, 0]
cw_psl_correct_eval(pseudo label 클래스별 맞은 샘플 수):  [58, 5, 0, 1, 0]
psl_acc(PSL 평가에서의 정확도):  0.258 
cw_psl_acc(클래스별 PSL 평가에서의 정확도):  [0.3020833432674408, 0.09259258955717087, nan, 0.5, nan]
**pseudo_label ->  [0.0025, 0.0495, 0.1367, 0.1899, 0.6213] **
max =  0.6213 | max_idx =  4
**pseudo_label ->  [0.003, 0.0283, 0.1113, 0.279, 0.5784] **
max =  0.5784 | max_idx =  4
**pseudo_label ->  [0.0068, 0.0055, 0.0129, 0.3099, 0.6649] **
max =  0.6649 | max_idx =  4
**pseudo_label ->  [0.0005, 0.0527, 0.0671, 0.1394, 0.7403] **
max =  0.7403 | max_idx =  4
**pseudo_label ->  [0.0036, 0.005, 0.0082, 0.2642, 0.7191] **
max =  0.7191 | max_idx =  4
Epoch 20/37, Train Loss: 1.4931, Valid Loss: 2.4589, Train Acc: 0.2800, Val Acc: 0.2551, Test Acc: 0.2421, Test F1(macro): 0.1178, Test F1(micro) : 0.2800,Total Pseudo-Labels: 0, Correct Pseudo-Labels: 0, Train Data Number: 25



line 303 => train data수 25
line 258 => 인스턴스 수 4
Step 80  Tim 0:16:16
acc_train_cw(현재 train의 class별 acc) [1.0, 1.0, 1.0, 0.4, 0.8]
cw_psl_total_eval(pseudo label 클래스별 총 샘플 수):  [20, 0, 0, 8, 50]
cw_psl_correct_eval(pseudo label 클래스별 맞은 샘플 수):  [13, 0, 0, 1, 8]
psl_acc(PSL 평가에서의 정확도):  0.282 
cw_psl_acc(클래스별 PSL 평가에서의 정확도):  [0.6499999761581421, nan, nan, 0.125, 0.1599999964237213]
**pseudo_label ->  [0.0106, 0.8084, 0.0339, 0.0608, 0.0862] **
max =  0.8084 | max_idx =  1
**pseudo_label ->  [0.01, 0.0984, 0.5177, 0.1759, 0.198] **
max =  0.5177 | max_idx =  2
**pseudo_label ->  [0.0087, 0.1553, 0.583, 0.0636, 0.1893] **
max =  0.583 | max_idx =  2
**pseudo_label ->  [0.0018, 0.2408, 0.484, 0.0557, 0.2176] **
max =  0.484 | max_idx =  2
**pseudo_label ->  [0.0081, 0.2584, 0.3522, 0.1471, 0.2341] **
max =  0.3522 | max_idx =  2
Epoch 21/37, Train Loss: 1.1729, Valid Loss: 3.2398, Train Acc: 0.8400, Val Acc: 0.3878, Test Acc: 0.3474, Test F1(macro): 0.2876, Test F1(micro) : 0.8400,Total Pseudo-Labels: 0, Correct Pseudo-Labels: 0, Train Data Number: 25



line 303 => train data수 25
line 258 => 인스턴스 수 4
Step 84  Tim 0:17:02
acc_train_cw(현재 train의 class별 acc) [1.0, 1.0, 0.4, 0.0, 0.0]
cw_psl_total_eval(pseudo label 클래스별 총 샘플 수):  [113, 42, 0, 0, 4]
cw_psl_correct_eval(pseudo label 클래스별 맞은 샘플 수):  [42, 2, 0, 0, 0]
psl_acc(PSL 평가에서의 정확도):  0.277 
cw_psl_acc(클래스별 PSL 평가에서의 정확도):  [0.37168142199516296, 0.0476190485060215, nan, nan, 0.0]
**pseudo_label ->  [0.3811, 0.0577, 0.3933, 0.1448, 0.0232] **
max =  0.3933 | max_idx =  2
**pseudo_label ->  [0.0053, 0.4321, 0.4809, 0.0301, 0.0516] **
max =  0.4809 | max_idx =  2
**pseudo_label ->  [0.0046, 0.4565, 0.4538, 0.0252, 0.0598] **
max =  0.4565 | max_idx =  1
**pseudo_label ->  [0.0002, 0.8359, 0.135, 0.0049, 0.024] **
max =  0.8359 | max_idx =  1
**pseudo_label ->  [0.0056, 0.3629, 0.2164, 0.0458, 0.3694] **
max =  0.3694 | max_idx =  4
Epoch 22/37, Train Loss: 0.9698, Valid Loss: 2.5511, Train Acc: 0.4800, Val Acc: 0.2143, Test Acc: 0.1789, Test F1(macro): 0.1544, Test F1(micro) : 0.4800,Total Pseudo-Labels: 0, Correct Pseudo-Labels: 0, Train Data Number: 25



line 303 => train data수 25
line 258 => 인스턴스 수 4
Step 88  Tim 0:17:48
acc_train_cw(현재 train의 class별 acc) [0.8, 1.0, 0.0, 1.0, 0.6]
cw_psl_total_eval(pseudo label 클래스별 총 샘플 수):  [119, 59, 2, 0, 0]
cw_psl_correct_eval(pseudo label 클래스별 맞은 샘플 수):  [46, 14, 2, 0, 0]
psl_acc(PSL 평가에서의 정확도):  0.344 
cw_psl_acc(클래스별 PSL 평가에서의 정확도):  [0.38655462861061096, 0.23728813230991364, 1.0, nan, nan]
**pseudo_label ->  [0.0073, 0.0386, 0.1591, 0.5904, 0.2046] **
max =  0.5904 | max_idx =  3
**pseudo_label ->  [0.0038, 0.105, 0.2193, 0.3934, 0.2785] **
max =  0.3934 | max_idx =  3
**pseudo_label ->  [0.0026, 0.1277, 0.2138, 0.2791, 0.3768] **
max =  0.3768 | max_idx =  4
**pseudo_label ->  [0.0004, 0.0583, 0.0306, 0.1099, 0.8007] **
max =  0.8007 | max_idx =  4
**pseudo_label ->  [0.0, 0.6191, 0.1155, 0.0236, 0.2418] **
max =  0.6191 | max_idx =  1
Epoch 23/37, Train Loss: 1.1198, Valid Loss: 2.3213, Train Acc: 0.6800, Val Acc: 0.3163, Test Acc: 0.2947, Test F1(macro): 0.3209, Test F1(micro) : 0.6800,Total Pseudo-Labels: 1, Correct Pseudo-Labels: 0, Train Data Number: 25



line 303 => train data수 25
line 258 => 인스턴스 수 4
Step 92  Tim 0:18:35
acc_train_cw(현재 train의 class별 acc) [0.8, 1.0, 0.8, 0.8, 0.8]
cw_psl_total_eval(pseudo label 클래스별 총 샘플 수):  [68, 26, 0, 110, 5]
cw_psl_correct_eval(pseudo label 클래스별 맞은 샘플 수):  [36, 4, 0, 16, 0]
psl_acc(PSL 평가에서의 정확도):  0.268 
cw_psl_acc(클래스별 PSL 평가에서의 정확도):  [0.529411792755127, 0.1538461595773697, nan, 0.145454540848732, 0.0]
**pseudo_label ->  [0.0011, 0.0025, 0.4334, 0.3467, 0.2163] **
max =  0.4334 | max_idx =  2
**pseudo_label ->  [0.0002, 0.0048, 0.7359, 0.0799, 0.1792] **
max =  0.7359 | max_idx =  2
**pseudo_label ->  [0.0003, 0.0088, 0.6167, 0.114, 0.2604] **
max =  0.6167 | max_idx =  2
**pseudo_label ->  [0.0, 0.9999, 0.0, 0.0, 0.0001] **
max =  0.9999 | max_idx =  1
**pseudo_label ->  [0.0, 0.9999, 0.0, 0.0, 0.0001] **
max =  0.9999 | max_idx =  1
Epoch 24/37, Train Loss: 0.8725, Valid Loss: 4.8800, Train Acc: 0.8400, Val Acc: 0.4184, Test Acc: 0.3474, Test F1(macro): 0.2832, Test F1(micro) : 0.8400,Total Pseudo-Labels: 0, Correct Pseudo-Labels: 0, Train Data Number: 25



line 303 => train data수 25
line 258 => 인스턴스 수 4
Step 96  Tim 0:19:21
acc_train_cw(현재 train의 class별 acc) [1.0, 0.8, 0.2, 0.6, 0.2]
cw_psl_total_eval(pseudo label 클래스별 총 샘플 수):  [63, 28, 8, 80, 23]
cw_psl_correct_eval(pseudo label 클래스별 맞은 샘플 수):  [35, 21, 2, 11, 10]
psl_acc(PSL 평가에서의 정확도):  0.391 
cw_psl_acc(클래스별 PSL 평가에서의 정확도):  [0.5555555820465088, 0.75, 0.25, 0.13750000298023224, 0.43478259444236755]
**pseudo_label ->  [0.0005, 0.0001, 0.7123, 0.0665, 0.2206] **
max =  0.7123 | max_idx =  2
**pseudo_label ->  [0.0, 0.0008, 0.5322, 0.0035, 0.4635] **
max =  0.5322 | max_idx =  2
**pseudo_label ->  [0.0, 0.4686, 0.0, 0.0, 0.5314] **
max =  0.5314 | max_idx =  4
**pseudo_label ->  [0.0, 0.7626, 0.0, 0.0, 0.2374] **
max =  0.7626 | max_idx =  1
**pseudo_label ->  [0.0, 0.7392, 0.0, 0.0, 0.2608] **
max =  0.7392 | max_idx =  1
Epoch 25/37, Train Loss: 1.6354, Valid Loss: 4.9000, Train Acc: 0.5600, Val Acc: 0.3061, Test Acc: 0.3474, Test F1(macro): 0.3425, Test F1(micro) : 0.5600,Total Pseudo-Labels: 1, Correct Pseudo-Labels: 0, Train Data Number: 25



line 303 => train data수 25
line 258 => 인스턴스 수 4
Step 100  Tim 0:20:07
acc_train_cw(현재 train의 class별 acc) [1.0, 0.8, 0.0, 0.2, 0.0]
cw_psl_total_eval(pseudo label 클래스별 총 샘플 수):  [81, 41, 116, 12, 163]
cw_psl_correct_eval(pseudo label 클래스별 맞은 샘플 수):  [40, 10, 46, 0, 55]
psl_acc(PSL 평가에서의 정확도):  0.366 
cw_psl_acc(클래스별 PSL 평가에서의 정확도):  [0.4938271641731262, 0.24390244483947754, 0.3965517282485962, 0.0, 0.33742332458496094]
**pseudo_label ->  [0.8085, 0.0, 0.0001, 0.1907, 0.0007] **
max =  0.8085 | max_idx =  0
**pseudo_label ->  [0.4731, 0.0, 0.0051, 0.4832, 0.0385] **
max =  0.4832 | max_idx =  3
**pseudo_label ->  [0.0729, 0.0, 0.0005, 0.754, 0.1726] **
max =  0.754 | max_idx =  3
**pseudo_label ->  [0.0, 0.9999, 0.0001, 0.0, 0.0] **
max =  0.9999 | max_idx =  1
**pseudo_label ->  [0.0005, 0.0, 0.0122, 0.028, 0.9592] **
max =  0.9592 | max_idx =  4
Epoch 26/37, Train Loss: 1.5572, Valid Loss: 3.3476, Train Acc: 0.4000, Val Acc: 0.2041, Test Acc: 0.2632, Test F1(macro): 0.1827, Test F1(micro) : 0.4000,Total Pseudo-Labels: 0, Correct Pseudo-Labels: 0, Train Data Number: 25



line 303 => train data수 25
line 258 => 인스턴스 수 4
Step 104  Tim 0:20:53
acc_train_cw(현재 train의 class별 acc) [0.0, 1.0, 0.8, 0.2, 0.0]
cw_psl_total_eval(pseudo label 클래스별 총 샘플 수):  [166, 3, 0, 233, 31]
cw_psl_correct_eval(pseudo label 클래스별 맞은 샘플 수):  [56, 3, 0, 30, 2]
psl_acc(PSL 평가에서의 정확도):  0.21 
cw_psl_acc(클래스별 PSL 평가에서의 정확도):  [0.33734938502311707, 1.0, nan, 0.1287553608417511, 0.06451612710952759]
**pseudo_label ->  [0.0001, 0.0, 0.68, 0.0394, 0.2805] **
max =  0.68 | max_idx =  2
**pseudo_label ->  [0.0, 0.0, 0.7992, 0.01, 0.1908] **
max =  0.7992 | max_idx =  2
**pseudo_label ->  [0.0, 1.0, 0.0, 0.0, 0.0] **
max =  1.0 | max_idx =  1
**pseudo_label ->  [0.0, 1.0, 0.0, 0.0, 0.0] **
max =  1.0 | max_idx =  1
**pseudo_label ->  [0.0, 1.0, 0.0, 0.0, 0.0] **
max =  1.0 | max_idx =  1
Epoch 27/37, Train Loss: 2.2791, Valid Loss: 3.1198, Train Acc: 0.4000, Val Acc: 0.3571, Test Acc: 0.3053, Test F1(macro): 0.1973, Test F1(micro) : 0.4000,Total Pseudo-Labels: 1, Correct Pseudo-Labels: 1, Train Data Number: 25



line 303 => train data수 25
line 258 => 인스턴스 수 4
Step 108  Tim 0:21:40
acc_train_cw(현재 train의 class별 acc) [1.0, 0.8, 0.2, 0.2, 0.0]
cw_psl_total_eval(pseudo label 클래스별 총 샘플 수):  [0, 122, 332, 6, 20]
cw_psl_correct_eval(pseudo label 클래스별 맞은 샘플 수):  [0, 30, 146, 0, 5]
psl_acc(PSL 평가에서의 정확도):  0.377 
cw_psl_acc(클래스별 PSL 평가에서의 정확도):  [nan, 0.24590164422988892, 0.4397590458393097, 0.0, 0.25]
**pseudo_label ->  [0.3536, 0.0, 0.0179, 0.5741, 0.0545] **
max =  0.5741 | max_idx =  3
**pseudo_label ->  [0.3015, 0.0, 0.0233, 0.6093, 0.0659] **
max =  0.6093 | max_idx =  3
**pseudo_label ->  [0.0001, 0.0049, 0.8722, 0.0723, 0.0506] **
max =  0.8722 | max_idx =  2
**pseudo_label ->  [0.0, 0.7125, 0.2875, 0.0, 0.0] **
max =  0.7125 | max_idx =  1
**pseudo_label ->  [0.0004, 0.0001, 0.6244, 0.1041, 0.2711] **
max =  0.6244 | max_idx =  2
Epoch 28/37, Train Loss: 1.6255, Valid Loss: 1.9960, Train Acc: 0.4400, Val Acc: 0.2347, Test Acc: 0.3053, Test F1(macro): 0.2482, Test F1(micro) : 0.4400,Total Pseudo-Labels: 0, Correct Pseudo-Labels: 0, Train Data Number: 25



line 303 => train data수 25
line 258 => 인스턴스 수 4
Step 112  Tim 0:22:26
acc_train_cw(현재 train의 class별 acc) [0.0, 1.0, 0.2, 0.2, 1.0]
cw_psl_total_eval(pseudo label 클래스별 총 샘플 수):  [142, 4, 62, 71, 3]
cw_psl_correct_eval(pseudo label 클래스별 맞은 샘플 수):  [49, 3, 24, 7, 1]
psl_acc(PSL 평가에서의 정확도):  0.298 
cw_psl_acc(클래스별 PSL 평가에서의 정확도):  [0.34507042169570923, 0.75, 0.3870967626571655, 0.09859155118465424, 0.3333333432674408]
**pseudo_label ->  [0.0015, 0.0007, 0.0413, 0.1686, 0.7878] **
max =  0.7878 | max_idx =  4
**pseudo_label ->  [0.0006, 0.0008, 0.2865, 0.2953, 0.4168] **
max =  0.4168 | max_idx =  4
**pseudo_label ->  [0.0, 0.9587, 0.0413, 0.0, 0.0] **
max =  0.9587 | max_idx =  1
**pseudo_label ->  [0.0, 0.9956, 0.0044, 0.0, 0.0] **
max =  0.9956 | max_idx =  1
**pseudo_label ->  [0.0, 0.0204, 0.8296, 0.1368, 0.0132] **
max =  0.8296 | max_idx =  2
Epoch 29/37, Train Loss: 1.4836, Valid Loss: 1.8800, Train Acc: 0.4800, Val Acc: 0.3265, Test Acc: 0.3158, Test F1(macro): 0.2691, Test F1(micro) : 0.4800,Total Pseudo-Labels: 1, Correct Pseudo-Labels: 1, Train Data Number: 25



line 303 => train data수 25
line 258 => 인스턴스 수 4
Step 116  Tim 0:23:12
acc_train_cw(현재 train의 class별 acc) [1.0, 1.0, 0.6, 0.2, 0.4]
cw_psl_total_eval(pseudo label 클래스별 총 샘플 수):  [1, 36, 126, 0, 110]
cw_psl_correct_eval(pseudo label 클래스별 맞은 샘플 수):  [1, 19, 58, 0, 35]
psl_acc(PSL 평가에서의 정확도):  0.414 
cw_psl_acc(클래스별 PSL 평가에서의 정확도):  [1.0, 0.5277777910232544, 0.460317462682724, nan, 0.3181818127632141]
**pseudo_label ->  [0.1257, 0.0, 0.5236, 0.2013, 0.1495] **
max =  0.5236 | max_idx =  2
**pseudo_label ->  [0.0047, 0.0013, 0.8324, 0.1119, 0.0497] **
max =  0.8324 | max_idx =  2
**pseudo_label ->  [0.0, 0.9347, 0.0644, 0.001, 0.0] **
max =  0.9347 | max_idx =  1
**pseudo_label ->  [0.0, 0.9961, 0.0038, 0.0, 0.0] **
max =  0.9961 | max_idx =  1
**pseudo_label ->  [0.0001, 0.0217, 0.9231, 0.047, 0.0081] **
max =  0.9231 | max_idx =  2
Epoch 30/37, Train Loss: 0.6789, Valid Loss: 1.8561, Train Acc: 0.6400, Val Acc: 0.3776, Test Acc: 0.3579, Test F1(macro): 0.2717, Test F1(micro) : 0.6400,Total Pseudo-Labels: 1, Correct Pseudo-Labels: 1, Train Data Number: 25



line 303 => train data수 25
line 258 => 인스턴스 수 4
Step 120  Tim 0:23:59
acc_train_cw(현재 train의 class별 acc) [0.6, 1.0, 0.2, 1.0, 1.0]
cw_psl_total_eval(pseudo label 클래스별 총 샘플 수):  [87, 31, 230, 0, 1]
cw_psl_correct_eval(pseudo label 클래스별 맞은 샘플 수):  [41, 15, 101, 0, 1]
psl_acc(PSL 평가에서의 정확도):  0.453 
cw_psl_acc(클래스별 PSL 평가에서의 정확도):  [0.4712643623352051, 0.4838709533214569, 0.43913042545318604, nan, 1.0]
**pseudo_label ->  [0.1068, 0.0, 0.1799, 0.5541, 0.1592] **
max =  0.5541 | max_idx =  3
**pseudo_label ->  [0.0124, 0.0068, 0.2587, 0.3451, 0.3769] **
max =  0.3769 | max_idx =  4
**pseudo_label ->  [0.0, 0.3997, 0.5843, 0.016, 0.0] **
max =  0.5843 | max_idx =  2
**pseudo_label ->  [0.0, 0.5692, 0.4283, 0.0025, 0.0] **
max =  0.5692 | max_idx =  1
**pseudo_label ->  [0.0004, 0.0097, 0.8186, 0.1427, 0.0286] **
max =  0.8186 | max_idx =  2
Epoch 31/37, Train Loss: 0.8917, Valid Loss: 2.4374, Train Acc: 0.7600, Val Acc: 0.3265, Test Acc: 0.3053, Test F1(macro): 0.2422, Test F1(micro) : 0.7600,Total Pseudo-Labels: 1, Correct Pseudo-Labels: 1, Train Data Number: 25



line 303 => train data수 25
line 258 => 인스턴스 수 4
Step 124  Tim 0:24:45
acc_train_cw(현재 train의 class별 acc) [1.0, 0.8, 0.2, 0.0, 1.0]
cw_psl_total_eval(pseudo label 클래스별 총 샘플 수):  [1, 3, 90, 38, 13]
cw_psl_correct_eval(pseudo label 클래스별 맞은 샘플 수):  [0, 2, 42, 8, 4]
psl_acc(PSL 평가에서의 정확도):  0.386 
cw_psl_acc(클래스별 PSL 평가에서의 정확도):  [0.0, 0.6666666865348816, 0.46666666865348816, 0.21052631735801697, 0.3076923191547394]
**pseudo_label ->  [0.2908, 0.0, 0.0591, 0.2503, 0.3998] **
max =  0.3998 | max_idx =  4
**pseudo_label ->  [0.0041, 0.0005, 0.1763, 0.0439, 0.7752] **
max =  0.7752 | max_idx =  4
**pseudo_label ->  [0.0, 0.213, 0.7561, 0.0305, 0.0004] **
max =  0.7561 | max_idx =  2
**pseudo_label ->  [0.0, 0.2708, 0.6789, 0.0499, 0.0004] **
max =  0.6789 | max_idx =  2
**pseudo_label ->  [0.0009, 0.0048, 0.5985, 0.0852, 0.3106] **
max =  0.5985 | max_idx =  2
Epoch 32/37, Train Loss: 0.9064, Valid Loss: 1.8344, Train Acc: 0.6000, Val Acc: 0.3469, Test Acc: 0.2947, Test F1(macro): 0.1985, Test F1(micro) : 0.6000,Total Pseudo-Labels: 0, Correct Pseudo-Labels: 0, Train Data Number: 25



line 303 => train data수 25
line 258 => 인스턴스 수 4
Step 128  Tim 0:25:31
acc_train_cw(현재 train의 class별 acc) [1.0, 1.0, 0.8, 0.4, 0.6]
cw_psl_total_eval(pseudo label 클래스별 총 샘플 수):  [129, 1, 56, 0, 360]
cw_psl_correct_eval(pseudo label 클래스별 맞은 샘플 수):  [48, 1, 19, 0, 100]
psl_acc(PSL 평가에서의 정확도):  0.308 
cw_psl_acc(클래스별 PSL 평가에서의 정확도):  [0.3720930218696594, 1.0, 0.3392857015132904, nan, 0.2777777910232544]
**pseudo_label ->  [0.0141, 0.0005, 0.2477, 0.646, 0.0916] **
max =  0.646 | max_idx =  3
**pseudo_label ->  [0.0008, 0.0001, 0.8721, 0.0842, 0.0429] **
max =  0.8721 | max_idx =  2
**pseudo_label ->  [0.0, 0.347, 0.634, 0.0188, 0.0003] **
max =  0.634 | max_idx =  2
**pseudo_label ->  [0.0, 0.8467, 0.1334, 0.0198, 0.0] **
max =  0.8467 | max_idx =  1
**pseudo_label ->  [0.0001, 0.0191, 0.9156, 0.0439, 0.0213] **
max =  0.9156 | max_idx =  2
Epoch 33/37, Train Loss: 1.3652, Valid Loss: 2.3098, Train Acc: 0.7600, Val Acc: 0.3980, Test Acc: 0.3474, Test F1(macro): 0.3076, Test F1(micro) : 0.7600,Total Pseudo-Labels: 1, Correct Pseudo-Labels: 1, Train Data Number: 25



line 303 => train data수 25
line 258 => 인스턴스 수 4
Step 132  Tim 0:26:17
acc_train_cw(현재 train의 class별 acc) [1.0, 1.0, 0.0, 1.0, 0.4]
cw_psl_total_eval(pseudo label 클래스별 총 샘플 수):  [28, 10, 322, 1, 5]
cw_psl_correct_eval(pseudo label 클래스별 맞은 샘플 수):  [19, 7, 133, 0, 2]
psl_acc(PSL 평가에서의 정확도):  0.44 
cw_psl_acc(클래스별 PSL 평가에서의 정확도):  [0.6785714030265808, 0.699999988079071, 0.41304346919059753, 0.0, 0.4000000059604645]
**pseudo_label ->  [0.0034, 0.0, 0.0439, 0.9207, 0.032] **
max =  0.9207 | max_idx =  3
**pseudo_label ->  [0.0003, 0.0002, 0.2459, 0.6094, 0.1441] **
max =  0.6094 | max_idx =  3
**pseudo_label ->  [0.0, 0.1317, 0.5227, 0.3387, 0.0069] **
max =  0.5227 | max_idx =  2
**pseudo_label ->  [0.0, 0.6533, 0.3292, 0.0174, 0.0001] **
max =  0.6533 | max_idx =  1
**pseudo_label ->  [0.0, 0.0668, 0.8114, 0.105, 0.0168] **
max =  0.8114 | max_idx =  2
Epoch 34/37, Train Loss: 0.5915, Valid Loss: 2.5099, Train Acc: 0.6800, Val Acc: 0.3163, Test Acc: 0.2947, Test F1(macro): 0.2976, Test F1(micro) : 0.6800,Total Pseudo-Labels: 0, Correct Pseudo-Labels: 0, Train Data Number: 25



line 303 => train data수 25
line 258 => 인스턴스 수 4
Step 136  Tim 0:27:03
acc_train_cw(현재 train의 class별 acc) [1.0, 1.0, 0.6, 0.4, 1.0]
cw_psl_total_eval(pseudo label 클래스별 총 샘플 수):  [46, 9, 52, 197, 7]
cw_psl_correct_eval(pseudo label 클래스별 맞은 샘플 수):  [23, 3, 29, 32, 1]
psl_acc(PSL 평가에서의 정확도):  0.283 
cw_psl_acc(클래스별 PSL 평가에서의 정확도):  [0.5, 0.3333333432674408, 0.557692289352417, 0.16243654489517212, 0.1428571492433548]
**pseudo_label ->  [0.0064, 0.0003, 0.3815, 0.1845, 0.4273] **
max =  0.4273 | max_idx =  4
**pseudo_label ->  [0.0001, 0.0127, 0.6054, 0.0483, 0.3335] **
max =  0.6054 | max_idx =  2
**pseudo_label ->  [0.0, 0.4885, 0.5068, 0.0017, 0.0031] **
max =  0.5068 | max_idx =  2
**pseudo_label ->  [0.0, 0.8623, 0.1377, 0.0001, 0.0] **
max =  0.8623 | max_idx =  1
**pseudo_label ->  [0.0, 0.246, 0.7499, 0.002, 0.0021] **
max =  0.7499 | max_idx =  2
Epoch 35/37, Train Loss: 0.4321, Valid Loss: 3.5424, Train Acc: 0.8000, Val Acc: 0.2857, Test Acc: 0.2737, Test F1(macro): 0.2616, Test F1(micro) : 0.8000,Total Pseudo-Labels: 0, Correct Pseudo-Labels: 0, Train Data Number: 25



line 303 => train data수 25
line 258 => 인스턴스 수 4
Step 140  Tim 0:27:50
acc_train_cw(현재 train의 class별 acc) [1.0, 1.0, 0.8, 0.0, 0.4]
cw_psl_total_eval(pseudo label 클래스별 총 샘플 수):  [69, 40, 65, 0, 170]
cw_psl_correct_eval(pseudo label 클래스별 맞은 샘플 수):  [29, 15, 26, 0, 40]
psl_acc(PSL 평가에서의 정확도):  0.32 
cw_psl_acc(클래스별 PSL 평가에서의 정확도):  [0.4202898442745209, 0.375, 0.4000000059604645, nan, 0.23529411852359772]
**pseudo_label ->  [0.0439, 0.0001, 0.3922, 0.5571, 0.0067] **
max =  0.5571 | max_idx =  3
**pseudo_label ->  [0.0, 0.0171, 0.9154, 0.0194, 0.0481] **
max =  0.9154 | max_idx =  2
**pseudo_label ->  [0.0, 0.2607, 0.7371, 0.0018, 0.0004] **
max =  0.7371 | max_idx =  2
**pseudo_label ->  [0.0, 0.8654, 0.1346, 0.0, 0.0] **
max =  0.8654 | max_idx =  1
**pseudo_label ->  [0.0, 0.1741, 0.8226, 0.003, 0.0003] **
max =  0.8226 | max_idx =  2
Epoch 36/37, Train Loss: 0.7737, Valid Loss: 3.2613, Train Acc: 0.6400, Val Acc: 0.3980, Test Acc: 0.3158, Test F1(macro): 0.2444, Test F1(micro) : 0.6400,Total Pseudo-Labels: 1, Correct Pseudo-Labels: 1, Train Data Number: 25



line 303 => train data수 25
line 258 => 인스턴스 수 4
Step 144  Tim 0:28:36
acc_train_cw(현재 train의 class별 acc) [1.0, 1.0, 1.0, 0.6, 1.0]
cw_psl_total_eval(pseudo label 클래스별 총 샘플 수):  [139, 12, 312, 16, 1]
cw_psl_correct_eval(pseudo label 클래스별 맞은 샘플 수):  [49, 7, 133, 3, 0]
psl_acc(PSL 평가에서의 정확도):  0.4 
cw_psl_acc(클래스별 PSL 평가에서의 정확도):  [0.3525179922580719, 0.5833333134651184, 0.42628204822540283, 0.1875, 0.0]
**pseudo_label ->  [0.0333, 0.0, 0.0387, 0.8628, 0.0651] **
max =  0.8628 | max_idx =  3
**pseudo_label ->  [0.0, 0.1523, 0.503, 0.1435, 0.2012] **
max =  0.503 | max_idx =  2
**pseudo_label ->  [0.0, 0.8178, 0.1742, 0.0014, 0.0066] **
max =  0.8178 | max_idx =  1
**pseudo_label ->  [0.0, 0.8552, 0.1447, 0.0, 0.0] **
max =  0.8552 | max_idx =  1
**pseudo_label ->  [0.0, 0.0556, 0.5174, 0.0466, 0.3804] **
max =  0.5174 | max_idx =  2
Epoch 37/37, Train Loss: 0.2595, Valid Loss: 4.0199, Train Acc: 0.9200, Val Acc: 0.3163, Test Acc: 0.3579, Test F1(macro): 0.3505, Test F1(micro) : 0.9200,Total Pseudo-Labels: 0, Correct Pseudo-Labels: 0, Train Data Number: 25

Training complete!
Total training took 0:29:13 (h:mm:ss)
Load model from ./experiment/corcod_extended_data/output/5_codesage-base_0.0004_0.7_corcod_extended_data_net0.pth
Save training statistics in:  ./experiment/corcod_extended_data/log/codesage/class7//5_codesage-base_0.0004_0.7_corcod_extended_data/training_statistics.csv

best_trian_loss, epoch => 0.2595396703109145 37
Epoch-1_train_loss => 11.428700655698776
max_epoch_train_loss => 0.2595396703109145 


best_val_loss, epoch =>  1.4299519220177008 12
Epoch-1_val_loss => 2.8008951268025806
max_epoch_val_loss => 4.019866760516034 

pse_epoch =>  [1, 2, 3, 4, 5, 6, 7, 8, 9, 12, 13, 15, 16, 17, 18, 19, 20, 21, 22, 23, 24, 25, 26, 27, 28, 29, 30, 31, 32, 33, 34, 35, 36, 37]
추가되는 pse_epoch =>  [] 

total_data:  25 
Best_step:  4 
Best_epoch:  1 
best_val_acc:  0.4489795918367347 
best_test_acc:  0.35789473684210527 
best_test_f1:  0.1054263565891473
Save best record in:  ./experiment/corcod_extended_data/log/codesage/class7/summary.csv