current work directory:  /home/imsuhan22/few-shot-tc/JointMatch_SSL/codebert/code
java_extended_data
save_name: 1_codet5p-220m_1e-05_0.7_10_java_extended_data

data_path:  ../data/../data/problem_based_split/java_extended_data

There are 1 GPU(s) available.
We will use the GPU- 0 NVIDIA GeForce RTX 3090

**line 147 모델 =>  Salesforce/codet5p-220m
**tokenizer type =  Salesforce/codet5p-220m 

n_labeled_per_class:  1
train_df samples: 3851
train_labeled_df samples: 7
train_unlabeled_df samples: 3844
n_classes:  7 

net_arch:  Salesforce/codet5p-220m lr:  1e-05

line 303 => train data수 7
line 258 => 인스턴스 수 1
=======test_loader=======
> /home/imsuhan22/few-shot-tc/JointMatch_SSL/codebert/code/models/netgroup.py(226)forward_net()
-> outs = net(input_ids, attention_mask=attention_mask, labels=y, return_dict=True).logits
(Pdb) --KeyboardInterrupt--
(Pdb) --KeyboardInterrupt--
(Pdb) --KeyboardInterrupt--
(Pdb) --KeyboardInterrupt--
(Pdb) --KeyboardInterrupt--
(Pdb) --KeyboardInterrupt--
(Pdb) --KeyboardInterrupt--
(Pdb) --KeyboardInterrupt--
(Pdb) --Return--
> /home/imsuhan22/few-shot-tc/JointMatch_SSL/codebert/code/models/netgroup.py(226)forward_net()->None
-> outs = net(input_ids, attention_mask=attention_mask, labels=y, return_dict=True).logits
(Pdb) ValueError: not enough values to unpack (expected 2, got 1)
> /home/imsuhan22/few-shot-tc/JointMatch_SSL/codebert/code/models/netgroup.py(241)forward()
-> outs.append(self.forward_net(self.nets[i], x, y))
(Pdb) --KeyboardInterrupt--
(Pdb) --KeyboardInterrupt--
(Pdb) --KeyboardInterrupt--
(Pdb) --Return--
> /home/imsuhan22/few-shot-tc/JointMatch_SSL/codebert/code/models/netgroup.py(241)forward()->None
-> outs.append(self.forward_net(self.nets[i], x, y))
(Pdb) ValueError: not enough values to unpack (expected 2, got 1)
> /home/imsuhan22/few-shot-tc/JointMatch_SSL/codebert/code/main_SSL_load.py(231)evaluation()
-> outs = netgroup.forward(batch['x'], b_labels)
(Pdb) --Return--
> /home/imsuhan22/few-shot-tc/JointMatch_SSL/codebert/code/main_SSL_load.py(231)evaluation()->None
-> outs = netgroup.forward(batch['x'], b_labels)
(Pdb) *** NameError: name 'qwrqw' is not defined
(Pdb) *** NameError: name 'qwrqw' is not defined
(Pdb) --KeyboardInterrupt--
(Pdb) --KeyboardInterrupt--
(Pdb) *** NameError: name 'qwrqw' is not defined
(Pdb) --KeyboardInterrupt--
(Pdb) --KeyboardInterrupt--
(Pdb) --KeyboardInterrupt--
(Pdb) --KeyboardInterrupt--
(Pdb) --KeyboardInterrupt--
(Pdb) --KeyboardInterrupt--
(Pdb) --KeyboardInterrupt--
(Pdb) --KeyboardInterrupt--
(Pdb) --KeyboardInterrupt--
(Pdb) --KeyboardInterrupt--
(Pdb) --KeyboardInterrupt--
(Pdb) *** NameError: name 'qwrqw' is not defined
(Pdb) 