current work directory:  /home/imsuhan22/few-shot-tc/JointMatch_SSL/codebert/code
java_extended_data
save_name: 10_unixcoder-base_0.0005_0.8_30_java_extended_data

data_path:  ../data/../data/problem_based_split/java_extended_data

There are 1 GPU(s) available.
We will use the GPU- 0 NVIDIA GeForce RTX 3090

**line 147 모델 =>  microsoft/unixcoder-base
**tokenizer type =  microsoft/unixcoder-base 

n_labeled_per_class:  10
train_df samples: 3851
train_labeled_df samples: 70
train_unlabeled_df samples: 3781
n_classes:  7 

net_arch:  microsoft/unixcoder-base lr:  0.0005

line 303 => train data수 70
line 258 => 인스턴스 수 10
=======test_loader=======
=======dev_loader=======
=======train_labeled_loader=======
=======finish=======
>>Epoch 1 Step 0 acc_test 0.100671 f1_test 0.069870 acc_val 0.297800 f1_val 0.187759 acc_train 0.128571 f1_train 0.099647 psl_cor 0 psl_totl 0 pslt_global 0.000000  Tim 0:00:10
acc_train_cw [0.0, 0.2, 0.4, 0.1, 0.1, 0.0, 0.1]
cw_psl_eval:  [0, 0, 0, 0, 0, 0, 0] [0, 0, 0, 0, 0, 0, 0]
psl_acc: None cw_psl_acc:  [nan, nan, nan, nan, nan, nan, nan]
Save model to ./experiment/few_shot/output/

line 303 => train data수 70
line 258 => 인스턴스 수 10
=======test_loader=======
=======dev_loader=======
=======train_labeled_loader=======
=======finish=======
>>Epoch 2 Step 10 acc_test 0.042506 f1_test 0.011649 acc_val 0.206430 f1_val 0.068443 acc_train 0.142857 f1_train 0.035714 psl_cor 0 psl_totl 0 pslt_global 0.800000  Tim 0:00:39
acc_train_cw [0.0, 0.0, 0.0, 1.0, 0.0, 0.0, 0.0]
cw_psl_eval:  [0, 0, 0, 0, 0, 0, 0] [0, 0, 0, 0, 0, 0, 0]
psl_acc: None cw_psl_acc:  [nan, nan, nan, nan, nan, nan, nan]

line 303 => train data수 70
line 258 => 인스턴스 수 10
=======test_loader=======
=======dev_loader=======
=======train_labeled_loader=======
=======finish=======
>>Epoch 3 Step 20 acc_test 0.228188 f1_test 0.053084 acc_val 0.284264 f1_val 0.088538 acc_train 0.142857 f1_train 0.035714 psl_cor 0 psl_totl 0 pslt_global 0.800000  Tim 0:01:08
acc_train_cw [0.0, 0.0, 0.0, 0.0, 1.0, 0.0, 0.0]
cw_psl_eval:  [0, 0, 0, 0, 0, 0, 0] [0, 0, 0, 0, 0, 0, 0]
psl_acc: None cw_psl_acc:  [nan, nan, nan, nan, nan, nan, nan]

line 303 => train data수 70
line 258 => 인스턴스 수 10
=======test_loader=======
=======dev_loader=======
=======train_labeled_loader=======
=======finish=======
>>Epoch 4 Step 30 acc_test 0.134228 f1_test 0.033812 acc_val 0.098139 f1_val 0.035747 acc_train 0.142857 f1_train 0.035714 psl_cor 0 psl_totl 0 pslt_global 0.800000  Tim 0:01:36
acc_train_cw [1.0, 0.0, 0.0, 0.0, 0.0, 0.0, 0.0]
cw_psl_eval:  [0, 0, 0, 0, 0, 0, 0] [0, 0, 0, 0, 0, 0, 0]
psl_acc: None cw_psl_acc:  [nan, nan, nan, nan, nan, nan, nan]

line 303 => train data수 70
line 258 => 인스턴스 수 10
=======test_loader=======
=======dev_loader=======
=======train_labeled_loader=======
=======finish=======
>>Epoch 5 Step 40 acc_test 0.060403 f1_test 0.016275 acc_val 0.199662 f1_val 0.066573 acc_train 0.142857 f1_train 0.035714 psl_cor 0 psl_totl 0 pslt_global 0.800000  Tim 0:02:05
acc_train_cw [0.0, 1.0, 0.0, 0.0, 0.0, 0.0, 0.0]
cw_psl_eval:  [0, 0, 0, 0, 0, 0, 0] [0, 0, 0, 0, 0, 0, 0]
psl_acc: None cw_psl_acc:  [nan, nan, nan, nan, nan, nan, nan]

line 303 => train data수 70
line 258 => 인스턴스 수 10
=======test_loader=======
=======dev_loader=======
=======train_labeled_loader=======
=======finish=======
>>Epoch 6 Step 50 acc_test 0.042506 f1_test 0.011649 acc_val 0.206430 f1_val 0.068443 acc_train 0.142857 f1_train 0.035714 psl_cor 0 psl_totl 0 pslt_global 0.800000  Tim 0:02:34
acc_train_cw [0.0, 0.0, 0.0, 1.0, 0.0, 0.0, 0.0]
cw_psl_eval:  [0, 0, 0, 0, 0, 0, 0] [0, 0, 0, 0, 0, 0, 0]
psl_acc: None cw_psl_acc:  [nan, nan, nan, nan, nan, nan, nan]

line 303 => train data수 70
line 258 => 인스턴스 수 10
=======test_loader=======
=======dev_loader=======
=======train_labeled_loader=======
=======finish=======
>>Epoch 7 Step 60 acc_test 0.154362 f1_test 0.038206 acc_val 0.211506 f1_val 0.069832 acc_train 0.142857 f1_train 0.035714 psl_cor 0 psl_totl 0 pslt_global 0.800000  Tim 0:03:03
acc_train_cw [0.0, 0.0, 1.0, 0.0, 0.0, 0.0, 0.0]
cw_psl_eval:  [0, 0, 0, 0, 0, 0, 0] [0, 0, 0, 0, 0, 0, 0]
psl_acc: None cw_psl_acc:  [nan, nan, nan, nan, nan, nan, nan]

line 303 => train data수 70
line 258 => 인스턴스 수 10
=======test_loader=======
=======dev_loader=======
=======train_labeled_loader=======
=======finish=======
>>Epoch 8 Step 70 acc_test 0.366890 f1_test 0.076689 acc_val 0.000000 f1_val 0.000000 acc_train 0.142857 f1_train 0.035714 psl_cor 0 psl_totl 0 pslt_global 0.800000  Tim 0:03:31
acc_train_cw [0.0, 0.0, 0.0, 0.0, 0.0, 1.0, 0.0]
cw_psl_eval:  [0, 0, 0, 0, 0, 0, 0] [0, 0, 0, 0, 0, 0, 0]
psl_acc: None cw_psl_acc:  [nan, nan, nan, nan, nan, nan, nan]

line 303 => train data수 70
line 258 => 인스턴스 수 10
=======test_loader=======
=======dev_loader=======
=======train_labeled_loader=======
=======finish=======
>>Epoch 9 Step 80 acc_test 0.154362 f1_test 0.038206 acc_val 0.211506 f1_val 0.069832 acc_train 0.142857 f1_train 0.035714 psl_cor 0 psl_totl 0 pslt_global 0.800000  Tim 0:03:59
acc_train_cw [0.0, 0.0, 1.0, 0.0, 0.0, 0.0, 0.0]
cw_psl_eval:  [0, 0, 0, 0, 0, 0, 0] [0, 0, 0, 0, 0, 0, 0]
psl_acc: None cw_psl_acc:  [nan, nan, nan, nan, nan, nan, nan]

line 303 => train data수 70
line 258 => 인스턴스 수 10
=======test_loader=======
=======dev_loader=======
=======train_labeled_loader=======
=======finish=======
>>Epoch 10 Step 90 acc_test 0.060403 f1_test 0.016275 acc_val 0.199662 f1_val 0.066573 acc_train 0.142857 f1_train 0.035714 psl_cor 0 psl_totl 0 pslt_global 0.800000  Tim 0:04:28
acc_train_cw [0.0, 1.0, 0.0, 0.0, 0.0, 0.0, 0.0]
cw_psl_eval:  [0, 0, 0, 0, 0, 0, 0] [0, 0, 0, 0, 0, 0, 0]
psl_acc: None cw_psl_acc:  [nan, nan, nan, nan, nan, nan, nan]

line 303 => train data수 70
line 258 => 인스턴스 수 10
=======test_loader=======
=======dev_loader=======
=======train_labeled_loader=======
=======finish=======
>>Epoch 11 Step 100 acc_test 0.366890 f1_test 0.076689 acc_val 0.000000 f1_val 0.000000 acc_train 0.142857 f1_train 0.035714 psl_cor 0 psl_totl 0 pslt_global 0.800000  Tim 0:04:56
acc_train_cw [0.0, 0.0, 0.0, 0.0, 0.0, 1.0, 0.0]
cw_psl_eval:  [0, 0, 0, 0, 0, 0, 0] [0, 0, 0, 0, 0, 0, 0]
psl_acc: None cw_psl_acc:  [nan, nan, nan, nan, nan, nan, nan]

line 303 => train data수 70
line 258 => 인스턴스 수 10
=======test_loader=======
=======dev_loader=======
=======train_labeled_loader=======
=======finish=======
>>Epoch 12 Step 110 acc_test 0.042506 f1_test 0.011649 acc_val 0.206430 f1_val 0.068443 acc_train 0.142857 f1_train 0.035714 psl_cor 0 psl_totl 0 pslt_global 0.800000  Tim 0:05:25
acc_train_cw [0.0, 0.0, 0.0, 1.0, 0.0, 0.0, 0.0]
cw_psl_eval:  [0, 0, 0, 0, 0, 0, 0] [0, 0, 0, 0, 0, 0, 0]
psl_acc: None cw_psl_acc:  [nan, nan, nan, nan, nan, nan, nan]

line 303 => train data수 70
line 258 => 인스턴스 수 10
=======test_loader=======
=======dev_loader=======
=======train_labeled_loader=======
=======finish=======
>>Epoch 13 Step 120 acc_test 0.154362 f1_test 0.038206 acc_val 0.211506 f1_val 0.069832 acc_train 0.142857 f1_train 0.035714 psl_cor 0 psl_totl 0 pslt_global 0.800000  Tim 0:05:53
acc_train_cw [0.0, 0.0, 1.0, 0.0, 0.0, 0.0, 0.0]
cw_psl_eval:  [0, 0, 0, 0, 0, 0, 0] [0, 0, 0, 0, 0, 0, 0]
psl_acc: None cw_psl_acc:  [nan, nan, nan, nan, nan, nan, nan]

line 303 => train data수 105
line 258 => 인스턴스 수 15
=======test_loader=======
=======dev_loader=======
=======train_labeled_loader=======
=======finish=======
>>Epoch 14 Step 130 acc_test 0.013423 f1_test 0.003784 acc_val 0.000000 f1_val 0.000000 acc_train 0.095238 f1_train 0.024845 psl_cor 6 psl_totl 35 pslt_global 0.800000  Tim 0:06:22
acc_train_cw [0.0, 0.0, 0.0, 0.0, 0.0, 0.0, 1.0]
cw_psl_eval:  [0, 0, 35, 0, 0, 0, 0] [0, 0, 6, 0, 0, 0, 0]
psl_acc:  0.171 cw_psl_acc:  [nan, nan, 0.17142857611179352, nan, nan, nan, nan]

line 303 => train data수 170
line 258 => 인스턴스 수 25
=======test_loader=======
=======dev_loader=======
=======train_labeled_loader=======
=======finish=======
>>Epoch 15 Step 145 acc_test 0.154362 f1_test 0.038206 acc_val 0.211506 f1_val 0.069832 acc_train 0.647059 f1_train 0.112245 psl_cor 9 psl_totl 66 pslt_global 0.800000  Tim 0:06:51
acc_train_cw [0.0, 0.0, 1.0, 0.0, 0.0, 0.0, 0.0]
cw_psl_eval:  [0, 0, 66, 0, 0, 0, 0] [0, 0, 9, 0, 0, 0, 0]
psl_acc:  0.136 cw_psl_acc:  [nan, nan, 0.13636364042758942, nan, nan, nan, nan]
train batch instace수가 7안됨 pass

line 303 => train data수 253
line 258 => 인스턴스 수 37
=======test_loader=======
=======dev_loader=======
=======train_labeled_loader=======
=======finish=======
>>Epoch 16 Step 170 acc_test 0.154362 f1_test 0.038206 acc_val 0.211506 f1_val 0.069832 acc_train 0.632411 f1_train 0.110688 psl_cor 13 psl_totl 85 pslt_global 0.800000  Tim 0:07:21
acc_train_cw [0.0, 0.0, 1.0, 0.0, 0.0, 0.0, 0.0]
cw_psl_eval:  [33, 0, 52, 0, 0, 0, 0] [6, 0, 7, 0, 0, 0, 0]
psl_acc:  0.153 cw_psl_acc:  [0.1818181872367859, nan, 0.13461539149284363, nan, nan, nan, nan]
train batch instace수가 7안됨 pass
**bs에 맞지않음!!!!!**


line 303 => train data수 2364
line 258 => 인스턴스 수 338
=======test_loader=======
=======dev_loader=======
=======train_labeled_loader=======
=======finish=======
>>Epoch 17 Step 207 acc_test 0.154362 f1_test 0.038206 acc_val 0.211506 f1_val 0.069832 acc_train 0.955584 f1_train 0.139612 psl_cor 350 psl_totl 2225 pslt_global 0.800000  Tim 0:08:03
acc_train_cw [0.0, 0.0, 1.0, 0.0, 0.0, 0.0, 0.0]
cw_psl_eval:  [0, 0, 2193, 0, 0, 0, 32] [0, 0, 344, 0, 0, 0, 6]
psl_acc:  0.157 cw_psl_acc:  [nan, nan, 0.1568627506494522, nan, nan, nan, 0.1875]
train batch instace수가 7안됨 pass
**bs에 맞지않음!!!!!**


line 303 => train data수 3839
line 258 => 인스턴스 수 549
=======test_loader=======
=======dev_loader=======
=======train_labeled_loader=======
=======finish=======
>>Epoch 18 Step 545 acc_test 0.154362 f1_test 0.038206 acc_val 0.211506 f1_val 0.069832 acc_train 0.984371 f1_train 0.141732 psl_cor 573 psl_totl 3781 pslt_global 0.800000  Tim 0:09:19
acc_train_cw [0.0, 0.0, 1.0, 0.0, 0.0, 0.0, 0.0]
cw_psl_eval:  [0, 0, 3781, 0, 0, 0, 0] [0, 0, 573, 0, 0, 0, 0]
psl_acc:  0.152 cw_psl_acc:  [nan, nan, 0.15154720842838287, nan, nan, nan, nan]
train batch instace수가 7안됨 pass
**bs에 맞지않음!!!!!**


line 303 => train data수 3839
line 258 => 인스턴스 수 549
=======test_loader=======
=======dev_loader=======
=======train_labeled_loader=======
=======finish=======
>>Epoch 19 Step 1094 acc_test 0.154362 f1_test 0.038206 acc_val 0.211506 f1_val 0.069832 acc_train 0.984371 f1_train 0.141732 psl_cor 573 psl_totl 3781 pslt_global 0.800000  Tim 0:10:55
acc_train_cw [0.0, 0.0, 1.0, 0.0, 0.0, 0.0, 0.0]
cw_psl_eval:  [0, 0, 3781, 0, 0, 0, 0] [0, 0, 573, 0, 0, 0, 0]
psl_acc:  0.152 cw_psl_acc:  [nan, nan, 0.15154720842838287, nan, nan, nan, nan]
train batch instace수가 7안됨 pass
**bs에 맞지않음!!!!!**


line 303 => train data수 3839
line 258 => 인스턴스 수 549
=======test_loader=======
=======dev_loader=======
=======train_labeled_loader=======
=======finish=======
>>Epoch 20 Step 1643 acc_test 0.154362 f1_test 0.038206 acc_val 0.211506 f1_val 0.069832 acc_train 0.984371 f1_train 0.141732 psl_cor 573 psl_totl 3781 pslt_global 0.800000  Tim 0:12:31
acc_train_cw [0.0, 0.0, 1.0, 0.0, 0.0, 0.0, 0.0]
cw_psl_eval:  [0, 0, 3781, 0, 0, 0, 0] [0, 0, 573, 0, 0, 0, 0]
psl_acc:  0.152 cw_psl_acc:  [nan, nan, 0.15154720842838287, nan, nan, nan, nan]
train batch instace수가 7안됨 pass
**bs에 맞지않음!!!!!**


line 303 => train data수 3839
line 258 => 인스턴스 수 549
=======test_loader=======
=======dev_loader=======
=======train_labeled_loader=======
=======finish=======
>>Epoch 21 Step 2192 acc_test 0.154362 f1_test 0.038206 acc_val 0.211506 f1_val 0.069832 acc_train 0.984371 f1_train 0.141732 psl_cor 573 psl_totl 3781 pslt_global 0.800000  Tim 0:14:07
acc_train_cw [0.0, 0.0, 1.0, 0.0, 0.0, 0.0, 0.0]
cw_psl_eval:  [0, 0, 3781, 0, 0, 0, 0] [0, 0, 573, 0, 0, 0, 0]
psl_acc:  0.152 cw_psl_acc:  [nan, nan, 0.15154720842838287, nan, nan, nan, nan]
train batch instace수가 7안됨 pass
**bs에 맞지않음!!!!!**


line 303 => train data수 3839
line 258 => 인스턴스 수 549
=======test_loader=======
=======dev_loader=======
=======train_labeled_loader=======
=======finish=======
>>Epoch 22 Step 2741 acc_test 0.154362 f1_test 0.038206 acc_val 0.211506 f1_val 0.069832 acc_train 0.984371 f1_train 0.141732 psl_cor 573 psl_totl 3781 pslt_global 0.800000  Tim 0:15:44
acc_train_cw [0.0, 0.0, 1.0, 0.0, 0.0, 0.0, 0.0]
cw_psl_eval:  [0, 0, 3781, 0, 0, 0, 0] [0, 0, 573, 0, 0, 0, 0]
psl_acc:  0.152 cw_psl_acc:  [nan, nan, 0.15154720842838287, nan, nan, nan, nan]
train batch instace수가 7안됨 pass
**bs에 맞지않음!!!!!**


line 303 => train data수 3839
line 258 => 인스턴스 수 549
=======test_loader=======
=======dev_loader=======
=======train_labeled_loader=======
=======finish=======
>>Epoch 23 Step 3290 acc_test 0.154362 f1_test 0.038206 acc_val 0.211506 f1_val 0.069832 acc_train 0.984371 f1_train 0.141732 psl_cor 573 psl_totl 3781 pslt_global 0.800000  Tim 0:17:20
acc_train_cw [0.0, 0.0, 1.0, 0.0, 0.0, 0.0, 0.0]
cw_psl_eval:  [0, 0, 3781, 0, 0, 0, 0] [0, 0, 573, 0, 0, 0, 0]
psl_acc:  0.152 cw_psl_acc:  [nan, nan, 0.15154720842838287, nan, nan, nan, nan]
train batch instace수가 7안됨 pass
**bs에 맞지않음!!!!!**


line 303 => train data수 3839
line 258 => 인스턴스 수 549
=======test_loader=======
=======dev_loader=======
=======train_labeled_loader=======
=======finish=======
>>Epoch 24 Step 3839 acc_test 0.154362 f1_test 0.038206 acc_val 0.211506 f1_val 0.069832 acc_train 0.984371 f1_train 0.141732 psl_cor 573 psl_totl 3781 pslt_global 0.800000  Tim 0:18:56
acc_train_cw [0.0, 0.0, 1.0, 0.0, 0.0, 0.0, 0.0]
cw_psl_eval:  [0, 0, 3781, 0, 0, 0, 0] [0, 0, 573, 0, 0, 0, 0]
psl_acc:  0.152 cw_psl_acc:  [nan, nan, 0.15154720842838287, nan, nan, nan, nan]
train batch instace수가 7안됨 pass
**bs에 맞지않음!!!!!**


line 303 => train data수 3839
line 258 => 인스턴스 수 549
=======test_loader=======
=======dev_loader=======
=======train_labeled_loader=======
=======finish=======
>>Epoch 25 Step 4388 acc_test 0.154362 f1_test 0.038206 acc_val 0.211506 f1_val 0.069832 acc_train 0.984371 f1_train 0.141732 psl_cor 573 psl_totl 3781 pslt_global 0.800000  Tim 0:20:33
acc_train_cw [0.0, 0.0, 1.0, 0.0, 0.0, 0.0, 0.0]
cw_psl_eval:  [0, 0, 3781, 0, 0, 0, 0] [0, 0, 573, 0, 0, 0, 0]
psl_acc:  0.152 cw_psl_acc:  [nan, nan, 0.15154720842838287, nan, nan, nan, nan]
train batch instace수가 7안됨 pass
**bs에 맞지않음!!!!!**


line 303 => train data수 3839
line 258 => 인스턴스 수 549
=======test_loader=======
=======dev_loader=======
=======train_labeled_loader=======
=======finish=======
>>Epoch 26 Step 4937 acc_test 0.154362 f1_test 0.038206 acc_val 0.211506 f1_val 0.069832 acc_train 0.984371 f1_train 0.141732 psl_cor 573 psl_totl 3781 pslt_global 0.800000  Tim 0:22:09
acc_train_cw [0.0, 0.0, 1.0, 0.0, 0.0, 0.0, 0.0]
cw_psl_eval:  [0, 0, 3781, 0, 0, 0, 0] [0, 0, 573, 0, 0, 0, 0]
psl_acc:  0.152 cw_psl_acc:  [nan, nan, 0.15154720842838287, nan, nan, nan, nan]
train batch instace수가 7안됨 pass
**bs에 맞지않음!!!!!**


line 303 => train data수 3839
line 258 => 인스턴스 수 549
=======test_loader=======
=======dev_loader=======
=======train_labeled_loader=======
=======finish=======
>>Epoch 27 Step 5486 acc_test 0.154362 f1_test 0.038206 acc_val 0.211506 f1_val 0.069832 acc_train 0.984371 f1_train 0.141732 psl_cor 573 psl_totl 3781 pslt_global 0.800000  Tim 0:23:45
acc_train_cw [0.0, 0.0, 1.0, 0.0, 0.0, 0.0, 0.0]
cw_psl_eval:  [0, 0, 3781, 0, 0, 0, 0] [0, 0, 573, 0, 0, 0, 0]
psl_acc:  0.152 cw_psl_acc:  [nan, nan, 0.15154720842838287, nan, nan, nan, nan]
train batch instace수가 7안됨 pass
**bs에 맞지않음!!!!!**


line 303 => train data수 3839
line 258 => 인스턴스 수 549
=======test_loader=======
=======dev_loader=======
=======train_labeled_loader=======
=======finish=======
>>Epoch 28 Step 6035 acc_test 0.154362 f1_test 0.038206 acc_val 0.211506 f1_val 0.069832 acc_train 0.984371 f1_train 0.141732 psl_cor 573 psl_totl 3781 pslt_global 0.800000  Tim 0:25:22
acc_train_cw [0.0, 0.0, 1.0, 0.0, 0.0, 0.0, 0.0]
cw_psl_eval:  [0, 0, 3781, 0, 0, 0, 0] [0, 0, 573, 0, 0, 0, 0]
psl_acc:  0.152 cw_psl_acc:  [nan, nan, 0.15154720842838287, nan, nan, nan, nan]
train batch instace수가 7안됨 pass
**bs에 맞지않음!!!!!**


line 303 => train data수 3839
line 258 => 인스턴스 수 549
=======test_loader=======
=======dev_loader=======
=======train_labeled_loader=======
=======finish=======
>>Epoch 29 Step 6584 acc_test 0.154362 f1_test 0.038206 acc_val 0.211506 f1_val 0.069832 acc_train 0.984371 f1_train 0.141732 psl_cor 573 psl_totl 3781 pslt_global 0.800000  Tim 0:26:58
acc_train_cw [0.0, 0.0, 1.0, 0.0, 0.0, 0.0, 0.0]
cw_psl_eval:  [0, 0, 3781, 0, 0, 0, 0] [0, 0, 573, 0, 0, 0, 0]
psl_acc:  0.152 cw_psl_acc:  [nan, nan, 0.15154720842838287, nan, nan, nan, nan]
train batch instace수가 7안됨 pass
**bs에 맞지않음!!!!!**


line 303 => train data수 3839
line 258 => 인스턴스 수 549
=======test_loader=======
=======dev_loader=======
=======train_labeled_loader=======
=======finish=======
>>Epoch 30 Step 7133 acc_test 0.154362 f1_test 0.038206 acc_val 0.211506 f1_val 0.069832 acc_train 0.984371 f1_train 0.141732 psl_cor 573 psl_totl 3781 pslt_global 0.800000  Tim 0:28:34
acc_train_cw [0.0, 0.0, 1.0, 0.0, 0.0, 0.0, 0.0]
cw_psl_eval:  [0, 0, 3781, 0, 0, 0, 0] [0, 0, 573, 0, 0, 0, 0]
psl_acc:  0.152 cw_psl_acc:  [nan, nan, 0.15154720842838287, nan, nan, nan, nan]
train batch instace수가 7안됨 pass
**bs에 맞지않음!!!!!**


line 303 => train data수 3839
line 258 => 인스턴스 수 549
=======test_loader=======
=======dev_loader=======
=======train_labeled_loader=======
=======finish=======
>>Epoch 31 Step 7682 acc_test 0.154362 f1_test 0.038206 acc_val 0.211506 f1_val 0.069832 acc_train 0.984371 f1_train 0.141732 psl_cor 573 psl_totl 3781 pslt_global 0.800000  Tim 0:30:10
acc_train_cw [0.0, 0.0, 1.0, 0.0, 0.0, 0.0, 0.0]
cw_psl_eval:  [0, 0, 3781, 0, 0, 0, 0] [0, 0, 573, 0, 0, 0, 0]
psl_acc:  0.152 cw_psl_acc:  [nan, nan, 0.15154720842838287, nan, nan, nan, nan]
Early stopping trigger at step:  7682
Best model at step:  0
**조기종료됨**
**bs에 맞지않음!!!!!**

종료된 epoch시점 :  32 (epoch - 11에서부터 acc_val증가 안됨.)
조기종료 early_stop_flag 

Training complete!
Total training took 0:30:28 (h:mm:ss)
Load model from ./experiment/few_shot/output/10_unixcoder-base_0.0005_0.8_30_java_extended_data_net0.pth
Save training statistics in:  ./experiment/few_shot/log/20240401-130542/0/training_statistics.csv

Best_step:  0 
best_test_acc:  0.10067114093959731 
best_test_f1:  0.06986996479538675
Save best record in:  ./experiment/few_shot/log/20240401-130542/summary.csv
Save best record in:  ./experiment/few_shot/log/summary_avgrun.csv
