current work directory:  /home/imsuhan22/few-shot-tc/custom_ssl/code
Data set -> python_extended_data
save_name: 10_codet5p-110m-embedding_0.00025_0.7_python_extended_data_37_[42]

data_path:  ../data/problem_based_split/python_extended_data

There are 2 GPU(s) available.
We will use the GPU- 0 Quadro RTX 8000

**line 147 모델 =>  Salesforce/codet5p-110m-embedding
**tokenizer type =  Salesforce/codet5p-110m-embedding 

pesudo label class개수 기준 -> 7
n_labeled_per_class:  10
train_df samples: 3974
train_labeled_df samples: 70
train_unlabeled_df samples: 3904
n_classes:  7 


net_arch:  Salesforce/codet5p-110m-embedding 
lr:  0.00025 
lr_linear:  0.001 




line 303 => train data수 70
line 258 => 인스턴스 수 10
Step 0  Tim 0:00:09
acc_train_cw(현재 train의 class별 acc) [0.7, 0.0, 0.2, 0.0, 0.0, 0.0, 0.3]
cw_psl_total_eval(pseudo label 클래스별 총 샘플 수):  [0, 0, 0, 0, 0, 0, 0]
cw_psl_correct_eval(pseudo label 클래스별 맞은 샘플 수):  [0, 0, 0, 0, 0, 0, 0]
psl_acc(PSL 평가에서의 정확도): None 
cw_psl_acc(클래스별 PSL 평가에서의 정확도):  [nan, nan, nan, nan, nan, nan, nan]
***best_acc_model_save --- epoch = 1***
Save model to ./experiment/python_extended_data/output/
**pseudo_label ->  [0.1497, 0.1446, 0.149, 0.1302, 0.1395, 0.1421, 0.1449] **
max =  0.1497 | max_idx =  0
**pseudo_label ->  [0.1487, 0.1375, 0.1435, 0.1409, 0.1375, 0.1419, 0.1501] **
max =  0.1501 | max_idx =  6
**pseudo_label ->  [0.1437, 0.1375, 0.1529, 0.1403, 0.1453, 0.1338, 0.1465] **
max =  0.1529 | max_idx =  2
**pseudo_label ->  [0.1498, 0.1374, 0.1521, 0.1316, 0.1445, 0.1419, 0.1426] **
max =  0.1521 | max_idx =  2
**pseudo_label ->  [0.1563, 0.1396, 0.1462, 0.1355, 0.1386, 0.1359, 0.148] **
max =  0.1563 | max_idx =  0
Epoch 1/37, Train Loss: 1.9771, Valid Loss: 1.8960, Train Acc: 0.1714, Val Acc: 0.1140, Test Acc: 0.0758, Test F1(macro): 0.0545, Total Pseudo-Labels: 0, Correct Pseudo-Labels: 0, Train Data Number: 70



line 303 => train data수 70
line 258 => 인스턴스 수 10
Step 10  Tim 0:01:12
acc_train_cw(현재 train의 class별 acc) [0.6, 0.0, 0.8, 0.7, 0.7, 0.0, 0.0]
cw_psl_total_eval(pseudo label 클래스별 총 샘플 수):  [0, 0, 0, 0, 0, 0, 0]
cw_psl_correct_eval(pseudo label 클래스별 맞은 샘플 수):  [0, 0, 0, 0, 0, 0, 0]
psl_acc(PSL 평가에서의 정확도): None 
cw_psl_acc(클래스별 PSL 평가에서의 정확도):  [nan, nan, nan, nan, nan, nan, nan]
***best_acc_model_save --- epoch = 2***
Save model to ./experiment/python_extended_data/output/
**pseudo_label ->  [0.1326, 0.1335, 0.1604, 0.1572, 0.146, 0.1316, 0.1387] **
max =  0.1604 | max_idx =  2
**pseudo_label ->  [0.1487, 0.1383, 0.1467, 0.1508, 0.1579, 0.1166, 0.1411] **
max =  0.1579 | max_idx =  4
**pseudo_label ->  [0.1432, 0.1363, 0.1474, 0.1552, 0.1528, 0.1221, 0.143] **
max =  0.1552 | max_idx =  3
**pseudo_label ->  [0.148, 0.1349, 0.15, 0.1529, 0.1495, 0.1213, 0.1434] **
max =  0.1529 | max_idx =  3
**pseudo_label ->  [0.1468, 0.1417, 0.1451, 0.1519, 0.1587, 0.1177, 0.1381] **
max =  0.1587 | max_idx =  4
Epoch 2/37, Train Loss: 1.8608, Valid Loss: 1.9504, Train Acc: 0.4000, Val Acc: 0.2410, Test Acc: 0.0963, Test F1(macro): 0.0662, Total Pseudo-Labels: 0, Correct Pseudo-Labels: 0, Train Data Number: 70



line 303 => train data수 70
line 258 => 인스턴스 수 10
Step 20  Tim 0:02:19
acc_train_cw(현재 train의 class별 acc) [1.0, 0.4, 0.8, 0.2, 0.8, 0.4, 0.1]
cw_psl_total_eval(pseudo label 클래스별 총 샘플 수):  [0, 0, 0, 0, 0, 0, 0]
cw_psl_correct_eval(pseudo label 클래스별 맞은 샘플 수):  [0, 0, 0, 0, 0, 0, 0]
psl_acc(PSL 평가에서의 정확도): None 
cw_psl_acc(클래스별 PSL 평가에서의 정확도):  [nan, nan, nan, nan, nan, nan, nan]
**pseudo_label ->  [0.1063, 0.1359, 0.176, 0.1404, 0.1556, 0.164, 0.1219] **
max =  0.176 | max_idx =  2
**pseudo_label ->  [0.1939, 0.1477, 0.1169, 0.1315, 0.148, 0.1158, 0.1462] **
max =  0.1939 | max_idx =  0
**pseudo_label ->  [0.1081, 0.1467, 0.1572, 0.1421, 0.166, 0.1595, 0.1203] **
max =  0.166 | max_idx =  4
**pseudo_label ->  [0.1559, 0.1462, 0.1364, 0.1392, 0.1502, 0.1355, 0.1367] **
max =  0.1559 | max_idx =  0
**pseudo_label ->  [0.1518, 0.1596, 0.1223, 0.1206, 0.2003, 0.1149, 0.1305] **
max =  0.2003 | max_idx =  4
Epoch 3/37, Train Loss: 1.7400, Valid Loss: 1.9157, Train Acc: 0.5286, Val Acc: 0.1531, Test Acc: 0.1906, Test F1(macro): 0.1459, Total Pseudo-Labels: 0, Correct Pseudo-Labels: 0, Train Data Number: 70



line 303 => train data수 70
line 258 => 인스턴스 수 10
Step 30  Tim 0:03:19
acc_train_cw(현재 train의 class별 acc) [1.0, 0.7, 0.9, 0.7, 0.9, 0.8, 0.9]
cw_psl_total_eval(pseudo label 클래스별 총 샘플 수):  [0, 0, 0, 0, 0, 0, 0]
cw_psl_correct_eval(pseudo label 클래스별 맞은 샘플 수):  [0, 0, 0, 0, 0, 0, 0]
psl_acc(PSL 평가에서의 정확도): None 
cw_psl_acc(클래스별 PSL 평가에서의 정확도):  [nan, nan, nan, nan, nan, nan, nan]
**pseudo_label ->  [0.1089, 0.1186, 0.1743, 0.1542, 0.1271, 0.1821, 0.1348] **
max =  0.1821 | max_idx =  5
**pseudo_label ->  [0.1952, 0.1454, 0.117, 0.1334, 0.158, 0.1076, 0.1434] **
max =  0.1952 | max_idx =  0
**pseudo_label ->  [0.109, 0.1216, 0.1597, 0.1647, 0.1277, 0.1885, 0.1289] **
max =  0.1885 | max_idx =  5
**pseudo_label ->  [0.1671, 0.1478, 0.1145, 0.1391, 0.1365, 0.1212, 0.1738] **
max =  0.1738 | max_idx =  6
**pseudo_label ->  [0.134, 0.1837, 0.1215, 0.1154, 0.2014, 0.1219, 0.1222] **
max =  0.2014 | max_idx =  4
Epoch 4/37, Train Loss: 1.6188, Valid Loss: 1.9023, Train Acc: 0.8429, Val Acc: 0.2378, Test Acc: 0.3586, Test F1(macro): 0.2601, Total Pseudo-Labels: 0, Correct Pseudo-Labels: 0, Train Data Number: 70



line 303 => train data수 70
line 258 => 인스턴스 수 10
Step 40  Tim 0:04:17
acc_train_cw(현재 train의 class별 acc) [1.0, 0.7, 0.9, 0.9, 0.7, 0.7, 1.0]
cw_psl_total_eval(pseudo label 클래스별 총 샘플 수):  [0, 0, 0, 0, 0, 0, 0]
cw_psl_correct_eval(pseudo label 클래스별 맞은 샘플 수):  [0, 0, 0, 0, 0, 0, 0]
psl_acc(PSL 평가에서의 정확도): None 
cw_psl_acc(클래스별 PSL 평가에서의 정확도):  [nan, nan, nan, nan, nan, nan, nan]
***best_acc_model_save --- epoch = 5***
Save model to ./experiment/python_extended_data/output/
**pseudo_label ->  [0.1035, 0.1281, 0.193, 0.1397, 0.1277, 0.1797, 0.1284] **
max =  0.193 | max_idx =  2
**pseudo_label ->  [0.2221, 0.1383, 0.1132, 0.1324, 0.1387, 0.106, 0.1494] **
max =  0.2221 | max_idx =  0
**pseudo_label ->  [0.0939, 0.1453, 0.1397, 0.1456, 0.1348, 0.2028, 0.138] **
max =  0.2028 | max_idx =  5
**pseudo_label ->  [0.2129, 0.1184, 0.1292, 0.134, 0.125, 0.113, 0.1676] **
max =  0.2129 | max_idx =  0
**pseudo_label ->  [0.1279, 0.191, 0.1153, 0.1136, 0.204, 0.1236, 0.1246] **
max =  0.204 | max_idx =  4
Epoch 5/37, Train Loss: 1.5428, Valid Loss: 1.8516, Train Acc: 0.8429, Val Acc: 0.2997, Test Acc: 0.3484, Test F1(macro): 0.2703, Total Pseudo-Labels: 0, Correct Pseudo-Labels: 0, Train Data Number: 70



line 303 => train data수 70
line 258 => 인스턴스 수 10
Step 50  Tim 0:05:24
acc_train_cw(현재 train의 class별 acc) [1.0, 0.7, 1.0, 1.0, 1.0, 0.9, 1.0]
cw_psl_total_eval(pseudo label 클래스별 총 샘플 수):  [0, 0, 0, 0, 0, 0, 0]
cw_psl_correct_eval(pseudo label 클래스별 맞은 샘플 수):  [0, 0, 0, 0, 0, 0, 0]
psl_acc(PSL 평가에서의 정확도): None 
cw_psl_acc(클래스별 PSL 평가에서의 정확도):  [nan, nan, nan, nan, nan, nan, nan]
***best_acc_model_save --- epoch = 6***
Save model to ./experiment/python_extended_data/output/
**pseudo_label ->  [0.1044, 0.1475, 0.1644, 0.1324, 0.1349, 0.194, 0.1226] **
max =  0.194 | max_idx =  5
**pseudo_label ->  [0.2269, 0.1308, 0.1221, 0.1227, 0.1523, 0.107, 0.1381] **
max =  0.2269 | max_idx =  0
**pseudo_label ->  [0.1121, 0.1207, 0.1419, 0.1301, 0.1265, 0.2232, 0.1455] **
max =  0.2232 | max_idx =  5
**pseudo_label ->  [0.2063, 0.1164, 0.1379, 0.135, 0.1464, 0.1092, 0.1488] **
max =  0.2063 | max_idx =  0
**pseudo_label ->  [0.1324, 0.1863, 0.1193, 0.1126, 0.2162, 0.1176, 0.1156] **
max =  0.2162 | max_idx =  4
Epoch 6/37, Train Loss: 1.4742, Valid Loss: 1.8421, Train Acc: 0.9429, Val Acc: 0.3811, Test Acc: 0.4283, Test F1(macro): 0.3410, Total Pseudo-Labels: 0, Correct Pseudo-Labels: 0, Train Data Number: 70



line 303 => train data수 70
line 258 => 인스턴스 수 10
Step 60  Tim 0:06:32
acc_train_cw(현재 train의 class별 acc) [1.0, 1.0, 1.0, 1.0, 1.0, 1.0, 1.0]
cw_psl_total_eval(pseudo label 클래스별 총 샘플 수):  [0, 0, 0, 0, 0, 0, 0]
cw_psl_correct_eval(pseudo label 클래스별 맞은 샘플 수):  [0, 0, 0, 0, 0, 0, 0]
psl_acc(PSL 평가에서의 정확도): None 
cw_psl_acc(클래스별 PSL 평가에서의 정확도):  [nan, nan, nan, nan, nan, nan, nan]
**pseudo_label ->  [0.1128, 0.1335, 0.178, 0.1254, 0.121, 0.2103, 0.119] **
max =  0.2103 | max_idx =  5
**pseudo_label ->  [0.2106, 0.1181, 0.113, 0.1732, 0.1455, 0.1106, 0.129] **
max =  0.2106 | max_idx =  0
**pseudo_label ->  [0.1216, 0.1197, 0.1275, 0.1443, 0.1211, 0.2357, 0.1302] **
max =  0.2357 | max_idx =  5
**pseudo_label ->  [0.1558, 0.0977, 0.1931, 0.1437, 0.1591, 0.1238, 0.1268] **
max =  0.1931 | max_idx =  2
**pseudo_label ->  [0.135, 0.1776, 0.1123, 0.1184, 0.2273, 0.1102, 0.1193] **
max =  0.2273 | max_idx =  4
Epoch 7/37, Train Loss: 1.4163, Valid Loss: 1.8680, Train Acc: 1.0000, Val Acc: 0.3420, Test Acc: 0.4549, Test F1(macro): 0.3292, Total Pseudo-Labels: 0, Correct Pseudo-Labels: 0, Train Data Number: 70



line 303 => train data수 70
line 258 => 인스턴스 수 10
Step 70  Tim 0:07:31
acc_train_cw(현재 train의 class별 acc) [1.0, 1.0, 1.0, 1.0, 1.0, 1.0, 1.0]
cw_psl_total_eval(pseudo label 클래스별 총 샘플 수):  [0, 0, 0, 0, 0, 0, 0]
cw_psl_correct_eval(pseudo label 클래스별 맞은 샘플 수):  [0, 0, 0, 0, 0, 0, 0]
psl_acc(PSL 평가에서의 정확도): None 
cw_psl_acc(클래스별 PSL 평가에서의 정확도):  [nan, nan, nan, nan, nan, nan, nan]
**pseudo_label ->  [0.1204, 0.1285, 0.2439, 0.11, 0.1266, 0.1459, 0.1246] **
max =  0.2439 | max_idx =  2
**pseudo_label ->  [0.2598, 0.1307, 0.1158, 0.1185, 0.1407, 0.1055, 0.1289] **
max =  0.2598 | max_idx =  0
**pseudo_label ->  [0.1147, 0.1313, 0.1215, 0.1143, 0.1608, 0.2298, 0.1276] **
max =  0.2298 | max_idx =  5
**pseudo_label ->  [0.1635, 0.1073, 0.1897, 0.1196, 0.1798, 0.1006, 0.1395] **
max =  0.1897 | max_idx =  2
**pseudo_label ->  [0.1291, 0.1881, 0.1162, 0.1144, 0.2277, 0.1076, 0.117] **
max =  0.2277 | max_idx =  4
Epoch 8/37, Train Loss: 1.3760, Valid Loss: 1.8876, Train Acc: 1.0000, Val Acc: 0.2769, Test Acc: 0.5061, Test F1(macro): 0.3766, Total Pseudo-Labels: 0, Correct Pseudo-Labels: 0, Train Data Number: 70



line 303 => train data수 70
line 258 => 인스턴스 수 10
Step 80  Tim 0:08:29
acc_train_cw(현재 train의 class별 acc) [1.0, 1.0, 1.0, 1.0, 1.0, 1.0, 1.0]
cw_psl_total_eval(pseudo label 클래스별 총 샘플 수):  [0, 0, 0, 0, 0, 0, 0]
cw_psl_correct_eval(pseudo label 클래스별 맞은 샘플 수):  [0, 0, 0, 0, 0, 0, 0]
psl_acc(PSL 평가에서의 정확도): None 
cw_psl_acc(클래스별 PSL 평가에서의 정확도):  [nan, nan, nan, nan, nan, nan, nan]
**pseudo_label ->  [0.1211, 0.1627, 0.1113, 0.1068, 0.1329, 0.2336, 0.1316] **
max =  0.2336 | max_idx =  5
**pseudo_label ->  [0.2564, 0.1344, 0.102, 0.121, 0.1447, 0.11, 0.1315] **
max =  0.2564 | max_idx =  0
**pseudo_label ->  [0.119, 0.1299, 0.1095, 0.1304, 0.1312, 0.2493, 0.1307] **
max =  0.2493 | max_idx =  5
**pseudo_label ->  [0.1515, 0.1178, 0.124, 0.1215, 0.2323, 0.1247, 0.128] **
max =  0.2323 | max_idx =  4
**pseudo_label ->  [0.1243, 0.1716, 0.1131, 0.1124, 0.245, 0.1176, 0.116] **
max =  0.245 | max_idx =  4
Epoch 9/37, Train Loss: 1.3594, Valid Loss: 1.8566, Train Acc: 1.0000, Val Acc: 0.3029, Test Acc: 0.5635, Test F1(macro): 0.3740, Total Pseudo-Labels: 0, Correct Pseudo-Labels: 0, Train Data Number: 70



line 303 => train data수 70
line 258 => 인스턴스 수 10
Step 90  Tim 0:09:28
acc_train_cw(현재 train의 class별 acc) [1.0, 1.0, 0.9, 1.0, 1.0, 1.0, 1.0]
cw_psl_total_eval(pseudo label 클래스별 총 샘플 수):  [0, 0, 0, 0, 0, 0, 0]
cw_psl_correct_eval(pseudo label 클래스별 맞은 샘플 수):  [0, 0, 0, 0, 0, 0, 0]
psl_acc(PSL 평가에서의 정확도): None 
cw_psl_acc(클래스별 PSL 평가에서의 정확도):  [nan, nan, nan, nan, nan, nan, nan]
**pseudo_label ->  [0.115, 0.1432, 0.1229, 0.1165, 0.1191, 0.2538, 0.1294] **
max =  0.2538 | max_idx =  5
**pseudo_label ->  [0.2418, 0.1446, 0.094, 0.1335, 0.1559, 0.1077, 0.1225] **
max =  0.2418 | max_idx =  0
**pseudo_label ->  [0.1165, 0.125, 0.1216, 0.1317, 0.1137, 0.2598, 0.1317] **
max =  0.2598 | max_idx =  5
**pseudo_label ->  [0.1591, 0.1269, 0.1267, 0.1127, 0.2426, 0.1024, 0.1297] **
max =  0.2426 | max_idx =  4
**pseudo_label ->  [0.1217, 0.1984, 0.107, 0.113, 0.2315, 0.1114, 0.117] **
max =  0.2315 | max_idx =  4
Epoch 10/37, Train Loss: 1.3290, Valid Loss: 1.8325, Train Acc: 0.9857, Val Acc: 0.3518, Test Acc: 0.5533, Test F1(macro): 0.3709, Total Pseudo-Labels: 0, Correct Pseudo-Labels: 0, Train Data Number: 70



line 303 => train data수 70
line 258 => 인스턴스 수 10
Step 100  Tim 0:10:27
acc_train_cw(현재 train의 class별 acc) [1.0, 1.0, 1.0, 1.0, 1.0, 1.0, 1.0]
cw_psl_total_eval(pseudo label 클래스별 총 샘플 수):  [0, 0, 0, 0, 0, 0, 0]
cw_psl_correct_eval(pseudo label 클래스별 맞은 샘플 수):  [0, 0, 0, 0, 0, 0, 0]
psl_acc(PSL 평가에서의 정확도): None 
cw_psl_acc(클래스별 PSL 평가에서의 정확도):  [nan, nan, nan, nan, nan, nan, nan]
**pseudo_label ->  [0.1126, 0.1336, 0.1261, 0.1124, 0.1227, 0.2623, 0.1303] **
max =  0.2623 | max_idx =  5
**pseudo_label ->  [0.2855, 0.1144, 0.1162, 0.1142, 0.1319, 0.1055, 0.1322] **
max =  0.2855 | max_idx =  0
**pseudo_label ->  [0.1102, 0.1235, 0.1227, 0.1212, 0.1271, 0.2653, 0.13] **
max =  0.2653 | max_idx =  5
**pseudo_label ->  [0.2778, 0.107, 0.1273, 0.1088, 0.138, 0.1036, 0.1375] **
max =  0.2778 | max_idx =  0
**pseudo_label ->  [0.1285, 0.1513, 0.1224, 0.1103, 0.2671, 0.1088, 0.1117] **
max =  0.2671 | max_idx =  4
Epoch 11/37, Train Loss: 1.3014, Valid Loss: 1.7914, Train Acc: 1.0000, Val Acc: 0.3322, Test Acc: 0.4201, Test F1(macro): 0.3158, Total Pseudo-Labels: 0, Correct Pseudo-Labels: 0, Train Data Number: 70



line 303 => train data수 70
line 258 => 인스턴스 수 10
Step 110  Tim 0:11:25
acc_train_cw(현재 train의 class별 acc) [1.0, 1.0, 1.0, 1.0, 1.0, 1.0, 1.0]
cw_psl_total_eval(pseudo label 클래스별 총 샘플 수):  [0, 0, 0, 0, 0, 0, 0]
cw_psl_correct_eval(pseudo label 클래스별 맞은 샘플 수):  [0, 0, 0, 0, 0, 0, 0]
psl_acc(PSL 평가에서의 정확도): None 
cw_psl_acc(클래스별 PSL 평가에서의 정확도):  [nan, nan, nan, nan, nan, nan, nan]
***best_acc_model_save --- epoch = 12***
Save model to ./experiment/python_extended_data/output/
**pseudo_label ->  [0.1132, 0.137, 0.1243, 0.1143, 0.1109, 0.2691, 0.1311] **
max =  0.2691 | max_idx =  5
**pseudo_label ->  [0.2859, 0.1151, 0.1147, 0.11, 0.1452, 0.1045, 0.1246] **
max =  0.2859 | max_idx =  0
**pseudo_label ->  [0.1108, 0.1181, 0.1219, 0.1282, 0.1184, 0.2723, 0.1302] **
max =  0.2723 | max_idx =  5
**pseudo_label ->  [0.1265, 0.1099, 0.2691, 0.1217, 0.1395, 0.1037, 0.1296] **
max =  0.2691 | max_idx =  2
**pseudo_label ->  [0.1286, 0.2722, 0.109, 0.1144, 0.1261, 0.1155, 0.1342] **
max =  0.2722 | max_idx =  1
Epoch 12/37, Train Loss: 1.2829, Valid Loss: 1.8778, Train Acc: 1.0000, Val Acc: 0.4039, Test Acc: 0.6004, Test F1(macro): 0.4113, Total Pseudo-Labels: 0, Correct Pseudo-Labels: 0, Train Data Number: 70



line 303 => train data수 70
line 258 => 인스턴스 수 10
Step 120  Tim 0:12:32
acc_train_cw(현재 train의 class별 acc) [1.0, 1.0, 1.0, 1.0, 1.0, 1.0, 1.0]
cw_psl_total_eval(pseudo label 클래스별 총 샘플 수):  [0, 0, 0, 0, 0, 0, 0]
cw_psl_correct_eval(pseudo label 클래스별 맞은 샘플 수):  [0, 0, 0, 0, 0, 0, 0]
psl_acc(PSL 평가에서의 정확도): None 
cw_psl_acc(클래스별 PSL 평가에서의 정확도):  [nan, nan, nan, nan, nan, nan, nan]
**pseudo_label ->  [0.1096, 0.1913, 0.1143, 0.1102, 0.1011, 0.2382, 0.1353] **
max =  0.2382 | max_idx =  5
**pseudo_label ->  [0.2954, 0.1167, 0.1065, 0.12, 0.1197, 0.1066, 0.1351] **
max =  0.2954 | max_idx =  0
**pseudo_label ->  [0.11, 0.1273, 0.1186, 0.124, 0.1126, 0.2795, 0.1281] **
max =  0.2795 | max_idx =  5
**pseudo_label ->  [0.1412, 0.0957, 0.2441, 0.1414, 0.1376, 0.0978, 0.142] **
max =  0.2441 | max_idx =  2
**pseudo_label ->  [0.1209, 0.2794, 0.105, 0.1152, 0.1404, 0.1169, 0.1222] **
max =  0.2794 | max_idx =  1
Epoch 13/37, Train Loss: 1.2465, Valid Loss: 1.8536, Train Acc: 1.0000, Val Acc: 0.2866, Test Acc: 0.5717, Test F1(macro): 0.3915, Total Pseudo-Labels: 0, Correct Pseudo-Labels: 0, Train Data Number: 70



line 303 => train data수 70
line 258 => 인스턴스 수 10
Step 130  Tim 0:13:32
acc_train_cw(현재 train의 class별 acc) [1.0, 1.0, 1.0, 1.0, 1.0, 1.0, 1.0]
cw_psl_total_eval(pseudo label 클래스별 총 샘플 수):  [0, 0, 0, 0, 0, 0, 0]
cw_psl_correct_eval(pseudo label 클래스별 맞은 샘플 수):  [0, 0, 0, 0, 0, 0, 0]
psl_acc(PSL 평가에서의 정확도): None 
cw_psl_acc(클래스별 PSL 평가에서의 정확도):  [nan, nan, nan, nan, nan, nan, nan]
**pseudo_label ->  [0.1101, 0.1394, 0.128, 0.1125, 0.1071, 0.2799, 0.1231] **
max =  0.2799 | max_idx =  5
**pseudo_label ->  [0.3055, 0.1165, 0.1239, 0.1108, 0.1198, 0.102, 0.1215] **
max =  0.3055 | max_idx =  0
**pseudo_label ->  [0.1062, 0.1216, 0.1251, 0.1224, 0.1164, 0.2865, 0.1219] **
max =  0.2865 | max_idx =  5
**pseudo_label ->  [0.1579, 0.0903, 0.2276, 0.1393, 0.1382, 0.0996, 0.147] **
max =  0.2276 | max_idx =  2
**pseudo_label ->  [0.1245, 0.2799, 0.1035, 0.1069, 0.1551, 0.1101, 0.12] **
max =  0.2799 | max_idx =  1
Epoch 14/37, Train Loss: 1.2223, Valid Loss: 1.8255, Train Acc: 1.0000, Val Acc: 0.3062, Test Acc: 0.5533, Test F1(macro): 0.3822, Total Pseudo-Labels: 0, Correct Pseudo-Labels: 0, Train Data Number: 70



line 303 => train data수 70
line 258 => 인스턴스 수 10
Step 140  Tim 0:14:31
acc_train_cw(현재 train의 class별 acc) [1.0, 1.0, 1.0, 1.0, 1.0, 1.0, 1.0]
cw_psl_total_eval(pseudo label 클래스별 총 샘플 수):  [0, 0, 0, 0, 0, 0, 0]
cw_psl_correct_eval(pseudo label 클래스별 맞은 샘플 수):  [0, 0, 0, 0, 0, 0, 0]
psl_acc(PSL 평가에서의 정확도): None 
cw_psl_acc(클래스별 PSL 평가에서의 정확도):  [nan, nan, nan, nan, nan, nan, nan]
**pseudo_label ->  [0.1063, 0.1466, 0.1173, 0.1094, 0.1099, 0.2854, 0.1252] **
max =  0.2854 | max_idx =  5
**pseudo_label ->  [0.3002, 0.1262, 0.109, 0.106, 0.1079, 0.101, 0.1497] **
max =  0.3002 | max_idx =  0
**pseudo_label ->  [0.1059, 0.1213, 0.1226, 0.118, 0.1171, 0.2928, 0.1223] **
max =  0.2928 | max_idx =  5
**pseudo_label ->  [0.1596, 0.0853, 0.203, 0.1236, 0.1408, 0.1058, 0.182] **
max =  0.203 | max_idx =  2
**pseudo_label ->  [0.1252, 0.1618, 0.1225, 0.0985, 0.2813, 0.1028, 0.108] **
max =  0.2813 | max_idx =  4
Epoch 15/37, Train Loss: 1.1985, Valid Loss: 1.8202, Train Acc: 1.0000, Val Acc: 0.3453, Test Acc: 0.5574, Test F1(macro): 0.3989, Total Pseudo-Labels: 0, Correct Pseudo-Labels: 0, Train Data Number: 70



line 303 => train data수 70
line 258 => 인스턴스 수 10
Step 150  Tim 0:15:30
acc_train_cw(현재 train의 class별 acc) [1.0, 1.0, 1.0, 1.0, 1.0, 1.0, 1.0]
cw_psl_total_eval(pseudo label 클래스별 총 샘플 수):  [0, 0, 0, 0, 0, 0, 0]
cw_psl_correct_eval(pseudo label 클래스별 맞은 샘플 수):  [0, 0, 0, 0, 0, 0, 0]
psl_acc(PSL 평가에서의 정확도): None 
cw_psl_acc(클래스별 PSL 평가에서의 정확도):  [nan, nan, nan, nan, nan, nan, nan]
**pseudo_label ->  [0.1101, 0.1472, 0.1145, 0.1077, 0.1041, 0.2913, 0.1251] **
max =  0.2913 | max_idx =  5
**pseudo_label ->  [0.3146, 0.1236, 0.1147, 0.1071, 0.1105, 0.1018, 0.1277] **
max =  0.3146 | max_idx =  0
**pseudo_label ->  [0.1064, 0.1236, 0.1172, 0.1164, 0.1139, 0.3007, 0.122] **
max =  0.3007 | max_idx =  5
**pseudo_label ->  [0.1677, 0.0871, 0.1616, 0.1178, 0.2067, 0.1024, 0.1567] **
max =  0.2067 | max_idx =  4
**pseudo_label ->  [0.1193, 0.1886, 0.1163, 0.097, 0.2701, 0.0997, 0.109] **
max =  0.2701 | max_idx =  4
Epoch 16/37, Train Loss: 1.1757, Valid Loss: 1.8063, Train Acc: 1.0000, Val Acc: 0.3485, Test Acc: 0.5676, Test F1(macro): 0.3968, Total Pseudo-Labels: 0, Correct Pseudo-Labels: 0, Train Data Number: 70



line 303 => train data수 70
line 258 => 인스턴스 수 10
Step 160  Tim 0:16:28
acc_train_cw(현재 train의 class별 acc) [1.0, 1.0, 1.0, 1.0, 1.0, 1.0, 1.0]
cw_psl_total_eval(pseudo label 클래스별 총 샘플 수):  [0, 0, 0, 0, 0, 0, 0]
cw_psl_correct_eval(pseudo label 클래스별 맞은 샘플 수):  [0, 0, 0, 0, 0, 0, 0]
psl_acc(PSL 평가에서의 정확도): None 
cw_psl_acc(클래스별 PSL 평가에서의 정확도):  [nan, nan, nan, nan, nan, nan, nan]
**pseudo_label ->  [0.1053, 0.1343, 0.1193, 0.1106, 0.1053, 0.3033, 0.122] **
max =  0.3033 | max_idx =  5
**pseudo_label ->  [0.3239, 0.1118, 0.1155, 0.1022, 0.1086, 0.0997, 0.1382] **
max =  0.3239 | max_idx =  0
**pseudo_label ->  [0.1071, 0.116, 0.118, 0.1176, 0.1107, 0.3067, 0.1239] **
max =  0.3067 | max_idx =  5
**pseudo_label ->  [0.1884, 0.0799, 0.1769, 0.1069, 0.1659, 0.1029, 0.1792] **
max =  0.1884 | max_idx =  0
**pseudo_label ->  [0.1215, 0.1463, 0.1222, 0.1035, 0.3038, 0.1023, 0.1004] **
max =  0.3038 | max_idx =  4
Epoch 17/37, Train Loss: 1.1532, Valid Loss: 1.8031, Train Acc: 1.0000, Val Acc: 0.3648, Test Acc: 0.5533, Test F1(macro): 0.3952, Total Pseudo-Labels: 0, Correct Pseudo-Labels: 0, Train Data Number: 70



line 303 => train data수 70
line 258 => 인스턴스 수 10
Step 170  Tim 0:17:27
acc_train_cw(현재 train의 class별 acc) [1.0, 1.0, 1.0, 1.0, 1.0, 1.0, 1.0]
cw_psl_total_eval(pseudo label 클래스별 총 샘플 수):  [0, 0, 0, 0, 0, 0, 0]
cw_psl_correct_eval(pseudo label 클래스별 맞은 샘플 수):  [0, 0, 0, 0, 0, 0, 0]
psl_acc(PSL 평가에서의 정확도): None 
cw_psl_acc(클래스별 PSL 평가에서의 정확도):  [nan, nan, nan, nan, nan, nan, nan]
**pseudo_label ->  [0.1059, 0.1313, 0.1135, 0.1099, 0.1065, 0.3112, 0.1216] **
max =  0.3112 | max_idx =  5
**pseudo_label ->  [0.3314, 0.118, 0.1091, 0.1057, 0.1079, 0.0961, 0.1319] **
max =  0.3314 | max_idx =  0
**pseudo_label ->  [0.1046, 0.1174, 0.117, 0.1147, 0.1095, 0.3136, 0.1231] **
max =  0.3136 | max_idx =  5
**pseudo_label ->  [0.1565, 0.0844, 0.1444, 0.1099, 0.2444, 0.1138, 0.1467] **
max =  0.2444 | max_idx =  4
**pseudo_label ->  [0.1192, 0.1326, 0.1276, 0.0981, 0.3138, 0.1023, 0.1063] **
max =  0.3138 | max_idx =  4
Epoch 18/37, Train Loss: 1.1317, Valid Loss: 1.8012, Train Acc: 1.0000, Val Acc: 0.3648, Test Acc: 0.5635, Test F1(macro): 0.4027, Total Pseudo-Labels: 0, Correct Pseudo-Labels: 0, Train Data Number: 70



line 303 => train data수 70
line 258 => 인스턴스 수 10
Step 180  Tim 0:18:25
acc_train_cw(현재 train의 class별 acc) [1.0, 1.0, 1.0, 1.0, 1.0, 1.0, 1.0]
cw_psl_total_eval(pseudo label 클래스별 총 샘플 수):  [0, 0, 0, 0, 0, 0, 0]
cw_psl_correct_eval(pseudo label 클래스별 맞은 샘플 수):  [0, 0, 0, 0, 0, 0, 0]
psl_acc(PSL 평가에서의 정확도): None 
cw_psl_acc(클래스별 PSL 평가에서의 정확도):  [nan, nan, nan, nan, nan, nan, nan]
**pseudo_label ->  [0.1037, 0.164, 0.1106, 0.0997, 0.103, 0.3007, 0.1183] **
max =  0.3007 | max_idx =  5
**pseudo_label ->  [0.3264, 0.1196, 0.1132, 0.1007, 0.0977, 0.099, 0.1434] **
max =  0.3264 | max_idx =  0
**pseudo_label ->  [0.1039, 0.1155, 0.1141, 0.1162, 0.1087, 0.3202, 0.1214] **
max =  0.3202 | max_idx =  5
**pseudo_label ->  [0.1669, 0.0896, 0.1616, 0.094, 0.2439, 0.1076, 0.1364] **
max =  0.2439 | max_idx =  4
**pseudo_label ->  [0.1169, 0.151, 0.1211, 0.0961, 0.3135, 0.0957, 0.1057] **
max =  0.3135 | max_idx =  4
Epoch 19/37, Train Loss: 1.1106, Valid Loss: 1.8022, Train Acc: 1.0000, Val Acc: 0.3583, Test Acc: 0.5656, Test F1(macro): 0.4027, Total Pseudo-Labels: 0, Correct Pseudo-Labels: 0, Train Data Number: 70



line 303 => train data수 70
line 258 => 인스턴스 수 10
Step 190  Tim 0:19:24
acc_train_cw(현재 train의 class별 acc) [1.0, 1.0, 1.0, 1.0, 1.0, 1.0, 1.0]
cw_psl_total_eval(pseudo label 클래스별 총 샘플 수):  [0, 0, 0, 0, 0, 0, 0]
cw_psl_correct_eval(pseudo label 클래스별 맞은 샘플 수):  [0, 0, 0, 0, 0, 0, 0]
psl_acc(PSL 평가에서의 정확도): None 
cw_psl_acc(클래스별 PSL 평가에서의 정확도):  [nan, nan, nan, nan, nan, nan, nan]
**pseudo_label ->  [0.1009, 0.1455, 0.1116, 0.1047, 0.1043, 0.3196, 0.1134] **
max =  0.3196 | max_idx =  5
**pseudo_label ->  [0.3229, 0.1379, 0.1085, 0.0919, 0.1007, 0.0974, 0.1407] **
max =  0.3229 | max_idx =  0
**pseudo_label ->  [0.0999, 0.1168, 0.1153, 0.1148, 0.1091, 0.3277, 0.1164] **
max =  0.3277 | max_idx =  5
**pseudo_label ->  [0.1764, 0.09, 0.1685, 0.091, 0.2425, 0.0991, 0.1326] **
max =  0.2425 | max_idx =  4
**pseudo_label ->  [0.1164, 0.1485, 0.1155, 0.0973, 0.3225, 0.0993, 0.1005] **
max =  0.3225 | max_idx =  4
Epoch 20/37, Train Loss: 1.0894, Valid Loss: 1.8019, Train Acc: 1.0000, Val Acc: 0.3648, Test Acc: 0.5656, Test F1(macro): 0.3978, Total Pseudo-Labels: 0, Correct Pseudo-Labels: 0, Train Data Number: 70



line 303 => train data수 70
line 258 => 인스턴스 수 10
Step 200  Tim 0:20:22
acc_train_cw(현재 train의 class별 acc) [1.0, 1.0, 1.0, 1.0, 1.0, 1.0, 1.0]
cw_psl_total_eval(pseudo label 클래스별 총 샘플 수):  [0, 0, 0, 0, 0, 0, 0]
cw_psl_correct_eval(pseudo label 클래스별 맞은 샘플 수):  [0, 0, 0, 0, 0, 0, 0]
psl_acc(PSL 평가에서의 정확도): None 
cw_psl_acc(클래스별 PSL 평가에서의 정확도):  [nan, nan, nan, nan, nan, nan, nan]
**pseudo_label ->  [0.101, 0.1391, 0.109, 0.1041, 0.1015, 0.3289, 0.1165] **
max =  0.3289 | max_idx =  5
**pseudo_label ->  [0.3332, 0.1236, 0.1068, 0.0973, 0.0945, 0.0994, 0.1451] **
max =  0.3332 | max_idx =  0
**pseudo_label ->  [0.1031, 0.1142, 0.1107, 0.1126, 0.1056, 0.3347, 0.1191] **
max =  0.3347 | max_idx =  5
**pseudo_label ->  [0.2065, 0.0875, 0.1253, 0.0897, 0.2409, 0.0959, 0.1541] **
max =  0.2409 | max_idx =  4
**pseudo_label ->  [0.1106, 0.145, 0.1155, 0.0964, 0.3309, 0.0974, 0.1042] **
max =  0.3309 | max_idx =  4
Epoch 21/37, Train Loss: 1.0687, Valid Loss: 1.7958, Train Acc: 1.0000, Val Acc: 0.3616, Test Acc: 0.5738, Test F1(macro): 0.4038, Total Pseudo-Labels: 0, Correct Pseudo-Labels: 0, Train Data Number: 70



line 303 => train data수 70
line 258 => 인스턴스 수 10
Step 210  Tim 0:21:20
acc_train_cw(현재 train의 class별 acc) [1.0, 1.0, 1.0, 1.0, 1.0, 1.0, 1.0]
cw_psl_total_eval(pseudo label 클래스별 총 샘플 수):  [0, 0, 0, 0, 0, 0, 0]
cw_psl_correct_eval(pseudo label 클래스별 맞은 샘플 수):  [0, 0, 0, 0, 0, 0, 0]
psl_acc(PSL 평가에서의 정확도): None 
cw_psl_acc(클래스별 PSL 평가에서의 정확도):  [nan, nan, nan, nan, nan, nan, nan]
**pseudo_label ->  [0.0999, 0.1487, 0.11, 0.0985, 0.1005, 0.3292, 0.1132] **
max =  0.3292 | max_idx =  5
**pseudo_label ->  [0.3562, 0.1132, 0.11, 0.1011, 0.0995, 0.096, 0.1238] **
max =  0.3562 | max_idx =  0
**pseudo_label ->  [0.0993, 0.1144, 0.1094, 0.1127, 0.1042, 0.3412, 0.1187] **
max =  0.3412 | max_idx =  5
**pseudo_label ->  [0.1335, 0.0765, 0.1912, 0.1026, 0.2048, 0.104, 0.1874] **
max =  0.2048 | max_idx =  4
**pseudo_label ->  [0.1097, 0.1527, 0.116, 0.0951, 0.3328, 0.0928, 0.1008] **
max =  0.3328 | max_idx =  4
Epoch 22/37, Train Loss: 1.0487, Valid Loss: 1.7987, Train Acc: 1.0000, Val Acc: 0.3616, Test Acc: 0.5697, Test F1(macro): 0.4062, Total Pseudo-Labels: 0, Correct Pseudo-Labels: 0, Train Data Number: 70



line 303 => train data수 70
line 258 => 인스턴스 수 10
Step 220  Tim 0:22:18
acc_train_cw(현재 train의 class별 acc) [1.0, 1.0, 1.0, 1.0, 1.0, 1.0, 1.0]
cw_psl_total_eval(pseudo label 클래스별 총 샘플 수):  [0, 0, 0, 0, 0, 0, 0]
cw_psl_correct_eval(pseudo label 클래스별 맞은 샘플 수):  [0, 0, 0, 0, 0, 0, 0]
psl_acc(PSL 평가에서의 정확도): None 
cw_psl_acc(클래스별 PSL 평가에서의 정확도):  [nan, nan, nan, nan, nan, nan, nan]
**pseudo_label ->  [0.0934, 0.153, 0.1054, 0.1002, 0.1, 0.3347, 0.1132] **
max =  0.3347 | max_idx =  5
**pseudo_label ->  [0.3608, 0.1142, 0.1012, 0.0994, 0.0969, 0.0959, 0.1316] **
max =  0.3608 | max_idx =  0
**pseudo_label ->  [0.0991, 0.1141, 0.1112, 0.1086, 0.105, 0.3479, 0.114] **
max =  0.3479 | max_idx =  5
**pseudo_label ->  [0.1439, 0.0876, 0.2193, 0.0814, 0.2439, 0.1013, 0.1226] **
max =  0.2439 | max_idx =  4
**pseudo_label ->  [0.1094, 0.1482, 0.114, 0.0911, 0.3407, 0.0942, 0.1023] **
max =  0.3407 | max_idx =  4
Epoch 23/37, Train Loss: 1.0287, Valid Loss: 1.7965, Train Acc: 1.0000, Val Acc: 0.3648, Test Acc: 0.5717, Test F1(macro): 0.3991, Total Pseudo-Labels: 0, Correct Pseudo-Labels: 0, Train Data Number: 70



line 303 => train data수 70
line 258 => 인스턴스 수 10
Step 230  Tim 0:23:16
acc_train_cw(현재 train의 class별 acc) [1.0, 1.0, 1.0, 1.0, 1.0, 1.0, 1.0]
cw_psl_total_eval(pseudo label 클래스별 총 샘플 수):  [0, 0, 0, 0, 0, 0, 0]
cw_psl_correct_eval(pseudo label 클래스별 맞은 샘플 수):  [0, 0, 0, 0, 0, 0, 0]
psl_acc(PSL 평가에서의 정확도): None 
cw_psl_acc(클래스별 PSL 평가에서의 정확도):  [nan, nan, nan, nan, nan, nan, nan]
**pseudo_label ->  [0.0939, 0.1503, 0.1066, 0.0973, 0.0989, 0.3414, 0.1116] **
max =  0.3414 | max_idx =  5
**pseudo_label ->  [0.374, 0.1111, 0.1003, 0.0973, 0.1016, 0.0943, 0.1214] **
max =  0.374 | max_idx =  0
**pseudo_label ->  [0.0978, 0.1133, 0.1068, 0.1091, 0.1022, 0.3547, 0.1162] **
max =  0.3547 | max_idx =  5
**pseudo_label ->  [0.1663, 0.0869, 0.1713, 0.0798, 0.2802, 0.0997, 0.1158] **
max =  0.2802 | max_idx =  4
**pseudo_label ->  [0.105, 0.1347, 0.1192, 0.0962, 0.3527, 0.0927, 0.0995] **
max =  0.3527 | max_idx =  4
Epoch 24/37, Train Loss: 1.0092, Valid Loss: 1.7980, Train Acc: 1.0000, Val Acc: 0.3518, Test Acc: 0.5738, Test F1(macro): 0.4021, Total Pseudo-Labels: 0, Correct Pseudo-Labels: 0, Train Data Number: 70



line 303 => train data수 70
line 258 => 인스턴스 수 10
Step 240  Tim 0:24:14
acc_train_cw(현재 train의 class별 acc) [1.0, 1.0, 1.0, 1.0, 1.0, 1.0, 1.0]
cw_psl_total_eval(pseudo label 클래스별 총 샘플 수):  [0, 0, 0, 0, 0, 0, 0]
cw_psl_correct_eval(pseudo label 클래스별 맞은 샘플 수):  [0, 0, 0, 0, 0, 0, 0]
psl_acc(PSL 평가에서의 정확도): None 
cw_psl_acc(클래스별 PSL 평가에서의 정확도):  [nan, nan, nan, nan, nan, nan, nan]
**pseudo_label ->  [0.0948, 0.1516, 0.1063, 0.0967, 0.0939, 0.3455, 0.1112] **
max =  0.3455 | max_idx =  5
**pseudo_label ->  [0.3754, 0.1152, 0.0976, 0.0913, 0.0969, 0.0964, 0.1271] **
max =  0.3754 | max_idx =  0
**pseudo_label ->  [0.0986, 0.1117, 0.1074, 0.1083, 0.1018, 0.3612, 0.1109] **
max =  0.3612 | max_idx =  5
**pseudo_label ->  [0.1472, 0.0759, 0.2468, 0.0884, 0.2149, 0.0962, 0.1306] **
max =  0.2468 | max_idx =  2
**pseudo_label ->  [0.1109, 0.1415, 0.117, 0.0906, 0.3555, 0.0893, 0.0952] **
max =  0.3555 | max_idx =  4
Epoch 25/37, Train Loss: 0.9899, Valid Loss: 1.8017, Train Acc: 1.0000, Val Acc: 0.3518, Test Acc: 0.5738, Test F1(macro): 0.4026, Total Pseudo-Labels: 0, Correct Pseudo-Labels: 0, Train Data Number: 70



line 303 => train data수 70
line 258 => 인스턴스 수 10
Step 250  Tim 0:25:13
acc_train_cw(현재 train의 class별 acc) [1.0, 1.0, 1.0, 1.0, 1.0, 1.0, 1.0]
cw_psl_total_eval(pseudo label 클래스별 총 샘플 수):  [0, 0, 0, 0, 0, 0, 0]
cw_psl_correct_eval(pseudo label 클래스별 맞은 샘플 수):  [0, 0, 0, 0, 0, 0, 0]
psl_acc(PSL 평가에서의 정확도): None 
cw_psl_acc(클래스별 PSL 평가에서의 정확도):  [nan, nan, nan, nan, nan, nan, nan]
**pseudo_label ->  [0.0966, 0.1363, 0.1057, 0.096, 0.0947, 0.3615, 0.1093] **
max =  0.3615 | max_idx =  5
**pseudo_label ->  [0.3765, 0.1242, 0.093, 0.0932, 0.0929, 0.094, 0.1263] **
max =  0.3765 | max_idx =  0
**pseudo_label ->  [0.0973, 0.1081, 0.1081, 0.1069, 0.1003, 0.3689, 0.1105] **
max =  0.3689 | max_idx =  5
**pseudo_label ->  [0.1422, 0.0897, 0.1369, 0.0785, 0.3152, 0.1074, 0.1302] **
max =  0.3152 | max_idx =  4
**pseudo_label ->  [0.1034, 0.1339, 0.1143, 0.0879, 0.3673, 0.0926, 0.1006] **
max =  0.3673 | max_idx =  4
Epoch 26/37, Train Loss: 0.9711, Valid Loss: 1.7987, Train Acc: 1.0000, Val Acc: 0.3485, Test Acc: 0.5717, Test F1(macro): 0.4013, Total Pseudo-Labels: 0, Correct Pseudo-Labels: 0, Train Data Number: 70



line 303 => train data수 70
line 258 => 인스턴스 수 10
Step 260  Tim 0:26:11
acc_train_cw(현재 train의 class별 acc) [1.0, 1.0, 1.0, 1.0, 1.0, 1.0, 1.0]
cw_psl_total_eval(pseudo label 클래스별 총 샘플 수):  [0, 0, 0, 0, 0, 0, 0]
cw_psl_correct_eval(pseudo label 클래스별 맞은 샘플 수):  [0, 0, 0, 0, 0, 0, 0]
psl_acc(PSL 평가에서의 정확도): None 
cw_psl_acc(클래스별 PSL 평가에서의 정확도):  [nan, nan, nan, nan, nan, nan, nan]
**pseudo_label ->  [0.0938, 0.1341, 0.1049, 0.0956, 0.0968, 0.3691, 0.1055] **
max =  0.3691 | max_idx =  5
**pseudo_label ->  [0.3865, 0.112, 0.0999, 0.0922, 0.0906, 0.0895, 0.1292] **
max =  0.3865 | max_idx =  0
**pseudo_label ->  [0.0942, 0.1055, 0.1063, 0.1088, 0.0973, 0.3752, 0.1127] **
max =  0.3752 | max_idx =  5
**pseudo_label ->  [0.1823, 0.0744, 0.1726, 0.0834, 0.2694, 0.0893, 0.1285] **
max =  0.2694 | max_idx =  4
**pseudo_label ->  [0.1013, 0.1363, 0.1065, 0.0936, 0.3735, 0.0898, 0.0991] **
max =  0.3735 | max_idx =  4
Epoch 27/37, Train Loss: 0.9523, Valid Loss: 1.8001, Train Acc: 1.0000, Val Acc: 0.3518, Test Acc: 0.5738, Test F1(macro): 0.4026, Total Pseudo-Labels: 0, Correct Pseudo-Labels: 0, Train Data Number: 70



line 303 => train data수 70
line 258 => 인스턴스 수 10
Step 270  Tim 0:27:09
acc_train_cw(현재 train의 class별 acc) [1.0, 1.0, 1.0, 1.0, 1.0, 1.0, 1.0]
cw_psl_total_eval(pseudo label 클래스별 총 샘플 수):  [0, 0, 0, 0, 0, 0, 0]
cw_psl_correct_eval(pseudo label 클래스별 맞은 샘플 수):  [0, 0, 0, 0, 0, 0, 0]
psl_acc(PSL 평가에서의 정확도): None 
cw_psl_acc(클래스별 PSL 평가에서의 정확도):  [nan, nan, nan, nan, nan, nan, nan]
**pseudo_label ->  [0.0902, 0.1243, 0.1052, 0.0956, 0.0963, 0.3798, 0.1087] **
max =  0.3798 | max_idx =  5
**pseudo_label ->  [0.3967, 0.114, 0.0953, 0.091, 0.0954, 0.0914, 0.1163] **
max =  0.3967 | max_idx =  0
**pseudo_label ->  [0.0941, 0.1088, 0.1029, 0.1031, 0.1001, 0.3836, 0.1075] **
max =  0.3836 | max_idx =  5
**pseudo_label ->  [0.1725, 0.0782, 0.1599, 0.0831, 0.288, 0.0889, 0.1294] **
max =  0.288 | max_idx =  4
**pseudo_label ->  [0.1004, 0.1349, 0.1131, 0.0886, 0.3797, 0.0894, 0.0938] **
max =  0.3797 | max_idx =  4
Epoch 28/37, Train Loss: 0.9341, Valid Loss: 1.8099, Train Acc: 1.0000, Val Acc: 0.3485, Test Acc: 0.5738, Test F1(macro): 0.4049, Total Pseudo-Labels: 0, Correct Pseudo-Labels: 0, Train Data Number: 70



line 303 => train data수 70
line 258 => 인스턴스 수 10
Step 280  Tim 0:28:07
acc_train_cw(현재 train의 class별 acc) [1.0, 1.0, 1.0, 1.0, 1.0, 1.0, 1.0]
cw_psl_total_eval(pseudo label 클래스별 총 샘플 수):  [0, 0, 0, 0, 0, 0, 0]
cw_psl_correct_eval(pseudo label 클래스별 맞은 샘플 수):  [0, 0, 0, 0, 0, 0, 0]
psl_acc(PSL 평가에서의 정확도): None 
cw_psl_acc(클래스별 PSL 평가에서의 정확도):  [nan, nan, nan, nan, nan, nan, nan]
**pseudo_label ->  [0.0977, 0.1382, 0.1006, 0.0901, 0.0912, 0.3796, 0.1027] **
max =  0.3796 | max_idx =  5
**pseudo_label ->  [0.4077, 0.0994, 0.1001, 0.0942, 0.0893, 0.087, 0.1222] **
max =  0.4077 | max_idx =  0
**pseudo_label ->  [0.0935, 0.1067, 0.1034, 0.1023, 0.0975, 0.3908, 0.1058] **
max =  0.3908 | max_idx =  5
**pseudo_label ->  [0.1533, 0.0852, 0.1338, 0.0777, 0.3433, 0.0979, 0.1088] **
max =  0.3433 | max_idx =  4
**pseudo_label ->  [0.0998, 0.1336, 0.1043, 0.0876, 0.388, 0.0877, 0.0991] **
max =  0.388 | max_idx =  4
Epoch 29/37, Train Loss: 0.9161, Valid Loss: 1.8051, Train Acc: 1.0000, Val Acc: 0.3518, Test Acc: 0.5738, Test F1(macro): 0.4043, Total Pseudo-Labels: 0, Correct Pseudo-Labels: 0, Train Data Number: 70



line 303 => train data수 70
line 258 => 인스턴스 수 10
Step 290  Tim 0:29:05
acc_train_cw(현재 train의 class별 acc) [1.0, 1.0, 1.0, 1.0, 1.0, 1.0, 1.0]
cw_psl_total_eval(pseudo label 클래스별 총 샘플 수):  [0, 0, 0, 0, 0, 0, 0]
cw_psl_correct_eval(pseudo label 클래스별 맞은 샘플 수):  [0, 0, 0, 0, 0, 0, 0]
psl_acc(PSL 평가에서의 정확도): None 
cw_psl_acc(클래스별 PSL 평가에서의 정확도):  [nan, nan, nan, nan, nan, nan, nan]
**pseudo_label ->  [0.0919, 0.1528, 0.0964, 0.089, 0.0888, 0.377, 0.1042] **
max =  0.377 | max_idx =  5
**pseudo_label ->  [0.4073, 0.1144, 0.0941, 0.0845, 0.0893, 0.0893, 0.1212] **
max =  0.4073 | max_idx =  0
**pseudo_label ->  [0.0915, 0.1027, 0.1014, 0.1017, 0.0986, 0.3969, 0.1073] **
max =  0.3969 | max_idx =  5
**pseudo_label ->  [0.1623, 0.0832, 0.1349, 0.0727, 0.3365, 0.0899, 0.1204] **
max =  0.3365 | max_idx =  4
**pseudo_label ->  [0.0949, 0.1411, 0.1057, 0.0836, 0.3897, 0.0899, 0.0952] **
max =  0.3897 | max_idx =  4
Epoch 30/37, Train Loss: 0.8980, Valid Loss: 1.8062, Train Acc: 1.0000, Val Acc: 0.3420, Test Acc: 0.5697, Test F1(macro): 0.3973, Total Pseudo-Labels: 0, Correct Pseudo-Labels: 0, Train Data Number: 70



line 303 => train data수 70
line 258 => 인스턴스 수 10
Step 300  Tim 0:30:03
acc_train_cw(현재 train의 class별 acc) [1.0, 1.0, 1.0, 1.0, 1.0, 1.0, 1.0]
cw_psl_total_eval(pseudo label 클래스별 총 샘플 수):  [0, 0, 0, 0, 0, 0, 0]
cw_psl_correct_eval(pseudo label 클래스별 맞은 샘플 수):  [0, 0, 0, 0, 0, 0, 0]
psl_acc(PSL 평가에서의 정확도): None 
cw_psl_acc(클래스별 PSL 평가에서의 정확도):  [nan, nan, nan, nan, nan, nan, nan]
**pseudo_label ->  [0.0893, 0.1359, 0.0952, 0.0903, 0.0916, 0.3944, 0.1034] **
max =  0.3944 | max_idx =  5
**pseudo_label ->  [0.4135, 0.1134, 0.0952, 0.0845, 0.0845, 0.0882, 0.1207] **
max =  0.4135 | max_idx =  0
**pseudo_label ->  [0.0885, 0.1072, 0.0956, 0.1026, 0.0959, 0.4039, 0.1063] **
max =  0.4039 | max_idx =  5
**pseudo_label ->  [0.108, 0.0842, 0.1374, 0.0859, 0.3775, 0.0917, 0.1153] **
max =  0.3775 | max_idx =  4
**pseudo_label ->  [0.0984, 0.1562, 0.103, 0.085, 0.3841, 0.079, 0.0942] **
max =  0.3841 | max_idx =  4
Epoch 31/37, Train Loss: 0.8806, Valid Loss: 1.8088, Train Acc: 1.0000, Val Acc: 0.3518, Test Acc: 0.5738, Test F1(macro): 0.4060, Total Pseudo-Labels: 0, Correct Pseudo-Labels: 0, Train Data Number: 70



line 303 => train data수 70
line 258 => 인스턴스 수 10
Step 310  Tim 0:31:01
acc_train_cw(현재 train의 class별 acc) [1.0, 1.0, 1.0, 1.0, 1.0, 1.0, 1.0]
cw_psl_total_eval(pseudo label 클래스별 총 샘플 수):  [0, 0, 0, 0, 0, 0, 0]
cw_psl_correct_eval(pseudo label 클래스별 맞은 샘플 수):  [0, 0, 0, 0, 0, 0, 0]
psl_acc(PSL 평가에서의 정확도): None 
cw_psl_acc(클래스별 PSL 평가에서의 정확도):  [nan, nan, nan, nan, nan, nan, nan]
**pseudo_label ->  [0.0866, 0.1281, 0.0978, 0.0917, 0.0879, 0.4045, 0.1035] **
max =  0.4045 | max_idx =  5
**pseudo_label ->  [0.4306, 0.1008, 0.0964, 0.0882, 0.0902, 0.0824, 0.1114] **
max =  0.4306 | max_idx =  0
**pseudo_label ->  [0.087, 0.1015, 0.1026, 0.1001, 0.0962, 0.4111, 0.1015] **
max =  0.4111 | max_idx =  5
**pseudo_label ->  [0.1261, 0.0857, 0.1232, 0.0755, 0.3846, 0.0949, 0.1101] **
max =  0.3846 | max_idx =  4
**pseudo_label ->  [0.0967, 0.1397, 0.1067, 0.0807, 0.4029, 0.0827, 0.0904] **
max =  0.4029 | max_idx =  4
Epoch 32/37, Train Loss: 0.8635, Valid Loss: 1.8187, Train Acc: 1.0000, Val Acc: 0.3485, Test Acc: 0.5758, Test F1(macro): 0.4031, Total Pseudo-Labels: 0, Correct Pseudo-Labels: 0, Train Data Number: 70



line 303 => train data수 70
line 258 => 인스턴스 수 10
Step 320  Tim 0:32:00
acc_train_cw(현재 train의 class별 acc) [1.0, 1.0, 1.0, 1.0, 1.0, 1.0, 1.0]
cw_psl_total_eval(pseudo label 클래스별 총 샘플 수):  [0, 0, 0, 0, 0, 0, 0]
cw_psl_correct_eval(pseudo label 클래스별 맞은 샘플 수):  [0, 0, 0, 0, 0, 0, 0]
psl_acc(PSL 평가에서의 정확도): None 
cw_psl_acc(클래스별 PSL 평가에서의 정확도):  [nan, nan, nan, nan, nan, nan, nan]
**pseudo_label ->  [0.0887, 0.1267, 0.0976, 0.0865, 0.0892, 0.4113, 0.1] **
max =  0.4113 | max_idx =  5
**pseudo_label ->  [0.432, 0.1016, 0.0914, 0.0819, 0.0848, 0.0889, 0.1194] **
max =  0.432 | max_idx =  0
**pseudo_label ->  [0.0881, 0.1006, 0.0964, 0.0991, 0.0944, 0.4189, 0.1026] **
max =  0.4189 | max_idx =  5
**pseudo_label ->  [0.1271, 0.0891, 0.1343, 0.0741, 0.3892, 0.0816, 0.1046] **
max =  0.3892 | max_idx =  4
**pseudo_label ->  [0.0964, 0.1265, 0.1015, 0.0846, 0.4177, 0.0836, 0.0898] **
max =  0.4177 | max_idx =  4
Epoch 33/37, Train Loss: 0.8465, Valid Loss: 1.8072, Train Acc: 1.0000, Val Acc: 0.3322, Test Acc: 0.5779, Test F1(macro): 0.4052, Total Pseudo-Labels: 0, Correct Pseudo-Labels: 0, Train Data Number: 70



line 303 => train data수 70
line 258 => 인스턴스 수 10
Step 330  Tim 0:32:58
acc_train_cw(현재 train의 class별 acc) [1.0, 1.0, 1.0, 1.0, 1.0, 1.0, 1.0]
cw_psl_total_eval(pseudo label 클래스별 총 샘플 수):  [0, 0, 0, 0, 0, 0, 0]
cw_psl_correct_eval(pseudo label 클래스별 맞은 샘플 수):  [0, 0, 0, 0, 0, 0, 0]
psl_acc(PSL 평가에서의 정확도): None 
cw_psl_acc(클래스별 PSL 평가에서의 정확도):  [nan, nan, nan, nan, nan, nan, nan]
**pseudo_label ->  [0.0901, 0.1196, 0.0931, 0.0915, 0.086, 0.4216, 0.0982] **
max =  0.4216 | max_idx =  5
**pseudo_label ->  [0.4411, 0.1087, 0.0885, 0.08, 0.09, 0.0836, 0.108] **
max =  0.4411 | max_idx =  0
**pseudo_label ->  [0.086, 0.1006, 0.0939, 0.0993, 0.0906, 0.4255, 0.1039] **
max =  0.4255 | max_idx =  5
**pseudo_label ->  [0.1368, 0.0813, 0.1247, 0.0677, 0.3686, 0.0945, 0.1265] **
max =  0.3686 | max_idx =  4
**pseudo_label ->  [0.0923, 0.1308, 0.0957, 0.0806, 0.4224, 0.089, 0.0891] **
max =  0.4224 | max_idx =  4
Epoch 34/37, Train Loss: 0.8298, Valid Loss: 1.8228, Train Acc: 1.0000, Val Acc: 0.3550, Test Acc: 0.5738, Test F1(macro): 0.4047, Total Pseudo-Labels: 0, Correct Pseudo-Labels: 0, Train Data Number: 70



line 303 => train data수 70
line 258 => 인스턴스 수 10
Step 340  Tim 0:33:56
acc_train_cw(현재 train의 class별 acc) [1.0, 1.0, 1.0, 1.0, 1.0, 1.0, 1.0]
cw_psl_total_eval(pseudo label 클래스별 총 샘플 수):  [0, 0, 0, 0, 0, 0, 0]
cw_psl_correct_eval(pseudo label 클래스별 맞은 샘플 수):  [0, 0, 0, 0, 0, 0, 0]
psl_acc(PSL 평가에서의 정확도): None 
cw_psl_acc(클래스별 PSL 평가에서의 정확도):  [nan, nan, nan, nan, nan, nan, nan]
**pseudo_label ->  [0.0889, 0.1152, 0.0937, 0.087, 0.0865, 0.4296, 0.0991] **
max =  0.4296 | max_idx =  5
**pseudo_label ->  [0.4512, 0.0931, 0.0885, 0.084, 0.0852, 0.0813, 0.1166] **
max =  0.4512 | max_idx =  0
**pseudo_label ->  [0.0854, 0.0984, 0.0955, 0.0959, 0.0963, 0.4319, 0.0966] **
max =  0.4319 | max_idx =  5
**pseudo_label ->  [0.1448, 0.08, 0.1536, 0.0669, 0.3377, 0.094, 0.1231] **
max =  0.3377 | max_idx =  4
**pseudo_label ->  [0.0945, 0.1313, 0.0967, 0.0811, 0.4271, 0.0804, 0.0888] **
max =  0.4271 | max_idx =  4
Epoch 35/37, Train Loss: 0.8134, Valid Loss: 1.8183, Train Acc: 1.0000, Val Acc: 0.3388, Test Acc: 0.5738, Test F1(macro): 0.4041, Total Pseudo-Labels: 0, Correct Pseudo-Labels: 0, Train Data Number: 70



line 303 => train data수 70
line 258 => 인스턴스 수 10
Step 350  Tim 0:34:54
acc_train_cw(현재 train의 class별 acc) [1.0, 1.0, 1.0, 1.0, 1.0, 1.0, 1.0]
cw_psl_total_eval(pseudo label 클래스별 총 샘플 수):  [0, 0, 0, 0, 0, 0, 0]
cw_psl_correct_eval(pseudo label 클래스별 맞은 샘플 수):  [0, 0, 0, 0, 0, 0, 0]
psl_acc(PSL 평가에서의 정확도): None 
cw_psl_acc(클래스별 PSL 평가에서의 정확도):  [nan, nan, nan, nan, nan, nan, nan]
**pseudo_label ->  [0.0837, 0.1201, 0.0927, 0.0844, 0.087, 0.4343, 0.0979] **
max =  0.4343 | max_idx =  5
**pseudo_label ->  [0.4557, 0.0996, 0.0835, 0.0804, 0.0843, 0.0792, 0.1172] **
max =  0.4557 | max_idx =  0
**pseudo_label ->  [0.086, 0.0991, 0.0933, 0.0944, 0.0921, 0.4395, 0.0956] **
max =  0.4395 | max_idx =  5
**pseudo_label ->  [0.1061, 0.0737, 0.1103, 0.0658, 0.305, 0.167, 0.1721] **
max =  0.305 | max_idx =  4
**pseudo_label ->  [0.0908, 0.1324, 0.103, 0.0808, 0.4316, 0.0788, 0.0825] **
max =  0.4316 | max_idx =  4
Epoch 36/37, Train Loss: 0.7976, Valid Loss: 1.8220, Train Acc: 1.0000, Val Acc: 0.3388, Test Acc: 0.5717, Test F1(macro): 0.4039, Total Pseudo-Labels: 0, Correct Pseudo-Labels: 0, Train Data Number: 70



line 303 => train data수 70
line 258 => 인스턴스 수 10
Step 360  Tim 0:35:52
acc_train_cw(현재 train의 class별 acc) [1.0, 1.0, 1.0, 1.0, 1.0, 1.0, 1.0]
cw_psl_total_eval(pseudo label 클래스별 총 샘플 수):  [0, 0, 0, 0, 0, 0, 0]
cw_psl_correct_eval(pseudo label 클래스별 맞은 샘플 수):  [0, 0, 0, 0, 0, 0, 0]
psl_acc(PSL 평가에서의 정확도): None 
cw_psl_acc(클래스별 PSL 평가에서의 정확도):  [nan, nan, nan, nan, nan, nan, nan]
**pseudo_label ->  [0.0811, 0.1263, 0.0901, 0.0841, 0.0842, 0.439, 0.0951] **
max =  0.439 | max_idx =  5
**pseudo_label ->  [0.4311, 0.1264, 0.0858, 0.069, 0.0785, 0.0826, 0.1266] **
max =  0.4311 | max_idx =  0
**pseudo_label ->  [0.0817, 0.0968, 0.0944, 0.0944, 0.0923, 0.4474, 0.093] **
max =  0.4474 | max_idx =  5
**pseudo_label ->  [0.1555, 0.0691, 0.1724, 0.0656, 0.3323, 0.0831, 0.122] **
max =  0.3323 | max_idx =  4
**pseudo_label ->  [0.0925, 0.1225, 0.0957, 0.0794, 0.4455, 0.0774, 0.0871] **
max =  0.4455 | max_idx =  4
Epoch 37/37, Train Loss: 0.7817, Valid Loss: 1.8234, Train Acc: 1.0000, Val Acc: 0.3388, Test Acc: 0.5676, Test F1(macro): 0.3982, Total Pseudo-Labels: 0, Correct Pseudo-Labels: 0, Train Data Number: 70

Training complete!
Total training took 0:36:41 (h:mm:ss)
Load model from ./experiment/python_extended_data/output/10_codet5p-110m-embedding_0.00025_0.7_python_extended_data_37_[42]_net0.pth
Save training statistics in:  ./experiment/python_extended_data/log/codet5p/class7//10_codet5p-110m-embedding_0.00025_0.7_python_extended_data_37_[42]/training_statistics.csv

best_trian_loss, epoch => 0.7817234516143798 37
Epoch-1_train_loss => 1.9770690202713013
max_epoch_train_loss => 0.7817234516143798 


best_val_loss, epoch =>  1.791404862745577 11
Epoch-1_val_loss => 1.895980424523742
max_epoch_val_loss => 1.8233696783404396 

pse_epoch =>  []
추가되는 pse_epoch =>  [] 

total_data:  70 

Best_step:  110 
Best_val_epoch:  12 
best_val_acc:  0.40390879478827363 
best_val_test_acc:  0.6004098360655737 
best_val_test_f1:  0.4112763561152205
Save best record in:  ./experiment/python_extended_data/log/codet5p/class7/summary.csv
Save best record in:  ./experiment/python_extended_data/log/summary_avgrun.csv
