current work directory:  /home/imsuhan22/few-shot-tc/custom_ssl/code
Data set -> python_extended_data
save_name: 10_codet5p-110m-embedding_0.00035_0.7_python_extended_data

data_path:  ../data/problem_based_split/python_extended_data

There are 2 GPU(s) available.
We will use the GPU- 0 Quadro RTX 8000

**line 147 모델 =>  Salesforce/codet5p-110m-embedding
**tokenizer type =  Salesforce/codet5p-110m-embedding 

pesudo label class개수 기준 -> 7
n_labeled_per_class:  10
train_df samples: 3974
train_labeled_df samples: 70
train_unlabeled_df samples: 3904
n_classes:  7 


net_arch:  Salesforce/codet5p-110m-embedding 
lr:  0.00035 
lr_linear:  0.001 




line 303 => train data수 70
line 258 => 인스턴스 수 10
Step 0  Tim 0:00:09
acc_train_cw(현재 train의 class별 acc) [0.0, 0.0, 0.0, 0.8, 0.0, 0.0, 0.0]
cw_psl_total_eval(pseudo label 클래스별 총 샘플 수):  [0, 0, 0, 0, 0, 0, 0]
cw_psl_correct_eval(pseudo label 클래스별 맞은 샘플 수):  [0, 0, 0, 0, 0, 0, 0]
psl_acc(PSL 평가에서의 정확도): None 
cw_psl_acc(클래스별 PSL 평가에서의 정확도):  [nan, nan, nan, nan, nan, nan, nan]
***best_acc_model_save --- epoch = 1***
Save model to ./experiment/python_extended_data/output/
**pseudo_label ->  [0.1485, 0.1408, 0.1327, 0.1466, 0.1419, 0.145, 0.1446] **
max =  0.1485 | max_idx =  0
**pseudo_label ->  [0.145, 0.1434, 0.1379, 0.153, 0.1468, 0.1334, 0.1404] **
max =  0.153 | max_idx =  3
**pseudo_label ->  [0.1492, 0.1354, 0.1322, 0.1554, 0.1472, 0.1376, 0.143] **
max =  0.1554 | max_idx =  3
**pseudo_label ->  [0.1437, 0.1443, 0.1339, 0.1532, 0.1492, 0.1317, 0.144] **
max =  0.1532 | max_idx =  3
**pseudo_label ->  [0.1479, 0.1396, 0.1311, 0.154, 0.1447, 0.1407, 0.142] **
max =  0.154 | max_idx =  3
Epoch 1/50, Train Loss: 1.9775, Valid Loss: 1.9627, Train Acc: 0.1143, Val Acc: 0.3485, Test Acc: 0.1660, Test F1: 0.0646, Total Pseudo-Labels: 0, Correct Pseudo-Labels: 0, Train Data Number: 70



line 303 => train data수 70
line 258 => 인스턴스 수 10
Step 10  Tim 0:01:12
acc_train_cw(현재 train의 class별 acc) [1.0, 0.0, 0.0, 0.0, 0.0, 0.0, 0.0]
cw_psl_total_eval(pseudo label 클래스별 총 샘플 수):  [0, 0, 0, 0, 0, 0, 0]
cw_psl_correct_eval(pseudo label 클래스별 맞은 샘플 수):  [0, 0, 0, 0, 0, 0, 0]
psl_acc(PSL 평가에서의 정확도): None 
cw_psl_acc(클래스별 PSL 평가에서의 정확도):  [nan, nan, nan, nan, nan, nan, nan]
**pseudo_label ->  [0.1568, 0.1554, 0.1317, 0.1316, 0.1422, 0.1465, 0.1357] **
max =  0.1568 | max_idx =  0
**pseudo_label ->  [0.1488, 0.1478, 0.1285, 0.145, 0.1417, 0.1434, 0.1448] **
max =  0.1488 | max_idx =  0
**pseudo_label ->  [0.1488, 0.1479, 0.1292, 0.145, 0.1418, 0.1424, 0.1449] **
max =  0.1488 | max_idx =  0
**pseudo_label ->  [0.149, 0.1482, 0.1282, 0.1448, 0.1416, 0.1433, 0.1449] **
max =  0.149 | max_idx =  0
**pseudo_label ->  [0.1486, 0.1486, 0.1286, 0.1446, 0.1414, 0.1431, 0.145] **
max =  0.1486 | max_idx =  0
Epoch 2/50, Train Loss: 1.9512, Valid Loss: 1.9391, Train Acc: 0.1429, Val Acc: 0.0912, Test Acc: 0.0779, Test F1: 0.0206, Total Pseudo-Labels: 0, Correct Pseudo-Labels: 0, Train Data Number: 70



line 303 => train data수 70
line 258 => 인스턴스 수 10
Step 20  Tim 0:02:10
acc_train_cw(현재 train의 class별 acc) [0.0, 0.0, 0.0, 0.9, 0.6, 0.0, 0.0]
cw_psl_total_eval(pseudo label 클래스별 총 샘플 수):  [0, 0, 0, 0, 0, 0, 0]
cw_psl_correct_eval(pseudo label 클래스별 맞은 샘플 수):  [0, 0, 0, 0, 0, 0, 0]
psl_acc(PSL 평가에서의 정확도): None 
cw_psl_acc(클래스별 PSL 평가에서의 정확도):  [nan, nan, nan, nan, nan, nan, nan]
**pseudo_label ->  [0.1415, 0.1391, 0.1446, 0.1462, 0.1488, 0.1402, 0.1397] **
max =  0.1488 | max_idx =  4
**pseudo_label ->  [0.1427, 0.1419, 0.1387, 0.146, 0.146, 0.1405, 0.1442] **
max =  0.146 | max_idx =  4
**pseudo_label ->  [0.1413, 0.1433, 0.1485, 0.1411, 0.1528, 0.1379, 0.1351] **
max =  0.1528 | max_idx =  4
**pseudo_label ->  [0.1426, 0.1417, 0.139, 0.1462, 0.1459, 0.1404, 0.1441] **
max =  0.1462 | max_idx =  3
**pseudo_label ->  [0.1434, 0.1421, 0.1384, 0.1463, 0.146, 0.1402, 0.1437] **
max =  0.1463 | max_idx =  3
Epoch 3/50, Train Loss: 1.9542, Valid Loss: 1.9485, Train Acc: 0.2143, Val Acc: 0.2997, Test Acc: 0.1025, Test F1: 0.0424, Total Pseudo-Labels: 0, Correct Pseudo-Labels: 0, Train Data Number: 70



line 303 => train data수 70
line 258 => 인스턴스 수 10
Step 30  Tim 0:03:09
acc_train_cw(현재 train의 class별 acc) [0.0, 0.0, 0.0, 0.0, 0.0, 0.0, 1.0]
cw_psl_total_eval(pseudo label 클래스별 총 샘플 수):  [0, 0, 0, 0, 0, 0, 0]
cw_psl_correct_eval(pseudo label 클래스별 맞은 샘플 수):  [0, 0, 0, 0, 0, 0, 0]
psl_acc(PSL 평가에서의 정확도): None 
cw_psl_acc(클래스별 PSL 평가에서의 정확도):  [nan, nan, nan, nan, nan, nan, nan]
**pseudo_label ->  [0.1198, 0.1536, 0.1364, 0.1448, 0.1505, 0.1329, 0.162] **
max =  0.162 | max_idx =  6
**pseudo_label ->  [0.1203, 0.1543, 0.1363, 0.1426, 0.1504, 0.1327, 0.1635] **
max =  0.1635 | max_idx =  6
**pseudo_label ->  [0.1207, 0.1537, 0.1366, 0.144, 0.1501, 0.1336, 0.1611] **
max =  0.1611 | max_idx =  6
**pseudo_label ->  [0.1211, 0.1545, 0.1368, 0.1422, 0.1507, 0.1324, 0.1623] **
max =  0.1623 | max_idx =  6
**pseudo_label ->  [0.1203, 0.1538, 0.1381, 0.1434, 0.1493, 0.1331, 0.162] **
max =  0.162 | max_idx =  6
Epoch 4/50, Train Loss: 1.9594, Valid Loss: 1.9466, Train Acc: 0.1429, Val Acc: 0.1173, Test Acc: 0.0184, Test F1: 0.0052, Total Pseudo-Labels: 0, Correct Pseudo-Labels: 0, Train Data Number: 70



line 303 => train data수 70
line 258 => 인스턴스 수 10
Step 40  Tim 0:04:07
acc_train_cw(현재 train의 class별 acc) [0.0, 0.0, 1.0, 0.0, 0.0, 0.0, 0.1]
cw_psl_total_eval(pseudo label 클래스별 총 샘플 수):  [0, 0, 0, 0, 0, 0, 0]
cw_psl_correct_eval(pseudo label 클래스별 맞은 샘플 수):  [0, 0, 0, 0, 0, 0, 0]
psl_acc(PSL 평가에서의 정확도): None 
cw_psl_acc(클래스별 PSL 평가에서의 정확도):  [nan, nan, nan, nan, nan, nan, nan]
**pseudo_label ->  [0.1183, 0.1416, 0.1612, 0.1349, 0.1355, 0.1501, 0.1583] **
max =  0.1612 | max_idx =  2
**pseudo_label ->  [0.1189, 0.14, 0.1626, 0.132, 0.1345, 0.1513, 0.1607] **
max =  0.1626 | max_idx =  2
**pseudo_label ->  [0.1178, 0.1413, 0.1611, 0.1376, 0.1361, 0.1494, 0.1567] **
max =  0.1611 | max_idx =  2
**pseudo_label ->  [0.1191, 0.1413, 0.1629, 0.1312, 0.1332, 0.1513, 0.161] **
max =  0.1629 | max_idx =  2
**pseudo_label ->  [0.1182, 0.141, 0.1607, 0.1371, 0.136, 0.1494, 0.1577] **
max =  0.1607 | max_idx =  2
Epoch 5/50, Train Loss: 1.9607, Valid Loss: 1.9697, Train Acc: 0.1571, Val Acc: 0.2378, Test Acc: 0.1230, Test F1: 0.0319, Total Pseudo-Labels: 0, Correct Pseudo-Labels: 0, Train Data Number: 70



line 303 => train data수 70
line 258 => 인스턴스 수 10
Step 50  Tim 0:05:05
acc_train_cw(현재 train의 class별 acc) [0.0, 0.8, 0.0, 0.0, 0.0, 0.6, 0.0]
cw_psl_total_eval(pseudo label 클래스별 총 샘플 수):  [0, 0, 0, 0, 0, 0, 0]
cw_psl_correct_eval(pseudo label 클래스별 맞은 샘플 수):  [0, 0, 0, 0, 0, 0, 0]
psl_acc(PSL 평가에서의 정확도): None 
cw_psl_acc(클래스별 PSL 평가에서의 정확도):  [nan, nan, nan, nan, nan, nan, nan]
**pseudo_label ->  [0.138, 0.1531, 0.1387, 0.1366, 0.1426, 0.1507, 0.1403] **
max =  0.1531 | max_idx =  1
**pseudo_label ->  [0.134, 0.1524, 0.14, 0.1327, 0.1427, 0.155, 0.1431] **
max =  0.155 | max_idx =  5
**pseudo_label ->  [0.1367, 0.1527, 0.1404, 0.1361, 0.1411, 0.154, 0.1389] **
max =  0.154 | max_idx =  5
**pseudo_label ->  [0.1344, 0.1512, 0.1413, 0.1318, 0.1428, 0.1549, 0.1434] **
max =  0.1549 | max_idx =  5
**pseudo_label ->  [0.136, 0.1529, 0.1408, 0.1364, 0.1422, 0.152, 0.1398] **
max =  0.1529 | max_idx =  1
Epoch 6/50, Train Loss: 1.9434, Valid Loss: 1.9241, Train Acc: 0.2000, Val Acc: 0.0195, Test Acc: 0.4262, Test F1: 0.1578, Total Pseudo-Labels: 0, Correct Pseudo-Labels: 0, Train Data Number: 70



line 303 => train data수 70
line 258 => 인스턴스 수 10
Step 60  Tim 0:06:04
acc_train_cw(현재 train의 class별 acc) [0.0, 0.2, 0.0, 1.0, 0.0, 0.0, 0.0]
cw_psl_total_eval(pseudo label 클래스별 총 샘플 수):  [0, 0, 0, 0, 0, 0, 0]
cw_psl_correct_eval(pseudo label 클래스별 맞은 샘플 수):  [0, 0, 0, 0, 0, 0, 0]
psl_acc(PSL 평가에서의 정확도): None 
cw_psl_acc(클래스별 PSL 평가에서의 정확도):  [nan, nan, nan, nan, nan, nan, nan]
**pseudo_label ->  [0.1364, 0.1522, 0.1394, 0.1556, 0.1449, 0.1418, 0.1298] **
max =  0.1556 | max_idx =  3
**pseudo_label ->  [0.1347, 0.1512, 0.1406, 0.1482, 0.1467, 0.1436, 0.135] **
max =  0.1512 | max_idx =  1
**pseudo_label ->  [0.1391, 0.152, 0.1388, 0.1571, 0.144, 0.14, 0.129] **
max =  0.1571 | max_idx =  3
**pseudo_label ->  [0.1336, 0.1497, 0.1405, 0.1503, 0.1462, 0.145, 0.1347] **
max =  0.1503 | max_idx =  3
**pseudo_label ->  [0.137, 0.1527, 0.138, 0.1563, 0.1452, 0.1405, 0.1303] **
max =  0.1563 | max_idx =  3
Epoch 7/50, Train Loss: 1.9261, Valid Loss: 1.8939, Train Acc: 0.1714, Val Acc: 0.3160, Test Acc: 0.1373, Test F1: 0.0440, Total Pseudo-Labels: 0, Correct Pseudo-Labels: 0, Train Data Number: 70



line 303 => train data수 70
line 258 => 인스턴스 수 10
Step 70  Tim 0:07:02
acc_train_cw(현재 train의 class별 acc) [0.0, 0.0, 0.0, 1.0, 0.0, 0.5, 0.0]
cw_psl_total_eval(pseudo label 클래스별 총 샘플 수):  [0, 0, 0, 0, 0, 0, 0]
cw_psl_correct_eval(pseudo label 클래스별 맞은 샘플 수):  [0, 0, 0, 0, 0, 0, 0]
psl_acc(PSL 평가에서의 정확도): None 
cw_psl_acc(클래스별 PSL 평가에서의 정확도):  [nan, nan, nan, nan, nan, nan, nan]
**pseudo_label ->  [0.1537, 0.1561, 0.1421, 0.1698, 0.1351, 0.1275, 0.1157] **
max =  0.1698 | max_idx =  3
**pseudo_label ->  [0.127, 0.1462, 0.1455, 0.1287, 0.1471, 0.1559, 0.1497] **
max =  0.1559 | max_idx =  5
**pseudo_label ->  [0.1509, 0.1576, 0.1421, 0.1646, 0.1342, 0.132, 0.1187] **
max =  0.1646 | max_idx =  3
**pseudo_label ->  [0.1268, 0.1452, 0.1453, 0.1284, 0.1486, 0.1572, 0.1484] **
max =  0.1572 | max_idx =  5
**pseudo_label ->  [0.1515, 0.1563, 0.1427, 0.167, 0.1347, 0.1309, 0.1168] **
max =  0.167 | max_idx =  3
Epoch 8/50, Train Loss: 1.9076, Valid Loss: 1.8457, Train Acc: 0.2143, Val Acc: 0.3290, Test Acc: 0.2766, Test F1: 0.1201, Total Pseudo-Labels: 0, Correct Pseudo-Labels: 0, Train Data Number: 70



line 303 => train data수 70
line 258 => 인스턴스 수 10
Step 80  Tim 0:07:59
acc_train_cw(현재 train의 class별 acc) [0.0, 0.0, 0.0, 1.0, 0.0, 0.0, 0.7]
cw_psl_total_eval(pseudo label 클래스별 총 샘플 수):  [0, 0, 0, 0, 0, 0, 0]
cw_psl_correct_eval(pseudo label 클래스별 맞은 샘플 수):  [0, 0, 0, 0, 0, 0, 0]
psl_acc(PSL 평가에서의 정확도): None 
cw_psl_acc(클래스별 PSL 평가에서의 정확도):  [nan, nan, nan, nan, nan, nan, nan]
***best_acc_model_save --- epoch = 9***
Save model to ./experiment/python_extended_data/output/
**pseudo_label ->  [0.1593, 0.1461, 0.1316, 0.2123, 0.1224, 0.1252, 0.103] **
max =  0.2123 | max_idx =  3
**pseudo_label ->  [0.1153, 0.1278, 0.1366, 0.1055, 0.1616, 0.163, 0.1901] **
max =  0.1901 | max_idx =  6
**pseudo_label ->  [0.1524, 0.1496, 0.1374, 0.1972, 0.1278, 0.1284, 0.1071] **
max =  0.1972 | max_idx =  3
**pseudo_label ->  [0.1154, 0.1288, 0.136, 0.1053, 0.1639, 0.1614, 0.1892] **
max =  0.1892 | max_idx =  6
**pseudo_label ->  [0.1578, 0.1471, 0.1317, 0.2102, 0.1244, 0.125, 0.1038] **
max =  0.2102 | max_idx =  3
Epoch 9/50, Train Loss: 1.8455, Valid Loss: 1.9162, Train Acc: 0.2429, Val Acc: 0.3941, Test Acc: 0.1373, Test F1: 0.0490, Total Pseudo-Labels: 0, Correct Pseudo-Labels: 0, Train Data Number: 70



line 303 => train data수 70
line 258 => 인스턴스 수 10
Step 90  Tim 0:09:08
acc_train_cw(현재 train의 class별 acc) [0.1, 0.0, 0.0, 0.8, 0.0, 0.0, 1.0]
cw_psl_total_eval(pseudo label 클래스별 총 샘플 수):  [0, 0, 0, 0, 0, 0, 0]
cw_psl_correct_eval(pseudo label 클래스별 맞은 샘플 수):  [0, 0, 0, 0, 0, 0, 0]
psl_acc(PSL 평가에서의 정확도): None 
cw_psl_acc(클래스별 PSL 평가에서의 정확도):  [nan, nan, nan, nan, nan, nan, nan]
**pseudo_label ->  [0.1552, 0.1346, 0.1287, 0.1846, 0.1418, 0.1246, 0.1305] **
max =  0.1846 | max_idx =  3
**pseudo_label ->  [0.1079, 0.1264, 0.1351, 0.1036, 0.1574, 0.1705, 0.1991] **
max =  0.1991 | max_idx =  6
**pseudo_label ->  [0.1087, 0.1281, 0.1344, 0.1025, 0.1575, 0.1695, 0.1993] **
max =  0.1993 | max_idx =  6
**pseudo_label ->  [0.11, 0.1277, 0.1332, 0.1029, 0.1565, 0.17, 0.1998] **
max =  0.1998 | max_idx =  6
**pseudo_label ->  [0.152, 0.1335, 0.1301, 0.1847, 0.1421, 0.1265, 0.1311] **
max =  0.1847 | max_idx =  3
Epoch 10/50, Train Loss: 1.9063, Valid Loss: 1.8685, Train Acc: 0.2714, Val Acc: 0.2866, Test Acc: 0.1004, Test F1: 0.0625, Total Pseudo-Labels: 0, Correct Pseudo-Labels: 0, Train Data Number: 70



line 303 => train data수 70
line 258 => 인스턴스 수 10
Step 100  Tim 0:10:07
acc_train_cw(현재 train의 class별 acc) [0.7, 0.0, 0.0, 0.6, 0.3, 0.9, 0.0]
cw_psl_total_eval(pseudo label 클래스별 총 샘플 수):  [0, 0, 0, 0, 0, 0, 0]
cw_psl_correct_eval(pseudo label 클래스별 맞은 샘플 수):  [0, 0, 0, 0, 0, 0, 0]
psl_acc(PSL 평가에서의 정확도): None 
cw_psl_acc(클래스별 PSL 평가에서의 정확도):  [nan, nan, nan, nan, nan, nan, nan]
**pseudo_label ->  [0.1393, 0.1251, 0.1363, 0.1609, 0.1562, 0.1358, 0.1465] **
max =  0.1609 | max_idx =  3
**pseudo_label ->  [0.0954, 0.1325, 0.1482, 0.1261, 0.1586, 0.1743, 0.1648] **
max =  0.1743 | max_idx =  5
**pseudo_label ->  [0.1017, 0.1327, 0.1469, 0.1531, 0.1618, 0.1625, 0.1412] **
max =  0.1625 | max_idx =  5
**pseudo_label ->  [0.095, 0.1324, 0.1474, 0.1245, 0.1555, 0.1773, 0.1679] **
max =  0.1773 | max_idx =  5
**pseudo_label ->  [0.1393, 0.1185, 0.1401, 0.1672, 0.1661, 0.1305, 0.1384] **
max =  0.1672 | max_idx =  3
Epoch 11/50, Train Loss: 1.8044, Valid Loss: 1.8968, Train Acc: 0.3571, Val Acc: 0.2964, Test Acc: 0.2602, Test F1: 0.1545, Total Pseudo-Labels: 0, Correct Pseudo-Labels: 0, Train Data Number: 70



line 303 => train data수 70
line 258 => 인스턴스 수 10
Step 110  Tim 0:11:06
acc_train_cw(현재 train의 class별 acc) [1.0, 0.2, 0.6, 0.2, 0.1, 0.3, 0.7]
cw_psl_total_eval(pseudo label 클래스별 총 샘플 수):  [0, 0, 0, 0, 0, 0, 0]
cw_psl_correct_eval(pseudo label 클래스별 맞은 샘플 수):  [0, 0, 0, 0, 0, 0, 0]
psl_acc(PSL 평가에서의 정확도): None 
cw_psl_acc(클래스별 PSL 평가에서의 정확도):  [nan, nan, nan, nan, nan, nan, nan]
**pseudo_label ->  [0.1299, 0.1451, 0.1697, 0.1251, 0.1471, 0.1389, 0.1442] **
max =  0.1697 | max_idx =  2
**pseudo_label ->  [0.1022, 0.1317, 0.1557, 0.103, 0.1473, 0.1757, 0.1842] **
max =  0.1842 | max_idx =  6
**pseudo_label ->  [0.106, 0.1341, 0.1699, 0.1195, 0.1558, 0.1619, 0.1529] **
max =  0.1699 | max_idx =  2
**pseudo_label ->  [0.101, 0.1279, 0.1554, 0.1049, 0.1509, 0.1767, 0.1832] **
max =  0.1832 | max_idx =  6
**pseudo_label ->  [0.1117, 0.1288, 0.1747, 0.1252, 0.1601, 0.1522, 0.1474] **
max =  0.1747 | max_idx =  2
Epoch 12/50, Train Loss: 1.7665, Valid Loss: 1.8153, Train Acc: 0.4429, Val Acc: 0.2573, Test Acc: 0.1270, Test F1: 0.0821, Total Pseudo-Labels: 0, Correct Pseudo-Labels: 0, Train Data Number: 70



line 303 => train data수 70
line 258 => 인스턴스 수 10
Step 120  Tim 0:12:04
acc_train_cw(현재 train의 class별 acc) [1.0, 0.0, 0.0, 0.8, 0.2, 0.4, 0.8]
cw_psl_total_eval(pseudo label 클래스별 총 샘플 수):  [0, 0, 0, 0, 0, 0, 0]
cw_psl_correct_eval(pseudo label 클래스별 맞은 샘플 수):  [0, 0, 0, 0, 0, 0, 0]
psl_acc(PSL 평가에서의 정확도): None 
cw_psl_acc(클래스별 PSL 평가에서의 정확도):  [nan, nan, nan, nan, nan, nan, nan]
**pseudo_label ->  [0.1789, 0.1346, 0.1264, 0.2193, 0.1386, 0.1046, 0.0975] **
max =  0.2193 | max_idx =  3
**pseudo_label ->  [0.0869, 0.1081, 0.1441, 0.1231, 0.1684, 0.1854, 0.184] **
max =  0.1854 | max_idx =  5
**pseudo_label ->  [0.0898, 0.0991, 0.1532, 0.1587, 0.1832, 0.1704, 0.1456] **
max =  0.1832 | max_idx =  4
**pseudo_label ->  [0.0875, 0.1063, 0.1441, 0.1255, 0.1702, 0.1845, 0.1819] **
max =  0.1845 | max_idx =  5
**pseudo_label ->  [0.1102, 0.1017, 0.1485, 0.1981, 0.1796, 0.1411, 0.1209] **
max =  0.1981 | max_idx =  3
Epoch 13/50, Train Loss: 1.7713, Valid Loss: 1.8993, Train Acc: 0.4571, Val Acc: 0.3779, Test Acc: 0.2561, Test F1: 0.1918, Total Pseudo-Labels: 0, Correct Pseudo-Labels: 0, Train Data Number: 70



line 303 => train data수 70
line 258 => 인스턴스 수 10
Step 130  Tim 0:13:02
acc_train_cw(현재 train의 class별 acc) [1.0, 0.0, 0.0, 0.0, 0.0, 0.4, 0.6]
cw_psl_total_eval(pseudo label 클래스별 총 샘플 수):  [0, 0, 0, 0, 0, 0, 0]
cw_psl_correct_eval(pseudo label 클래스별 맞은 샘플 수):  [0, 0, 0, 0, 0, 0, 0]
psl_acc(PSL 평가에서의 정확도): None 
cw_psl_acc(클래스별 PSL 평가에서의 정확도):  [nan, nan, nan, nan, nan, nan, nan]
**pseudo_label ->  [0.2183, 0.1825, 0.1136, 0.1843, 0.1104, 0.0926, 0.0983] **
max =  0.2183 | max_idx =  0
**pseudo_label ->  [0.0894, 0.1239, 0.1584, 0.1003, 0.1542, 0.184, 0.1897] **
max =  0.1897 | max_idx =  6
**pseudo_label ->  [0.2095, 0.1869, 0.1187, 0.1821, 0.1135, 0.0912, 0.0981] **
max =  0.2095 | max_idx =  0
**pseudo_label ->  [0.0857, 0.1095, 0.1549, 0.1072, 0.167, 0.188, 0.1876] **
max =  0.188 | max_idx =  5
**pseudo_label ->  [0.2172, 0.1783, 0.1139, 0.188, 0.1133, 0.0919, 0.0973] **
max =  0.2172 | max_idx =  0
Epoch 14/50, Train Loss: 1.7700, Valid Loss: 1.8232, Train Acc: 0.2857, Val Acc: 0.1564, Test Acc: 0.2070, Test F1: 0.1339, Total Pseudo-Labels: 0, Correct Pseudo-Labels: 0, Train Data Number: 70



line 303 => train data수 70
line 258 => 인스턴스 수 10
Step 140  Tim 0:14:01
acc_train_cw(현재 train의 class별 acc) [0.8, 0.2, 0.1, 0.6, 0.3, 0.4, 0.7]
cw_psl_total_eval(pseudo label 클래스별 총 샘플 수):  [0, 0, 0, 0, 0, 0, 0]
cw_psl_correct_eval(pseudo label 클래스별 맞은 샘플 수):  [0, 0, 0, 0, 0, 0, 0]
psl_acc(PSL 평가에서의 정확도): None 
cw_psl_acc(클래스별 PSL 평가에서의 정확도):  [nan, nan, nan, nan, nan, nan, nan]
**pseudo_label ->  [0.1501, 0.1493, 0.149, 0.195, 0.1605, 0.0959, 0.1002] **
max =  0.195 | max_idx =  3
**pseudo_label ->  [0.0879, 0.1138, 0.1529, 0.0974, 0.1622, 0.1891, 0.1966] **
max =  0.1966 | max_idx =  6
**pseudo_label ->  [0.0857, 0.1009, 0.1464, 0.1064, 0.1718, 0.2, 0.1889] **
max =  0.2 | max_idx =  5
**pseudo_label ->  [0.0848, 0.113, 0.157, 0.1001, 0.1679, 0.1858, 0.1914] **
max =  0.1914 | max_idx =  6
**pseudo_label ->  [0.0991, 0.0933, 0.1485, 0.1693, 0.2065, 0.1451, 0.1382] **
max =  0.2065 | max_idx =  4
Epoch 15/50, Train Loss: 1.7047, Valid Loss: 1.7854, Train Acc: 0.4429, Val Acc: 0.3192, Test Acc: 0.1352, Test F1: 0.1203, Total Pseudo-Labels: 0, Correct Pseudo-Labels: 0, Train Data Number: 70



line 303 => train data수 70
line 258 => 인스턴스 수 10
Step 150  Tim 0:14:59
acc_train_cw(현재 train의 class별 acc) [0.9, 0.6, 0.1, 1.0, 0.2, 0.4, 0.8]
cw_psl_total_eval(pseudo label 클래스별 총 샘플 수):  [0, 0, 0, 0, 0, 0, 0]
cw_psl_correct_eval(pseudo label 클래스별 맞은 샘플 수):  [0, 0, 0, 0, 0, 0, 0]
psl_acc(PSL 평가에서의 정확도): None 
cw_psl_acc(클래스별 PSL 평가에서의 정확도):  [nan, nan, nan, nan, nan, nan, nan]
***best_acc_model_save --- epoch = 16***
Save model to ./experiment/python_extended_data/output/
**pseudo_label ->  [0.1456, 0.1402, 0.1616, 0.208, 0.1469, 0.1002, 0.0974] **
max =  0.208 | max_idx =  3
**pseudo_label ->  [0.098, 0.1165, 0.1294, 0.095, 0.1448, 0.198, 0.2183] **
max =  0.2183 | max_idx =  6
**pseudo_label ->  [0.0853, 0.0932, 0.1338, 0.1122, 0.1719, 0.2081, 0.1954] **
max =  0.2081 | max_idx =  5
**pseudo_label ->  [0.096, 0.1141, 0.1304, 0.0946, 0.1498, 0.1986, 0.2165] **
max =  0.2165 | max_idx =  6
**pseudo_label ->  [0.1385, 0.1077, 0.134, 0.2344, 0.1634, 0.1131, 0.1089] **
max =  0.2344 | max_idx =  3
Epoch 16/50, Train Loss: 1.6690, Valid Loss: 1.9439, Train Acc: 0.5714, Val Acc: 0.4169, Test Acc: 0.1496, Test F1: 0.1076, Total Pseudo-Labels: 0, Correct Pseudo-Labels: 0, Train Data Number: 70



line 303 => train data수 70
line 258 => 인스턴스 수 10
Step 160  Tim 0:16:08
acc_train_cw(현재 train의 class별 acc) [1.0, 0.1, 0.0, 0.2, 0.0, 0.9, 0.1]
cw_psl_total_eval(pseudo label 클래스별 총 샘플 수):  [0, 0, 0, 0, 0, 0, 0]
cw_psl_correct_eval(pseudo label 클래스별 맞은 샘플 수):  [0, 0, 0, 0, 0, 0, 0]
psl_acc(PSL 평가에서의 정확도): None 
cw_psl_acc(클래스별 PSL 평가에서의 정확도):  [nan, nan, nan, nan, nan, nan, nan]
**pseudo_label ->  [0.0956, 0.1444, 0.1809, 0.0951, 0.1452, 0.179, 0.1596] **
max =  0.1809 | max_idx =  2
**pseudo_label ->  [0.0791, 0.1004, 0.1483, 0.099, 0.165, 0.2082, 0.1999] **
max =  0.2082 | max_idx =  5
**pseudo_label ->  [0.0775, 0.0977, 0.1431, 0.1052, 0.1697, 0.215, 0.1919] **
max =  0.215 | max_idx =  5
**pseudo_label ->  [0.0812, 0.1063, 0.1492, 0.0945, 0.1604, 0.2069, 0.2015] **
max =  0.2069 | max_idx =  5
**pseudo_label ->  [0.0746, 0.094, 0.1537, 0.1171, 0.1813, 0.2054, 0.1739] **
max =  0.2054 | max_idx =  5
Epoch 17/50, Train Loss: 1.7124, Valid Loss: 1.7864, Train Acc: 0.3286, Val Acc: 0.1270, Test Acc: 0.3422, Test F1: 0.1803, Total Pseudo-Labels: 0, Correct Pseudo-Labels: 0, Train Data Number: 70



line 303 => train data수 70
line 258 => 인스턴스 수 10
Step 170  Tim 0:17:06
acc_train_cw(현재 train의 class별 acc) [1.0, 0.1, 0.4, 0.8, 0.4, 0.0, 0.1]
cw_psl_total_eval(pseudo label 클래스별 총 샘플 수):  [0, 0, 0, 0, 0, 0, 0]
cw_psl_correct_eval(pseudo label 클래스별 맞은 샘플 수):  [0, 0, 0, 0, 0, 0, 0]
psl_acc(PSL 평가에서의 정확도): None 
cw_psl_acc(클래스별 PSL 평가에서의 정확도):  [nan, nan, nan, nan, nan, nan, nan]
**pseudo_label ->  [0.1617, 0.1949, 0.1785, 0.1427, 0.1192, 0.1044, 0.0986] **
max =  0.1949 | max_idx =  1
**pseudo_label ->  [0.0737, 0.0986, 0.1806, 0.1223, 0.1808, 0.1806, 0.1634] **
max =  0.1808 | max_idx =  4
**pseudo_label ->  [0.0751, 0.087, 0.1602, 0.153, 0.1954, 0.1758, 0.1535] **
max =  0.1954 | max_idx =  4
**pseudo_label ->  [0.0795, 0.0956, 0.1778, 0.1574, 0.1846, 0.1646, 0.1406] **
max =  0.1846 | max_idx =  4
**pseudo_label ->  [0.0901, 0.0968, 0.1644, 0.1931, 0.1849, 0.1456, 0.1252] **
max =  0.1931 | max_idx =  3
Epoch 18/50, Train Loss: 1.6116, Valid Loss: 1.7660, Train Acc: 0.4000, Val Acc: 0.3746, Test Acc: 0.1393, Test F1: 0.1233, Total Pseudo-Labels: 0, Correct Pseudo-Labels: 0, Train Data Number: 70



line 303 => train data수 70
line 258 => 인스턴스 수 10
Step 180  Tim 0:18:05
acc_train_cw(현재 train의 class별 acc) [1.0, 0.1, 0.5, 1.0, 0.2, 0.1, 0.9]
cw_psl_total_eval(pseudo label 클래스별 총 샘플 수):  [0, 0, 0, 0, 0, 0, 0]
cw_psl_correct_eval(pseudo label 클래스별 맞은 샘플 수):  [0, 0, 0, 0, 0, 0, 0]
psl_acc(PSL 평가에서의 정확도): None 
cw_psl_acc(클래스별 PSL 평가에서의 정확도):  [nan, nan, nan, nan, nan, nan, nan]
**pseudo_label ->  [0.0906, 0.1164, 0.2063, 0.143, 0.1701, 0.1331, 0.1405] **
max =  0.2063 | max_idx =  2
**pseudo_label ->  [0.0733, 0.0908, 0.1579, 0.0992, 0.181, 0.1864, 0.2115] **
max =  0.2115 | max_idx =  6
**pseudo_label ->  [0.069, 0.0813, 0.1538, 0.1212, 0.1945, 0.1912, 0.189] **
max =  0.1945 | max_idx =  4
**pseudo_label ->  [0.0768, 0.0928, 0.1593, 0.0975, 0.1764, 0.179, 0.2183] **
max =  0.2183 | max_idx =  6
**pseudo_label ->  [0.1236, 0.0988, 0.1184, 0.2597, 0.1544, 0.1282, 0.117] **
max =  0.2597 | max_idx =  3
Epoch 19/50, Train Loss: 1.5626, Valid Loss: 1.7884, Train Acc: 0.5429, Val Acc: 0.3811, Test Acc: 0.1865, Test F1: 0.1568, Total Pseudo-Labels: 0, Correct Pseudo-Labels: 0, Train Data Number: 70



line 303 => train data수 70
line 258 => 인스턴스 수 10
Step 190  Tim 0:19:03
acc_train_cw(현재 train의 class별 acc) [1.0, 0.0, 0.8, 0.9, 0.3, 0.2, 0.9]
cw_psl_total_eval(pseudo label 클래스별 총 샘플 수):  [0, 0, 0, 0, 0, 0, 0]
cw_psl_correct_eval(pseudo label 클래스별 맞은 샘플 수):  [0, 0, 0, 0, 0, 0, 0]
psl_acc(PSL 평가에서의 정확도): None 
cw_psl_acc(클래스별 PSL 평가에서의 정확도):  [nan, nan, nan, nan, nan, nan, nan]
**pseudo_label ->  [0.1585, 0.1711, 0.1796, 0.1753, 0.1304, 0.0922, 0.0928] **
max =  0.1796 | max_idx =  2
**pseudo_label ->  [0.0759, 0.0869, 0.1452, 0.0932, 0.1698, 0.2006, 0.2284] **
max =  0.2284 | max_idx =  6
**pseudo_label ->  [0.0688, 0.0827, 0.151, 0.1016, 0.1816, 0.2058, 0.2084] **
max =  0.2084 | max_idx =  6
**pseudo_label ->  [0.0767, 0.0899, 0.1509, 0.0918, 0.1644, 0.1997, 0.2266] **
max =  0.2266 | max_idx =  6
**pseudo_label ->  [0.0928, 0.0904, 0.1446, 0.2188, 0.1941, 0.1346, 0.1247] **
max =  0.2188 | max_idx =  3
Epoch 20/50, Train Loss: 1.5331, Valid Loss: 1.7189, Train Acc: 0.5857, Val Acc: 0.3616, Test Acc: 0.2336, Test F1: 0.2414, Total Pseudo-Labels: 0, Correct Pseudo-Labels: 0, Train Data Number: 70



line 303 => train data수 70
line 258 => 인스턴스 수 10
Step 200  Tim 0:20:02
acc_train_cw(현재 train의 class별 acc) [1.0, 0.4, 0.7, 1.0, 0.1, 1.0, 0.1]
cw_psl_total_eval(pseudo label 클래스별 총 샘플 수):  [0, 0, 0, 0, 0, 0, 0]
cw_psl_correct_eval(pseudo label 클래스별 맞은 샘플 수):  [0, 0, 0, 0, 0, 0, 0]
psl_acc(PSL 평가에서의 정확도): None 
cw_psl_acc(클래스별 PSL 평가에서의 정확도):  [nan, nan, nan, nan, nan, nan, nan]
**pseudo_label ->  [0.1583, 0.1639, 0.1788, 0.1974, 0.1218, 0.0922, 0.0876] **
max =  0.1974 | max_idx =  3
**pseudo_label ->  [0.0744, 0.0843, 0.1297, 0.097, 0.1672, 0.2356, 0.2119] **
max =  0.2356 | max_idx =  5
**pseudo_label ->  [0.0751, 0.1002, 0.1954, 0.1168, 0.1708, 0.1958, 0.1459] **
max =  0.1958 | max_idx =  5
**pseudo_label ->  [0.0689, 0.0827, 0.1566, 0.1139, 0.1646, 0.2349, 0.1785] **
max =  0.2349 | max_idx =  5
**pseudo_label ->  [0.1333, 0.1086, 0.1184, 0.2757, 0.1576, 0.1054, 0.1011] **
max =  0.2757 | max_idx =  3
Epoch 21/50, Train Loss: 1.4876, Valid Loss: 1.8422, Train Acc: 0.6143, Val Acc: 0.4137, Test Acc: 0.3586, Test F1: 0.2546, Total Pseudo-Labels: 0, Correct Pseudo-Labels: 0, Train Data Number: 70



line 303 => train data수 70
line 258 => 인스턴스 수 10
Step 210  Tim 0:21:00
acc_train_cw(현재 train의 class별 acc) [1.0, 0.0, 0.6, 1.0, 0.2, 0.4, 1.0]
cw_psl_total_eval(pseudo label 클래스별 총 샘플 수):  [0, 0, 0, 0, 0, 0, 0]
cw_psl_correct_eval(pseudo label 클래스별 맞은 샘플 수):  [0, 0, 0, 0, 0, 0, 0]
psl_acc(PSL 평가에서의 정확도): None 
cw_psl_acc(클래스별 PSL 평가에서의 정확도):  [nan, nan, nan, nan, nan, nan, nan]
**pseudo_label ->  [0.1878, 0.2077, 0.1883, 0.1326, 0.1016, 0.0927, 0.0892] **
max =  0.2077 | max_idx =  1
**pseudo_label ->  [0.0742, 0.0844, 0.1167, 0.0928, 0.1739, 0.2239, 0.2341] **
max =  0.2341 | max_idx =  6
**pseudo_label ->  [0.0686, 0.0813, 0.1297, 0.0911, 0.1867, 0.228, 0.2146] **
max =  0.228 | max_idx =  5
**pseudo_label ->  [0.0646, 0.0758, 0.136, 0.1008, 0.1879, 0.2307, 0.2043] **
max =  0.2307 | max_idx =  5
**pseudo_label ->  [0.101, 0.0967, 0.163, 0.2042, 0.2039, 0.1192, 0.1119] **
max =  0.2042 | max_idx =  3
Epoch 22/50, Train Loss: 1.4580, Valid Loss: 1.7360, Train Acc: 0.6000, Val Acc: 0.3062, Test Acc: 0.3094, Test F1: 0.2876, Total Pseudo-Labels: 0, Correct Pseudo-Labels: 0, Train Data Number: 70



line 303 => train data수 70
line 258 => 인스턴스 수 10
Step 220  Tim 0:21:58
acc_train_cw(현재 train의 class별 acc) [0.9, 0.3, 0.8, 1.0, 0.6, 0.4, 1.0]
cw_psl_total_eval(pseudo label 클래스별 총 샘플 수):  [0, 0, 0, 0, 0, 0, 0]
cw_psl_correct_eval(pseudo label 클래스별 맞은 샘플 수):  [0, 0, 0, 0, 0, 0, 0]
psl_acc(PSL 평가에서의 정확도): None 
cw_psl_acc(클래스별 PSL 평가에서의 정확도):  [nan, nan, nan, nan, nan, nan, nan]
**pseudo_label ->  [0.11, 0.1207, 0.2265, 0.1536, 0.1608, 0.116, 0.1124] **
max =  0.2265 | max_idx =  2
**pseudo_label ->  [0.0678, 0.075, 0.1187, 0.0943, 0.1985, 0.2156, 0.2301] **
max =  0.2301 | max_idx =  6
**pseudo_label ->  [0.0633, 0.0723, 0.138, 0.1039, 0.2287, 0.2032, 0.1905] **
max =  0.2287 | max_idx =  4
**pseudo_label ->  [0.0646, 0.0731, 0.1207, 0.0992, 0.2017, 0.2252, 0.2155] **
max =  0.2252 | max_idx =  5
**pseudo_label ->  [0.1226, 0.0925, 0.1057, 0.2974, 0.1541, 0.1214, 0.1064] **
max =  0.2974 | max_idx =  3
Epoch 23/50, Train Loss: 1.4000, Valid Loss: 1.8797, Train Acc: 0.7143, Val Acc: 0.4039, Test Acc: 0.2234, Test F1: 0.2114, Total Pseudo-Labels: 0, Correct Pseudo-Labels: 0, Train Data Number: 70



line 303 => train data수 70
line 258 => 인스턴스 수 10
Step 230  Tim 0:22:57
acc_train_cw(현재 train의 class별 acc) [1.0, 0.8, 0.9, 0.9, 0.6, 0.4, 1.0]
cw_psl_total_eval(pseudo label 클래스별 총 샘플 수):  [0, 0, 0, 0, 0, 0, 0]
cw_psl_correct_eval(pseudo label 클래스별 맞은 샘플 수):  [0, 0, 0, 0, 0, 0, 0]
psl_acc(PSL 평가에서의 정확도): None 
cw_psl_acc(클래스별 PSL 평가에서의 정확도):  [nan, nan, nan, nan, nan, nan, nan]
**pseudo_label ->  [0.1237, 0.1528, 0.2461, 0.1223, 0.1252, 0.1143, 0.1157] **
max =  0.2461 | max_idx =  2
**pseudo_label ->  [0.0746, 0.0811, 0.1131, 0.0909, 0.1659, 0.2121, 0.2623] **
max =  0.2623 | max_idx =  6
**pseudo_label ->  [0.0679, 0.0862, 0.2106, 0.1003, 0.1934, 0.1796, 0.162] **
max =  0.2106 | max_idx =  2
**pseudo_label ->  [0.0627, 0.0721, 0.1489, 0.1113, 0.1567, 0.2367, 0.2117] **
max =  0.2367 | max_idx =  5
**pseudo_label ->  [0.1002, 0.1005, 0.2, 0.1711, 0.199, 0.1158, 0.1135] **
max =  0.2 | max_idx =  2
Epoch 24/50, Train Loss: 1.4063, Valid Loss: 1.6703, Train Acc: 0.8000, Val Acc: 0.2866, Test Acc: 0.2131, Test F1: 0.2503, Total Pseudo-Labels: 0, Correct Pseudo-Labels: 0, Train Data Number: 70



line 303 => train data수 70
line 258 => 인스턴스 수 10
Step 240  Tim 0:23:55
acc_train_cw(현재 train의 class별 acc) [0.8, 0.0, 0.5, 1.0, 0.7, 0.6, 0.0]
cw_psl_total_eval(pseudo label 클래스별 총 샘플 수):  [0, 0, 0, 0, 0, 0, 0]
cw_psl_correct_eval(pseudo label 클래스별 맞은 샘플 수):  [0, 0, 0, 0, 0, 0, 0]
psl_acc(PSL 평가에서의 정확도): None 
cw_psl_acc(클래스별 PSL 평가에서의 정확도):  [nan, nan, nan, nan, nan, nan, nan]
***best_acc_model_save --- epoch = 25***
Save model to ./experiment/python_extended_data/output/
**pseudo_label ->  [0.1528, 0.1116, 0.1091, 0.3217, 0.1266, 0.0903, 0.0878] **
max =  0.3217 | max_idx =  3
**pseudo_label ->  [0.0724, 0.078, 0.1006, 0.1078, 0.1819, 0.2583, 0.2011] **
max =  0.2583 | max_idx =  5
**pseudo_label ->  [0.0857, 0.0792, 0.1165, 0.1438, 0.2731, 0.1556, 0.1461] **
max =  0.2731 | max_idx =  4
**pseudo_label ->  [0.1235, 0.0929, 0.096, 0.3205, 0.1423, 0.1231, 0.1017] **
max =  0.3205 | max_idx =  3
**pseudo_label ->  [0.1367, 0.0979, 0.0958, 0.3175, 0.1508, 0.1038, 0.0975] **
max =  0.3175 | max_idx =  3
Epoch 25/50, Train Loss: 1.4211, Valid Loss: 1.8763, Train Acc: 0.5143, Val Acc: 0.4625, Test Acc: 0.2746, Test F1: 0.1965, Total Pseudo-Labels: 0, Correct Pseudo-Labels: 0, Train Data Number: 70



line 303 => train data수 70
line 258 => 인스턴스 수 10
Step 250  Tim 0:25:04
acc_train_cw(현재 train의 class별 acc) [0.9, 0.9, 1.0, 0.9, 0.6, 0.4, 1.0]
cw_psl_total_eval(pseudo label 클래스별 총 샘플 수):  [0, 0, 0, 0, 0, 0, 0]
cw_psl_correct_eval(pseudo label 클래스별 맞은 샘플 수):  [0, 0, 0, 0, 0, 0, 0]
psl_acc(PSL 평가에서의 정확도): None 
cw_psl_acc(클래스별 PSL 평가에서의 정확도):  [nan, nan, nan, nan, nan, nan, nan]
**pseudo_label ->  [0.1861, 0.2122, 0.2054, 0.1391, 0.0908, 0.0812, 0.0851] **
max =  0.2122 | max_idx =  1
**pseudo_label ->  [0.0615, 0.0719, 0.1257, 0.0792, 0.18, 0.2289, 0.2527] **
max =  0.2527 | max_idx =  6
**pseudo_label ->  [0.0559, 0.0699, 0.1385, 0.081, 0.196, 0.2341, 0.2246] **
max =  0.2341 | max_idx =  5
**pseudo_label ->  [0.0571, 0.0736, 0.165, 0.0769, 0.1863, 0.2156, 0.2254] **
max =  0.2254 | max_idx =  6
**pseudo_label ->  [0.1381, 0.1042, 0.1252, 0.2673, 0.1837, 0.0874, 0.094] **
max =  0.2673 | max_idx =  3
Epoch 26/50, Train Loss: 1.3642, Valid Loss: 1.7811, Train Acc: 0.8143, Val Acc: 0.2769, Test Acc: 0.2807, Test F1: 0.2684, Total Pseudo-Labels: 0, Correct Pseudo-Labels: 0, Train Data Number: 70



line 303 => train data수 70
line 258 => 인스턴스 수 10
Step 260  Tim 0:26:03
acc_train_cw(현재 train의 class별 acc) [1.0, 0.4, 0.9, 1.0, 0.9, 0.9, 0.1]
cw_psl_total_eval(pseudo label 클래스별 총 샘플 수):  [0, 0, 0, 0, 0, 0, 0]
cw_psl_correct_eval(pseudo label 클래스별 맞은 샘플 수):  [0, 0, 0, 0, 0, 0, 0]
psl_acc(PSL 평가에서의 정확도): None 
cw_psl_acc(클래스별 PSL 평가에서의 정확도):  [nan, nan, nan, nan, nan, nan, nan]
**pseudo_label ->  [0.2569, 0.2226, 0.1266, 0.1921, 0.0747, 0.0602, 0.0669] **
max =  0.2569 | max_idx =  0
**pseudo_label ->  [0.0573, 0.0699, 0.1257, 0.0885, 0.1686, 0.2685, 0.2215] **
max =  0.2685 | max_idx =  5
**pseudo_label ->  [0.0582, 0.0694, 0.1494, 0.1302, 0.2511, 0.1939, 0.1479] **
max =  0.2511 | max_idx =  4
**pseudo_label ->  [0.0528, 0.0653, 0.1502, 0.0932, 0.2258, 0.224, 0.1888] **
max =  0.2258 | max_idx =  4
**pseudo_label ->  [0.1193, 0.09, 0.1059, 0.338, 0.1432, 0.1054, 0.0981] **
max =  0.338 | max_idx =  3
Epoch 27/50, Train Loss: 1.2914, Valid Loss: 1.7928, Train Acc: 0.7429, Val Acc: 0.2769, Test Acc: 0.3648, Test F1: 0.2309, Total Pseudo-Labels: 0, Correct Pseudo-Labels: 0, Train Data Number: 70



line 303 => train data수 70
line 258 => 인스턴스 수 10
Step 270  Tim 0:27:02
acc_train_cw(현재 train의 class별 acc) [0.9, 0.8, 1.0, 1.0, 0.7, 0.6, 1.0]
cw_psl_total_eval(pseudo label 클래스별 총 샘플 수):  [0, 0, 0, 0, 0, 0, 0]
cw_psl_correct_eval(pseudo label 클래스별 맞은 샘플 수):  [0, 0, 0, 0, 0, 0, 0]
psl_acc(PSL 평가에서의 정확도): None 
cw_psl_acc(클래스별 PSL 평가에서의 정확도):  [nan, nan, nan, nan, nan, nan, nan]
**pseudo_label ->  [0.1145, 0.1685, 0.2702, 0.1131, 0.1152, 0.1125, 0.1059] **
max =  0.2702 | max_idx =  2
**pseudo_label ->  [0.0714, 0.0744, 0.1018, 0.0933, 0.1449, 0.2647, 0.2495] **
max =  0.2647 | max_idx =  5
**pseudo_label ->  [0.0612, 0.0659, 0.1076, 0.1138, 0.1617, 0.2811, 0.2086] **
max =  0.2811 | max_idx =  5
**pseudo_label ->  [0.0732, 0.0757, 0.0983, 0.0897, 0.1492, 0.2548, 0.2592] **
max =  0.2592 | max_idx =  6
**pseudo_label ->  [0.1384, 0.1019, 0.1033, 0.3563, 0.1179, 0.0973, 0.0849] **
max =  0.3563 | max_idx =  3
Epoch 28/50, Train Loss: 1.2858, Valid Loss: 1.8314, Train Acc: 0.8571, Val Acc: 0.3192, Test Acc: 0.3668, Test F1: 0.2919, Total Pseudo-Labels: 0, Correct Pseudo-Labels: 0, Train Data Number: 70



line 303 => train data수 70
line 258 => 인스턴스 수 10
Step 280  Tim 0:28:00
acc_train_cw(현재 train의 class별 acc) [1.0, 0.6, 1.0, 0.9, 0.7, 1.0, 1.0]
cw_psl_total_eval(pseudo label 클래스별 총 샘플 수):  [0, 0, 0, 0, 0, 0, 0]
cw_psl_correct_eval(pseudo label 클래스별 맞은 샘플 수):  [0, 0, 0, 0, 0, 0, 0]
psl_acc(PSL 평가에서의 정확도): None 
cw_psl_acc(클래스별 PSL 평가에서의 정확도):  [nan, nan, nan, nan, nan, nan, nan]
**pseudo_label ->  [0.1076, 0.1397, 0.2861, 0.123, 0.1064, 0.1213, 0.1159] **
max =  0.2861 | max_idx =  2
**pseudo_label ->  [0.071, 0.075, 0.0902, 0.0819, 0.172, 0.2566, 0.2534] **
max =  0.2566 | max_idx =  5
**pseudo_label ->  [0.0582, 0.0712, 0.1239, 0.1008, 0.1838, 0.2853, 0.1768] **
max =  0.2853 | max_idx =  5
**pseudo_label ->  [0.0686, 0.0711, 0.0957, 0.0781, 0.1758, 0.2431, 0.2676] **
max =  0.2676 | max_idx =  6
**pseudo_label ->  [0.0755, 0.0798, 0.1314, 0.1317, 0.3012, 0.1394, 0.141] **
max =  0.3012 | max_idx =  4
Epoch 29/50, Train Loss: 1.2604, Valid Loss: 1.7641, Train Acc: 0.8857, Val Acc: 0.3062, Test Acc: 0.3955, Test F1: 0.3079, Total Pseudo-Labels: 0, Correct Pseudo-Labels: 0, Train Data Number: 70



line 303 => train data수 70
line 258 => 인스턴스 수 10
Step 290  Tim 0:28:59
acc_train_cw(현재 train의 class별 acc) [0.9, 1.0, 0.8, 1.0, 0.6, 1.0, 0.9]
cw_psl_total_eval(pseudo label 클래스별 총 샘플 수):  [0, 0, 0, 0, 0, 0, 0]
cw_psl_correct_eval(pseudo label 클래스별 맞은 샘플 수):  [0, 0, 0, 0, 0, 0, 0]
psl_acc(PSL 평가에서의 정확도): None 
cw_psl_acc(클래스별 PSL 평가에서의 정확도):  [nan, nan, nan, nan, nan, nan, nan]
**pseudo_label ->  [0.1017, 0.1475, 0.295, 0.1207, 0.1197, 0.1125, 0.103] **
max =  0.295 | max_idx =  2
**pseudo_label ->  [0.0734, 0.0762, 0.1035, 0.1068, 0.1273, 0.2995, 0.2133] **
max =  0.2995 | max_idx =  5
**pseudo_label ->  [0.0584, 0.0678, 0.1369, 0.1491, 0.2304, 0.2255, 0.1319] **
max =  0.2304 | max_idx =  4
**pseudo_label ->  [0.0721, 0.0742, 0.094, 0.0961, 0.1347, 0.276, 0.2529] **
max =  0.276 | max_idx =  5
**pseudo_label ->  [0.1222, 0.0845, 0.0937, 0.3653, 0.1439, 0.0967, 0.0936] **
max =  0.3653 | max_idx =  3
Epoch 30/50, Train Loss: 1.2653, Valid Loss: 1.6874, Train Acc: 0.8857, Val Acc: 0.2801, Test Acc: 0.4447, Test F1: 0.3070, Total Pseudo-Labels: 0, Correct Pseudo-Labels: 0, Train Data Number: 70



line 303 => train data수 70
line 258 => 인스턴스 수 10
Step 300  Tim 0:29:57
acc_train_cw(현재 train의 class별 acc) [1.0, 0.7, 1.0, 0.7, 0.2, 0.6, 1.0]
cw_psl_total_eval(pseudo label 클래스별 총 샘플 수):  [0, 0, 0, 0, 0, 0, 0]
cw_psl_correct_eval(pseudo label 클래스별 맞은 샘플 수):  [0, 0, 0, 0, 0, 0, 0]
psl_acc(PSL 평가에서의 정확도): None 
cw_psl_acc(클래스별 PSL 평가에서의 정확도):  [nan, nan, nan, nan, nan, nan, nan]
**pseudo_label ->  [0.1227, 0.167, 0.29, 0.129, 0.0998, 0.1023, 0.0892] **
max =  0.29 | max_idx =  2
**pseudo_label ->  [0.0456, 0.062, 0.1783, 0.0799, 0.177, 0.2362, 0.221] **
max =  0.2362 | max_idx =  5
**pseudo_label ->  [0.1215, 0.1606, 0.2864, 0.1401, 0.0997, 0.1059, 0.0858] **
max =  0.2864 | max_idx =  2
**pseudo_label ->  [0.0503, 0.0735, 0.2302, 0.1007, 0.1929, 0.1986, 0.1539] **
max =  0.2302 | max_idx =  2
**pseudo_label ->  [0.1537, 0.1473, 0.2366, 0.2078, 0.0944, 0.084, 0.0762] **
max =  0.2366 | max_idx =  2
Epoch 31/50, Train Loss: 1.3025, Valid Loss: 1.8754, Train Acc: 0.7429, Val Acc: 0.4007, Test Acc: 0.2520, Test F1: 0.2121, Total Pseudo-Labels: 0, Correct Pseudo-Labels: 0, Train Data Number: 70



line 303 => train data수 70
line 258 => 인스턴스 수 10
Step 310  Tim 0:30:55
acc_train_cw(현재 train의 class별 acc) [0.6, 0.9, 0.6, 1.0, 0.3, 0.9, 0.7]
cw_psl_total_eval(pseudo label 클래스별 총 샘플 수):  [0, 0, 0, 0, 0, 0, 0]
cw_psl_correct_eval(pseudo label 클래스별 맞은 샘플 수):  [0, 0, 0, 0, 0, 0, 0]
psl_acc(PSL 평가에서의 정확도): None 
cw_psl_acc(클래스별 PSL 평가에서의 정확도):  [nan, nan, nan, nan, nan, nan, nan]
**pseudo_label ->  [0.0667, 0.0944, 0.2728, 0.0883, 0.1552, 0.1913, 0.1315] **
max =  0.2728 | max_idx =  2
**pseudo_label ->  [0.0627, 0.0728, 0.139, 0.0759, 0.1389, 0.3062, 0.2044] **
max =  0.3062 | max_idx =  5
**pseudo_label ->  [0.0512, 0.0556, 0.1417, 0.0992, 0.2494, 0.2347, 0.1682] **
max =  0.2494 | max_idx =  4
**pseudo_label ->  [0.0648, 0.0762, 0.1521, 0.0804, 0.1396, 0.3052, 0.1817] **
max =  0.3052 | max_idx =  5
**pseudo_label ->  [0.0688, 0.061, 0.11, 0.1508, 0.3154, 0.1474, 0.1466] **
max =  0.3154 | max_idx =  4
Epoch 32/50, Train Loss: 1.2979, Valid Loss: 1.8533, Train Acc: 0.7143, Val Acc: 0.2248, Test Acc: 0.5594, Test F1: 0.4080, Total Pseudo-Labels: 0, Correct Pseudo-Labels: 0, Train Data Number: 70



line 303 => train data수 70
line 258 => 인스턴스 수 10
Step 320  Tim 0:31:53
acc_train_cw(현재 train의 class별 acc) [0.7, 1.0, 0.7, 1.0, 0.5, 0.9, 1.0]
cw_psl_total_eval(pseudo label 클래스별 총 샘플 수):  [0, 0, 0, 0, 0, 0, 0]
cw_psl_correct_eval(pseudo label 클래스별 맞은 샘플 수):  [0, 0, 0, 0, 0, 0, 0]
psl_acc(PSL 평가에서의 정확도): None 
cw_psl_acc(클래스별 PSL 평가에서의 정확도):  [nan, nan, nan, nan, nan, nan, nan]
**pseudo_label ->  [0.1974, 0.3303, 0.1713, 0.0831, 0.0664, 0.0741, 0.0774] **
max =  0.3303 | max_idx =  1
**pseudo_label ->  [0.0582, 0.0696, 0.1177, 0.0678, 0.1394, 0.2845, 0.2627] **
max =  0.2845 | max_idx =  5
**pseudo_label ->  [0.0511, 0.0824, 0.2532, 0.0777, 0.1786, 0.1853, 0.1717] **
max =  0.2532 | max_idx =  2
**pseudo_label ->  [0.058, 0.0745, 0.1301, 0.0629, 0.1376, 0.2756, 0.2613] **
max =  0.2756 | max_idx =  5
**pseudo_label ->  [0.1247, 0.0907, 0.0863, 0.4004, 0.1286, 0.0898, 0.0795] **
max =  0.4004 | max_idx =  3
Epoch 33/50, Train Loss: 1.1906, Valid Loss: 1.7580, Train Acc: 0.8286, Val Acc: 0.2769, Test Acc: 0.3566, Test F1: 0.2705, Total Pseudo-Labels: 0, Correct Pseudo-Labels: 0, Train Data Number: 70



line 303 => train data수 70
line 258 => 인스턴스 수 10
Step 330  Tim 0:32:51
acc_train_cw(현재 train의 class별 acc) [0.9, 0.9, 1.0, 1.0, 0.8, 0.9, 1.0]
cw_psl_total_eval(pseudo label 클래스별 총 샘플 수):  [0, 0, 0, 0, 0, 0, 0]
cw_psl_correct_eval(pseudo label 클래스별 맞은 샘플 수):  [0, 0, 0, 0, 0, 0, 0]
psl_acc(PSL 평가에서의 정확도): None 
cw_psl_acc(클래스별 PSL 평가에서의 정확도):  [nan, nan, nan, nan, nan, nan, nan]
**pseudo_label ->  [0.127, 0.2121, 0.2926, 0.0981, 0.0846, 0.094, 0.0917] **
max =  0.2926 | max_idx =  2
**pseudo_label ->  [0.0612, 0.0629, 0.0887, 0.0769, 0.1536, 0.2852, 0.2716] **
max =  0.2852 | max_idx =  5
**pseudo_label ->  [0.045, 0.0431, 0.1058, 0.1063, 0.2634, 0.2123, 0.224] **
max =  0.2634 | max_idx =  4
**pseudo_label ->  [0.0573, 0.0614, 0.094, 0.0737, 0.1616, 0.2924, 0.2597] **
max =  0.2924 | max_idx =  5
**pseudo_label ->  [0.1274, 0.0873, 0.0759, 0.409, 0.1249, 0.093, 0.0825] **
max =  0.409 | max_idx =  3
Epoch 34/50, Train Loss: 1.1147, Valid Loss: 1.7300, Train Acc: 0.9286, Val Acc: 0.3616, Test Acc: 0.4078, Test F1: 0.3459, Total Pseudo-Labels: 0, Correct Pseudo-Labels: 0, Train Data Number: 70



line 303 => train data수 70
line 258 => 인스턴스 수 10
Step 340  Tim 0:33:50
acc_train_cw(현재 train의 class별 acc) [1.0, 1.0, 1.0, 1.0, 1.0, 1.0, 0.9]
cw_psl_total_eval(pseudo label 클래스별 총 샘플 수):  [0, 0, 0, 0, 0, 0, 0]
cw_psl_correct_eval(pseudo label 클래스별 맞은 샘플 수):  [0, 0, 0, 0, 0, 0, 0]
psl_acc(PSL 평가에서의 정확도): None 
cw_psl_acc(클래스별 PSL 평가에서의 정확도):  [nan, nan, nan, nan, nan, nan, nan]
**pseudo_label ->  [0.1114, 0.1773, 0.3177, 0.118, 0.0889, 0.1006, 0.0861] **
max =  0.3177 | max_idx =  2
**pseudo_label ->  [0.0757, 0.087, 0.1141, 0.0881, 0.1067, 0.3309, 0.1975] **
max =  0.3309 | max_idx =  5
**pseudo_label ->  [0.0426, 0.0434, 0.1353, 0.1177, 0.2679, 0.2078, 0.1854] **
max =  0.2679 | max_idx =  4
**pseudo_label ->  [0.0731, 0.0941, 0.2514, 0.1004, 0.1025, 0.2395, 0.1389] **
max =  0.2514 | max_idx =  2
**pseudo_label ->  [0.1129, 0.0785, 0.0799, 0.4135, 0.1345, 0.0908, 0.09] **
max =  0.4135 | max_idx =  3
Epoch 35/50, Train Loss: 1.0520, Valid Loss: 1.7827, Train Acc: 0.9857, Val Acc: 0.3453, Test Acc: 0.4529, Test F1: 0.3899, Total Pseudo-Labels: 0, Correct Pseudo-Labels: 0, Train Data Number: 70



line 303 => train data수 70
line 258 => 인스턴스 수 10
Step 350  Tim 0:34:48
acc_train_cw(현재 train의 class별 acc) [1.0, 1.0, 1.0, 1.0, 0.9, 1.0, 1.0]
cw_psl_total_eval(pseudo label 클래스별 총 샘플 수):  [0, 0, 0, 0, 0, 0, 0]
cw_psl_correct_eval(pseudo label 클래스별 맞은 샘플 수):  [0, 0, 0, 0, 0, 0, 0]
psl_acc(PSL 평가에서의 정확도): None 
cw_psl_acc(클래스별 PSL 평가에서의 정확도):  [nan, nan, nan, nan, nan, nan, nan]
**pseudo_label ->  [0.0961, 0.1687, 0.3367, 0.1009, 0.1021, 0.1029, 0.0927] **
max =  0.3367 | max_idx =  2
**pseudo_label ->  [0.0719, 0.0731, 0.0877, 0.0953, 0.1215, 0.3378, 0.2127] **
max =  0.3378 | max_idx =  5
**pseudo_label ->  [0.0614, 0.0584, 0.0744, 0.0988, 0.1729, 0.3142, 0.22] **
max =  0.3142 | max_idx =  5
**pseudo_label ->  [0.0729, 0.0771, 0.0926, 0.0938, 0.1193, 0.3424, 0.202] **
max =  0.3424 | max_idx =  5
**pseudo_label ->  [0.1123, 0.0754, 0.0875, 0.4197, 0.139, 0.0832, 0.0829] **
max =  0.4197 | max_idx =  3
Epoch 36/50, Train Loss: 1.0167, Valid Loss: 1.7565, Train Acc: 0.9857, Val Acc: 0.3322, Test Acc: 0.5369, Test F1: 0.4133, Total Pseudo-Labels: 0, Correct Pseudo-Labels: 0, Train Data Number: 70



line 303 => train data수 70
line 258 => 인스턴스 수 10
Step 360  Tim 0:35:46
acc_train_cw(현재 train의 class별 acc) [1.0, 1.0, 1.0, 1.0, 1.0, 1.0, 1.0]
cw_psl_total_eval(pseudo label 클래스별 총 샘플 수):  [0, 0, 0, 0, 0, 0, 0]
cw_psl_correct_eval(pseudo label 클래스별 맞은 샘플 수):  [0, 0, 0, 0, 0, 0, 0]
psl_acc(PSL 평가에서의 정확도): None 
cw_psl_acc(클래스별 PSL 평가에서의 정확도):  [nan, nan, nan, nan, nan, nan, nan]
**pseudo_label ->  [0.1513, 0.2173, 0.2806, 0.1403, 0.0729, 0.0723, 0.0652] **
max =  0.2806 | max_idx =  2
**pseudo_label ->  [0.0697, 0.0797, 0.1104, 0.0913, 0.1039, 0.3515, 0.1935] **
max =  0.3515 | max_idx =  5
**pseudo_label ->  [0.0453, 0.0472, 0.1074, 0.1061, 0.2066, 0.3052, 0.1822] **
max =  0.3052 | max_idx =  5
**pseudo_label ->  [0.0523, 0.0603, 0.1265, 0.0906, 0.1495, 0.344, 0.1768] **
max =  0.344 | max_idx =  5
**pseudo_label ->  [0.1168, 0.0773, 0.0797, 0.4356, 0.1312, 0.0833, 0.076] **
max =  0.4356 | max_idx =  3
Epoch 37/50, Train Loss: 1.0180, Valid Loss: 1.8105, Train Acc: 1.0000, Val Acc: 0.3257, Test Acc: 0.4775, Test F1: 0.3724, Total Pseudo-Labels: 0, Correct Pseudo-Labels: 0, Train Data Number: 70



line 303 => train data수 70
line 258 => 인스턴스 수 10
Step 370  Tim 0:36:44
acc_train_cw(현재 train의 class별 acc) [0.9, 1.0, 1.0, 1.0, 1.0, 1.0, 0.9]
cw_psl_total_eval(pseudo label 클래스별 총 샘플 수):  [0, 0, 0, 0, 0, 0, 0]
cw_psl_correct_eval(pseudo label 클래스별 맞은 샘플 수):  [0, 0, 0, 0, 0, 0, 0]
psl_acc(PSL 평가에서의 정확도): None 
cw_psl_acc(클래스별 PSL 평가에서의 정확도):  [nan, nan, nan, nan, nan, nan, nan]
**pseudo_label ->  [0.1382, 0.3362, 0.2147, 0.0851, 0.0673, 0.0813, 0.0773] **
max =  0.3362 | max_idx =  1
**pseudo_label ->  [0.0613, 0.0654, 0.1001, 0.0944, 0.1276, 0.3676, 0.1836] **
max =  0.3676 | max_idx =  5
**pseudo_label ->  [0.0458, 0.0542, 0.1491, 0.1107, 0.2733, 0.2256, 0.1413] **
max =  0.2733 | max_idx =  4
**pseudo_label ->  [0.0564, 0.0576, 0.1042, 0.1123, 0.2995, 0.2249, 0.145] **
max =  0.2995 | max_idx =  4
**pseudo_label ->  [0.1094, 0.0805, 0.0899, 0.4509, 0.1133, 0.0847, 0.0714] **
max =  0.4509 | max_idx =  3
Epoch 38/50, Train Loss: 1.0011, Valid Loss: 1.8394, Train Acc: 0.9714, Val Acc: 0.2834, Test Acc: 0.5984, Test F1: 0.4460, Total Pseudo-Labels: 0, Correct Pseudo-Labels: 0, Train Data Number: 70



line 303 => train data수 70
line 258 => 인스턴스 수 10
Step 380  Tim 0:37:42
acc_train_cw(현재 train의 class별 acc) [1.0, 0.9, 0.9, 1.0, 1.0, 1.0, 0.9]
cw_psl_total_eval(pseudo label 클래스별 총 샘플 수):  [0, 0, 0, 0, 0, 0, 0]
cw_psl_correct_eval(pseudo label 클래스별 맞은 샘플 수):  [0, 0, 0, 0, 0, 0, 0]
psl_acc(PSL 평가에서의 정확도): None 
cw_psl_acc(클래스별 PSL 평가에서의 정확도):  [nan, nan, nan, nan, nan, nan, nan]
**pseudo_label ->  [0.0929, 0.149, 0.3711, 0.0901, 0.0871, 0.1119, 0.098] **
max =  0.3711 | max_idx =  2
**pseudo_label ->  [0.0624, 0.0684, 0.0884, 0.095, 0.1401, 0.3721, 0.1736] **
max =  0.3721 | max_idx =  5
**pseudo_label ->  [0.0477, 0.0586, 0.1363, 0.096, 0.2135, 0.3032, 0.1447] **
max =  0.3032 | max_idx =  5
**pseudo_label ->  [0.0618, 0.0684, 0.0908, 0.1003, 0.1774, 0.3474, 0.154] **
max =  0.3474 | max_idx =  5
**pseudo_label ->  [0.0573, 0.0531, 0.1687, 0.2912, 0.2074, 0.115, 0.1073] **
max =  0.2912 | max_idx =  3
Epoch 39/50, Train Loss: 0.9681, Valid Loss: 1.7784, Train Acc: 0.9571, Val Acc: 0.2671, Test Acc: 0.4816, Test F1: 0.3425, Total Pseudo-Labels: 0, Correct Pseudo-Labels: 0, Train Data Number: 70



line 303 => train data수 70
line 258 => 인스턴스 수 10
Step 390  Tim 0:38:40
acc_train_cw(현재 train의 class별 acc) [1.0, 1.0, 0.8, 1.0, 1.0, 1.0, 1.0]
cw_psl_total_eval(pseudo label 클래스별 총 샘플 수):  [0, 0, 0, 0, 0, 0, 0]
cw_psl_correct_eval(pseudo label 클래스별 맞은 샘플 수):  [0, 0, 0, 0, 0, 0, 0]
psl_acc(PSL 평가에서의 정확도): None 
cw_psl_acc(클래스별 PSL 평가에서의 정확도):  [nan, nan, nan, nan, nan, nan, nan]
**pseudo_label ->  [0.0918, 0.148, 0.3754, 0.1019, 0.1095, 0.0871, 0.0862] **
max =  0.3754 | max_idx =  2
**pseudo_label ->  [0.0543, 0.0569, 0.0801, 0.0687, 0.1365, 0.3281, 0.2755] **
max =  0.3281 | max_idx =  5
**pseudo_label ->  [0.0423, 0.0495, 0.0971, 0.087, 0.2922, 0.2494, 0.1824] **
max =  0.2922 | max_idx =  4
**pseudo_label ->  [0.0542, 0.0615, 0.0805, 0.0732, 0.1479, 0.3592, 0.2235] **
max =  0.3592 | max_idx =  5
**pseudo_label ->  [0.0715, 0.0615, 0.102, 0.1547, 0.3777, 0.0985, 0.1341] **
max =  0.3777 | max_idx =  4
Epoch 40/50, Train Loss: 0.9863, Valid Loss: 1.7053, Train Acc: 0.9714, Val Acc: 0.3550, Test Acc: 0.4836, Test F1: 0.3954, Total Pseudo-Labels: 0, Correct Pseudo-Labels: 0, Train Data Number: 70



line 303 => train data수 70
line 258 => 인스턴스 수 10
Step 400  Tim 0:39:38
acc_train_cw(현재 train의 class별 acc) [1.0, 1.0, 0.9, 1.0, 1.0, 1.0, 0.9]
cw_psl_total_eval(pseudo label 클래스별 총 샘플 수):  [0, 0, 0, 0, 0, 0, 0]
cw_psl_correct_eval(pseudo label 클래스별 맞은 샘플 수):  [0, 0, 0, 0, 0, 0, 0]
psl_acc(PSL 평가에서의 정확도): None 
cw_psl_acc(클래스별 PSL 평가에서의 정확도):  [nan, nan, nan, nan, nan, nan, nan]
**pseudo_label ->  [0.1524, 0.3371, 0.234, 0.0694, 0.0759, 0.0654, 0.0659] **
max =  0.3371 | max_idx =  1
**pseudo_label ->  [0.0539, 0.0594, 0.1013, 0.0917, 0.1644, 0.3741, 0.1552] **
max =  0.3741 | max_idx =  5
**pseudo_label ->  [0.0436, 0.0666, 0.2104, 0.0941, 0.2826, 0.1782, 0.1246] **
max =  0.2826 | max_idx =  4
**pseudo_label ->  [0.062, 0.0569, 0.0867, 0.1212, 0.3443, 0.1959, 0.1331] **
max =  0.3443 | max_idx =  4
**pseudo_label ->  [0.0811, 0.0542, 0.0915, 0.3541, 0.2398, 0.0862, 0.093] **
max =  0.3541 | max_idx =  3
Epoch 41/50, Train Loss: 0.9561, Valid Loss: 1.8026, Train Acc: 0.9714, Val Acc: 0.3681, Test Acc: 0.4857, Test F1: 0.3652, Total Pseudo-Labels: 0, Correct Pseudo-Labels: 0, Train Data Number: 70



line 303 => train data수 70
line 258 => 인스턴스 수 10
Step 410  Tim 0:40:37
acc_train_cw(현재 train의 class별 acc) [0.8, 0.9, 0.9, 0.9, 1.0, 1.0, 1.0]
cw_psl_total_eval(pseudo label 클래스별 총 샘플 수):  [0, 0, 0, 0, 0, 0, 0]
cw_psl_correct_eval(pseudo label 클래스별 맞은 샘플 수):  [0, 0, 0, 0, 0, 0, 0]
psl_acc(PSL 평가에서의 정확도): None 
cw_psl_acc(클래스별 PSL 평가에서의 정확도):  [nan, nan, nan, nan, nan, nan, nan]
**pseudo_label ->  [0.0746, 0.1307, 0.3988, 0.0795, 0.1006, 0.1049, 0.1109] **
max =  0.3988 | max_idx =  2
**pseudo_label ->  [0.062, 0.0752, 0.1338, 0.0804, 0.0961, 0.3955, 0.1571] **
max =  0.3955 | max_idx =  5
**pseudo_label ->  [0.036, 0.0451, 0.1507, 0.0857, 0.1978, 0.317, 0.1678] **
max =  0.317 | max_idx =  5
**pseudo_label ->  [0.0555, 0.0637, 0.1203, 0.0918, 0.1303, 0.3955, 0.1428] **
max =  0.3955 | max_idx =  5
**pseudo_label ->  [0.0558, 0.0482, 0.1045, 0.1616, 0.3779, 0.1033, 0.1487] **
max =  0.3779 | max_idx =  4
Epoch 42/50, Train Loss: 0.9344, Valid Loss: 1.6335, Train Acc: 0.9286, Val Acc: 0.3225, Test Acc: 0.5492, Test F1: 0.3940, Total Pseudo-Labels: 0, Correct Pseudo-Labels: 0, Train Data Number: 70



line 303 => train data수 70
line 258 => 인스턴스 수 10
Step 420  Tim 0:41:35
acc_train_cw(현재 train의 class별 acc) [1.0, 0.9, 1.0, 1.0, 0.9, 0.6, 1.0]
cw_psl_total_eval(pseudo label 클래스별 총 샘플 수):  [0, 0, 0, 0, 0, 0, 0]
cw_psl_correct_eval(pseudo label 클래스별 맞은 샘플 수):  [0, 0, 0, 0, 0, 0, 0]
psl_acc(PSL 평가에서의 정확도): None 
cw_psl_acc(클래스별 PSL 평가에서의 정확도):  [nan, nan, nan, nan, nan, nan, nan]
**pseudo_label ->  [0.0894, 0.1392, 0.4056, 0.0899, 0.0968, 0.0889, 0.0903] **
max =  0.4056 | max_idx =  2
**pseudo_label ->  [0.0671, 0.0565, 0.0736, 0.1176, 0.1756, 0.3682, 0.1415] **
max =  0.3682 | max_idx =  5
**pseudo_label ->  [0.0842, 0.084, 0.2276, 0.2202, 0.231, 0.0632, 0.0898] **
max =  0.231 | max_idx =  4
**pseudo_label ->  [0.1447, 0.0897, 0.0673, 0.488, 0.0819, 0.0718, 0.0566] **
max =  0.488 | max_idx =  3
**pseudo_label ->  [0.1487, 0.0958, 0.0696, 0.4786, 0.0892, 0.0588, 0.0594] **
max =  0.4786 | max_idx =  3
Epoch 43/50, Train Loss: 0.9310, Valid Loss: 1.8871, Train Acc: 0.9143, Val Acc: 0.4560, Test Acc: 0.2561, Test F1: 0.2090, Total Pseudo-Labels: 0, Correct Pseudo-Labels: 0, Train Data Number: 70



line 303 => train data수 70
line 258 => 인스턴스 수 10
Step 430  Tim 0:42:33
acc_train_cw(현재 train의 class별 acc) [1.0, 1.0, 1.0, 0.9, 0.7, 1.0, 1.0]
cw_psl_total_eval(pseudo label 클래스별 총 샘플 수):  [0, 0, 0, 0, 0, 0, 0]
cw_psl_correct_eval(pseudo label 클래스별 맞은 샘플 수):  [0, 0, 0, 0, 0, 0, 0]
psl_acc(PSL 평가에서의 정확도): None 
cw_psl_acc(클래스별 PSL 평가에서의 정확도):  [nan, nan, nan, nan, nan, nan, nan]
**pseudo_label ->  [0.0851, 0.1334, 0.4141, 0.1021, 0.0933, 0.0943, 0.0777] **
max =  0.4141 | max_idx =  2
**pseudo_label ->  [0.0611, 0.0601, 0.0843, 0.075, 0.0989, 0.3971, 0.2236] **
max =  0.3971 | max_idx =  5
**pseudo_label ->  [0.0432, 0.0521, 0.1251, 0.0816, 0.2147, 0.3407, 0.1425] **
max =  0.3407 | max_idx =  5
**pseudo_label ->  [0.0683, 0.0676, 0.0849, 0.0917, 0.1078, 0.4248, 0.1548] **
max =  0.4248 | max_idx =  5
**pseudo_label ->  [0.0472, 0.059, 0.1232, 0.0776, 0.3975, 0.139, 0.1565] **
max =  0.3975 | max_idx =  4
Epoch 44/50, Train Loss: 0.9099, Valid Loss: 1.8525, Train Acc: 0.9429, Val Acc: 0.2671, Test Acc: 0.5041, Test F1: 0.3230, Total Pseudo-Labels: 0, Correct Pseudo-Labels: 0, Train Data Number: 70



line 303 => train data수 70
line 258 => 인스턴스 수 10
Step 440  Tim 0:43:31
acc_train_cw(현재 train의 class별 acc) [1.0, 1.0, 1.0, 1.0, 1.0, 1.0, 1.0]
cw_psl_total_eval(pseudo label 클래스별 총 샘플 수):  [0, 0, 0, 0, 0, 0, 0]
cw_psl_correct_eval(pseudo label 클래스별 맞은 샘플 수):  [0, 0, 0, 0, 0, 0, 0]
psl_acc(PSL 평가에서의 정확도): None 
cw_psl_acc(클래스별 PSL 평가에서의 정확도):  [nan, nan, nan, nan, nan, nan, nan]
**pseudo_label ->  [0.0669, 0.1032, 0.4256, 0.1026, 0.1013, 0.1085, 0.0919] **
max =  0.4256 | max_idx =  2
**pseudo_label ->  [0.0574, 0.0633, 0.0816, 0.0865, 0.1601, 0.4063, 0.1449] **
max =  0.4063 | max_idx =  5
**pseudo_label ->  [0.0734, 0.0688, 0.1039, 0.1607, 0.401, 0.1009, 0.0913] **
max =  0.401 | max_idx =  4
**pseudo_label ->  [0.0711, 0.07, 0.0751, 0.1044, 0.2537, 0.3053, 0.1203] **
max =  0.3053 | max_idx =  5
**pseudo_label ->  [0.0649, 0.064, 0.102, 0.1221, 0.4307, 0.097, 0.1193] **
max =  0.4307 | max_idx =  4
Epoch 45/50, Train Loss: 0.8305, Valid Loss: 1.9368, Train Acc: 1.0000, Val Acc: 0.3029, Test Acc: 0.5082, Test F1: 0.3705, Total Pseudo-Labels: 0, Correct Pseudo-Labels: 0, Train Data Number: 70



line 303 => train data수 70
line 258 => 인스턴스 수 10
Step 450  Tim 0:44:29
acc_train_cw(현재 train의 class별 acc) [1.0, 1.0, 0.8, 1.0, 0.6, 0.2, 1.0]
cw_psl_total_eval(pseudo label 클래스별 총 샘플 수):  [0, 0, 0, 0, 0, 0, 0]
cw_psl_correct_eval(pseudo label 클래스별 맞은 샘플 수):  [0, 0, 0, 0, 0, 0, 0]
psl_acc(PSL 평가에서의 정확도): None 
cw_psl_acc(클래스별 PSL 평가에서의 정확도):  [nan, nan, nan, nan, nan, nan, nan]
**pseudo_label ->  [0.0705, 0.1047, 0.4303, 0.0782, 0.1211, 0.0988, 0.0965] **
max =  0.4303 | max_idx =  2
**pseudo_label ->  [0.0685, 0.0675, 0.0754, 0.0635, 0.129, 0.1647, 0.4314] **
max =  0.4314 | max_idx =  6
**pseudo_label ->  [0.0574, 0.0601, 0.3171, 0.1245, 0.2354, 0.0992, 0.1062] **
max =  0.3171 | max_idx =  2
**pseudo_label ->  [0.0462, 0.0562, 0.0852, 0.078, 0.1482, 0.4192, 0.1671] **
max =  0.4192 | max_idx =  5
**pseudo_label ->  [0.0558, 0.0518, 0.0969, 0.1176, 0.4087, 0.0829, 0.1864] **
max =  0.4087 | max_idx =  4
Epoch 46/50, Train Loss: 0.9405, Valid Loss: 1.8484, Train Acc: 0.8000, Val Acc: 0.2964, Test Acc: 0.3074, Test F1: 0.2600, Total Pseudo-Labels: 0, Correct Pseudo-Labels: 0, Train Data Number: 70



line 303 => train data수 70
line 258 => 인스턴스 수 10
Step 460  Tim 0:45:27
acc_train_cw(현재 train의 class별 acc) [1.0, 1.0, 1.0, 0.9, 1.0, 1.0, 0.6]
cw_psl_total_eval(pseudo label 클래스별 총 샘플 수):  [0, 0, 0, 0, 0, 0, 0]
cw_psl_correct_eval(pseudo label 클래스별 맞은 샘플 수):  [0, 0, 0, 0, 0, 0, 0]
psl_acc(PSL 평가에서의 정확도): None 
cw_psl_acc(클래스별 PSL 평가에서의 정확도):  [nan, nan, nan, nan, nan, nan, nan]
**pseudo_label ->  [0.0728, 0.0989, 0.4358, 0.0987, 0.1172, 0.0964, 0.08] **
max =  0.4358 | max_idx =  2
**pseudo_label ->  [0.0623, 0.0707, 0.1063, 0.0839, 0.0775, 0.4421, 0.1573] **
max =  0.4421 | max_idx =  5
**pseudo_label ->  [0.0716, 0.075, 0.2264, 0.1621, 0.3114, 0.0724, 0.081] **
max =  0.3114 | max_idx =  4
**pseudo_label ->  [0.061, 0.0642, 0.118, 0.1051, 0.0941, 0.4381, 0.1195] **
max =  0.4381 | max_idx =  5
**pseudo_label ->  [0.0647, 0.0595, 0.1444, 0.2308, 0.3415, 0.075, 0.0841] **
max =  0.3415 | max_idx =  4
Epoch 47/50, Train Loss: 0.8585, Valid Loss: 1.7379, Train Acc: 0.9286, Val Acc: 0.2638, Test Acc: 0.4672, Test F1: 0.3397, Total Pseudo-Labels: 0, Correct Pseudo-Labels: 0, Train Data Number: 70



line 303 => train data수 70
line 258 => 인스턴스 수 10
Step 470  Tim 0:46:25
acc_train_cw(현재 train의 class별 acc) [1.0, 0.5, 1.0, 1.0, 1.0, 0.9, 0.9]
cw_psl_total_eval(pseudo label 클래스별 총 샘플 수):  [0, 0, 0, 0, 0, 0, 0]
cw_psl_correct_eval(pseudo label 클래스별 맞은 샘플 수):  [0, 0, 0, 0, 0, 0, 0]
psl_acc(PSL 평가에서의 정확도): None 
cw_psl_acc(클래스별 PSL 평가에서의 정확도):  [nan, nan, nan, nan, nan, nan, nan]
**pseudo_label ->  [0.1103, 0.1239, 0.3738, 0.1438, 0.1284, 0.0631, 0.0567] **
max =  0.3738 | max_idx =  2
**pseudo_label ->  [0.0546, 0.0555, 0.0856, 0.0637, 0.0926, 0.4223, 0.2256] **
max =  0.4223 | max_idx =  5
**pseudo_label ->  [0.0641, 0.0686, 0.148, 0.1406, 0.4098, 0.0744, 0.0944] **
max =  0.4098 | max_idx =  4
**pseudo_label ->  [0.0555, 0.0515, 0.0834, 0.0884, 0.4537, 0.1223, 0.1452] **
max =  0.4537 | max_idx =  4
**pseudo_label ->  [0.0634, 0.0568, 0.1048, 0.1418, 0.4429, 0.0784, 0.1119] **
max =  0.4429 | max_idx =  4
Epoch 48/50, Train Loss: 0.8625, Valid Loss: 2.1220, Train Acc: 0.9000, Val Acc: 0.3518, Test Acc: 0.3586, Test F1: 0.2983, Total Pseudo-Labels: 0, Correct Pseudo-Labels: 0, Train Data Number: 70



line 303 => train data수 70
line 258 => 인스턴스 수 10
Step 480  Tim 0:47:23
acc_train_cw(현재 train의 class별 acc) [0.9, 0.9, 0.9, 0.8, 0.9, 1.0, 1.0]
cw_psl_total_eval(pseudo label 클래스별 총 샘플 수):  [0, 0, 0, 0, 0, 0, 0]
cw_psl_correct_eval(pseudo label 클래스별 맞은 샘플 수):  [0, 0, 0, 0, 0, 0, 0]
psl_acc(PSL 평가에서의 정확도): None 
cw_psl_acc(클래스별 PSL 평가에서의 정확도):  [nan, nan, nan, nan, nan, nan, nan]
**pseudo_label ->  [0.0597, 0.138, 0.4453, 0.0711, 0.0787, 0.1142, 0.093] **
max =  0.4453 | max_idx =  2
**pseudo_label ->  [0.0548, 0.0541, 0.0786, 0.0677, 0.0869, 0.4124, 0.2456] **
max =  0.4124 | max_idx =  5
**pseudo_label ->  [0.0466, 0.043, 0.0787, 0.0633, 0.108, 0.3717, 0.2888] **
max =  0.3717 | max_idx =  5
**pseudo_label ->  [0.0593, 0.0567, 0.0859, 0.0659, 0.0811, 0.416, 0.2351] **
max =  0.416 | max_idx =  5
**pseudo_label ->  [0.0532, 0.0526, 0.1034, 0.0876, 0.454, 0.0828, 0.1664] **
max =  0.454 | max_idx =  4
Epoch 49/50, Train Loss: 0.8100, Valid Loss: 1.7901, Train Acc: 0.9143, Val Acc: 0.2150, Test Acc: 0.5369, Test F1: 0.3474, Total Pseudo-Labels: 0, Correct Pseudo-Labels: 0, Train Data Number: 70



line 303 => train data수 70
line 258 => 인스턴스 수 10
Step 490  Tim 0:48:22
acc_train_cw(현재 train의 class별 acc) [1.0, 0.9, 1.0, 1.0, 1.0, 1.0, 0.9]
cw_psl_total_eval(pseudo label 클래스별 총 샘플 수):  [0, 0, 0, 0, 0, 0, 0]
cw_psl_correct_eval(pseudo label 클래스별 맞은 샘플 수):  [0, 0, 0, 0, 0, 0, 0]
psl_acc(PSL 평가에서의 정확도): None 
cw_psl_acc(클래스별 PSL 평가에서의 정확도):  [nan, nan, nan, nan, nan, nan, nan]
**pseudo_label ->  [0.0888, 0.151, 0.4303, 0.1041, 0.0968, 0.0593, 0.0697] **
max =  0.4303 | max_idx =  2
**pseudo_label ->  [0.0502, 0.0582, 0.1247, 0.0893, 0.0861, 0.4601, 0.1314] **
max =  0.4601 | max_idx =  5
**pseudo_label ->  [0.0529, 0.0435, 0.115, 0.2302, 0.3817, 0.0834, 0.0932] **
max =  0.3817 | max_idx =  4
**pseudo_label ->  [0.0584, 0.0494, 0.1139, 0.319, 0.0992, 0.2822, 0.0778] **
max =  0.319 | max_idx =  3
**pseudo_label ->  [0.0919, 0.0543, 0.0555, 0.5381, 0.1191, 0.0746, 0.0666] **
max =  0.5381 | max_idx =  3
Epoch 50/50, Train Loss: 0.7557, Valid Loss: 1.8130, Train Acc: 0.9714, Val Acc: 0.3160, Test Acc: 0.3135, Test F1: 0.2696, Total Pseudo-Labels: 0, Correct Pseudo-Labels: 0, Train Data Number: 70

Training complete!
Total training took 0:49:11 (h:mm:ss)
Load model from ./experiment/python_extended_data/output/10_codet5p-110m-embedding_0.00035_0.7_python_extended_data_net0.pth
Save training statistics in:  ./experiment/python_extended_data/log/codet5p/class7//10_codet5p-110m-embedding_0.00035_0.7_python_extended_data/training_statistics.csv

best_trian_loss, epoch => 0.7557456135749817 50
Epoch-1_train_loss => 1.97748761177063
max_epoch_train_loss => 0.7557456135749817 


best_val_loss, epoch =>  1.6335384024470947 42
Epoch-1_val_loss => 1.9626978919249793
max_epoch_val_loss => 1.8129626805696892 

pse_epoch =>  []
추가되는 pse_epoch =>  [] 

total_data:  70 
Best_step:  240 
Best_epoch:  24 
best_val_acc:  0.46254071661237783 
best_test_acc:  0.27459016393442626 
best_test_f1:  0.19648315037869507
Save best record in:  ./experiment/python_extended_data/log/codet5p/class7/summary.csv
Save best record in:  ./experiment/python_extended_data/log/summary_avgrun.csv
