current work directory:  /home/imsuhan22/few-shot-tc/custom_ssl/code
Data set -> python_extended_data
save_name: 10_codet5p-110m-embedding_0.00025_0.7_python_extended_data_37_[43]

data_path:  ../data/problem_based_split/python_extended_data

There are 2 GPU(s) available.
We will use the GPU- 0 Quadro RTX 8000

**line 147 모델 =>  Salesforce/codet5p-110m-embedding
**tokenizer type =  Salesforce/codet5p-110m-embedding 

pesudo label class개수 기준 -> 7
n_labeled_per_class:  10
train_df samples: 3974
train_labeled_df samples: 70
train_unlabeled_df samples: 3904
n_classes:  7 


net_arch:  Salesforce/codet5p-110m-embedding 
lr:  0.00025 
lr_linear:  0.001 




line 303 => train data수 70
line 258 => 인스턴스 수 10
Step 0  Tim 0:00:09
acc_train_cw(현재 train의 class별 acc) [0.0, 0.0, 0.0, 0.8, 0.0, 0.0, 0.0]
cw_psl_total_eval(pseudo label 클래스별 총 샘플 수):  [0, 0, 0, 0, 0, 0, 0]
cw_psl_correct_eval(pseudo label 클래스별 맞은 샘플 수):  [0, 0, 0, 0, 0, 0, 0]
psl_acc(PSL 평가에서의 정확도): None 
cw_psl_acc(클래스별 PSL 평가에서의 정확도):  [nan, nan, nan, nan, nan, nan, nan]
***best_acc_model_save --- epoch = 1***
Save model to ./experiment/python_extended_data/output/
**pseudo_label ->  [0.1485, 0.1408, 0.1327, 0.1466, 0.1419, 0.145, 0.1446] **
max =  0.1485 | max_idx =  0
**pseudo_label ->  [0.145, 0.1434, 0.1379, 0.153, 0.1468, 0.1334, 0.1404] **
max =  0.153 | max_idx =  3
**pseudo_label ->  [0.1492, 0.1354, 0.1322, 0.1554, 0.1472, 0.1376, 0.143] **
max =  0.1554 | max_idx =  3
**pseudo_label ->  [0.1437, 0.1443, 0.1339, 0.1532, 0.1492, 0.1317, 0.144] **
max =  0.1532 | max_idx =  3
**pseudo_label ->  [0.1479, 0.1396, 0.1311, 0.154, 0.1447, 0.1407, 0.142] **
max =  0.154 | max_idx =  3
Epoch 1/37, Train Loss: 1.9829, Valid Loss: 1.9836, Train Acc: 0.1143, Val Acc: 0.3485, Test Acc: 0.1660, Test F1(macro): 0.0646, Total Pseudo-Labels: 0, Correct Pseudo-Labels: 0, Train Data Number: 70



line 303 => train data수 70
line 258 => 인스턴스 수 10
Step 10  Tim 0:01:12
acc_train_cw(현재 train의 class별 acc) [0.1, 1.0, 0.0, 0.0, 0.0, 0.0, 0.0]
cw_psl_total_eval(pseudo label 클래스별 총 샘플 수):  [0, 0, 0, 0, 0, 0, 0]
cw_psl_correct_eval(pseudo label 클래스별 맞은 샘플 수):  [0, 0, 0, 0, 0, 0, 0]
psl_acc(PSL 평가에서의 정확도): None 
cw_psl_acc(클래스별 PSL 평가에서의 정확도):  [nan, nan, nan, nan, nan, nan, nan]
**pseudo_label ->  [0.1527, 0.1562, 0.1249, 0.1381, 0.1415, 0.1431, 0.1435] **
max =  0.1562 | max_idx =  1
**pseudo_label ->  [0.1502, 0.1552, 0.1242, 0.1376, 0.1425, 0.1452, 0.1451] **
max =  0.1552 | max_idx =  1
**pseudo_label ->  [0.1516, 0.156, 0.1257, 0.1371, 0.1417, 0.1425, 0.1454] **
max =  0.156 | max_idx =  1
**pseudo_label ->  [0.1512, 0.1555, 0.1237, 0.1391, 0.1417, 0.1437, 0.1453] **
max =  0.1555 | max_idx =  1
**pseudo_label ->  [0.151, 0.1568, 0.1243, 0.1372, 0.1415, 0.1457, 0.1435] **
max =  0.1568 | max_idx =  1
Epoch 2/37, Train Loss: 1.9495, Valid Loss: 1.9466, Train Acc: 0.1571, Val Acc: 0.0065, Test Acc: 0.2787, Test F1(macro): 0.0623, Total Pseudo-Labels: 0, Correct Pseudo-Labels: 0, Train Data Number: 70



line 303 => train data수 70
line 258 => 인스턴스 수 10
Step 20  Tim 0:02:11
acc_train_cw(현재 train의 class별 acc) [1.0, 0.0, 0.0, 1.0, 0.0, 0.0, 0.0]
cw_psl_total_eval(pseudo label 클래스별 총 샘플 수):  [0, 0, 0, 0, 0, 0, 0]
cw_psl_correct_eval(pseudo label 클래스별 맞은 샘플 수):  [0, 0, 0, 0, 0, 0, 0]
psl_acc(PSL 평가에서의 정확도): None 
cw_psl_acc(클래스별 PSL 평가에서의 정확도):  [nan, nan, nan, nan, nan, nan, nan]
***best_acc_model_save --- epoch = 3***
Save model to ./experiment/python_extended_data/output/
**pseudo_label ->  [0.1476, 0.1413, 0.1307, 0.1465, 0.1467, 0.1429, 0.1442] **
max =  0.1476 | max_idx =  0
**pseudo_label ->  [0.1484, 0.1434, 0.1291, 0.149, 0.1437, 0.1416, 0.1446] **
max =  0.149 | max_idx =  3
**pseudo_label ->  [0.1474, 0.1477, 0.1318, 0.1404, 0.1511, 0.1387, 0.143] **
max =  0.1511 | max_idx =  4
**pseudo_label ->  [0.1485, 0.1436, 0.129, 0.1495, 0.1435, 0.1415, 0.1444] **
max =  0.1495 | max_idx =  3
**pseudo_label ->  [0.149, 0.1437, 0.1288, 0.1493, 0.1437, 0.1411, 0.1444] **
max =  0.1493 | max_idx =  3
Epoch 3/37, Train Loss: 1.9430, Valid Loss: 1.9331, Train Acc: 0.2857, Val Acc: 0.3876, Test Acc: 0.1680, Test F1(macro): 0.0682, Total Pseudo-Labels: 0, Correct Pseudo-Labels: 0, Train Data Number: 70



line 303 => train data수 70
line 258 => 인스턴스 수 10
Step 30  Tim 0:03:21
acc_train_cw(현재 train의 class별 acc) [0.4, 0.0, 0.0, 0.9, 0.0, 0.0, 0.0]
cw_psl_total_eval(pseudo label 클래스별 총 샘플 수):  [0, 0, 0, 0, 0, 0, 0]
cw_psl_correct_eval(pseudo label 클래스별 맞은 샘플 수):  [0, 0, 0, 0, 0, 0, 0]
psl_acc(PSL 평가에서의 정확도): None 
cw_psl_acc(클래스별 PSL 평가에서의 정확도):  [nan, nan, nan, nan, nan, nan, nan]
***best_acc_model_save --- epoch = 4***
Save model to ./experiment/python_extended_data/output/
**pseudo_label ->  [0.145, 0.143, 0.1308, 0.1509, 0.1448, 0.1399, 0.1455] **
max =  0.1509 | max_idx =  3
**pseudo_label ->  [0.1448, 0.1423, 0.1314, 0.1502, 0.145, 0.1405, 0.1458] **
max =  0.1502 | max_idx =  3
**pseudo_label ->  [0.1456, 0.1431, 0.1303, 0.1514, 0.1449, 0.1396, 0.1451] **
max =  0.1514 | max_idx =  3
**pseudo_label ->  [0.1447, 0.1424, 0.1311, 0.1502, 0.145, 0.1404, 0.1461] **
max =  0.1502 | max_idx =  3
**pseudo_label ->  [0.146, 0.1432, 0.1306, 0.1513, 0.1447, 0.1395, 0.1447] **
max =  0.1513 | max_idx =  3
Epoch 4/37, Train Loss: 1.9058, Valid Loss: 1.8967, Train Acc: 0.1857, Val Acc: 0.3974, Test Acc: 0.1660, Test F1(macro): 0.0706, Total Pseudo-Labels: 0, Correct Pseudo-Labels: 0, Train Data Number: 70



line 303 => train data수 70
line 258 => 인스턴스 수 10
Step 40  Tim 0:04:31
acc_train_cw(현재 train의 class별 acc) [0.8, 0.6, 0.0, 0.7, 0.0, 1.0, 0.1]
cw_psl_total_eval(pseudo label 클래스별 총 샘플 수):  [0, 0, 0, 0, 0, 0, 0]
cw_psl_correct_eval(pseudo label 클래스별 맞은 샘플 수):  [0, 0, 0, 0, 0, 0, 0]
psl_acc(PSL 평가에서의 정확도): None 
cw_psl_acc(클래스별 PSL 평가에서의 정확도):  [nan, nan, nan, nan, nan, nan, nan]
**pseudo_label ->  [0.1146, 0.115, 0.1567, 0.1263, 0.1471, 0.1743, 0.166] **
max =  0.1743 | max_idx =  5
**pseudo_label ->  [0.1254, 0.1257, 0.1487, 0.1331, 0.1473, 0.1604, 0.1594] **
max =  0.1604 | max_idx =  5
**pseudo_label ->  [0.111, 0.1162, 0.1509, 0.1336, 0.1458, 0.1777, 0.1648] **
max =  0.1777 | max_idx =  5
**pseudo_label ->  [0.1166, 0.1192, 0.1567, 0.1251, 0.1503, 0.1702, 0.1619] **
max =  0.1702 | max_idx =  5
**pseudo_label ->  [0.1093, 0.1185, 0.1517, 0.1353, 0.1488, 0.1747, 0.1617] **
max =  0.1747 | max_idx =  5
Epoch 5/37, Train Loss: 1.8671, Valid Loss: 1.9398, Train Acc: 0.4571, Val Acc: 0.2443, Test Acc: 0.4467, Test F1(macro): 0.2323, Total Pseudo-Labels: 0, Correct Pseudo-Labels: 0, Train Data Number: 70



line 303 => train data수 70
line 258 => 인스턴스 수 10
Step 50  Tim 0:05:31
acc_train_cw(현재 train의 class별 acc) [0.7, 0.8, 0.0, 0.2, 0.0, 0.9, 0.0]
cw_psl_total_eval(pseudo label 클래스별 총 샘플 수):  [0, 0, 0, 0, 0, 0, 0]
cw_psl_correct_eval(pseudo label 클래스별 맞은 샘플 수):  [0, 0, 0, 0, 0, 0, 0]
psl_acc(PSL 평가에서의 정확도): None 
cw_psl_acc(클래스별 PSL 평가에서의 정확도):  [nan, nan, nan, nan, nan, nan, nan]
**pseudo_label ->  [0.1511, 0.1187, 0.1368, 0.1189, 0.1578, 0.1579, 0.1588] **
max =  0.1588 | max_idx =  6
**pseudo_label ->  [0.1157, 0.1036, 0.1327, 0.1267, 0.1638, 0.1976, 0.16] **
max =  0.1976 | max_idx =  5
**pseudo_label ->  [0.1159, 0.103, 0.1321, 0.1299, 0.1635, 0.1979, 0.1576] **
max =  0.1979 | max_idx =  5
**pseudo_label ->  [0.1165, 0.1033, 0.1331, 0.1259, 0.1638, 0.1962, 0.1611] **
max =  0.1962 | max_idx =  5
**pseudo_label ->  [0.1171, 0.1028, 0.1307, 0.1318, 0.1647, 0.1973, 0.1556] **
max =  0.1973 | max_idx =  5
Epoch 6/37, Train Loss: 1.7912, Valid Loss: 1.9553, Train Acc: 0.3714, Val Acc: 0.0717, Test Acc: 0.5553, Test F1(macro): 0.2644, Total Pseudo-Labels: 0, Correct Pseudo-Labels: 0, Train Data Number: 70



line 303 => train data수 70
line 258 => 인스턴스 수 10
Step 60  Tim 0:06:30
acc_train_cw(현재 train의 class별 acc) [0.0, 0.9, 0.0, 0.4, 0.0, 0.1, 0.8]
cw_psl_total_eval(pseudo label 클래스별 총 샘플 수):  [0, 0, 0, 0, 0, 0, 0]
cw_psl_correct_eval(pseudo label 클래스별 맞은 샘플 수):  [0, 0, 0, 0, 0, 0, 0]
psl_acc(PSL 평가에서의 정확도): None 
cw_psl_acc(클래스별 PSL 평가에서의 정확도):  [nan, nan, nan, nan, nan, nan, nan]
**pseudo_label ->  [0.1885, 0.19, 0.1406, 0.1128, 0.1216, 0.1074, 0.1391] **
max =  0.19 | max_idx =  1
**pseudo_label ->  [0.1286, 0.1045, 0.1495, 0.1099, 0.1608, 0.1618, 0.1849] **
max =  0.1849 | max_idx =  6
**pseudo_label ->  [0.1382, 0.1268, 0.1441, 0.1261, 0.1505, 0.1489, 0.1654] **
max =  0.1654 | max_idx =  6
**pseudo_label ->  [0.1374, 0.1121, 0.1514, 0.1058, 0.1552, 0.1522, 0.1859] **
max =  0.1859 | max_idx =  6
**pseudo_label ->  [0.1877, 0.2012, 0.1376, 0.1177, 0.1164, 0.1078, 0.1316] **
max =  0.2012 | max_idx =  1
Epoch 7/37, Train Loss: 1.7646, Valid Loss: 1.8275, Train Acc: 0.3143, Val Acc: 0.0847, Test Acc: 0.3217, Test F1(macro): 0.1501, Total Pseudo-Labels: 0, Correct Pseudo-Labels: 0, Train Data Number: 70



line 303 => train data수 70
line 258 => 인스턴스 수 10
Step 70  Tim 0:07:29
acc_train_cw(현재 train의 class별 acc) [0.3, 0.8, 0.3, 1.0, 0.0, 0.8, 0.9]
cw_psl_total_eval(pseudo label 클래스별 총 샘플 수):  [0, 0, 0, 0, 0, 0, 0]
cw_psl_correct_eval(pseudo label 클래스별 맞은 샘플 수):  [0, 0, 0, 0, 0, 0, 0]
psl_acc(PSL 평가에서의 정확도): None 
cw_psl_acc(클래스별 PSL 평가에서의 정확도):  [nan, nan, nan, nan, nan, nan, nan]
**pseudo_label ->  [0.1676, 0.1776, 0.1086, 0.2105, 0.1222, 0.1089, 0.1046] **
max =  0.2105 | max_idx =  3
**pseudo_label ->  [0.1018, 0.097, 0.1471, 0.1238, 0.1695, 0.1812, 0.1796] **
max =  0.1812 | max_idx =  5
**pseudo_label ->  [0.099, 0.0955, 0.1403, 0.1408, 0.1721, 0.1849, 0.1674] **
max =  0.1849 | max_idx =  5
**pseudo_label ->  [0.1036, 0.0967, 0.1516, 0.1208, 0.1659, 0.1804, 0.1811] **
max =  0.1811 | max_idx =  6
**pseudo_label ->  [0.1789, 0.1965, 0.1094, 0.1896, 0.1147, 0.1062, 0.1048] **
max =  0.1965 | max_idx =  1
Epoch 8/37, Train Loss: 1.7346, Valid Loss: 1.8516, Train Acc: 0.5857, Val Acc: 0.3290, Test Acc: 0.5246, Test F1(macro): 0.3062, Total Pseudo-Labels: 0, Correct Pseudo-Labels: 0, Train Data Number: 70



line 303 => train data수 70
line 258 => 인스턴스 수 10
Step 80  Tim 0:08:28
acc_train_cw(현재 train의 class별 acc) [0.4, 1.0, 0.0, 0.8, 0.0, 0.5, 0.3]
cw_psl_total_eval(pseudo label 클래스별 총 샘플 수):  [0, 0, 0, 0, 0, 0, 0]
cw_psl_correct_eval(pseudo label 클래스별 맞은 샘플 수):  [0, 0, 0, 0, 0, 0, 0]
psl_acc(PSL 평가에서의 정확도): None 
cw_psl_acc(클래스별 PSL 평가에서의 정확도):  [nan, nan, nan, nan, nan, nan, nan]
**pseudo_label ->  [0.1734, 0.1916, 0.1095, 0.2056, 0.1124, 0.106, 0.1015] **
max =  0.2056 | max_idx =  3
**pseudo_label ->  [0.0964, 0.097, 0.1337, 0.131, 0.172, 0.1926, 0.1772] **
max =  0.1926 | max_idx =  5
**pseudo_label ->  [0.1145, 0.127, 0.1084, 0.2302, 0.1437, 0.1534, 0.1228] **
max =  0.2302 | max_idx =  3
**pseudo_label ->  [0.1117, 0.1211, 0.1131, 0.2304, 0.1414, 0.1548, 0.1274] **
max =  0.2304 | max_idx =  3
**pseudo_label ->  [0.1775, 0.2019, 0.1084, 0.1942, 0.1106, 0.1056, 0.1018] **
max =  0.2019 | max_idx =  1
Epoch 9/37, Train Loss: 1.7034, Valid Loss: 1.7929, Train Acc: 0.4286, Val Acc: 0.3029, Test Acc: 0.5041, Test F1(macro): 0.2559, Total Pseudo-Labels: 0, Correct Pseudo-Labels: 0, Train Data Number: 70



line 303 => train data수 70
line 258 => 인스턴스 수 10
Step 90  Tim 0:09:27
acc_train_cw(현재 train의 class별 acc) [0.9, 0.8, 0.2, 0.9, 0.0, 0.7, 0.7]
cw_psl_total_eval(pseudo label 클래스별 총 샘플 수):  [0, 0, 0, 0, 0, 0, 0]
cw_psl_correct_eval(pseudo label 클래스별 맞은 샘플 수):  [0, 0, 0, 0, 0, 0, 0]
psl_acc(PSL 평가에서의 정확도): None 
cw_psl_acc(클래스별 PSL 평가에서의 정확도):  [nan, nan, nan, nan, nan, nan, nan]
**pseudo_label ->  [0.1052, 0.0836, 0.1314, 0.1723, 0.1702, 0.1839, 0.1535] **
max =  0.1839 | max_idx =  5
**pseudo_label ->  [0.1004, 0.087, 0.1416, 0.1256, 0.1763, 0.187, 0.1822] **
max =  0.187 | max_idx =  5
**pseudo_label ->  [0.102, 0.0855, 0.1291, 0.1612, 0.1688, 0.1939, 0.1596] **
max =  0.1939 | max_idx =  5
**pseudo_label ->  [0.1033, 0.0872, 0.1453, 0.1201, 0.1772, 0.183, 0.1839] **
max =  0.1839 | max_idx =  6
**pseudo_label ->  [0.1011, 0.0893, 0.1231, 0.1751, 0.1662, 0.1933, 0.1518] **
max =  0.1933 | max_idx =  5
Epoch 10/37, Train Loss: 1.6769, Valid Loss: 1.8902, Train Acc: 0.6000, Val Acc: 0.3876, Test Acc: 0.3975, Test F1(macro): 0.2927, Total Pseudo-Labels: 0, Correct Pseudo-Labels: 0, Train Data Number: 70



line 303 => train data수 70
line 258 => 인스턴스 수 10
Step 100  Tim 0:10:25
acc_train_cw(현재 train의 class별 acc) [0.8, 0.9, 0.5, 0.8, 0.0, 0.3, 1.0]
cw_psl_total_eval(pseudo label 클래스별 총 샘플 수):  [0, 0, 0, 0, 0, 0, 0]
cw_psl_correct_eval(pseudo label 클래스별 맞은 샘플 수):  [0, 0, 0, 0, 0, 0, 0]
psl_acc(PSL 평가에서의 정확도): None 
cw_psl_acc(클래스별 PSL 평가에서의 정확도):  [nan, nan, nan, nan, nan, nan, nan]
**pseudo_label ->  [0.0946, 0.1059, 0.1205, 0.1197, 0.1871, 0.1938, 0.1784] **
max =  0.1938 | max_idx =  5
**pseudo_label ->  [0.1026, 0.1134, 0.1328, 0.098, 0.1797, 0.1793, 0.1942] **
max =  0.1942 | max_idx =  6
**pseudo_label ->  [0.0942, 0.1075, 0.1116, 0.1364, 0.1761, 0.207, 0.1671] **
max =  0.207 | max_idx =  5
**pseudo_label ->  [0.1056, 0.1148, 0.1377, 0.0949, 0.1771, 0.1721, 0.1979] **
max =  0.1979 | max_idx =  6
**pseudo_label ->  [0.0962, 0.11, 0.115, 0.1202, 0.1819, 0.1999, 0.1768] **
max =  0.1999 | max_idx =  5
Epoch 11/37, Train Loss: 1.6224, Valid Loss: 1.8342, Train Acc: 0.6143, Val Acc: 0.2866, Test Acc: 0.2439, Test F1(macro): 0.1890, Total Pseudo-Labels: 0, Correct Pseudo-Labels: 0, Train Data Number: 70



line 303 => train data수 70
line 258 => 인스턴스 수 10
Step 110  Tim 0:11:24
acc_train_cw(현재 train의 class별 acc) [1.0, 0.9, 0.7, 0.9, 0.0, 1.0, 0.3]
cw_psl_total_eval(pseudo label 클래스별 총 샘플 수):  [0, 0, 0, 0, 0, 0, 0]
cw_psl_correct_eval(pseudo label 클래스별 맞은 샘플 수):  [0, 0, 0, 0, 0, 0, 0]
psl_acc(PSL 평가에서의 정확도): None 
cw_psl_acc(클래스별 PSL 평가에서의 정확도):  [nan, nan, nan, nan, nan, nan, nan]
**pseudo_label ->  [0.119, 0.0798, 0.1505, 0.1613, 0.1786, 0.1683, 0.1426] **
max =  0.1786 | max_idx =  4
**pseudo_label ->  [0.0894, 0.1016, 0.1255, 0.1228, 0.1722, 0.215, 0.1735] **
max =  0.215 | max_idx =  5
**pseudo_label ->  [0.0917, 0.096, 0.1286, 0.1341, 0.1686, 0.2195, 0.1615] **
max =  0.2195 | max_idx =  5
**pseudo_label ->  [0.0893, 0.0979, 0.1267, 0.1273, 0.1713, 0.2163, 0.1712] **
max =  0.2163 | max_idx =  5
**pseudo_label ->  [0.0963, 0.1218, 0.101, 0.1874, 0.1622, 0.1946, 0.1368] **
max =  0.1946 | max_idx =  5
Epoch 12/37, Train Loss: 1.5766, Valid Loss: 1.8014, Train Acc: 0.6857, Val Acc: 0.3160, Test Acc: 0.5266, Test F1(macro): 0.3113, Total Pseudo-Labels: 0, Correct Pseudo-Labels: 0, Train Data Number: 70



line 303 => train data수 70
line 258 => 인스턴스 수 10
Step 120  Tim 0:12:22
acc_train_cw(현재 train의 class별 acc) [1.0, 0.9, 0.8, 1.0, 0.3, 0.9, 1.0]
cw_psl_total_eval(pseudo label 클래스별 총 샘플 수):  [0, 0, 0, 0, 0, 0, 0]
cw_psl_correct_eval(pseudo label 클래스별 맞은 샘플 수):  [0, 0, 0, 0, 0, 0, 0]
psl_acc(PSL 평가에서의 정확도): None 
cw_psl_acc(클래스별 PSL 평가에서의 정확도):  [nan, nan, nan, nan, nan, nan, nan]
**pseudo_label ->  [0.1474, 0.0884, 0.1991, 0.1245, 0.1579, 0.1392, 0.1434] **
max =  0.1991 | max_idx =  2
**pseudo_label ->  [0.0947, 0.0957, 0.1267, 0.1065, 0.1826, 0.2015, 0.1924] **
max =  0.2015 | max_idx =  5
**pseudo_label ->  [0.1098, 0.0868, 0.1901, 0.105, 0.1626, 0.1723, 0.1735] **
max =  0.1901 | max_idx =  2
**pseudo_label ->  [0.0963, 0.0894, 0.1308, 0.1094, 0.18, 0.2023, 0.1918] **
max =  0.2023 | max_idx =  5
**pseudo_label ->  [0.0978, 0.1242, 0.1474, 0.0924, 0.17, 0.1765, 0.1917] **
max =  0.1917 | max_idx =  6
Epoch 13/37, Train Loss: 1.5229, Valid Loss: 1.7974, Train Acc: 0.8429, Val Acc: 0.3648, Test Acc: 0.3934, Test F1(macro): 0.2855, Total Pseudo-Labels: 0, Correct Pseudo-Labels: 0, Train Data Number: 70



line 303 => train data수 70
line 258 => 인스턴스 수 10
Step 130  Tim 0:13:20
acc_train_cw(현재 train의 class별 acc) [1.0, 1.0, 0.9, 1.0, 0.6, 0.9, 0.9]
cw_psl_total_eval(pseudo label 클래스별 총 샘플 수):  [0, 0, 0, 0, 0, 0, 0]
cw_psl_correct_eval(pseudo label 클래스별 맞은 샘플 수):  [0, 0, 0, 0, 0, 0, 0]
psl_acc(PSL 평가에서의 정확도): None 
cw_psl_acc(클래스별 PSL 평가에서의 정확도):  [nan, nan, nan, nan, nan, nan, nan]
**pseudo_label ->  [0.0991, 0.1075, 0.1215, 0.127, 0.2245, 0.1681, 0.1523] **
max =  0.2245 | max_idx =  4
**pseudo_label ->  [0.0899, 0.1064, 0.1111, 0.1105, 0.1861, 0.2015, 0.1945] **
max =  0.2015 | max_idx =  5
**pseudo_label ->  [0.0937, 0.1008, 0.1136, 0.1253, 0.1923, 0.219, 0.1553] **
max =  0.219 | max_idx =  5
**pseudo_label ->  [0.0916, 0.1012, 0.1087, 0.1179, 0.1844, 0.2123, 0.1838] **
max =  0.2123 | max_idx =  5
**pseudo_label ->  [0.0898, 0.1309, 0.1042, 0.1159, 0.1928, 0.1957, 0.1707] **
max =  0.1957 | max_idx =  5
Epoch 14/37, Train Loss: 1.4588, Valid Loss: 1.7759, Train Acc: 0.9000, Val Acc: 0.3844, Test Acc: 0.5225, Test F1(macro): 0.3446, Total Pseudo-Labels: 0, Correct Pseudo-Labels: 0, Train Data Number: 70



line 303 => train data수 70
line 258 => 인스턴스 수 10
Step 140  Tim 0:14:19
acc_train_cw(현재 train의 class별 acc) [1.0, 1.0, 0.9, 1.0, 0.5, 0.9, 1.0]
cw_psl_total_eval(pseudo label 클래스별 총 샘플 수):  [0, 0, 0, 0, 0, 0, 0]
cw_psl_correct_eval(pseudo label 클래스별 맞은 샘플 수):  [0, 0, 0, 0, 0, 0, 0]
psl_acc(PSL 평가에서의 정확도): None 
cw_psl_acc(클래스별 PSL 평가에서의 정확도):  [nan, nan, nan, nan, nan, nan, nan]
***best_acc_model_save --- epoch = 15***
Save model to ./experiment/python_extended_data/output/
**pseudo_label ->  [0.1286, 0.101, 0.1799, 0.1167, 0.2067, 0.126, 0.1411] **
max =  0.2067 | max_idx =  4
**pseudo_label ->  [0.0932, 0.0903, 0.1217, 0.1098, 0.1675, 0.2111, 0.2063] **
max =  0.2111 | max_idx =  5
**pseudo_label ->  [0.1435, 0.0864, 0.1637, 0.1164, 0.1453, 0.2022, 0.1424] **
max =  0.2022 | max_idx =  5
**pseudo_label ->  [0.1006, 0.0851, 0.1211, 0.1205, 0.1585, 0.224, 0.1903] **
max =  0.224 | max_idx =  5
**pseudo_label ->  [0.1078, 0.209, 0.0975, 0.1195, 0.1403, 0.1513, 0.1745] **
max =  0.209 | max_idx =  1
Epoch 15/37, Train Loss: 1.4073, Valid Loss: 1.7744, Train Acc: 0.9000, Val Acc: 0.4007, Test Acc: 0.3934, Test F1(macro): 0.2944, Total Pseudo-Labels: 0, Correct Pseudo-Labels: 0, Train Data Number: 70



line 303 => train data수 70
line 258 => 인스턴스 수 10
Step 150  Tim 0:15:29
acc_train_cw(현재 train의 class별 acc) [1.0, 1.0, 0.9, 1.0, 0.9, 1.0, 0.6]
cw_psl_total_eval(pseudo label 클래스별 총 샘플 수):  [0, 0, 0, 0, 0, 0, 0]
cw_psl_correct_eval(pseudo label 클래스별 맞은 샘플 수):  [0, 0, 0, 0, 0, 0, 0]
psl_acc(PSL 평가에서의 정확도): None 
cw_psl_acc(클래스별 PSL 평가에서의 정확도):  [nan, nan, nan, nan, nan, nan, nan]
***best_acc_model_save --- epoch = 16***
Save model to ./experiment/python_extended_data/output/
**pseudo_label ->  [0.1127, 0.1141, 0.1389, 0.1252, 0.2439, 0.1263, 0.1388] **
max =  0.2439 | max_idx =  4
**pseudo_label ->  [0.091, 0.1082, 0.1016, 0.1169, 0.1695, 0.2324, 0.1804] **
max =  0.2324 | max_idx =  5
**pseudo_label ->  [0.1088, 0.1041, 0.1446, 0.1352, 0.1624, 0.2307, 0.1142] **
max =  0.2307 | max_idx =  5
**pseudo_label ->  [0.0927, 0.1008, 0.1109, 0.1239, 0.1693, 0.2461, 0.1563] **
max =  0.2461 | max_idx =  5
**pseudo_label ->  [0.1141, 0.2489, 0.0914, 0.1377, 0.1262, 0.1331, 0.1485] **
max =  0.2489 | max_idx =  1
Epoch 16/37, Train Loss: 1.3805, Valid Loss: 1.7465, Train Acc: 0.9143, Val Acc: 0.4137, Test Acc: 0.4590, Test F1(macro): 0.3096, Total Pseudo-Labels: 0, Correct Pseudo-Labels: 0, Train Data Number: 70



line 303 => train data수 70
line 258 => 인스턴스 수 10
Step 160  Tim 0:16:39
acc_train_cw(현재 train의 class별 acc) [1.0, 1.0, 0.9, 1.0, 0.6, 0.9, 1.0]
cw_psl_total_eval(pseudo label 클래스별 총 샘플 수):  [0, 0, 0, 0, 0, 0, 0]
cw_psl_correct_eval(pseudo label 클래스별 맞은 샘플 수):  [0, 0, 0, 0, 0, 0, 0]
psl_acc(PSL 평가에서의 정확도): None 
cw_psl_acc(클래스별 PSL 평가에서의 정확도):  [nan, nan, nan, nan, nan, nan, nan]
***best_acc_model_save --- epoch = 17***
Save model to ./experiment/python_extended_data/output/
**pseudo_label ->  [0.1248, 0.1187, 0.2454, 0.1204, 0.1435, 0.1269, 0.1203] **
max =  0.2454 | max_idx =  2
**pseudo_label ->  [0.0954, 0.0971, 0.1239, 0.1096, 0.1336, 0.2229, 0.2175] **
max =  0.2229 | max_idx =  5
**pseudo_label ->  [0.1227, 0.1125, 0.24, 0.1282, 0.1145, 0.1589, 0.1232] **
max =  0.24 | max_idx =  2
**pseudo_label ->  [0.0968, 0.0918, 0.1349, 0.1108, 0.1333, 0.2426, 0.1897] **
max =  0.2426 | max_idx =  5
**pseudo_label ->  [0.1043, 0.2381, 0.1094, 0.1331, 0.1126, 0.1378, 0.1647] **
max =  0.2381 | max_idx =  1
Epoch 17/37, Train Loss: 1.3297, Valid Loss: 1.7508, Train Acc: 0.9143, Val Acc: 0.4300, Test Acc: 0.4098, Test F1(macro): 0.3045, Total Pseudo-Labels: 0, Correct Pseudo-Labels: 0, Train Data Number: 70



line 303 => train data수 70
line 258 => 인스턴스 수 10
Step 170  Tim 0:17:50
acc_train_cw(현재 train의 class별 acc) [1.0, 1.0, 0.8, 1.0, 1.0, 0.9, 1.0]
cw_psl_total_eval(pseudo label 클래스별 총 샘플 수):  [0, 0, 0, 0, 0, 0, 0]
cw_psl_correct_eval(pseudo label 클래스별 맞은 샘플 수):  [0, 0, 0, 0, 0, 0, 0]
psl_acc(PSL 평가에서의 정확도): None 
cw_psl_acc(클래스별 PSL 평가에서의 정확도):  [nan, nan, nan, nan, nan, nan, nan]
**pseudo_label ->  [0.131, 0.1278, 0.1352, 0.1186, 0.2478, 0.1034, 0.1361] **
max =  0.2478 | max_idx =  4
**pseudo_label ->  [0.0983, 0.108, 0.1123, 0.111, 0.1271, 0.2182, 0.225] **
max =  0.225 | max_idx =  6
**pseudo_label ->  [0.1187, 0.1085, 0.2354, 0.1188, 0.1188, 0.1781, 0.1219] **
max =  0.2354 | max_idx =  2
**pseudo_label ->  [0.099, 0.1007, 0.1124, 0.1206, 0.1362, 0.2645, 0.1665] **
max =  0.2645 | max_idx =  5
**pseudo_label ->  [0.1301, 0.3049, 0.1048, 0.1241, 0.1081, 0.1066, 0.1214] **
max =  0.3049 | max_idx =  1
Epoch 18/37, Train Loss: 1.3127, Valid Loss: 1.8189, Train Acc: 0.9571, Val Acc: 0.4072, Test Acc: 0.4365, Test F1(macro): 0.3364, Total Pseudo-Labels: 0, Correct Pseudo-Labels: 0, Train Data Number: 70



line 303 => train data수 70
line 258 => 인스턴스 수 10
Step 180  Tim 0:18:49
acc_train_cw(현재 train의 class별 acc) [1.0, 1.0, 0.7, 1.0, 1.0, 1.0, 1.0]
cw_psl_total_eval(pseudo label 클래스별 총 샘플 수):  [0, 0, 0, 0, 0, 0, 0]
cw_psl_correct_eval(pseudo label 클래스별 맞은 샘플 수):  [0, 0, 0, 0, 0, 0, 0]
psl_acc(PSL 평가에서의 정확도): None 
cw_psl_acc(클래스별 PSL 평가에서의 정확도):  [nan, nan, nan, nan, nan, nan, nan]
**pseudo_label ->  [0.1071, 0.1082, 0.1174, 0.1279, 0.2703, 0.1411, 0.1281] **
max =  0.2703 | max_idx =  4
**pseudo_label ->  [0.0942, 0.0943, 0.1091, 0.1188, 0.1404, 0.2657, 0.1775] **
max =  0.2657 | max_idx =  5
**pseudo_label ->  [0.0975, 0.101, 0.1081, 0.1387, 0.1423, 0.2728, 0.1396] **
max =  0.2728 | max_idx =  5
**pseudo_label ->  [0.093, 0.0941, 0.1095, 0.1248, 0.1439, 0.2704, 0.1643] **
max =  0.2704 | max_idx =  5
**pseudo_label ->  [0.0904, 0.0982, 0.1043, 0.1129, 0.1575, 0.2607, 0.1761] **
max =  0.2607 | max_idx =  5
Epoch 19/37, Train Loss: 1.3102, Valid Loss: 1.7370, Train Acc: 0.9571, Val Acc: 0.3094, Test Acc: 0.4016, Test F1(macro): 0.2545, Total Pseudo-Labels: 0, Correct Pseudo-Labels: 0, Train Data Number: 70



line 303 => train data수 70
line 258 => 인스턴스 수 10
Step 190  Tim 0:19:49
acc_train_cw(현재 train의 class별 acc) [1.0, 1.0, 1.0, 1.0, 1.0, 1.0, 0.7]
cw_psl_total_eval(pseudo label 클래스별 총 샘플 수):  [0, 0, 0, 0, 0, 0, 0]
cw_psl_correct_eval(pseudo label 클래스별 맞은 샘플 수):  [0, 0, 0, 0, 0, 0, 0]
psl_acc(PSL 평가에서의 정확도): None 
cw_psl_acc(클래스별 PSL 평가에서의 정확도):  [nan, nan, nan, nan, nan, nan, nan]
**pseudo_label ->  [0.1146, 0.1122, 0.1201, 0.1194, 0.2768, 0.1168, 0.1401] **
max =  0.2768 | max_idx =  4
**pseudo_label ->  [0.1079, 0.1171, 0.1151, 0.0976, 0.1182, 0.1978, 0.2464] **
max =  0.2464 | max_idx =  6
**pseudo_label ->  [0.1125, 0.0964, 0.1428, 0.1542, 0.1106, 0.2608, 0.1227] **
max =  0.2608 | max_idx =  5
**pseudo_label ->  [0.0984, 0.1002, 0.1149, 0.1121, 0.1583, 0.2727, 0.1434] **
max =  0.2727 | max_idx =  5
**pseudo_label ->  [0.1302, 0.3172, 0.0958, 0.1167, 0.1169, 0.102, 0.1212] **
max =  0.3172 | max_idx =  1
Epoch 20/37, Train Loss: 1.2806, Valid Loss: 1.7791, Train Acc: 0.9571, Val Acc: 0.4007, Test Acc: 0.4344, Test F1(macro): 0.3108, Total Pseudo-Labels: 0, Correct Pseudo-Labels: 0, Train Data Number: 70



line 303 => train data수 70
line 258 => 인스턴스 수 10
Step 200  Tim 0:20:47
acc_train_cw(현재 train의 class별 acc) [1.0, 0.9, 0.8, 1.0, 0.9, 0.9, 1.0]
cw_psl_total_eval(pseudo label 클래스별 총 샘플 수):  [0, 0, 0, 0, 0, 0, 0]
cw_psl_correct_eval(pseudo label 클래스별 맞은 샘플 수):  [0, 0, 0, 0, 0, 0, 0]
psl_acc(PSL 평가에서의 정확도): None 
cw_psl_acc(클래스별 PSL 평가에서의 정확도):  [nan, nan, nan, nan, nan, nan, nan]
**pseudo_label ->  [0.1057, 0.0903, 0.1184, 0.1078, 0.2215, 0.1191, 0.2373] **
max =  0.2373 | max_idx =  6
**pseudo_label ->  [0.084, 0.0816, 0.1411, 0.0966, 0.1579, 0.2618, 0.177] **
max =  0.2618 | max_idx =  5
**pseudo_label ->  [0.0923, 0.0921, 0.1466, 0.1071, 0.1543, 0.2734, 0.1342] **
max =  0.2734 | max_idx =  5
**pseudo_label ->  [0.0838, 0.0774, 0.1315, 0.0986, 0.2329, 0.2072, 0.1686] **
max =  0.2329 | max_idx =  4
**pseudo_label ->  [0.1144, 0.1004, 0.1215, 0.1107, 0.1483, 0.1242, 0.2804] **
max =  0.2804 | max_idx =  6
Epoch 21/37, Train Loss: 1.3023, Valid Loss: 1.7311, Train Acc: 0.9286, Val Acc: 0.3681, Test Acc: 0.4652, Test F1(macro): 0.3429, Total Pseudo-Labels: 0, Correct Pseudo-Labels: 0, Train Data Number: 70



line 303 => train data수 70
line 258 => 인스턴스 수 10
Step 210  Tim 0:21:46
acc_train_cw(현재 train의 class별 acc) [1.0, 0.9, 0.7, 1.0, 1.0, 0.8, 1.0]
cw_psl_total_eval(pseudo label 클래스별 총 샘플 수):  [0, 0, 0, 0, 0, 0, 0]
cw_psl_correct_eval(pseudo label 클래스별 맞은 샘플 수):  [0, 0, 0, 0, 0, 0, 0]
psl_acc(PSL 평가에서의 정확도): None 
cw_psl_acc(클래스별 PSL 평가에서의 정확도):  [nan, nan, nan, nan, nan, nan, nan]
***best_acc_model_save --- epoch = 22***
Save model to ./experiment/python_extended_data/output/
**pseudo_label ->  [0.1237, 0.1281, 0.1, 0.1682, 0.2611, 0.1105, 0.1084] **
max =  0.2611 | max_idx =  4
**pseudo_label ->  [0.1113, 0.1119, 0.1059, 0.1065, 0.1319, 0.145, 0.2875] **
max =  0.2875 | max_idx =  6
**pseudo_label ->  [0.1098, 0.0989, 0.1569, 0.254, 0.0876, 0.153, 0.1398] **
max =  0.254 | max_idx =  3
**pseudo_label ->  [0.1261, 0.1205, 0.0942, 0.3306, 0.1104, 0.1164, 0.1018] **
max =  0.3306 | max_idx =  3
**pseudo_label ->  [0.1183, 0.3154, 0.0941, 0.1054, 0.1247, 0.1055, 0.1365] **
max =  0.3154 | max_idx =  1
Epoch 22/37, Train Loss: 1.4091, Valid Loss: 1.9632, Train Acc: 0.9143, Val Acc: 0.4691, Test Acc: 0.2684, Test F1(macro): 0.2072, Total Pseudo-Labels: 0, Correct Pseudo-Labels: 0, Train Data Number: 70



line 303 => train data수 70
line 258 => 인스턴스 수 10
Step 220  Tim 0:22:57
acc_train_cw(현재 train의 class별 acc) [1.0, 0.8, 0.5, 0.8, 0.7, 0.8, 1.0]
cw_psl_total_eval(pseudo label 클래스별 총 샘플 수):  [0, 0, 0, 0, 0, 0, 0]
cw_psl_correct_eval(pseudo label 클래스별 맞은 샘플 수):  [0, 0, 0, 0, 0, 0, 0]
psl_acc(PSL 평가에서의 정확도): None 
cw_psl_acc(클래스별 PSL 평가에서의 정확도):  [nan, nan, nan, nan, nan, nan, nan]
**pseudo_label ->  [0.0944, 0.1087, 0.1062, 0.0933, 0.2851, 0.1609, 0.1514] **
max =  0.2851 | max_idx =  4
**pseudo_label ->  [0.0978, 0.0995, 0.1038, 0.101, 0.1292, 0.2023, 0.2663] **
max =  0.2663 | max_idx =  6
**pseudo_label ->  [0.1097, 0.1051, 0.101, 0.1189, 0.1079, 0.2025, 0.2549] **
max =  0.2549 | max_idx =  6
**pseudo_label ->  [0.0904, 0.0902, 0.1, 0.1031, 0.1517, 0.2732, 0.1914] **
max =  0.2732 | max_idx =  5
**pseudo_label ->  [0.1091, 0.2112, 0.0971, 0.0747, 0.1772, 0.1343, 0.1965] **
max =  0.2112 | max_idx =  1
Epoch 23/37, Train Loss: 1.3738, Valid Loss: 1.8708, Train Acc: 0.8000, Val Acc: 0.2378, Test Acc: 0.2910, Test F1(macro): 0.2121, Total Pseudo-Labels: 0, Correct Pseudo-Labels: 0, Train Data Number: 70



line 303 => train data수 70
line 258 => 인스턴스 수 10
Step 230  Tim 0:23:57
acc_train_cw(현재 train의 class별 acc) [1.0, 0.9, 0.8, 0.8, 1.0, 0.9, 1.0]
cw_psl_total_eval(pseudo label 클래스별 총 샘플 수):  [0, 0, 0, 0, 0, 0, 0]
cw_psl_correct_eval(pseudo label 클래스별 맞은 샘플 수):  [0, 0, 0, 0, 0, 0, 0]
psl_acc(PSL 평가에서의 정확도): None 
cw_psl_acc(클래스별 PSL 평가에서의 정확도):  [nan, nan, nan, nan, nan, nan, nan]
**pseudo_label ->  [0.0989, 0.1231, 0.1311, 0.0995, 0.2916, 0.1086, 0.1473] **
max =  0.2916 | max_idx =  4
**pseudo_label ->  [0.0834, 0.0914, 0.1353, 0.1089, 0.1374, 0.2958, 0.1477] **
max =  0.2958 | max_idx =  5
**pseudo_label ->  [0.1121, 0.097, 0.1364, 0.1182, 0.1012, 0.2889, 0.1462] **
max =  0.2889 | max_idx =  5
**pseudo_label ->  [0.0823, 0.0902, 0.1524, 0.0941, 0.2128, 0.2356, 0.1326] **
max =  0.2356 | max_idx =  5
**pseudo_label ->  [0.0858, 0.115, 0.1269, 0.0987, 0.2949, 0.1276, 0.1511] **
max =  0.2949 | max_idx =  4
Epoch 24/37, Train Loss: 1.2613, Valid Loss: 1.7107, Train Acc: 0.9143, Val Acc: 0.2671, Test Acc: 0.3463, Test F1(macro): 0.2291, Total Pseudo-Labels: 0, Correct Pseudo-Labels: 0, Train Data Number: 70



line 303 => train data수 70
line 258 => 인스턴스 수 10
Step 240  Tim 0:24:56
acc_train_cw(현재 train의 class별 acc) [1.0, 0.9, 1.0, 1.0, 0.8, 0.9, 1.0]
cw_psl_total_eval(pseudo label 클래스별 총 샘플 수):  [0, 0, 0, 0, 0, 0, 0]
cw_psl_correct_eval(pseudo label 클래스별 맞은 샘플 수):  [0, 0, 0, 0, 0, 0, 0]
psl_acc(PSL 평가에서의 정확도): None 
cw_psl_acc(클래스별 PSL 평가에서의 정확도):  [nan, nan, nan, nan, nan, nan, nan]
**pseudo_label ->  [0.0802, 0.1249, 0.1228, 0.1115, 0.2937, 0.1191, 0.1477] **
max =  0.2937 | max_idx =  4
**pseudo_label ->  [0.0889, 0.0899, 0.1446, 0.1206, 0.1062, 0.2897, 0.1601] **
max =  0.2897 | max_idx =  5
**pseudo_label ->  [0.1026, 0.1003, 0.1244, 0.1502, 0.1081, 0.2974, 0.117] **
max =  0.2974 | max_idx =  5
**pseudo_label ->  [0.0972, 0.0999, 0.1253, 0.1444, 0.1186, 0.2996, 0.115] **
max =  0.2996 | max_idx =  5
**pseudo_label ->  [0.0683, 0.1322, 0.1145, 0.229, 0.16, 0.1722, 0.1238] **
max =  0.229 | max_idx =  3
Epoch 25/37, Train Loss: 1.2072, Valid Loss: 1.6868, Train Acc: 0.9429, Val Acc: 0.4007, Test Acc: 0.4221, Test F1(macro): 0.2966, Total Pseudo-Labels: 0, Correct Pseudo-Labels: 0, Train Data Number: 70



line 303 => train data수 70
line 258 => 인스턴스 수 10
Step 250  Tim 0:25:55
acc_train_cw(현재 train의 class별 acc) [1.0, 0.9, 1.0, 1.0, 0.9, 1.0, 1.0]
cw_psl_total_eval(pseudo label 클래스별 총 샘플 수):  [0, 0, 0, 0, 0, 0, 0]
cw_psl_correct_eval(pseudo label 클래스별 맞은 샘플 수):  [0, 0, 0, 0, 0, 0, 0]
psl_acc(PSL 평가에서의 정확도): None 
cw_psl_acc(클래스별 PSL 평가에서의 정확도):  [nan, nan, nan, nan, nan, nan, nan]
**pseudo_label ->  [0.1129, 0.1163, 0.1115, 0.1038, 0.3097, 0.1098, 0.136] **
max =  0.3097 | max_idx =  4
**pseudo_label ->  [0.0921, 0.0884, 0.1212, 0.1212, 0.1208, 0.3129, 0.1434] **
max =  0.3129 | max_idx =  5
**pseudo_label ->  [0.1053, 0.0873, 0.1244, 0.1531, 0.1167, 0.2997, 0.1136] **
max =  0.2997 | max_idx =  5
**pseudo_label ->  [0.0969, 0.0891, 0.1226, 0.1391, 0.1377, 0.3023, 0.1122] **
max =  0.3023 | max_idx =  5
**pseudo_label ->  [0.0899, 0.303, 0.0883, 0.1667, 0.1291, 0.1037, 0.1193] **
max =  0.303 | max_idx =  1
Epoch 26/37, Train Loss: 1.1505, Valid Loss: 1.7432, Train Acc: 0.9714, Val Acc: 0.4332, Test Acc: 0.3689, Test F1(macro): 0.2702, Total Pseudo-Labels: 0, Correct Pseudo-Labels: 0, Train Data Number: 70



line 303 => train data수 70
line 258 => 인스턴스 수 10
Step 260  Tim 0:26:53
acc_train_cw(현재 train의 class별 acc) [1.0, 0.9, 1.0, 1.0, 1.0, 1.0, 1.0]
cw_psl_total_eval(pseudo label 클래스별 총 샘플 수):  [0, 0, 0, 0, 0, 0, 0]
cw_psl_correct_eval(pseudo label 클래스별 맞은 샘플 수):  [0, 0, 0, 0, 0, 0, 0]
psl_acc(PSL 평가에서의 정확도): None 
cw_psl_acc(클래스별 PSL 평가에서의 정확도):  [nan, nan, nan, nan, nan, nan, nan]
**pseudo_label ->  [0.1198, 0.1374, 0.109, 0.0994, 0.3068, 0.1033, 0.1243] **
max =  0.3068 | max_idx =  4
**pseudo_label ->  [0.0907, 0.0877, 0.1123, 0.0969, 0.1192, 0.2908, 0.2024] **
max =  0.2908 | max_idx =  5
**pseudo_label ->  [0.0956, 0.0941, 0.1185, 0.1049, 0.1228, 0.3192, 0.1449] **
max =  0.3192 | max_idx =  5
**pseudo_label ->  [0.0906, 0.0904, 0.1149, 0.1059, 0.1372, 0.3187, 0.1423] **
max =  0.3187 | max_idx =  5
**pseudo_label ->  [0.0959, 0.2403, 0.0785, 0.1003, 0.1507, 0.1207, 0.2136] **
max =  0.2403 | max_idx =  1
Epoch 27/37, Train Loss: 1.1111, Valid Loss: 1.7412, Train Acc: 0.9857, Val Acc: 0.3746, Test Acc: 0.4877, Test F1(macro): 0.3441, Total Pseudo-Labels: 0, Correct Pseudo-Labels: 0, Train Data Number: 70



line 303 => train data수 70
line 258 => 인스턴스 수 10
Step 270  Tim 0:27:52
acc_train_cw(현재 train의 class별 acc) [1.0, 0.9, 1.0, 1.0, 1.0, 1.0, 1.0]
cw_psl_total_eval(pseudo label 클래스별 총 샘플 수):  [0, 0, 0, 0, 0, 0, 0]
cw_psl_correct_eval(pseudo label 클래스별 맞은 샘플 수):  [0, 0, 0, 0, 0, 0, 0]
psl_acc(PSL 평가에서의 정확도): None 
cw_psl_acc(클래스별 PSL 평가에서의 정확도):  [nan, nan, nan, nan, nan, nan, nan]
**pseudo_label ->  [0.1021, 0.1209, 0.1091, 0.1011, 0.3251, 0.1107, 0.1309] **
max =  0.3251 | max_idx =  4
**pseudo_label ->  [0.0969, 0.1012, 0.1191, 0.0891, 0.1092, 0.1779, 0.3066] **
max =  0.3066 | max_idx =  6
**pseudo_label ->  [0.0986, 0.0918, 0.1219, 0.1087, 0.1135, 0.3247, 0.1407] **
max =  0.3247 | max_idx =  5
**pseudo_label ->  [0.0869, 0.0905, 0.1073, 0.1053, 0.1465, 0.3225, 0.141] **
max =  0.3225 | max_idx =  5
**pseudo_label ->  [0.097, 0.1796, 0.0902, 0.0922, 0.1462, 0.1143, 0.2805] **
max =  0.2805 | max_idx =  6
Epoch 28/37, Train Loss: 1.0850, Valid Loss: 1.7273, Train Acc: 0.9857, Val Acc: 0.3909, Test Acc: 0.4959, Test F1(macro): 0.3379, Total Pseudo-Labels: 0, Correct Pseudo-Labels: 0, Train Data Number: 70



line 303 => train data수 70
line 258 => 인스턴스 수 10
Step 280  Tim 0:28:50
acc_train_cw(현재 train의 class별 acc) [1.0, 0.9, 1.0, 1.0, 1.0, 1.0, 1.0]
cw_psl_total_eval(pseudo label 클래스별 총 샘플 수):  [0, 0, 0, 0, 0, 0, 0]
cw_psl_correct_eval(pseudo label 클래스별 맞은 샘플 수):  [0, 0, 0, 0, 0, 0, 0]
psl_acc(PSL 평가에서의 정확도): None 
cw_psl_acc(클래스별 PSL 평가에서의 정확도):  [nan, nan, nan, nan, nan, nan, nan]
**pseudo_label ->  [0.1005, 0.1287, 0.1066, 0.1058, 0.3297, 0.1095, 0.1192] **
max =  0.3297 | max_idx =  4
**pseudo_label ->  [0.0908, 0.0868, 0.1192, 0.0982, 0.1012, 0.2397, 0.2642] **
max =  0.2642 | max_idx =  6
**pseudo_label ->  [0.1081, 0.0972, 0.1165, 0.1211, 0.1017, 0.3288, 0.1265] **
max =  0.3288 | max_idx =  5
**pseudo_label ->  [0.0908, 0.0917, 0.1149, 0.1124, 0.1257, 0.3346, 0.1299] **
max =  0.3346 | max_idx =  5
**pseudo_label ->  [0.0902, 0.1365, 0.093, 0.0921, 0.1504, 0.1241, 0.3137] **
max =  0.3137 | max_idx =  6
Epoch 29/37, Train Loss: 1.0629, Valid Loss: 1.7189, Train Acc: 0.9857, Val Acc: 0.3941, Test Acc: 0.5041, Test F1(macro): 0.3424, Total Pseudo-Labels: 0, Correct Pseudo-Labels: 0, Train Data Number: 70



line 303 => train data수 70
line 258 => 인스턴스 수 10
Step 290  Tim 0:29:49
acc_train_cw(현재 train의 class별 acc) [1.0, 0.9, 1.0, 1.0, 1.0, 1.0, 1.0]
cw_psl_total_eval(pseudo label 클래스별 총 샘플 수):  [0, 0, 0, 0, 0, 0, 0]
cw_psl_correct_eval(pseudo label 클래스별 맞은 샘플 수):  [0, 0, 0, 0, 0, 0, 0]
psl_acc(PSL 평가에서의 정확도): None 
cw_psl_acc(클래스별 PSL 평가에서의 정확도):  [nan, nan, nan, nan, nan, nan, nan]
**pseudo_label ->  [0.0999, 0.1235, 0.1053, 0.1096, 0.3375, 0.109, 0.1153] **
max =  0.3375 | max_idx =  4
**pseudo_label ->  [0.0908, 0.0852, 0.1139, 0.0937, 0.1073, 0.2085, 0.3006] **
max =  0.3006 | max_idx =  6
**pseudo_label ->  [0.1032, 0.0949, 0.1132, 0.1224, 0.1035, 0.3381, 0.1248] **
max =  0.3381 | max_idx =  5
**pseudo_label ->  [0.0912, 0.09, 0.1069, 0.116, 0.1232, 0.3426, 0.1301] **
max =  0.3426 | max_idx =  5
**pseudo_label ->  [0.0952, 0.2047, 0.0888, 0.0892, 0.1275, 0.1173, 0.2773] **
max =  0.2773 | max_idx =  6
Epoch 30/37, Train Loss: 1.0419, Valid Loss: 1.7177, Train Acc: 0.9857, Val Acc: 0.3974, Test Acc: 0.5061, Test F1(macro): 0.3462, Total Pseudo-Labels: 0, Correct Pseudo-Labels: 0, Train Data Number: 70



line 303 => train data수 70
line 258 => 인스턴스 수 10
Step 300  Tim 0:30:47
acc_train_cw(현재 train의 class별 acc) [1.0, 0.9, 1.0, 1.0, 1.0, 1.0, 1.0]
cw_psl_total_eval(pseudo label 클래스별 총 샘플 수):  [0, 0, 0, 0, 0, 0, 0]
cw_psl_correct_eval(pseudo label 클래스별 맞은 샘플 수):  [0, 0, 0, 0, 0, 0, 0]
psl_acc(PSL 평가에서의 정확도): None 
cw_psl_acc(클래스별 PSL 평가에서의 정확도):  [nan, nan, nan, nan, nan, nan, nan]
**pseudo_label ->  [0.1045, 0.1305, 0.1053, 0.1012, 0.3418, 0.1038, 0.1129] **
max =  0.3418 | max_idx =  4
**pseudo_label ->  [0.0904, 0.0872, 0.1142, 0.0872, 0.1064, 0.2073, 0.3074] **
max =  0.3074 | max_idx =  6
**pseudo_label ->  [0.0984, 0.0916, 0.1168, 0.1151, 0.1041, 0.3467, 0.1275] **
max =  0.3467 | max_idx =  5
**pseudo_label ->  [0.0877, 0.0828, 0.1185, 0.098, 0.1174, 0.3407, 0.155] **
max =  0.3407 | max_idx =  5
**pseudo_label ->  [0.0975, 0.2686, 0.0861, 0.089, 0.1203, 0.1083, 0.2302] **
max =  0.2686 | max_idx =  1
Epoch 31/37, Train Loss: 1.0202, Valid Loss: 1.7138, Train Acc: 0.9857, Val Acc: 0.3974, Test Acc: 0.5082, Test F1(macro): 0.3484, Total Pseudo-Labels: 0, Correct Pseudo-Labels: 0, Train Data Number: 70



line 303 => train data수 70
line 258 => 인스턴스 수 10
Step 310  Tim 0:31:46
acc_train_cw(현재 train의 class별 acc) [1.0, 1.0, 1.0, 1.0, 1.0, 1.0, 1.0]
cw_psl_total_eval(pseudo label 클래스별 총 샘플 수):  [0, 0, 0, 0, 0, 0, 0]
cw_psl_correct_eval(pseudo label 클래스별 맞은 샘플 수):  [0, 0, 0, 0, 0, 0, 0]
psl_acc(PSL 평가에서의 정확도): None 
cw_psl_acc(클래스별 PSL 평가에서의 정확도):  [nan, nan, nan, nan, nan, nan, nan]
**pseudo_label ->  [0.1012, 0.1521, 0.1193, 0.0971, 0.3303, 0.0945, 0.1056] **
max =  0.3303 | max_idx =  4
**pseudo_label ->  [0.0835, 0.0903, 0.1206, 0.09, 0.0967, 0.296, 0.2228] **
max =  0.296 | max_idx =  5
**pseudo_label ->  [0.0956, 0.0933, 0.1141, 0.1116, 0.1052, 0.3545, 0.1258] **
max =  0.3545 | max_idx =  5
**pseudo_label ->  [0.0866, 0.0899, 0.1226, 0.1078, 0.1145, 0.3533, 0.1252] **
max =  0.3533 | max_idx =  5
**pseudo_label ->  [0.1162, 0.4017, 0.0968, 0.1033, 0.0965, 0.0861, 0.0994] **
max =  0.4017 | max_idx =  1
Epoch 32/37, Train Loss: 1.0165, Valid Loss: 1.7613, Train Acc: 1.0000, Val Acc: 0.3974, Test Acc: 0.5287, Test F1(macro): 0.3527, Total Pseudo-Labels: 0, Correct Pseudo-Labels: 0, Train Data Number: 70



line 303 => train data수 70
line 258 => 인스턴스 수 10
Step 320  Tim 0:32:44
acc_train_cw(현재 train의 class별 acc) [1.0, 1.0, 1.0, 1.0, 1.0, 1.0, 1.0]
cw_psl_total_eval(pseudo label 클래스별 총 샘플 수):  [0, 0, 0, 0, 0, 0, 0]
cw_psl_correct_eval(pseudo label 클래스별 맞은 샘플 수):  [0, 0, 0, 0, 0, 0, 0]
psl_acc(PSL 평가에서의 정확도): None 
cw_psl_acc(클래스별 PSL 평가에서의 정확도):  [nan, nan, nan, nan, nan, nan, nan]
**pseudo_label ->  [0.1034, 0.1223, 0.0985, 0.0997, 0.3586, 0.0958, 0.1216] **
max =  0.3586 | max_idx =  4
**pseudo_label ->  [0.0934, 0.0743, 0.1008, 0.0964, 0.1175, 0.1744, 0.3431] **
max =  0.3431 | max_idx =  6
**pseudo_label ->  [0.093, 0.086, 0.1044, 0.1177, 0.1081, 0.3632, 0.1276] **
max =  0.3632 | max_idx =  5
**pseudo_label ->  [0.0834, 0.0844, 0.1067, 0.1115, 0.1225, 0.3627, 0.1288] **
max =  0.3627 | max_idx =  5
**pseudo_label ->  [0.1133, 0.4063, 0.0907, 0.1024, 0.1013, 0.0846, 0.1013] **
max =  0.4063 | max_idx =  1
Epoch 33/37, Train Loss: 0.9719, Valid Loss: 1.6996, Train Acc: 1.0000, Val Acc: 0.3550, Test Acc: 0.5348, Test F1(macro): 0.3358, Total Pseudo-Labels: 0, Correct Pseudo-Labels: 0, Train Data Number: 70



line 303 => train data수 70
line 258 => 인스턴스 수 10
Step 330  Tim 0:33:43
acc_train_cw(현재 train의 class별 acc) [1.0, 1.0, 1.0, 1.0, 1.0, 1.0, 1.0]
cw_psl_total_eval(pseudo label 클래스별 총 샘플 수):  [0, 0, 0, 0, 0, 0, 0]
cw_psl_correct_eval(pseudo label 클래스별 맞은 샘플 수):  [0, 0, 0, 0, 0, 0, 0]
psl_acc(PSL 평가에서의 정확도): None 
cw_psl_acc(클래스별 PSL 평가에서의 정확도):  [nan, nan, nan, nan, nan, nan, nan]
**pseudo_label ->  [0.1083, 0.1095, 0.1019, 0.1024, 0.3655, 0.0926, 0.1197] **
max =  0.3655 | max_idx =  4
**pseudo_label ->  [0.098, 0.0809, 0.1042, 0.0893, 0.1174, 0.1461, 0.3641] **
max =  0.3641 | max_idx =  6
**pseudo_label ->  [0.104, 0.0839, 0.1854, 0.0995, 0.0924, 0.3187, 0.1161] **
max =  0.3187 | max_idx =  5
**pseudo_label ->  [0.0808, 0.0713, 0.1521, 0.097, 0.1253, 0.3438, 0.1298] **
max =  0.3438 | max_idx =  5
**pseudo_label ->  [0.1076, 0.4143, 0.0994, 0.102, 0.0963, 0.0864, 0.094] **
max =  0.4143 | max_idx =  1
Epoch 34/37, Train Loss: 0.9556, Valid Loss: 1.7252, Train Acc: 1.0000, Val Acc: 0.4039, Test Acc: 0.4057, Test F1(macro): 0.3056, Total Pseudo-Labels: 0, Correct Pseudo-Labels: 0, Train Data Number: 70



line 303 => train data수 70
line 258 => 인스턴스 수 10
Step 340  Tim 0:34:41
acc_train_cw(현재 train의 class별 acc) [1.0, 1.0, 1.0, 1.0, 1.0, 1.0, 0.9]
cw_psl_total_eval(pseudo label 클래스별 총 샘플 수):  [0, 0, 0, 0, 0, 0, 0]
cw_psl_correct_eval(pseudo label 클래스별 맞은 샘플 수):  [0, 0, 0, 0, 0, 0, 0]
psl_acc(PSL 평가에서의 정확도): None 
cw_psl_acc(클래스별 PSL 평가에서의 정확도):  [nan, nan, nan, nan, nan, nan, nan]
**pseudo_label ->  [0.1038, 0.1139, 0.1068, 0.0976, 0.3725, 0.0955, 0.11] **
max =  0.3725 | max_idx =  4
**pseudo_label ->  [0.0903, 0.0961, 0.0949, 0.1114, 0.1082, 0.3764, 0.1226] **
max =  0.3764 | max_idx =  5
**pseudo_label ->  [0.0967, 0.0884, 0.0995, 0.122, 0.1027, 0.3758, 0.1149] **
max =  0.3758 | max_idx =  5
**pseudo_label ->  [0.0798, 0.0772, 0.0986, 0.1192, 0.1516, 0.3609, 0.1127] **
max =  0.3609 | max_idx =  5
**pseudo_label ->  [0.0999, 0.4184, 0.0972, 0.1028, 0.1012, 0.0916, 0.0889] **
max =  0.4184 | max_idx =  1
Epoch 35/37, Train Loss: 0.9351, Valid Loss: 1.6928, Train Acc: 0.9857, Val Acc: 0.3844, Test Acc: 0.3975, Test F1(macro): 0.2755, Total Pseudo-Labels: 0, Correct Pseudo-Labels: 0, Train Data Number: 70



line 303 => train data수 70
line 258 => 인스턴스 수 10
Step 350  Tim 0:35:40
acc_train_cw(현재 train의 class별 acc) [1.0, 1.0, 1.0, 1.0, 1.0, 1.0, 1.0]
cw_psl_total_eval(pseudo label 클래스별 총 샘플 수):  [0, 0, 0, 0, 0, 0, 0]
cw_psl_correct_eval(pseudo label 클래스별 맞은 샘플 수):  [0, 0, 0, 0, 0, 0, 0]
psl_acc(PSL 평가에서의 정확도): None 
cw_psl_acc(클래스별 PSL 평가에서의 정확도):  [nan, nan, nan, nan, nan, nan, nan]
**pseudo_label ->  [0.1018, 0.119, 0.1061, 0.0911, 0.3776, 0.0914, 0.113] **
max =  0.3776 | max_idx =  4
**pseudo_label ->  [0.0897, 0.0942, 0.1, 0.0896, 0.0908, 0.188, 0.3477] **
max =  0.3477 | max_idx =  6
**pseudo_label ->  [0.0959, 0.0851, 0.1057, 0.1081, 0.0979, 0.383, 0.1243] **
max =  0.383 | max_idx =  5
**pseudo_label ->  [0.0842, 0.0954, 0.0959, 0.1095, 0.3805, 0.1248, 0.1097] **
max =  0.3805 | max_idx =  4
**pseudo_label ->  [0.0967, 0.4246, 0.0897, 0.1059, 0.1017, 0.088, 0.0934] **
max =  0.4246 | max_idx =  1
Epoch 36/37, Train Loss: 0.9133, Valid Loss: 1.6883, Train Acc: 1.0000, Val Acc: 0.4235, Test Acc: 0.3811, Test F1(macro): 0.2801, Total Pseudo-Labels: 0, Correct Pseudo-Labels: 0, Train Data Number: 70



line 303 => train data수 70
line 258 => 인스턴스 수 10
Step 360  Tim 0:36:38
acc_train_cw(현재 train의 class별 acc) [1.0, 1.0, 1.0, 1.0, 1.0, 1.0, 1.0]
cw_psl_total_eval(pseudo label 클래스별 총 샘플 수):  [0, 0, 0, 0, 0, 0, 0]
cw_psl_correct_eval(pseudo label 클래스별 맞은 샘플 수):  [0, 0, 0, 0, 0, 0, 0]
psl_acc(PSL 평가에서의 정확도): None 
cw_psl_acc(클래스별 PSL 평가에서의 정확도):  [nan, nan, nan, nan, nan, nan, nan]
**pseudo_label ->  [0.1012, 0.1089, 0.099, 0.0946, 0.3907, 0.0954, 0.1103] **
max =  0.3907 | max_idx =  4
**pseudo_label ->  [0.0814, 0.0821, 0.1054, 0.0849, 0.0983, 0.1914, 0.3565] **
max =  0.3565 | max_idx =  6
**pseudo_label ->  [0.0951, 0.0866, 0.112, 0.1064, 0.0945, 0.3879, 0.1175] **
max =  0.3879 | max_idx =  5
**pseudo_label ->  [0.0725, 0.0533, 0.123, 0.1108, 0.2058, 0.2993, 0.1353] **
max =  0.2993 | max_idx =  5
**pseudo_label ->  [0.0983, 0.4335, 0.0894, 0.1017, 0.0965, 0.088, 0.0927] **
max =  0.4335 | max_idx =  1
Epoch 37/37, Train Loss: 0.8947, Valid Loss: 1.6839, Train Acc: 1.0000, Val Acc: 0.4235, Test Acc: 0.3648, Test F1(macro): 0.2746, Total Pseudo-Labels: 0, Correct Pseudo-Labels: 0, Train Data Number: 70

Training complete!
Total training took 0:37:28 (h:mm:ss)
Load model from ./experiment/python_extended_data/output/10_codet5p-110m-embedding_0.00025_0.7_python_extended_data_37_[43]_net0.pth
Save training statistics in:  ./experiment/python_extended_data/log/codet5p/class7//10_codet5p-110m-embedding_0.00025_0.7_python_extended_data_37_[43]/training_statistics.csv

best_trian_loss, epoch => 0.8946621000766755 37
Epoch-1_train_loss => 1.98290274143219
max_epoch_train_loss => 0.8946621000766755 


best_val_loss, epoch =>  1.6839228852952342 37
Epoch-1_val_loss => 1.983578643892021
max_epoch_val_loss => 1.6839228852952342 

pse_epoch =>  []
추가되는 pse_epoch =>  [] 

total_data:  70 

Best_step:  210 
Best_val_epoch:  22 
best_val_acc:  0.46905537459283386 
best_val_test_acc:  0.26844262295081966 
best_val_test_f1:  0.20724518252345958
Save best record in:  ./experiment/python_extended_data/log/codet5p/class7/summary.csv
Save best record in:  ./experiment/python_extended_data/log/summary_avgrun.csv
