current work directory:  /home/imsuhan22/few-shot-tc/custom_ssl/code
Data set -> python_extended_data
save_name: 10_codet5p-110m-embedding_0.00025_0.7_python_extended_data_37_[45]

data_path:  ../data/problem_based_split/python_extended_data

There are 2 GPU(s) available.
We will use the GPU- 0 Quadro RTX 8000

**line 147 모델 =>  Salesforce/codet5p-110m-embedding
**tokenizer type =  Salesforce/codet5p-110m-embedding 

pesudo label class개수 기준 -> 7
n_labeled_per_class:  10
train_df samples: 3974
train_labeled_df samples: 70
train_unlabeled_df samples: 3904
n_classes:  7 


net_arch:  Salesforce/codet5p-110m-embedding 
lr:  0.00025 
lr_linear:  0.001 




line 303 => train data수 70
line 258 => 인스턴스 수 10
Step 0  Tim 0:00:09
acc_train_cw(현재 train의 class별 acc) [1.0, 0.0, 0.0, 0.0, 0.0, 0.0, 0.0]
cw_psl_total_eval(pseudo label 클래스별 총 샘플 수):  [0, 0, 0, 0, 0, 0, 0]
cw_psl_correct_eval(pseudo label 클래스별 맞은 샘플 수):  [0, 0, 0, 0, 0, 0, 0]
psl_acc(PSL 평가에서의 정확도): None 
cw_psl_acc(클래스별 PSL 평가에서의 정확도):  [nan, nan, nan, nan, nan, nan, nan]
***best_acc_model_save --- epoch = 1***
Save model to ./experiment/python_extended_data/output/
**pseudo_label ->  [0.1521, 0.1399, 0.1435, 0.145, 0.1478, 0.1328, 0.1388] **
max =  0.1521 | max_idx =  0
**pseudo_label ->  [0.1572, 0.1435, 0.1507, 0.1388, 0.1432, 0.1328, 0.1337] **
max =  0.1572 | max_idx =  0
**pseudo_label ->  [0.1543, 0.1381, 0.1492, 0.141, 0.1458, 0.1308, 0.1409] **
max =  0.1543 | max_idx =  0
**pseudo_label ->  [0.152, 0.1351, 0.1495, 0.1458, 0.1436, 0.1378, 0.1362] **
max =  0.152 | max_idx =  0
**pseudo_label ->  [0.1626, 0.1427, 0.1436, 0.1381, 0.1425, 0.1325, 0.1379] **
max =  0.1626 | max_idx =  0
Epoch 1/37, Train Loss: 1.9903, Valid Loss: 1.9685, Train Acc: 0.1429, Val Acc: 0.1075, Test Acc: 0.0881, Test F1(macro): 0.0568, Total Pseudo-Labels: 0, Correct Pseudo-Labels: 0, Train Data Number: 70



line 303 => train data수 70
line 258 => 인스턴스 수 10
Step 10  Tim 0:01:12
acc_train_cw(현재 train의 class별 acc) [0.0, 0.0, 1.0, 0.0, 0.0, 0.0, 0.0]
cw_psl_total_eval(pseudo label 클래스별 총 샘플 수):  [0, 0, 0, 0, 0, 0, 0]
cw_psl_correct_eval(pseudo label 클래스별 맞은 샘플 수):  [0, 0, 0, 0, 0, 0, 0]
psl_acc(PSL 평가에서의 정확도): None 
cw_psl_acc(클래스별 PSL 평가에서의 정확도):  [nan, nan, nan, nan, nan, nan, nan]
***best_acc_model_save --- epoch = 2***
Save model to ./experiment/python_extended_data/output/
**pseudo_label ->  [0.1353, 0.1542, 0.1608, 0.1301, 0.1316, 0.1368, 0.1513] **
max =  0.1608 | max_idx =  2
**pseudo_label ->  [0.1381, 0.1538, 0.158, 0.1293, 0.1303, 0.1377, 0.1528] **
max =  0.158 | max_idx =  2
**pseudo_label ->  [0.139, 0.159, 0.1621, 0.129, 0.1314, 0.1341, 0.1455] **
max =  0.1621 | max_idx =  2
**pseudo_label ->  [0.1362, 0.1591, 0.161, 0.129, 0.1319, 0.1357, 0.147] **
max =  0.161 | max_idx =  2
**pseudo_label ->  [0.1376, 0.1563, 0.1597, 0.1281, 0.1326, 0.1353, 0.1504] **
max =  0.1597 | max_idx =  2
Epoch 2/37, Train Loss: 1.9387, Valid Loss: 1.9503, Train Acc: 0.1429, Val Acc: 0.2280, Test Acc: 0.1230, Test F1(macro): 0.0313, Total Pseudo-Labels: 0, Correct Pseudo-Labels: 0, Train Data Number: 70



line 303 => train data수 70
line 258 => 인스턴스 수 10
Step 20  Tim 0:02:12
acc_train_cw(현재 train의 class별 acc) [0.8, 0.4, 0.3, 0.0, 0.0, 0.7, 0.9]
cw_psl_total_eval(pseudo label 클래스별 총 샘플 수):  [0, 0, 0, 0, 0, 0, 0]
cw_psl_correct_eval(pseudo label 클래스별 맞은 샘플 수):  [0, 0, 0, 0, 0, 0, 0]
psl_acc(PSL 평가에서의 정확도): None 
cw_psl_acc(클래스별 PSL 평가에서의 정확도):  [nan, nan, nan, nan, nan, nan, nan]
**pseudo_label ->  [0.1304, 0.1349, 0.1333, 0.1346, 0.1457, 0.157, 0.1641] **
max =  0.1641 | max_idx =  6
**pseudo_label ->  [0.1305, 0.1389, 0.1372, 0.1319, 0.1469, 0.1558, 0.1588] **
max =  0.1588 | max_idx =  6
**pseudo_label ->  [0.1596, 0.1437, 0.1547, 0.1448, 0.1331, 0.1337, 0.1304] **
max =  0.1596 | max_idx =  0
**pseudo_label ->  [0.1546, 0.1436, 0.1541, 0.1427, 0.1334, 0.1368, 0.1348] **
max =  0.1546 | max_idx =  0
**pseudo_label ->  [0.1452, 0.1421, 0.1458, 0.1365, 0.1418, 0.1451, 0.1435] **
max =  0.1458 | max_idx =  2
Epoch 3/37, Train Loss: 1.8464, Valid Loss: 1.9105, Train Acc: 0.4429, Val Acc: 0.1922, Test Acc: 0.1926, Test F1(macro): 0.1399, Total Pseudo-Labels: 0, Correct Pseudo-Labels: 0, Train Data Number: 70



line 303 => train data수 70
line 258 => 인스턴스 수 10
Step 30  Tim 0:03:11
acc_train_cw(현재 train의 class별 acc) [1.0, 0.9, 0.6, 0.8, 1.0, 0.9, 0.8]
cw_psl_total_eval(pseudo label 클래스별 총 샘플 수):  [0, 0, 0, 0, 0, 0, 0]
cw_psl_correct_eval(pseudo label 클래스별 맞은 샘플 수):  [0, 0, 0, 0, 0, 0, 0]
psl_acc(PSL 평가에서의 정확도): None 
cw_psl_acc(클래스별 PSL 평가에서의 정확도):  [nan, nan, nan, nan, nan, nan, nan]
**pseudo_label ->  [0.1223, 0.1608, 0.1402, 0.1319, 0.1525, 0.1602, 0.132] **
max =  0.1608 | max_idx =  1
**pseudo_label ->  [0.1105, 0.1316, 0.1262, 0.133, 0.1747, 0.172, 0.1521] **
max =  0.1747 | max_idx =  4
**pseudo_label ->  [0.1919, 0.1616, 0.1707, 0.137, 0.1207, 0.1154, 0.1027] **
max =  0.1919 | max_idx =  0
**pseudo_label ->  [0.1827, 0.1629, 0.1694, 0.1451, 0.1233, 0.1121, 0.1045] **
max =  0.1827 | max_idx =  0
**pseudo_label ->  [0.1225, 0.1487, 0.1371, 0.1332, 0.1572, 0.1659, 0.1355] **
max =  0.1659 | max_idx =  5
Epoch 4/37, Train Loss: 1.7024, Valid Loss: 1.9139, Train Acc: 0.8571, Val Acc: 0.2052, Test Acc: 0.2541, Test F1(macro): 0.2180, Total Pseudo-Labels: 0, Correct Pseudo-Labels: 0, Train Data Number: 70



line 303 => train data수 70
line 258 => 인스턴스 수 10
Step 40  Tim 0:04:09
acc_train_cw(현재 train의 class별 acc) [0.9, 0.8, 0.6, 0.7, 0.9, 0.8, 0.8]
cw_psl_total_eval(pseudo label 클래스별 총 샘플 수):  [0, 0, 0, 0, 0, 0, 0]
cw_psl_correct_eval(pseudo label 클래스별 맞은 샘플 수):  [0, 0, 0, 0, 0, 0, 0]
psl_acc(PSL 평가에서의 정확도): None 
cw_psl_acc(클래스별 PSL 평가에서의 정확도):  [nan, nan, nan, nan, nan, nan, nan]
***best_acc_model_save --- epoch = 5***
Save model to ./experiment/python_extended_data/output/
**pseudo_label ->  [0.12, 0.1631, 0.1162, 0.1203, 0.1514, 0.1694, 0.1595] **
max =  0.1694 | max_idx =  5
**pseudo_label ->  [0.1206, 0.1307, 0.1216, 0.1123, 0.1923, 0.1916, 0.131] **
max =  0.1923 | max_idx =  4
**pseudo_label ->  [0.2168, 0.1531, 0.1618, 0.135, 0.1167, 0.1131, 0.1035] **
max =  0.2168 | max_idx =  0
**pseudo_label ->  [0.171, 0.1612, 0.1641, 0.1722, 0.1178, 0.1081, 0.1056] **
max =  0.1722 | max_idx =  3
**pseudo_label ->  [0.1199, 0.1284, 0.1335, 0.1321, 0.203, 0.1681, 0.115] **
max =  0.203 | max_idx =  4
Epoch 5/37, Train Loss: 1.6276, Valid Loss: 1.8649, Train Acc: 0.7857, Val Acc: 0.2606, Test Acc: 0.1865, Test F1(macro): 0.1791, Total Pseudo-Labels: 0, Correct Pseudo-Labels: 0, Train Data Number: 70



line 303 => train data수 70
line 258 => 인스턴스 수 10
Step 50  Tim 0:05:19
acc_train_cw(현재 train의 class별 acc) [1.0, 0.9, 0.9, 1.0, 1.0, 1.0, 1.0]
cw_psl_total_eval(pseudo label 클래스별 총 샘플 수):  [0, 0, 0, 0, 0, 0, 0]
cw_psl_correct_eval(pseudo label 클래스별 맞은 샘플 수):  [0, 0, 0, 0, 0, 0, 0]
psl_acc(PSL 평가에서의 정확도): None 
cw_psl_acc(클래스별 PSL 평가에서의 정확도):  [nan, nan, nan, nan, nan, nan, nan]
***best_acc_model_save --- epoch = 6***
Save model to ./experiment/python_extended_data/output/
**pseudo_label ->  [0.1262, 0.2192, 0.14, 0.1291, 0.1273, 0.1337, 0.1245] **
max =  0.2192 | max_idx =  1
**pseudo_label ->  [0.128, 0.1858, 0.1365, 0.0997, 0.1665, 0.1752, 0.1083] **
max =  0.1858 | max_idx =  1
**pseudo_label ->  [0.2331, 0.1243, 0.1656, 0.1269, 0.126, 0.1178, 0.1063] **
max =  0.2331 | max_idx =  0
**pseudo_label ->  [0.1567, 0.1421, 0.195, 0.1615, 0.1297, 0.1161, 0.0988] **
max =  0.195 | max_idx =  2
**pseudo_label ->  [0.1431, 0.1684, 0.1477, 0.1151, 0.1625, 0.1536, 0.1095] **
max =  0.1684 | max_idx =  1
Epoch 6/37, Train Loss: 1.5305, Valid Loss: 1.8314, Train Acc: 0.9714, Val Acc: 0.3648, Test Acc: 0.2807, Test F1(macro): 0.2359, Total Pseudo-Labels: 0, Correct Pseudo-Labels: 0, Train Data Number: 70



line 303 => train data수 70
line 258 => 인스턴스 수 10
Step 60  Tim 0:06:29
acc_train_cw(현재 train의 class별 acc) [1.0, 1.0, 0.9, 1.0, 0.9, 0.9, 1.0]
cw_psl_total_eval(pseudo label 클래스별 총 샘플 수):  [0, 0, 0, 0, 0, 0, 0]
cw_psl_correct_eval(pseudo label 클래스별 맞은 샘플 수):  [0, 0, 0, 0, 0, 0, 0]
psl_acc(PSL 평가에서의 정확도): None 
cw_psl_acc(클래스별 PSL 평가에서의 정확도):  [nan, nan, nan, nan, nan, nan, nan]
**pseudo_label ->  [0.1175, 0.2222, 0.1359, 0.1446, 0.117, 0.1248, 0.138] **
max =  0.2222 | max_idx =  1
**pseudo_label ->  [0.1087, 0.2137, 0.1244, 0.1243, 0.1454, 0.1529, 0.1305] **
max =  0.2137 | max_idx =  1
**pseudo_label ->  [0.2333, 0.1509, 0.1614, 0.1277, 0.1056, 0.1047, 0.1164] **
max =  0.2333 | max_idx =  0
**pseudo_label ->  [0.1376, 0.1239, 0.1875, 0.2045, 0.1229, 0.1022, 0.1215] **
max =  0.2045 | max_idx =  3
**pseudo_label ->  [0.1199, 0.1553, 0.132, 0.1595, 0.1326, 0.1252, 0.1755] **
max =  0.1755 | max_idx =  6
Epoch 7/37, Train Loss: 1.4623, Valid Loss: 1.8600, Train Acc: 0.9571, Val Acc: 0.3322, Test Acc: 0.3197, Test F1(macro): 0.2628, Total Pseudo-Labels: 0, Correct Pseudo-Labels: 0, Train Data Number: 70



line 303 => train data수 70
line 258 => 인스턴스 수 10
Step 70  Tim 0:07:28
acc_train_cw(현재 train의 class별 acc) [1.0, 0.9, 1.0, 1.0, 0.9, 1.0, 1.0]
cw_psl_total_eval(pseudo label 클래스별 총 샘플 수):  [0, 0, 0, 0, 0, 0, 0]
cw_psl_correct_eval(pseudo label 클래스별 맞은 샘플 수):  [0, 0, 0, 0, 0, 0, 0]
psl_acc(PSL 평가에서의 정확도): None 
cw_psl_acc(클래스별 PSL 평가에서의 정확도):  [nan, nan, nan, nan, nan, nan, nan]
**pseudo_label ->  [0.1297, 0.2351, 0.1298, 0.1152, 0.1262, 0.1542, 0.1099] **
max =  0.2351 | max_idx =  1
**pseudo_label ->  [0.1164, 0.1779, 0.1229, 0.1082, 0.1534, 0.2095, 0.1118] **
max =  0.2095 | max_idx =  5
**pseudo_label ->  [0.2655, 0.1268, 0.1347, 0.1218, 0.1237, 0.1149, 0.1125] **
max =  0.2655 | max_idx =  0
**pseudo_label ->  [0.1579, 0.1178, 0.2275, 0.145, 0.1249, 0.1145, 0.1124] **
max =  0.2275 | max_idx =  2
**pseudo_label ->  [0.1452, 0.1747, 0.1554, 0.1111, 0.1176, 0.1781, 0.1178] **
max =  0.1781 | max_idx =  5
Epoch 8/37, Train Loss: 1.4024, Valid Loss: 1.8154, Train Acc: 0.9714, Val Acc: 0.2834, Test Acc: 0.3033, Test F1(macro): 0.2577, Total Pseudo-Labels: 0, Correct Pseudo-Labels: 0, Train Data Number: 70



line 303 => train data수 70
line 258 => 인스턴스 수 10
Step 80  Tim 0:08:27
acc_train_cw(현재 train의 class별 acc) [1.0, 0.9, 1.0, 1.0, 1.0, 1.0, 1.0]
cw_psl_total_eval(pseudo label 클래스별 총 샘플 수):  [0, 0, 0, 0, 0, 0, 0]
cw_psl_correct_eval(pseudo label 클래스별 맞은 샘플 수):  [0, 0, 0, 0, 0, 0, 0]
psl_acc(PSL 평가에서의 정확도): None 
cw_psl_acc(클래스별 PSL 평가에서의 정확도):  [nan, nan, nan, nan, nan, nan, nan]
**pseudo_label ->  [0.125, 0.2479, 0.1248, 0.1212, 0.1306, 0.1394, 0.1111] **
max =  0.2479 | max_idx =  1
**pseudo_label ->  [0.1149, 0.2159, 0.1151, 0.1104, 0.1412, 0.1833, 0.1193] **
max =  0.2159 | max_idx =  1
**pseudo_label ->  [0.2732, 0.1255, 0.1247, 0.126, 0.1189, 0.113, 0.1188] **
max =  0.2732 | max_idx =  0
**pseudo_label ->  [0.1375, 0.1189, 0.2357, 0.1611, 0.1185, 0.1116, 0.1166] **
max =  0.2357 | max_idx =  2
**pseudo_label ->  [0.1468, 0.1742, 0.1522, 0.1246, 0.1098, 0.1836, 0.109] **
max =  0.1836 | max_idx =  5
Epoch 9/37, Train Loss: 1.3637, Valid Loss: 1.7857, Train Acc: 0.9857, Val Acc: 0.3453, Test Acc: 0.2439, Test F1(macro): 0.2241, Total Pseudo-Labels: 0, Correct Pseudo-Labels: 0, Train Data Number: 70



line 303 => train data수 70
line 258 => 인스턴스 수 10
Step 90  Tim 0:09:26
acc_train_cw(현재 train의 class별 acc) [1.0, 1.0, 1.0, 1.0, 1.0, 1.0, 1.0]
cw_psl_total_eval(pseudo label 클래스별 총 샘플 수):  [0, 0, 0, 0, 0, 0, 0]
cw_psl_correct_eval(pseudo label 클래스별 맞은 샘플 수):  [0, 0, 0, 0, 0, 0, 0]
psl_acc(PSL 평가에서의 정확도): None 
cw_psl_acc(클래스별 PSL 평가에서의 정확도):  [nan, nan, nan, nan, nan, nan, nan]
**pseudo_label ->  [0.1239, 0.2585, 0.132, 0.1245, 0.1214, 0.1291, 0.1107] **
max =  0.2585 | max_idx =  1
**pseudo_label ->  [0.1101, 0.2096, 0.121, 0.1071, 0.1412, 0.1937, 0.1173] **
max =  0.2096 | max_idx =  1
**pseudo_label ->  [0.2791, 0.1277, 0.1278, 0.1216, 0.1187, 0.1135, 0.1115] **
max =  0.2791 | max_idx =  0
**pseudo_label ->  [0.1316, 0.1189, 0.2418, 0.1629, 0.1173, 0.1089, 0.1185] **
max =  0.2418 | max_idx =  2
**pseudo_label ->  [0.1541, 0.1422, 0.2061, 0.1364, 0.103, 0.1522, 0.106] **
max =  0.2061 | max_idx =  2
Epoch 10/37, Train Loss: 1.3353, Valid Loss: 1.8086, Train Acc: 1.0000, Val Acc: 0.3355, Test Acc: 0.2275, Test F1(macro): 0.2045, Total Pseudo-Labels: 0, Correct Pseudo-Labels: 0, Train Data Number: 70



line 303 => train data수 70
line 258 => 인스턴스 수 10
Step 100  Tim 0:10:25
acc_train_cw(현재 train의 class별 acc) [1.0, 1.0, 1.0, 1.0, 1.0, 1.0, 1.0]
cw_psl_total_eval(pseudo label 클래스별 총 샘플 수):  [0, 0, 0, 0, 0, 0, 0]
cw_psl_correct_eval(pseudo label 클래스별 맞은 샘플 수):  [0, 0, 0, 0, 0, 0, 0]
psl_acc(PSL 평가에서의 정확도): None 
cw_psl_acc(클래스별 PSL 평가에서의 정확도):  [nan, nan, nan, nan, nan, nan, nan]
**pseudo_label ->  [0.1228, 0.2597, 0.1174, 0.1201, 0.1221, 0.1443, 0.1135] **
max =  0.2597 | max_idx =  1
**pseudo_label ->  [0.1149, 0.232, 0.1128, 0.1142, 0.1304, 0.1806, 0.115] **
max =  0.232 | max_idx =  1
**pseudo_label ->  [0.2858, 0.1265, 0.1219, 0.1186, 0.1197, 0.1158, 0.1116] **
max =  0.2858 | max_idx =  0
**pseudo_label ->  [0.143, 0.1116, 0.2496, 0.1515, 0.1201, 0.1111, 0.113] **
max =  0.2496 | max_idx =  2
**pseudo_label ->  [0.1446, 0.1527, 0.1506, 0.1183, 0.1074, 0.2165, 0.1099] **
max =  0.2165 | max_idx =  5
Epoch 11/37, Train Loss: 1.3060, Valid Loss: 1.7989, Train Acc: 1.0000, Val Acc: 0.3388, Test Acc: 0.2623, Test F1(macro): 0.2259, Total Pseudo-Labels: 0, Correct Pseudo-Labels: 0, Train Data Number: 70



line 303 => train data수 70
line 258 => 인스턴스 수 10
Step 110  Tim 0:11:23
acc_train_cw(현재 train의 class별 acc) [1.0, 1.0, 1.0, 1.0, 1.0, 1.0, 1.0]
cw_psl_total_eval(pseudo label 클래스별 총 샘플 수):  [0, 0, 0, 0, 0, 0, 0]
cw_psl_correct_eval(pseudo label 클래스별 맞은 샘플 수):  [0, 0, 0, 0, 0, 0, 0]
psl_acc(PSL 평가에서의 정확도): None 
cw_psl_acc(클래스별 PSL 평가에서의 정확도):  [nan, nan, nan, nan, nan, nan, nan]
**pseudo_label ->  [0.1263, 0.2731, 0.1272, 0.1197, 0.1177, 0.1243, 0.1117] **
max =  0.2731 | max_idx =  1
**pseudo_label ->  [0.1184, 0.2564, 0.1215, 0.1128, 0.1166, 0.1615, 0.1129] **
max =  0.2564 | max_idx =  1
**pseudo_label ->  [0.293, 0.1247, 0.1208, 0.12, 0.1193, 0.1109, 0.1112] **
max =  0.293 | max_idx =  0
**pseudo_label ->  [0.1421, 0.1136, 0.2557, 0.1532, 0.1155, 0.1061, 0.1138] **
max =  0.2557 | max_idx =  2
**pseudo_label ->  [0.1603, 0.164, 0.1389, 0.1218, 0.0963, 0.2088, 0.1099] **
max =  0.2088 | max_idx =  5
Epoch 12/37, Train Loss: 1.2813, Valid Loss: 1.8087, Train Acc: 1.0000, Val Acc: 0.3420, Test Acc: 0.2869, Test F1(macro): 0.2398, Total Pseudo-Labels: 0, Correct Pseudo-Labels: 0, Train Data Number: 70



line 303 => train data수 70
line 258 => 인스턴스 수 10
Step 120  Tim 0:12:22
acc_train_cw(현재 train의 class별 acc) [1.0, 1.0, 1.0, 1.0, 1.0, 1.0, 1.0]
cw_psl_total_eval(pseudo label 클래스별 총 샘플 수):  [0, 0, 0, 0, 0, 0, 0]
cw_psl_correct_eval(pseudo label 클래스별 맞은 샘플 수):  [0, 0, 0, 0, 0, 0, 0]
psl_acc(PSL 평가에서의 정확도): None 
cw_psl_acc(클래스별 PSL 평가에서의 정확도):  [nan, nan, nan, nan, nan, nan, nan]
**pseudo_label ->  [0.1247, 0.2765, 0.1222, 0.1125, 0.1169, 0.1391, 0.108] **
max =  0.2765 | max_idx =  1
**pseudo_label ->  [0.1149, 0.2638, 0.1191, 0.1106, 0.1198, 0.1604, 0.1114] **
max =  0.2638 | max_idx =  1
**pseudo_label ->  [0.2992, 0.1261, 0.1187, 0.119, 0.1172, 0.1101, 0.1097] **
max =  0.2992 | max_idx =  0
**pseudo_label ->  [0.141, 0.1133, 0.2607, 0.1527, 0.1115, 0.1087, 0.1121] **
max =  0.2607 | max_idx =  2
**pseudo_label ->  [0.1493, 0.1514, 0.1432, 0.1164, 0.1025, 0.2306, 0.1066] **
max =  0.2306 | max_idx =  5
Epoch 13/37, Train Loss: 1.2569, Valid Loss: 1.8139, Train Acc: 1.0000, Val Acc: 0.3388, Test Acc: 0.2807, Test F1(macro): 0.2394, Total Pseudo-Labels: 0, Correct Pseudo-Labels: 0, Train Data Number: 70



line 303 => train data수 70
line 258 => 인스턴스 수 10
Step 130  Tim 0:13:20
acc_train_cw(현재 train의 class별 acc) [1.0, 1.0, 1.0, 1.0, 1.0, 1.0, 1.0]
cw_psl_total_eval(pseudo label 클래스별 총 샘플 수):  [0, 0, 0, 0, 0, 0, 0]
cw_psl_correct_eval(pseudo label 클래스별 맞은 샘플 수):  [0, 0, 0, 0, 0, 0, 0]
psl_acc(PSL 평가에서의 정확도): None 
cw_psl_acc(클래스별 PSL 평가에서의 정확도):  [nan, nan, nan, nan, nan, nan, nan]
**pseudo_label ->  [0.1296, 0.2877, 0.1193, 0.1188, 0.1123, 0.1242, 0.1081] **
max =  0.2877 | max_idx =  1
**pseudo_label ->  [0.1172, 0.2782, 0.1177, 0.1129, 0.1151, 0.1488, 0.1101] **
max =  0.2782 | max_idx =  1
**pseudo_label ->  [0.3046, 0.1218, 0.1157, 0.1173, 0.1155, 0.1127, 0.1123] **
max =  0.3046 | max_idx =  0
**pseudo_label ->  [0.136, 0.1084, 0.267, 0.1531, 0.1165, 0.1078, 0.1112] **
max =  0.267 | max_idx =  2
**pseudo_label ->  [0.1449, 0.1467, 0.1306, 0.112, 0.1086, 0.2495, 0.1077] **
max =  0.2495 | max_idx =  5
Epoch 14/37, Train Loss: 1.2338, Valid Loss: 1.8163, Train Acc: 1.0000, Val Acc: 0.3290, Test Acc: 0.3053, Test F1(macro): 0.2563, Total Pseudo-Labels: 0, Correct Pseudo-Labels: 0, Train Data Number: 70



line 303 => train data수 70
line 258 => 인스턴스 수 10
Step 140  Tim 0:14:19
acc_train_cw(현재 train의 class별 acc) [1.0, 1.0, 1.0, 1.0, 1.0, 1.0, 1.0]
cw_psl_total_eval(pseudo label 클래스별 총 샘플 수):  [0, 0, 0, 0, 0, 0, 0]
cw_psl_correct_eval(pseudo label 클래스별 맞은 샘플 수):  [0, 0, 0, 0, 0, 0, 0]
psl_acc(PSL 평가에서의 정확도): None 
cw_psl_acc(클래스별 PSL 평가에서의 정확도):  [nan, nan, nan, nan, nan, nan, nan]
**pseudo_label ->  [0.1203, 0.293, 0.1189, 0.1157, 0.1146, 0.131, 0.1065] **
max =  0.293 | max_idx =  1
**pseudo_label ->  [0.111, 0.2624, 0.1144, 0.1036, 0.1224, 0.1789, 0.1073] **
max =  0.2624 | max_idx =  1
**pseudo_label ->  [0.3113, 0.12, 0.1224, 0.113, 0.1172, 0.1082, 0.1079] **
max =  0.3113 | max_idx =  0
**pseudo_label ->  [0.1282, 0.1097, 0.2753, 0.1552, 0.1148, 0.1052, 0.1117] **
max =  0.2753 | max_idx =  2
**pseudo_label ->  [0.1371, 0.1398, 0.1301, 0.114, 0.1124, 0.262, 0.1046] **
max =  0.262 | max_idx =  5
Epoch 15/37, Train Loss: 1.2109, Valid Loss: 1.8135, Train Acc: 1.0000, Val Acc: 0.3160, Test Acc: 0.3053, Test F1(macro): 0.2593, Total Pseudo-Labels: 0, Correct Pseudo-Labels: 0, Train Data Number: 70



line 303 => train data수 70
line 258 => 인스턴스 수 10
Step 150  Tim 0:15:17
acc_train_cw(현재 train의 class별 acc) [1.0, 1.0, 1.0, 1.0, 1.0, 1.0, 1.0]
cw_psl_total_eval(pseudo label 클래스별 총 샘플 수):  [0, 0, 0, 0, 0, 0, 0]
cw_psl_correct_eval(pseudo label 클래스별 맞은 샘플 수):  [0, 0, 0, 0, 0, 0, 0]
psl_acc(PSL 평가에서의 정확도): None 
cw_psl_acc(클래스별 PSL 평가에서의 정확도):  [nan, nan, nan, nan, nan, nan, nan]
**pseudo_label ->  [0.1249, 0.3014, 0.1193, 0.1152, 0.1103, 0.1227, 0.1062] **
max =  0.3014 | max_idx =  1
**pseudo_label ->  [0.1125, 0.2877, 0.1133, 0.1093, 0.1183, 0.1522, 0.1068] **
max =  0.2877 | max_idx =  1
**pseudo_label ->  [0.3182, 0.1208, 0.1148, 0.1149, 0.1159, 0.1091, 0.1063] **
max =  0.3182 | max_idx =  0
**pseudo_label ->  [0.1318, 0.1127, 0.2847, 0.1438, 0.1108, 0.106, 0.1101] **
max =  0.2847 | max_idx =  2
**pseudo_label ->  [0.1303, 0.1336, 0.1299, 0.1108, 0.1139, 0.2735, 0.108] **
max =  0.2735 | max_idx =  5
Epoch 16/37, Train Loss: 1.1889, Valid Loss: 1.8122, Train Acc: 1.0000, Val Acc: 0.3290, Test Acc: 0.3074, Test F1(macro): 0.2603, Total Pseudo-Labels: 0, Correct Pseudo-Labels: 0, Train Data Number: 70



line 303 => train data수 70
line 258 => 인스턴스 수 10
Step 160  Tim 0:16:16
acc_train_cw(현재 train의 class별 acc) [1.0, 1.0, 1.0, 1.0, 1.0, 1.0, 1.0]
cw_psl_total_eval(pseudo label 클래스별 총 샘플 수):  [0, 0, 0, 0, 0, 0, 0]
cw_psl_correct_eval(pseudo label 클래스별 맞은 샘플 수):  [0, 0, 0, 0, 0, 0, 0]
psl_acc(PSL 평가에서의 정확도): None 
cw_psl_acc(클래스별 PSL 평가에서의 정확도):  [nan, nan, nan, nan, nan, nan, nan]
**pseudo_label ->  [0.1181, 0.3075, 0.1223, 0.1111, 0.1134, 0.1229, 0.1047] **
max =  0.3075 | max_idx =  1
**pseudo_label ->  [0.1085, 0.2845, 0.1145, 0.1018, 0.1174, 0.1656, 0.1076] **
max =  0.2845 | max_idx =  1
**pseudo_label ->  [0.3255, 0.1175, 0.1128, 0.1165, 0.1135, 0.1073, 0.1069] **
max =  0.3255 | max_idx =  0
**pseudo_label ->  [0.1293, 0.1104, 0.2882, 0.1522, 0.1101, 0.1023, 0.1075] **
max =  0.2882 | max_idx =  2
**pseudo_label ->  [0.1444, 0.1389, 0.1333, 0.1128, 0.1039, 0.2651, 0.1016] **
max =  0.2651 | max_idx =  5
Epoch 17/37, Train Loss: 1.1671, Valid Loss: 1.8182, Train Acc: 1.0000, Val Acc: 0.3160, Test Acc: 0.3033, Test F1(macro): 0.2585, Total Pseudo-Labels: 0, Correct Pseudo-Labels: 0, Train Data Number: 70



line 303 => train data수 70
line 258 => 인스턴스 수 10
Step 170  Tim 0:17:14
acc_train_cw(현재 train의 class별 acc) [1.0, 1.0, 1.0, 1.0, 1.0, 1.0, 1.0]
cw_psl_total_eval(pseudo label 클래스별 총 샘플 수):  [0, 0, 0, 0, 0, 0, 0]
cw_psl_correct_eval(pseudo label 클래스별 맞은 샘플 수):  [0, 0, 0, 0, 0, 0, 0]
psl_acc(PSL 평가에서의 정확도): None 
cw_psl_acc(클래스별 PSL 평가에서의 정확도):  [nan, nan, nan, nan, nan, nan, nan]
**pseudo_label ->  [0.1192, 0.3146, 0.1157, 0.1161, 0.1086, 0.1192, 0.1066] **
max =  0.3146 | max_idx =  1
**pseudo_label ->  [0.1084, 0.2917, 0.1091, 0.1062, 0.1178, 0.1629, 0.1039] **
max =  0.2917 | max_idx =  1
**pseudo_label ->  [0.3305, 0.123, 0.1167, 0.1114, 0.113, 0.1041, 0.1012] **
max =  0.3305 | max_idx =  0
**pseudo_label ->  [0.1341, 0.104, 0.2936, 0.1449, 0.1082, 0.1074, 0.1078] **
max =  0.2936 | max_idx =  2
**pseudo_label ->  [0.1395, 0.1397, 0.1142, 0.1105, 0.1113, 0.2816, 0.1031] **
max =  0.2816 | max_idx =  5
Epoch 18/37, Train Loss: 1.1459, Valid Loss: 1.8083, Train Acc: 1.0000, Val Acc: 0.3062, Test Acc: 0.3053, Test F1(macro): 0.2612, Total Pseudo-Labels: 0, Correct Pseudo-Labels: 0, Train Data Number: 70



line 303 => train data수 70
line 258 => 인스턴스 수 10
Step 180  Tim 0:18:13
acc_train_cw(현재 train의 class별 acc) [1.0, 1.0, 1.0, 1.0, 1.0, 1.0, 1.0]
cw_psl_total_eval(pseudo label 클래스별 총 샘플 수):  [0, 0, 0, 0, 0, 0, 0]
cw_psl_correct_eval(pseudo label 클래스별 맞은 샘플 수):  [0, 0, 0, 0, 0, 0, 0]
psl_acc(PSL 평가에서의 정확도): None 
cw_psl_acc(클래스별 PSL 평가에서의 정확도):  [nan, nan, nan, nan, nan, nan, nan]
**pseudo_label ->  [0.1186, 0.3205, 0.1164, 0.1094, 0.112, 0.1197, 0.1034] **
max =  0.3205 | max_idx =  1
**pseudo_label ->  [0.1073, 0.2981, 0.1109, 0.1035, 0.1123, 0.163, 0.1049] **
max =  0.2981 | max_idx =  1
**pseudo_label ->  [0.3385, 0.1158, 0.1114, 0.1151, 0.1107, 0.1042, 0.1043] **
max =  0.3385 | max_idx =  0
**pseudo_label ->  [0.1233, 0.1033, 0.2983, 0.1541, 0.1106, 0.1049, 0.1055] **
max =  0.2983 | max_idx =  2
**pseudo_label ->  [0.1247, 0.1289, 0.1252, 0.1101, 0.1117, 0.2961, 0.1033] **
max =  0.2961 | max_idx =  5
Epoch 19/37, Train Loss: 1.1245, Valid Loss: 1.8164, Train Acc: 1.0000, Val Acc: 0.3094, Test Acc: 0.2951, Test F1(macro): 0.2517, Total Pseudo-Labels: 0, Correct Pseudo-Labels: 0, Train Data Number: 70



line 303 => train data수 70
line 258 => 인스턴스 수 10
Step 190  Tim 0:19:11
acc_train_cw(현재 train의 class별 acc) [1.0, 1.0, 1.0, 1.0, 1.0, 1.0, 1.0]
cw_psl_total_eval(pseudo label 클래스별 총 샘플 수):  [0, 0, 0, 0, 0, 0, 0]
cw_psl_correct_eval(pseudo label 클래스별 맞은 샘플 수):  [0, 0, 0, 0, 0, 0, 0]
psl_acc(PSL 평가에서의 정확도): None 
cw_psl_acc(클래스별 PSL 평가에서의 정확도):  [nan, nan, nan, nan, nan, nan, nan]
**pseudo_label ->  [0.1163, 0.3273, 0.1118, 0.1114, 0.1094, 0.1194, 0.1044] **
max =  0.3273 | max_idx =  1
**pseudo_label ->  [0.1056, 0.3068, 0.1108, 0.1024, 0.1118, 0.1592, 0.1034] **
max =  0.3068 | max_idx =  1
**pseudo_label ->  [0.3445, 0.1147, 0.1093, 0.108, 0.1135, 0.1068, 0.1031] **
max =  0.3445 | max_idx =  0
**pseudo_label ->  [0.1335, 0.1021, 0.3015, 0.1506, 0.1027, 0.1001, 0.1094] **
max =  0.3015 | max_idx =  2
**pseudo_label ->  [0.1398, 0.1271, 0.117, 0.1063, 0.1067, 0.2974, 0.1057] **
max =  0.2974 | max_idx =  5
Epoch 20/37, Train Loss: 1.1037, Valid Loss: 1.8172, Train Acc: 1.0000, Val Acc: 0.3062, Test Acc: 0.3012, Test F1(macro): 0.2601, Total Pseudo-Labels: 0, Correct Pseudo-Labels: 0, Train Data Number: 70



line 303 => train data수 70
line 258 => 인스턴스 수 10
Step 200  Tim 0:20:10
acc_train_cw(현재 train의 class별 acc) [1.0, 1.0, 1.0, 1.0, 1.0, 1.0, 1.0]
cw_psl_total_eval(pseudo label 클래스별 총 샘플 수):  [0, 0, 0, 0, 0, 0, 0]
cw_psl_correct_eval(pseudo label 클래스별 맞은 샘플 수):  [0, 0, 0, 0, 0, 0, 0]
psl_acc(PSL 평가에서의 정확도): None 
cw_psl_acc(클래스별 PSL 평가에서의 정확도):  [nan, nan, nan, nan, nan, nan, nan]
**pseudo_label ->  [0.1154, 0.3352, 0.1149, 0.1093, 0.1088, 0.1166, 0.0998] **
max =  0.3352 | max_idx =  1
**pseudo_label ->  [0.1044, 0.3168, 0.1077, 0.1015, 0.11, 0.152, 0.1076] **
max =  0.3168 | max_idx =  1
**pseudo_label ->  [0.3511, 0.1189, 0.1104, 0.1091, 0.1062, 0.102, 0.1022] **
max =  0.3511 | max_idx =  0
**pseudo_label ->  [0.1249, 0.1047, 0.3126, 0.1493, 0.1038, 0.0993, 0.1055] **
max =  0.3126 | max_idx =  2
**pseudo_label ->  [0.1442, 0.1299, 0.1284, 0.1104, 0.1015, 0.2938, 0.0919] **
max =  0.2938 | max_idx =  5
Epoch 21/37, Train Loss: 1.0834, Valid Loss: 1.8142, Train Acc: 1.0000, Val Acc: 0.3029, Test Acc: 0.2992, Test F1(macro): 0.2606, Total Pseudo-Labels: 0, Correct Pseudo-Labels: 0, Train Data Number: 70



line 303 => train data수 70
line 258 => 인스턴스 수 10
Step 210  Tim 0:21:08
acc_train_cw(현재 train의 class별 acc) [1.0, 1.0, 1.0, 1.0, 1.0, 1.0, 1.0]
cw_psl_total_eval(pseudo label 클래스별 총 샘플 수):  [0, 0, 0, 0, 0, 0, 0]
cw_psl_correct_eval(pseudo label 클래스별 맞은 샘플 수):  [0, 0, 0, 0, 0, 0, 0]
psl_acc(PSL 평가에서의 정확도): None 
cw_psl_acc(클래스별 PSL 평가에서의 정확도):  [nan, nan, nan, nan, nan, nan, nan]
**pseudo_label ->  [0.1116, 0.3418, 0.1175, 0.1095, 0.1089, 0.1132, 0.0976] **
max =  0.3418 | max_idx =  1
**pseudo_label ->  [0.103, 0.2973, 0.1047, 0.0996, 0.1098, 0.1863, 0.0993] **
max =  0.2973 | max_idx =  1
**pseudo_label ->  [0.3588, 0.1107, 0.1072, 0.1079, 0.1089, 0.1024, 0.1041] **
max =  0.3588 | max_idx =  0
**pseudo_label ->  [0.1239, 0.0985, 0.315, 0.1525, 0.1057, 0.1005, 0.1039] **
max =  0.315 | max_idx =  2
**pseudo_label ->  [0.1322, 0.1244, 0.1248, 0.1017, 0.1056, 0.3113, 0.0999] **
max =  0.3113 | max_idx =  5
Epoch 22/37, Train Loss: 1.0630, Valid Loss: 1.8131, Train Acc: 1.0000, Val Acc: 0.3127, Test Acc: 0.2971, Test F1(macro): 0.2560, Total Pseudo-Labels: 0, Correct Pseudo-Labels: 0, Train Data Number: 70



line 303 => train data수 70
line 258 => 인스턴스 수 10
Step 220  Tim 0:22:06
acc_train_cw(현재 train의 class별 acc) [1.0, 1.0, 1.0, 1.0, 1.0, 1.0, 1.0]
cw_psl_total_eval(pseudo label 클래스별 총 샘플 수):  [0, 0, 0, 0, 0, 0, 0]
cw_psl_correct_eval(pseudo label 클래스별 맞은 샘플 수):  [0, 0, 0, 0, 0, 0, 0]
psl_acc(PSL 평가에서의 정확도): None 
cw_psl_acc(클래스별 PSL 평가에서의 정확도):  [nan, nan, nan, nan, nan, nan, nan]
**pseudo_label ->  [0.1157, 0.3499, 0.1129, 0.1098, 0.1024, 0.1103, 0.099] **
max =  0.3499 | max_idx =  1
**pseudo_label ->  [0.1035, 0.3308, 0.1058, 0.098, 0.1074, 0.1507, 0.1037] **
max =  0.3308 | max_idx =  1
**pseudo_label ->  [0.3649, 0.1114, 0.1082, 0.1057, 0.1106, 0.1006, 0.0986] **
max =  0.3649 | max_idx =  0
**pseudo_label ->  [0.1257, 0.0988, 0.3232, 0.1438, 0.1008, 0.1022, 0.1054] **
max =  0.3232 | max_idx =  2
**pseudo_label ->  [0.1353, 0.1277, 0.1247, 0.104, 0.1043, 0.3141, 0.0898] **
max =  0.3141 | max_idx =  5
Epoch 23/37, Train Loss: 1.0432, Valid Loss: 1.8239, Train Acc: 1.0000, Val Acc: 0.3062, Test Acc: 0.2971, Test F1(macro): 0.2585, Total Pseudo-Labels: 0, Correct Pseudo-Labels: 0, Train Data Number: 70



line 303 => train data수 70
line 258 => 인스턴스 수 10
Step 230  Tim 0:23:05
acc_train_cw(현재 train의 class별 acc) [1.0, 1.0, 1.0, 1.0, 1.0, 1.0, 1.0]
cw_psl_total_eval(pseudo label 클래스별 총 샘플 수):  [0, 0, 0, 0, 0, 0, 0]
cw_psl_correct_eval(pseudo label 클래스별 맞은 샘플 수):  [0, 0, 0, 0, 0, 0, 0]
psl_acc(PSL 평가에서의 정확도): None 
cw_psl_acc(클래스별 PSL 평가에서의 정확도):  [nan, nan, nan, nan, nan, nan, nan]
**pseudo_label ->  [0.1148, 0.3567, 0.111, 0.1041, 0.1042, 0.1129, 0.0963] **
max =  0.3567 | max_idx =  1
**pseudo_label ->  [0.1006, 0.3297, 0.1059, 0.0961, 0.1085, 0.1616, 0.0975] **
max =  0.3297 | max_idx =  1
**pseudo_label ->  [0.3724, 0.1123, 0.1041, 0.1027, 0.1082, 0.1023, 0.098] **
max =  0.3724 | max_idx =  0
**pseudo_label ->  [0.1115, 0.0996, 0.3285, 0.154, 0.1036, 0.1003, 0.1025] **
max =  0.3285 | max_idx =  2
**pseudo_label ->  [0.1228, 0.1308, 0.1296, 0.102, 0.1022, 0.3214, 0.0911] **
max =  0.3214 | max_idx =  5
Epoch 24/37, Train Loss: 1.0234, Valid Loss: 1.8222, Train Acc: 1.0000, Val Acc: 0.2932, Test Acc: 0.2910, Test F1(macro): 0.2538, Total Pseudo-Labels: 0, Correct Pseudo-Labels: 0, Train Data Number: 70



line 303 => train data수 70
line 258 => 인스턴스 수 10
Step 240  Tim 0:24:03
acc_train_cw(현재 train의 class별 acc) [1.0, 1.0, 1.0, 1.0, 1.0, 1.0, 1.0]
cw_psl_total_eval(pseudo label 클래스별 총 샘플 수):  [0, 0, 0, 0, 0, 0, 0]
cw_psl_correct_eval(pseudo label 클래스별 맞은 샘플 수):  [0, 0, 0, 0, 0, 0, 0]
psl_acc(PSL 평가에서의 정확도): None 
cw_psl_acc(클래스별 PSL 평가에서의 정확도):  [nan, nan, nan, nan, nan, nan, nan]
**pseudo_label ->  [0.1069, 0.3633, 0.115, 0.1026, 0.0989, 0.1131, 0.1002] **
max =  0.3633 | max_idx =  1
**pseudo_label ->  [0.1001, 0.3508, 0.1012, 0.1009, 0.1072, 0.1371, 0.1025] **
max =  0.3508 | max_idx =  1
**pseudo_label ->  [0.3798, 0.109, 0.1057, 0.1023, 0.106, 0.1009, 0.0963] **
max =  0.3798 | max_idx =  0
**pseudo_label ->  [0.1219, 0.0971, 0.3379, 0.1448, 0.1029, 0.0955, 0.0998] **
max =  0.3379 | max_idx =  2
**pseudo_label ->  [0.1193, 0.1255, 0.114, 0.1021, 0.1047, 0.3368, 0.0977] **
max =  0.3368 | max_idx =  5
Epoch 25/37, Train Loss: 1.0044, Valid Loss: 1.8128, Train Acc: 1.0000, Val Acc: 0.2899, Test Acc: 0.2971, Test F1(macro): 0.2580, Total Pseudo-Labels: 0, Correct Pseudo-Labels: 0, Train Data Number: 70



line 303 => train data수 70
line 258 => 인스턴스 수 10
Step 250  Tim 0:25:01
acc_train_cw(현재 train의 class별 acc) [1.0, 1.0, 1.0, 1.0, 1.0, 1.0, 1.0]
cw_psl_total_eval(pseudo label 클래스별 총 샘플 수):  [0, 0, 0, 0, 0, 0, 0]
cw_psl_correct_eval(pseudo label 클래스별 맞은 샘플 수):  [0, 0, 0, 0, 0, 0, 0]
psl_acc(PSL 평가에서의 정확도): None 
cw_psl_acc(클래스별 PSL 평가에서의 정확도):  [nan, nan, nan, nan, nan, nan, nan]
**pseudo_label ->  [0.1112, 0.3708, 0.111, 0.106, 0.0982, 0.1061, 0.0968] **
max =  0.3708 | max_idx =  1
**pseudo_label ->  [0.1018, 0.3608, 0.1043, 0.096, 0.1055, 0.1314, 0.1001] **
max =  0.3608 | max_idx =  1
**pseudo_label ->  [0.3861, 0.1073, 0.1034, 0.1056, 0.1052, 0.0954, 0.0969] **
max =  0.3861 | max_idx =  0
**pseudo_label ->  [0.1186, 0.0925, 0.3389, 0.1496, 0.0987, 0.0969, 0.1047] **
max =  0.3389 | max_idx =  2
**pseudo_label ->  [0.1353, 0.1167, 0.1315, 0.1003, 0.0979, 0.3302, 0.0881] **
max =  0.3302 | max_idx =  5
Epoch 26/37, Train Loss: 0.9850, Valid Loss: 1.8254, Train Acc: 1.0000, Val Acc: 0.2932, Test Acc: 0.2889, Test F1(macro): 0.2518, Total Pseudo-Labels: 0, Correct Pseudo-Labels: 0, Train Data Number: 70



line 303 => train data수 70
line 258 => 인스턴스 수 10
Step 260  Tim 0:25:59
acc_train_cw(현재 train의 class별 acc) [1.0, 1.0, 1.0, 1.0, 1.0, 1.0, 1.0]
cw_psl_total_eval(pseudo label 클래스별 총 샘플 수):  [0, 0, 0, 0, 0, 0, 0]
cw_psl_correct_eval(pseudo label 클래스별 맞은 샘플 수):  [0, 0, 0, 0, 0, 0, 0]
psl_acc(PSL 평가에서의 정확도): None 
cw_psl_acc(클래스별 PSL 평가에서의 정확도):  [nan, nan, nan, nan, nan, nan, nan]
**pseudo_label ->  [0.1098, 0.3757, 0.1055, 0.1065, 0.0991, 0.1149, 0.0886] **
max =  0.3757 | max_idx =  1
**pseudo_label ->  [0.1, 0.3584, 0.1032, 0.0948, 0.1032, 0.1483, 0.0921] **
max =  0.3584 | max_idx =  1
**pseudo_label ->  [0.3917, 0.1041, 0.1059, 0.1019, 0.1043, 0.0944, 0.0976] **
max =  0.3917 | max_idx =  0
**pseudo_label ->  [0.1136, 0.0977, 0.3589, 0.1322, 0.1009, 0.0988, 0.0979] **
max =  0.3589 | max_idx =  2
**pseudo_label ->  [0.1243, 0.1268, 0.1154, 0.102, 0.0983, 0.3449, 0.0883] **
max =  0.3449 | max_idx =  5
Epoch 27/37, Train Loss: 0.9662, Valid Loss: 1.8265, Train Acc: 1.0000, Val Acc: 0.2932, Test Acc: 0.2951, Test F1(macro): 0.2575, Total Pseudo-Labels: 0, Correct Pseudo-Labels: 0, Train Data Number: 70



line 303 => train data수 70
line 258 => 인스턴스 수 10
Step 270  Tim 0:26:58
acc_train_cw(현재 train의 class별 acc) [1.0, 1.0, 1.0, 1.0, 1.0, 1.0, 1.0]
cw_psl_total_eval(pseudo label 클래스별 총 샘플 수):  [0, 0, 0, 0, 0, 0, 0]
cw_psl_correct_eval(pseudo label 클래스별 맞은 샘플 수):  [0, 0, 0, 0, 0, 0, 0]
psl_acc(PSL 평가에서의 정확도): None 
cw_psl_acc(클래스별 PSL 평가에서의 정확도):  [nan, nan, nan, nan, nan, nan, nan]
**pseudo_label ->  [0.1089, 0.3858, 0.1082, 0.1012, 0.0957, 0.101, 0.0993] **
max =  0.3858 | max_idx =  1
**pseudo_label ->  [0.0975, 0.3715, 0.1006, 0.0921, 0.1031, 0.1351, 0.1002] **
max =  0.3715 | max_idx =  1
**pseudo_label ->  [0.3983, 0.1095, 0.106, 0.0988, 0.1022, 0.0939, 0.0914] **
max =  0.3983 | max_idx =  0
**pseudo_label ->  [0.1236, 0.0923, 0.3584, 0.1355, 0.0958, 0.0942, 0.1001] **
max =  0.3584 | max_idx =  2
**pseudo_label ->  [0.1251, 0.1188, 0.1064, 0.1012, 0.0984, 0.3569, 0.093] **
max =  0.3569 | max_idx =  5
Epoch 28/37, Train Loss: 0.9480, Valid Loss: 1.8257, Train Acc: 1.0000, Val Acc: 0.2997, Test Acc: 0.2992, Test F1(macro): 0.2636, Total Pseudo-Labels: 0, Correct Pseudo-Labels: 0, Train Data Number: 70



line 303 => train data수 70
line 258 => 인스턴스 수 10
Step 280  Tim 0:27:56
acc_train_cw(현재 train의 class별 acc) [1.0, 1.0, 1.0, 1.0, 1.0, 1.0, 1.0]
cw_psl_total_eval(pseudo label 클래스별 총 샘플 수):  [0, 0, 0, 0, 0, 0, 0]
cw_psl_correct_eval(pseudo label 클래스별 맞은 샘플 수):  [0, 0, 0, 0, 0, 0, 0]
psl_acc(PSL 평가에서의 정확도): None 
cw_psl_acc(클래스별 PSL 평가에서의 정확도):  [nan, nan, nan, nan, nan, nan, nan]
**pseudo_label ->  [0.107, 0.392, 0.103, 0.1019, 0.0962, 0.1065, 0.0935] **
max =  0.392 | max_idx =  1
**pseudo_label ->  [0.096, 0.3691, 0.0981, 0.0933, 0.1045, 0.1477, 0.0913] **
max =  0.3691 | max_idx =  1
**pseudo_label ->  [0.4062, 0.1079, 0.0968, 0.1024, 0.1022, 0.0936, 0.0909] **
max =  0.4062 | max_idx =  0
**pseudo_label ->  [0.1093, 0.0958, 0.3717, 0.1335, 0.0972, 0.0975, 0.0949] **
max =  0.3717 | max_idx =  2
**pseudo_label ->  [0.1166, 0.1138, 0.1367, 0.1024, 0.0912, 0.3517, 0.0876] **
max =  0.3517 | max_idx =  5
Epoch 29/37, Train Loss: 0.9298, Valid Loss: 1.8346, Train Acc: 1.0000, Val Acc: 0.2964, Test Acc: 0.3012, Test F1(macro): 0.2624, Total Pseudo-Labels: 0, Correct Pseudo-Labels: 0, Train Data Number: 70



line 303 => train data수 70
line 258 => 인스턴스 수 10
Step 290  Tim 0:28:54
acc_train_cw(현재 train의 class별 acc) [1.0, 1.0, 1.0, 1.0, 1.0, 1.0, 1.0]
cw_psl_total_eval(pseudo label 클래스별 총 샘플 수):  [0, 0, 0, 0, 0, 0, 0]
cw_psl_correct_eval(pseudo label 클래스별 맞은 샘플 수):  [0, 0, 0, 0, 0, 0, 0]
psl_acc(PSL 평가에서의 정확도): None 
cw_psl_acc(클래스별 PSL 평가에서의 정확도):  [nan, nan, nan, nan, nan, nan, nan]
**pseudo_label ->  [0.1049, 0.3996, 0.1062, 0.099, 0.0977, 0.1015, 0.0912] **
max =  0.3996 | max_idx =  1
**pseudo_label ->  [0.0957, 0.3887, 0.1029, 0.09, 0.0999, 0.1279, 0.0948] **
max =  0.3887 | max_idx =  1
**pseudo_label ->  [0.4141, 0.1051, 0.1031, 0.0973, 0.0962, 0.0933, 0.0909] **
max =  0.4141 | max_idx =  0
**pseudo_label ->  [0.1387, 0.0845, 0.3655, 0.1224, 0.0945, 0.0963, 0.0981] **
max =  0.3655 | max_idx =  2
**pseudo_label ->  [0.1363, 0.126, 0.1358, 0.0902, 0.0829, 0.3409, 0.0878] **
max =  0.3409 | max_idx =  5
Epoch 30/37, Train Loss: 0.9121, Valid Loss: 1.8340, Train Acc: 1.0000, Val Acc: 0.2964, Test Acc: 0.3012, Test F1(macro): 0.2641, Total Pseudo-Labels: 0, Correct Pseudo-Labels: 0, Train Data Number: 70



line 303 => train data수 70
line 258 => 인스턴스 수 10
Step 300  Tim 0:29:52
acc_train_cw(현재 train의 class별 acc) [1.0, 1.0, 1.0, 1.0, 1.0, 1.0, 1.0]
cw_psl_total_eval(pseudo label 클래스별 총 샘플 수):  [0, 0, 0, 0, 0, 0, 0]
cw_psl_correct_eval(pseudo label 클래스별 맞은 샘플 수):  [0, 0, 0, 0, 0, 0, 0]
psl_acc(PSL 평가에서의 정확도): None 
cw_psl_acc(클래스별 PSL 평가에서의 정확도):  [nan, nan, nan, nan, nan, nan, nan]
**pseudo_label ->  [0.1034, 0.4054, 0.099, 0.1033, 0.095, 0.1014, 0.0925] **
max =  0.4054 | max_idx =  1
**pseudo_label ->  [0.093, 0.3939, 0.0978, 0.0947, 0.0972, 0.1295, 0.0939] **
max =  0.3939 | max_idx =  1
**pseudo_label ->  [0.4211, 0.0966, 0.0954, 0.0997, 0.1009, 0.0932, 0.0931] **
max =  0.4211 | max_idx =  0
**pseudo_label ->  [0.1055, 0.0934, 0.3871, 0.1272, 0.0955, 0.0935, 0.0977] **
max =  0.3871 | max_idx =  2
**pseudo_label ->  [0.1146, 0.1187, 0.1427, 0.0982, 0.0865, 0.3557, 0.0836] **
max =  0.3557 | max_idx =  5
Epoch 31/37, Train Loss: 0.8959, Valid Loss: 1.8318, Train Acc: 1.0000, Val Acc: 0.2964, Test Acc: 0.3094, Test F1(macro): 0.2694, Total Pseudo-Labels: 0, Correct Pseudo-Labels: 0, Train Data Number: 70



line 303 => train data수 70
line 258 => 인스턴스 수 10
Step 310  Tim 0:30:50
acc_train_cw(현재 train의 class별 acc) [1.0, 1.0, 1.0, 1.0, 1.0, 1.0, 1.0]
cw_psl_total_eval(pseudo label 클래스별 총 샘플 수):  [0, 0, 0, 0, 0, 0, 0]
cw_psl_correct_eval(pseudo label 클래스별 맞은 샘플 수):  [0, 0, 0, 0, 0, 0, 0]
psl_acc(PSL 평가에서의 정확도): None 
cw_psl_acc(클래스별 PSL 평가에서의 정확도):  [nan, nan, nan, nan, nan, nan, nan]
**pseudo_label ->  [0.1008, 0.4131, 0.1007, 0.0994, 0.0932, 0.1027, 0.0901] **
max =  0.4131 | max_idx =  1
**pseudo_label ->  [0.0946, 0.4061, 0.0994, 0.0922, 0.0989, 0.1194, 0.0894] **
max =  0.4061 | max_idx =  1
**pseudo_label ->  [0.4272, 0.1057, 0.0977, 0.0972, 0.0961, 0.0871, 0.089] **
max =  0.4272 | max_idx =  0
**pseudo_label ->  [0.118, 0.0894, 0.3926, 0.1195, 0.0938, 0.091, 0.0957] **
max =  0.3926 | max_idx =  2
**pseudo_label ->  [0.1237, 0.1133, 0.1105, 0.0996, 0.0913, 0.3792, 0.0824] **
max =  0.3792 | max_idx =  5
Epoch 32/37, Train Loss: 0.8771, Valid Loss: 1.8359, Train Acc: 1.0000, Val Acc: 0.2932, Test Acc: 0.2930, Test F1(macro): 0.2560, Total Pseudo-Labels: 0, Correct Pseudo-Labels: 0, Train Data Number: 70



line 303 => train data수 70
line 258 => 인스턴스 수 10
Step 320  Tim 0:31:48
acc_train_cw(현재 train의 class별 acc) [1.0, 1.0, 1.0, 1.0, 1.0, 1.0, 1.0]
cw_psl_total_eval(pseudo label 클래스별 총 샘플 수):  [0, 0, 0, 0, 0, 0, 0]
cw_psl_correct_eval(pseudo label 클래스별 맞은 샘플 수):  [0, 0, 0, 0, 0, 0, 0]
psl_acc(PSL 평가에서의 정확도): None 
cw_psl_acc(클래스별 PSL 평가에서의 정확도):  [nan, nan, nan, nan, nan, nan, nan]
**pseudo_label ->  [0.0994, 0.4204, 0.1011, 0.0981, 0.0906, 0.1038, 0.0865] **
max =  0.4204 | max_idx =  1
**pseudo_label ->  [0.0894, 0.3958, 0.0952, 0.0878, 0.0988, 0.145, 0.088] **
max =  0.3958 | max_idx =  1
**pseudo_label ->  [0.4347, 0.0955, 0.0977, 0.0972, 0.0957, 0.09, 0.0892] **
max =  0.4347 | max_idx =  0
**pseudo_label ->  [0.107, 0.0883, 0.3993, 0.1224, 0.094, 0.089, 0.0999] **
max =  0.3993 | max_idx =  2
**pseudo_label ->  [0.1155, 0.1088, 0.1254, 0.0869, 0.0919, 0.3863, 0.0852] **
max =  0.3863 | max_idx =  5
Epoch 33/37, Train Loss: 0.8603, Valid Loss: 1.8411, Train Acc: 1.0000, Val Acc: 0.2932, Test Acc: 0.2930, Test F1(macro): 0.2536, Total Pseudo-Labels: 0, Correct Pseudo-Labels: 0, Train Data Number: 70



line 303 => train data수 70
line 258 => 인스턴스 수 10
Step 330  Tim 0:32:47
acc_train_cw(현재 train의 class별 acc) [1.0, 1.0, 1.0, 1.0, 1.0, 1.0, 1.0]
cw_psl_total_eval(pseudo label 클래스별 총 샘플 수):  [0, 0, 0, 0, 0, 0, 0]
cw_psl_correct_eval(pseudo label 클래스별 맞은 샘플 수):  [0, 0, 0, 0, 0, 0, 0]
psl_acc(PSL 평가에서의 정확도): None 
cw_psl_acc(클래스별 PSL 평가에서의 정확도):  [nan, nan, nan, nan, nan, nan, nan]
**pseudo_label ->  [0.1026, 0.4287, 0.0992, 0.096, 0.0905, 0.0968, 0.0862] **
max =  0.4287 | max_idx =  1
**pseudo_label ->  [0.0916, 0.4212, 0.0984, 0.09, 0.0935, 0.1166, 0.0887] **
max =  0.4212 | max_idx =  1
**pseudo_label ->  [0.4416, 0.0984, 0.0929, 0.0939, 0.094, 0.0902, 0.0889] **
max =  0.4416 | max_idx =  0
**pseudo_label ->  [0.1204, 0.0854, 0.4012, 0.1207, 0.0906, 0.0859, 0.0956] **
max =  0.4012 | max_idx =  2
**pseudo_label ->  [0.1273, 0.1096, 0.1214, 0.0941, 0.0844, 0.3844, 0.0788] **
max =  0.3844 | max_idx =  5
Epoch 34/37, Train Loss: 0.8438, Valid Loss: 1.8410, Train Acc: 1.0000, Val Acc: 0.2932, Test Acc: 0.2889, Test F1(macro): 0.2485, Total Pseudo-Labels: 0, Correct Pseudo-Labels: 0, Train Data Number: 70



line 303 => train data수 70
line 258 => 인스턴스 수 10
Step 340  Tim 0:33:45
acc_train_cw(현재 train의 class별 acc) [1.0, 1.0, 1.0, 1.0, 1.0, 1.0, 1.0]
cw_psl_total_eval(pseudo label 클래스별 총 샘플 수):  [0, 0, 0, 0, 0, 0, 0]
cw_psl_correct_eval(pseudo label 클래스별 맞은 샘플 수):  [0, 0, 0, 0, 0, 0, 0]
psl_acc(PSL 평가에서의 정확도): None 
cw_psl_acc(클래스별 PSL 평가에서의 정확도):  [nan, nan, nan, nan, nan, nan, nan]
**pseudo_label ->  [0.1008, 0.4359, 0.0987, 0.0946, 0.0892, 0.0952, 0.0855] **
max =  0.4359 | max_idx =  1
**pseudo_label ->  [0.0854, 0.4211, 0.0991, 0.0872, 0.0929, 0.1254, 0.0889] **
max =  0.4211 | max_idx =  1
**pseudo_label ->  [0.4488, 0.1003, 0.0891, 0.0962, 0.0943, 0.086, 0.0853] **
max =  0.4488 | max_idx =  0
**pseudo_label ->  [0.1372, 0.0812, 0.3947, 0.1215, 0.0843, 0.0905, 0.0907] **
max =  0.3947 | max_idx =  2
**pseudo_label ->  [0.1239, 0.1135, 0.1724, 0.0938, 0.0703, 0.3436, 0.0825] **
max =  0.3436 | max_idx =  5
Epoch 35/37, Train Loss: 0.8271, Valid Loss: 1.8435, Train Acc: 1.0000, Val Acc: 0.2932, Test Acc: 0.2889, Test F1(macro): 0.2486, Total Pseudo-Labels: 0, Correct Pseudo-Labels: 0, Train Data Number: 70



line 303 => train data수 70
line 258 => 인스턴스 수 10
Step 350  Tim 0:34:43
acc_train_cw(현재 train의 class별 acc) [1.0, 1.0, 1.0, 1.0, 1.0, 1.0, 1.0]
cw_psl_total_eval(pseudo label 클래스별 총 샘플 수):  [0, 0, 0, 0, 0, 0, 0]
cw_psl_correct_eval(pseudo label 클래스별 맞은 샘플 수):  [0, 0, 0, 0, 0, 0, 0]
psl_acc(PSL 평가에서의 정확도): None 
cw_psl_acc(클래스별 PSL 평가에서의 정확도):  [nan, nan, nan, nan, nan, nan, nan]
**pseudo_label ->  [0.0937, 0.4406, 0.0962, 0.0922, 0.0898, 0.1013, 0.0861] **
max =  0.4406 | max_idx =  1
**pseudo_label ->  [0.0872, 0.4284, 0.0952, 0.0855, 0.093, 0.1243, 0.0864] **
max =  0.4284 | max_idx =  1
**pseudo_label ->  [0.4556, 0.0977, 0.0901, 0.0904, 0.0907, 0.0874, 0.0882] **
max =  0.4556 | max_idx =  0
**pseudo_label ->  [0.1076, 0.0861, 0.423, 0.113, 0.0952, 0.0853, 0.0896] **
max =  0.423 | max_idx =  2
**pseudo_label ->  [0.1199, 0.1177, 0.1334, 0.0923, 0.0771, 0.3858, 0.0738] **
max =  0.3858 | max_idx =  5
Epoch 36/37, Train Loss: 0.8114, Valid Loss: 1.8417, Train Acc: 1.0000, Val Acc: 0.2997, Test Acc: 0.2930, Test F1(macro): 0.2505, Total Pseudo-Labels: 0, Correct Pseudo-Labels: 0, Train Data Number: 70



line 303 => train data수 70
line 258 => 인스턴스 수 10
Step 360  Tim 0:35:42
acc_train_cw(현재 train의 class별 acc) [1.0, 1.0, 1.0, 1.0, 1.0, 1.0, 1.0]
cw_psl_total_eval(pseudo label 클래스별 총 샘플 수):  [0, 0, 0, 0, 0, 0, 0]
cw_psl_correct_eval(pseudo label 클래스별 맞은 샘플 수):  [0, 0, 0, 0, 0, 0, 0]
psl_acc(PSL 평가에서의 정확도): None 
cw_psl_acc(클래스별 PSL 평가에서의 정확도):  [nan, nan, nan, nan, nan, nan, nan]
**pseudo_label ->  [0.0962, 0.4502, 0.101, 0.0898, 0.0876, 0.0907, 0.0845] **
max =  0.4502 | max_idx =  1
**pseudo_label ->  [0.0845, 0.44, 0.1003, 0.0826, 0.0913, 0.1153, 0.0859] **
max =  0.44 | max_idx =  1
**pseudo_label ->  [0.4632, 0.0939, 0.0888, 0.092, 0.0922, 0.0841, 0.0857] **
max =  0.4632 | max_idx =  0
**pseudo_label ->  [0.1024, 0.0826, 0.4211, 0.1287, 0.0873, 0.0898, 0.0881] **
max =  0.4211 | max_idx =  2
**pseudo_label ->  [0.1148, 0.1086, 0.112, 0.0918, 0.0804, 0.4131, 0.0793] **
max =  0.4131 | max_idx =  5
Epoch 37/37, Train Loss: 0.7957, Valid Loss: 1.8458, Train Acc: 1.0000, Val Acc: 0.2964, Test Acc: 0.2643, Test F1(macro): 0.2348, Total Pseudo-Labels: 0, Correct Pseudo-Labels: 0, Train Data Number: 70

Training complete!
Total training took 0:36:30 (h:mm:ss)
Load model from ./experiment/python_extended_data/output/10_codet5p-110m-embedding_0.00025_0.7_python_extended_data_37_[45]_net0.pth
Save training statistics in:  ./experiment/python_extended_data/log/codet5p/class7//10_codet5p-110m-embedding_0.00025_0.7_python_extended_data_37_[45]/training_statistics.csv

best_trian_loss, epoch => 0.7956629633903504 37
Epoch-1_train_loss => 1.9902558326721191
max_epoch_train_loss => 0.7956629633903504 


best_val_loss, epoch =>  1.785691564945134 9
Epoch-1_val_loss => 1.9684553755999388
max_epoch_val_loss => 1.8458028344455681 

pse_epoch =>  []
추가되는 pse_epoch =>  [] 

total_data:  70 

Best_step:  50 
Best_val_epoch:  6 
best_val_acc:  0.36482084690553745 
best_val_test_acc:  0.2807377049180328 
best_val_test_f1:  0.2358517767804095
Save best record in:  ./experiment/python_extended_data/log/codet5p/class7/summary.csv
Save best record in:  ./experiment/python_extended_data/log/summary_avgrun.csv
