current work directory:  /home/imsuhan22/few-shot-tc/custom_ssl/code
Data set -> python_extended_data
save_name: 5_codet5p-110m-embedding_0.0003_0.7_python_extended_data

data_path:  ../data/problem_based_split/python_extended_data

There are 2 GPU(s) available.
We will use the GPU- 0 Quadro RTX 8000

**line 147 모델 =>  Salesforce/codet5p-110m-embedding
**tokenizer type =  Salesforce/codet5p-110m-embedding 

pesudo label class개수 기준 -> 7
n_labeled_per_class:  5
train_df samples: 3974
train_labeled_df samples: 35
train_unlabeled_df samples: 3939
n_classes:  7 


net_arch:  Salesforce/codet5p-110m-embedding 
lr:  0.0003 
lr_linear:  0.001 




line 303 => train data수 35
line 258 => 인스턴스 수 5
Step 0  Tim 0:00:09
acc_train_cw(현재 train의 class별 acc) [0.0, 0.2, 0.6, 0.0, 0.0, 0.0, 0.0]
cw_psl_total_eval(pseudo label 클래스별 총 샘플 수):  [0, 0, 0, 0, 0, 0, 0]
cw_psl_correct_eval(pseudo label 클래스별 맞은 샘플 수):  [0, 0, 0, 0, 0, 0, 0]
psl_acc(PSL 평가에서의 정확도): None 
cw_psl_acc(클래스별 PSL 평가에서의 정확도):  [nan, nan, nan, nan, nan, nan, nan]
***best_acc_model_save --- epoch = 1***
Save model to ./experiment/python_extended_data/output/
**pseudo_label ->  [0.1433, 0.1523, 0.1529, 0.1394, 0.1414, 0.1339, 0.1367] **
max =  0.1529 | max_idx =  2
**pseudo_label ->  [0.1403, 0.1489, 0.1544, 0.1373, 0.1448, 0.1355, 0.1388] **
max =  0.1544 | max_idx =  2
**pseudo_label ->  [0.141, 0.1514, 0.1501, 0.141, 0.1428, 0.1378, 0.1359] **
max =  0.1514 | max_idx =  1
**pseudo_label ->  [0.1393, 0.1458, 0.1489, 0.1359, 0.1437, 0.1413, 0.1452] **
max =  0.1489 | max_idx =  2
**pseudo_label ->  [0.1366, 0.1489, 0.1561, 0.1394, 0.1421, 0.1395, 0.1374] **
max =  0.1561 | max_idx =  2
Epoch 1/37, Train Loss: 1.9732, Valid Loss: 1.9516, Train Acc: 0.1143, Val Acc: 0.1726, Test Acc: 0.1680, Test F1(macro): 0.0694, Test F1(micro) : 0.1143,Total Pseudo-Labels: 0, Correct Pseudo-Labels: 0, Train Data Number: 35



line 303 => train data수 35
line 258 => 인스턴스 수 5
Step 5  Tim 0:01:09
acc_train_cw(현재 train의 class별 acc) [1.0, 0.0, 1.0, 0.0, 1.0, 1.0, 0.8]
cw_psl_total_eval(pseudo label 클래스별 총 샘플 수):  [0, 0, 0, 0, 0, 0, 0]
cw_psl_correct_eval(pseudo label 클래스별 맞은 샘플 수):  [0, 0, 0, 0, 0, 0, 0]
psl_acc(PSL 평가에서의 정확도): None 
cw_psl_acc(클래스별 PSL 평가에서의 정확도):  [nan, nan, nan, nan, nan, nan, nan]
***best_acc_model_save --- epoch = 2***
Save model to ./experiment/python_extended_data/output/
**pseudo_label ->  [0.1466, 0.1366, 0.1404, 0.1343, 0.1432, 0.1531, 0.1458] **
max =  0.1531 | max_idx =  5
**pseudo_label ->  [0.1472, 0.1428, 0.1462, 0.1331, 0.1424, 0.1431, 0.1451] **
max =  0.1472 | max_idx =  0
**pseudo_label ->  [0.1463, 0.1384, 0.1497, 0.1352, 0.1453, 0.1413, 0.1438] **
max =  0.1497 | max_idx =  2
**pseudo_label ->  [0.1506, 0.1365, 0.1445, 0.1334, 0.139, 0.1431, 0.1529] **
max =  0.1529 | max_idx =  6
**pseudo_label ->  [0.1484, 0.1372, 0.146, 0.1347, 0.1439, 0.1438, 0.1459] **
max =  0.1484 | max_idx =  0
Epoch 2/37, Train Loss: 1.8731, Valid Loss: 1.9697, Train Acc: 0.6857, Val Acc: 0.1759, Test Acc: 0.3525, Test F1(macro): 0.1858, Test F1(micro) : 0.6857,Total Pseudo-Labels: 0, Correct Pseudo-Labels: 0, Train Data Number: 35



line 303 => train data수 35
line 258 => 인스턴스 수 5
Step 10  Tim 0:02:17
acc_train_cw(현재 train의 class별 acc) [1.0, 0.8, 1.0, 0.0, 0.8, 0.8, 1.0]
cw_psl_total_eval(pseudo label 클래스별 총 샘플 수):  [0, 0, 0, 0, 0, 0, 0]
cw_psl_correct_eval(pseudo label 클래스별 맞은 샘플 수):  [0, 0, 0, 0, 0, 0, 0]
psl_acc(PSL 평가에서의 정확도): None 
cw_psl_acc(클래스별 PSL 평가에서의 정확도):  [nan, nan, nan, nan, nan, nan, nan]
**pseudo_label ->  [0.1316, 0.1389, 0.1105, 0.1379, 0.1321, 0.1951, 0.154] **
max =  0.1951 | max_idx =  5
**pseudo_label ->  [0.1717, 0.171, 0.1248, 0.1275, 0.1199, 0.1248, 0.1603] **
max =  0.1717 | max_idx =  0
**pseudo_label ->  [0.1719, 0.1584, 0.1428, 0.1313, 0.1193, 0.1248, 0.1515] **
max =  0.1719 | max_idx =  0
**pseudo_label ->  [0.1595, 0.14, 0.1313, 0.1225, 0.1259, 0.127, 0.1938] **
max =  0.1938 | max_idx =  6
**pseudo_label ->  [0.1752, 0.1628, 0.1379, 0.1279, 0.125, 0.125, 0.1461] **
max =  0.1752 | max_idx =  0
Epoch 3/37, Train Loss: 1.7271, Valid Loss: 1.9514, Train Acc: 0.7714, Val Acc: 0.0945, Test Acc: 0.3176, Test F1(macro): 0.2019, Test F1(micro) : 0.7714,Total Pseudo-Labels: 0, Correct Pseudo-Labels: 0, Train Data Number: 35



line 303 => train data수 35
line 258 => 인스턴스 수 5
Step 15  Tim 0:03:14
acc_train_cw(현재 train의 class별 acc) [1.0, 1.0, 1.0, 0.2, 0.8, 0.8, 1.0]
cw_psl_total_eval(pseudo label 클래스별 총 샘플 수):  [0, 0, 0, 0, 0, 0, 0]
cw_psl_correct_eval(pseudo label 클래스별 맞은 샘플 수):  [0, 0, 0, 0, 0, 0, 0]
psl_acc(PSL 평가에서의 정확도): None 
cw_psl_acc(클래스별 PSL 평가에서의 정확도):  [nan, nan, nan, nan, nan, nan, nan]
**pseudo_label ->  [0.1227, 0.133, 0.1084, 0.1325, 0.1284, 0.2027, 0.1723] **
max =  0.2027 | max_idx =  5
**pseudo_label ->  [0.1532, 0.2025, 0.1358, 0.1371, 0.1263, 0.1153, 0.1298] **
max =  0.2025 | max_idx =  1
**pseudo_label ->  [0.1741, 0.1709, 0.1603, 0.1264, 0.1193, 0.1179, 0.131] **
max =  0.1741 | max_idx =  0
**pseudo_label ->  [0.1403, 0.1282, 0.1314, 0.1169, 0.13, 0.1334, 0.2198] **
max =  0.2198 | max_idx =  6
**pseudo_label ->  [0.1807, 0.1817, 0.1335, 0.1208, 0.1234, 0.122, 0.1379] **
max =  0.1817 | max_idx =  1
Epoch 4/37, Train Loss: 1.6125, Valid Loss: 1.9310, Train Acc: 0.8286, Val Acc: 0.0912, Test Acc: 0.3893, Test F1(macro): 0.2698, Test F1(micro) : 0.8286,Total Pseudo-Labels: 0, Correct Pseudo-Labels: 0, Train Data Number: 35



line 303 => train data수 35
line 258 => 인스턴스 수 5
Step 20  Tim 0:04:10
acc_train_cw(현재 train의 class별 acc) [1.0, 1.0, 1.0, 0.6, 1.0, 1.0, 1.0]
cw_psl_total_eval(pseudo label 클래스별 총 샘플 수):  [0, 0, 0, 0, 0, 0, 0]
cw_psl_correct_eval(pseudo label 클래스별 맞은 샘플 수):  [0, 0, 0, 0, 0, 0, 0]
psl_acc(PSL 평가에서의 정확도): None 
cw_psl_acc(클래스별 PSL 평가에서의 정확도):  [nan, nan, nan, nan, nan, nan, nan]
**pseudo_label ->  [0.1212, 0.1443, 0.1118, 0.127, 0.1158, 0.216, 0.1639] **
max =  0.216 | max_idx =  5
**pseudo_label ->  [0.1592, 0.2132, 0.117, 0.1396, 0.1255, 0.1195, 0.126] **
max =  0.2132 | max_idx =  1
**pseudo_label ->  [0.2058, 0.1607, 0.14, 0.1291, 0.1176, 0.1218, 0.1249] **
max =  0.2058 | max_idx =  0
**pseudo_label ->  [0.1431, 0.1246, 0.1242, 0.1133, 0.1259, 0.1429, 0.226] **
max =  0.226 | max_idx =  6
**pseudo_label ->  [0.2051, 0.1695, 0.127, 0.1269, 0.1238, 0.1238, 0.1238] **
max =  0.2051 | max_idx =  0
Epoch 5/37, Train Loss: 1.5366, Valid Loss: 1.9266, Train Acc: 0.9429, Val Acc: 0.1466, Test Acc: 0.4201, Test F1(macro): 0.3061, Test F1(micro) : 0.9429,Total Pseudo-Labels: 0, Correct Pseudo-Labels: 0, Train Data Number: 35



line 303 => train data수 35
line 258 => 인스턴스 수 5
Step 25  Tim 0:05:06
acc_train_cw(현재 train의 class별 acc) [1.0, 1.0, 1.0, 1.0, 1.0, 1.0, 1.0]
cw_psl_total_eval(pseudo label 클래스별 총 샘플 수):  [0, 0, 0, 0, 0, 0, 0]
cw_psl_correct_eval(pseudo label 클래스별 맞은 샘플 수):  [0, 0, 0, 0, 0, 0, 0]
psl_acc(PSL 평가에서의 정확도): None 
cw_psl_acc(클래스별 PSL 평가에서의 정확도):  [nan, nan, nan, nan, nan, nan, nan]
**pseudo_label ->  [0.123, 0.13, 0.1212, 0.1247, 0.1157, 0.227, 0.1584] **
max =  0.227 | max_idx =  5
**pseudo_label ->  [0.1388, 0.2306, 0.111, 0.1422, 0.1226, 0.1302, 0.1247] **
max =  0.2306 | max_idx =  1
**pseudo_label ->  [0.2054, 0.162, 0.1275, 0.134, 0.1082, 0.132, 0.131] **
max =  0.2054 | max_idx =  0
**pseudo_label ->  [0.1533, 0.1265, 0.1311, 0.1086, 0.1216, 0.1262, 0.2327] **
max =  0.2327 | max_idx =  6
**pseudo_label ->  [0.1977, 0.19, 0.1178, 0.1264, 0.1157, 0.1302, 0.1222] **
max =  0.1977 | max_idx =  0
Epoch 6/37, Train Loss: 1.4867, Valid Loss: 1.9110, Train Acc: 1.0000, Val Acc: 0.1694, Test Acc: 0.5061, Test F1(macro): 0.3638, Test F1(micro) : 1.0000,Total Pseudo-Labels: 0, Correct Pseudo-Labels: 0, Train Data Number: 35



line 303 => train data수 35
line 258 => 인스턴스 수 5
Step 30  Tim 0:06:02
acc_train_cw(현재 train의 class별 acc) [1.0, 1.0, 1.0, 1.0, 1.0, 1.0, 1.0]
cw_psl_total_eval(pseudo label 클래스별 총 샘플 수):  [0, 0, 0, 0, 0, 0, 0]
cw_psl_correct_eval(pseudo label 클래스별 맞은 샘플 수):  [0, 0, 0, 0, 0, 0, 0]
psl_acc(PSL 평가에서의 정확도): None 
cw_psl_acc(클래스별 PSL 평가에서의 정확도):  [nan, nan, nan, nan, nan, nan, nan]
***best_acc_model_save --- epoch = 7***
Save model to ./experiment/python_extended_data/output/
**pseudo_label ->  [0.1227, 0.1365, 0.1143, 0.1225, 0.1122, 0.2291, 0.1628] **
max =  0.2291 | max_idx =  5
**pseudo_label ->  [0.1392, 0.244, 0.1204, 0.1334, 0.1161, 0.1268, 0.12] **
max =  0.244 | max_idx =  1
**pseudo_label ->  [0.1978, 0.1937, 0.1312, 0.1254, 0.1072, 0.1264, 0.1184] **
max =  0.1978 | max_idx =  0
**pseudo_label ->  [0.1479, 0.1239, 0.1261, 0.1104, 0.1331, 0.1164, 0.2423] **
max =  0.2423 | max_idx =  6
**pseudo_label ->  [0.2145, 0.1791, 0.119, 0.1257, 0.1205, 0.1234, 0.1177] **
max =  0.2145 | max_idx =  0
Epoch 7/37, Train Loss: 1.4438, Valid Loss: 1.9147, Train Acc: 1.0000, Val Acc: 0.2117, Test Acc: 0.5451, Test F1(macro): 0.4027, Test F1(micro) : 1.0000,Total Pseudo-Labels: 0, Correct Pseudo-Labels: 0, Train Data Number: 35



line 303 => train data수 35
line 258 => 인스턴스 수 5
Step 35  Tim 0:07:10
acc_train_cw(현재 train의 class별 acc) [1.0, 1.0, 1.0, 1.0, 1.0, 1.0, 1.0]
cw_psl_total_eval(pseudo label 클래스별 총 샘플 수):  [0, 0, 0, 0, 0, 0, 0]
cw_psl_correct_eval(pseudo label 클래스별 맞은 샘플 수):  [0, 0, 0, 0, 0, 0, 0]
psl_acc(PSL 평가에서의 정확도): None 
cw_psl_acc(클래스별 PSL 평가에서의 정확도):  [nan, nan, nan, nan, nan, nan, nan]
**pseudo_label ->  [0.115, 0.1517, 0.1189, 0.1282, 0.1144, 0.2392, 0.1326] **
max =  0.2392 | max_idx =  5
**pseudo_label ->  [0.1396, 0.236, 0.1172, 0.1373, 0.1032, 0.1385, 0.1282] **
max =  0.236 | max_idx =  1
**pseudo_label ->  [0.2069, 0.1682, 0.1304, 0.125, 0.0953, 0.1441, 0.1301] **
max =  0.2069 | max_idx =  0
**pseudo_label ->  [0.1326, 0.1226, 0.1184, 0.1164, 0.1205, 0.1342, 0.2552] **
max =  0.2552 | max_idx =  6
**pseudo_label ->  [0.2195, 0.1715, 0.114, 0.1171, 0.1158, 0.1349, 0.1272] **
max =  0.2195 | max_idx =  0
Epoch 8/37, Train Loss: 1.4206, Valid Loss: 1.8782, Train Acc: 1.0000, Val Acc: 0.2052, Test Acc: 0.4877, Test F1(macro): 0.3725, Test F1(micro) : 1.0000,Total Pseudo-Labels: 0, Correct Pseudo-Labels: 0, Train Data Number: 35



line 303 => train data수 35
line 258 => 인스턴스 수 5
Step 40  Tim 0:08:07
acc_train_cw(현재 train의 class별 acc) [1.0, 1.0, 1.0, 1.0, 1.0, 1.0, 1.0]
cw_psl_total_eval(pseudo label 클래스별 총 샘플 수):  [0, 0, 0, 0, 0, 0, 0]
cw_psl_correct_eval(pseudo label 클래스별 맞은 샘플 수):  [0, 0, 0, 0, 0, 0, 0]
psl_acc(PSL 평가에서의 정확도): None 
cw_psl_acc(클래스별 PSL 평가에서의 정확도):  [nan, nan, nan, nan, nan, nan, nan]
***best_acc_model_save --- epoch = 9***
Save model to ./experiment/python_extended_data/output/
**pseudo_label ->  [0.1075, 0.1317, 0.1175, 0.129, 0.1284, 0.2428, 0.143] **
max =  0.2428 | max_idx =  5
**pseudo_label ->  [0.147, 0.235, 0.1091, 0.1501, 0.1083, 0.126, 0.1245] **
max =  0.235 | max_idx =  1
**pseudo_label ->  [0.2298, 0.158, 0.1334, 0.1333, 0.1079, 0.1141, 0.1236] **
max =  0.2298 | max_idx =  0
**pseudo_label ->  [0.1496, 0.1229, 0.1143, 0.1138, 0.1186, 0.1248, 0.256] **
max =  0.256 | max_idx =  6
**pseudo_label ->  [0.219, 0.1776, 0.1132, 0.1214, 0.1387, 0.1141, 0.116] **
max =  0.219 | max_idx =  0
Epoch 9/37, Train Loss: 1.3972, Valid Loss: 1.8663, Train Acc: 1.0000, Val Acc: 0.2866, Test Acc: 0.4775, Test F1(macro): 0.3788, Test F1(micro) : 1.0000,Total Pseudo-Labels: 0, Correct Pseudo-Labels: 0, Train Data Number: 35



line 303 => train data수 35
line 258 => 인스턴스 수 5
Step 45  Tim 0:09:14
acc_train_cw(현재 train의 class별 acc) [1.0, 1.0, 1.0, 1.0, 1.0, 1.0, 1.0]
cw_psl_total_eval(pseudo label 클래스별 총 샘플 수):  [0, 0, 0, 0, 0, 0, 0]
cw_psl_correct_eval(pseudo label 클래스별 맞은 샘플 수):  [0, 0, 0, 0, 0, 0, 0]
psl_acc(PSL 평가에서의 정확도): None 
cw_psl_acc(클래스별 PSL 평가에서의 정확도):  [nan, nan, nan, nan, nan, nan, nan]
***best_acc_model_save --- epoch = 10***
Save model to ./experiment/python_extended_data/output/
**pseudo_label ->  [0.1169, 0.1274, 0.1098, 0.1205, 0.1172, 0.2388, 0.1693] **
max =  0.2388 | max_idx =  5
**pseudo_label ->  [0.1452, 0.2434, 0.1168, 0.1464, 0.1048, 0.124, 0.1195] **
max =  0.2434 | max_idx =  1
**pseudo_label ->  [0.211, 0.1822, 0.1377, 0.1382, 0.1005, 0.1136, 0.1169] **
max =  0.211 | max_idx =  0
**pseudo_label ->  [0.1475, 0.1246, 0.1214, 0.1118, 0.1149, 0.1197, 0.2601] **
max =  0.2601 | max_idx =  6
**pseudo_label ->  [0.2275, 0.1749, 0.122, 0.1251, 0.1254, 0.1132, 0.1119] **
max =  0.2275 | max_idx =  0
Epoch 10/37, Train Loss: 1.3813, Valid Loss: 1.8887, Train Acc: 1.0000, Val Acc: 0.2964, Test Acc: 0.5225, Test F1(macro): 0.3924, Test F1(micro) : 1.0000,Total Pseudo-Labels: 0, Correct Pseudo-Labels: 0, Train Data Number: 35



line 303 => train data수 35
line 258 => 인스턴스 수 5
Step 50  Tim 0:10:22
acc_train_cw(현재 train의 class별 acc) [1.0, 1.0, 1.0, 1.0, 1.0, 1.0, 1.0]
cw_psl_total_eval(pseudo label 클래스별 총 샘플 수):  [0, 0, 0, 0, 0, 0, 0]
cw_psl_correct_eval(pseudo label 클래스별 맞은 샘플 수):  [0, 0, 0, 0, 0, 0, 0]
psl_acc(PSL 평가에서의 정확도): None 
cw_psl_acc(클래스별 PSL 평가에서의 정확도):  [nan, nan, nan, nan, nan, nan, nan]
**pseudo_label ->  [0.1172, 0.1284, 0.1117, 0.1125, 0.1087, 0.2107, 0.2109] **
max =  0.2109 | max_idx =  6
**pseudo_label ->  [0.1416, 0.2505, 0.1149, 0.1352, 0.1004, 0.1345, 0.1229] **
max =  0.2505 | max_idx =  1
**pseudo_label ->  [0.2191, 0.1793, 0.1337, 0.1278, 0.0962, 0.1232, 0.1206] **
max =  0.2191 | max_idx =  0
**pseudo_label ->  [0.1426, 0.121, 0.1211, 0.1092, 0.1182, 0.1226, 0.2652] **
max =  0.2652 | max_idx =  6
**pseudo_label ->  [0.2382, 0.1671, 0.1133, 0.1157, 0.1164, 0.123, 0.1263] **
max =  0.2382 | max_idx =  0
Epoch 11/37, Train Loss: 1.3656, Valid Loss: 1.8533, Train Acc: 1.0000, Val Acc: 0.2769, Test Acc: 0.5246, Test F1(macro): 0.3946, Test F1(micro) : 1.0000,Total Pseudo-Labels: 0, Correct Pseudo-Labels: 0, Train Data Number: 35



line 303 => train data수 35
line 258 => 인스턴스 수 5
Step 55  Tim 0:11:19
acc_train_cw(현재 train의 class별 acc) [1.0, 1.0, 1.0, 1.0, 1.0, 1.0, 1.0]
cw_psl_total_eval(pseudo label 클래스별 총 샘플 수):  [0, 0, 0, 0, 0, 0, 0]
cw_psl_correct_eval(pseudo label 클래스별 맞은 샘플 수):  [0, 0, 0, 0, 0, 0, 0]
psl_acc(PSL 평가에서의 정확도): None 
cw_psl_acc(클래스별 PSL 평가에서의 정확도):  [nan, nan, nan, nan, nan, nan, nan]
***best_acc_model_save --- epoch = 12***
Save model to ./experiment/python_extended_data/output/
**pseudo_label ->  [0.1103, 0.1179, 0.1118, 0.1189, 0.1151, 0.2122, 0.2139] **
max =  0.2139 | max_idx =  6
**pseudo_label ->  [0.1296, 0.257, 0.1081, 0.1471, 0.1126, 0.1265, 0.1191] **
max =  0.257 | max_idx =  1
**pseudo_label ->  [0.2373, 0.1636, 0.1306, 0.1284, 0.1043, 0.1146, 0.1212] **
max =  0.2373 | max_idx =  0
**pseudo_label ->  [0.1367, 0.1149, 0.1187, 0.109, 0.1289, 0.1218, 0.27] **
max =  0.27 | max_idx =  6
**pseudo_label ->  [0.2455, 0.1581, 0.113, 0.1159, 0.1237, 0.1206, 0.1232] **
max =  0.2455 | max_idx =  0
Epoch 12/37, Train Loss: 1.3495, Valid Loss: 1.8586, Train Acc: 1.0000, Val Acc: 0.3290, Test Acc: 0.4570, Test F1(macro): 0.3631, Test F1(micro) : 1.0000,Total Pseudo-Labels: 0, Correct Pseudo-Labels: 0, Train Data Number: 35



line 303 => train data수 35
line 258 => 인스턴스 수 5
Step 60  Tim 0:12:27
acc_train_cw(현재 train의 class별 acc) [1.0, 1.0, 1.0, 1.0, 1.0, 1.0, 1.0]
cw_psl_total_eval(pseudo label 클래스별 총 샘플 수):  [0, 0, 0, 0, 0, 0, 0]
cw_psl_correct_eval(pseudo label 클래스별 맞은 샘플 수):  [0, 0, 0, 0, 0, 0, 0]
psl_acc(PSL 평가에서의 정확도): None 
cw_psl_acc(클래스별 PSL 평가에서의 정확도):  [nan, nan, nan, nan, nan, nan, nan]
**pseudo_label ->  [0.1101, 0.122, 0.107, 0.1228, 0.1093, 0.217, 0.2118] **
max =  0.217 | max_idx =  5
**pseudo_label ->  [0.1445, 0.2593, 0.1111, 0.1381, 0.1041, 0.1241, 0.1189] **
max =  0.2593 | max_idx =  1
**pseudo_label ->  [0.2221, 0.1848, 0.1328, 0.1312, 0.0971, 0.1168, 0.1151] **
max =  0.2221 | max_idx =  0
**pseudo_label ->  [0.1363, 0.121, 0.1177, 0.11, 0.1179, 0.1216, 0.2756] **
max =  0.2756 | max_idx =  6
**pseudo_label ->  [0.2386, 0.1771, 0.1166, 0.1205, 0.1115, 0.1193, 0.1164] **
max =  0.2386 | max_idx =  0
Epoch 13/37, Train Loss: 1.3338, Valid Loss: 1.8761, Train Acc: 1.0000, Val Acc: 0.3290, Test Acc: 0.4836, Test F1(macro): 0.3697, Test F1(micro) : 1.0000,Total Pseudo-Labels: 0, Correct Pseudo-Labels: 0, Train Data Number: 35



line 303 => train data수 35
line 258 => 인스턴스 수 5
Step 65  Tim 0:13:23
acc_train_cw(현재 train의 class별 acc) [1.0, 1.0, 1.0, 1.0, 1.0, 1.0, 1.0]
cw_psl_total_eval(pseudo label 클래스별 총 샘플 수):  [0, 0, 0, 0, 0, 0, 0]
cw_psl_correct_eval(pseudo label 클래스별 맞은 샘플 수):  [0, 0, 0, 0, 0, 0, 0]
psl_acc(PSL 평가에서의 정확도): None 
cw_psl_acc(클래스별 PSL 평가에서의 정확도):  [nan, nan, nan, nan, nan, nan, nan]
**pseudo_label ->  [0.1128, 0.1253, 0.113, 0.1068, 0.116, 0.2451, 0.1811] **
max =  0.2451 | max_idx =  5
**pseudo_label ->  [0.1419, 0.2619, 0.1078, 0.1374, 0.1028, 0.1284, 0.1198] **
max =  0.2619 | max_idx =  1
**pseudo_label ->  [0.2336, 0.1772, 0.1353, 0.1201, 0.0983, 0.1171, 0.1183] **
max =  0.2336 | max_idx =  0
**pseudo_label ->  [0.14, 0.121, 0.1151, 0.1091, 0.1147, 0.1223, 0.278] **
max =  0.278 | max_idx =  6
**pseudo_label ->  [0.2508, 0.1613, 0.1159, 0.1165, 0.1157, 0.1214, 0.1183] **
max =  0.2508 | max_idx =  0
Epoch 14/37, Train Loss: 1.3204, Valid Loss: 1.8657, Train Acc: 1.0000, Val Acc: 0.2899, Test Acc: 0.4754, Test F1(macro): 0.3661, Test F1(micro) : 1.0000,Total Pseudo-Labels: 0, Correct Pseudo-Labels: 0, Train Data Number: 35



line 303 => train data수 35
line 258 => 인스턴스 수 5
Step 70  Tim 0:14:20
acc_train_cw(현재 train의 class별 acc) [1.0, 1.0, 1.0, 1.0, 1.0, 1.0, 1.0]
cw_psl_total_eval(pseudo label 클래스별 총 샘플 수):  [0, 0, 0, 0, 0, 0, 0]
cw_psl_correct_eval(pseudo label 클래스별 맞은 샘플 수):  [0, 0, 0, 0, 0, 0, 0]
psl_acc(PSL 평가에서의 정확도): None 
cw_psl_acc(클래스별 PSL 평가에서의 정확도):  [nan, nan, nan, nan, nan, nan, nan]
**pseudo_label ->  [0.1083, 0.1252, 0.1092, 0.1129, 0.114, 0.2515, 0.1789] **
max =  0.2515 | max_idx =  5
**pseudo_label ->  [0.1306, 0.2652, 0.1024, 0.148, 0.1093, 0.1254, 0.119] **
max =  0.2652 | max_idx =  1
**pseudo_label ->  [0.2491, 0.1631, 0.1284, 0.1249, 0.1024, 0.1128, 0.1192] **
max =  0.2491 | max_idx =  0
**pseudo_label ->  [0.1334, 0.1182, 0.1163, 0.1111, 0.1178, 0.119, 0.2842] **
max =  0.2842 | max_idx =  6
**pseudo_label ->  [0.256, 0.1562, 0.1112, 0.1141, 0.1215, 0.1219, 0.1191] **
max =  0.256 | max_idx =  0
Epoch 15/37, Train Loss: 1.3054, Valid Loss: 1.8602, Train Acc: 1.0000, Val Acc: 0.2997, Test Acc: 0.4693, Test F1(macro): 0.3666, Test F1(micro) : 1.0000,Total Pseudo-Labels: 0, Correct Pseudo-Labels: 0, Train Data Number: 35



line 303 => train data수 35
line 258 => 인스턴스 수 5
Step 75  Tim 0:15:16
acc_train_cw(현재 train의 class별 acc) [1.0, 1.0, 1.0, 1.0, 1.0, 1.0, 1.0]
cw_psl_total_eval(pseudo label 클래스별 총 샘플 수):  [0, 0, 0, 0, 0, 0, 0]
cw_psl_correct_eval(pseudo label 클래스별 맞은 샘플 수):  [0, 0, 0, 0, 0, 0, 0]
psl_acc(PSL 평가에서의 정확도): None 
cw_psl_acc(클래스별 PSL 평가에서의 정확도):  [nan, nan, nan, nan, nan, nan, nan]
**pseudo_label ->  [0.1085, 0.1223, 0.1056, 0.1226, 0.1105, 0.2599, 0.1706] **
max =  0.2599 | max_idx =  5
**pseudo_label ->  [0.1275, 0.2728, 0.106, 0.1471, 0.1111, 0.1198, 0.1158] **
max =  0.2728 | max_idx =  1
**pseudo_label ->  [0.2352, 0.1879, 0.1254, 0.1231, 0.0977, 0.1113, 0.1195] **
max =  0.2352 | max_idx =  0
**pseudo_label ->  [0.1286, 0.1192, 0.1134, 0.1092, 0.1207, 0.1195, 0.2893] **
max =  0.2893 | max_idx =  6
**pseudo_label ->  [0.2576, 0.1631, 0.1128, 0.1155, 0.1132, 0.1179, 0.1201] **
max =  0.2576 | max_idx =  0
Epoch 16/37, Train Loss: 1.2909, Valid Loss: 1.8648, Train Acc: 1.0000, Val Acc: 0.2997, Test Acc: 0.4836, Test F1(macro): 0.3744, Test F1(micro) : 1.0000,Total Pseudo-Labels: 0, Correct Pseudo-Labels: 0, Train Data Number: 35



line 303 => train data수 35
line 258 => 인스턴스 수 5
Step 80  Tim 0:16:12
acc_train_cw(현재 train의 class별 acc) [1.0, 1.0, 1.0, 1.0, 1.0, 1.0, 1.0]
cw_psl_total_eval(pseudo label 클래스별 총 샘플 수):  [0, 0, 0, 0, 0, 0, 0]
cw_psl_correct_eval(pseudo label 클래스별 맞은 샘플 수):  [0, 0, 0, 0, 0, 0, 0]
psl_acc(PSL 평가에서의 정확도): None 
cw_psl_acc(클래스별 PSL 평가에서의 정확도):  [nan, nan, nan, nan, nan, nan, nan]
**pseudo_label ->  [0.1107, 0.1224, 0.1089, 0.1128, 0.1106, 0.2626, 0.1719] **
max =  0.2626 | max_idx =  5
**pseudo_label ->  [0.1382, 0.2788, 0.1095, 0.1288, 0.104, 0.1253, 0.1153] **
max =  0.2788 | max_idx =  1
**pseudo_label ->  [0.2524, 0.1684, 0.1261, 0.1255, 0.0997, 0.109, 0.1189] **
max =  0.2524 | max_idx =  0
**pseudo_label ->  [0.133, 0.1166, 0.1134, 0.1089, 0.1155, 0.1202, 0.2924] **
max =  0.2924 | max_idx =  6
**pseudo_label ->  [0.2632, 0.1577, 0.1097, 0.1184, 0.1128, 0.1177, 0.1205] **
max =  0.2632 | max_idx =  0
Epoch 17/37, Train Loss: 1.2774, Valid Loss: 1.8695, Train Acc: 1.0000, Val Acc: 0.2899, Test Acc: 0.4775, Test F1(macro): 0.3708, Test F1(micro) : 1.0000,Total Pseudo-Labels: 0, Correct Pseudo-Labels: 0, Train Data Number: 35



line 303 => train data수 35
line 258 => 인스턴스 수 5
Step 85  Tim 0:17:08
acc_train_cw(현재 train의 class별 acc) [1.0, 1.0, 1.0, 1.0, 1.0, 1.0, 1.0]
cw_psl_total_eval(pseudo label 클래스별 총 샘플 수):  [0, 0, 0, 0, 0, 0, 0]
cw_psl_correct_eval(pseudo label 클래스별 맞은 샘플 수):  [0, 0, 0, 0, 0, 0, 0]
psl_acc(PSL 평가에서의 정확도): None 
cw_psl_acc(클래스별 PSL 평가에서의 정확도):  [nan, nan, nan, nan, nan, nan, nan]
**pseudo_label ->  [0.1097, 0.1236, 0.1048, 0.1104, 0.1114, 0.2645, 0.1754] **
max =  0.2645 | max_idx =  5
**pseudo_label ->  [0.1407, 0.2804, 0.1007, 0.133, 0.1056, 0.1221, 0.1176] **
max =  0.2804 | max_idx =  1
**pseudo_label ->  [0.2653, 0.1521, 0.125, 0.1256, 0.1016, 0.1117, 0.1187] **
max =  0.2653 | max_idx =  0
**pseudo_label ->  [0.1334, 0.1158, 0.1121, 0.1082, 0.1163, 0.1185, 0.2958] **
max =  0.2958 | max_idx =  6
**pseudo_label ->  [0.2681, 0.1529, 0.1086, 0.1148, 0.1169, 0.1216, 0.117] **
max =  0.2681 | max_idx =  0
Epoch 18/37, Train Loss: 1.2631, Valid Loss: 1.8668, Train Acc: 1.0000, Val Acc: 0.2932, Test Acc: 0.4836, Test F1(macro): 0.3770, Test F1(micro) : 1.0000,Total Pseudo-Labels: 0, Correct Pseudo-Labels: 0, Train Data Number: 35



line 303 => train data수 35
line 258 => 인스턴스 수 5
Step 90  Tim 0:18:04
acc_train_cw(현재 train의 class별 acc) [1.0, 1.0, 1.0, 1.0, 1.0, 1.0, 1.0]
cw_psl_total_eval(pseudo label 클래스별 총 샘플 수):  [0, 0, 0, 0, 0, 0, 0]
cw_psl_correct_eval(pseudo label 클래스별 맞은 샘플 수):  [0, 0, 0, 0, 0, 0, 0]
psl_acc(PSL 평가에서의 정확도): None 
cw_psl_acc(클래스별 PSL 평가에서의 정확도):  [nan, nan, nan, nan, nan, nan, nan]
**pseudo_label ->  [0.1075, 0.1179, 0.105, 0.1135, 0.1075, 0.2539, 0.1948] **
max =  0.2539 | max_idx =  5
**pseudo_label ->  [0.1267, 0.2945, 0.1074, 0.1254, 0.1107, 0.1209, 0.1143] **
max =  0.2945 | max_idx =  1
**pseudo_label ->  [0.2605, 0.1694, 0.1233, 0.1219, 0.1008, 0.1094, 0.1147] **
max =  0.2605 | max_idx =  0
**pseudo_label ->  [0.1364, 0.1155, 0.1097, 0.1089, 0.1156, 0.1151, 0.2988] **
max =  0.2988 | max_idx =  6
**pseudo_label ->  [0.2749, 0.1487, 0.1144, 0.1111, 0.1181, 0.1154, 0.1174] **
max =  0.2749 | max_idx =  0
Epoch 19/37, Train Loss: 1.2494, Valid Loss: 1.8716, Train Acc: 1.0000, Val Acc: 0.2964, Test Acc: 0.4836, Test F1(macro): 0.3763, Test F1(micro) : 1.0000,Total Pseudo-Labels: 0, Correct Pseudo-Labels: 0, Train Data Number: 35



line 303 => train data수 35
line 258 => 인스턴스 수 5
Step 95  Tim 0:19:00
acc_train_cw(현재 train의 class별 acc) [1.0, 1.0, 1.0, 1.0, 1.0, 1.0, 1.0]
cw_psl_total_eval(pseudo label 클래스별 총 샘플 수):  [0, 0, 0, 0, 0, 0, 0]
cw_psl_correct_eval(pseudo label 클래스별 맞은 샘플 수):  [0, 0, 0, 0, 0, 0, 0]
psl_acc(PSL 평가에서의 정확도): None 
cw_psl_acc(클래스별 PSL 평가에서의 정확도):  [nan, nan, nan, nan, nan, nan, nan]
**pseudo_label ->  [0.1057, 0.1184, 0.1041, 0.118, 0.1081, 0.2696, 0.1762] **
max =  0.2696 | max_idx =  5
**pseudo_label ->  [0.1323, 0.2937, 0.1069, 0.1285, 0.1039, 0.1214, 0.1133] **
max =  0.2937 | max_idx =  1
**pseudo_label ->  [0.2633, 0.1692, 0.1228, 0.1224, 0.0981, 0.1083, 0.116] **
max =  0.2633 | max_idx =  0
**pseudo_label ->  [0.1312, 0.1169, 0.1076, 0.1091, 0.1166, 0.1143, 0.3043] **
max =  0.3043 | max_idx =  6
**pseudo_label ->  [0.2729, 0.159, 0.1089, 0.1124, 0.114, 0.1176, 0.1152] **
max =  0.2729 | max_idx =  0
Epoch 20/37, Train Loss: 1.2357, Valid Loss: 1.8639, Train Acc: 1.0000, Val Acc: 0.2866, Test Acc: 0.4836, Test F1(macro): 0.3728, Test F1(micro) : 1.0000,Total Pseudo-Labels: 0, Correct Pseudo-Labels: 0, Train Data Number: 35



line 303 => train data수 35
line 258 => 인스턴스 수 5
Step 100  Tim 0:19:56
acc_train_cw(현재 train의 class별 acc) [1.0, 1.0, 1.0, 1.0, 1.0, 1.0, 1.0]
cw_psl_total_eval(pseudo label 클래스별 총 샘플 수):  [0, 0, 0, 0, 0, 0, 0]
cw_psl_correct_eval(pseudo label 클래스별 맞은 샘플 수):  [0, 0, 0, 0, 0, 0, 0]
psl_acc(PSL 평가에서의 정확도): None 
cw_psl_acc(클래스별 PSL 평가에서의 정확도):  [nan, nan, nan, nan, nan, nan, nan]
**pseudo_label ->  [0.1062, 0.1205, 0.1014, 0.1136, 0.1085, 0.2758, 0.174] **
max =  0.2758 | max_idx =  5
**pseudo_label ->  [0.1353, 0.2942, 0.099, 0.1283, 0.102, 0.1234, 0.1178] **
max =  0.2942 | max_idx =  1
**pseudo_label ->  [0.2689, 0.1652, 0.1158, 0.1235, 0.0975, 0.11, 0.1192] **
max =  0.2689 | max_idx =  0
**pseudo_label ->  [0.1297, 0.1145, 0.109, 0.1064, 0.1149, 0.1171, 0.3084] **
max =  0.3084 | max_idx =  6
**pseudo_label ->  [0.2793, 0.154, 0.1091, 0.1135, 0.1145, 0.1132, 0.1164] **
max =  0.2793 | max_idx =  0
Epoch 21/37, Train Loss: 1.2224, Valid Loss: 1.8672, Train Acc: 1.0000, Val Acc: 0.2964, Test Acc: 0.4816, Test F1(macro): 0.3731, Test F1(micro) : 1.0000,Total Pseudo-Labels: 0, Correct Pseudo-Labels: 0, Train Data Number: 35



line 303 => train data수 35
line 258 => 인스턴스 수 5
Step 105  Tim 0:20:52
acc_train_cw(현재 train의 class별 acc) [1.0, 1.0, 1.0, 1.0, 1.0, 1.0, 1.0]
cw_psl_total_eval(pseudo label 클래스별 총 샘플 수):  [0, 0, 0, 0, 0, 0, 0]
cw_psl_correct_eval(pseudo label 클래스별 맞은 샘플 수):  [0, 0, 0, 0, 0, 0, 0]
psl_acc(PSL 평가에서의 정확도): None 
cw_psl_acc(클래스별 PSL 평가에서의 정확도):  [nan, nan, nan, nan, nan, nan, nan]
**pseudo_label ->  [0.1092, 0.1184, 0.1046, 0.1094, 0.1103, 0.2878, 0.1604] **
max =  0.2878 | max_idx =  5
**pseudo_label ->  [0.127, 0.3023, 0.1008, 0.1285, 0.1041, 0.1229, 0.1145] **
max =  0.3023 | max_idx =  1
**pseudo_label ->  [0.2642, 0.1756, 0.1203, 0.1228, 0.0944, 0.1096, 0.1132] **
max =  0.2642 | max_idx =  0
**pseudo_label ->  [0.134, 0.1157, 0.112, 0.1043, 0.113, 0.1107, 0.3103] **
max =  0.3103 | max_idx =  6
**pseudo_label ->  [0.2872, 0.1423, 0.1118, 0.1127, 0.1171, 0.114, 0.1149] **
max =  0.2872 | max_idx =  0
Epoch 22/37, Train Loss: 1.2086, Valid Loss: 1.8704, Train Acc: 1.0000, Val Acc: 0.2899, Test Acc: 0.4795, Test F1(macro): 0.3720, Test F1(micro) : 1.0000,Total Pseudo-Labels: 0, Correct Pseudo-Labels: 0, Train Data Number: 35



line 303 => train data수 35
line 258 => 인스턴스 수 5
Step 110  Tim 0:21:48
acc_train_cw(현재 train의 class별 acc) [1.0, 1.0, 1.0, 1.0, 1.0, 1.0, 1.0]
cw_psl_total_eval(pseudo label 클래스별 총 샘플 수):  [0, 0, 0, 0, 0, 0, 0]
cw_psl_correct_eval(pseudo label 클래스별 맞은 샘플 수):  [0, 0, 0, 0, 0, 0, 0]
psl_acc(PSL 평가에서의 정확도): None 
cw_psl_acc(클래스별 PSL 평가에서의 정확도):  [nan, nan, nan, nan, nan, nan, nan]
**pseudo_label ->  [0.1057, 0.12, 0.1038, 0.1075, 0.1081, 0.2867, 0.1682] **
max =  0.2867 | max_idx =  5
**pseudo_label ->  [0.1217, 0.31, 0.1033, 0.1262, 0.1069, 0.1196, 0.1122] **
max =  0.31 | max_idx =  1
**pseudo_label ->  [0.2688, 0.1716, 0.1144, 0.1285, 0.0944, 0.1094, 0.1129] **
max =  0.2688 | max_idx =  0
**pseudo_label ->  [0.1335, 0.1139, 0.1061, 0.1032, 0.1152, 0.1133, 0.3149] **
max =  0.3149 | max_idx =  6
**pseudo_label ->  [0.283, 0.1561, 0.1074, 0.1099, 0.1153, 0.1171, 0.1112] **
max =  0.283 | max_idx =  0
Epoch 23/37, Train Loss: 1.1953, Valid Loss: 1.8699, Train Acc: 1.0000, Val Acc: 0.2932, Test Acc: 0.4877, Test F1(macro): 0.3759, Test F1(micro) : 1.0000,Total Pseudo-Labels: 0, Correct Pseudo-Labels: 0, Train Data Number: 35



line 303 => train data수 35
line 258 => 인스턴스 수 5
Step 115  Tim 0:22:44
acc_train_cw(현재 train의 class별 acc) [1.0, 1.0, 1.0, 1.0, 1.0, 1.0, 1.0]
cw_psl_total_eval(pseudo label 클래스별 총 샘플 수):  [0, 0, 0, 0, 0, 0, 0]
cw_psl_correct_eval(pseudo label 클래스별 맞은 샘플 수):  [0, 0, 0, 0, 0, 0, 0]
psl_acc(PSL 평가에서의 정확도): None 
cw_psl_acc(클래스별 PSL 평가에서의 정확도):  [nan, nan, nan, nan, nan, nan, nan]
**pseudo_label ->  [0.1035, 0.1222, 0.1036, 0.1084, 0.1068, 0.295, 0.1605] **
max =  0.295 | max_idx =  5
**pseudo_label ->  [0.1218, 0.3127, 0.1036, 0.1274, 0.1075, 0.119, 0.108] **
max =  0.3127 | max_idx =  1
**pseudo_label ->  [0.2797, 0.167, 0.1154, 0.1203, 0.0977, 0.1065, 0.1134] **
max =  0.2797 | max_idx =  0
**pseudo_label ->  [0.1301, 0.1109, 0.1081, 0.1056, 0.11, 0.1152, 0.32] **
max =  0.32 | max_idx =  6
**pseudo_label ->  [0.2829, 0.1662, 0.1034, 0.1098, 0.1102, 0.114, 0.1134] **
max =  0.2829 | max_idx =  0
Epoch 24/37, Train Loss: 1.1822, Valid Loss: 1.8606, Train Acc: 1.0000, Val Acc: 0.2964, Test Acc: 0.4898, Test F1(macro): 0.3795, Test F1(micro) : 1.0000,Total Pseudo-Labels: 0, Correct Pseudo-Labels: 0, Train Data Number: 35



line 303 => train data수 35
line 258 => 인스턴스 수 5
Step 120  Tim 0:23:40
acc_train_cw(현재 train의 class별 acc) [1.0, 1.0, 1.0, 1.0, 1.0, 1.0, 1.0]
cw_psl_total_eval(pseudo label 클래스별 총 샘플 수):  [0, 0, 0, 0, 0, 0, 0]
cw_psl_correct_eval(pseudo label 클래스별 맞은 샘플 수):  [0, 0, 0, 0, 0, 0, 0]
psl_acc(PSL 평가에서의 정확도): None 
cw_psl_acc(클래스별 PSL 평가에서의 정확도):  [nan, nan, nan, nan, nan, nan, nan]
**pseudo_label ->  [0.1042, 0.1214, 0.1051, 0.1084, 0.1065, 0.3044, 0.15] **
max =  0.3044 | max_idx =  5
**pseudo_label ->  [0.1289, 0.3143, 0.1032, 0.1198, 0.1007, 0.1231, 0.11] **
max =  0.3143 | max_idx =  1
**pseudo_label ->  [0.2735, 0.1729, 0.1207, 0.1265, 0.092, 0.104, 0.1103] **
max =  0.2735 | max_idx =  0
**pseudo_label ->  [0.1264, 0.1098, 0.108, 0.1079, 0.1091, 0.1141, 0.3248] **
max =  0.3248 | max_idx =  6
**pseudo_label ->  [0.2959, 0.1467, 0.1074, 0.1107, 0.1147, 0.1118, 0.1128] **
max =  0.2959 | max_idx =  0
Epoch 25/37, Train Loss: 1.1687, Valid Loss: 1.8694, Train Acc: 1.0000, Val Acc: 0.2932, Test Acc: 0.4734, Test F1(macro): 0.3687, Test F1(micro) : 1.0000,Total Pseudo-Labels: 0, Correct Pseudo-Labels: 0, Train Data Number: 35



line 303 => train data수 35
line 258 => 인스턴스 수 5
Step 125  Tim 0:24:36
acc_train_cw(현재 train의 class별 acc) [1.0, 1.0, 1.0, 1.0, 1.0, 1.0, 1.0]
cw_psl_total_eval(pseudo label 클래스별 총 샘플 수):  [0, 0, 0, 0, 0, 0, 0]
cw_psl_correct_eval(pseudo label 클래스별 맞은 샘플 수):  [0, 0, 0, 0, 0, 0, 0]
psl_acc(PSL 평가에서의 정확도): None 
cw_psl_acc(클래스별 PSL 평가에서의 정확도):  [nan, nan, nan, nan, nan, nan, nan]
**pseudo_label ->  [0.104, 0.1174, 0.1002, 0.1119, 0.1046, 0.3032, 0.1586] **
max =  0.3032 | max_idx =  5
**pseudo_label ->  [0.1224, 0.3185, 0.1001, 0.127, 0.1008, 0.1177, 0.1136] **
max =  0.3185 | max_idx =  1
**pseudo_label ->  [0.2857, 0.1685, 0.1124, 0.1198, 0.096, 0.1033, 0.1144] **
max =  0.2857 | max_idx =  0
**pseudo_label ->  [0.1264, 0.1109, 0.1063, 0.1033, 0.1131, 0.111, 0.329] **
max =  0.329 | max_idx =  6
**pseudo_label ->  [0.2923, 0.1576, 0.0993, 0.1117, 0.1129, 0.1143, 0.112] **
max =  0.2923 | max_idx =  0
Epoch 26/37, Train Loss: 1.1562, Valid Loss: 1.8655, Train Acc: 1.0000, Val Acc: 0.2899, Test Acc: 0.4816, Test F1(macro): 0.3742, Test F1(micro) : 1.0000,Total Pseudo-Labels: 0, Correct Pseudo-Labels: 0, Train Data Number: 35



line 303 => train data수 35
line 258 => 인스턴스 수 5
Step 130  Tim 0:25:31
acc_train_cw(현재 train의 class별 acc) [1.0, 1.0, 1.0, 1.0, 1.0, 1.0, 1.0]
cw_psl_total_eval(pseudo label 클래스별 총 샘플 수):  [0, 0, 0, 0, 0, 0, 0]
cw_psl_correct_eval(pseudo label 클래스별 맞은 샘플 수):  [0, 0, 0, 0, 0, 0, 0]
psl_acc(PSL 평가에서의 정확도): None 
cw_psl_acc(클래스별 PSL 평가에서의 정확도):  [nan, nan, nan, nan, nan, nan, nan]
**pseudo_label ->  [0.1003, 0.1165, 0.102, 0.1086, 0.1014, 0.2957, 0.1755] **
max =  0.2957 | max_idx =  5
**pseudo_label ->  [0.1208, 0.325, 0.1013, 0.1257, 0.1034, 0.1161, 0.1079] **
max =  0.325 | max_idx =  1
**pseudo_label ->  [0.2928, 0.1616, 0.1155, 0.1177, 0.0948, 0.1066, 0.111] **
max =  0.2928 | max_idx =  0
**pseudo_label ->  [0.1269, 0.1073, 0.1075, 0.1037, 0.1133, 0.1084, 0.3327] **
max =  0.3327 | max_idx =  6
**pseudo_label ->  [0.299, 0.1545, 0.101, 0.1115, 0.1104, 0.1123, 0.1113] **
max =  0.299 | max_idx =  0
Epoch 27/37, Train Loss: 1.1430, Valid Loss: 1.8598, Train Acc: 1.0000, Val Acc: 0.2997, Test Acc: 0.4836, Test F1(macro): 0.3759, Test F1(micro) : 1.0000,Total Pseudo-Labels: 0, Correct Pseudo-Labels: 0, Train Data Number: 35



line 303 => train data수 35
line 258 => 인스턴스 수 5
Step 135  Tim 0:26:27
acc_train_cw(현재 train의 class별 acc) [1.0, 1.0, 1.0, 1.0, 1.0, 1.0, 1.0]
cw_psl_total_eval(pseudo label 클래스별 총 샘플 수):  [0, 0, 0, 0, 0, 0, 0]
cw_psl_correct_eval(pseudo label 클래스별 맞은 샘플 수):  [0, 0, 0, 0, 0, 0, 0]
psl_acc(PSL 평가에서의 정확도): None 
cw_psl_acc(클래스별 PSL 평가에서의 정확도):  [nan, nan, nan, nan, nan, nan, nan]
**pseudo_label ->  [0.1027, 0.116, 0.0998, 0.1089, 0.1022, 0.309, 0.1615] **
max =  0.309 | max_idx =  5
**pseudo_label ->  [0.124, 0.3278, 0.098, 0.1226, 0.1028, 0.12, 0.1048] **
max =  0.3278 | max_idx =  1
**pseudo_label ->  [0.299, 0.1569, 0.1119, 0.1212, 0.0968, 0.1042, 0.11] **
max =  0.299 | max_idx =  0
**pseudo_label ->  [0.1223, 0.1055, 0.1079, 0.1073, 0.1075, 0.1123, 0.3374] **
max =  0.3374 | max_idx =  6
**pseudo_label ->  [0.3085, 0.1411, 0.1041, 0.1093, 0.1141, 0.1137, 0.1092] **
max =  0.3085 | max_idx =  0
Epoch 28/37, Train Loss: 1.1302, Valid Loss: 1.8641, Train Acc: 1.0000, Val Acc: 0.3094, Test Acc: 0.4713, Test F1(macro): 0.3696, Test F1(micro) : 1.0000,Total Pseudo-Labels: 0, Correct Pseudo-Labels: 0, Train Data Number: 35



line 303 => train data수 35
line 258 => 인스턴스 수 5
Step 140  Tim 0:27:23
acc_train_cw(현재 train의 class별 acc) [1.0, 1.0, 1.0, 1.0, 1.0, 1.0, 1.0]
cw_psl_total_eval(pseudo label 클래스별 총 샘플 수):  [0, 0, 0, 0, 0, 0, 0]
cw_psl_correct_eval(pseudo label 클래스별 맞은 샘플 수):  [0, 0, 0, 0, 0, 0, 0]
psl_acc(PSL 평가에서의 정확도): None 
cw_psl_acc(클래스별 PSL 평가에서의 정확도):  [nan, nan, nan, nan, nan, nan, nan]
**pseudo_label ->  [0.1015, 0.1163, 0.0943, 0.1096, 0.1011, 0.3047, 0.1725] **
max =  0.3047 | max_idx =  5
**pseudo_label ->  [0.1186, 0.3321, 0.0974, 0.1246, 0.1001, 0.1162, 0.111] **
max =  0.3321 | max_idx =  1
**pseudo_label ->  [0.3023, 0.1617, 0.1131, 0.1127, 0.0983, 0.1013, 0.1106] **
max =  0.3023 | max_idx =  0
**pseudo_label ->  [0.127, 0.1083, 0.1004, 0.1045, 0.1078, 0.1104, 0.3417] **
max =  0.3417 | max_idx =  6
**pseudo_label ->  [0.3103, 0.1469, 0.1024, 0.1078, 0.1112, 0.1116, 0.1099] **
max =  0.3103 | max_idx =  0
Epoch 29/37, Train Loss: 1.1173, Valid Loss: 1.8643, Train Acc: 1.0000, Val Acc: 0.3062, Test Acc: 0.4775, Test F1(macro): 0.3742, Test F1(micro) : 1.0000,Total Pseudo-Labels: 0, Correct Pseudo-Labels: 0, Train Data Number: 35



line 303 => train data수 35
line 258 => 인스턴스 수 5
Step 145  Tim 0:28:19
acc_train_cw(현재 train의 class별 acc) [1.0, 1.0, 1.0, 1.0, 1.0, 1.0, 1.0]
cw_psl_total_eval(pseudo label 클래스별 총 샘플 수):  [0, 0, 0, 0, 0, 0, 0]
cw_psl_correct_eval(pseudo label 클래스별 맞은 샘플 수):  [0, 0, 0, 0, 0, 0, 0]
psl_acc(PSL 평가에서의 정확도): None 
cw_psl_acc(클래스별 PSL 평가에서의 정확도):  [nan, nan, nan, nan, nan, nan, nan]
**pseudo_label ->  [0.0982, 0.1126, 0.1, 0.1093, 0.1042, 0.3192, 0.1566] **
max =  0.3192 | max_idx =  5
**pseudo_label ->  [0.1191, 0.3383, 0.098, 0.1191, 0.1005, 0.1149, 0.1101] **
max =  0.3383 | max_idx =  1
**pseudo_label ->  [0.3023, 0.1626, 0.1107, 0.12, 0.0923, 0.101, 0.1111] **
max =  0.3023 | max_idx =  0
**pseudo_label ->  [0.1264, 0.1098, 0.1027, 0.1, 0.11, 0.1052, 0.3459] **
max =  0.3459 | max_idx =  6
**pseudo_label ->  [0.313, 0.1474, 0.1015, 0.1097, 0.1112, 0.1099, 0.1072] **
max =  0.313 | max_idx =  0
Epoch 30/37, Train Loss: 1.1047, Valid Loss: 1.8660, Train Acc: 1.0000, Val Acc: 0.3062, Test Acc: 0.4795, Test F1(macro): 0.3732, Test F1(micro) : 1.0000,Total Pseudo-Labels: 0, Correct Pseudo-Labels: 0, Train Data Number: 35



line 303 => train data수 35
line 258 => 인스턴스 수 5
Step 150  Tim 0:29:14
acc_train_cw(현재 train의 class별 acc) [1.0, 1.0, 1.0, 1.0, 1.0, 1.0, 1.0]
cw_psl_total_eval(pseudo label 클래스별 총 샘플 수):  [0, 0, 0, 0, 0, 0, 0]
cw_psl_correct_eval(pseudo label 클래스별 맞은 샘플 수):  [0, 0, 0, 0, 0, 0, 0]
psl_acc(PSL 평가에서의 정확도): None 
cw_psl_acc(클래스별 PSL 평가에서의 정확도):  [nan, nan, nan, nan, nan, nan, nan]
**pseudo_label ->  [0.0993, 0.1116, 0.0964, 0.1054, 0.1024, 0.3153, 0.1696] **
max =  0.3153 | max_idx =  5
**pseudo_label ->  [0.1188, 0.3401, 0.0963, 0.1214, 0.0971, 0.1193, 0.107] **
max =  0.3401 | max_idx =  1
**pseudo_label ->  [0.2991, 0.1731, 0.1064, 0.1163, 0.0918, 0.1066, 0.1066] **
max =  0.2991 | max_idx =  0
**pseudo_label ->  [0.1259, 0.1086, 0.1021, 0.1024, 0.1043, 0.1062, 0.3505] **
max =  0.3505 | max_idx =  6
**pseudo_label ->  [0.3159, 0.1481, 0.099, 0.108, 0.1142, 0.1088, 0.106] **
max =  0.3159 | max_idx =  0
Epoch 31/37, Train Loss: 1.0915, Valid Loss: 1.8585, Train Acc: 1.0000, Val Acc: 0.3062, Test Acc: 0.4816, Test F1(macro): 0.3732, Test F1(micro) : 1.0000,Total Pseudo-Labels: 0, Correct Pseudo-Labels: 0, Train Data Number: 35



line 303 => train data수 35
line 258 => 인스턴스 수 5
Step 155  Tim 0:30:10
acc_train_cw(현재 train의 class별 acc) [1.0, 1.0, 1.0, 1.0, 1.0, 1.0, 1.0]
cw_psl_total_eval(pseudo label 클래스별 총 샘플 수):  [0, 0, 0, 0, 0, 0, 0]
cw_psl_correct_eval(pseudo label 클래스별 맞은 샘플 수):  [0, 0, 0, 0, 0, 0, 0]
psl_acc(PSL 평가에서의 정확도): None 
cw_psl_acc(클래스별 PSL 평가에서의 정확도):  [nan, nan, nan, nan, nan, nan, nan]
**pseudo_label ->  [0.0978, 0.1112, 0.0956, 0.1036, 0.0998, 0.309, 0.183] **
max =  0.309 | max_idx =  5
**pseudo_label ->  [0.1185, 0.343, 0.0952, 0.1254, 0.0984, 0.1142, 0.1052] **
max =  0.343 | max_idx =  1
**pseudo_label ->  [0.3037, 0.1719, 0.116, 0.1128, 0.0912, 0.0986, 0.1057] **
max =  0.3037 | max_idx =  0
**pseudo_label ->  [0.127, 0.1078, 0.1037, 0.0993, 0.1039, 0.1045, 0.3537] **
max =  0.3537 | max_idx =  6
**pseudo_label ->  [0.3216, 0.1469, 0.103, 0.1088, 0.1111, 0.105, 0.1035] **
max =  0.3216 | max_idx =  0
Epoch 32/37, Train Loss: 1.0792, Valid Loss: 1.8611, Train Acc: 1.0000, Val Acc: 0.3127, Test Acc: 0.4713, Test F1(macro): 0.3699, Test F1(micro) : 1.0000,Total Pseudo-Labels: 0, Correct Pseudo-Labels: 0, Train Data Number: 35



line 303 => train data수 35
line 258 => 인스턴스 수 5
Step 160  Tim 0:31:06
acc_train_cw(현재 train의 class별 acc) [1.0, 1.0, 1.0, 1.0, 1.0, 1.0, 1.0]
cw_psl_total_eval(pseudo label 클래스별 총 샘플 수):  [0, 0, 0, 0, 0, 0, 0]
cw_psl_correct_eval(pseudo label 클래스별 맞은 샘플 수):  [0, 0, 0, 0, 0, 0, 0]
psl_acc(PSL 평가에서의 정확도): None 
cw_psl_acc(클래스별 PSL 평가에서의 정확도):  [nan, nan, nan, nan, nan, nan, nan]
**pseudo_label ->  [0.099, 0.1138, 0.0959, 0.1043, 0.0973, 0.3259, 0.1639] **
max =  0.3259 | max_idx =  5
**pseudo_label ->  [0.1167, 0.3472, 0.0947, 0.1249, 0.0968, 0.1116, 0.108] **
max =  0.3472 | max_idx =  1
**pseudo_label ->  [0.2981, 0.1789, 0.1158, 0.1178, 0.0853, 0.1004, 0.1037] **
max =  0.2981 | max_idx =  0
**pseudo_label ->  [0.122, 0.1056, 0.0986, 0.1011, 0.1065, 0.1073, 0.3589] **
max =  0.3589 | max_idx =  6
**pseudo_label ->  [0.3247, 0.1484, 0.1023, 0.1104, 0.1046, 0.1062, 0.1034] **
max =  0.3247 | max_idx =  0
Epoch 33/37, Train Loss: 1.0671, Valid Loss: 1.8628, Train Acc: 1.0000, Val Acc: 0.3062, Test Acc: 0.4877, Test F1(macro): 0.3798, Test F1(micro) : 1.0000,Total Pseudo-Labels: 0, Correct Pseudo-Labels: 0, Train Data Number: 35



line 303 => train data수 35
line 258 => 인스턴스 수 5
Step 165  Tim 0:32:02
acc_train_cw(현재 train의 class별 acc) [1.0, 1.0, 1.0, 1.0, 1.0, 1.0, 1.0]
cw_psl_total_eval(pseudo label 클래스별 총 샘플 수):  [0, 0, 0, 0, 0, 0, 0]
cw_psl_correct_eval(pseudo label 클래스별 맞은 샘플 수):  [0, 0, 0, 0, 0, 0, 0]
psl_acc(PSL 평가에서의 정확도): None 
cw_psl_acc(클래스별 PSL 평가에서의 정확도):  [nan, nan, nan, nan, nan, nan, nan]
**pseudo_label ->  [0.0977, 0.1154, 0.0954, 0.1005, 0.0986, 0.3309, 0.1615] **
max =  0.3309 | max_idx =  5
**pseudo_label ->  [0.1105, 0.3515, 0.0928, 0.127, 0.0974, 0.116, 0.1048] **
max =  0.3515 | max_idx =  1
**pseudo_label ->  [0.3122, 0.1665, 0.1129, 0.1143, 0.0857, 0.1019, 0.1064] **
max =  0.3122 | max_idx =  0
**pseudo_label ->  [0.1206, 0.1051, 0.1001, 0.0991, 0.1049, 0.1062, 0.3639] **
max =  0.3639 | max_idx =  6
**pseudo_label ->  [0.3238, 0.1539, 0.0977, 0.1084, 0.1032, 0.109, 0.104] **
max =  0.3238 | max_idx =  0
Epoch 34/37, Train Loss: 1.0550, Valid Loss: 1.8585, Train Acc: 1.0000, Val Acc: 0.3094, Test Acc: 0.4877, Test F1(macro): 0.3749, Test F1(micro) : 1.0000,Total Pseudo-Labels: 0, Correct Pseudo-Labels: 0, Train Data Number: 35



line 303 => train data수 35
line 258 => 인스턴스 수 5
Step 170  Tim 0:32:58
acc_train_cw(현재 train의 class별 acc) [1.0, 1.0, 1.0, 1.0, 1.0, 1.0, 1.0]
cw_psl_total_eval(pseudo label 클래스별 총 샘플 수):  [0, 0, 0, 0, 0, 0, 0]
cw_psl_correct_eval(pseudo label 클래스별 맞은 샘플 수):  [0, 0, 0, 0, 0, 0, 0]
psl_acc(PSL 평가에서의 정확도): None 
cw_psl_acc(클래스별 PSL 평가에서의 정확도):  [nan, nan, nan, nan, nan, nan, nan]
**pseudo_label ->  [0.0993, 0.1086, 0.0935, 0.1009, 0.1004, 0.3328, 0.1646] **
max =  0.3328 | max_idx =  5
**pseudo_label ->  [0.1195, 0.3557, 0.0909, 0.1207, 0.0968, 0.1122, 0.1042] **
max =  0.3557 | max_idx =  1
**pseudo_label ->  [0.3172, 0.1668, 0.1069, 0.1169, 0.0892, 0.0962, 0.1069] **
max =  0.3172 | max_idx =  0
**pseudo_label ->  [0.1243, 0.1003, 0.108, 0.0979, 0.0997, 0.105, 0.3647] **
max =  0.3647 | max_idx =  6
**pseudo_label ->  [0.3348, 0.1368, 0.0956, 0.1079, 0.1125, 0.1087, 0.1037] **
max =  0.3348 | max_idx =  0
Epoch 35/37, Train Loss: 1.0425, Valid Loss: 1.8690, Train Acc: 1.0000, Val Acc: 0.3062, Test Acc: 0.4775, Test F1(macro): 0.3744, Test F1(micro) : 1.0000,Total Pseudo-Labels: 0, Correct Pseudo-Labels: 0, Train Data Number: 35



line 303 => train data수 35
line 258 => 인스턴스 수 5
Step 175  Tim 0:33:53
acc_train_cw(현재 train의 class별 acc) [1.0, 1.0, 1.0, 1.0, 1.0, 1.0, 1.0]
cw_psl_total_eval(pseudo label 클래스별 총 샘플 수):  [0, 0, 0, 0, 0, 0, 0]
cw_psl_correct_eval(pseudo label 클래스별 맞은 샘플 수):  [0, 0, 0, 0, 0, 0, 0]
psl_acc(PSL 평가에서의 정확도): None 
cw_psl_acc(클래스별 PSL 평가에서의 정확도):  [nan, nan, nan, nan, nan, nan, nan]
**pseudo_label ->  [0.0981, 0.1042, 0.0894, 0.0994, 0.0989, 0.3027, 0.2073] **
max =  0.3027 | max_idx =  5
**pseudo_label ->  [0.1196, 0.3596, 0.0923, 0.1192, 0.0945, 0.1122, 0.1025] **
max =  0.3596 | max_idx =  1
**pseudo_label ->  [0.3204, 0.1697, 0.1005, 0.1133, 0.0878, 0.0975, 0.1108] **
max =  0.3204 | max_idx =  0
**pseudo_label ->  [0.1195, 0.1073, 0.0935, 0.0952, 0.1094, 0.103, 0.3721] **
max =  0.3721 | max_idx =  6
**pseudo_label ->  [0.3397, 0.1403, 0.0961, 0.11, 0.1063, 0.1044, 0.1031] **
max =  0.3397 | max_idx =  0
Epoch 36/37, Train Loss: 1.0303, Valid Loss: 1.8594, Train Acc: 1.0000, Val Acc: 0.3062, Test Acc: 0.4754, Test F1(macro): 0.3687, Test F1(micro) : 1.0000,Total Pseudo-Labels: 0, Correct Pseudo-Labels: 0, Train Data Number: 35



line 303 => train data수 35
line 258 => 인스턴스 수 5
Step 180  Tim 0:34:49
acc_train_cw(현재 train의 class별 acc) [1.0, 1.0, 1.0, 1.0, 1.0, 1.0, 1.0]
cw_psl_total_eval(pseudo label 클래스별 총 샘플 수):  [0, 0, 0, 0, 0, 0, 0]
cw_psl_correct_eval(pseudo label 클래스별 맞은 샘플 수):  [0, 0, 0, 0, 0, 0, 0]
psl_acc(PSL 평가에서의 정확도): None 
cw_psl_acc(클래스별 PSL 평가에서의 정확도):  [nan, nan, nan, nan, nan, nan, nan]
**pseudo_label ->  [0.0922, 0.1081, 0.0965, 0.0993, 0.0939, 0.3191, 0.1909] **
max =  0.3191 | max_idx =  5
**pseudo_label ->  [0.1206, 0.3676, 0.0931, 0.1076, 0.0963, 0.1102, 0.1046] **
max =  0.3676 | max_idx =  1
**pseudo_label ->  [0.3322, 0.1553, 0.1082, 0.1129, 0.0868, 0.1009, 0.1037] **
max =  0.3322 | max_idx =  0
**pseudo_label ->  [0.1172, 0.1017, 0.1005, 0.096, 0.1064, 0.101, 0.3771] **
max =  0.3771 | max_idx =  6
**pseudo_label ->  [0.344, 0.1377, 0.0965, 0.1075, 0.1093, 0.1051, 0.0999] **
max =  0.344 | max_idx =  0
Epoch 37/37, Train Loss: 1.0183, Valid Loss: 1.8681, Train Acc: 1.0000, Val Acc: 0.3127, Test Acc: 0.4590, Test F1(macro): 0.3603, Test F1(micro) : 1.0000,Total Pseudo-Labels: 0, Correct Pseudo-Labels: 0, Train Data Number: 35

Training complete!
Total training took 0:35:36 (h:mm:ss)
Load model from ./experiment/python_extended_data/output/5_codet5p-110m-embedding_0.0003_0.7_python_extended_data_net0.pth
Save training statistics in:  ./experiment/python_extended_data/log/codet5p/class7//5_codet5p-110m-embedding_0.0003_0.7_python_extended_data/training_statistics.csv

best_trian_loss, epoch => 1.0182694673538208 37
Epoch-1_train_loss => 1.9731674909591674
max_epoch_train_loss => 1.0182694673538208 


best_val_loss, epoch =>  1.8532735882053935 11
Epoch-1_val_loss => 1.9515718986623063
max_epoch_val_loss => 1.8681291559231785 

pse_epoch =>  []
추가되는 pse_epoch =>  [] 

total_data:  35 
Best_step:  55 
Best_epoch:  11 
best_val_acc:  0.3289902280130293 
best_test_acc:  0.4569672131147541 
best_test_f1:  0.36310307595657354
Save best record in:  ./experiment/python_extended_data/log/codet5p/class7/summary.csv
Save best record in:  ./experiment/python_extended_data/log/summary_avgrun.csv
