current work directory:  /home/imsuhan22/few-shot-tc/custom_ssl/code
Data set -> corcod_extended_data
save_name: 5_unixcoder-base_0.0004_0.7_corcod_extended_data_37_[42]

data_path:  ../data/problem_based_split/corcod_extended_data

There are 2 GPU(s) available.
We will use the GPU- 0 Quadro RTX 8000

**line 147 모델 =>  microsoft/unixcoder-base
**tokenizer type =  microsoft/unixcoder-base 

pesudo label class개수 기준 -> 5
n_labeled_per_class:  5
train_df samples: 739
train_labeled_df samples: 25
train_unlabeled_df samples: 714
n_classes:  5 


net_arch:  microsoft/unixcoder-base 
lr:  0.0004 
lr_linear:  0.001 




line 303 => train data수 25
line 258 => 인스턴스 수 5
Step 0  Tim 0:00:07
acc_train_cw(현재 train의 class별 acc) [0.0, 0.0, 0.6, 0.0, 0.0]
cw_psl_total_eval(pseudo label 클래스별 총 샘플 수):  [0, 0, 0, 0, 0]
cw_psl_correct_eval(pseudo label 클래스별 맞은 샘플 수):  [0, 0, 0, 0, 0]
psl_acc(PSL 평가에서의 정확도): None 
cw_psl_acc(클래스별 PSL 평가에서의 정확도):  [nan, nan, nan, nan, nan]
***best_acc_model_save --- epoch = 1***
Save model to ./experiment/corcod_extended_data/output/
**pseudo_label ->  [0.1324, 0.1635, 0.2448, 0.3038, 0.1556] **
max =  0.3038 | max_idx =  3
**pseudo_label ->  [0.1499, 0.1548, 0.2415, 0.2516, 0.2022] **
max =  0.2516 | max_idx =  3
**pseudo_label ->  [0.1489, 0.1491, 0.4119, 0.2074, 0.0827] **
max =  0.4119 | max_idx =  2
**pseudo_label ->  [0.1509, 0.1765, 0.4031, 0.163, 0.1065] **
max =  0.4031 | max_idx =  2
**pseudo_label ->  [0.1575, 0.1988, 0.2461, 0.2826, 0.1151] **
max =  0.2826 | max_idx =  3
Epoch 1/37, Train Loss: 1.9066, Valid Loss: 2.2516, Train Acc: 0.1200, Val Acc: 0.3878, Test Acc: 0.3474, Test F1(macro): 0.1484, Total Pseudo-Labels: 0, Correct Pseudo-Labels: 0, Train Data Number: 25



line 303 => train data수 25
line 258 => 인스턴스 수 5
Step 5  Tim 0:00:42
acc_train_cw(현재 train의 class별 acc) [0.2, 0.0, 0.0, 1.0, 0.0]
cw_psl_total_eval(pseudo label 클래스별 총 샘플 수):  [0, 0, 0, 0, 0]
cw_psl_correct_eval(pseudo label 클래스별 맞은 샘플 수):  [0, 0, 0, 0, 0]
psl_acc(PSL 평가에서의 정확도): None 
cw_psl_acc(클래스별 PSL 평가에서의 정확도):  [nan, nan, nan, nan, nan]
**pseudo_label ->  [0.3452, 0.1302, 0.0528, 0.3417, 0.1302] **
max =  0.3452 | max_idx =  0
**pseudo_label ->  [0.2748, 0.1598, 0.0476, 0.3998, 0.118] **
max =  0.3998 | max_idx =  3
**pseudo_label ->  [0.2503, 0.1488, 0.0499, 0.4371, 0.1139] **
max =  0.4371 | max_idx =  3
**pseudo_label ->  [0.3061, 0.1386, 0.0468, 0.4052, 0.1032] **
max =  0.4052 | max_idx =  3
**pseudo_label ->  [0.2666, 0.1498, 0.0615, 0.4021, 0.12] **
max =  0.4021 | max_idx =  3
Epoch 2/37, Train Loss: 2.0781, Valid Loss: 1.9039, Train Acc: 0.2400, Val Acc: 0.1633, Test Acc: 0.2316, Test F1(macro): 0.0765, Total Pseudo-Labels: 0, Correct Pseudo-Labels: 0, Train Data Number: 25



line 303 => train data수 25
line 258 => 인스턴스 수 5
Step 10  Tim 0:01:14
acc_train_cw(현재 train의 class별 acc) [0.0, 0.6, 0.0, 1.0, 0.0]
cw_psl_total_eval(pseudo label 클래스별 총 샘플 수):  [0, 0, 0, 0, 0]
cw_psl_correct_eval(pseudo label 클래스별 맞은 샘플 수):  [0, 0, 0, 0, 0]
psl_acc(PSL 평가에서의 정확도): None 
cw_psl_acc(클래스별 PSL 평가에서의 정확도):  [nan, nan, nan, nan, nan]
**pseudo_label ->  [0.2738, 0.2344, 0.1357, 0.2468, 0.1093] **
max =  0.2738 | max_idx =  0
**pseudo_label ->  [0.2853, 0.1933, 0.1158, 0.2506, 0.1549] **
max =  0.2853 | max_idx =  0
**pseudo_label ->  [0.236, 0.2482, 0.1429, 0.2616, 0.1112] **
max =  0.2616 | max_idx =  3
**pseudo_label ->  [0.2301, 0.258, 0.1339, 0.2435, 0.1345] **
max =  0.258 | max_idx =  1
**pseudo_label ->  [0.2396, 0.2436, 0.1035, 0.2924, 0.121] **
max =  0.2924 | max_idx =  3
Epoch 3/37, Train Loss: 1.9072, Valid Loss: 1.5993, Train Acc: 0.3200, Val Acc: 0.1224, Test Acc: 0.1158, Test F1(macro): 0.0753, Total Pseudo-Labels: 0, Correct Pseudo-Labels: 0, Train Data Number: 25



line 303 => train data수 25
line 258 => 인스턴스 수 5
Step 15  Tim 0:01:46
acc_train_cw(현재 train의 class별 acc) [1.0, 0.0, 0.0, 0.0, 0.0]
cw_psl_total_eval(pseudo label 클래스별 총 샘플 수):  [0, 0, 0, 0, 0]
cw_psl_correct_eval(pseudo label 클래스별 맞은 샘플 수):  [0, 0, 0, 0, 0]
psl_acc(PSL 평가에서의 정확도): None 
cw_psl_acc(클래스별 PSL 평가에서의 정확도):  [nan, nan, nan, nan, nan]
**pseudo_label ->  [0.2413, 0.1798, 0.2006, 0.1799, 0.1983] **
max =  0.2413 | max_idx =  0
**pseudo_label ->  [0.1982, 0.1677, 0.1976, 0.2109, 0.2256] **
max =  0.2256 | max_idx =  4
**pseudo_label ->  [0.2598, 0.1568, 0.1992, 0.2058, 0.1785] **
max =  0.2598 | max_idx =  0
**pseudo_label ->  [0.2215, 0.1672, 0.2217, 0.1853, 0.2043] **
max =  0.2217 | max_idx =  2
**pseudo_label ->  [0.2201, 0.1593, 0.2025, 0.2595, 0.1586] **
max =  0.2595 | max_idx =  3
Epoch 4/37, Train Loss: 1.7222, Valid Loss: 1.6417, Train Acc: 0.2000, Val Acc: 0.1020, Test Acc: 0.1263, Test F1(macro): 0.0449, Total Pseudo-Labels: 0, Correct Pseudo-Labels: 0, Train Data Number: 25



line 303 => train data수 25
line 258 => 인스턴스 수 5
Step 20  Tim 0:02:19
acc_train_cw(현재 train의 class별 acc) [0.0, 1.0, 0.0, 0.0, 0.0]
cw_psl_total_eval(pseudo label 클래스별 총 샘플 수):  [0, 0, 0, 0, 0]
cw_psl_correct_eval(pseudo label 클래스별 맞은 샘플 수):  [0, 0, 0, 0, 0]
psl_acc(PSL 평가에서의 정확도): None 
cw_psl_acc(클래스별 PSL 평가에서의 정확도):  [nan, nan, nan, nan, nan]
**pseudo_label ->  [0.1205, 0.3253, 0.2272, 0.1022, 0.2248] **
max =  0.3253 | max_idx =  1
**pseudo_label ->  [0.1609, 0.2598, 0.2285, 0.0896, 0.2612] **
max =  0.2612 | max_idx =  4
**pseudo_label ->  [0.119, 0.3326, 0.202, 0.1035, 0.2428] **
max =  0.3326 | max_idx =  1
**pseudo_label ->  [0.1481, 0.2958, 0.2261, 0.0916, 0.2383] **
max =  0.2958 | max_idx =  1
**pseudo_label ->  [0.098, 0.3129, 0.2403, 0.0997, 0.249] **
max =  0.3129 | max_idx =  1
Epoch 5/37, Train Loss: 1.7652, Valid Loss: 1.6541, Train Acc: 0.2000, Val Acc: 0.0612, Test Acc: 0.0526, Test F1(macro): 0.0200, Total Pseudo-Labels: 0, Correct Pseudo-Labels: 0, Train Data Number: 25



line 303 => train data수 25
line 258 => 인스턴스 수 5
Step 25  Tim 0:02:51
acc_train_cw(현재 train의 class별 acc) [1.0, 0.0, 0.0, 0.0, 0.0]
cw_psl_total_eval(pseudo label 클래스별 총 샘플 수):  [0, 0, 0, 0, 0]
cw_psl_correct_eval(pseudo label 클래스별 맞은 샘플 수):  [0, 0, 0, 0, 0]
psl_acc(PSL 평가에서의 정확도): None 
cw_psl_acc(클래스별 PSL 평가에서의 정확도):  [nan, nan, nan, nan, nan]
**pseudo_label ->  [0.2281, 0.1942, 0.2152, 0.2037, 0.1588] **
max =  0.2281 | max_idx =  0
**pseudo_label ->  [0.2346, 0.1729, 0.1871, 0.2352, 0.1703] **
max =  0.2352 | max_idx =  3
**pseudo_label ->  [0.248, 0.1834, 0.1983, 0.2434, 0.1269] **
max =  0.248 | max_idx =  0
**pseudo_label ->  [0.2526, 0.2198, 0.1924, 0.1991, 0.1361] **
max =  0.2526 | max_idx =  0
**pseudo_label ->  [0.1926, 0.2044, 0.1905, 0.2363, 0.1763] **
max =  0.2363 | max_idx =  3
Epoch 6/37, Train Loss: 1.6751, Valid Loss: 1.7384, Train Acc: 0.2000, Val Acc: 0.1020, Test Acc: 0.1263, Test F1(macro): 0.0449, Total Pseudo-Labels: 0, Correct Pseudo-Labels: 0, Train Data Number: 25



line 303 => train data수 25
line 258 => 인스턴스 수 5
Step 30  Tim 0:03:23
acc_train_cw(현재 train의 class별 acc) [0.0, 0.0, 0.0, 1.0, 0.0]
cw_psl_total_eval(pseudo label 클래스별 총 샘플 수):  [0, 0, 0, 0, 0]
cw_psl_correct_eval(pseudo label 클래스별 맞은 샘플 수):  [0, 0, 0, 0, 0]
psl_acc(PSL 평가에서의 정확도): None 
cw_psl_acc(클래스별 PSL 평가에서의 정확도):  [nan, nan, nan, nan, nan]
**pseudo_label ->  [0.2227, 0.1747, 0.1458, 0.2329, 0.224] **
max =  0.2329 | max_idx =  3
**pseudo_label ->  [0.2138, 0.204, 0.1526, 0.2507, 0.1788] **
max =  0.2507 | max_idx =  3
**pseudo_label ->  [0.2374, 0.1873, 0.1522, 0.236, 0.187] **
max =  0.2374 | max_idx =  0
**pseudo_label ->  [0.2144, 0.1972, 0.1454, 0.2646, 0.1783] **
max =  0.2646 | max_idx =  3
**pseudo_label ->  [0.1899, 0.1873, 0.1591, 0.2704, 0.1933] **
max =  0.2704 | max_idx =  3
Epoch 7/37, Train Loss: 1.7134, Valid Loss: 1.5076, Train Acc: 0.2000, Val Acc: 0.1429, Test Acc: 0.2316, Test F1(macro): 0.0752, Total Pseudo-Labels: 0, Correct Pseudo-Labels: 0, Train Data Number: 25



line 303 => train data수 25
line 258 => 인스턴스 수 5
Step 35  Tim 0:03:55
acc_train_cw(현재 train의 class별 acc) [0.0, 0.0, 0.0, 0.0, 1.0]
cw_psl_total_eval(pseudo label 클래스별 총 샘플 수):  [0, 0, 0, 0, 0]
cw_psl_correct_eval(pseudo label 클래스별 맞은 샘플 수):  [0, 0, 0, 0, 0]
psl_acc(PSL 평가에서의 정확도): None 
cw_psl_acc(클래스별 PSL 평가에서의 정확도):  [nan, nan, nan, nan, nan]
**pseudo_label ->  [0.2164, 0.127, 0.2246, 0.1559, 0.2761] **
max =  0.2761 | max_idx =  4
**pseudo_label ->  [0.1613, 0.1092, 0.2363, 0.1761, 0.3172] **
max =  0.3172 | max_idx =  4
**pseudo_label ->  [0.1727, 0.1194, 0.2419, 0.1827, 0.2834] **
max =  0.2834 | max_idx =  4
**pseudo_label ->  [0.1741, 0.1369, 0.1943, 0.1497, 0.345] **
max =  0.345 | max_idx =  4
**pseudo_label ->  [0.1625, 0.1392, 0.2342, 0.132, 0.3321] **
max =  0.3321 | max_idx =  4
Epoch 8/37, Train Loss: 1.6857, Valid Loss: 1.5616, Train Acc: 0.2000, Val Acc: 0.2449, Test Acc: 0.2316, Test F1(macro): 0.0752, Total Pseudo-Labels: 0, Correct Pseudo-Labels: 0, Train Data Number: 25



line 303 => train data수 25
line 258 => 인스턴스 수 5
Step 40  Tim 0:04:28
acc_train_cw(현재 train의 class별 acc) [0.0, 0.0, 1.0, 0.0, 0.0]
cw_psl_total_eval(pseudo label 클래스별 총 샘플 수):  [0, 0, 0, 0, 0]
cw_psl_correct_eval(pseudo label 클래스별 맞은 샘플 수):  [0, 0, 0, 0, 0]
psl_acc(PSL 평가에서의 정확도): None 
cw_psl_acc(클래스별 PSL 평가에서의 정확도):  [nan, nan, nan, nan, nan]
***best_acc_model_save --- epoch = 9***
Save model to ./experiment/corcod_extended_data/output/
**pseudo_label ->  [0.2038, 0.1999, 0.2385, 0.205, 0.1528] **
max =  0.2385 | max_idx =  2
**pseudo_label ->  [0.2122, 0.184, 0.2427, 0.201, 0.1602] **
max =  0.2427 | max_idx =  2
**pseudo_label ->  [0.1942, 0.2204, 0.2451, 0.199, 0.1413] **
max =  0.2451 | max_idx =  2
**pseudo_label ->  [0.2061, 0.1907, 0.2543, 0.1749, 0.174] **
max =  0.2543 | max_idx =  2
**pseudo_label ->  [0.2062, 0.1614, 0.2146, 0.2446, 0.1732] **
max =  0.2446 | max_idx =  3
Epoch 9/37, Train Loss: 1.6437, Valid Loss: 1.7007, Train Acc: 0.2000, Val Acc: 0.4490, Test Acc: 0.3579, Test F1(macro): 0.1054, Total Pseudo-Labels: 0, Correct Pseudo-Labels: 0, Train Data Number: 25



line 303 => train data수 25
line 258 => 인스턴스 수 5
Step 45  Tim 0:05:08
acc_train_cw(현재 train의 class별 acc) [0.0, 1.0, 0.0, 0.0, 0.0]
cw_psl_total_eval(pseudo label 클래스별 총 샘플 수):  [0, 0, 0, 0, 0]
cw_psl_correct_eval(pseudo label 클래스별 맞은 샘플 수):  [0, 0, 0, 0, 0]
psl_acc(PSL 평가에서의 정확도): None 
cw_psl_acc(클래스별 PSL 평가에서의 정확도):  [nan, nan, nan, nan, nan]
**pseudo_label ->  [0.1854, 0.2834, 0.1859, 0.1605, 0.1848] **
max =  0.2834 | max_idx =  1
**pseudo_label ->  [0.2179, 0.263, 0.1755, 0.1419, 0.2017] **
max =  0.263 | max_idx =  1
**pseudo_label ->  [0.1872, 0.2722, 0.1467, 0.1557, 0.2381] **
max =  0.2722 | max_idx =  1
**pseudo_label ->  [0.1935, 0.2933, 0.1506, 0.1736, 0.189] **
max =  0.2933 | max_idx =  1
**pseudo_label ->  [0.2025, 0.2284, 0.17, 0.1818, 0.2173] **
max =  0.2284 | max_idx =  1
Epoch 10/37, Train Loss: 1.6241, Valid Loss: 1.6985, Train Acc: 0.2000, Val Acc: 0.0612, Test Acc: 0.0526, Test F1(macro): 0.0200, Total Pseudo-Labels: 0, Correct Pseudo-Labels: 0, Train Data Number: 25



line 303 => train data수 25
line 258 => 인스턴스 수 5
Step 50  Tim 0:05:41
acc_train_cw(현재 train의 class별 acc) [1.0, 0.0, 0.0, 0.0, 0.0]
cw_psl_total_eval(pseudo label 클래스별 총 샘플 수):  [0, 0, 0, 0, 0]
cw_psl_correct_eval(pseudo label 클래스별 맞은 샘플 수):  [0, 0, 0, 0, 0]
psl_acc(PSL 평가에서의 정확도): None 
cw_psl_acc(클래스별 PSL 평가에서의 정확도):  [nan, nan, nan, nan, nan]
**pseudo_label ->  [0.2305, 0.2164, 0.1533, 0.2539, 0.1459] **
max =  0.2539 | max_idx =  3
**pseudo_label ->  [0.2574, 0.2403, 0.1733, 0.1479, 0.1812] **
max =  0.2574 | max_idx =  0
**pseudo_label ->  [0.2479, 0.2076, 0.1407, 0.2502, 0.1536] **
max =  0.2502 | max_idx =  3
**pseudo_label ->  [0.2193, 0.2306, 0.1709, 0.1944, 0.185] **
max =  0.2306 | max_idx =  1
**pseudo_label ->  [0.2844, 0.196, 0.1602, 0.1771, 0.1823] **
max =  0.2844 | max_idx =  0
Epoch 11/37, Train Loss: 1.6408, Valid Loss: 1.5703, Train Acc: 0.2000, Val Acc: 0.1020, Test Acc: 0.1263, Test F1(macro): 0.0449, Total Pseudo-Labels: 0, Correct Pseudo-Labels: 0, Train Data Number: 25



line 303 => train data수 25
line 258 => 인스턴스 수 5
Step 55  Tim 0:06:13
acc_train_cw(현재 train의 class별 acc) [0.0, 0.0, 1.0, 0.0, 0.0]
cw_psl_total_eval(pseudo label 클래스별 총 샘플 수):  [0, 0, 0, 0, 0]
cw_psl_correct_eval(pseudo label 클래스별 맞은 샘플 수):  [0, 0, 0, 0, 0]
psl_acc(PSL 평가에서의 정확도): None 
cw_psl_acc(클래스별 PSL 평가에서의 정확도):  [nan, nan, nan, nan, nan]
**pseudo_label ->  [0.1692, 0.1509, 0.2207, 0.2745, 0.1848] **
max =  0.2745 | max_idx =  3
**pseudo_label ->  [0.1753, 0.1487, 0.2388, 0.2234, 0.2138] **
max =  0.2388 | max_idx =  2
**pseudo_label ->  [0.1852, 0.1302, 0.2443, 0.2583, 0.1819] **
max =  0.2583 | max_idx =  3
**pseudo_label ->  [0.17, 0.1532, 0.2211, 0.2703, 0.1854] **
max =  0.2703 | max_idx =  3
**pseudo_label ->  [0.1768, 0.1752, 0.2217, 0.2347, 0.1916] **
max =  0.2347 | max_idx =  3
Epoch 12/37, Train Loss: 1.7131, Valid Loss: 1.5361, Train Acc: 0.2000, Val Acc: 0.4490, Test Acc: 0.3579, Test F1(macro): 0.1054, Total Pseudo-Labels: 0, Correct Pseudo-Labels: 0, Train Data Number: 25



line 303 => train data수 25
line 258 => 인스턴스 수 5
Step 60  Tim 0:06:46
acc_train_cw(현재 train의 class별 acc) [0.0, 0.0, 0.0, 1.0, 0.0]
cw_psl_total_eval(pseudo label 클래스별 총 샘플 수):  [0, 0, 0, 0, 0]
cw_psl_correct_eval(pseudo label 클래스별 맞은 샘플 수):  [0, 0, 0, 0, 0]
psl_acc(PSL 평가에서의 정확도): None 
cw_psl_acc(클래스별 PSL 평가에서의 정확도):  [nan, nan, nan, nan, nan]
**pseudo_label ->  [0.1134, 0.1719, 0.2245, 0.2957, 0.1946] **
max =  0.2957 | max_idx =  3
**pseudo_label ->  [0.1284, 0.1735, 0.2333, 0.2367, 0.2282] **
max =  0.2367 | max_idx =  3
**pseudo_label ->  [0.1124, 0.1755, 0.2335, 0.2372, 0.2414] **
max =  0.2414 | max_idx =  4
**pseudo_label ->  [0.1133, 0.1598, 0.221, 0.2551, 0.2508] **
max =  0.2551 | max_idx =  3
**pseudo_label ->  [0.1136, 0.1508, 0.2694, 0.2309, 0.2353] **
max =  0.2694 | max_idx =  2
Epoch 13/37, Train Loss: 1.6285, Valid Loss: 1.6790, Train Acc: 0.2000, Val Acc: 0.1429, Test Acc: 0.2316, Test F1(macro): 0.0752, Total Pseudo-Labels: 0, Correct Pseudo-Labels: 0, Train Data Number: 25



line 303 => train data수 25
line 258 => 인스턴스 수 5
Step 65  Tim 0:07:18
acc_train_cw(현재 train의 class별 acc) [1.0, 0.0, 0.0, 0.0, 0.0]
cw_psl_total_eval(pseudo label 클래스별 총 샘플 수):  [0, 0, 0, 0, 0]
cw_psl_correct_eval(pseudo label 클래스별 맞은 샘플 수):  [0, 0, 0, 0, 0]
psl_acc(PSL 평가에서의 정확도): None 
cw_psl_acc(클래스별 PSL 평가에서의 정확도):  [nan, nan, nan, nan, nan]
**pseudo_label ->  [0.2983, 0.1539, 0.1974, 0.2007, 0.1497] **
max =  0.2983 | max_idx =  0
**pseudo_label ->  [0.261, 0.1792, 0.1594, 0.2331, 0.1673] **
max =  0.261 | max_idx =  0
**pseudo_label ->  [0.28, 0.1889, 0.1726, 0.1943, 0.1642] **
max =  0.28 | max_idx =  0
**pseudo_label ->  [0.2818, 0.225, 0.1468, 0.1804, 0.1661] **
max =  0.2818 | max_idx =  0
**pseudo_label ->  [0.2434, 0.1723, 0.1755, 0.2514, 0.1574] **
max =  0.2514 | max_idx =  3
Epoch 14/37, Train Loss: 1.7331, Valid Loss: 1.6855, Train Acc: 0.2000, Val Acc: 0.1020, Test Acc: 0.1263, Test F1(macro): 0.0449, Total Pseudo-Labels: 0, Correct Pseudo-Labels: 0, Train Data Number: 25



line 303 => train data수 25
line 258 => 인스턴스 수 5
Step 70  Tim 0:07:51
acc_train_cw(현재 train의 class별 acc) [0.0, 1.0, 0.0, 0.0, 0.0]
cw_psl_total_eval(pseudo label 클래스별 총 샘플 수):  [0, 0, 0, 0, 0]
cw_psl_correct_eval(pseudo label 클래스별 맞은 샘플 수):  [0, 0, 0, 0, 0]
psl_acc(PSL 평가에서의 정확도): None 
cw_psl_acc(클래스별 PSL 평가에서의 정확도):  [nan, nan, nan, nan, nan]
**pseudo_label ->  [0.2155, 0.2688, 0.1905, 0.1799, 0.1453] **
max =  0.2688 | max_idx =  1
**pseudo_label ->  [0.2066, 0.2772, 0.1976, 0.1667, 0.1519] **
max =  0.2772 | max_idx =  1
**pseudo_label ->  [0.239, 0.2944, 0.2167, 0.1204, 0.1294] **
max =  0.2944 | max_idx =  1
**pseudo_label ->  [0.2175, 0.2726, 0.2058, 0.1562, 0.1479] **
max =  0.2726 | max_idx =  1
**pseudo_label ->  [0.1835, 0.3183, 0.1919, 0.1745, 0.1319] **
max =  0.3183 | max_idx =  1
Epoch 15/37, Train Loss: 1.6517, Valid Loss: 1.5328, Train Acc: 0.2000, Val Acc: 0.0612, Test Acc: 0.0526, Test F1(macro): 0.0200, Total Pseudo-Labels: 0, Correct Pseudo-Labels: 0, Train Data Number: 25



line 303 => train data수 25
line 258 => 인스턴스 수 5
Step 75  Tim 0:08:23
acc_train_cw(현재 train의 class별 acc) [0.0, 0.0, 1.0, 0.0, 0.0]
cw_psl_total_eval(pseudo label 클래스별 총 샘플 수):  [0, 0, 0, 0, 0]
cw_psl_correct_eval(pseudo label 클래스별 맞은 샘플 수):  [0, 0, 0, 0, 0]
psl_acc(PSL 평가에서의 정확도): None 
cw_psl_acc(클래스별 PSL 평가에서의 정확도):  [nan, nan, nan, nan, nan]
**pseudo_label ->  [0.2215, 0.2191, 0.2564, 0.1186, 0.1844] **
max =  0.2564 | max_idx =  2
**pseudo_label ->  [0.1734, 0.1881, 0.2863, 0.1166, 0.2356] **
max =  0.2863 | max_idx =  2
**pseudo_label ->  [0.2314, 0.252, 0.2309, 0.098, 0.1876] **
max =  0.252 | max_idx =  1
**pseudo_label ->  [0.2085, 0.2356, 0.1912, 0.1242, 0.2405] **
max =  0.2405 | max_idx =  4
**pseudo_label ->  [0.1886, 0.1853, 0.2685, 0.1175, 0.2401] **
max =  0.2685 | max_idx =  2
Epoch 16/37, Train Loss: 1.6816, Valid Loss: 1.6425, Train Acc: 0.2000, Val Acc: 0.4490, Test Acc: 0.3579, Test F1(macro): 0.1054, Total Pseudo-Labels: 0, Correct Pseudo-Labels: 0, Train Data Number: 25



line 303 => train data수 25
line 258 => 인스턴스 수 5
Step 80  Tim 0:08:56
acc_train_cw(현재 train의 class별 acc) [0.0, 0.0, 0.0, 0.0, 1.0]
cw_psl_total_eval(pseudo label 클래스별 총 샘플 수):  [0, 0, 0, 0, 0]
cw_psl_correct_eval(pseudo label 클래스별 맞은 샘플 수):  [0, 0, 0, 0, 0]
psl_acc(PSL 평가에서의 정확도): None 
cw_psl_acc(클래스별 PSL 평가에서의 정확도):  [nan, nan, nan, nan, nan]
**pseudo_label ->  [0.1779, 0.2222, 0.1503, 0.2338, 0.2158] **
max =  0.2338 | max_idx =  3
**pseudo_label ->  [0.1468, 0.214, 0.1526, 0.2647, 0.222] **
max =  0.2647 | max_idx =  3
**pseudo_label ->  [0.1565, 0.1574, 0.1407, 0.3051, 0.2403] **
max =  0.3051 | max_idx =  3
**pseudo_label ->  [0.1685, 0.1797, 0.1542, 0.1919, 0.3056] **
max =  0.3056 | max_idx =  4
**pseudo_label ->  [0.1637, 0.2192, 0.153, 0.1982, 0.2659] **
max =  0.2659 | max_idx =  4
Epoch 17/37, Train Loss: 1.6449, Valid Loss: 1.6000, Train Acc: 0.2000, Val Acc: 0.2449, Test Acc: 0.2316, Test F1(macro): 0.0752, Total Pseudo-Labels: 0, Correct Pseudo-Labels: 0, Train Data Number: 25



line 303 => train data수 25
line 258 => 인스턴스 수 5
Step 85  Tim 0:09:28
acc_train_cw(현재 train의 class별 acc) [1.0, 0.0, 0.0, 0.0, 0.0]
cw_psl_total_eval(pseudo label 클래스별 총 샘플 수):  [0, 0, 0, 0, 0]
cw_psl_correct_eval(pseudo label 클래스별 맞은 샘플 수):  [0, 0, 0, 0, 0]
psl_acc(PSL 평가에서의 정확도): None 
cw_psl_acc(클래스별 PSL 평가에서의 정확도):  [nan, nan, nan, nan, nan]
**pseudo_label ->  [0.1976, 0.1934, 0.1923, 0.2059, 0.2108] **
max =  0.2108 | max_idx =  4
**pseudo_label ->  [0.2321, 0.2079, 0.1838, 0.2028, 0.1734] **
max =  0.2321 | max_idx =  0
**pseudo_label ->  [0.1978, 0.1655, 0.2241, 0.2197, 0.1929] **
max =  0.2241 | max_idx =  2
**pseudo_label ->  [0.2572, 0.2055, 0.1644, 0.2807, 0.0922] **
max =  0.2807 | max_idx =  3
**pseudo_label ->  [0.2278, 0.1814, 0.2076, 0.2101, 0.1732] **
max =  0.2278 | max_idx =  0
Epoch 18/37, Train Loss: 1.6812, Valid Loss: 1.6463, Train Acc: 0.2000, Val Acc: 0.1020, Test Acc: 0.1263, Test F1(macro): 0.0449, Total Pseudo-Labels: 0, Correct Pseudo-Labels: 0, Train Data Number: 25



line 303 => train data수 25
line 258 => 인스턴스 수 5
Step 90  Tim 0:10:00
acc_train_cw(현재 train의 class별 acc) [0.0, 0.0, 0.0, 1.0, 0.0]
cw_psl_total_eval(pseudo label 클래스별 총 샘플 수):  [0, 0, 0, 0, 0]
cw_psl_correct_eval(pseudo label 클래스별 맞은 샘플 수):  [0, 0, 0, 0, 0]
psl_acc(PSL 평가에서의 정확도): None 
cw_psl_acc(클래스별 PSL 평가에서의 정확도):  [nan, nan, nan, nan, nan]
**pseudo_label ->  [0.2217, 0.1724, 0.1922, 0.2601, 0.1535] **
max =  0.2601 | max_idx =  3
**pseudo_label ->  [0.225, 0.2301, 0.0879, 0.3078, 0.1492] **
max =  0.3078 | max_idx =  3
**pseudo_label ->  [0.2257, 0.1852, 0.1859, 0.2284, 0.1748] **
max =  0.2284 | max_idx =  3
**pseudo_label ->  [0.2053, 0.1813, 0.1721, 0.2252, 0.2161] **
max =  0.2252 | max_idx =  3
**pseudo_label ->  [0.2132, 0.2021, 0.1837, 0.2284, 0.1726] **
max =  0.2284 | max_idx =  3
Epoch 19/37, Train Loss: 1.6721, Valid Loss: 1.5051, Train Acc: 0.2000, Val Acc: 0.1429, Test Acc: 0.2316, Test F1(macro): 0.0752, Total Pseudo-Labels: 0, Correct Pseudo-Labels: 0, Train Data Number: 25



line 303 => train data수 25
line 258 => 인스턴스 수 5
Step 95  Tim 0:10:32
acc_train_cw(현재 train의 class별 acc) [0.0, 0.0, 1.0, 0.0, 0.0]
cw_psl_total_eval(pseudo label 클래스별 총 샘플 수):  [0, 0, 0, 0, 0]
cw_psl_correct_eval(pseudo label 클래스별 맞은 샘플 수):  [0, 0, 0, 0, 0]
psl_acc(PSL 평가에서의 정확도): None 
cw_psl_acc(클래스별 PSL 평가에서의 정확도):  [nan, nan, nan, nan, nan]
**pseudo_label ->  [0.1957, 0.1489, 0.2779, 0.1928, 0.1847] **
max =  0.2779 | max_idx =  2
**pseudo_label ->  [0.2057, 0.1365, 0.2426, 0.2013, 0.214] **
max =  0.2426 | max_idx =  2
**pseudo_label ->  [0.2575, 0.1324, 0.2165, 0.2024, 0.1911] **
max =  0.2575 | max_idx =  0
**pseudo_label ->  [0.2262, 0.1312, 0.2058, 0.2077, 0.2291] **
max =  0.2291 | max_idx =  4
**pseudo_label ->  [0.2084, 0.11, 0.2853, 0.1593, 0.237] **
max =  0.2853 | max_idx =  2
Epoch 20/37, Train Loss: 1.6754, Valid Loss: 1.6000, Train Acc: 0.2000, Val Acc: 0.4490, Test Acc: 0.3579, Test F1(macro): 0.1054, Total Pseudo-Labels: 0, Correct Pseudo-Labels: 0, Train Data Number: 25



line 303 => train data수 25
line 258 => 인스턴스 수 5
Step 100  Tim 0:11:01
acc_train_cw(현재 train의 class별 acc) [1.0, 0.0, 0.0, 0.0, 0.0]
cw_psl_total_eval(pseudo label 클래스별 총 샘플 수):  [0, 0, 0, 0, 0]
cw_psl_correct_eval(pseudo label 클래스별 맞은 샘플 수):  [0, 0, 0, 0, 0]
psl_acc(PSL 평가에서의 정확도): None 
cw_psl_acc(클래스별 PSL 평가에서의 정확도):  [nan, nan, nan, nan, nan]
**pseudo_label ->  [0.2346, 0.2238, 0.2195, 0.1287, 0.1934] **
max =  0.2346 | max_idx =  0
**pseudo_label ->  [0.2206, 0.2285, 0.1773, 0.1142, 0.2594] **
max =  0.2594 | max_idx =  4
**pseudo_label ->  [0.252, 0.1916, 0.2191, 0.1233, 0.214] **
max =  0.252 | max_idx =  0
**pseudo_label ->  [0.2318, 0.2068, 0.2157, 0.1365, 0.2092] **
max =  0.2318 | max_idx =  0
**pseudo_label ->  [0.2323, 0.2094, 0.2411, 0.1243, 0.1929] **
max =  0.2411 | max_idx =  2
Epoch 21/37, Train Loss: 1.6839, Valid Loss: 1.6974, Train Acc: 0.2000, Val Acc: 0.1020, Test Acc: 0.1263, Test F1(macro): 0.0449, Total Pseudo-Labels: 0, Correct Pseudo-Labels: 0, Train Data Number: 25



line 303 => train data수 25
line 258 => 인스턴스 수 5
Step 105  Tim 0:11:28
acc_train_cw(현재 train의 class별 acc) [0.0, 1.0, 0.0, 0.0, 0.0]
cw_psl_total_eval(pseudo label 클래스별 총 샘플 수):  [0, 0, 0, 0, 0]
cw_psl_correct_eval(pseudo label 클래스별 맞은 샘플 수):  [0, 0, 0, 0, 0]
psl_acc(PSL 평가에서의 정확도): None 
cw_psl_acc(클래스별 PSL 평가에서의 정확도):  [nan, nan, nan, nan, nan]
**pseudo_label ->  [0.1531, 0.2176, 0.1759, 0.2578, 0.1957] **
max =  0.2578 | max_idx =  3
**pseudo_label ->  [0.1683, 0.2557, 0.1639, 0.2222, 0.1901] **
max =  0.2557 | max_idx =  1
**pseudo_label ->  [0.1616, 0.2537, 0.1613, 0.231, 0.1924] **
max =  0.2537 | max_idx =  1
**pseudo_label ->  [0.1636, 0.2601, 0.1405, 0.2222, 0.2135] **
max =  0.2601 | max_idx =  1
**pseudo_label ->  [0.1544, 0.2663, 0.1797, 0.2362, 0.1634] **
max =  0.2663 | max_idx =  1
Epoch 22/37, Train Loss: 1.6971, Valid Loss: 1.6572, Train Acc: 0.2000, Val Acc: 0.0612, Test Acc: 0.0526, Test F1(macro): 0.0200, Total Pseudo-Labels: 0, Correct Pseudo-Labels: 0, Train Data Number: 25



line 303 => train data수 25
line 258 => 인스턴스 수 5
Step 110  Tim 0:11:48
acc_train_cw(현재 train의 class별 acc) [0.0, 0.0, 0.0, 1.0, 0.0]
cw_psl_total_eval(pseudo label 클래스별 총 샘플 수):  [0, 0, 0, 0, 0]
cw_psl_correct_eval(pseudo label 클래스별 맞은 샘플 수):  [0, 0, 0, 0, 0]
psl_acc(PSL 평가에서의 정확도): None 
cw_psl_acc(클래스별 PSL 평가에서의 정확도):  [nan, nan, nan, nan, nan]
**pseudo_label ->  [0.2068, 0.2061, 0.1624, 0.2823, 0.1424] **
max =  0.2823 | max_idx =  3
**pseudo_label ->  [0.1546, 0.2096, 0.1886, 0.2664, 0.1808] **
max =  0.2664 | max_idx =  3
**pseudo_label ->  [0.209, 0.1862, 0.1661, 0.2636, 0.1751] **
max =  0.2636 | max_idx =  3
**pseudo_label ->  [0.1709, 0.1885, 0.1815, 0.2827, 0.1765] **
max =  0.2827 | max_idx =  3
**pseudo_label ->  [0.205, 0.171, 0.2028, 0.2351, 0.1861] **
max =  0.2351 | max_idx =  3
Epoch 23/37, Train Loss: 1.6469, Valid Loss: 1.6567, Train Acc: 0.2000, Val Acc: 0.1429, Test Acc: 0.2316, Test F1(macro): 0.0752, Total Pseudo-Labels: 0, Correct Pseudo-Labels: 0, Train Data Number: 25



line 303 => train data수 25
line 258 => 인스턴스 수 5
Step 115  Tim 0:12:14
acc_train_cw(현재 train의 class별 acc) [0.0, 0.0, 0.0, 0.0, 1.0]
cw_psl_total_eval(pseudo label 클래스별 총 샘플 수):  [0, 0, 0, 0, 0]
cw_psl_correct_eval(pseudo label 클래스별 맞은 샘플 수):  [0, 0, 0, 0, 0]
psl_acc(PSL 평가에서의 정확도): None 
cw_psl_acc(클래스별 PSL 평가에서의 정확도):  [nan, nan, nan, nan, nan]
**pseudo_label ->  [0.1875, 0.119, 0.1459, 0.2589, 0.2886] **
max =  0.2886 | max_idx =  4
**pseudo_label ->  [0.1863, 0.16, 0.1507, 0.264, 0.239] **
max =  0.264 | max_idx =  3
**pseudo_label ->  [0.1838, 0.1541, 0.1419, 0.2529, 0.2673] **
max =  0.2673 | max_idx =  4
**pseudo_label ->  [0.1494, 0.1828, 0.1421, 0.3119, 0.2138] **
max =  0.3119 | max_idx =  3
**pseudo_label ->  [0.177, 0.1627, 0.1503, 0.2993, 0.2107] **
max =  0.2993 | max_idx =  3
Epoch 24/37, Train Loss: 1.7998, Valid Loss: 1.5724, Train Acc: 0.2000, Val Acc: 0.2449, Test Acc: 0.2316, Test F1(macro): 0.0752, Total Pseudo-Labels: 0, Correct Pseudo-Labels: 0, Train Data Number: 25



line 303 => train data수 25
line 258 => 인스턴스 수 5
Step 120  Tim 0:12:46
acc_train_cw(현재 train의 class별 acc) [1.0, 0.0, 0.0, 0.0, 0.0]
cw_psl_total_eval(pseudo label 클래스별 총 샘플 수):  [0, 0, 0, 0, 0]
cw_psl_correct_eval(pseudo label 클래스별 맞은 샘플 수):  [0, 0, 0, 0, 0]
psl_acc(PSL 평가에서의 정확도): None 
cw_psl_acc(클래스별 PSL 평가에서의 정확도):  [nan, nan, nan, nan, nan]
**pseudo_label ->  [0.2249, 0.2147, 0.2484, 0.1108, 0.2012] **
max =  0.2484 | max_idx =  2
**pseudo_label ->  [0.259, 0.1967, 0.2259, 0.119, 0.1995] **
max =  0.259 | max_idx =  0
**pseudo_label ->  [0.23, 0.2017, 0.2386, 0.1129, 0.2168] **
max =  0.2386 | max_idx =  2
**pseudo_label ->  [0.2826, 0.2048, 0.1976, 0.0834, 0.2316] **
max =  0.2826 | max_idx =  0
**pseudo_label ->  [0.2425, 0.171, 0.2404, 0.1124, 0.2337] **
max =  0.2425 | max_idx =  0
Epoch 25/37, Train Loss: 1.7092, Valid Loss: 1.5683, Train Acc: 0.2000, Val Acc: 0.1020, Test Acc: 0.1263, Test F1(macro): 0.0449, Total Pseudo-Labels: 0, Correct Pseudo-Labels: 0, Train Data Number: 25



line 303 => train data수 25
line 258 => 인스턴스 수 5
Step 125  Tim 0:13:18
acc_train_cw(현재 train의 class별 acc) [0.0, 0.0, 1.0, 0.0, 0.0]
cw_psl_total_eval(pseudo label 클래스별 총 샘플 수):  [0, 0, 0, 0, 0]
cw_psl_correct_eval(pseudo label 클래스별 맞은 샘플 수):  [0, 0, 0, 0, 0]
psl_acc(PSL 평가에서의 정확도): None 
cw_psl_acc(클래스별 PSL 평가에서의 정확도):  [nan, nan, nan, nan, nan]
**pseudo_label ->  [0.1581, 0.1757, 0.2472, 0.2133, 0.2056] **
max =  0.2472 | max_idx =  2
**pseudo_label ->  [0.1678, 0.1923, 0.2326, 0.2094, 0.1978] **
max =  0.2326 | max_idx =  2
**pseudo_label ->  [0.1632, 0.1831, 0.2598, 0.2086, 0.1853] **
max =  0.2598 | max_idx =  2
**pseudo_label ->  [0.1771, 0.208, 0.2229, 0.1821, 0.2098] **
max =  0.2229 | max_idx =  2
**pseudo_label ->  [0.1738, 0.2233, 0.1929, 0.1894, 0.2206] **
max =  0.2233 | max_idx =  1
Epoch 26/37, Train Loss: 1.6824, Valid Loss: 1.5702, Train Acc: 0.2000, Val Acc: 0.4490, Test Acc: 0.3579, Test F1(macro): 0.1054, Total Pseudo-Labels: 0, Correct Pseudo-Labels: 0, Train Data Number: 25



line 303 => train data수 25
line 258 => 인스턴스 수 5
Step 130  Tim 0:13:50
acc_train_cw(현재 train의 class별 acc) [0.0, 0.0, 0.0, 1.0, 0.0]
cw_psl_total_eval(pseudo label 클래스별 총 샘플 수):  [0, 0, 0, 0, 0]
cw_psl_correct_eval(pseudo label 클래스별 맞은 샘플 수):  [0, 0, 0, 0, 0]
psl_acc(PSL 평가에서의 정확도): None 
cw_psl_acc(클래스별 PSL 평가에서의 정확도):  [nan, nan, nan, nan, nan]
**pseudo_label ->  [0.1337, 0.1935, 0.2009, 0.2434, 0.2285] **
max =  0.2434 | max_idx =  3
**pseudo_label ->  [0.1242, 0.2161, 0.1988, 0.2091, 0.2517] **
max =  0.2517 | max_idx =  4
**pseudo_label ->  [0.1533, 0.2052, 0.2197, 0.2353, 0.1865] **
max =  0.2353 | max_idx =  3
**pseudo_label ->  [0.12, 0.2228, 0.2301, 0.2088, 0.2183] **
max =  0.2301 | max_idx =  2
**pseudo_label ->  [0.131, 0.1721, 0.2308, 0.2219, 0.2442] **
max =  0.2442 | max_idx =  4
Epoch 27/37, Train Loss: 1.6914, Valid Loss: 1.6467, Train Acc: 0.2000, Val Acc: 0.1429, Test Acc: 0.2316, Test F1(macro): 0.0752, Total Pseudo-Labels: 0, Correct Pseudo-Labels: 0, Train Data Number: 25



line 303 => train data수 25
line 258 => 인스턴스 수 5
Step 135  Tim 0:14:22
acc_train_cw(현재 train의 class별 acc) [0.0, 1.0, 0.0, 0.0, 0.0]
cw_psl_total_eval(pseudo label 클래스별 총 샘플 수):  [0, 0, 0, 0, 0]
cw_psl_correct_eval(pseudo label 클래스별 맞은 샘플 수):  [0, 0, 0, 0, 0]
psl_acc(PSL 평가에서의 정확도): None 
cw_psl_acc(클래스별 PSL 평가에서의 정확도):  [nan, nan, nan, nan, nan]
**pseudo_label ->  [0.1925, 0.2464, 0.2192, 0.1938, 0.148] **
max =  0.2464 | max_idx =  1
**pseudo_label ->  [0.2149, 0.2393, 0.2113, 0.1715, 0.163] **
max =  0.2393 | max_idx =  1
**pseudo_label ->  [0.1951, 0.2399, 0.1935, 0.1807, 0.1909] **
max =  0.2399 | max_idx =  1
**pseudo_label ->  [0.232, 0.2285, 0.1934, 0.2137, 0.1325] **
max =  0.232 | max_idx =  0
**pseudo_label ->  [0.2075, 0.2073, 0.1866, 0.1986, 0.2] **
max =  0.2075 | max_idx =  0
Epoch 28/37, Train Loss: 1.6504, Valid Loss: 1.7156, Train Acc: 0.2000, Val Acc: 0.0612, Test Acc: 0.0526, Test F1(macro): 0.0200, Total Pseudo-Labels: 0, Correct Pseudo-Labels: 0, Train Data Number: 25



line 303 => train data수 25
line 258 => 인스턴스 수 5
Step 140  Tim 0:14:55
acc_train_cw(현재 train의 class별 acc) [0.0, 1.0, 0.0, 0.0, 0.0]
cw_psl_total_eval(pseudo label 클래스별 총 샘플 수):  [0, 0, 0, 0, 0]
cw_psl_correct_eval(pseudo label 클래스별 맞은 샘플 수):  [0, 0, 0, 0, 0]
psl_acc(PSL 평가에서의 정확도): None 
cw_psl_acc(클래스별 PSL 평가에서의 정확도):  [nan, nan, nan, nan, nan]
**pseudo_label ->  [0.2115, 0.2179, 0.1447, 0.1717, 0.2543] **
max =  0.2543 | max_idx =  4
**pseudo_label ->  [0.216, 0.2153, 0.159, 0.1799, 0.2298] **
max =  0.2298 | max_idx =  4
**pseudo_label ->  [0.213, 0.2316, 0.1406, 0.164, 0.2508] **
max =  0.2508 | max_idx =  4
**pseudo_label ->  [0.2092, 0.2367, 0.1594, 0.1712, 0.2236] **
max =  0.2367 | max_idx =  1
**pseudo_label ->  [0.252, 0.2548, 0.1528, 0.1476, 0.1927] **
max =  0.2548 | max_idx =  1
Epoch 29/37, Train Loss: 1.6562, Valid Loss: 1.6982, Train Acc: 0.2000, Val Acc: 0.0612, Test Acc: 0.0526, Test F1(macro): 0.0200, Total Pseudo-Labels: 0, Correct Pseudo-Labels: 0, Train Data Number: 25



line 303 => train data수 25
line 258 => 인스턴스 수 5
Step 145  Tim 0:15:27
acc_train_cw(현재 train의 class별 acc) [1.0, 0.0, 0.0, 0.0, 0.0]
cw_psl_total_eval(pseudo label 클래스별 총 샘플 수):  [0, 0, 0, 0, 0]
cw_psl_correct_eval(pseudo label 클래스별 맞은 샘플 수):  [0, 0, 0, 0, 0]
psl_acc(PSL 평가에서의 정확도): None 
cw_psl_acc(클래스별 PSL 평가에서의 정확도):  [nan, nan, nan, nan, nan]
**pseudo_label ->  [0.2394, 0.2324, 0.1598, 0.1983, 0.1701] **
max =  0.2394 | max_idx =  0
**pseudo_label ->  [0.2004, 0.2225, 0.1579, 0.2266, 0.1925] **
max =  0.2266 | max_idx =  3
**pseudo_label ->  [0.2751, 0.1918, 0.1716, 0.1842, 0.1773] **
max =  0.2751 | max_idx =  0
**pseudo_label ->  [0.231, 0.1862, 0.16, 0.2203, 0.2026] **
max =  0.231 | max_idx =  0
**pseudo_label ->  [0.2124, 0.2019, 0.179, 0.2321, 0.1746] **
max =  0.2321 | max_idx =  3
Epoch 30/37, Train Loss: 1.6721, Valid Loss: 1.6280, Train Acc: 0.2000, Val Acc: 0.1020, Test Acc: 0.1263, Test F1(macro): 0.0449, Total Pseudo-Labels: 0, Correct Pseudo-Labels: 0, Train Data Number: 25



line 303 => train data수 25
line 258 => 인스턴스 수 5
Step 150  Tim 0:15:59
acc_train_cw(현재 train의 class별 acc) [0.0, 0.0, 0.0, 1.0, 0.0]
cw_psl_total_eval(pseudo label 클래스별 총 샘플 수):  [0, 0, 0, 0, 0]
cw_psl_correct_eval(pseudo label 클래스별 맞은 샘플 수):  [0, 0, 0, 0, 0]
psl_acc(PSL 평가에서의 정확도): None 
cw_psl_acc(클래스별 PSL 평가에서의 정확도):  [nan, nan, nan, nan, nan]
**pseudo_label ->  [0.1814, 0.1835, 0.192, 0.2205, 0.2226] **
max =  0.2226 | max_idx =  4
**pseudo_label ->  [0.1752, 0.178, 0.1784, 0.2355, 0.2329] **
max =  0.2355 | max_idx =  3
**pseudo_label ->  [0.1636, 0.167, 0.1889, 0.2402, 0.2404] **
max =  0.2404 | max_idx =  4
**pseudo_label ->  [0.1711, 0.1677, 0.1835, 0.2393, 0.2385] **
max =  0.2393 | max_idx =  3
**pseudo_label ->  [0.2053, 0.1446, 0.2033, 0.2592, 0.1877] **
max =  0.2592 | max_idx =  3
Epoch 31/37, Train Loss: 1.6390, Valid Loss: 1.6642, Train Acc: 0.2000, Val Acc: 0.1429, Test Acc: 0.2316, Test F1(macro): 0.0752, Total Pseudo-Labels: 0, Correct Pseudo-Labels: 0, Train Data Number: 25



line 303 => train data수 25
line 258 => 인스턴스 수 5
Step 155  Tim 0:16:32
acc_train_cw(현재 train의 class별 acc) [0.0, 0.0, 0.0, 1.0, 0.0]
cw_psl_total_eval(pseudo label 클래스별 총 샘플 수):  [0, 0, 0, 0, 0]
cw_psl_correct_eval(pseudo label 클래스별 맞은 샘플 수):  [0, 0, 0, 0, 0]
psl_acc(PSL 평가에서의 정확도): None 
cw_psl_acc(클래스별 PSL 평가에서의 정확도):  [nan, nan, nan, nan, nan]
**pseudo_label ->  [0.2231, 0.125, 0.1747, 0.2807, 0.1965] **
max =  0.2807 | max_idx =  3
**pseudo_label ->  [0.2288, 0.1226, 0.2034, 0.259, 0.1862] **
max =  0.259 | max_idx =  3
**pseudo_label ->  [0.2207, 0.183, 0.1666, 0.2098, 0.2199] **
max =  0.2207 | max_idx =  0
**pseudo_label ->  [0.2295, 0.1373, 0.2067, 0.2529, 0.1736] **
max =  0.2529 | max_idx =  3
**pseudo_label ->  [0.2535, 0.1324, 0.1541, 0.224, 0.236] **
max =  0.2535 | max_idx =  0
Epoch 32/37, Train Loss: 1.7339, Valid Loss: 1.5178, Train Acc: 0.2000, Val Acc: 0.1429, Test Acc: 0.2316, Test F1(macro): 0.0752, Total Pseudo-Labels: 0, Correct Pseudo-Labels: 0, Train Data Number: 25



line 303 => train data수 25
line 258 => 인스턴스 수 5
Step 160  Tim 0:17:03
acc_train_cw(현재 train의 class별 acc) [0.0, 0.0, 1.0, 0.0, 0.0]
cw_psl_total_eval(pseudo label 클래스별 총 샘플 수):  [0, 0, 0, 0, 0]
cw_psl_correct_eval(pseudo label 클래스별 맞은 샘플 수):  [0, 0, 0, 0, 0]
psl_acc(PSL 평가에서의 정확도): None 
cw_psl_acc(클래스별 PSL 평가에서의 정확도):  [nan, nan, nan, nan, nan]
**pseudo_label ->  [0.1925, 0.1538, 0.2908, 0.2049, 0.1579] **
max =  0.2908 | max_idx =  2
**pseudo_label ->  [0.1983, 0.147, 0.2867, 0.215, 0.1531] **
max =  0.2867 | max_idx =  2
**pseudo_label ->  [0.1757, 0.1318, 0.3215, 0.214, 0.157] **
max =  0.3215 | max_idx =  2
**pseudo_label ->  [0.2167, 0.1244, 0.3519, 0.1652, 0.1419] **
max =  0.3519 | max_idx =  2
**pseudo_label ->  [0.1779, 0.1215, 0.3467, 0.1926, 0.1613] **
max =  0.3467 | max_idx =  2
Epoch 33/37, Train Loss: 1.6806, Valid Loss: 1.6818, Train Acc: 0.2000, Val Acc: 0.4490, Test Acc: 0.3579, Test F1(macro): 0.1054, Total Pseudo-Labels: 0, Correct Pseudo-Labels: 0, Train Data Number: 25



line 303 => train data수 25
line 258 => 인스턴스 수 5
Step 165  Tim 0:17:35
acc_train_cw(현재 train의 class별 acc) [1.0, 0.0, 0.0, 0.0, 0.0]
cw_psl_total_eval(pseudo label 클래스별 총 샘플 수):  [0, 0, 0, 0, 0]
cw_psl_correct_eval(pseudo label 클래스별 맞은 샘플 수):  [0, 0, 0, 0, 0]
psl_acc(PSL 평가에서의 정확도): None 
cw_psl_acc(클래스별 PSL 평가에서의 정확도):  [nan, nan, nan, nan, nan]
**pseudo_label ->  [0.258, 0.2045, 0.1903, 0.1503, 0.1969] **
max =  0.258 | max_idx =  0
**pseudo_label ->  [0.2346, 0.2308, 0.1833, 0.1301, 0.2212] **
max =  0.2346 | max_idx =  0
**pseudo_label ->  [0.2506, 0.2446, 0.1773, 0.1288, 0.1986] **
max =  0.2506 | max_idx =  0
**pseudo_label ->  [0.2274, 0.2183, 0.1812, 0.1357, 0.2373] **
max =  0.2373 | max_idx =  4
**pseudo_label ->  [0.2459, 0.2492, 0.1867, 0.1225, 0.1957] **
max =  0.2492 | max_idx =  1
Epoch 34/37, Train Loss: 1.7158, Valid Loss: 1.6787, Train Acc: 0.2000, Val Acc: 0.1020, Test Acc: 0.1263, Test F1(macro): 0.0449, Total Pseudo-Labels: 0, Correct Pseudo-Labels: 0, Train Data Number: 25



line 303 => train data수 25
line 258 => 인스턴스 수 5
Step 170  Tim 0:18:07
acc_train_cw(현재 train의 class별 acc) [0.0, 0.0, 0.0, 0.0, 1.0]
cw_psl_total_eval(pseudo label 클래스별 총 샘플 수):  [0, 0, 0, 0, 0]
cw_psl_correct_eval(pseudo label 클래스별 맞은 샘플 수):  [0, 0, 0, 0, 0]
psl_acc(PSL 평가에서의 정확도): None 
cw_psl_acc(클래스별 PSL 평가에서의 정확도):  [nan, nan, nan, nan, nan]
**pseudo_label ->  [0.1537, 0.2222, 0.1549, 0.1901, 0.2792] **
max =  0.2792 | max_idx =  4
**pseudo_label ->  [0.1336, 0.2405, 0.1228, 0.1814, 0.3218] **
max =  0.3218 | max_idx =  4
**pseudo_label ->  [0.1316, 0.2698, 0.1567, 0.1948, 0.2471] **
max =  0.2698 | max_idx =  1
**pseudo_label ->  [0.1569, 0.2607, 0.1594, 0.1908, 0.2323] **
max =  0.2607 | max_idx =  1
**pseudo_label ->  [0.1464, 0.2434, 0.1568, 0.1919, 0.2615] **
max =  0.2615 | max_idx =  4
Epoch 35/37, Train Loss: 1.6250, Valid Loss: 1.6856, Train Acc: 0.2000, Val Acc: 0.2449, Test Acc: 0.2316, Test F1(macro): 0.0752, Total Pseudo-Labels: 0, Correct Pseudo-Labels: 0, Train Data Number: 25



line 303 => train data수 25
line 258 => 인스턴스 수 5
Step 175  Tim 0:18:40
acc_train_cw(현재 train의 class별 acc) [0.0, 0.0, 0.0, 1.0, 0.0]
cw_psl_total_eval(pseudo label 클래스별 총 샘플 수):  [0, 0, 0, 0, 0]
cw_psl_correct_eval(pseudo label 클래스별 맞은 샘플 수):  [0, 0, 0, 0, 0]
psl_acc(PSL 평가에서의 정확도): None 
cw_psl_acc(클래스별 PSL 평가에서의 정확도):  [nan, nan, nan, nan, nan]
**pseudo_label ->  [0.1781, 0.2207, 0.1438, 0.2655, 0.1919] **
max =  0.2655 | max_idx =  3
**pseudo_label ->  [0.19, 0.2216, 0.1663, 0.2218, 0.2003] **
max =  0.2218 | max_idx =  3
**pseudo_label ->  [0.1781, 0.2481, 0.1699, 0.2268, 0.1771] **
max =  0.2481 | max_idx =  1
**pseudo_label ->  [0.1799, 0.2341, 0.158, 0.2115, 0.2166] **
max =  0.2341 | max_idx =  1
**pseudo_label ->  [0.2061, 0.2106, 0.1835, 0.2275, 0.1722] **
max =  0.2275 | max_idx =  3
Epoch 36/37, Train Loss: 1.6392, Valid Loss: 1.6313, Train Acc: 0.2000, Val Acc: 0.1429, Test Acc: 0.2316, Test F1(macro): 0.0752, Total Pseudo-Labels: 0, Correct Pseudo-Labels: 0, Train Data Number: 25



line 303 => train data수 25
line 258 => 인스턴스 수 5
Step 180  Tim 0:19:13
acc_train_cw(현재 train의 class별 acc) [1.0, 0.0, 0.0, 0.0, 0.0]
cw_psl_total_eval(pseudo label 클래스별 총 샘플 수):  [0, 0, 0, 0, 0]
cw_psl_correct_eval(pseudo label 클래스별 맞은 샘플 수):  [0, 0, 0, 0, 0]
psl_acc(PSL 평가에서의 정확도): None 
cw_psl_acc(클래스별 PSL 평가에서의 정확도):  [nan, nan, nan, nan, nan]
**pseudo_label ->  [0.2272, 0.1878, 0.2373, 0.2102, 0.1375] **
max =  0.2373 | max_idx =  2
**pseudo_label ->  [0.2253, 0.2259, 0.2371, 0.1733, 0.1384] **
max =  0.2371 | max_idx =  2
**pseudo_label ->  [0.2057, 0.195, 0.2471, 0.2299, 0.1224] **
max =  0.2471 | max_idx =  2
**pseudo_label ->  [0.2469, 0.1899, 0.1972, 0.1913, 0.1748] **
max =  0.2469 | max_idx =  0
**pseudo_label ->  [0.2486, 0.1904, 0.2212, 0.179, 0.1608] **
max =  0.2486 | max_idx =  0
Epoch 37/37, Train Loss: 1.6741, Valid Loss: 1.5869, Train Acc: 0.2000, Val Acc: 0.1020, Test Acc: 0.1263, Test F1(macro): 0.0449, Total Pseudo-Labels: 0, Correct Pseudo-Labels: 0, Train Data Number: 25

Training complete!
Total training took 0:19:40 (h:mm:ss)
Load model from ./experiment/corcod_extended_data/output/5_unixcoder-base_0.0004_0.7_corcod_extended_data_37_[42]_net0.pth
Save training statistics in:  ./experiment/corcod_extended_data/log/unixcoder/class5//5_unixcoder-base_0.0004_0.7_corcod_extended_data_37_[42]/training_statistics.csv

best_trian_loss, epoch => 1.624144148826599 10
Epoch-1_train_loss => 1.9066462755203246
max_epoch_train_loss => 1.6741357326507569 


best_val_loss, epoch =>  1.505071567029369 19
Epoch-1_val_loss => 2.251648714955972
max_epoch_val_loss => 1.5869367256456492 

pse_epoch =>  []
추가되는 pse_epoch =>  [] 

total_data:  25 

Best_step:  40 
Best_val_epoch:  9 
best_val_acc:  0.4489795918367347 
best_val_test_acc:  0.35789473684210527 
best_val_test_f1:  0.1054263565891473
Save best record in:  ./experiment/corcod_extended_data/log/unixcoder/class5/summary.csv
Save best record in:  ./experiment/corcod_extended_data/log/summary_avgrun.csv
