There are 2 GPU(s) available.
We will use the GPU- 0 Quadro RTX 8000


Model name =>  codellama/CodeLlama-7b-Instruct-hf 



Data_label =>  Counter({'cubic': 145, 'logn': 136, 'nlogn': 79, 'linear': 60, 'constant': 38, 'quadratic': 21, 'np': 9})
Code-data_idx = 0 
Model output =>  ['']
We use sentence(result[0]) =>  
***Label = cubic | Predict = None*** 
correct ==> False
Lable symobol => O\(n\^3\) | Output_list => [None]


Code-data_idx = 1 
Model output =>  ['']
We use sentence(result[0]) =>  
***Label = cubic | Predict = None*** 
correct ==> False
Lable symobol => O\(n\^3\) | Output_list => [None]


Code-data_idx = 2 
Model output =>  ['']
We use sentence(result[0]) =>  
***Label = cubic | Predict = None*** 
correct ==> False
Lable symobol => O\(n\^3\) | Output_list => [None]


Code-data_idx = 3 
Model output =>  ['']
We use sentence(result[0]) =>  
***Label = cubic | Predict = None*** 
correct ==> False
Lable symobol => O\(n\^3\) | Output_list => [None]


Code-data_idx = 4 
Model output =>  ['']
We use sentence(result[0]) =>  
***Label = cubic | Predict = None*** 
correct ==> False
Lable symobol => O\(n\^3\) | Output_list => [None]


Code-data_idx = 5 
Model output =>  ['']
We use sentence(result[0]) =>  
***Label = cubic | Predict = None*** 
correct ==> False
Lable symobol => O\(n\^3\) | Output_list => [None]


Code-data_idx = 6 
Model output =>  ['']
We use sentence(result[0]) =>  
***Label = cubic | Predict = None*** 
correct ==> False
Lable symobol => O\(n\^3\) | Output_list => [None]


Code-data_idx = 7 
Model output =>  ['']
We use sentence(result[0]) =>  
***Label = cubic | Predict = None*** 
correct ==> False
Lable symobol => O\(n\^3\) | Output_list => [None]


Code-data_idx = 8 
Model output =>  ['']
We use sentence(result[0]) =>  
***Label = cubic | Predict = None*** 
correct ==> False
Lable symobol => O\(n\^3\) | Output_list => [None]


Code-data_idx = 9 
Model output =>  ['']
We use sentence(result[0]) =>  
***Label = cubic | Predict = None*** 
correct ==> False
Lable symobol => O\(n\^3\) | Output_list => [None]


Code-data_idx = 10 
Model output =>  ['']
We use sentence(result[0]) =>  
***Label = cubic | Predict = None*** 
correct ==> False
Lable symobol => O\(n\^3\) | Output_list => [None]


Code-data_idx = 11 
Model output =>  ['']
We use sentence(result[0]) =>  
***Label = constant | Predict = None*** 
correct ==> False
Lable symobol => O\(1\) | Output_list => [None]


Code-data_idx = 12 
Model output =>  ['']
We use sentence(result[0]) =>  
***Label = constant | Predict = None*** 
correct ==> False
Lable symobol => O\(1\) | Output_list => [None]


Code-data_idx = 13 
Model output =>  ['']
We use sentence(result[0]) =>  
***Label = constant | Predict = None*** 
correct ==> False
Lable symobol => O\(1\) | Output_list => [None]


Code-data_idx = 14 
Model output =>  ['']
We use sentence(result[0]) =>  
***Label = constant | Predict = None*** 
correct ==> False
Lable symobol => O\(1\) | Output_list => [None]


Code-data_idx = 15 
Model output =>  ['']
We use sentence(result[0]) =>  
***Label = constant | Predict = None*** 
correct ==> False
Lable symobol => O\(1\) | Output_list => [None]


Code-data_idx = 16 
Model output =>  ['']
We use sentence(result[0]) =>  
***Label = constant | Predict = None*** 
correct ==> False
Lable symobol => O\(1\) | Output_list => [None]


Code-data_idx = 17 
Model output =>  ['']
We use sentence(result[0]) =>  
***Label = constant | Predict = None*** 
correct ==> False
Lable symobol => O\(1\) | Output_list => [None]


Code-data_idx = 18 
Model output =>  ['']
We use sentence(result[0]) =>  
***Label = constant | Predict = None*** 
correct ==> False
Lable symobol => O\(1\) | Output_list => [None]


Code-data_idx = 19 
Model output =>  ['']
We use sentence(result[0]) =>  
***Label = constant | Predict = None*** 
correct ==> False
Lable symobol => O\(1\) | Output_list => [None]


Code-data_idx = 20 
Model output =>  ['']
We use sentence(result[0]) =>  
***Label = constant | Predict = None*** 
correct ==> False
Lable symobol => O\(1\) | Output_list => [None]


Code-data_idx = 21 
Model output =>  ['']
We use sentence(result[0]) =>  
***Label = constant | Predict = None*** 
correct ==> False
Lable symobol => O\(1\) | Output_list => [None]


Code-data_idx = 22 
Model output =>  ['']
We use sentence(result[0]) =>  
***Label = constant | Predict = None*** 
correct ==> False
Lable symobol => O\(1\) | Output_list => [None]


Code-data_idx = 23 
Model output =>  ['']
We use sentence(result[0]) =>  
***Label = constant | Predict = None*** 
correct ==> False
Lable symobol => O\(1\) | Output_list => [None]


Code-data_idx = 24 
Model output =>  ['']
We use sentence(result[0]) =>  
***Label = constant | Predict = None*** 
correct ==> False
Lable symobol => O\(1\) | Output_list => [None]


Code-data_idx = 25 
Model output =>  ['']
We use sentence(result[0]) =>  
***Label = constant | Predict = None*** 
correct ==> False
Lable symobol => O\(1\) | Output_list => [None]


Code-data_idx = 26 
Model output =>  ['']
We use sentence(result[0]) =>  
***Label = constant | Predict = None*** 
correct ==> False
Lable symobol => O\(1\) | Output_list => [None]


Code-data_idx = 27 
Model output =>  ['']
We use sentence(result[0]) =>  
***Label = constant | Predict = None*** 
correct ==> False
Lable symobol => O\(1\) | Output_list => [None]


Code-data_idx = 28 
Model output =>  ['']
We use sentence(result[0]) =>  
***Label = constant | Predict = None*** 
correct ==> False
Lable symobol => O\(1\) | Output_list => [None]


Code-data_idx = 29 
Model output =>  ['']
We use sentence(result[0]) =>  
***Label = constant | Predict = None*** 
correct ==> False
Lable symobol => O\(1\) | Output_list => [None]


Code-data_idx = 30 
Model output =>  ['']
We use sentence(result[0]) =>  
***Label = nlogn | Predict = None*** 
correct ==> False
Lable symobol => O\(n log n\) | Output_list => [None]


Code-data_idx = 31 
Model output =>  ['']
We use sentence(result[0]) =>  
***Label = nlogn | Predict = None*** 
correct ==> False
Lable symobol => O\(n log n\) | Output_list => [None]


Code-data_idx = 32 
Model output =>  ['']
We use sentence(result[0]) =>  
***Label = nlogn | Predict = None*** 
correct ==> False
Lable symobol => O\(n log n\) | Output_list => [None]


Code-data_idx = 33 
Model output =>  ['']
We use sentence(result[0]) =>  
***Label = nlogn | Predict = None*** 
correct ==> False
Lable symobol => O\(n log n\) | Output_list => [None]


Code-data_idx = 34 
Model output =>  ['']
We use sentence(result[0]) =>  
***Label = nlogn | Predict = None*** 
correct ==> False
Lable symobol => O\(n log n\) | Output_list => [None]


Code-data_idx = 35 
Model output =>  ['']
We use sentence(result[0]) =>  
***Label = nlogn | Predict = None*** 
correct ==> False
Lable symobol => O\(n log n\) | Output_list => [None]


Code-data_idx = 36 
Model output =>  ['']
We use sentence(result[0]) =>  
***Label = nlogn | Predict = None*** 
correct ==> False
Lable symobol => O\(n log n\) | Output_list => [None]


Code-data_idx = 37 
Model output =>  ['']
We use sentence(result[0]) =>  
***Label = nlogn | Predict = None*** 
correct ==> False
Lable symobol => O\(n log n\) | Output_list => [None]


Code-data_idx = 38 
Model output =>  ['']
We use sentence(result[0]) =>  
***Label = nlogn | Predict = None*** 
correct ==> False
Lable symobol => O\(n log n\) | Output_list => [None]


Code-data_idx = 39 
Model output =>  ['']
We use sentence(result[0]) =>  
***Label = nlogn | Predict = None*** 
correct ==> False
Lable symobol => O\(n log n\) | Output_list => [None]


Code-data_idx = 40 
Model output =>  ['']
We use sentence(result[0]) =>  
***Label = nlogn | Predict = None*** 
correct ==> False
Lable symobol => O\(n log n\) | Output_list => [None]


Code-data_idx = 41 
Model output =>  ['']
We use sentence(result[0]) =>  
***Label = nlogn | Predict = None*** 
correct ==> False
Lable symobol => O\(n log n\) | Output_list => [None]


Code-data_idx = 42 
Model output =>  ['']
We use sentence(result[0]) =>  
***Label = nlogn | Predict = None*** 
correct ==> False
Lable symobol => O\(n log n\) | Output_list => [None]


Code-data_idx = 43 
Model output =>  ['']
We use sentence(result[0]) =>  
***Label = nlogn | Predict = None*** 
correct ==> False
Lable symobol => O\(n log n\) | Output_list => [None]


Code-data_idx = 44 
Model output =>  ['']
We use sentence(result[0]) =>  
***Label = nlogn | Predict = None*** 
correct ==> False
Lable symobol => O\(n log n\) | Output_list => [None]


Code-data_idx = 45 
Model output =>  ['']
We use sentence(result[0]) =>  
***Label = nlogn | Predict = None*** 
correct ==> False
Lable symobol => O\(n log n\) | Output_list => [None]


Code-data_idx = 46 
Model output =>  ['']
We use sentence(result[0]) =>  
***Label = nlogn | Predict = None*** 
correct ==> False
Lable symobol => O\(n log n\) | Output_list => [None]


Code-data_idx = 47 
Model output =>  ['']
We use sentence(result[0]) =>  
***Label = nlogn | Predict = None*** 
correct ==> False
Lable symobol => O\(n log n\) | Output_list => [None]


Code-data_idx = 48 
Model output =>  ['']
We use sentence(result[0]) =>  
***Label = cubic | Predict = None*** 
correct ==> False
Lable symobol => O\(n\^3\) | Output_list => [None]


Code-data_idx = 49 
Model output =>  ['']
We use sentence(result[0]) =>  
***Label = np | Predict = None*** 
correct ==> False
Lable symobol => O\(2\^n\) | Output_list => [None]


Code-data_idx = 50 
Model output =>  ['']
We use sentence(result[0]) =>  
***Label = np | Predict = None*** 
correct ==> False
Lable symobol => O\(2\^n\) | Output_list => [None]


Code-data_idx = 51 
Model output =>  ['']
We use sentence(result[0]) =>  
***Label = np | Predict = None*** 
correct ==> False
Lable symobol => O\(2\^n\) | Output_list => [None]


Code-data_idx = 52 
Model output =>  ['']
We use sentence(result[0]) =>  
***Label = np | Predict = None*** 
correct ==> False
Lable symobol => O\(2\^n\) | Output_list => [None]


Code-data_idx = 53 
Model output =>  ['']
We use sentence(result[0]) =>  
***Label = nlogn | Predict = None*** 
correct ==> False
Lable symobol => O\(n log n\) | Output_list => [None]


Code-data_idx = 54 
Model output =>  ['']
We use sentence(result[0]) =>  
***Label = nlogn | Predict = None*** 
correct ==> False
Lable symobol => O\(n log n\) | Output_list => [None]


Code-data_idx = 55 
Model output =>  ['']
We use sentence(result[0]) =>  
***Label = nlogn | Predict = None*** 
correct ==> False
Lable symobol => O\(n log n\) | Output_list => [None]


Code-data_idx = 56 
Model output =>  ['']
We use sentence(result[0]) =>  
***Label = nlogn | Predict = None*** 
correct ==> False
Lable symobol => O\(n log n\) | Output_list => [None]


Code-data_idx = 57 
Model output =>  ['']
We use sentence(result[0]) =>  
***Label = nlogn | Predict = None*** 
correct ==> False
Lable symobol => O\(n log n\) | Output_list => [None]


Code-data_idx = 58 
Model output =>  ['']
We use sentence(result[0]) =>  
***Label = nlogn | Predict = None*** 
correct ==> False
Lable symobol => O\(n log n\) | Output_list => [None]


Code-data_idx = 59 
Model output =>  ['']
We use sentence(result[0]) =>  
***Label = nlogn | Predict = None*** 
correct ==> False
Lable symobol => O\(n log n\) | Output_list => [None]


Code-data_idx = 60 
Model output =>  ['']
We use sentence(result[0]) =>  
***Label = nlogn | Predict = None*** 
correct ==> False
Lable symobol => O\(n log n\) | Output_list => [None]


Code-data_idx = 61 
Model output =>  ['']
We use sentence(result[0]) =>  
***Label = nlogn | Predict = None*** 
correct ==> False
Lable symobol => O\(n log n\) | Output_list => [None]


Code-data_idx = 62 
Model output =>  ['']
We use sentence(result[0]) =>  
***Label = nlogn | Predict = None*** 
correct ==> False
Lable symobol => O\(n log n\) | Output_list => [None]


Code-data_idx = 63 
Model output =>  ['']
We use sentence(result[0]) =>  
***Label = nlogn | Predict = None*** 
correct ==> False
Lable symobol => O\(n log n\) | Output_list => [None]


Code-data_idx = 64 
Model output =>  ['']
We use sentence(result[0]) =>  
***Label = nlogn | Predict = None*** 
correct ==> False
Lable symobol => O\(n log n\) | Output_list => [None]


Code-data_idx = 65 
Model output =>  ['']
We use sentence(result[0]) =>  
***Label = nlogn | Predict = None*** 
correct ==> False
Lable symobol => O\(n log n\) | Output_list => [None]


Code-data_idx = 66 
Model output =>  ['']
We use sentence(result[0]) =>  
***Label = nlogn | Predict = None*** 
correct ==> False
Lable symobol => O\(n log n\) | Output_list => [None]


Code-data_idx = 67 
Model output =>  ['']
We use sentence(result[0]) =>  
***Label = nlogn | Predict = None*** 
correct ==> False
Lable symobol => O\(n log n\) | Output_list => [None]


Code-data_idx = 68 
Model output =>  ['']
We use sentence(result[0]) =>  
***Label = nlogn | Predict = None*** 
correct ==> False
Lable symobol => O\(n log n\) | Output_list => [None]


Code-data_idx = 69 
Model output =>  ['']
We use sentence(result[0]) =>  
***Label = nlogn | Predict = None*** 
correct ==> False
Lable symobol => O\(n log n\) | Output_list => [None]


Code-data_idx = 70 
Model output =>  ['']
We use sentence(result[0]) =>  
***Label = nlogn | Predict = None*** 
correct ==> False
Lable symobol => O\(n log n\) | Output_list => [None]


Code-data_idx = 71 
Model output =>  ['']
We use sentence(result[0]) =>  
***Label = linear | Predict = None*** 
correct ==> False
Lable symobol => O\(n\) | Output_list => [None]


Code-data_idx = 72 
Model output =>  ['']
We use sentence(result[0]) =>  
***Label = constant | Predict = None*** 
correct ==> False
Lable symobol => O\(1\) | Output_list => [None]


Code-data_idx = 73 
Model output =>  ['']
We use sentence(result[0]) =>  
***Label = constant | Predict = None*** 
correct ==> False
Lable symobol => O\(1\) | Output_list => [None]


Code-data_idx = 74 
Model output =>  ['']
We use sentence(result[0]) =>  
***Label = constant | Predict = None*** 
correct ==> False
Lable symobol => O\(1\) | Output_list => [None]


Code-data_idx = 75 
Model output =>  ['']
We use sentence(result[0]) =>  
***Label = constant | Predict = None*** 
correct ==> False
Lable symobol => O\(1\) | Output_list => [None]


Code-data_idx = 76 
Model output =>  ['']
We use sentence(result[0]) =>  
***Label = constant | Predict = None*** 
correct ==> False
Lable symobol => O\(1\) | Output_list => [None]


Code-data_idx = 77 
Model output =>  ['']
We use sentence(result[0]) =>  
***Label = constant | Predict = None*** 
correct ==> False
Lable symobol => O\(1\) | Output_list => [None]


Code-data_idx = 78 
Model output =>  ['']
We use sentence(result[0]) =>  
***Label = constant | Predict = None*** 
correct ==> False
Lable symobol => O\(1\) | Output_list => [None]


Code-data_idx = 79 
Model output =>  ['']
We use sentence(result[0]) =>  
***Label = constant | Predict = None*** 
correct ==> False
Lable symobol => O\(1\) | Output_list => [None]


Code-data_idx = 80 
Model output =>  ['']
We use sentence(result[0]) =>  
***Label = constant | Predict = None*** 
correct ==> False
Lable symobol => O\(1\) | Output_list => [None]


Code-data_idx = 81 
Model output =>  ['']
We use sentence(result[0]) =>  
***Label = constant | Predict = None*** 
correct ==> False
Lable symobol => O\(1\) | Output_list => [None]


Code-data_idx = 82 
Model output =>  ['']
We use sentence(result[0]) =>  
***Label = constant | Predict = None*** 
correct ==> False
Lable symobol => O\(1\) | Output_list => [None]


Code-data_idx = 83 
Model output =>  ['']
We use sentence(result[0]) =>  
***Label = constant | Predict = None*** 
correct ==> False
Lable symobol => O\(1\) | Output_list => [None]


Code-data_idx = 84 
Model output =>  ['']
We use sentence(result[0]) =>  
***Label = constant | Predict = None*** 
correct ==> False
Lable symobol => O\(1\) | Output_list => [None]


Code-data_idx = 85 
Model output =>  ['']
We use sentence(result[0]) =>  
***Label = constant | Predict = None*** 
correct ==> False
Lable symobol => O\(1\) | Output_list => [None]


Code-data_idx = 86 
Model output =>  ['']
We use sentence(result[0]) =>  
***Label = constant | Predict = None*** 
correct ==> False
Lable symobol => O\(1\) | Output_list => [None]


Code-data_idx = 87 
Model output =>  ['']
We use sentence(result[0]) =>  
***Label = constant | Predict = None*** 
correct ==> False
Lable symobol => O\(1\) | Output_list => [None]


Code-data_idx = 88 
Model output =>  ['']
We use sentence(result[0]) =>  
***Label = constant | Predict = None*** 
correct ==> False
Lable symobol => O\(1\) | Output_list => [None]


Code-data_idx = 89 
Model output =>  ['']
We use sentence(result[0]) =>  
***Label = constant | Predict = None*** 
correct ==> False
Lable symobol => O\(1\) | Output_list => [None]


Code-data_idx = 90 
Model output =>  ['']
We use sentence(result[0]) =>  
***Label = constant | Predict = None*** 
correct ==> False
Lable symobol => O\(1\) | Output_list => [None]


Code-data_idx = 91 
Model output =>  ['']
We use sentence(result[0]) =>  
***Label = quadratic | Predict = None*** 
correct ==> False
Lable symobol => O\(n\^2\) | Output_list => [None]


Code-data_idx = 92 
Model output =>  ['']
We use sentence(result[0]) =>  
***Label = quadratic | Predict = None*** 
correct ==> False
Lable symobol => O\(n\^2\) | Output_list => [None]


Code-data_idx = 93 
Model output =>  ['']
We use sentence(result[0]) =>  
***Label = quadratic | Predict = None*** 
correct ==> False
Lable symobol => O\(n\^2\) | Output_list => [None]


Code-data_idx = 94 
Model output =>  ['']
We use sentence(result[0]) =>  
***Label = quadratic | Predict = None*** 
correct ==> False
Lable symobol => O\(n\^2\) | Output_list => [None]


Code-data_idx = 95 
Model output =>  ['']
We use sentence(result[0]) =>  
***Label = quadratic | Predict = None*** 
correct ==> False
Lable symobol => O\(n\^2\) | Output_list => [None]


Code-data_idx = 96 
Model output =>  ['']
We use sentence(result[0]) =>  
***Label = quadratic | Predict = None*** 
correct ==> False
Lable symobol => O\(n\^2\) | Output_list => [None]


Code-data_idx = 97 
Model output =>  ['']
We use sentence(result[0]) =>  
***Label = quadratic | Predict = None*** 
correct ==> False
Lable symobol => O\(n\^2\) | Output_list => [None]


Code-data_idx = 98 
Model output =>  ['']
We use sentence(result[0]) =>  
***Label = quadratic | Predict = None*** 
correct ==> False
Lable symobol => O\(n\^2\) | Output_list => [None]


Code-data_idx = 99 
Model output =>  ['']
We use sentence(result[0]) =>  
***Label = quadratic | Predict = None*** 
correct ==> False
Lable symobol => O\(n\^2\) | Output_list => [None]


Code-data_idx = 100 
Model output =>  ['']
We use sentence(result[0]) =>  
***Label = quadratic | Predict = None*** 
correct ==> False
Lable symobol => O\(n\^2\) | Output_list => [None]


Code-data_idx = 101 
Model output =>  ['']
We use sentence(result[0]) =>  
***Label = quadratic | Predict = None*** 
correct ==> False
Lable symobol => O\(n\^2\) | Output_list => [None]


Code-data_idx = 102 
Model output =>  ['']
We use sentence(result[0]) =>  
***Label = quadratic | Predict = None*** 
correct ==> False
Lable symobol => O\(n\^2\) | Output_list => [None]


Code-data_idx = 103 
Model output =>  ['']
We use sentence(result[0]) =>  
***Label = quadratic | Predict = None*** 
correct ==> False
Lable symobol => O\(n\^2\) | Output_list => [None]


Code-data_idx = 104 
Model output =>  ['']
We use sentence(result[0]) =>  
***Label = quadratic | Predict = None*** 
correct ==> False
Lable symobol => O\(n\^2\) | Output_list => [None]


Code-data_idx = 105 
Model output =>  ['']
We use sentence(result[0]) =>  
***Label = quadratic | Predict = None*** 
correct ==> False
Lable symobol => O\(n\^2\) | Output_list => [None]


Code-data_idx = 106 
Model output =>  ['']
We use sentence(result[0]) =>  
***Label = quadratic | Predict = None*** 
correct ==> False
Lable symobol => O\(n\^2\) | Output_list => [None]


Code-data_idx = 107 
Model output =>  ['']
We use sentence(result[0]) =>  
***Label = quadratic | Predict = None*** 
correct ==> False
Lable symobol => O\(n\^2\) | Output_list => [None]


Code-data_idx = 108 
Model output =>  ['']
We use sentence(result[0]) =>  
***Label = quadratic | Predict = None*** 
correct ==> False
Lable symobol => O\(n\^2\) | Output_list => [None]


Code-data_idx = 109 
Model output =>  ['']
We use sentence(result[0]) =>  
***Label = logn | Predict = None*** 
correct ==> False
Lable symobol => O\(log n\) | Output_list => [None]


Code-data_idx = 110 
Model output =>  ['']
We use sentence(result[0]) =>  
***Label = logn | Predict = None*** 
correct ==> False
Lable symobol => O\(log n\) | Output_list => [None]


Code-data_idx = 111 
Model output =>  ['']
We use sentence(result[0]) =>  
***Label = logn | Predict = None*** 
correct ==> False
Lable symobol => O\(log n\) | Output_list => [None]


Code-data_idx = 112 
Model output =>  ['']
We use sentence(result[0]) =>  
***Label = logn | Predict = None*** 
correct ==> False
Lable symobol => O\(log n\) | Output_list => [None]


Code-data_idx = 113 
Model output =>  ['']
We use sentence(result[0]) =>  
***Label = logn | Predict = None*** 
correct ==> False
Lable symobol => O\(log n\) | Output_list => [None]


Code-data_idx = 114 
Model output =>  ['']
We use sentence(result[0]) =>  
***Label = logn | Predict = None*** 
correct ==> False
Lable symobol => O\(log n\) | Output_list => [None]


Code-data_idx = 115 
Model output =>  ['']
We use sentence(result[0]) =>  
***Label = logn | Predict = None*** 
correct ==> False
Lable symobol => O\(log n\) | Output_list => [None]


Code-data_idx = 116 
Model output =>  ['']
We use sentence(result[0]) =>  
***Label = logn | Predict = None*** 
correct ==> False
Lable symobol => O\(log n\) | Output_list => [None]


Code-data_idx = 117 
Model output =>  ['']
We use sentence(result[0]) =>  
***Label = logn | Predict = None*** 
correct ==> False
Lable symobol => O\(log n\) | Output_list => [None]


Code-data_idx = 118 
Model output =>  ['']
We use sentence(result[0]) =>  
***Label = logn | Predict = None*** 
correct ==> False
Lable symobol => O\(log n\) | Output_list => [None]


Code-data_idx = 119 
Model output =>  ['']
We use sentence(result[0]) =>  
***Label = logn | Predict = None*** 
correct ==> False
Lable symobol => O\(log n\) | Output_list => [None]


Code-data_idx = 120 
Model output =>  ['']
We use sentence(result[0]) =>  
***Label = logn | Predict = None*** 
correct ==> False
Lable symobol => O\(log n\) | Output_list => [None]


Code-data_idx = 121 
Model output =>  ['']
We use sentence(result[0]) =>  
***Label = logn | Predict = None*** 
correct ==> False
Lable symobol => O\(log n\) | Output_list => [None]


Code-data_idx = 122 
Model output =>  ['']
We use sentence(result[0]) =>  
***Label = logn | Predict = None*** 
correct ==> False
Lable symobol => O\(log n\) | Output_list => [None]


Code-data_idx = 123 
Model output =>  ['']
We use sentence(result[0]) =>  
***Label = logn | Predict = None*** 
correct ==> False
Lable symobol => O\(log n\) | Output_list => [None]


Code-data_idx = 124 
Model output =>  ['']
We use sentence(result[0]) =>  
***Label = logn | Predict = None*** 
correct ==> False
Lable symobol => O\(log n\) | Output_list => [None]


Code-data_idx = 125 
Model output =>  ['']
We use sentence(result[0]) =>  
***Label = logn | Predict = None*** 
correct ==> False
Lable symobol => O\(log n\) | Output_list => [None]


Code-data_idx = 126 
Model output =>  ['']
We use sentence(result[0]) =>  
***Label = logn | Predict = None*** 
correct ==> False
Lable symobol => O\(log n\) | Output_list => [None]


Code-data_idx = 127 
Model output =>  ['']
We use sentence(result[0]) =>  
***Label = logn | Predict = None*** 
correct ==> False
Lable symobol => O\(log n\) | Output_list => [None]


Code-data_idx = 128 
Model output =>  ['']
We use sentence(result[0]) =>  
***Label = logn | Predict = None*** 
correct ==> False
Lable symobol => O\(log n\) | Output_list => [None]


Code-data_idx = 129 
Model output =>  ['']
We use sentence(result[0]) =>  
***Label = logn | Predict = None*** 
correct ==> False
Lable symobol => O\(log n\) | Output_list => [None]


Code-data_idx = 130 
Model output =>  ['']
We use sentence(result[0]) =>  
***Label = logn | Predict = None*** 
correct ==> False
Lable symobol => O\(log n\) | Output_list => [None]


Code-data_idx = 131 
Model output =>  ['']
We use sentence(result[0]) =>  
***Label = logn | Predict = None*** 
correct ==> False
Lable symobol => O\(log n\) | Output_list => [None]


Code-data_idx = 132 
Model output =>  ['']
We use sentence(result[0]) =>  
***Label = logn | Predict = None*** 
correct ==> False
Lable symobol => O\(log n\) | Output_list => [None]


Code-data_idx = 133 
Model output =>  ['']
We use sentence(result[0]) =>  
***Label = logn | Predict = None*** 
correct ==> False
Lable symobol => O\(log n\) | Output_list => [None]


Code-data_idx = 134 
Model output =>  ['']
We use sentence(result[0]) =>  
***Label = logn | Predict = None*** 
correct ==> False
Lable symobol => O\(log n\) | Output_list => [None]


Code-data_idx = 135 
Model output =>  ['']
We use sentence(result[0]) =>  
***Label = logn | Predict = None*** 
correct ==> False
Lable symobol => O\(log n\) | Output_list => [None]


Code-data_idx = 136 
Model output =>  ['']
We use sentence(result[0]) =>  
***Label = logn | Predict = None*** 
correct ==> False
Lable symobol => O\(log n\) | Output_list => [None]


Code-data_idx = 137 
Model output =>  ['']
We use sentence(result[0]) =>  
***Label = logn | Predict = None*** 
correct ==> False
Lable symobol => O\(log n\) | Output_list => [None]


Code-data_idx = 138 
Model output =>  ['']
We use sentence(result[0]) =>  
***Label = logn | Predict = None*** 
correct ==> False
Lable symobol => O\(log n\) | Output_list => [None]


Code-data_idx = 139 
Model output =>  ['']
We use sentence(result[0]) =>  
***Label = logn | Predict = None*** 
correct ==> False
Lable symobol => O\(log n\) | Output_list => [None]


Code-data_idx = 140 
Model output =>  ['']
We use sentence(result[0]) =>  
***Label = logn | Predict = None*** 
correct ==> False
Lable symobol => O\(log n\) | Output_list => [None]


Code-data_idx = 141 
Model output =>  ['']
We use sentence(result[0]) =>  
***Label = logn | Predict = None*** 
correct ==> False
Lable symobol => O\(log n\) | Output_list => [None]


Code-data_idx = 142 
Model output =>  ['']
We use sentence(result[0]) =>  
***Label = logn | Predict = None*** 
correct ==> False
Lable symobol => O\(log n\) | Output_list => [None]


Code-data_idx = 143 
Model output =>  ['']
We use sentence(result[0]) =>  
***Label = logn | Predict = None*** 
correct ==> False
Lable symobol => O\(log n\) | Output_list => [None]


Code-data_idx = 144 
Model output =>  ['']
We use sentence(result[0]) =>  
***Label = logn | Predict = None*** 
correct ==> False
Lable symobol => O\(log n\) | Output_list => [None]


Code-data_idx = 145 
Model output =>  ['']
We use sentence(result[0]) =>  
***Label = logn | Predict = None*** 
correct ==> False
Lable symobol => O\(log n\) | Output_list => [None]


Code-data_idx = 146 
Model output =>  ['']
We use sentence(result[0]) =>  
***Label = logn | Predict = None*** 
correct ==> False
Lable symobol => O\(log n\) | Output_list => [None]


Code-data_idx = 147 
Model output =>  ['']
We use sentence(result[0]) =>  
***Label = logn | Predict = None*** 
correct ==> False
Lable symobol => O\(log n\) | Output_list => [None]


Code-data_idx = 148 
Model output =>  ['']
We use sentence(result[0]) =>  
***Label = logn | Predict = None*** 
correct ==> False
Lable symobol => O\(log n\) | Output_list => [None]


Code-data_idx = 149 
Model output =>  ['']
We use sentence(result[0]) =>  
***Label = logn | Predict = None*** 
correct ==> False
Lable symobol => O\(log n\) | Output_list => [None]


Code-data_idx = 150 
Model output =>  ['']
We use sentence(result[0]) =>  
***Label = logn | Predict = None*** 
correct ==> False
Lable symobol => O\(log n\) | Output_list => [None]


Code-data_idx = 151 
Model output =>  ['']
We use sentence(result[0]) =>  
***Label = logn | Predict = None*** 
correct ==> False
Lable symobol => O\(log n\) | Output_list => [None]


Code-data_idx = 152 
Model output =>  ['']
We use sentence(result[0]) =>  
***Label = logn | Predict = None*** 
correct ==> False
Lable symobol => O\(log n\) | Output_list => [None]


Code-data_idx = 153 
Model output =>  ['']
We use sentence(result[0]) =>  
***Label = logn | Predict = None*** 
correct ==> False
Lable symobol => O\(log n\) | Output_list => [None]


Code-data_idx = 154 
Model output =>  ['']
We use sentence(result[0]) =>  
***Label = logn | Predict = None*** 
correct ==> False
Lable symobol => O\(log n\) | Output_list => [None]


Code-data_idx = 155 
Model output =>  ['']
We use sentence(result[0]) =>  
***Label = logn | Predict = None*** 
correct ==> False
Lable symobol => O\(log n\) | Output_list => [None]


Code-data_idx = 156 
Model output =>  ['']
We use sentence(result[0]) =>  
***Label = logn | Predict = None*** 
correct ==> False
Lable symobol => O\(log n\) | Output_list => [None]


Code-data_idx = 157 
Model output =>  ['']
We use sentence(result[0]) =>  
***Label = logn | Predict = None*** 
correct ==> False
Lable symobol => O\(log n\) | Output_list => [None]


Code-data_idx = 158 
Model output =>  ['']
We use sentence(result[0]) =>  
***Label = logn | Predict = None*** 
correct ==> False
Lable symobol => O\(log n\) | Output_list => [None]


Code-data_idx = 159 
Model output =>  ['']
We use sentence(result[0]) =>  
***Label = logn | Predict = None*** 
correct ==> False
Lable symobol => O\(log n\) | Output_list => [None]


Code-data_idx = 160 
Model output =>  ['']
We use sentence(result[0]) =>  
***Label = logn | Predict = None*** 
correct ==> False
Lable symobol => O\(log n\) | Output_list => [None]


Code-data_idx = 161 
Model output =>  ['']
We use sentence(result[0]) =>  
***Label = logn | Predict = None*** 
correct ==> False
Lable symobol => O\(log n\) | Output_list => [None]


Code-data_idx = 162 
Model output =>  ['']
We use sentence(result[0]) =>  
***Label = logn | Predict = None*** 
correct ==> False
Lable symobol => O\(log n\) | Output_list => [None]


Code-data_idx = 163 
Model output =>  ['']
We use sentence(result[0]) =>  
***Label = logn | Predict = None*** 
correct ==> False
Lable symobol => O\(log n\) | Output_list => [None]


Code-data_idx = 164 
Model output =>  ['']
We use sentence(result[0]) =>  
***Label = logn | Predict = None*** 
correct ==> False
Lable symobol => O\(log n\) | Output_list => [None]


Code-data_idx = 165 
Model output =>  ['']
We use sentence(result[0]) =>  
***Label = logn | Predict = None*** 
correct ==> False
Lable symobol => O\(log n\) | Output_list => [None]


Code-data_idx = 166 
Model output =>  ['']
We use sentence(result[0]) =>  
***Label = logn | Predict = None*** 
correct ==> False
Lable symobol => O\(log n\) | Output_list => [None]


Code-data_idx = 167 
Model output =>  ['']
We use sentence(result[0]) =>  
***Label = logn | Predict = None*** 
correct ==> False
Lable symobol => O\(log n\) | Output_list => [None]


Code-data_idx = 168 
Model output =>  ['']
We use sentence(result[0]) =>  
***Label = logn | Predict = None*** 
correct ==> False
Lable symobol => O\(log n\) | Output_list => [None]


Code-data_idx = 169 
Model output =>  ['']
We use sentence(result[0]) =>  
***Label = logn | Predict = None*** 
correct ==> False
Lable symobol => O\(log n\) | Output_list => [None]


Code-data_idx = 170 
Model output =>  ['']
We use sentence(result[0]) =>  
***Label = logn | Predict = None*** 
correct ==> False
Lable symobol => O\(log n\) | Output_list => [None]


Code-data_idx = 171 
Model output =>  ['']
We use sentence(result[0]) =>  
***Label = logn | Predict = None*** 
correct ==> False
Lable symobol => O\(log n\) | Output_list => [None]


Code-data_idx = 172 
Model output =>  ['']
We use sentence(result[0]) =>  
***Label = logn | Predict = None*** 
correct ==> False
Lable symobol => O\(log n\) | Output_list => [None]


Code-data_idx = 173 
Model output =>  ['']
We use sentence(result[0]) =>  
***Label = logn | Predict = None*** 
correct ==> False
Lable symobol => O\(log n\) | Output_list => [None]


Code-data_idx = 174 
Model output =>  ['']
We use sentence(result[0]) =>  
***Label = logn | Predict = None*** 
correct ==> False
Lable symobol => O\(log n\) | Output_list => [None]


Code-data_idx = 175 
Model output =>  ['']
We use sentence(result[0]) =>  
***Label = logn | Predict = None*** 
correct ==> False
Lable symobol => O\(log n\) | Output_list => [None]


Code-data_idx = 176 
Model output =>  ['']
We use sentence(result[0]) =>  
***Label = logn | Predict = None*** 
correct ==> False
Lable symobol => O\(log n\) | Output_list => [None]


Code-data_idx = 177 
Model output =>  ['']
We use sentence(result[0]) =>  
***Label = logn | Predict = None*** 
correct ==> False
Lable symobol => O\(log n\) | Output_list => [None]


Code-data_idx = 178 
Model output =>  ['']
We use sentence(result[0]) =>  
***Label = logn | Predict = None*** 
correct ==> False
Lable symobol => O\(log n\) | Output_list => [None]


Code-data_idx = 179 
Model output =>  ['']
We use sentence(result[0]) =>  
***Label = logn | Predict = None*** 
correct ==> False
Lable symobol => O\(log n\) | Output_list => [None]


Code-data_idx = 180 
Model output =>  ['']
We use sentence(result[0]) =>  
***Label = logn | Predict = None*** 
correct ==> False
Lable symobol => O\(log n\) | Output_list => [None]


Code-data_idx = 181 
Model output =>  ['']
We use sentence(result[0]) =>  
***Label = logn | Predict = None*** 
correct ==> False
Lable symobol => O\(log n\) | Output_list => [None]


Code-data_idx = 182 
Model output =>  ['']
We use sentence(result[0]) =>  
***Label = logn | Predict = None*** 
correct ==> False
Lable symobol => O\(log n\) | Output_list => [None]


Code-data_idx = 183 
Model output =>  ['']
We use sentence(result[0]) =>  
***Label = logn | Predict = None*** 
correct ==> False
Lable symobol => O\(log n\) | Output_list => [None]


Code-data_idx = 184 
Model output =>  ['']
We use sentence(result[0]) =>  
***Label = logn | Predict = None*** 
correct ==> False
Lable symobol => O\(log n\) | Output_list => [None]


Code-data_idx = 185 
Model output =>  ['']
We use sentence(result[0]) =>  
***Label = logn | Predict = None*** 
correct ==> False
Lable symobol => O\(log n\) | Output_list => [None]


Code-data_idx = 186 
Model output =>  ['']
We use sentence(result[0]) =>  
***Label = logn | Predict = None*** 
correct ==> False
Lable symobol => O\(log n\) | Output_list => [None]


Code-data_idx = 187 
Model output =>  ['']
We use sentence(result[0]) =>  
***Label = logn | Predict = None*** 
correct ==> False
Lable symobol => O\(log n\) | Output_list => [None]


Code-data_idx = 188 
Model output =>  ['']
We use sentence(result[0]) =>  
***Label = logn | Predict = None*** 
correct ==> False
Lable symobol => O\(log n\) | Output_list => [None]


Code-data_idx = 189 
Model output =>  ['']
We use sentence(result[0]) =>  
***Label = logn | Predict = None*** 
correct ==> False
Lable symobol => O\(log n\) | Output_list => [None]


Code-data_idx = 190 
Model output =>  ['']
We use sentence(result[0]) =>  
***Label = logn | Predict = None*** 
correct ==> False
Lable symobol => O\(log n\) | Output_list => [None]


Code-data_idx = 191 
Model output =>  ['']
We use sentence(result[0]) =>  
***Label = logn | Predict = None*** 
correct ==> False
Lable symobol => O\(log n\) | Output_list => [None]


Code-data_idx = 192 
Model output =>  ['']
We use sentence(result[0]) =>  
***Label = logn | Predict = None*** 
correct ==> False
Lable symobol => O\(log n\) | Output_list => [None]


Code-data_idx = 193 
Model output =>  ['']
We use sentence(result[0]) =>  
***Label = logn | Predict = None*** 
correct ==> False
Lable symobol => O\(log n\) | Output_list => [None]


Code-data_idx = 194 
Model output =>  ['']
We use sentence(result[0]) =>  
***Label = logn | Predict = None*** 
correct ==> False
Lable symobol => O\(log n\) | Output_list => [None]


Code-data_idx = 195 
Model output =>  ['']
We use sentence(result[0]) =>  
***Label = logn | Predict = None*** 
correct ==> False
Lable symobol => O\(log n\) | Output_list => [None]


Code-data_idx = 196 
Model output =>  ['']
We use sentence(result[0]) =>  
***Label = logn | Predict = None*** 
correct ==> False
Lable symobol => O\(log n\) | Output_list => [None]


Code-data_idx = 197 
Model output =>  ['']
We use sentence(result[0]) =>  
***Label = logn | Predict = None*** 
correct ==> False
Lable symobol => O\(log n\) | Output_list => [None]


Code-data_idx = 198 
Model output =>  ['']
We use sentence(result[0]) =>  
***Label = logn | Predict = None*** 
correct ==> False
Lable symobol => O\(log n\) | Output_list => [None]


Code-data_idx = 199 
Model output =>  ['']
We use sentence(result[0]) =>  
***Label = logn | Predict = None*** 
correct ==> False
Lable symobol => O\(log n\) | Output_list => [None]


Code-data_idx = 200 
Model output =>  ['']
We use sentence(result[0]) =>  
***Label = logn | Predict = None*** 
correct ==> False
Lable symobol => O\(log n\) | Output_list => [None]


Code-data_idx = 201 
Model output =>  ['']
We use sentence(result[0]) =>  
***Label = logn | Predict = None*** 
correct ==> False
Lable symobol => O\(log n\) | Output_list => [None]


Code-data_idx = 202 
Model output =>  ['']
We use sentence(result[0]) =>  
***Label = logn | Predict = None*** 
correct ==> False
Lable symobol => O\(log n\) | Output_list => [None]


Code-data_idx = 203 
Model output =>  ['']
We use sentence(result[0]) =>  
***Label = logn | Predict = None*** 
correct ==> False
Lable symobol => O\(log n\) | Output_list => [None]


Code-data_idx = 204 
Model output =>  ['']
We use sentence(result[0]) =>  
***Label = logn | Predict = None*** 
correct ==> False
Lable symobol => O\(log n\) | Output_list => [None]


Code-data_idx = 205 
Model output =>  ['']
We use sentence(result[0]) =>  
***Label = logn | Predict = None*** 
correct ==> False
Lable symobol => O\(log n\) | Output_list => [None]


Code-data_idx = 206 
Model output =>  ['']
We use sentence(result[0]) =>  
***Label = logn | Predict = None*** 
correct ==> False
Lable symobol => O\(log n\) | Output_list => [None]


Code-data_idx = 207 
Model output =>  ['']
We use sentence(result[0]) =>  
***Label = logn | Predict = None*** 
correct ==> False
Lable symobol => O\(log n\) | Output_list => [None]


Code-data_idx = 208 
Model output =>  ['']
We use sentence(result[0]) =>  
***Label = logn | Predict = None*** 
correct ==> False
Lable symobol => O\(log n\) | Output_list => [None]


Code-data_idx = 209 
Model output =>  ['']
We use sentence(result[0]) =>  
***Label = logn | Predict = None*** 
correct ==> False
Lable symobol => O\(log n\) | Output_list => [None]


Code-data_idx = 210 
Model output =>  ['']
We use sentence(result[0]) =>  
***Label = logn | Predict = None*** 
correct ==> False
Lable symobol => O\(log n\) | Output_list => [None]


Code-data_idx = 211 
Model output =>  ['']
We use sentence(result[0]) =>  
***Label = logn | Predict = None*** 
correct ==> False
Lable symobol => O\(log n\) | Output_list => [None]


Code-data_idx = 212 
Model output =>  ['']
We use sentence(result[0]) =>  
***Label = logn | Predict = None*** 
correct ==> False
Lable symobol => O\(log n\) | Output_list => [None]


Code-data_idx = 213 
Model output =>  ['']
We use sentence(result[0]) =>  
***Label = logn | Predict = None*** 
correct ==> False
Lable symobol => O\(log n\) | Output_list => [None]


Code-data_idx = 214 
Model output =>  ['']
We use sentence(result[0]) =>  
***Label = logn | Predict = None*** 
correct ==> False
Lable symobol => O\(log n\) | Output_list => [None]


Code-data_idx = 215 
Model output =>  ['']
We use sentence(result[0]) =>  
***Label = logn | Predict = None*** 
correct ==> False
Lable symobol => O\(log n\) | Output_list => [None]


Code-data_idx = 216 
Model output =>  ['']
We use sentence(result[0]) =>  
***Label = logn | Predict = None*** 
correct ==> False
Lable symobol => O\(log n\) | Output_list => [None]


Code-data_idx = 217 
Model output =>  ['']
We use sentence(result[0]) =>  
***Label = logn | Predict = None*** 
correct ==> False
Lable symobol => O\(log n\) | Output_list => [None]


Code-data_idx = 218 
Model output =>  ['']
We use sentence(result[0]) =>  
***Label = logn | Predict = None*** 
correct ==> False
Lable symobol => O\(log n\) | Output_list => [None]


Code-data_idx = 219 
Model output =>  ['']
We use sentence(result[0]) =>  
***Label = logn | Predict = None*** 
correct ==> False
Lable symobol => O\(log n\) | Output_list => [None]


Code-data_idx = 220 
Model output =>  ['']
We use sentence(result[0]) =>  
***Label = logn | Predict = None*** 
correct ==> False
Lable symobol => O\(log n\) | Output_list => [None]


Code-data_idx = 221 
Model output =>  ['']
We use sentence(result[0]) =>  
***Label = logn | Predict = None*** 
correct ==> False
Lable symobol => O\(log n\) | Output_list => [None]


Code-data_idx = 222 
Model output =>  ['']
We use sentence(result[0]) =>  
***Label = logn | Predict = None*** 
correct ==> False
Lable symobol => O\(log n\) | Output_list => [None]


Code-data_idx = 223 
Model output =>  ['']
We use sentence(result[0]) =>  
***Label = logn | Predict = None*** 
correct ==> False
Lable symobol => O\(log n\) | Output_list => [None]


Code-data_idx = 224 
Model output =>  ['']
We use sentence(result[0]) =>  
***Label = logn | Predict = None*** 
correct ==> False
Lable symobol => O\(log n\) | Output_list => [None]


Code-data_idx = 225 
Model output =>  ['']
We use sentence(result[0]) =>  
***Label = logn | Predict = None*** 
correct ==> False
Lable symobol => O\(log n\) | Output_list => [None]


Code-data_idx = 226 
Model output =>  ['']
We use sentence(result[0]) =>  
***Label = logn | Predict = None*** 
correct ==> False
Lable symobol => O\(log n\) | Output_list => [None]


Code-data_idx = 227 
Model output =>  ['']
We use sentence(result[0]) =>  
***Label = logn | Predict = None*** 
correct ==> False
Lable symobol => O\(log n\) | Output_list => [None]


Code-data_idx = 228 
Model output =>  ['']
We use sentence(result[0]) =>  
***Label = logn | Predict = None*** 
correct ==> False
Lable symobol => O\(log n\) | Output_list => [None]


Code-data_idx = 229 
Model output =>  ['']
We use sentence(result[0]) =>  
***Label = logn | Predict = None*** 
correct ==> False
Lable symobol => O\(log n\) | Output_list => [None]


Code-data_idx = 230 
Model output =>  ['']
We use sentence(result[0]) =>  
***Label = logn | Predict = None*** 
correct ==> False
Lable symobol => O\(log n\) | Output_list => [None]


Code-data_idx = 231 
Model output =>  ['']
We use sentence(result[0]) =>  
***Label = logn | Predict = None*** 
correct ==> False
Lable symobol => O\(log n\) | Output_list => [None]


Code-data_idx = 232 
Model output =>  ['']
We use sentence(result[0]) =>  
***Label = logn | Predict = None*** 
correct ==> False
Lable symobol => O\(log n\) | Output_list => [None]


Code-data_idx = 233 
Model output =>  ['']
We use sentence(result[0]) =>  
***Label = logn | Predict = None*** 
correct ==> False
Lable symobol => O\(log n\) | Output_list => [None]


Code-data_idx = 234 
Model output =>  ['']
We use sentence(result[0]) =>  
***Label = logn | Predict = None*** 
correct ==> False
Lable symobol => O\(log n\) | Output_list => [None]


Code-data_idx = 235 
Model output =>  ['']
We use sentence(result[0]) =>  
***Label = logn | Predict = None*** 
correct ==> False
Lable symobol => O\(log n\) | Output_list => [None]


Code-data_idx = 236 
Model output =>  ['']
We use sentence(result[0]) =>  
***Label = logn | Predict = None*** 
correct ==> False
Lable symobol => O\(log n\) | Output_list => [None]


Code-data_idx = 237 
Model output =>  ['']
We use sentence(result[0]) =>  
***Label = logn | Predict = None*** 
correct ==> False
Lable symobol => O\(log n\) | Output_list => [None]


Code-data_idx = 238 
Model output =>  ['']
We use sentence(result[0]) =>  
***Label = logn | Predict = None*** 
correct ==> False
Lable symobol => O\(log n\) | Output_list => [None]


Code-data_idx = 239 
Model output =>  ['']
We use sentence(result[0]) =>  
***Label = logn | Predict = None*** 
correct ==> False
Lable symobol => O\(log n\) | Output_list => [None]


Code-data_idx = 240 
Model output =>  ['']
We use sentence(result[0]) =>  
***Label = logn | Predict = None*** 
correct ==> False
Lable symobol => O\(log n\) | Output_list => [None]


Code-data_idx = 241 
Model output =>  ['']
We use sentence(result[0]) =>  
***Label = logn | Predict = None*** 
correct ==> False
Lable symobol => O\(log n\) | Output_list => [None]


Code-data_idx = 242 
Model output =>  ['']
We use sentence(result[0]) =>  
***Label = logn | Predict = None*** 
correct ==> False
Lable symobol => O\(log n\) | Output_list => [None]


Code-data_idx = 243 
Model output =>  ['']
We use sentence(result[0]) =>  
***Label = logn | Predict = None*** 
correct ==> False
Lable symobol => O\(log n\) | Output_list => [None]


Code-data_idx = 244 
Model output =>  ['']
We use sentence(result[0]) =>  
***Label = logn | Predict = None*** 
correct ==> False
Lable symobol => O\(log n\) | Output_list => [None]


Code-data_idx = 245 
Model output =>  ['']
We use sentence(result[0]) =>  
***Label = nlogn | Predict = None*** 
correct ==> False
Lable symobol => O\(n log n\) | Output_list => [None]


Code-data_idx = 246 
Model output =>  ['']
We use sentence(result[0]) =>  
***Label = nlogn | Predict = None*** 
correct ==> False
Lable symobol => O\(n log n\) | Output_list => [None]


Code-data_idx = 247 
Model output =>  ['']
We use sentence(result[0]) =>  
***Label = nlogn | Predict = None*** 
correct ==> False
Lable symobol => O\(n log n\) | Output_list => [None]


Code-data_idx = 248 
Model output =>  ['']
We use sentence(result[0]) =>  
***Label = nlogn | Predict = None*** 
correct ==> False
Lable symobol => O\(n log n\) | Output_list => [None]


Code-data_idx = 249 
Model output =>  ['']
We use sentence(result[0]) =>  
***Label = nlogn | Predict = None*** 
correct ==> False
Lable symobol => O\(n log n\) | Output_list => [None]


Code-data_idx = 250 
Model output =>  ['']
We use sentence(result[0]) =>  
***Label = nlogn | Predict = None*** 
correct ==> False
Lable symobol => O\(n log n\) | Output_list => [None]


Code-data_idx = 251 
Model output =>  ['']
We use sentence(result[0]) =>  
***Label = nlogn | Predict = None*** 
correct ==> False
Lable symobol => O\(n log n\) | Output_list => [None]


Code-data_idx = 252 
Model output =>  ['']
We use sentence(result[0]) =>  
***Label = nlogn | Predict = None*** 
correct ==> False
Lable symobol => O\(n log n\) | Output_list => [None]


Code-data_idx = 253 
Model output =>  ['']
We use sentence(result[0]) =>  
***Label = nlogn | Predict = None*** 
correct ==> False
Lable symobol => O\(n log n\) | Output_list => [None]


Code-data_idx = 254 
Model output =>  ['']
We use sentence(result[0]) =>  
***Label = nlogn | Predict = None*** 
correct ==> False
Lable symobol => O\(n log n\) | Output_list => [None]


Code-data_idx = 255 
Model output =>  ['']
We use sentence(result[0]) =>  
***Label = nlogn | Predict = None*** 
correct ==> False
Lable symobol => O\(n log n\) | Output_list => [None]


Code-data_idx = 256 
Model output =>  ['']
We use sentence(result[0]) =>  
***Label = nlogn | Predict = None*** 
correct ==> False
Lable symobol => O\(n log n\) | Output_list => [None]


Code-data_idx = 257 
Model output =>  ['']
We use sentence(result[0]) =>  
***Label = nlogn | Predict = None*** 
correct ==> False
Lable symobol => O\(n log n\) | Output_list => [None]


Code-data_idx = 258 
Model output =>  ['']
We use sentence(result[0]) =>  
***Label = nlogn | Predict = None*** 
correct ==> False
Lable symobol => O\(n log n\) | Output_list => [None]


Code-data_idx = 259 
Model output =>  ['']
We use sentence(result[0]) =>  
***Label = nlogn | Predict = None*** 
correct ==> False
Lable symobol => O\(n log n\) | Output_list => [None]


Code-data_idx = 260 
Model output =>  ['']
We use sentence(result[0]) =>  
***Label = nlogn | Predict = None*** 
correct ==> False
Lable symobol => O\(n log n\) | Output_list => [None]


Code-data_idx = 261 
Model output =>  ['']
We use sentence(result[0]) =>  
***Label = nlogn | Predict = None*** 
correct ==> False
Lable symobol => O\(n log n\) | Output_list => [None]


Code-data_idx = 262 
Model output =>  ['']
We use sentence(result[0]) =>  
***Label = nlogn | Predict = None*** 
correct ==> False
Lable symobol => O\(n log n\) | Output_list => [None]


Code-data_idx = 263 
Model output =>  ['']
We use sentence(result[0]) =>  
***Label = nlogn | Predict = None*** 
correct ==> False
Lable symobol => O\(n log n\) | Output_list => [None]


Code-data_idx = 264 
Model output =>  ['']
We use sentence(result[0]) =>  
***Label = nlogn | Predict = None*** 
correct ==> False
Lable symobol => O\(n log n\) | Output_list => [None]


Code-data_idx = 265 
Model output =>  ['']
We use sentence(result[0]) =>  
***Label = nlogn | Predict = None*** 
correct ==> False
Lable symobol => O\(n log n\) | Output_list => [None]


Code-data_idx = 266 
Model output =>  ['']
We use sentence(result[0]) =>  
***Label = nlogn | Predict = None*** 
correct ==> False
Lable symobol => O\(n log n\) | Output_list => [None]


Code-data_idx = 267 
Model output =>  ['']
We use sentence(result[0]) =>  
***Label = nlogn | Predict = None*** 
correct ==> False
Lable symobol => O\(n log n\) | Output_list => [None]


Code-data_idx = 268 
Model output =>  ['']
We use sentence(result[0]) =>  
***Label = nlogn | Predict = None*** 
correct ==> False
Lable symobol => O\(n log n\) | Output_list => [None]


Code-data_idx = 269 
Model output =>  ['']
We use sentence(result[0]) =>  
***Label = nlogn | Predict = None*** 
correct ==> False
Lable symobol => O\(n log n\) | Output_list => [None]


Code-data_idx = 270 
Model output =>  ['']
We use sentence(result[0]) =>  
***Label = nlogn | Predict = None*** 
correct ==> False
Lable symobol => O\(n log n\) | Output_list => [None]


Code-data_idx = 271 
Model output =>  ['']
We use sentence(result[0]) =>  
***Label = nlogn | Predict = None*** 
correct ==> False
Lable symobol => O\(n log n\) | Output_list => [None]


Code-data_idx = 272 
Model output =>  ['']
We use sentence(result[0]) =>  
***Label = nlogn | Predict = None*** 
correct ==> False
Lable symobol => O\(n log n\) | Output_list => [None]


Code-data_idx = 273 
Model output =>  ['']
We use sentence(result[0]) =>  
***Label = nlogn | Predict = None*** 
correct ==> False
Lable symobol => O\(n log n\) | Output_list => [None]


Code-data_idx = 274 
Model output =>  ['']
We use sentence(result[0]) =>  
***Label = nlogn | Predict = None*** 
correct ==> False
Lable symobol => O\(n log n\) | Output_list => [None]


Code-data_idx = 275 
Model output =>  ['']
We use sentence(result[0]) =>  
***Label = nlogn | Predict = None*** 
correct ==> False
Lable symobol => O\(n log n\) | Output_list => [None]


Code-data_idx = 276 
Model output =>  ['']
We use sentence(result[0]) =>  
***Label = nlogn | Predict = None*** 
correct ==> False
Lable symobol => O\(n log n\) | Output_list => [None]


Code-data_idx = 277 
Model output =>  ['']
We use sentence(result[0]) =>  
***Label = nlogn | Predict = None*** 
correct ==> False
Lable symobol => O\(n log n\) | Output_list => [None]


Code-data_idx = 278 
Model output =>  ['']
We use sentence(result[0]) =>  
***Label = nlogn | Predict = None*** 
correct ==> False
Lable symobol => O\(n log n\) | Output_list => [None]


Code-data_idx = 279 
Model output =>  ['']
We use sentence(result[0]) =>  
***Label = nlogn | Predict = None*** 
correct ==> False
Lable symobol => O\(n log n\) | Output_list => [None]


Code-data_idx = 280 
Model output =>  ['']
We use sentence(result[0]) =>  
***Label = nlogn | Predict = None*** 
correct ==> False
Lable symobol => O\(n log n\) | Output_list => [None]


Code-data_idx = 281 
Model output =>  ['']
We use sentence(result[0]) =>  
***Label = linear | Predict = None*** 
correct ==> False
Lable symobol => O\(n\) | Output_list => [None]


Code-data_idx = 282 
Model output =>  ['']
We use sentence(result[0]) =>  
***Label = linear | Predict = None*** 
correct ==> False
Lable symobol => O\(n\) | Output_list => [None]


Code-data_idx = 283 
Model output =>  ['']
We use sentence(result[0]) =>  
***Label = linear | Predict = None*** 
correct ==> False
Lable symobol => O\(n\) | Output_list => [None]


Code-data_idx = 284 
Model output =>  ['']
We use sentence(result[0]) =>  
***Label = linear | Predict = None*** 
correct ==> False
Lable symobol => O\(n\) | Output_list => [None]


Code-data_idx = 285 
Model output =>  ['']
We use sentence(result[0]) =>  
***Label = linear | Predict = None*** 
correct ==> False
Lable symobol => O\(n\) | Output_list => [None]


Code-data_idx = 286 
Model output =>  ['']
We use sentence(result[0]) =>  
***Label = linear | Predict = None*** 
correct ==> False
Lable symobol => O\(n\) | Output_list => [None]


Code-data_idx = 287 
Model output =>  ['']
We use sentence(result[0]) =>  
***Label = linear | Predict = None*** 
correct ==> False
Lable symobol => O\(n\) | Output_list => [None]


Code-data_idx = 288 
Model output =>  ['']
We use sentence(result[0]) =>  
***Label = linear | Predict = None*** 
correct ==> False
Lable symobol => O\(n\) | Output_list => [None]


Code-data_idx = 289 
Model output =>  ['']
We use sentence(result[0]) =>  
***Label = linear | Predict = None*** 
correct ==> False
Lable symobol => O\(n\) | Output_list => [None]


Code-data_idx = 290 
Model output =>  ['']
We use sentence(result[0]) =>  
***Label = linear | Predict = None*** 
correct ==> False
Lable symobol => O\(n\) | Output_list => [None]


Code-data_idx = 291 
Model output =>  ['']
We use sentence(result[0]) =>  
***Label = linear | Predict = None*** 
correct ==> False
Lable symobol => O\(n\) | Output_list => [None]


Code-data_idx = 292 
Model output =>  ['']
We use sentence(result[0]) =>  
***Label = linear | Predict = None*** 
correct ==> False
Lable symobol => O\(n\) | Output_list => [None]


Code-data_idx = 293 
Model output =>  ['']
We use sentence(result[0]) =>  
***Label = linear | Predict = None*** 
correct ==> False
Lable symobol => O\(n\) | Output_list => [None]


Code-data_idx = 294 
Model output =>  ['']
We use sentence(result[0]) =>  
***Label = linear | Predict = None*** 
correct ==> False
Lable symobol => O\(n\) | Output_list => [None]


Code-data_idx = 295 
Model output =>  ['']
We use sentence(result[0]) =>  
***Label = linear | Predict = None*** 
correct ==> False
Lable symobol => O\(n\) | Output_list => [None]


Code-data_idx = 296 
Model output =>  ['']
We use sentence(result[0]) =>  
***Label = linear | Predict = None*** 
correct ==> False
Lable symobol => O\(n\) | Output_list => [None]


Code-data_idx = 297 
Model output =>  ['']
We use sentence(result[0]) =>  
***Label = linear | Predict = None*** 
correct ==> False
Lable symobol => O\(n\) | Output_list => [None]


Code-data_idx = 298 
Model output =>  ['']
We use sentence(result[0]) =>  
***Label = linear | Predict = None*** 
correct ==> False
Lable symobol => O\(n\) | Output_list => [None]


Code-data_idx = 299 
Model output =>  ['']
We use sentence(result[0]) =>  
***Label = nlogn | Predict = None*** 
correct ==> False
Lable symobol => O\(n log n\) | Output_list => [None]


Code-data_idx = 300 
Model output =>  ['']
We use sentence(result[0]) =>  
***Label = linear | Predict = None*** 
correct ==> False
Lable symobol => O\(n\) | Output_list => [None]


Code-data_idx = 301 
Model output =>  ['']
We use sentence(result[0]) =>  
***Label = linear | Predict = None*** 
correct ==> False
Lable symobol => O\(n\) | Output_list => [None]


Code-data_idx = 302 
Model output =>  ['']
We use sentence(result[0]) =>  
***Label = linear | Predict = None*** 
correct ==> False
Lable symobol => O\(n\) | Output_list => [None]


Code-data_idx = 303 
Model output =>  ['']
We use sentence(result[0]) =>  
***Label = linear | Predict = None*** 
correct ==> False
Lable symobol => O\(n\) | Output_list => [None]


Code-data_idx = 304 
Model output =>  ['']
We use sentence(result[0]) =>  
***Label = linear | Predict = None*** 
correct ==> False
Lable symobol => O\(n\) | Output_list => [None]


Code-data_idx = 305 
Model output =>  ['']
We use sentence(result[0]) =>  
***Label = nlogn | Predict = None*** 
correct ==> False
Lable symobol => O\(n log n\) | Output_list => [None]


Code-data_idx = 306 
Model output =>  ['']
We use sentence(result[0]) =>  
***Label = linear | Predict = None*** 
correct ==> False
Lable symobol => O\(n\) | Output_list => [None]


Code-data_idx = 307 
Model output =>  ['']
We use sentence(result[0]) =>  
***Label = linear | Predict = None*** 
correct ==> False
Lable symobol => O\(n\) | Output_list => [None]


Code-data_idx = 308 
Model output =>  ['']
We use sentence(result[0]) =>  
***Label = linear | Predict = None*** 
correct ==> False
Lable symobol => O\(n\) | Output_list => [None]


Code-data_idx = 309 
Model output =>  ['']
We use sentence(result[0]) =>  
***Label = linear | Predict = None*** 
correct ==> False
Lable symobol => O\(n\) | Output_list => [None]


Code-data_idx = 310 
Model output =>  ['']
We use sentence(result[0]) =>  
***Label = linear | Predict = None*** 
correct ==> False
Lable symobol => O\(n\) | Output_list => [None]


Code-data_idx = 311 
Model output =>  ['']
We use sentence(result[0]) =>  
***Label = linear | Predict = None*** 
correct ==> False
Lable symobol => O\(n\) | Output_list => [None]


Code-data_idx = 312 
Model output =>  ['']
We use sentence(result[0]) =>  
***Label = linear | Predict = None*** 
correct ==> False
Lable symobol => O\(n\) | Output_list => [None]


Code-data_idx = 313 
Model output =>  ['']
We use sentence(result[0]) =>  
***Label = linear | Predict = None*** 
correct ==> False
Lable symobol => O\(n\) | Output_list => [None]


Code-data_idx = 314 
Model output =>  ['']
We use sentence(result[0]) =>  
***Label = linear | Predict = None*** 
correct ==> False
Lable symobol => O\(n\) | Output_list => [None]


Code-data_idx = 315 
Model output =>  ['']
We use sentence(result[0]) =>  
***Label = linear | Predict = None*** 
correct ==> False
Lable symobol => O\(n\) | Output_list => [None]


Code-data_idx = 316 
Model output =>  ['']
We use sentence(result[0]) =>  
***Label = linear | Predict = None*** 
correct ==> False
Lable symobol => O\(n\) | Output_list => [None]


Code-data_idx = 317 
Model output =>  ['']
We use sentence(result[0]) =>  
***Label = linear | Predict = None*** 
correct ==> False
Lable symobol => O\(n\) | Output_list => [None]


Code-data_idx = 318 
Model output =>  ['']
We use sentence(result[0]) =>  
***Label = linear | Predict = None*** 
correct ==> False
Lable symobol => O\(n\) | Output_list => [None]


Code-data_idx = 319 
Model output =>  ['']
We use sentence(result[0]) =>  
***Label = linear | Predict = None*** 
correct ==> False
Lable symobol => O\(n\) | Output_list => [None]


Code-data_idx = 320 
Model output =>  ['']
We use sentence(result[0]) =>  
***Label = linear | Predict = None*** 
correct ==> False
Lable symobol => O\(n\) | Output_list => [None]


Code-data_idx = 321 
Model output =>  ['']
We use sentence(result[0]) =>  
***Label = linear | Predict = None*** 
correct ==> False
Lable symobol => O\(n\) | Output_list => [None]


Code-data_idx = 322 
Model output =>  ['']
We use sentence(result[0]) =>  
***Label = linear | Predict = None*** 
correct ==> False
Lable symobol => O\(n\) | Output_list => [None]


Code-data_idx = 323 
Model output =>  ['']
We use sentence(result[0]) =>  
***Label = linear | Predict = None*** 
correct ==> False
Lable symobol => O\(n\) | Output_list => [None]


Code-data_idx = 324 
Model output =>  ['']
We use sentence(result[0]) =>  
***Label = cubic | Predict = None*** 
correct ==> False
Lable symobol => O\(n\^3\) | Output_list => [None]


Code-data_idx = 325 
Model output =>  ['']
We use sentence(result[0]) =>  
***Label = cubic | Predict = None*** 
correct ==> False
Lable symobol => O\(n\^3\) | Output_list => [None]


Code-data_idx = 326 
Model output =>  ['']
We use sentence(result[0]) =>  
***Label = linear | Predict = None*** 
correct ==> False
Lable symobol => O\(n\) | Output_list => [None]


Code-data_idx = 327 
Model output =>  ['']
We use sentence(result[0]) =>  
***Label = linear | Predict = None*** 
correct ==> False
Lable symobol => O\(n\) | Output_list => [None]


Code-data_idx = 328 
Model output =>  ['']
We use sentence(result[0]) =>  
***Label = linear | Predict = None*** 
correct ==> False
Lable symobol => O\(n\) | Output_list => [None]


Code-data_idx = 329 
Model output =>  ['']
We use sentence(result[0]) =>  
***Label = linear | Predict = None*** 
correct ==> False
Lable symobol => O\(n\) | Output_list => [None]


Code-data_idx = 330 
Model output =>  ['']
We use sentence(result[0]) =>  
***Label = linear | Predict = None*** 
correct ==> False
Lable symobol => O\(n\) | Output_list => [None]


Code-data_idx = 331 
Model output =>  ['']
We use sentence(result[0]) =>  
***Label = linear | Predict = None*** 
correct ==> False
Lable symobol => O\(n\) | Output_list => [None]


Code-data_idx = 332 
Model output =>  ['']
We use sentence(result[0]) =>  
***Label = quadratic | Predict = None*** 
correct ==> False
Lable symobol => O\(n\^2\) | Output_list => [None]


Code-data_idx = 333 
Model output =>  ['']
We use sentence(result[0]) =>  
***Label = linear | Predict = None*** 
correct ==> False
Lable symobol => O\(n\) | Output_list => [None]


Code-data_idx = 334 
Model output =>  ['']
We use sentence(result[0]) =>  
***Label = linear | Predict = None*** 
correct ==> False
Lable symobol => O\(n\) | Output_list => [None]


Code-data_idx = 335 
Model output =>  ['']
We use sentence(result[0]) =>  
***Label = linear | Predict = None*** 
correct ==> False
Lable symobol => O\(n\) | Output_list => [None]


Code-data_idx = 336 
Model output =>  ['']
We use sentence(result[0]) =>  
***Label = quadratic | Predict = None*** 
correct ==> False
Lable symobol => O\(n\^2\) | Output_list => [None]


Code-data_idx = 337 
Model output =>  ['']
We use sentence(result[0]) =>  
***Label = linear | Predict = None*** 
correct ==> False
Lable symobol => O\(n\) | Output_list => [None]


Code-data_idx = 338 
Model output =>  ['']
We use sentence(result[0]) =>  
***Label = nlogn | Predict = None*** 
correct ==> False
Lable symobol => O\(n log n\) | Output_list => [None]


Code-data_idx = 339 
Model output =>  ['']
We use sentence(result[0]) =>  
***Label = linear | Predict = None*** 
correct ==> False
Lable symobol => O\(n\) | Output_list => [None]


Code-data_idx = 340 
Model output =>  ['']
We use sentence(result[0]) =>  
***Label = linear | Predict = None*** 
correct ==> False
Lable symobol => O\(n\) | Output_list => [None]


Code-data_idx = 341 
Model output =>  ['']
We use sentence(result[0]) =>  
***Label = linear | Predict = None*** 
correct ==> False
Lable symobol => O\(n\) | Output_list => [None]


Code-data_idx = 342 
Model output =>  ['']
We use sentence(result[0]) =>  
***Label = linear | Predict = None*** 
correct ==> False
Lable symobol => O\(n\) | Output_list => [None]


Code-data_idx = 343 
Model output =>  ['']
We use sentence(result[0]) =>  
***Label = nlogn | Predict = None*** 
correct ==> False
Lable symobol => O\(n log n\) | Output_list => [None]


Code-data_idx = 344 
Model output =>  ['']
We use sentence(result[0]) =>  
***Label = linear | Predict = None*** 
correct ==> False
Lable symobol => O\(n\) | Output_list => [None]


Code-data_idx = 345 
Model output =>  ['']
We use sentence(result[0]) =>  
***Label = nlogn | Predict = None*** 
correct ==> False
Lable symobol => O\(n log n\) | Output_list => [None]


Code-data_idx = 346 
Model output =>  ['']
We use sentence(result[0]) =>  
***Label = linear | Predict = None*** 
correct ==> False
Lable symobol => O\(n\) | Output_list => [None]


Code-data_idx = 347 
Model output =>  ['']
We use sentence(result[0]) =>  
***Label = linear | Predict = None*** 
correct ==> False
Lable symobol => O\(n\) | Output_list => [None]


Code-data_idx = 348 
Model output =>  ['']
We use sentence(result[0]) =>  
***Label = nlogn | Predict = None*** 
correct ==> False
Lable symobol => O\(n log n\) | Output_list => [None]


Code-data_idx = 349 
Model output =>  ['']
We use sentence(result[0]) =>  
***Label = nlogn | Predict = None*** 
correct ==> False
Lable symobol => O\(n log n\) | Output_list => [None]


Code-data_idx = 350 
Model output =>  ['']
We use sentence(result[0]) =>  
***Label = linear | Predict = None*** 
correct ==> False
Lable symobol => O\(n\) | Output_list => [None]


Code-data_idx = 351 
Model output =>  ['']
We use sentence(result[0]) =>  
***Label = np | Predict = None*** 
correct ==> False
Lable symobol => O\(2\^n\) | Output_list => [None]


Code-data_idx = 352 
Model output =>  ['']
We use sentence(result[0]) =>  
***Label = np | Predict = None*** 
correct ==> False
Lable symobol => O\(2\^n\) | Output_list => [None]


Code-data_idx = 353 
Model output =>  ['']
We use sentence(result[0]) =>  
***Label = np | Predict = None*** 
correct ==> False
Lable symobol => O\(2\^n\) | Output_list => [None]


Code-data_idx = 354 
Model output =>  ['']
We use sentence(result[0]) =>  
***Label = np | Predict = None*** 
correct ==> False
Lable symobol => O\(2\^n\) | Output_list => [None]


Code-data_idx = 355 
Model output =>  ['']
We use sentence(result[0]) =>  
***Label = np | Predict = None*** 
correct ==> False
Lable symobol => O\(2\^n\) | Output_list => [None]


Code-data_idx = 356 
Model output =>  ['']
We use sentence(result[0]) =>  
***Label = cubic | Predict = None*** 
correct ==> False
Lable symobol => O\(n\^3\) | Output_list => [None]


Code-data_idx = 357 
Model output =>  ['']
We use sentence(result[0]) =>  
***Label = cubic | Predict = None*** 
correct ==> False
Lable symobol => O\(n\^3\) | Output_list => [None]


Code-data_idx = 358 
Model output =>  ['']
We use sentence(result[0]) =>  
***Label = cubic | Predict = None*** 
correct ==> False
Lable symobol => O\(n\^3\) | Output_list => [None]


Code-data_idx = 359 
Model output =>  ['']
We use sentence(result[0]) =>  
***Label = cubic | Predict = None*** 
correct ==> False
Lable symobol => O\(n\^3\) | Output_list => [None]


Code-data_idx = 360 
Model output =>  ['']
We use sentence(result[0]) =>  
***Label = cubic | Predict = None*** 
correct ==> False
Lable symobol => O\(n\^3\) | Output_list => [None]


Code-data_idx = 361 
Model output =>  ['']
We use sentence(result[0]) =>  
***Label = cubic | Predict = None*** 
correct ==> False
Lable symobol => O\(n\^3\) | Output_list => [None]


Code-data_idx = 362 
Model output =>  ['']
We use sentence(result[0]) =>  
***Label = cubic | Predict = None*** 
correct ==> False
Lable symobol => O\(n\^3\) | Output_list => [None]


Code-data_idx = 363 
Model output =>  ['']
We use sentence(result[0]) =>  
***Label = cubic | Predict = None*** 
correct ==> False
Lable symobol => O\(n\^3\) | Output_list => [None]


Code-data_idx = 364 
Model output =>  ['']
We use sentence(result[0]) =>  
***Label = cubic | Predict = None*** 
correct ==> False
Lable symobol => O\(n\^3\) | Output_list => [None]


Code-data_idx = 365 
Model output =>  ['']
We use sentence(result[0]) =>  
***Label = cubic | Predict = None*** 
correct ==> False
Lable symobol => O\(n\^3\) | Output_list => [None]


Code-data_idx = 366 
Model output =>  ['']
We use sentence(result[0]) =>  
***Label = cubic | Predict = None*** 
correct ==> False
Lable symobol => O\(n\^3\) | Output_list => [None]


Code-data_idx = 367 
Model output =>  ['']
We use sentence(result[0]) =>  
***Label = cubic | Predict = None*** 
correct ==> False
Lable symobol => O\(n\^3\) | Output_list => [None]


Code-data_idx = 368 
Model output =>  ['']
We use sentence(result[0]) =>  
***Label = cubic | Predict = None*** 
correct ==> False
Lable symobol => O\(n\^3\) | Output_list => [None]


Code-data_idx = 369 
Model output =>  ['']
We use sentence(result[0]) =>  
***Label = cubic | Predict = None*** 
correct ==> False
Lable symobol => O\(n\^3\) | Output_list => [None]


Code-data_idx = 370 
Model output =>  ['']
We use sentence(result[0]) =>  
***Label = cubic | Predict = None*** 
correct ==> False
Lable symobol => O\(n\^3\) | Output_list => [None]


Code-data_idx = 371 
Model output =>  ['']
We use sentence(result[0]) =>  
***Label = cubic | Predict = None*** 
correct ==> False
Lable symobol => O\(n\^3\) | Output_list => [None]


Code-data_idx = 372 
Model output =>  ['']
We use sentence(result[0]) =>  
***Label = cubic | Predict = None*** 
correct ==> False
Lable symobol => O\(n\^3\) | Output_list => [None]


Code-data_idx = 373 
Model output =>  ['']
We use sentence(result[0]) =>  
***Label = cubic | Predict = None*** 
correct ==> False
Lable symobol => O\(n\^3\) | Output_list => [None]


Code-data_idx = 374 
Model output =>  ['']
We use sentence(result[0]) =>  
***Label = cubic | Predict = None*** 
correct ==> False
Lable symobol => O\(n\^3\) | Output_list => [None]


Code-data_idx = 375 
Model output =>  ['']
We use sentence(result[0]) =>  
***Label = cubic | Predict = None*** 
correct ==> False
Lable symobol => O\(n\^3\) | Output_list => [None]


Code-data_idx = 376 
Model output =>  ['']
We use sentence(result[0]) =>  
***Label = cubic | Predict = None*** 
correct ==> False
Lable symobol => O\(n\^3\) | Output_list => [None]


Code-data_idx = 377 
Model output =>  ['']
We use sentence(result[0]) =>  
***Label = cubic | Predict = None*** 
correct ==> False
Lable symobol => O\(n\^3\) | Output_list => [None]


Code-data_idx = 378 
Model output =>  ['']
We use sentence(result[0]) =>  
***Label = cubic | Predict = None*** 
correct ==> False
Lable symobol => O\(n\^3\) | Output_list => [None]


Code-data_idx = 379 
Model output =>  ['']
We use sentence(result[0]) =>  
***Label = cubic | Predict = None*** 
correct ==> False
Lable symobol => O\(n\^3\) | Output_list => [None]


Code-data_idx = 380 
Model output =>  ['']
We use sentence(result[0]) =>  
***Label = cubic | Predict = None*** 
correct ==> False
Lable symobol => O\(n\^3\) | Output_list => [None]


Code-data_idx = 381 
Model output =>  ['']
We use sentence(result[0]) =>  
***Label = cubic | Predict = None*** 
correct ==> False
Lable symobol => O\(n\^3\) | Output_list => [None]


Code-data_idx = 382 
Model output =>  ['']
We use sentence(result[0]) =>  
***Label = cubic | Predict = None*** 
correct ==> False
Lable symobol => O\(n\^3\) | Output_list => [None]


Code-data_idx = 383 
Model output =>  ['']
We use sentence(result[0]) =>  
***Label = cubic | Predict = None*** 
correct ==> False
Lable symobol => O\(n\^3\) | Output_list => [None]


Code-data_idx = 384 
Model output =>  ['']
We use sentence(result[0]) =>  
***Label = cubic | Predict = None*** 
correct ==> False
Lable symobol => O\(n\^3\) | Output_list => [None]


Code-data_idx = 385 
Model output =>  ['']
We use sentence(result[0]) =>  
***Label = cubic | Predict = None*** 
correct ==> False
Lable symobol => O\(n\^3\) | Output_list => [None]


Code-data_idx = 386 
Model output =>  ['']
We use sentence(result[0]) =>  
***Label = cubic | Predict = None*** 
correct ==> False
Lable symobol => O\(n\^3\) | Output_list => [None]


Code-data_idx = 387 
Model output =>  ['']
We use sentence(result[0]) =>  
***Label = cubic | Predict = None*** 
correct ==> False
Lable symobol => O\(n\^3\) | Output_list => [None]


Code-data_idx = 388 
Model output =>  ['']
We use sentence(result[0]) =>  
***Label = cubic | Predict = None*** 
correct ==> False
Lable symobol => O\(n\^3\) | Output_list => [None]


Code-data_idx = 389 
Model output =>  ['']
We use sentence(result[0]) =>  
***Label = cubic | Predict = None*** 
correct ==> False
Lable symobol => O\(n\^3\) | Output_list => [None]


Code-data_idx = 390 
Model output =>  ['']
We use sentence(result[0]) =>  
***Label = cubic | Predict = None*** 
correct ==> False
Lable symobol => O\(n\^3\) | Output_list => [None]


Code-data_idx = 391 
Model output =>  ['']
We use sentence(result[0]) =>  
***Label = cubic | Predict = None*** 
correct ==> False
Lable symobol => O\(n\^3\) | Output_list => [None]


Code-data_idx = 392 
Model output =>  ['']
We use sentence(result[0]) =>  
***Label = cubic | Predict = None*** 
correct ==> False
Lable symobol => O\(n\^3\) | Output_list => [None]


Code-data_idx = 393 
Model output =>  ['']
We use sentence(result[0]) =>  
***Label = cubic | Predict = None*** 
correct ==> False
Lable symobol => O\(n\^3\) | Output_list => [None]


Code-data_idx = 394 
Model output =>  ['']
We use sentence(result[0]) =>  
***Label = cubic | Predict = None*** 
correct ==> False
Lable symobol => O\(n\^3\) | Output_list => [None]


Code-data_idx = 395 
Model output =>  ['']
We use sentence(result[0]) =>  
***Label = cubic | Predict = None*** 
correct ==> False
Lable symobol => O\(n\^3\) | Output_list => [None]


Code-data_idx = 396 
Model output =>  ['']
We use sentence(result[0]) =>  
***Label = cubic | Predict = None*** 
correct ==> False
Lable symobol => O\(n\^3\) | Output_list => [None]


Code-data_idx = 397 
Model output =>  ['']
We use sentence(result[0]) =>  
***Label = cubic | Predict = None*** 
correct ==> False
Lable symobol => O\(n\^3\) | Output_list => [None]


Code-data_idx = 398 
Model output =>  ['']
We use sentence(result[0]) =>  
***Label = cubic | Predict = None*** 
correct ==> False
Lable symobol => O\(n\^3\) | Output_list => [None]


Code-data_idx = 399 
Model output =>  ['']
We use sentence(result[0]) =>  
***Label = cubic | Predict = None*** 
correct ==> False
Lable symobol => O\(n\^3\) | Output_list => [None]


Code-data_idx = 400 
Model output =>  ['']
We use sentence(result[0]) =>  
***Label = cubic | Predict = None*** 
correct ==> False
Lable symobol => O\(n\^3\) | Output_list => [None]


Code-data_idx = 401 
Model output =>  ['']
We use sentence(result[0]) =>  
***Label = cubic | Predict = None*** 
correct ==> False
Lable symobol => O\(n\^3\) | Output_list => [None]


Code-data_idx = 402 
Model output =>  ['']
We use sentence(result[0]) =>  
***Label = cubic | Predict = None*** 
correct ==> False
Lable symobol => O\(n\^3\) | Output_list => [None]


Code-data_idx = 403 
Model output =>  ['']
We use sentence(result[0]) =>  
***Label = cubic | Predict = None*** 
correct ==> False
Lable symobol => O\(n\^3\) | Output_list => [None]


Code-data_idx = 404 
Model output =>  ['']
We use sentence(result[0]) =>  
***Label = cubic | Predict = None*** 
correct ==> False
Lable symobol => O\(n\^3\) | Output_list => [None]


Code-data_idx = 405 
Model output =>  ['']
We use sentence(result[0]) =>  
***Label = cubic | Predict = None*** 
correct ==> False
Lable symobol => O\(n\^3\) | Output_list => [None]


Code-data_idx = 406 
Model output =>  ['']
We use sentence(result[0]) =>  
***Label = cubic | Predict = None*** 
correct ==> False
Lable symobol => O\(n\^3\) | Output_list => [None]


Code-data_idx = 407 
Model output =>  ['']
We use sentence(result[0]) =>  
***Label = cubic | Predict = None*** 
correct ==> False
Lable symobol => O\(n\^3\) | Output_list => [None]


Code-data_idx = 408 
Model output =>  ['']
We use sentence(result[0]) =>  
***Label = cubic | Predict = None*** 
correct ==> False
Lable symobol => O\(n\^3\) | Output_list => [None]


Code-data_idx = 409 
Model output =>  ['']
We use sentence(result[0]) =>  
***Label = cubic | Predict = None*** 
correct ==> False
Lable symobol => O\(n\^3\) | Output_list => [None]


Code-data_idx = 410 
Model output =>  ['']
We use sentence(result[0]) =>  
***Label = cubic | Predict = None*** 
correct ==> False
Lable symobol => O\(n\^3\) | Output_list => [None]


Code-data_idx = 411 
Model output =>  ['']
We use sentence(result[0]) =>  
***Label = cubic | Predict = None*** 
correct ==> False
Lable symobol => O\(n\^3\) | Output_list => [None]


Code-data_idx = 412 
Model output =>  ['']
We use sentence(result[0]) =>  
***Label = cubic | Predict = None*** 
correct ==> False
Lable symobol => O\(n\^3\) | Output_list => [None]


Code-data_idx = 413 
Model output =>  ['']
We use sentence(result[0]) =>  
***Label = cubic | Predict = None*** 
correct ==> False
Lable symobol => O\(n\^3\) | Output_list => [None]


Code-data_idx = 414 
Model output =>  ['']
We use sentence(result[0]) =>  
***Label = cubic | Predict = None*** 
correct ==> False
Lable symobol => O\(n\^3\) | Output_list => [None]


Code-data_idx = 415 
Model output =>  ['']
We use sentence(result[0]) =>  
***Label = cubic | Predict = None*** 
correct ==> False
Lable symobol => O\(n\^3\) | Output_list => [None]


Code-data_idx = 416 
Model output =>  ['']
We use sentence(result[0]) =>  
***Label = cubic | Predict = None*** 
correct ==> False
Lable symobol => O\(n\^3\) | Output_list => [None]


Code-data_idx = 417 
Model output =>  ['']
We use sentence(result[0]) =>  
***Label = cubic | Predict = None*** 
correct ==> False
Lable symobol => O\(n\^3\) | Output_list => [None]


Code-data_idx = 418 
Model output =>  ['']
We use sentence(result[0]) =>  
***Label = cubic | Predict = None*** 
correct ==> False
Lable symobol => O\(n\^3\) | Output_list => [None]


Code-data_idx = 419 
Model output =>  ['']
We use sentence(result[0]) =>  
***Label = cubic | Predict = None*** 
correct ==> False
Lable symobol => O\(n\^3\) | Output_list => [None]


Code-data_idx = 420 
Model output =>  ['']
We use sentence(result[0]) =>  
***Label = cubic | Predict = None*** 
correct ==> False
Lable symobol => O\(n\^3\) | Output_list => [None]


Code-data_idx = 421 
Model output =>  ['']
We use sentence(result[0]) =>  
***Label = cubic | Predict = None*** 
correct ==> False
Lable symobol => O\(n\^3\) | Output_list => [None]


Code-data_idx = 422 
Model output =>  ['']
We use sentence(result[0]) =>  
***Label = cubic | Predict = None*** 
correct ==> False
Lable symobol => O\(n\^3\) | Output_list => [None]


Code-data_idx = 423 
Model output =>  ['']
We use sentence(result[0]) =>  
***Label = cubic | Predict = None*** 
correct ==> False
Lable symobol => O\(n\^3\) | Output_list => [None]


Code-data_idx = 424 
Model output =>  ['']
We use sentence(result[0]) =>  
***Label = cubic | Predict = None*** 
correct ==> False
Lable symobol => O\(n\^3\) | Output_list => [None]


Code-data_idx = 425 
Model output =>  ['']
We use sentence(result[0]) =>  
***Label = cubic | Predict = None*** 
correct ==> False
Lable symobol => O\(n\^3\) | Output_list => [None]


Code-data_idx = 426 
Model output =>  ['']
We use sentence(result[0]) =>  
***Label = cubic | Predict = None*** 
correct ==> False
Lable symobol => O\(n\^3\) | Output_list => [None]


Code-data_idx = 427 
Model output =>  ['']
We use sentence(result[0]) =>  
***Label = cubic | Predict = None*** 
correct ==> False
Lable symobol => O\(n\^3\) | Output_list => [None]


Code-data_idx = 428 
Model output =>  ['']
We use sentence(result[0]) =>  
***Label = cubic | Predict = None*** 
correct ==> False
Lable symobol => O\(n\^3\) | Output_list => [None]


Code-data_idx = 429 
Model output =>  ['']
We use sentence(result[0]) =>  
***Label = cubic | Predict = None*** 
correct ==> False
Lable symobol => O\(n\^3\) | Output_list => [None]


Code-data_idx = 430 
Model output =>  ['']
We use sentence(result[0]) =>  
***Label = cubic | Predict = None*** 
correct ==> False
Lable symobol => O\(n\^3\) | Output_list => [None]


Code-data_idx = 431 
Model output =>  ['']
We use sentence(result[0]) =>  
***Label = cubic | Predict = None*** 
correct ==> False
Lable symobol => O\(n\^3\) | Output_list => [None]


Code-data_idx = 432 
Model output =>  ['']
We use sentence(result[0]) =>  
***Label = cubic | Predict = None*** 
correct ==> False
Lable symobol => O\(n\^3\) | Output_list => [None]


Code-data_idx = 433 
Model output =>  ['']
We use sentence(result[0]) =>  
***Label = cubic | Predict = None*** 
correct ==> False
Lable symobol => O\(n\^3\) | Output_list => [None]


Code-data_idx = 434 
Model output =>  ['']
We use sentence(result[0]) =>  
***Label = cubic | Predict = None*** 
correct ==> False
Lable symobol => O\(n\^3\) | Output_list => [None]


Code-data_idx = 435 
Model output =>  ['']
We use sentence(result[0]) =>  
***Label = cubic | Predict = None*** 
correct ==> False
Lable symobol => O\(n\^3\) | Output_list => [None]


Code-data_idx = 436 
Model output =>  ['']
We use sentence(result[0]) =>  
***Label = cubic | Predict = None*** 
correct ==> False
Lable symobol => O\(n\^3\) | Output_list => [None]


Code-data_idx = 437 
Model output =>  ['']
We use sentence(result[0]) =>  
***Label = cubic | Predict = None*** 
correct ==> False
Lable symobol => O\(n\^3\) | Output_list => [None]


Code-data_idx = 438 
Model output =>  ['']
We use sentence(result[0]) =>  
***Label = cubic | Predict = None*** 
correct ==> False
Lable symobol => O\(n\^3\) | Output_list => [None]


Code-data_idx = 439 
Model output =>  ['']
We use sentence(result[0]) =>  
***Label = cubic | Predict = None*** 
correct ==> False
Lable symobol => O\(n\^3\) | Output_list => [None]


Code-data_idx = 440 
Model output =>  ['']
We use sentence(result[0]) =>  
***Label = cubic | Predict = None*** 
correct ==> False
Lable symobol => O\(n\^3\) | Output_list => [None]


Code-data_idx = 441 
Model output =>  ['']
We use sentence(result[0]) =>  
***Label = cubic | Predict = None*** 
correct ==> False
Lable symobol => O\(n\^3\) | Output_list => [None]


Code-data_idx = 442 
Model output =>  ['']
We use sentence(result[0]) =>  
***Label = cubic | Predict = None*** 
correct ==> False
Lable symobol => O\(n\^3\) | Output_list => [None]


Code-data_idx = 443 
Model output =>  ['']
We use sentence(result[0]) =>  
***Label = cubic | Predict = None*** 
correct ==> False
Lable symobol => O\(n\^3\) | Output_list => [None]


Code-data_idx = 444 
Model output =>  ['']
We use sentence(result[0]) =>  
***Label = cubic | Predict = None*** 
correct ==> False
Lable symobol => O\(n\^3\) | Output_list => [None]


Code-data_idx = 445 
Model output =>  ['']
We use sentence(result[0]) =>  
***Label = cubic | Predict = None*** 
correct ==> False
Lable symobol => O\(n\^3\) | Output_list => [None]


Code-data_idx = 446 
Model output =>  ['']
We use sentence(result[0]) =>  
***Label = cubic | Predict = None*** 
correct ==> False
Lable symobol => O\(n\^3\) | Output_list => [None]


Code-data_idx = 447 
Model output =>  ['']
We use sentence(result[0]) =>  
***Label = cubic | Predict = None*** 
correct ==> False
Lable symobol => O\(n\^3\) | Output_list => [None]


Code-data_idx = 448 
Model output =>  ['']
We use sentence(result[0]) =>  
***Label = cubic | Predict = None*** 
correct ==> False
Lable symobol => O\(n\^3\) | Output_list => [None]


Code-data_idx = 449 
Model output =>  ['']
We use sentence(result[0]) =>  
***Label = cubic | Predict = None*** 
correct ==> False
Lable symobol => O\(n\^3\) | Output_list => [None]


Code-data_idx = 450 
Model output =>  ['']
We use sentence(result[0]) =>  
***Label = cubic | Predict = None*** 
correct ==> False
Lable symobol => O\(n\^3\) | Output_list => [None]


Code-data_idx = 451 
Model output =>  ['']
We use sentence(result[0]) =>  
***Label = cubic | Predict = None*** 
correct ==> False
Lable symobol => O\(n\^3\) | Output_list => [None]


Code-data_idx = 452 
Model output =>  ['']
We use sentence(result[0]) =>  
***Label = cubic | Predict = None*** 
correct ==> False
Lable symobol => O\(n\^3\) | Output_list => [None]


Code-data_idx = 453 
Model output =>  ['']
We use sentence(result[0]) =>  
***Label = cubic | Predict = None*** 
correct ==> False
Lable symobol => O\(n\^3\) | Output_list => [None]


Code-data_idx = 454 
Model output =>  ['']
We use sentence(result[0]) =>  
***Label = cubic | Predict = None*** 
correct ==> False
Lable symobol => O\(n\^3\) | Output_list => [None]


Code-data_idx = 455 
Model output =>  ['']
We use sentence(result[0]) =>  
***Label = cubic | Predict = None*** 
correct ==> False
Lable symobol => O\(n\^3\) | Output_list => [None]


Code-data_idx = 456 
Model output =>  ['']
We use sentence(result[0]) =>  
***Label = cubic | Predict = None*** 
correct ==> False
Lable symobol => O\(n\^3\) | Output_list => [None]


Code-data_idx = 457 
Model output =>  ['']
We use sentence(result[0]) =>  
***Label = cubic | Predict = None*** 
correct ==> False
Lable symobol => O\(n\^3\) | Output_list => [None]


Code-data_idx = 458 
Model output =>  ['']
We use sentence(result[0]) =>  
***Label = cubic | Predict = None*** 
correct ==> False
Lable symobol => O\(n\^3\) | Output_list => [None]


Code-data_idx = 459 
Model output =>  ['']
We use sentence(result[0]) =>  
***Label = cubic | Predict = None*** 
correct ==> False
Lable symobol => O\(n\^3\) | Output_list => [None]


Code-data_idx = 460 
Model output =>  ['']
We use sentence(result[0]) =>  
***Label = cubic | Predict = None*** 
correct ==> False
Lable symobol => O\(n\^3\) | Output_list => [None]


Code-data_idx = 461 
Model output =>  ['']
We use sentence(result[0]) =>  
***Label = cubic | Predict = None*** 
correct ==> False
Lable symobol => O\(n\^3\) | Output_list => [None]


Code-data_idx = 462 
Model output =>  ['']
We use sentence(result[0]) =>  
***Label = cubic | Predict = None*** 
correct ==> False
Lable symobol => O\(n\^3\) | Output_list => [None]


Code-data_idx = 463 
Model output =>  ['']
We use sentence(result[0]) =>  
***Label = cubic | Predict = None*** 
correct ==> False
Lable symobol => O\(n\^3\) | Output_list => [None]


Code-data_idx = 464 
Model output =>  ['']
We use sentence(result[0]) =>  
***Label = cubic | Predict = None*** 
correct ==> False
Lable symobol => O\(n\^3\) | Output_list => [None]


Code-data_idx = 465 
Model output =>  ['']
We use sentence(result[0]) =>  
***Label = cubic | Predict = None*** 
correct ==> False
Lable symobol => O\(n\^3\) | Output_list => [None]


Code-data_idx = 466 
Model output =>  ['']
We use sentence(result[0]) =>  
***Label = cubic | Predict = None*** 
correct ==> False
Lable symobol => O\(n\^3\) | Output_list => [None]


Code-data_idx = 467 
Model output =>  ['']
We use sentence(result[0]) =>  
***Label = cubic | Predict = None*** 
correct ==> False
Lable symobol => O\(n\^3\) | Output_list => [None]


