current work directory:  /home/imsuhan22/few-shot-tc/custom_ssl/code
Data set -> java_extended_data
save_name: 10_codebert-base_0.0002_0.7_java_extended_data_37_[43]

data_path:  ../data/problem_based_split/java_extended_data

There are 2 GPU(s) available.
We will use the GPU- 0 Quadro RTX 8000

**line 147 모델 =>  microsoft/codebert-base
**tokenizer type =  microsoft/codebert-base 

pesudo label class개수 기준 -> 7
n_labeled_per_class:  10
train_df samples: 3851
train_labeled_df samples: 70
train_unlabeled_df samples: 3781
n_classes:  7 


net_arch:  microsoft/codebert-base 
lr:  0.0002 
lr_linear:  0.001 




line 303 => train data수 70
line 258 => 인스턴스 수 10
Step 0  Tim 0:00:18
acc_train_cw(현재 train의 class별 acc) [0.0, 0.0, 0.0, 0.0, 0.0, 0.0, 1.0]
cw_psl_total_eval(pseudo label 클래스별 총 샘플 수):  [0, 0, 0, 0, 0, 0, 0]
cw_psl_correct_eval(pseudo label 클래스별 맞은 샘플 수):  [0, 0, 0, 0, 0, 0, 0]
psl_acc(PSL 평가에서의 정확도): None 
cw_psl_acc(클래스별 PSL 평가에서의 정확도):  [nan, nan, nan, nan, nan, nan, nan]
**pseudo_label ->  [0.1534, 0.1876, 0.1152, 0.1278, 0.1035, 0.1091, 0.2034] **
max =  0.2034 | max_idx =  6
**pseudo_label ->  [0.1229, 0.1886, 0.1135, 0.1321, 0.1082, 0.1072, 0.2274] **
max =  0.2274 | max_idx =  6
**pseudo_label ->  [0.1649, 0.161, 0.1384, 0.1389, 0.0981, 0.1231, 0.1756] **
max =  0.1756 | max_idx =  6
**pseudo_label ->  [0.1282, 0.186, 0.1266, 0.1128, 0.0868, 0.1062, 0.2534] **
max =  0.2534 | max_idx =  6
**pseudo_label ->  [0.1957, 0.1662, 0.109, 0.128, 0.0871, 0.1085, 0.2055] **
max =  0.2055 | max_idx =  6
Epoch 1/37, Train Loss: 2.0826, Valid Loss: 1.9374, Train Acc: 0.1429, Val Acc: 0.0000, Test Acc: 0.0134, Test F1(macro): 0.0038, Total Pseudo-Labels: 0, Correct Pseudo-Labels: 0, Train Data Number: 70



line 303 => train data수 70
line 258 => 인스턴스 수 10
Step 10  Tim 0:01:53
acc_train_cw(현재 train의 class별 acc) [1.0, 0.0, 0.0, 0.0, 0.0, 0.0, 0.0]
cw_psl_total_eval(pseudo label 클래스별 총 샘플 수):  [0, 0, 0, 0, 0, 0, 0]
cw_psl_correct_eval(pseudo label 클래스별 맞은 샘플 수):  [0, 0, 0, 0, 0, 0, 0]
psl_acc(PSL 평가에서의 정확도): None 
cw_psl_acc(클래스별 PSL 평가에서의 정확도):  [nan, nan, nan, nan, nan, nan, nan]
***best_acc_model_save --- epoch = 2***
Save model to ./experiment/java_extended_data/output/
**pseudo_label ->  [0.1785, 0.1457, 0.138, 0.1364, 0.1272, 0.1623, 0.112] **
max =  0.1785 | max_idx =  0
**pseudo_label ->  [0.1645, 0.1591, 0.1277, 0.151, 0.1335, 0.152, 0.1122] **
max =  0.1645 | max_idx =  0
**pseudo_label ->  [0.1797, 0.1533, 0.1244, 0.1258, 0.1633, 0.1372, 0.1162] **
max =  0.1797 | max_idx =  0
**pseudo_label ->  [0.1782, 0.1495, 0.1205, 0.1325, 0.1539, 0.1513, 0.1141] **
max =  0.1782 | max_idx =  0
**pseudo_label ->  [0.1731, 0.1631, 0.1344, 0.1415, 0.1242, 0.1573, 0.1063] **
max =  0.1731 | max_idx =  0
Epoch 2/37, Train Loss: 2.0156, Valid Loss: 1.9345, Train Acc: 0.1429, Val Acc: 0.0981, Test Acc: 0.1342, Test F1(macro): 0.0338, Total Pseudo-Labels: 0, Correct Pseudo-Labels: 0, Train Data Number: 70



line 303 => train data수 70
line 258 => 인스턴스 수 10
Step 20  Tim 0:03:29
acc_train_cw(현재 train의 class별 acc) [1.0, 0.0, 0.0, 0.0, 0.0, 0.0, 0.0]
cw_psl_total_eval(pseudo label 클래스별 총 샘플 수):  [0, 0, 0, 0, 0, 0, 0]
cw_psl_correct_eval(pseudo label 클래스별 맞은 샘플 수):  [0, 0, 0, 0, 0, 0, 0]
psl_acc(PSL 평가에서의 정확도): None 
cw_psl_acc(클래스별 PSL 평가에서의 정확도):  [nan, nan, nan, nan, nan, nan, nan]
**pseudo_label ->  [0.1596, 0.1377, 0.1535, 0.119, 0.1663, 0.1083, 0.1555] **
max =  0.1663 | max_idx =  4
**pseudo_label ->  [0.1589, 0.1506, 0.1435, 0.1234, 0.1551, 0.1213, 0.1471] **
max =  0.1589 | max_idx =  0
**pseudo_label ->  [0.1627, 0.1502, 0.1458, 0.13, 0.159, 0.1069, 0.1454] **
max =  0.1627 | max_idx =  0
**pseudo_label ->  [0.1504, 0.1451, 0.1511, 0.1242, 0.153, 0.1213, 0.1549] **
max =  0.1549 | max_idx =  6
**pseudo_label ->  [0.164, 0.1412, 0.1389, 0.1351, 0.1425, 0.1199, 0.1582] **
max =  0.164 | max_idx =  0
Epoch 3/37, Train Loss: 2.0117, Valid Loss: 1.9239, Train Acc: 0.1429, Val Acc: 0.0981, Test Acc: 0.1342, Test F1(macro): 0.0338, Total Pseudo-Labels: 0, Correct Pseudo-Labels: 0, Train Data Number: 70



line 303 => train data수 70
line 258 => 인스턴스 수 10
Step 30  Tim 0:05:03
acc_train_cw(현재 train의 class별 acc) [0.0, 0.0, 1.0, 0.0, 0.0, 0.0, 0.0]
cw_psl_total_eval(pseudo label 클래스별 총 샘플 수):  [0, 0, 0, 0, 0, 0, 0]
cw_psl_correct_eval(pseudo label 클래스별 맞은 샘플 수):  [0, 0, 0, 0, 0, 0, 0]
psl_acc(PSL 평가에서의 정확도): None 
cw_psl_acc(클래스별 PSL 평가에서의 정확도):  [nan, nan, nan, nan, nan, nan, nan]
***best_acc_model_save --- epoch = 4***
Save model to ./experiment/java_extended_data/output/
**pseudo_label ->  [0.1284, 0.1241, 0.2164, 0.1777, 0.1116, 0.1028, 0.1391] **
max =  0.2164 | max_idx =  2
**pseudo_label ->  [0.1239, 0.1346, 0.1976, 0.181, 0.1177, 0.1056, 0.1397] **
max =  0.1976 | max_idx =  2
**pseudo_label ->  [0.136, 0.1237, 0.1783, 0.1997, 0.1175, 0.114, 0.1308] **
max =  0.1997 | max_idx =  3
**pseudo_label ->  [0.1098, 0.1513, 0.1959, 0.1752, 0.1103, 0.1203, 0.1373] **
max =  0.1959 | max_idx =  2
**pseudo_label ->  [0.1175, 0.1328, 0.185, 0.1964, 0.1162, 0.109, 0.1431] **
max =  0.1964 | max_idx =  3
Epoch 4/37, Train Loss: 1.9961, Valid Loss: 1.9665, Train Acc: 0.1429, Val Acc: 0.2115, Test Acc: 0.1544, Test F1(macro): 0.0382, Total Pseudo-Labels: 0, Correct Pseudo-Labels: 0, Train Data Number: 70



line 303 => train data수 70
line 258 => 인스턴스 수 10
Step 40  Tim 0:06:52
acc_train_cw(현재 train의 class별 acc) [0.0, 0.0, 0.0, 0.0, 1.0, 0.0, 0.0]
cw_psl_total_eval(pseudo label 클래스별 총 샘플 수):  [0, 0, 0, 0, 0, 0, 0]
cw_psl_correct_eval(pseudo label 클래스별 맞은 샘플 수):  [0, 0, 0, 0, 0, 0, 0]
psl_acc(PSL 평가에서의 정확도): None 
cw_psl_acc(클래스별 PSL 평가에서의 정확도):  [nan, nan, nan, nan, nan, nan, nan]
***best_acc_model_save --- epoch = 5***
Save model to ./experiment/java_extended_data/output/
**pseudo_label ->  [0.1474, 0.1161, 0.1213, 0.1317, 0.1619, 0.1533, 0.1684] **
max =  0.1684 | max_idx =  6
**pseudo_label ->  [0.1536, 0.1316, 0.1222, 0.1505, 0.1493, 0.142, 0.1507] **
max =  0.1536 | max_idx =  0
**pseudo_label ->  [0.1418, 0.1317, 0.1183, 0.1378, 0.1589, 0.1502, 0.1612] **
max =  0.1612 | max_idx =  6
**pseudo_label ->  [0.1546, 0.1339, 0.1241, 0.1473, 0.1507, 0.161, 0.1283] **
max =  0.161 | max_idx =  5
**pseudo_label ->  [0.1285, 0.1441, 0.1219, 0.1457, 0.1528, 0.1448, 0.1623] **
max =  0.1623 | max_idx =  6
Epoch 5/37, Train Loss: 1.9800, Valid Loss: 2.0389, Train Acc: 0.1429, Val Acc: 0.2843, Test Acc: 0.2282, Test F1(macro): 0.0531, Total Pseudo-Labels: 0, Correct Pseudo-Labels: 0, Train Data Number: 70



line 303 => train data수 70
line 258 => 인스턴스 수 10
Step 50  Tim 0:08:41
acc_train_cw(현재 train의 class별 acc) [1.0, 0.0, 0.0, 0.0, 0.0, 0.0, 0.0]
cw_psl_total_eval(pseudo label 클래스별 총 샘플 수):  [0, 0, 0, 0, 0, 0, 0]
cw_psl_correct_eval(pseudo label 클래스별 맞은 샘플 수):  [0, 0, 0, 0, 0, 0, 0]
psl_acc(PSL 평가에서의 정확도): None 
cw_psl_acc(클래스별 PSL 평가에서의 정확도):  [nan, nan, nan, nan, nan, nan, nan]
**pseudo_label ->  [0.197, 0.143, 0.1118, 0.1337, 0.1289, 0.166, 0.1196] **
max =  0.197 | max_idx =  0
**pseudo_label ->  [0.31, 0.1088, 0.0706, 0.1342, 0.105, 0.1686, 0.1029] **
max =  0.31 | max_idx =  0
**pseudo_label ->  [0.2004, 0.1305, 0.1008, 0.1308, 0.1335, 0.1659, 0.138] **
max =  0.2004 | max_idx =  0
**pseudo_label ->  [0.1942, 0.146, 0.108, 0.1266, 0.1272, 0.1695, 0.1285] **
max =  0.1942 | max_idx =  0
**pseudo_label ->  [0.1901, 0.1446, 0.1125, 0.1319, 0.1186, 0.171, 0.1312] **
max =  0.1901 | max_idx =  0
Epoch 6/37, Train Loss: 1.9686, Valid Loss: 1.9384, Train Acc: 0.1429, Val Acc: 0.0981, Test Acc: 0.1342, Test F1(macro): 0.0338, Total Pseudo-Labels: 0, Correct Pseudo-Labels: 0, Train Data Number: 70



line 303 => train data수 70
line 258 => 인스턴스 수 10
Step 60  Tim 0:10:17
acc_train_cw(현재 train의 class별 acc) [0.0, 1.0, 0.0, 0.0, 0.0, 0.0, 0.0]
cw_psl_total_eval(pseudo label 클래스별 총 샘플 수):  [0, 0, 0, 0, 0, 0, 0]
cw_psl_correct_eval(pseudo label 클래스별 맞은 샘플 수):  [0, 0, 0, 0, 0, 0, 0]
psl_acc(PSL 평가에서의 정확도): None 
cw_psl_acc(클래스별 PSL 평가에서의 정확도):  [nan, nan, nan, nan, nan, nan, nan]
**pseudo_label ->  [0.1209, 0.1652, 0.1298, 0.1436, 0.1515, 0.1394, 0.1495] **
max =  0.1652 | max_idx =  1
**pseudo_label ->  [0.1206, 0.1851, 0.1228, 0.1392, 0.1529, 0.1258, 0.1535] **
max =  0.1851 | max_idx =  1
**pseudo_label ->  [0.1206, 0.1732, 0.1255, 0.138, 0.1685, 0.1341, 0.14] **
max =  0.1732 | max_idx =  1
**pseudo_label ->  [0.1237, 0.1579, 0.1275, 0.1343, 0.1558, 0.1505, 0.1502] **
max =  0.1579 | max_idx =  1
**pseudo_label ->  [0.1122, 0.1708, 0.131, 0.137, 0.1581, 0.1369, 0.154] **
max =  0.1708 | max_idx =  1
Epoch 7/37, Train Loss: 1.9804, Valid Loss: 1.9022, Train Acc: 0.1429, Val Acc: 0.1997, Test Acc: 0.0604, Test F1(macro): 0.0163, Total Pseudo-Labels: 0, Correct Pseudo-Labels: 0, Train Data Number: 70



line 303 => train data수 70
line 258 => 인스턴스 수 10
Step 70  Tim 0:11:53
acc_train_cw(현재 train의 class별 acc) [0.0, 0.0, 1.0, 0.0, 0.0, 0.0, 0.0]
cw_psl_total_eval(pseudo label 클래스별 총 샘플 수):  [0, 0, 0, 0, 0, 0, 0]
cw_psl_correct_eval(pseudo label 클래스별 맞은 샘플 수):  [0, 0, 0, 0, 0, 0, 0]
psl_acc(PSL 평가에서의 정확도): None 
cw_psl_acc(클래스별 PSL 평가에서의 정확도):  [nan, nan, nan, nan, nan, nan, nan]
**pseudo_label ->  [0.1116, 0.1107, 0.2387, 0.1636, 0.1753, 0.1197, 0.0803] **
max =  0.2387 | max_idx =  2
**pseudo_label ->  [0.1383, 0.1357, 0.1703, 0.1366, 0.149, 0.1409, 0.1292] **
max =  0.1703 | max_idx =  2
**pseudo_label ->  [0.1241, 0.1449, 0.1648, 0.1494, 0.1459, 0.1316, 0.1392] **
max =  0.1648 | max_idx =  2
**pseudo_label ->  [0.1229, 0.1419, 0.1648, 0.1414, 0.1577, 0.1438, 0.1275] **
max =  0.1648 | max_idx =  2
**pseudo_label ->  [0.1241, 0.1412, 0.1677, 0.151, 0.147, 0.137, 0.132] **
max =  0.1677 | max_idx =  2
Epoch 8/37, Train Loss: 1.9682, Valid Loss: 2.0553, Train Acc: 0.1429, Val Acc: 0.2115, Test Acc: 0.1544, Test F1(macro): 0.0382, Total Pseudo-Labels: 0, Correct Pseudo-Labels: 0, Train Data Number: 70



line 303 => train data수 70
line 258 => 인스턴스 수 10
Step 80  Tim 0:13:28
acc_train_cw(현재 train의 class별 acc) [0.0, 0.0, 0.0, 0.0, 0.0, 1.0, 0.0]
cw_psl_total_eval(pseudo label 클래스별 총 샘플 수):  [0, 0, 0, 0, 0, 0, 0]
cw_psl_correct_eval(pseudo label 클래스별 맞은 샘플 수):  [0, 0, 0, 0, 0, 0, 0]
psl_acc(PSL 평가에서의 정확도): None 
cw_psl_acc(클래스별 PSL 평가에서의 정확도):  [nan, nan, nan, nan, nan, nan, nan]
**pseudo_label ->  [0.153, 0.1478, 0.1332, 0.1251, 0.1146, 0.1766, 0.1497] **
max =  0.1766 | max_idx =  5
**pseudo_label ->  [0.1655, 0.1497, 0.1217, 0.1199, 0.1151, 0.1775, 0.1505] **
max =  0.1775 | max_idx =  5
**pseudo_label ->  [0.139, 0.1234, 0.093, 0.0992, 0.091, 0.3052, 0.1492] **
max =  0.3052 | max_idx =  5
**pseudo_label ->  [0.1763, 0.1296, 0.1161, 0.1278, 0.1335, 0.1752, 0.1416] **
max =  0.1763 | max_idx =  0
**pseudo_label ->  [0.1757, 0.1236, 0.1242, 0.1277, 0.1201, 0.1767, 0.1521] **
max =  0.1767 | max_idx =  5
Epoch 9/37, Train Loss: 1.9794, Valid Loss: 2.0851, Train Acc: 0.1429, Val Acc: 0.0000, Test Acc: 0.3669, Test F1(macro): 0.0767, Total Pseudo-Labels: 0, Correct Pseudo-Labels: 0, Train Data Number: 70



line 303 => train data수 70
line 258 => 인스턴스 수 10
Step 90  Tim 0:15:04
acc_train_cw(현재 train의 class별 acc) [0.0, 0.0, 0.0, 0.0, 0.0, 0.0, 1.0]
cw_psl_total_eval(pseudo label 클래스별 총 샘플 수):  [0, 0, 0, 0, 0, 0, 0]
cw_psl_correct_eval(pseudo label 클래스별 맞은 샘플 수):  [0, 0, 0, 0, 0, 0, 0]
psl_acc(PSL 평가에서의 정확도): None 
cw_psl_acc(클래스별 PSL 평가에서의 정확도):  [nan, nan, nan, nan, nan, nan, nan]
**pseudo_label ->  [0.1477, 0.1174, 0.1275, 0.1483, 0.1099, 0.1629, 0.1865] **
max =  0.1865 | max_idx =  6
**pseudo_label ->  [0.1472, 0.117, 0.1259, 0.1454, 0.1096, 0.1675, 0.1874] **
max =  0.1874 | max_idx =  6
**pseudo_label ->  [0.1533, 0.0847, 0.0881, 0.1411, 0.0636, 0.2194, 0.2497] **
max =  0.2497 | max_idx =  6
**pseudo_label ->  [0.155, 0.117, 0.1161, 0.1409, 0.1146, 0.1724, 0.1841] **
max =  0.1841 | max_idx =  6
**pseudo_label ->  [0.1464, 0.1206, 0.1281, 0.1496, 0.1123, 0.1643, 0.1786] **
max =  0.1786 | max_idx =  6
Epoch 10/37, Train Loss: 1.9574, Valid Loss: 1.9098, Train Acc: 0.1429, Val Acc: 0.0000, Test Acc: 0.0134, Test F1(macro): 0.0038, Total Pseudo-Labels: 0, Correct Pseudo-Labels: 0, Train Data Number: 70



line 303 => train data수 70
line 258 => 인스턴스 수 10
Step 100  Tim 0:16:39
acc_train_cw(현재 train의 class별 acc) [0.0, 0.0, 0.0, 1.0, 0.0, 0.0, 0.0]
cw_psl_total_eval(pseudo label 클래스별 총 샘플 수):  [0, 0, 0, 0, 0, 0, 0]
cw_psl_correct_eval(pseudo label 클래스별 맞은 샘플 수):  [0, 0, 0, 0, 0, 0, 0]
psl_acc(PSL 평가에서의 정확도): None 
cw_psl_acc(클래스별 PSL 평가에서의 정확도):  [nan, nan, nan, nan, nan, nan, nan]
**pseudo_label ->  [0.1306, 0.1344, 0.1609, 0.1569, 0.14, 0.1433, 0.1339] **
max =  0.1609 | max_idx =  2
**pseudo_label ->  [0.1364, 0.1383, 0.1688, 0.1641, 0.1324, 0.1303, 0.1297] **
max =  0.1688 | max_idx =  2
**pseudo_label ->  [0.1456, 0.1401, 0.1575, 0.1594, 0.1383, 0.1363, 0.1228] **
max =  0.1594 | max_idx =  3
**pseudo_label ->  [0.1316, 0.1477, 0.1732, 0.1573, 0.1297, 0.1273, 0.1332] **
max =  0.1732 | max_idx =  2
**pseudo_label ->  [0.1449, 0.1375, 0.1559, 0.1619, 0.1406, 0.1421, 0.1171] **
max =  0.1619 | max_idx =  3
Epoch 11/37, Train Loss: 1.9692, Valid Loss: 1.9203, Train Acc: 0.1429, Val Acc: 0.2064, Test Acc: 0.0425, Test F1(macro): 0.0116, Total Pseudo-Labels: 0, Correct Pseudo-Labels: 0, Train Data Number: 70



line 303 => train data수 70
line 258 => 인스턴스 수 10
Step 110  Tim 0:18:14
acc_train_cw(현재 train의 class별 acc) [0.0, 0.0, 0.0, 1.0, 0.0, 0.0, 0.0]
cw_psl_total_eval(pseudo label 클래스별 총 샘플 수):  [0, 0, 0, 0, 0, 0, 0]
cw_psl_correct_eval(pseudo label 클래스별 맞은 샘플 수):  [0, 0, 0, 0, 0, 0, 0]
psl_acc(PSL 평가에서의 정확도): None 
cw_psl_acc(클래스별 PSL 평가에서의 정확도):  [nan, nan, nan, nan, nan, nan, nan]
**pseudo_label ->  [0.1349, 0.1687, 0.1361, 0.1515, 0.139, 0.1312, 0.1388] **
max =  0.1687 | max_idx =  1
**pseudo_label ->  [0.1495, 0.1584, 0.1328, 0.1466, 0.1539, 0.1369, 0.122] **
max =  0.1584 | max_idx =  1
**pseudo_label ->  [0.1226, 0.1587, 0.1484, 0.1548, 0.14, 0.1193, 0.1563] **
max =  0.1587 | max_idx =  1
**pseudo_label ->  [0.1257, 0.1554, 0.1428, 0.1598, 0.1478, 0.1203, 0.1483] **
max =  0.1598 | max_idx =  3
**pseudo_label ->  [0.1312, 0.1391, 0.1336, 0.1598, 0.1558, 0.136, 0.1446] **
max =  0.1598 | max_idx =  3
Epoch 12/37, Train Loss: 1.9728, Valid Loss: 1.9635, Train Acc: 0.1429, Val Acc: 0.2064, Test Acc: 0.0425, Test F1(macro): 0.0116, Total Pseudo-Labels: 0, Correct Pseudo-Labels: 0, Train Data Number: 70



line 303 => train data수 70
line 258 => 인스턴스 수 10
Step 120  Tim 0:19:50
acc_train_cw(현재 train의 class별 acc) [0.0, 0.0, 0.0, 0.0, 0.0, 1.0, 0.0]
cw_psl_total_eval(pseudo label 클래스별 총 샘플 수):  [0, 0, 0, 0, 0, 0, 0]
cw_psl_correct_eval(pseudo label 클래스별 맞은 샘플 수):  [0, 0, 0, 0, 0, 0, 0]
psl_acc(PSL 평가에서의 정확도): None 
cw_psl_acc(클래스별 PSL 평가에서의 정확도):  [nan, nan, nan, nan, nan, nan, nan]
**pseudo_label ->  [0.1213, 0.1565, 0.1302, 0.1503, 0.134, 0.1732, 0.1344] **
max =  0.1732 | max_idx =  5
**pseudo_label ->  [0.124, 0.1483, 0.1509, 0.1361, 0.1345, 0.1728, 0.1335] **
max =  0.1728 | max_idx =  5
**pseudo_label ->  [0.119, 0.1571, 0.1443, 0.1455, 0.1282, 0.1703, 0.1356] **
max =  0.1703 | max_idx =  5
**pseudo_label ->  [0.1136, 0.1522, 0.149, 0.1483, 0.1366, 0.166, 0.1342] **
max =  0.166 | max_idx =  5
**pseudo_label ->  [0.1105, 0.1473, 0.1351, 0.1433, 0.1371, 0.1819, 0.1448] **
max =  0.1819 | max_idx =  5
Epoch 13/37, Train Loss: 1.9746, Valid Loss: 1.9505, Train Acc: 0.1429, Val Acc: 0.0000, Test Acc: 0.3669, Test F1(macro): 0.0767, Total Pseudo-Labels: 0, Correct Pseudo-Labels: 0, Train Data Number: 70



line 303 => train data수 70
line 258 => 인스턴스 수 10
Step 130  Tim 0:21:25
acc_train_cw(현재 train의 class별 acc) [0.0, 0.0, 0.0, 0.0, 1.0, 0.0, 0.0]
cw_psl_total_eval(pseudo label 클래스별 총 샘플 수):  [0, 0, 0, 0, 0, 0, 0]
cw_psl_correct_eval(pseudo label 클래스별 맞은 샘플 수):  [0, 0, 0, 0, 0, 0, 0]
psl_acc(PSL 평가에서의 정확도): None 
cw_psl_acc(클래스별 PSL 평가에서의 정확도):  [nan, nan, nan, nan, nan, nan, nan]
**pseudo_label ->  [0.156, 0.1368, 0.148, 0.1248, 0.1383, 0.1506, 0.1455] **
max =  0.156 | max_idx =  0
**pseudo_label ->  [0.2078, 0.1306, 0.1408, 0.0567, 0.2212, 0.1643, 0.0785] **
max =  0.2212 | max_idx =  4
**pseudo_label ->  [0.1485, 0.1336, 0.1533, 0.1328, 0.1495, 0.1444, 0.1379] **
max =  0.1533 | max_idx =  2
**pseudo_label ->  [0.1584, 0.1525, 0.1447, 0.1112, 0.1568, 0.1511, 0.1253] **
max =  0.1584 | max_idx =  0
**pseudo_label ->  [0.1348, 0.15, 0.1531, 0.12, 0.1471, 0.1476, 0.1474] **
max =  0.1531 | max_idx =  2
Epoch 14/37, Train Loss: 1.9810, Valid Loss: 1.9173, Train Acc: 0.1429, Val Acc: 0.2843, Test Acc: 0.2282, Test F1(macro): 0.0531, Total Pseudo-Labels: 0, Correct Pseudo-Labels: 0, Train Data Number: 70



line 303 => train data수 70
line 258 => 인스턴스 수 10
Step 140  Tim 0:23:00
acc_train_cw(현재 train의 class별 acc) [0.0, 0.0, 0.0, 0.0, 0.0, 0.0, 1.0]
cw_psl_total_eval(pseudo label 클래스별 총 샘플 수):  [0, 0, 0, 0, 0, 0, 0]
cw_psl_correct_eval(pseudo label 클래스별 맞은 샘플 수):  [0, 0, 0, 0, 0, 0, 0]
psl_acc(PSL 평가에서의 정확도): None 
cw_psl_acc(클래스별 PSL 평가에서의 정확도):  [nan, nan, nan, nan, nan, nan, nan]
**pseudo_label ->  [0.1593, 0.1427, 0.1481, 0.1463, 0.1472, 0.0969, 0.1595] **
max =  0.1595 | max_idx =  6
**pseudo_label ->  [0.1664, 0.0791, 0.1858, 0.1702, 0.148, 0.0732, 0.1773] **
max =  0.1858 | max_idx =  2
**pseudo_label ->  [0.1792, 0.1432, 0.1415, 0.1366, 0.1618, 0.1008, 0.1369] **
max =  0.1792 | max_idx =  0
**pseudo_label ->  [0.166, 0.1426, 0.1484, 0.153, 0.1423, 0.0966, 0.151] **
max =  0.166 | max_idx =  0
**pseudo_label ->  [0.1559, 0.1365, 0.1438, 0.1601, 0.1375, 0.103, 0.1632] **
max =  0.1632 | max_idx =  6
Epoch 15/37, Train Loss: 1.9762, Valid Loss: 1.9420, Train Acc: 0.1429, Val Acc: 0.0000, Test Acc: 0.0134, Test F1(macro): 0.0038, Total Pseudo-Labels: 0, Correct Pseudo-Labels: 0, Train Data Number: 70



line 303 => train data수 70
line 258 => 인스턴스 수 10
Step 150  Tim 0:24:36
acc_train_cw(현재 train의 class별 acc) [0.0, 0.0, 0.0, 1.0, 0.0, 0.0, 0.0]
cw_psl_total_eval(pseudo label 클래스별 총 샘플 수):  [0, 0, 0, 0, 0, 0, 0]
cw_psl_correct_eval(pseudo label 클래스별 맞은 샘플 수):  [0, 0, 0, 0, 0, 0, 0]
psl_acc(PSL 평가에서의 정확도): None 
cw_psl_acc(클래스별 PSL 평가에서의 정확도):  [nan, nan, nan, nan, nan, nan, nan]
**pseudo_label ->  [0.1699, 0.0815, 0.1593, 0.2375, 0.0948, 0.1215, 0.1355] **
max =  0.2375 | max_idx =  3
**pseudo_label ->  [0.1392, 0.1266, 0.1494, 0.1822, 0.1307, 0.13, 0.1419] **
max =  0.1822 | max_idx =  3
**pseudo_label ->  [0.1591, 0.1369, 0.1378, 0.1617, 0.1313, 0.134, 0.1392] **
max =  0.1617 | max_idx =  3
**pseudo_label ->  [0.1483, 0.1303, 0.1496, 0.1616, 0.1363, 0.1323, 0.1416] **
max =  0.1616 | max_idx =  3
**pseudo_label ->  [0.1533, 0.1369, 0.1548, 0.158, 0.1251, 0.126, 0.1459] **
max =  0.158 | max_idx =  3
Epoch 16/37, Train Loss: 1.9653, Valid Loss: 1.9539, Train Acc: 0.1429, Val Acc: 0.2064, Test Acc: 0.0425, Test F1(macro): 0.0116, Total Pseudo-Labels: 0, Correct Pseudo-Labels: 0, Train Data Number: 70



line 303 => train data수 70
line 258 => 인스턴스 수 10
Step 160  Tim 0:26:11
acc_train_cw(현재 train의 class별 acc) [0.0, 0.0, 0.0, 1.0, 0.0, 0.0, 0.0]
cw_psl_total_eval(pseudo label 클래스별 총 샘플 수):  [0, 0, 0, 0, 0, 0, 0]
cw_psl_correct_eval(pseudo label 클래스별 맞은 샘플 수):  [0, 0, 0, 0, 0, 0, 0]
psl_acc(PSL 평가에서의 정확도): None 
cw_psl_acc(클래스별 PSL 평가에서의 정확도):  [nan, nan, nan, nan, nan, nan, nan]
**pseudo_label ->  [0.1508, 0.153, 0.1363, 0.1395, 0.1444, 0.1468, 0.1292] **
max =  0.153 | max_idx =  1
**pseudo_label ->  [0.1639, 0.1565, 0.142, 0.1451, 0.1398, 0.1297, 0.123] **
max =  0.1639 | max_idx =  0
**pseudo_label ->  [0.1392, 0.1407, 0.1482, 0.1509, 0.1323, 0.1515, 0.1372] **
max =  0.1515 | max_idx =  5
**pseudo_label ->  [0.1387, 0.1501, 0.1498, 0.1568, 0.1218, 0.1454, 0.1375] **
max =  0.1568 | max_idx =  3
**pseudo_label ->  [0.1363, 0.1286, 0.1549, 0.1538, 0.1242, 0.1587, 0.1434] **
max =  0.1587 | max_idx =  5
Epoch 17/37, Train Loss: 1.9776, Valid Loss: 1.9688, Train Acc: 0.1429, Val Acc: 0.2064, Test Acc: 0.0425, Test F1(macro): 0.0116, Total Pseudo-Labels: 0, Correct Pseudo-Labels: 0, Train Data Number: 70



line 303 => train data수 70
line 258 => 인스턴스 수 10
Step 170  Tim 0:27:46
acc_train_cw(현재 train의 class별 acc) [0.0, 1.0, 0.0, 0.0, 0.0, 0.0, 0.0]
cw_psl_total_eval(pseudo label 클래스별 총 샘플 수):  [0, 0, 0, 0, 0, 0, 0]
cw_psl_correct_eval(pseudo label 클래스별 맞은 샘플 수):  [0, 0, 0, 0, 0, 0, 0]
psl_acc(PSL 평가에서의 정확도): None 
cw_psl_acc(클래스별 PSL 평가에서의 정확도):  [nan, nan, nan, nan, nan, nan, nan]
**pseudo_label ->  [0.1531, 0.1653, 0.1542, 0.1167, 0.1313, 0.1516, 0.1278] **
max =  0.1653 | max_idx =  1
**pseudo_label ->  [0.1839, 0.2036, 0.143, 0.1062, 0.0858, 0.1485, 0.1289] **
max =  0.2036 | max_idx =  1
**pseudo_label ->  [0.1605, 0.196, 0.1592, 0.0859, 0.0869, 0.1862, 0.1254] **
max =  0.196 | max_idx =  1
**pseudo_label ->  [0.1674, 0.1935, 0.1316, 0.1152, 0.1338, 0.139, 0.1193] **
max =  0.1935 | max_idx =  1
**pseudo_label ->  [0.1661, 0.193, 0.1352, 0.1297, 0.0877, 0.165, 0.1234] **
max =  0.193 | max_idx =  1
Epoch 18/37, Train Loss: 1.9848, Valid Loss: 1.9545, Train Acc: 0.1429, Val Acc: 0.1997, Test Acc: 0.0604, Test F1(macro): 0.0163, Total Pseudo-Labels: 0, Correct Pseudo-Labels: 0, Train Data Number: 70



line 303 => train data수 70
line 258 => 인스턴스 수 10
Step 180  Tim 0:29:21
acc_train_cw(현재 train의 class별 acc) [0.0, 0.0, 0.0, 0.0, 1.0, 0.0, 0.0]
cw_psl_total_eval(pseudo label 클래스별 총 샘플 수):  [0, 0, 0, 0, 0, 0, 0]
cw_psl_correct_eval(pseudo label 클래스별 맞은 샘플 수):  [0, 0, 0, 0, 0, 0, 0]
psl_acc(PSL 평가에서의 정확도): None 
cw_psl_acc(클래스별 PSL 평가에서의 정확도):  [nan, nan, nan, nan, nan, nan, nan]
**pseudo_label ->  [0.1325, 0.124, 0.1527, 0.1336, 0.1537, 0.137, 0.1666] **
max =  0.1666 | max_idx =  6
**pseudo_label ->  [0.1335, 0.1395, 0.1556, 0.1239, 0.1529, 0.1412, 0.1534] **
max =  0.1556 | max_idx =  2
**pseudo_label ->  [0.1247, 0.1297, 0.143, 0.1332, 0.1579, 0.1433, 0.1682] **
max =  0.1682 | max_idx =  6
**pseudo_label ->  [0.1559, 0.1444, 0.1406, 0.1115, 0.1615, 0.133, 0.153] **
max =  0.1615 | max_idx =  4
**pseudo_label ->  [0.132, 0.132, 0.1556, 0.1235, 0.162, 0.1411, 0.1539] **
max =  0.162 | max_idx =  4
Epoch 19/37, Train Loss: 1.9567, Valid Loss: 1.9329, Train Acc: 0.1429, Val Acc: 0.2843, Test Acc: 0.2282, Test F1(macro): 0.0531, Total Pseudo-Labels: 0, Correct Pseudo-Labels: 0, Train Data Number: 70



line 303 => train data수 70
line 258 => 인스턴스 수 10
Step 190  Tim 0:30:57
acc_train_cw(현재 train의 class별 acc) [0.0, 0.0, 0.0, 0.0, 0.0, 0.0, 1.0]
cw_psl_total_eval(pseudo label 클래스별 총 샘플 수):  [0, 0, 0, 0, 0, 0, 0]
cw_psl_correct_eval(pseudo label 클래스별 맞은 샘플 수):  [0, 0, 0, 0, 0, 0, 0]
psl_acc(PSL 평가에서의 정확도): None 
cw_psl_acc(클래스별 PSL 평가에서의 정확도):  [nan, nan, nan, nan, nan, nan, nan]
**pseudo_label ->  [0.1161, 0.1798, 0.1129, 0.1362, 0.153, 0.1223, 0.1796] **
max =  0.1798 | max_idx =  1
**pseudo_label ->  [0.1205, 0.1515, 0.1477, 0.1529, 0.1354, 0.1335, 0.1586] **
max =  0.1586 | max_idx =  6
**pseudo_label ->  [0.1206, 0.1568, 0.1481, 0.1493, 0.1342, 0.1303, 0.1607] **
max =  0.1607 | max_idx =  6
**pseudo_label ->  [0.1196, 0.1517, 0.1453, 0.1544, 0.1322, 0.1325, 0.1642] **
max =  0.1642 | max_idx =  6
**pseudo_label ->  [0.1133, 0.156, 0.1511, 0.1499, 0.1449, 0.1311, 0.1536] **
max =  0.156 | max_idx =  1
Epoch 20/37, Train Loss: 1.9728, Valid Loss: 1.9660, Train Acc: 0.1429, Val Acc: 0.0000, Test Acc: 0.0134, Test F1(macro): 0.0038, Total Pseudo-Labels: 0, Correct Pseudo-Labels: 0, Train Data Number: 70



line 303 => train data수 70
line 258 => 인스턴스 수 10
Step 200  Tim 0:32:32
acc_train_cw(현재 train의 class별 acc) [0.0, 0.0, 0.0, 0.0, 0.0, 0.0, 1.0]
cw_psl_total_eval(pseudo label 클래스별 총 샘플 수):  [0, 0, 0, 0, 0, 0, 0]
cw_psl_correct_eval(pseudo label 클래스별 맞은 샘플 수):  [0, 0, 0, 0, 0, 0, 0]
psl_acc(PSL 평가에서의 정확도): None 
cw_psl_acc(클래스별 PSL 평가에서의 정확도):  [nan, nan, nan, nan, nan, nan, nan]
**pseudo_label ->  [0.1209, 0.147, 0.1467, 0.1329, 0.1295, 0.1548, 0.1682] **
max =  0.1682 | max_idx =  6
**pseudo_label ->  [0.12, 0.1471, 0.144, 0.1425, 0.1421, 0.1419, 0.1625] **
max =  0.1625 | max_idx =  6
**pseudo_label ->  [0.128, 0.1367, 0.1514, 0.1354, 0.1431, 0.1467, 0.1587] **
max =  0.1587 | max_idx =  6
**pseudo_label ->  [0.1271, 0.1512, 0.1448, 0.1487, 0.1309, 0.1417, 0.1557] **
max =  0.1557 | max_idx =  6
**pseudo_label ->  [0.0897, 0.1554, 0.1526, 0.1495, 0.0941, 0.197, 0.1618] **
max =  0.197 | max_idx =  5
Epoch 21/37, Train Loss: 1.9689, Valid Loss: 1.9103, Train Acc: 0.1429, Val Acc: 0.0000, Test Acc: 0.0134, Test F1(macro): 0.0038, Total Pseudo-Labels: 0, Correct Pseudo-Labels: 0, Train Data Number: 70



line 303 => train data수 70
line 258 => 인스턴스 수 10
Step 210  Tim 0:34:07
acc_train_cw(현재 train의 class별 acc) [0.0, 0.0, 1.0, 0.0, 0.0, 0.0, 0.0]
cw_psl_total_eval(pseudo label 클래스별 총 샘플 수):  [0, 0, 0, 0, 0, 0, 0]
cw_psl_correct_eval(pseudo label 클래스별 맞은 샘플 수):  [0, 0, 0, 0, 0, 0, 0]
psl_acc(PSL 평가에서의 정확도): None 
cw_psl_acc(클래스별 PSL 평가에서의 정확도):  [nan, nan, nan, nan, nan, nan, nan]
**pseudo_label ->  [0.1354, 0.1322, 0.1556, 0.1417, 0.1612, 0.1425, 0.1313] **
max =  0.1612 | max_idx =  4
**pseudo_label ->  [0.1242, 0.1255, 0.1635, 0.1415, 0.1758, 0.1386, 0.1308] **
max =  0.1758 | max_idx =  4
**pseudo_label ->  [0.1443, 0.1179, 0.1574, 0.1496, 0.1677, 0.1401, 0.1231] **
max =  0.1677 | max_idx =  4
**pseudo_label ->  [0.1357, 0.1197, 0.1621, 0.1387, 0.1718, 0.1403, 0.1316] **
max =  0.1718 | max_idx =  4
**pseudo_label ->  [0.1321, 0.1262, 0.1704, 0.1391, 0.1532, 0.1479, 0.1311] **
max =  0.1704 | max_idx =  2
Epoch 22/37, Train Loss: 1.9768, Valid Loss: 1.9222, Train Acc: 0.1429, Val Acc: 0.2115, Test Acc: 0.1544, Test F1(macro): 0.0382, Total Pseudo-Labels: 0, Correct Pseudo-Labels: 0, Train Data Number: 70



line 303 => train data수 70
line 258 => 인스턴스 수 10
Step 220  Tim 0:35:42
acc_train_cw(현재 train의 class별 acc) [0.0, 0.0, 0.0, 0.0, 1.0, 0.0, 0.0]
cw_psl_total_eval(pseudo label 클래스별 총 샘플 수):  [0, 0, 0, 0, 0, 0, 0]
cw_psl_correct_eval(pseudo label 클래스별 맞은 샘플 수):  [0, 0, 0, 0, 0, 0, 0]
psl_acc(PSL 평가에서의 정확도): None 
cw_psl_acc(클래스별 PSL 평가에서의 정확도):  [nan, nan, nan, nan, nan, nan, nan]
**pseudo_label ->  [0.1009, 0.1859, 0.2037, 0.081, 0.2499, 0.077, 0.1016] **
max =  0.2499 | max_idx =  4
**pseudo_label ->  [0.12, 0.1631, 0.1412, 0.1179, 0.175, 0.143, 0.1398] **
max =  0.175 | max_idx =  4
**pseudo_label ->  [0.1286, 0.1686, 0.1535, 0.1181, 0.1619, 0.1306, 0.1387] **
max =  0.1686 | max_idx =  1
**pseudo_label ->  [0.1316, 0.1577, 0.1505, 0.1194, 0.1585, 0.1421, 0.1402] **
max =  0.1585 | max_idx =  4
**pseudo_label ->  [0.1436, 0.1632, 0.1298, 0.115, 0.1681, 0.1306, 0.1497] **
max =  0.1681 | max_idx =  4
Epoch 23/37, Train Loss: 1.9881, Valid Loss: 1.9226, Train Acc: 0.1429, Val Acc: 0.2843, Test Acc: 0.2282, Test F1(macro): 0.0531, Total Pseudo-Labels: 0, Correct Pseudo-Labels: 0, Train Data Number: 70



line 303 => train data수 70
line 258 => 인스턴스 수 10
Step 230  Tim 0:37:17
acc_train_cw(현재 train의 class별 acc) [0.0, 1.0, 0.0, 0.0, 0.0, 0.0, 0.0]
cw_psl_total_eval(pseudo label 클래스별 총 샘플 수):  [0, 0, 0, 0, 0, 0, 0]
cw_psl_correct_eval(pseudo label 클래스별 맞은 샘플 수):  [0, 0, 0, 0, 0, 0, 0]
psl_acc(PSL 평가에서의 정확도): None 
cw_psl_acc(클래스별 PSL 평가에서의 정확도):  [nan, nan, nan, nan, nan, nan, nan]
**pseudo_label ->  [0.1415, 0.1951, 0.1249, 0.1456, 0.1381, 0.1346, 0.1202] **
max =  0.1951 | max_idx =  1
**pseudo_label ->  [0.1352, 0.1854, 0.1316, 0.1282, 0.1459, 0.15, 0.1237] **
max =  0.1854 | max_idx =  1
**pseudo_label ->  [0.1584, 0.183, 0.1322, 0.1314, 0.1402, 0.1369, 0.1179] **
max =  0.183 | max_idx =  1
**pseudo_label ->  [0.1438, 0.1919, 0.1225, 0.1384, 0.1439, 0.1432, 0.1162] **
max =  0.1919 | max_idx =  1
**pseudo_label ->  [0.164, 0.1886, 0.1187, 0.1261, 0.1434, 0.1273, 0.132] **
max =  0.1886 | max_idx =  1
Epoch 24/37, Train Loss: 1.9791, Valid Loss: 2.0007, Train Acc: 0.1429, Val Acc: 0.1997, Test Acc: 0.0604, Test F1(macro): 0.0163, Total Pseudo-Labels: 0, Correct Pseudo-Labels: 0, Train Data Number: 70



line 303 => train data수 70
line 258 => 인스턴스 수 10
Step 240  Tim 0:38:52
acc_train_cw(현재 train의 class별 acc) [0.0, 0.0, 0.0, 0.0, 0.0, 0.0, 1.0]
cw_psl_total_eval(pseudo label 클래스별 총 샘플 수):  [0, 0, 0, 0, 0, 0, 0]
cw_psl_correct_eval(pseudo label 클래스별 맞은 샘플 수):  [0, 0, 0, 0, 0, 0, 0]
psl_acc(PSL 평가에서의 정확도): None 
cw_psl_acc(클래스별 PSL 평가에서의 정확도):  [nan, nan, nan, nan, nan, nan, nan]
**pseudo_label ->  [0.1322, 0.1307, 0.1381, 0.1422, 0.1333, 0.1298, 0.1938] **
max =  0.1938 | max_idx =  6
**pseudo_label ->  [0.1441, 0.1361, 0.1235, 0.1316, 0.1315, 0.1437, 0.1894] **
max =  0.1894 | max_idx =  6
**pseudo_label ->  [0.17, 0.1294, 0.1197, 0.127, 0.139, 0.1269, 0.188] **
max =  0.188 | max_idx =  6
**pseudo_label ->  [0.1356, 0.1321, 0.1316, 0.1412, 0.1278, 0.1334, 0.1983] **
max =  0.1983 | max_idx =  6
**pseudo_label ->  [0.1564, 0.1322, 0.1233, 0.1306, 0.137, 0.1321, 0.1884] **
max =  0.1884 | max_idx =  6
Epoch 25/37, Train Loss: 1.9658, Valid Loss: 2.0089, Train Acc: 0.1429, Val Acc: 0.0000, Test Acc: 0.0134, Test F1(macro): 0.0038, Total Pseudo-Labels: 0, Correct Pseudo-Labels: 0, Train Data Number: 70



line 303 => train data수 70
line 258 => 인스턴스 수 10
Step 250  Tim 0:40:28
acc_train_cw(현재 train의 class별 acc) [0.0, 0.0, 0.0, 0.0, 0.0, 0.0, 1.0]
cw_psl_total_eval(pseudo label 클래스별 총 샘플 수):  [0, 0, 0, 0, 0, 0, 0]
cw_psl_correct_eval(pseudo label 클래스별 맞은 샘플 수):  [0, 0, 0, 0, 0, 0, 0]
psl_acc(PSL 평가에서의 정확도): None 
cw_psl_acc(클래스별 PSL 평가에서의 정확도):  [nan, nan, nan, nan, nan, nan, nan]
**pseudo_label ->  [0.1375, 0.1367, 0.1375, 0.1488, 0.1272, 0.1369, 0.1754] **
max =  0.1754 | max_idx =  6
**pseudo_label ->  [0.1432, 0.1313, 0.1402, 0.1551, 0.1333, 0.1354, 0.1615] **
max =  0.1615 | max_idx =  6
**pseudo_label ->  [0.1546, 0.0926, 0.0922, 0.1817, 0.0859, 0.1064, 0.2865] **
max =  0.2865 | max_idx =  6
**pseudo_label ->  [0.1414, 0.1297, 0.12, 0.1741, 0.1216, 0.1376, 0.1757] **
max =  0.1757 | max_idx =  6
**pseudo_label ->  [0.142, 0.1179, 0.1338, 0.1578, 0.1303, 0.1425, 0.1757] **
max =  0.1757 | max_idx =  6
Epoch 26/37, Train Loss: 1.9765, Valid Loss: 1.9293, Train Acc: 0.1429, Val Acc: 0.0000, Test Acc: 0.0134, Test F1(macro): 0.0038, Total Pseudo-Labels: 0, Correct Pseudo-Labels: 0, Train Data Number: 70



line 303 => train data수 70
line 258 => 인스턴스 수 10
Step 260  Tim 0:42:03
acc_train_cw(현재 train의 class별 acc) [0.0, 0.0, 0.0, 1.0, 0.0, 0.0, 0.0]
cw_psl_total_eval(pseudo label 클래스별 총 샘플 수):  [0, 0, 0, 0, 0, 0, 0]
cw_psl_correct_eval(pseudo label 클래스별 맞은 샘플 수):  [0, 0, 0, 0, 0, 0, 0]
psl_acc(PSL 평가에서의 정확도): None 
cw_psl_acc(클래스별 PSL 평가에서의 정확도):  [nan, nan, nan, nan, nan, nan, nan]
**pseudo_label ->  [0.1388, 0.1178, 0.1388, 0.1641, 0.1604, 0.1294, 0.1506] **
max =  0.1641 | max_idx =  3
**pseudo_label ->  [0.1442, 0.1159, 0.1437, 0.158, 0.1566, 0.1281, 0.1535] **
max =  0.158 | max_idx =  3
**pseudo_label ->  [0.1535, 0.0868, 0.0922, 0.1979, 0.1844, 0.1088, 0.1764] **
max =  0.1979 | max_idx =  3
**pseudo_label ->  [0.1383, 0.1244, 0.137, 0.1531, 0.1599, 0.1419, 0.1454] **
max =  0.1599 | max_idx =  4
**pseudo_label ->  [0.1273, 0.125, 0.1412, 0.1664, 0.1576, 0.1339, 0.1486] **
max =  0.1664 | max_idx =  3
Epoch 27/37, Train Loss: 1.9598, Valid Loss: 1.9106, Train Acc: 0.1429, Val Acc: 0.2064, Test Acc: 0.0425, Test F1(macro): 0.0116, Total Pseudo-Labels: 0, Correct Pseudo-Labels: 0, Train Data Number: 70



line 303 => train data수 70
line 258 => 인스턴스 수 10
Step 270  Tim 0:43:39
acc_train_cw(현재 train의 class별 acc) [0.0, 0.0, 0.0, 0.0, 1.0, 0.0, 0.0]
cw_psl_total_eval(pseudo label 클래스별 총 샘플 수):  [0, 0, 0, 0, 0, 0, 0]
cw_psl_correct_eval(pseudo label 클래스별 맞은 샘플 수):  [0, 0, 0, 0, 0, 0, 0]
psl_acc(PSL 평가에서의 정확도): None 
cw_psl_acc(클래스별 PSL 평가에서의 정확도):  [nan, nan, nan, nan, nan, nan, nan]
**pseudo_label ->  [0.1342, 0.1293, 0.1421, 0.1435, 0.1691, 0.1518, 0.13] **
max =  0.1691 | max_idx =  4
**pseudo_label ->  [0.1404, 0.1288, 0.1379, 0.1423, 0.177, 0.1386, 0.135] **
max =  0.177 | max_idx =  4
**pseudo_label ->  [0.1202, 0.1361, 0.1482, 0.1415, 0.1802, 0.1413, 0.1325] **
max =  0.1802 | max_idx =  4
**pseudo_label ->  [0.154, 0.1309, 0.1376, 0.1326, 0.1732, 0.1367, 0.1349] **
max =  0.1732 | max_idx =  4
**pseudo_label ->  [0.1387, 0.1289, 0.1381, 0.1351, 0.1759, 0.1423, 0.1409] **
max =  0.1759 | max_idx =  4
Epoch 28/37, Train Loss: 2.0016, Valid Loss: 1.9522, Train Acc: 0.1429, Val Acc: 0.2843, Test Acc: 0.2282, Test F1(macro): 0.0531, Total Pseudo-Labels: 0, Correct Pseudo-Labels: 0, Train Data Number: 70



line 303 => train data수 70
line 258 => 인스턴스 수 10
Step 280  Tim 0:45:14
acc_train_cw(현재 train의 class별 acc) [1.0, 0.0, 0.0, 0.0, 0.0, 0.0, 0.0]
cw_psl_total_eval(pseudo label 클래스별 총 샘플 수):  [0, 0, 0, 0, 0, 0, 0]
cw_psl_correct_eval(pseudo label 클래스별 맞은 샘플 수):  [0, 0, 0, 0, 0, 0, 0]
psl_acc(PSL 평가에서의 정확도): None 
cw_psl_acc(클래스별 PSL 평가에서의 정확도):  [nan, nan, nan, nan, nan, nan, nan]
**pseudo_label ->  [0.1658, 0.1328, 0.1604, 0.1322, 0.1382, 0.14, 0.1306] **
max =  0.1658 | max_idx =  0
**pseudo_label ->  [0.163, 0.1335, 0.1631, 0.1378, 0.1372, 0.1366, 0.1286] **
max =  0.1631 | max_idx =  2
**pseudo_label ->  [0.1677, 0.1326, 0.1549, 0.1273, 0.1387, 0.1514, 0.1274] **
max =  0.1677 | max_idx =  0
**pseudo_label ->  [0.1664, 0.1413, 0.151, 0.1267, 0.1407, 0.1411, 0.1327] **
max =  0.1664 | max_idx =  0
**pseudo_label ->  [0.1685, 0.1405, 0.1558, 0.1366, 0.1308, 0.1345, 0.1332] **
max =  0.1685 | max_idx =  0
Epoch 29/37, Train Loss: 1.9699, Valid Loss: 1.9068, Train Acc: 0.1429, Val Acc: 0.0981, Test Acc: 0.1342, Test F1(macro): 0.0338, Total Pseudo-Labels: 0, Correct Pseudo-Labels: 0, Train Data Number: 70



line 303 => train data수 70
line 258 => 인스턴스 수 10
Step 290  Tim 0:46:50
acc_train_cw(현재 train의 class별 acc) [0.0, 1.0, 0.0, 0.0, 0.0, 0.0, 0.0]
cw_psl_total_eval(pseudo label 클래스별 총 샘플 수):  [0, 0, 0, 0, 0, 0, 0]
cw_psl_correct_eval(pseudo label 클래스별 맞은 샘플 수):  [0, 0, 0, 0, 0, 0, 0]
psl_acc(PSL 평가에서의 정확도): None 
cw_psl_acc(클래스별 PSL 평가에서의 정확도):  [nan, nan, nan, nan, nan, nan, nan]
**pseudo_label ->  [0.1407, 0.1734, 0.1453, 0.1382, 0.1431, 0.1428, 0.1164] **
max =  0.1734 | max_idx =  1
**pseudo_label ->  [0.1428, 0.1721, 0.1509, 0.1432, 0.1382, 0.1334, 0.1195] **
max =  0.1721 | max_idx =  1
**pseudo_label ->  [0.146, 0.1589, 0.1485, 0.1339, 0.1474, 0.1371, 0.1281] **
max =  0.1589 | max_idx =  1
**pseudo_label ->  [0.1538, 0.1638, 0.1516, 0.1344, 0.1475, 0.1287, 0.1202] **
max =  0.1638 | max_idx =  1
**pseudo_label ->  [0.1475, 0.1744, 0.1451, 0.1363, 0.1443, 0.1349, 0.1175] **
max =  0.1744 | max_idx =  1
Epoch 30/37, Train Loss: 1.9950, Valid Loss: 1.9646, Train Acc: 0.1429, Val Acc: 0.1997, Test Acc: 0.0604, Test F1(macro): 0.0163, Total Pseudo-Labels: 0, Correct Pseudo-Labels: 0, Train Data Number: 70



line 303 => train data수 70
line 258 => 인스턴스 수 10
Step 300  Tim 0:48:25
acc_train_cw(현재 train의 class별 acc) [0.0, 0.0, 0.0, 0.0, 0.0, 1.0, 0.0]
cw_psl_total_eval(pseudo label 클래스별 총 샘플 수):  [0, 0, 0, 0, 0, 0, 0]
cw_psl_correct_eval(pseudo label 클래스별 맞은 샘플 수):  [0, 0, 0, 0, 0, 0, 0]
psl_acc(PSL 평가에서의 정확도): None 
cw_psl_acc(클래스별 PSL 평가에서의 정확도):  [nan, nan, nan, nan, nan, nan, nan]
**pseudo_label ->  [0.1347, 0.1201, 0.1577, 0.1328, 0.1487, 0.1754, 0.1306] **
max =  0.1754 | max_idx =  5
**pseudo_label ->  [0.1311, 0.1214, 0.1468, 0.1374, 0.1499, 0.1767, 0.1367] **
max =  0.1767 | max_idx =  5
**pseudo_label ->  [0.134, 0.1185, 0.1418, 0.1338, 0.1619, 0.1838, 0.1261] **
max =  0.1838 | max_idx =  5
**pseudo_label ->  [0.1447, 0.1104, 0.1411, 0.133, 0.1479, 0.1905, 0.1323] **
max =  0.1905 | max_idx =  5
**pseudo_label ->  [0.1393, 0.1122, 0.1567, 0.1347, 0.159, 0.1659, 0.1322] **
max =  0.1659 | max_idx =  5
Epoch 31/37, Train Loss: 1.9691, Valid Loss: 1.9716, Train Acc: 0.1429, Val Acc: 0.0000, Test Acc: 0.3669, Test F1(macro): 0.0767, Total Pseudo-Labels: 0, Correct Pseudo-Labels: 0, Train Data Number: 70



line 303 => train data수 70
line 258 => 인스턴스 수 10
Step 310  Tim 0:50:00
acc_train_cw(현재 train의 class별 acc) [0.0, 0.0, 0.0, 0.0, 0.0, 1.0, 0.0]
cw_psl_total_eval(pseudo label 클래스별 총 샘플 수):  [0, 0, 0, 0, 0, 0, 0]
cw_psl_correct_eval(pseudo label 클래스별 맞은 샘플 수):  [0, 0, 0, 0, 0, 0, 0]
psl_acc(PSL 평가에서의 정확도): None 
cw_psl_acc(클래스별 PSL 평가에서의 정확도):  [nan, nan, nan, nan, nan, nan, nan]
**pseudo_label ->  [0.1361, 0.1377, 0.1343, 0.1486, 0.1374, 0.1702, 0.1357] **
max =  0.1702 | max_idx =  5
**pseudo_label ->  [0.1228, 0.1431, 0.1491, 0.1465, 0.1404, 0.1602, 0.1379] **
max =  0.1602 | max_idx =  5
**pseudo_label ->  [0.0592, 0.094, 0.1337, 0.2186, 0.0947, 0.2151, 0.1847] **
max =  0.2186 | max_idx =  3
**pseudo_label ->  [0.1226, 0.1366, 0.137, 0.1598, 0.1389, 0.1694, 0.1355] **
max =  0.1694 | max_idx =  5
**pseudo_label ->  [0.135, 0.1305, 0.1382, 0.1615, 0.1326, 0.1586, 0.1436] **
max =  0.1615 | max_idx =  3
Epoch 32/37, Train Loss: 1.9693, Valid Loss: 1.9626, Train Acc: 0.1429, Val Acc: 0.0000, Test Acc: 0.3669, Test F1(macro): 0.0767, Total Pseudo-Labels: 0, Correct Pseudo-Labels: 0, Train Data Number: 70



line 303 => train data수 70
line 258 => 인스턴스 수 10
Step 320  Tim 0:51:36
acc_train_cw(현재 train의 class별 acc) [0.0, 0.0, 0.0, 0.0, 0.0, 0.0, 1.0]
cw_psl_total_eval(pseudo label 클래스별 총 샘플 수):  [0, 0, 0, 0, 0, 0, 0]
cw_psl_correct_eval(pseudo label 클래스별 맞은 샘플 수):  [0, 0, 0, 0, 0, 0, 0]
psl_acc(PSL 평가에서의 정확도): None 
cw_psl_acc(클래스별 PSL 평가에서의 정확도):  [nan, nan, nan, nan, nan, nan, nan]
**pseudo_label ->  [0.1254, 0.15, 0.1405, 0.1459, 0.1393, 0.144, 0.1549] **
max =  0.1549 | max_idx =  6
**pseudo_label ->  [0.1267, 0.1603, 0.1387, 0.1414, 0.1282, 0.152, 0.1527] **
max =  0.1603 | max_idx =  1
**pseudo_label ->  [0.1287, 0.1413, 0.1363, 0.1531, 0.1455, 0.1444, 0.1506] **
max =  0.1531 | max_idx =  3
**pseudo_label ->  [0.112, 0.1543, 0.141, 0.1563, 0.1442, 0.1412, 0.151] **
max =  0.1563 | max_idx =  3
**pseudo_label ->  [0.116, 0.1484, 0.1445, 0.1506, 0.1359, 0.1409, 0.1637] **
max =  0.1637 | max_idx =  6
Epoch 33/37, Train Loss: 1.9609, Valid Loss: 1.9635, Train Acc: 0.1429, Val Acc: 0.0000, Test Acc: 0.0134, Test F1(macro): 0.0038, Total Pseudo-Labels: 0, Correct Pseudo-Labels: 0, Train Data Number: 70



line 303 => train data수 70
line 258 => 인스턴스 수 10
Step 330  Tim 0:53:10
acc_train_cw(현재 train의 class별 acc) [0.0, 0.0, 0.0, 0.0, 0.0, 0.0, 1.0]
cw_psl_total_eval(pseudo label 클래스별 총 샘플 수):  [0, 0, 0, 0, 0, 0, 0]
cw_psl_correct_eval(pseudo label 클래스별 맞은 샘플 수):  [0, 0, 0, 0, 0, 0, 0]
psl_acc(PSL 평가에서의 정확도): None 
cw_psl_acc(클래스별 PSL 평가에서의 정확도):  [nan, nan, nan, nan, nan, nan, nan]
**pseudo_label ->  [0.1354, 0.1454, 0.1418, 0.1468, 0.1318, 0.1295, 0.1693] **
max =  0.1693 | max_idx =  6
**pseudo_label ->  [0.1233, 0.1518, 0.1475, 0.1479, 0.13, 0.1316, 0.1678] **
max =  0.1678 | max_idx =  6
**pseudo_label ->  [0.0648, 0.1513, 0.1993, 0.155, 0.1026, 0.0971, 0.2299] **
max =  0.2299 | max_idx =  6
**pseudo_label ->  [0.1351, 0.1465, 0.1416, 0.1422, 0.1386, 0.1269, 0.1691] **
max =  0.1691 | max_idx =  6
**pseudo_label ->  [0.1317, 0.151, 0.1371, 0.1466, 0.1225, 0.1273, 0.1836] **
max =  0.1836 | max_idx =  6
Epoch 34/37, Train Loss: 1.9794, Valid Loss: 1.9671, Train Acc: 0.1429, Val Acc: 0.0000, Test Acc: 0.0134, Test F1(macro): 0.0038, Total Pseudo-Labels: 0, Correct Pseudo-Labels: 0, Train Data Number: 70



line 303 => train data수 70
line 258 => 인스턴스 수 10
Step 340  Tim 0:54:46
acc_train_cw(현재 train의 class별 acc) [0.0, 0.0, 0.0, 0.0, 0.0, 1.0, 0.0]
cw_psl_total_eval(pseudo label 클래스별 총 샘플 수):  [0, 0, 0, 0, 0, 0, 0]
cw_psl_correct_eval(pseudo label 클래스별 맞은 샘플 수):  [0, 0, 0, 0, 0, 0, 0]
psl_acc(PSL 평가에서의 정확도): None 
cw_psl_acc(클래스별 PSL 평가에서의 정확도):  [nan, nan, nan, nan, nan, nan, nan]
**pseudo_label ->  [0.1426, 0.1502, 0.1415, 0.1169, 0.1467, 0.1525, 0.1496] **
max =  0.1525 | max_idx =  5
**pseudo_label ->  [0.1368, 0.1566, 0.1485, 0.1109, 0.1449, 0.1536, 0.1487] **
max =  0.1566 | max_idx =  1
**pseudo_label ->  [0.1424, 0.1526, 0.1402, 0.1189, 0.1439, 0.15, 0.1521] **
max =  0.1526 | max_idx =  1
**pseudo_label ->  [0.1374, 0.143, 0.1569, 0.109, 0.1473, 0.1571, 0.1494] **
max =  0.1571 | max_idx =  5
**pseudo_label ->  [0.1568, 0.1491, 0.1429, 0.1054, 0.151, 0.1469, 0.1479] **
max =  0.1568 | max_idx =  0
Epoch 35/37, Train Loss: 1.9556, Valid Loss: 1.9285, Train Acc: 0.1429, Val Acc: 0.0000, Test Acc: 0.3669, Test F1(macro): 0.0767, Total Pseudo-Labels: 0, Correct Pseudo-Labels: 0, Train Data Number: 70



line 303 => train data수 70
line 258 => 인스턴스 수 10
Step 350  Tim 0:56:21
acc_train_cw(현재 train의 class별 acc) [0.0, 0.0, 0.0, 0.0, 1.0, 0.0, 0.0]
cw_psl_total_eval(pseudo label 클래스별 총 샘플 수):  [0, 0, 0, 0, 0, 0, 0]
cw_psl_correct_eval(pseudo label 클래스별 맞은 샘플 수):  [0, 0, 0, 0, 0, 0, 0]
psl_acc(PSL 평가에서의 정확도): None 
cw_psl_acc(클래스별 PSL 평가에서의 정확도):  [nan, nan, nan, nan, nan, nan, nan]
**pseudo_label ->  [0.1548, 0.1461, 0.1327, 0.1236, 0.1741, 0.1457, 0.1229] **
max =  0.1741 | max_idx =  4
**pseudo_label ->  [0.1401, 0.1577, 0.1311, 0.1306, 0.1733, 0.1533, 0.114] **
max =  0.1733 | max_idx =  4
**pseudo_label ->  [0.1547, 0.158, 0.1321, 0.1228, 0.1681, 0.1403, 0.1239] **
max =  0.1681 | max_idx =  4
**pseudo_label ->  [0.1401, 0.1702, 0.126, 0.1411, 0.1559, 0.1422, 0.1245] **
max =  0.1702 | max_idx =  1
**pseudo_label ->  [0.1483, 0.1502, 0.1285, 0.1318, 0.1663, 0.1465, 0.1284] **
max =  0.1663 | max_idx =  4
Epoch 36/37, Train Loss: 1.9645, Valid Loss: 1.9674, Train Acc: 0.1429, Val Acc: 0.2843, Test Acc: 0.2282, Test F1(macro): 0.0531, Total Pseudo-Labels: 0, Correct Pseudo-Labels: 0, Train Data Number: 70



line 303 => train data수 70
line 258 => 인스턴스 수 10
Step 360  Tim 0:57:56
acc_train_cw(현재 train의 class별 acc) [0.0, 0.0, 0.0, 0.0, 0.0, 1.0, 0.0]
cw_psl_total_eval(pseudo label 클래스별 총 샘플 수):  [0, 0, 0, 0, 0, 0, 0]
cw_psl_correct_eval(pseudo label 클래스별 맞은 샘플 수):  [0, 0, 0, 0, 0, 0, 0]
psl_acc(PSL 평가에서의 정확도): None 
cw_psl_acc(클래스별 PSL 평가에서의 정확도):  [nan, nan, nan, nan, nan, nan, nan]
**pseudo_label ->  [0.1531, 0.1631, 0.1195, 0.1296, 0.1467, 0.1643, 0.1237] **
max =  0.1643 | max_idx =  5
**pseudo_label ->  [0.1483, 0.1697, 0.1228, 0.1209, 0.1437, 0.1683, 0.1264] **
max =  0.1697 | max_idx =  1
**pseudo_label ->  [0.1375, 0.1702, 0.1179, 0.1306, 0.144, 0.1741, 0.1256] **
max =  0.1741 | max_idx =  5
**pseudo_label ->  [0.1669, 0.1641, 0.1273, 0.1067, 0.1569, 0.1613, 0.1167] **
max =  0.1669 | max_idx =  0
**pseudo_label ->  [0.1332, 0.1701, 0.1229, 0.1316, 0.1361, 0.1781, 0.1281] **
max =  0.1781 | max_idx =  5
Epoch 37/37, Train Loss: 2.0082, Valid Loss: 1.9569, Train Acc: 0.1429, Val Acc: 0.0000, Test Acc: 0.3669, Test F1(macro): 0.0767, Total Pseudo-Labels: 0, Correct Pseudo-Labels: 0, Train Data Number: 70

Training complete!
Total training took 0:59:13 (h:mm:ss)
Load model from ./experiment/java_extended_data/output/10_codebert-base_0.0002_0.7_java_extended_data_37_[43]_net0.pth
Save training statistics in:  ./experiment/java_extended_data/log/codebert/class7//10_codebert-base_0.0002_0.7_java_extended_data_37_[43]/training_statistics.csv

best_trian_loss, epoch => 1.95560142993927 35
Epoch-1_train_loss => 2.082583022117615
max_epoch_train_loss => 2.0082353711128236 


best_val_loss, epoch =>  1.9022046767313872 7
Epoch-1_val_loss => 1.9373885715875125
max_epoch_val_loss => 1.9569394675204799 

pse_epoch =>  []
추가되는 pse_epoch =>  [] 

total_data:  70 

Best_step:  40 
Best_val_epoch:  5 
best_val_acc:  0.28426395939086296 
best_val_test_acc:  0.22818791946308725 
best_val_test_f1:  0.05308352849336456
Save best record in:  ./experiment/java_extended_data/log/codebert/class7/summary.csv
Save best record in:  ./experiment/java_extended_data/log/summary_avgrun.csv
