current work directory:  /home/imsuhan22/few-shot-tc/custom_ssl/code
Data set -> python_extended_data
save_name: 10_graphcodebert-base_0.00025_0.7_python_extended_data

data_path:  ../data/problem_based_split/python_extended_data

There are 1 GPU(s) available.
We will use the GPU- 0 Quadro RTX 8000

**line 147 모델 =>  microsoft/graphcodebert-base
**tokenizer type =  microsoft/graphcodebert-base 

pesudo label class개수 기준 -> 5
n_labeled_per_class:  10
train_df samples: 3974
train_labeled_df samples: 70
train_unlabeled_df samples: 3904
n_classes:  7 


net_arch:  microsoft/graphcodebert-base 
lr:  0.00025 
lr_linear:  0.001 




line 303 => train data수 70
line 258 => 인스턴스 수 10
Step 0  Tim 0:00:19
acc_train_cw(현재 train의 class별 acc) [0.3, 0.0, 0.0, 0.0, 0.0, 0.0, 0.4]
cw_psl_total_eval(pseudo label 클래스별 총 샘플 수):  [0, 0, 0, 0, 0, 0, 0]
cw_psl_correct_eval(pseudo label 클래스별 맞은 샘플 수):  [0, 0, 0, 0, 0, 0, 0]
psl_acc(PSL 평가에서의 정확도): None 
cw_psl_acc(클래스별 PSL 평가에서의 정확도):  [nan, nan, nan, nan, nan, nan, nan]
***best_acc_model_save --- epoch = 1***
Save model to ./experiment/python_extended_data/output/
**pseudo_label ->  [0.1894, 0.1258, 0.1604, 0.1323, 0.1197, 0.1246, 0.1479] **
max =  0.1894 | max_idx =  0
**pseudo_label ->  [0.1798, 0.1353, 0.1701, 0.1205, 0.1203, 0.1115, 0.1626] **
max =  0.1798 | max_idx =  0
**pseudo_label ->  [0.1795, 0.1447, 0.1563, 0.1165, 0.1298, 0.0966, 0.1767] **
max =  0.1795 | max_idx =  0
**pseudo_label ->  [0.1868, 0.1358, 0.1649, 0.1267, 0.12, 0.1098, 0.156] **
max =  0.1868 | max_idx =  0
**pseudo_label ->  [0.1714, 0.1356, 0.1647, 0.1486, 0.117, 0.1048, 0.1577] **
max =  0.1714 | max_idx =  0
Epoch 1/50, Train Loss: 2.1033, Valid Loss: 1.9116, Train Acc: 0.1000, Val Acc: 0.1042, Test Acc: 0.0553, Test F1: 0.0391, Total Pseudo-Labels: 0, Correct Pseudo-Labels: 0, Train Data Number: 70



line 303 => train data수 70
line 258 => 인스턴스 수 10
Step 10  Tim 0:02:49
acc_train_cw(현재 train의 class별 acc) [0.0, 0.0, 1.0, 0.0, 0.0, 0.0, 0.0]
cw_psl_total_eval(pseudo label 클래스별 총 샘플 수):  [0, 0, 0, 0, 0, 0, 0]
cw_psl_correct_eval(pseudo label 클래스별 맞은 샘플 수):  [0, 0, 0, 0, 0, 0, 0]
psl_acc(PSL 평가에서의 정확도): None 
cw_psl_acc(클래스별 PSL 평가에서의 정확도):  [nan, nan, nan, nan, nan, nan, nan]
***best_acc_model_save --- epoch = 2***
Save model to ./experiment/python_extended_data/output/
**pseudo_label ->  [0.1022, 0.1126, 0.2037, 0.107, 0.1711, 0.1479, 0.1555] **
max =  0.2037 | max_idx =  2
**pseudo_label ->  [0.1071, 0.1304, 0.1807, 0.1234, 0.1677, 0.1469, 0.1439] **
max =  0.1807 | max_idx =  2
**pseudo_label ->  [0.1161, 0.1261, 0.1865, 0.1301, 0.1628, 0.1365, 0.142] **
max =  0.1865 | max_idx =  2
**pseudo_label ->  [0.1119, 0.129, 0.1856, 0.1221, 0.1654, 0.1419, 0.144] **
max =  0.1856 | max_idx =  2
**pseudo_label ->  [0.1003, 0.12, 0.2005, 0.1268, 0.1608, 0.1392, 0.1523] **
max =  0.2005 | max_idx =  2
Epoch 2/50, Train Loss: 2.0057, Valid Loss: 1.9830, Train Acc: 0.1429, Val Acc: 0.2280, Test Acc: 0.1230, Test F1: 0.0313, Total Pseudo-Labels: 0, Correct Pseudo-Labels: 0, Train Data Number: 70



line 303 => train data수 70
line 258 => 인스턴스 수 10
Step 20  Tim 0:05:29
acc_train_cw(현재 train의 class별 acc) [0.9, 0.0, 0.0, 0.0, 0.0, 0.0, 0.0]
cw_psl_total_eval(pseudo label 클래스별 총 샘플 수):  [0, 0, 0, 0, 0, 0, 0]
cw_psl_correct_eval(pseudo label 클래스별 맞은 샘플 수):  [0, 0, 0, 0, 0, 0, 0]
psl_acc(PSL 평가에서의 정확도): None 
cw_psl_acc(클래스별 PSL 평가에서의 정확도):  [nan, nan, nan, nan, nan, nan, nan]
**pseudo_label ->  [0.1636, 0.1607, 0.1092, 0.1368, 0.1413, 0.1297, 0.1588] **
max =  0.1636 | max_idx =  0
**pseudo_label ->  [0.1669, 0.1535, 0.1093, 0.1458, 0.1415, 0.1209, 0.1621] **
max =  0.1669 | max_idx =  0
**pseudo_label ->  [0.1646, 0.1618, 0.1145, 0.1461, 0.1345, 0.1202, 0.1583] **
max =  0.1646 | max_idx =  0
**pseudo_label ->  [0.2382, 0.0892, 0.1154, 0.1508, 0.1573, 0.1163, 0.1329] **
max =  0.2382 | max_idx =  0
**pseudo_label ->  [0.1707, 0.1547, 0.1122, 0.1409, 0.1332, 0.1267, 0.1616] **
max =  0.1707 | max_idx =  0
Epoch 3/50, Train Loss: 2.0194, Valid Loss: 1.9637, Train Acc: 0.1286, Val Acc: 0.0912, Test Acc: 0.0779, Test F1: 0.0206, Total Pseudo-Labels: 0, Correct Pseudo-Labels: 0, Train Data Number: 70



line 303 => train data수 70
line 258 => 인스턴스 수 10
Step 30  Tim 0:07:57
acc_train_cw(현재 train의 class별 acc) [0.0, 0.0, 0.0, 0.0, 1.0, 0.0, 0.0]
cw_psl_total_eval(pseudo label 클래스별 총 샘플 수):  [0, 0, 0, 0, 0, 0, 0]
cw_psl_correct_eval(pseudo label 클래스별 맞은 샘플 수):  [0, 0, 0, 0, 0, 0, 0]
psl_acc(PSL 평가에서의 정확도): None 
cw_psl_acc(클래스별 PSL 평가에서의 정확도):  [nan, nan, nan, nan, nan, nan, nan]
**pseudo_label ->  [0.0827, 0.0961, 0.1111, 0.151, 0.2374, 0.1642, 0.1575] **
max =  0.2374 | max_idx =  4
**pseudo_label ->  [0.086, 0.0972, 0.1109, 0.1372, 0.2414, 0.1664, 0.1609] **
max =  0.2414 | max_idx =  4
**pseudo_label ->  [0.0869, 0.0956, 0.1126, 0.1504, 0.2351, 0.16, 0.1595] **
max =  0.2351 | max_idx =  4
**pseudo_label ->  [0.0816, 0.1016, 0.1116, 0.1434, 0.228, 0.1683, 0.1656] **
max =  0.228 | max_idx =  4
**pseudo_label ->  [0.0829, 0.0957, 0.1067, 0.1504, 0.2438, 0.1615, 0.159] **
max =  0.2438 | max_idx =  4
Epoch 4/50, Train Loss: 2.0974, Valid Loss: 1.9517, Train Acc: 0.1429, Val Acc: 0.1433, Test Acc: 0.0430, Test F1: 0.0118, Total Pseudo-Labels: 0, Correct Pseudo-Labels: 0, Train Data Number: 70



line 303 => train data수 70
line 258 => 인스턴스 수 10
Step 40  Tim 0:10:27
acc_train_cw(현재 train의 class별 acc) [0.0, 0.0, 1.0, 0.0, 0.0, 0.0, 0.0]
cw_psl_total_eval(pseudo label 클래스별 총 샘플 수):  [0, 0, 0, 0, 0, 0, 0]
cw_psl_correct_eval(pseudo label 클래스별 맞은 샘플 수):  [0, 0, 0, 0, 0, 0, 0]
psl_acc(PSL 평가에서의 정확도): None 
cw_psl_acc(클래스별 PSL 평가에서의 정확도):  [nan, nan, nan, nan, nan, nan, nan]
**pseudo_label ->  [0.1331, 0.1566, 0.2095, 0.1483, 0.0909, 0.143, 0.1186] **
max =  0.2095 | max_idx =  2
**pseudo_label ->  [0.1305, 0.1583, 0.2146, 0.1427, 0.0818, 0.1504, 0.1217] **
max =  0.2146 | max_idx =  2
**pseudo_label ->  [0.1379, 0.1521, 0.2114, 0.1462, 0.0857, 0.1414, 0.1253] **
max =  0.2114 | max_idx =  2
**pseudo_label ->  [0.136, 0.1712, 0.2011, 0.1381, 0.086, 0.1432, 0.1244] **
max =  0.2011 | max_idx =  2
**pseudo_label ->  [0.1367, 0.1577, 0.2128, 0.1413, 0.0824, 0.1498, 0.1191] **
max =  0.2128 | max_idx =  2
Epoch 5/50, Train Loss: 2.0011, Valid Loss: 2.0059, Train Acc: 0.1429, Val Acc: 0.2280, Test Acc: 0.1230, Test F1: 0.0313, Total Pseudo-Labels: 0, Correct Pseudo-Labels: 0, Train Data Number: 70



line 303 => train data수 70
line 258 => 인스턴스 수 10
Step 50  Tim 0:12:56
acc_train_cw(현재 train의 class별 acc) [0.0, 1.0, 0.0, 0.0, 0.0, 0.0, 0.0]
cw_psl_total_eval(pseudo label 클래스별 총 샘플 수):  [0, 0, 0, 0, 0, 0, 0]
cw_psl_correct_eval(pseudo label 클래스별 맞은 샘플 수):  [0, 0, 0, 0, 0, 0, 0]
psl_acc(PSL 평가에서의 정확도): None 
cw_psl_acc(클래스별 PSL 평가에서의 정확도):  [nan, nan, nan, nan, nan, nan, nan]
**pseudo_label ->  [0.1646, 0.2084, 0.052, 0.2263, 0.0797, 0.1814, 0.0876] **
max =  0.2263 | max_idx =  3
**pseudo_label ->  [0.1603, 0.1611, 0.1064, 0.1527, 0.1233, 0.1581, 0.1383] **
max =  0.1611 | max_idx =  1
**pseudo_label ->  [0.1664, 0.1663, 0.104, 0.1481, 0.1188, 0.1605, 0.1358] **
max =  0.1664 | max_idx =  0
**pseudo_label ->  [0.1703, 0.16, 0.1039, 0.1506, 0.1229, 0.1536, 0.1388] **
max =  0.1703 | max_idx =  0
**pseudo_label ->  [0.1523, 0.1643, 0.1096, 0.1506, 0.1207, 0.1685, 0.1341] **
max =  0.1685 | max_idx =  5
Epoch 6/50, Train Loss: 2.0332, Valid Loss: 2.1132, Train Acc: 0.1429, Val Acc: 0.0065, Test Acc: 0.2787, Test F1: 0.0623, Total Pseudo-Labels: 0, Correct Pseudo-Labels: 0, Train Data Number: 70



line 303 => train data수 70
line 258 => 인스턴스 수 10
Step 60  Tim 0:15:24
acc_train_cw(현재 train의 class별 acc) [0.0, 0.0, 0.0, 0.0, 0.0, 0.0, 1.0]
cw_psl_total_eval(pseudo label 클래스별 총 샘플 수):  [0, 0, 0, 0, 0, 0, 0]
cw_psl_correct_eval(pseudo label 클래스별 맞은 샘플 수):  [0, 0, 0, 0, 0, 0, 0]
psl_acc(PSL 평가에서의 정확도): None 
cw_psl_acc(클래스별 PSL 평가에서의 정확도):  [nan, nan, nan, nan, nan, nan, nan]
**pseudo_label ->  [0.1346, 0.1412, 0.1256, 0.0858, 0.1772, 0.131, 0.2045] **
max =  0.2045 | max_idx =  6
**pseudo_label ->  [0.1131, 0.1313, 0.14, 0.0947, 0.1607, 0.1767, 0.1835] **
max =  0.1835 | max_idx =  6
**pseudo_label ->  [0.1142, 0.1368, 0.1417, 0.0915, 0.1576, 0.1741, 0.1842] **
max =  0.1842 | max_idx =  6
**pseudo_label ->  [0.1072, 0.1417, 0.1327, 0.0977, 0.1615, 0.1729, 0.1862] **
max =  0.1862 | max_idx =  6
**pseudo_label ->  [0.1137, 0.1332, 0.1406, 0.0922, 0.1605, 0.1682, 0.1915] **
max =  0.1915 | max_idx =  6
Epoch 7/50, Train Loss: 2.0109, Valid Loss: 1.8990, Train Acc: 0.1429, Val Acc: 0.1173, Test Acc: 0.0184, Test F1: 0.0052, Total Pseudo-Labels: 0, Correct Pseudo-Labels: 0, Train Data Number: 70



line 303 => train data수 70
line 258 => 인스턴스 수 10
Step 70  Tim 0:17:51
acc_train_cw(현재 train의 class별 acc) [0.0, 0.0, 1.0, 0.0, 0.0, 0.0, 0.0]
cw_psl_total_eval(pseudo label 클래스별 총 샘플 수):  [0, 0, 0, 0, 0, 0, 0]
cw_psl_correct_eval(pseudo label 클래스별 맞은 샘플 수):  [0, 0, 0, 0, 0, 0, 0]
psl_acc(PSL 평가에서의 정확도): None 
cw_psl_acc(클래스별 PSL 평가에서의 정확도):  [nan, nan, nan, nan, nan, nan, nan]
**pseudo_label ->  [0.1612, 0.1189, 0.1766, 0.1425, 0.1367, 0.1186, 0.1455] **
max =  0.1766 | max_idx =  2
**pseudo_label ->  [0.165, 0.1254, 0.1771, 0.1387, 0.1308, 0.1176, 0.1453] **
max =  0.1771 | max_idx =  2
**pseudo_label ->  [0.1769, 0.0985, 0.2664, 0.1729, 0.1059, 0.07, 0.1094] **
max =  0.2664 | max_idx =  2
**pseudo_label ->  [0.1605, 0.1113, 0.2299, 0.1538, 0.0861, 0.0998, 0.1586] **
max =  0.2299 | max_idx =  2
**pseudo_label ->  [0.1608, 0.1129, 0.1808, 0.1474, 0.1296, 0.1312, 0.1373] **
max =  0.1808 | max_idx =  2
Epoch 8/50, Train Loss: 1.9949, Valid Loss: 1.8569, Train Acc: 0.1429, Val Acc: 0.2280, Test Acc: 0.1230, Test F1: 0.0313, Total Pseudo-Labels: 0, Correct Pseudo-Labels: 0, Train Data Number: 70



line 303 => train data수 70
line 258 => 인스턴스 수 10
Step 80  Tim 0:20:20
acc_train_cw(현재 train의 class별 acc) [0.0, 0.0, 0.0, 1.0, 0.0, 0.0, 0.0]
cw_psl_total_eval(pseudo label 클래스별 총 샘플 수):  [0, 0, 0, 0, 0, 0, 0]
cw_psl_correct_eval(pseudo label 클래스별 맞은 샘플 수):  [0, 0, 0, 0, 0, 0, 0]
psl_acc(PSL 평가에서의 정확도): None 
cw_psl_acc(클래스별 PSL 평가에서의 정확도):  [nan, nan, nan, nan, nan, nan, nan]
***best_acc_model_save --- epoch = 9***
Save model to ./experiment/python_extended_data/output/
**pseudo_label ->  [0.1312, 0.1463, 0.1623, 0.2086, 0.1001, 0.151, 0.1005] **
max =  0.2086 | max_idx =  3
**pseudo_label ->  [0.1281, 0.1413, 0.1696, 0.1981, 0.1019, 0.155, 0.106] **
max =  0.1981 | max_idx =  3
**pseudo_label ->  [0.1296, 0.1531, 0.1592, 0.2114, 0.0988, 0.1475, 0.1004] **
max =  0.2114 | max_idx =  3
**pseudo_label ->  [0.1333, 0.16, 0.1653, 0.1977, 0.092, 0.1549, 0.0969] **
max =  0.1977 | max_idx =  3
**pseudo_label ->  [0.1335, 0.1367, 0.1612, 0.2167, 0.0995, 0.1484, 0.104] **
max =  0.2167 | max_idx =  3
Epoch 9/50, Train Loss: 1.9891, Valid Loss: 2.0233, Train Acc: 0.1429, Val Acc: 0.3876, Test Acc: 0.1619, Test F1: 0.0398, Total Pseudo-Labels: 0, Correct Pseudo-Labels: 0, Train Data Number: 70



line 303 => train data수 70
line 258 => 인스턴스 수 10
Step 90  Tim 0:22:47
acc_train_cw(현재 train의 class별 acc) [1.0, 0.0, 0.0, 0.0, 0.0, 0.0, 0.0]
cw_psl_total_eval(pseudo label 클래스별 총 샘플 수):  [0, 0, 0, 0, 0, 0, 0]
cw_psl_correct_eval(pseudo label 클래스별 맞은 샘플 수):  [0, 0, 0, 0, 0, 0, 0]
psl_acc(PSL 평가에서의 정확도): None 
cw_psl_acc(클래스별 PSL 평가에서의 정확도):  [nan, nan, nan, nan, nan, nan, nan]
**pseudo_label ->  [0.1905, 0.1467, 0.15, 0.1208, 0.1275, 0.1496, 0.1149] **
max =  0.1905 | max_idx =  0
**pseudo_label ->  [0.1863, 0.149, 0.1411, 0.1362, 0.1239, 0.151, 0.1124] **
max =  0.1863 | max_idx =  0
**pseudo_label ->  [0.1927, 0.1484, 0.1399, 0.1205, 0.1288, 0.1511, 0.1187] **
max =  0.1927 | max_idx =  0
**pseudo_label ->  [0.1887, 0.1533, 0.1482, 0.1199, 0.1174, 0.1511, 0.1213] **
max =  0.1887 | max_idx =  0
**pseudo_label ->  [0.1839, 0.1332, 0.1226, 0.1358, 0.1574, 0.1494, 0.1176] **
max =  0.1839 | max_idx =  0
Epoch 10/50, Train Loss: 1.9770, Valid Loss: 1.9878, Train Acc: 0.1429, Val Acc: 0.0912, Test Acc: 0.0779, Test F1: 0.0206, Total Pseudo-Labels: 0, Correct Pseudo-Labels: 0, Train Data Number: 70



line 303 => train data수 70
line 258 => 인스턴스 수 10
Step 100  Tim 0:25:16
acc_train_cw(현재 train의 class별 acc) [1.0, 0.0, 0.0, 0.0, 0.0, 0.0, 0.0]
cw_psl_total_eval(pseudo label 클래스별 총 샘플 수):  [0, 0, 0, 0, 0, 0, 0]
cw_psl_correct_eval(pseudo label 클래스별 맞은 샘플 수):  [0, 0, 0, 0, 0, 0, 0]
psl_acc(PSL 평가에서의 정확도): None 
cw_psl_acc(클래스별 PSL 평가에서의 정확도):  [nan, nan, nan, nan, nan, nan, nan]
**pseudo_label ->  [0.1948, 0.1301, 0.1321, 0.1217, 0.1621, 0.1245, 0.1346] **
max =  0.1948 | max_idx =  0
**pseudo_label ->  [0.1884, 0.1315, 0.1346, 0.1207, 0.1652, 0.1208, 0.1389] **
max =  0.1884 | max_idx =  0
**pseudo_label ->  [0.1925, 0.1344, 0.1305, 0.124, 0.1728, 0.1128, 0.133] **
max =  0.1925 | max_idx =  0
**pseudo_label ->  [0.184, 0.1277, 0.1342, 0.1213, 0.1783, 0.1195, 0.1349] **
max =  0.184 | max_idx =  0
**pseudo_label ->  [0.297, 0.1044, 0.099, 0.1007, 0.1968, 0.0975, 0.1046] **
max =  0.297 | max_idx =  0
Epoch 11/50, Train Loss: 1.9841, Valid Loss: 1.9992, Train Acc: 0.1429, Val Acc: 0.0912, Test Acc: 0.0779, Test F1: 0.0206, Total Pseudo-Labels: 0, Correct Pseudo-Labels: 0, Train Data Number: 70



line 303 => train data수 70
line 258 => 인스턴스 수 10
Step 110  Tim 0:27:44
acc_train_cw(현재 train의 class별 acc) [0.0, 0.0, 0.0, 0.0, 0.0, 1.0, 0.0]
cw_psl_total_eval(pseudo label 클래스별 총 샘플 수):  [0, 0, 0, 0, 0, 0, 0]
cw_psl_correct_eval(pseudo label 클래스별 맞은 샘플 수):  [0, 0, 0, 0, 0, 0, 0]
psl_acc(PSL 평가에서의 정확도): None 
cw_psl_acc(클래스별 PSL 평가에서의 정확도):  [nan, nan, nan, nan, nan, nan, nan]
**pseudo_label ->  [0.1526, 0.1166, 0.1323, 0.123, 0.1408, 0.1741, 0.1606] **
max =  0.1741 | max_idx =  5
**pseudo_label ->  [0.1579, 0.1157, 0.136, 0.1167, 0.1441, 0.1814, 0.1483] **
max =  0.1814 | max_idx =  5
**pseudo_label ->  [0.1489, 0.1204, 0.1342, 0.1252, 0.1377, 0.1796, 0.1539] **
max =  0.1796 | max_idx =  5
**pseudo_label ->  [0.1495, 0.1265, 0.1401, 0.1186, 0.1371, 0.1809, 0.1472] **
max =  0.1809 | max_idx =  5
**pseudo_label ->  [0.1557, 0.1207, 0.1362, 0.1207, 0.1363, 0.1763, 0.154] **
max =  0.1763 | max_idx =  5
Epoch 12/50, Train Loss: 1.9928, Valid Loss: 1.9570, Train Acc: 0.1429, Val Acc: 0.0261, Test Acc: 0.2971, Test F1: 0.0654, Total Pseudo-Labels: 0, Correct Pseudo-Labels: 0, Train Data Number: 70



line 303 => train data수 70
line 258 => 인스턴스 수 10
Step 120  Tim 0:30:14
acc_train_cw(현재 train의 class별 acc) [0.0, 0.0, 0.0, 0.0, 0.0, 0.0, 1.0]
cw_psl_total_eval(pseudo label 클래스별 총 샘플 수):  [0, 0, 0, 0, 0, 0, 0]
cw_psl_correct_eval(pseudo label 클래스별 맞은 샘플 수):  [0, 0, 0, 0, 0, 0, 0]
psl_acc(PSL 평가에서의 정확도): None 
cw_psl_acc(클래스별 PSL 평가에서의 정확도):  [nan, nan, nan, nan, nan, nan, nan]
**pseudo_label ->  [0.1537, 0.1481, 0.1437, 0.1356, 0.1239, 0.1423, 0.1527] **
max =  0.1537 | max_idx =  0
**pseudo_label ->  [0.1492, 0.1419, 0.1471, 0.1365, 0.1228, 0.1451, 0.1574] **
max =  0.1574 | max_idx =  6
**pseudo_label ->  [0.1522, 0.145, 0.1352, 0.1417, 0.1222, 0.1412, 0.1625] **
max =  0.1625 | max_idx =  6
**pseudo_label ->  [0.1588, 0.1491, 0.141, 0.1406, 0.1278, 0.1326, 0.1501] **
max =  0.1588 | max_idx =  0
**pseudo_label ->  [0.1523, 0.1501, 0.1358, 0.1398, 0.1233, 0.1441, 0.1545] **
max =  0.1545 | max_idx =  6
Epoch 13/50, Train Loss: 1.9806, Valid Loss: 1.9151, Train Acc: 0.1429, Val Acc: 0.1173, Test Acc: 0.0184, Test F1: 0.0052, Total Pseudo-Labels: 0, Correct Pseudo-Labels: 0, Train Data Number: 70



line 303 => train data수 70
line 258 => 인스턴스 수 10
Step 130  Tim 0:32:43
acc_train_cw(현재 train의 class별 acc) [0.0, 1.0, 0.0, 0.0, 0.0, 0.0, 0.0]
cw_psl_total_eval(pseudo label 클래스별 총 샘플 수):  [0, 0, 0, 0, 0, 0, 0]
cw_psl_correct_eval(pseudo label 클래스별 맞은 샘플 수):  [0, 0, 0, 0, 0, 0, 0]
psl_acc(PSL 평가에서의 정확도): None 
cw_psl_acc(클래스별 PSL 평가에서의 정확도):  [nan, nan, nan, nan, nan, nan, nan]
**pseudo_label ->  [0.1492, 0.1753, 0.156, 0.155, 0.1269, 0.1116, 0.1259] **
max =  0.1753 | max_idx =  1
**pseudo_label ->  [0.1626, 0.1726, 0.1443, 0.1606, 0.1259, 0.1035, 0.1307] **
max =  0.1726 | max_idx =  1
**pseudo_label ->  [0.152, 0.1735, 0.154, 0.1505, 0.1318, 0.1092, 0.1291] **
max =  0.1735 | max_idx =  1
**pseudo_label ->  [0.1582, 0.1794, 0.1431, 0.1582, 0.1278, 0.1061, 0.1273] **
max =  0.1794 | max_idx =  1
**pseudo_label ->  [0.1442, 0.1604, 0.1568, 0.163, 0.16, 0.1009, 0.1146] **
max =  0.163 | max_idx =  3
Epoch 14/50, Train Loss: 1.9687, Valid Loss: 1.9907, Train Acc: 0.1429, Val Acc: 0.0065, Test Acc: 0.2787, Test F1: 0.0623, Total Pseudo-Labels: 0, Correct Pseudo-Labels: 0, Train Data Number: 70



line 303 => train data수 70
line 258 => 인스턴스 수 10
Step 140  Tim 0:35:09
acc_train_cw(현재 train의 class별 acc) [0.0, 0.0, 0.0, 0.0, 0.0, 1.0, 0.0]
cw_psl_total_eval(pseudo label 클래스별 총 샘플 수):  [0, 0, 0, 0, 0, 0, 0]
cw_psl_correct_eval(pseudo label 클래스별 맞은 샘플 수):  [0, 0, 0, 0, 0, 0, 0]
psl_acc(PSL 평가에서의 정확도): None 
cw_psl_acc(클래스별 PSL 평가에서의 정확도):  [nan, nan, nan, nan, nan, nan, nan]
**pseudo_label ->  [0.1187, 0.1303, 0.1488, 0.1266, 0.1497, 0.1699, 0.1561] **
max =  0.1699 | max_idx =  5
**pseudo_label ->  [0.1201, 0.1282, 0.1478, 0.1248, 0.1501, 0.1726, 0.1565] **
max =  0.1726 | max_idx =  5
**pseudo_label ->  [0.1223, 0.1051, 0.1561, 0.1288, 0.2137, 0.1546, 0.1195] **
max =  0.2137 | max_idx =  4
**pseudo_label ->  [0.1165, 0.1399, 0.1397, 0.1214, 0.1492, 0.1737, 0.1596] **
max =  0.1737 | max_idx =  5
**pseudo_label ->  [0.1099, 0.1294, 0.1452, 0.1298, 0.1551, 0.1682, 0.1625] **
max =  0.1682 | max_idx =  5
Epoch 15/50, Train Loss: 1.9991, Valid Loss: 1.9668, Train Acc: 0.1429, Val Acc: 0.0261, Test Acc: 0.2971, Test F1: 0.0654, Total Pseudo-Labels: 0, Correct Pseudo-Labels: 0, Train Data Number: 70



line 303 => train data수 70
line 258 => 인스턴스 수 10
Step 150  Tim 0:37:37
acc_train_cw(현재 train의 class별 acc) [1.0, 0.0, 0.0, 0.0, 0.0, 0.0, 0.0]
cw_psl_total_eval(pseudo label 클래스별 총 샘플 수):  [0, 0, 0, 0, 0, 0, 0]
cw_psl_correct_eval(pseudo label 클래스별 맞은 샘플 수):  [0, 0, 0, 0, 0, 0, 0]
psl_acc(PSL 평가에서의 정확도): None 
cw_psl_acc(클래스별 PSL 평가에서의 정확도):  [nan, nan, nan, nan, nan, nan, nan]
**pseudo_label ->  [0.1797, 0.1185, 0.1294, 0.1288, 0.1758, 0.1345, 0.1333] **
max =  0.1797 | max_idx =  0
**pseudo_label ->  [0.1467, 0.131, 0.1344, 0.1378, 0.132, 0.1559, 0.1624] **
max =  0.1624 | max_idx =  6
**pseudo_label ->  [0.1648, 0.119, 0.1313, 0.1288, 0.1776, 0.1385, 0.14] **
max =  0.1776 | max_idx =  4
**pseudo_label ->  [0.1521, 0.1302, 0.1409, 0.135, 0.143, 0.145, 0.1538] **
max =  0.1538 | max_idx =  6
**pseudo_label ->  [0.1663, 0.125, 0.1339, 0.1397, 0.1353, 0.146, 0.1538] **
max =  0.1663 | max_idx =  0
Epoch 16/50, Train Loss: 1.9851, Valid Loss: 1.9786, Train Acc: 0.1429, Val Acc: 0.0912, Test Acc: 0.0779, Test F1: 0.0206, Total Pseudo-Labels: 0, Correct Pseudo-Labels: 0, Train Data Number: 70



line 303 => train data수 70
line 258 => 인스턴스 수 10
Step 160  Tim 0:40:07
acc_train_cw(현재 train의 class별 acc) [0.0, 1.0, 0.0, 0.0, 0.0, 0.0, 0.0]
cw_psl_total_eval(pseudo label 클래스별 총 샘플 수):  [0, 0, 0, 0, 0, 0, 0]
cw_psl_correct_eval(pseudo label 클래스별 맞은 샘플 수):  [0, 0, 0, 0, 0, 0, 0]
psl_acc(PSL 평가에서의 정확도): None 
cw_psl_acc(클래스별 PSL 평가에서의 정확도):  [nan, nan, nan, nan, nan, nan, nan]
**pseudo_label ->  [0.1783, 0.1325, 0.1251, 0.1488, 0.1812, 0.1311, 0.103] **
max =  0.1812 | max_idx =  4
**pseudo_label ->  [0.1417, 0.1667, 0.1342, 0.1367, 0.1618, 0.1357, 0.1232] **
max =  0.1667 | max_idx =  1
**pseudo_label ->  [0.1475, 0.1678, 0.1364, 0.1342, 0.1559, 0.1334, 0.1248] **
max =  0.1678 | max_idx =  1
**pseudo_label ->  [0.1463, 0.1678, 0.1339, 0.137, 0.1546, 0.1358, 0.1245] **
max =  0.1678 | max_idx =  1
**pseudo_label ->  [0.1437, 0.1445, 0.1354, 0.1325, 0.2143, 0.1318, 0.0977] **
max =  0.2143 | max_idx =  4
Epoch 17/50, Train Loss: 1.9996, Valid Loss: 1.9288, Train Acc: 0.1429, Val Acc: 0.0065, Test Acc: 0.2787, Test F1: 0.0623, Total Pseudo-Labels: 0, Correct Pseudo-Labels: 0, Train Data Number: 70



line 303 => train data수 70
line 258 => 인스턴스 수 10
Step 170  Tim 0:42:35
acc_train_cw(현재 train의 class별 acc) [0.0, 0.0, 0.0, 0.0, 0.0, 1.0, 0.0]
cw_psl_total_eval(pseudo label 클래스별 총 샘플 수):  [0, 0, 0, 0, 0, 0, 0]
cw_psl_correct_eval(pseudo label 클래스별 맞은 샘플 수):  [0, 0, 0, 0, 0, 0, 0]
psl_acc(PSL 평가에서의 정확도): None 
cw_psl_acc(클래스별 PSL 평가에서의 정확도):  [nan, nan, nan, nan, nan, nan, nan]
**pseudo_label ->  [0.1396, 0.119, 0.1351, 0.1481, 0.1441, 0.1758, 0.1384] **
max =  0.1758 | max_idx =  5
**pseudo_label ->  [0.1217, 0.0604, 0.1229, 0.1919, 0.132, 0.2861, 0.085] **
max =  0.2861 | max_idx =  5
**pseudo_label ->  [0.1339, 0.1249, 0.1345, 0.1503, 0.1426, 0.162, 0.1519] **
max =  0.162 | max_idx =  5
**pseudo_label ->  [0.1397, 0.1257, 0.1299, 0.155, 0.1423, 0.1586, 0.1488] **
max =  0.1586 | max_idx =  5
**pseudo_label ->  [0.1416, 0.1176, 0.1285, 0.1606, 0.1456, 0.1648, 0.1413] **
max =  0.1648 | max_idx =  5
Epoch 18/50, Train Loss: 1.9755, Valid Loss: 1.9695, Train Acc: 0.1429, Val Acc: 0.0261, Test Acc: 0.2971, Test F1: 0.0654, Total Pseudo-Labels: 0, Correct Pseudo-Labels: 0, Train Data Number: 70



line 303 => train data수 70
line 258 => 인스턴스 수 10
Step 180  Tim 0:45:03
acc_train_cw(현재 train의 class별 acc) [0.0, 0.0, 1.0, 0.0, 0.0, 0.0, 0.0]
cw_psl_total_eval(pseudo label 클래스별 총 샘플 수):  [0, 0, 0, 0, 0, 0, 0]
cw_psl_correct_eval(pseudo label 클래스별 맞은 샘플 수):  [0, 0, 0, 0, 0, 0, 0]
psl_acc(PSL 평가에서의 정확도): None 
cw_psl_acc(클래스별 PSL 평가에서의 정확도):  [nan, nan, nan, nan, nan, nan, nan]
**pseudo_label ->  [0.1287, 0.1075, 0.1615, 0.1261, 0.1573, 0.1645, 0.1543] **
max =  0.1645 | max_idx =  5
**pseudo_label ->  [0.1267, 0.116, 0.1632, 0.1155, 0.1481, 0.164, 0.1666] **
max =  0.1666 | max_idx =  6
**pseudo_label ->  [0.1219, 0.1183, 0.1689, 0.1169, 0.1478, 0.163, 0.1632] **
max =  0.1689 | max_idx =  2
**pseudo_label ->  [0.1229, 0.113, 0.1654, 0.1215, 0.1645, 0.1609, 0.1519] **
max =  0.1654 | max_idx =  2
**pseudo_label ->  [0.1226, 0.1217, 0.1655, 0.1192, 0.1522, 0.1614, 0.1574] **
max =  0.1655 | max_idx =  2
Epoch 19/50, Train Loss: 1.9853, Valid Loss: 2.0161, Train Acc: 0.1429, Val Acc: 0.2280, Test Acc: 0.1230, Test F1: 0.0313, Total Pseudo-Labels: 0, Correct Pseudo-Labels: 0, Train Data Number: 70



line 303 => train data수 70
line 258 => 인스턴스 수 10
Step 190  Tim 0:47:29
acc_train_cw(현재 train의 class별 acc) [0.0, 0.0, 0.0, 0.0, 0.0, 0.0, 1.0]
cw_psl_total_eval(pseudo label 클래스별 총 샘플 수):  [0, 0, 0, 0, 0, 0, 0]
cw_psl_correct_eval(pseudo label 클래스별 맞은 샘플 수):  [0, 0, 0, 0, 0, 0, 0]
psl_acc(PSL 평가에서의 정확도): None 
cw_psl_acc(클래스별 PSL 평가에서의 정확도):  [nan, nan, nan, nan, nan, nan, nan]
**pseudo_label ->  [0.1464, 0.1481, 0.1191, 0.1241, 0.1512, 0.1423, 0.1686] **
max =  0.1686 | max_idx =  6
**pseudo_label ->  [0.156, 0.1361, 0.1179, 0.1374, 0.1394, 0.1543, 0.1589] **
max =  0.1589 | max_idx =  6
**pseudo_label ->  [0.1359, 0.1564, 0.1279, 0.1295, 0.1414, 0.1528, 0.1561] **
max =  0.1564 | max_idx =  1
**pseudo_label ->  [0.1385, 0.1476, 0.1255, 0.1249, 0.1532, 0.1516, 0.1588] **
max =  0.1588 | max_idx =  6
**pseudo_label ->  [0.1319, 0.1547, 0.1293, 0.1262, 0.1484, 0.1497, 0.1598] **
max =  0.1598 | max_idx =  6
Epoch 20/50, Train Loss: 1.9853, Valid Loss: 1.9302, Train Acc: 0.1429, Val Acc: 0.1173, Test Acc: 0.0184, Test F1: 0.0052, Total Pseudo-Labels: 0, Correct Pseudo-Labels: 0, Train Data Number: 70



line 303 => train data수 70
line 258 => 인스턴스 수 10
Step 200  Tim 0:49:57
acc_train_cw(현재 train의 class별 acc) [0.0, 0.0, 0.0, 0.0, 1.0, 0.0, 0.0]
cw_psl_total_eval(pseudo label 클래스별 총 샘플 수):  [0, 0, 0, 0, 0, 0, 0]
cw_psl_correct_eval(pseudo label 클래스별 맞은 샘플 수):  [0, 0, 0, 0, 0, 0, 0]
psl_acc(PSL 평가에서의 정확도): None 
cw_psl_acc(클래스별 PSL 평가에서의 정확도):  [nan, nan, nan, nan, nan, nan, nan]
**pseudo_label ->  [0.1449, 0.1227, 0.1422, 0.1316, 0.1841, 0.1305, 0.1439] **
max =  0.1841 | max_idx =  4
**pseudo_label ->  [0.1385, 0.1222, 0.1393, 0.1392, 0.1855, 0.1397, 0.1356] **
max =  0.1855 | max_idx =  4
**pseudo_label ->  [0.1381, 0.1328, 0.1412, 0.1446, 0.1805, 0.1286, 0.1342] **
max =  0.1805 | max_idx =  4
**pseudo_label ->  [0.137, 0.1331, 0.1457, 0.1366, 0.1854, 0.1284, 0.1338] **
max =  0.1854 | max_idx =  4
**pseudo_label ->  [0.1351, 0.1347, 0.1386, 0.1357, 0.1949, 0.128, 0.133] **
max =  0.1949 | max_idx =  4
Epoch 21/50, Train Loss: 1.9846, Valid Loss: 2.0009, Train Acc: 0.1429, Val Acc: 0.1433, Test Acc: 0.0430, Test F1: 0.0118, Total Pseudo-Labels: 0, Correct Pseudo-Labels: 0, Train Data Number: 70



line 303 => train data수 70
line 258 => 인스턴스 수 10
Step 210  Tim 0:52:23
acc_train_cw(현재 train의 class별 acc) [0.0, 1.0, 0.0, 0.0, 0.0, 0.0, 0.0]
cw_psl_total_eval(pseudo label 클래스별 총 샘플 수):  [0, 0, 0, 0, 0, 0, 0]
cw_psl_correct_eval(pseudo label 클래스별 맞은 샘플 수):  [0, 0, 0, 0, 0, 0, 0]
psl_acc(PSL 평가에서의 정확도): None 
cw_psl_acc(클래스별 PSL 평가에서의 정확도):  [nan, nan, nan, nan, nan, nan, nan]
**pseudo_label ->  [0.1213, 0.1884, 0.1385, 0.1237, 0.1707, 0.1137, 0.1437] **
max =  0.1884 | max_idx =  1
**pseudo_label ->  [0.1237, 0.1917, 0.1341, 0.1285, 0.1631, 0.1176, 0.1413] **
max =  0.1917 | max_idx =  1
**pseudo_label ->  [0.1189, 0.1912, 0.1409, 0.1252, 0.1676, 0.1159, 0.1403] **
max =  0.1912 | max_idx =  1
**pseudo_label ->  [0.1274, 0.181, 0.1324, 0.1242, 0.1779, 0.1234, 0.1337] **
max =  0.181 | max_idx =  1
**pseudo_label ->  [0.1327, 0.1794, 0.1319, 0.1322, 0.1655, 0.1133, 0.145] **
max =  0.1794 | max_idx =  1
Epoch 22/50, Train Loss: 1.9785, Valid Loss: 1.9750, Train Acc: 0.1429, Val Acc: 0.0065, Test Acc: 0.2787, Test F1: 0.0623, Total Pseudo-Labels: 0, Correct Pseudo-Labels: 0, Train Data Number: 70



line 303 => train data수 70
line 258 => 인스턴스 수 10
Step 220  Tim 0:54:50
acc_train_cw(현재 train의 class별 acc) [0.0, 0.0, 0.0, 0.0, 0.0, 0.0, 1.0]
cw_psl_total_eval(pseudo label 클래스별 총 샘플 수):  [0, 0, 0, 0, 0, 0, 0]
cw_psl_correct_eval(pseudo label 클래스별 맞은 샘플 수):  [0, 0, 0, 0, 0, 0, 0]
psl_acc(PSL 평가에서의 정확도): None 
cw_psl_acc(클래스별 PSL 평가에서의 정확도):  [nan, nan, nan, nan, nan, nan, nan]
**pseudo_label ->  [0.1407, 0.1351, 0.1112, 0.1411, 0.1354, 0.1323, 0.2042] **
max =  0.2042 | max_idx =  6
**pseudo_label ->  [0.1478, 0.1294, 0.1158, 0.1422, 0.1363, 0.1371, 0.1914] **
max =  0.1914 | max_idx =  6
**pseudo_label ->  [0.1452, 0.1226, 0.1247, 0.134, 0.1452, 0.1498, 0.1786] **
max =  0.1786 | max_idx =  6
**pseudo_label ->  [0.1388, 0.1221, 0.1158, 0.1467, 0.1446, 0.1408, 0.1913] **
max =  0.1913 | max_idx =  6
**pseudo_label ->  [0.1394, 0.1305, 0.1104, 0.1355, 0.1457, 0.1428, 0.1959] **
max =  0.1959 | max_idx =  6
Epoch 23/50, Train Loss: 1.9817, Valid Loss: 1.9309, Train Acc: 0.1429, Val Acc: 0.1173, Test Acc: 0.0184, Test F1: 0.0052, Total Pseudo-Labels: 0, Correct Pseudo-Labels: 0, Train Data Number: 70



line 303 => train data수 70
line 258 => 인스턴스 수 10
Step 230  Tim 0:57:19
acc_train_cw(현재 train의 class별 acc) [1.0, 0.0, 0.0, 0.0, 0.0, 0.0, 0.0]
cw_psl_total_eval(pseudo label 클래스별 총 샘플 수):  [0, 0, 0, 0, 0, 0, 0]
cw_psl_correct_eval(pseudo label 클래스별 맞은 샘플 수):  [0, 0, 0, 0, 0, 0, 0]
psl_acc(PSL 평가에서의 정확도): None 
cw_psl_acc(클래스별 PSL 평가에서의 정확도):  [nan, nan, nan, nan, nan, nan, nan]
**pseudo_label ->  [0.1868, 0.1103, 0.1324, 0.1485, 0.1303, 0.1237, 0.1681] **
max =  0.1868 | max_idx =  0
**pseudo_label ->  [0.2007, 0.104, 0.1407, 0.1391, 0.1223, 0.1326, 0.1606] **
max =  0.2007 | max_idx =  0
**pseudo_label ->  [0.1876, 0.1082, 0.1346, 0.1426, 0.1296, 0.1247, 0.1728] **
max =  0.1876 | max_idx =  0
**pseudo_label ->  [0.1979, 0.1058, 0.1378, 0.141, 0.1301, 0.1265, 0.1609] **
max =  0.1979 | max_idx =  0
**pseudo_label ->  [0.1864, 0.1112, 0.1395, 0.1419, 0.1303, 0.122, 0.1688] **
max =  0.1864 | max_idx =  0
Epoch 24/50, Train Loss: 1.9946, Valid Loss: 1.9792, Train Acc: 0.1429, Val Acc: 0.0912, Test Acc: 0.0779, Test F1: 0.0206, Total Pseudo-Labels: 0, Correct Pseudo-Labels: 0, Train Data Number: 70



line 303 => train data수 70
line 258 => 인스턴스 수 10
Step 240  Tim 0:59:49
acc_train_cw(현재 train의 class별 acc) [0.0, 1.0, 0.0, 0.0, 0.0, 0.0, 0.0]
cw_psl_total_eval(pseudo label 클래스별 총 샘플 수):  [0, 0, 0, 0, 0, 0, 0]
cw_psl_correct_eval(pseudo label 클래스별 맞은 샘플 수):  [0, 0, 0, 0, 0, 0, 0]
psl_acc(PSL 평가에서의 정확도): None 
cw_psl_acc(클래스별 PSL 평가에서의 정확도):  [nan, nan, nan, nan, nan, nan, nan]
**pseudo_label ->  [0.1491, 0.1514, 0.1403, 0.1371, 0.1458, 0.1355, 0.1408] **
max =  0.1514 | max_idx =  1
**pseudo_label ->  [0.1535, 0.1473, 0.1391, 0.1353, 0.1506, 0.136, 0.1382] **
max =  0.1535 | max_idx =  0
**pseudo_label ->  [0.1576, 0.1498, 0.1341, 0.1352, 0.1426, 0.1392, 0.1414] **
max =  0.1576 | max_idx =  0
**pseudo_label ->  [0.1594, 0.153, 0.1348, 0.1294, 0.147, 0.1305, 0.1458] **
max =  0.1594 | max_idx =  0
**pseudo_label ->  [0.1485, 0.1544, 0.1362, 0.1323, 0.1451, 0.1469, 0.1365] **
max =  0.1544 | max_idx =  1
Epoch 25/50, Train Loss: 1.9530, Valid Loss: 1.9857, Train Acc: 0.1429, Val Acc: 0.0065, Test Acc: 0.2787, Test F1: 0.0623, Total Pseudo-Labels: 0, Correct Pseudo-Labels: 0, Train Data Number: 70



line 303 => train data수 70
line 258 => 인스턴스 수 10
Step 250  Tim 1:02:16
acc_train_cw(현재 train의 class별 acc) [0.0, 0.0, 1.0, 0.0, 0.0, 0.0, 0.0]
cw_psl_total_eval(pseudo label 클래스별 총 샘플 수):  [0, 0, 0, 0, 0, 0, 0]
cw_psl_correct_eval(pseudo label 클래스별 맞은 샘플 수):  [0, 0, 0, 0, 0, 0, 0]
psl_acc(PSL 평가에서의 정확도): None 
cw_psl_acc(클래스별 PSL 평가에서의 정확도):  [nan, nan, nan, nan, nan, nan, nan]
**pseudo_label ->  [0.1498, 0.1557, 0.1605, 0.1278, 0.126, 0.141, 0.1393] **
max =  0.1605 | max_idx =  2
**pseudo_label ->  [0.1562, 0.174, 0.1722, 0.1188, 0.085, 0.1829, 0.1109] **
max =  0.1829 | max_idx =  5
**pseudo_label ->  [0.1589, 0.1552, 0.1568, 0.1311, 0.1239, 0.1385, 0.1356] **
max =  0.1589 | max_idx =  0
**pseudo_label ->  [0.1577, 0.1496, 0.165, 0.1255, 0.1229, 0.1444, 0.1349] **
max =  0.165 | max_idx =  2
**pseudo_label ->  [0.1648, 0.1366, 0.1542, 0.1362, 0.1116, 0.1501, 0.1465] **
max =  0.1648 | max_idx =  0
Epoch 26/50, Train Loss: 1.9665, Valid Loss: 1.9686, Train Acc: 0.1429, Val Acc: 0.2280, Test Acc: 0.1230, Test F1: 0.0313, Total Pseudo-Labels: 0, Correct Pseudo-Labels: 0, Train Data Number: 70



line 303 => train data수 70
line 258 => 인스턴스 수 10
Step 260  Tim 1:04:44
acc_train_cw(현재 train의 class별 acc) [0.0, 0.0, 1.0, 0.0, 0.0, 0.0, 0.0]
cw_psl_total_eval(pseudo label 클래스별 총 샘플 수):  [0, 0, 0, 0, 0, 0, 0]
cw_psl_correct_eval(pseudo label 클래스별 맞은 샘플 수):  [0, 0, 0, 0, 0, 0, 0]
psl_acc(PSL 평가에서의 정확도): None 
cw_psl_acc(클래스별 PSL 평가에서의 정확도):  [nan, nan, nan, nan, nan, nan, nan]
**pseudo_label ->  [0.1319, 0.15, 0.1845, 0.1229, 0.1313, 0.147, 0.1323] **
max =  0.1845 | max_idx =  2
**pseudo_label ->  [0.1249, 0.1583, 0.1844, 0.1314, 0.1364, 0.1389, 0.1257] **
max =  0.1844 | max_idx =  2
**pseudo_label ->  [0.1315, 0.1597, 0.1878, 0.1259, 0.1349, 0.1336, 0.1267] **
max =  0.1878 | max_idx =  2
**pseudo_label ->  [0.1286, 0.1535, 0.1953, 0.1303, 0.1353, 0.1379, 0.1192] **
max =  0.1953 | max_idx =  2
**pseudo_label ->  [0.1314, 0.1497, 0.1889, 0.1214, 0.137, 0.1478, 0.1237] **
max =  0.1889 | max_idx =  2
Epoch 27/50, Train Loss: 1.9713, Valid Loss: 1.9438, Train Acc: 0.1429, Val Acc: 0.2280, Test Acc: 0.1230, Test F1: 0.0313, Total Pseudo-Labels: 0, Correct Pseudo-Labels: 0, Train Data Number: 70



line 303 => train data수 70
line 258 => 인스턴스 수 10
Step 270  Tim 1:07:13
acc_train_cw(현재 train의 class별 acc) [0.0, 0.0, 0.0, 0.0, 1.0, 0.0, 0.0]
cw_psl_total_eval(pseudo label 클래스별 총 샘플 수):  [0, 0, 0, 0, 0, 0, 0]
cw_psl_correct_eval(pseudo label 클래스별 맞은 샘플 수):  [0, 0, 0, 0, 0, 0, 0]
psl_acc(PSL 평가에서의 정확도): None 
cw_psl_acc(클래스별 PSL 평가에서의 정확도):  [nan, nan, nan, nan, nan, nan, nan]
**pseudo_label ->  [0.1377, 0.1503, 0.1402, 0.1494, 0.1456, 0.133, 0.1439] **
max =  0.1503 | max_idx =  1
**pseudo_label ->  [0.1366, 0.1492, 0.1356, 0.1427, 0.1623, 0.1328, 0.1409] **
max =  0.1623 | max_idx =  4
**pseudo_label ->  [0.1405, 0.145, 0.1347, 0.1484, 0.1512, 0.126, 0.1541] **
max =  0.1541 | max_idx =  6
**pseudo_label ->  [0.1498, 0.1335, 0.1219, 0.1447, 0.1372, 0.1488, 0.1641] **
max =  0.1641 | max_idx =  6
**pseudo_label ->  [0.1369, 0.1473, 0.1377, 0.146, 0.1516, 0.1299, 0.1505] **
max =  0.1516 | max_idx =  4
Epoch 28/50, Train Loss: 1.9954, Valid Loss: 1.9523, Train Acc: 0.1429, Val Acc: 0.1433, Test Acc: 0.0430, Test F1: 0.0118, Total Pseudo-Labels: 0, Correct Pseudo-Labels: 0, Train Data Number: 70



line 303 => train data수 70
line 258 => 인스턴스 수 10
Step 280  Tim 1:09:41
acc_train_cw(현재 train의 class별 acc) [0.0, 0.0, 0.0, 0.0, 0.0, 0.0, 1.0]
cw_psl_total_eval(pseudo label 클래스별 총 샘플 수):  [0, 0, 0, 0, 0, 0, 0]
cw_psl_correct_eval(pseudo label 클래스별 맞은 샘플 수):  [0, 0, 0, 0, 0, 0, 0]
psl_acc(PSL 평가에서의 정확도): None 
cw_psl_acc(클래스별 PSL 평가에서의 정확도):  [nan, nan, nan, nan, nan, nan, nan]
**pseudo_label ->  [0.1611, 0.1393, 0.1049, 0.1619, 0.1359, 0.1325, 0.1645] **
max =  0.1645 | max_idx =  6
**pseudo_label ->  [0.1553, 0.1357, 0.1075, 0.1579, 0.1365, 0.1374, 0.1698] **
max =  0.1698 | max_idx =  6
**pseudo_label ->  [0.1516, 0.143, 0.1052, 0.1631, 0.1343, 0.1377, 0.1651] **
max =  0.1651 | max_idx =  6
**pseudo_label ->  [0.1584, 0.1375, 0.111, 0.1624, 0.133, 0.1275, 0.1702] **
max =  0.1702 | max_idx =  6
**pseudo_label ->  [0.1556, 0.1416, 0.1038, 0.1605, 0.1384, 0.1399, 0.1602] **
max =  0.1605 | max_idx =  3
Epoch 29/50, Train Loss: 1.9963, Valid Loss: 2.0765, Train Acc: 0.1429, Val Acc: 0.1173, Test Acc: 0.0184, Test F1: 0.0052, Total Pseudo-Labels: 0, Correct Pseudo-Labels: 0, Train Data Number: 70



line 303 => train data수 70
line 258 => 인스턴스 수 10
Step 290  Tim 1:12:08
acc_train_cw(현재 train의 class별 acc) [1.0, 0.0, 0.0, 0.0, 0.0, 0.0, 0.0]
cw_psl_total_eval(pseudo label 클래스별 총 샘플 수):  [0, 0, 0, 0, 0, 0, 0]
cw_psl_correct_eval(pseudo label 클래스별 맞은 샘플 수):  [0, 0, 0, 0, 0, 0, 0]
psl_acc(PSL 평가에서의 정확도): None 
cw_psl_acc(클래스별 PSL 평가에서의 정확도):  [nan, nan, nan, nan, nan, nan, nan]
**pseudo_label ->  [0.1681, 0.1536, 0.138, 0.1067, 0.1542, 0.1427, 0.1366] **
max =  0.1681 | max_idx =  0
**pseudo_label ->  [0.1906, 0.2475, 0.0921, 0.0635, 0.1509, 0.1097, 0.1456] **
max =  0.2475 | max_idx =  1
**pseudo_label ->  [0.1749, 0.1723, 0.1265, 0.1067, 0.1429, 0.1245, 0.1523] **
max =  0.1749 | max_idx =  0
**pseudo_label ->  [0.1632, 0.1836, 0.1249, 0.1082, 0.1408, 0.1271, 0.1522] **
max =  0.1836 | max_idx =  1
**pseudo_label ->  [0.171, 0.179, 0.1247, 0.1073, 0.1431, 0.1264, 0.1485] **
max =  0.179 | max_idx =  1
Epoch 30/50, Train Loss: 1.9603, Valid Loss: 1.9685, Train Acc: 0.1429, Val Acc: 0.0912, Test Acc: 0.0779, Test F1: 0.0206, Total Pseudo-Labels: 0, Correct Pseudo-Labels: 0, Train Data Number: 70



line 303 => train data수 70
line 258 => 인스턴스 수 10
Step 300  Tim 1:14:38
acc_train_cw(현재 train의 class별 acc) [0.0, 0.0, 1.0, 0.0, 0.0, 0.0, 0.0]
cw_psl_total_eval(pseudo label 클래스별 총 샘플 수):  [0, 0, 0, 0, 0, 0, 0]
cw_psl_correct_eval(pseudo label 클래스별 맞은 샘플 수):  [0, 0, 0, 0, 0, 0, 0]
psl_acc(PSL 평가에서의 정확도): None 
cw_psl_acc(클래스별 PSL 평가에서의 정확도):  [nan, nan, nan, nan, nan, nan, nan]
**pseudo_label ->  [0.1318, 0.1575, 0.1714, 0.1217, 0.1435, 0.1449, 0.1292] **
max =  0.1714 | max_idx =  2
**pseudo_label ->  [0.1251, 0.1363, 0.1784, 0.1265, 0.1511, 0.1692, 0.1135] **
max =  0.1784 | max_idx =  2
**pseudo_label ->  [0.1358, 0.1516, 0.1796, 0.1204, 0.1432, 0.1394, 0.13] **
max =  0.1796 | max_idx =  2
**pseudo_label ->  [0.1364, 0.1498, 0.1786, 0.1289, 0.1469, 0.1371, 0.1223] **
max =  0.1786 | max_idx =  2
**pseudo_label ->  [0.1447, 0.1475, 0.1738, 0.1274, 0.1393, 0.1466, 0.1207] **
max =  0.1738 | max_idx =  2
Epoch 31/50, Train Loss: 1.9520, Valid Loss: 1.9016, Train Acc: 0.1429, Val Acc: 0.2280, Test Acc: 0.1230, Test F1: 0.0313, Total Pseudo-Labels: 0, Correct Pseudo-Labels: 0, Train Data Number: 70



line 303 => train data수 70
line 258 => 인스턴스 수 10
Step 310  Tim 1:17:09
acc_train_cw(현재 train의 class별 acc) [0.0, 0.0, 1.0, 0.0, 0.0, 0.0, 0.0]
cw_psl_total_eval(pseudo label 클래스별 총 샘플 수):  [0, 0, 0, 0, 0, 0, 0]
cw_psl_correct_eval(pseudo label 클래스별 맞은 샘플 수):  [0, 0, 0, 0, 0, 0, 0]
psl_acc(PSL 평가에서의 정확도): None 
cw_psl_acc(클래스별 PSL 평가에서의 정확도):  [nan, nan, nan, nan, nan, nan, nan]
**pseudo_label ->  [0.1251, 0.1301, 0.1598, 0.1658, 0.1519, 0.1457, 0.1215] **
max =  0.1658 | max_idx =  3
**pseudo_label ->  [0.1245, 0.1239, 0.1691, 0.1583, 0.1423, 0.1586, 0.1232] **
max =  0.1691 | max_idx =  2
**pseudo_label ->  [0.1223, 0.1209, 0.1695, 0.1597, 0.1507, 0.1609, 0.116] **
max =  0.1695 | max_idx =  2
**pseudo_label ->  [0.1159, 0.1304, 0.1382, 0.1466, 0.1813, 0.1547, 0.133] **
max =  0.1813 | max_idx =  4
**pseudo_label ->  [0.1299, 0.1287, 0.1602, 0.1647, 0.1513, 0.1412, 0.124] **
max =  0.1647 | max_idx =  3
Epoch 32/50, Train Loss: 1.9993, Valid Loss: 1.9463, Train Acc: 0.1429, Val Acc: 0.2280, Test Acc: 0.1230, Test F1: 0.0313, Total Pseudo-Labels: 0, Correct Pseudo-Labels: 0, Train Data Number: 70



line 303 => train data수 70
line 258 => 인스턴스 수 10
Step 320  Tim 1:19:35
acc_train_cw(현재 train의 class별 acc) [0.0, 1.0, 0.0, 0.0, 0.0, 0.0, 0.0]
cw_psl_total_eval(pseudo label 클래스별 총 샘플 수):  [0, 0, 0, 0, 0, 0, 0]
cw_psl_correct_eval(pseudo label 클래스별 맞은 샘플 수):  [0, 0, 0, 0, 0, 0, 0]
psl_acc(PSL 평가에서의 정확도): None 
cw_psl_acc(클래스별 PSL 평가에서의 정확도):  [nan, nan, nan, nan, nan, nan, nan]
**pseudo_label ->  [0.1176, 0.2012, 0.1223, 0.2092, 0.1174, 0.1312, 0.1012] **
max =  0.2092 | max_idx =  3
**pseudo_label ->  [0.1342, 0.1584, 0.1251, 0.1568, 0.1402, 0.1456, 0.1397] **
max =  0.1584 | max_idx =  1
**pseudo_label ->  [0.1359, 0.1587, 0.1276, 0.1582, 0.1286, 0.1514, 0.1395] **
max =  0.1587 | max_idx =  1
**pseudo_label ->  [0.11, 0.2037, 0.0988, 0.1835, 0.137, 0.1605, 0.1064] **
max =  0.2037 | max_idx =  1
**pseudo_label ->  [0.1332, 0.1617, 0.1314, 0.1547, 0.1411, 0.1422, 0.1358] **
max =  0.1617 | max_idx =  1
Epoch 33/50, Train Loss: 2.0067, Valid Loss: 1.9802, Train Acc: 0.1429, Val Acc: 0.0065, Test Acc: 0.2787, Test F1: 0.0623, Total Pseudo-Labels: 0, Correct Pseudo-Labels: 0, Train Data Number: 70



line 303 => train data수 70
line 258 => 인스턴스 수 10
Step 330  Tim 1:22:04
acc_train_cw(현재 train의 class별 acc) [0.0, 0.0, 0.0, 0.0, 0.0, 0.0, 1.0]
cw_psl_total_eval(pseudo label 클래스별 총 샘플 수):  [0, 0, 0, 0, 0, 0, 0]
cw_psl_correct_eval(pseudo label 클래스별 맞은 샘플 수):  [0, 0, 0, 0, 0, 0, 0]
psl_acc(PSL 평가에서의 정확도): None 
cw_psl_acc(클래스별 PSL 평가에서의 정확도):  [nan, nan, nan, nan, nan, nan, nan]
**pseudo_label ->  [0.132, 0.1363, 0.1469, 0.1303, 0.1309, 0.1552, 0.1684] **
max =  0.1684 | max_idx =  6
**pseudo_label ->  [0.1347, 0.134, 0.1327, 0.1335, 0.1306, 0.1724, 0.162] **
max =  0.1724 | max_idx =  5
**pseudo_label ->  [0.1279, 0.1388, 0.1472, 0.1318, 0.1399, 0.1593, 0.1552] **
max =  0.1593 | max_idx =  5
**pseudo_label ->  [0.1352, 0.134, 0.152, 0.1291, 0.134, 0.1516, 0.164] **
max =  0.164 | max_idx =  6
**pseudo_label ->  [0.137, 0.1366, 0.1528, 0.1276, 0.1272, 0.1511, 0.1677] **
max =  0.1677 | max_idx =  6
Epoch 34/50, Train Loss: 1.9667, Valid Loss: 1.9789, Train Acc: 0.1429, Val Acc: 0.1173, Test Acc: 0.0184, Test F1: 0.0052, Total Pseudo-Labels: 0, Correct Pseudo-Labels: 0, Train Data Number: 70



line 303 => train data수 70
line 258 => 인스턴스 수 10
Step 340  Tim 1:24:33
acc_train_cw(현재 train의 class별 acc) [0.0, 1.0, 0.0, 0.0, 0.0, 0.0, 0.0]
cw_psl_total_eval(pseudo label 클래스별 총 샘플 수):  [0, 0, 0, 0, 0, 0, 0]
cw_psl_correct_eval(pseudo label 클래스별 맞은 샘플 수):  [0, 0, 0, 0, 0, 0, 0]
psl_acc(PSL 평가에서의 정확도): None 
cw_psl_acc(클래스별 PSL 평가에서의 정확도):  [nan, nan, nan, nan, nan, nan, nan]
**pseudo_label ->  [0.1385, 0.1666, 0.14, 0.1288, 0.1465, 0.1365, 0.143] **
max =  0.1666 | max_idx =  1
**pseudo_label ->  [0.1412, 0.1633, 0.1358, 0.1294, 0.1516, 0.1366, 0.142] **
max =  0.1633 | max_idx =  1
**pseudo_label ->  [0.1302, 0.1636, 0.1304, 0.1396, 0.1571, 0.1452, 0.1338] **
max =  0.1636 | max_idx =  1
**pseudo_label ->  [0.1383, 0.1478, 0.1466, 0.1371, 0.151, 0.1453, 0.134] **
max =  0.151 | max_idx =  4
**pseudo_label ->  [0.1383, 0.1537, 0.1449, 0.1361, 0.1521, 0.1385, 0.1363] **
max =  0.1537 | max_idx =  1
Epoch 35/50, Train Loss: 1.9656, Valid Loss: 1.9319, Train Acc: 0.1429, Val Acc: 0.0065, Test Acc: 0.2787, Test F1: 0.0623, Total Pseudo-Labels: 0, Correct Pseudo-Labels: 0, Train Data Number: 70



line 303 => train data수 70
line 258 => 인스턴스 수 10
Step 350  Tim 1:26:59
acc_train_cw(현재 train의 class별 acc) [0.0, 0.0, 0.0, 0.0, 0.0, 0.0, 1.0]
cw_psl_total_eval(pseudo label 클래스별 총 샘플 수):  [0, 0, 0, 0, 0, 0, 0]
cw_psl_correct_eval(pseudo label 클래스별 맞은 샘플 수):  [0, 0, 0, 0, 0, 0, 0]
psl_acc(PSL 평가에서의 정확도): None 
cw_psl_acc(클래스별 PSL 평가에서의 정확도):  [nan, nan, nan, nan, nan, nan, nan]
**pseudo_label ->  [0.1339, 0.1482, 0.158, 0.1423, 0.1302, 0.1343, 0.1532] **
max =  0.158 | max_idx =  2
**pseudo_label ->  [0.1327, 0.15, 0.1458, 0.1501, 0.1284, 0.136, 0.157] **
max =  0.157 | max_idx =  6
**pseudo_label ->  [0.1349, 0.1442, 0.1482, 0.1501, 0.1257, 0.1413, 0.1557] **
max =  0.1557 | max_idx =  6
**pseudo_label ->  [0.1431, 0.1469, 0.1454, 0.1466, 0.1307, 0.1364, 0.1508] **
max =  0.1508 | max_idx =  6
**pseudo_label ->  [0.1324, 0.1528, 0.1502, 0.1466, 0.1253, 0.1442, 0.1484] **
max =  0.1528 | max_idx =  1
Epoch 36/50, Train Loss: 1.9656, Valid Loss: 1.9456, Train Acc: 0.1429, Val Acc: 0.1173, Test Acc: 0.0184, Test F1: 0.0052, Total Pseudo-Labels: 0, Correct Pseudo-Labels: 0, Train Data Number: 70



line 303 => train data수 70
line 258 => 인스턴스 수 10
Step 360  Tim 1:29:27
acc_train_cw(현재 train의 class별 acc) [0.0, 1.0, 0.0, 0.0, 0.0, 0.0, 0.0]
cw_psl_total_eval(pseudo label 클래스별 총 샘플 수):  [0, 0, 0, 0, 0, 0, 0]
cw_psl_correct_eval(pseudo label 클래스별 맞은 샘플 수):  [0, 0, 0, 0, 0, 0, 0]
psl_acc(PSL 평가에서의 정확도): None 
cw_psl_acc(클래스별 PSL 평가에서의 정확도):  [nan, nan, nan, nan, nan, nan, nan]
**pseudo_label ->  [0.1503, 0.1583, 0.1474, 0.1505, 0.1131, 0.1423, 0.138] **
max =  0.1583 | max_idx =  1
**pseudo_label ->  [0.15, 0.1483, 0.1458, 0.148, 0.1162, 0.1443, 0.1474] **
max =  0.15 | max_idx =  0
**pseudo_label ->  [0.1497, 0.1567, 0.1462, 0.1497, 0.1178, 0.1376, 0.1423] **
max =  0.1567 | max_idx =  1
**pseudo_label ->  [0.1467, 0.1494, 0.1537, 0.1523, 0.1211, 0.1479, 0.1289] **
max =  0.1537 | max_idx =  2
**pseudo_label ->  [0.1541, 0.1621, 0.1346, 0.1527, 0.1119, 0.1415, 0.1432] **
max =  0.1621 | max_idx =  1
Epoch 37/50, Train Loss: 1.9685, Valid Loss: 1.9811, Train Acc: 0.1429, Val Acc: 0.0065, Test Acc: 0.2787, Test F1: 0.0623, Total Pseudo-Labels: 0, Correct Pseudo-Labels: 0, Train Data Number: 70



line 303 => train data수 70
line 258 => 인스턴스 수 10
Step 370  Tim 1:31:54
acc_train_cw(현재 train의 class별 acc) [0.0, 0.0, 0.0, 0.0, 0.0, 1.0, 0.0]
cw_psl_total_eval(pseudo label 클래스별 총 샘플 수):  [0, 0, 0, 0, 0, 0, 0]
cw_psl_correct_eval(pseudo label 클래스별 맞은 샘플 수):  [0, 0, 0, 0, 0, 0, 0]
psl_acc(PSL 평가에서의 정확도): None 
cw_psl_acc(클래스별 PSL 평가에서의 정확도):  [nan, nan, nan, nan, nan, nan, nan]
**pseudo_label ->  [0.1925, 0.0887, 0.1933, 0.0885, 0.0868, 0.2531, 0.097] **
max =  0.2531 | max_idx =  5
**pseudo_label ->  [0.1608, 0.125, 0.1521, 0.1233, 0.1271, 0.1719, 0.1397] **
max =  0.1719 | max_idx =  5
**pseudo_label ->  [0.1574, 0.1257, 0.1665, 0.1273, 0.1229, 0.1654, 0.1348] **
max =  0.1665 | max_idx =  2
**pseudo_label ->  [0.1712, 0.1168, 0.1591, 0.1255, 0.1195, 0.1802, 0.1277] **
max =  0.1802 | max_idx =  5
**pseudo_label ->  [0.166, 0.1226, 0.1532, 0.1304, 0.1294, 0.1524, 0.1459] **
max =  0.166 | max_idx =  0
Epoch 38/50, Train Loss: 1.9573, Valid Loss: 1.9782, Train Acc: 0.1429, Val Acc: 0.0261, Test Acc: 0.2971, Test F1: 0.0654, Total Pseudo-Labels: 0, Correct Pseudo-Labels: 0, Train Data Number: 70



line 303 => train data수 70
line 258 => 인스턴스 수 10
Step 380  Tim 1:34:21
acc_train_cw(현재 train의 class별 acc) [1.0, 0.0, 0.0, 0.0, 0.0, 0.0, 0.0]
cw_psl_total_eval(pseudo label 클래스별 총 샘플 수):  [0, 0, 0, 0, 0, 0, 0]
cw_psl_correct_eval(pseudo label 클래스별 맞은 샘플 수):  [0, 0, 0, 0, 0, 0, 0]
psl_acc(PSL 평가에서의 정확도): None 
cw_psl_acc(클래스별 PSL 평가에서의 정확도):  [nan, nan, nan, nan, nan, nan, nan]
**pseudo_label ->  [0.1605, 0.1314, 0.1493, 0.1354, 0.1261, 0.1384, 0.159] **
max =  0.1605 | max_idx =  0
**pseudo_label ->  [0.1598, 0.1283, 0.1547, 0.1359, 0.1291, 0.1503, 0.1419] **
max =  0.1598 | max_idx =  0
**pseudo_label ->  [0.173, 0.1356, 0.1485, 0.1289, 0.1228, 0.1429, 0.1483] **
max =  0.173 | max_idx =  0
**pseudo_label ->  [0.163, 0.1284, 0.1538, 0.1345, 0.129, 0.1511, 0.1402] **
max =  0.163 | max_idx =  0
**pseudo_label ->  [0.1633, 0.1421, 0.1473, 0.1291, 0.1246, 0.1403, 0.1532] **
max =  0.1633 | max_idx =  0
Epoch 39/50, Train Loss: 1.9683, Valid Loss: 1.9868, Train Acc: 0.1429, Val Acc: 0.0912, Test Acc: 0.0779, Test F1: 0.0206, Total Pseudo-Labels: 0, Correct Pseudo-Labels: 0, Train Data Number: 70



line 303 => train data수 70
line 258 => 인스턴스 수 10
Step 390  Tim 1:36:47
acc_train_cw(현재 train의 class별 acc) [0.0, 0.0, 0.0, 0.0, 0.0, 1.0, 0.0]
cw_psl_total_eval(pseudo label 클래스별 총 샘플 수):  [0, 0, 0, 0, 0, 0, 0]
cw_psl_correct_eval(pseudo label 클래스별 맞은 샘플 수):  [0, 0, 0, 0, 0, 0, 0]
psl_acc(PSL 평가에서의 정확도): None 
cw_psl_acc(클래스별 PSL 평가에서의 정확도):  [nan, nan, nan, nan, nan, nan, nan]
**pseudo_label ->  [0.1376, 0.1589, 0.1349, 0.1392, 0.1281, 0.1578, 0.1435] **
max =  0.1589 | max_idx =  1
**pseudo_label ->  [0.1345, 0.1555, 0.1354, 0.1368, 0.1335, 0.1576, 0.1468] **
max =  0.1576 | max_idx =  5
**pseudo_label ->  [0.1442, 0.1571, 0.1317, 0.1352, 0.1287, 0.1569, 0.1461] **
max =  0.1571 | max_idx =  1
**pseudo_label ->  [0.1433, 0.1457, 0.1367, 0.1407, 0.1363, 0.1531, 0.1442] **
max =  0.1531 | max_idx =  5
**pseudo_label ->  [0.1439, 0.151, 0.133, 0.134, 0.1312, 0.1637, 0.1432] **
max =  0.1637 | max_idx =  5
Epoch 40/50, Train Loss: 1.9501, Valid Loss: 1.9807, Train Acc: 0.1429, Val Acc: 0.0261, Test Acc: 0.2971, Test F1: 0.0654, Total Pseudo-Labels: 0, Correct Pseudo-Labels: 0, Train Data Number: 70



line 303 => train data수 70
line 258 => 인스턴스 수 10
Step 400  Tim 1:39:10
acc_train_cw(현재 train의 class별 acc) [0.0, 1.0, 0.0, 0.0, 0.0, 0.0, 0.0]
cw_psl_total_eval(pseudo label 클래스별 총 샘플 수):  [0, 0, 0, 0, 0, 0, 0]
cw_psl_correct_eval(pseudo label 클래스별 맞은 샘플 수):  [0, 0, 0, 0, 0, 0, 0]
psl_acc(PSL 평가에서의 정확도): None 
cw_psl_acc(클래스별 PSL 평가에서의 정확도):  [nan, nan, nan, nan, nan, nan, nan]
**pseudo_label ->  [0.1275, 0.1691, 0.1359, 0.1357, 0.1527, 0.1346, 0.1443] **
max =  0.1691 | max_idx =  1
**pseudo_label ->  [0.1213, 0.1722, 0.1351, 0.1346, 0.1534, 0.1282, 0.1552] **
max =  0.1722 | max_idx =  1
**pseudo_label ->  [0.122, 0.1572, 0.1371, 0.1365, 0.159, 0.1308, 0.1574] **
max =  0.159 | max_idx =  4
**pseudo_label ->  [0.1277, 0.1655, 0.1373, 0.1326, 0.1512, 0.1284, 0.1573] **
max =  0.1655 | max_idx =  1
**pseudo_label ->  [0.1231, 0.1663, 0.145, 0.1315, 0.1572, 0.1306, 0.1464] **
max =  0.1663 | max_idx =  1
Epoch 41/50, Train Loss: 1.9673, Valid Loss: 1.9688, Train Acc: 0.1429, Val Acc: 0.0065, Test Acc: 0.2787, Test F1: 0.0623, Total Pseudo-Labels: 0, Correct Pseudo-Labels: 0, Train Data Number: 70



line 303 => train data수 70
line 258 => 인스턴스 수 10
Step 410  Tim 1:41:40
acc_train_cw(현재 train의 class별 acc) [0.0, 0.0, 0.0, 0.0, 1.0, 0.0, 0.0]
cw_psl_total_eval(pseudo label 클래스별 총 샘플 수):  [0, 0, 0, 0, 0, 0, 0]
cw_psl_correct_eval(pseudo label 클래스별 맞은 샘플 수):  [0, 0, 0, 0, 0, 0, 0]
psl_acc(PSL 평가에서의 정확도): None 
cw_psl_acc(클래스별 PSL 평가에서의 정확도):  [nan, nan, nan, nan, nan, nan, nan]
**pseudo_label ->  [0.1357, 0.1439, 0.147, 0.1352, 0.1716, 0.12, 0.1466] **
max =  0.1716 | max_idx =  4
**pseudo_label ->  [0.1333, 0.1334, 0.1608, 0.1271, 0.1836, 0.1302, 0.1317] **
max =  0.1836 | max_idx =  4
**pseudo_label ->  [0.1371, 0.1522, 0.1573, 0.1156, 0.1702, 0.1314, 0.1362] **
max =  0.1702 | max_idx =  4
**pseudo_label ->  [0.1431, 0.1381, 0.1505, 0.1281, 0.169, 0.1249, 0.1464] **
max =  0.169 | max_idx =  4
**pseudo_label ->  [0.1399, 0.1437, 0.1535, 0.1215, 0.175, 0.1205, 0.1459] **
max =  0.175 | max_idx =  4
Epoch 42/50, Train Loss: 1.9836, Valid Loss: 1.9769, Train Acc: 0.1429, Val Acc: 0.1433, Test Acc: 0.0430, Test F1: 0.0118, Total Pseudo-Labels: 0, Correct Pseudo-Labels: 0, Train Data Number: 70



line 303 => train data수 70
line 258 => 인스턴스 수 10
Step 420  Tim 1:44:09
acc_train_cw(현재 train의 class별 acc) [0.0, 0.0, 0.0, 0.0, 0.0, 0.0, 1.0]
cw_psl_total_eval(pseudo label 클래스별 총 샘플 수):  [0, 0, 0, 0, 0, 0, 0]
cw_psl_correct_eval(pseudo label 클래스별 맞은 샘플 수):  [0, 0, 0, 0, 0, 0, 0]
psl_acc(PSL 평가에서의 정확도): None 
cw_psl_acc(클래스별 PSL 평가에서의 정확도):  [nan, nan, nan, nan, nan, nan, nan]
**pseudo_label ->  [0.0948, 0.127, 0.1941, 0.093, 0.1763, 0.1221, 0.1929] **
max =  0.1941 | max_idx =  2
**pseudo_label ->  [0.1322, 0.1135, 0.1649, 0.1223, 0.1551, 0.1412, 0.1707] **
max =  0.1707 | max_idx =  6
**pseudo_label ->  [0.1295, 0.1351, 0.1583, 0.1197, 0.152, 0.1304, 0.1749] **
max =  0.1749 | max_idx =  6
**pseudo_label ->  [0.1297, 0.1161, 0.1593, 0.1223, 0.159, 0.1525, 0.1611] **
max =  0.1611 | max_idx =  6
**pseudo_label ->  [0.1264, 0.1256, 0.1577, 0.1156, 0.1601, 0.1347, 0.18] **
max =  0.18 | max_idx =  6
Epoch 43/50, Train Loss: 2.0081, Valid Loss: 1.9329, Train Acc: 0.1429, Val Acc: 0.1173, Test Acc: 0.0184, Test F1: 0.0052, Total Pseudo-Labels: 0, Correct Pseudo-Labels: 0, Train Data Number: 70



line 303 => train data수 70
line 258 => 인스턴스 수 10
Step 430  Tim 1:46:36
acc_train_cw(현재 train의 class별 acc) [0.0, 0.0, 0.0, 1.0, 0.0, 0.0, 0.0]
cw_psl_total_eval(pseudo label 클래스별 총 샘플 수):  [0, 0, 0, 0, 0, 0, 0]
cw_psl_correct_eval(pseudo label 클래스별 맞은 샘플 수):  [0, 0, 0, 0, 0, 0, 0]
psl_acc(PSL 평가에서의 정확도): None 
cw_psl_acc(클래스별 PSL 평가에서의 정확도):  [nan, nan, nan, nan, nan, nan, nan]
**pseudo_label ->  [0.1357, 0.1486, 0.1333, 0.1601, 0.1175, 0.1453, 0.1594] **
max =  0.1601 | max_idx =  3
**pseudo_label ->  [0.1433, 0.1503, 0.1407, 0.1665, 0.1082, 0.1422, 0.1487] **
max =  0.1665 | max_idx =  3
**pseudo_label ->  [0.136, 0.1489, 0.1428, 0.1616, 0.1179, 0.141, 0.1518] **
max =  0.1616 | max_idx =  3
**pseudo_label ->  [0.1434, 0.1537, 0.1326, 0.1622, 0.1139, 0.1434, 0.1508] **
max =  0.1622 | max_idx =  3
**pseudo_label ->  [0.1386, 0.155, 0.1403, 0.1592, 0.1122, 0.1445, 0.1502] **
max =  0.1592 | max_idx =  3
Epoch 44/50, Train Loss: 1.9794, Valid Loss: 1.9061, Train Acc: 0.1429, Val Acc: 0.3876, Test Acc: 0.1619, Test F1: 0.0398, Total Pseudo-Labels: 0, Correct Pseudo-Labels: 0, Train Data Number: 70



line 303 => train data수 70
line 258 => 인스턴스 수 10
Step 440  Tim 1:48:58
acc_train_cw(현재 train의 class별 acc) [0.0, 0.0, 0.0, 1.0, 0.0, 0.0, 0.0]
cw_psl_total_eval(pseudo label 클래스별 총 샘플 수):  [0, 0, 0, 0, 0, 0, 0]
cw_psl_correct_eval(pseudo label 클래스별 맞은 샘플 수):  [0, 0, 0, 0, 0, 0, 0]
psl_acc(PSL 평가에서의 정확도): None 
cw_psl_acc(클래스별 PSL 평가에서의 정확도):  [nan, nan, nan, nan, nan, nan, nan]
**pseudo_label ->  [0.1279, 0.1644, 0.123, 0.1732, 0.138, 0.1141, 0.1594] **
max =  0.1732 | max_idx =  3
**pseudo_label ->  [0.1244, 0.1668, 0.126, 0.1738, 0.1414, 0.1136, 0.154] **
max =  0.1738 | max_idx =  3
**pseudo_label ->  [0.0789, 0.2075, 0.104, 0.22, 0.1428, 0.0939, 0.1529] **
max =  0.22 | max_idx =  3
**pseudo_label ->  [0.1248, 0.1613, 0.1226, 0.1748, 0.1454, 0.1147, 0.1565] **
max =  0.1748 | max_idx =  3
**pseudo_label ->  [0.1246, 0.169, 0.1237, 0.1743, 0.1376, 0.1224, 0.1484] **
max =  0.1743 | max_idx =  3
Epoch 45/50, Train Loss: 1.9622, Valid Loss: 1.9290, Train Acc: 0.1429, Val Acc: 0.3876, Test Acc: 0.1619, Test F1: 0.0398, Total Pseudo-Labels: 0, Correct Pseudo-Labels: 0, Train Data Number: 70



line 303 => train data수 70
line 258 => 인스턴스 수 10
Step 450  Tim 1:50:03
acc_train_cw(현재 train의 class별 acc) [0.0, 0.0, 0.0, 0.0, 0.0, 0.0, 1.0]
cw_psl_total_eval(pseudo label 클래스별 총 샘플 수):  [0, 0, 0, 0, 0, 0, 0]
cw_psl_correct_eval(pseudo label 클래스별 맞은 샘플 수):  [0, 0, 0, 0, 0, 0, 0]
psl_acc(PSL 평가에서의 정확도): None 
cw_psl_acc(클래스별 PSL 평가에서의 정확도):  [nan, nan, nan, nan, nan, nan, nan]
**pseudo_label ->  [0.1316, 0.144, 0.12, 0.1871, 0.1757, 0.0849, 0.1567] **
max =  0.1871 | max_idx =  3
**pseudo_label ->  [0.1408, 0.1461, 0.1383, 0.1519, 0.1428, 0.1267, 0.1533] **
max =  0.1533 | max_idx =  6
**pseudo_label ->  [0.1423, 0.142, 0.1404, 0.1432, 0.1507, 0.1183, 0.163] **
max =  0.163 | max_idx =  6
**pseudo_label ->  [0.1378, 0.173, 0.1315, 0.1375, 0.1438, 0.1194, 0.1569] **
max =  0.173 | max_idx =  1
**pseudo_label ->  [0.129, 0.1953, 0.1084, 0.1421, 0.1533, 0.1059, 0.1659] **
max =  0.1953 | max_idx =  1
Epoch 46/50, Train Loss: 1.9607, Valid Loss: 1.9344, Train Acc: 0.1429, Val Acc: 0.1173, Test Acc: 0.0184, Test F1: 0.0052, Total Pseudo-Labels: 0, Correct Pseudo-Labels: 0, Train Data Number: 70



line 303 => train data수 70
line 258 => 인스턴스 수 10
Step 460  Tim 1:51:07
acc_train_cw(현재 train의 class별 acc) [0.0, 0.0, 0.0, 0.0, 1.0, 0.0, 0.0]
cw_psl_total_eval(pseudo label 클래스별 총 샘플 수):  [0, 0, 0, 0, 0, 0, 0]
cw_psl_correct_eval(pseudo label 클래스별 맞은 샘플 수):  [0, 0, 0, 0, 0, 0, 0]
psl_acc(PSL 평가에서의 정확도): None 
cw_psl_acc(클래스별 PSL 평가에서의 정확도):  [nan, nan, nan, nan, nan, nan, nan]
**pseudo_label ->  [0.145, 0.1342, 0.1032, 0.142, 0.2104, 0.1216, 0.1436] **
max =  0.2104 | max_idx =  4
**pseudo_label ->  [0.1325, 0.1379, 0.1364, 0.1466, 0.1737, 0.1285, 0.1445] **
max =  0.1737 | max_idx =  4
**pseudo_label ->  [0.1356, 0.1299, 0.1376, 0.1435, 0.176, 0.1307, 0.1466] **
max =  0.176 | max_idx =  4
**pseudo_label ->  [0.139, 0.1418, 0.1346, 0.1435, 0.1803, 0.1266, 0.1342] **
max =  0.1803 | max_idx =  4
**pseudo_label ->  [0.1041, 0.1423, 0.1214, 0.1272, 0.2477, 0.1005, 0.1566] **
max =  0.2477 | max_idx =  4
Epoch 47/50, Train Loss: 1.9681, Valid Loss: 1.9864, Train Acc: 0.1429, Val Acc: 0.1433, Test Acc: 0.0430, Test F1: 0.0118, Total Pseudo-Labels: 0, Correct Pseudo-Labels: 0, Train Data Number: 70



line 303 => train data수 70
line 258 => 인스턴스 수 10
Step 470  Tim 1:52:11
acc_train_cw(현재 train의 class별 acc) [0.0, 1.0, 0.0, 0.0, 0.0, 0.0, 0.0]
cw_psl_total_eval(pseudo label 클래스별 총 샘플 수):  [0, 0, 0, 0, 0, 0, 0]
cw_psl_correct_eval(pseudo label 클래스별 맞은 샘플 수):  [0, 0, 0, 0, 0, 0, 0]
psl_acc(PSL 평가에서의 정확도): None 
cw_psl_acc(클래스별 PSL 평가에서의 정확도):  [nan, nan, nan, nan, nan, nan, nan]
**pseudo_label ->  [0.1455, 0.1533, 0.1243, 0.1326, 0.1504, 0.1369, 0.1569] **
max =  0.1569 | max_idx =  6
**pseudo_label ->  [0.1473, 0.1358, 0.1298, 0.1423, 0.1561, 0.1379, 0.151] **
max =  0.1561 | max_idx =  4
**pseudo_label ->  [0.1582, 0.1443, 0.1217, 0.1378, 0.1581, 0.1347, 0.1451] **
max =  0.1582 | max_idx =  0
**pseudo_label ->  [0.1619, 0.154, 0.1317, 0.1286, 0.1499, 0.1283, 0.1457] **
max =  0.1619 | max_idx =  0
**pseudo_label ->  [0.1508, 0.1522, 0.1282, 0.1416, 0.1468, 0.13, 0.1504] **
max =  0.1522 | max_idx =  1
Epoch 48/50, Train Loss: 1.9760, Valid Loss: 1.9598, Train Acc: 0.1429, Val Acc: 0.0065, Test Acc: 0.2787, Test F1: 0.0623, Total Pseudo-Labels: 0, Correct Pseudo-Labels: 0, Train Data Number: 70



line 303 => train data수 70
line 258 => 인스턴스 수 10
Step 480  Tim 1:53:16
acc_train_cw(현재 train의 class별 acc) [0.0, 1.0, 0.0, 0.0, 0.0, 0.0, 0.0]
cw_psl_total_eval(pseudo label 클래스별 총 샘플 수):  [0, 0, 0, 0, 0, 0, 0]
cw_psl_correct_eval(pseudo label 클래스별 맞은 샘플 수):  [0, 0, 0, 0, 0, 0, 0]
psl_acc(PSL 평가에서의 정확도): None 
cw_psl_acc(클래스별 PSL 평가에서의 정확도):  [nan, nan, nan, nan, nan, nan, nan]
**pseudo_label ->  [0.1473, 0.1619, 0.1351, 0.1467, 0.1584, 0.1333, 0.1174] **
max =  0.1619 | max_idx =  1
**pseudo_label ->  [0.1416, 0.1711, 0.1287, 0.1454, 0.1564, 0.1318, 0.1252] **
max =  0.1711 | max_idx =  1
**pseudo_label ->  [0.1429, 0.1633, 0.1356, 0.1427, 0.1628, 0.1318, 0.121] **
max =  0.1633 | max_idx =  1
**pseudo_label ->  [0.1434, 0.1623, 0.1345, 0.151, 0.1585, 0.1274, 0.123] **
max =  0.1623 | max_idx =  1
**pseudo_label ->  [0.1506, 0.1722, 0.1343, 0.1471, 0.1501, 0.127, 0.1187] **
max =  0.1722 | max_idx =  1
Epoch 49/50, Train Loss: 1.9677, Valid Loss: 1.9424, Train Acc: 0.1429, Val Acc: 0.0065, Test Acc: 0.2787, Test F1: 0.0623, Total Pseudo-Labels: 0, Correct Pseudo-Labels: 0, Train Data Number: 70



line 303 => train data수 70
line 258 => 인스턴스 수 10
Step 490  Tim 1:54:45
acc_train_cw(현재 train의 class별 acc) [0.0, 0.0, 0.0, 0.0, 0.0, 0.0, 1.0]
cw_psl_total_eval(pseudo label 클래스별 총 샘플 수):  [0, 0, 0, 0, 0, 0, 0]
cw_psl_correct_eval(pseudo label 클래스별 맞은 샘플 수):  [0, 0, 0, 0, 0, 0, 0]
psl_acc(PSL 평가에서의 정확도): None 
cw_psl_acc(클래스별 PSL 평가에서의 정확도):  [nan, nan, nan, nan, nan, nan, nan]
**pseudo_label ->  [0.1434, 0.1405, 0.1295, 0.1505, 0.1477, 0.1372, 0.1511] **
max =  0.1511 | max_idx =  6
**pseudo_label ->  [0.1323, 0.1362, 0.1312, 0.1425, 0.1505, 0.1477, 0.1595] **
max =  0.1595 | max_idx =  6
**pseudo_label ->  [0.1366, 0.1398, 0.1266, 0.1486, 0.1561, 0.1292, 0.1632] **
max =  0.1632 | max_idx =  6
**pseudo_label ->  [0.1335, 0.1372, 0.1285, 0.1502, 0.1494, 0.1345, 0.1666] **
max =  0.1666 | max_idx =  6
**pseudo_label ->  [0.1387, 0.1405, 0.1322, 0.1488, 0.1553, 0.1341, 0.1504] **
max =  0.1553 | max_idx =  4
Epoch 50/50, Train Loss: 1.9778, Valid Loss: 1.9740, Train Acc: 0.1429, Val Acc: 0.1173, Test Acc: 0.0184, Test F1: 0.0052, Total Pseudo-Labels: 0, Correct Pseudo-Labels: 0, Train Data Number: 70

Training complete!
Total training took 1:56:47 (h:mm:ss)
Load model from ./experiment/python_extended_data/output/10_graphcodebert-base_0.00025_0.7_python_extended_data_net0.pth
Save training statistics in:  ./experiment/python_extended_data/log/graphcodebert/class5//10_graphcodebert-base_0.00025_0.7_python_extended_data/training_statistics.csv

best_trian_loss, epoch => 1.9501322984695435 40
Epoch-1_train_loss => 2.1032748579978944
max_epoch_train_loss => 1.9777731537818908 


best_val_loss, epoch =>  1.8569024913862395 8
Epoch-1_val_loss => 1.9115848704347393
max_epoch_val_loss => 1.9740258428095219 

pse_epoch =>  []
추가되는 pse_epoch =>  [] 

total_data:  70 
Best_step:  80 
Best_epoch:  8 
best_val_acc:  0.38762214983713356 
best_test_acc:  0.16188524590163936 
best_test_f1:  0.0398085159989922
Save best record in:  ./experiment/python_extended_data/log/graphcodebert/class5/summary.csv
Save best record in:  ./experiment/python_extended_data/log/summary_avgrun.csv
