current work directory:  /home/imsuhan22/few-shot-tc/custom_ssl/code
Data set -> java_extended_data
save_name: 10_unixcoder-base_0.0002_0.7_java_extended_data

data_path:  ../data/problem_based_split/java_extended_data

There are 1 GPU(s) available.
We will use the GPU- 0 Quadro RTX 8000

**line 147 모델 =>  microsoft/unixcoder-base
**tokenizer type =  microsoft/unixcoder-base 

pesudo label class개수 기준 -> 5
n_labeled_per_class:  10
train_df samples: 3851
train_labeled_df samples: 70
train_unlabeled_df samples: 3781
n_classes:  7 


net_arch:  microsoft/unixcoder-base 
lr:  0.0002 
lr_linear:  0.001 




line 303 => train data수 70
line 258 => 인스턴스 수 10
Step 0  Tim 0:00:17
acc_train_cw(현재 train의 class별 acc) [0.5, 0.1, 0.0, 0.0, 0.0, 0.2, 0.0]
cw_psl_total_eval(pseudo label 클래스별 총 샘플 수):  [0, 0, 0, 0, 0, 0, 0]
cw_psl_correct_eval(pseudo label 클래스별 맞은 샘플 수):  [0, 0, 0, 0, 0, 0, 0]
psl_acc(PSL 평가에서의 정확도): None 
cw_psl_acc(클래스별 PSL 평가에서의 정확도):  [nan, nan, nan, nan, nan, nan, nan]
***best_acc_model_save --- epoch = 1***
Save model to ./experiment/java_extended_data/output/
**pseudo_label ->  [0.1009, 0.1564, 0.1528, 0.1531, 0.1841, 0.1496, 0.1031] **
max =  0.1841 | max_idx =  4
**pseudo_label ->  [0.1625, 0.1654, 0.174, 0.1348, 0.1417, 0.1317, 0.0899] **
max =  0.174 | max_idx =  2
**pseudo_label ->  [0.2411, 0.1264, 0.0943, 0.0981, 0.1039, 0.1908, 0.1453] **
max =  0.2411 | max_idx =  0
**pseudo_label ->  [0.1593, 0.1121, 0.1546, 0.161, 0.1237, 0.1439, 0.1453] **
max =  0.161 | max_idx =  3
**pseudo_label ->  [0.2387, 0.1286, 0.1162, 0.1041, 0.1704, 0.1425, 0.0995] **
max =  0.2387 | max_idx =  0
Epoch 1/50, Train Loss: 2.2158, Valid Loss: 2.0541, Train Acc: 0.1143, Val Acc: 0.0981, Test Acc: 0.1790, Test F1: 0.1436, Total Pseudo-Labels: 0, Correct Pseudo-Labels: 0, Train Data Number: 70



line 303 => train data수 70
line 258 => 인스턴스 수 10
Step 10  Tim 0:01:46
acc_train_cw(현재 train의 class별 acc) [0.4, 0.0, 0.0, 0.9, 0.0, 0.0, 0.0]
cw_psl_total_eval(pseudo label 클래스별 총 샘플 수):  [0, 0, 0, 0, 0, 0, 0]
cw_psl_correct_eval(pseudo label 클래스별 맞은 샘플 수):  [0, 0, 0, 0, 0, 0, 0]
psl_acc(PSL 평가에서의 정확도): None 
cw_psl_acc(클래스별 PSL 평가에서의 정확도):  [nan, nan, nan, nan, nan, nan, nan]
***best_acc_model_save --- epoch = 2***
Save model to ./experiment/java_extended_data/output/
**pseudo_label ->  [0.1945, 0.1295, 0.1156, 0.2005, 0.0738, 0.0731, 0.2131] **
max =  0.2131 | max_idx =  6
**pseudo_label ->  [0.2023, 0.1237, 0.1323, 0.2319, 0.0853, 0.0674, 0.1572] **
max =  0.2319 | max_idx =  3
**pseudo_label ->  [0.1274, 0.1042, 0.0849, 0.3668, 0.064, 0.0714, 0.1812] **
max =  0.3668 | max_idx =  3
**pseudo_label ->  [0.2232, 0.1096, 0.1083, 0.1877, 0.0837, 0.0868, 0.2006] **
max =  0.2232 | max_idx =  0
**pseudo_label ->  [0.1771, 0.0992, 0.1275, 0.2009, 0.0864, 0.0894, 0.2195] **
max =  0.2195 | max_idx =  6
Epoch 2/50, Train Loss: 2.0344, Valid Loss: 1.8841, Train Acc: 0.1857, Val Acc: 0.2166, Test Acc: 0.0492, Test F1: 0.0239, Total Pseudo-Labels: 0, Correct Pseudo-Labels: 0, Train Data Number: 70



line 303 => train data수 70
line 258 => 인스턴스 수 10
Step 20  Tim 0:03:30
acc_train_cw(현재 train의 class별 acc) [0.1, 1.0, 0.0, 0.0, 0.1, 0.0, 0.0]
cw_psl_total_eval(pseudo label 클래스별 총 샘플 수):  [0, 0, 0, 0, 0, 0, 0]
cw_psl_correct_eval(pseudo label 클래스별 맞은 샘플 수):  [0, 0, 0, 0, 0, 0, 0]
psl_acc(PSL 평가에서의 정확도): None 
cw_psl_acc(클래스별 PSL 평가에서의 정확도):  [nan, nan, nan, nan, nan, nan, nan]
***best_acc_model_save --- epoch = 3***
Save model to ./experiment/java_extended_data/output/
**pseudo_label ->  [0.1914, 0.1474, 0.1816, 0.0935, 0.1924, 0.0975, 0.0962] **
max =  0.1924 | max_idx =  4
**pseudo_label ->  [0.1461, 0.2274, 0.1242, 0.1046, 0.1717, 0.1176, 0.1084] **
max =  0.2274 | max_idx =  1
**pseudo_label ->  [0.1946, 0.1954, 0.1116, 0.1184, 0.1427, 0.1021, 0.1352] **
max =  0.1954 | max_idx =  1
**pseudo_label ->  [0.1615, 0.1652, 0.1276, 0.1052, 0.1817, 0.1522, 0.1066] **
max =  0.1817 | max_idx =  4
**pseudo_label ->  [0.2041, 0.159, 0.1374, 0.0676, 0.1816, 0.131, 0.1192] **
max =  0.2041 | max_idx =  0
Epoch 3/50, Train Loss: 1.9221, Valid Loss: 2.6796, Train Acc: 0.1714, Val Acc: 0.2978, Test Acc: 0.0805, Test F1: 0.0426, Total Pseudo-Labels: 0, Correct Pseudo-Labels: 0, Train Data Number: 70



line 303 => train data수 70
line 258 => 인스턴스 수 10
Step 30  Tim 0:05:14
acc_train_cw(현재 train의 class별 acc) [0.0, 0.0, 0.0, 0.1, 0.0, 0.2, 1.0]
cw_psl_total_eval(pseudo label 클래스별 총 샘플 수):  [0, 0, 0, 0, 0, 0, 0]
cw_psl_correct_eval(pseudo label 클래스별 맞은 샘플 수):  [0, 0, 0, 0, 0, 0, 0]
psl_acc(PSL 평가에서의 정확도): None 
cw_psl_acc(클래스별 PSL 평가에서의 정확도):  [nan, nan, nan, nan, nan, nan, nan]
**pseudo_label ->  [0.0306, 0.0159, 0.0474, 0.0544, 0.2952, 0.1881, 0.3685] **
max =  0.3685 | max_idx =  6
**pseudo_label ->  [0.1383, 0.0632, 0.1902, 0.1658, 0.1094, 0.1865, 0.1466] **
max =  0.1902 | max_idx =  2
**pseudo_label ->  [0.0214, 0.0146, 0.0388, 0.0597, 0.2029, 0.1954, 0.4671] **
max =  0.4671 | max_idx =  6
**pseudo_label ->  [0.0632, 0.0191, 0.1262, 0.1098, 0.1733, 0.2852, 0.2232] **
max =  0.2852 | max_idx =  5
**pseudo_label ->  [0.0305, 0.0171, 0.0742, 0.0876, 0.1948, 0.2091, 0.3867] **
max =  0.3867 | max_idx =  6
Epoch 4/50, Train Loss: 2.1097, Valid Loss: 1.8762, Train Acc: 0.1857, Val Acc: 0.0000, Test Acc: 0.0134, Test F1: 0.0044, Total Pseudo-Labels: 0, Correct Pseudo-Labels: 0, Train Data Number: 70



line 303 => train data수 70
line 258 => 인스턴스 수 10
Step 40  Tim 0:06:45
acc_train_cw(현재 train의 class별 acc) [0.0, 0.9, 0.0, 0.0, 0.9, 0.0, 0.0]
cw_psl_total_eval(pseudo label 클래스별 총 샘플 수):  [0, 0, 0, 0, 0, 0, 0]
cw_psl_correct_eval(pseudo label 클래스별 맞은 샘플 수):  [0, 0, 0, 0, 0, 0, 0]
psl_acc(PSL 평가에서의 정확도): None 
cw_psl_acc(클래스별 PSL 평가에서의 정확도):  [nan, nan, nan, nan, nan, nan, nan]
***best_acc_model_save --- epoch = 5***
Save model to ./experiment/java_extended_data/output/
**pseudo_label ->  [0.1144, 0.194, 0.1152, 0.1088, 0.2036, 0.1206, 0.1433] **
max =  0.2036 | max_idx =  4
**pseudo_label ->  [0.1159, 0.1674, 0.1015, 0.16, 0.1514, 0.1657, 0.1381] **
max =  0.1674 | max_idx =  1
**pseudo_label ->  [0.1128, 0.1828, 0.164, 0.1158, 0.187, 0.1046, 0.1331] **
max =  0.187 | max_idx =  4
**pseudo_label ->  [0.1013, 0.1675, 0.1359, 0.1466, 0.1694, 0.1427, 0.1365] **
max =  0.1694 | max_idx =  4
**pseudo_label ->  [0.0997, 0.1686, 0.1064, 0.1462, 0.1637, 0.1524, 0.163] **
max =  0.1686 | max_idx =  1
Epoch 5/50, Train Loss: 1.9244, Valid Loss: 1.8618, Train Acc: 0.2571, Val Acc: 0.4382, Test Acc: 0.2506, Test F1: 0.1051, Total Pseudo-Labels: 0, Correct Pseudo-Labels: 0, Train Data Number: 70



line 303 => train data수 70
line 258 => 인스턴스 수 10
Step 50  Tim 0:08:29
acc_train_cw(현재 train의 class별 acc) [1.0, 0.5, 0.0, 0.0, 0.0, 0.1, 1.0]
cw_psl_total_eval(pseudo label 클래스별 총 샘플 수):  [0, 0, 0, 0, 0, 0, 0]
cw_psl_correct_eval(pseudo label 클래스별 맞은 샘플 수):  [0, 0, 0, 0, 0, 0, 0]
psl_acc(PSL 평가에서의 정확도): None 
cw_psl_acc(클래스별 PSL 평가에서의 정확도):  [nan, nan, nan, nan, nan, nan, nan]
**pseudo_label ->  [0.3205, 0.2673, 0.0574, 0.1081, 0.0584, 0.094, 0.0944] **
max =  0.3205 | max_idx =  0
**pseudo_label ->  [0.2844, 0.2116, 0.0782, 0.1392, 0.1115, 0.0942, 0.0809] **
max =  0.2844 | max_idx =  0
**pseudo_label ->  [0.1998, 0.2587, 0.0751, 0.1184, 0.0878, 0.1283, 0.1319] **
max =  0.2587 | max_idx =  1
**pseudo_label ->  [0.094, 0.1299, 0.1177, 0.1051, 0.1494, 0.177, 0.2268] **
max =  0.2268 | max_idx =  6
**pseudo_label ->  [0.0707, 0.1683, 0.1464, 0.064, 0.1231, 0.1419, 0.2857] **
max =  0.2857 | max_idx =  6
Epoch 6/50, Train Loss: 1.7804, Valid Loss: 1.5402, Train Acc: 0.3714, Val Acc: 0.1607, Test Acc: 0.1655, Test F1: 0.1946, Total Pseudo-Labels: 0, Correct Pseudo-Labels: 0, Train Data Number: 70



line 303 => train data수 70
line 258 => 인스턴스 수 10
Step 60  Tim 0:10:00
acc_train_cw(현재 train의 class별 acc) [0.8, 0.8, 0.0, 0.1, 0.8, 0.0, 0.9]
cw_psl_total_eval(pseudo label 클래스별 총 샘플 수):  [0, 0, 0, 0, 0, 0, 0]
cw_psl_correct_eval(pseudo label 클래스별 맞은 샘플 수):  [0, 0, 0, 0, 0, 0, 0]
psl_acc(PSL 평가에서의 정확도): None 
cw_psl_acc(클래스별 PSL 평가에서의 정확도):  [nan, nan, nan, nan, nan, nan, nan]
***best_acc_model_save --- epoch = 7***
Save model to ./experiment/java_extended_data/output/
**pseudo_label ->  [0.2917, 0.628, 0.0109, 0.0393, 0.0138, 0.0066, 0.0098] **
max =  0.628 | max_idx =  1
**pseudo_label ->  [0.4755, 0.3918, 0.0205, 0.0597, 0.0282, 0.0122, 0.0122] **
max =  0.4755 | max_idx =  0
**pseudo_label ->  [0.3667, 0.3335, 0.06, 0.1195, 0.0525, 0.0417, 0.0262] **
max =  0.3667 | max_idx =  0
**pseudo_label ->  [0.0874, 0.1049, 0.1758, 0.1679, 0.2334, 0.1392, 0.0914] **
max =  0.2334 | max_idx =  4
**pseudo_label ->  [0.0151, 0.0526, 0.1, 0.0774, 0.1316, 0.1043, 0.5189] **
max =  0.5189 | max_idx =  6
Epoch 7/50, Train Loss: 1.6066, Valid Loss: 3.7115, Train Acc: 0.4857, Val Acc: 0.4450, Test Acc: 0.3177, Test F1: 0.2357, Total Pseudo-Labels: 0, Correct Pseudo-Labels: 0, Train Data Number: 70



line 303 => train data수 70
line 258 => 인스턴스 수 10
Step 70  Tim 0:11:43
acc_train_cw(현재 train의 class별 acc) [1.0, 0.0, 0.0, 0.1, 0.0, 0.0, 1.0]
cw_psl_total_eval(pseudo label 클래스별 총 샘플 수):  [1, 50, 0, 0, 0, 0, 0]
cw_psl_correct_eval(pseudo label 클래스별 맞은 샘플 수):  [0, 36, 0, 0, 0, 0, 0]
psl_acc(PSL 평가에서의 정확도):  0.706 
cw_psl_acc(클래스별 PSL 평가에서의 정확도):  [0.0, 0.7200000286102295, nan, nan, nan, nan, nan]
**pseudo_label ->  [0.3708, 0.1349, 0.1363, 0.1884, 0.0866, 0.0553, 0.0277] **
max =  0.3708 | max_idx =  0
**pseudo_label ->  [0.5498, 0.1311, 0.0841, 0.1418, 0.0615, 0.0214, 0.0103] **
max =  0.5498 | max_idx =  0
**pseudo_label ->  [0.0023, 0.015, 0.0415, 0.0256, 0.0338, 0.3229, 0.5588] **
max =  0.5588 | max_idx =  6
**pseudo_label ->  [0.0008, 0.0107, 0.0223, 0.0137, 0.0192, 0.2747, 0.6586] **
max =  0.6586 | max_idx =  6
**pseudo_label ->  [0.0013, 0.0144, 0.036, 0.0114, 0.0211, 0.2482, 0.6677] **
max =  0.6677 | max_idx =  6
Epoch 8/50, Train Loss: 1.8196, Valid Loss: 1.5718, Train Acc: 0.3000, Val Acc: 0.0880, Test Acc: 0.1365, Test F1: 0.1236, Total Pseudo-Labels: 0, Correct Pseudo-Labels: 0, Train Data Number: 70



line 303 => train data수 70
line 258 => 인스턴스 수 10
Step 80  Tim 0:13:14
acc_train_cw(현재 train의 class별 acc) [0.0, 0.8, 0.0, 0.9, 0.0, 0.0, 0.0]
cw_psl_total_eval(pseudo label 클래스별 총 샘플 수):  [13, 0, 0, 0, 0, 0, 71]
cw_psl_correct_eval(pseudo label 클래스별 맞은 샘플 수):  [11, 0, 0, 0, 0, 0, 18]
psl_acc(PSL 평가에서의 정확도):  0.345 
cw_psl_acc(클래스별 PSL 평가에서의 정확도):  [0.8461538553237915, nan, nan, nan, nan, nan, 0.2535211145877838]
**pseudo_label ->  [0.137, 0.5718, 0.1245, 0.0885, 0.0431, 0.0188, 0.0163] **
max =  0.5718 | max_idx =  1
**pseudo_label ->  [0.1669, 0.554, 0.1071, 0.1057, 0.0385, 0.0152, 0.0127] **
max =  0.554 | max_idx =  1
**pseudo_label ->  [0.0524, 0.2041, 0.2217, 0.2004, 0.1417, 0.1084, 0.0712] **
max =  0.2217 | max_idx =  2
**pseudo_label ->  [0.0313, 0.1091, 0.302, 0.1769, 0.1639, 0.1525, 0.0643] **
max =  0.302 | max_idx =  2
**pseudo_label ->  [0.0193, 0.0763, 0.2086, 0.1936, 0.1943, 0.157, 0.1509] **
max =  0.2086 | max_idx =  2
Epoch 9/50, Train Loss: 1.6869, Valid Loss: 1.6292, Train Acc: 0.2429, Val Acc: 0.3113, Test Acc: 0.0872, Test F1: 0.0588, Total Pseudo-Labels: 0, Correct Pseudo-Labels: 0, Train Data Number: 70



line 303 => train data수 70
line 258 => 인스턴스 수 10
Step 90  Tim 0:14:44
acc_train_cw(현재 train의 class별 acc) [1.0, 0.1, 0.1, 0.6, 0.0, 0.2, 0.8]
cw_psl_total_eval(pseudo label 클래스별 총 샘플 수):  [0, 2, 0, 0, 0, 0, 0]
cw_psl_correct_eval(pseudo label 클래스별 맞은 샘플 수):  [0, 1, 0, 0, 0, 0, 0]
psl_acc(PSL 평가에서의 정확도):  0.5 
cw_psl_acc(클래스별 PSL 평가에서의 정확도):  [nan, 0.5, nan, nan, nan, nan, nan]
**pseudo_label ->  [0.5033, 0.3546, 0.0579, 0.0501, 0.0165, 0.0068, 0.0106] **
max =  0.5033 | max_idx =  0
**pseudo_label ->  [0.6374, 0.2196, 0.0585, 0.0518, 0.0182, 0.006, 0.0085] **
max =  0.6374 | max_idx =  0
**pseudo_label ->  [0.3516, 0.2703, 0.1282, 0.138, 0.056, 0.027, 0.0289] **
max =  0.3516 | max_idx =  0
**pseudo_label ->  [0.0384, 0.0653, 0.2374, 0.2648, 0.117, 0.158, 0.1191] **
max =  0.2648 | max_idx =  3
**pseudo_label ->  [0.0064, 0.0165, 0.1296, 0.0972, 0.1789, 0.2712, 0.3002] **
max =  0.3002 | max_idx =  6
Epoch 10/50, Train Loss: 1.4207, Valid Loss: 1.7706, Train Acc: 0.4000, Val Acc: 0.2978, Test Acc: 0.2081, Test F1: 0.1611, Total Pseudo-Labels: 0, Correct Pseudo-Labels: 0, Train Data Number: 70



line 303 => train data수 70
line 258 => 인스턴스 수 10
Step 100  Tim 0:16:13
acc_train_cw(현재 train의 class별 acc) [0.9, 0.7, 0.0, 0.6, 0.8, 0.0, 1.0]
cw_psl_total_eval(pseudo label 클래스별 총 샘플 수):  [99, 0, 0, 0, 0, 0, 0]
cw_psl_correct_eval(pseudo label 클래스별 맞은 샘플 수):  [83, 0, 0, 0, 0, 0, 0]
psl_acc(PSL 평가에서의 정확도):  0.838 
cw_psl_acc(클래스별 PSL 평가에서의 정확도):  [0.8383838534355164, nan, nan, nan, nan, nan, nan]
**pseudo_label ->  [0.2412, 0.6586, 0.0343, 0.0371, 0.0129, 0.0038, 0.0122] **
max =  0.6586 | max_idx =  1
**pseudo_label ->  [0.585, 0.3365, 0.034, 0.0316, 0.0073, 0.0025, 0.0031] **
max =  0.585 | max_idx =  0
**pseudo_label ->  [0.0147, 0.0453, 0.226, 0.2594, 0.2296, 0.137, 0.088] **
max =  0.2594 | max_idx =  3
**pseudo_label ->  [0.0121, 0.038, 0.223, 0.2284, 0.248, 0.1326, 0.1179] **
max =  0.248 | max_idx =  4
**pseudo_label ->  [0.0015, 0.0069, 0.0387, 0.0203, 0.2102, 0.1465, 0.5758] **
max =  0.5758 | max_idx =  6
Epoch 11/50, Train Loss: 1.2154, Valid Loss: 1.4494, Train Acc: 0.5714, Val Acc: 0.3587, Test Acc: 0.2685, Test F1: 0.2430, Total Pseudo-Labels: 0, Correct Pseudo-Labels: 0, Train Data Number: 70



line 303 => train data수 70
line 258 => 인스턴스 수 10
Step 110  Tim 0:17:43
acc_train_cw(현재 train의 class별 acc) [1.0, 0.7, 0.0, 0.8, 0.9, 0.4, 0.0]
cw_psl_total_eval(pseudo label 클래스별 총 샘플 수):  [57, 56, 0, 0, 0, 0, 12]
cw_psl_correct_eval(pseudo label 클래스별 맞은 샘플 수):  [57, 31, 0, 0, 0, 0, 8]
psl_acc(PSL 평가에서의 정확도):  0.768 
cw_psl_acc(클래스별 PSL 평가에서의 정확도):  [1.0, 0.5535714030265808, nan, nan, nan, nan, 0.6666666865348816]
***best_acc_model_save --- epoch = 12***
Save model to ./experiment/java_extended_data/output/
**pseudo_label ->  [0.0081, 0.9676, 0.0112, 0.0054, 0.0032, 0.0026, 0.002] **
max =  0.9676 | max_idx =  1
**pseudo_label ->  [0.6998, 0.0608, 0.1056, 0.1088, 0.0187, 0.0043, 0.002] **
max =  0.6998 | max_idx =  0
**pseudo_label ->  [0.0166, 0.0507, 0.2001, 0.4702, 0.1753, 0.0752, 0.0119] **
max =  0.4702 | max_idx =  3
**pseudo_label ->  [0.0205, 0.025, 0.1763, 0.5626, 0.1462, 0.0614, 0.008] **
max =  0.5626 | max_idx =  3
**pseudo_label ->  [0.0026, 0.0412, 0.0968, 0.0459, 0.1909, 0.3668, 0.256] **
max =  0.3668 | max_idx =  5
Epoch 12/50, Train Loss: 1.3139, Valid Loss: 1.8637, Train Acc: 0.5429, Val Acc: 0.5279, Test Acc: 0.5727, Test F1: 0.3953, Total Pseudo-Labels: 0, Correct Pseudo-Labels: 0, Train Data Number: 70



line 303 => train data수 70
line 258 => 인스턴스 수 10
Step 120  Tim 0:19:26
acc_train_cw(현재 train의 class별 acc) [1.0, 0.3, 0.0, 0.8, 0.0, 0.1, 1.0]
cw_psl_total_eval(pseudo label 클래스별 총 샘플 수):  [238, 245, 0, 3, 0, 0, 0]
cw_psl_correct_eval(pseudo label 클래스별 맞은 샘플 수):  [219, 155, 0, 1, 0, 0, 0]
psl_acc(PSL 평가에서의 정확도):  0.772 
cw_psl_acc(클래스별 PSL 평가에서의 정확도):  [0.9201680421829224, 0.6326530575752258, nan, 0.3333333432674408, nan, nan, nan]
**pseudo_label ->  [0.9287, 0.0567, 0.0063, 0.0074, 0.0005, 0.0002, 0.0002] **
max =  0.9287 | max_idx =  0
**pseudo_label ->  [0.9511, 0.0326, 0.0086, 0.0062, 0.001, 0.0002, 0.0002] **
max =  0.9511 | max_idx =  0
**pseudo_label ->  [0.0217, 0.0577, 0.2982, 0.5223, 0.0485, 0.0484, 0.0032] **
max =  0.5223 | max_idx =  3
**pseudo_label ->  [0.0327, 0.0617, 0.3535, 0.4431, 0.0466, 0.0575, 0.0049] **
max =  0.4431 | max_idx =  3
**pseudo_label ->  [0.0031, 0.0236, 0.0311, 0.009, 0.2353, 0.2821, 0.4158] **
max =  0.4158 | max_idx =  6
Epoch 13/50, Train Loss: 1.4785, Valid Loss: 2.7270, Train Acc: 0.4571, Val Acc: 0.2606, Test Acc: 0.1834, Test F1: 0.1670, Total Pseudo-Labels: 0, Correct Pseudo-Labels: 0, Train Data Number: 70



line 303 => train data수 70
line 258 => 인스턴스 수 10
Step 130  Tim 0:20:57
acc_train_cw(현재 train의 class별 acc) [0.6, 0.0, 0.1, 0.0, 0.0, 0.0, 1.0]
cw_psl_total_eval(pseudo label 클래스별 총 샘플 수):  [829, 4, 0, 0, 0, 0, 0]
cw_psl_correct_eval(pseudo label 클래스별 맞은 샘플 수):  [483, 2, 0, 0, 0, 0, 0]
psl_acc(PSL 평가에서의 정확도):  0.582 
cw_psl_acc(클래스별 PSL 평가에서의 정확도):  [0.5826296806335449, 0.5, nan, nan, nan, nan, nan]
**pseudo_label ->  [0.004, 0.0276, 0.1107, 0.0158, 0.2893, 0.2919, 0.2606] **
max =  0.2919 | max_idx =  5
**pseudo_label ->  [0.0031, 0.0401, 0.1316, 0.0153, 0.2763, 0.2587, 0.2749] **
max =  0.2763 | max_idx =  4
**pseudo_label ->  [0.0036, 0.026, 0.1192, 0.016, 0.2581, 0.2737, 0.3034] **
max =  0.3034 | max_idx =  6
**pseudo_label ->  [0.0025, 0.0335, 0.1158, 0.0131, 0.2263, 0.251, 0.3579] **
max =  0.3579 | max_idx =  6
**pseudo_label ->  [0.002, 0.0267, 0.1092, 0.0139, 0.2605, 0.2291, 0.3586] **
max =  0.3586 | max_idx =  6
Epoch 14/50, Train Loss: 2.3042, Valid Loss: 1.8527, Train Acc: 0.2429, Val Acc: 0.0220, Test Acc: 0.0179, Test F1: 0.0131, Total Pseudo-Labels: 0, Correct Pseudo-Labels: 0, Train Data Number: 70



line 303 => train data수 70
line 258 => 인스턴스 수 10
Step 140  Tim 0:22:26
acc_train_cw(현재 train의 class별 acc) [0.0, 0.0, 1.0, 0.0, 0.0, 0.0, 0.0]
cw_psl_total_eval(pseudo label 클래스별 총 샘플 수):  [39, 22, 0, 0, 0, 0, 0]
cw_psl_correct_eval(pseudo label 클래스별 맞은 샘플 수):  [38, 0, 0, 0, 0, 0, 0]
psl_acc(PSL 평가에서의 정확도):  0.623 
cw_psl_acc(클래스별 PSL 평가에서의 정확도):  [0.9743589758872986, 0.0, nan, nan, nan, nan, nan]
**pseudo_label ->  [0.1144, 0.1311, 0.1908, 0.193, 0.1499, 0.1147, 0.1061] **
max =  0.193 | max_idx =  3
**pseudo_label ->  [0.1272, 0.1364, 0.189, 0.1825, 0.1462, 0.1184, 0.1003] **
max =  0.189 | max_idx =  2
**pseudo_label ->  [0.1394, 0.1165, 0.1862, 0.2149, 0.1321, 0.1232, 0.0877] **
max =  0.2149 | max_idx =  3
**pseudo_label ->  [0.1515, 0.1203, 0.1913, 0.1578, 0.167, 0.1183, 0.0937] **
max =  0.1913 | max_idx =  2
**pseudo_label ->  [0.1416, 0.1182, 0.2276, 0.1623, 0.1491, 0.1164, 0.0849] **
max =  0.2276 | max_idx =  2
Epoch 15/50, Train Loss: 2.0250, Valid Loss: 2.0575, Train Acc: 0.1429, Val Acc: 0.2115, Test Acc: 0.1544, Test F1: 0.0382, Total Pseudo-Labels: 0, Correct Pseudo-Labels: 0, Train Data Number: 70



line 303 => train data수 70
line 258 => 인스턴스 수 10
Step 150  Tim 0:23:55
acc_train_cw(현재 train의 class별 acc) [1.0, 0.0, 0.0, 0.0, 0.0, 0.0, 0.0]
cw_psl_total_eval(pseudo label 클래스별 총 샘플 수):  [0, 0, 0, 0, 0, 0, 0]
cw_psl_correct_eval(pseudo label 클래스별 맞은 샘플 수):  [0, 0, 0, 0, 0, 0, 0]
psl_acc(PSL 평가에서의 정확도): None 
cw_psl_acc(클래스별 PSL 평가에서의 정확도):  [nan, nan, nan, nan, nan, nan, nan]
**pseudo_label ->  [0.1803, 0.1281, 0.1228, 0.1348, 0.134, 0.1389, 0.1612] **
max =  0.1803 | max_idx =  0
**pseudo_label ->  [0.198, 0.1152, 0.1083, 0.1519, 0.1278, 0.1403, 0.1585] **
max =  0.198 | max_idx =  0
**pseudo_label ->  [0.2213, 0.1232, 0.1174, 0.1215, 0.1358, 0.1425, 0.1382] **
max =  0.2213 | max_idx =  0
**pseudo_label ->  [0.1896, 0.1296, 0.1168, 0.1434, 0.1208, 0.1524, 0.1473] **
max =  0.1896 | max_idx =  0
**pseudo_label ->  [0.216, 0.1088, 0.1103, 0.1444, 0.1293, 0.1495, 0.1418] **
max =  0.216 | max_idx =  0
Epoch 16/50, Train Loss: 1.9792, Valid Loss: 1.9258, Train Acc: 0.1429, Val Acc: 0.0981, Test Acc: 0.1342, Test F1: 0.0338, Total Pseudo-Labels: 0, Correct Pseudo-Labels: 0, Train Data Number: 70



line 303 => train data수 70
line 258 => 인스턴스 수 10
Step 160  Tim 0:25:24
acc_train_cw(현재 train의 class별 acc) [0.0, 1.0, 0.0, 0.0, 0.0, 0.0, 0.0]
cw_psl_total_eval(pseudo label 클래스별 총 샘플 수):  [0, 0, 0, 0, 0, 0, 0]
cw_psl_correct_eval(pseudo label 클래스별 맞은 샘플 수):  [0, 0, 0, 0, 0, 0, 0]
psl_acc(PSL 평가에서의 정확도): None 
cw_psl_acc(클래스별 PSL 평가에서의 정확도):  [nan, nan, nan, nan, nan, nan, nan]
**pseudo_label ->  [0.1323, 0.1567, 0.1643, 0.143, 0.1385, 0.1394, 0.1258] **
max =  0.1643 | max_idx =  2
**pseudo_label ->  [0.1404, 0.1333, 0.166, 0.1762, 0.1284, 0.129, 0.1267] **
max =  0.1762 | max_idx =  3
**pseudo_label ->  [0.1303, 0.1574, 0.1594, 0.1562, 0.136, 0.1406, 0.12] **
max =  0.1594 | max_idx =  2
**pseudo_label ->  [0.1348, 0.1827, 0.1542, 0.1512, 0.1318, 0.1342, 0.1111] **
max =  0.1827 | max_idx =  1
**pseudo_label ->  [0.126, 0.1617, 0.1654, 0.1504, 0.1329, 0.1425, 0.1211] **
max =  0.1654 | max_idx =  2
Epoch 17/50, Train Loss: 1.9715, Valid Loss: 1.9611, Train Acc: 0.1429, Val Acc: 0.2014, Test Acc: 0.0604, Test F1: 0.0163, Total Pseudo-Labels: 0, Correct Pseudo-Labels: 0, Train Data Number: 70



line 303 => train data수 70
line 258 => 인스턴스 수 10
Step 170  Tim 0:26:53
acc_train_cw(현재 train의 class별 acc) [0.0, 1.0, 0.0, 0.0, 0.0, 0.0, 0.0]
cw_psl_total_eval(pseudo label 클래스별 총 샘플 수):  [0, 0, 0, 0, 0, 0, 0]
cw_psl_correct_eval(pseudo label 클래스별 맞은 샘플 수):  [0, 0, 0, 0, 0, 0, 0]
psl_acc(PSL 평가에서의 정확도): None 
cw_psl_acc(클래스별 PSL 평가에서의 정확도):  [nan, nan, nan, nan, nan, nan, nan]
**pseudo_label ->  [0.1511, 0.1741, 0.1364, 0.1111, 0.1618, 0.1223, 0.1433] **
max =  0.1741 | max_idx =  1
**pseudo_label ->  [0.1549, 0.1866, 0.1225, 0.117, 0.1601, 0.1224, 0.1365] **
max =  0.1866 | max_idx =  1
**pseudo_label ->  [0.1641, 0.2083, 0.1582, 0.0797, 0.1366, 0.1137, 0.1393] **
max =  0.2083 | max_idx =  1
**pseudo_label ->  [0.1543, 0.1773, 0.1496, 0.0877, 0.1803, 0.1243, 0.1265] **
max =  0.1803 | max_idx =  4
**pseudo_label ->  [0.1356, 0.1577, 0.1391, 0.1122, 0.1565, 0.1365, 0.1624] **
max =  0.1624 | max_idx =  6
Epoch 18/50, Train Loss: 2.0045, Valid Loss: 1.9380, Train Acc: 0.1429, Val Acc: 0.1997, Test Acc: 0.0604, Test F1: 0.0163, Total Pseudo-Labels: 0, Correct Pseudo-Labels: 0, Train Data Number: 70



line 303 => train data수 70
line 258 => 인스턴스 수 10
Step 180  Tim 0:28:22
acc_train_cw(현재 train의 class별 acc) [0.0, 0.0, 0.0, 0.0, 1.0, 0.0, 0.0]
cw_psl_total_eval(pseudo label 클래스별 총 샘플 수):  [0, 0, 0, 0, 0, 0, 0]
cw_psl_correct_eval(pseudo label 클래스별 맞은 샘플 수):  [0, 0, 0, 0, 0, 0, 0]
psl_acc(PSL 평가에서의 정확도): None 
cw_psl_acc(클래스별 PSL 평가에서의 정확도):  [nan, nan, nan, nan, nan, nan, nan]
**pseudo_label ->  [0.1233, 0.0832, 0.1373, 0.1755, 0.1919, 0.1302, 0.1587] **
max =  0.1919 | max_idx =  4
**pseudo_label ->  [0.1122, 0.1072, 0.1431, 0.1439, 0.1802, 0.1553, 0.1581] **
max =  0.1802 | max_idx =  4
**pseudo_label ->  [0.0967, 0.0834, 0.1542, 0.1528, 0.1952, 0.1526, 0.165] **
max =  0.1952 | max_idx =  4
**pseudo_label ->  [0.1278, 0.101, 0.1578, 0.1327, 0.1812, 0.1434, 0.1562] **
max =  0.1812 | max_idx =  4
**pseudo_label ->  [0.1274, 0.1193, 0.1604, 0.1329, 0.1791, 0.1194, 0.1615] **
max =  0.1791 | max_idx =  4
Epoch 19/50, Train Loss: 1.9935, Valid Loss: 1.9568, Train Acc: 0.1429, Val Acc: 0.2843, Test Acc: 0.2282, Test F1: 0.0531, Total Pseudo-Labels: 0, Correct Pseudo-Labels: 0, Train Data Number: 70



line 303 => train data수 70
line 258 => 인스턴스 수 10
Step 190  Tim 0:29:52
acc_train_cw(현재 train의 class별 acc) [0.0, 1.0, 0.0, 0.0, 0.0, 0.0, 0.0]
cw_psl_total_eval(pseudo label 클래스별 총 샘플 수):  [0, 0, 0, 0, 0, 0, 0]
cw_psl_correct_eval(pseudo label 클래스별 맞은 샘플 수):  [0, 0, 0, 0, 0, 0, 0]
psl_acc(PSL 평가에서의 정확도): None 
cw_psl_acc(클래스별 PSL 평가에서의 정확도):  [nan, nan, nan, nan, nan, nan, nan]
**pseudo_label ->  [0.1151, 0.179, 0.1449, 0.1348, 0.1347, 0.1308, 0.1606] **
max =  0.179 | max_idx =  1
**pseudo_label ->  [0.1293, 0.1503, 0.1688, 0.14, 0.1218, 0.1317, 0.1581] **
max =  0.1688 | max_idx =  2
**pseudo_label ->  [0.116, 0.1832, 0.1512, 0.1548, 0.1225, 0.1215, 0.1508] **
max =  0.1832 | max_idx =  1
**pseudo_label ->  [0.1115, 0.1886, 0.1484, 0.1508, 0.1191, 0.144, 0.1376] **
max =  0.1886 | max_idx =  1
**pseudo_label ->  [0.1165, 0.1632, 0.1512, 0.146, 0.1263, 0.1474, 0.1494] **
max =  0.1632 | max_idx =  1
Epoch 20/50, Train Loss: 1.9911, Valid Loss: 2.0289, Train Acc: 0.1429, Val Acc: 0.1997, Test Acc: 0.0604, Test F1: 0.0163, Total Pseudo-Labels: 0, Correct Pseudo-Labels: 0, Train Data Number: 70



line 303 => train data수 70
line 258 => 인스턴스 수 10
Step 200  Tim 0:31:21
acc_train_cw(현재 train의 class별 acc) [0.0, 0.0, 0.0, 0.0, 0.0, 0.0, 1.0]
cw_psl_total_eval(pseudo label 클래스별 총 샘플 수):  [0, 0, 0, 0, 0, 0, 0]
cw_psl_correct_eval(pseudo label 클래스별 맞은 샘플 수):  [0, 0, 0, 0, 0, 0, 0]
psl_acc(PSL 평가에서의 정확도): None 
cw_psl_acc(클래스별 PSL 평가에서의 정확도):  [nan, nan, nan, nan, nan, nan, nan]
**pseudo_label ->  [0.15, 0.1413, 0.1432, 0.1081, 0.1302, 0.1551, 0.1719] **
max =  0.1719 | max_idx =  6
**pseudo_label ->  [0.1691, 0.1156, 0.1371, 0.1094, 0.1469, 0.162, 0.1599] **
max =  0.1691 | max_idx =  0
**pseudo_label ->  [0.1541, 0.1406, 0.1255, 0.112, 0.1442, 0.1545, 0.1691] **
max =  0.1691 | max_idx =  6
**pseudo_label ->  [0.174, 0.1193, 0.1499, 0.1094, 0.154, 0.1314, 0.162] **
max =  0.174 | max_idx =  0
**pseudo_label ->  [0.1481, 0.1549, 0.1326, 0.1242, 0.1326, 0.1535, 0.1541] **
max =  0.1549 | max_idx =  1
Epoch 21/50, Train Loss: 1.9880, Valid Loss: 1.9439, Train Acc: 0.1429, Val Acc: 0.0000, Test Acc: 0.0134, Test F1: 0.0038, Total Pseudo-Labels: 0, Correct Pseudo-Labels: 0, Train Data Number: 70



line 303 => train data수 70
line 258 => 인스턴스 수 10
Step 210  Tim 0:32:50
acc_train_cw(현재 train의 class별 acc) [1.0, 0.0, 0.0, 0.0, 0.0, 0.0, 0.0]
cw_psl_total_eval(pseudo label 클래스별 총 샘플 수):  [0, 0, 0, 0, 0, 0, 0]
cw_psl_correct_eval(pseudo label 클래스별 맞은 샘플 수):  [0, 0, 0, 0, 0, 0, 0]
psl_acc(PSL 평가에서의 정확도): None 
cw_psl_acc(클래스별 PSL 평가에서의 정확도):  [nan, nan, nan, nan, nan, nan, nan]
**pseudo_label ->  [0.1958, 0.1298, 0.1607, 0.1461, 0.1158, 0.1276, 0.1242] **
max =  0.1958 | max_idx =  0
**pseudo_label ->  [0.1672, 0.1457, 0.1323, 0.1712, 0.1304, 0.1289, 0.1241] **
max =  0.1712 | max_idx =  3
**pseudo_label ->  [0.1746, 0.1435, 0.1517, 0.1368, 0.1344, 0.1358, 0.1231] **
max =  0.1746 | max_idx =  0
**pseudo_label ->  [0.1884, 0.1278, 0.1609, 0.1733, 0.119, 0.1276, 0.103] **
max =  0.1884 | max_idx =  0
**pseudo_label ->  [0.136, 0.1528, 0.1439, 0.1453, 0.1408, 0.1586, 0.1227] **
max =  0.1586 | max_idx =  5
Epoch 22/50, Train Loss: 2.0092, Valid Loss: 1.9824, Train Acc: 0.1429, Val Acc: 0.0981, Test Acc: 0.1342, Test F1: 0.0338, Total Pseudo-Labels: 0, Correct Pseudo-Labels: 0, Train Data Number: 70



line 303 => train data수 70
line 258 => 인스턴스 수 10
Step 220  Tim 0:34:19
acc_train_cw(현재 train의 class별 acc) [0.0, 0.0, 0.0, 0.0, 0.0, 0.0, 1.0]
cw_psl_total_eval(pseudo label 클래스별 총 샘플 수):  [0, 0, 0, 0, 0, 0, 0]
cw_psl_correct_eval(pseudo label 클래스별 맞은 샘플 수):  [0, 0, 0, 0, 0, 0, 0]
psl_acc(PSL 평가에서의 정확도): None 
cw_psl_acc(클래스별 PSL 평가에서의 정확도):  [nan, nan, nan, nan, nan, nan, nan]
**pseudo_label ->  [0.0905, 0.1484, 0.1523, 0.1163, 0.175, 0.1457, 0.1719] **
max =  0.175 | max_idx =  4
**pseudo_label ->  [0.0877, 0.1503, 0.1449, 0.1176, 0.1414, 0.1507, 0.2075] **
max =  0.2075 | max_idx =  6
**pseudo_label ->  [0.1023, 0.1358, 0.1251, 0.1328, 0.1681, 0.1666, 0.1694] **
max =  0.1694 | max_idx =  6
**pseudo_label ->  [0.0805, 0.1625, 0.1389, 0.1107, 0.1802, 0.1496, 0.1776] **
max =  0.1802 | max_idx =  4
**pseudo_label ->  [0.0846, 0.1521, 0.1449, 0.1428, 0.1682, 0.1324, 0.175] **
max =  0.175 | max_idx =  6
Epoch 23/50, Train Loss: 2.0015, Valid Loss: 1.8728, Train Acc: 0.1429, Val Acc: 0.0000, Test Acc: 0.0134, Test F1: 0.0038, Total Pseudo-Labels: 0, Correct Pseudo-Labels: 0, Train Data Number: 70



line 303 => train data수 70
line 258 => 인스턴스 수 10
Step 230  Tim 0:35:48
acc_train_cw(현재 train의 class별 acc) [1.0, 0.0, 0.0, 0.0, 0.0, 0.0, 0.0]
cw_psl_total_eval(pseudo label 클래스별 총 샘플 수):  [0, 0, 0, 0, 0, 0, 0]
cw_psl_correct_eval(pseudo label 클래스별 맞은 샘플 수):  [0, 0, 0, 0, 0, 0, 0]
psl_acc(PSL 평가에서의 정확도): None 
cw_psl_acc(클래스별 PSL 평가에서의 정확도):  [nan, nan, nan, nan, nan, nan, nan]
**pseudo_label ->  [0.1631, 0.1492, 0.1434, 0.1651, 0.1529, 0.1268, 0.0996] **
max =  0.1651 | max_idx =  3
**pseudo_label ->  [0.1806, 0.1547, 0.1559, 0.1386, 0.1492, 0.1173, 0.1037] **
max =  0.1806 | max_idx =  0
**pseudo_label ->  [0.0812, 0.207, 0.1641, 0.0781, 0.3282, 0.086, 0.0555] **
max =  0.3282 | max_idx =  4
**pseudo_label ->  [0.1649, 0.1436, 0.1445, 0.1612, 0.1654, 0.1282, 0.0923] **
max =  0.1654 | max_idx =  4
**pseudo_label ->  [0.1758, 0.1353, 0.1567, 0.1816, 0.1505, 0.1055, 0.0946] **
max =  0.1816 | max_idx =  3
Epoch 24/50, Train Loss: 1.9961, Valid Loss: 1.9850, Train Acc: 0.1429, Val Acc: 0.0981, Test Acc: 0.1342, Test F1: 0.0338, Total Pseudo-Labels: 0, Correct Pseudo-Labels: 0, Train Data Number: 70



line 303 => train data수 70
line 258 => 인스턴스 수 10
Step 240  Tim 0:37:16
acc_train_cw(현재 train의 class별 acc) [0.0, 0.0, 0.0, 0.0, 0.0, 0.0, 1.0]
cw_psl_total_eval(pseudo label 클래스별 총 샘플 수):  [0, 0, 0, 0, 0, 0, 0]
cw_psl_correct_eval(pseudo label 클래스별 맞은 샘플 수):  [0, 0, 0, 0, 0, 0, 0]
psl_acc(PSL 평가에서의 정확도): None 
cw_psl_acc(클래스별 PSL 평가에서의 정확도):  [nan, nan, nan, nan, nan, nan, nan]
**pseudo_label ->  [0.1195, 0.1696, 0.1439, 0.1365, 0.1324, 0.1484, 0.1497] **
max =  0.1696 | max_idx =  1
**pseudo_label ->  [0.1261, 0.1398, 0.1469, 0.143, 0.1431, 0.1427, 0.1585] **
max =  0.1585 | max_idx =  6
**pseudo_label ->  [0.1191, 0.1455, 0.1474, 0.1455, 0.1316, 0.1371, 0.1739] **
max =  0.1739 | max_idx =  6
**pseudo_label ->  [0.1386, 0.1264, 0.1585, 0.1372, 0.1322, 0.1429, 0.1643] **
max =  0.1643 | max_idx =  6
**pseudo_label ->  [0.1431, 0.113, 0.1595, 0.1355, 0.1293, 0.1574, 0.1622] **
max =  0.1622 | max_idx =  6
Epoch 25/50, Train Loss: 1.9924, Valid Loss: 2.0235, Train Acc: 0.1429, Val Acc: 0.0000, Test Acc: 0.0134, Test F1: 0.0038, Total Pseudo-Labels: 0, Correct Pseudo-Labels: 0, Train Data Number: 70



line 303 => train data수 70
line 258 => 인스턴스 수 10
Step 250  Tim 0:38:45
acc_train_cw(현재 train의 class별 acc) [0.0, 0.0, 0.0, 0.0, 0.0, 0.0, 1.0]
cw_psl_total_eval(pseudo label 클래스별 총 샘플 수):  [0, 0, 0, 0, 0, 0, 0]
cw_psl_correct_eval(pseudo label 클래스별 맞은 샘플 수):  [0, 0, 0, 0, 0, 0, 0]
psl_acc(PSL 평가에서의 정확도): None 
cw_psl_acc(클래스별 PSL 평가에서의 정확도):  [nan, nan, nan, nan, nan, nan, nan]
**pseudo_label ->  [0.1636, 0.159, 0.1124, 0.1361, 0.128, 0.1545, 0.1463] **
max =  0.1636 | max_idx =  0
**pseudo_label ->  [0.1637, 0.1718, 0.121, 0.1202, 0.1252, 0.1495, 0.1485] **
max =  0.1718 | max_idx =  1
**pseudo_label ->  [0.152, 0.1544, 0.1246, 0.1365, 0.1362, 0.1533, 0.143] **
max =  0.1544 | max_idx =  1
**pseudo_label ->  [0.1666, 0.1354, 0.1318, 0.1406, 0.124, 0.1443, 0.1573] **
max =  0.1666 | max_idx =  0
**pseudo_label ->  [0.145, 0.1713, 0.1106, 0.1264, 0.1279, 0.1593, 0.1595] **
max =  0.1713 | max_idx =  1
Epoch 26/50, Train Loss: 1.9795, Valid Loss: 1.9284, Train Acc: 0.1429, Val Acc: 0.0000, Test Acc: 0.0134, Test F1: 0.0038, Total Pseudo-Labels: 0, Correct Pseudo-Labels: 0, Train Data Number: 70



line 303 => train data수 70
line 258 => 인스턴스 수 10
Step 260  Tim 0:40:14
acc_train_cw(현재 train의 class별 acc) [0.0, 0.0, 0.0, 1.0, 0.0, 0.0, 0.0]
cw_psl_total_eval(pseudo label 클래스별 총 샘플 수):  [0, 0, 0, 0, 0, 0, 0]
cw_psl_correct_eval(pseudo label 클래스별 맞은 샘플 수):  [0, 0, 0, 0, 0, 0, 0]
psl_acc(PSL 평가에서의 정확도): None 
cw_psl_acc(클래스별 PSL 평가에서의 정확도):  [nan, nan, nan, nan, nan, nan, nan]
**pseudo_label ->  [0.1299, 0.1425, 0.1309, 0.1534, 0.1565, 0.1392, 0.1477] **
max =  0.1565 | max_idx =  4
**pseudo_label ->  [0.1378, 0.1508, 0.1333, 0.1464, 0.1619, 0.1418, 0.1281] **
max =  0.1619 | max_idx =  4
**pseudo_label ->  [0.1182, 0.1525, 0.1265, 0.1632, 0.1557, 0.1387, 0.1452] **
max =  0.1632 | max_idx =  3
**pseudo_label ->  [0.1071, 0.1513, 0.1383, 0.18, 0.1626, 0.1054, 0.1554] **
max =  0.18 | max_idx =  3
**pseudo_label ->  [0.1328, 0.1345, 0.1343, 0.1632, 0.157, 0.1465, 0.1317] **
max =  0.1632 | max_idx =  3
Epoch 27/50, Train Loss: 1.9656, Valid Loss: 1.9288, Train Acc: 0.1429, Val Acc: 0.2064, Test Acc: 0.0425, Test F1: 0.0116, Total Pseudo-Labels: 0, Correct Pseudo-Labels: 0, Train Data Number: 70



line 303 => train data수 70
line 258 => 인스턴스 수 10
Step 270  Tim 0:41:43
acc_train_cw(현재 train의 class별 acc) [0.0, 1.0, 0.0, 0.0, 0.0, 0.0, 0.0]
cw_psl_total_eval(pseudo label 클래스별 총 샘플 수):  [0, 0, 0, 0, 0, 0, 0]
cw_psl_correct_eval(pseudo label 클래스별 맞은 샘플 수):  [0, 0, 0, 0, 0, 0, 0]
psl_acc(PSL 평가에서의 정확도): None 
cw_psl_acc(클래스별 PSL 평가에서의 정확도):  [nan, nan, nan, nan, nan, nan, nan]
**pseudo_label ->  [0.087, 0.1811, 0.1394, 0.1569, 0.1668, 0.1536, 0.1153] **
max =  0.1811 | max_idx =  1
**pseudo_label ->  [0.1259, 0.161, 0.1431, 0.1707, 0.1446, 0.1324, 0.1222] **
max =  0.1707 | max_idx =  3
**pseudo_label ->  [0.1159, 0.177, 0.1292, 0.1598, 0.1415, 0.1438, 0.1328] **
max =  0.177 | max_idx =  1
**pseudo_label ->  [0.126, 0.1532, 0.1269, 0.1519, 0.1319, 0.1682, 0.1419] **
max =  0.1682 | max_idx =  5
**pseudo_label ->  [0.1323, 0.143, 0.1532, 0.1449, 0.1533, 0.1543, 0.119] **
max =  0.1543 | max_idx =  5
Epoch 28/50, Train Loss: 2.0072, Valid Loss: 1.9848, Train Acc: 0.1429, Val Acc: 0.1997, Test Acc: 0.0604, Test F1: 0.0163, Total Pseudo-Labels: 0, Correct Pseudo-Labels: 0, Train Data Number: 70



line 303 => train data수 70
line 258 => 인스턴스 수 10
Step 280  Tim 0:43:11
acc_train_cw(현재 train의 class별 acc) [1.0, 0.0, 0.0, 0.0, 0.0, 0.0, 0.0]
cw_psl_total_eval(pseudo label 클래스별 총 샘플 수):  [0, 0, 0, 0, 0, 0, 0]
cw_psl_correct_eval(pseudo label 클래스별 맞은 샘플 수):  [0, 0, 0, 0, 0, 0, 0]
psl_acc(PSL 평가에서의 정확도): None 
cw_psl_acc(클래스별 PSL 평가에서의 정확도):  [nan, nan, nan, nan, nan, nan, nan]
**pseudo_label ->  [0.1411, 0.1115, 0.1706, 0.1619, 0.142, 0.1329, 0.14] **
max =  0.1706 | max_idx =  2
**pseudo_label ->  [0.1679, 0.1322, 0.1519, 0.1428, 0.1161, 0.1329, 0.1562] **
max =  0.1679 | max_idx =  0
**pseudo_label ->  [0.1481, 0.1351, 0.1768, 0.1464, 0.1234, 0.1337, 0.1365] **
max =  0.1768 | max_idx =  2
**pseudo_label ->  [0.1537, 0.142, 0.1788, 0.1369, 0.1146, 0.1285, 0.1455] **
max =  0.1788 | max_idx =  2
**pseudo_label ->  [0.1606, 0.1276, 0.1483, 0.1626, 0.1229, 0.1348, 0.1432] **
max =  0.1626 | max_idx =  3
Epoch 29/50, Train Loss: 2.0135, Valid Loss: 1.8943, Train Acc: 0.1429, Val Acc: 0.0981, Test Acc: 0.1342, Test F1: 0.0338, Total Pseudo-Labels: 0, Correct Pseudo-Labels: 0, Train Data Number: 70



line 303 => train data수 70
line 258 => 인스턴스 수 10
Step 290  Tim 0:44:40
acc_train_cw(현재 train의 class별 acc) [0.0, 1.0, 0.0, 0.0, 0.0, 0.0, 0.0]
cw_psl_total_eval(pseudo label 클래스별 총 샘플 수):  [0, 0, 0, 0, 0, 0, 0]
cw_psl_correct_eval(pseudo label 클래스별 맞은 샘플 수):  [0, 0, 0, 0, 0, 0, 0]
psl_acc(PSL 평가에서의 정확도): None 
cw_psl_acc(클래스별 PSL 평가에서의 정확도):  [nan, nan, nan, nan, nan, nan, nan]
**pseudo_label ->  [0.1454, 0.1818, 0.1417, 0.1218, 0.1664, 0.128, 0.115] **
max =  0.1818 | max_idx =  1
**pseudo_label ->  [0.1419, 0.1907, 0.1527, 0.1148, 0.1623, 0.1294, 0.1082] **
max =  0.1907 | max_idx =  1
**pseudo_label ->  [0.1359, 0.1652, 0.1401, 0.1392, 0.1744, 0.1292, 0.116] **
max =  0.1744 | max_idx =  4
**pseudo_label ->  [0.1397, 0.1689, 0.1423, 0.1331, 0.1659, 0.1344, 0.1157] **
max =  0.1689 | max_idx =  1
**pseudo_label ->  [0.1513, 0.1939, 0.1403, 0.1177, 0.1514, 0.1415, 0.1041] **
max =  0.1939 | max_idx =  1
Epoch 30/50, Train Loss: 2.0614, Valid Loss: 2.0065, Train Acc: 0.1429, Val Acc: 0.1997, Test Acc: 0.0604, Test F1: 0.0163, Total Pseudo-Labels: 0, Correct Pseudo-Labels: 0, Train Data Number: 70



line 303 => train data수 70
line 258 => 인스턴스 수 10
Step 300  Tim 0:46:09
acc_train_cw(현재 train의 class별 acc) [0.0, 0.0, 0.0, 0.0, 1.0, 0.0, 0.0]
cw_psl_total_eval(pseudo label 클래스별 총 샘플 수):  [0, 0, 0, 0, 0, 0, 0]
cw_psl_correct_eval(pseudo label 클래스별 맞은 샘플 수):  [0, 0, 0, 0, 0, 0, 0]
psl_acc(PSL 평가에서의 정확도): None 
cw_psl_acc(클래스별 PSL 평가에서의 정확도):  [nan, nan, nan, nan, nan, nan, nan]
**pseudo_label ->  [0.1394, 0.0775, 0.1597, 0.1327, 0.1887, 0.1728, 0.1293] **
max =  0.1887 | max_idx =  4
**pseudo_label ->  [0.1364, 0.0817, 0.15, 0.1271, 0.2002, 0.1807, 0.1238] **
max =  0.2002 | max_idx =  4
**pseudo_label ->  [0.1313, 0.0858, 0.1415, 0.1281, 0.1988, 0.1829, 0.1316] **
max =  0.1988 | max_idx =  4
**pseudo_label ->  [0.1397, 0.0779, 0.1313, 0.1171, 0.1889, 0.204, 0.141] **
max =  0.204 | max_idx =  5
**pseudo_label ->  [0.1474, 0.0696, 0.1548, 0.1154, 0.1933, 0.1833, 0.1362] **
max =  0.1933 | max_idx =  4
Epoch 31/50, Train Loss: 1.9954, Valid Loss: 1.9573, Train Acc: 0.1429, Val Acc: 0.2843, Test Acc: 0.2282, Test F1: 0.0531, Total Pseudo-Labels: 0, Correct Pseudo-Labels: 0, Train Data Number: 70



line 303 => train data수 70
line 258 => 인스턴스 수 10
Step 310  Tim 0:47:38
acc_train_cw(현재 train의 class별 acc) [0.0, 1.0, 0.0, 0.0, 0.0, 0.0, 0.0]
cw_psl_total_eval(pseudo label 클래스별 총 샘플 수):  [0, 0, 0, 0, 0, 0, 0]
cw_psl_correct_eval(pseudo label 클래스별 맞은 샘플 수):  [0, 0, 0, 0, 0, 0, 0]
psl_acc(PSL 평가에서의 정확도): None 
cw_psl_acc(클래스별 PSL 평가에서의 정확도):  [nan, nan, nan, nan, nan, nan, nan]
**pseudo_label ->  [0.1613, 0.1788, 0.1479, 0.1422, 0.1157, 0.1391, 0.115] **
max =  0.1788 | max_idx =  1
**pseudo_label ->  [0.1511, 0.1561, 0.1497, 0.1528, 0.1167, 0.1516, 0.1219] **
max =  0.1561 | max_idx =  1
**pseudo_label ->  [0.1541, 0.1504, 0.1416, 0.1666, 0.1141, 0.1402, 0.133] **
max =  0.1666 | max_idx =  3
**pseudo_label ->  [0.1655, 0.1881, 0.149, 0.141, 0.1012, 0.1233, 0.1318] **
max =  0.1881 | max_idx =  1
**pseudo_label ->  [0.1298, 0.1602, 0.1398, 0.157, 0.1233, 0.1501, 0.1396] **
max =  0.1602 | max_idx =  1
Epoch 32/50, Train Loss: 1.9728, Valid Loss: 1.9434, Train Acc: 0.1429, Val Acc: 0.1997, Test Acc: 0.0604, Test F1: 0.0163, Total Pseudo-Labels: 0, Correct Pseudo-Labels: 0, Train Data Number: 70



line 303 => train data수 70
line 258 => 인스턴스 수 10
Step 320  Tim 0:49:07
acc_train_cw(현재 train의 class별 acc) [0.0, 0.0, 0.0, 1.0, 0.0, 0.0, 0.0]
cw_psl_total_eval(pseudo label 클래스별 총 샘플 수):  [0, 0, 0, 0, 0, 0, 0]
cw_psl_correct_eval(pseudo label 클래스별 맞은 샘플 수):  [0, 0, 0, 0, 0, 0, 0]
psl_acc(PSL 평가에서의 정확도): None 
cw_psl_acc(클래스별 PSL 평가에서의 정확도):  [nan, nan, nan, nan, nan, nan, nan]
**pseudo_label ->  [0.1407, 0.1541, 0.1212, 0.1764, 0.1309, 0.1245, 0.1523] **
max =  0.1764 | max_idx =  3
**pseudo_label ->  [0.1521, 0.1639, 0.114, 0.1469, 0.1303, 0.1288, 0.1639] **
max =  0.1639 | max_idx =  6
**pseudo_label ->  [0.1454, 0.1446, 0.128, 0.1551, 0.1387, 0.1284, 0.1598] **
max =  0.1598 | max_idx =  6
**pseudo_label ->  [0.1445, 0.1525, 0.1293, 0.1578, 0.1342, 0.131, 0.1507] **
max =  0.1578 | max_idx =  3
**pseudo_label ->  [0.1634, 0.1772, 0.1144, 0.1034, 0.112, 0.1299, 0.1998] **
max =  0.1998 | max_idx =  6
Epoch 33/50, Train Loss: 1.9764, Valid Loss: 1.9616, Train Acc: 0.1429, Val Acc: 0.2064, Test Acc: 0.0425, Test F1: 0.0116, Total Pseudo-Labels: 0, Correct Pseudo-Labels: 0, Train Data Number: 70



line 303 => train data수 70
line 258 => 인스턴스 수 10
Step 330  Tim 0:50:35
acc_train_cw(현재 train의 class별 acc) [0.0, 0.0, 0.0, 0.0, 0.0, 0.0, 1.0]
cw_psl_total_eval(pseudo label 클래스별 총 샘플 수):  [0, 0, 0, 0, 0, 0, 0]
cw_psl_correct_eval(pseudo label 클래스별 맞은 샘플 수):  [0, 0, 0, 0, 0, 0, 0]
psl_acc(PSL 평가에서의 정확도): None 
cw_psl_acc(클래스별 PSL 평가에서의 정확도):  [nan, nan, nan, nan, nan, nan, nan]
**pseudo_label ->  [0.1373, 0.1586, 0.1374, 0.1356, 0.1276, 0.1392, 0.1643] **
max =  0.1643 | max_idx =  6
**pseudo_label ->  [0.1191, 0.1291, 0.1518, 0.1505, 0.1461, 0.1431, 0.1602] **
max =  0.1602 | max_idx =  6
**pseudo_label ->  [0.1255, 0.1759, 0.1491, 0.1479, 0.1264, 0.1252, 0.1499] **
max =  0.1759 | max_idx =  1
**pseudo_label ->  [0.131, 0.1364, 0.1421, 0.1515, 0.1424, 0.1528, 0.1437] **
max =  0.1528 | max_idx =  5
**pseudo_label ->  [0.1389, 0.124, 0.1464, 0.1444, 0.1562, 0.1362, 0.1539] **
max =  0.1562 | max_idx =  4
Epoch 34/50, Train Loss: 1.9865, Valid Loss: 2.0357, Train Acc: 0.1429, Val Acc: 0.0000, Test Acc: 0.0134, Test F1: 0.0038, Total Pseudo-Labels: 0, Correct Pseudo-Labels: 0, Train Data Number: 70



line 303 => train data수 70
line 258 => 인스턴스 수 10
Step 340  Tim 0:52:04
acc_train_cw(현재 train의 class별 acc) [1.0, 0.0, 0.0, 0.0, 0.0, 0.0, 0.0]
cw_psl_total_eval(pseudo label 클래스별 총 샘플 수):  [0, 0, 0, 0, 0, 0, 0]
cw_psl_correct_eval(pseudo label 클래스별 맞은 샘플 수):  [0, 0, 0, 0, 0, 0, 0]
psl_acc(PSL 평가에서의 정확도): None 
cw_psl_acc(클래스별 PSL 평가에서의 정확도):  [nan, nan, nan, nan, nan, nan, nan]
**pseudo_label ->  [0.1598, 0.1349, 0.1426, 0.0957, 0.1407, 0.1642, 0.1621] **
max =  0.1642 | max_idx =  5
**pseudo_label ->  [0.181, 0.1243, 0.1466, 0.0855, 0.1345, 0.1722, 0.1559] **
max =  0.181 | max_idx =  0
**pseudo_label ->  [0.1659, 0.1339, 0.1494, 0.0991, 0.1477, 0.1535, 0.1506] **
max =  0.1659 | max_idx =  0
**pseudo_label ->  [0.1808, 0.1189, 0.1614, 0.0849, 0.1442, 0.165, 0.1448] **
max =  0.1808 | max_idx =  0
**pseudo_label ->  [0.1857, 0.1269, 0.1543, 0.1017, 0.1412, 0.1521, 0.1381] **
max =  0.1857 | max_idx =  0
Epoch 35/50, Train Loss: 1.9649, Valid Loss: 1.9182, Train Acc: 0.1429, Val Acc: 0.0981, Test Acc: 0.1342, Test F1: 0.0338, Total Pseudo-Labels: 0, Correct Pseudo-Labels: 0, Train Data Number: 70



line 303 => train data수 70
line 258 => 인스턴스 수 10
Step 350  Tim 0:53:33
acc_train_cw(현재 train의 class별 acc) [0.0, 1.0, 0.0, 0.0, 0.0, 0.0, 0.0]
cw_psl_total_eval(pseudo label 클래스별 총 샘플 수):  [0, 0, 0, 0, 0, 0, 0]
cw_psl_correct_eval(pseudo label 클래스별 맞은 샘플 수):  [0, 0, 0, 0, 0, 0, 0]
psl_acc(PSL 평가에서의 정확도): None 
cw_psl_acc(클래스별 PSL 평가에서의 정확도):  [nan, nan, nan, nan, nan, nan, nan]
**pseudo_label ->  [0.1415, 0.1413, 0.1575, 0.1262, 0.1549, 0.1665, 0.1121] **
max =  0.1665 | max_idx =  5
**pseudo_label ->  [0.112, 0.1357, 0.1647, 0.1425, 0.1661, 0.1505, 0.1285] **
max =  0.1661 | max_idx =  4
**pseudo_label ->  [0.1344, 0.147, 0.1593, 0.1318, 0.1482, 0.1563, 0.1231] **
max =  0.1593 | max_idx =  2
**pseudo_label ->  [0.1327, 0.1739, 0.1294, 0.1293, 0.1593, 0.148, 0.1273] **
max =  0.1739 | max_idx =  1
**pseudo_label ->  [0.1425, 0.1461, 0.1353, 0.1398, 0.1611, 0.1467, 0.1286] **
max =  0.1611 | max_idx =  4
Epoch 36/50, Train Loss: 1.9716, Valid Loss: 1.9754, Train Acc: 0.1429, Val Acc: 0.1997, Test Acc: 0.0604, Test F1: 0.0163, Total Pseudo-Labels: 0, Correct Pseudo-Labels: 0, Train Data Number: 70



line 303 => train data수 70
line 258 => 인스턴스 수 10
Step 360  Tim 0:55:01
acc_train_cw(현재 train의 class별 acc) [0.0, 0.0, 0.0, 0.0, 0.0, 1.0, 0.0]
cw_psl_total_eval(pseudo label 클래스별 총 샘플 수):  [0, 0, 0, 0, 0, 0, 0]
cw_psl_correct_eval(pseudo label 클래스별 맞은 샘플 수):  [0, 0, 0, 0, 0, 0, 0]
psl_acc(PSL 평가에서의 정확도): None 
cw_psl_acc(클래스별 PSL 평가에서의 정확도):  [nan, nan, nan, nan, nan, nan, nan]
**pseudo_label ->  [0.1292, 0.137, 0.1244, 0.155, 0.1402, 0.1813, 0.1329] **
max =  0.1813 | max_idx =  5
**pseudo_label ->  [0.116, 0.1477, 0.1329, 0.1464, 0.1499, 0.1652, 0.142] **
max =  0.1652 | max_idx =  5
**pseudo_label ->  [0.1257, 0.1528, 0.1326, 0.138, 0.142, 0.1726, 0.1364] **
max =  0.1726 | max_idx =  5
**pseudo_label ->  [0.1699, 0.1541, 0.1346, 0.1235, 0.1416, 0.1601, 0.1161] **
max =  0.1699 | max_idx =  0
**pseudo_label ->  [0.1584, 0.1363, 0.1334, 0.1303, 0.1507, 0.1744, 0.1166] **
max =  0.1744 | max_idx =  5
Epoch 37/50, Train Loss: 2.0166, Valid Loss: 1.9627, Train Acc: 0.1429, Val Acc: 0.0000, Test Acc: 0.3669, Test F1: 0.0767, Total Pseudo-Labels: 0, Correct Pseudo-Labels: 0, Train Data Number: 70



line 303 => train data수 70
line 258 => 인스턴스 수 10
Step 370  Tim 0:56:30
acc_train_cw(현재 train의 class별 acc) [0.0, 0.0, 0.0, 1.0, 0.0, 0.0, 0.0]
cw_psl_total_eval(pseudo label 클래스별 총 샘플 수):  [0, 0, 0, 0, 0, 0, 0]
cw_psl_correct_eval(pseudo label 클래스별 맞은 샘플 수):  [0, 0, 0, 0, 0, 0, 0]
psl_acc(PSL 평가에서의 정확도): None 
cw_psl_acc(클래스별 PSL 평가에서의 정확도):  [nan, nan, nan, nan, nan, nan, nan]
**pseudo_label ->  [0.1321, 0.0972, 0.1422, 0.1852, 0.1522, 0.1545, 0.1366] **
max =  0.1852 | max_idx =  3
**pseudo_label ->  [0.1348, 0.1086, 0.1477, 0.1827, 0.1445, 0.1467, 0.135] **
max =  0.1827 | max_idx =  3
**pseudo_label ->  [0.1283, 0.1011, 0.1588, 0.1715, 0.1515, 0.1647, 0.1242] **
max =  0.1715 | max_idx =  3
**pseudo_label ->  [0.1391, 0.101, 0.14, 0.1936, 0.14, 0.1522, 0.1342] **
max =  0.1936 | max_idx =  3
**pseudo_label ->  [0.1397, 0.1056, 0.1408, 0.1813, 0.1442, 0.1539, 0.1344] **
max =  0.1813 | max_idx =  3
Epoch 38/50, Train Loss: 1.9857, Valid Loss: 1.9882, Train Acc: 0.1429, Val Acc: 0.2064, Test Acc: 0.0425, Test F1: 0.0116, Total Pseudo-Labels: 0, Correct Pseudo-Labels: 0, Train Data Number: 70



line 303 => train data수 70
line 258 => 인스턴스 수 10
Step 380  Tim 0:57:58
acc_train_cw(현재 train의 class별 acc) [0.0, 1.0, 0.0, 0.0, 0.0, 0.0, 0.0]
cw_psl_total_eval(pseudo label 클래스별 총 샘플 수):  [0, 0, 0, 0, 0, 0, 0]
cw_psl_correct_eval(pseudo label 클래스별 맞은 샘플 수):  [0, 0, 0, 0, 0, 0, 0]
psl_acc(PSL 평가에서의 정확도): None 
cw_psl_acc(클래스별 PSL 평가에서의 정확도):  [nan, nan, nan, nan, nan, nan, nan]
**pseudo_label ->  [0.1463, 0.181, 0.1312, 0.1272, 0.12, 0.1517, 0.1426] **
max =  0.181 | max_idx =  1
**pseudo_label ->  [0.1479, 0.1612, 0.1171, 0.1266, 0.1291, 0.1605, 0.1576] **
max =  0.1612 | max_idx =  1
**pseudo_label ->  [0.1585, 0.1695, 0.1272, 0.1248, 0.1331, 0.1521, 0.1347] **
max =  0.1695 | max_idx =  1
**pseudo_label ->  [0.1565, 0.1733, 0.1281, 0.1247, 0.1254, 0.1549, 0.137] **
max =  0.1733 | max_idx =  1
**pseudo_label ->  [0.1595, 0.1805, 0.138, 0.1152, 0.122, 0.1405, 0.1441] **
max =  0.1805 | max_idx =  1
Epoch 39/50, Train Loss: 1.9638, Valid Loss: 1.9408, Train Acc: 0.1429, Val Acc: 0.1997, Test Acc: 0.0604, Test F1: 0.0163, Total Pseudo-Labels: 0, Correct Pseudo-Labels: 0, Train Data Number: 70



line 303 => train data수 70
line 258 => 인스턴스 수 10
Step 390  Tim 0:59:27
acc_train_cw(현재 train의 class별 acc) [0.0, 0.0, 1.0, 0.0, 0.0, 0.0, 0.0]
cw_psl_total_eval(pseudo label 클래스별 총 샘플 수):  [0, 0, 0, 0, 0, 0, 0]
cw_psl_correct_eval(pseudo label 클래스별 맞은 샘플 수):  [0, 0, 0, 0, 0, 0, 0]
psl_acc(PSL 평가에서의 정확도): None 
cw_psl_acc(클래스별 PSL 평가에서의 정확도):  [nan, nan, nan, nan, nan, nan, nan]
**pseudo_label ->  [0.1394, 0.146, 0.1453, 0.1337, 0.1548, 0.1472, 0.1336] **
max =  0.1548 | max_idx =  4
**pseudo_label ->  [0.1457, 0.1397, 0.1413, 0.1354, 0.1483, 0.1487, 0.1408] **
max =  0.1487 | max_idx =  5
**pseudo_label ->  [0.1238, 0.4019, 0.1286, 0.0603, 0.0808, 0.1589, 0.0458] **
max =  0.4019 | max_idx =  1
**pseudo_label ->  [0.1499, 0.1289, 0.1446, 0.14, 0.152, 0.1453, 0.1392] **
max =  0.152 | max_idx =  4
**pseudo_label ->  [0.128, 0.1771, 0.1638, 0.142, 0.1311, 0.1235, 0.1345] **
max =  0.1771 | max_idx =  1
Epoch 40/50, Train Loss: 1.9653, Valid Loss: 1.9582, Train Acc: 0.1429, Val Acc: 0.2115, Test Acc: 0.1544, Test F1: 0.0382, Total Pseudo-Labels: 0, Correct Pseudo-Labels: 0, Train Data Number: 70



line 303 => train data수 70
line 258 => 인스턴스 수 10
Step 400  Tim 1:00:56
acc_train_cw(현재 train의 class별 acc) [0.0, 0.0, 0.0, 0.0, 0.0, 0.0, 1.0]
cw_psl_total_eval(pseudo label 클래스별 총 샘플 수):  [0, 0, 0, 0, 0, 0, 0]
cw_psl_correct_eval(pseudo label 클래스별 맞은 샘플 수):  [0, 0, 0, 0, 0, 0, 0]
psl_acc(PSL 평가에서의 정확도): None 
cw_psl_acc(클래스별 PSL 평가에서의 정확도):  [nan, nan, nan, nan, nan, nan, nan]
**pseudo_label ->  [0.1194, 0.132, 0.1575, 0.136, 0.1519, 0.1386, 0.1647] **
max =  0.1647 | max_idx =  6
**pseudo_label ->  [0.138, 0.1616, 0.1738, 0.1217, 0.1442, 0.126, 0.1347] **
max =  0.1738 | max_idx =  2
**pseudo_label ->  [0.1258, 0.1403, 0.1422, 0.1265, 0.136, 0.1472, 0.182] **
max =  0.182 | max_idx =  6
**pseudo_label ->  [0.1269, 0.1686, 0.1643, 0.1343, 0.1426, 0.123, 0.1404] **
max =  0.1686 | max_idx =  1
**pseudo_label ->  [0.0996, 0.2642, 0.153, 0.1106, 0.1145, 0.1485, 0.1096] **
max =  0.2642 | max_idx =  1
Epoch 41/50, Train Loss: 1.9545, Valid Loss: 1.9153, Train Acc: 0.1429, Val Acc: 0.0000, Test Acc: 0.0134, Test F1: 0.0038, Total Pseudo-Labels: 0, Correct Pseudo-Labels: 0, Train Data Number: 70



line 303 => train data수 70
line 258 => 인스턴스 수 10
Step 410  Tim 1:02:24
acc_train_cw(현재 train의 class별 acc) [0.0, 0.0, 0.0, 0.0, 1.0, 0.0, 0.0]
cw_psl_total_eval(pseudo label 클래스별 총 샘플 수):  [0, 0, 0, 0, 0, 0, 0]
cw_psl_correct_eval(pseudo label 클래스별 맞은 샘플 수):  [0, 0, 0, 0, 0, 0, 0]
psl_acc(PSL 평가에서의 정확도): None 
cw_psl_acc(클래스별 PSL 평가에서의 정확도):  [nan, nan, nan, nan, nan, nan, nan]
**pseudo_label ->  [0.1451, 0.1407, 0.1389, 0.1348, 0.1672, 0.1422, 0.131] **
max =  0.1672 | max_idx =  4
**pseudo_label ->  [0.1482, 0.1468, 0.1338, 0.1337, 0.169, 0.1424, 0.126] **
max =  0.169 | max_idx =  4
**pseudo_label ->  [0.1298, 0.167, 0.1665, 0.1257, 0.161, 0.1386, 0.1113] **
max =  0.167 | max_idx =  1
**pseudo_label ->  [0.1283, 0.1285, 0.1632, 0.1313, 0.1788, 0.144, 0.126] **
max =  0.1788 | max_idx =  4
**pseudo_label ->  [0.1381, 0.1351, 0.1529, 0.1426, 0.1695, 0.1379, 0.1239] **
max =  0.1695 | max_idx =  4
Epoch 42/50, Train Loss: 1.9429, Valid Loss: 1.9501, Train Acc: 0.1429, Val Acc: 0.2843, Test Acc: 0.2282, Test F1: 0.0531, Total Pseudo-Labels: 0, Correct Pseudo-Labels: 0, Train Data Number: 70



line 303 => train data수 70
line 258 => 인스턴스 수 10
Step 420  Tim 1:03:53
acc_train_cw(현재 train의 class별 acc) [0.0, 0.0, 0.0, 0.0, 1.0, 0.0, 0.0]
cw_psl_total_eval(pseudo label 클래스별 총 샘플 수):  [0, 0, 0, 0, 0, 0, 0]
cw_psl_correct_eval(pseudo label 클래스별 맞은 샘플 수):  [0, 0, 0, 0, 0, 0, 0]
psl_acc(PSL 평가에서의 정확도): None 
cw_psl_acc(클래스별 PSL 평가에서의 정확도):  [nan, nan, nan, nan, nan, nan, nan]
**pseudo_label ->  [0.1166, 0.1279, 0.1223, 0.1721, 0.162, 0.1466, 0.1526] **
max =  0.1721 | max_idx =  3
**pseudo_label ->  [0.1377, 0.1541, 0.1213, 0.1477, 0.1356, 0.1525, 0.1512] **
max =  0.1541 | max_idx =  1
**pseudo_label ->  [0.1297, 0.2018, 0.1114, 0.137, 0.1544, 0.1438, 0.122] **
max =  0.2018 | max_idx =  1
**pseudo_label ->  [0.1346, 0.1416, 0.119, 0.1406, 0.1602, 0.1523, 0.1518] **
max =  0.1602 | max_idx =  4
**pseudo_label ->  [0.1181, 0.1404, 0.1317, 0.157, 0.1565, 0.142, 0.1544] **
max =  0.157 | max_idx =  3
Epoch 43/50, Train Loss: 1.9597, Valid Loss: 1.9840, Train Acc: 0.1429, Val Acc: 0.2843, Test Acc: 0.2282, Test F1: 0.0531, Total Pseudo-Labels: 0, Correct Pseudo-Labels: 0, Train Data Number: 70



line 303 => train data수 70
line 258 => 인스턴스 수 10
Step 430  Tim 1:05:21
acc_train_cw(현재 train의 class별 acc) [0.1, 0.0, 0.0, 0.0, 0.0, 0.0, 1.0]
cw_psl_total_eval(pseudo label 클래스별 총 샘플 수):  [0, 0, 0, 0, 0, 0, 0]
cw_psl_correct_eval(pseudo label 클래스별 맞은 샘플 수):  [0, 0, 0, 0, 0, 0, 0]
psl_acc(PSL 평가에서의 정확도): None 
cw_psl_acc(클래스별 PSL 평가에서의 정확도):  [nan, nan, nan, nan, nan, nan, nan]
**pseudo_label ->  [0.1189, 0.1469, 0.138, 0.1428, 0.1192, 0.173, 0.1612] **
max =  0.173 | max_idx =  5
**pseudo_label ->  [0.139, 0.1439, 0.129, 0.1472, 0.1266, 0.1484, 0.1661] **
max =  0.1661 | max_idx =  6
**pseudo_label ->  [0.1426, 0.1419, 0.1389, 0.1412, 0.13, 0.1559, 0.1495] **
max =  0.1559 | max_idx =  5
**pseudo_label ->  [0.1462, 0.1294, 0.1365, 0.1468, 0.1386, 0.1595, 0.143] **
max =  0.1595 | max_idx =  5
**pseudo_label ->  [0.1394, 0.1443, 0.1693, 0.1272, 0.1328, 0.1593, 0.1277] **
max =  0.1693 | max_idx =  2
Epoch 44/50, Train Loss: 1.9657, Valid Loss: 1.9558, Train Acc: 0.1571, Val Acc: 0.0000, Test Acc: 0.0134, Test F1: 0.0038, Total Pseudo-Labels: 0, Correct Pseudo-Labels: 0, Train Data Number: 70



line 303 => train data수 70
line 258 => 인스턴스 수 10
Step 440  Tim 1:06:50
acc_train_cw(현재 train의 class별 acc) [0.0, 0.0, 0.0, 1.0, 0.0, 0.0, 0.0]
cw_psl_total_eval(pseudo label 클래스별 총 샘플 수):  [0, 0, 0, 0, 0, 0, 0]
cw_psl_correct_eval(pseudo label 클래스별 맞은 샘플 수):  [0, 0, 0, 0, 0, 0, 0]
psl_acc(PSL 평가에서의 정확도): None 
cw_psl_acc(클래스별 PSL 평가에서의 정확도):  [nan, nan, nan, nan, nan, nan, nan]
**pseudo_label ->  [0.1563, 0.1321, 0.1751, 0.1306, 0.1293, 0.1609, 0.1158] **
max =  0.1751 | max_idx =  2
**pseudo_label ->  [0.1466, 0.1163, 0.1557, 0.1577, 0.1382, 0.1474, 0.1382] **
max =  0.1577 | max_idx =  3
**pseudo_label ->  [0.1409, 0.1307, 0.1597, 0.1643, 0.1281, 0.1411, 0.1352] **
max =  0.1643 | max_idx =  3
**pseudo_label ->  [0.1413, 0.1353, 0.1349, 0.1655, 0.1358, 0.1485, 0.1387] **
max =  0.1655 | max_idx =  3
**pseudo_label ->  [0.1406, 0.1269, 0.1538, 0.1509, 0.1295, 0.146, 0.1522] **
max =  0.1538 | max_idx =  2
Epoch 45/50, Train Loss: 1.9761, Valid Loss: 1.9549, Train Acc: 0.1429, Val Acc: 0.2064, Test Acc: 0.0425, Test F1: 0.0116, Total Pseudo-Labels: 0, Correct Pseudo-Labels: 0, Train Data Number: 70



line 303 => train data수 70
line 258 => 인스턴스 수 10
Step 450  Tim 1:08:18
acc_train_cw(현재 train의 class별 acc) [0.0, 0.0, 0.0, 0.0, 0.0, 0.0, 1.0]
cw_psl_total_eval(pseudo label 클래스별 총 샘플 수):  [0, 0, 0, 0, 0, 0, 0]
cw_psl_correct_eval(pseudo label 클래스별 맞은 샘플 수):  [0, 0, 0, 0, 0, 0, 0]
psl_acc(PSL 평가에서의 정확도): None 
cw_psl_acc(클래스별 PSL 평가에서의 정확도):  [nan, nan, nan, nan, nan, nan, nan]
**pseudo_label ->  [0.1178, 0.1455, 0.1495, 0.1442, 0.1442, 0.135, 0.1637] **
max =  0.1637 | max_idx =  6
**pseudo_label ->  [0.1072, 0.1847, 0.1401, 0.1362, 0.1393, 0.1422, 0.1502] **
max =  0.1847 | max_idx =  1
**pseudo_label ->  [0.1192, 0.1435, 0.1503, 0.1315, 0.15, 0.1361, 0.1694] **
max =  0.1694 | max_idx =  6
**pseudo_label ->  [0.1247, 0.1885, 0.1183, 0.1091, 0.1053, 0.1663, 0.1877] **
max =  0.1885 | max_idx =  1
**pseudo_label ->  [0.1168, 0.1687, 0.1484, 0.1256, 0.146, 0.1405, 0.154] **
max =  0.1687 | max_idx =  1
Epoch 46/50, Train Loss: 1.9724, Valid Loss: 1.9490, Train Acc: 0.1429, Val Acc: 0.0000, Test Acc: 0.0134, Test F1: 0.0038, Total Pseudo-Labels: 0, Correct Pseudo-Labels: 0, Train Data Number: 70



line 303 => train data수 70
line 258 => 인스턴스 수 10
Step 460  Tim 1:09:47
acc_train_cw(현재 train의 class별 acc) [0.1, 0.0, 0.0, 0.0, 1.0, 0.0, 0.0]
cw_psl_total_eval(pseudo label 클래스별 총 샘플 수):  [0, 0, 0, 0, 0, 0, 0]
cw_psl_correct_eval(pseudo label 클래스별 맞은 샘플 수):  [0, 0, 0, 0, 0, 0, 0]
psl_acc(PSL 평가에서의 정확도): None 
cw_psl_acc(클래스별 PSL 평가에서의 정확도):  [nan, nan, nan, nan, nan, nan, nan]
**pseudo_label ->  [0.1551, 0.1071, 0.1412, 0.1482, 0.1607, 0.1288, 0.1589] **
max =  0.1607 | max_idx =  4
**pseudo_label ->  [0.1629, 0.1248, 0.1344, 0.1391, 0.1535, 0.1305, 0.1548] **
max =  0.1629 | max_idx =  0
**pseudo_label ->  [0.1375, 0.1088, 0.1542, 0.1546, 0.1646, 0.1315, 0.149] **
max =  0.1646 | max_idx =  4
**pseudo_label ->  [0.1617, 0.11, 0.1355, 0.15, 0.1429, 0.1264, 0.1736] **
max =  0.1736 | max_idx =  6
**pseudo_label ->  [0.1532, 0.0984, 0.1487, 0.1291, 0.1593, 0.1642, 0.147] **
max =  0.1642 | max_idx =  5
Epoch 47/50, Train Loss: 1.9755, Valid Loss: 1.9685, Train Acc: 0.1571, Val Acc: 0.2843, Test Acc: 0.2282, Test F1: 0.0531, Total Pseudo-Labels: 0, Correct Pseudo-Labels: 0, Train Data Number: 70



line 303 => train data수 70
line 258 => 인스턴스 수 10
Step 470  Tim 1:11:16
acc_train_cw(현재 train의 class별 acc) [0.0, 0.0, 0.0, 0.0, 0.0, 0.0, 1.0]
cw_psl_total_eval(pseudo label 클래스별 총 샘플 수):  [0, 0, 0, 0, 0, 0, 0]
cw_psl_correct_eval(pseudo label 클래스별 맞은 샘플 수):  [0, 0, 0, 0, 0, 0, 0]
psl_acc(PSL 평가에서의 정확도): None 
cw_psl_acc(클래스별 PSL 평가에서의 정확도):  [nan, nan, nan, nan, nan, nan, nan]
**pseudo_label ->  [0.1416, 0.1522, 0.1168, 0.1309, 0.1542, 0.131, 0.1734] **
max =  0.1734 | max_idx =  6
**pseudo_label ->  [0.1402, 0.1467, 0.1195, 0.1245, 0.1702, 0.1346, 0.1644] **
max =  0.1702 | max_idx =  4
**pseudo_label ->  [0.1549, 0.1398, 0.1211, 0.1353, 0.1488, 0.1313, 0.1687] **
max =  0.1687 | max_idx =  6
**pseudo_label ->  [0.1305, 0.1499, 0.1156, 0.1392, 0.1601, 0.1416, 0.1631] **
max =  0.1631 | max_idx =  6
**pseudo_label ->  [0.1362, 0.1419, 0.1203, 0.135, 0.1651, 0.1345, 0.167] **
max =  0.167 | max_idx =  6
Epoch 48/50, Train Loss: 1.9475, Valid Loss: 1.9499, Train Acc: 0.1429, Val Acc: 0.0000, Test Acc: 0.0134, Test F1: 0.0038, Total Pseudo-Labels: 0, Correct Pseudo-Labels: 0, Train Data Number: 70



line 303 => train data수 70
line 258 => 인스턴스 수 10
Step 480  Tim 1:12:44
acc_train_cw(현재 train의 class별 acc) [0.0, 0.0, 1.0, 0.0, 0.0, 0.0, 0.0]
cw_psl_total_eval(pseudo label 클래스별 총 샘플 수):  [0, 0, 0, 0, 0, 0, 0]
cw_psl_correct_eval(pseudo label 클래스별 맞은 샘플 수):  [0, 0, 0, 0, 0, 0, 0]
psl_acc(PSL 평가에서의 정확도): None 
cw_psl_acc(클래스별 PSL 평가에서의 정확도):  [nan, nan, nan, nan, nan, nan, nan]
**pseudo_label ->  [0.1321, 0.1356, 0.1507, 0.1485, 0.1366, 0.1583, 0.1382] **
max =  0.1583 | max_idx =  5
**pseudo_label ->  [0.1063, 0.1885, 0.1706, 0.1127, 0.1328, 0.1579, 0.1311] **
max =  0.1885 | max_idx =  1
**pseudo_label ->  [0.1267, 0.1523, 0.1598, 0.1337, 0.1415, 0.1512, 0.1348] **
max =  0.1598 | max_idx =  2
**pseudo_label ->  [0.1367, 0.1298, 0.1683, 0.1414, 0.1403, 0.1481, 0.1355] **
max =  0.1683 | max_idx =  2
**pseudo_label ->  [0.1281, 0.1375, 0.1741, 0.1266, 0.1434, 0.1588, 0.1316] **
max =  0.1741 | max_idx =  2
Epoch 49/50, Train Loss: 1.9732, Valid Loss: 1.9835, Train Acc: 0.1429, Val Acc: 0.2115, Test Acc: 0.1544, Test F1: 0.0382, Total Pseudo-Labels: 0, Correct Pseudo-Labels: 0, Train Data Number: 70



line 303 => train data수 70
line 258 => 인스턴스 수 10
Step 490  Tim 1:14:13
acc_train_cw(현재 train의 class별 acc) [0.0, 0.0, 0.0, 0.0, 0.0, 1.0, 0.0]
cw_psl_total_eval(pseudo label 클래스별 총 샘플 수):  [0, 0, 0, 0, 0, 0, 0]
cw_psl_correct_eval(pseudo label 클래스별 맞은 샘플 수):  [0, 0, 0, 0, 0, 0, 0]
psl_acc(PSL 평가에서의 정확도): None 
cw_psl_acc(클래스별 PSL 평가에서의 정확도):  [nan, nan, nan, nan, nan, nan, nan]
**pseudo_label ->  [0.1508, 0.1333, 0.1526, 0.1269, 0.1434, 0.1611, 0.1319] **
max =  0.1611 | max_idx =  5
**pseudo_label ->  [0.152, 0.1368, 0.1442, 0.1206, 0.1425, 0.1638, 0.14] **
max =  0.1638 | max_idx =  5
**pseudo_label ->  [0.1365, 0.1302, 0.1536, 0.1279, 0.1557, 0.1687, 0.1275] **
max =  0.1687 | max_idx =  5
**pseudo_label ->  [0.1301, 0.1612, 0.1336, 0.1173, 0.1353, 0.1633, 0.1591] **
max =  0.1633 | max_idx =  5
**pseudo_label ->  [0.1597, 0.1416, 0.1437, 0.1337, 0.1305, 0.1575, 0.1334] **
max =  0.1597 | max_idx =  0
Epoch 50/50, Train Loss: 1.9726, Valid Loss: 1.9756, Train Acc: 0.1429, Val Acc: 0.0000, Test Acc: 0.3669, Test F1: 0.0767, Total Pseudo-Labels: 0, Correct Pseudo-Labels: 0, Train Data Number: 70

Training complete!
Total training took 1:15:25 (h:mm:ss)
Load model from ./experiment/java_extended_data/output/10_unixcoder-base_0.0002_0.7_java_extended_data_net0.pth
Save training statistics in:  ./experiment/java_extended_data/log/unixcoder/class5//10_unixcoder-base_0.0002_0.7_java_extended_data/training_statistics.csv

best_trian_loss, epoch => 1.2153803706169128 11
Epoch-1_train_loss => 2.2158305644989014
max_epoch_train_loss => 1.9726029992103578 


best_val_loss, epoch =>  1.449440149202716 11
Epoch-1_val_loss => 2.0540921341142475
max_epoch_val_loss => 1.9756403376810039 

pse_epoch =>  [7, 8, 9, 10, 11, 12, 13, 14]
추가되는 pse_epoch =>  [] 

total_data:  70 
Best_step:  110 
Best_epoch:  11 
best_val_acc:  0.5279187817258884 
best_test_acc:  0.5727069351230425 
best_test_f1:  0.3953230987052977
Save best record in:  ./experiment/java_extended_data/log/unixcoder/class5/summary.csv
Save best record in:  ./experiment/java_extended_data/log/summary_avgrun.csv
