current work directory:  /home/imsuhan22/few-shot-tc/custom_ssl/code
Data set -> jointmatch
save_name: 10_['codet5p', 'codet5p']_[0.0003, 0.00025]_0.7_jointmatch_37_[45]_{'corcode'}

data_path:  ../data/jointmatch/corcode

There are 1 GPU(s) available.
We will use the GPU- 0 Quadro RTX 8000

**line 107 모델 =>  ['Salesforce/codet5p-110m-embedding', 'Salesforce/codet5p-110m-embedding']
**tokenizer type =  ['Salesforce/codet5p-110m-embedding', 'Salesforce/codet5p-110m-embedding'] 

n_labeled_per_class:  10
train_df samples: 739
train_labeled_df samples: 50
train_unlabeled_df samples: 689
Check n_smaples_per_class in the original training set:  {3: 306, 5: 154, 1: 121, 4: 114, 2: 44}
Check n_smaples_per_class in the labeled training set:  {3: 10, 1: 10, 2: 10, 4: 10, 5: 10}
Check n_smaples_per_class in the unlabeled training set:  {3: 296, 5: 144, 1: 111, 4: 104, 2: 34}
n_classes:  5

net_arch:  Salesforce/codet5p-110m-embedding 
lr:  0.0003 
lr_linear:  0.001 


net_arch:  Salesforce/codet5p-110m-embedding 
lr:  0.00025 
lr_linear:  0.001 


acc_train_cw(현재 train의 class별 acc) [0.0, 0.0, 0.0, 0.0, 0.714]
cw_psl_total_eval(pseudo label 클래스별 총 샘플 수):  [0, 0, 0, 0, 0]
cw_psl_correct_eval(pseudo label 클래스별 맞은 샘플 수):  [0, 0, 0, 0, 0]
psl_acc(PSL 평가에서의 정확도): None 
cw_psl_acc(클래스별 PSL 평가에서의 정확도):  [nan, nan, nan, nan, nan]
Save model to ./experiment/jointmatch/output/
loss for labeled data =>  tensor(1.6214, device='cuda:0', grad_fn=<NllLossBackward0>)
loss for labeled data =>  tensor(1.6076, device='cuda:0', grad_fn=<NllLossBackward0>)
Epoch 1/37, Train Acc: 0.1429, Val Acc: 0.2347, Test Acc: 0.2211, Test F1(macro): 0.1331, Total Pseudo-Labels: 0, Correct Pseudo-Labels: 0

acc_train_cw(현재 train의 class별 acc) [0.0, 0.0, 0.0, 0.0, 1.0]
cw_psl_total_eval(pseudo label 클래스별 총 샘플 수):  [0, 0, 0, 0, 0]
cw_psl_correct_eval(pseudo label 클래스별 맞은 샘플 수):  [0, 0, 0, 0, 0]
psl_acc(PSL 평가에서의 정확도): None 
cw_psl_acc(클래스별 PSL 평가에서의 정확도):  [nan, nan, nan, nan, nan]
Save model to ./experiment/jointmatch/output/
loss for labeled data =>  tensor(1.5944, device='cuda:0', grad_fn=<NllLossBackward0>)
loss for labeled data =>  tensor(1.5903, device='cuda:0', grad_fn=<NllLossBackward0>)
Epoch 2/37, Train Acc: 0.2000, Val Acc: 0.2449, Test Acc: 0.2316, Test F1(macro): 0.0752, Total Pseudo-Labels: 0, Correct Pseudo-Labels: 0

acc_train_cw(현재 train의 class별 acc) [0.0, 0.0, 0.0, 0.0, 1.0]
cw_psl_total_eval(pseudo label 클래스별 총 샘플 수):  [0, 0, 0, 0, 0]
cw_psl_correct_eval(pseudo label 클래스별 맞은 샘플 수):  [0, 0, 0, 0, 0]
psl_acc(PSL 평가에서의 정확도): None 
cw_psl_acc(클래스별 PSL 평가에서의 정확도):  [nan, nan, nan, nan, nan]
loss for labeled data =>  tensor(1.5450, device='cuda:0', grad_fn=<NllLossBackward0>)
loss for labeled data =>  tensor(1.5612, device='cuda:0', grad_fn=<NllLossBackward0>)
Epoch 3/37, Train Acc: 0.2000, Val Acc: 0.2449, Test Acc: 0.2316, Test F1(macro): 0.0752, Total Pseudo-Labels: 0, Correct Pseudo-Labels: 0

acc_train_cw(현재 train의 class별 acc) [0.0, 0.0, 0.0, 0.0, 1.0]
cw_psl_total_eval(pseudo label 클래스별 총 샘플 수):  [0, 0, 0, 0, 0]
cw_psl_correct_eval(pseudo label 클래스별 맞은 샘플 수):  [0, 0, 0, 0, 0]
psl_acc(PSL 평가에서의 정확도): None 
cw_psl_acc(클래스별 PSL 평가에서의 정확도):  [nan, nan, nan, nan, nan]
loss for labeled data =>  tensor(1.6260, device='cuda:0', grad_fn=<NllLossBackward0>)
loss for labeled data =>  tensor(1.6163, device='cuda:0', grad_fn=<NllLossBackward0>)
Epoch 4/37, Train Acc: 0.2000, Val Acc: 0.2449, Test Acc: 0.2316, Test F1(macro): 0.0752, Total Pseudo-Labels: 0, Correct Pseudo-Labels: 0

acc_train_cw(현재 train의 class별 acc) [0.0, 0.0, 0.0, 0.0, 1.0]
cw_psl_total_eval(pseudo label 클래스별 총 샘플 수):  [0, 0, 0, 0, 0]
cw_psl_correct_eval(pseudo label 클래스별 맞은 샘플 수):  [0, 0, 0, 0, 0]
psl_acc(PSL 평가에서의 정확도): None 
cw_psl_acc(클래스별 PSL 평가에서의 정확도):  [nan, nan, nan, nan, nan]
loss for labeled data =>  tensor(1.6308, device='cuda:0', grad_fn=<NllLossBackward0>)
loss for labeled data =>  tensor(1.6517, device='cuda:0', grad_fn=<NllLossBackward0>)
Epoch 5/37, Train Acc: 0.2000, Val Acc: 0.2449, Test Acc: 0.2316, Test F1(macro): 0.0752, Total Pseudo-Labels: 0, Correct Pseudo-Labels: 0

acc_train_cw(현재 train의 class별 acc) [0.0, 0.0, 0.0, 0.0, 1.0]
cw_psl_total_eval(pseudo label 클래스별 총 샘플 수):  [0, 0, 0, 0, 0]
cw_psl_correct_eval(pseudo label 클래스별 맞은 샘플 수):  [0, 0, 0, 0, 0]
psl_acc(PSL 평가에서의 정확도): None 
cw_psl_acc(클래스별 PSL 평가에서의 정확도):  [nan, nan, nan, nan, nan]
loss for labeled data =>  tensor(1.5423, device='cuda:0', grad_fn=<NllLossBackward0>)
loss for labeled data =>  tensor(1.5583, device='cuda:0', grad_fn=<NllLossBackward0>)
Epoch 6/37, Train Acc: 0.2000, Val Acc: 0.2449, Test Acc: 0.2316, Test F1(macro): 0.0752, Total Pseudo-Labels: 0, Correct Pseudo-Labels: 0

acc_train_cw(현재 train의 class별 acc) [0.0, 0.714, 0.286, 0.0, 1.0]
cw_psl_total_eval(pseudo label 클래스별 총 샘플 수):  [0, 0, 0, 0, 0]
cw_psl_correct_eval(pseudo label 클래스별 맞은 샘플 수):  [0, 0, 0, 0, 0]
psl_acc(PSL 평가에서의 정확도): None 
cw_psl_acc(클래스별 PSL 평가에서의 정확도):  [nan, nan, nan, nan, nan]
Save model to ./experiment/jointmatch/output/
loss for labeled data =>  tensor(1.5155, device='cuda:0', grad_fn=<NllLossBackward0>)
loss for labeled data =>  tensor(1.5234, device='cuda:0', grad_fn=<NllLossBackward0>)
Epoch 7/37, Train Acc: 0.4000, Val Acc: 0.3265, Test Acc: 0.1895, Test F1(macro): 0.0920, Total Pseudo-Labels: 0, Correct Pseudo-Labels: 0

acc_train_cw(현재 train의 class별 acc) [0.857, 0.714, 0.286, 0.429, 0.286]
cw_psl_total_eval(pseudo label 클래스별 총 샘플 수):  [0, 0, 0, 0, 0]
cw_psl_correct_eval(pseudo label 클래스별 맞은 샘플 수):  [0, 0, 0, 0, 0]
psl_acc(PSL 평가에서의 정확도): None 
cw_psl_acc(클래스별 PSL 평가에서의 정확도):  [nan, nan, nan, nan, nan]
Save model to ./experiment/jointmatch/output/
loss for labeled data =>  tensor(1.4461, device='cuda:0', grad_fn=<NllLossBackward0>)
loss for labeled data =>  tensor(1.5207, device='cuda:0', grad_fn=<NllLossBackward0>)
Epoch 8/37, Train Acc: 0.5143, Val Acc: 0.3776, Test Acc: 0.3579, Test F1(macro): 0.2856, Total Pseudo-Labels: 0, Correct Pseudo-Labels: 0

acc_train_cw(현재 train의 class별 acc) [0.0, 0.857, 0.286, 0.714, 0.143]
cw_psl_total_eval(pseudo label 클래스별 총 샘플 수):  [0, 0, 0, 0, 0]
cw_psl_correct_eval(pseudo label 클래스별 맞은 샘플 수):  [0, 0, 0, 0, 0]
psl_acc(PSL 평가에서의 정확도): None 
cw_psl_acc(클래스별 PSL 평가에서의 정확도):  [nan, nan, nan, nan, nan]
loss for labeled data =>  tensor(1.5354, device='cuda:0', grad_fn=<NllLossBackward0>)
loss for labeled data =>  tensor(1.5270, device='cuda:0', grad_fn=<NllLossBackward0>)
Epoch 9/37, Train Acc: 0.4000, Val Acc: 0.2755, Test Acc: 0.2632, Test F1(macro): 0.1881, Total Pseudo-Labels: 0, Correct Pseudo-Labels: 0

acc_train_cw(현재 train의 class별 acc) [0.286, 1.0, 0.286, 0.714, 0.143]
cw_psl_total_eval(pseudo label 클래스별 총 샘플 수):  [0, 0, 0, 0, 0]
cw_psl_correct_eval(pseudo label 클래스별 맞은 샘플 수):  [0, 0, 0, 0, 0]
psl_acc(PSL 평가에서의 정확도): None 
cw_psl_acc(클래스별 PSL 평가에서의 정확도):  [nan, nan, nan, nan, nan]
loss for labeled data =>  tensor(1.5427, device='cuda:0', grad_fn=<NllLossBackward0>)
loss for labeled data =>  tensor(1.4828, device='cuda:0', grad_fn=<NllLossBackward0>)
Epoch 10/37, Train Acc: 0.4857, Val Acc: 0.1837, Test Acc: 0.2000, Test F1(macro): 0.1745, Total Pseudo-Labels: 0, Correct Pseudo-Labels: 0

acc_train_cw(현재 train의 class별 acc) [0.143, 1.0, 0.0, 0.286, 0.429]
cw_psl_total_eval(pseudo label 클래스별 총 샘플 수):  [0, 0, 0, 0, 0]
cw_psl_correct_eval(pseudo label 클래스별 맞은 샘플 수):  [0, 0, 0, 0, 0]
psl_acc(PSL 평가에서의 정확도): None 
cw_psl_acc(클래스별 PSL 평가에서의 정확도):  [nan, nan, nan, nan, nan]
loss for labeled data =>  tensor(1.3972, device='cuda:0', grad_fn=<NllLossBackward0>)
loss for labeled data =>  tensor(1.4574, device='cuda:0', grad_fn=<NllLossBackward0>)
Epoch 11/37, Train Acc: 0.3714, Val Acc: 0.1837, Test Acc: 0.1474, Test F1(macro): 0.1663, Total Pseudo-Labels: 0, Correct Pseudo-Labels: 0

acc_train_cw(현재 train의 class별 acc) [0.571, 1.0, 0.0, 0.0, 0.571]
cw_psl_total_eval(pseudo label 클래스별 총 샘플 수):  [0, 0, 0, 0, 0]
cw_psl_correct_eval(pseudo label 클래스별 맞은 샘플 수):  [0, 0, 0, 0, 0]
psl_acc(PSL 평가에서의 정확도): None 
cw_psl_acc(클래스별 PSL 평가에서의 정확도):  [nan, nan, nan, nan, nan]
loss for labeled data =>  tensor(1.3653, device='cuda:0', grad_fn=<NllLossBackward0>)
loss for labeled data =>  tensor(1.3798, device='cuda:0', grad_fn=<NllLossBackward0>)
Epoch 12/37, Train Acc: 0.4286, Val Acc: 0.1939, Test Acc: 0.1368, Test F1(macro): 0.1295, Total Pseudo-Labels: 0, Correct Pseudo-Labels: 0

acc_train_cw(현재 train의 class별 acc) [0.857, 0.857, 0.143, 0.0, 0.857]
cw_psl_total_eval(pseudo label 클래스별 총 샘플 수):  [0, 0, 0, 0, 0]
cw_psl_correct_eval(pseudo label 클래스별 맞은 샘플 수):  [0, 0, 0, 0, 0]
psl_acc(PSL 평가에서의 정확도): None 
cw_psl_acc(클래스별 PSL 평가에서의 정확도):  [nan, nan, nan, nan, nan]
loss for labeled data =>  tensor(1.3733, device='cuda:0', grad_fn=<NllLossBackward0>)
loss for labeled data =>  tensor(1.3810, device='cuda:0', grad_fn=<NllLossBackward0>)
Epoch 13/37, Train Acc: 0.5429, Val Acc: 0.2653, Test Acc: 0.2316, Test F1(macro): 0.1956, Total Pseudo-Labels: 0, Correct Pseudo-Labels: 0

acc_train_cw(현재 train의 class별 acc) [0.857, 0.857, 0.286, 0.0, 0.857]
cw_psl_total_eval(pseudo label 클래스별 총 샘플 수):  [0, 0, 0, 0, 0]
cw_psl_correct_eval(pseudo label 클래스별 맞은 샘플 수):  [0, 0, 0, 0, 0]
psl_acc(PSL 평가에서의 정확도): None 
cw_psl_acc(클래스별 PSL 평가에서의 정확도):  [nan, nan, nan, nan, nan]
loss for labeled data =>  tensor(1.5514, device='cuda:0', grad_fn=<NllLossBackward0>)
loss for labeled data =>  tensor(1.6049, device='cuda:0', grad_fn=<NllLossBackward0>)
Epoch 14/37, Train Acc: 0.5714, Val Acc: 0.2959, Test Acc: 0.2842, Test F1(macro): 0.2536, Total Pseudo-Labels: 0, Correct Pseudo-Labels: 0

acc_train_cw(현재 train의 class별 acc) [1.0, 1.0, 0.286, 0.0, 0.857]
cw_psl_total_eval(pseudo label 클래스별 총 샘플 수):  [0, 0, 0, 0, 0]
cw_psl_correct_eval(pseudo label 클래스별 맞은 샘플 수):  [0, 0, 0, 0, 0]
psl_acc(PSL 평가에서의 정확도): None 
cw_psl_acc(클래스별 PSL 평가에서의 정확도):  [nan, nan, nan, nan, nan]
loss for labeled data =>  tensor(1.3560, device='cuda:0', grad_fn=<NllLossBackward0>)
loss for labeled data =>  tensor(1.4362, device='cuda:0', grad_fn=<NllLossBackward0>)
Epoch 15/37, Train Acc: 0.6286, Val Acc: 0.2959, Test Acc: 0.3053, Test F1(macro): 0.3015, Total Pseudo-Labels: 0, Correct Pseudo-Labels: 0

acc_train_cw(현재 train의 class별 acc) [0.857, 1.0, 0.429, 0.0, 0.857]
cw_psl_total_eval(pseudo label 클래스별 총 샘플 수):  [0, 0, 0, 0, 0]
cw_psl_correct_eval(pseudo label 클래스별 맞은 샘플 수):  [0, 0, 0, 0, 0]
psl_acc(PSL 평가에서의 정확도): None 
cw_psl_acc(클래스별 PSL 평가에서의 정확도):  [nan, nan, nan, nan, nan]
loss for labeled data =>  tensor(1.2908, device='cuda:0', grad_fn=<NllLossBackward0>)
loss for labeled data =>  tensor(1.4283, device='cuda:0', grad_fn=<NllLossBackward0>)
Epoch 16/37, Train Acc: 0.6286, Val Acc: 0.2653, Test Acc: 0.2105, Test F1(macro): 0.1792, Total Pseudo-Labels: 0, Correct Pseudo-Labels: 0

acc_train_cw(현재 train의 class별 acc) [0.857, 1.0, 0.143, 0.0, 0.571]
cw_psl_total_eval(pseudo label 클래스별 총 샘플 수):  [0, 0, 0, 0, 0]
cw_psl_correct_eval(pseudo label 클래스별 맞은 샘플 수):  [0, 0, 0, 0, 0]
psl_acc(PSL 평가에서의 정확도): None 
cw_psl_acc(클래스별 PSL 평가에서의 정확도):  [nan, nan, nan, nan, nan]
loss for labeled data =>  tensor(1.3403, device='cuda:0', grad_fn=<NllLossBackward0>)
loss for labeled data =>  tensor(1.4252, device='cuda:0', grad_fn=<NllLossBackward0>)
Epoch 17/37, Train Acc: 0.5143, Val Acc: 0.2041, Test Acc: 0.2000, Test F1(macro): 0.1887, Total Pseudo-Labels: 0, Correct Pseudo-Labels: 0

acc_train_cw(현재 train의 class별 acc) [0.857, 1.0, 0.286, 0.0, 0.714]
cw_psl_total_eval(pseudo label 클래스별 총 샘플 수):  [0, 0, 0, 0, 0]
cw_psl_correct_eval(pseudo label 클래스별 맞은 샘플 수):  [0, 0, 0, 0, 0]
psl_acc(PSL 평가에서의 정확도): None 
cw_psl_acc(클래스별 PSL 평가에서의 정확도):  [nan, nan, nan, nan, nan]
loss for labeled data =>  tensor(1.2404, device='cuda:0', grad_fn=<NllLossBackward0>)
loss for labeled data =>  tensor(1.3925, device='cuda:0', grad_fn=<NllLossBackward0>)
Epoch 18/37, Train Acc: 0.5714, Val Acc: 0.2041, Test Acc: 0.2526, Test F1(macro): 0.2570, Total Pseudo-Labels: 0, Correct Pseudo-Labels: 0

acc_train_cw(현재 train의 class별 acc) [0.714, 1.0, 0.429, 0.286, 1.0]
cw_psl_total_eval(pseudo label 클래스별 총 샘플 수):  [0, 0, 0, 0, 0]
cw_psl_correct_eval(pseudo label 클래스별 맞은 샘플 수):  [0, 0, 0, 0, 0]
psl_acc(PSL 평가에서의 정확도): None 
cw_psl_acc(클래스별 PSL 평가에서의 정확도):  [nan, nan, nan, nan, nan]
Save model to ./experiment/jointmatch/output/
loss for labeled data =>  tensor(1.3393, device='cuda:0', grad_fn=<NllLossBackward0>)
loss for labeled data =>  tensor(1.4139, device='cuda:0', grad_fn=<NllLossBackward0>)
Epoch 19/37, Train Acc: 0.6857, Val Acc: 0.3878, Test Acc: 0.2632, Test F1(macro): 0.2698, Total Pseudo-Labels: 0, Correct Pseudo-Labels: 0

acc_train_cw(현재 train의 class별 acc) [0.143, 1.0, 0.429, 0.714, 1.0]
cw_psl_total_eval(pseudo label 클래스별 총 샘플 수):  [0, 0, 0, 0, 0]
cw_psl_correct_eval(pseudo label 클래스별 맞은 샘플 수):  [0, 0, 0, 0, 0]
psl_acc(PSL 평가에서의 정확도): None 
cw_psl_acc(클래스별 PSL 평가에서의 정확도):  [nan, nan, nan, nan, nan]
Save model to ./experiment/jointmatch/output/
loss for labeled data =>  tensor(1.2428, device='cuda:0', grad_fn=<NllLossBackward0>)
loss for labeled data =>  tensor(1.3005, device='cuda:0', grad_fn=<NllLossBackward0>)
Epoch 20/37, Train Acc: 0.6571, Val Acc: 0.4184, Test Acc: 0.2737, Test F1(macro): 0.2695, Total Pseudo-Labels: 0, Correct Pseudo-Labels: 0

acc_train_cw(현재 train의 class별 acc) [0.429, 1.0, 0.571, 0.714, 0.857]
cw_psl_total_eval(pseudo label 클래스별 총 샘플 수):  [0, 0, 0, 0, 0]
cw_psl_correct_eval(pseudo label 클래스별 맞은 샘플 수):  [0, 0, 0, 0, 0]
psl_acc(PSL 평가에서의 정확도): None 
cw_psl_acc(클래스별 PSL 평가에서의 정확도):  [nan, nan, nan, nan, nan]
loss for labeled data =>  tensor(1.2853, device='cuda:0', grad_fn=<NllLossBackward0>)
loss for labeled data =>  tensor(1.3766, device='cuda:0', grad_fn=<NllLossBackward0>)
Epoch 21/37, Train Acc: 0.7143, Val Acc: 0.3673, Test Acc: 0.3263, Test F1(macro): 0.3663, Total Pseudo-Labels: 0, Correct Pseudo-Labels: 0

acc_train_cw(현재 train의 class별 acc) [1.0, 1.0, 0.286, 0.0, 0.857]
cw_psl_total_eval(pseudo label 클래스별 총 샘플 수):  [0, 0, 0, 0, 0]
cw_psl_correct_eval(pseudo label 클래스별 맞은 샘플 수):  [0, 0, 0, 0, 0]
psl_acc(PSL 평가에서의 정확도): None 
cw_psl_acc(클래스별 PSL 평가에서의 정확도):  [nan, nan, nan, nan, nan]
loss for labeled data =>  tensor(1.2368, device='cuda:0', grad_fn=<NllLossBackward0>)
loss for labeled data =>  tensor(1.2480, device='cuda:0', grad_fn=<NllLossBackward0>)
Epoch 22/37, Train Acc: 0.6286, Val Acc: 0.3367, Test Acc: 0.3053, Test F1(macro): 0.3266, Total Pseudo-Labels: 0, Correct Pseudo-Labels: 0

acc_train_cw(현재 train의 class별 acc) [1.0, 1.0, 0.714, 0.143, 0.857]
cw_psl_total_eval(pseudo label 클래스별 총 샘플 수):  [0, 0, 0, 0, 0]
cw_psl_correct_eval(pseudo label 클래스별 맞은 샘플 수):  [0, 0, 0, 0, 0]
psl_acc(PSL 평가에서의 정확도): None 
cw_psl_acc(클래스별 PSL 평가에서의 정확도):  [nan, nan, nan, nan, nan]
loss for labeled data =>  tensor(1.3717, device='cuda:0', grad_fn=<NllLossBackward0>)
loss for labeled data =>  tensor(1.3440, device='cuda:0', grad_fn=<NllLossBackward0>)
Epoch 23/37, Train Acc: 0.7429, Val Acc: 0.3776, Test Acc: 0.3053, Test F1(macro): 0.2879, Total Pseudo-Labels: 0, Correct Pseudo-Labels: 0

acc_train_cw(현재 train의 class별 acc) [0.857, 1.0, 0.714, 0.143, 1.0]
cw_psl_total_eval(pseudo label 클래스별 총 샘플 수):  [0, 0, 0, 0, 0]
cw_psl_correct_eval(pseudo label 클래스별 맞은 샘플 수):  [0, 0, 0, 0, 0]
psl_acc(PSL 평가에서의 정확도): None 
cw_psl_acc(클래스별 PSL 평가에서의 정확도):  [nan, nan, nan, nan, nan]
Save model to ./experiment/jointmatch/output/
loss for labeled data =>  tensor(1.1969, device='cuda:0', grad_fn=<NllLossBackward0>)
loss for labeled data =>  tensor(1.2547, device='cuda:0', grad_fn=<NllLossBackward0>)
Epoch 24/37, Train Acc: 0.7429, Val Acc: 0.4796, Test Acc: 0.3684, Test F1(macro): 0.3709, Total Pseudo-Labels: 0, Correct Pseudo-Labels: 0

acc_train_cw(현재 train의 class별 acc) [0.857, 1.0, 0.571, 0.286, 1.0]
cw_psl_total_eval(pseudo label 클래스별 총 샘플 수):  [0, 0, 0, 0, 0]
cw_psl_correct_eval(pseudo label 클래스별 맞은 샘플 수):  [0, 0, 0, 0, 0]
psl_acc(PSL 평가에서의 정확도): None 
cw_psl_acc(클래스별 PSL 평가에서의 정확도):  [nan, nan, nan, nan, nan]
loss for labeled data =>  tensor(1.1840, device='cuda:0', grad_fn=<NllLossBackward0>)
loss for labeled data =>  tensor(1.1994, device='cuda:0', grad_fn=<NllLossBackward0>)
Epoch 25/37, Train Acc: 0.7429, Val Acc: 0.3061, Test Acc: 0.3158, Test F1(macro): 0.2885, Total Pseudo-Labels: 0, Correct Pseudo-Labels: 0

acc_train_cw(현재 train의 class별 acc) [0.857, 1.0, 0.286, 0.429, 0.857]
cw_psl_total_eval(pseudo label 클래스별 총 샘플 수):  [0, 0, 0, 0, 0]
cw_psl_correct_eval(pseudo label 클래스별 맞은 샘플 수):  [0, 0, 0, 0, 0]
psl_acc(PSL 평가에서의 정확도): None 
cw_psl_acc(클래스별 PSL 평가에서의 정확도):  [nan, nan, nan, nan, nan]
loss for labeled data =>  tensor(1.2450, device='cuda:0', grad_fn=<NllLossBackward0>)
loss for labeled data =>  tensor(1.2762, device='cuda:0', grad_fn=<NllLossBackward0>)
Epoch 26/37, Train Acc: 0.6857, Val Acc: 0.2755, Test Acc: 0.2632, Test F1(macro): 0.2517, Total Pseudo-Labels: 0, Correct Pseudo-Labels: 0

acc_train_cw(현재 train의 class별 acc) [1.0, 1.0, 0.286, 0.429, 1.0]
cw_psl_total_eval(pseudo label 클래스별 총 샘플 수):  [0, 0, 0, 0, 0]
cw_psl_correct_eval(pseudo label 클래스별 맞은 샘플 수):  [0, 0, 0, 0, 0]
psl_acc(PSL 평가에서의 정확도): None 
cw_psl_acc(클래스별 PSL 평가에서의 정확도):  [nan, nan, nan, nan, nan]
loss for labeled data =>  tensor(1.2931, device='cuda:0', grad_fn=<NllLossBackward0>)
loss for labeled data =>  tensor(1.3244, device='cuda:0', grad_fn=<NllLossBackward0>)
Epoch 27/37, Train Acc: 0.7429, Val Acc: 0.3469, Test Acc: 0.2632, Test F1(macro): 0.2434, Total Pseudo-Labels: 0, Correct Pseudo-Labels: 0

acc_train_cw(현재 train의 class별 acc) [1.0, 0.857, 0.286, 0.571, 0.571]
cw_psl_total_eval(pseudo label 클래스별 총 샘플 수):  [0, 0, 0, 0, 0]
cw_psl_correct_eval(pseudo label 클래스별 맞은 샘플 수):  [0, 0, 0, 0, 0]
psl_acc(PSL 평가에서의 정확도): None 
cw_psl_acc(클래스별 PSL 평가에서의 정확도):  [nan, nan, nan, nan, nan]
loss for labeled data =>  tensor(1.1374, device='cuda:0', grad_fn=<NllLossBackward0>)
loss for labeled data =>  tensor(1.3603, device='cuda:0', grad_fn=<NllLossBackward0>)
Epoch 28/37, Train Acc: 0.6571, Val Acc: 0.2041, Test Acc: 0.3158, Test F1(macro): 0.3317, Total Pseudo-Labels: 0, Correct Pseudo-Labels: 0

acc_train_cw(현재 train의 class별 acc) [1.0, 1.0, 0.571, 0.571, 0.857]
cw_psl_total_eval(pseudo label 클래스별 총 샘플 수):  [0, 0, 0, 0, 0]
cw_psl_correct_eval(pseudo label 클래스별 맞은 샘플 수):  [0, 0, 0, 0, 0]
psl_acc(PSL 평가에서의 정확도): None 
cw_psl_acc(클래스별 PSL 평가에서의 정확도):  [nan, nan, nan, nan, nan]
loss for labeled data =>  tensor(1.2061, device='cuda:0', grad_fn=<NllLossBackward0>)
loss for labeled data =>  tensor(1.3293, device='cuda:0', grad_fn=<NllLossBackward0>)
Epoch 29/37, Train Acc: 0.8000, Val Acc: 0.1939, Test Acc: 0.3053, Test F1(macro): 0.3455, Total Pseudo-Labels: 0, Correct Pseudo-Labels: 0

acc_train_cw(현재 train의 class별 acc) [0.857, 1.0, 0.714, 0.571, 0.571]
cw_psl_total_eval(pseudo label 클래스별 총 샘플 수):  [0, 0, 0, 0, 0]
cw_psl_correct_eval(pseudo label 클래스별 맞은 샘플 수):  [0, 0, 0, 0, 0]
psl_acc(PSL 평가에서의 정확도): None 
cw_psl_acc(클래스별 PSL 평가에서의 정확도):  [nan, nan, nan, nan, nan]
loss for labeled data =>  tensor(1.2288, device='cuda:0', grad_fn=<NllLossBackward0>)
loss for labeled data =>  tensor(1.2528, device='cuda:0', grad_fn=<NllLossBackward0>)
Epoch 30/37, Train Acc: 0.7429, Val Acc: 0.3163, Test Acc: 0.4000, Test F1(macro): 0.4634, Total Pseudo-Labels: 0, Correct Pseudo-Labels: 0

acc_train_cw(현재 train의 class별 acc) [0.857, 1.0, 0.714, 0.714, 0.857]
cw_psl_total_eval(pseudo label 클래스별 총 샘플 수):  [0, 0, 0, 0, 0]
cw_psl_correct_eval(pseudo label 클래스별 맞은 샘플 수):  [0, 0, 0, 0, 0]
psl_acc(PSL 평가에서의 정확도): None 
cw_psl_acc(클래스별 PSL 평가에서의 정확도):  [nan, nan, nan, nan, nan]
loss for labeled data =>  tensor(1.1626, device='cuda:0', grad_fn=<NllLossBackward0>)
loss for labeled data =>  tensor(1.2530, device='cuda:0', grad_fn=<NllLossBackward0>)
Epoch 31/37, Train Acc: 0.8286, Val Acc: 0.3265, Test Acc: 0.3684, Test F1(macro): 0.4114, Total Pseudo-Labels: 0, Correct Pseudo-Labels: 0

acc_train_cw(현재 train의 class별 acc) [0.714, 1.0, 0.429, 0.571, 1.0]
cw_psl_total_eval(pseudo label 클래스별 총 샘플 수):  [0, 0, 0, 0, 0]
cw_psl_correct_eval(pseudo label 클래스별 맞은 샘플 수):  [0, 0, 0, 0, 0]
psl_acc(PSL 평가에서의 정확도): None 
cw_psl_acc(클래스별 PSL 평가에서의 정확도):  [nan, nan, nan, nan, nan]
loss for labeled data =>  tensor(1.1273, device='cuda:0', grad_fn=<NllLossBackward0>)
loss for labeled data =>  tensor(1.2004, device='cuda:0', grad_fn=<NllLossBackward0>)
Epoch 32/37, Train Acc: 0.7429, Val Acc: 0.3265, Test Acc: 0.3684, Test F1(macro): 0.4129, Total Pseudo-Labels: 0, Correct Pseudo-Labels: 0

acc_train_cw(현재 train의 class별 acc) [1.0, 1.0, 0.571, 0.571, 1.0]
cw_psl_total_eval(pseudo label 클래스별 총 샘플 수):  [0, 0, 0, 0, 0]
cw_psl_correct_eval(pseudo label 클래스별 맞은 샘플 수):  [0, 0, 0, 0, 0]
psl_acc(PSL 평가에서의 정확도): None 
cw_psl_acc(클래스별 PSL 평가에서의 정확도):  [nan, nan, nan, nan, nan]
loss for labeled data =>  tensor(1.2740, device='cuda:0', grad_fn=<NllLossBackward0>)
loss for labeled data =>  tensor(1.2148, device='cuda:0', grad_fn=<NllLossBackward0>)
Epoch 33/37, Train Acc: 0.8286, Val Acc: 0.3265, Test Acc: 0.3158, Test F1(macro): 0.3420, Total Pseudo-Labels: 0, Correct Pseudo-Labels: 0

acc_train_cw(현재 train의 class별 acc) [0.714, 1.0, 0.714, 0.571, 0.857]
cw_psl_total_eval(pseudo label 클래스별 총 샘플 수):  [0, 0, 0, 0, 0]
cw_psl_correct_eval(pseudo label 클래스별 맞은 샘플 수):  [0, 0, 0, 0, 0]
psl_acc(PSL 평가에서의 정확도): None 
cw_psl_acc(클래스별 PSL 평가에서의 정확도):  [nan, nan, nan, nan, nan]
loss for labeled data =>  tensor(1.1056, device='cuda:0', grad_fn=<NllLossBackward0>)
loss for labeled data =>  tensor(1.2564, device='cuda:0', grad_fn=<NllLossBackward0>)
Epoch 34/37, Train Acc: 0.7714, Val Acc: 0.3265, Test Acc: 0.3158, Test F1(macro): 0.3381, Total Pseudo-Labels: 0, Correct Pseudo-Labels: 0

acc_train_cw(현재 train의 class별 acc) [0.286, 1.0, 0.571, 0.714, 0.857]
cw_psl_total_eval(pseudo label 클래스별 총 샘플 수):  [0, 0, 0, 0, 0]
cw_psl_correct_eval(pseudo label 클래스별 맞은 샘플 수):  [0, 0, 0, 0, 0]
psl_acc(PSL 평가에서의 정확도): None 
cw_psl_acc(클래스별 PSL 평가에서의 정확도):  [nan, nan, nan, nan, nan]
loss for labeled data =>  tensor(1.1348, device='cuda:0', grad_fn=<NllLossBackward0>)
loss for labeled data =>  tensor(1.1787, device='cuda:0', grad_fn=<NllLossBackward0>)
Epoch 35/37, Train Acc: 0.6857, Val Acc: 0.3061, Test Acc: 0.3158, Test F1(macro): 0.3288, Total Pseudo-Labels: 0, Correct Pseudo-Labels: 0

acc_train_cw(현재 train의 class별 acc) [0.571, 1.0, 0.857, 0.857, 0.857]
cw_psl_total_eval(pseudo label 클래스별 총 샘플 수):  [0, 0, 0, 0, 0]
cw_psl_correct_eval(pseudo label 클래스별 맞은 샘플 수):  [0, 0, 0, 0, 0]
psl_acc(PSL 평가에서의 정확도): None 
cw_psl_acc(클래스별 PSL 평가에서의 정확도):  [nan, nan, nan, nan, nan]
loss for labeled data =>  tensor(1.1386, device='cuda:0', grad_fn=<NllLossBackward0>)
loss for labeled data =>  tensor(1.2526, device='cuda:0', grad_fn=<NllLossBackward0>)
Epoch 36/37, Train Acc: 0.8286, Val Acc: 0.3265, Test Acc: 0.3158, Test F1(macro): 0.3435, Total Pseudo-Labels: 0, Correct Pseudo-Labels: 0

acc_train_cw(현재 train의 class별 acc) [0.571, 1.0, 0.571, 0.857, 1.0]
cw_psl_total_eval(pseudo label 클래스별 총 샘플 수):  [0, 0, 0, 0, 0]
cw_psl_correct_eval(pseudo label 클래스별 맞은 샘플 수):  [0, 0, 0, 0, 0]
psl_acc(PSL 평가에서의 정확도): None 
cw_psl_acc(클래스별 PSL 평가에서의 정확도):  [nan, nan, nan, nan, nan]
loss for labeled data =>  tensor(1.1140, device='cuda:0', grad_fn=<NllLossBackward0>)
loss for labeled data =>  tensor(1.1500, device='cuda:0', grad_fn=<NllLossBackward0>)
Epoch 37/37, Train Acc: 0.8000, Val Acc: 0.2959, Test Acc: 0.2947, Test F1(macro): 0.2920, Total Pseudo-Labels: 0, Correct Pseudo-Labels: 0

Training complete!
Total training took 0:18:35 (h:mm:ss)
Load model from ./experiment/jointmatch/output/10_['codet5p', 'codet5p']_[0.0003, 0.00025]_0.7_jointmatch_37_[45]_{'corcode'}_net0.pth
Load model from ./experiment/jointmatch/output/10_['codet5p', 'codet5p']_[0.0003, 0.00025]_0.7_jointmatch_37_[45]_{'corcode'}_net1.pth
Save training statistics in:  ./experiment/jointmatch/log/codet5p/joint_match//10_['codet5p', 'codet5p']_[0.0003, 0.00025]_0.7_jointmatch_37_[45]_{'corcode'}/training_statistics.csv


Best_step:  23 
Best_val_epoch:  24 
best_val_acc:  0.47959183673469385 
best_val_test_acc:  0.3684210526315789 
best_val_test_f1:  0.37087878066206237
Save best record in:  ./experiment/jointmatch/log/codet5p/joint_match/summary.csv
Save best record in:  ./experiment/jointmatch/log/summary_avgrun.csv
