current work directory:  /home/imsuhan22/few-shot-tc/custom_ssl/code
Data set -> jointmatch
save_name: 10_['unixcoder', 'unixcoder']_[0.0004, 0.0002]_0.7_jointmatch_37_[45]_{'corcode'}

data_path:  ../data/jointmatch/corcode

There are 1 GPU(s) available.
We will use the GPU- 0 Quadro RTX 8000

**line 107 모델 =>  ['microsoft/unixcoder-base', 'microsoft/unixcoder-base']
**tokenizer type =  ['microsoft/unixcoder-base', 'microsoft/unixcoder-base'] 

n_labeled_per_class:  10
train_df samples: 739
train_labeled_df samples: 50
train_unlabeled_df samples: 689
Check n_smaples_per_class in the original training set:  {3: 306, 5: 154, 1: 121, 4: 114, 2: 44}
Check n_smaples_per_class in the labeled training set:  {3: 10, 1: 10, 2: 10, 4: 10, 5: 10}
Check n_smaples_per_class in the unlabeled training set:  {3: 296, 5: 144, 1: 111, 4: 104, 2: 34}
n_classes:  5

net_arch:  microsoft/unixcoder-base 
lr:  0.0004 
lr_linear:  0.001 


net_arch:  microsoft/unixcoder-base 
lr:  0.0002 
lr_linear:  0.001 


acc_train_cw(현재 train의 class별 acc) [0.0, 0.143, 0.714, 0.286, 0.0]
cw_psl_total_eval(pseudo label 클래스별 총 샘플 수):  [0, 0, 0, 0, 0]
cw_psl_correct_eval(pseudo label 클래스별 맞은 샘플 수):  [0, 0, 0, 0, 0]
psl_acc(PSL 평가에서의 정확도): None 
cw_psl_acc(클래스별 PSL 평가에서의 정확도):  [nan, nan, nan, nan, nan]
Save model to ./experiment/jointmatch/output/
loss for labeled data =>  tensor(1.6529, device='cuda:0', grad_fn=<NllLossBackward0>)
loss for labeled data =>  tensor(1.6226, device='cuda:0', grad_fn=<NllLossBackward0>)
Epoch 1/37, Train Acc: 0.2286, Val Acc: 0.2653, Test Acc: 0.2421, Test F1(macro): 0.1403, Total Pseudo-Labels: 0, Correct Pseudo-Labels: 0

acc_train_cw(현재 train의 class별 acc) [0.0, 0.0, 0.0, 0.0, 1.0]
cw_psl_total_eval(pseudo label 클래스별 총 샘플 수):  [0, 0, 0, 0, 0]
cw_psl_correct_eval(pseudo label 클래스별 맞은 샘플 수):  [0, 0, 0, 0, 0]
psl_acc(PSL 평가에서의 정확도): None 
cw_psl_acc(클래스별 PSL 평가에서의 정확도):  [nan, nan, nan, nan, nan]
loss for labeled data =>  tensor(1.9188, device='cuda:0', grad_fn=<NllLossBackward0>)
loss for labeled data =>  tensor(1.8074, device='cuda:0', grad_fn=<NllLossBackward0>)
Epoch 2/37, Train Acc: 0.2000, Val Acc: 0.2449, Test Acc: 0.2316, Test F1(macro): 0.0752, Total Pseudo-Labels: 0, Correct Pseudo-Labels: 0

acc_train_cw(현재 train의 class별 acc) [0.0, 0.0, 0.0, 1.0, 0.0]
cw_psl_total_eval(pseudo label 클래스별 총 샘플 수):  [0, 0, 0, 0, 0]
cw_psl_correct_eval(pseudo label 클래스별 맞은 샘플 수):  [0, 0, 0, 0, 0]
psl_acc(PSL 평가에서의 정확도): None 
cw_psl_acc(클래스별 PSL 평가에서의 정확도):  [nan, nan, nan, nan, nan]
loss for labeled data =>  tensor(1.5983, device='cuda:0', grad_fn=<NllLossBackward0>)
loss for labeled data =>  tensor(1.8242, device='cuda:0', grad_fn=<NllLossBackward0>)
Epoch 3/37, Train Acc: 0.2000, Val Acc: 0.1429, Test Acc: 0.2316, Test F1(macro): 0.0752, Total Pseudo-Labels: 0, Correct Pseudo-Labels: 0

acc_train_cw(현재 train의 class별 acc) [0.0, 0.0, 0.0, 0.0, 1.0]
cw_psl_total_eval(pseudo label 클래스별 총 샘플 수):  [0, 0, 0, 0, 0]
cw_psl_correct_eval(pseudo label 클래스별 맞은 샘플 수):  [0, 0, 0, 0, 0]
psl_acc(PSL 평가에서의 정확도): None 
cw_psl_acc(클래스별 PSL 평가에서의 정확도):  [nan, nan, nan, nan, nan]
loss for labeled data =>  tensor(1.7321, device='cuda:0', grad_fn=<NllLossBackward0>)
loss for labeled data =>  tensor(1.6585, device='cuda:0', grad_fn=<NllLossBackward0>)
Epoch 4/37, Train Acc: 0.2000, Val Acc: 0.2449, Test Acc: 0.2316, Test F1(macro): 0.0752, Total Pseudo-Labels: 0, Correct Pseudo-Labels: 0

acc_train_cw(현재 train의 class별 acc) [0.0, 0.0, 1.0, 0.0, 0.0]
cw_psl_total_eval(pseudo label 클래스별 총 샘플 수):  [0, 0, 0, 0, 0]
cw_psl_correct_eval(pseudo label 클래스별 맞은 샘플 수):  [0, 0, 0, 0, 0]
psl_acc(PSL 평가에서의 정확도): None 
cw_psl_acc(클래스별 PSL 평가에서의 정확도):  [nan, nan, nan, nan, nan]
Save model to ./experiment/jointmatch/output/
loss for labeled data =>  tensor(1.7116, device='cuda:0', grad_fn=<NllLossBackward0>)
loss for labeled data =>  tensor(1.7248, device='cuda:0', grad_fn=<NllLossBackward0>)
Epoch 5/37, Train Acc: 0.2000, Val Acc: 0.4490, Test Acc: 0.3579, Test F1(macro): 0.1054, Total Pseudo-Labels: 0, Correct Pseudo-Labels: 0

acc_train_cw(현재 train의 class별 acc) [1.0, 0.0, 0.0, 0.0, 0.0]
cw_psl_total_eval(pseudo label 클래스별 총 샘플 수):  [0, 0, 0, 0, 0]
cw_psl_correct_eval(pseudo label 클래스별 맞은 샘플 수):  [0, 0, 0, 0, 0]
psl_acc(PSL 평가에서의 정확도): None 
cw_psl_acc(클래스별 PSL 평가에서의 정확도):  [nan, nan, nan, nan, nan]
loss for labeled data =>  tensor(1.7510, device='cuda:0', grad_fn=<NllLossBackward0>)
loss for labeled data =>  tensor(1.6345, device='cuda:0', grad_fn=<NllLossBackward0>)
Epoch 6/37, Train Acc: 0.2000, Val Acc: 0.1020, Test Acc: 0.1368, Test F1(macro): 0.0567, Total Pseudo-Labels: 0, Correct Pseudo-Labels: 0

acc_train_cw(현재 train의 class별 acc) [1.0, 0.0, 0.0, 0.0, 0.0]
cw_psl_total_eval(pseudo label 클래스별 총 샘플 수):  [0, 0, 0, 0, 0]
cw_psl_correct_eval(pseudo label 클래스별 맞은 샘플 수):  [0, 0, 0, 0, 0]
psl_acc(PSL 평가에서의 정확도): None 
cw_psl_acc(클래스별 PSL 평가에서의 정확도):  [nan, nan, nan, nan, nan]
loss for labeled data =>  tensor(2.0338, device='cuda:0', grad_fn=<NllLossBackward0>)
loss for labeled data =>  tensor(1.7891, device='cuda:0', grad_fn=<NllLossBackward0>)
Epoch 7/37, Train Acc: 0.2000, Val Acc: 0.1020, Test Acc: 0.1263, Test F1(macro): 0.0449, Total Pseudo-Labels: 0, Correct Pseudo-Labels: 0

acc_train_cw(현재 train의 class별 acc) [0.0, 0.0, 0.0, 0.0, 1.0]
cw_psl_total_eval(pseudo label 클래스별 총 샘플 수):  [0, 0, 0, 0, 0]
cw_psl_correct_eval(pseudo label 클래스별 맞은 샘플 수):  [0, 0, 0, 0, 0]
psl_acc(PSL 평가에서의 정확도): None 
cw_psl_acc(클래스별 PSL 평가에서의 정확도):  [nan, nan, nan, nan, nan]
loss for labeled data =>  tensor(1.7692, device='cuda:0', grad_fn=<NllLossBackward0>)
loss for labeled data =>  tensor(1.7372, device='cuda:0', grad_fn=<NllLossBackward0>)
Epoch 8/37, Train Acc: 0.2000, Val Acc: 0.2449, Test Acc: 0.2316, Test F1(macro): 0.0752, Total Pseudo-Labels: 0, Correct Pseudo-Labels: 0

acc_train_cw(현재 train의 class별 acc) [0.0, 0.143, 0.0, 1.0, 0.0]
cw_psl_total_eval(pseudo label 클래스별 총 샘플 수):  [0, 0, 0, 0, 0]
cw_psl_correct_eval(pseudo label 클래스별 맞은 샘플 수):  [0, 0, 0, 0, 0]
psl_acc(PSL 평가에서의 정확도): None 
cw_psl_acc(클래스별 PSL 평가에서의 정확도):  [nan, nan, nan, nan, nan]
loss for labeled data =>  tensor(1.8683, device='cuda:0', grad_fn=<NllLossBackward0>)
loss for labeled data =>  tensor(1.6893, device='cuda:0', grad_fn=<NllLossBackward0>)
Epoch 9/37, Train Acc: 0.2286, Val Acc: 0.1429, Test Acc: 0.2316, Test F1(macro): 0.0752, Total Pseudo-Labels: 0, Correct Pseudo-Labels: 0

acc_train_cw(현재 train의 class별 acc) [0.0, 1.0, 0.0, 0.0, 0.0]
cw_psl_total_eval(pseudo label 클래스별 총 샘플 수):  [0, 0, 0, 0, 0]
cw_psl_correct_eval(pseudo label 클래스별 맞은 샘플 수):  [0, 0, 0, 0, 0]
psl_acc(PSL 평가에서의 정확도): None 
cw_psl_acc(클래스별 PSL 평가에서의 정확도):  [nan, nan, nan, nan, nan]
loss for labeled data =>  tensor(1.7436, device='cuda:0', grad_fn=<NllLossBackward0>)
loss for labeled data =>  tensor(1.6090, device='cuda:0', grad_fn=<NllLossBackward0>)
Epoch 10/37, Train Acc: 0.2000, Val Acc: 0.0612, Test Acc: 0.0526, Test F1(macro): 0.0200, Total Pseudo-Labels: 0, Correct Pseudo-Labels: 0

acc_train_cw(현재 train의 class별 acc) [0.0, 1.0, 0.0, 0.0, 0.0]
cw_psl_total_eval(pseudo label 클래스별 총 샘플 수):  [0, 0, 0, 0, 0]
cw_psl_correct_eval(pseudo label 클래스별 맞은 샘플 수):  [0, 0, 0, 0, 0]
psl_acc(PSL 평가에서의 정확도): None 
cw_psl_acc(클래스별 PSL 평가에서의 정확도):  [nan, nan, nan, nan, nan]
loss for labeled data =>  tensor(1.9885, device='cuda:0', grad_fn=<NllLossBackward0>)
loss for labeled data =>  tensor(1.5506, device='cuda:0', grad_fn=<NllLossBackward0>)
Epoch 11/37, Train Acc: 0.2000, Val Acc: 0.0612, Test Acc: 0.0526, Test F1(macro): 0.0200, Total Pseudo-Labels: 0, Correct Pseudo-Labels: 0

acc_train_cw(현재 train의 class별 acc) [0.0, 0.714, 0.0, 0.0, 1.0]
cw_psl_total_eval(pseudo label 클래스별 총 샘플 수):  [0, 0, 0, 0, 0]
cw_psl_correct_eval(pseudo label 클래스별 맞은 샘플 수):  [0, 0, 0, 0, 0]
psl_acc(PSL 평가에서의 정확도): None 
cw_psl_acc(클래스별 PSL 평가에서의 정확도):  [nan, nan, nan, nan, nan]
loss for labeled data =>  tensor(1.5886, device='cuda:0', grad_fn=<NllLossBackward0>)
loss for labeled data =>  tensor(1.4155, device='cuda:0', grad_fn=<NllLossBackward0>)
Epoch 12/37, Train Acc: 0.3429, Val Acc: 0.2449, Test Acc: 0.2316, Test F1(macro): 0.0752, Total Pseudo-Labels: 0, Correct Pseudo-Labels: 0

acc_train_cw(현재 train의 class별 acc) [0.0, 0.286, 0.0, 0.0, 1.0]
cw_psl_total_eval(pseudo label 클래스별 총 샘플 수):  [0, 0, 0, 0, 0]
cw_psl_correct_eval(pseudo label 클래스별 맞은 샘플 수):  [0, 0, 0, 0, 0]
psl_acc(PSL 평가에서의 정확도): None 
cw_psl_acc(클래스별 PSL 평가에서의 정확도):  [nan, nan, nan, nan, nan]
loss for labeled data =>  tensor(1.6294, device='cuda:0', grad_fn=<NllLossBackward0>)
loss for labeled data =>  tensor(1.3695, device='cuda:0', grad_fn=<NllLossBackward0>)
Epoch 13/37, Train Acc: 0.2571, Val Acc: 0.2449, Test Acc: 0.2316, Test F1(macro): 0.0752, Total Pseudo-Labels: 0, Correct Pseudo-Labels: 0

acc_train_cw(현재 train의 class별 acc) [0.0, 0.857, 0.0, 0.0, 1.0]
cw_psl_total_eval(pseudo label 클래스별 총 샘플 수):  [0, 0, 0, 0, 0]
cw_psl_correct_eval(pseudo label 클래스별 맞은 샘플 수):  [0, 0, 0, 0, 0]
psl_acc(PSL 평가에서의 정확도): None 
cw_psl_acc(클래스별 PSL 평가에서의 정확도):  [nan, nan, nan, nan, nan]
loss for labeled data =>  tensor(1.8548, device='cuda:0', grad_fn=<NllLossBackward0>)
loss for labeled data =>  tensor(1.8042, device='cuda:0', grad_fn=<NllLossBackward0>)
Epoch 14/37, Train Acc: 0.3714, Val Acc: 0.2755, Test Acc: 0.2526, Test F1(macro): 0.1772, Total Pseudo-Labels: 0, Correct Pseudo-Labels: 0

acc_train_cw(현재 train의 class별 acc) [1.0, 1.0, 0.0, 0.0, 1.0]
cw_psl_total_eval(pseudo label 클래스별 총 샘플 수):  [0, 0, 0, 0, 0]
cw_psl_correct_eval(pseudo label 클래스별 맞은 샘플 수):  [0, 0, 0, 0, 0]
psl_acc(PSL 평가에서의 정확도): None 
cw_psl_acc(클래스별 PSL 평가에서의 정확도):  [nan, nan, nan, nan, nan]
loss for labeled data =>  tensor(1.7539, device='cuda:0', grad_fn=<NllLossBackward0>)
loss for labeled data =>  tensor(1.2961, device='cuda:0', grad_fn=<NllLossBackward0>)
Epoch 15/37, Train Acc: 0.6000, Val Acc: 0.3163, Test Acc: 0.2947, Test F1(macro): 0.2384, Total Pseudo-Labels: 0, Correct Pseudo-Labels: 0

acc_train_cw(현재 train의 class별 acc) [0.0, 0.857, 0.571, 0.0, 0.143]
cw_psl_total_eval(pseudo label 클래스별 총 샘플 수):  [0, 0, 0, 0, 0]
cw_psl_correct_eval(pseudo label 클래스별 맞은 샘플 수):  [0, 0, 0, 0, 0]
psl_acc(PSL 평가에서의 정확도): None 
cw_psl_acc(클래스별 PSL 평가에서의 정확도):  [nan, nan, nan, nan, nan]
loss for labeled data =>  tensor(1.6046, device='cuda:0', grad_fn=<NllLossBackward0>)
loss for labeled data =>  tensor(1.1442, device='cuda:0', grad_fn=<NllLossBackward0>)
Epoch 16/37, Train Acc: 0.3143, Val Acc: 0.3367, Test Acc: 0.2947, Test F1(macro): 0.1623, Total Pseudo-Labels: 0, Correct Pseudo-Labels: 0

acc_train_cw(현재 train의 class별 acc) [0.0, 0.857, 0.714, 0.0, 0.286]
cw_psl_total_eval(pseudo label 클래스별 총 샘플 수):  [0, 0, 0, 0, 0]
cw_psl_correct_eval(pseudo label 클래스별 맞은 샘플 수):  [0, 0, 0, 0, 0]
psl_acc(PSL 평가에서의 정확도): None 
cw_psl_acc(클래스별 PSL 평가에서의 정확도):  [nan, nan, nan, nan, nan]
loss for labeled data =>  tensor(1.6519, device='cuda:0', grad_fn=<NllLossBackward0>)
loss for labeled data =>  tensor(1.5704, device='cuda:0', grad_fn=<NllLossBackward0>)
Epoch 17/37, Train Acc: 0.3714, Val Acc: 0.3673, Test Acc: 0.2842, Test F1(macro): 0.1465, Total Pseudo-Labels: 0, Correct Pseudo-Labels: 0

acc_train_cw(현재 train의 class별 acc) [0.0, 0.571, 1.0, 0.0, 0.0]
cw_psl_total_eval(pseudo label 클래스별 총 샘플 수):  [0, 0, 0, 0, 0]
cw_psl_correct_eval(pseudo label 클래스별 맞은 샘플 수):  [0, 0, 0, 0, 0]
psl_acc(PSL 평가에서의 정확도): None 
cw_psl_acc(클래스별 PSL 평가에서의 정확도):  [nan, nan, nan, nan, nan]
loss for labeled data =>  tensor(1.6543, device='cuda:0', grad_fn=<NllLossBackward0>)
loss for labeled data =>  tensor(1.4456, device='cuda:0', grad_fn=<NllLossBackward0>)
Epoch 18/37, Train Acc: 0.3143, Val Acc: 0.4490, Test Acc: 0.3579, Test F1(macro): 0.1054, Total Pseudo-Labels: 0, Correct Pseudo-Labels: 0

acc_train_cw(현재 train의 class별 acc) [0.571, 0.714, 1.0, 0.0, 0.0]
cw_psl_total_eval(pseudo label 클래스별 총 샘플 수):  [0, 0, 0, 0, 0]
cw_psl_correct_eval(pseudo label 클래스별 맞은 샘플 수):  [0, 0, 0, 0, 0]
psl_acc(PSL 평가에서의 정확도): None 
cw_psl_acc(클래스별 PSL 평가에서의 정확도):  [nan, nan, nan, nan, nan]
Save model to ./experiment/jointmatch/output/
loss for labeled data =>  tensor(1.6699, device='cuda:0', grad_fn=<NllLossBackward0>)
loss for labeled data =>  tensor(1.7924, device='cuda:0', grad_fn=<NllLossBackward0>)
Epoch 19/37, Train Acc: 0.4571, Val Acc: 0.4796, Test Acc: 0.3684, Test F1(macro): 0.1581, Total Pseudo-Labels: 0, Correct Pseudo-Labels: 0

acc_train_cw(현재 train의 class별 acc) [0.0, 0.857, 1.0, 0.0, 0.143]
cw_psl_total_eval(pseudo label 클래스별 총 샘플 수):  [0, 0, 0, 0, 0]
cw_psl_correct_eval(pseudo label 클래스별 맞은 샘플 수):  [0, 0, 0, 0, 0]
psl_acc(PSL 평가에서의 정확도): None 
cw_psl_acc(클래스별 PSL 평가에서의 정확도):  [nan, nan, nan, nan, nan]
loss for labeled data =>  tensor(1.7878, device='cuda:0', grad_fn=<NllLossBackward0>)
loss for labeled data =>  tensor(1.6051, device='cuda:0', grad_fn=<NllLossBackward0>)
Epoch 20/37, Train Acc: 0.4000, Val Acc: 0.4592, Test Acc: 0.3579, Test F1(macro): 0.1054, Total Pseudo-Labels: 0, Correct Pseudo-Labels: 0

acc_train_cw(현재 train의 class별 acc) [0.0, 0.714, 0.0, 0.286, 1.0]
cw_psl_total_eval(pseudo label 클래스별 총 샘플 수):  [0, 0, 0, 0, 0]
cw_psl_correct_eval(pseudo label 클래스별 맞은 샘플 수):  [0, 0, 0, 0, 0]
psl_acc(PSL 평가에서의 정확도): None 
cw_psl_acc(클래스별 PSL 평가에서의 정확도):  [nan, nan, nan, nan, nan]
loss for labeled data =>  tensor(1.6096, device='cuda:0', grad_fn=<NllLossBackward0>)
loss for labeled data =>  tensor(1.2320, device='cuda:0', grad_fn=<NllLossBackward0>)
Epoch 21/37, Train Acc: 0.4000, Val Acc: 0.2755, Test Acc: 0.2526, Test F1(macro): 0.1929, Total Pseudo-Labels: 0, Correct Pseudo-Labels: 0

acc_train_cw(현재 train의 class별 acc) [0.714, 0.714, 0.0, 0.0, 1.0]
cw_psl_total_eval(pseudo label 클래스별 총 샘플 수):  [0, 0, 0, 0, 0]
cw_psl_correct_eval(pseudo label 클래스별 맞은 샘플 수):  [0, 0, 0, 0, 0]
psl_acc(PSL 평가에서의 정확도): None 
cw_psl_acc(클래스별 PSL 평가에서의 정확도):  [nan, nan, nan, nan, nan]
loss for labeled data =>  tensor(1.7212, device='cuda:0', grad_fn=<NllLossBackward0>)
loss for labeled data =>  tensor(1.0782, device='cuda:0', grad_fn=<NllLossBackward0>)
Epoch 22/37, Train Acc: 0.4857, Val Acc: 0.3469, Test Acc: 0.2947, Test F1(macro): 0.2542, Total Pseudo-Labels: 0, Correct Pseudo-Labels: 0

acc_train_cw(현재 train의 class별 acc) [1.0, 1.0, 0.857, 0.0, 0.286]
cw_psl_total_eval(pseudo label 클래스별 총 샘플 수):  [0, 0, 0, 0, 0]
cw_psl_correct_eval(pseudo label 클래스별 맞은 샘플 수):  [0, 0, 0, 0, 0]
psl_acc(PSL 평가에서의 정확도): None 
cw_psl_acc(클래스별 PSL 평가에서의 정확도):  [nan, nan, nan, nan, nan]
loss for labeled data =>  tensor(1.5235, device='cuda:0', grad_fn=<NllLossBackward0>)
loss for labeled data =>  tensor(1.2194, device='cuda:0', grad_fn=<NllLossBackward0>)
Epoch 23/37, Train Acc: 0.6286, Val Acc: 0.2551, Test Acc: 0.2316, Test F1(macro): 0.1811, Total Pseudo-Labels: 0, Correct Pseudo-Labels: 0

acc_train_cw(현재 train의 class별 acc) [1.0, 0.857, 0.857, 0.0, 0.286]
cw_psl_total_eval(pseudo label 클래스별 총 샘플 수):  [0, 0, 0, 0, 0]
cw_psl_correct_eval(pseudo label 클래스별 맞은 샘플 수):  [0, 0, 0, 0, 0]
psl_acc(PSL 평가에서의 정확도): None 
cw_psl_acc(클래스별 PSL 평가에서의 정확도):  [nan, nan, nan, nan, nan]
loss for labeled data =>  tensor(1.7059, device='cuda:0', grad_fn=<NllLossBackward0>)
loss for labeled data =>  tensor(1.1807, device='cuda:0', grad_fn=<NllLossBackward0>)
Epoch 24/37, Train Acc: 0.6000, Val Acc: 0.4490, Test Acc: 0.3474, Test F1(macro): 0.2447, Total Pseudo-Labels: 0, Correct Pseudo-Labels: 0

acc_train_cw(현재 train의 class별 acc) [0.0, 1.0, 1.0, 0.0, 0.286]
cw_psl_total_eval(pseudo label 클래스별 총 샘플 수):  [0, 0, 0, 0, 0]
cw_psl_correct_eval(pseudo label 클래스별 맞은 샘플 수):  [0, 0, 0, 0, 0]
psl_acc(PSL 평가에서의 정확도): None 
cw_psl_acc(클래스별 PSL 평가에서의 정확도):  [nan, nan, nan, nan, nan]
loss for labeled data =>  tensor(1.8022, device='cuda:0', grad_fn=<NllLossBackward0>)
loss for labeled data =>  tensor(0.9101, device='cuda:0', grad_fn=<NllLossBackward0>)
Epoch 25/37, Train Acc: 0.4571, Val Acc: 0.4388, Test Acc: 0.3684, Test F1(macro): 0.2335, Total Pseudo-Labels: 0, Correct Pseudo-Labels: 0

acc_train_cw(현재 train의 class별 acc) [0.571, 1.0, 0.429, 0.0, 1.0]
cw_psl_total_eval(pseudo label 클래스별 총 샘플 수):  [0, 0, 0, 0, 0]
cw_psl_correct_eval(pseudo label 클래스별 맞은 샘플 수):  [0, 0, 0, 0, 0]
psl_acc(PSL 평가에서의 정확도): None 
cw_psl_acc(클래스별 PSL 평가에서의 정확도):  [nan, nan, nan, nan, nan]
loss for labeled data =>  tensor(1.6423, device='cuda:0', grad_fn=<NllLossBackward0>)
loss for labeled data =>  tensor(0.8768, device='cuda:0', grad_fn=<NllLossBackward0>)
Epoch 26/37, Train Acc: 0.6000, Val Acc: 0.3980, Test Acc: 0.3579, Test F1(macro): 0.3274, Total Pseudo-Labels: 0, Correct Pseudo-Labels: 0

acc_train_cw(현재 train의 class별 acc) [0.857, 1.0, 0.714, 0.0, 1.0]
cw_psl_total_eval(pseudo label 클래스별 총 샘플 수):  [0, 0, 0, 0, 0]
cw_psl_correct_eval(pseudo label 클래스별 맞은 샘플 수):  [0, 0, 0, 0, 0]
psl_acc(PSL 평가에서의 정확도): None 
cw_psl_acc(클래스별 PSL 평가에서의 정확도):  [nan, nan, nan, nan, nan]
loss for labeled data =>  tensor(1.8745, device='cuda:0', grad_fn=<NllLossBackward0>)
loss for labeled data =>  tensor(0.7377, device='cuda:0', grad_fn=<NllLossBackward0>)
Epoch 27/37, Train Acc: 0.7143, Val Acc: 0.3776, Test Acc: 0.2211, Test F1(macro): 0.2028, Total Pseudo-Labels: 0, Correct Pseudo-Labels: 0

acc_train_cw(현재 train의 class별 acc) [0.857, 1.0, 0.857, 0.286, 0.857]
cw_psl_total_eval(pseudo label 클래스별 총 샘플 수):  [0, 0, 0, 0, 0]
cw_psl_correct_eval(pseudo label 클래스별 맞은 샘플 수):  [0, 0, 0, 0, 0]
psl_acc(PSL 평가에서의 정확도): None 
cw_psl_acc(클래스별 PSL 평가에서의 정확도):  [nan, nan, nan, nan, nan]
loss for labeled data =>  tensor(1.6106, device='cuda:0', grad_fn=<NllLossBackward0>)
loss for labeled data =>  tensor(0.4482, device='cuda:0', grad_fn=<NllLossBackward0>)
Epoch 28/37, Train Acc: 0.7714, Val Acc: 0.3673, Test Acc: 0.2316, Test F1(macro): 0.2277, Total Pseudo-Labels: 0, Correct Pseudo-Labels: 0

acc_train_cw(현재 train의 class별 acc) [1.0, 1.0, 0.714, 0.571, 0.571]
cw_psl_total_eval(pseudo label 클래스별 총 샘플 수):  [0, 0, 0, 0, 0]
cw_psl_correct_eval(pseudo label 클래스별 맞은 샘플 수):  [0, 0, 0, 0, 0]
psl_acc(PSL 평가에서의 정확도): None 
cw_psl_acc(클래스별 PSL 평가에서의 정확도):  [nan, nan, nan, nan, nan]
loss for labeled data =>  tensor(1.5490, device='cuda:0', grad_fn=<NllLossBackward0>)
loss for labeled data =>  tensor(0.3856, device='cuda:0', grad_fn=<NllLossBackward0>)
Epoch 29/37, Train Acc: 0.7714, Val Acc: 0.2551, Test Acc: 0.2105, Test F1(macro): 0.2056, Total Pseudo-Labels: 0, Correct Pseudo-Labels: 0

acc_train_cw(현재 train의 class별 acc) [1.0, 1.0, 0.714, 0.0, 1.0]
cw_psl_total_eval(pseudo label 클래스별 총 샘플 수):  [0, 0, 0, 0, 0]
cw_psl_correct_eval(pseudo label 클래스별 맞은 샘플 수):  [0, 0, 0, 0, 0]
psl_acc(PSL 평가에서의 정확도): None 
cw_psl_acc(클래스별 PSL 평가에서의 정확도):  [nan, nan, nan, nan, nan]
loss for labeled data =>  tensor(1.7477, device='cuda:0', grad_fn=<NllLossBackward0>)
loss for labeled data =>  tensor(0.6153, device='cuda:0', grad_fn=<NllLossBackward0>)
Epoch 30/37, Train Acc: 0.7429, Val Acc: 0.3367, Test Acc: 0.2526, Test F1(macro): 0.2406, Total Pseudo-Labels: 0, Correct Pseudo-Labels: 0

acc_train_cw(현재 train의 class별 acc) [0.571, 1.0, 0.857, 0.571, 1.0]
cw_psl_total_eval(pseudo label 클래스별 총 샘플 수):  [0, 0, 0, 0, 0]
cw_psl_correct_eval(pseudo label 클래스별 맞은 샘플 수):  [0, 0, 0, 0, 0]
psl_acc(PSL 평가에서의 정확도): None 
cw_psl_acc(클래스별 PSL 평가에서의 정확도):  [nan, nan, nan, nan, nan]
loss for labeled data =>  tensor(1.5308, device='cuda:0', grad_fn=<NllLossBackward0>)
loss for labeled data =>  tensor(0.2550, device='cuda:0', grad_fn=<NllLossBackward0>)
Epoch 31/37, Train Acc: 0.8000, Val Acc: 0.2755, Test Acc: 0.2842, Test F1(macro): 0.2873, Total Pseudo-Labels: 0, Correct Pseudo-Labels: 0

acc_train_cw(현재 train의 class별 acc) [0.0, 1.0, 0.429, 0.429, 1.0]
cw_psl_total_eval(pseudo label 클래스별 총 샘플 수):  [0, 0, 0, 0, 0]
cw_psl_correct_eval(pseudo label 클래스별 맞은 샘플 수):  [0, 0, 0, 0, 0]
psl_acc(PSL 평가에서의 정확도): None 
cw_psl_acc(클래스별 PSL 평가에서의 정확도):  [nan, nan, nan, nan, nan]
loss for labeled data =>  tensor(1.6646, device='cuda:0', grad_fn=<NllLossBackward0>)
loss for labeled data =>  tensor(1.0650, device='cuda:0', grad_fn=<NllLossBackward0>)
Epoch 32/37, Train Acc: 0.5714, Val Acc: 0.2959, Test Acc: 0.2842, Test F1(macro): 0.2113, Total Pseudo-Labels: 0, Correct Pseudo-Labels: 0

acc_train_cw(현재 train의 class별 acc) [0.857, 1.0, 0.857, 0.286, 1.0]
cw_psl_total_eval(pseudo label 클래스별 총 샘플 수):  [0, 0, 0, 0, 0]
cw_psl_correct_eval(pseudo label 클래스별 맞은 샘플 수):  [0, 0, 0, 0, 0]
psl_acc(PSL 평가에서의 정확도): None 
cw_psl_acc(클래스별 PSL 평가에서의 정확도):  [nan, nan, nan, nan, nan]
loss for labeled data =>  tensor(1.7116, device='cuda:0', grad_fn=<NllLossBackward0>)
loss for labeled data =>  tensor(0.6313, device='cuda:0', grad_fn=<NllLossBackward0>)
Epoch 33/37, Train Acc: 0.8000, Val Acc: 0.3878, Test Acc: 0.3053, Test F1(macro): 0.2543, Total Pseudo-Labels: 0, Correct Pseudo-Labels: 0

acc_train_cw(현재 train의 class별 acc) [0.0, 1.0, 1.0, 0.0, 0.429]
cw_psl_total_eval(pseudo label 클래스별 총 샘플 수):  [0, 0, 0, 0, 0]
cw_psl_correct_eval(pseudo label 클래스별 맞은 샘플 수):  [0, 0, 0, 0, 0]
psl_acc(PSL 평가에서의 정확도): None 
cw_psl_acc(클래스별 PSL 평가에서의 정확도):  [nan, nan, nan, nan, nan]
loss for labeled data =>  tensor(1.9013, device='cuda:0', grad_fn=<NllLossBackward0>)
loss for labeled data =>  tensor(2.0926, device='cuda:0', grad_fn=<NllLossBackward0>)
Epoch 34/37, Train Acc: 0.4857, Val Acc: 0.4592, Test Acc: 0.3684, Test F1(macro): 0.1945, Total Pseudo-Labels: 0, Correct Pseudo-Labels: 0

acc_train_cw(현재 train의 class별 acc) [0.0, 1.0, 1.0, 0.0, 0.143]
cw_psl_total_eval(pseudo label 클래스별 총 샘플 수):  [0, 0, 0, 0, 0]
cw_psl_correct_eval(pseudo label 클래스별 맞은 샘플 수):  [0, 0, 0, 0, 0]
psl_acc(PSL 평가에서의 정확도): None 
cw_psl_acc(클래스별 PSL 평가에서의 정확도):  [nan, nan, nan, nan, nan]
loss for labeled data =>  tensor(2.1411, device='cuda:0', grad_fn=<NllLossBackward0>)
loss for labeled data =>  tensor(0.7293, device='cuda:0', grad_fn=<NllLossBackward0>)
Epoch 35/37, Train Acc: 0.4286, Val Acc: 0.4592, Test Acc: 0.3684, Test F1(macro): 0.2056, Total Pseudo-Labels: 2, Correct Pseudo-Labels: 0

acc_train_cw(현재 train의 class별 acc) [0.571, 1.0, 1.0, 0.429, 0.286]
cw_psl_total_eval(pseudo label 클래스별 총 샘플 수):  [0, 0, 2, 0, 0]
cw_psl_correct_eval(pseudo label 클래스별 맞은 샘플 수):  [0, 0, 0, 0, 0]
psl_acc(PSL 평가에서의 정확도):  0.0 
cw_psl_acc(클래스별 PSL 평가에서의 정확도):  [nan, nan, 0.0, nan, nan]
loss for labeled data =>  tensor(2.0024, device='cuda:0', grad_fn=<NllLossBackward0>)
loss for labeled data =>  tensor(1.1203, device='cuda:0', grad_fn=<NllLossBackward0>)
Epoch 36/37, Train Acc: 0.6571, Val Acc: 0.4082, Test Acc: 0.3684, Test F1(macro): 0.2736, Total Pseudo-Labels: 0, Correct Pseudo-Labels: 0

acc_train_cw(현재 train의 class별 acc) [0.857, 1.0, 0.857, 0.714, 1.0]
cw_psl_total_eval(pseudo label 클래스별 총 샘플 수):  [0, 0, 0, 0, 0]
cw_psl_correct_eval(pseudo label 클래스별 맞은 샘플 수):  [0, 0, 0, 0, 0]
psl_acc(PSL 평가에서의 정확도): None 
cw_psl_acc(클래스별 PSL 평가에서의 정확도):  [nan, nan, nan, nan, nan]
loss for labeled data =>  tensor(1.8447, device='cuda:0', grad_fn=<NllLossBackward0>)
loss for labeled data =>  tensor(0.3706, device='cuda:0', grad_fn=<NllLossBackward0>)
Epoch 37/37, Train Acc: 0.8857, Val Acc: 0.4490, Test Acc: 0.3263, Test F1(macro): 0.3116, Total Pseudo-Labels: 0, Correct Pseudo-Labels: 0

Training complete!
Total training took 0:17:30 (h:mm:ss)
Load model from ./experiment/jointmatch/output/10_['unixcoder', 'unixcoder']_[0.0004, 0.0002]_0.7_jointmatch_37_[45]_{'corcode'}_net0.pth
Load model from ./experiment/jointmatch/output/10_['unixcoder', 'unixcoder']_[0.0004, 0.0002]_0.7_jointmatch_37_[45]_{'corcode'}_net1.pth
Save training statistics in:  ./experiment/jointmatch/log/unixcoder/joint_match//10_['unixcoder', 'unixcoder']_[0.0004, 0.0002]_0.7_jointmatch_37_[45]_{'corcode'}/training_statistics.csv


Best_step:  18 
Best_val_epoch:  19 
best_val_acc:  0.47959183673469385 
best_val_test_acc:  0.3684210526315789 
best_val_test_f1:  0.15809523809523812
Save best record in:  ./experiment/jointmatch/log/unixcoder/joint_match/summary.csv
Save best record in:  ./experiment/jointmatch/log/summary_avgrun.csv
