current work directory:  /home/imsuhan22/few-shot-tc/custom_ssl/code

bs =>  7
Data set -> jointmatch
save_name: 10_['unixcoder', 'unixcoder']_[0.0004, 0.0002]_0.7_jointmatch_20_[42]_{'python'}

data_path:  ../data/jointmatch/python

There are 1 GPU(s) available.
We will use the GPU- 0 Quadro RTX 8000

**line 107 모델 =>  ['microsoft/unixcoder-base', 'microsoft/unixcoder-base']
**tokenizer type =  ['microsoft/unixcoder-base', 'microsoft/unixcoder-base'] 

n_labeled_per_class:  10
train_df samples: 3974
train_labeled_df samples: 70
train_unlabeled_df samples: 3904
Check n_smaples_per_class in the original training set:  OrderedDict([(1, 704), (2, 514), (3, 707), (4, 585), (5, 580), (6, 426), (7, 458)])
Check n_smaples_per_class in the labeled training set:  OrderedDict([(1, 10), (2, 10), (3, 10), (4, 10), (5, 10), (6, 10), (7, 10)])
Check n_smaples_per_class in the unlabeled training set:  OrderedDict([(1, 694), (2, 504), (3, 697), (4, 575), (5, 570), (6, 416), (7, 448)])
n_classes:  7

net_arch:  microsoft/unixcoder-base 
lr:  0.0004 
lr_linear:  0.001 


net_arch:  microsoft/unixcoder-base 
lr:  0.0002 
lr_linear:  0.001 

