current work directory:  /home/imsuhan22/few-shot-tc/custom_ssl/code
Data set -> jointmatch
save_name: 5_codebert-base_[0.0004, 0.0002]_0.7_jointmatch_2_[43]

data_path:  ../data/jointmatch/python

There are 2 GPU(s) available.
We will use the GPU- 0 Quadro RTX 8000

**line 107 모델 =>  microsoft/codebert-base
**tokenizer type =  microsoft/codebert-base 

n_labeled_per_class:  5
train_df samples: 3974
train_labeled_df samples: 35
train_unlabeled_df samples: 3939
Check n_smaples_per_class in the original training set:  {3: 707, 1: 704, 4: 585, 5: 580, 2: 514, 7: 458, 6: 426}
Check n_smaples_per_class in the labeled training set:  {6: 5, 3: 5, 1: 5, 4: 5, 2: 5, 7: 5, 5: 5}
Check n_smaples_per_class in the unlabeled training set:  {3: 702, 1: 699, 4: 580, 5: 575, 2: 509, 7: 453, 6: 421}
n_classes:  7

net_arch:  microsoft/codebert-base 
lr:  0.0004 
lr_linear:  0.001 


net_arch:  microsoft/codebert-base 
lr:  0.0002 
lr_linear:  0.001 


acc_train_cw(현재 train의 class별 acc) [0.0, 1.0, 0.0, 0.0, 0.0, 0.0, 0.0]
cw_psl_total_eval(pseudo label 클래스별 총 샘플 수):  [0, 0, 0, 0, 0, 0, 0]
cw_psl_correct_eval(pseudo label 클래스별 맞은 샘플 수):  [0, 0, 0, 0, 0, 0, 0]
psl_acc(PSL 평가에서의 정확도): None 
cw_psl_acc(클래스별 PSL 평가에서의 정확도):  [nan, nan, nan, nan, nan, nan, nan]
Save model to ./experiment/jointmatch/output/
Epoch 1/2, Train Acc: 0.1429, Val Acc: 0.0065, Test Acc: 0.2787, Test F1(macro): 0.0623, Total Pseudo-Labels: 0, Correct Pseudo-Labels: 0

acc_train_cw(현재 train의 class별 acc) [0.0, 0.0, 0.0, 0.0, 1.0, 0.0, 0.0]
cw_psl_total_eval(pseudo label 클래스별 총 샘플 수):  [0, 0, 0, 0, 0, 0, 0]
cw_psl_correct_eval(pseudo label 클래스별 맞은 샘플 수):  [0, 0, 0, 0, 0, 0, 0]
psl_acc(PSL 평가에서의 정확도): None 
cw_psl_acc(클래스별 PSL 평가에서의 정확도):  [nan, nan, nan, nan, nan, nan, nan]
Save model to ./experiment/jointmatch/output/
Epoch 2/2, Train Acc: 0.1429, Val Acc: 0.1433, Test Acc: 0.0430, Test F1(macro): 0.0118, Total Pseudo-Labels: 0, Correct Pseudo-Labels: 0

Training complete!
Total training took 0:02:41 (h:mm:ss)
Load model from ./experiment/jointmatch/output/5_codebert-base_[0.0004, 0.0002]_0.7_jointmatch_2_[43]_net0.pth
Load model from ./experiment/jointmatch/output/5_codebert-base_[0.0004, 0.0002]_0.7_jointmatch_2_[43]_net1.pth
Save training statistics in:  ./experiment/jointmatch/log/codebert/joint_match//5_codebert-base_[0.0004, 0.0002]_0.7_jointmatch_2_[43]/training_statistics.csv


Best_step:  1 
Best_val_epoch:  2 
best_val_acc:  0.14332247557003258 
best_val_test_acc:  0.0430327868852459 
best_val_test_f1:  0.011811023622047246
Save best record in:  ./experiment/jointmatch/log/codebert/joint_match/summary.csv
data_path:  ../data/jointmatch/python

There are 2 GPU(s) available.
We will use the GPU- 0 Quadro RTX 8000

**line 107 모델 =>  microsoft/codebert-base
**tokenizer type =  microsoft/codebert-base 

n_labeled_per_class:  5
train_df samples: 3974
train_labeled_df samples: 35
train_unlabeled_df samples: 3939
Check n_smaples_per_class in the original training set:  {3: 707, 1: 704, 4: 585, 5: 580, 2: 514, 7: 458, 6: 426}
Check n_smaples_per_class in the labeled training set:  {6: 5, 3: 5, 1: 5, 4: 5, 2: 5, 7: 5, 5: 5}
Check n_smaples_per_class in the unlabeled training set:  {3: 702, 1: 699, 4: 580, 5: 575, 2: 509, 7: 453, 6: 421}
n_classes:  7

net_arch:  microsoft/codebert-base 
lr:  0.0004 
lr_linear:  0.001 


net_arch:  microsoft/codebert-base 
lr:  0.0002 
lr_linear:  0.001 


acc_train_cw(현재 train의 class별 acc) [0.0, 1.0, 0.0, 0.0, 0.0, 0.0, 0.0]
cw_psl_total_eval(pseudo label 클래스별 총 샘플 수):  [0, 0, 0, 0, 0, 0, 0]
cw_psl_correct_eval(pseudo label 클래스별 맞은 샘플 수):  [0, 0, 0, 0, 0, 0, 0]
psl_acc(PSL 평가에서의 정확도): None 
cw_psl_acc(클래스별 PSL 평가에서의 정확도):  [nan, nan, nan, nan, nan, nan, nan]
Save model to ./experiment/jointmatch/output/
Epoch 1/2, Train Acc: 0.1429, Val Acc: 0.0065, Test Acc: 0.2787, Test F1(macro): 0.0623, Total Pseudo-Labels: 0, Correct Pseudo-Labels: 0

acc_train_cw(현재 train의 class별 acc) [0.0, 0.0, 0.0, 0.0, 1.0, 0.0, 0.0]
cw_psl_total_eval(pseudo label 클래스별 총 샘플 수):  [0, 0, 0, 0, 0, 0, 0]
cw_psl_correct_eval(pseudo label 클래스별 맞은 샘플 수):  [0, 0, 0, 0, 0, 0, 0]
psl_acc(PSL 평가에서의 정확도): None 
cw_psl_acc(클래스별 PSL 평가에서의 정확도):  [nan, nan, nan, nan, nan, nan, nan]
Save model to ./experiment/jointmatch/output/
Epoch 2/2, Train Acc: 0.1429, Val Acc: 0.1433, Test Acc: 0.0430, Test F1(macro): 0.0118, Total Pseudo-Labels: 0, Correct Pseudo-Labels: 0

Training complete!
Total training took 0:02:45 (h:mm:ss)
Load model from ./experiment/jointmatch/output/5_codebert-base_[0.0004, 0.0002]_0.7_jointmatch_2_[43]_net0.pth
Load model from ./experiment/jointmatch/output/5_codebert-base_[0.0004, 0.0002]_0.7_jointmatch_2_[43]_net1.pth
Save training statistics in:  ./experiment/jointmatch/log/codebert/joint_match//5_codebert-base_[0.0004, 0.0002]_0.7_jointmatch_2_[43]/training_statistics.csv


Best_step:  1 
Best_val_epoch:  2 
best_val_acc:  0.14332247557003258 
best_val_test_acc:  0.0430327868852459 
best_val_test_f1:  0.011811023622047246
Save best record in:  ./experiment/jointmatch/log/codebert/joint_match/summary.csv
data_path:  ../data/jointmatch/python

There are 2 GPU(s) available.
We will use the GPU- 0 Quadro RTX 8000

**line 107 모델 =>  microsoft/codebert-base
**tokenizer type =  microsoft/codebert-base 

n_labeled_per_class:  5
train_df samples: 3974
train_labeled_df samples: 35
train_unlabeled_df samples: 3939
Check n_smaples_per_class in the original training set:  {3: 707, 1: 704, 4: 585, 5: 580, 2: 514, 7: 458, 6: 426}
Check n_smaples_per_class in the labeled training set:  {6: 5, 3: 5, 1: 5, 4: 5, 2: 5, 7: 5, 5: 5}
Check n_smaples_per_class in the unlabeled training set:  {3: 702, 1: 699, 4: 580, 5: 575, 2: 509, 7: 453, 6: 421}
n_classes:  7

net_arch:  microsoft/codebert-base 
lr:  0.0004 
lr_linear:  0.001 


net_arch:  microsoft/codebert-base 
lr:  0.0002 
lr_linear:  0.001 


acc_train_cw(현재 train의 class별 acc) [0.0, 1.0, 0.0, 0.0, 0.0, 0.0, 0.0]
cw_psl_total_eval(pseudo label 클래스별 총 샘플 수):  [0, 0, 0, 0, 0, 0, 0]
cw_psl_correct_eval(pseudo label 클래스별 맞은 샘플 수):  [0, 0, 0, 0, 0, 0, 0]
psl_acc(PSL 평가에서의 정확도): None 
cw_psl_acc(클래스별 PSL 평가에서의 정확도):  [nan, nan, nan, nan, nan, nan, nan]
Save model to ./experiment/jointmatch/output/
Epoch 1/2, Train Acc: 0.1429, Val Acc: 0.0065, Test Acc: 0.2787, Test F1(macro): 0.0623, Total Pseudo-Labels: 0, Correct Pseudo-Labels: 0

acc_train_cw(현재 train의 class별 acc) [0.0, 0.0, 0.0, 0.0, 1.0, 0.0, 0.0]
cw_psl_total_eval(pseudo label 클래스별 총 샘플 수):  [0, 0, 0, 0, 0, 0, 0]
cw_psl_correct_eval(pseudo label 클래스별 맞은 샘플 수):  [0, 0, 0, 0, 0, 0, 0]
psl_acc(PSL 평가에서의 정확도): None 
cw_psl_acc(클래스별 PSL 평가에서의 정확도):  [nan, nan, nan, nan, nan, nan, nan]
Save model to ./experiment/jointmatch/output/
Epoch 2/2, Train Acc: 0.1429, Val Acc: 0.1433, Test Acc: 0.0430, Test F1(macro): 0.0118, Total Pseudo-Labels: 0, Correct Pseudo-Labels: 0

Training complete!
Total training took 0:02:45 (h:mm:ss)
Load model from ./experiment/jointmatch/output/5_codebert-base_[0.0004, 0.0002]_0.7_jointmatch_2_[43]_net0.pth
Load model from ./experiment/jointmatch/output/5_codebert-base_[0.0004, 0.0002]_0.7_jointmatch_2_[43]_net1.pth
Save training statistics in:  ./experiment/jointmatch/log/codebert/joint_match//5_codebert-base_[0.0004, 0.0002]_0.7_jointmatch_2_[43]/training_statistics.csv


Best_step:  1 
Best_val_epoch:  2 
best_val_acc:  0.14332247557003258 
best_val_test_acc:  0.0430327868852459 
best_val_test_f1:  0.011811023622047246
Save best record in:  ./experiment/jointmatch/log/codebert/joint_match/summary.csv
data_path:  ../data/jointmatch/python

There are 2 GPU(s) available.
We will use the GPU- 0 Quadro RTX 8000

**line 107 모델 =>  microsoft/codebert-base
**tokenizer type =  microsoft/codebert-base 

n_labeled_per_class:  5
train_df samples: 3974
train_labeled_df samples: 35
train_unlabeled_df samples: 3939
Check n_smaples_per_class in the original training set:  {3: 707, 1: 704, 4: 585, 5: 580, 2: 514, 7: 458, 6: 426}
Check n_smaples_per_class in the labeled training set:  {6: 5, 3: 5, 1: 5, 4: 5, 2: 5, 7: 5, 5: 5}
Check n_smaples_per_class in the unlabeled training set:  {3: 702, 1: 699, 4: 580, 5: 575, 2: 509, 7: 453, 6: 421}
n_classes:  7

net_arch:  microsoft/codebert-base 
lr:  0.0004 
lr_linear:  0.001 


net_arch:  microsoft/codebert-base 
lr:  0.0002 
lr_linear:  0.001 


acc_train_cw(현재 train의 class별 acc) [0.0, 1.0, 0.0, 0.0, 0.0, 0.0, 0.0]
cw_psl_total_eval(pseudo label 클래스별 총 샘플 수):  [0, 0, 0, 0, 0, 0, 0]
cw_psl_correct_eval(pseudo label 클래스별 맞은 샘플 수):  [0, 0, 0, 0, 0, 0, 0]
psl_acc(PSL 평가에서의 정확도): None 
cw_psl_acc(클래스별 PSL 평가에서의 정확도):  [nan, nan, nan, nan, nan, nan, nan]
Save model to ./experiment/jointmatch/output/
Epoch 1/2, Train Acc: 0.1429, Val Acc: 0.0065, Test Acc: 0.2787, Test F1(macro): 0.0623, Total Pseudo-Labels: 0, Correct Pseudo-Labels: 0

acc_train_cw(현재 train의 class별 acc) [0.0, 0.0, 0.0, 0.0, 1.0, 0.0, 0.0]
cw_psl_total_eval(pseudo label 클래스별 총 샘플 수):  [0, 0, 0, 0, 0, 0, 0]
cw_psl_correct_eval(pseudo label 클래스별 맞은 샘플 수):  [0, 0, 0, 0, 0, 0, 0]
psl_acc(PSL 평가에서의 정확도): None 
cw_psl_acc(클래스별 PSL 평가에서의 정확도):  [nan, nan, nan, nan, nan, nan, nan]
Save model to ./experiment/jointmatch/output/
Epoch 2/2, Train Acc: 0.1429, Val Acc: 0.1433, Test Acc: 0.0430, Test F1(macro): 0.0118, Total Pseudo-Labels: 0, Correct Pseudo-Labels: 0

Training complete!
Total training took 0:02:45 (h:mm:ss)
Load model from ./experiment/jointmatch/output/5_codebert-base_[0.0004, 0.0002]_0.7_jointmatch_2_[43]_net0.pth
Load model from ./experiment/jointmatch/output/5_codebert-base_[0.0004, 0.0002]_0.7_jointmatch_2_[43]_net1.pth
Save training statistics in:  ./experiment/jointmatch/log/codebert/joint_match//5_codebert-base_[0.0004, 0.0002]_0.7_jointmatch_2_[43]/training_statistics.csv


Best_step:  1 
Best_val_epoch:  2 
best_val_acc:  0.14332247557003258 
best_val_test_acc:  0.0430327868852459 
best_val_test_f1:  0.011811023622047246
Save best record in:  ./experiment/jointmatch/log/codebert/joint_match/summary.csv
data_path:  ../data/jointmatch/python

There are 2 GPU(s) available.
We will use the GPU- 0 Quadro RTX 8000

**line 107 모델 =>  microsoft/codebert-base
**tokenizer type =  microsoft/codebert-base 

n_labeled_per_class:  5
train_df samples: 3974
train_labeled_df samples: 35
train_unlabeled_df samples: 3939
Check n_smaples_per_class in the original training set:  {3: 707, 1: 704, 4: 585, 5: 580, 2: 514, 7: 458, 6: 426}
Check n_smaples_per_class in the labeled training set:  {6: 5, 3: 5, 1: 5, 4: 5, 2: 5, 7: 5, 5: 5}
Check n_smaples_per_class in the unlabeled training set:  {3: 702, 1: 699, 4: 580, 5: 575, 2: 509, 7: 453, 6: 421}
n_classes:  7

net_arch:  microsoft/codebert-base 
lr:  0.0004 
lr_linear:  0.001 


net_arch:  microsoft/codebert-base 
lr:  0.0002 
lr_linear:  0.001 


acc_train_cw(현재 train의 class별 acc) [0.0, 1.0, 0.0, 0.0, 0.0, 0.0, 0.0]
cw_psl_total_eval(pseudo label 클래스별 총 샘플 수):  [0, 0, 0, 0, 0, 0, 0]
cw_psl_correct_eval(pseudo label 클래스별 맞은 샘플 수):  [0, 0, 0, 0, 0, 0, 0]
psl_acc(PSL 평가에서의 정확도): None 
cw_psl_acc(클래스별 PSL 평가에서의 정확도):  [nan, nan, nan, nan, nan, nan, nan]
Save model to ./experiment/jointmatch/output/
Epoch 1/2, Train Acc: 0.1429, Val Acc: 0.0065, Test Acc: 0.2787, Test F1(macro): 0.0623, Total Pseudo-Labels: 0, Correct Pseudo-Labels: 0

acc_train_cw(현재 train의 class별 acc) [0.0, 0.0, 0.0, 0.0, 1.0, 0.0, 0.0]
cw_psl_total_eval(pseudo label 클래스별 총 샘플 수):  [0, 0, 0, 0, 0, 0, 0]
cw_psl_correct_eval(pseudo label 클래스별 맞은 샘플 수):  [0, 0, 0, 0, 0, 0, 0]
psl_acc(PSL 평가에서의 정확도): None 
cw_psl_acc(클래스별 PSL 평가에서의 정확도):  [nan, nan, nan, nan, nan, nan, nan]
Save model to ./experiment/jointmatch/output/
Epoch 2/2, Train Acc: 0.1429, Val Acc: 0.1433, Test Acc: 0.0430, Test F1(macro): 0.0118, Total Pseudo-Labels: 0, Correct Pseudo-Labels: 0

Training complete!
Total training took 0:02:45 (h:mm:ss)
Load model from ./experiment/jointmatch/output/5_codebert-base_[0.0004, 0.0002]_0.7_jointmatch_2_[43]_net0.pth
Load model from ./experiment/jointmatch/output/5_codebert-base_[0.0004, 0.0002]_0.7_jointmatch_2_[43]_net1.pth
Save training statistics in:  ./experiment/jointmatch/log/codebert/joint_match//5_codebert-base_[0.0004, 0.0002]_0.7_jointmatch_2_[43]/training_statistics.csv


Best_step:  1 
Best_val_epoch:  2 
best_val_acc:  0.14332247557003258 
best_val_test_acc:  0.0430327868852459 
best_val_test_f1:  0.011811023622047246
Save best record in:  ./experiment/jointmatch/log/codebert/joint_match/summary.csv
Save best record in:  ./experiment/jointmatch/log/summary_avgrun.csv
