current work directory:  /home/imsuhan22/few-shot-tc/custom_ssl/code

bs =>  7
Data set -> jointmatch
save_name: 5_['codet5p', 'codet5p']_[0.0003, 0.00025]_0.7_jointmatch_20_[42]_{'python'}

data_path:  ../data/jointmatch/python

There are 1 GPU(s) available.
We will use the GPU- 0 Quadro RTX 8000

**line 107 모델 =>  ['Salesforce/codet5p-110m-embedding', 'Salesforce/codet5p-110m-embedding']
**tokenizer type =  ['Salesforce/codet5p-110m-embedding', 'Salesforce/codet5p-110m-embedding'] 

n_labeled_per_class:  5
train_df samples: 3974
train_labeled_df samples: 35
train_unlabeled_df samples: 3939
Check n_smaples_per_class in the original training set:  OrderedDict([(1, 704), (2, 514), (3, 707), (4, 585), (5, 580), (6, 426), (7, 458)])
Check n_smaples_per_class in the labeled training set:  OrderedDict([(1, 5), (2, 5), (3, 5), (4, 5), (5, 5), (6, 5), (7, 5)])
Check n_smaples_per_class in the unlabeled training set:  OrderedDict([(1, 699), (2, 509), (3, 702), (4, 580), (5, 575), (6, 421), (7, 453)])
n_classes:  7

net_arch:  Salesforce/codet5p-110m-embedding 
lr:  0.0003 
lr_linear:  0.001 


net_arch:  Salesforce/codet5p-110m-embedding 
lr:  0.00025 
lr_linear:  0.001 

