current work directory:  /home/imsuhan22/few-shot-tc/custom_ssl/code

bs =>  7
Data set -> jointmatch
save_name: 5_['unixcoder', 'unixcoder']_[1e-05, 2e-06]_0.7_jointmatch_20_[42]_{'python'}

data_path:  ../data/jointmatch/python

There are 1 GPU(s) available.
We will use the GPU- 0 Quadro RTX 8000

**line 107 모델 =>  ['microsoft/unixcoder-base', 'microsoft/unixcoder-base']
**tokenizer type =  ['microsoft/unixcoder-base', 'microsoft/unixcoder-base'] 

n_labeled_per_class:  5
train_df samples: 3974
train_labeled_df samples: 35
train_unlabeled_df samples: 3939
Check n_smaples_per_class in the original training set:  OrderedDict([(1, 704), (2, 514), (3, 707), (4, 585), (5, 580), (6, 426), (7, 458)])
Check n_smaples_per_class in the labeled training set:  OrderedDict([(1, 5), (2, 5), (3, 5), (4, 5), (5, 5), (6, 5), (7, 5)])
Check n_smaples_per_class in the unlabeled training set:  OrderedDict([(1, 699), (2, 509), (3, 702), (4, 580), (5, 575), (6, 421), (7, 453)])
n_classes:  7

net_arch:  microsoft/unixcoder-base 
lr:  1e-05 
lr_linear:  0.001 


net_arch:  microsoft/unixcoder-base 
lr:  2e-06 
lr_linear:  0.001 

**pseudo_label ->  [0.1398, 0.1258, 0.1414, 0.213, 0.1142, 0.1165, 0.1492] **
max =  0.213 | max_idx =  3
**pseudo_label ->  [0.1662, 0.1106, 0.1783, 0.2256, 0.1216, 0.0819, 0.1157] **
max =  0.2256 | max_idx =  3
**pseudo_label ->  [0.1195, 0.1299, 0.1697, 0.151, 0.2069, 0.1124, 0.1106] **
max =  0.2069 | max_idx =  4
**pseudo_label ->  [0.1416, 0.1358, 0.1241, 0.1486, 0.1205, 0.1324, 0.1969] **
max =  0.1969 | max_idx =  6
**pseudo_label ->  [0.118, 0.1469, 0.1499, 0.212, 0.1631, 0.1029, 0.1073] **
max =  0.212 | max_idx =  3
**pseudo_label ->  [0.1919, 0.1244, 0.1177, 0.1671, 0.1192, 0.1543, 0.1255] **
max =  0.1919 | max_idx =  0
**pseudo_label ->  [0.1354, 0.113, 0.1754, 0.2095, 0.1102, 0.1087, 0.1479] **
max =  0.2095 | max_idx =  3
acc_train_cw(현재 train의 class별 acc) [0.4, 0.2, 0.0, 0.8, 0.6, 0.0, 0.0]
cw_psl_total_eval(pseudo label 클래스별 총 샘플 수):  [0, 0, 0, 0, 0, 0, 0]
cw_psl_correct_eval(pseudo label 클래스별 맞은 샘플 수):  [0, 0, 0, 0, 0, 0, 0]
psl_acc(PSL 평가에서의 정확도): None 
cw_psl_acc(클래스별 PSL 평가에서의 정확도):  [nan, nan, nan, nan, nan, nan, nan]
loss for labeled data =>  tensor(2.0533, device='cuda:0', grad_fn=<NllLossBackward0>)
loss for labeled data =>  tensor(1.9424, device='cuda:0', grad_fn=<NllLossBackward0>)
Save model to ./experiment/jointmatch/output/
Step 5, Time: 0:08:30
Train F1: 0.2032, Val F1: 0.1261, Test F1: 0.1765
Epoch 1/20, Train Acc: 0.2857, Val Acc: 0.2573, Test Acc: 0.2500, Test F1(macro): 0.1765, Total Pseudo-Labels: 0, Correct Pseudo-Labels: 0, Train Data Number: 35

**pseudo_label ->  [0.2258, 0.1283, 0.0905, 0.135, 0.1726, 0.0877, 0.1601] **
max =  0.2258 | max_idx =  0
**pseudo_label ->  [0.1362, 0.1422, 0.1206, 0.13, 0.1703, 0.089, 0.2117] **
max =  0.2117 | max_idx =  6
**pseudo_label ->  [0.187, 0.1294, 0.1562, 0.1634, 0.159, 0.0954, 0.1096] **
max =  0.187 | max_idx =  0
**pseudo_label ->  [0.1346, 0.1171, 0.0906, 0.2145, 0.2053, 0.113, 0.1249] **
max =  0.2145 | max_idx =  3
**pseudo_label ->  [0.111, 0.1514, 0.1693, 0.1689, 0.1378, 0.1123, 0.1493] **
max =  0.1693 | max_idx =  2
**pseudo_label ->  [0.1379, 0.126, 0.1928, 0.199, 0.1348, 0.0912, 0.1182] **
max =  0.199 | max_idx =  3
**pseudo_label ->  [0.0876, 0.1326, 0.1756, 0.1796, 0.1628, 0.1034, 0.1584] **
max =  0.1796 | max_idx =  3
acc_train_cw(현재 train의 class별 acc) [0.4, 0.2, 1.0, 0.8, 1.0, 0.0, 1.0]
cw_psl_total_eval(pseudo label 클래스별 총 샘플 수):  [0, 0, 0, 0, 0, 0, 0]
cw_psl_correct_eval(pseudo label 클래스별 맞은 샘플 수):  [0, 0, 0, 0, 0, 0, 0]
psl_acc(PSL 평가에서의 정확도): None 
cw_psl_acc(클래스별 PSL 평가에서의 정확도):  [nan, nan, nan, nan, nan, nan, nan]
loss for labeled data =>  tensor(1.7293, device='cuda:0', grad_fn=<NllLossBackward0>)
loss for labeled data =>  tensor(2.0978, device='cuda:0', grad_fn=<NllLossBackward0>)
Step 10, Time: 0:16:50
Train F1: 0.5650, Val F1: 0.1156, Test F1: 0.2744
Epoch 2/20, Train Acc: 0.6286, Val Acc: 0.2182, Test Acc: 0.2828, Test F1(macro): 0.2744, Total Pseudo-Labels: 0, Correct Pseudo-Labels: 0, Train Data Number: 35

**pseudo_label ->  [0.1257, 0.1678, 0.133, 0.1297, 0.1943, 0.1298, 0.1197] **
max =  0.1943 | max_idx =  4
**pseudo_label ->  [0.1329, 0.139, 0.0856, 0.0852, 0.1956, 0.1349, 0.2268] **
max =  0.2268 | max_idx =  6
**pseudo_label ->  [0.2267, 0.215, 0.1209, 0.1449, 0.149, 0.0888, 0.0546] **
max =  0.2267 | max_idx =  0
**pseudo_label ->  [0.1841, 0.2133, 0.0937, 0.1512, 0.0996, 0.1606, 0.0975] **
max =  0.2133 | max_idx =  1
**pseudo_label ->  [0.0737, 0.2344, 0.0643, 0.1628, 0.2057, 0.1619, 0.0973] **
max =  0.2344 | max_idx =  1
**pseudo_label ->  [0.1152, 0.2028, 0.0562, 0.1462, 0.2386, 0.1229, 0.118] **
max =  0.2386 | max_idx =  4
**pseudo_label ->  [0.1469, 0.2048, 0.0862, 0.1266, 0.1205, 0.1671, 0.1479] **
max =  0.2048 | max_idx =  1
acc_train_cw(현재 train의 class별 acc) [0.4, 1.0, 0.4, 0.0, 1.0, 0.2, 0.6]
cw_psl_total_eval(pseudo label 클래스별 총 샘플 수):  [0, 0, 0, 0, 0, 0, 0]
cw_psl_correct_eval(pseudo label 클래스별 맞은 샘플 수):  [0, 0, 0, 0, 0, 0, 0]
psl_acc(PSL 평가에서의 정확도): None 
cw_psl_acc(클래스별 PSL 평가에서의 정확도):  [nan, nan, nan, nan, nan, nan, nan]
loss for labeled data =>  tensor(1.5306, device='cuda:0', grad_fn=<NllLossBackward0>)
loss for labeled data =>  tensor(1.8972, device='cuda:0', grad_fn=<NllLossBackward0>)
Step 15, Time: 0:25:08
Train F1: 0.4864, Val F1: 0.0517, Test F1: 0.2201
Epoch 3/20, Train Acc: 0.5143, Val Acc: 0.1042, Test Acc: 0.3443, Test F1(macro): 0.2201, Total Pseudo-Labels: 0, Correct Pseudo-Labels: 0, Train Data Number: 35

**pseudo_label ->  [0.1949, 0.1346, 0.2112, 0.1282, 0.0798, 0.1407, 0.1106] **
max =  0.2112 | max_idx =  2
**pseudo_label ->  [0.119, 0.1033, 0.0994, 0.0996, 0.1174, 0.2475, 0.2138] **
max =  0.2475 | max_idx =  5
**pseudo_label ->  [0.1353, 0.1015, 0.1013, 0.2175, 0.1308, 0.1483, 0.1653] **
max =  0.2175 | max_idx =  3
**pseudo_label ->  [0.2307, 0.1212, 0.1497, 0.1246, 0.0655, 0.1309, 0.1774] **
max =  0.2307 | max_idx =  0
**pseudo_label ->  [0.1242, 0.1266, 0.1216, 0.1136, 0.1362, 0.2243, 0.1536] **
max =  0.2243 | max_idx =  5
**pseudo_label ->  [0.1929, 0.1347, 0.2466, 0.2291, 0.0376, 0.0972, 0.0618] **
max =  0.2466 | max_idx =  2
**pseudo_label ->  [0.1194, 0.0908, 0.1464, 0.3409, 0.1419, 0.0965, 0.0642] **
max =  0.3409 | max_idx =  3
acc_train_cw(현재 train의 class별 acc) [1.0, 0.0, 0.0, 0.0, 0.0, 0.0, 0.0]
cw_psl_total_eval(pseudo label 클래스별 총 샘플 수):  [2263, 0, 0, 0, 0, 0, 0]
cw_psl_correct_eval(pseudo label 클래스별 맞은 샘플 수):  [396, 0, 0, 0, 0, 0, 0]
psl_acc(PSL 평가에서의 정확도):  0.175 
cw_psl_acc(클래스별 PSL 평가에서의 정확도):  [0.17498895525932312, nan, nan, nan, nan, nan, nan]
loss for labeled data =>  tensor(1.2936, device='cuda:0', grad_fn=<NllLossBackward0>)
loss for labeled data =>  tensor(1.6468, device='cuda:0', grad_fn=<NllLossBackward0>)
Step 20, Time: 0:33:34
Train F1: 0.0357, Val F1: 0.0239, Test F1: 0.0206
Epoch 4/20, Train Acc: 0.1429, Val Acc: 0.0912, Test Acc: 0.0779, Test F1(macro): 0.0206, Total Pseudo-Labels: 5, Correct Pseudo-Labels: 0, Train Data Number: 35

**pseudo_label ->  [0.3403, 0.1667, 0.1461, 0.0816, 0.056, 0.0574, 0.1518] **
max =  0.3403 | max_idx =  0
**pseudo_label ->  [0.3021, 0.0681, 0.0918, 0.0415, 0.0506, 0.1051, 0.3409] **
max =  0.3409 | max_idx =  6
**pseudo_label ->  [0.2443, 0.0952, 0.123, 0.0504, 0.1053, 0.0561, 0.3257] **
max =  0.3257 | max_idx =  6
**pseudo_label ->  [0.3566, 0.0948, 0.2066, 0.068, 0.0272, 0.049, 0.1979] **
max =  0.3566 | max_idx =  0
**pseudo_label ->  [0.3621, 0.1061, 0.1402, 0.1183, 0.031, 0.0579, 0.1845] **
max =  0.3621 | max_idx =  0
**pseudo_label ->  [0.1175, 0.1123, 0.055, 0.0328, 0.3043, 0.0795, 0.2987] **
max =  0.3043 | max_idx =  4
**pseudo_label ->  [0.3813, 0.087, 0.088, 0.0952, 0.0631, 0.0589, 0.2265] **
max =  0.3813 | max_idx =  0
acc_train_cw(현재 train의 class별 acc) [1.0, 0.0, 0.0, 0.0, 0.0, 0.0, 0.0]
cw_psl_total_eval(pseudo label 클래스별 총 샘플 수):  [3895, 0, 0, 0, 0, 0, 0]
cw_psl_correct_eval(pseudo label 클래스별 맞은 샘플 수):  [691, 0, 0, 0, 0, 0, 0]
psl_acc(PSL 평가에서의 정확도):  0.177 
cw_psl_acc(클래스별 PSL 평가에서의 정확도):  [0.1774069368839264, nan, nan, nan, nan, nan, nan]
loss for labeled data =>  tensor(1.5766, device='cuda:0', grad_fn=<NllLossBackward0>)
loss for labeled data =>  tensor(4.7993, device='cuda:0', grad_fn=<NllLossBackward0>)
Step 25, Time: 0:42:02
Train F1: 0.0357, Val F1: 0.0239, Test F1: 0.0206
Epoch 5/20, Train Acc: 0.1429, Val Acc: 0.0912, Test Acc: 0.0779, Test F1(macro): 0.0206, Total Pseudo-Labels: 5, Correct Pseudo-Labels: 0, Train Data Number: 35

**pseudo_label ->  [0.9538, 0.0055, 0.006, 0.0052, 0.0102, 0.0154, 0.0038] **
max =  0.9538 | max_idx =  0
**pseudo_label ->  [0.9446, 0.0084, 0.0069, 0.0101, 0.0099, 0.0159, 0.0042] **
max =  0.9446 | max_idx =  0
**pseudo_label ->  [0.9366, 0.0083, 0.0064, 0.0093, 0.0155, 0.0177, 0.0061] **
max =  0.9366 | max_idx =  0
**pseudo_label ->  [0.9705, 0.0035, 0.0023, 0.0047, 0.0066, 0.0094, 0.0031] **
max =  0.9705 | max_idx =  0
**pseudo_label ->  [0.947, 0.0061, 0.0054, 0.0102, 0.0142, 0.013, 0.0041] **
max =  0.947 | max_idx =  0
**pseudo_label ->  [0.9562, 0.006, 0.0068, 0.0066, 0.0071, 0.0115, 0.0057] **
max =  0.9562 | max_idx =  0
**pseudo_label ->  [0.9415, 0.0091, 0.0089, 0.0099, 0.0094, 0.0169, 0.0043] **
max =  0.9415 | max_idx =  0
acc_train_cw(현재 train의 class별 acc) [1.0, 0.0, 0.0, 0.0, 0.0, 0.0, 0.0]
cw_psl_total_eval(pseudo label 클래스별 총 샘플 수):  [3897, 0, 0, 0, 0, 0, 0]
cw_psl_correct_eval(pseudo label 클래스별 맞은 샘플 수):  [687, 0, 0, 0, 0, 0, 0]
psl_acc(PSL 평가에서의 정확도):  0.176 
cw_psl_acc(클래스별 PSL 평가에서의 정확도):  [0.17628945410251617, nan, nan, nan, nan, nan, nan]
loss for labeled data =>  tensor(4.4624, device='cuda:0', grad_fn=<NllLossBackward0>)
loss for labeled data =>  tensor(4.1673, device='cuda:0', grad_fn=<NllLossBackward0>)
Step 30, Time: 0:50:32
Train F1: 0.0357, Val F1: 0.0239, Test F1: 0.0206
Epoch 6/20, Train Acc: 0.1429, Val Acc: 0.0912, Test Acc: 0.0779, Test F1(macro): 0.0206, Total Pseudo-Labels: 5, Correct Pseudo-Labels: 0, Train Data Number: 35

**pseudo_label ->  [0.9456, 0.0129, 0.0034, 0.0082, 0.0131, 0.009, 0.0079] **
max =  0.9456 | max_idx =  0
**pseudo_label ->  [0.9305, 0.0096, 0.0066, 0.0061, 0.004, 0.0283, 0.0149] **
max =  0.9305 | max_idx =  0
**pseudo_label ->  [0.9416, 0.0096, 0.0068, 0.0083, 0.0124, 0.0056, 0.0157] **
max =  0.9416 | max_idx =  0
**pseudo_label ->  [0.946, 0.0059, 0.0139, 0.0075, 0.0053, 0.0105, 0.011] **
max =  0.946 | max_idx =  0
**pseudo_label ->  [0.9641, 0.0026, 0.0048, 0.0045, 0.0093, 0.0089, 0.0058] **
max =  0.9641 | max_idx =  0
**pseudo_label ->  [0.9663, 0.0049, 0.005, 0.0075, 0.0082, 0.0039, 0.0043] **
max =  0.9663 | max_idx =  0
**pseudo_label ->  [0.9581, 0.0071, 0.0045, 0.0059, 0.012, 0.0077, 0.0047] **
max =  0.9581 | max_idx =  0
acc_train_cw(현재 train의 class별 acc) [1.0, 0.0, 0.0, 0.0, 0.0, 0.0, 0.0]
cw_psl_total_eval(pseudo label 클래스별 총 샘플 수):  [3888, 0, 0, 0, 0, 0, 0]
cw_psl_correct_eval(pseudo label 클래스별 맞은 샘플 수):  [693, 0, 0, 0, 0, 0, 0]
psl_acc(PSL 평가에서의 정확도):  0.178 
cw_psl_acc(클래스별 PSL 평가에서의 정확도):  [0.17824074625968933, nan, nan, nan, nan, nan, nan]
loss for labeled data =>  tensor(3.7296, device='cuda:0', grad_fn=<NllLossBackward0>)
loss for labeled data =>  tensor(3.7664, device='cuda:0', grad_fn=<NllLossBackward0>)
Step 35, Time: 0:59:01
Train F1: 0.0357, Val F1: 0.0239, Test F1: 0.0206
Epoch 7/20, Train Acc: 0.1429, Val Acc: 0.0912, Test Acc: 0.0779, Test F1(macro): 0.0206, Total Pseudo-Labels: 5, Correct Pseudo-Labels: 1, Train Data Number: 35

**pseudo_label ->  [0.9001, 0.0101, 0.0022, 0.0048, 0.0115, 0.0599, 0.0114] **
max =  0.9001 | max_idx =  0
**pseudo_label ->  [0.9326, 0.0082, 0.0152, 0.0116, 0.0153, 0.0086, 0.0086] **
max =  0.9326 | max_idx =  0
**pseudo_label ->  [0.9648, 0.0048, 0.0065, 0.0119, 0.0049, 0.0043, 0.0027] **
max =  0.9648 | max_idx =  0
**pseudo_label ->  [0.9592, 0.0032, 0.0138, 0.0123, 0.0028, 0.0046, 0.0042] **
max =  0.9592 | max_idx =  0
**pseudo_label ->  [0.7218, 0.014, 0.0033, 0.0064, 0.0067, 0.2145, 0.0333] **
max =  0.7218 | max_idx =  0
**pseudo_label ->  [0.9391, 0.0083, 0.0176, 0.024, 0.0051, 0.0042, 0.0017] **
max =  0.9391 | max_idx =  0
**pseudo_label ->  [0.9374, 0.0061, 0.0023, 0.0038, 0.0158, 0.0193, 0.0153] **
max =  0.9374 | max_idx =  0
acc_train_cw(현재 train의 class별 acc) [1.0, 0.0, 0.0, 0.0, 0.0, 0.0, 0.0]
cw_psl_total_eval(pseudo label 클래스별 총 샘플 수):  [3840, 0, 0, 0, 0, 1, 3]
cw_psl_correct_eval(pseudo label 클래스별 맞은 샘플 수):  [691, 0, 0, 0, 0, 1, 0]
psl_acc(PSL 평가에서의 정확도):  0.18 
cw_psl_acc(클래스별 PSL 평가에서의 정확도):  [0.17994791269302368, nan, nan, nan, nan, 1.0, 0.0]
loss for labeled data =>  tensor(2.3784, device='cuda:0', grad_fn=<NllLossBackward0>)
loss for labeled data =>  tensor(3.3374, device='cuda:0', grad_fn=<NllLossBackward0>)
Step 40, Time: 1:07:30
Train F1: 0.0357, Val F1: 0.0239, Test F1: 0.0206
Epoch 8/20, Train Acc: 0.1429, Val Acc: 0.0912, Test Acc: 0.0779, Test F1(macro): 0.0206, Total Pseudo-Labels: 5, Correct Pseudo-Labels: 0, Train Data Number: 35

**pseudo_label ->  [0.9399, 0.0054, 0.0027, 0.0032, 0.0066, 0.0382, 0.0041] **
max =  0.9399 | max_idx =  0
**pseudo_label ->  [0.8107, 0.0282, 0.0069, 0.0061, 0.0038, 0.1263, 0.0179] **
max =  0.8107 | max_idx =  0
**pseudo_label ->  [0.9389, 0.0119, 0.0032, 0.0026, 0.0072, 0.0119, 0.0243] **
max =  0.9389 | max_idx =  0
**pseudo_label ->  [0.964, 0.0037, 0.0066, 0.008, 0.0073, 0.0089, 0.0013] **
max =  0.964 | max_idx =  0
**pseudo_label ->  [0.9246, 0.0137, 0.0257, 0.0164, 0.0043, 0.0067, 0.0086] **
max =  0.9246 | max_idx =  0
**pseudo_label ->  [0.9681, 0.0034, 0.0124, 0.0105, 0.002, 0.003, 0.0007] **
max =  0.9681 | max_idx =  0
**pseudo_label ->  [0.9598, 0.0086, 0.0061, 0.0106, 0.0027, 0.008, 0.0043] **
max =  0.9598 | max_idx =  0
acc_train_cw(현재 train의 class별 acc) [1.0, 0.0, 0.0, 0.0, 0.0, 0.0, 0.2]
cw_psl_total_eval(pseudo label 클래스별 총 샘플 수):  [3766, 0, 0, 0, 0, 4, 88]
cw_psl_correct_eval(pseudo label 클래스별 맞은 샘플 수):  [679, 0, 0, 0, 0, 1, 22]
psl_acc(PSL 평가에서의 정확도):  0.182 
cw_psl_acc(클래스별 PSL 평가에서의 정확도):  [0.18029740452766418, nan, nan, nan, nan, 0.25, 0.25]
loss for labeled data =>  tensor(1.9223, device='cuda:0', grad_fn=<NllLossBackward0>)
loss for labeled data =>  tensor(3.1263, device='cuda:0', grad_fn=<NllLossBackward0>)
Step 45, Time: 1:15:55
Train F1: 0.0784, Val F1: 0.0248, Test F1: 0.0336
Epoch 9/20, Train Acc: 0.1714, Val Acc: 0.0912, Test Acc: 0.0799, Test F1(macro): 0.0336, Total Pseudo-Labels: 5, Correct Pseudo-Labels: 0, Train Data Number: 35

**pseudo_label ->  [0.819, 0.0102, 0.1185, 0.0406, 0.002, 0.0069, 0.0027] **
max =  0.819 | max_idx =  0
**pseudo_label ->  [0.9392, 0.0028, 0.0103, 0.0182, 0.0228, 0.0044, 0.0023] **
max =  0.9392 | max_idx =  0
**pseudo_label ->  [0.8125, 0.0113, 0.0045, 0.0083, 0.0993, 0.0333, 0.0307] **
max =  0.8125 | max_idx =  0
**pseudo_label ->  [0.9285, 0.0192, 0.0062, 0.0343, 0.0024, 0.0061, 0.0032] **
max =  0.9285 | max_idx =  0
**pseudo_label ->  [0.9238, 0.0115, 0.0246, 0.0239, 0.0095, 0.0033, 0.0034] **
max =  0.9238 | max_idx =  0
**pseudo_label ->  [0.9198, 0.0053, 0.0266, 0.0353, 0.0078, 0.003, 0.0022] **
max =  0.9198 | max_idx =  0
**pseudo_label ->  [0.9457, 0.017, 0.007, 0.0102, 0.0033, 0.0108, 0.006] **
max =  0.9457 | max_idx =  0
acc_train_cw(현재 train의 class별 acc) [1.0, 0.0, 0.0, 0.0, 0.0, 0.0, 0.8]
cw_psl_total_eval(pseudo label 클래스별 총 샘플 수):  [3732, 0, 0, 0, 0, 3, 122]
cw_psl_correct_eval(pseudo label 클래스별 맞은 샘플 수):  [678, 0, 0, 0, 0, 1, 28]
psl_acc(PSL 평가에서의 정확도):  0.183 
cw_psl_acc(클래스별 PSL 평가에서의 정확도):  [0.18167202174663544, nan, nan, nan, nan, 0.3333333432674408, 0.2295081913471222]
loss for labeled data =>  tensor(0.8821, device='cuda:0', grad_fn=<NllLossBackward0>)
loss for labeled data =>  tensor(2.5751, device='cuda:0', grad_fn=<NllLossBackward0>)
Step 50, Time: 1:24:22
Train F1: 0.1551, Val F1: 0.0248, Test F1: 0.0336
Epoch 10/20, Train Acc: 0.2571, Val Acc: 0.0912, Test Acc: 0.0799, Test F1(macro): 0.0336, Total Pseudo-Labels: 5, Correct Pseudo-Labels: 1, Train Data Number: 35

**pseudo_label ->  [0.9675, 0.0037, 0.0041, 0.0176, 0.0021, 0.0019, 0.0031] **
max =  0.9675 | max_idx =  0
**pseudo_label ->  [0.9016, 0.0309, 0.0051, 0.0129, 0.0302, 0.0073, 0.012] **
max =  0.9016 | max_idx =  0
**pseudo_label ->  [0.9512, 0.008, 0.0022, 0.0021, 0.003, 0.0124, 0.0211] **
max =  0.9512 | max_idx =  0
**pseudo_label ->  [0.0048, 0.0049, 0.0053, 0.001, 0.0024, 0.0202, 0.9614] **
max =  0.9614 | max_idx =  6
**pseudo_label ->  [0.9797, 0.0039, 0.0045, 0.0051, 0.0029, 0.0018, 0.0021] **
max =  0.9797 | max_idx =  0
**pseudo_label ->  [0.9685, 0.0013, 0.0018, 0.0075, 0.0116, 0.0069, 0.0022] **
max =  0.9685 | max_idx =  0
**pseudo_label ->  [0.7264, 0.0018, 0.2378, 0.0196, 0.0033, 0.0015, 0.0095] **
max =  0.7264 | max_idx =  0
acc_train_cw(현재 train의 class별 acc) [1.0, 0.2, 0.0, 0.0, 0.0, 0.0, 0.8]
cw_psl_total_eval(pseudo label 클래스별 총 샘플 수):  [3695, 1, 1, 0, 1, 9, 125]
cw_psl_correct_eval(pseudo label 클래스별 맞은 샘플 수):  [667, 0, 1, 0, 1, 1, 28]
psl_acc(PSL 평가에서의 정확도):  0.182 
cw_psl_acc(클래스별 PSL 평가에서의 정확도):  [0.18051420152187347, 0.0, 1.0, nan, 1.0, 0.1111111119389534, 0.2240000069141388]
loss for labeled data =>  tensor(1.0920, device='cuda:0', grad_fn=<NllLossBackward0>)
loss for labeled data =>  tensor(2.6673, device='cuda:0', grad_fn=<NllLossBackward0>)
Step 55, Time: 1:32:50
Train F1: 0.2039, Val F1: 0.0248, Test F1: 0.0336
Epoch 11/20, Train Acc: 0.2857, Val Acc: 0.0912, Test Acc: 0.0799, Test F1(macro): 0.0336, Total Pseudo-Labels: 5, Correct Pseudo-Labels: 1, Train Data Number: 35

**pseudo_label ->  [0.9462, 0.0061, 0.0222, 0.0228, 0.0006, 0.001, 0.0012] **
max =  0.9462 | max_idx =  0
**pseudo_label ->  [0.9826, 0.0038, 0.0026, 0.0037, 0.0013, 0.0024, 0.0035] **
max =  0.9826 | max_idx =  0
**pseudo_label ->  [0.9786, 0.0046, 0.0013, 0.0019, 0.0056, 0.0058, 0.0022] **
max =  0.9786 | max_idx =  0
**pseudo_label ->  [0.8742, 0.0932, 0.0026, 0.0066, 0.004, 0.0082, 0.0112] **
max =  0.8742 | max_idx =  0
**pseudo_label ->  [0.8715, 0.0034, 0.0012, 0.0033, 0.0064, 0.0885, 0.0258] **
max =  0.8715 | max_idx =  0
**pseudo_label ->  [0.9796, 0.0008, 0.0023, 0.0122, 0.0023, 0.0023, 0.0005] **
max =  0.9796 | max_idx =  0
**pseudo_label ->  [0.9615, 0.014, 0.0019, 0.0045, 0.0016, 0.0109, 0.0055] **
max =  0.9615 | max_idx =  0
acc_train_cw(현재 train의 class별 acc) [1.0, 0.2, 0.0, 0.0, 0.0, 0.0, 1.0]
cw_psl_total_eval(pseudo label 클래스별 총 샘플 수):  [3715, 1, 1, 0, 2, 5, 130]
cw_psl_correct_eval(pseudo label 클래스별 맞은 샘플 수):  [674, 0, 0, 0, 2, 1, 30]
psl_acc(PSL 평가에서의 정확도):  0.183 
cw_psl_acc(클래스별 PSL 평가에서의 정확도):  [0.18142664432525635, 0.0, 0.0, nan, 1.0, 0.20000000298023224, 0.23076923191547394]
loss for labeled data =>  tensor(0.5796, device='cuda:0', grad_fn=<NllLossBackward0>)
loss for labeled data =>  tensor(2.1482, device='cuda:0', grad_fn=<NllLossBackward0>)
Step 60, Time: 1:41:19
Train F1: 0.2208, Val F1: 0.0248, Test F1: 0.0336
Epoch 12/20, Train Acc: 0.3143, Val Acc: 0.0912, Test Acc: 0.0799, Test F1(macro): 0.0336, Total Pseudo-Labels: 5, Correct Pseudo-Labels: 1, Train Data Number: 35

**pseudo_label ->  [0.988, 0.0033, 0.0008, 0.002, 0.0026, 0.0017, 0.0016] **
max =  0.988 | max_idx =  0
**pseudo_label ->  [0.9743, 0.0145, 0.0017, 0.0027, 0.0005, 0.0048, 0.0016] **
max =  0.9743 | max_idx =  0
**pseudo_label ->  [0.9905, 0.0009, 0.0017, 0.0046, 0.0009, 0.0007, 0.0007] **
max =  0.9905 | max_idx =  0
**pseudo_label ->  [0.9912, 0.0005, 0.0029, 0.0029, 0.0005, 0.0015, 0.0005] **
max =  0.9912 | max_idx =  0
**pseudo_label ->  [0.9665, 0.0042, 0.0056, 0.0218, 0.0005, 0.0006, 0.0007] **
max =  0.9665 | max_idx =  0
**pseudo_label ->  [0.9272, 0.0045, 0.0005, 0.0018, 0.0026, 0.0548, 0.0087] **
max =  0.9272 | max_idx =  0
**pseudo_label ->  [0.942, 0.001, 0.0345, 0.0198, 0.0006, 0.0014, 0.0007] **
max =  0.942 | max_idx =  0
acc_train_cw(현재 train의 class별 acc) [1.0, 0.4, 0.0, 0.0, 0.4, 0.4, 1.0]
cw_psl_total_eval(pseudo label 클래스별 총 샘플 수):  [3755, 1, 1, 2, 1, 3, 134]
cw_psl_correct_eval(pseudo label 클래스별 맞은 샘플 수):  [676, 0, 1, 0, 1, 2, 30]
psl_acc(PSL 평가에서의 정확도):  0.182 
cw_psl_acc(클래스별 PSL 평가에서의 정확도):  [0.18002663552761078, 0.0, 1.0, 0.0, 1.0, 0.6666666865348816, 0.2238806039094925]
loss for labeled data =>  tensor(0.1591, device='cuda:0', grad_fn=<NllLossBackward0>)
loss for labeled data =>  tensor(2.0297, device='cuda:0', grad_fn=<NllLossBackward0>)
Step 65, Time: 1:49:48
Train F1: 0.4258, Val F1: 0.0248, Test F1: 0.0336
Epoch 13/20, Train Acc: 0.4571, Val Acc: 0.0912, Test Acc: 0.0799, Test F1(macro): 0.0336, Total Pseudo-Labels: 5, Correct Pseudo-Labels: 1, Train Data Number: 35

**pseudo_label ->  [0.9925, 0.0008, 0.0006, 0.0029, 0.0023, 0.0006, 0.0003] **
max =  0.9925 | max_idx =  0
**pseudo_label ->  [0.8093, 0.0027, 0.1107, 0.0722, 0.0015, 0.0009, 0.0026] **
max =  0.8093 | max_idx =  0
**pseudo_label ->  [0.9876, 0.003, 0.0006, 0.0027, 0.0048, 0.001, 0.0003] **
max =  0.9876 | max_idx =  0
**pseudo_label ->  [0.6575, 0.006, 0.2697, 0.0619, 0.002, 0.0007, 0.0022] **
max =  0.6575 | max_idx =  0
**pseudo_label ->  [0.9772, 0.0032, 0.0008, 0.0098, 0.0007, 0.0079, 0.0004] **
max =  0.9772 | max_idx =  0
**pseudo_label ->  [0.9886, 0.0036, 0.002, 0.002, 0.0006, 0.0006, 0.0027] **
max =  0.9886 | max_idx =  0
**pseudo_label ->  [0.9898, 0.0005, 0.0005, 0.0012, 0.0048, 0.0013, 0.0019] **
max =  0.9898 | max_idx =  0
acc_train_cw(현재 train의 class별 acc) [1.0, 0.4, 0.2, 0.0, 0.4, 0.4, 1.0]
cw_psl_total_eval(pseudo label 클래스별 총 샘플 수):  [3764, 1, 2, 5, 1, 2, 135]
cw_psl_correct_eval(pseudo label 클래스별 맞은 샘플 수):  [678, 0, 0, 1, 1, 1, 31]
psl_acc(PSL 평가에서의 정확도):  0.182 
cw_psl_acc(클래스별 PSL 평가에서의 정확도):  [0.18012753129005432, 0.0, 0.0, 0.20000000298023224, 1.0, 0.5, 0.22962963581085205]
loss for labeled data =>  tensor(0.1066, device='cuda:0', grad_fn=<NllLossBackward0>)
loss for labeled data =>  tensor(1.7983, device='cuda:0', grad_fn=<NllLossBackward0>)
Step 70, Time: 1:58:17
Train F1: 0.4753, Val F1: 0.0248, Test F1: 0.0336
Epoch 14/20, Train Acc: 0.4857, Val Acc: 0.0912, Test Acc: 0.0799, Test F1(macro): 0.0336, Total Pseudo-Labels: 5, Correct Pseudo-Labels: 2, Train Data Number: 35

**pseudo_label ->  [0.9699, 0.0007, 0.0003, 0.001, 0.0139, 0.0104, 0.0038] **
max =  0.9699 | max_idx =  0
**pseudo_label ->  [0.9976, 0.0007, 0.0005, 0.0006, 0.0002, 0.0002, 0.0002] **
max =  0.9976 | max_idx =  0
**pseudo_label ->  [0.9956, 0.002, 0.0002, 0.0011, 0.0002, 0.0005, 0.0004] **
max =  0.9956 | max_idx =  0
**pseudo_label ->  [0.996, 0.0009, 0.0002, 0.0005, 0.0008, 0.0008, 0.0008] **
max =  0.996 | max_idx =  0
**pseudo_label ->  [0.9879, 0.001, 0.0023, 0.0046, 0.0003, 0.0009, 0.003] **
max =  0.9879 | max_idx =  0
**pseudo_label ->  [0.981, 0.0018, 0.0023, 0.0134, 0.0005, 0.0005, 0.0005] **
max =  0.981 | max_idx =  0
**pseudo_label ->  [0.9901, 0.0061, 0.0011, 0.0013, 0.0009, 0.0004, 0.0002] **
max =  0.9901 | max_idx =  0
acc_train_cw(현재 train의 class별 acc) [1.0, 0.4, 0.2, 0.0, 0.4, 0.4, 1.0]
cw_psl_total_eval(pseudo label 클래스별 총 샘플 수):  [3738, 1, 1, 12, 3, 1, 136]
cw_psl_correct_eval(pseudo label 클래스별 맞은 샘플 수):  [673, 0, 1, 4, 1, 1, 31]
psl_acc(PSL 평가에서의 정확도):  0.183 
cw_psl_acc(클래스별 PSL 평가에서의 정확도):  [0.1800428032875061, 0.0, 1.0, 0.3333333432674408, 0.3333333432674408, 1.0, 0.22794117033481598]
loss for labeled data =>  tensor(0.1950, device='cuda:0', grad_fn=<NllLossBackward0>)
loss for labeled data =>  tensor(1.2575, device='cuda:0', grad_fn=<NllLossBackward0>)
Step 75, Time: 2:06:43
Train F1: 0.4753, Val F1: 0.0248, Test F1: 0.0336
Epoch 15/20, Train Acc: 0.4857, Val Acc: 0.0912, Test Acc: 0.0799, Test F1(macro): 0.0336, Total Pseudo-Labels: 5, Correct Pseudo-Labels: 3, Train Data Number: 35

**pseudo_label ->  [0.9968, 0.0014, 0.0005, 0.0004, 0.0003, 0.0003, 0.0004] **
max =  0.9968 | max_idx =  0
**pseudo_label ->  [0.9955, 0.0008, 0.0018, 0.0004, 0.0002, 0.0002, 0.0011] **
max =  0.9955 | max_idx =  0
**pseudo_label ->  [0.9678, 0.0266, 0.0002, 0.0003, 0.001, 0.0028, 0.0012] **
max =  0.9678 | max_idx =  0
**pseudo_label ->  [0.9706, 0.0036, 0.0005, 0.0002, 0.0012, 0.0121, 0.0118] **
max =  0.9706 | max_idx =  0
**pseudo_label ->  [0.9952, 0.0003, 0.0032, 0.0006, 0.0003, 0.0001, 0.0004] **
max =  0.9952 | max_idx =  0
**pseudo_label ->  [0.9938, 0.003, 0.0002, 0.0016, 0.0003, 0.0006, 0.0005] **
max =  0.9938 | max_idx =  0
**pseudo_label ->  [0.9952, 0.0021, 0.0003, 0.0004, 0.0002, 0.0005, 0.0013] **
max =  0.9952 | max_idx =  0
acc_train_cw(현재 train의 class별 acc) [1.0, 0.6, 0.2, 0.0, 0.6, 0.8, 1.0]
cw_psl_total_eval(pseudo label 클래스별 총 샘플 수):  [3755, 5, 2, 1, 1, 4, 131]
cw_psl_correct_eval(pseudo label 클래스별 맞은 샘플 수):  [677, 1, 1, 1, 1, 1, 31]
psl_acc(PSL 평가에서의 정확도):  0.183 
cw_psl_acc(클래스별 PSL 평가에서의 정확도):  [0.18029294908046722, 0.20000000298023224, 0.5, 1.0, 1.0, 0.25, 0.23664122819900513]
loss for labeled data =>  tensor(0.0622, device='cuda:0', grad_fn=<NllLossBackward0>)
loss for labeled data =>  tensor(1.3715, device='cuda:0', grad_fn=<NllLossBackward0>)
Step 80, Time: 2:15:04
Train F1: 0.5913, Val F1: 0.0248, Test F1: 0.0336
Epoch 16/20, Train Acc: 0.6000, Val Acc: 0.0912, Test Acc: 0.0799, Test F1(macro): 0.0336, Total Pseudo-Labels: 5, Correct Pseudo-Labels: 1, Train Data Number: 35

**pseudo_label ->  [0.9977, 0.0008, 0.0003, 0.0003, 0.0002, 0.0003, 0.0005] **
max =  0.9977 | max_idx =  0
**pseudo_label ->  [0.9985, 0.0001, 0.0005, 0.0004, 0.0001, 0.0002, 0.0002] **
max =  0.9985 | max_idx =  0
**pseudo_label ->  [0.4835, 0.4948, 0.0009, 0.0016, 0.0007, 0.0072, 0.0113] **
max =  0.4948 | max_idx =  1
**pseudo_label ->  [0.9971, 0.0011, 0.0002, 0.0003, 0.0003, 0.0003, 0.0007] **
max =  0.9971 | max_idx =  0
**pseudo_label ->  [0.9866, 0.0013, 0.0003, 0.0003, 0.0015, 0.0041, 0.0059] **
max =  0.9866 | max_idx =  0
**pseudo_label ->  [0.9974, 0.0003, 0.0009, 0.0005, 0.0001, 0.0002, 0.0007] **
max =  0.9974 | max_idx =  0
**pseudo_label ->  [0.9944, 0.001, 0.0005, 0.0001, 0.0002, 0.0017, 0.0019] **
max =  0.9944 | max_idx =  0
acc_train_cw(현재 train의 class별 acc) [1.0, 0.6, 0.2, 0.0, 0.6, 0.8, 1.0]
cw_psl_total_eval(pseudo label 클래스별 총 샘플 수):  [3783, 2, 0, 2, 1, 3, 134]
cw_psl_correct_eval(pseudo label 클래스별 맞은 샘플 수):  [678, 1, 0, 2, 1, 2, 31]
psl_acc(PSL 평가에서의 정확도):  0.182 
cw_psl_acc(클래스별 PSL 평가에서의 정확도):  [0.17922283709049225, 0.5, nan, 1.0, 1.0, 0.6666666865348816, 0.23134328424930573]
loss for labeled data =>  tensor(0.0253, device='cuda:0', grad_fn=<NllLossBackward0>)
loss for labeled data =>  tensor(0.8706, device='cuda:0', grad_fn=<NllLossBackward0>)
Step 85, Time: 2:23:28
Train F1: 0.5913, Val F1: 0.0248, Test F1: 0.0336
Epoch 17/20, Train Acc: 0.6000, Val Acc: 0.0912, Test Acc: 0.0799, Test F1(macro): 0.0336, Total Pseudo-Labels: 5, Correct Pseudo-Labels: 0, Train Data Number: 35

**pseudo_label ->  [0.9966, 0.0003, 0.0004, 0.0019, 0.0002, 0.0004, 0.0002] **
max =  0.9966 | max_idx =  0
**pseudo_label ->  [0.9988, 0.0005, 0.0001, 0.0002, 0.0, 0.0003, 0.0002] **
max =  0.9988 | max_idx =  0
**pseudo_label ->  [0.9962, 0.0005, 0.0001, 0.0001, 0.0005, 0.0016, 0.0009] **
max =  0.9962 | max_idx =  0
**pseudo_label ->  [0.995, 0.0002, 0.0002, 0.0002, 0.0008, 0.0005, 0.0031] **
max =  0.995 | max_idx =  0
**pseudo_label ->  [0.9962, 0.0025, 0.0005, 0.0002, 0.0001, 0.0002, 0.0003] **
max =  0.9962 | max_idx =  0
**pseudo_label ->  [0.9981, 0.0001, 0.0001, 0.0004, 0.0005, 0.0002, 0.0005] **
max =  0.9981 | max_idx =  0
**pseudo_label ->  [0.9963, 0.0007, 0.0002, 0.0001, 0.0008, 0.0007, 0.0012] **
max =  0.9963 | max_idx =  0
acc_train_cw(현재 train의 class별 acc) [1.0, 0.6, 0.2, 0.0, 0.8, 0.6, 1.0]
cw_psl_total_eval(pseudo label 클래스별 총 샘플 수):  [3774, 10, 0, 1, 1, 3, 130]
cw_psl_correct_eval(pseudo label 클래스별 맞은 샘플 수):  [677, 2, 0, 1, 1, 2, 30]
psl_acc(PSL 평가에서의 정확도):  0.182 
cw_psl_acc(클래스별 PSL 평가에서의 정확도):  [0.17938527464866638, 0.20000000298023224, nan, 1.0, 1.0, 0.6666666865348816, 0.23076923191547394]
loss for labeled data =>  tensor(0.0142, device='cuda:0', grad_fn=<NllLossBackward0>)
loss for labeled data =>  tensor(0.8228, device='cuda:0', grad_fn=<NllLossBackward0>)
Step 90, Time: 2:31:59
Train F1: 0.5809, Val F1: 0.0248, Test F1: 0.0336
Epoch 18/20, Train Acc: 0.6000, Val Acc: 0.0912, Test Acc: 0.0799, Test F1(macro): 0.0336, Total Pseudo-Labels: 5, Correct Pseudo-Labels: 0, Train Data Number: 35

**pseudo_label ->  [0.9984, 0.0001, 0.0001, 0.0001, 0.0005, 0.0002, 0.0006] **
max =  0.9984 | max_idx =  0
**pseudo_label ->  [0.9994, 0.0001, 0.0001, 0.0001, 0.0001, 0.0001, 0.0002] **
max =  0.9994 | max_idx =  0
**pseudo_label ->  [0.9991, 0.0, 0.0002, 0.0001, 0.0001, 0.0001, 0.0004] **
max =  0.9991 | max_idx =  0
**pseudo_label ->  [0.9989, 0.0, 0.0001, 0.0002, 0.0001, 0.0001, 0.0005] **
max =  0.9989 | max_idx =  0
**pseudo_label ->  [0.9988, 0.0001, 0.0001, 0.0002, 0.0001, 0.0001, 0.0006] **
max =  0.9988 | max_idx =  0
**pseudo_label ->  [0.999, 0.0002, 0.0001, 0.0001, 0.0001, 0.0001, 0.0004] **
max =  0.999 | max_idx =  0
**pseudo_label ->  [0.9962, 0.0005, 0.0001, 0.0003, 0.0001, 0.0003, 0.0025] **
max =  0.9962 | max_idx =  0
acc_train_cw(현재 train의 class별 acc) [1.0, 0.6, 0.2, 0.4, 1.0, 0.8, 1.0]
cw_psl_total_eval(pseudo label 클래스별 총 샘플 수):  [3761, 4, 2, 2, 1, 5, 134]
cw_psl_correct_eval(pseudo label 클래스별 맞은 샘플 수):  [676, 2, 1, 2, 1, 2, 31]
psl_acc(PSL 평가에서의 정확도):  0.183 
cw_psl_acc(클래스별 PSL 평가에서의 정확도):  [0.17973943054676056, 0.5, 0.5, 1.0, 1.0, 0.4000000059604645, 0.23134328424930573]
loss for labeled data =>  tensor(0.0160, device='cuda:0', grad_fn=<NllLossBackward0>)
loss for labeled data =>  tensor(0.5554, device='cuda:0', grad_fn=<NllLossBackward0>)
Step 95, Time: 2:40:27
Train F1: 0.7205, Val F1: 0.0248, Test F1: 0.0336
Epoch 19/20, Train Acc: 0.7143, Val Acc: 0.0912, Test Acc: 0.0799, Test F1(macro): 0.0336, Total Pseudo-Labels: 5, Correct Pseudo-Labels: 1, Train Data Number: 35

**pseudo_label ->  [0.9994, 0.0001, 0.0001, 0.0001, 0.0, 0.0001, 0.0002] **
max =  0.9994 | max_idx =  0
**pseudo_label ->  [0.9991, 0.0002, 0.0001, 0.0004, 0.0001, 0.0001, 0.0001] **
max =  0.9991 | max_idx =  0
**pseudo_label ->  [0.9983, 0.0001, 0.0001, 0.0003, 0.0003, 0.0009, 0.0001] **
max =  0.9983 | max_idx =  0
**pseudo_label ->  [0.9976, 0.0001, 0.0001, 0.0003, 0.0017, 0.0001, 0.0001] **
max =  0.9976 | max_idx =  0
**pseudo_label ->  [0.9982, 0.0002, 0.0005, 0.0009, 0.0001, 0.0001, 0.0001] **
max =  0.9982 | max_idx =  0
**pseudo_label ->  [0.9994, 0.0001, 0.0001, 0.0002, 0.0001, 0.0, 0.0001] **
max =  0.9994 | max_idx =  0
**pseudo_label ->  [0.9993, 0.0001, 0.0001, 0.0002, 0.0002, 0.0002, 0.0001] **
max =  0.9993 | max_idx =  0
acc_train_cw(현재 train의 class별 acc) [1.0, 0.4, 0.2, 0.0, 1.0, 0.2, 1.0]
cw_psl_total_eval(pseudo label 클래스별 총 샘플 수):  [3750, 2, 0, 1, 1, 31, 121]
cw_psl_correct_eval(pseudo label 클래스별 맞은 샘플 수):  [675, 0, 0, 1, 1, 13, 29]
psl_acc(PSL 평가에서의 정확도):  0.184 
cw_psl_acc(클래스별 PSL 평가에서의 정확도):  [0.18000000715255737, 0.0, nan, 1.0, 1.0, 0.4193548262119293, 0.23966942727565765]
loss for labeled data =>  tensor(0.0078, device='cuda:0', grad_fn=<NllLossBackward0>)
loss for labeled data =>  tensor(0.4511, device='cuda:0', grad_fn=<NllLossBackward0>)
Step 100, Time: 2:48:49
Train F1: 0.5067, Val F1: 0.0248, Test F1: 0.0336
Epoch 20/20, Train Acc: 0.5429, Val Acc: 0.0912, Test Acc: 0.0799, Test F1(macro): 0.0336, Total Pseudo-Labels: 5, Correct Pseudo-Labels: 1, Train Data Number: 35


Training complete!
Total training took 2:48:49 (h:mm:ss)
Load model from ./experiment/jointmatch/output/5_['unixcoder', 'unixcoder']_[1e-05, 2e-06]_0.7_jointmatch_20_[42]_{'python'}_net0.pth
Load model from ./experiment/jointmatch/output/5_['unixcoder', 'unixcoder']_[1e-05, 2e-06]_0.7_jointmatch_20_[42]_{'python'}_net1.pth
Save training statistics in:  ./experiment/jointmatch/log/unixcoder/joint_match//5_['unixcoder', 'unixcoder']_[1e-05, 2e-06]_0.7_jointmatch_20_[42]_{'python'}/training_statistics.csv


Best_step:  5 
Best_val_epoch:  1 
best_val_acc:  0.25732899022801303 
best_val_test_acc:  0.25 
best_val_test_f1:  0.17646664242921203
Save best record in:  ./experiment/jointmatch/log/unixcoder/joint_match/summary.csv
Save best record in:  ./experiment/jointmatch/log/summary_avgrun.csv
