current work directory:  /home/imsuhan22/few-shot-tc/JointMatch_SSL/codebert/code
python_extended_data
save_name: 1_unixcoder-base_0.0005_0.7_30_python_extended_data

data_path:  ../data/../data/problem_based_split/python_extended_data

There are 1 GPU(s) available.
We will use the GPU- 0 NVIDIA GeForce RTX 3090

**line 147 모델 =>  microsoft/unixcoder-base
**tokenizer type =  microsoft/unixcoder-base 

n_labeled_per_class:  1
train_df samples: 3974
train_labeled_df samples: 7
train_unlabeled_df samples: 3967
n_classes:  7 

net_arch:  microsoft/unixcoder-base lr:  0.0005

line 303 => train data수 7
line 258 => 인스턴스 수 1
=======test_loader=======
=======dev_loader=======
=======train_labeled_loader=======
=======finish=======
>>Epoch 1 Step 0 acc_test 0.168033 f1_test 0.111264 acc_val 0.179153 f1_val 0.119752 acc_train 0.000000 f1_train 0.000000 psl_cor 0 psl_totl 0 pslt_global 0.000000  Tim 0:00:07
acc_train_cw [0.0, 0.0, 0.0, 0.0, 0.0, 0.0, 0.0]
cw_psl_eval:  [0, 0, 0, 0, 0, 0, 0] [0, 0, 0, 0, 0, 0, 0]
psl_acc: None cw_psl_acc:  [nan, nan, nan, nan, nan, nan, nan]
Save model to ./experiment/few_shot/output/

line 303 => train data수 8
line 258 => 인스턴스 수 2
=======test_loader=======
=======dev_loader=======
=======train_labeled_loader=======
=======finish=======
>>Epoch 2 Step 1 acc_test 0.018443 f1_test 0.005174 acc_val 0.117264 f1_val 0.029988 acc_train 0.250000 f1_train 0.136054 psl_cor 0 psl_totl 1 pslt_global 0.700000  Tim 0:00:31
acc_train_cw [1.0, 0.0, 0.0, 0.0, 0.0, 0.0, 1.0]
cw_psl_eval:  [0, 0, 0, 0, 1, 0, 0] [0, 0, 0, 0, 0, 0, 0]
psl_acc:  0.0 cw_psl_acc:  [nan, nan, nan, nan, 0.0, nan, nan]
train batch instace수가 7안됨 pass

line 303 => train data수 40
line 258 => 인스턴스 수 6
=======test_loader=======
=======dev_loader=======
=======train_labeled_loader=======
=======finish=======
>>Epoch 3 Step 3 acc_test 0.047131 f1_test 0.015938 acc_val 0.143322 f1_val 0.036334 acc_train 0.425000 f1_train 0.137143 psl_cor 4 psl_totl 32 pslt_global 0.700000  Tim 0:00:55
acc_train_cw [0.0, 0.273, 0.0, 0.0, 1.0, 0.0, 0.0]
cw_psl_eval:  [0, 10, 10, 0, 12, 0, 0] [0, 3, 1, 0, 0, 0, 0]
psl_acc:  0.125 cw_psl_acc:  [nan, 0.30000001192092896, 0.10000000149011612, nan, 0.0, nan, nan]
train batch instace수가 7안됨 pass

line 303 => train data수 235
line 258 => 인스턴스 수 34
=======test_loader=======
=======dev_loader=======
=======train_labeled_loader=======
=======finish=======
>>Epoch 4 Step 9 acc_test 0.043033 f1_test 0.011788 acc_val 0.143322 f1_val 0.035816 acc_train 0.731915 f1_train 0.120744 psl_cor 25 psl_totl 200 pslt_global 0.700000  Tim 0:01:21
acc_train_cw [0.0, 0.0, 0.0, 0.0, 1.0, 0.0, 0.0]
cw_psl_eval:  [0, 1, 37, 0, 162, 0, 0] [0, 1, 8, 0, 16, 0, 0]
psl_acc:  0.125 cw_psl_acc:  [nan, 1.0, 0.21621622145175934, nan, 0.09876543283462524, nan, nan]
train batch instace수가 7안됨 pass
**bs에 맞지않음!!!!!**


line 303 => train data수 3902
line 258 => 인스턴스 수 558
=======test_loader=======
=======dev_loader=======
=======train_labeled_loader=======
=======finish=======
>>Epoch 5 Step 43 acc_test 0.043033 f1_test 0.011788 acc_val 0.143322 f1_val 0.035816 acc_train 0.998975 f1_train 0.199897 psl_cor 579 psl_totl 3967 pslt_global 0.700000  Tim 0:02:04
acc_train_cw [0.0, nan, 0.0, nan, 1.0, 0.0, 0.0]
cw_psl_eval:  [0, 0, 0, 0, 3967, 0, 0] [0, 0, 0, 0, 579, 0, 0]
psl_acc:  0.146 cw_psl_acc:  [nan, nan, nan, nan, 0.14595411717891693, nan, nan]
train batch instace수가 7안됨 pass
**bs에 맞지않음!!!!!**


line 303 => train data수 3902
line 258 => 인스턴스 수 558
=======test_loader=======
=======dev_loader=======
=======train_labeled_loader=======
=======finish=======
>>Epoch 6 Step 601 acc_test 0.043033 f1_test 0.011788 acc_val 0.143322 f1_val 0.035816 acc_train 0.998975 f1_train 0.199897 psl_cor 579 psl_totl 3967 pslt_global 0.700000  Tim 0:03:36
acc_train_cw [0.0, nan, 0.0, nan, 1.0, 0.0, 0.0]
cw_psl_eval:  [0, 0, 0, 0, 3967, 0, 0] [0, 0, 0, 0, 579, 0, 0]
psl_acc:  0.146 cw_psl_acc:  [nan, nan, nan, nan, 0.14595411717891693, nan, nan]
train batch instace수가 7안됨 pass
**bs에 맞지않음!!!!!**


line 303 => train data수 3902
line 258 => 인스턴스 수 558
=======test_loader=======
=======dev_loader=======
=======train_labeled_loader=======
=======finish=======
>>Epoch 7 Step 1159 acc_test 0.043033 f1_test 0.011788 acc_val 0.143322 f1_val 0.035816 acc_train 0.998975 f1_train 0.199897 psl_cor 579 psl_totl 3967 pslt_global 0.700000  Tim 0:05:09
acc_train_cw [0.0, nan, 0.0, nan, 1.0, 0.0, 0.0]
cw_psl_eval:  [0, 0, 0, 0, 3967, 0, 0] [0, 0, 0, 0, 579, 0, 0]
psl_acc:  0.146 cw_psl_acc:  [nan, nan, nan, nan, 0.14595411717891693, nan, nan]
train batch instace수가 7안됨 pass
**bs에 맞지않음!!!!!**


line 303 => train data수 3902
line 258 => 인스턴스 수 558
=======test_loader=======
=======dev_loader=======
=======train_labeled_loader=======
=======finish=======
>>Epoch 8 Step 1717 acc_test 0.043033 f1_test 0.011788 acc_val 0.143322 f1_val 0.035816 acc_train 0.998975 f1_train 0.199897 psl_cor 579 psl_totl 3967 pslt_global 0.700000  Tim 0:06:41
acc_train_cw [0.0, nan, 0.0, nan, 1.0, 0.0, 0.0]
cw_psl_eval:  [0, 0, 0, 0, 3967, 0, 0] [0, 0, 0, 0, 579, 0, 0]
psl_acc:  0.146 cw_psl_acc:  [nan, nan, nan, nan, 0.14595411717891693, nan, nan]
train batch instace수가 7안됨 pass
**bs에 맞지않음!!!!!**


line 303 => train data수 3902
line 258 => 인스턴스 수 558
=======test_loader=======
=======dev_loader=======
=======train_labeled_loader=======
=======finish=======
>>Epoch 9 Step 2275 acc_test 0.043033 f1_test 0.011788 acc_val 0.143322 f1_val 0.035816 acc_train 0.998975 f1_train 0.199897 psl_cor 579 psl_totl 3967 pslt_global 0.700000  Tim 0:08:14
acc_train_cw [0.0, nan, 0.0, nan, 1.0, 0.0, 0.0]
cw_psl_eval:  [0, 0, 0, 0, 3967, 0, 0] [0, 0, 0, 0, 579, 0, 0]
psl_acc:  0.146 cw_psl_acc:  [nan, nan, nan, nan, 0.14595411717891693, nan, nan]
train batch instace수가 7안됨 pass
**bs에 맞지않음!!!!!**


line 303 => train data수 3902
line 258 => 인스턴스 수 558
=======test_loader=======
=======dev_loader=======
=======train_labeled_loader=======
=======finish=======
>>Epoch 10 Step 2833 acc_test 0.043033 f1_test 0.011788 acc_val 0.143322 f1_val 0.035816 acc_train 0.998975 f1_train 0.199897 psl_cor 579 psl_totl 3967 pslt_global 0.700000  Tim 0:09:47
acc_train_cw [0.0, nan, 0.0, nan, 1.0, 0.0, 0.0]
cw_psl_eval:  [0, 0, 0, 0, 3967, 0, 0] [0, 0, 0, 0, 579, 0, 0]
psl_acc:  0.146 cw_psl_acc:  [nan, nan, nan, nan, 0.14595411717891693, nan, nan]
train batch instace수가 7안됨 pass
**bs에 맞지않음!!!!!**


line 303 => train data수 3902
line 258 => 인스턴스 수 558
=======test_loader=======
=======dev_loader=======
=======train_labeled_loader=======
=======finish=======
>>Epoch 11 Step 3391 acc_test 0.043033 f1_test 0.011788 acc_val 0.143322 f1_val 0.035816 acc_train 0.998975 f1_train 0.199897 psl_cor 579 psl_totl 3967 pslt_global 0.700000  Tim 0:11:21
acc_train_cw [0.0, nan, 0.0, nan, 1.0, 0.0, 0.0]
cw_psl_eval:  [0, 0, 0, 0, 3967, 0, 0] [0, 0, 0, 0, 579, 0, 0]
psl_acc:  0.146 cw_psl_acc:  [nan, nan, nan, nan, 0.14595411717891693, nan, nan]
train batch instace수가 7안됨 pass
**bs에 맞지않음!!!!!**


line 303 => train data수 3902
line 258 => 인스턴스 수 558
=======test_loader=======
=======dev_loader=======
=======train_labeled_loader=======
=======finish=======
>>Epoch 12 Step 3949 acc_test 0.043033 f1_test 0.011788 acc_val 0.143322 f1_val 0.035816 acc_train 0.998975 f1_train 0.199897 psl_cor 579 psl_totl 3967 pslt_global 0.700000  Tim 0:12:53
acc_train_cw [0.0, nan, 0.0, nan, 1.0, 0.0, 0.0]
cw_psl_eval:  [0, 0, 0, 0, 3967, 0, 0] [0, 0, 0, 0, 579, 0, 0]
psl_acc:  0.146 cw_psl_acc:  [nan, nan, nan, nan, 0.14595411717891693, nan, nan]
train batch instace수가 7안됨 pass
**bs에 맞지않음!!!!!**


line 303 => train data수 3902
line 258 => 인스턴스 수 558
=======test_loader=======
=======dev_loader=======
=======train_labeled_loader=======
=======finish=======
>>Epoch 13 Step 4507 acc_test 0.043033 f1_test 0.011788 acc_val 0.143322 f1_val 0.035816 acc_train 0.998975 f1_train 0.199897 psl_cor 579 psl_totl 3967 pslt_global 0.700000  Tim 0:14:25
acc_train_cw [0.0, nan, 0.0, nan, 1.0, 0.0, 0.0]
cw_psl_eval:  [0, 0, 0, 0, 3967, 0, 0] [0, 0, 0, 0, 579, 0, 0]
psl_acc:  0.146 cw_psl_acc:  [nan, nan, nan, nan, 0.14595411717891693, nan, nan]
train batch instace수가 7안됨 pass
**bs에 맞지않음!!!!!**


line 303 => train data수 3902
line 258 => 인스턴스 수 558
=======test_loader=======
=======dev_loader=======
=======train_labeled_loader=======
=======finish=======
>>Epoch 14 Step 5065 acc_test 0.043033 f1_test 0.011788 acc_val 0.143322 f1_val 0.035816 acc_train 0.998975 f1_train 0.199897 psl_cor 579 psl_totl 3967 pslt_global 0.700000  Tim 0:15:58
acc_train_cw [0.0, nan, 0.0, nan, 1.0, 0.0, 0.0]
cw_psl_eval:  [0, 0, 0, 0, 3967, 0, 0] [0, 0, 0, 0, 579, 0, 0]
psl_acc:  0.146 cw_psl_acc:  [nan, nan, nan, nan, 0.14595411717891693, nan, nan]
train batch instace수가 7안됨 pass
**bs에 맞지않음!!!!!**


line 303 => train data수 3902
line 258 => 인스턴스 수 558
=======test_loader=======
=======dev_loader=======
=======train_labeled_loader=======
=======finish=======
>>Epoch 15 Step 5623 acc_test 0.043033 f1_test 0.011788 acc_val 0.143322 f1_val 0.035816 acc_train 0.998975 f1_train 0.199897 psl_cor 579 psl_totl 3967 pslt_global 0.700000  Tim 0:17:30
acc_train_cw [0.0, nan, 0.0, nan, 1.0, 0.0, 0.0]
cw_psl_eval:  [0, 0, 0, 0, 3967, 0, 0] [0, 0, 0, 0, 579, 0, 0]
psl_acc:  0.146 cw_psl_acc:  [nan, nan, nan, nan, 0.14595411717891693, nan, nan]
train batch instace수가 7안됨 pass
**bs에 맞지않음!!!!!**


line 303 => train data수 3902
line 258 => 인스턴스 수 558
=======test_loader=======
=======dev_loader=======
=======train_labeled_loader=======
=======finish=======
>>Epoch 16 Step 6181 acc_test 0.043033 f1_test 0.011788 acc_val 0.143322 f1_val 0.035816 acc_train 0.998975 f1_train 0.199897 psl_cor 579 psl_totl 3967 pslt_global 0.700000  Tim 0:19:03
acc_train_cw [0.0, nan, 0.0, nan, 1.0, 0.0, 0.0]
cw_psl_eval:  [0, 0, 0, 0, 3967, 0, 0] [0, 0, 0, 0, 579, 0, 0]
psl_acc:  0.146 cw_psl_acc:  [nan, nan, nan, nan, 0.14595411717891693, nan, nan]
train batch instace수가 7안됨 pass
**bs에 맞지않음!!!!!**


line 303 => train data수 3902
line 258 => 인스턴스 수 558
=======test_loader=======
=======dev_loader=======
=======train_labeled_loader=======
=======finish=======
>>Epoch 17 Step 6739 acc_test 0.043033 f1_test 0.011788 acc_val 0.143322 f1_val 0.035816 acc_train 0.998975 f1_train 0.199897 psl_cor 579 psl_totl 3967 pslt_global 0.700000  Tim 0:20:35
acc_train_cw [0.0, nan, 0.0, nan, 1.0, 0.0, 0.0]
cw_psl_eval:  [0, 0, 0, 0, 3967, 0, 0] [0, 0, 0, 0, 579, 0, 0]
psl_acc:  0.146 cw_psl_acc:  [nan, nan, nan, nan, 0.14595411717891693, nan, nan]
train batch instace수가 7안됨 pass
**bs에 맞지않음!!!!!**


line 303 => train data수 3902
line 258 => 인스턴스 수 558
=======test_loader=======
=======dev_loader=======
=======train_labeled_loader=======
=======finish=======
>>Epoch 18 Step 7297 acc_test 0.043033 f1_test 0.011788 acc_val 0.143322 f1_val 0.035816 acc_train 0.998975 f1_train 0.199897 psl_cor 579 psl_totl 3967 pslt_global 0.700000  Tim 0:22:07
acc_train_cw [0.0, nan, 0.0, nan, 1.0, 0.0, 0.0]
cw_psl_eval:  [0, 0, 0, 0, 3967, 0, 0] [0, 0, 0, 0, 579, 0, 0]
psl_acc:  0.146 cw_psl_acc:  [nan, nan, nan, nan, 0.14595411717891693, nan, nan]
train batch instace수가 7안됨 pass
**bs에 맞지않음!!!!!**


line 303 => train data수 3902
line 258 => 인스턴스 수 558
=======test_loader=======
=======dev_loader=======
=======train_labeled_loader=======
=======finish=======
>>Epoch 19 Step 7855 acc_test 0.043033 f1_test 0.011788 acc_val 0.143322 f1_val 0.035816 acc_train 0.998975 f1_train 0.199897 psl_cor 579 psl_totl 3967 pslt_global 0.700000  Tim 0:23:40
acc_train_cw [0.0, nan, 0.0, nan, 1.0, 0.0, 0.0]
cw_psl_eval:  [0, 0, 0, 0, 3967, 0, 0] [0, 0, 0, 0, 579, 0, 0]
psl_acc:  0.146 cw_psl_acc:  [nan, nan, nan, nan, 0.14595411717891693, nan, nan]
train batch instace수가 7안됨 pass
**bs에 맞지않음!!!!!**


line 303 => train data수 3902
line 258 => 인스턴스 수 558
=======test_loader=======
=======dev_loader=======
=======train_labeled_loader=======
=======finish=======
>>Epoch 20 Step 8413 acc_test 0.043033 f1_test 0.011788 acc_val 0.143322 f1_val 0.035816 acc_train 0.998975 f1_train 0.199897 psl_cor 579 psl_totl 3967 pslt_global 0.700000  Tim 0:25:12
acc_train_cw [0.0, nan, 0.0, nan, 1.0, 0.0, 0.0]
cw_psl_eval:  [0, 0, 0, 0, 3967, 0, 0] [0, 0, 0, 0, 579, 0, 0]
psl_acc:  0.146 cw_psl_acc:  [nan, nan, nan, nan, 0.14595411717891693, nan, nan]
train batch instace수가 7안됨 pass
**bs에 맞지않음!!!!!**


line 303 => train data수 3902
line 258 => 인스턴스 수 558
=======test_loader=======
=======dev_loader=======
=======train_labeled_loader=======
=======finish=======
>>Epoch 21 Step 8971 acc_test 0.043033 f1_test 0.011788 acc_val 0.143322 f1_val 0.035816 acc_train 0.998975 f1_train 0.199897 psl_cor 579 psl_totl 3967 pslt_global 0.700000  Tim 0:26:44
acc_train_cw [0.0, nan, 0.0, nan, 1.0, 0.0, 0.0]
cw_psl_eval:  [0, 0, 0, 0, 3967, 0, 0] [0, 0, 0, 0, 579, 0, 0]
psl_acc:  0.146 cw_psl_acc:  [nan, nan, nan, nan, 0.14595411717891693, nan, nan]
train batch instace수가 7안됨 pass
**bs에 맞지않음!!!!!**


line 303 => train data수 3902
line 258 => 인스턴스 수 558
=======test_loader=======
=======dev_loader=======
=======train_labeled_loader=======
=======finish=======
>>Epoch 22 Step 9529 acc_test 0.043033 f1_test 0.011788 acc_val 0.143322 f1_val 0.035816 acc_train 0.998975 f1_train 0.199897 psl_cor 579 psl_totl 3967 pslt_global 0.700000  Tim 0:28:16
acc_train_cw [0.0, nan, 0.0, nan, 1.0, 0.0, 0.0]
cw_psl_eval:  [0, 0, 0, 0, 3967, 0, 0] [0, 0, 0, 0, 579, 0, 0]
psl_acc:  0.146 cw_psl_acc:  [nan, nan, nan, nan, 0.14595411717891693, nan, nan]
train batch instace수가 7안됨 pass
**bs에 맞지않음!!!!!**


line 303 => train data수 3902
line 258 => 인스턴스 수 558
=======test_loader=======
=======dev_loader=======
=======train_labeled_loader=======
=======finish=======
>>Epoch 23 Step 10087 acc_test 0.043033 f1_test 0.011788 acc_val 0.143322 f1_val 0.035816 acc_train 0.998975 f1_train 0.199897 psl_cor 579 psl_totl 3967 pslt_global 0.700000  Tim 0:29:49
acc_train_cw [0.0, nan, 0.0, nan, 1.0, 0.0, 0.0]
cw_psl_eval:  [0, 0, 0, 0, 3967, 0, 0] [0, 0, 0, 0, 579, 0, 0]
psl_acc:  0.146 cw_psl_acc:  [nan, nan, nan, nan, 0.14595411717891693, nan, nan]
train batch instace수가 7안됨 pass
**bs에 맞지않음!!!!!**


line 303 => train data수 3902
line 258 => 인스턴스 수 558
=======test_loader=======
=======dev_loader=======
=======train_labeled_loader=======
=======finish=======
>>Epoch 24 Step 10645 acc_test 0.043033 f1_test 0.011788 acc_val 0.143322 f1_val 0.035816 acc_train 0.998975 f1_train 0.199897 psl_cor 579 psl_totl 3967 pslt_global 0.700000  Tim 0:31:21
acc_train_cw [0.0, nan, 0.0, nan, 1.0, 0.0, 0.0]
cw_psl_eval:  [0, 0, 0, 0, 3967, 0, 0] [0, 0, 0, 0, 579, 0, 0]
psl_acc:  0.146 cw_psl_acc:  [nan, nan, nan, nan, 0.14595411717891693, nan, nan]
train batch instace수가 7안됨 pass
**bs에 맞지않음!!!!!**


line 303 => train data수 3902
line 258 => 인스턴스 수 558
=======test_loader=======
=======dev_loader=======
=======train_labeled_loader=======
=======finish=======
>>Epoch 25 Step 11203 acc_test 0.043033 f1_test 0.011788 acc_val 0.143322 f1_val 0.035816 acc_train 0.998975 f1_train 0.199897 psl_cor 579 psl_totl 3967 pslt_global 0.700000  Tim 0:32:53
acc_train_cw [0.0, nan, 0.0, nan, 1.0, 0.0, 0.0]
cw_psl_eval:  [0, 0, 0, 0, 3967, 0, 0] [0, 0, 0, 0, 579, 0, 0]
psl_acc:  0.146 cw_psl_acc:  [nan, nan, nan, nan, 0.14595411717891693, nan, nan]
train batch instace수가 7안됨 pass
**bs에 맞지않음!!!!!**


line 303 => train data수 3902
line 258 => 인스턴스 수 558
=======test_loader=======
=======dev_loader=======
=======train_labeled_loader=======
=======finish=======
>>Epoch 26 Step 11761 acc_test 0.043033 f1_test 0.011788 acc_val 0.143322 f1_val 0.035816 acc_train 0.998975 f1_train 0.199897 psl_cor 579 psl_totl 3967 pslt_global 0.700000  Tim 0:34:25
acc_train_cw [0.0, nan, 0.0, nan, 1.0, 0.0, 0.0]
cw_psl_eval:  [0, 0, 0, 0, 3967, 0, 0] [0, 0, 0, 0, 579, 0, 0]
psl_acc:  0.146 cw_psl_acc:  [nan, nan, nan, nan, 0.14595411717891693, nan, nan]
train batch instace수가 7안됨 pass
**bs에 맞지않음!!!!!**


line 303 => train data수 3902
line 258 => 인스턴스 수 558
=======test_loader=======
=======dev_loader=======
=======train_labeled_loader=======
=======finish=======
>>Epoch 27 Step 12319 acc_test 0.043033 f1_test 0.011788 acc_val 0.143322 f1_val 0.035816 acc_train 0.998975 f1_train 0.199897 psl_cor 579 psl_totl 3967 pslt_global 0.700000  Tim 0:35:57
acc_train_cw [0.0, nan, 0.0, nan, 1.0, 0.0, 0.0]
cw_psl_eval:  [0, 0, 0, 0, 3967, 0, 0] [0, 0, 0, 0, 579, 0, 0]
psl_acc:  0.146 cw_psl_acc:  [nan, nan, nan, nan, 0.14595411717891693, nan, nan]
train batch instace수가 7안됨 pass
**bs에 맞지않음!!!!!**


line 303 => train data수 3902
line 258 => 인스턴스 수 558
=======test_loader=======
=======dev_loader=======
=======train_labeled_loader=======
=======finish=======
>>Epoch 28 Step 12877 acc_test 0.043033 f1_test 0.011788 acc_val 0.143322 f1_val 0.035816 acc_train 0.998975 f1_train 0.199897 psl_cor 579 psl_totl 3967 pslt_global 0.700000  Tim 0:37:30
acc_train_cw [0.0, nan, 0.0, nan, 1.0, 0.0, 0.0]
cw_psl_eval:  [0, 0, 0, 0, 3967, 0, 0] [0, 0, 0, 0, 579, 0, 0]
psl_acc:  0.146 cw_psl_acc:  [nan, nan, nan, nan, 0.14595411717891693, nan, nan]
train batch instace수가 7안됨 pass
**bs에 맞지않음!!!!!**


line 303 => train data수 3902
line 258 => 인스턴스 수 558
=======test_loader=======
=======dev_loader=======
=======train_labeled_loader=======
=======finish=======
>>Epoch 29 Step 13435 acc_test 0.043033 f1_test 0.011788 acc_val 0.143322 f1_val 0.035816 acc_train 0.998975 f1_train 0.199897 psl_cor 579 psl_totl 3967 pslt_global 0.700000  Tim 0:39:02
acc_train_cw [0.0, nan, 0.0, nan, 1.0, 0.0, 0.0]
cw_psl_eval:  [0, 0, 0, 0, 3967, 0, 0] [0, 0, 0, 0, 579, 0, 0]
psl_acc:  0.146 cw_psl_acc:  [nan, nan, nan, nan, 0.14595411717891693, nan, nan]
train batch instace수가 7안됨 pass
**bs에 맞지않음!!!!!**


line 303 => train data수 3902
line 258 => 인스턴스 수 558
=======test_loader=======
=======dev_loader=======
=======train_labeled_loader=======
=======finish=======
>>Epoch 30 Step 13993 acc_test 0.043033 f1_test 0.011788 acc_val 0.143322 f1_val 0.035816 acc_train 0.998975 f1_train 0.199897 psl_cor 579 psl_totl 3967 pslt_global 0.700000  Tim 0:40:34
acc_train_cw [0.0, nan, 0.0, nan, 1.0, 0.0, 0.0]
cw_psl_eval:  [0, 0, 0, 0, 3967, 0, 0] [0, 0, 0, 0, 579, 0, 0]
psl_acc:  0.146 cw_psl_acc:  [nan, nan, nan, nan, 0.14595411717891693, nan, nan]
train batch instace수가 7안됨 pass
**bs에 맞지않음!!!!!**


line 303 => train data수 3902
line 258 => 인스턴스 수 558
=======test_loader=======
=======dev_loader=======
=======train_labeled_loader=======
=======finish=======
>>Epoch 31 Step 14551 acc_test 0.043033 f1_test 0.011788 acc_val 0.143322 f1_val 0.035816 acc_train 0.998975 f1_train 0.199897 psl_cor 579 psl_totl 3967 pslt_global 0.700000  Tim 0:42:07
acc_train_cw [0.0, nan, 0.0, nan, 1.0, 0.0, 0.0]
cw_psl_eval:  [0, 0, 0, 0, 3967, 0, 0] [0, 0, 0, 0, 579, 0, 0]
psl_acc:  0.146 cw_psl_acc:  [nan, nan, nan, nan, 0.14595411717891693, nan, nan]
Early stopping trigger at step:  14551
Best model at step:  0
**조기종료됨**
**bs에 맞지않음!!!!!**

종료된 epoch시점 :  32 (epoch - 11에서부터 acc_val증가 안됨.)
조기종료 early_stop_flag 

Training complete!
Total training took 0:42:25 (h:mm:ss)
Load model from ./experiment/few_shot/output/1_unixcoder-base_0.0005_0.7_30_python_extended_data_net0.pth
Save training statistics in:  ./experiment/few_shot/log/20240329-184241/0/training_statistics.csv

Best_step:  0 
best_test_acc:  0.1680327868852459 
best_test_f1:  0.11126401329587658
Save best record in:  ./experiment/few_shot/log/20240329-184241/summary.csv
Save best record in:  ./experiment/few_shot/log/summary_avgrun.csv
