current work directory:  /home/imsuhan22/few-shot-tc/custom_ssl/code
Data set -> python_extended_data
save_name: 10_unixcoder-base_0.0002_0.7_python_extended_data_37_[45]

data_path:  ../data/problem_based_split/python_extended_data

There are 2 GPU(s) available.
We will use the GPU- 0 Quadro RTX 8000

**line 147 모델 =>  microsoft/unixcoder-base
**tokenizer type =  microsoft/unixcoder-base 

pesudo label class개수 기준 -> 7
n_labeled_per_class:  10
train_df samples: 3974
train_labeled_df samples: 70
train_unlabeled_df samples: 3904
n_classes:  7 


net_arch:  microsoft/unixcoder-base 
lr:  0.0002 
lr_linear:  0.001 




line 303 => train data수 70
line 258 => 인스턴스 수 10
Step 0  Tim 0:00:09
acc_train_cw(현재 train의 class별 acc) [0.5, 0.0, 0.0, 0.0, 0.0, 0.0, 0.0]
cw_psl_total_eval(pseudo label 클래스별 총 샘플 수):  [0, 0, 0, 0, 0, 0, 0]
cw_psl_correct_eval(pseudo label 클래스별 맞은 샘플 수):  [0, 0, 0, 0, 0, 0, 0]
psl_acc(PSL 평가에서의 정확도): None 
cw_psl_acc(클래스별 PSL 평가에서의 정확도):  [nan, nan, nan, nan, nan, nan, nan]
***best_acc_model_save --- epoch = 1***
Save model to ./experiment/python_extended_data/output/
**pseudo_label ->  [0.1329, 0.1525, 0.1148, 0.1682, 0.1429, 0.114, 0.1748] **
max =  0.1748 | max_idx =  6
**pseudo_label ->  [0.1789, 0.1547, 0.1559, 0.1254, 0.1269, 0.1197, 0.1385] **
max =  0.1789 | max_idx =  0
**pseudo_label ->  [0.2042, 0.1158, 0.2078, 0.1047, 0.1436, 0.0949, 0.1291] **
max =  0.2078 | max_idx =  2
**pseudo_label ->  [0.1221, 0.1797, 0.1286, 0.119, 0.185, 0.0584, 0.2071] **
max =  0.2071 | max_idx =  6
**pseudo_label ->  [0.1556, 0.1359, 0.1282, 0.1584, 0.1442, 0.1313, 0.1463] **
max =  0.1584 | max_idx =  3
Epoch 1/37, Train Loss: 2.2676, Valid Loss: 1.9255, Train Acc: 0.0714, Val Acc: 0.0912, Test Acc: 0.0902, Test F1(macro): 0.0715, Total Pseudo-Labels: 0, Correct Pseudo-Labels: 0, Train Data Number: 70



line 303 => train data수 70
line 258 => 인스턴스 수 10
Step 10  Tim 0:01:02
acc_train_cw(현재 train의 class별 acc) [0.0, 0.0, 0.0, 0.0, 1.0, 0.0, 0.0]
cw_psl_total_eval(pseudo label 클래스별 총 샘플 수):  [0, 0, 0, 0, 0, 0, 0]
cw_psl_correct_eval(pseudo label 클래스별 맞은 샘플 수):  [0, 0, 0, 0, 0, 0, 0]
psl_acc(PSL 평가에서의 정확도): None 
cw_psl_acc(클래스별 PSL 평가에서의 정확도):  [nan, nan, nan, nan, nan, nan, nan]
***best_acc_model_save --- epoch = 2***
Save model to ./experiment/python_extended_data/output/
**pseudo_label ->  [0.0823, 0.1267, 0.1643, 0.1849, 0.17, 0.2111, 0.0607] **
max =  0.2111 | max_idx =  5
**pseudo_label ->  [0.0811, 0.1055, 0.1614, 0.1706, 0.2206, 0.1951, 0.0656] **
max =  0.2206 | max_idx =  4
**pseudo_label ->  [0.0789, 0.1166, 0.1651, 0.171, 0.1915, 0.2148, 0.0622] **
max =  0.2148 | max_idx =  5
**pseudo_label ->  [0.0749, 0.1529, 0.1674, 0.178, 0.1687, 0.1999, 0.0582] **
max =  0.1999 | max_idx =  5
**pseudo_label ->  [0.0858, 0.1138, 0.1535, 0.1566, 0.2031, 0.213, 0.0742] **
max =  0.213 | max_idx =  5
Epoch 2/37, Train Loss: 2.0707, Valid Loss: 1.9565, Train Acc: 0.1429, Val Acc: 0.1433, Test Acc: 0.0430, Test F1(macro): 0.0118, Total Pseudo-Labels: 0, Correct Pseudo-Labels: 0, Train Data Number: 70



line 303 => train data수 70
line 258 => 인스턴스 수 10
Step 20  Tim 0:02:04
acc_train_cw(현재 train의 class별 acc) [1.0, 0.0, 0.0, 0.0, 0.0, 0.0, 0.0]
cw_psl_total_eval(pseudo label 클래스별 총 샘플 수):  [0, 0, 0, 0, 0, 0, 0]
cw_psl_correct_eval(pseudo label 클래스별 맞은 샘플 수):  [0, 0, 0, 0, 0, 0, 0]
psl_acc(PSL 평가에서의 정확도): None 
cw_psl_acc(클래스별 PSL 평가에서의 정확도):  [nan, nan, nan, nan, nan, nan, nan]
**pseudo_label ->  [0.1768, 0.1205, 0.1341, 0.1258, 0.1641, 0.1003, 0.1784] **
max =  0.1784 | max_idx =  6
**pseudo_label ->  [0.1808, 0.1253, 0.1333, 0.1568, 0.1309, 0.1124, 0.1605] **
max =  0.1808 | max_idx =  0
**pseudo_label ->  [0.2063, 0.1259, 0.1222, 0.1345, 0.142, 0.1087, 0.1605] **
max =  0.2063 | max_idx =  0
**pseudo_label ->  [0.1966, 0.1126, 0.1214, 0.1131, 0.1569, 0.1396, 0.1599] **
max =  0.1966 | max_idx =  0
**pseudo_label ->  [0.1881, 0.1156, 0.1414, 0.135, 0.1456, 0.1022, 0.1722] **
max =  0.1881 | max_idx =  0
Epoch 3/37, Train Loss: 2.0833, Valid Loss: 2.1879, Train Acc: 0.1429, Val Acc: 0.0912, Test Acc: 0.0779, Test F1(macro): 0.0206, Total Pseudo-Labels: 0, Correct Pseudo-Labels: 0, Train Data Number: 70



line 303 => train data수 70
line 258 => 인스턴스 수 10
Step 30  Tim 0:02:58
acc_train_cw(현재 train의 class별 acc) [0.0, 0.0, 0.0, 0.0, 0.0, 1.0, 0.0]
cw_psl_total_eval(pseudo label 클래스별 총 샘플 수):  [0, 0, 0, 0, 0, 0, 0]
cw_psl_correct_eval(pseudo label 클래스별 맞은 샘플 수):  [0, 0, 0, 0, 0, 0, 0]
psl_acc(PSL 평가에서의 정확도): None 
cw_psl_acc(클래스별 PSL 평가에서의 정확도):  [nan, nan, nan, nan, nan, nan, nan]
**pseudo_label ->  [0.1933, 0.1279, 0.1029, 0.1054, 0.1248, 0.2935, 0.0522] **
max =  0.2935 | max_idx =  5
**pseudo_label ->  [0.1641, 0.1499, 0.1313, 0.0933, 0.1321, 0.2617, 0.0676] **
max =  0.2617 | max_idx =  5
**pseudo_label ->  [0.1721, 0.1354, 0.1174, 0.0971, 0.1604, 0.2523, 0.0653] **
max =  0.2523 | max_idx =  5
**pseudo_label ->  [0.1864, 0.1355, 0.122, 0.0995, 0.1356, 0.2591, 0.0619] **
max =  0.2591 | max_idx =  5
**pseudo_label ->  [0.1586, 0.1424, 0.1351, 0.1199, 0.119, 0.2621, 0.063] **
max =  0.2621 | max_idx =  5
Epoch 4/37, Train Loss: 2.0460, Valid Loss: 1.9413, Train Acc: 0.1429, Val Acc: 0.0261, Test Acc: 0.2971, Test F1(macro): 0.0654, Total Pseudo-Labels: 0, Correct Pseudo-Labels: 0, Train Data Number: 70



line 303 => train data수 70
line 258 => 인스턴스 수 10
Step 40  Tim 0:03:51
acc_train_cw(현재 train의 class별 acc) [1.0, 0.0, 0.2, 0.0, 0.0, 0.0, 0.0]
cw_psl_total_eval(pseudo label 클래스별 총 샘플 수):  [0, 0, 0, 0, 0, 0, 0]
cw_psl_correct_eval(pseudo label 클래스별 맞은 샘플 수):  [0, 0, 0, 0, 0, 0, 0]
psl_acc(PSL 평가에서의 정확도): None 
cw_psl_acc(클래스별 PSL 평가에서의 정확도):  [nan, nan, nan, nan, nan, nan, nan]
***best_acc_model_save --- epoch = 5***
Save model to ./experiment/python_extended_data/output/
**pseudo_label ->  [0.1721, 0.1367, 0.1707, 0.1237, 0.153, 0.1413, 0.1025] **
max =  0.1721 | max_idx =  0
**pseudo_label ->  [0.1507, 0.1366, 0.1905, 0.1399, 0.1392, 0.1183, 0.1248] **
max =  0.1905 | max_idx =  2
**pseudo_label ->  [0.1723, 0.1306, 0.1707, 0.1196, 0.1864, 0.116, 0.1044] **
max =  0.1864 | max_idx =  4
**pseudo_label ->  [0.1534, 0.1442, 0.1754, 0.1326, 0.1492, 0.1342, 0.111] **
max =  0.1754 | max_idx =  2
**pseudo_label ->  [0.1828, 0.1565, 0.1395, 0.1279, 0.1502, 0.12, 0.1231] **
max =  0.1828 | max_idx =  0
Epoch 5/37, Train Loss: 2.0053, Valid Loss: 1.8584, Train Acc: 0.1714, Val Acc: 0.1564, Test Acc: 0.1066, Test F1(macro): 0.0486, Total Pseudo-Labels: 0, Correct Pseudo-Labels: 0, Train Data Number: 70



line 303 => train data수 70
line 258 => 인스턴스 수 10
Step 50  Tim 0:04:45
acc_train_cw(현재 train의 class별 acc) [0.0, 0.0, 0.0, 1.0, 0.0, 0.0, 0.0]
cw_psl_total_eval(pseudo label 클래스별 총 샘플 수):  [0, 0, 0, 0, 0, 0, 0]
cw_psl_correct_eval(pseudo label 클래스별 맞은 샘플 수):  [0, 0, 0, 0, 0, 0, 0]
psl_acc(PSL 평가에서의 정확도): None 
cw_psl_acc(클래스별 PSL 평가에서의 정확도):  [nan, nan, nan, nan, nan, nan, nan]
***best_acc_model_save --- epoch = 6***
Save model to ./experiment/python_extended_data/output/
**pseudo_label ->  [0.1031, 0.1793, 0.149, 0.1751, 0.1394, 0.0862, 0.1678] **
max =  0.1793 | max_idx =  1
**pseudo_label ->  [0.0995, 0.155, 0.1558, 0.1903, 0.1452, 0.1023, 0.1517] **
max =  0.1903 | max_idx =  3
**pseudo_label ->  [0.0815, 0.1464, 0.1686, 0.1948, 0.1409, 0.0941, 0.1738] **
max =  0.1948 | max_idx =  3
**pseudo_label ->  [0.1045, 0.167, 0.1481, 0.1617, 0.1341, 0.0957, 0.189] **
max =  0.189 | max_idx =  6
**pseudo_label ->  [0.1133, 0.1572, 0.157, 0.1503, 0.1529, 0.0957, 0.1736] **
max =  0.1736 | max_idx =  6
Epoch 6/37, Train Loss: 1.9755, Valid Loss: 2.0221, Train Acc: 0.1429, Val Acc: 0.3876, Test Acc: 0.1619, Test F1(macro): 0.0398, Total Pseudo-Labels: 0, Correct Pseudo-Labels: 0, Train Data Number: 70



line 303 => train data수 70
line 258 => 인스턴스 수 10
Step 60  Tim 0:05:47
acc_train_cw(현재 train의 class별 acc) [0.1, 0.0, 0.0, 0.0, 0.0, 1.0, 0.0]
cw_psl_total_eval(pseudo label 클래스별 총 샘플 수):  [0, 0, 0, 0, 0, 0, 0]
cw_psl_correct_eval(pseudo label 클래스별 맞은 샘플 수):  [0, 0, 0, 0, 0, 0, 0]
psl_acc(PSL 평가에서의 정확도): None 
cw_psl_acc(클래스별 PSL 평가에서의 정확도):  [nan, nan, nan, nan, nan, nan, nan]
**pseudo_label ->  [0.1469, 0.1454, 0.1263, 0.1072, 0.1158, 0.2146, 0.1437] **
max =  0.2146 | max_idx =  5
**pseudo_label ->  [0.1718, 0.1317, 0.135, 0.1004, 0.1437, 0.1667, 0.1506] **
max =  0.1718 | max_idx =  0
**pseudo_label ->  [0.1568, 0.1206, 0.1385, 0.1352, 0.1319, 0.1675, 0.1496] **
max =  0.1675 | max_idx =  5
**pseudo_label ->  [0.1657, 0.1222, 0.1362, 0.1081, 0.144, 0.1722, 0.1517] **
max =  0.1722 | max_idx =  5
**pseudo_label ->  [0.1488, 0.1484, 0.1307, 0.0935, 0.1365, 0.1662, 0.176] **
max =  0.176 | max_idx =  6
Epoch 7/37, Train Loss: 2.0245, Valid Loss: 1.8840, Train Acc: 0.1571, Val Acc: 0.0261, Test Acc: 0.2971, Test F1(macro): 0.0654, Total Pseudo-Labels: 0, Correct Pseudo-Labels: 0, Train Data Number: 70



line 303 => train data수 70
line 258 => 인스턴스 수 10
Step 70  Tim 0:06:41
acc_train_cw(현재 train의 class별 acc) [0.2, 0.0, 0.0, 1.0, 0.0, 0.0, 0.0]
cw_psl_total_eval(pseudo label 클래스별 총 샘플 수):  [0, 0, 0, 0, 0, 0, 0]
cw_psl_correct_eval(pseudo label 클래스별 맞은 샘플 수):  [0, 0, 0, 0, 0, 0, 0]
psl_acc(PSL 평가에서의 정확도): None 
cw_psl_acc(클래스별 PSL 평가에서의 정확도):  [nan, nan, nan, nan, nan, nan, nan]
**pseudo_label ->  [0.1305, 0.1231, 0.1206, 0.206, 0.1468, 0.1548, 0.1182] **
max =  0.206 | max_idx =  3
**pseudo_label ->  [0.1269, 0.1154, 0.1137, 0.1757, 0.1454, 0.1712, 0.1517] **
max =  0.1757 | max_idx =  3
**pseudo_label ->  [0.1348, 0.1205, 0.1108, 0.1725, 0.1426, 0.1766, 0.1421] **
max =  0.1766 | max_idx =  5
**pseudo_label ->  [0.1454, 0.1174, 0.1228, 0.1756, 0.1552, 0.1641, 0.1194] **
max =  0.1756 | max_idx =  3
**pseudo_label ->  [0.1363, 0.13, 0.1121, 0.1767, 0.152, 0.1592, 0.1338] **
max =  0.1767 | max_idx =  3
Epoch 8/37, Train Loss: 2.0014, Valid Loss: 1.8617, Train Acc: 0.1714, Val Acc: 0.3876, Test Acc: 0.1619, Test F1(macro): 0.0398, Total Pseudo-Labels: 0, Correct Pseudo-Labels: 0, Train Data Number: 70



line 303 => train data수 70
line 258 => 인스턴스 수 10
Step 80  Tim 0:07:35
acc_train_cw(현재 train의 class별 acc) [0.0, 0.0, 1.0, 0.0, 0.0, 0.0, 0.0]
cw_psl_total_eval(pseudo label 클래스별 총 샘플 수):  [0, 0, 0, 0, 0, 0, 0]
cw_psl_correct_eval(pseudo label 클래스별 맞은 샘플 수):  [0, 0, 0, 0, 0, 0, 0]
psl_acc(PSL 평가에서의 정확도): None 
cw_psl_acc(클래스별 PSL 평가에서의 정확도):  [nan, nan, nan, nan, nan, nan, nan]
**pseudo_label ->  [0.1782, 0.1186, 0.1777, 0.1395, 0.1516, 0.1114, 0.1231] **
max =  0.1782 | max_idx =  0
**pseudo_label ->  [0.1324, 0.1046, 0.1856, 0.1574, 0.1426, 0.1193, 0.1581] **
max =  0.1856 | max_idx =  2
**pseudo_label ->  [0.1792, 0.1028, 0.1809, 0.1437, 0.1732, 0.105, 0.1152] **
max =  0.1809 | max_idx =  2
**pseudo_label ->  [0.2886, 0.0971, 0.1925, 0.1422, 0.1311, 0.0821, 0.0664] **
max =  0.2886 | max_idx =  0
**pseudo_label ->  [0.1622, 0.1277, 0.1935, 0.1498, 0.1357, 0.1046, 0.1266] **
max =  0.1935 | max_idx =  2
Epoch 9/37, Train Loss: 1.9585, Valid Loss: 2.0611, Train Acc: 0.1429, Val Acc: 0.2280, Test Acc: 0.1230, Test F1(macro): 0.0313, Total Pseudo-Labels: 0, Correct Pseudo-Labels: 0, Train Data Number: 70



line 303 => train data수 70
line 258 => 인스턴스 수 10
Step 90  Tim 0:08:28
acc_train_cw(현재 train의 class별 acc) [0.0, 1.0, 0.0, 0.0, 0.0, 0.0, 0.0]
cw_psl_total_eval(pseudo label 클래스별 총 샘플 수):  [0, 0, 0, 0, 0, 0, 0]
cw_psl_correct_eval(pseudo label 클래스별 맞은 샘플 수):  [0, 0, 0, 0, 0, 0, 0]
psl_acc(PSL 평가에서의 정확도): None 
cw_psl_acc(클래스별 PSL 평가에서의 정확도):  [nan, nan, nan, nan, nan, nan, nan]
**pseudo_label ->  [0.1602, 0.2742, 0.1139, 0.1473, 0.0983, 0.0903, 0.1159] **
max =  0.2742 | max_idx =  1
**pseudo_label ->  [0.0927, 0.1956, 0.1209, 0.1406, 0.1164, 0.1566, 0.1772] **
max =  0.1956 | max_idx =  1
**pseudo_label ->  [0.0997, 0.2188, 0.1063, 0.1309, 0.1344, 0.157, 0.153] **
max =  0.2188 | max_idx =  1
**pseudo_label ->  [0.119, 0.2223, 0.0914, 0.1222, 0.1367, 0.1345, 0.1737] **
max =  0.2223 | max_idx =  1
**pseudo_label ->  [0.1088, 0.2051, 0.1002, 0.1294, 0.1334, 0.1483, 0.1749] **
max =  0.2051 | max_idx =  1
Epoch 10/37, Train Loss: 1.9524, Valid Loss: 1.9161, Train Acc: 0.1429, Val Acc: 0.0065, Test Acc: 0.2787, Test F1(macro): 0.0623, Total Pseudo-Labels: 0, Correct Pseudo-Labels: 0, Train Data Number: 70



line 303 => train data수 70
line 258 => 인스턴스 수 10
Step 100  Tim 0:09:21
acc_train_cw(현재 train의 class별 acc) [0.6, 0.0, 0.0, 0.0, 0.0, 1.0, 0.0]
cw_psl_total_eval(pseudo label 클래스별 총 샘플 수):  [0, 0, 0, 0, 0, 0, 0]
cw_psl_correct_eval(pseudo label 클래스별 맞은 샘플 수):  [0, 0, 0, 0, 0, 0, 0]
psl_acc(PSL 평가에서의 정확도): None 
cw_psl_acc(클래스별 PSL 평가에서의 정확도):  [nan, nan, nan, nan, nan, nan, nan]
**pseudo_label ->  [0.1518, 0.1055, 0.1335, 0.1295, 0.1324, 0.1903, 0.1569] **
max =  0.1903 | max_idx =  5
**pseudo_label ->  [0.1459, 0.1143, 0.1559, 0.1298, 0.1484, 0.1538, 0.1518] **
max =  0.1559 | max_idx =  2
**pseudo_label ->  [0.2172, 0.1396, 0.186, 0.1543, 0.0982, 0.1294, 0.0752] **
max =  0.2172 | max_idx =  0
**pseudo_label ->  [0.2705, 0.1258, 0.1722, 0.1441, 0.101, 0.113, 0.0733] **
max =  0.2705 | max_idx =  0
**pseudo_label ->  [0.1402, 0.1145, 0.1534, 0.1395, 0.1352, 0.1637, 0.1536] **
max =  0.1637 | max_idx =  5
Epoch 11/37, Train Loss: 1.9758, Valid Loss: 1.8470, Train Acc: 0.2286, Val Acc: 0.0456, Test Acc: 0.3217, Test F1(macro): 0.1166, Total Pseudo-Labels: 0, Correct Pseudo-Labels: 0, Train Data Number: 70



line 303 => train data수 70
line 258 => 인스턴스 수 10
Step 110  Tim 0:10:13
acc_train_cw(현재 train의 class별 acc) [0.8, 0.0, 0.0, 0.8, 0.0, 0.0, 0.0]
cw_psl_total_eval(pseudo label 클래스별 총 샘플 수):  [0, 0, 0, 0, 0, 0, 0]
cw_psl_correct_eval(pseudo label 클래스별 맞은 샘플 수):  [0, 0, 0, 0, 0, 0, 0]
psl_acc(PSL 평가에서의 정확도): None 
cw_psl_acc(클래스별 PSL 평가에서의 정확도):  [nan, nan, nan, nan, nan, nan, nan]
**pseudo_label ->  [0.1012, 0.1437, 0.1504, 0.1676, 0.1353, 0.1702, 0.1316] **
max =  0.1702 | max_idx =  5
**pseudo_label ->  [0.0949, 0.1336, 0.1412, 0.1541, 0.1507, 0.1755, 0.15] **
max =  0.1755 | max_idx =  5
**pseudo_label ->  [0.3541, 0.1175, 0.2083, 0.1061, 0.1102, 0.0526, 0.0512] **
max =  0.3541 | max_idx =  0
**pseudo_label ->  [0.3271, 0.1192, 0.2232, 0.1197, 0.0964, 0.0609, 0.0535] **
max =  0.3271 | max_idx =  0
**pseudo_label ->  [0.1019, 0.1316, 0.1587, 0.1824, 0.1294, 0.172, 0.1241] **
max =  0.1824 | max_idx =  3
Epoch 12/37, Train Loss: 1.8157, Valid Loss: 2.1248, Train Acc: 0.2286, Val Acc: 0.3648, Test Acc: 0.1701, Test F1(macro): 0.0871, Total Pseudo-Labels: 0, Correct Pseudo-Labels: 0, Train Data Number: 70



line 303 => train data수 70
line 258 => 인스턴스 수 10
Step 120  Tim 0:11:06
acc_train_cw(현재 train의 class별 acc) [1.0, 0.1, 0.0, 0.0, 0.0, 0.0, 0.0]
cw_psl_total_eval(pseudo label 클래스별 총 샘플 수):  [0, 0, 0, 0, 0, 0, 0]
cw_psl_correct_eval(pseudo label 클래스별 맞은 샘플 수):  [0, 0, 0, 0, 0, 0, 0]
psl_acc(PSL 평가에서의 정확도): None 
cw_psl_acc(클래스별 PSL 평가에서의 정확도):  [nan, nan, nan, nan, nan, nan, nan]
**pseudo_label ->  [0.6741, 0.0613, 0.1534, 0.0298, 0.0494, 0.0108, 0.0213] **
max =  0.6741 | max_idx =  0
**pseudo_label ->  [0.1842, 0.1833, 0.1639, 0.1057, 0.173, 0.0818, 0.1081] **
max =  0.1842 | max_idx =  0
**pseudo_label ->  [0.672, 0.0348, 0.2127, 0.0222, 0.0383, 0.0072, 0.0129] **
max =  0.672 | max_idx =  0
**pseudo_label ->  [0.6726, 0.0468, 0.1862, 0.0233, 0.0423, 0.0093, 0.0196] **
max =  0.6726 | max_idx =  0
**pseudo_label ->  [0.6792, 0.0583, 0.1606, 0.024, 0.0533, 0.0095, 0.015] **
max =  0.6792 | max_idx =  0
Epoch 13/37, Train Loss: 1.8613, Valid Loss: 1.9519, Train Acc: 0.1571, Val Acc: 0.0684, Test Acc: 0.0881, Test F1(macro): 0.0371, Total Pseudo-Labels: 0, Correct Pseudo-Labels: 0, Train Data Number: 70



line 303 => train data수 70
line 258 => 인스턴스 수 10
Step 130  Tim 0:11:59
acc_train_cw(현재 train의 class별 acc) [1.0, 0.0, 0.0, 0.0, 0.0, 1.0, 0.0]
cw_psl_total_eval(pseudo label 클래스별 총 샘플 수):  [462, 0, 0, 0, 0, 0, 0]
cw_psl_correct_eval(pseudo label 클래스별 맞은 샘플 수):  [157, 0, 0, 0, 0, 0, 0]
psl_acc(PSL 평가에서의 정확도):  0.34 
cw_psl_acc(클래스별 PSL 평가에서의 정확도):  [0.3398268520832062, nan, nan, nan, nan, nan, nan]
**pseudo_label ->  [0.3566, 0.0524, 0.2012, 0.2161, 0.0854, 0.0365, 0.0518] **
max =  0.3566 | max_idx =  0
**pseudo_label ->  [0.0388, 0.1731, 0.0633, 0.1161, 0.1873, 0.2154, 0.2059] **
max =  0.2154 | max_idx =  5
**pseudo_label ->  [0.4349, 0.0373, 0.1941, 0.2192, 0.0478, 0.0226, 0.0441] **
max =  0.4349 | max_idx =  0
**pseudo_label ->  [0.3791, 0.0474, 0.1684, 0.2503, 0.063, 0.0342, 0.0576] **
max =  0.3791 | max_idx =  0
**pseudo_label ->  [0.3425, 0.0792, 0.1681, 0.2226, 0.1162, 0.0317, 0.0398] **
max =  0.3425 | max_idx =  0
Epoch 14/37, Train Loss: 2.0212, Valid Loss: 2.0807, Train Acc: 0.2857, Val Acc: 0.0945, Test Acc: 0.3586, Test F1(macro): 0.1394, Total Pseudo-Labels: 0, Correct Pseudo-Labels: 0, Train Data Number: 70



line 303 => train data수 70
line 258 => 인스턴스 수 10
Step 140  Tim 0:12:51
acc_train_cw(현재 train의 class별 acc) [0.0, 0.0, 0.0, 0.0, 0.0, 0.0, 1.0]
cw_psl_total_eval(pseudo label 클래스별 총 샘플 수):  [0, 0, 0, 0, 0, 0, 0]
cw_psl_correct_eval(pseudo label 클래스별 맞은 샘플 수):  [0, 0, 0, 0, 0, 0, 0]
psl_acc(PSL 평가에서의 정확도): None 
cw_psl_acc(클래스별 PSL 평가에서의 정확도):  [nan, nan, nan, nan, nan, nan, nan]
**pseudo_label ->  [0.0695, 0.1626, 0.1225, 0.1194, 0.1464, 0.1759, 0.2037] **
max =  0.2037 | max_idx =  6
**pseudo_label ->  [0.0656, 0.1599, 0.1258, 0.119, 0.1471, 0.178, 0.2047] **
max =  0.2047 | max_idx =  6
**pseudo_label ->  [0.0509, 0.1662, 0.1412, 0.1345, 0.124, 0.1698, 0.2134] **
max =  0.2134 | max_idx =  6
**pseudo_label ->  [0.0749, 0.136, 0.1382, 0.126, 0.1405, 0.1715, 0.2129] **
max =  0.2129 | max_idx =  6
**pseudo_label ->  [0.0581, 0.1199, 0.1467, 0.1126, 0.1396, 0.1806, 0.2427] **
max =  0.2427 | max_idx =  6
Epoch 15/37, Train Loss: 2.0129, Valid Loss: 1.9959, Train Acc: 0.1429, Val Acc: 0.1173, Test Acc: 0.0184, Test F1(macro): 0.0052, Total Pseudo-Labels: 0, Correct Pseudo-Labels: 0, Train Data Number: 70



line 303 => train data수 70
line 258 => 인스턴스 수 10
Step 150  Tim 0:13:43
acc_train_cw(현재 train의 class별 acc) [0.0, 1.0, 0.0, 0.0, 0.0, 0.0, 0.0]
cw_psl_total_eval(pseudo label 클래스별 총 샘플 수):  [0, 0, 0, 0, 0, 0, 0]
cw_psl_correct_eval(pseudo label 클래스별 맞은 샘플 수):  [0, 0, 0, 0, 0, 0, 0]
psl_acc(PSL 평가에서의 정확도): None 
cw_psl_acc(클래스별 PSL 평가에서의 정확도):  [nan, nan, nan, nan, nan, nan, nan]
**pseudo_label ->  [0.1284, 0.1957, 0.1094, 0.1749, 0.1599, 0.1377, 0.0939] **
max =  0.1957 | max_idx =  1
**pseudo_label ->  [0.1243, 0.1759, 0.1036, 0.151, 0.1621, 0.1653, 0.1179] **
max =  0.1759 | max_idx =  1
**pseudo_label ->  [0.1303, 0.1742, 0.1129, 0.1516, 0.1739, 0.1504, 0.1067] **
max =  0.1742 | max_idx =  1
**pseudo_label ->  [0.1194, 0.1825, 0.1073, 0.1444, 0.1632, 0.1807, 0.1025] **
max =  0.1825 | max_idx =  1
**pseudo_label ->  [0.132, 0.1867, 0.1181, 0.1398, 0.1759, 0.1465, 0.1009] **
max =  0.1867 | max_idx =  1
Epoch 16/37, Train Loss: 1.9546, Valid Loss: 1.9307, Train Acc: 0.1429, Val Acc: 0.0065, Test Acc: 0.2787, Test F1(macro): 0.0623, Total Pseudo-Labels: 0, Correct Pseudo-Labels: 0, Train Data Number: 70



line 303 => train data수 70
line 258 => 인스턴스 수 10
Step 160  Tim 0:14:36
acc_train_cw(현재 train의 class별 acc) [1.0, 0.0, 0.0, 0.0, 0.0, 0.0, 0.0]
cw_psl_total_eval(pseudo label 클래스별 총 샘플 수):  [0, 0, 0, 0, 0, 0, 0]
cw_psl_correct_eval(pseudo label 클래스별 맞은 샘플 수):  [0, 0, 0, 0, 0, 0, 0]
psl_acc(PSL 평가에서의 정확도): None 
cw_psl_acc(클래스별 PSL 평가에서의 정확도):  [nan, nan, nan, nan, nan, nan, nan]
**pseudo_label ->  [0.1878, 0.146, 0.1495, 0.1635, 0.1321, 0.1329, 0.0881] **
max =  0.1878 | max_idx =  0
**pseudo_label ->  [0.4305, 0.0661, 0.167, 0.1197, 0.0767, 0.0532, 0.0868] **
max =  0.4305 | max_idx =  0
**pseudo_label ->  [0.1974, 0.1471, 0.1516, 0.1549, 0.1356, 0.1169, 0.0965] **
max =  0.1974 | max_idx =  0
**pseudo_label ->  [0.1807, 0.1357, 0.154, 0.1479, 0.1378, 0.1384, 0.1055] **
max =  0.1807 | max_idx =  0
**pseudo_label ->  [0.2652, 0.1083, 0.1408, 0.1307, 0.144, 0.1102, 0.1009] **
max =  0.2652 | max_idx =  0
Epoch 17/37, Train Loss: 1.9705, Valid Loss: 1.9337, Train Acc: 0.1429, Val Acc: 0.0912, Test Acc: 0.0779, Test F1(macro): 0.0206, Total Pseudo-Labels: 0, Correct Pseudo-Labels: 0, Train Data Number: 70



line 303 => train data수 70
line 258 => 인스턴스 수 10
Step 170  Tim 0:15:28
acc_train_cw(현재 train의 class별 acc) [0.0, 0.0, 1.0, 0.0, 0.0, 0.0, 0.3]
cw_psl_total_eval(pseudo label 클래스별 총 샘플 수):  [0, 0, 0, 0, 0, 0, 0]
cw_psl_correct_eval(pseudo label 클래스별 맞은 샘플 수):  [0, 0, 0, 0, 0, 0, 0]
psl_acc(PSL 평가에서의 정확도): None 
cw_psl_acc(클래스별 PSL 평가에서의 정확도):  [nan, nan, nan, nan, nan, nan, nan]
**pseudo_label ->  [0.1535, 0.1335, 0.1652, 0.1315, 0.1141, 0.1426, 0.1597] **
max =  0.1652 | max_idx =  2
**pseudo_label ->  [0.1431, 0.1343, 0.1519, 0.1525, 0.1233, 0.1422, 0.1528] **
max =  0.1528 | max_idx =  6
**pseudo_label ->  [0.1655, 0.1307, 0.1782, 0.1498, 0.1227, 0.1207, 0.1325] **
max =  0.1782 | max_idx =  2
**pseudo_label ->  [0.1732, 0.145, 0.1605, 0.138, 0.1166, 0.1245, 0.1422] **
max =  0.1732 | max_idx =  0
**pseudo_label ->  [0.1766, 0.1346, 0.1759, 0.1362, 0.1215, 0.1207, 0.1345] **
max =  0.1766 | max_idx =  0
Epoch 18/37, Train Loss: 1.9576, Valid Loss: 1.8674, Train Acc: 0.1857, Val Acc: 0.2313, Test Acc: 0.1168, Test F1(macro): 0.0464, Total Pseudo-Labels: 0, Correct Pseudo-Labels: 0, Train Data Number: 70



line 303 => train data수 70
line 258 => 인스턴스 수 10
Step 180  Tim 0:16:21
acc_train_cw(현재 train의 class별 acc) [0.7, 0.0, 0.0, 1.0, 0.0, 0.0, 0.0]
cw_psl_total_eval(pseudo label 클래스별 총 샘플 수):  [0, 0, 0, 0, 0, 0, 0]
cw_psl_correct_eval(pseudo label 클래스별 맞은 샘플 수):  [0, 0, 0, 0, 0, 0, 0]
psl_acc(PSL 평가에서의 정확도): None 
cw_psl_acc(클래스별 PSL 평가에서의 정확도):  [nan, nan, nan, nan, nan, nan, nan]
***best_acc_model_save --- epoch = 19***
Save model to ./experiment/python_extended_data/output/
**pseudo_label ->  [0.1492, 0.1437, 0.1313, 0.174, 0.1495, 0.1147, 0.1377] **
max =  0.174 | max_idx =  3
**pseudo_label ->  [0.1425, 0.1335, 0.1277, 0.1624, 0.1593, 0.1288, 0.1459] **
max =  0.1624 | max_idx =  3
**pseudo_label ->  [0.1924, 0.1428, 0.1705, 0.1815, 0.1211, 0.1009, 0.0907] **
max =  0.1924 | max_idx =  0
**pseudo_label ->  [0.2043, 0.1523, 0.1519, 0.1606, 0.1342, 0.0853, 0.1115] **
max =  0.2043 | max_idx =  0
**pseudo_label ->  [0.1428, 0.1589, 0.1346, 0.1746, 0.1522, 0.1127, 0.1242] **
max =  0.1746 | max_idx =  3
Epoch 19/37, Train Loss: 1.9882, Valid Loss: 1.9674, Train Acc: 0.2429, Val Acc: 0.4007, Test Acc: 0.1680, Test F1(macro): 0.0722, Total Pseudo-Labels: 0, Correct Pseudo-Labels: 0, Train Data Number: 70



line 303 => train data수 70
line 258 => 인스턴스 수 10
Step 190  Tim 0:17:23
acc_train_cw(현재 train의 class별 acc) [0.0, 0.0, 1.0, 0.0, 0.0, 0.0, 0.0]
cw_psl_total_eval(pseudo label 클래스별 총 샘플 수):  [0, 0, 0, 0, 0, 0, 0]
cw_psl_correct_eval(pseudo label 클래스별 맞은 샘플 수):  [0, 0, 0, 0, 0, 0, 0]
psl_acc(PSL 평가에서의 정확도): None 
cw_psl_acc(클래스별 PSL 평가에서의 정확도):  [nan, nan, nan, nan, nan, nan, nan]
**pseudo_label ->  [0.235, 0.1377, 0.2293, 0.1045, 0.1121, 0.0699, 0.1115] **
max =  0.235 | max_idx =  0
**pseudo_label ->  [0.1994, 0.1511, 0.1732, 0.1194, 0.1293, 0.1082, 0.1194] **
max =  0.1994 | max_idx =  0
**pseudo_label ->  [0.1909, 0.1432, 0.1903, 0.123, 0.1288, 0.1016, 0.1224] **
max =  0.1909 | max_idx =  0
**pseudo_label ->  [0.1727, 0.1579, 0.2073, 0.1219, 0.1124, 0.112, 0.1158] **
max =  0.2073 | max_idx =  2
**pseudo_label ->  [0.1932, 0.1485, 0.1863, 0.1036, 0.1371, 0.1112, 0.1201] **
max =  0.1932 | max_idx =  0
Epoch 20/37, Train Loss: 1.9576, Valid Loss: 1.9819, Train Acc: 0.1429, Val Acc: 0.2280, Test Acc: 0.1230, Test F1(macro): 0.0313, Total Pseudo-Labels: 0, Correct Pseudo-Labels: 0, Train Data Number: 70



line 303 => train data수 70
line 258 => 인스턴스 수 10
Step 200  Tim 0:18:16
acc_train_cw(현재 train의 class별 acc) [0.0, 0.0, 0.0, 0.0, 1.0, 0.0, 0.0]
cw_psl_total_eval(pseudo label 클래스별 총 샘플 수):  [0, 0, 0, 0, 0, 0, 0]
cw_psl_correct_eval(pseudo label 클래스별 맞은 샘플 수):  [0, 0, 0, 0, 0, 0, 0]
psl_acc(PSL 평가에서의 정확도): None 
cw_psl_acc(클래스별 PSL 평가에서의 정확도):  [nan, nan, nan, nan, nan, nan, nan]
**pseudo_label ->  [0.1062, 0.1298, 0.1028, 0.1323, 0.183, 0.1875, 0.1584] **
max =  0.1875 | max_idx =  5
**pseudo_label ->  [0.1223, 0.1259, 0.121, 0.1447, 0.1503, 0.1758, 0.16] **
max =  0.1758 | max_idx =  5
**pseudo_label ->  [0.1142, 0.1203, 0.1092, 0.1321, 0.181, 0.1755, 0.1677] **
max =  0.181 | max_idx =  4
**pseudo_label ->  [0.1113, 0.1481, 0.1283, 0.1473, 0.168, 0.1543, 0.1427] **
max =  0.168 | max_idx =  4
**pseudo_label ->  [0.1211, 0.1257, 0.1216, 0.1467, 0.1581, 0.1671, 0.1597] **
max =  0.1671 | max_idx =  5
Epoch 21/37, Train Loss: 1.9927, Valid Loss: 2.0140, Train Acc: 0.1429, Val Acc: 0.1433, Test Acc: 0.0430, Test F1(macro): 0.0118, Total Pseudo-Labels: 0, Correct Pseudo-Labels: 0, Train Data Number: 70



line 303 => train data수 70
line 258 => 인스턴스 수 10
Step 210  Tim 0:19:10
acc_train_cw(현재 train의 class별 acc) [0.0, 0.0, 0.0, 0.0, 0.0, 1.0, 0.0]
cw_psl_total_eval(pseudo label 클래스별 총 샘플 수):  [0, 0, 0, 0, 0, 0, 0]
cw_psl_correct_eval(pseudo label 클래스별 맞은 샘플 수):  [0, 0, 0, 0, 0, 0, 0]
psl_acc(PSL 평가에서의 정확도): None 
cw_psl_acc(클래스별 PSL 평가에서의 정확도):  [nan, nan, nan, nan, nan, nan, nan]
**pseudo_label ->  [0.1453, 0.1408, 0.1362, 0.1299, 0.1495, 0.1618, 0.1365] **
max =  0.1618 | max_idx =  5
**pseudo_label ->  [0.1421, 0.1391, 0.1404, 0.1198, 0.1413, 0.1757, 0.1415] **
max =  0.1757 | max_idx =  5
**pseudo_label ->  [0.1331, 0.14, 0.1425, 0.113, 0.1531, 0.1659, 0.1524] **
max =  0.1659 | max_idx =  5
**pseudo_label ->  [0.144, 0.1543, 0.1381, 0.118, 0.1423, 0.1705, 0.1328] **
max =  0.1705 | max_idx =  5
**pseudo_label ->  [0.1371, 0.1517, 0.1482, 0.1316, 0.1522, 0.1482, 0.131] **
max =  0.1522 | max_idx =  4
Epoch 22/37, Train Loss: 1.9910, Valid Loss: 1.9922, Train Acc: 0.1429, Val Acc: 0.0261, Test Acc: 0.2971, Test F1(macro): 0.0654, Total Pseudo-Labels: 0, Correct Pseudo-Labels: 0, Train Data Number: 70



line 303 => train data수 70
line 258 => 인스턴스 수 10
Step 220  Tim 0:20:02
acc_train_cw(현재 train의 class별 acc) [0.0, 0.0, 0.0, 0.0, 0.0, 1.0, 0.0]
cw_psl_total_eval(pseudo label 클래스별 총 샘플 수):  [0, 0, 0, 0, 0, 0, 0]
cw_psl_correct_eval(pseudo label 클래스별 맞은 샘플 수):  [0, 0, 0, 0, 0, 0, 0]
psl_acc(PSL 평가에서의 정확도): None 
cw_psl_acc(클래스별 PSL 평가에서의 정확도):  [nan, nan, nan, nan, nan, nan, nan]
**pseudo_label ->  [0.1216, 0.1331, 0.1176, 0.1364, 0.1409, 0.1783, 0.1721] **
max =  0.1783 | max_idx =  5
**pseudo_label ->  [0.1342, 0.1321, 0.1198, 0.134, 0.1289, 0.1759, 0.1751] **
max =  0.1759 | max_idx =  5
**pseudo_label ->  [0.131, 0.143, 0.1297, 0.1439, 0.1382, 0.1545, 0.1596] **
max =  0.1596 | max_idx =  6
**pseudo_label ->  [0.1276, 0.1418, 0.1112, 0.1358, 0.1343, 0.179, 0.1701] **
max =  0.179 | max_idx =  5
**pseudo_label ->  [0.1446, 0.1188, 0.1251, 0.1382, 0.1281, 0.167, 0.1782] **
max =  0.1782 | max_idx =  6
Epoch 23/37, Train Loss: 1.9527, Valid Loss: 1.9206, Train Acc: 0.1429, Val Acc: 0.0261, Test Acc: 0.2971, Test F1(macro): 0.0654, Total Pseudo-Labels: 0, Correct Pseudo-Labels: 0, Train Data Number: 70



line 303 => train data수 70
line 258 => 인스턴스 수 10
Step 230  Tim 0:20:55
acc_train_cw(현재 train의 class별 acc) [0.0, 0.0, 0.0, 1.0, 0.0, 0.0, 0.0]
cw_psl_total_eval(pseudo label 클래스별 총 샘플 수):  [0, 0, 0, 0, 0, 0, 0]
cw_psl_correct_eval(pseudo label 클래스별 맞은 샘플 수):  [0, 0, 0, 0, 0, 0, 0]
psl_acc(PSL 평가에서의 정확도): None 
cw_psl_acc(클래스별 PSL 평가에서의 정확도):  [nan, nan, nan, nan, nan, nan, nan]
**pseudo_label ->  [0.1274, 0.1535, 0.1309, 0.1829, 0.1072, 0.1503, 0.1477] **
max =  0.1829 | max_idx =  3
**pseudo_label ->  [0.1429, 0.1659, 0.1516, 0.2016, 0.1188, 0.1115, 0.1077] **
max =  0.2016 | max_idx =  3
**pseudo_label ->  [0.1272, 0.1789, 0.1244, 0.1773, 0.1182, 0.1193, 0.1547] **
max =  0.1789 | max_idx =  1
**pseudo_label ->  [0.1278, 0.1698, 0.1359, 0.1833, 0.118, 0.1393, 0.1259] **
max =  0.1833 | max_idx =  3
**pseudo_label ->  [0.1038, 0.1905, 0.1279, 0.2029, 0.1026, 0.1533, 0.1189] **
max =  0.2029 | max_idx =  3
Epoch 24/37, Train Loss: 1.9690, Valid Loss: 1.9100, Train Acc: 0.1429, Val Acc: 0.3876, Test Acc: 0.1619, Test F1(macro): 0.0398, Total Pseudo-Labels: 0, Correct Pseudo-Labels: 0, Train Data Number: 70



line 303 => train data수 70
line 258 => 인스턴스 수 10
Step 240  Tim 0:21:48
acc_train_cw(현재 train의 class별 acc) [0.0, 0.0, 0.0, 1.0, 0.0, 0.0, 0.0]
cw_psl_total_eval(pseudo label 클래스별 총 샘플 수):  [0, 0, 0, 0, 0, 0, 0]
cw_psl_correct_eval(pseudo label 클래스별 맞은 샘플 수):  [0, 0, 0, 0, 0, 0, 0]
psl_acc(PSL 평가에서의 정확도): None 
cw_psl_acc(클래스별 PSL 평가에서의 정확도):  [nan, nan, nan, nan, nan, nan, nan]
**pseudo_label ->  [0.1584, 0.1523, 0.1634, 0.1525, 0.1278, 0.1289, 0.1167] **
max =  0.1634 | max_idx =  2
**pseudo_label ->  [0.1538, 0.1335, 0.1519, 0.1444, 0.1508, 0.1301, 0.1355] **
max =  0.1538 | max_idx =  0
**pseudo_label ->  [0.1448, 0.136, 0.1542, 0.1663, 0.1426, 0.1283, 0.1277] **
max =  0.1663 | max_idx =  3
**pseudo_label ->  [0.1476, 0.1449, 0.1461, 0.1507, 0.133, 0.1447, 0.1329] **
max =  0.1507 | max_idx =  3
**pseudo_label ->  [0.1491, 0.1431, 0.1559, 0.1597, 0.1457, 0.1317, 0.1147] **
max =  0.1597 | max_idx =  3
Epoch 25/37, Train Loss: 1.9765, Valid Loss: 2.0278, Train Acc: 0.1429, Val Acc: 0.3876, Test Acc: 0.1619, Test F1(macro): 0.0398, Total Pseudo-Labels: 0, Correct Pseudo-Labels: 0, Train Data Number: 70



line 303 => train data수 70
line 258 => 인스턴스 수 10
Step 250  Tim 0:22:40
acc_train_cw(현재 train의 class별 acc) [0.0, 0.0, 0.0, 0.0, 1.0, 0.0, 0.0]
cw_psl_total_eval(pseudo label 클래스별 총 샘플 수):  [0, 0, 0, 0, 0, 0, 0]
cw_psl_correct_eval(pseudo label 클래스별 맞은 샘플 수):  [0, 0, 0, 0, 0, 0, 0]
psl_acc(PSL 평가에서의 정확도): None 
cw_psl_acc(클래스별 PSL 평가에서의 정확도):  [nan, nan, nan, nan, nan, nan, nan]
**pseudo_label ->  [0.1582, 0.1326, 0.1216, 0.113, 0.1651, 0.1456, 0.1639] **
max =  0.1651 | max_idx =  4
**pseudo_label ->  [0.1401, 0.1497, 0.1304, 0.1337, 0.1498, 0.1478, 0.1485] **
max =  0.1498 | max_idx =  4
**pseudo_label ->  [0.1501, 0.1836, 0.1262, 0.1116, 0.1554, 0.1391, 0.134] **
max =  0.1836 | max_idx =  1
**pseudo_label ->  [0.1488, 0.1468, 0.1102, 0.0999, 0.1615, 0.1589, 0.174] **
max =  0.174 | max_idx =  6
**pseudo_label ->  [0.1469, 0.1523, 0.139, 0.1195, 0.1723, 0.1332, 0.1368] **
max =  0.1723 | max_idx =  4
Epoch 26/37, Train Loss: 1.9859, Valid Loss: 1.9065, Train Acc: 0.1429, Val Acc: 0.1433, Test Acc: 0.0430, Test F1(macro): 0.0118, Total Pseudo-Labels: 0, Correct Pseudo-Labels: 0, Train Data Number: 70



line 303 => train data수 70
line 258 => 인스턴스 수 10
Step 260  Tim 0:23:33
acc_train_cw(현재 train의 class별 acc) [0.0, 0.0, 1.0, 0.0, 0.0, 0.0, 0.0]
cw_psl_total_eval(pseudo label 클래스별 총 샘플 수):  [0, 0, 0, 0, 0, 0, 0]
cw_psl_correct_eval(pseudo label 클래스별 맞은 샘플 수):  [0, 0, 0, 0, 0, 0, 0]
psl_acc(PSL 평가에서의 정확도): None 
cw_psl_acc(클래스별 PSL 평가에서의 정확도):  [nan, nan, nan, nan, nan, nan, nan]
**pseudo_label ->  [0.1654, 0.1478, 0.1653, 0.1276, 0.1248, 0.1347, 0.1343] **
max =  0.1654 | max_idx =  0
**pseudo_label ->  [0.1388, 0.139, 0.1779, 0.1578, 0.1277, 0.1343, 0.1246] **
max =  0.1779 | max_idx =  2
**pseudo_label ->  [0.1691, 0.1355, 0.1549, 0.1532, 0.1231, 0.1258, 0.1383] **
max =  0.1691 | max_idx =  0
**pseudo_label ->  [0.1245, 0.1543, 0.1583, 0.1551, 0.1318, 0.1448, 0.1311] **
max =  0.1583 | max_idx =  2
**pseudo_label ->  [0.1783, 0.1477, 0.1612, 0.1272, 0.1378, 0.1067, 0.1411] **
max =  0.1783 | max_idx =  0
Epoch 27/37, Train Loss: 1.9919, Valid Loss: 1.9244, Train Acc: 0.1429, Val Acc: 0.2280, Test Acc: 0.1230, Test F1(macro): 0.0313, Total Pseudo-Labels: 0, Correct Pseudo-Labels: 0, Train Data Number: 70



line 303 => train data수 70
line 258 => 인스턴스 수 10
Step 270  Tim 0:24:25
acc_train_cw(현재 train의 class별 acc) [0.0, 0.0, 0.0, 1.0, 0.0, 0.0, 0.0]
cw_psl_total_eval(pseudo label 클래스별 총 샘플 수):  [0, 0, 0, 0, 0, 0, 0]
cw_psl_correct_eval(pseudo label 클래스별 맞은 샘플 수):  [0, 0, 0, 0, 0, 0, 0]
psl_acc(PSL 평가에서의 정확도): None 
cw_psl_acc(클래스별 PSL 평가에서의 정확도):  [nan, nan, nan, nan, nan, nan, nan]
**pseudo_label ->  [0.1091, 0.1281, 0.153, 0.1681, 0.1211, 0.1781, 0.1424] **
max =  0.1781 | max_idx =  5
**pseudo_label ->  [0.1285, 0.1385, 0.1153, 0.1708, 0.1099, 0.16, 0.177] **
max =  0.177 | max_idx =  6
**pseudo_label ->  [0.1199, 0.1329, 0.1292, 0.2051, 0.1108, 0.1573, 0.1448] **
max =  0.2051 | max_idx =  3
**pseudo_label ->  [0.1103, 0.1344, 0.1479, 0.1792, 0.1167, 0.1622, 0.1494] **
max =  0.1792 | max_idx =  3
**pseudo_label ->  [0.1224, 0.1195, 0.1405, 0.1699, 0.1454, 0.1371, 0.1653] **
max =  0.1699 | max_idx =  3
Epoch 28/37, Train Loss: 1.9893, Valid Loss: 2.0138, Train Acc: 0.1429, Val Acc: 0.3876, Test Acc: 0.1619, Test F1(macro): 0.0398, Total Pseudo-Labels: 0, Correct Pseudo-Labels: 0, Train Data Number: 70



line 303 => train data수 70
line 258 => 인스턴스 수 10
Step 280  Tim 0:25:17
acc_train_cw(현재 train의 class별 acc) [0.0, 0.0, 0.0, 0.0, 1.0, 0.0, 0.0]
cw_psl_total_eval(pseudo label 클래스별 총 샘플 수):  [0, 0, 0, 0, 0, 0, 0]
cw_psl_correct_eval(pseudo label 클래스별 맞은 샘플 수):  [0, 0, 0, 0, 0, 0, 0]
psl_acc(PSL 평가에서의 정확도): None 
cw_psl_acc(클래스별 PSL 평가에서의 정확도):  [nan, nan, nan, nan, nan, nan, nan]
**pseudo_label ->  [0.1576, 0.1544, 0.1167, 0.1316, 0.1722, 0.1337, 0.1339] **
max =  0.1722 | max_idx =  4
**pseudo_label ->  [0.1415, 0.1596, 0.1089, 0.1367, 0.1563, 0.1535, 0.1434] **
max =  0.1596 | max_idx =  1
**pseudo_label ->  [0.1496, 0.1491, 0.1226, 0.1352, 0.1596, 0.1506, 0.1333] **
max =  0.1596 | max_idx =  4
**pseudo_label ->  [0.168, 0.1483, 0.1242, 0.1231, 0.1623, 0.149, 0.125] **
max =  0.168 | max_idx =  0
**pseudo_label ->  [0.1628, 0.1584, 0.1037, 0.1486, 0.1619, 0.141, 0.1235] **
max =  0.1628 | max_idx =  0
Epoch 29/37, Train Loss: 1.9825, Valid Loss: 1.9165, Train Acc: 0.1429, Val Acc: 0.1433, Test Acc: 0.0430, Test F1(macro): 0.0118, Total Pseudo-Labels: 0, Correct Pseudo-Labels: 0, Train Data Number: 70



line 303 => train data수 70
line 258 => 인스턴스 수 10
Step 290  Tim 0:26:09
acc_train_cw(현재 train의 class별 acc) [0.0, 0.0, 1.0, 0.0, 0.0, 0.0, 0.0]
cw_psl_total_eval(pseudo label 클래스별 총 샘플 수):  [0, 0, 0, 0, 0, 0, 0]
cw_psl_correct_eval(pseudo label 클래스별 맞은 샘플 수):  [0, 0, 0, 0, 0, 0, 0]
psl_acc(PSL 평가에서의 정확도): None 
cw_psl_acc(클래스별 PSL 평가에서의 정확도):  [nan, nan, nan, nan, nan, nan, nan]
**pseudo_label ->  [0.1519, 0.1346, 0.1855, 0.1623, 0.1295, 0.135, 0.1014] **
max =  0.1855 | max_idx =  2
**pseudo_label ->  [0.1322, 0.1457, 0.1898, 0.1521, 0.1285, 0.1242, 0.1276] **
max =  0.1898 | max_idx =  2
**pseudo_label ->  [0.1497, 0.1195, 0.2039, 0.1496, 0.1156, 0.1455, 0.1163] **
max =  0.2039 | max_idx =  2
**pseudo_label ->  [0.1659, 0.1402, 0.1821, 0.1222, 0.1417, 0.1363, 0.1115] **
max =  0.1821 | max_idx =  2
**pseudo_label ->  [0.1437, 0.1437, 0.1836, 0.14, 0.1481, 0.1376, 0.1033] **
max =  0.1836 | max_idx =  2
Epoch 30/37, Train Loss: 1.9856, Valid Loss: 1.9592, Train Acc: 0.1429, Val Acc: 0.2280, Test Acc: 0.1230, Test F1(macro): 0.0313, Total Pseudo-Labels: 0, Correct Pseudo-Labels: 0, Train Data Number: 70



line 303 => train data수 70
line 258 => 인스턴스 수 10
Step 300  Tim 0:27:01
acc_train_cw(현재 train의 class별 acc) [0.0, 0.0, 0.0, 0.0, 0.0, 1.0, 0.0]
cw_psl_total_eval(pseudo label 클래스별 총 샘플 수):  [0, 0, 0, 0, 0, 0, 0]
cw_psl_correct_eval(pseudo label 클래스별 맞은 샘플 수):  [0, 0, 0, 0, 0, 0, 0]
psl_acc(PSL 평가에서의 정확도): None 
cw_psl_acc(클래스별 PSL 평가에서의 정확도):  [nan, nan, nan, nan, nan, nan, nan]
**pseudo_label ->  [0.1385, 0.1335, 0.1504, 0.1265, 0.1389, 0.1587, 0.1535] **
max =  0.1587 | max_idx =  5
**pseudo_label ->  [0.1283, 0.1327, 0.1736, 0.1484, 0.1191, 0.1704, 0.1274] **
max =  0.1736 | max_idx =  2
**pseudo_label ->  [0.1481, 0.1363, 0.1419, 0.1364, 0.13, 0.1509, 0.1564] **
max =  0.1564 | max_idx =  6
**pseudo_label ->  [0.1612, 0.1387, 0.1556, 0.1473, 0.1499, 0.1179, 0.1294] **
max =  0.1612 | max_idx =  0
**pseudo_label ->  [0.143, 0.1478, 0.1563, 0.1391, 0.1261, 0.1595, 0.1282] **
max =  0.1595 | max_idx =  5
Epoch 31/37, Train Loss: 1.9810, Valid Loss: 1.9685, Train Acc: 0.1429, Val Acc: 0.0261, Test Acc: 0.2971, Test F1(macro): 0.0654, Total Pseudo-Labels: 0, Correct Pseudo-Labels: 0, Train Data Number: 70



line 303 => train data수 70
line 258 => 인스턴스 수 10
Step 310  Tim 0:27:53
acc_train_cw(현재 train의 class별 acc) [0.0, 0.0, 0.0, 0.0, 0.0, 0.0, 1.0]
cw_psl_total_eval(pseudo label 클래스별 총 샘플 수):  [0, 0, 0, 0, 0, 0, 0]
cw_psl_correct_eval(pseudo label 클래스별 맞은 샘플 수):  [0, 0, 0, 0, 0, 0, 0]
psl_acc(PSL 평가에서의 정확도): None 
cw_psl_acc(클래스별 PSL 평가에서의 정확도):  [nan, nan, nan, nan, nan, nan, nan]
**pseudo_label ->  [0.1167, 0.1529, 0.135, 0.1491, 0.1538, 0.1562, 0.1363] **
max =  0.1562 | max_idx =  5
**pseudo_label ->  [0.104, 0.1541, 0.1251, 0.1326, 0.1641, 0.1565, 0.1637] **
max =  0.1641 | max_idx =  4
**pseudo_label ->  [0.1172, 0.1414, 0.1315, 0.1457, 0.1588, 0.1498, 0.1556] **
max =  0.1588 | max_idx =  4
**pseudo_label ->  [0.0994, 0.1226, 0.0976, 0.1123, 0.3288, 0.1173, 0.1222] **
max =  0.3288 | max_idx =  4
**pseudo_label ->  [0.1032, 0.1416, 0.1415, 0.1578, 0.1444, 0.1543, 0.1573] **
max =  0.1578 | max_idx =  3
Epoch 32/37, Train Loss: 1.9677, Valid Loss: 1.9572, Train Acc: 0.1429, Val Acc: 0.1173, Test Acc: 0.0184, Test F1(macro): 0.0052, Total Pseudo-Labels: 0, Correct Pseudo-Labels: 0, Train Data Number: 70



line 303 => train data수 70
line 258 => 인스턴스 수 10
Step 320  Tim 0:28:45
acc_train_cw(현재 train의 class별 acc) [0.0, 0.0, 0.0, 0.0, 0.0, 0.0, 1.0]
cw_psl_total_eval(pseudo label 클래스별 총 샘플 수):  [0, 0, 0, 0, 0, 0, 0]
cw_psl_correct_eval(pseudo label 클래스별 맞은 샘플 수):  [0, 0, 0, 0, 0, 0, 0]
psl_acc(PSL 평가에서의 정확도): None 
cw_psl_acc(클래스별 PSL 평가에서의 정확도):  [nan, nan, nan, nan, nan, nan, nan]
**pseudo_label ->  [0.1305, 0.1715, 0.1407, 0.1305, 0.1365, 0.1257, 0.1647] **
max =  0.1715 | max_idx =  1
**pseudo_label ->  [0.1346, 0.1691, 0.1391, 0.1359, 0.1507, 0.1135, 0.157] **
max =  0.1691 | max_idx =  1
**pseudo_label ->  [0.1355, 0.1653, 0.1328, 0.1426, 0.1648, 0.1038, 0.1551] **
max =  0.1653 | max_idx =  1
**pseudo_label ->  [0.1339, 0.1536, 0.1153, 0.1324, 0.1447, 0.1385, 0.1814] **
max =  0.1814 | max_idx =  6
**pseudo_label ->  [0.1262, 0.1683, 0.138, 0.1326, 0.1431, 0.1265, 0.1654] **
max =  0.1683 | max_idx =  1
Epoch 33/37, Train Loss: 1.9736, Valid Loss: 1.9026, Train Acc: 0.1429, Val Acc: 0.1173, Test Acc: 0.0184, Test F1(macro): 0.0052, Total Pseudo-Labels: 0, Correct Pseudo-Labels: 0, Train Data Number: 70



line 303 => train data수 70
line 258 => 인스턴스 수 10
Step 330  Tim 0:29:38
acc_train_cw(현재 train의 class별 acc) [0.0, 0.0, 0.0, 1.0, 0.0, 0.0, 0.0]
cw_psl_total_eval(pseudo label 클래스별 총 샘플 수):  [0, 0, 0, 0, 0, 0, 0]
cw_psl_correct_eval(pseudo label 클래스별 맞은 샘플 수):  [0, 0, 0, 0, 0, 0, 0]
psl_acc(PSL 평가에서의 정확도): None 
cw_psl_acc(클래스별 PSL 평가에서의 정확도):  [nan, nan, nan, nan, nan, nan, nan]
**pseudo_label ->  [0.144, 0.1352, 0.1604, 0.1763, 0.1408, 0.1255, 0.1179] **
max =  0.1763 | max_idx =  3
**pseudo_label ->  [0.1305, 0.1645, 0.1752, 0.1781, 0.1014, 0.1258, 0.1245] **
max =  0.1781 | max_idx =  3
**pseudo_label ->  [0.1273, 0.1411, 0.1648, 0.1764, 0.1321, 0.1452, 0.1131] **
max =  0.1764 | max_idx =  3
**pseudo_label ->  [0.1282, 0.1404, 0.1617, 0.1863, 0.109, 0.1539, 0.1205] **
max =  0.1863 | max_idx =  3
**pseudo_label ->  [0.1234, 0.1518, 0.1628, 0.1608, 0.133, 0.1456, 0.1226] **
max =  0.1628 | max_idx =  2
Epoch 34/37, Train Loss: 1.9553, Valid Loss: 1.9263, Train Acc: 0.1429, Val Acc: 0.3876, Test Acc: 0.1619, Test F1(macro): 0.0398, Total Pseudo-Labels: 0, Correct Pseudo-Labels: 0, Train Data Number: 70



line 303 => train data수 70
line 258 => 인스턴스 수 10
Step 340  Tim 0:30:30
acc_train_cw(현재 train의 class별 acc) [0.0, 0.0, 0.0, 0.0, 1.0, 0.0, 0.0]
cw_psl_total_eval(pseudo label 클래스별 총 샘플 수):  [0, 0, 0, 0, 0, 0, 0]
cw_psl_correct_eval(pseudo label 클래스별 맞은 샘플 수):  [0, 0, 0, 0, 0, 0, 0]
psl_acc(PSL 평가에서의 정확도): None 
cw_psl_acc(클래스별 PSL 평가에서의 정확도):  [nan, nan, nan, nan, nan, nan, nan]
**pseudo_label ->  [0.1341, 0.127, 0.1518, 0.1436, 0.1752, 0.1348, 0.1336] **
max =  0.1752 | max_idx =  4
**pseudo_label ->  [0.1435, 0.1206, 0.1472, 0.1376, 0.176, 0.1426, 0.1325] **
max =  0.176 | max_idx =  4
**pseudo_label ->  [0.156, 0.13, 0.1417, 0.1435, 0.1517, 0.1382, 0.1388] **
max =  0.156 | max_idx =  0
**pseudo_label ->  [0.1542, 0.1243, 0.154, 0.1319, 0.151, 0.1452, 0.1393] **
max =  0.1542 | max_idx =  0
**pseudo_label ->  [0.1383, 0.1327, 0.1494, 0.1333, 0.1557, 0.1495, 0.1411] **
max =  0.1557 | max_idx =  4
Epoch 35/37, Train Loss: 1.9879, Valid Loss: 1.9824, Train Acc: 0.1429, Val Acc: 0.1433, Test Acc: 0.0430, Test F1(macro): 0.0118, Total Pseudo-Labels: 0, Correct Pseudo-Labels: 0, Train Data Number: 70



line 303 => train data수 70
line 258 => 인스턴스 수 10
Step 350  Tim 0:31:22
acc_train_cw(현재 train의 class별 acc) [0.0, 0.0, 0.0, 0.0, 1.0, 0.0, 0.0]
cw_psl_total_eval(pseudo label 클래스별 총 샘플 수):  [0, 0, 0, 0, 0, 0, 0]
cw_psl_correct_eval(pseudo label 클래스별 맞은 샘플 수):  [0, 0, 0, 0, 0, 0, 0]
psl_acc(PSL 평가에서의 정확도): None 
cw_psl_acc(클래스별 PSL 평가에서의 정확도):  [nan, nan, nan, nan, nan, nan, nan]
**pseudo_label ->  [0.1575, 0.1354, 0.1371, 0.1211, 0.1686, 0.1459, 0.1344] **
max =  0.1686 | max_idx =  4
**pseudo_label ->  [0.148, 0.1395, 0.1355, 0.124, 0.1494, 0.1722, 0.1313] **
max =  0.1722 | max_idx =  5
**pseudo_label ->  [0.1568, 0.1212, 0.1294, 0.1368, 0.1547, 0.1666, 0.1346] **
max =  0.1666 | max_idx =  5
**pseudo_label ->  [0.1588, 0.1325, 0.1189, 0.1302, 0.1845, 0.1507, 0.1244] **
max =  0.1845 | max_idx =  4
**pseudo_label ->  [0.1617, 0.1323, 0.1299, 0.1379, 0.1612, 0.1475, 0.1294] **
max =  0.1617 | max_idx =  0
Epoch 36/37, Train Loss: 1.9843, Valid Loss: 1.9410, Train Acc: 0.1429, Val Acc: 0.1433, Test Acc: 0.0430, Test F1(macro): 0.0118, Total Pseudo-Labels: 0, Correct Pseudo-Labels: 0, Train Data Number: 70



line 303 => train data수 70
line 258 => 인스턴스 수 10
Step 360  Tim 0:32:14
acc_train_cw(현재 train의 class별 acc) [0.0, 0.0, 1.0, 0.0, 0.0, 0.0, 0.0]
cw_psl_total_eval(pseudo label 클래스별 총 샘플 수):  [0, 0, 0, 0, 0, 0, 0]
cw_psl_correct_eval(pseudo label 클래스별 맞은 샘플 수):  [0, 0, 0, 0, 0, 0, 0]
psl_acc(PSL 평가에서의 정확도): None 
cw_psl_acc(클래스별 PSL 평가에서의 정확도):  [nan, nan, nan, nan, nan, nan, nan]
**pseudo_label ->  [0.1225, 0.1482, 0.1605, 0.131, 0.136, 0.1608, 0.141] **
max =  0.1608 | max_idx =  5
**pseudo_label ->  [0.1284, 0.1231, 0.1767, 0.1394, 0.113, 0.175, 0.1444] **
max =  0.1767 | max_idx =  2
**pseudo_label ->  [0.1239, 0.1422, 0.1707, 0.138, 0.1379, 0.1559, 0.1313] **
max =  0.1707 | max_idx =  2
**pseudo_label ->  [0.1235, 0.1393, 0.1688, 0.1244, 0.1339, 0.1707, 0.1394] **
max =  0.1707 | max_idx =  5
**pseudo_label ->  [0.1292, 0.1359, 0.159, 0.1341, 0.1666, 0.1452, 0.13] **
max =  0.1666 | max_idx =  4
Epoch 37/37, Train Loss: 1.9726, Valid Loss: 1.9421, Train Acc: 0.1429, Val Acc: 0.2280, Test Acc: 0.1230, Test F1(macro): 0.0313, Total Pseudo-Labels: 0, Correct Pseudo-Labels: 0, Train Data Number: 70

Training complete!
Total training took 0:32:58 (h:mm:ss)
Load model from ./experiment/python_extended_data/output/10_unixcoder-base_0.0002_0.7_python_extended_data_37_[45]_net0.pth
Save training statistics in:  ./experiment/python_extended_data/log/unixcoder/class7//10_unixcoder-base_0.0002_0.7_python_extended_data_37_[45]/training_statistics.csv

best_trian_loss, epoch => 1.815730631351471 12
Epoch-1_train_loss => 2.2676309943199158
max_epoch_train_loss => 1.9725510120391845 


best_val_loss, epoch =>  1.846986720538683 11
Epoch-1_val_loss => 1.9254503354964116
max_epoch_val_loss => 1.9421196469266562 

pse_epoch =>  [13, 37]
추가되는 pse_epoch =>  [] 

total_data:  70 

Best_step:  180 
Best_val_epoch:  19 
best_val_acc:  0.4006514657980456 
best_val_test_acc:  0.1680327868852459 
best_val_test_f1:  0.07215092554261045
Save best record in:  ./experiment/python_extended_data/log/unixcoder/class7/summary.csv
Save best record in:  ./experiment/python_extended_data/log/summary_avgrun.csv
