current work directory:  /home/imsuhan22/few-shot-tc/custom_ssl/code
Data set -> python_extended_data
save_name: 5_unixcoder-base_0.0004_0.7_python_extended_data

data_path:  ../data/problem_based_split/python_extended_data

There are 2 GPU(s) available.
We will use the GPU- 0 Quadro RTX 8000

**line 147 모델 =>  microsoft/unixcoder-base
**tokenizer type =  microsoft/unixcoder-base 

pesudo label class개수 기준 -> 7
n_labeled_per_class:  5
train_df samples: 3974
train_labeled_df samples: 35
train_unlabeled_df samples: 3939
n_classes:  7 


net_arch:  microsoft/unixcoder-base 
lr:  0.0004 
lr_linear:  0.001 




line 303 => train data수 35
line 258 => 인스턴스 수 5
Step 0  Tim 0:00:08
acc_train_cw(현재 train의 class별 acc) [0.0, 0.0, 0.0, 0.2, 0.0, 0.4, 0.2]
cw_psl_total_eval(pseudo label 클래스별 총 샘플 수):  [0, 0, 0, 0, 0, 0, 0]
cw_psl_correct_eval(pseudo label 클래스별 맞은 샘플 수):  [0, 0, 0, 0, 0, 0, 0]
psl_acc(PSL 평가에서의 정확도): None 
cw_psl_acc(클래스별 PSL 평가에서의 정확도):  [nan, nan, nan, nan, nan, nan, nan]
***best_acc_model_save --- epoch = 1***
Save model to ./experiment/python_extended_data/output/
**pseudo_label ->  [0.1663, 0.1343, 0.0949, 0.1626, 0.1006, 0.18, 0.1613] **
max =  0.18 | max_idx =  5
**pseudo_label ->  [0.1945, 0.2041, 0.0915, 0.1188, 0.1092, 0.1325, 0.1493] **
max =  0.2041 | max_idx =  1
**pseudo_label ->  [0.2083, 0.126, 0.1093, 0.1446, 0.135, 0.154, 0.1228] **
max =  0.2083 | max_idx =  0
**pseudo_label ->  [0.1323, 0.1156, 0.1368, 0.1508, 0.1308, 0.1569, 0.1769] **
max =  0.1769 | max_idx =  6
**pseudo_label ->  [0.1173, 0.1094, 0.1308, 0.2454, 0.1547, 0.1271, 0.1153] **
max =  0.2454 | max_idx =  3
Epoch 1/37, Train Loss: 2.4216, Valid Loss: 2.0504, Train Acc: 0.1143, Val Acc: 0.1368, Test Acc: 0.3381, Test F1(macro): 0.1938, Test F1(micro) : 0.1143,Total Pseudo-Labels: 0, Correct Pseudo-Labels: 0, Train Data Number: 35



line 303 => train data수 35
line 258 => 인스턴스 수 5
Step 5  Tim 0:01:03
acc_train_cw(현재 train의 class별 acc) [1.0, 0.0, 0.0, 0.0, 0.0, 0.0, 0.0]
cw_psl_total_eval(pseudo label 클래스별 총 샘플 수):  [0, 0, 0, 0, 0, 0, 0]
cw_psl_correct_eval(pseudo label 클래스별 맞은 샘플 수):  [0, 0, 0, 0, 0, 0, 0]
psl_acc(PSL 평가에서의 정확도): None 
cw_psl_acc(클래스별 PSL 평가에서의 정확도):  [nan, nan, nan, nan, nan, nan, nan]
**pseudo_label ->  [0.0867, 0.1763, 0.0935, 0.2079, 0.1487, 0.164, 0.1229] **
max =  0.2079 | max_idx =  3
**pseudo_label ->  [0.1793, 0.1958, 0.0822, 0.1685, 0.1357, 0.1206, 0.1178] **
max =  0.1958 | max_idx =  1
**pseudo_label ->  [0.1573, 0.1994, 0.0939, 0.1534, 0.1104, 0.1603, 0.1254] **
max =  0.1994 | max_idx =  1
**pseudo_label ->  [0.1851, 0.2123, 0.0983, 0.1523, 0.1347, 0.1208, 0.0964] **
max =  0.2123 | max_idx =  1
**pseudo_label ->  [0.1732, 0.2003, 0.0753, 0.1581, 0.1126, 0.1512, 0.1293] **
max =  0.2003 | max_idx =  1
Epoch 2/37, Train Loss: 2.1502, Valid Loss: 2.0298, Train Acc: 0.1429, Val Acc: 0.0912, Test Acc: 0.0779, Test F1(macro): 0.0206, Test F1(micro) : 0.1429,Total Pseudo-Labels: 0, Correct Pseudo-Labels: 0, Train Data Number: 35



line 303 => train data수 35
line 258 => 인스턴스 수 5
Step 10  Tim 0:01:54
acc_train_cw(현재 train의 class별 acc) [0.0, 0.0, 0.0, 0.0, 0.0, 0.0, 1.0]
cw_psl_total_eval(pseudo label 클래스별 총 샘플 수):  [0, 0, 0, 0, 0, 0, 0]
cw_psl_correct_eval(pseudo label 클래스별 맞은 샘플 수):  [0, 0, 0, 0, 0, 0, 0]
psl_acc(PSL 평가에서의 정확도): None 
cw_psl_acc(클래스별 PSL 평가에서의 정확도):  [nan, nan, nan, nan, nan, nan, nan]
**pseudo_label ->  [0.0791, 0.0873, 0.1452, 0.0877, 0.1614, 0.1421, 0.2972] **
max =  0.2972 | max_idx =  6
**pseudo_label ->  [0.1565, 0.1234, 0.1241, 0.1267, 0.1111, 0.1181, 0.2402] **
max =  0.2402 | max_idx =  6
**pseudo_label ->  [0.1626, 0.1235, 0.1349, 0.118, 0.1079, 0.1361, 0.217] **
max =  0.217 | max_idx =  6
**pseudo_label ->  [0.129, 0.1107, 0.1411, 0.1538, 0.1135, 0.1492, 0.2026] **
max =  0.2026 | max_idx =  6
**pseudo_label ->  [0.1692, 0.103, 0.1259, 0.1484, 0.109, 0.1488, 0.1957] **
max =  0.1957 | max_idx =  6
Epoch 3/37, Train Loss: 2.2066, Valid Loss: 2.0553, Train Acc: 0.1429, Val Acc: 0.1173, Test Acc: 0.0184, Test F1(macro): 0.0052, Test F1(micro) : 0.1429,Total Pseudo-Labels: 0, Correct Pseudo-Labels: 0, Train Data Number: 35



line 303 => train data수 35
line 258 => 인스턴스 수 5
Step 15  Tim 0:02:45
acc_train_cw(현재 train의 class별 acc) [0.0, 0.0, 0.0, 0.0, 1.0, 0.0, 0.0]
cw_psl_total_eval(pseudo label 클래스별 총 샘플 수):  [0, 0, 0, 0, 0, 0, 0]
cw_psl_correct_eval(pseudo label 클래스별 맞은 샘플 수):  [0, 0, 0, 0, 0, 0, 0]
psl_acc(PSL 평가에서의 정확도): None 
cw_psl_acc(클래스별 PSL 평가에서의 정확도):  [nan, nan, nan, nan, nan, nan, nan]
***best_acc_model_save --- epoch = 4***
Save model to ./experiment/python_extended_data/output/
**pseudo_label ->  [0.1161, 0.1325, 0.0682, 0.1488, 0.2225, 0.2004, 0.1115] **
max =  0.2225 | max_idx =  4
**pseudo_label ->  [0.1182, 0.1081, 0.0603, 0.1824, 0.2651, 0.1878, 0.078] **
max =  0.2651 | max_idx =  4
**pseudo_label ->  [0.1311, 0.1114, 0.0748, 0.1447, 0.2172, 0.1958, 0.125] **
max =  0.2172 | max_idx =  4
**pseudo_label ->  [0.0916, 0.0982, 0.0822, 0.1653, 0.2454, 0.2088, 0.1085] **
max =  0.2454 | max_idx =  4
**pseudo_label ->  [0.1183, 0.1057, 0.0675, 0.1486, 0.2349, 0.2186, 0.1065] **
max =  0.2349 | max_idx =  4
Epoch 4/37, Train Loss: 2.1394, Valid Loss: 1.8384, Train Acc: 0.1429, Val Acc: 0.1433, Test Acc: 0.0430, Test F1(macro): 0.0118, Test F1(micro) : 0.1429,Total Pseudo-Labels: 0, Correct Pseudo-Labels: 0, Train Data Number: 35



line 303 => train data수 35
line 258 => 인스턴스 수 5
Step 20  Tim 0:03:48
acc_train_cw(현재 train의 class별 acc) [0.0, 0.0, 1.0, 0.0, 0.0, 0.0, 0.0]
cw_psl_total_eval(pseudo label 클래스별 총 샘플 수):  [0, 0, 0, 0, 0, 0, 0]
cw_psl_correct_eval(pseudo label 클래스별 맞은 샘플 수):  [0, 0, 0, 0, 0, 0, 0]
psl_acc(PSL 평가에서의 정확도): None 
cw_psl_acc(클래스별 PSL 평가에서의 정확도):  [nan, nan, nan, nan, nan, nan, nan]
***best_acc_model_save --- epoch = 5***
Save model to ./experiment/python_extended_data/output/
**pseudo_label ->  [0.0922, 0.1997, 0.2031, 0.1714, 0.1262, 0.0927, 0.1146] **
max =  0.2031 | max_idx =  2
**pseudo_label ->  [0.1038, 0.18, 0.2118, 0.1661, 0.1336, 0.0837, 0.121] **
max =  0.2118 | max_idx =  2
**pseudo_label ->  [0.1108, 0.1636, 0.217, 0.1665, 0.1499, 0.0874, 0.1049] **
max =  0.217 | max_idx =  2
**pseudo_label ->  [0.0878, 0.1583, 0.2097, 0.2069, 0.15, 0.0817, 0.1056] **
max =  0.2097 | max_idx =  2
**pseudo_label ->  [0.1021, 0.188, 0.2024, 0.1501, 0.1482, 0.0956, 0.1136] **
max =  0.2024 | max_idx =  2
Epoch 5/37, Train Loss: 2.0628, Valid Loss: 1.9399, Train Acc: 0.1429, Val Acc: 0.2280, Test Acc: 0.1230, Test F1(macro): 0.0313, Test F1(micro) : 0.1429,Total Pseudo-Labels: 0, Correct Pseudo-Labels: 0, Train Data Number: 35



line 303 => train data수 35
line 258 => 인스턴스 수 5
Step 25  Tim 0:04:52
acc_train_cw(현재 train의 class별 acc) [0.0, 0.0, 1.0, 0.0, 0.0, 0.0, 0.0]
cw_psl_total_eval(pseudo label 클래스별 총 샘플 수):  [0, 0, 0, 0, 0, 0, 0]
cw_psl_correct_eval(pseudo label 클래스별 맞은 샘플 수):  [0, 0, 0, 0, 0, 0, 0]
psl_acc(PSL 평가에서의 정확도): None 
cw_psl_acc(클래스별 PSL 평가에서의 정확도):  [nan, nan, nan, nan, nan, nan, nan]
**pseudo_label ->  [0.1227, 0.1564, 0.1768, 0.1203, 0.1435, 0.0954, 0.1848] **
max =  0.1848 | max_idx =  6
**pseudo_label ->  [0.1308, 0.1719, 0.1566, 0.12, 0.1557, 0.0817, 0.1833] **
max =  0.1833 | max_idx =  6
**pseudo_label ->  [0.1255, 0.147, 0.1811, 0.1112, 0.1983, 0.0839, 0.153] **
max =  0.1983 | max_idx =  4
**pseudo_label ->  [0.129, 0.1537, 0.1812, 0.1251, 0.1685, 0.0908, 0.1517] **
max =  0.1812 | max_idx =  2
**pseudo_label ->  [0.1222, 0.1783, 0.1765, 0.1018, 0.1562, 0.1012, 0.1638] **
max =  0.1783 | max_idx =  1
Epoch 6/37, Train Loss: 2.0422, Valid Loss: 1.9551, Train Acc: 0.1429, Val Acc: 0.2280, Test Acc: 0.1230, Test F1(macro): 0.0313, Test F1(micro) : 0.1429,Total Pseudo-Labels: 0, Correct Pseudo-Labels: 0, Train Data Number: 35



line 303 => train data수 35
line 258 => 인스턴스 수 5
Step 30  Tim 0:05:44
acc_train_cw(현재 train의 class별 acc) [0.0, 0.0, 0.0, 0.0, 0.0, 1.0, 0.0]
cw_psl_total_eval(pseudo label 클래스별 총 샘플 수):  [0, 0, 0, 0, 0, 0, 0]
cw_psl_correct_eval(pseudo label 클래스별 맞은 샘플 수):  [0, 0, 0, 0, 0, 0, 0]
psl_acc(PSL 평가에서의 정확도): None 
cw_psl_acc(클래스별 PSL 평가에서의 정확도):  [nan, nan, nan, nan, nan, nan, nan]
**pseudo_label ->  [0.1418, 0.1462, 0.155, 0.1122, 0.1155, 0.1872, 0.1421] **
max =  0.1872 | max_idx =  5
**pseudo_label ->  [0.1444, 0.12, 0.1434, 0.1533, 0.0957, 0.1759, 0.1673] **
max =  0.1759 | max_idx =  5
**pseudo_label ->  [0.1192, 0.1243, 0.1874, 0.1645, 0.0781, 0.1754, 0.1512] **
max =  0.1874 | max_idx =  2
**pseudo_label ->  [0.1234, 0.1228, 0.1837, 0.1173, 0.0994, 0.1811, 0.1724] **
max =  0.1837 | max_idx =  2
**pseudo_label ->  [0.132, 0.1248, 0.1572, 0.1389, 0.1309, 0.1694, 0.1468] **
max =  0.1694 | max_idx =  5
Epoch 7/37, Train Loss: 2.0026, Valid Loss: 2.1589, Train Acc: 0.1429, Val Acc: 0.0261, Test Acc: 0.2971, Test F1(macro): 0.0654, Test F1(micro) : 0.1429,Total Pseudo-Labels: 0, Correct Pseudo-Labels: 0, Train Data Number: 35



line 303 => train data수 35
line 258 => 인스턴스 수 5
Step 35  Tim 0:06:35
acc_train_cw(현재 train의 class별 acc) [1.0, 0.0, 0.0, 0.0, 0.0, 0.0, 0.0]
cw_psl_total_eval(pseudo label 클래스별 총 샘플 수):  [0, 0, 0, 0, 0, 0, 0]
cw_psl_correct_eval(pseudo label 클래스별 맞은 샘플 수):  [0, 0, 0, 0, 0, 0, 0]
psl_acc(PSL 평가에서의 정확도): None 
cw_psl_acc(클래스별 PSL 평가에서의 정확도):  [nan, nan, nan, nan, nan, nan, nan]
**pseudo_label ->  [0.1656, 0.1777, 0.1404, 0.0876, 0.1055, 0.1721, 0.1512] **
max =  0.1777 | max_idx =  1
**pseudo_label ->  [0.1973, 0.1826, 0.1352, 0.0801, 0.1068, 0.1604, 0.1376] **
max =  0.1973 | max_idx =  0
**pseudo_label ->  [0.1869, 0.1742, 0.1411, 0.0865, 0.1149, 0.1484, 0.148] **
max =  0.1869 | max_idx =  0
**pseudo_label ->  [0.1806, 0.1711, 0.118, 0.0917, 0.1108, 0.1664, 0.1615] **
max =  0.1806 | max_idx =  0
**pseudo_label ->  [0.2055, 0.1478, 0.1132, 0.0762, 0.0951, 0.1633, 0.199] **
max =  0.2055 | max_idx =  0
Epoch 8/37, Train Loss: 2.0688, Valid Loss: 1.9432, Train Acc: 0.1429, Val Acc: 0.0912, Test Acc: 0.0779, Test F1(macro): 0.0206, Test F1(micro) : 0.1429,Total Pseudo-Labels: 0, Correct Pseudo-Labels: 0, Train Data Number: 35



line 303 => train data수 35
line 258 => 인스턴스 수 5
Step 40  Tim 0:07:26
acc_train_cw(현재 train의 class별 acc) [1.0, 0.0, 0.0, 0.0, 0.0, 0.0, 0.0]
cw_psl_total_eval(pseudo label 클래스별 총 샘플 수):  [0, 0, 0, 0, 0, 0, 0]
cw_psl_correct_eval(pseudo label 클래스별 맞은 샘플 수):  [0, 0, 0, 0, 0, 0, 0]
psl_acc(PSL 평가에서의 정확도): None 
cw_psl_acc(클래스별 PSL 평가에서의 정확도):  [nan, nan, nan, nan, nan, nan, nan]
**pseudo_label ->  [0.1705, 0.1203, 0.1035, 0.1686, 0.2052, 0.1254, 0.1065] **
max =  0.2052 | max_idx =  4
**pseudo_label ->  [0.1777, 0.1362, 0.1274, 0.1543, 0.1545, 0.1409, 0.1089] **
max =  0.1777 | max_idx =  0
**pseudo_label ->  [0.1658, 0.148, 0.1052, 0.1736, 0.1748, 0.1344, 0.0983] **
max =  0.1748 | max_idx =  4
**pseudo_label ->  [0.1599, 0.1191, 0.1115, 0.1664, 0.1934, 0.1417, 0.1079] **
max =  0.1934 | max_idx =  4
**pseudo_label ->  [0.1607, 0.13, 0.1, 0.1601, 0.1819, 0.1629, 0.1044] **
max =  0.1819 | max_idx =  4
Epoch 9/37, Train Loss: 2.0170, Valid Loss: 1.9782, Train Acc: 0.1429, Val Acc: 0.0912, Test Acc: 0.0779, Test F1(macro): 0.0206, Test F1(micro) : 0.1429,Total Pseudo-Labels: 0, Correct Pseudo-Labels: 0, Train Data Number: 35



line 303 => train data수 35
line 258 => 인스턴스 수 5
Step 45  Tim 0:08:17
acc_train_cw(현재 train의 class별 acc) [0.0, 0.0, 0.0, 0.0, 0.0, 1.0, 0.0]
cw_psl_total_eval(pseudo label 클래스별 총 샘플 수):  [0, 0, 0, 0, 0, 0, 0]
cw_psl_correct_eval(pseudo label 클래스별 맞은 샘플 수):  [0, 0, 0, 0, 0, 0, 0]
psl_acc(PSL 평가에서의 정확도): None 
cw_psl_acc(클래스별 PSL 평가에서의 정확도):  [nan, nan, nan, nan, nan, nan, nan]
**pseudo_label ->  [0.1251, 0.1442, 0.0876, 0.1728, 0.1857, 0.144, 0.1407] **
max =  0.1857 | max_idx =  4
**pseudo_label ->  [0.1588, 0.1223, 0.0929, 0.1603, 0.1829, 0.1494, 0.1333] **
max =  0.1829 | max_idx =  4
**pseudo_label ->  [0.1374, 0.1426, 0.0947, 0.1321, 0.1812, 0.1639, 0.148] **
max =  0.1812 | max_idx =  4
**pseudo_label ->  [0.1533, 0.1248, 0.0967, 0.1484, 0.1922, 0.1726, 0.112] **
max =  0.1922 | max_idx =  4
**pseudo_label ->  [0.1439, 0.1273, 0.1035, 0.1802, 0.1515, 0.1612, 0.1325] **
max =  0.1802 | max_idx =  3
Epoch 10/37, Train Loss: 2.0157, Valid Loss: 1.8648, Train Acc: 0.1429, Val Acc: 0.0261, Test Acc: 0.2971, Test F1(macro): 0.0654, Test F1(micro) : 0.1429,Total Pseudo-Labels: 0, Correct Pseudo-Labels: 0, Train Data Number: 35



line 303 => train data수 35
line 258 => 인스턴스 수 5
Step 50  Tim 0:09:08
acc_train_cw(현재 train의 class별 acc) [0.0, 0.0, 0.0, 0.0, 0.0, 0.0, 1.0]
cw_psl_total_eval(pseudo label 클래스별 총 샘플 수):  [0, 0, 0, 0, 0, 0, 0]
cw_psl_correct_eval(pseudo label 클래스별 맞은 샘플 수):  [0, 0, 0, 0, 0, 0, 0]
psl_acc(PSL 평가에서의 정확도): None 
cw_psl_acc(클래스별 PSL 평가에서의 정확도):  [nan, nan, nan, nan, nan, nan, nan]
**pseudo_label ->  [0.0843, 0.111, 0.1846, 0.1681, 0.1026, 0.1558, 0.1936] **
max =  0.1936 | max_idx =  6
**pseudo_label ->  [0.0939, 0.1227, 0.1762, 0.1719, 0.1236, 0.1434, 0.1683] **
max =  0.1762 | max_idx =  2
**pseudo_label ->  [0.0841, 0.1218, 0.1368, 0.18, 0.1258, 0.1447, 0.2069] **
max =  0.2069 | max_idx =  6
**pseudo_label ->  [0.091, 0.0953, 0.1904, 0.1907, 0.1038, 0.1514, 0.1775] **
max =  0.1907 | max_idx =  3
**pseudo_label ->  [0.0854, 0.1037, 0.1582, 0.1844, 0.0982, 0.1694, 0.2006] **
max =  0.2006 | max_idx =  6
Epoch 11/37, Train Loss: 2.0322, Valid Loss: 1.9551, Train Acc: 0.1429, Val Acc: 0.1173, Test Acc: 0.0184, Test F1(macro): 0.0052, Test F1(micro) : 0.1429,Total Pseudo-Labels: 0, Correct Pseudo-Labels: 0, Train Data Number: 35



line 303 => train data수 35
line 258 => 인스턴스 수 5
Step 55  Tim 0:09:59
acc_train_cw(현재 train의 class별 acc) [0.0, 1.0, 0.0, 0.0, 0.0, 0.0, 0.0]
cw_psl_total_eval(pseudo label 클래스별 총 샘플 수):  [0, 0, 0, 0, 0, 0, 0]
cw_psl_correct_eval(pseudo label 클래스별 맞은 샘플 수):  [0, 0, 0, 0, 0, 0, 0]
psl_acc(PSL 평가에서의 정확도): None 
cw_psl_acc(클래스별 PSL 평가에서의 정확도):  [nan, nan, nan, nan, nan, nan, nan]
**pseudo_label ->  [0.1256, 0.1649, 0.1793, 0.1451, 0.1407, 0.1439, 0.1005] **
max =  0.1793 | max_idx =  2
**pseudo_label ->  [0.1079, 0.2015, 0.161, 0.1504, 0.1161, 0.149, 0.1141] **
max =  0.2015 | max_idx =  1
**pseudo_label ->  [0.1138, 0.1652, 0.1765, 0.1674, 0.118, 0.1572, 0.1019] **
max =  0.1765 | max_idx =  2
**pseudo_label ->  [0.1115, 0.1806, 0.171, 0.1469, 0.1407, 0.1303, 0.1189] **
max =  0.1806 | max_idx =  1
**pseudo_label ->  [0.1093, 0.1766, 0.2067, 0.1519, 0.1212, 0.13, 0.1042] **
max =  0.2067 | max_idx =  2
Epoch 12/37, Train Loss: 1.9679, Valid Loss: 1.9939, Train Acc: 0.1429, Val Acc: 0.0065, Test Acc: 0.2787, Test F1(macro): 0.0623, Test F1(micro) : 0.1429,Total Pseudo-Labels: 0, Correct Pseudo-Labels: 0, Train Data Number: 35



line 303 => train data수 35
line 258 => 인스턴스 수 5
Step 60  Tim 0:10:50
acc_train_cw(현재 train의 class별 acc) [0.0, 0.0, 0.0, 0.0, 1.0, 0.0, 0.0]
cw_psl_total_eval(pseudo label 클래스별 총 샘플 수):  [0, 0, 0, 0, 0, 0, 0]
cw_psl_correct_eval(pseudo label 클래스별 맞은 샘플 수):  [0, 0, 0, 0, 0, 0, 0]
psl_acc(PSL 평가에서의 정확도): None 
cw_psl_acc(클래스별 PSL 평가에서의 정확도):  [nan, nan, nan, nan, nan, nan, nan]
**pseudo_label ->  [0.1611, 0.1679, 0.1177, 0.1302, 0.192, 0.1209, 0.1101] **
max =  0.192 | max_idx =  4
**pseudo_label ->  [0.1413, 0.1705, 0.1398, 0.1258, 0.1992, 0.1202, 0.1031] **
max =  0.1992 | max_idx =  4
**pseudo_label ->  [0.1414, 0.1204, 0.1588, 0.1308, 0.2, 0.1253, 0.1232] **
max =  0.2 | max_idx =  4
**pseudo_label ->  [0.161, 0.1633, 0.1403, 0.1212, 0.195, 0.1117, 0.1076] **
max =  0.195 | max_idx =  4
**pseudo_label ->  [0.1562, 0.1779, 0.1259, 0.1316, 0.19, 0.1117, 0.1066] **
max =  0.19 | max_idx =  4
Epoch 13/37, Train Loss: 2.0459, Valid Loss: 1.9112, Train Acc: 0.1429, Val Acc: 0.1433, Test Acc: 0.0430, Test F1(macro): 0.0118, Test F1(micro) : 0.1429,Total Pseudo-Labels: 0, Correct Pseudo-Labels: 0, Train Data Number: 35



line 303 => train data수 35
line 258 => 인스턴스 수 5
Step 65  Tim 0:11:40
acc_train_cw(현재 train의 class별 acc) [0.0, 0.0, 0.0, 0.0, 0.0, 0.0, 1.0]
cw_psl_total_eval(pseudo label 클래스별 총 샘플 수):  [0, 0, 0, 0, 0, 0, 0]
cw_psl_correct_eval(pseudo label 클래스별 맞은 샘플 수):  [0, 0, 0, 0, 0, 0, 0]
psl_acc(PSL 평가에서의 정확도): None 
cw_psl_acc(클래스별 PSL 평가에서의 정확도):  [nan, nan, nan, nan, nan, nan, nan]
**pseudo_label ->  [0.1485, 0.1159, 0.1284, 0.1649, 0.1512, 0.1454, 0.1457] **
max =  0.1649 | max_idx =  3
**pseudo_label ->  [0.1726, 0.0899, 0.1651, 0.144, 0.1625, 0.1217, 0.1441] **
max =  0.1726 | max_idx =  0
**pseudo_label ->  [0.1665, 0.1023, 0.1393, 0.1417, 0.1479, 0.1495, 0.1528] **
max =  0.1665 | max_idx =  0
**pseudo_label ->  [0.162, 0.1007, 0.1532, 0.1353, 0.1484, 0.126, 0.1743] **
max =  0.1743 | max_idx =  6
**pseudo_label ->  [0.1404, 0.1075, 0.1681, 0.1437, 0.159, 0.124, 0.1574] **
max =  0.1681 | max_idx =  2
Epoch 14/37, Train Loss: 1.9759, Valid Loss: 1.9631, Train Acc: 0.1429, Val Acc: 0.1173, Test Acc: 0.0184, Test F1(macro): 0.0052, Test F1(micro) : 0.1429,Total Pseudo-Labels: 0, Correct Pseudo-Labels: 0, Train Data Number: 35



line 303 => train data수 35
line 258 => 인스턴스 수 5
Step 70  Tim 0:12:31
acc_train_cw(현재 train의 class별 acc) [0.0, 0.0, 0.0, 0.0, 0.0, 1.0, 0.0]
cw_psl_total_eval(pseudo label 클래스별 총 샘플 수):  [0, 0, 0, 0, 0, 0, 0]
cw_psl_correct_eval(pseudo label 클래스별 맞은 샘플 수):  [0, 0, 0, 0, 0, 0, 0]
psl_acc(PSL 평가에서의 정확도): None 
cw_psl_acc(클래스별 PSL 평가에서의 정확도):  [nan, nan, nan, nan, nan, nan, nan]
**pseudo_label ->  [0.1254, 0.143, 0.1263, 0.1422, 0.1292, 0.1676, 0.1665] **
max =  0.1676 | max_idx =  5
**pseudo_label ->  [0.1316, 0.1419, 0.117, 0.1628, 0.1459, 0.1602, 0.1407] **
max =  0.1628 | max_idx =  3
**pseudo_label ->  [0.1275, 0.1427, 0.1224, 0.1845, 0.1437, 0.1646, 0.1146] **
max =  0.1845 | max_idx =  3
**pseudo_label ->  [0.1258, 0.1357, 0.1239, 0.1582, 0.1333, 0.1644, 0.1587] **
max =  0.1644 | max_idx =  5
**pseudo_label ->  [0.1344, 0.1119, 0.1167, 0.1792, 0.1512, 0.1619, 0.1447] **
max =  0.1792 | max_idx =  3
Epoch 15/37, Train Loss: 2.0000, Valid Loss: 1.9952, Train Acc: 0.1429, Val Acc: 0.0261, Test Acc: 0.2971, Test F1(macro): 0.0654, Test F1(micro) : 0.1429,Total Pseudo-Labels: 0, Correct Pseudo-Labels: 0, Train Data Number: 35



line 303 => train data수 35
line 258 => 인스턴스 수 5
Step 75  Tim 0:13:22
acc_train_cw(현재 train의 class별 acc) [0.0, 0.0, 0.0, 0.0, 0.0, 1.0, 0.0]
cw_psl_total_eval(pseudo label 클래스별 총 샘플 수):  [0, 0, 0, 0, 0, 0, 0]
cw_psl_correct_eval(pseudo label 클래스별 맞은 샘플 수):  [0, 0, 0, 0, 0, 0, 0]
psl_acc(PSL 평가에서의 정확도): None 
cw_psl_acc(클래스별 PSL 평가에서의 정확도):  [nan, nan, nan, nan, nan, nan, nan]
**pseudo_label ->  [0.1174, 0.1471, 0.1262, 0.1493, 0.1261, 0.1806, 0.1532] **
max =  0.1806 | max_idx =  5
**pseudo_label ->  [0.1162, 0.1715, 0.1234, 0.1547, 0.1277, 0.1707, 0.1358] **
max =  0.1715 | max_idx =  1
**pseudo_label ->  [0.1187, 0.1473, 0.1315, 0.1476, 0.0976, 0.1776, 0.1797] **
max =  0.1797 | max_idx =  6
**pseudo_label ->  [0.105, 0.1597, 0.1221, 0.1449, 0.1207, 0.1911, 0.1566] **
max =  0.1911 | max_idx =  5
**pseudo_label ->  [0.1005, 0.1581, 0.1171, 0.1571, 0.1255, 0.1708, 0.171] **
max =  0.171 | max_idx =  6
Epoch 16/37, Train Loss: 2.0203, Valid Loss: 1.9637, Train Acc: 0.1429, Val Acc: 0.0261, Test Acc: 0.2971, Test F1(macro): 0.0654, Test F1(micro) : 0.1429,Total Pseudo-Labels: 0, Correct Pseudo-Labels: 0, Train Data Number: 35



line 303 => train data수 35
line 258 => 인스턴스 수 5
Step 80  Tim 0:14:12
acc_train_cw(현재 train의 class별 acc) [0.0, 0.0, 0.0, 0.0, 0.0, 1.0, 0.0]
cw_psl_total_eval(pseudo label 클래스별 총 샘플 수):  [0, 0, 0, 0, 0, 0, 0]
cw_psl_correct_eval(pseudo label 클래스별 맞은 샘플 수):  [0, 0, 0, 0, 0, 0, 0]
psl_acc(PSL 평가에서의 정확도): None 
cw_psl_acc(클래스별 PSL 평가에서의 정확도):  [nan, nan, nan, nan, nan, nan, nan]
**pseudo_label ->  [0.1628, 0.1214, 0.1237, 0.1517, 0.1216, 0.1514, 0.1674] **
max =  0.1674 | max_idx =  6
**pseudo_label ->  [0.1626, 0.1189, 0.1412, 0.1325, 0.1376, 0.156, 0.1511] **
max =  0.1626 | max_idx =  0
**pseudo_label ->  [0.1493, 0.1184, 0.1366, 0.1322, 0.1236, 0.1745, 0.1654] **
max =  0.1745 | max_idx =  5
**pseudo_label ->  [0.151, 0.1129, 0.1294, 0.1409, 0.1375, 0.1584, 0.1697] **
max =  0.1697 | max_idx =  6
**pseudo_label ->  [0.1375, 0.1324, 0.1467, 0.131, 0.1136, 0.1909, 0.1477] **
max =  0.1909 | max_idx =  5
Epoch 17/37, Train Loss: 2.0218, Valid Loss: 1.9041, Train Acc: 0.1429, Val Acc: 0.0261, Test Acc: 0.2971, Test F1(macro): 0.0654, Test F1(micro) : 0.1429,Total Pseudo-Labels: 0, Correct Pseudo-Labels: 0, Train Data Number: 35



line 303 => train data수 35
line 258 => 인스턴스 수 5
Step 85  Tim 0:15:03
acc_train_cw(현재 train의 class별 acc) [0.0, 0.0, 0.0, 0.0, 1.0, 0.0, 0.0]
cw_psl_total_eval(pseudo label 클래스별 총 샘플 수):  [0, 0, 0, 0, 0, 0, 0]
cw_psl_correct_eval(pseudo label 클래스별 맞은 샘플 수):  [0, 0, 0, 0, 0, 0, 0]
psl_acc(PSL 평가에서의 정확도): None 
cw_psl_acc(클래스별 PSL 평가에서의 정확도):  [nan, nan, nan, nan, nan, nan, nan]
**pseudo_label ->  [0.1453, 0.1046, 0.1902, 0.1356, 0.1637, 0.1006, 0.16] **
max =  0.1902 | max_idx =  2
**pseudo_label ->  [0.1325, 0.1195, 0.1382, 0.1343, 0.1756, 0.1186, 0.1814] **
max =  0.1814 | max_idx =  6
**pseudo_label ->  [0.1366, 0.1011, 0.1593, 0.1362, 0.1788, 0.1134, 0.1746] **
max =  0.1788 | max_idx =  4
**pseudo_label ->  [0.1306, 0.1134, 0.1645, 0.1241, 0.1872, 0.1115, 0.1686] **
max =  0.1872 | max_idx =  4
**pseudo_label ->  [0.1371, 0.11, 0.1391, 0.1478, 0.178, 0.1209, 0.167] **
max =  0.178 | max_idx =  4
Epoch 18/37, Train Loss: 1.9928, Valid Loss: 1.9942, Train Acc: 0.1429, Val Acc: 0.1433, Test Acc: 0.0430, Test F1(macro): 0.0118, Test F1(micro) : 0.1429,Total Pseudo-Labels: 0, Correct Pseudo-Labels: 0, Train Data Number: 35



line 303 => train data수 35
line 258 => 인스턴스 수 5
Step 90  Tim 0:15:53
acc_train_cw(현재 train의 class별 acc) [0.0, 1.0, 0.0, 0.0, 0.0, 0.0, 0.0]
cw_psl_total_eval(pseudo label 클래스별 총 샘플 수):  [0, 0, 0, 0, 0, 0, 0]
cw_psl_correct_eval(pseudo label 클래스별 맞은 샘플 수):  [0, 0, 0, 0, 0, 0, 0]
psl_acc(PSL 평가에서의 정확도): None 
cw_psl_acc(클래스별 PSL 평가에서의 정확도):  [nan, nan, nan, nan, nan, nan, nan]
**pseudo_label ->  [0.1084, 0.2163, 0.1347, 0.1258, 0.1486, 0.1236, 0.1427] **
max =  0.2163 | max_idx =  1
**pseudo_label ->  [0.1173, 0.2245, 0.1342, 0.1295, 0.1572, 0.1117, 0.1257] **
max =  0.2245 | max_idx =  1
**pseudo_label ->  [0.1146, 0.2312, 0.1209, 0.1406, 0.1423, 0.1078, 0.1425] **
max =  0.2312 | max_idx =  1
**pseudo_label ->  [0.1107, 0.1765, 0.1243, 0.1395, 0.1643, 0.1416, 0.1432] **
max =  0.1765 | max_idx =  1
**pseudo_label ->  [0.1039, 0.2609, 0.1148, 0.1398, 0.1491, 0.1177, 0.1137] **
max =  0.2609 | max_idx =  1
Epoch 19/37, Train Loss: 2.0035, Valid Loss: 2.0125, Train Acc: 0.1429, Val Acc: 0.0065, Test Acc: 0.2787, Test F1(macro): 0.0623, Test F1(micro) : 0.1429,Total Pseudo-Labels: 0, Correct Pseudo-Labels: 0, Train Data Number: 35



line 303 => train data수 35
line 258 => 인스턴스 수 5
Step 95  Tim 0:16:44
acc_train_cw(현재 train의 class별 acc) [0.0, 1.0, 0.0, 0.0, 0.0, 0.0, 0.0]
cw_psl_total_eval(pseudo label 클래스별 총 샘플 수):  [0, 0, 36, 0, 0, 0, 0]
cw_psl_correct_eval(pseudo label 클래스별 맞은 샘플 수):  [0, 0, 9, 0, 0, 0, 0]
psl_acc(PSL 평가에서의 정확도):  0.25 
cw_psl_acc(클래스별 PSL 평가에서의 정확도):  [nan, nan, 0.25, nan, nan, nan, nan]
**pseudo_label ->  [0.1892, 0.1639, 0.1036, 0.144, 0.1513, 0.1471, 0.101] **
max =  0.1892 | max_idx =  0
**pseudo_label ->  [0.1647, 0.186, 0.1075, 0.1354, 0.1431, 0.1459, 0.1175] **
max =  0.186 | max_idx =  1
**pseudo_label ->  