current work directory:  /home/imsuhan22/few-shot-tc/custom_ssl/code
Data set -> python_extended_data
save_name: 5_unixcoder-base_0.00035_0.7_python_extended_data

data_path:  ../data/problem_based_split/python_extended_data

There are 1 GPU(s) available.
We will use the GPU- 0 Quadro RTX 8000

**line 147 모델 =>  microsoft/unixcoder-base
**tokenizer type =  microsoft/unixcoder-base 

pesudo label class개수 기준 -> 7
n_labeled_per_class:  5
train_df samples: 3974
train_labeled_df samples: 35
train_unlabeled_df samples: 3939
n_classes:  7 


net_arch:  microsoft/unixcoder-base 
lr:  0.00035 
lr_linear:  0.001 




line 303 => train data수 35
line 258 => 인스턴스 수 5
Step 0  Tim 0:00:20
acc_train_cw(현재 train의 class별 acc) [0.0, 0.0, 0.6, 0.0, 0.6, 0.0, 0.0]
cw_psl_total_eval(pseudo label 클래스별 총 샘플 수):  [0, 0, 0, 0, 0, 0, 0]
cw_psl_correct_eval(pseudo label 클래스별 맞은 샘플 수):  [0, 0, 0, 0, 0, 0, 0]
psl_acc(PSL 평가에서의 정확도): None 
cw_psl_acc(클래스별 PSL 평가에서의 정확도):  [nan, nan, nan, nan, nan, nan, nan]
***best_acc_model_save --- epoch = 1***
Save model to ./experiment/python_extended_data/output/
**pseudo_label ->  [0.1168, 0.1316, 0.1965, 0.1503, 0.1193, 0.1209, 0.1647] **
max =  0.1965 | max_idx =  2
**pseudo_label ->  [0.1228, 0.1284, 0.1385, 0.1035, 0.1781, 0.184, 0.1447] **
max =  0.184 | max_idx =  5
**pseudo_label ->  [0.0883, 0.0894, 0.1665, 0.1761, 0.157, 0.1655, 0.1573] **
max =  0.1761 | max_idx =  3
**pseudo_label ->  [0.1354, 0.1312, 0.1461, 0.2316, 0.1896, 0.0737, 0.0924] **
max =  0.2316 | max_idx =  3
**pseudo_label ->  [0.1071, 0.1849, 0.1108, 0.1196, 0.2232, 0.1386, 0.1159] **
max =  0.2232 | max_idx =  4
Epoch 1/50, Train Loss: 2.2997, Valid Loss: 2.0589, Train Acc: 0.1714, Val Acc: 0.2052, Test Acc: 0.0943, Test F1: 0.0576, Total Pseudo-Labels: 0, Correct Pseudo-Labels: 0, Train Data Number: 35



line 303 => train data수 35
line 258 => 인스턴스 수 5
Step 5  Tim 0:02:36
acc_train_cw(현재 train의 class별 acc) [0.0, 0.0, 0.0, 0.0, 0.0, 0.0, 1.0]
cw_psl_total_eval(pseudo label 클래스별 총 샘플 수):  [0, 0, 0, 0, 0, 0, 0]
cw_psl_correct_eval(pseudo label 클래스별 맞은 샘플 수):  [0, 0, 0, 0, 0, 0, 0]
psl_acc(PSL 평가에서의 정확도): None 
cw_psl_acc(클래스별 PSL 평가에서의 정확도):  [nan, nan, nan, nan, nan, nan, nan]
**pseudo_label ->  [0.2112, 0.0077, 0.157, 0.1521, 0.0401, 0.0934, 0.3385] **
max =  0.3385 | max_idx =  6
**pseudo_label ->  [0.2032, 0.0081, 0.1418, 0.1871, 0.0179, 0.0764, 0.3654] **
max =  0.3654 | max_idx =  6
**pseudo_label ->  [0.2578, 0.0121, 0.1751, 0.0969, 0.0205, 0.0603, 0.3773] **
max =  0.3773 | max_idx =  6
**pseudo_label ->  [0.1764, 0.0134, 0.1441, 0.1494, 0.0354, 0.0793, 0.402] **
max =  0.402 | max_idx =  6
**pseudo_label ->  [0.1841, 0.0178, 0.1196, 0.1784, 0.0588, 0.0987, 0.3425] **
max =  0.3425 | max_idx =  6
Epoch 2/50, Train Loss: 2.2553, Valid Loss: 1.8736, Train Acc: 0.1429, Val Acc: 0.1173, Test Acc: 0.0184, Test F1: 0.0052, Total Pseudo-Labels: 0, Correct Pseudo-Labels: 0, Train Data Number: 35



line 303 => train data수 35
line 258 => 인스턴스 수 5
Step 10  Tim 0:04:54
acc_train_cw(현재 train의 class별 acc) [0.0, 0.0, 0.0, 0.0, 1.0, 0.0, 0.0]
cw_psl_total_eval(pseudo label 클래스별 총 샘플 수):  [0, 0, 0, 0, 0, 0, 0]
cw_psl_correct_eval(pseudo label 클래스별 맞은 샘플 수):  [0, 0, 0, 0, 0, 0, 0]
psl_acc(PSL 평가에서의 정확도): None 
cw_psl_acc(클래스별 PSL 평가에서의 정확도):  [nan, nan, nan, nan, nan, nan, nan]
**pseudo_label ->  [0.0969, 0.1489, 0.1017, 0.2142, 0.2043, 0.1069, 0.1271] **
max =  0.2142 | max_idx =  3
**pseudo_label ->  [0.1108, 0.1244, 0.1183, 0.21, 0.2082, 0.0874, 0.141] **
max =  0.21 | max_idx =  3
**pseudo_label ->  [0.0843, 0.1341, 0.0917, 0.2286, 0.2143, 0.1018, 0.1451] **
max =  0.2286 | max_idx =  3
**pseudo_label ->  [0.0845, 0.1784, 0.1017, 0.1774, 0.2006, 0.1103, 0.147] **
max =  0.2006 | max_idx =  4
**pseudo_label ->  [0.0802, 0.1543, 0.0991, 0.2431, 0.1971, 0.1059, 0.1204] **
max =  0.2431 | max_idx =  3
Epoch 3/50, Train Loss: 2.2196, Valid Loss: 2.0940, Train Acc: 0.1429, Val Acc: 0.1433, Test Acc: 0.0430, Test F1: 0.0118, Total Pseudo-Labels: 0, Correct Pseudo-Labels: 0, Train Data Number: 35



line 303 => train data수 35
line 258 => 인스턴스 수 5
Step 15  Tim 0:07:12
acc_train_cw(현재 train의 class별 acc) [0.0, 0.0, 0.0, 0.0, 0.0, 1.0, 0.0]
cw_psl_total_eval(pseudo label 클래스별 총 샘플 수):  [0, 0, 0, 0, 0, 0, 0]
cw_psl_correct_eval(pseudo label 클래스별 맞은 샘플 수):  [0, 0, 0, 0, 0, 0, 0]
psl_acc(PSL 평가에서의 정확도): None 
cw_psl_acc(클래스별 PSL 평가에서의 정확도):  [nan, nan, nan, nan, nan, nan, nan]
**pseudo_label ->  [0.1344, 0.0911, 0.1677, 0.0921, 0.1163, 0.2346, 0.1638] **
max =  0.2346 | max_idx =  5
**pseudo_label ->  [0.1203, 0.0884, 0.1794, 0.0696, 0.0946, 0.256, 0.1916] **
max =  0.256 | max_idx =  5
**pseudo_label ->  [0.109, 0.1084, 0.2031, 0.0758, 0.1138, 0.1933, 0.1966] **
max =  0.2031 | max_idx =  2
**pseudo_label ->  [0.1165, 0.1068, 0.2023, 0.0896, 0.1119, 0.1942, 0.1787] **
max =  0.2023 | max_idx =  2
**pseudo_label ->  [0.1189, 0.0762, 0.1957, 0.0793, 0.1256, 0.2015, 0.2028] **
max =  0.2028 | max_idx =  6
Epoch 4/50, Train Loss: 2.1860, Valid Loss: 1.9224, Train Acc: 0.1429, Val Acc: 0.0261, Test Acc: 0.2971, Test F1: 0.0654, Total Pseudo-Labels: 0, Correct Pseudo-Labels: 0, Train Data Number: 35



line 303 => train data수 35
line 258 => 인스턴스 수 5
Step 20  Tim 0:09:28
acc_train_cw(현재 train의 class별 acc) [1.0, 0.0, 0.0, 0.0, 0.0, 0.0, 0.0]
cw_psl_total_eval(pseudo label 클래스별 총 샘플 수):  [0, 0, 0, 0, 0, 0, 0]
cw_psl_correct_eval(pseudo label 클래스별 맞은 샘플 수):  [0, 0, 0, 0, 0, 0, 0]
psl_acc(PSL 평가에서의 정확도): None 
cw_psl_acc(클래스별 PSL 평가에서의 정확도):  [nan, nan, nan, nan, nan, nan, nan]
**pseudo_label ->  [0.2321, 0.1961, 0.1463, 0.1969, 0.0721, 0.049, 0.1075] **
max =  0.2321 | max_idx =  0
**pseudo_label ->  [0.213, 0.1567, 0.1515, 0.2047, 0.0729, 0.046, 0.1552] **
max =  0.213 | max_idx =  0
**pseudo_label ->  [0.2596, 0.1716, 0.1681, 0.2023, 0.0703, 0.048, 0.08] **
max =  0.2596 | max_idx =  0
**pseudo_label ->  [0.2835, 0.1693, 0.1464, 0.1844, 0.0657, 0.0455, 0.1052] **
max =  0.2835 | max_idx =  0
**pseudo_label ->  [0.3046, 0.2137, 0.1121, 0.1609, 0.0491, 0.0289, 0.1306] **
max =  0.3046 | max_idx =  0
Epoch 5/50, Train Loss: 2.0082, Valid Loss: 1.9442, Train Acc: 0.1429, Val Acc: 0.0912, Test Acc: 0.0779, Test F1: 0.0206, Total Pseudo-Labels: 0, Correct Pseudo-Labels: 0, Train Data Number: 35



line 303 => train data수 35
line 258 => 인스턴스 수 5
Step 25  Tim 0:11:43
acc_train_cw(현재 train의 class별 acc) [0.0, 0.0, 0.0, 0.0, 1.0, 0.0, 0.0]
cw_psl_total_eval(pseudo label 클래스별 총 샘플 수):  [0, 0, 0, 0, 0, 0, 0]
cw_psl_correct_eval(pseudo label 클래스별 맞은 샘플 수):  [0, 0, 0, 0, 0, 0, 0]
psl_acc(PSL 평가에서의 정확도): None 
cw_psl_acc(클래스별 PSL 평가에서의 정확도):  [nan, nan, nan, nan, nan, nan, nan]
**pseudo_label ->  [0.1733, 0.1474, 0.137, 0.1397, 0.1875, 0.0735, 0.1417] **
max =  0.1875 | max_idx =  4
**pseudo_label ->  [0.1509, 0.13, 0.1752, 0.1287, 0.1592, 0.0971, 0.159] **
max =  0.1752 | max_idx =  2
**pseudo_label ->  [0.1633, 0.1349, 0.1378, 0.1195, 0.2349, 0.0884, 0.1212] **
max =  0.2349 | max_idx =  4
**pseudo_label ->  [0.146, 0.103, 0.1462, 0.1226, 0.2503, 0.0709, 0.161] **
max =  0.2503 | max_idx =  4
**pseudo_label ->  [0.1619, 0.1079, 0.162, 0.1255, 0.161, 0.0833, 0.1984] **
max =  0.1984 | max_idx =  6
Epoch 6/50, Train Loss: 2.0915, Valid Loss: 2.0173, Train Acc: 0.1429, Val Acc: 0.1433, Test Acc: 0.0430, Test F1: 0.0118, Total Pseudo-Labels: 0, Correct Pseudo-Labels: 0, Train Data Number: 35



line 303 => train data수 35
line 258 => 인스턴스 수 5
Step 30  Tim 0:13:56
acc_train_cw(현재 train의 class별 acc) [0.0, 0.0, 0.0, 0.0, 1.0, 0.0, 0.0]
cw_psl_total_eval(pseudo label 클래스별 총 샘플 수):  [0, 0, 0, 0, 0, 0, 0]
cw_psl_correct_eval(pseudo label 클래스별 맞은 샘플 수):  [0, 0, 0, 0, 0, 0, 0]
psl_acc(PSL 평가에서의 정확도): None 
cw_psl_acc(클래스별 PSL 평가에서의 정확도):  [nan, nan, nan, nan, nan, nan, nan]
**pseudo_label ->  [0.0643, 0.109, 0.1207, 0.1176, 0.2528, 0.1503, 0.1854] **
max =  0.2528 | max_idx =  4
**pseudo_label ->  [0.066, 0.1043, 0.0963, 0.1212, 0.2465, 0.2025, 0.1632] **
max =  0.2465 | max_idx =  4
**pseudo_label ->  [0.0834, 0.1011, 0.1354, 0.1366, 0.2098, 0.1582, 0.1754] **
max =  0.2098 | max_idx =  4
**pseudo_label ->  [0.068, 0.134, 0.1208, 0.1237, 0.2438, 0.1613, 0.1484] **
max =  0.2438 | max_idx =  4
**pseudo_label ->  [0.084, 0.1168, 0.1034, 0.1276, 0.2183, 0.1737, 0.1762] **
max =  0.2183 | max_idx =  4
Epoch 7/50, Train Loss: 2.0206, Valid Loss: 1.9206, Train Acc: 0.1429, Val Acc: 0.1433, Test Acc: 0.0430, Test F1: 0.0118, Total Pseudo-Labels: 0, Correct Pseudo-Labels: 0, Train Data Number: 35



line 303 => train data수 35
line 258 => 인스턴스 수 5
Step 35  Tim 0:16:12
acc_train_cw(현재 train의 class별 acc) [0.0, 0.0, 0.0, 0.0, 0.0, 1.0, 0.0]
cw_psl_total_eval(pseudo label 클래스별 총 샘플 수):  [0, 0, 0, 0, 0, 0, 0]
cw_psl_correct_eval(pseudo label 클래스별 맞은 샘플 수):  [0, 0, 0, 0, 0, 0, 0]
psl_acc(PSL 평가에서의 정확도): None 
cw_psl_acc(클래스별 PSL 평가에서의 정확도):  [nan, nan, nan, nan, nan, nan, nan]
**pseudo_label ->  [0.1295, 0.1402, 0.1996, 0.1515, 0.1085, 0.1657, 0.105] **
max =  0.1996 | max_idx =  2
**pseudo_label ->  [0.1178, 0.1377, 0.1685, 0.1842, 0.0898, 0.1876, 0.1145] **
max =  0.1876 | max_idx =  5
**pseudo_label ->  [0.1356, 0.1123, 0.1823, 0.1867, 0.1177, 0.1429, 0.1226] **
max =  0.1867 | max_idx =  3
**pseudo_label ->  [0.1046, 0.1334, 0.2012, 0.1454, 0.1028, 0.1867, 0.126] **
max =  0.2012 | max_idx =  2
**pseudo_label ->  [0.0865, 0.1178, 0.2546, 0.1602, 0.0834, 0.1952, 0.1024] **
max =  0.2546 | max_idx =  2
Epoch 8/50, Train Loss: 2.0498, Valid Loss: 2.0091, Train Acc: 0.1429, Val Acc: 0.0261, Test Acc: 0.2971, Test F1: 0.0654, Total Pseudo-Labels: 0, Correct Pseudo-Labels: 0, Train Data Number: 35



line 303 => train data수 35
line 258 => 인스턴스 수 5
Step 40  Tim 0:18:29
acc_train_cw(현재 train의 class별 acc) [0.0, 1.0, 0.0, 0.0, 0.0, 0.0, 0.0]
cw_psl_total_eval(pseudo label 클래스별 총 샘플 수):  [0, 0, 0, 0, 0, 0, 0]
cw_psl_correct_eval(pseudo label 클래스별 맞은 샘플 수):  [0, 0, 0, 0, 0, 0, 0]
psl_acc(PSL 평가에서의 정확도): None 
cw_psl_acc(클래스별 PSL 평가에서의 정확도):  [nan, nan, nan, nan, nan, nan, nan]
**pseudo_label ->  [0.1765, 0.1546, 0.1509, 0.1347, 0.0911, 0.1303, 0.1618] **
max =  0.1765 | max_idx =  0
**pseudo_label ->  [0.1684, 0.1509, 0.1313, 0.1471, 0.0724, 0.118, 0.2121] **
max =  0.2121 | max_idx =  6
**pseudo_label ->  [0.1975, 0.1444, 0.1165, 0.1895, 0.0564, 0.1037, 0.192] **
max =  0.1975 | max_idx =  0
**pseudo_label ->  [0.1449, 0.1749, 0.1279, 0.1649, 0.0755, 0.1516, 0.1603] **
max =  0.1749 | max_idx =  1
**pseudo_label ->  [0.1539, 0.1545, 0.182, 0.1327, 0.0662, 0.129, 0.1818] **
max =  0.182 | max_idx =  2
Epoch 9/50, Train Loss: 1.9881, Valid Loss: 1.9524, Train Acc: 0.1429, Val Acc: 0.0065, Test Acc: 0.2787, Test F1: 0.0623, Total Pseudo-Labels: 0, Correct Pseudo-Labels: 0, Train Data Number: 35



line 303 => train data수 35
line 258 => 인스턴스 수 5
Step 45  Tim 0:20:46
acc_train_cw(현재 train의 class별 acc) [0.0, 1.0, 0.0, 0.0, 0.0, 0.0, 0.0]
cw_psl_total_eval(pseudo label 클래스별 총 샘플 수):  [0, 0, 0, 0, 0, 0, 0]
cw_psl_correct_eval(pseudo label 클래스별 맞은 샘플 수):  [0, 0, 0, 0, 0, 0, 0]
psl_acc(PSL 평가에서의 정확도): None 
cw_psl_acc(클래스별 PSL 평가에서의 정확도):  [nan, nan, nan, nan, nan, nan, nan]
**pseudo_label ->  [0.1758, 0.1551, 0.1295, 0.1601, 0.1087, 0.144, 0.1267] **
max =  0.1758 | max_idx =  0
**pseudo_label ->  [0.1378, 0.1205, 0.1132, 0.1685, 0.1353, 0.1565, 0.1682] **
max =  0.1685 | max_idx =  3
**pseudo_label ->  [0.1339, 0.1857, 0.1321, 0.1789, 0.1156, 0.1387, 0.1151] **
max =  0.1857 | max_idx =  1
**pseudo_label ->  [0.1935, 0.1569, 0.1458, 0.1588, 0.1082, 0.1249, 0.1119] **
max =  0.1935 | max_idx =  0
**pseudo_label ->  [0.1488, 0.157, 0.1144, 0.1686, 0.1216, 0.1295, 0.1601] **
max =  0.1686 | max_idx =  3
Epoch 10/50, Train Loss: 2.0163, Valid Loss: 1.9130, Train Acc: 0.1429, Val Acc: 0.0065, Test Acc: 0.2787, Test F1: 0.0623, Total Pseudo-Labels: 0, Correct Pseudo-Labels: 0, Train Data Number: 35



line 303 => train data수 35
line 258 => 인스턴스 수 5
Step 50  Tim 0:23:05
acc_train_cw(현재 train의 class별 acc) [0.0, 0.0, 0.0, 0.0, 1.0, 0.0, 0.0]
cw_psl_total_eval(pseudo label 클래스별 총 샘플 수):  [0, 0, 0, 0, 0, 0, 0]
cw_psl_correct_eval(pseudo label 클래스별 맞은 샘플 수):  [0, 0, 0, 0, 0, 0, 0]
psl_acc(PSL 평가에서의 정확도): None 
cw_psl_acc(클래스별 PSL 평가에서의 정확도):  [nan, nan, nan, nan, nan, nan, nan]
**pseudo_label ->  [0.1651, 0.0864, 0.1144, 0.153, 0.2067, 0.1514, 0.123] **
max =  0.2067 | max_idx =  4
**pseudo_label ->  [0.1587, 0.1143, 0.1308, 0.1462, 0.2041, 0.1166, 0.1292] **
max =  0.2041 | max_idx =  4
**pseudo_label ->  [0.1537, 0.0918, 0.1014, 0.1416, 0.2432, 0.1347, 0.1336] **
max =  0.2432 | max_idx =  4
**pseudo_label ->  [0.1242, 0.0912, 0.2145, 0.1462, 0.175, 0.1226, 0.1263] **
max =  0.2145 | max_idx =  2
**pseudo_label ->  [0.1596, 0.1188, 0.1044, 0.166, 0.1847, 0.1336, 0.1329] **
max =  0.1847 | max_idx =  4
Epoch 11/50, Train Loss: 1.9795, Valid Loss: 1.9566, Train Acc: 0.1429, Val Acc: 0.1433, Test Acc: 0.0430, Test F1: 0.0118, Total Pseudo-Labels: 0, Correct Pseudo-Labels: 0, Train Data Number: 35



line 303 => train data수 35
line 258 => 인스턴스 수 5
Step 55  Tim 0:25:20
acc_train_cw(현재 train의 class별 acc) [0.0, 0.0, 0.0, 0.0, 1.0, 0.0, 0.0]
cw_psl_total_eval(pseudo label 클래스별 총 샘플 수):  [0, 0, 0, 0, 0, 0, 0]
cw_psl_correct_eval(pseudo label 클래스별 맞은 샘플 수):  [0, 0, 0, 0, 0, 0, 0]
psl_acc(PSL 평가에서의 정확도): None 
cw_psl_acc(클래스별 PSL 평가에서의 정확도):  [nan, nan, nan, nan, nan, nan, nan]
**pseudo_label ->  [0.1429, 0.1155, 0.1308, 0.145, 0.1779, 0.1593, 0.1285] **
max =  0.1779 | max_idx =  4
**pseudo_label ->  [0.1441, 0.1197, 0.1255, 0.1477, 0.1912, 0.162, 0.1098] **
max =  0.1912 | max_idx =  4
**pseudo_label ->  [0.14, 0.1142, 0.136, 0.1272, 0.1954, 0.1633, 0.1239] **
max =  0.1954 | max_idx =  4
**pseudo_label ->  [0.1513, 0.1178, 0.179, 0.1138, 0.1641, 0.1637, 0.1103] **
max =  0.179 | max_idx =  2
**pseudo_label ->  [0.1314, 0.1346, 0.1501, 0.1391, 0.1547, 0.1601, 0.13] **
max =  0.1601 | max_idx =  5
Epoch 12/50, Train Loss: 1.9995, Valid Loss: 1.9778, Train Acc: 0.1429, Val Acc: 0.1433, Test Acc: 0.0430, Test F1: 0.0118, Total Pseudo-Labels: 0, Correct Pseudo-Labels: 0, Train Data Number: 35



line 303 => train data수 35
line 258 => 인스턴스 수 5
Step 60  Tim 0:27:37
acc_train_cw(현재 train의 class별 acc) [0.0, 0.0, 1.0, 0.0, 0.0, 0.0, 0.0]
cw_psl_total_eval(pseudo label 클래스별 총 샘플 수):  [0, 0, 0, 0, 0, 0, 0]
cw_psl_correct_eval(pseudo label 클래스별 맞은 샘플 수):  [0, 0, 0, 0, 0, 0, 0]
psl_acc(PSL 평가에서의 정확도): None 
cw_psl_acc(클래스별 PSL 평가에서의 정확도):  [nan, nan, nan, nan, nan, nan, nan]
***best_acc_model_save --- epoch = 13***
Save model to ./experiment/python_extended_data/output/
**pseudo_label ->  [0.1522, 0.1196, 0.1669, 0.1173, 0.1496, 0.1675, 0.1268] **
max =  0.1675 | max_idx =  5
**pseudo_label ->  [0.1534, 0.1496, 0.1794, 0.1186, 0.1263, 0.1515, 0.1211] **
max =  0.1794 | max_idx =  2
**pseudo_label ->  [0.1323, 0.1567, 0.1704, 0.1263, 0.1263, 0.1609, 0.1271] **
max =  0.1704 | max_idx =  2
**pseudo_label ->  [0.1337, 0.1593, 0.1791, 0.1373, 0.1288, 0.1411, 0.1206] **
max =  0.1791 | max_idx =  2
**pseudo_label ->  [0.1507, 0.1384, 0.198, 0.1326, 0.1134, 0.1626, 0.1043] **
max =  0.198 | max_idx =  2
Epoch 13/50, Train Loss: 1.9792, Valid Loss: 1.9431, Train Acc: 0.1429, Val Acc: 0.2280, Test Acc: 0.1230, Test F1: 0.0313, Total Pseudo-Labels: 0, Correct Pseudo-Labels: 0, Train Data Number: 35



line 303 => train data수 35
line 258 => 인스턴스 수 5
Step 65  Tim 0:30:10
acc_train_cw(현재 train의 class별 acc) [0.0, 1.0, 0.0, 0.0, 0.0, 0.0, 0.0]
cw_psl_total_eval(pseudo label 클래스별 총 샘플 수):  [0, 0, 0, 0, 0, 0, 0]
cw_psl_correct_eval(pseudo label 클래스별 맞은 샘플 수):  [0, 0, 0, 0, 0, 0, 0]
psl_acc(PSL 평가에서의 정확도): None 
cw_psl_acc(클래스별 PSL 평가에서의 정확도):  [nan, nan, nan, nan, nan, nan, nan]
**pseudo_label ->  [0.1894, 0.1435, 0.1301, 0.1671, 0.0874, 0.1692, 0.1132] **
max =  0.1894 | max_idx =  0
**pseudo_label ->  [0.1603, 0.1401, 0.184, 0.148, 0.1127, 0.1264, 0.1285] **
max =  0.184 | max_idx =  2
**pseudo_label ->  [0.1408, 0.1494, 0.1958, 0.1392, 0.0911, 0.1413, 0.1423] **
max =  0.1958 | max_idx =  2
**pseudo_label ->  [0.1622, 0.1698, 0.1787, 0.1448, 0.0993, 0.1404, 0.1048] **
max =  0.1787 | max_idx =  2
**pseudo_label ->  [0.1383, 0.172, 0.1518, 0.1514, 0.0976, 0.1539, 0.135] **
max =  0.172 | max_idx =  1
Epoch 14/50, Train Loss: 1.9967, Valid Loss: 1.9743, Train Acc: 0.1429, Val Acc: 0.0065, Test Acc: 0.2787, Test F1: 0.0623, Total Pseudo-Labels: 0, Correct Pseudo-Labels: 0, Train Data Number: 35



line 303 => train data수 35
line 258 => 인스턴스 수 5
Step 70  Tim 0:32:28
acc_train_cw(현재 train의 class별 acc) [0.0, 1.0, 0.0, 0.0, 0.0, 0.0, 0.0]
cw_psl_total_eval(pseudo label 클래스별 총 샘플 수):  [0, 0, 0, 0, 0, 0, 0]
cw_psl_correct_eval(pseudo label 클래스별 맞은 샘플 수):  [0, 0, 0, 0, 0, 0, 0]
psl_acc(PSL 평가에서의 정확도): None 
cw_psl_acc(클래스별 PSL 평가에서의 정확도):  [nan, nan, nan, nan, nan, nan, nan]
**pseudo_label ->  [0.1269, 0.1292, 0.1486, 0.1536, 0.1292, 0.1508, 0.1616] **
max =  0.1616 | max_idx =  6
**pseudo_label ->  [0.1254, 0.1183, 0.0846, 0.1455, 0.1833, 0.159, 0.1839] **
max =  0.1839 | max_idx =  6
**pseudo_label ->  [0.1061, 0.164, 0.0823, 0.1779, 0.1643, 0.1414, 0.1639] **
max =  0.1779 | max_idx =  3
**pseudo_label ->  [0.1243, 0.1765, 0.1021, 0.1609, 0.1794, 0.1264, 0.1304] **
max =  0.1794 | max_idx =  4
**pseudo_label ->  [0.1274, 0.1586, 0.1151, 0.132, 0.1758, 0.142, 0.1492] **
max =  0.1758 | max_idx =  4
Epoch 15/50, Train Loss: 2.0642, Valid Loss: 1.8721, Train Acc: 0.1429, Val Acc: 0.0065, Test Acc: 0.2787, Test F1: 0.0623, Total Pseudo-Labels: 0, Correct Pseudo-Labels: 0, Train Data Number: 35



line 303 => train data수 35
line 258 => 인스턴스 수 5
Step 75  Tim 0:34:48
acc_train_cw(현재 train의 class별 acc) [0.0, 0.0, 0.0, 1.0, 0.0, 0.0, 0.0]
cw_psl_total_eval(pseudo label 클래스별 총 샘플 수):  [0, 0, 0, 0, 0, 0, 0]
cw_psl_correct_eval(pseudo label 클래스별 맞은 샘플 수):  [0, 0, 0, 0, 0, 0, 0]
psl_acc(PSL 평가에서의 정확도): None 
cw_psl_acc(클래스별 PSL 평가에서의 정확도):  [nan, nan, nan, nan, nan, nan, nan]
***best_acc_model_save --- epoch = 16***
Save model to ./experiment/python_extended_data/output/
**pseudo_label ->  [0.1302, 0.1317, 0.1165, 0.1787, 0.161, 0.1194, 0.1625] **
max =  0.1787 | max_idx =  3
**pseudo_label ->  [0.1491, 0.1419, 0.1055, 0.1729, 0.1503, 0.1072, 0.1731] **
max =  0.1731 | max_idx =  6
**pseudo_label ->  [0.1203, 0.1362, 0.1219, 0.1824, 0.1755, 0.1025, 0.1613] **
max =  0.1824 | max_idx =  3
**pseudo_label ->  [0.1159, 0.1458, 0.1283, 0.2047, 0.1552, 0.0984, 0.1517] **
max =  0.2047 | max_idx =  3
**pseudo_label ->  [0.1206, 0.1485, 0.1252, 0.1487, 0.1593, 0.1169, 0.1809] **
max =  0.1809 | max_idx =  6
Epoch 16/50, Train Loss: 1.9718, Valid Loss: 1.9902, Train Acc: 0.1429, Val Acc: 0.3876, Test Acc: 0.1619, Test F1: 0.0398, Total Pseudo-Labels: 0, Correct Pseudo-Labels: 0, Train Data Number: 35



line 303 => train data수 35
line 258 => 인스턴스 수 5
Step 80  Tim 0:37:18
acc_train_cw(현재 train의 class별 acc) [0.0, 1.0, 0.0, 0.0, 0.0, 0.0, 0.0]
cw_psl_total_eval(pseudo label 클래스별 총 샘플 수):  [0, 0, 0, 0, 0, 0, 0]
cw_psl_correct_eval(pseudo label 클래스별 맞은 샘플 수):  [0, 0, 0, 0, 0, 0, 0]
psl_acc(PSL 평가에서의 정확도): None 
cw_psl_acc(클래스별 PSL 평가에서의 정확도):  [nan, nan, nan, nan, nan, nan, nan]
**pseudo_label ->  [0.1483, 0.1458, 0.1689, 0.1191, 0.184, 0.1267, 0.1073] **
max =  0.184 | max_idx =  4
**pseudo_label ->  [0.1841, 0.1279, 0.1463, 0.099, 0.1704, 0.1416, 0.1307] **
max =  0.1841 | max_idx =  0
**pseudo_label ->  [0.1575, 0.164, 0.1519, 0.139, 0.1415, 0.1225, 0.1236] **
max =  0.164 | max_idx =  1
**pseudo_label ->  [0.175, 0.1603, 0.1486, 0.1248, 0.1446, 0.1275, 0.1193] **
max =  0.175 | max_idx =  0
**pseudo_label ->  [0.174, 0.1619, 0.1285, 0.1195, 0.1702, 0.1241, 0.1218] **
max =  0.174 | max_idx =  0
Epoch 17/50, Train Loss: 2.0053, Valid Loss: 2.0326, Train Acc: 0.1429, Val Acc: 0.0065, Test Acc: 0.2787, Test F1: 0.0623, Total Pseudo-Labels: 0, Correct Pseudo-Labels: 0, Train Data Number: 35



line 303 => train data수 35
line 258 => 인스턴스 수 5
Step 85  Tim 0:39:35
acc_train_cw(현재 train의 class별 acc) [1.0, 0.0, 0.0, 0.0, 0.0, 0.0, 0.0]
cw_psl_total_eval(pseudo label 클래스별 총 샘플 수):  [0, 0, 0, 0, 0, 0, 0]
cw_psl_correct_eval(pseudo label 클래스별 맞은 샘플 수):  [0, 0, 0, 0, 0, 0, 0]
psl_acc(PSL 평가에서의 정확도): None 
cw_psl_acc(클래스별 PSL 평가에서의 정확도):  [nan, nan, nan, nan, nan, nan, nan]
**pseudo_label ->  [0.2003, 0.1162, 0.1821, 0.0933, 0.1164, 0.1803, 0.1114] **
max =  0.2003 | max_idx =  0
**pseudo_label ->  [0.1915, 0.1165, 0.1706, 0.1116, 0.1231, 0.1762, 0.1105] **
max =  0.1915 | max_idx =  0
**pseudo_label ->  [0.1855, 0.1103, 0.1685, 0.104, 0.1284, 0.1867, 0.1165] **
max =  0.1867 | max_idx =  5
**pseudo_label ->  [0.1885, 0.0958, 0.1642, 0.1042, 0.1361, 0.1967, 0.1144] **
max =  0.1967 | max_idx =  5
**pseudo_label ->  [0.2188, 0.0863, 0.158, 0.0975, 0.1388, 0.2046, 0.0959] **
max =  0.2188 | max_idx =  0
Epoch 18/50, Train Loss: 2.0099, Valid Loss: 2.0100, Train Acc: 0.1429, Val Acc: 0.0912, Test Acc: 0.0779, Test F1: 0.0206, Total Pseudo-Labels: 0, Correct Pseudo-Labels: 0, Train Data Number: 35



line 303 => train data수 35
line 258 => 인스턴스 수 5
Step 90  Tim 0:41:51
acc_train_cw(현재 train의 class별 acc) [0.0, 0.0, 0.0, 0.0, 0.0, 1.0, 0.0]
cw_psl_total_eval(pseudo label 클래스별 총 샘플 수):  [0, 0, 0, 0, 0, 0, 0]
cw_psl_correct_eval(pseudo label 클래스별 맞은 샘플 수):  [0, 0, 0, 0, 0, 0, 0]
psl_acc(PSL 평가에서의 정확도): None 
cw_psl_acc(클래스별 PSL 평가에서의 정확도):  [nan, nan, nan, nan, nan, nan, nan]
**pseudo_label ->  [0.1033, 0.1594, 0.1461, 0.1274, 0.1519, 0.1809, 0.1311] **
max =  0.1809 | max_idx =  5
**pseudo_label ->  [0.1001, 0.1679, 0.1655, 0.1252, 0.1694, 0.161, 0.1109] **
max =  0.1694 | max_idx =  4
**pseudo_label ->  [0.1118, 0.1803, 0.1389, 0.1393, 0.1465, 0.1653, 0.1179] **
max =  0.1803 | max_idx =  1
**pseudo_label ->  [0.0906, 0.1218, 0.178, 0.1054, 0.1832, 0.1864, 0.1346] **
max =  0.1864 | max_idx =  5
**pseudo_label ->  [0.0953, 0.157, 0.1361, 0.1244, 0.1632, 0.2075, 0.1163] **
max =  0.2075 | max_idx =  5
Epoch 19/50, Train Loss: 2.0347, Valid Loss: 1.8175, Train Acc: 0.1429, Val Acc: 0.0261, Test Acc: 0.2971, Test F1: 0.0654, Total Pseudo-Labels: 0, Correct Pseudo-Labels: 0, Train Data Number: 35



line 303 => train data수 35
line 258 => 인스턴스 수 5
Step 95  Tim 0:44:07
acc_train_cw(현재 train의 class별 acc) [0.0, 0.0, 0.0, 1.0, 0.0, 0.0, 0.0]
cw_psl_total_eval(pseudo label 클래스별 총 샘플 수):  [0, 0, 0, 0, 0, 0, 0]
cw_psl_correct_eval(pseudo label 클래스별 맞은 샘플 수):  [0, 0, 0, 0, 0, 0, 0]
psl_acc(PSL 평가에서의 정확도): None 
cw_psl_acc(클래스별 PSL 평가에서의 정확도):  [nan, nan, nan, nan, nan, nan, nan]
**pseudo_label ->  [0.1028, 0.1303, 0.1108, 0.1958, 0.138, 0.1279, 0.1944] **
max =  0.1958 | max_idx =  3
**pseudo_label ->  [0.0999, 0.128, 0.1514, 0.1889, 0.1455, 0.1139, 0.1725] **
max =  0.1889 | max_idx =  3
**pseudo_label ->  [0.0908, 0.1291, 0.1379, 0.1963, 0.1398, 0.1168, 0.1892] **
max =  0.1963 | max_idx =  3
**pseudo_label ->  [0.1151, 0.1132, 0.1329, 0.2148, 0.128, 0.1227, 0.1733] **
max =  0.2148 | max_idx =  3
**pseudo_label ->  [0.0999, 0.1252, 0.1373, 0.1998, 0.1509, 0.1202, 0.1666] **
max =  0.1998 | max_idx =  3
Epoch 20/50, Train Loss: 2.0756, Valid Loss: 1.8705, Train Acc: 0.1429, Val Acc: 0.3876, Test Acc: 0.1619, Test F1: 0.0398, Total Pseudo-Labels: 0, Correct Pseudo-Labels: 0, Train Data Number: 35



line 303 => train data수 35
line 258 => 인스턴스 수 5
Step 100  Tim 0:46:20
acc_train_cw(현재 train의 class별 acc) [0.0, 0.0, 0.0, 1.0, 0.0, 0.0, 0.0]
cw_psl_total_eval(pseudo label 클래스별 총 샘플 수):  [0, 0, 0, 0, 0, 0, 0]
cw_psl_correct_eval(pseudo label 클래스별 맞은 샘플 수):  [0, 0, 0, 0, 0, 0, 0]
psl_acc(PSL 평가에서의 정확도): None 
cw_psl_acc(클래스별 PSL 평가에서의 정확도):  [nan, nan, nan, nan, nan, nan, nan]
**pseudo_label ->  [0.0748, 0.1589, 0.1547, 0.1652, 0.1672, 0.111, 0.1683] **
max =  0.1683 | max_idx =  6
**pseudo_label ->  [0.0983, 0.1451, 0.1265, 0.1901, 0.1613, 0.1201, 0.1587] **
max =  0.1901 | max_idx =  3
**pseudo_label ->  [0.0912, 0.147, 0.1196, 0.1642, 0.1893, 0.1229, 0.1658] **
max =  0.1893 | max_idx =  4
**pseudo_label ->  [0.0945, 0.1194, 0.1344, 0.1591, 0.1844, 0.1465, 0.1616] **
max =  0.1844 | max_idx =  4
**pseudo_label ->  [0.1026, 0.134, 0.1519, 0.1853, 0.1679, 0.1092, 0.1492] **
max =  0.1853 | max_idx =  3
Epoch 21/50, Train Loss: 1.9883, Valid Loss: 1.9976, Train Acc: 0.1429, Val Acc: 0.3876, Test Acc: 0.1619, Test F1: 0.0398, Total Pseudo-Labels: 0, Correct Pseudo-Labels: 0, Train Data Number: 35



line 303 => train data수 35
line 258 => 인스턴스 수 5
Step 105  Tim 0:48:37
acc_train_cw(현재 train의 class별 acc) [1.0, 0.0, 0.0, 0.0, 0.0, 0.0, 0.0]
cw_psl_total_eval(pseudo label 클래스별 총 샘플 수):  [0, 0, 0, 0, 0, 0, 0]
cw_psl_correct_eval(pseudo label 클래스별 맞은 샘플 수):  [0, 0, 0, 0, 0, 0, 0]
psl_acc(PSL 평가에서의 정확도): None 
cw_psl_acc(클래스별 PSL 평가에서의 정확도):  [nan, nan, nan, nan, nan, nan, nan]
**pseudo_label ->  [0.1808, 0.16, 0.1132, 0.1626, 0.1233, 0.1666, 0.0934] **
max =  0.1808 | max_idx =  0
**pseudo_label ->  [0.1473, 0.1586, 0.1286, 0.1508, 0.1509, 0.1798, 0.084] **
max =  0.1798 | max_idx =  5
**pseudo_label ->  [0.2509, 0.089, 0.1105, 0.1442, 0.1024, 0.2153, 0.0878] **
max =  0.2509 | max_idx =  0
**pseudo_label ->  [0.1755, 0.164, 0.1204, 0.1448, 0.1366, 0.1635, 0.0952] **
max =  0.1755 | max_idx =  0
**pseudo_label ->  [0.1856, 0.1304, 0.1254, 0.1267, 0.1717, 0.1711, 0.0891] **
max =  0.1856 | max_idx =  0
Epoch 22/50, Train Loss: 2.0146, Valid Loss: 2.0102, Train Acc: 0.1429, Val Acc: 0.0912, Test Acc: 0.0779, Test F1: 0.0206, Total Pseudo-Labels: 0, Correct Pseudo-Labels: 0, Train Data Number: 35



line 303 => train data수 35
line 258 => 인스턴스 수 5
Step 110  Tim 0:50:52
acc_train_cw(현재 train의 class별 acc) [1.0, 0.0, 0.0, 0.0, 0.0, 0.0, 0.0]
cw_psl_total_eval(pseudo label 클래스별 총 샘플 수):  [0, 0, 0, 0, 0, 0, 0]
cw_psl_correct_eval(pseudo label 클래스별 맞은 샘플 수):  [0, 0, 0, 0, 0, 0, 0]
psl_acc(PSL 평가에서의 정확도): None 
cw_psl_acc(클래스별 PSL 평가에서의 정확도):  [nan, nan, nan, nan, nan, nan, nan]
**pseudo_label ->  [0.1753, 0.1361, 0.1606, 0.109, 0.1709, 0.1443, 0.1038] **
max =  0.1753 | max_idx =  0
**pseudo_label ->  [0.1717, 0.1312, 0.1485, 0.1255, 0.1609, 0.1509, 0.1112] **
max =  0.1717 | max_idx =  0
**pseudo_label ->  [0.1913, 0.1152, 0.1396, 0.1125, 0.1734, 0.1715, 0.0965] **
max =  0.1913 | max_idx =  0
**pseudo_label ->  [0.2015, 0.1223, 0.1361, 0.1114, 0.1479, 0.1764, 0.1043] **
max =  0.2015 | max_idx =  0
**pseudo_label ->  [0.186, 0.1251, 0.1547, 0.096, 0.1668, 0.1599, 0.1115] **
max =  0.186 | max_idx =  0
Epoch 23/50, Train Loss: 1.9824, Valid Loss: 1.9320, Train Acc: 0.1429, Val Acc: 0.0912, Test Acc: 0.0779, Test F1: 0.0206, Total Pseudo-Labels: 0, Correct Pseudo-Labels: 0, Train Data Number: 35



line 303 => train data수 35
line 258 => 인스턴스 수 5
Step 115  Tim 0:53:06
acc_train_cw(현재 train의 class별 acc) [0.0, 1.0, 0.0, 0.0, 0.0, 0.0, 0.0]
cw_psl_total_eval(pseudo label 클래스별 총 샘플 수):  [0, 0, 0, 0, 0, 0, 0]
cw_psl_correct_eval(pseudo label 클래스별 맞은 샘플 수):  [0, 0, 0, 0, 0, 0, 0]
psl_acc(PSL 평가에서의 정확도): None 
cw_psl_acc(클래스별 PSL 평가에서의 정확도):  [nan, nan, nan, nan, nan, nan, nan]
**pseudo_label ->  [0.1214, 0.1297, 0.1692, 0.1583, 0.1206, 0.165, 0.1358] **
max =  0.1692 | max_idx =  2
**pseudo_label ->  [0.1264, 0.1462, 0.1744, 0.1685, 0.131, 0.1249, 0.1286] **
max =  0.1744 | max_idx =  2
**pseudo_label ->  [0.1177, 0.1747, 0.1807, 0.1765, 0.0986, 0.1444, 0.1074] **
max =  0.1807 | max_idx =  2
**pseudo_label ->  [0.114, 0.1717, 0.1598, 0.1569, 0.1209, 0.1343, 0.1424] **
max =  0.1717 | max_idx =  1
**pseudo_label ->  [0.116, 0.1555, 0.1548, 0.1561, 0.1241, 0.1525, 0.1411] **
max =  0.1561 | max_idx =  3
Epoch 24/50, Train Loss: 1.9869, Valid Loss: 1.9723, Train Acc: 0.1429, Val Acc: 0.0065, Test Acc: 0.2787, Test F1: 0.0623, Total Pseudo-Labels: 0, Correct Pseudo-Labels: 0, Train Data Number: 35



line 303 => train data수 35
line 258 => 인스턴스 수 5
Step 120  Tim 0:55:23
acc_train_cw(현재 train의 class별 acc) [0.0, 1.0, 0.0, 0.0, 0.0, 0.0, 0.0]
cw_psl_total_eval(pseudo label 클래스별 총 샘플 수):  [0, 0, 0, 0, 0, 0, 0]
cw_psl_correct_eval(pseudo label 클래스별 맞은 샘플 수):  [0, 0, 0, 0, 0, 0, 0]
psl_acc(PSL 평가에서의 정확도): None 
cw_psl_acc(클래스별 PSL 평가에서의 정확도):  [nan, nan, nan, nan, nan, nan, nan]
**pseudo_label ->  [0.1204, 0.1615, 0.1687, 0.14, 0.1143, 0.1304, 0.1646] **
max =  0.1687 | max_idx =  2
**pseudo_label ->  [0.1369, 0.1448, 0.1697, 0.1328, 0.1099, 0.1482, 0.1577] **
max =  0.1697 | max_idx =  2
**pseudo_label ->  [0.1353, 0.1485, 0.1449, 0.1518, 0.1228, 0.1517, 0.1449] **
max =  0.1518 | max_idx =  3
**pseudo_label ->  [0.1482, 0.1282, 0.1468, 0.1407, 0.1252, 0.1636, 0.1474] **
max =  0.1636 | max_idx =  5
**pseudo_label ->  [0.1216, 0.1484, 0.1681, 0.1567, 0.1152, 0.1449, 0.1452] **
max =  0.1681 | max_idx =  2
Epoch 25/50, Train Loss: 2.0285, Valid Loss: 1.9582, Train Acc: 0.1429, Val Acc: 0.0065, Test Acc: 0.2787, Test F1: 0.0623, Total Pseudo-Labels: 0, Correct Pseudo-Labels: 0, Train Data Number: 35



line 303 => train data수 35
line 258 => 인스턴스 수 5
Step 125  Tim 0:57:38
acc_train_cw(현재 train의 class별 acc) [0.0, 0.0, 0.0, 0.0, 0.0, 0.0, 1.0]
cw_psl_total_eval(pseudo label 클래스별 총 샘플 수):  [0, 0, 0, 0, 0, 0, 0]
cw_psl_correct_eval(pseudo label 클래스별 맞은 샘플 수):  [0, 0, 0, 0, 0, 0, 0]
psl_acc(PSL 평가에서의 정확도): None 
cw_psl_acc(클래스별 PSL 평가에서의 정확도):  [nan, nan, nan, nan, nan, nan, nan]
**pseudo_label ->  [0.1411, 0.1181, 0.1633, 0.104, 0.1661, 0.1151, 0.1923] **
max =  0.1923 | max_idx =  6
**pseudo_label ->  [0.1207, 0.1156, 0.1408, 0.1554, 0.1542, 0.1335, 0.1798] **
max =  0.1798 | max_idx =  6
**pseudo_label ->  [0.1351, 0.1027, 0.1475, 0.1271, 0.1429, 0.1263, 0.2185] **
max =  0.2185 | max_idx =  6
**pseudo_label ->  [0.1355, 0.1077, 0.1233, 0.1212, 0.132, 0.1349, 0.2455] **
max =  0.2455 | max_idx =  6
**pseudo_label ->  [0.154, 0.1175, 0.1555, 0.1076, 0.1452, 0.125, 0.1952] **
max =  0.1952 | max_idx =  6
Epoch 26/50, Train Loss: 2.0020, Valid Loss: 1.9192, Train Acc: 0.1429, Val Acc: 0.1173, Test Acc: 0.0184, Test F1: 0.0052, Total Pseudo-Labels: 0, Correct Pseudo-Labels: 0, Train Data Number: 35



line 303 => train data수 35
line 258 => 인스턴스 수 5
Step 130  Tim 0:59:55
acc_train_cw(현재 train의 class별 acc) [0.0, 0.0, 0.0, 0.0, 1.0, 0.0, 0.0]
cw_psl_total_eval(pseudo label 클래스별 총 샘플 수):  [0, 0, 0, 0, 0, 0, 0]
cw_psl_correct_eval(pseudo label 클래스별 맞은 샘플 수):  [0, 0, 0, 0, 0, 0, 0]
psl_acc(PSL 평가에서의 정확도): None 
cw_psl_acc(클래스별 PSL 평가에서의 정확도):  [nan, nan, nan, nan, nan, nan, nan]
**pseudo_label ->  [0.1561, 0.1276, 0.1276, 0.1533, 0.1668, 0.1182, 0.1505] **
max =  0.1668 | max_idx =  4
**pseudo_label ->  [0.1525, 0.1319, 0.1186, 0.162, 0.1553, 0.1203, 0.1593] **
max =  0.162 | max_idx =  3
**pseudo_label ->  [0.1531, 0.1273, 0.1353, 0.1599, 0.159, 0.1157, 0.1496] **
max =  0.1599 | max_idx =  3
**pseudo_label ->  [0.1413, 0.1251, 0.1166, 0.1556, 0.1919, 0.1202, 0.1494] **
max =  0.1919 | max_idx =  4
**pseudo_label ->  [0.1323, 0.1281, 0.1312, 0.1541, 0.1761, 0.1016, 0.1766] **
max =  0.1766 | max_idx =  6
Epoch 27/50, Train Loss: 1.9736, Valid Loss: 1.9592, Train Acc: 0.1429, Val Acc: 0.1433, Test Acc: 0.0430, Test F1: 0.0118, Total Pseudo-Labels: 0, Correct Pseudo-Labels: 0, Train Data Number: 35



line 303 => train data수 35
line 258 => 인스턴스 수 5
Step 135  Tim 1:02:13
acc_train_cw(현재 train의 class별 acc) [1.0, 0.0, 0.0, 0.0, 0.0, 0.0, 0.0]
cw_psl_total_eval(pseudo label 클래스별 총 샘플 수):  [0, 0, 0, 0, 0, 0, 0]
cw_psl_correct_eval(pseudo label 클래스별 맞은 샘플 수):  [0, 0, 0, 0, 0, 0, 0]
psl_acc(PSL 평가에서의 정확도): None 
cw_psl_acc(클래스별 PSL 평가에서의 정확도):  [nan, nan, nan, nan, nan, nan, nan]
**pseudo_label ->  [0.1428, 0.1562, 0.1363, 0.1397, 0.148, 0.1408, 0.1362] **
max =  0.1562 | max_idx =  1
**pseudo_label ->  [0.147, 0.1572, 0.1394, 0.1374, 0.1335, 0.1472, 0.1383] **
max =  0.1572 | max_idx =  1
**pseudo_label ->  [0.1758, 0.1281, 0.1117, 0.1659, 0.1658, 0.1574, 0.0953] **
max =  0.1758 | max_idx =  0
**pseudo_label ->  [0.1444, 0.1488, 0.155, 0.1268, 0.1543, 0.1354, 0.1354] **
max =  0.155 | max_idx =  2
**pseudo_label ->  [0.1461, 0.1519, 0.1446, 0.128, 0.1369, 0.1491, 0.1434] **
max =  0.1519 | max_idx =  1
Epoch 28/50, Train Loss: 1.9554, Valid Loss: 1.9522, Train Acc: 0.1429, Val Acc: 0.0912, Test Acc: 0.0779, Test F1: 0.0206, Total Pseudo-Labels: 0, Correct Pseudo-Labels: 0, Train Data Number: 35



line 303 => train data수 35
line 258 => 인스턴스 수 5
Step 140  Tim 1:04:30
acc_train_cw(현재 train의 class별 acc) [0.0, 0.0, 0.0, 1.0, 0.0, 0.0, 0.0]
cw_psl_total_eval(pseudo label 클래스별 총 샘플 수):  [0, 0, 0, 0, 0, 0, 0]
cw_psl_correct_eval(pseudo label 클래스별 맞은 샘플 수):  [0, 0, 0, 0, 0, 0, 0]
psl_acc(PSL 평가에서의 정확도): None 
cw_psl_acc(클래스별 PSL 평가에서의 정확도):  [nan, nan, nan, nan, nan, nan, nan]
**pseudo_label ->  [0.1635, 0.16, 0.1316, 0.155, 0.1315, 0.1255, 0.133] **
max =  0.1635 | max_idx =  0
**pseudo_label ->  [0.1552, 0.1483, 0.1299, 0.1509, 0.146, 0.1257, 0.144] **
max =  0.1552 | max_idx =  0
**pseudo_label ->  [0.1541, 0.1722, 0.1191, 0.1658, 0.1079, 0.1537, 0.1271] **
max =  0.1722 | max_idx =  1
**pseudo_label ->  [0.157, 0.1729, 0.1308, 0.1578, 0.1247, 0.1342, 0.1226] **
max =  0.1729 | max_idx =  1
**pseudo_label ->  [0.1754, 0.1188, 0.1249, 0.1805, 0.1318, 0.1536, 0.1151] **
max =  0.1805 | max_idx =  3
Epoch 29/50, Train Loss: 1.9939, Valid Loss: 1.9240, Train Acc: 0.1429, Val Acc: 0.3876, Test Acc: 0.1619, Test F1: 0.0398, Total Pseudo-Labels: 0, Correct Pseudo-Labels: 0, Train Data Number: 35



line 303 => train data수 35
line 258 => 인스턴스 수 5
Step 145  Tim 1:06:47
acc_train_cw(현재 train의 class별 acc) [0.0, 0.0, 1.0, 0.0, 0.0, 0.0, 0.0]
cw_psl_total_eval(pseudo label 클래스별 총 샘플 수):  [0, 0, 0, 0, 0, 0, 0]
cw_psl_correct_eval(pseudo label 클래스별 맞은 샘플 수):  [0, 0, 0, 0, 0, 0, 0]
psl_acc(PSL 평가에서의 정확도): None 
cw_psl_acc(클래스별 PSL 평가에서의 정확도):  [nan, nan, nan, nan, nan, nan, nan]
**pseudo_label ->  [0.1479, 0.1517, 0.1865, 0.1434, 0.1121, 0.1247, 0.1337] **
max =  0.1865 | max_idx =  2
**pseudo_label ->  [0.1542, 0.1552, 0.1696, 0.1542, 0.1076, 0.1155, 0.1437] **
max =  0.1696 | max_idx =  2
**pseudo_label ->  [0.1479, 0.1302, 0.1766, 0.1571, 0.1247, 0.1331, 0.1304] **
max =  0.1766 | max_idx =  2
**pseudo_label ->  [0.1531, 0.1425, 0.1719, 0.1583, 0.1112, 0.1206, 0.1425] **
max =  0.1719 | max_idx =  2
**pseudo_label ->  [0.1719, 0.1451, 0.171, 0.1442, 0.1158, 0.1142, 0.1379] **
max =  0.1719 | max_idx =  0
Epoch 30/50, Train Loss: 1.9851, Valid Loss: 1.8844, Train Acc: 0.1429, Val Acc: 0.2280, Test Acc: 0.1230, Test F1: 0.0313, Total Pseudo-Labels: 0, Correct Pseudo-Labels: 0, Train Data Number: 35



line 303 => train data수 35
line 258 => 인스턴스 수 5
Step 150  Tim 1:09:02
acc_train_cw(현재 train의 class별 acc) [0.0, 0.0, 1.0, 0.0, 0.0, 0.0, 0.0]
cw_psl_total_eval(pseudo label 클래스별 총 샘플 수):  [0, 0, 0, 0, 0, 0, 0]
cw_psl_correct_eval(pseudo label 클래스별 맞은 샘플 수):  [0, 0, 0, 0, 0, 0, 0]
psl_acc(PSL 평가에서의 정확도): None 
cw_psl_acc(클래스별 PSL 평가에서의 정확도):  [nan, nan, nan, nan, nan, nan, nan]
**pseudo_label ->  [0.1371, 0.1248, 0.189, 0.1368, 0.1452, 0.1482, 0.1188] **
max =  0.189 | max_idx =  2
**pseudo_label ->  [0.134, 0.1284, 0.1516, 0.1401, 0.1679, 0.137, 0.1411] **
max =  0.1679 | max_idx =  4
**pseudo_label ->  [0.1341, 0.1448, 0.1806, 0.1556, 0.1289, 0.1539, 0.102] **
max =  0.1806 | max_idx =  2
**pseudo_label ->  [0.1321, 0.1327, 0.1663, 0.1577, 0.1597, 0.1342, 0.1173] **
max =  0.1663 | max_idx =  2
**pseudo_label ->  [0.1353, 0.1244, 0.1852, 0.1571, 0.137, 0.1362, 0.1248] **
max =  0.1852 | max_idx =  2
Epoch 31/50, Train Loss: 1.9839, Valid Loss: 1.9361, Train Acc: 0.1429, Val Acc: 0.2280, Test Acc: 0.1230, Test F1: 0.0313, Total Pseudo-Labels: 0, Correct Pseudo-Labels: 0, Train Data Number: 35



line 303 => train data수 35
line 258 => 인스턴스 수 5
Step 155  Tim 1:11:18
acc_train_cw(현재 train의 class별 acc) [0.0, 0.0, 0.0, 0.0, 0.0, 0.0, 1.0]
cw_psl_total_eval(pseudo label 클래스별 총 샘플 수):  [0, 0, 0, 0, 0, 0, 0]
cw_psl_correct_eval(pseudo label 클래스별 맞은 샘플 수):  [0, 0, 0, 0, 0, 0, 0]
psl_acc(PSL 평가에서의 정확도): None 
cw_psl_acc(클래스별 PSL 평가에서의 정확도):  [nan, nan, nan, nan, nan, nan, nan]
**pseudo_label ->  [0.1319, 0.1171, 0.1279, 0.1422, 0.1679, 0.1379, 0.1751] **
max =  0.1751 | max_idx =  6
**pseudo_label ->  [0.1159, 0.1408, 0.1498, 0.1272, 0.1525, 0.1405, 0.1734] **
max =  0.1734 | max_idx =  6
**pseudo_label ->  [0.1186, 0.1382, 0.1502, 0.1385, 0.1704, 0.1312, 0.1529] **
max =  0.1704 | max_idx =  4
**pseudo_label ->  [0.1129, 0.1589, 0.1391, 0.1384, 0.167, 0.1281, 0.1556] **
max =  0.167 | max_idx =  4
**pseudo_label ->  [0.1297, 0.1091, 0.13, 0.149, 0.1818, 0.1394, 0.161] **
max =  0.1818 | max_idx =  4
Epoch 32/50, Train Loss: 1.9795, Valid Loss: 2.1100, Train Acc: 0.1429, Val Acc: 0.1173, Test Acc: 0.0184, Test F1: 0.0052, Total Pseudo-Labels: 0, Correct Pseudo-Labels: 0, Train Data Number: 35



line 303 => train data수 35
line 258 => 인스턴스 수 5
Step 160  Tim 1:13:32
acc_train_cw(현재 train의 class별 acc) [0.0, 0.0, 0.0, 0.0, 0.0, 1.0, 0.0]
cw_psl_total_eval(pseudo label 클래스별 총 샘플 수):  [0, 0, 0, 0, 0, 0, 0]
cw_psl_correct_eval(pseudo label 클래스별 맞은 샘플 수):  [0, 0, 0, 0, 0, 0, 0]
psl_acc(PSL 평가에서의 정확도): None 
cw_psl_acc(클래스별 PSL 평가에서의 정확도):  [nan, nan, nan, nan, nan, nan, nan]
**pseudo_label ->  [0.1328, 0.1855, 0.102, 0.1204, 0.1011, 0.1999, 0.1583] **
max =  0.1999 | max_idx =  5
**pseudo_label ->  [0.1348, 0.18, 0.1212, 0.124, 0.1282, 0.1775, 0.1343] **
max =  0.18 | max_idx =  1
**pseudo_label ->  [0.1259, 0.2122, 0.0888, 0.1007, 0.1254, 0.1833, 0.1636] **
max =  0.2122 | max_idx =  1
**pseudo_label ->  [0.1334, 0.1767, 0.1112, 0.1345, 0.1246, 0.1849, 0.1346] **
max =  0.1849 | max_idx =  5
**pseudo_label ->  [0.1409, 0.165, 0.1062, 0.115, 0.1302, 0.1853, 0.1573] **
max =  0.1853 | max_idx =  5
Epoch 33/50, Train Loss: 1.9929, Valid Loss: 2.0494, Train Acc: 0.1429, Val Acc: 0.0261, Test Acc: 0.2971, Test F1: 0.0654, Total Pseudo-Labels: 0, Correct Pseudo-Labels: 0, Train Data Number: 35



line 303 => train data수 35
line 258 => 인스턴스 수 5
Step 165  Tim 1:15:47
acc_train_cw(현재 train의 class별 acc) [0.0, 0.0, 0.0, 0.0, 0.0, 1.0, 0.0]
cw_psl_total_eval(pseudo label 클래스별 총 샘플 수):  [0, 0, 0, 0, 0, 0, 0]
cw_psl_correct_eval(pseudo label 클래스별 맞은 샘플 수):  [0, 0, 0, 0, 0, 0, 0]
psl_acc(PSL 평가에서의 정확도): None 
cw_psl_acc(클래스별 PSL 평가에서의 정확도):  [nan, nan, nan, nan, nan, nan, nan]
**pseudo_label ->  [0.1321, 0.1667, 0.135, 0.1056, 0.1477, 0.1652, 0.1477] **
max =  0.1667 | max_idx =  1
**pseudo_label ->  [0.1504, 0.1358, 0.1375, 0.1291, 0.1412, 0.1786, 0.1273] **
max =  0.1786 | max_idx =  5
**pseudo_label ->  [0.1327, 0.141, 0.1386, 0.1048, 0.1398, 0.1915, 0.1514] **
max =  0.1915 | max_idx =  5
**pseudo_label ->  [0.1206, 0.1602, 0.1304, 0.1293, 0.1301, 0.186, 0.1434] **
max =  0.186 | max_idx =  5
**pseudo_label ->  [0.1205, 0.1512, 0.134, 0.1164, 0.1331, 0.2216, 0.1233] **
max =  0.2216 | max_idx =  5
Epoch 34/50, Train Loss: 1.9833, Valid Loss: 1.9325, Train Acc: 0.1429, Val Acc: 0.0261, Test Acc: 0.2971, Test F1: 0.0654, Total Pseudo-Labels: 0, Correct Pseudo-Labels: 0, Train Data Number: 35



line 303 => train data수 35
line 258 => 인스턴스 수 5
Step 170  Tim 1:18:06
acc_train_cw(현재 train의 class별 acc) [0.0, 0.0, 1.0, 0.0, 0.0, 0.0, 0.0]
cw_psl_total_eval(pseudo label 클래스별 총 샘플 수):  [0, 0, 0, 0, 0, 0, 0]
cw_psl_correct_eval(pseudo label 클래스별 맞은 샘플 수):  [0, 0, 0, 0, 0, 0, 0]
psl_acc(PSL 평가에서의 정확도): None 
cw_psl_acc(클래스별 PSL 평가에서의 정확도):  [nan, nan, nan, nan, nan, nan, nan]
**pseudo_label ->  [0.1443, 0.1397, 0.1956, 0.1464, 0.1124, 0.1172, 0.1443] **
max =  0.1956 | max_idx =  2
**pseudo_label ->  [0.165, 0.1058, 0.1523, 0.1683, 0.1322, 0.1217, 0.1547] **
max =  0.1683 | max_idx =  3
**pseudo_label ->  [0.1401, 0.1642, 0.1785, 0.1547, 0.1267, 0.1142, 0.1216] **
max =  0.1785 | max_idx =  2
**pseudo_label ->  [0.1321, 0.1545, 0.1817, 0.131, 0.1356, 0.1241, 0.141] **
max =  0.1817 | max_idx =  2
**pseudo_label ->  [0.139, 0.1528, 0.1932, 0.1285, 0.1397, 0.1199, 0.127] **
max =  0.1932 | max_idx =  2
Epoch 35/50, Train Loss: 1.9068, Valid Loss: 1.9493, Train Acc: 0.1429, Val Acc: 0.2280, Test Acc: 0.1230, Test F1: 0.0313, Total Pseudo-Labels: 0, Correct Pseudo-Labels: 0, Train Data Number: 35



line 303 => train data수 35
line 258 => 인스턴스 수 5
Step 175  Tim 1:20:23
acc_train_cw(현재 train의 class별 acc) [1.0, 0.0, 0.0, 0.0, 0.0, 0.0, 0.0]
cw_psl_total_eval(pseudo label 클래스별 총 샘플 수):  [0, 0, 0, 0, 0, 0, 0]
cw_psl_correct_eval(pseudo label 클래스별 맞은 샘플 수):  [0, 0, 0, 0, 0, 0, 0]
psl_acc(PSL 평가에서의 정확도): None 
cw_psl_acc(클래스별 PSL 평가에서의 정확도):  [nan, nan, nan, nan, nan, nan, nan]
**pseudo_label ->  [0.159, 0.1198, 0.1481, 0.1464, 0.132, 0.1534, 0.1413] **
max =  0.159 | max_idx =  0
**pseudo_label ->  [0.1727, 0.1338, 0.1453, 0.1381, 0.1309, 0.1425, 0.1367] **
max =  0.1727 | max_idx =  0
**pseudo_label ->  [0.1632, 0.1466, 0.1333, 0.1555, 0.127, 0.1431, 0.1313] **
max =  0.1632 | max_idx =  0
**pseudo_label ->  [0.1658, 0.1442, 0.1498, 0.127, 0.1371, 0.1468, 0.1293] **
max =  0.1658 | max_idx =  0
**pseudo_label ->  [0.1654, 0.135, 0.1313, 0.1425, 0.1263, 0.1623, 0.1371] **
max =  0.1654 | max_idx =  0
Epoch 36/50, Train Loss: 1.9795, Valid Loss: 1.9869, Train Acc: 0.1429, Val Acc: 0.0912, Test Acc: 0.0779, Test F1: 0.0206, Total Pseudo-Labels: 0, Correct Pseudo-Labels: 0, Train Data Number: 35



line 303 => train data수 35
line 258 => 인스턴스 수 5
Step 180  Tim 1:22:37
acc_train_cw(현재 train의 class별 acc) [1.0, 0.0, 0.0, 0.0, 0.0, 0.0, 0.0]
cw_psl_total_eval(pseudo label 클래스별 총 샘플 수):  [0, 0, 0, 32, 0, 0, 0]
cw_psl_correct_eval(pseudo label 클래스별 맞은 샘플 수):  [0, 0, 0, 7, 0, 0, 0]
psl_acc(PSL 평가에서의 정확도):  0.219 
cw_psl_acc(클래스별 PSL 평가에서의 정확도):  [nan, nan, nan, 0.21875, nan, nan, nan]
**pseudo_label ->  [0.1604, 0.1312, 0.1113, 0.1473, 0.1655, 0.1238, 0.1604] **
max =  0.1655 | max_idx =  4
**pseudo_label ->  [0.1567, 0.1366, 0.1269, 0.1281, 0.1486, 0.1407, 0.1624] **
max =  0.1624 | max_idx =  6
**pseudo_label ->  [0.1662, 0.116, 0.1069, 0.1294, 0.1598, 0.1492, 0.1724] **
max =  0.1724 | max_idx =  6
**pseudo_label ->  [0.1564, 0.1423, 0.1201, 0.112, 0.1511, 0.1541, 0.164] **
max =  0.164 | max_idx =  6
**pseudo_label ->  [0.1544, 0.129, 0.1312, 0.1251, 0.1532, 0.1331, 0.1741] **
max =  0.1741 | max_idx =  6
Epoch 37/50, Train Loss: 2.0528, Valid Loss: 2.0057, Train Acc: 0.1429, Val Acc: 0.0912, Test Acc: 0.0779, Test F1: 0.0206, Total Pseudo-Labels: 0, Correct Pseudo-Labels: 0, Train Data Number: 35



line 303 => train data수 35
line 258 => 인스턴스 수 5
Step 185  Tim 1:24:56
acc_train_cw(현재 train의 class별 acc) [0.0, 1.0, 0.0, 0.0, 0.0, 0.0, 0.0]
cw_psl_total_eval(pseudo label 클래스별 총 샘플 수):  [0, 0, 0, 48, 0, 0, 0]
cw_psl_correct_eval(pseudo label 클래스별 맞은 샘플 수):  [0, 0, 0, 9, 0, 0, 0]
psl_acc(PSL 평가에서의 정확도):  0.188 
cw_psl_acc(클래스별 PSL 평가에서의 정확도):  [nan, nan, nan, 0.1875, nan, nan, nan]
**pseudo_label ->  [0.1341, 0.1886, 0.1435, 0.1157, 0.1575, 0.1243, 0.1362] **
max =  0.1886 | max_idx =  1
**pseudo_label ->  [0.1693, 0.1166, 0.1318, 0.1792, 0.1575, 0.1015, 0.1442] **
max =  0.1792 | max_idx =  3
**pseudo_label ->  [0.1363, 0.1708, 0.1425, 0.1217, 0.1625, 0.1225, 0.1437] **
max =  0.1708 | max_idx =  1
**pseudo_label ->  [0.2691, 0.0338, 0.0732, 0.5206, 0.0487, 0.0317, 0.0229] **
max =  0.5206 | max_idx =  3
**pseudo_label ->  [0.1278, 0.1904, 0.1217, 0.0971, 0.1767, 0.1491, 0.1373] **
max =  0.1904 | max_idx =  1
Epoch 38/50, Train Loss: 2.0299, Valid Loss: 1.9119, Train Acc: 0.1429, Val Acc: 0.0065, Test Acc: 0.2787, Test F1: 0.0623, Total Pseudo-Labels: 0, Correct Pseudo-Labels: 0, Train Data Number: 35



line 303 => train data수 35
line 258 => 인스턴스 수 5
Step 190  Tim 1:27:12
acc_train_cw(현재 train의 class별 acc) [0.0, 0.0, 1.0, 0.0, 0.0, 0.0, 0.0]
cw_psl_total_eval(pseudo label 클래스별 총 샘플 수):  [0, 0, 0, 0, 0, 0, 0]
cw_psl_correct_eval(pseudo label 클래스별 맞은 샘플 수):  [0, 0, 0, 0, 0, 0, 0]
psl_acc(PSL 평가에서의 정확도): None 
cw_psl_acc(클래스별 PSL 평가에서의 정확도):  [nan, nan, nan, nan, nan, nan, nan]
**pseudo_label ->  [0.1039, 0.148, 0.1804, 0.1485, 0.1361, 0.1285, 0.1545] **
max =  0.1804 | max_idx =  2
**pseudo_label ->  [0.1174, 0.1371, 0.1625, 0.1485, 0.1353, 0.1401, 0.1592] **
max =  0.1625 | max_idx =  2
**pseudo_label ->  [0.1164, 0.131, 0.2056, 0.1334, 0.1374, 0.1346, 0.1416] **
max =  0.2056 | max_idx =  2
**pseudo_label ->  [0.1184, 0.1281, 0.1713, 0.1326, 0.1277, 0.1698, 0.152] **
max =  0.1713 | max_idx =  2
**pseudo_label ->  [0.1232, 0.1273, 0.1886, 0.1642, 0.1249, 0.1443, 0.1275] **
max =  0.1886 | max_idx =  2
Epoch 39/50, Train Loss: 2.0030, Valid Loss: 1.9130, Train Acc: 0.1429, Val Acc: 0.2280, Test Acc: 0.1230, Test F1: 0.0313, Total Pseudo-Labels: 0, Correct Pseudo-Labels: 0, Train Data Number: 35



line 303 => train data수 35
line 258 => 인스턴스 수 5
Step 195  Tim 1:29:28
acc_train_cw(현재 train의 class별 acc) [0.0, 0.0, 0.0, 0.0, 0.0, 1.0, 0.0]
cw_psl_total_eval(pseudo label 클래스별 총 샘플 수):  [0, 0, 0, 0, 0, 0, 0]
cw_psl_correct_eval(pseudo label 클래스별 맞은 샘플 수):  [0, 0, 0, 0, 0, 0, 0]
psl_acc(PSL 평가에서의 정확도): None 
cw_psl_acc(클래스별 PSL 평가에서의 정확도):  [nan, nan, nan, nan, nan, nan, nan]
**pseudo_label ->  [0.1228, 0.1323, 0.1287, 0.171, 0.1392, 0.1581, 0.1479] **
max =  0.171 | max_idx =  3
**pseudo_label ->  [0.1065, 0.1399, 0.1509, 0.1647, 0.1427, 0.1512, 0.1441] **
max =  0.1647 | max_idx =  3
**pseudo_label ->  [0.1028, 0.1368, 0.1501, 0.1661, 0.1276, 0.1867, 0.13] **
max =  0.1867 | max_idx =  5
**pseudo_label ->  [0.1195, 0.1367, 0.1381, 0.1502, 0.1376, 0.1682, 0.1497] **
max =  0.1682 | max_idx =  5
**pseudo_label ->  [0.1336, 0.1318, 0.1177, 0.2094, 0.119, 0.1562, 0.1322] **
max =  0.2094 | max_idx =  3
Epoch 40/50, Train Loss: 1.9787, Valid Loss: 2.0082, Train Acc: 0.1429, Val Acc: 0.0261, Test Acc: 0.2971, Test F1: 0.0654, Total Pseudo-Labels: 0, Correct Pseudo-Labels: 0, Train Data Number: 35



line 303 => train data수 35
line 258 => 인스턴스 수 5
Step 200  Tim 1:31:42
acc_train_cw(현재 train의 class별 acc) [0.0, 1.0, 0.0, 0.0, 0.0, 0.0, 0.0]
cw_psl_total_eval(pseudo label 클래스별 총 샘플 수):  [0, 0, 0, 0, 0, 0, 0]
cw_psl_correct_eval(pseudo label 클래스별 맞은 샘플 수):  [0, 0, 0, 0, 0, 0, 0]
psl_acc(PSL 평가에서의 정확도): None 
cw_psl_acc(클래스별 PSL 평가에서의 정확도):  [nan, nan, nan, nan, nan, nan, nan]
**pseudo_label ->  [0.1163, 0.1651, 0.1704, 0.1064, 0.1543, 0.146, 0.1415] **
max =  0.1704 | max_idx =  2
**pseudo_label ->  [0.1072, 0.1903, 0.1317, 0.1269, 0.1386, 0.1446, 0.1606] **
max =  0.1903 | max_idx =  1
**pseudo_label ->  [0.1196, 0.1722, 0.1421, 0.1389, 0.1455, 0.1495, 0.1322] **
max =  0.1722 | max_idx =  1
**pseudo_label ->  [0.1482, 0.1411, 0.1239, 0.1415, 0.1376, 0.1601, 0.1476] **
max =  0.1601 | max_idx =  5
**pseudo_label ->  [0.1093, 0.1699, 0.1415, 0.1312, 0.1489, 0.1491, 0.1501] **
max =  0.1699 | max_idx =  1
Epoch 41/50, Train Loss: 1.9895, Valid Loss: 1.9945, Train Acc: 0.1429, Val Acc: 0.0065, Test Acc: 0.2787, Test F1: 0.0623, Total Pseudo-Labels: 0, Correct Pseudo-Labels: 0, Train Data Number: 35



line 303 => train data수 35
line 258 => 인스턴스 수 5
Step 205  Tim 1:33:59
acc_train_cw(현재 train의 class별 acc) [0.0, 1.0, 0.0, 0.0, 0.0, 0.0, 0.0]
cw_psl_total_eval(pseudo label 클래스별 총 샘플 수):  [0, 0, 0, 0, 0, 0, 0]
cw_psl_correct_eval(pseudo label 클래스별 맞은 샘플 수):  [0, 0, 0, 0, 0, 0, 0]
psl_acc(PSL 평가에서의 정확도): None 
cw_psl_acc(클래스별 PSL 평가에서의 정확도):  [nan, nan, nan, nan, nan, nan, nan]
**pseudo_label ->  [0.1449, 0.1679, 0.1532, 0.1336, 0.1517, 0.1354, 0.1134] **
max =  0.1679 | max_idx =  1
**pseudo_label ->  [0.1397, 0.1708, 0.1428, 0.1541, 0.1327, 0.1452, 0.1146] **
max =  0.1708 | max_idx =  1
**pseudo_label ->  [0.1427, 0.1799, 0.1572, 0.1153, 0.1569, 0.1325, 0.1155] **
max =  0.1799 | max_idx =  1
**pseudo_label ->  [0.1382, 0.2176, 0.1318, 0.1227, 0.1239, 0.1527, 0.1131] **
max =  0.2176 | max_idx =  1
**pseudo_label ->  [0.1423, 0.1741, 0.1386, 0.1329, 0.1462, 0.154, 0.1118] **
max =  0.1741 | max_idx =  1
Epoch 42/50, Train Loss: 1.9671, Valid Loss: 1.9086, Train Acc: 0.1429, Val Acc: 0.0065, Test Acc: 0.2787, Test F1: 0.0623, Total Pseudo-Labels: 0, Correct Pseudo-Labels: 0, Train Data Number: 35



line 303 => train data수 35
line 258 => 인스턴스 수 5
Step 210  Tim 1:36:14
acc_train_cw(현재 train의 class별 acc) [0.0, 0.0, 1.0, 0.0, 0.0, 0.0, 0.0]
cw_psl_total_eval(pseudo label 클래스별 총 샘플 수):  [0, 0, 0, 0, 0, 0, 0]
cw_psl_correct_eval(pseudo label 클래스별 맞은 샘플 수):  [0, 0, 0, 0, 0, 0, 0]
psl_acc(PSL 평가에서의 정확도): None 
cw_psl_acc(클래스별 PSL 평가에서의 정확도):  [nan, nan, nan, nan, nan, nan, nan]
**pseudo_label ->  [0.2035, 0.1022, 0.169, 0.1483, 0.1536, 0.1218, 0.1016] **
max =  0.2035 | max_idx =  0
**pseudo_label ->  [0.1541, 0.1298, 0.1814, 0.1207, 0.1785, 0.1235, 0.112] **
max =  0.1814 | max_idx =  2
**pseudo_label ->  [0.1857, 0.1154, 0.1591, 0.161, 0.1477, 0.1253, 0.1058] **
max =  0.1857 | max_idx =  0
**pseudo_label ->  [0.1529, 0.123, 0.2113, 0.13, 0.164, 0.1067, 0.1121] **
max =  0.2113 | max_idx =  2
**pseudo_label ->  [0.1819, 0.1161, 0.1771, 0.1553, 0.1365, 0.1243, 0.1087] **
max =  0.1819 | max_idx =  0
Epoch 43/50, Train Loss: 1.9992, Valid Loss: 1.9273, Train Acc: 0.1429, Val Acc: 0.2280, Test Acc: 0.1230, Test F1: 0.0313, Total Pseudo-Labels: 0, Correct Pseudo-Labels: 0, Train Data Number: 35



line 303 => train data수 35
line 258 => 인스턴스 수 5
Step 215  Tim 1:38:26
acc_train_cw(현재 train의 class별 acc) [0.0, 0.0, 1.0, 0.0, 0.0, 0.0, 0.0]
cw_psl_total_eval(pseudo label 클래스별 총 샘플 수):  [0, 0, 0, 0, 0, 0, 0]
cw_psl_correct_eval(pseudo label 클래스별 맞은 샘플 수):  [0, 0, 0, 0, 0, 0, 0]
psl_acc(PSL 평가에서의 정확도): None 
cw_psl_acc(클래스별 PSL 평가에서의 정확도):  [nan, nan, nan, nan, nan, nan, nan]
**pseudo_label ->  [0.1326, 0.1512, 0.1578, 0.1216, 0.1328, 0.1311, 0.1729] **
max =  0.1729 | max_idx =  6
**pseudo_label ->  [0.1249, 0.1405, 0.1509, 0.1366, 0.1624, 0.1154, 0.1694] **
max =  0.1694 | max_idx =  6
**pseudo_label ->  [0.1631, 0.1297, 0.1633, 0.1476, 0.1333, 0.1191, 0.1438] **
max =  0.1633 | max_idx =  2
**pseudo_label ->  [0.1179, 0.1583, 0.1835, 0.1282, 0.1487, 0.1037, 0.1595] **
max =  0.1835 | max_idx =  2
**pseudo_label ->  [0.1791, 0.143, 0.1295, 0.1531, 0.1374, 0.1123, 0.1456] **
max =  0.1791 | max_idx =  0
Epoch 44/50, Train Loss: 2.0004, Valid Loss: 1.9637, Train Acc: 0.1429, Val Acc: 0.2280, Test Acc: 0.1230, Test F1: 0.0313, Total Pseudo-Labels: 0, Correct Pseudo-Labels: 0, Train Data Number: 35



line 303 => train data수 35
line 258 => 인스턴스 수 5
Step 220  Tim 1:40:41
acc_train_cw(현재 train의 class별 acc) [1.0, 0.0, 0.0, 0.0, 0.0, 0.0, 0.0]
cw_psl_total_eval(pseudo label 클래스별 총 샘플 수):  [0, 0, 0, 0, 0, 0, 0]
cw_psl_correct_eval(pseudo label 클래스별 맞은 샘플 수):  [0, 0, 0, 0, 0, 0, 0]
psl_acc(PSL 평가에서의 정확도): None 
cw_psl_acc(클래스별 PSL 평가에서의 정확도):  [nan, nan, nan, nan, nan, nan, nan]
**pseudo_label ->  [0.1706, 0.1374, 0.1239, 0.1356, 0.1352, 0.1329, 0.1643] **
max =  0.1706 | max_idx =  0
**pseudo_label ->  [0.1829, 0.1299, 0.1166, 0.14, 0.1436, 0.1453, 0.1417] **
max =  0.1829 | max_idx =  0
**pseudo_label ->  [0.1618, 0.1296, 0.122, 0.1447, 0.1243, 0.1494, 0.1682] **
max =  0.1682 | max_idx =  6
**pseudo_label ->  [0.1697, 0.126, 0.1297, 0.1443, 0.1237, 0.1599, 0.1466] **
max =  0.1697 | max_idx =  0
**pseudo_label ->  [0.1719, 0.136, 0.1182, 0.1513, 0.1403, 0.1374, 0.1449] **
max =  0.1719 | max_idx =  0
Epoch 45/50, Train Loss: 2.0276, Valid Loss: 1.9767, Train Acc: 0.1429, Val Acc: 0.0912, Test Acc: 0.0779, Test F1: 0.0206, Total Pseudo-Labels: 0, Correct Pseudo-Labels: 0, Train Data Number: 35



line 303 => train data수 35
line 258 => 인스턴스 수 5
Step 225  Tim 1:42:56
acc_train_cw(현재 train의 class별 acc) [0.0, 1.0, 0.0, 0.0, 0.0, 0.0, 0.0]
cw_psl_total_eval(pseudo label 클래스별 총 샘플 수):  [0, 0, 0, 0, 0, 0, 0]
cw_psl_correct_eval(pseudo label 클래스별 맞은 샘플 수):  [0, 0, 0, 0, 0, 0, 0]
psl_acc(PSL 평가에서의 정확도): None 
cw_psl_acc(클래스별 PSL 평가에서의 정확도):  [nan, nan, nan, nan, nan, nan, nan]
**pseudo_label ->  [0.1163, 0.1809, 0.1685, 0.1268, 0.1335, 0.1414, 0.1326] **
max =  0.1809 | max_idx =  1
**pseudo_label ->  [0.1073, 0.1792, 0.1567, 0.1285, 0.1332, 0.1351, 0.16] **
max =  0.1792 | max_idx =  1
**pseudo_label ->  [0.1166, 0.1676, 0.1569, 0.146, 0.129, 0.1512, 0.1327] **
max =  0.1676 | max_idx =  1
**pseudo_label ->  [0.095, 0.1893, 0.1431, 0.1396, 0.1397, 0.1423, 0.1509] **
max =  0.1893 | max_idx =  1
**pseudo_label ->  [0.141, 0.1703, 0.1541, 0.139, 0.1326, 0.1406, 0.1225] **
max =  0.1703 | max_idx =  1
Epoch 46/50, Train Loss: 2.0087, Valid Loss: 1.9215, Train Acc: 0.1429, Val Acc: 0.0065, Test Acc: 0.2787, Test F1: 0.0623, Total Pseudo-Labels: 0, Correct Pseudo-Labels: 0, Train Data Number: 35



line 303 => train data수 35
line 258 => 인스턴스 수 5
Step 230  Tim 1:45:12
acc_train_cw(현재 train의 class별 acc) [0.0, 0.0, 1.0, 0.0, 0.0, 0.0, 0.0]
cw_psl_total_eval(pseudo label 클래스별 총 샘플 수):  [0, 0, 0, 0, 0, 0, 0]
cw_psl_correct_eval(pseudo label 클래스별 맞은 샘플 수):  [0, 0, 0, 0, 0, 0, 0]
psl_acc(PSL 평가에서의 정확도): None 
cw_psl_acc(클래스별 PSL 평가에서의 정확도):  [nan, nan, nan, nan, nan, nan, nan]
**pseudo_label ->  [0.1389, 0.1616, 0.1614, 0.133, 0.127, 0.151, 0.1271] **
max =  0.1616 | max_idx =  1
**pseudo_label ->  [0.1049, 0.1725, 0.1413, 0.1572, 0.1042, 0.167, 0.153] **
max =  0.1725 | max_idx =  1
**pseudo_label ->  [0.0951, 0.1284, 0.1514, 0.1757, 0.1402, 0.1601, 0.1492] **
max =  0.1757 | max_idx =  3
**pseudo_label ->  [0.1253, 0.1412, 0.1531, 0.1692, 0.1165, 0.1616, 0.133] **
max =  0.1692 | max_idx =  3
**pseudo_label ->  [0.0966, 0.1613, 0.1477, 0.1625, 0.1325, 0.1577, 0.1417] **
max =  0.1625 | max_idx =  3
Epoch 47/50, Train Loss: 1.9853, Valid Loss: 1.8810, Train Acc: 0.1429, Val Acc: 0.2280, Test Acc: 0.1230, Test F1: 0.0313, Total Pseudo-Labels: 0, Correct Pseudo-Labels: 0, Train Data Number: 35



line 303 => train data수 35
line 258 => 인스턴스 수 5
Step 235  Tim 1:47:29
acc_train_cw(현재 train의 class별 acc) [0.0, 0.0, 0.0, 0.0, 1.0, 0.0, 0.0]
cw_psl_total_eval(pseudo label 클래스별 총 샘플 수):  [0, 0, 0, 0, 0, 0, 0]
cw_psl_correct_eval(pseudo label 클래스별 맞은 샘플 수):  [0, 0, 0, 0, 0, 0, 0]
psl_acc(PSL 평가에서의 정확도): None 
cw_psl_acc(클래스별 PSL 평가에서의 정확도):  [nan, nan, nan, nan, nan, nan, nan]
**pseudo_label ->  [0.127, 0.1197, 0.1219, 0.1651, 0.1722, 0.1273, 0.1668] **
max =  0.1722 | max_idx =  4
**pseudo_label ->  [0.1156, 0.128, 0.1282, 0.1453, 0.1922, 0.1243, 0.1664] **
max =  0.1922 | max_idx =  4
**pseudo_label ->  [0.1145, 0.1312, 0.1243, 0.1572, 0.1734, 0.1201, 0.1793] **
max =  0.1793 | max_idx =  6
**pseudo_label ->  [0.1254, 0.1184, 0.1291, 0.1547, 0.1592, 0.1449, 0.1683] **
max =  0.1683 | max_idx =  6
**pseudo_label ->  [0.1212, 0.1161, 0.1307, 0.178, 0.1759, 0.1179, 0.1603] **
max =  0.178 | max_idx =  3
Epoch 48/50, Train Loss: 2.0151, Valid Loss: 2.0079, Train Acc: 0.1429, Val Acc: 0.1433, Test Acc: 0.0430, Test F1: 0.0118, Total Pseudo-Labels: 0, Correct Pseudo-Labels: 0, Train Data Number: 35



line 303 => train data수 35
line 258 => 인스턴스 수 5
Step 240  Tim 1:49:44
acc_train_cw(현재 train의 class별 acc) [0.0, 0.0, 0.0, 0.0, 1.0, 0.0, 0.0]
cw_psl_total_eval(pseudo label 클래스별 총 샘플 수):  [0, 0, 0, 0, 0, 0, 0]
cw_psl_correct_eval(pseudo label 클래스별 맞은 샘플 수):  [0, 0, 0, 0, 0, 0, 0]
psl_acc(PSL 평가에서의 정확도): None 
cw_psl_acc(클래스별 PSL 평가에서의 정확도):  [nan, nan, nan, nan, nan, nan, nan]
**pseudo_label ->  [0.2772, 0.0941, 0.0854, 0.0737, 0.1681, 0.196, 0.1054] **
max =  0.2772 | max_idx =  0
**pseudo_label ->  [0.1562, 0.1179, 0.1078, 0.1155, 0.1919, 0.1415, 0.1692] **
max =  0.1919 | max_idx =  4
**pseudo_label ->  [0.1743, 0.1028, 0.0973, 0.1206, 0.1788, 0.1302, 0.1961] **
max =  0.1961 | max_idx =  6
**pseudo_label ->  [0.1849, 0.123, 0.0882, 0.1528, 0.1837, 0.1237, 0.1437] **
max =  0.1849 | max_idx =  0
**pseudo_label ->  [0.1476, 0.1241, 0.1066, 0.1286, 0.1687, 0.1437, 0.1806] **
max =  0.1806 | max_idx =  6
Epoch 49/50, Train Loss: 1.9696, Valid Loss: 2.0246, Train Acc: 0.1429, Val Acc: 0.1433, Test Acc: 0.0430, Test F1: 0.0118, Total Pseudo-Labels: 0, Correct Pseudo-Labels: 0, Train Data Number: 35



line 303 => train data수 35
line 258 => 인스턴스 수 5
Step 245  Tim 1:51:59
acc_train_cw(현재 train의 class별 acc) [0.0, 1.0, 0.0, 0.0, 0.0, 0.0, 0.0]
cw_psl_total_eval(pseudo label 클래스별 총 샘플 수):  [0, 0, 0, 0, 0, 0, 0]
cw_psl_correct_eval(pseudo label 클래스별 맞은 샘플 수):  [0, 0, 0, 0, 0, 0, 0]
psl_acc(PSL 평가에서의 정확도): None 
cw_psl_acc(클래스별 PSL 평가에서의 정확도):  [nan, nan, nan, nan, nan, nan, nan]
**pseudo_label ->  [0.1681, 0.1571, 0.1087, 0.1469, 0.1461, 0.1528, 0.1202] **
max =  0.1681 | max_idx =  0
**pseudo_label ->  [0.1516, 0.143, 0.1198, 0.1516, 0.1274, 0.1827, 0.1239] **
max =  0.1827 | max_idx =  5
**pseudo_label ->  [0.1631, 0.1654, 0.1242, 0.12, 0.1645, 0.1485, 0.1143] **
max =  0.1654 | max_idx =  1
**pseudo_label ->  [0.1345, 0.1616, 0.1217, 0.1398, 0.1479, 0.1455, 0.149] **
max =  0.1616 | max_idx =  1
**pseudo_label ->  [0.1543, 0.1459, 0.1275, 0.1489, 0.1475, 0.1442, 0.1318] **
max =  0.1543 | max_idx =  0
Epoch 50/50, Train Loss: 1.9628, Valid Loss: 1.9650, Train Acc: 0.1429, Val Acc: 0.0065, Test Acc: 0.2787, Test F1: 0.0623, Total Pseudo-Labels: 0, Correct Pseudo-Labels: 0, Train Data Number: 35

Training complete!
Total training took 1:53:58 (h:mm:ss)
Load model from ./experiment/python_extended_data/output/5_unixcoder-base_0.00035_0.7_python_extended_data_net0.pth
Save training statistics in:  ./experiment/python_extended_data/log/unixcoder/class7//5_unixcoder-base_0.00035_0.7_python_extended_data/training_statistics.csv

best_trian_loss, epoch => 1.9068199872970581 35
Epoch-1_train_loss => 2.2996951818466185
max_epoch_train_loss => 1.9628263711929321 


best_val_loss, epoch =>  1.8175260574110945 19
Epoch-1_val_loss => 2.0589304845962153
max_epoch_val_loss => 1.964959098384124 

pse_epoch =>  [36, 37]
추가되는 pse_epoch =>  [] 

total_data:  35 
Best_step:  75 
Best_epoch:  15 
best_val_acc:  0.38762214983713356 
best_test_acc:  0.16188524590163936 
best_test_f1:  0.0398085159989922
Save best record in:  ./experiment/python_extended_data/log/unixcoder/class7/summary.csv
Save best record in:  ./experiment/python_extended_data/log/summary_avgrun.csv
