current work directory:  /home/imsuhan22/few-shot-tc/custom_ssl/code
Data set -> corcod_extended_data
save_name: 10_unixcoder-base_0.0002_0.7_corcod_extended_data_37_[43]

data_path:  ../data/problem_based_split/corcod_extended_data

There are 2 GPU(s) available.
We will use the GPU- 0 Quadro RTX 8000

**line 147 모델 =>  microsoft/unixcoder-base
**tokenizer type =  microsoft/unixcoder-base 

pesudo label class개수 기준 -> 5
n_labeled_per_class:  10
train_df samples: 739
train_labeled_df samples: 50
train_unlabeled_df samples: 689
n_classes:  5 


net_arch:  microsoft/unixcoder-base 
lr:  0.0002 
lr_linear:  0.001 




line 303 => train data수 50
line 258 => 인스턴스 수 8
Step 0  Tim 0:00:08
acc_train_cw(현재 train의 class별 acc) [0.0, 0.7, 0.5, 0.1, 0.0]
cw_psl_total_eval(pseudo label 클래스별 총 샘플 수):  [0, 0, 0, 0, 0]
cw_psl_correct_eval(pseudo label 클래스별 맞은 샘플 수):  [0, 0, 0, 0, 0]
psl_acc(PSL 평가에서의 정확도): None 
cw_psl_acc(클래스별 PSL 평가에서의 정확도):  [nan, nan, nan, nan, nan]
***best_acc_model_save --- epoch = 1***
Save model to ./experiment/corcod_extended_data/output/
**pseudo_label ->  [0.0895, 0.2311, 0.3144, 0.1496, 0.2155] **
max =  0.3144 | max_idx =  2
**pseudo_label ->  [0.1723, 0.193, 0.2601, 0.2358, 0.1388] **
max =  0.2601 | max_idx =  2
**pseudo_label ->  [0.1372, 0.2654, 0.2116, 0.1176, 0.2681] **
max =  0.2681 | max_idx =  4
**pseudo_label ->  [0.123, 0.2639, 0.2795, 0.1457, 0.188] **
max =  0.2795 | max_idx =  2
**pseudo_label ->  [0.2066, 0.2006, 0.2531, 0.175, 0.1647] **
max =  0.2531 | max_idx =  2
Epoch 1/37, Train Loss: 1.9129, Valid Loss: 1.5840, Train Acc: 0.2600, Val Acc: 0.2449, Test Acc: 0.1474, Test F1(macro): 0.1134, Test F1(micro) : 0.2600,Total Pseudo-Labels: 0, Correct Pseudo-Labels: 0, Train Data Number: 50



line 303 => train data수 50
line 258 => 인스턴스 수 8
Step 8  Tim 0:00:48
acc_train_cw(현재 train의 class별 acc) [0.0, 0.0, 1.0, 0.0, 0.0]
cw_psl_total_eval(pseudo label 클래스별 총 샘플 수):  [0, 0, 0, 0, 0]
cw_psl_correct_eval(pseudo label 클래스별 맞은 샘플 수):  [0, 0, 0, 0, 0]
psl_acc(PSL 평가에서의 정확도): None 
cw_psl_acc(클래스별 PSL 평가에서의 정확도):  [nan, nan, nan, nan, nan]
***best_acc_model_save --- epoch = 2***
Save model to ./experiment/corcod_extended_data/output/
**pseudo_label ->  [0.1046, 0.2166, 0.4519, 0.1322, 0.0947] **
max =  0.4519 | max_idx =  2
**pseudo_label ->  [0.0993, 0.2474, 0.4304, 0.1467, 0.0763] **
max =  0.4304 | max_idx =  2
**pseudo_label ->  [0.0801, 0.2145, 0.5209, 0.1129, 0.0715] **
max =  0.5209 | max_idx =  2
**pseudo_label ->  [0.0952, 0.2145, 0.5044, 0.1148, 0.0712] **
max =  0.5044 | max_idx =  2
**pseudo_label ->  [0.1272, 0.2301, 0.4026, 0.1247, 0.1154] **
max =  0.4026 | max_idx =  2
Epoch 2/37, Train Loss: 1.7763, Valid Loss: 1.5346, Train Acc: 0.2000, Val Acc: 0.4490, Test Acc: 0.3579, Test F1(macro): 0.1054, Test F1(micro) : 0.2000,Total Pseudo-Labels: 0, Correct Pseudo-Labels: 0, Train Data Number: 50



line 303 => train data수 50
line 258 => 인스턴스 수 8
Step 16  Tim 0:01:38
acc_train_cw(현재 train의 class별 acc) [0.0, 0.0, 1.0, 0.0, 0.0]
cw_psl_total_eval(pseudo label 클래스별 총 샘플 수):  [0, 0, 0, 0, 0]
cw_psl_correct_eval(pseudo label 클래스별 맞은 샘플 수):  [0, 0, 0, 0, 0]
psl_acc(PSL 평가에서의 정확도): None 
cw_psl_acc(클래스별 PSL 평가에서의 정확도):  [nan, nan, nan, nan, nan]
**pseudo_label ->  [0.1426, 0.1904, 0.2799, 0.25, 0.1371] **
max =  0.2799 | max_idx =  2
**pseudo_label ->  [0.1538, 0.2133, 0.2883, 0.2062, 0.1384] **
max =  0.2883 | max_idx =  2
**pseudo_label ->  [0.1369, 0.2079, 0.2644, 0.2073, 0.1835] **
max =  0.2644 | max_idx =  2
**pseudo_label ->  [0.1758, 0.2052, 0.2568, 0.2329, 0.1294] **
max =  0.2568 | max_idx =  2
**pseudo_label ->  [0.1402, 0.2159, 0.2904, 0.2149, 0.1385] **
max =  0.2904 | max_idx =  2
Epoch 3/37, Train Loss: 1.6810, Valid Loss: 1.6415, Train Acc: 0.2000, Val Acc: 0.4490, Test Acc: 0.3579, Test F1(macro): 0.1054, Test F1(micro) : 0.2000,Total Pseudo-Labels: 0, Correct Pseudo-Labels: 0, Train Data Number: 50



line 303 => train data수 50
line 258 => 인스턴스 수 8
Step 24  Tim 0:02:18
acc_train_cw(현재 train의 class별 acc) [0.0, 0.0, 0.0, 1.0, 0.0]
cw_psl_total_eval(pseudo label 클래스별 총 샘플 수):  [0, 0, 0, 0, 0]
cw_psl_correct_eval(pseudo label 클래스별 맞은 샘플 수):  [0, 0, 0, 0, 0]
psl_acc(PSL 평가에서의 정확도): None 
cw_psl_acc(클래스별 PSL 평가에서의 정확도):  [nan, nan, nan, nan, nan]
**pseudo_label ->  [0.1794, 0.1809, 0.2008, 0.2418, 0.197] **
max =  0.2418 | max_idx =  3
**pseudo_label ->  [0.1515, 0.1982, 0.2406, 0.2705, 0.1393] **
max =  0.2705 | max_idx =  3
**pseudo_label ->  [0.1678, 0.1845, 0.2032, 0.2832, 0.1613] **
max =  0.2832 | max_idx =  3
**pseudo_label ->  [0.1495, 0.264, 0.1642, 0.287, 0.1353] **
max =  0.287 | max_idx =  3
**pseudo_label ->  [0.138, 0.1877, 0.2319, 0.2543, 0.1881] **
max =  0.2543 | max_idx =  3
Epoch 4/37, Train Loss: 1.6917, Valid Loss: 1.7248, Train Acc: 0.2000, Val Acc: 0.1429, Test Acc: 0.2316, Test F1(macro): 0.0752, Test F1(micro) : 0.2000,Total Pseudo-Labels: 0, Correct Pseudo-Labels: 0, Train Data Number: 50



line 303 => train data수 50
line 258 => 인스턴스 수 8
Step 32  Tim 0:02:57
acc_train_cw(현재 train의 class별 acc) [0.0, 0.0, 0.0, 1.0, 0.0]
cw_psl_total_eval(pseudo label 클래스별 총 샘플 수):  [0, 0, 0, 0, 0]
cw_psl_correct_eval(pseudo label 클래스별 맞은 샘플 수):  [0, 0, 0, 0, 0]
psl_acc(PSL 평가에서의 정확도): None 
cw_psl_acc(클래스별 PSL 평가에서의 정확도):  [nan, nan, nan, nan, nan]
**pseudo_label ->  [0.1416, 0.2252, 0.1331, 0.3257, 0.1744] **
max =  0.3257 | max_idx =  3
**pseudo_label ->  [0.195, 0.1963, 0.1404, 0.2173, 0.251] **
max =  0.251 | max_idx =  4
**pseudo_label ->  [0.1523, 0.2137, 0.1378, 0.2387, 0.2575] **
max =  0.2575 | max_idx =  4
**pseudo_label ->  [0.1919, 0.186, 0.1504, 0.265, 0.2066] **
max =  0.265 | max_idx =  3
**pseudo_label ->  [0.1558, 0.2163, 0.1458, 0.2798, 0.2024] **
max =  0.2798 | max_idx =  3
Epoch 5/37, Train Loss: 1.7160, Valid Loss: 1.6751, Train Acc: 0.2000, Val Acc: 0.1429, Test Acc: 0.2316, Test F1(macro): 0.0752, Test F1(micro) : 0.2000,Total Pseudo-Labels: 0, Correct Pseudo-Labels: 0, Train Data Number: 50



line 303 => train data수 50
line 258 => 인스턴스 수 8
Step 40  Tim 0:03:36
acc_train_cw(현재 train의 class별 acc) [1.0, 0.0, 0.0, 0.0, 0.0]
cw_psl_total_eval(pseudo label 클래스별 총 샘플 수):  [0, 0, 0, 0, 0]
cw_psl_correct_eval(pseudo label 클래스별 맞은 샘플 수):  [0, 0, 0, 0, 0]
psl_acc(PSL 평가에서의 정확도): None 
cw_psl_acc(클래스별 PSL 평가에서의 정확도):  [nan, nan, nan, nan, nan]
**pseudo_label ->  [0.2634, 0.1977, 0.1796, 0.2401, 0.1192] **
max =  0.2634 | max_idx =  0
**pseudo_label ->  [0.2371, 0.208, 0.2113, 0.1947, 0.149] **
max =  0.2371 | max_idx =  0
**pseudo_label ->  [0.2505, 0.2145, 0.1784, 0.1972, 0.1594] **
max =  0.2505 | max_idx =  0
**pseudo_label ->  [0.2369, 0.1927, 0.1472, 0.278, 0.1452] **
max =  0.278 | max_idx =  3
**pseudo_label ->  [0.2161, 0.1948, 0.2012, 0.2306, 0.1573] **
max =  0.2306 | max_idx =  3
Epoch 6/37, Train Loss: 1.7064, Valid Loss: 1.5738, Train Acc: 0.2000, Val Acc: 0.1020, Test Acc: 0.1263, Test F1(macro): 0.0449, Test F1(micro) : 0.2000,Total Pseudo-Labels: 0, Correct Pseudo-Labels: 0, Train Data Number: 50



line 303 => train data수 50
line 258 => 인스턴스 수 8
Step 48  Tim 0:04:15
acc_train_cw(현재 train의 class별 acc) [0.0, 0.0, 0.0, 0.0, 1.0]
cw_psl_total_eval(pseudo label 클래스별 총 샘플 수):  [0, 0, 0, 0, 0]
cw_psl_correct_eval(pseudo label 클래스별 맞은 샘플 수):  [0, 0, 0, 0, 0]
psl_acc(PSL 평가에서의 정확도): None 
cw_psl_acc(클래스별 PSL 평가에서의 정확도):  [nan, nan, nan, nan, nan]
**pseudo_label ->  [0.1185, 0.2171, 0.1524, 0.1951, 0.3169] **
max =  0.3169 | max_idx =  4
**pseudo_label ->  [0.1609, 0.197, 0.2137, 0.147, 0.2814] **
max =  0.2814 | max_idx =  4
**pseudo_label ->  [0.1517, 0.1701, 0.2221, 0.1489, 0.3073] **
max =  0.3073 | max_idx =  4
**pseudo_label ->  [0.1599, 0.1759, 0.2379, 0.1627, 0.2636] **
max =  0.2636 | max_idx =  4
**pseudo_label ->  [0.1367, 0.2056, 0.1878, 0.1575, 0.3124] **
max =  0.3124 | max_idx =  4
Epoch 7/37, Train Loss: 1.7006, Valid Loss: 1.6147, Train Acc: 0.2000, Val Acc: 0.2449, Test Acc: 0.2316, Test F1(macro): 0.0752, Test F1(micro) : 0.2000,Total Pseudo-Labels: 0, Correct Pseudo-Labels: 0, Train Data Number: 50



line 303 => train data수 50
line 258 => 인스턴스 수 8
Step 56  Tim 0:04:55
acc_train_cw(현재 train의 class별 acc) [0.0, 1.0, 0.0, 0.0, 0.0]
cw_psl_total_eval(pseudo label 클래스별 총 샘플 수):  [0, 0, 0, 0, 0]
cw_psl_correct_eval(pseudo label 클래스별 맞은 샘플 수):  [0, 0, 0, 0, 0]
psl_acc(PSL 평가에서의 정확도): None 
cw_psl_acc(클래스별 PSL 평가에서의 정확도):  [nan, nan, nan, nan, nan]
**pseudo_label ->  [0.1442, 0.2716, 0.2226, 0.1754, 0.1862] **
max =  0.2716 | max_idx =  1
**pseudo_label ->  [0.1149, 0.308, 0.202, 0.1676, 0.2076] **
max =  0.308 | max_idx =  1
**pseudo_label ->  [0.1192, 0.2623, 0.2258, 0.1863, 0.2064] **
max =  0.2623 | max_idx =  1
**pseudo_label ->  [0.1365, 0.2424, 0.2337, 0.1575, 0.2298] **
max =  0.2424 | max_idx =  1
**pseudo_label ->  [0.172, 0.2604, 0.194, 0.1734, 0.2001] **
max =  0.2604 | max_idx =  1
Epoch 8/37, Train Loss: 1.7162, Valid Loss: 1.6124, Train Acc: 0.2000, Val Acc: 0.0612, Test Acc: 0.0526, Test F1(macro): 0.0200, Test F1(micro) : 0.2000,Total Pseudo-Labels: 0, Correct Pseudo-Labels: 0, Train Data Number: 50



line 303 => train data수 50
line 258 => 인스턴스 수 8
Step 64  Tim 0:05:34
acc_train_cw(현재 train의 class별 acc) [0.0, 0.0, 0.0, 0.0, 1.0]
cw_psl_total_eval(pseudo label 클래스별 총 샘플 수):  [0, 0, 0, 0, 0]
cw_psl_correct_eval(pseudo label 클래스별 맞은 샘플 수):  [0, 0, 0, 0, 0]
psl_acc(PSL 평가에서의 정확도): None 
cw_psl_acc(클래스별 PSL 평가에서의 정확도):  [nan, nan, nan, nan, nan]
**pseudo_label ->  [0.2002, 0.1398, 0.1997, 0.2048, 0.2556] **
max =  0.2556 | max_idx =  4
**pseudo_label ->  [0.2246, 0.1621, 0.1949, 0.2064, 0.212] **
max =  0.2246 | max_idx =  0
**pseudo_label ->  [0.2073, 0.1274, 0.218, 0.2335, 0.2139] **
max =  0.2335 | max_idx =  3
**pseudo_label ->  [0.2313, 0.1391, 0.2011, 0.2219, 0.2066] **
max =  0.2313 | max_idx =  0
**pseudo_label ->  [0.2354, 0.1666, 0.1902, 0.1722, 0.2356] **
max =  0.2356 | max_idx =  4
Epoch 9/37, Train Loss: 1.6822, Valid Loss: 1.7685, Train Acc: 0.2000, Val Acc: 0.2449, Test Acc: 0.2316, Test F1(macro): 0.0752, Test F1(micro) : 0.2000,Total Pseudo-Labels: 0, Correct Pseudo-Labels: 0, Train Data Number: 50



line 303 => train data수 50
line 258 => 인스턴스 수 8
Step 72  Tim 0:06:13
acc_train_cw(현재 train의 class별 acc) [0.0, 1.0, 0.0, 0.0, 0.0]
cw_psl_total_eval(pseudo label 클래스별 총 샘플 수):  [0, 0, 0, 0, 0]
cw_psl_correct_eval(pseudo label 클래스별 맞은 샘플 수):  [0, 0, 0, 0, 0]
psl_acc(PSL 평가에서의 정확도): None 
cw_psl_acc(클래스별 PSL 평가에서의 정확도):  [nan, nan, nan, nan, nan]
**pseudo_label ->  [0.1756, 0.3372, 0.1502, 0.1821, 0.1549] **
max =  0.3372 | max_idx =  1
**pseudo_label ->  [0.1999, 0.252, 0.1516, 0.2388, 0.1577] **
max =  0.252 | max_idx =  1
**pseudo_label ->  [0.1914, 0.2612, 0.1579, 0.2192, 0.1702] **
max =  0.2612 | max_idx =  1
**pseudo_label ->  [0.2097, 0.2521, 0.1406, 0.1954, 0.2022] **
max =  0.2521 | max_idx =  1
**pseudo_label ->  [0.1852, 0.2795, 0.163, 0.2124, 0.16] **
max =  0.2795 | max_idx =  1
Epoch 10/37, Train Loss: 1.6554, Valid Loss: 1.5892, Train Acc: 0.2000, Val Acc: 0.0612, Test Acc: 0.0526, Test F1(macro): 0.0200, Test F1(micro) : 0.2000,Total Pseudo-Labels: 0, Correct Pseudo-Labels: 0, Train Data Number: 50



line 303 => train data수 50
line 258 => 인스턴스 수 8
Step 80  Tim 0:06:53
acc_train_cw(현재 train의 class별 acc) [0.0, 0.0, 0.0, 0.0, 1.0]
cw_psl_total_eval(pseudo label 클래스별 총 샘플 수):  [0, 0, 0, 0, 0]
cw_psl_correct_eval(pseudo label 클래스별 맞은 샘플 수):  [0, 0, 0, 0, 0]
psl_acc(PSL 평가에서의 정확도): None 
cw_psl_acc(클래스별 PSL 평가에서의 정확도):  [nan, nan, nan, nan, nan]
**pseudo_label ->  [0.2415, 0.1717, 0.1613, 0.1799, 0.2457] **
max =  0.2457 | max_idx =  4
**pseudo_label ->  [0.218, 0.1924, 0.1877, 0.1686, 0.2332] **
max =  0.2332 | max_idx =  4
**pseudo_label ->  [0.2625, 0.168, 0.169, 0.1863, 0.2142] **
max =  0.2625 | max_idx =  0
**pseudo_label ->  [0.2014, 0.195, 0.1804, 0.1806, 0.2425] **
max =  0.2425 | max_idx =  4
**pseudo_label ->  [0.201, 0.189, 0.1991, 0.1579, 0.2531] **
max =  0.2531 | max_idx =  4
Epoch 11/37, Train Loss: 1.6186, Valid Loss: 1.5737, Train Acc: 0.2000, Val Acc: 0.2449, Test Acc: 0.2316, Test F1(macro): 0.0752, Test F1(micro) : 0.2000,Total Pseudo-Labels: 0, Correct Pseudo-Labels: 0, Train Data Number: 50



line 303 => train data수 50
line 258 => 인스턴스 수 8
Step 88  Tim 0:07:32
acc_train_cw(현재 train의 class별 acc) [1.0, 0.0, 0.0, 0.0, 0.0]
cw_psl_total_eval(pseudo label 클래스별 총 샘플 수):  [0, 0, 0, 0, 0]
cw_psl_correct_eval(pseudo label 클래스별 맞은 샘플 수):  [0, 0, 0, 0, 0]
psl_acc(PSL 평가에서의 정확도): None 
cw_psl_acc(클래스별 PSL 평가에서의 정확도):  [nan, nan, nan, nan, nan]
**pseudo_label ->  [0.3004, 0.1101, 0.2387, 0.1395, 0.2113] **
max =  0.3004 | max_idx =  0
**pseudo_label ->  [0.3096, 0.1076, 0.248, 0.1446, 0.1902] **
max =  0.3096 | max_idx =  0
**pseudo_label ->  [0.2744, 0.1104, 0.2055, 0.2011, 0.2086] **
max =  0.2744 | max_idx =  0
**pseudo_label ->  [0.2512, 0.1591, 0.2372, 0.152, 0.2005] **
max =  0.2512 | max_idx =  0
**pseudo_label ->  [0.335, 0.1232, 0.1898, 0.1419, 0.2101] **
max =  0.335 | max_idx =  0
Epoch 12/37, Train Loss: 1.7508, Valid Loss: 1.4927, Train Acc: 0.2000, Val Acc: 0.1020, Test Acc: 0.1263, Test F1(macro): 0.0449, Test F1(micro) : 0.2000,Total Pseudo-Labels: 0, Correct Pseudo-Labels: 0, Train Data Number: 50



line 303 => train data수 50
line 258 => 인스턴스 수 8
Step 96  Tim 0:08:11
acc_train_cw(현재 train의 class별 acc) [0.0, 0.0, 1.0, 0.0, 0.0]
cw_psl_total_eval(pseudo label 클래스별 총 샘플 수):  [0, 0, 0, 0, 0]
cw_psl_correct_eval(pseudo label 클래스별 맞은 샘플 수):  [0, 0, 0, 0, 0]
psl_acc(PSL 평가에서의 정확도): None 
cw_psl_acc(클래스별 PSL 평가에서의 정확도):  [nan, nan, nan, nan, nan]
**pseudo_label ->  [0.1394, 0.1627, 0.2978, 0.2217, 0.1785] **
max =  0.2978 | max_idx =  2
**pseudo_label ->  [0.1122, 0.1796, 0.2958, 0.216, 0.1964] **
max =  0.2958 | max_idx =  2
**pseudo_label ->  [0.1359, 0.1378, 0.2692, 0.2587, 0.1983] **
max =  0.2692 | max_idx =  2
**pseudo_label ->  [0.1112, 0.2096, 0.2292, 0.221, 0.229] **
max =  0.2292 | max_idx =  2
**pseudo_label ->  [0.1367, 0.1297, 0.3104, 0.238, 0.1853] **
max =  0.3104 | max_idx =  2
Epoch 13/37, Train Loss: 1.7437, Valid Loss: 1.8569, Train Acc: 0.2000, Val Acc: 0.4490, Test Acc: 0.3579, Test F1(macro): 0.1054, Test F1(micro) : 0.2000,Total Pseudo-Labels: 0, Correct Pseudo-Labels: 0, Train Data Number: 50



line 303 => train data수 50
line 258 => 인스턴스 수 8
Step 104  Tim 0:08:50
acc_train_cw(현재 train의 class별 acc) [0.0, 0.0, 0.0, 1.0, 0.0]
cw_psl_total_eval(pseudo label 클래스별 총 샘플 수):  [0, 0, 0, 0, 0]
cw_psl_correct_eval(pseudo label 클래스별 맞은 샘플 수):  [0, 0, 0, 0, 0]
psl_acc(PSL 평가에서의 정확도): None 
cw_psl_acc(클래스별 PSL 평가에서의 정확도):  [nan, nan, nan, nan, nan]
**pseudo_label ->  [0.1167, 0.3498, 0.0695, 0.2961, 0.1679] **
max =  0.3498 | max_idx =  1
**pseudo_label ->  [0.208, 0.2398, 0.1098, 0.2513, 0.1911] **
max =  0.2513 | max_idx =  3
**pseudo_label ->  [0.1749, 0.2505, 0.1004, 0.2846, 0.1896] **
max =  0.2846 | max_idx =  3
**pseudo_label ->  [0.1791, 0.2616, 0.1145, 0.2808, 0.164] **
max =  0.2808 | max_idx =  3
**pseudo_label ->  [0.1591, 0.2353, 0.1113, 0.3411, 0.1533] **
max =  0.3411 | max_idx =  3
Epoch 14/37, Train Loss: 1.7390, Valid Loss: 1.7478, Train Acc: 0.2000, Val Acc: 0.1429, Test Acc: 0.2316, Test F1(macro): 0.0752, Test F1(micro) : 0.2000,Total Pseudo-Labels: 0, Correct Pseudo-Labels: 0, Train Data Number: 50



line 303 => train data수 50
line 258 => 인스턴스 수 8
Step 112  Tim 0:09:29
acc_train_cw(현재 train의 class별 acc) [0.0, 0.0, 0.0, 0.0, 1.0]
cw_psl_total_eval(pseudo label 클래스별 총 샘플 수):  [0, 0, 0, 0, 0]
cw_psl_correct_eval(pseudo label 클래스별 맞은 샘플 수):  [0, 0, 0, 0, 0]
psl_acc(PSL 평가에서의 정확도): None 
cw_psl_acc(클래스별 PSL 평가에서의 정확도):  [nan, nan, nan, nan, nan]
**pseudo_label ->  [0.2347, 0.2091, 0.1097, 0.1365, 0.31] **
max =  0.31 | max_idx =  4
**pseudo_label ->  [0.2156, 0.2196, 0.1134, 0.1378, 0.3136] **
max =  0.3136 | max_idx =  4
**pseudo_label ->  [0.2123, 0.2094, 0.1212, 0.1251, 0.332] **
max =  0.332 | max_idx =  4
**pseudo_label ->  [0.2387, 0.21, 0.1239, 0.1285, 0.2989] **
max =  0.2989 | max_idx =  4
**pseudo_label ->  [0.2001, 0.1917, 0.1247, 0.1824, 0.3011] **
max =  0.3011 | max_idx =  4
Epoch 15/37, Train Loss: 1.6765, Valid Loss: 1.4667, Train Acc: 0.2000, Val Acc: 0.2449, Test Acc: 0.2316, Test F1(macro): 0.0752, Test F1(micro) : 0.2000,Total Pseudo-Labels: 0, Correct Pseudo-Labels: 0, Train Data Number: 50



line 303 => train data수 50
line 258 => 인스턴스 수 8
Step 120  Tim 0:10:09
acc_train_cw(현재 train의 class별 acc) [0.0, 0.0, 1.0, 0.0, 0.0]
cw_psl_total_eval(pseudo label 클래스별 총 샘플 수):  [0, 0, 0, 0, 0]
cw_psl_correct_eval(pseudo label 클래스별 맞은 샘플 수):  [0, 0, 0, 0, 0]
psl_acc(PSL 평가에서의 정확도): None 
cw_psl_acc(클래스별 PSL 평가에서의 정확도):  [nan, nan, nan, nan, nan]
**pseudo_label ->  [0.1722, 0.1389, 0.3387, 0.1579, 0.1923] **
max =  0.3387 | max_idx =  2
**pseudo_label ->  [0.2112, 0.1524, 0.347, 0.1342, 0.1551] **
max =  0.347 | max_idx =  2
**pseudo_label ->  [0.1801, 0.1206, 0.3453, 0.1509, 0.2031] **
max =  0.3453 | max_idx =  2
**pseudo_label ->  [0.1558, 0.1582, 0.3337, 0.1807, 0.1716] **
max =  0.3337 | max_idx =  2
**pseudo_label ->  [0.2009, 0.1361, 0.3286, 0.1665, 0.1679] **
max =  0.3286 | max_idx =  2
Epoch 16/37, Train Loss: 1.6987, Valid Loss: 1.5269, Train Acc: 0.2000, Val Acc: 0.4490, Test Acc: 0.3579, Test F1(macro): 0.1054, Test F1(micro) : 0.2000,Total Pseudo-Labels: 0, Correct Pseudo-Labels: 0, Train Data Number: 50



line 303 => train data수 50
line 258 => 인스턴스 수 8
Step 128  Tim 0:10:48
acc_train_cw(현재 train의 class별 acc) [0.0, 0.0, 0.0, 0.0, 1.0]
cw_psl_total_eval(pseudo label 클래스별 총 샘플 수):  [0, 0, 0, 0, 0]
cw_psl_correct_eval(pseudo label 클래스별 맞은 샘플 수):  [0, 0, 0, 0, 0]
psl_acc(PSL 평가에서의 정확도): None 
cw_psl_acc(클래스별 PSL 평가에서의 정확도):  [nan, nan, nan, nan, nan]
**pseudo_label ->  [0.1746, 0.143, 0.2376, 0.1775, 0.2673] **
max =  0.2673 | max_idx =  4
**pseudo_label ->  [0.1798, 0.1355, 0.2335, 0.1669, 0.2844] **
max =  0.2844 | max_idx =  4
**pseudo_label ->  [0.2169, 0.1343, 0.2702, 0.1681, 0.2105] **
max =  0.2702 | max_idx =  2
**pseudo_label ->  [0.2003, 0.1433, 0.2357, 0.167, 0.2538] **
max =  0.2538 | max_idx =  4
**pseudo_label ->  [0.204, 0.1467, 0.2114, 0.1579, 0.28] **
max =  0.28 | max_idx =  4
Epoch 17/37, Train Loss: 1.6363, Valid Loss: 1.7093, Train Acc: 0.2000, Val Acc: 0.2449, Test Acc: 0.2316, Test F1(macro): 0.0752, Test F1(micro) : 0.2000,Total Pseudo-Labels: 0, Correct Pseudo-Labels: 0, Train Data Number: 50



line 303 => train data수 50
line 258 => 인스턴스 수 8
Step 136  Tim 0:11:27
acc_train_cw(현재 train의 class별 acc) [0.0, 1.0, 0.0, 0.0, 0.0]
cw_psl_total_eval(pseudo label 클래스별 총 샘플 수):  [0, 0, 0, 0, 0]
cw_psl_correct_eval(pseudo label 클래스별 맞은 샘플 수):  [0, 0, 0, 0, 0]
psl_acc(PSL 평가에서의 정확도): None 
cw_psl_acc(클래스별 PSL 평가에서의 정확도):  [nan, nan, nan, nan, nan]
**pseudo_label ->  [0.1701, 0.2628, 0.1475, 0.192, 0.2276] **
max =  0.2628 | max_idx =  1
**pseudo_label ->  [0.1687, 0.275, 0.1592, 0.182, 0.2151] **
max =  0.275 | max_idx =  1
**pseudo_label ->  [0.1706, 0.2641, 0.1651, 0.1899, 0.2103] **
max =  0.2641 | max_idx =  1
**pseudo_label ->  [0.1459, 0.2648, 0.1528, 0.1776, 0.2589] **
max =  0.2648 | max_idx =  1
**pseudo_label ->  [0.1755, 0.2786, 0.144, 0.1939, 0.208] **
max =  0.2786 | max_idx =  1
Epoch 18/37, Train Loss: 1.6239, Valid Loss: 1.6931, Train Acc: 0.2000, Val Acc: 0.0612, Test Acc: 0.0526, Test F1(macro): 0.0200, Test F1(micro) : 0.2000,Total Pseudo-Labels: 0, Correct Pseudo-Labels: 0, Train Data Number: 50



line 303 => train data수 50
line 258 => 인스턴스 수 8
Step 144  Tim 0:12:08
acc_train_cw(현재 train의 class별 acc) [0.0, 0.0, 0.0, 0.0, 1.0]
cw_psl_total_eval(pseudo label 클래스별 총 샘플 수):  [0, 0, 0, 0, 0]
cw_psl_correct_eval(pseudo label 클래스별 맞은 샘플 수):  [0, 0, 0, 0, 0]
psl_acc(PSL 평가에서의 정확도): None 
cw_psl_acc(클래스별 PSL 평가에서의 정확도):  [nan, nan, nan, nan, nan]
**pseudo_label ->  [0.2012, 0.2102, 0.1462, 0.1793, 0.2632] **
max =  0.2632 | max_idx =  4
**pseudo_label ->  [0.2084, 0.2102, 0.163, 0.1606, 0.2578] **
max =  0.2578 | max_idx =  4
**pseudo_label ->  [0.2186, 0.2047, 0.1558, 0.1814, 0.2396] **
max =  0.2396 | max_idx =  4
**pseudo_label ->  [0.1806, 0.1901, 0.1491, 0.1962, 0.2841] **
max =  0.2841 | max_idx =  4
**pseudo_label ->  [0.1754, 0.23, 0.1305, 0.1872, 0.277] **
max =  0.277 | max_idx =  4
Epoch 19/37, Train Loss: 1.6684, Valid Loss: 1.6373, Train Acc: 0.2000, Val Acc: 0.2449, Test Acc: 0.2316, Test F1(macro): 0.0752, Test F1(micro) : 0.2000,Total Pseudo-Labels: 0, Correct Pseudo-Labels: 0, Train Data Number: 50



line 303 => train data수 50
line 258 => 인스턴스 수 8
Step 152  Tim 0:12:47
acc_train_cw(현재 train의 class별 acc) [0.0, 0.0, 0.0, 0.0, 1.0]
cw_psl_total_eval(pseudo label 클래스별 총 샘플 수):  [0, 0, 0, 0, 0]
cw_psl_correct_eval(pseudo label 클래스별 맞은 샘플 수):  [0, 0, 0, 0, 0]
psl_acc(PSL 평가에서의 정확도): None 
cw_psl_acc(클래스별 PSL 평가에서의 정확도):  [nan, nan, nan, nan, nan]
**pseudo_label ->  [0.1933, 0.162, 0.1883, 0.2345, 0.2219] **
max =  0.2345 | max_idx =  3
**pseudo_label ->  [0.169, 0.1662, 0.1685, 0.2207, 0.2757] **
max =  0.2757 | max_idx =  4
**pseudo_label ->  [0.1997, 0.1768, 0.1472, 0.2157, 0.2606] **
max =  0.2606 | max_idx =  4
**pseudo_label ->  [0.1616, 0.1757, 0.1417, 0.1997, 0.3214] **
max =  0.3214 | max_idx =  4
**pseudo_label ->  [0.2163, 0.1708, 0.1648, 0.1865, 0.2617] **
max =  0.2617 | max_idx =  4
Epoch 20/37, Train Loss: 1.6038, Valid Loss: 1.6403, Train Acc: 0.2000, Val Acc: 0.2449, Test Acc: 0.2316, Test F1(macro): 0.0752, Test F1(micro) : 0.2000,Total Pseudo-Labels: 0, Correct Pseudo-Labels: 0, Train Data Number: 50



line 303 => train data수 50
line 258 => 인스턴스 수 8
Step 160  Tim 0:13:26
acc_train_cw(현재 train의 class별 acc) [1.0, 0.0, 0.0, 0.0, 0.0]
cw_psl_total_eval(pseudo label 클래스별 총 샘플 수):  [0, 0, 0, 0, 0]
cw_psl_correct_eval(pseudo label 클래스별 맞은 샘플 수):  [0, 0, 0, 0, 0]
psl_acc(PSL 평가에서의 정확도): None 
cw_psl_acc(클래스별 PSL 평가에서의 정확도):  [nan, nan, nan, nan, nan]
**pseudo_label ->  [0.2718, 0.1424, 0.2185, 0.2141, 0.1533] **
max =  0.2718 | max_idx =  0
**pseudo_label ->  [0.2832, 0.1582, 0.2034, 0.2146, 0.1406] **
max =  0.2832 | max_idx =  0
**pseudo_label ->  [0.2758, 0.1454, 0.2199, 0.2277, 0.1311] **
max =  0.2758 | max_idx =  0
**pseudo_label ->  [0.2729, 0.1701, 0.1974, 0.2094, 0.1502] **
max =  0.2729 | max_idx =  0
**pseudo_label ->  [0.3269, 0.1331, 0.2387, 0.1772, 0.1241] **
max =  0.3269 | max_idx =  0
Epoch 21/37, Train Loss: 1.6219, Valid Loss: 1.5067, Train Acc: 0.2000, Val Acc: 0.1020, Test Acc: 0.1263, Test F1(macro): 0.0449, Test F1(micro) : 0.2000,Total Pseudo-Labels: 0, Correct Pseudo-Labels: 0, Train Data Number: 50



line 303 => train data수 50
line 258 => 인스턴스 수 8
Step 168  Tim 0:14:06
acc_train_cw(현재 train의 class별 acc) [0.0, 0.0, 1.0, 0.0, 0.0]
cw_psl_total_eval(pseudo label 클래스별 총 샘플 수):  [0, 0, 0, 0, 0]
cw_psl_correct_eval(pseudo label 클래스별 맞은 샘플 수):  [0, 0, 0, 0, 0]
psl_acc(PSL 평가에서의 정확도): None 
cw_psl_acc(클래스별 PSL 평가에서의 정확도):  [nan, nan, nan, nan, nan]
**pseudo_label ->  [0.1855, 0.1766, 0.3441, 0.1531, 0.1407] **
max =  0.3441 | max_idx =  2
**pseudo_label ->  [0.1796, 0.1812, 0.2989, 0.1751, 0.1653] **
max =  0.2989 | max_idx =  2
**pseudo_label ->  [0.178, 0.1849, 0.3102, 0.1981, 0.1288] **
max =  0.3102 | max_idx =  2
**pseudo_label ->  [0.1566, 0.1788, 0.341, 0.1816, 0.142] **
max =  0.341 | max_idx =  2
**pseudo_label ->  [0.1775, 0.1932, 0.3235, 0.1753, 0.1306] **
max =  0.3235 | max_idx =  2
Epoch 22/37, Train Loss: 1.6879, Valid Loss: 1.5114, Train Acc: 0.2000, Val Acc: 0.4490, Test Acc: 0.3579, Test F1(macro): 0.1054, Test F1(micro) : 0.2000,Total Pseudo-Labels: 0, Correct Pseudo-Labels: 0, Train Data Number: 50



line 303 => train data수 50
line 258 => 인스턴스 수 8
Step 176  Tim 0:14:44
acc_train_cw(현재 train의 class별 acc) [0.0, 0.0, 1.0, 0.0, 0.0]
cw_psl_total_eval(pseudo label 클래스별 총 샘플 수):  [0, 0, 0, 0, 0]
cw_psl_correct_eval(pseudo label 클래스별 맞은 샘플 수):  [0, 0, 0, 0, 0]
psl_acc(PSL 평가에서의 정확도): None 
cw_psl_acc(클래스별 PSL 평가에서의 정확도):  [nan, nan, nan, nan, nan]
**pseudo_label ->  [0.1994, 0.1911, 0.2642, 0.1652, 0.1801] **
max =  0.2642 | max_idx =  2
**pseudo_label ->  [0.1726, 0.1921, 0.2813, 0.1713, 0.1827] **
max =  0.2813 | max_idx =  2
**pseudo_label ->  [0.1729, 0.1949, 0.2851, 0.1736, 0.1736] **
max =  0.2851 | max_idx =  2
**pseudo_label ->  [0.1831, 0.2031, 0.2481, 0.1704, 0.1953] **
max =  0.2481 | max_idx =  2
**pseudo_label ->  [0.1825, 0.1919, 0.321, 0.1537, 0.1509] **
max =  0.321 | max_idx =  2
Epoch 23/37, Train Loss: 1.6519, Valid Loss: 1.7130, Train Acc: 0.2000, Val Acc: 0.4490, Test Acc: 0.3579, Test F1(macro): 0.1054, Test F1(micro) : 0.2000,Total Pseudo-Labels: 0, Correct Pseudo-Labels: 0, Train Data Number: 50



line 303 => train data수 50
line 258 => 인스턴스 수 8
Step 184  Tim 0:15:24
acc_train_cw(현재 train의 class별 acc) [1.0, 0.0, 0.0, 0.0, 0.0]
cw_psl_total_eval(pseudo label 클래스별 총 샘플 수):  [0, 0, 0, 0, 0]
cw_psl_correct_eval(pseudo label 클래스별 맞은 샘플 수):  [0, 0, 0, 0, 0]
psl_acc(PSL 평가에서의 정확도): None 
cw_psl_acc(클래스별 PSL 평가에서의 정확도):  [nan, nan, nan, nan, nan]
**pseudo_label ->  [0.2652, 0.1883, 0.1594, 0.1757, 0.2115] **
max =  0.2652 | max_idx =  0
**pseudo_label ->  [0.294, 0.1903, 0.1437, 0.1581, 0.214] **
max =  0.294 | max_idx =  0
**pseudo_label ->  [0.2912, 0.189, 0.1517, 0.1673, 0.2007] **
max =  0.2912 | max_idx =  0
**pseudo_label ->  [0.2806, 0.1989, 0.1687, 0.1775, 0.1743] **
max =  0.2806 | max_idx =  0
**pseudo_label ->  [0.3299, 0.1937, 0.1543, 0.1489, 0.1732] **
max =  0.3299 | max_idx =  0
Epoch 24/37, Train Loss: 1.7264, Valid Loss: 1.6818, Train Acc: 0.2000, Val Acc: 0.1020, Test Acc: 0.1263, Test F1(macro): 0.0449, Test F1(micro) : 0.2000,Total Pseudo-Labels: 0, Correct Pseudo-Labels: 0, Train Data Number: 50



line 303 => train data수 50
line 258 => 인스턴스 수 8
Step 192  Tim 0:16:03
acc_train_cw(현재 train의 class별 acc) [0.0, 0.0, 0.0, 0.0, 1.0]
cw_psl_total_eval(pseudo label 클래스별 총 샘플 수):  [0, 0, 0, 0, 0]
cw_psl_correct_eval(pseudo label 클래스별 맞은 샘플 수):  [0, 0, 0, 0, 0]
psl_acc(PSL 평가에서의 정확도): None 
cw_psl_acc(클래스별 PSL 평가에서의 정확도):  [nan, nan, nan, nan, nan]
**pseudo_label ->  [0.2143, 0.1893, 0.1585, 0.1573, 0.2807] **
max =  0.2807 | max_idx =  4
**pseudo_label ->  [0.2198, 0.1686, 0.1638, 0.1548, 0.293] **
max =  0.293 | max_idx =  4
**pseudo_label ->  [0.18, 0.1918, 0.1628, 0.1749, 0.2905] **
max =  0.2905 | max_idx =  4
**pseudo_label ->  [0.1947, 0.2046, 0.1797, 0.1498, 0.2711] **
max =  0.2711 | max_idx =  4
**pseudo_label ->  [0.1818, 0.1832, 0.1694, 0.1886, 0.277] **
max =  0.277 | max_idx =  4
Epoch 25/37, Train Loss: 1.6256, Valid Loss: 1.5308, Train Acc: 0.2000, Val Acc: 0.2449, Test Acc: 0.2316, Test F1(macro): 0.0752, Test F1(micro) : 0.2000,Total Pseudo-Labels: 0, Correct Pseudo-Labels: 0, Train Data Number: 50



line 303 => train data수 50
line 258 => 인스턴스 수 8
Step 200  Tim 0:16:42
acc_train_cw(현재 train의 class별 acc) [0.0, 0.0, 1.0, 0.0, 0.0]
cw_psl_total_eval(pseudo label 클래스별 총 샘플 수):  [0, 0, 0, 0, 0]
cw_psl_correct_eval(pseudo label 클래스별 맞은 샘플 수):  [0, 0, 0, 0, 0]
psl_acc(PSL 평가에서의 정확도): None 
cw_psl_acc(클래스별 PSL 평가에서의 정확도):  [nan, nan, nan, nan, nan]
**pseudo_label ->  [0.1235, 0.1536, 0.2673, 0.2527, 0.2029] **
max =  0.2673 | max_idx =  2
**pseudo_label ->  [0.1475, 0.1481, 0.2641, 0.2429, 0.1974] **
max =  0.2641 | max_idx =  2
**pseudo_label ->  [0.1758, 0.1555, 0.2336, 0.2205, 0.2145] **
max =  0.2336 | max_idx =  2
**pseudo_label ->  [0.1877, 0.1738, 0.2431, 0.1768, 0.2186] **
max =  0.2431 | max_idx =  2
**pseudo_label ->  [0.1623, 0.1543, 0.2258, 0.2436, 0.2139] **
max =  0.2436 | max_idx =  3
Epoch 26/37, Train Loss: 1.7059, Valid Loss: 1.5739, Train Acc: 0.2000, Val Acc: 0.4490, Test Acc: 0.3579, Test F1(macro): 0.1054, Test F1(micro) : 0.2000,Total Pseudo-Labels: 0, Correct Pseudo-Labels: 0, Train Data Number: 50



line 303 => train data수 50
line 258 => 인스턴스 수 8
Step 208  Tim 0:17:22
acc_train_cw(현재 train의 class별 acc) [0.0, 0.0, 0.0, 1.0, 0.0]
cw_psl_total_eval(pseudo label 클래스별 총 샘플 수):  [0, 0, 0, 0, 0]
cw_psl_correct_eval(pseudo label 클래스별 맞은 샘플 수):  [0, 0, 0, 0, 0]
psl_acc(PSL 평가에서의 정확도): None 
cw_psl_acc(클래스별 PSL 평가에서의 정확도):  [nan, nan, nan, nan, nan]
**pseudo_label ->  [0.1838, 0.159, 0.1968, 0.288, 0.1725] **
max =  0.288 | max_idx =  3
**pseudo_label ->  [0.1562, 0.1749, 0.2342, 0.265, 0.1698] **
max =  0.265 | max_idx =  3
**pseudo_label ->  [0.1034, 0.1292, 0.3515, 0.3216, 0.0943] **
max =  0.3515 | max_idx =  2
**pseudo_label ->  [0.1454, 0.1702, 0.2278, 0.2914, 0.1652] **
max =  0.2914 | max_idx =  3
**pseudo_label ->  [0.1592, 0.167, 0.2134, 0.2831, 0.1772] **
max =  0.2831 | max_idx =  3
Epoch 27/37, Train Loss: 1.6726, Valid Loss: 1.6771, Train Acc: 0.2000, Val Acc: 0.1429, Test Acc: 0.2316, Test F1(macro): 0.0752, Test F1(micro) : 0.2000,Total Pseudo-Labels: 0, Correct Pseudo-Labels: 0, Train Data Number: 50



line 303 => train data수 50
line 258 => 인스턴스 수 8
Step 216  Tim 0:18:01
acc_train_cw(현재 train의 class별 acc) [0.0, 1.0, 0.0, 0.0, 0.0]
cw_psl_total_eval(pseudo label 클래스별 총 샘플 수):  [0, 0, 0, 0, 0]
cw_psl_correct_eval(pseudo label 클래스별 맞은 샘플 수):  [0, 0, 0, 0, 0]
psl_acc(PSL 평가에서의 정확도): None 
cw_psl_acc(클래스별 PSL 평가에서의 정확도):  [nan, nan, nan, nan, nan]
**pseudo_label ->  [0.1672, 0.3092, 0.235, 0.1517, 0.1369] **
max =  0.3092 | max_idx =  1
**pseudo_label ->  [0.1678, 0.3072, 0.177, 0.159, 0.189] **
max =  0.3072 | max_idx =  1
**pseudo_label ->  [0.1822, 0.3093, 0.2114, 0.1457, 0.1513] **
max =  0.3093 | max_idx =  1
**pseudo_label ->  [0.1651, 0.3049, 0.1928, 0.1725, 0.1646] **
max =  0.3049 | max_idx =  1
**pseudo_label ->  [0.1848, 0.2714, 0.1947, 0.1849, 0.1642] **
max =  0.2714 | max_idx =  1
Epoch 28/37, Train Loss: 1.6176, Valid Loss: 1.6901, Train Acc: 0.2000, Val Acc: 0.0612, Test Acc: 0.0526, Test F1(macro): 0.0200, Test F1(micro) : 0.2000,Total Pseudo-Labels: 0, Correct Pseudo-Labels: 0, Train Data Number: 50



line 303 => train data수 50
line 258 => 인스턴스 수 8
Step 224  Tim 0:18:40
acc_train_cw(현재 train의 class별 acc) [0.0, 0.0, 0.0, 1.0, 0.0]
cw_psl_total_eval(pseudo label 클래스별 총 샘플 수):  [0, 0, 0, 0, 0]
cw_psl_correct_eval(pseudo label 클래스별 맞은 샘플 수):  [0, 0, 0, 0, 0]
psl_acc(PSL 평가에서의 정확도): None 
cw_psl_acc(클래스별 PSL 평가에서의 정확도):  [nan, nan, nan, nan, nan]
**pseudo_label ->  [0.1867, 0.2504, 0.1693, 0.2172, 0.1764] **
max =  0.2504 | max_idx =  1
**pseudo_label ->  [0.1733, 0.237, 0.1762, 0.2489, 0.1647] **
max =  0.2489 | max_idx =  3
**pseudo_label ->  [0.1686, 0.2457, 0.1916, 0.2162, 0.1778] **
max =  0.2457 | max_idx =  1
**pseudo_label ->  [0.1852, 0.2519, 0.1622, 0.2494, 0.1514] **
max =  0.2519 | max_idx =  1
**pseudo_label ->  [0.168, 0.2718, 0.1661, 0.2417, 0.1524] **
max =  0.2718 | max_idx =  1
Epoch 29/37, Train Loss: 1.6638, Valid Loss: 1.7067, Train Acc: 0.2000, Val Acc: 0.1429, Test Acc: 0.2316, Test F1(macro): 0.0752, Test F1(micro) : 0.2000,Total Pseudo-Labels: 0, Correct Pseudo-Labels: 0, Train Data Number: 50



line 303 => train data수 50
line 258 => 인스턴스 수 8
Step 232  Tim 0:19:19
acc_train_cw(현재 train의 class별 acc) [0.0, 1.0, 0.0, 0.0, 0.0]
cw_psl_total_eval(pseudo label 클래스별 총 샘플 수):  [0, 0, 0, 0, 0]
cw_psl_correct_eval(pseudo label 클래스별 맞은 샘플 수):  [0, 0, 0, 0, 0]
psl_acc(PSL 평가에서의 정확도): None 
cw_psl_acc(클래스별 PSL 평가에서의 정확도):  [nan, nan, nan, nan, nan]
**pseudo_label ->  [0.1724, 0.2531, 0.1622, 0.2015, 0.2108] **
max =  0.2531 | max_idx =  1
**pseudo_label ->  [0.1839, 0.2538, 0.1568, 0.2252, 0.1803] **
max =  0.2538 | max_idx =  1
**pseudo_label ->  [0.1895, 0.24, 0.1503, 0.2201, 0.2001] **
max =  0.24 | max_idx =  1
**pseudo_label ->  [0.1964, 0.2427, 0.1968, 0.2084, 0.1556] **
max =  0.2427 | max_idx =  1
**pseudo_label ->  [0.1739, 0.2332, 0.1554, 0.2469, 0.1906] **
max =  0.2469 | max_idx =  3
Epoch 30/37, Train Loss: 1.6204, Valid Loss: 1.5654, Train Acc: 0.2000, Val Acc: 0.0612, Test Acc: 0.0526, Test F1(macro): 0.0200, Test F1(micro) : 0.2000,Total Pseudo-Labels: 0, Correct Pseudo-Labels: 0, Train Data Number: 50



line 303 => train data수 50
line 258 => 인스턴스 수 8
Step 240  Tim 0:19:59
acc_train_cw(현재 train의 class별 acc) [0.0, 0.0, 1.0, 0.0, 0.0]
cw_psl_total_eval(pseudo label 클래스별 총 샘플 수):  [0, 0, 0, 0, 0]
cw_psl_correct_eval(pseudo label 클래스별 맞은 샘플 수):  [0, 0, 0, 0, 0]
psl_acc(PSL 평가에서의 정확도): None 
cw_psl_acc(클래스별 PSL 평가에서의 정확도):  [nan, nan, nan, nan, nan]
**pseudo_label ->  [0.1917, 0.1983, 0.3014, 0.1524, 0.1562] **
max =  0.3014 | max_idx =  2
**pseudo_label ->  [0.199, 0.1904, 0.2261, 0.1854, 0.1991] **
max =  0.2261 | max_idx =  2
**pseudo_label ->  [0.1923, 0.1951, 0.226, 0.1672, 0.2194] **
max =  0.226 | max_idx =  2
**pseudo_label ->  [0.1991, 0.2045, 0.2468, 0.1672, 0.1823] **
max =  0.2468 | max_idx =  2
**pseudo_label ->  [0.1875, 0.1951, 0.2323, 0.1766, 0.2085] **
max =  0.2323 | max_idx =  2
Epoch 31/37, Train Loss: 1.6494, Valid Loss: 1.5807, Train Acc: 0.2000, Val Acc: 0.4490, Test Acc: 0.3579, Test F1(macro): 0.1054, Test F1(micro) : 0.2000,Total Pseudo-Labels: 0, Correct Pseudo-Labels: 0, Train Data Number: 50



line 303 => train data수 50
line 258 => 인스턴스 수 8
Step 248  Tim 0:20:39
acc_train_cw(현재 train의 class별 acc) [0.0, 0.0, 1.0, 0.0, 0.0]
cw_psl_total_eval(pseudo label 클래스별 총 샘플 수):  [0, 0, 0, 0, 0]
cw_psl_correct_eval(pseudo label 클래스별 맞은 샘플 수):  [0, 0, 0, 0, 0]
psl_acc(PSL 평가에서의 정확도): None 
cw_psl_acc(클래스별 PSL 평가에서의 정확도):  [nan, nan, nan, nan, nan]
**pseudo_label ->  [0.1843, 0.2221, 0.2369, 0.1683, 0.1885] **
max =  0.2369 | max_idx =  2
**pseudo_label ->  [0.1931, 0.2158, 0.2283, 0.1888, 0.174] **
max =  0.2283 | max_idx =  2
**pseudo_label ->  [0.2014, 0.2413, 0.2121, 0.1569, 0.1883] **
max =  0.2413 | max_idx =  1
**pseudo_label ->  [0.1976, 0.2149, 0.2382, 0.1584, 0.1909] **
max =  0.2382 | max_idx =  2
**pseudo_label ->  [0.1991, 0.2269, 0.2157, 0.1677, 0.1905] **
max =  0.2269 | max_idx =  1
Epoch 32/37, Train Loss: 1.6208, Valid Loss: 1.6508, Train Acc: 0.2000, Val Acc: 0.4490, Test Acc: 0.3579, Test F1(macro): 0.1054, Test F1(micro) : 0.2000,Total Pseudo-Labels: 0, Correct Pseudo-Labels: 0, Train Data Number: 50



line 303 => train data수 50
line 258 => 인스턴스 수 8
Step 256  Tim 0:21:18
acc_train_cw(현재 train의 class별 acc) [0.0, 0.0, 0.0, 1.0, 0.0]
cw_psl_total_eval(pseudo label 클래스별 총 샘플 수):  [0, 0, 0, 0, 0]
cw_psl_correct_eval(pseudo label 클래스별 맞은 샘플 수):  [0, 0, 0, 0, 0]
psl_acc(PSL 평가에서의 정확도): None 
cw_psl_acc(클래스별 PSL 평가에서의 정확도):  [nan, nan, nan, nan, nan]
**pseudo_label ->  [0.1566, 0.1917, 0.1711, 0.278, 0.2026] **
max =  0.278 | max_idx =  3
**pseudo_label ->  [0.1974, 0.1996, 0.2118, 0.2287, 0.1625] **
max =  0.2287 | max_idx =  3
**pseudo_label ->  [0.1757, 0.1874, 0.2389, 0.2606, 0.1374] **
max =  0.2606 | max_idx =  3
**pseudo_label ->  [0.1838, 0.2133, 0.1703, 0.2472, 0.1853] **
max =  0.2472 | max_idx =  3
**pseudo_label ->  [0.1737, 0.2199, 0.2148, 0.2331, 0.1585] **
max =  0.2331 | max_idx =  3
Epoch 33/37, Train Loss: 1.5460, Valid Loss: 1.7152, Train Acc: 0.2000, Val Acc: 0.1429, Test Acc: 0.2316, Test F1(macro): 0.0752, Test F1(micro) : 0.2000,Total Pseudo-Labels: 0, Correct Pseudo-Labels: 0, Train Data Number: 50



line 303 => train data수 50
line 258 => 인스턴스 수 8
Step 264  Tim 0:21:57
acc_train_cw(현재 train의 class별 acc) [0.0, 0.0, 0.0, 1.0, 0.0]
cw_psl_total_eval(pseudo label 클래스별 총 샘플 수):  [0, 0, 0, 0, 0]
cw_psl_correct_eval(pseudo label 클래스별 맞은 샘플 수):  [0, 0, 0, 0, 0]
psl_acc(PSL 평가에서의 정확도): None 
cw_psl_acc(클래스별 PSL 평가에서의 정확도):  [nan, nan, nan, nan, nan]
**pseudo_label ->  [0.1492, 0.1605, 0.1446, 0.368, 0.1776] **
max =  0.368 | max_idx =  3
**pseudo_label ->  [0.1727, 0.165, 0.174, 0.3599, 0.1284] **
max =  0.3599 | max_idx =  3
**pseudo_label ->  [0.1813, 0.1758, 0.1257, 0.3384, 0.1788] **
max =  0.3384 | max_idx =  3
**pseudo_label ->  [0.1569, 0.1642, 0.1793, 0.3286, 0.171] **
max =  0.3286 | max_idx =  3
**pseudo_label ->  [0.1883, 0.1728, 0.1368, 0.3253, 0.1768] **
max =  0.3253 | max_idx =  3
Epoch 34/37, Train Loss: 1.7024, Valid Loss: 1.6759, Train Acc: 0.2000, Val Acc: 0.1429, Test Acc: 0.2316, Test F1(macro): 0.0752, Test F1(micro) : 0.2000,Total Pseudo-Labels: 0, Correct Pseudo-Labels: 0, Train Data Number: 50



line 303 => train data수 50
line 258 => 인스턴스 수 8
Step 272  Tim 0:22:35
acc_train_cw(현재 train의 class별 acc) [0.0, 0.0, 0.0, 1.0, 0.0]
cw_psl_total_eval(pseudo label 클래스별 총 샘플 수):  [0, 0, 0, 0, 0]
cw_psl_correct_eval(pseudo label 클래스별 맞은 샘플 수):  [0, 0, 0, 0, 0]
psl_acc(PSL 평가에서의 정확도): None 
cw_psl_acc(클래스별 PSL 평가에서의 정확도):  [nan, nan, nan, nan, nan]
**pseudo_label ->  [0.1464, 0.1804, 0.1631, 0.3092, 0.2009] **
max =  0.3092 | max_idx =  3
**pseudo_label ->  [0.1615, 0.1658, 0.1663, 0.318, 0.1883] **
max =  0.318 | max_idx =  3
**pseudo_label ->  [0.1658, 0.1586, 0.1632, 0.294, 0.2183] **
max =  0.294 | max_idx =  3
**pseudo_label ->  [0.1681, 0.1766, 0.1666, 0.2735, 0.2152] **
max =  0.2735 | max_idx =  3
**pseudo_label ->  [0.1912, 0.1778, 0.135, 0.2978, 0.1981] **
max =  0.2978 | max_idx =  3
Epoch 35/37, Train Loss: 1.6347, Valid Loss: 1.5431, Train Acc: 0.2000, Val Acc: 0.1429, Test Acc: 0.2316, Test F1(macro): 0.0752, Test F1(micro) : 0.2000,Total Pseudo-Labels: 0, Correct Pseudo-Labels: 0, Train Data Number: 50



line 303 => train data수 50
line 258 => 인스턴스 수 8
Step 280  Tim 0:23:15
acc_train_cw(현재 train의 class별 acc) [0.0, 0.0, 1.0, 0.0, 0.0]
cw_psl_total_eval(pseudo label 클래스별 총 샘플 수):  [0, 0, 0, 0, 0]
cw_psl_correct_eval(pseudo label 클래스별 맞은 샘플 수):  [0, 0, 0, 0, 0]
psl_acc(PSL 평가에서의 정확도): None 
cw_psl_acc(클래스별 PSL 평가에서의 정확도):  [nan, nan, nan, nan, nan]
**pseudo_label ->  [0.1932, 0.1717, 0.2375, 0.1917, 0.2059] **
max =  0.2375 | max_idx =  2
**pseudo_label ->  [0.1668, 0.19, 0.2349, 0.1781, 0.2303] **
max =  0.2349 | max_idx =  2
**pseudo_label ->  [0.1962, 0.1839, 0.2558, 0.1768, 0.1872] **
max =  0.2558 | max_idx =  2
**pseudo_label ->  [0.2088, 0.1863, 0.197, 0.1756, 0.2322] **
max =  0.2322 | max_idx =  4
**pseudo_label ->  [0.1872, 0.1941, 0.2377, 0.1799, 0.2011] **
max =  0.2377 | max_idx =  2
Epoch 36/37, Train Loss: 1.6128, Valid Loss: 1.5378, Train Acc: 0.2000, Val Acc: 0.4490, Test Acc: 0.3579, Test F1(macro): 0.1054, Test F1(micro) : 0.2000,Total Pseudo-Labels: 0, Correct Pseudo-Labels: 0, Train Data Number: 50



line 303 => train data수 50
line 258 => 인스턴스 수 8
Step 288  Tim 0:23:55
acc_train_cw(현재 train의 class별 acc) [0.0, 0.0, 1.0, 0.0, 0.0]
cw_psl_total_eval(pseudo label 클래스별 총 샘플 수):  [0, 0, 0, 0, 0]
cw_psl_correct_eval(pseudo label 클래스별 맞은 샘플 수):  [0, 0, 0, 0, 0]
psl_acc(PSL 평가에서의 정확도): None 
cw_psl_acc(클래스별 PSL 평가에서의 정확도):  [nan, nan, nan, nan, nan]
**pseudo_label ->  [0.1677, 0.2042, 0.2461, 0.1417, 0.2403] **
max =  0.2461 | max_idx =  2
**pseudo_label ->  [0.1799, 0.2079, 0.2474, 0.1355, 0.2294] **
max =  0.2474 | max_idx =  2
**pseudo_label ->  [0.1609, 0.1993, 0.2331, 0.138, 0.2687] **
max =  0.2687 | max_idx =  4
**pseudo_label ->  [0.1728, 0.1733, 0.242, 0.1513, 0.2606] **
max =  0.2606 | max_idx =  4
**pseudo_label ->  [0.1596, 0.2167, 0.228, 0.1401, 0.2556] **
max =  0.2556 | max_idx =  4
Epoch 37/37, Train Loss: 1.6695, Valid Loss: 1.5462, Train Acc: 0.2000, Val Acc: 0.4490, Test Acc: 0.3579, Test F1(macro): 0.1054, Test F1(micro) : 0.2000,Total Pseudo-Labels: 0, Correct Pseudo-Labels: 0, Train Data Number: 50

Training complete!
Total training took 0:24:28 (h:mm:ss)
Load model from ./experiment/corcod_extended_data/output/10_unixcoder-base_0.0002_0.7_corcod_extended_data_37_[43]_net0.pth
Save training statistics in:  ./experiment/corcod_extended_data/log/unixcoder/class5//10_unixcoder-base_0.0002_0.7_corcod_extended_data_37_[43]/training_statistics.csv

best_trian_loss, epoch => 1.545963630080223 33
Epoch-1_train_loss => 1.9129109233617783
max_epoch_train_loss => 1.6695132106542587 


best_val_loss, epoch =>  1.4667390183526643 15
Epoch-1_val_loss => 1.5839677550354783
max_epoch_val_loss => 1.5461959644239776 

pse_epoch =>  []
추가되는 pse_epoch =>  [] 

total_data:  50 
Best_step:  8 
Best_epoch:  1 
best_val_acc:  0.4489795918367347 
best_test_acc:  0.35789473684210527 
best_test_f1:  0.1054263565891473
Save best record in:  ./experiment/corcod_extended_data/log/unixcoder/class5/summary.csv
Save best record in:  ./experiment/corcod_extended_data/log/summary_avgrun.csv
