current work directory:  /home/imsuhan22/few-shot-tc/custom_ssl/code
bs =>  5
Data set -> corcod_extended_data
save_name: 10_unixcoder-base_0.0002_0.7_corcod_extended_data_37_[45]

data_path:  ../data/problem_based_split/corcod_extended_data

There are 2 GPU(s) available.
We will use the GPU- 0 Quadro RTX 8000

**line 147 모델 =>  microsoft/unixcoder-base
**tokenizer type =  microsoft/unixcoder-base 

pesudo label class개수 기준 -> 5
n_labeled_per_class:  10
train_df samples: 739
train_labeled_df samples: 50
train_unlabeled_df samples: 689
n_classes:  5 


net_arch:  microsoft/unixcoder-base 
lr:  0.0002 
lr_linear:  0.001 




line 303 => train data수 50
line 258 => 인스턴스 수 10
Step 0  Tim 0:00:07
acc_train_cw(현재 train의 class별 acc) [0.3, 0.2, 0.0, 0.1, 0.0]
cw_psl_total_eval(pseudo label 클래스별 총 샘플 수):  [0, 0, 0, 0, 0]
cw_psl_correct_eval(pseudo label 클래스별 맞은 샘플 수):  [0, 0, 0, 0, 0]
psl_acc(PSL 평가에서의 정확도): None 
cw_psl_acc(클래스별 PSL 평가에서의 정확도):  [nan, nan, nan, nan, nan]
***best_acc_model_save --- epoch = 1***
Save model to ./experiment/corcod_extended_data/output/
**pseudo_label ->  [0.2786, 0.2033, 0.1506, 0.1881, 0.1794] **
max =  0.2786 | max_idx =  0
**pseudo_label ->  [0.2726, 0.2775, 0.0891, 0.1618, 0.1989] **
max =  0.2775 | max_idx =  1
**pseudo_label ->  [0.201, 0.1776, 0.1641, 0.2047, 0.2525] **
max =  0.2525 | max_idx =  4
**pseudo_label ->  [0.2122, 0.2085, 0.1799, 0.1876, 0.2118] **
max =  0.2122 | max_idx =  0
**pseudo_label ->  [0.1808, 0.2695, 0.1546, 0.209, 0.1861] **
max =  0.2695 | max_idx =  1
Epoch 1/37, Train Loss: 1.9573, Valid Loss: 1.9758, Train Acc: 0.1200, Val Acc: 0.0918, Test Acc: 0.1053, Test F1(macro): 0.1011, Total Pseudo-Labels: 0, Correct Pseudo-Labels: 0, Train Data Number: 50



line 303 => train data수 50
line 258 => 인스턴스 수 10
Step 10  Tim 0:00:44
acc_train_cw(현재 train의 class별 acc) [0.0, 0.0, 0.0, 1.0, 0.0]
cw_psl_total_eval(pseudo label 클래스별 총 샘플 수):  [0, 0, 0, 0, 0]
cw_psl_correct_eval(pseudo label 클래스별 맞은 샘플 수):  [0, 0, 0, 0, 0]
psl_acc(PSL 평가에서의 정확도): None 
cw_psl_acc(클래스별 PSL 평가에서의 정확도):  [nan, nan, nan, nan, nan]
***best_acc_model_save --- epoch = 2***
Save model to ./experiment/corcod_extended_data/output/
**pseudo_label ->  [0.0766, 0.1427, 0.1235, 0.5346, 0.1226] **
max =  0.5346 | max_idx =  3
**pseudo_label ->  [0.0704, 0.1444, 0.1014, 0.608, 0.0758] **
max =  0.608 | max_idx =  3
**pseudo_label ->  [0.0854, 0.147, 0.1146, 0.5415, 0.1115] **
max =  0.5415 | max_idx =  3
**pseudo_label ->  [0.1013, 0.1715, 0.1115, 0.4636, 0.1521] **
max =  0.4636 | max_idx =  3
**pseudo_label ->  [0.0775, 0.1455, 0.1087, 0.5153, 0.153] **
max =  0.5153 | max_idx =  3
Epoch 2/37, Train Loss: 1.7843, Valid Loss: 1.5209, Train Acc: 0.2000, Val Acc: 0.1429, Test Acc: 0.2316, Test F1(macro): 0.0752, Total Pseudo-Labels: 0, Correct Pseudo-Labels: 0, Train Data Number: 50



line 303 => train data수 50
line 258 => 인스턴스 수 10
Step 20  Tim 0:01:26
acc_train_cw(현재 train의 class별 acc) [0.0, 0.0, 1.0, 0.0, 0.0]
cw_psl_total_eval(pseudo label 클래스별 총 샘플 수):  [0, 0, 0, 3, 0]
cw_psl_correct_eval(pseudo label 클래스별 맞은 샘플 수):  [0, 0, 0, 1, 0]
psl_acc(PSL 평가에서의 정확도):  0.333 
cw_psl_acc(클래스별 PSL 평가에서의 정확도):  [nan, nan, nan, 0.3333333432674408, nan]
***best_acc_model_save --- epoch = 3***
Save model to ./experiment/corcod_extended_data/output/
**pseudo_label ->  [0.15, 0.2195, 0.2769, 0.1781, 0.1755] **
max =  0.2769 | max_idx =  2
**pseudo_label ->  [0.1424, 0.2053, 0.2743, 0.1747, 0.2034] **
max =  0.2743 | max_idx =  2
**pseudo_label ->  [0.1519, 0.1913, 0.2466, 0.1871, 0.2231] **
max =  0.2466 | max_idx =  2
**pseudo_label ->  [0.1544, 0.2087, 0.2626, 0.1476, 0.2267] **
max =  0.2626 | max_idx =  2
**pseudo_label ->  [0.1403, 0.2043, 0.2625, 0.1834, 0.2095] **
max =  0.2625 | max_idx =  2
Epoch 3/37, Train Loss: 1.6766, Valid Loss: 1.6431, Train Acc: 0.2000, Val Acc: 0.4490, Test Acc: 0.3579, Test F1(macro): 0.1054, Total Pseudo-Labels: 0, Correct Pseudo-Labels: 0, Train Data Number: 50



line 303 => train data수 50
line 258 => 인스턴스 수 10
Step 30  Tim 0:02:10
acc_train_cw(현재 train의 class별 acc) [1.0, 0.4, 0.0, 0.0, 0.0]
cw_psl_total_eval(pseudo label 클래스별 총 샘플 수):  [0, 0, 0, 0, 0]
cw_psl_correct_eval(pseudo label 클래스별 맞은 샘플 수):  [0, 0, 0, 0, 0]
psl_acc(PSL 평가에서의 정확도): None 
cw_psl_acc(클래스별 PSL 평가에서의 정확도):  [nan, nan, nan, nan, nan]
**pseudo_label ->  [0.2422, 0.2354, 0.1585, 0.1702, 0.1937] **
max =  0.2422 | max_idx =  0
**pseudo_label ->  [0.2489, 0.1913, 0.2187, 0.1831, 0.158] **
max =  0.2489 | max_idx =  0
**pseudo_label ->  [0.2402, 0.2981, 0.1797, 0.1437, 0.1382] **
max =  0.2981 | max_idx =  1
**pseudo_label ->  [0.2343, 0.2567, 0.1615, 0.1608, 0.1866] **
max =  0.2567 | max_idx =  1
**pseudo_label ->  [0.2819, 0.2221, 0.1969, 0.1452, 0.154] **
max =  0.2819 | max_idx =  0
Epoch 4/37, Train Loss: 1.6957, Valid Loss: 1.5910, Train Acc: 0.2800, Val Acc: 0.1020, Test Acc: 0.1263, Test F1(macro): 0.0471, Total Pseudo-Labels: 0, Correct Pseudo-Labels: 0, Train Data Number: 50



line 303 => train data수 50
line 258 => 인스턴스 수 10
Step 40  Tim 0:02:43
acc_train_cw(현재 train의 class별 acc) [0.0, 0.0, 0.0, 0.0, 1.0]
cw_psl_total_eval(pseudo label 클래스별 총 샘플 수):  [0, 0, 0, 0, 0]
cw_psl_correct_eval(pseudo label 클래스별 맞은 샘플 수):  [0, 0, 0, 0, 0]
psl_acc(PSL 평가에서의 정확도): None 
cw_psl_acc(클래스별 PSL 평가에서의 정확도):  [nan, nan, nan, nan, nan]
**pseudo_label ->  [0.1899, 0.1906, 0.2009, 0.1785, 0.2401] **
max =  0.2401 | max_idx =  4
**pseudo_label ->  [0.1656, 0.1678, 0.1876, 0.2092, 0.2698] **
max =  0.2698 | max_idx =  4
**pseudo_label ->  [0.1752, 0.1948, 0.1864, 0.2077, 0.2359] **
max =  0.2359 | max_idx =  4
**pseudo_label ->  [0.1786, 0.1968, 0.1931, 0.227, 0.2044] **
max =  0.227 | max_idx =  3
**pseudo_label ->  [0.1903, 0.1983, 0.1953, 0.1945, 0.2216] **
max =  0.2216 | max_idx =  4
Epoch 5/37, Train Loss: 1.6806, Valid Loss: 1.8553, Train Acc: 0.2000, Val Acc: 0.2449, Test Acc: 0.2316, Test F1(macro): 0.0752, Total Pseudo-Labels: 0, Correct Pseudo-Labels: 0, Train Data Number: 50



line 303 => train data수 50
line 258 => 인스턴스 수 10
Step 50  Tim 0:03:11
acc_train_cw(현재 train의 class별 acc) [0.0, 1.0, 0.0, 0.0, 0.0]
cw_psl_total_eval(pseudo label 클래스별 총 샘플 수):  [0, 0, 0, 0, 0]
cw_psl_correct_eval(pseudo label 클래스별 맞은 샘플 수):  [0, 0, 0, 0, 0]
psl_acc(PSL 평가에서의 정확도): None 
cw_psl_acc(클래스별 PSL 평가에서의 정확도):  [nan, nan, nan, nan, nan]
**pseudo_label ->  [0.169, 0.3365, 0.118, 0.1737, 0.2027] **
max =  0.3365 | max_idx =  1
**pseudo_label ->  [0.1779, 0.3095, 0.1196, 0.2475, 0.1455] **
max =  0.3095 | max_idx =  1
**pseudo_label ->  [0.203, 0.3214, 0.103, 0.2089, 0.1638] **
max =  0.3214 | max_idx =  1
**pseudo_label ->  [0.1678, 0.3104, 0.1266, 0.2378, 0.1574] **
max =  0.3104 | max_idx =  1
**pseudo_label ->  [0.157, 0.3885, 0.0848, 0.193, 0.1767] **
max =  0.3885 | max_idx =  1
Epoch 6/37, Train Loss: 1.7890, Valid Loss: 1.4721, Train Acc: 0.2000, Val Acc: 0.0612, Test Acc: 0.0526, Test F1(macro): 0.0200, Total Pseudo-Labels: 0, Correct Pseudo-Labels: 0, Train Data Number: 50



line 303 => train data수 50
line 258 => 인스턴스 수 10
Step 60  Tim 0:03:39
acc_train_cw(현재 train의 class별 acc) [0.0, 0.0, 1.0, 0.0, 0.0]
cw_psl_total_eval(pseudo label 클래스별 총 샘플 수):  [0, 0, 0, 0, 0]
cw_psl_correct_eval(pseudo label 클래스별 맞은 샘플 수):  [0, 0, 0, 0, 0]
psl_acc(PSL 평가에서의 정확도): None 
cw_psl_acc(클래스별 PSL 평가에서의 정확도):  [nan, nan, nan, nan, nan]
**pseudo_label ->  [0.1137, 0.1575, 0.3173, 0.199, 0.2124] **
max =  0.3173 | max_idx =  2
**pseudo_label ->  [0.1099, 0.1733, 0.2882, 0.1903, 0.2383] **
max =  0.2882 | max_idx =  2
**pseudo_label ->  [0.1255, 0.1379, 0.2912, 0.2229, 0.2225] **
max =  0.2912 | max_idx =  2
**pseudo_label ->  [0.1093, 0.1807, 0.2916, 0.2132, 0.2053] **
max =  0.2916 | max_idx =  2
**pseudo_label ->  [0.1191, 0.1528, 0.309, 0.2071, 0.2121] **
max =  0.309 | max_idx =  2
Epoch 7/37, Train Loss: 1.6980, Valid Loss: 1.7397, Train Acc: 0.2000, Val Acc: 0.4490, Test Acc: 0.3579, Test F1(macro): 0.1054, Total Pseudo-Labels: 0, Correct Pseudo-Labels: 0, Train Data Number: 50



line 303 => train data수 50
line 258 => 인스턴스 수 10
Step 70  Tim 0:04:14
acc_train_cw(현재 train의 class별 acc) [1.0, 0.0, 0.0, 0.0, 0.0]
cw_psl_total_eval(pseudo label 클래스별 총 샘플 수):  [0, 0, 0, 0, 0]
cw_psl_correct_eval(pseudo label 클래스별 맞은 샘플 수):  [0, 0, 0, 0, 0]
psl_acc(PSL 평가에서의 정확도): None 
cw_psl_acc(클래스별 PSL 평가에서의 정확도):  [nan, nan, nan, nan, nan]
**pseudo_label ->  [0.2548, 0.2002, 0.1748, 0.1546, 0.2157] **
max =  0.2548 | max_idx =  0
**pseudo_label ->  [0.3152, 0.2068, 0.1518, 0.1527, 0.1734] **
max =  0.3152 | max_idx =  0
**pseudo_label ->  [0.2905, 0.1691, 0.1823, 0.1437, 0.2144] **
max =  0.2905 | max_idx =  0
**pseudo_label ->  [0.3109, 0.2043, 0.1373, 0.1322, 0.2152] **
max =  0.3109 | max_idx =  0
**pseudo_label ->  [0.3068, 0.2208, 0.1403, 0.1257, 0.2064] **
max =  0.3068 | max_idx =  0
Epoch 8/37, Train Loss: 1.6902, Valid Loss: 1.6726, Train Acc: 0.2000, Val Acc: 0.1020, Test Acc: 0.1263, Test F1(macro): 0.0449, Total Pseudo-Labels: 0, Correct Pseudo-Labels: 0, Train Data Number: 50



line 303 => train data수 50
line 258 => 인스턴스 수 10
Step 80  Tim 0:04:48
acc_train_cw(현재 train의 class별 acc) [0.0, 0.0, 0.0, 1.0, 0.0]
cw_psl_total_eval(pseudo label 클래스별 총 샘플 수):  [0, 0, 0, 0, 0]
cw_psl_correct_eval(pseudo label 클래스별 맞은 샘플 수):  [0, 0, 0, 0, 0]
psl_acc(PSL 평가에서의 정확도): None 
cw_psl_acc(클래스별 PSL 평가에서의 정확도):  [nan, nan, nan, nan, nan]
**pseudo_label ->  [0.1946, 0.1868, 0.1656, 0.2497, 0.2033] **
max =  0.2497 | max_idx =  3
**pseudo_label ->  [0.1725, 0.1819, 0.1777, 0.2795, 0.1884] **
max =  0.2795 | max_idx =  3
**pseudo_label ->  [0.1765, 0.1898, 0.1564, 0.2597, 0.2176] **
max =  0.2597 | max_idx =  3
**pseudo_label ->  [0.1789, 0.1577, 0.1502, 0.2642, 0.249] **
max =  0.2642 | max_idx =  3
**pseudo_label ->  [0.1911, 0.1632, 0.1576, 0.262, 0.2261] **
max =  0.262 | max_idx =  3
Epoch 9/37, Train Loss: 1.6231, Valid Loss: 1.5218, Train Acc: 0.2000, Val Acc: 0.1429, Test Acc: 0.2316, Test F1(macro): 0.0752, Total Pseudo-Labels: 0, Correct Pseudo-Labels: 0, Train Data Number: 50



line 303 => train data수 50
line 258 => 인스턴스 수 10
Step 90  Tim 0:05:23
acc_train_cw(현재 train의 class별 acc) [0.0, 0.0, 1.0, 0.0, 0.0]
cw_psl_total_eval(pseudo label 클래스별 총 샘플 수):  [0, 0, 0, 0, 0]
cw_psl_correct_eval(pseudo label 클래스별 맞은 샘플 수):  [0, 0, 0, 0, 0]
psl_acc(PSL 평가에서의 정확도): None 
cw_psl_acc(클래스별 PSL 평가에서의 정확도):  [nan, nan, nan, nan, nan]
**pseudo_label ->  [0.179, 0.1779, 0.2709, 0.1719, 0.2003] **
max =  0.2709 | max_idx =  2
**pseudo_label ->  [0.2095, 0.1552, 0.2279, 0.2064, 0.201] **
max =  0.2279 | max_idx =  2
**pseudo_label ->  [0.1947, 0.1443, 0.2714, 0.1888, 0.2009] **
max =  0.2714 | max_idx =  2
**pseudo_label ->  [0.1842, 0.1712, 0.2501, 0.2034, 0.1911] **
max =  0.2501 | max_idx =  2
**pseudo_label ->  [0.1865, 0.1622, 0.2615, 0.1722, 0.2176] **
max =  0.2615 | max_idx =  2
Epoch 10/37, Train Loss: 1.6540, Valid Loss: 1.7109, Train Acc: 0.2000, Val Acc: 0.4490, Test Acc: 0.3579, Test F1(macro): 0.1054, Total Pseudo-Labels: 0, Correct Pseudo-Labels: 0, Train Data Number: 50



line 303 => train data수 50
line 258 => 인스턴스 수 10
Step 100  Tim 0:05:56
acc_train_cw(현재 train의 class별 acc) [1.0, 0.0, 0.0, 0.0, 0.0]
cw_psl_total_eval(pseudo label 클래스별 총 샘플 수):  [0, 0, 0, 0, 0]
cw_psl_correct_eval(pseudo label 클래스별 맞은 샘플 수):  [0, 0, 0, 0, 0]
psl_acc(PSL 평가에서의 정확도): None 
cw_psl_acc(클래스별 PSL 평가에서의 정확도):  [nan, nan, nan, nan, nan]
**pseudo_label ->  [0.227, 0.2075, 0.1318, 0.1626, 0.2711] **
max =  0.2711 | max_idx =  4
**pseudo_label ->  [0.2287, 0.2201, 0.1539, 0.2036, 0.1937] **
max =  0.2287 | max_idx =  0
**pseudo_label ->  [0.2179, 0.2338, 0.1579, 0.1641, 0.2263] **
max =  0.2338 | max_idx =  1
**pseudo_label ->  [0.1917, 0.2377, 0.142, 0.2206, 0.208] **
max =  0.2377 | max_idx =  1
**pseudo_label ->  [0.2224, 0.2377, 0.1542, 0.1956, 0.1902] **
max =  0.2377 | max_idx =  1
Epoch 11/37, Train Loss: 1.6403, Valid Loss: 1.6170, Train Acc: 0.2000, Val Acc: 0.1020, Test Acc: 0.1263, Test F1(macro): 0.0449, Total Pseudo-Labels: 0, Correct Pseudo-Labels: 0, Train Data Number: 50



line 303 => train data수 50
line 258 => 인스턴스 수 10
Step 110  Tim 0:06:30
acc_train_cw(현재 train의 class별 acc) [0.0, 1.0, 0.0, 0.0, 0.0]
cw_psl_total_eval(pseudo label 클래스별 총 샘플 수):  [0, 0, 0, 0, 0]
cw_psl_correct_eval(pseudo label 클래스별 맞은 샘플 수):  [0, 0, 0, 0, 0]
psl_acc(PSL 평가에서의 정확도): None 
cw_psl_acc(클래스별 PSL 평가에서의 정확도):  [nan, nan, nan, nan, nan]
**pseudo_label ->  [0.1353, 0.2396, 0.2238, 0.2115, 0.1898] **
max =  0.2396 | max_idx =  1
**pseudo_label ->  [0.1756, 0.2157, 0.2351, 0.2018, 0.1717] **
max =  0.2351 | max_idx =  2
**pseudo_label ->  [0.1505, 0.2414, 0.197, 0.2071, 0.204] **
max =  0.2414 | max_idx =  1
**pseudo_label ->  [0.1571, 0.2262, 0.2128, 0.2246, 0.1793] **
max =  0.2262 | max_idx =  1
**pseudo_label ->  [0.1514, 0.2572, 0.202, 0.1839, 0.2055] **
max =  0.2572 | max_idx =  1
Epoch 12/37, Train Loss: 1.6573, Valid Loss: 1.6029, Train Acc: 0.2000, Val Acc: 0.0612, Test Acc: 0.0526, Test F1(macro): 0.0200, Total Pseudo-Labels: 0, Correct Pseudo-Labels: 0, Train Data Number: 50



line 303 => train data수 50
line 258 => 인스턴스 수 10
Step 120  Tim 0:07:05
acc_train_cw(현재 train의 class별 acc) [0.0, 0.0, 1.0, 0.0, 0.0]
cw_psl_total_eval(pseudo label 클래스별 총 샘플 수):  [5, 0, 0, 0, 0]
cw_psl_correct_eval(pseudo label 클래스별 맞은 샘플 수):  [1, 0, 0, 0, 0]
psl_acc(PSL 평가에서의 정확도):  0.2 
cw_psl_acc(클래스별 PSL 평가에서의 정확도):  [0.20000000298023224, nan, nan, nan, nan]
**pseudo_label ->  [0.1898, 0.2246, 0.2235, 0.2183, 0.1439] **
max =  0.2246 | max_idx =  1
**pseudo_label ->  [0.1964, 0.2289, 0.236, 0.1607, 0.178] **
max =  0.236 | max_idx =  2
**pseudo_label ->  [0.1886, 0.2195, 0.2531, 0.1871, 0.1517] **
max =  0.2531 | max_idx =  2
**pseudo_label ->  [0.188, 0.2264, 0.2433, 0.1843, 0.158] **
max =  0.2433 | max_idx =  2
**pseudo_label ->  [0.2109, 0.235, 0.2342, 0.1637, 0.1562] **
max =  0.235 | max_idx =  1
Epoch 13/37, Train Loss: 1.7012, Valid Loss: 1.6234, Train Acc: 0.2000, Val Acc: 0.4490, Test Acc: 0.3579, Test F1(macro): 0.1054, Total Pseudo-Labels: 0, Correct Pseudo-Labels: 0, Train Data Number: 50



line 303 => train data수 50
line 258 => 인스턴스 수 10
Step 130  Tim 0:07:39
acc_train_cw(현재 train의 class별 acc) [1.0, 0.0, 0.0, 0.0, 0.0]
cw_psl_total_eval(pseudo label 클래스별 총 샘플 수):  [8, 0, 0, 0, 0]
cw_psl_correct_eval(pseudo label 클래스별 맞은 샘플 수):  [0, 0, 0, 0, 0]
psl_acc(PSL 평가에서의 정확도):  0.0 
cw_psl_acc(클래스별 PSL 평가에서의 정확도):  [0.0, nan, nan, nan, nan]
**pseudo_label ->  [0.2346, 0.1412, 0.2311, 0.2156, 0.1775] **
max =  0.2346 | max_idx =  0
**pseudo_label ->  [0.2749, 0.144, 0.1639, 0.1937, 0.2235] **
max =  0.2749 | max_idx =  0
**pseudo_label ->  [0.2086, 0.1803, 0.2204, 0.2264, 0.1642] **
max =  0.2264 | max_idx =  3
**pseudo_label ->  [0.2625, 0.1553, 0.2212, 0.1781, 0.1829] **
max =  0.2625 | max_idx =  0
**pseudo_label ->  [0.228, 0.1806, 0.1924, 0.2054, 0.1935] **
max =  0.228 | max_idx =  0
Epoch 14/37, Train Loss: 1.7268, Valid Loss: 1.5983, Train Acc: 0.2000, Val Acc: 0.1020, Test Acc: 0.1263, Test F1(macro): 0.0449, Total Pseudo-Labels: 0, Correct Pseudo-Labels: 0, Train Data Number: 50



line 303 => train data수 50
line 258 => 인스턴스 수 10
Step 140  Tim 0:08:13
acc_train_cw(현재 train의 class별 acc) [0.0, 1.0, 0.0, 0.0, 0.0]
cw_psl_total_eval(pseudo label 클래스별 총 샘플 수):  [0, 0, 0, 0, 0]
cw_psl_correct_eval(pseudo label 클래스별 맞은 샘플 수):  [0, 0, 0, 0, 0]
psl_acc(PSL 평가에서의 정확도): None 
cw_psl_acc(클래스별 PSL 평가에서의 정확도):  [nan, nan, nan, nan, nan]
**pseudo_label ->  [0.1594, 0.2066, 0.246, 0.1835, 0.2046] **
max =  0.246 | max_idx =  2
**pseudo_label ->  [0.1835, 0.22, 0.2488, 0.1836, 0.1641] **
max =  0.2488 | max_idx =  2
**pseudo_label ->  [0.1972, 0.2272, 0.2034, 0.1901, 0.1822] **
max =  0.2272 | max_idx =  1
**pseudo_label ->  [0.1749, 0.2279, 0.2286, 0.1846, 0.1841] **
max =  0.2286 | max_idx =  2
**pseudo_label ->  [0.134, 0.2483, 0.2438, 0.1909, 0.1831] **
max =  0.2483 | max_idx =  1
Epoch 15/37, Train Loss: 1.6230, Valid Loss: 1.6387, Train Acc: 0.2000, Val Acc: 0.0612, Test Acc: 0.0526, Test F1(macro): 0.0200, Total Pseudo-Labels: 0, Correct Pseudo-Labels: 0, Train Data Number: 50



line 303 => train data수 50
line 258 => 인스턴스 수 10
Step 150  Tim 0:08:47
acc_train_cw(현재 train의 class별 acc) [0.0, 0.0, 0.0, 0.0, 1.0]
cw_psl_total_eval(pseudo label 클래스별 총 샘플 수):  [0, 0, 0, 0, 0]
cw_psl_correct_eval(pseudo label 클래스별 맞은 샘플 수):  [0, 0, 0, 0, 0]
psl_acc(PSL 평가에서의 정확도): None 
cw_psl_acc(클래스별 PSL 평가에서의 정확도):  [nan, nan, nan, nan, nan]
**pseudo_label ->  [0.1915, 0.0473, 0.0573, 0.0761, 0.6278] **
max =  0.6278 | max_idx =  4
**pseudo_label ->  [0.2175, 0.1338, 0.1705, 0.2308, 0.2474] **
max =  0.2474 | max_idx =  4
**pseudo_label ->  [0.2097, 0.1535, 0.1648, 0.2175, 0.2545] **
max =  0.2545 | max_idx =  4
**pseudo_label ->  [0.1914, 0.1346, 0.1692, 0.2336, 0.2712] **
max =  0.2712 | max_idx =  4
**pseudo_label ->  [0.1902, 0.1424, 0.1655, 0.2553, 0.2465] **
max =  0.2553 | max_idx =  3
Epoch 16/37, Train Loss: 1.6662, Valid Loss: 1.6853, Train Acc: 0.2000, Val Acc: 0.2449, Test Acc: 0.2316, Test F1(macro): 0.0752, Total Pseudo-Labels: 0, Correct Pseudo-Labels: 0, Train Data Number: 50



line 303 => train data수 50
line 258 => 인스턴스 수 10
Step 160  Tim 0:09:20
acc_train_cw(현재 train의 class별 acc) [0.0, 0.0, 0.0, 1.0, 0.0]
cw_psl_total_eval(pseudo label 클래스별 총 샘플 수):  [0, 0, 0, 0, 0]
cw_psl_correct_eval(pseudo label 클래스별 맞은 샘플 수):  [0, 0, 0, 0, 0]
psl_acc(PSL 평가에서의 정확도): None 
cw_psl_acc(클래스별 PSL 평가에서의 정확도):  [nan, nan, nan, nan, nan]
**pseudo_label ->  [0.1969, 0.1957, 0.1833, 0.2233, 0.2009] **
max =  0.2233 | max_idx =  3
**pseudo_label ->  [0.2278, 0.1843, 0.1685, 0.2313, 0.1882] **
max =  0.2313 | max_idx =  3
**pseudo_label ->  [0.2188, 0.1911, 0.1616, 0.2406, 0.188] **
max =  0.2406 | max_idx =  3
**pseudo_label ->  [0.2006, 0.1931, 0.1605, 0.2541, 0.1917] **
max =  0.2541 | max_idx =  3
**pseudo_label ->  [0.222, 0.1747, 0.1604, 0.2509, 0.192] **
max =  0.2509 | max_idx =  3
Epoch 17/37, Train Loss: 1.6618, Valid Loss: 1.5894, Train Acc: 0.2000, Val Acc: 0.1429, Test Acc: 0.2316, Test F1(macro): 0.0752, Total Pseudo-Labels: 0, Correct Pseudo-Labels: 0, Train Data Number: 50



line 303 => train data수 50
line 258 => 인스턴스 수 10
Step 170  Tim 0:09:55
acc_train_cw(현재 train의 class별 acc) [0.0, 0.0, 1.0, 0.0, 0.0]
cw_psl_total_eval(pseudo label 클래스별 총 샘플 수):  [0, 0, 0, 0, 0]
cw_psl_correct_eval(pseudo label 클래스별 맞은 샘플 수):  [0, 0, 0, 0, 0]
psl_acc(PSL 평가에서의 정확도): None 
cw_psl_acc(클래스별 PSL 평가에서의 정확도):  [nan, nan, nan, nan, nan]
**pseudo_label ->  [0.2401, 0.2223, 0.2231, 0.1449, 0.1695] **
max =  0.2401 | max_idx =  0
**pseudo_label ->  [0.2334, 0.2135, 0.2414, 0.1441, 0.1677] **
max =  0.2414 | max_idx =  2
**pseudo_label ->  [0.2193, 0.2289, 0.2187, 0.1518, 0.1812] **
max =  0.2289 | max_idx =  1
**pseudo_label ->  [0.2044, 0.2261, 0.243, 0.1271, 0.1993] **
max =  0.243 | max_idx =  2
**pseudo_label ->  [0.2144, 0.2324, 0.2259, 0.1618, 0.1655] **
max =  0.2324 | max_idx =  1
Epoch 18/37, Train Loss: 1.6753, Valid Loss: 1.5827, Train Acc: 0.2000, Val Acc: 0.4490, Test Acc: 0.3579, Test F1(macro): 0.1054, Total Pseudo-Labels: 0, Correct Pseudo-Labels: 0, Train Data Number: 50



line 303 => train data수 50
line 258 => 인스턴스 수 10
Step 180  Tim 0:10:27
acc_train_cw(현재 train의 class별 acc) [0.0, 0.0, 0.0, 0.0, 1.0]
cw_psl_total_eval(pseudo label 클래스별 총 샘플 수):  [0, 0, 0, 0, 0]
cw_psl_correct_eval(pseudo label 클래스별 맞은 샘플 수):  [0, 0, 0, 0, 0]
psl_acc(PSL 평가에서의 정확도): None 
cw_psl_acc(클래스별 PSL 평가에서의 정확도):  [nan, nan, nan, nan, nan]
**pseudo_label ->  [0.2115, 0.1742, 0.2164, 0.193, 0.2049] **
max =  0.2164 | max_idx =  2
**pseudo_label ->  [0.1967, 0.1959, 0.2012, 0.1965, 0.2096] **
max =  0.2096 | max_idx =  4
**pseudo_label ->  [0.2106, 0.1965, 0.2123, 0.1761, 0.2045] **
max =  0.2123 | max_idx =  2
**pseudo_label ->  [0.1855, 0.174, 0.2239, 0.1959, 0.2207] **
max =  0.2239 | max_idx =  2
**pseudo_label ->  [0.1731, 0.1881, 0.2107, 0.2199, 0.2082] **
max =  0.2199 | max_idx =  3
Epoch 19/37, Train Loss: 1.6449, Valid Loss: 1.6257, Train Acc: 0.2000, Val Acc: 0.2449, Test Acc: 0.2316, Test F1(macro): 0.0752, Total Pseudo-Labels: 0, Correct Pseudo-Labels: 0, Train Data Number: 50



line 303 => train data수 50
line 258 => 인스턴스 수 10
Step 190  Tim 0:11:02
acc_train_cw(현재 train의 class별 acc) [0.0, 0.0, 0.0, 0.0, 1.0]
cw_psl_total_eval(pseudo label 클래스별 총 샘플 수):  [0, 0, 0, 0, 0]
cw_psl_correct_eval(pseudo label 클래스별 맞은 샘플 수):  [0, 0, 0, 0, 0]
psl_acc(PSL 평가에서의 정확도): None 
cw_psl_acc(클래스별 PSL 평가에서의 정확도):  [nan, nan, nan, nan, nan]
**pseudo_label ->  [0.1876, 0.1991, 0.1548, 0.2323, 0.2262] **
max =  0.2323 | max_idx =  3
**pseudo_label ->  [0.2039, 0.186, 0.1755, 0.2114, 0.2231] **
max =  0.2231 | max_idx =  4
**pseudo_label ->  [0.1928, 0.1948, 0.1518, 0.206, 0.2546] **
max =  0.2546 | max_idx =  4
**pseudo_label ->  [0.193, 0.2121, 0.1659, 0.1936, 0.2355] **
max =  0.2355 | max_idx =  4
**pseudo_label ->  [0.1884, 0.1822, 0.1984, 0.2078, 0.2232] **
max =  0.2232 | max_idx =  4
Epoch 20/37, Train Loss: 1.6442, Valid Loss: 1.6652, Train Acc: 0.2000, Val Acc: 0.2449, Test Acc: 0.2316, Test F1(macro): 0.0752, Total Pseudo-Labels: 0, Correct Pseudo-Labels: 0, Train Data Number: 50



line 303 => train data수 50
line 258 => 인스턴스 수 10
Step 200  Tim 0:11:32
acc_train_cw(현재 train의 class별 acc) [0.0, 1.0, 0.0, 0.0, 0.0]
cw_psl_total_eval(pseudo label 클래스별 총 샘플 수):  [0, 0, 0, 0, 0]
cw_psl_correct_eval(pseudo label 클래스별 맞은 샘플 수):  [0, 0, 0, 0, 0]
psl_acc(PSL 평가에서의 정확도): None 
cw_psl_acc(클래스별 PSL 평가에서의 정확도):  [nan, nan, nan, nan, nan]
**pseudo_label ->  [0.2109, 0.2313, 0.1772, 0.1961, 0.1845] **
max =  0.2313 | max_idx =  1
**pseudo_label ->  [0.1887, 0.2397, 0.1966, 0.1858, 0.1892] **
max =  0.2397 | max_idx =  1
**pseudo_label ->  [0.1893, 0.2314, 0.1922, 0.1845, 0.2026] **
max =  0.2314 | max_idx =  1
**pseudo_label ->  [0.2073, 0.2148, 0.1996, 0.2033, 0.175] **
max =  0.2148 | max_idx =  1
**pseudo_label ->  [0.2217, 0.242, 0.1704, 0.2044, 0.1616] **
max =  0.242 | max_idx =  1
Epoch 21/37, Train Loss: 1.6831, Valid Loss: 1.6100, Train Acc: 0.2000, Val Acc: 0.0612, Test Acc: 0.0526, Test F1(macro): 0.0200, Total Pseudo-Labels: 0, Correct Pseudo-Labels: 0, Train Data Number: 50



line 303 => train data수 50
line 258 => 인스턴스 수 10
Step 210  Tim 0:12:00
acc_train_cw(현재 train의 class별 acc) [0.0, 0.0, 0.0, 0.0, 1.0]
cw_psl_total_eval(pseudo label 클래스별 총 샘플 수):  [0, 0, 0, 0, 0]
cw_psl_correct_eval(pseudo label 클래스별 맞은 샘플 수):  [0, 0, 0, 0, 0]
psl_acc(PSL 평가에서의 정확도): None 
cw_psl_acc(클래스별 PSL 평가에서의 정확도):  [nan, nan, nan, nan, nan]
**pseudo_label ->  [0.1888, 0.2023, 0.1962, 0.1714, 0.2413] **
max =  0.2413 | max_idx =  4
**pseudo_label ->  [0.2123, 0.1713, 0.2132, 0.1609, 0.2423] **
max =  0.2423 | max_idx =  4
**pseudo_label ->  [0.2071, 0.1659, 0.1694, 0.1812, 0.2764] **
max =  0.2764 | max_idx =  4
**pseudo_label ->  [0.2204, 0.1859, 0.1837, 0.1798, 0.2302] **
max =  0.2302 | max_idx =  4
**pseudo_label ->  [0.2133, 0.1695, 0.2136, 0.1707, 0.2328] **
max =  0.2328 | max_idx =  4
Epoch 22/37, Train Loss: 1.6740, Valid Loss: 1.5823, Train Acc: 0.2000, Val Acc: 0.2449, Test Acc: 0.2316, Test F1(macro): 0.0752, Total Pseudo-Labels: 0, Correct Pseudo-Labels: 0, Train Data Number: 50



line 303 => train data수 50
line 258 => 인스턴스 수 10
Step 220  Tim 0:12:31
acc_train_cw(현재 train의 class별 acc) [0.0, 0.0, 0.0, 0.0, 1.0]
cw_psl_total_eval(pseudo label 클래스별 총 샘플 수):  [0, 0, 0, 0, 0]
cw_psl_correct_eval(pseudo label 클래스별 맞은 샘플 수):  [0, 0, 0, 0, 0]
psl_acc(PSL 평가에서의 정확도): None 
cw_psl_acc(클래스별 PSL 평가에서의 정확도):  [nan, nan, nan, nan, nan]
**pseudo_label ->  [0.1355, 0.211, 0.212, 0.2067, 0.2348] **
max =  0.2348 | max_idx =  4
**pseudo_label ->  [0.1402, 0.2154, 0.2079, 0.216, 0.2206] **
max =  0.2206 | max_idx =  4
**pseudo_label ->  [0.1426, 0.2169, 0.2154, 0.2073, 0.2178] **
max =  0.2178 | max_idx =  4
**pseudo_label ->  [0.1419, 0.2237, 0.1956, 0.186, 0.2528] **
max =  0.2528 | max_idx =  4
**pseudo_label ->  [0.1328, 0.2139, 0.2248, 0.2049, 0.2236] **
max =  0.2248 | max_idx =  2
Epoch 23/37, Train Loss: 1.6471, Valid Loss: 1.6338, Train Acc: 0.2000, Val Acc: 0.2449, Test Acc: 0.2316, Test F1(macro): 0.0752, Total Pseudo-Labels: 0, Correct Pseudo-Labels: 0, Train Data Number: 50



line 303 => train data수 50
line 258 => 인스턴스 수 10
Step 230  Tim 0:13:05
acc_train_cw(현재 train의 class별 acc) [0.0, 1.0, 0.0, 0.0, 0.0]
cw_psl_total_eval(pseudo label 클래스별 총 샘플 수):  [0, 0, 0, 0, 0]
cw_psl_correct_eval(pseudo label 클래스별 맞은 샘플 수):  [0, 0, 0, 0, 0]
psl_acc(PSL 평가에서의 정확도): None 
cw_psl_acc(클래스별 PSL 평가에서의 정확도):  [nan, nan, nan, nan, nan]
**pseudo_label ->  [0.1789, 0.2135, 0.2111, 0.2148, 0.1817] **
max =  0.2148 | max_idx =  3
**pseudo_label ->  [0.1893, 0.2166, 0.1861, 0.2098, 0.1983] **
max =  0.2166 | max_idx =  1
**pseudo_label ->  [0.1996, 0.2288, 0.2015, 0.2149, 0.1552] **
max =  0.2288 | max_idx =  1
**pseudo_label ->  [0.1626, 0.2317, 0.2217, 0.2011, 0.183] **
max =  0.2317 | max_idx =  1
**pseudo_label ->  [0.1999, 0.2454, 0.178, 0.1984, 0.1782] **
max =  0.2454 | max_idx =  1
Epoch 24/37, Train Loss: 1.6549, Valid Loss: 1.6133, Train Acc: 0.2000, Val Acc: 0.0612, Test Acc: 0.0526, Test F1(macro): 0.0200, Total Pseudo-Labels: 0, Correct Pseudo-Labels: 0, Train Data Number: 50



line 303 => train data수 50
line 258 => 인스턴스 수 10
Step 240  Tim 0:13:39
acc_train_cw(현재 train의 class별 acc) [1.0, 0.0, 0.0, 0.0, 0.0]
cw_psl_total_eval(pseudo label 클래스별 총 샘플 수):  [0, 0, 0, 0, 0]
cw_psl_correct_eval(pseudo label 클래스별 맞은 샘플 수):  [0, 0, 0, 0, 0]
psl_acc(PSL 평가에서의 정확도): None 
cw_psl_acc(클래스별 PSL 평가에서의 정확도):  [nan, nan, nan, nan, nan]
**pseudo_label ->  [0.2499, 0.1627, 0.2185, 0.215, 0.154] **
max =  0.2499 | max_idx =  0
**pseudo_label ->  [0.2518, 0.1686, 0.2328, 0.2009, 0.1458] **
max =  0.2518 | max_idx =  0
**pseudo_label ->  [0.2726, 0.1564, 0.2239, 0.1954, 0.1518] **
max =  0.2726 | max_idx =  0
**pseudo_label ->  [0.2679, 0.1548, 0.2234, 0.1981, 0.1558] **
max =  0.2679 | max_idx =  0
**pseudo_label ->  [0.2433, 0.1809, 0.2235, 0.1985, 0.1538] **
max =  0.2433 | max_idx =  0
Epoch 25/37, Train Loss: 1.6559, Valid Loss: 1.6468, Train Acc: 0.2000, Val Acc: 0.1020, Test Acc: 0.1263, Test F1(macro): 0.0449, Total Pseudo-Labels: 0, Correct Pseudo-Labels: 0, Train Data Number: 50



line 303 => train data수 50
line 258 => 인스턴스 수 10
Step 250  Tim 0:14:13
acc_train_cw(현재 train의 class별 acc) [1.0, 0.0, 0.0, 0.0, 0.0]
cw_psl_total_eval(pseudo label 클래스별 총 샘플 수):  [0, 0, 0, 0, 0]
cw_psl_correct_eval(pseudo label 클래스별 맞은 샘플 수):  [0, 0, 0, 0, 0]
psl_acc(PSL 평가에서의 정확도): None 
cw_psl_acc(클래스별 PSL 평가에서의 정확도):  [nan, nan, nan, nan, nan]
**pseudo_label ->  [0.2244, 0.1678, 0.1826, 0.2042, 0.2209] **
max =  0.2244 | max_idx =  0
**pseudo_label ->  [0.2242, 0.1425, 0.1813, 0.2177, 0.2343] **
max =  0.2343 | max_idx =  4
**pseudo_label ->  [0.2484, 0.1408, 0.1747, 0.2002, 0.2359] **
max =  0.2484 | max_idx =  0
**pseudo_label ->  [0.2297, 0.149, 0.1633, 0.2058, 0.2523] **
max =  0.2523 | max_idx =  4
**pseudo_label ->  [0.3549, 0.0752, 0.0966, 0.1631, 0.3102] **
max =  0.3549 | max_idx =  0
Epoch 26/37, Train Loss: 1.6441, Valid Loss: 1.6550, Train Acc: 0.2000, Val Acc: 0.1020, Test Acc: 0.1263, Test F1(macro): 0.0449, Total Pseudo-Labels: 0, Correct Pseudo-Labels: 0, Train Data Number: 50



line 303 => train data수 50
line 258 => 인스턴스 수 10
Step 260  Tim 0:14:46
acc_train_cw(현재 train의 class별 acc) [0.0, 1.0, 0.0, 0.0, 0.0]
cw_psl_total_eval(pseudo label 클래스별 총 샘플 수):  [0, 0, 0, 0, 0]
cw_psl_correct_eval(pseudo label 클래스별 맞은 샘플 수):  [0, 0, 0, 0, 0]
psl_acc(PSL 평가에서의 정확도): None 
cw_psl_acc(클래스별 PSL 평가에서의 정확도):  [nan, nan, nan, nan, nan]
**pseudo_label ->  [0.1673, 0.2378, 0.1652, 0.2465, 0.1832] **
max =  0.2465 | max_idx =  3
**pseudo_label ->  [0.1625, 0.2502, 0.1771, 0.2167, 0.1935] **
max =  0.2502 | max_idx =  1
**pseudo_label ->  [0.125, 0.2106, 0.2329, 0.3101, 0.1215] **
max =  0.3101 | max_idx =  3
**pseudo_label ->  [0.1638, 0.2453, 0.1869, 0.2209, 0.1831] **
max =  0.2453 | max_idx =  1
**pseudo_label ->  [0.1686, 0.2281, 0.1979, 0.2029, 0.2025] **
max =  0.2281 | max_idx =  1
Epoch 27/37, Train Loss: 1.6416, Valid Loss: 1.6177, Train Acc: 0.2000, Val Acc: 0.0612, Test Acc: 0.0526, Test F1(macro): 0.0200, Total Pseudo-Labels: 0, Correct Pseudo-Labels: 0, Train Data Number: 50



line 303 => train data수 50
line 258 => 인스턴스 수 10
Step 270  Tim 0:15:20
acc_train_cw(현재 train의 class별 acc) [0.0, 1.0, 0.0, 0.0, 0.0]
cw_psl_total_eval(pseudo label 클래스별 총 샘플 수):  [0, 0, 0, 0, 0]
cw_psl_correct_eval(pseudo label 클래스별 맞은 샘플 수):  [0, 0, 0, 0, 0]
psl_acc(PSL 평가에서의 정확도): None 
cw_psl_acc(클래스별 PSL 평가에서의 정확도):  [nan, nan, nan, nan, nan]
**pseudo_label ->  [0.1788, 0.2094, 0.2138, 0.1755, 0.2225] **
max =  0.2225 | max_idx =  4
**pseudo_label ->  [0.1836, 0.2287, 0.2006, 0.2054, 0.1817] **
max =  0.2287 | max_idx =  1
**pseudo_label ->  [0.177, 0.2388, 0.1928, 0.2098, 0.1816] **
max =  0.2388 | max_idx =  1
**pseudo_label ->  [0.1787, 0.2234, 0.2107, 0.1941, 0.1931] **
max =  0.2234 | max_idx =  1
**pseudo_label ->  [0.1794, 0.2497, 0.1665, 0.1761, 0.2283] **
max =  0.2497 | max_idx =  1
Epoch 28/37, Train Loss: 1.6168, Valid Loss: 1.6239, Train Acc: 0.2000, Val Acc: 0.0612, Test Acc: 0.0526, Test F1(macro): 0.0200, Total Pseudo-Labels: 0, Correct Pseudo-Labels: 0, Train Data Number: 50



line 303 => train data수 50
line 258 => 인스턴스 수 10
Step 280  Tim 0:15:54
acc_train_cw(현재 train의 class별 acc) [0.0, 1.0, 0.0, 0.0, 0.0]
cw_psl_total_eval(pseudo label 클래스별 총 샘플 수):  [0, 0, 0, 0, 0]
cw_psl_correct_eval(pseudo label 클래스별 맞은 샘플 수):  [0, 0, 0, 0, 0]
psl_acc(PSL 평가에서의 정확도): None 
cw_psl_acc(클래스별 PSL 평가에서의 정확도):  [nan, nan, nan, nan, nan]
**pseudo_label ->  [0.1782, 0.2211, 0.2144, 0.1892, 0.1972] **
max =  0.2211 | max_idx =  1
**pseudo_label ->  [0.2024, 0.191, 0.2145, 0.2102, 0.1819] **
max =  0.2145 | max_idx =  2
**pseudo_label ->  [0.185, 0.2484, 0.2121, 0.1784, 0.1762] **
max =  0.2484 | max_idx =  1
**pseudo_label ->  [0.1831, 0.2165, 0.2123, 0.1873, 0.2008] **
max =  0.2165 | max_idx =  1
**pseudo_label ->  [0.196, 0.2231, 0.2137, 0.195, 0.1722] **
max =  0.2231 | max_idx =  1
Epoch 29/37, Train Loss: 1.6513, Valid Loss: 1.5891, Train Acc: 0.2000, Val Acc: 0.0612, Test Acc: 0.0526, Test F1(macro): 0.0200, Total Pseudo-Labels: 0, Correct Pseudo-Labels: 0, Train Data Number: 50



line 303 => train data수 50
line 258 => 인스턴스 수 10
Step 290  Tim 0:16:28
acc_train_cw(현재 train의 class별 acc) [0.0, 0.0, 1.0, 0.0, 0.0]
cw_psl_total_eval(pseudo label 클래스별 총 샘플 수):  [0, 0, 0, 0, 0]
cw_psl_correct_eval(pseudo label 클래스별 맞은 샘플 수):  [0, 0, 0, 0, 0]
psl_acc(PSL 평가에서의 정확도): None 
cw_psl_acc(클래스별 PSL 평가에서의 정확도):  [nan, nan, nan, nan, nan]
**pseudo_label ->  [0.19, 0.1672, 0.2207, 0.2342, 0.1879] **
max =  0.2342 | max_idx =  3
**pseudo_label ->  [0.2305, 0.2065, 0.2267, 0.1902, 0.1461] **
max =  0.2305 | max_idx =  0
**pseudo_label ->  [0.2046, 0.1851, 0.2344, 0.2098, 0.1661] **
max =  0.2344 | max_idx =  2
**pseudo_label ->  [0.1929, 0.1855, 0.2264, 0.2126, 0.1827] **
max =  0.2264 | max_idx =  2
**pseudo_label ->  [0.2014, 0.1833, 0.2226, 0.1917, 0.201] **
max =  0.2226 | max_idx =  2
Epoch 30/37, Train Loss: 1.6688, Valid Loss: 1.6913, Train Acc: 0.2000, Val Acc: 0.4490, Test Acc: 0.3579, Test F1(macro): 0.1054, Total Pseudo-Labels: 0, Correct Pseudo-Labels: 0, Train Data Number: 50



line 303 => train data수 50
line 258 => 인스턴스 수 10
Step 300  Tim 0:17:03
acc_train_cw(현재 train의 class별 acc) [0.0, 0.0, 0.0, 0.0, 1.0]
cw_psl_total_eval(pseudo label 클래스별 총 샘플 수):  [0, 0, 0, 0, 0]
cw_psl_correct_eval(pseudo label 클래스별 맞은 샘플 수):  [0, 0, 0, 0, 0]
psl_acc(PSL 평가에서의 정확도): None 
cw_psl_acc(클래스별 PSL 평가에서의 정확도):  [nan, nan, nan, nan, nan]
**pseudo_label ->  [0.2149, 0.1925, 0.149, 0.2174, 0.2262] **
max =  0.2262 | max_idx =  4
**pseudo_label ->  [0.2072, 0.1858, 0.1553, 0.206, 0.2457] **
max =  0.2457 | max_idx =  4
**pseudo_label ->  [0.1773, 0.214, 0.1624, 0.2071, 0.2392] **
max =  0.2392 | max_idx =  4
**pseudo_label ->  [0.2001, 0.1917, 0.1573, 0.2225, 0.2284] **
max =  0.2284 | max_idx =  4
**pseudo_label ->  [0.1947, 0.1716, 0.1596, 0.2179, 0.2563] **
max =  0.2563 | max_idx =  4
Epoch 31/37, Train Loss: 1.6250, Valid Loss: 1.6499, Train Acc: 0.2000, Val Acc: 0.2449, Test Acc: 0.2316, Test F1(macro): 0.0752, Total Pseudo-Labels: 0, Correct Pseudo-Labels: 0, Train Data Number: 50



line 303 => train data수 50
line 258 => 인스턴스 수 10
Step 310  Tim 0:17:37
acc_train_cw(현재 train의 class별 acc) [1.0, 0.0, 0.0, 0.0, 0.0]
cw_psl_total_eval(pseudo label 클래스별 총 샘플 수):  [0, 0, 0, 0, 0]
cw_psl_correct_eval(pseudo label 클래스별 맞은 샘플 수):  [0, 0, 0, 0, 0]
psl_acc(PSL 평가에서의 정확도): None 
cw_psl_acc(클래스별 PSL 평가에서의 정확도):  [nan, nan, nan, nan, nan]
**pseudo_label ->  [0.2323, 0.2066, 0.1988, 0.1968, 0.1656] **
max =  0.2323 | max_idx =  0
**pseudo_label ->  [0.24, 0.2207, 0.199, 0.1982, 0.1421] **
max =  0.24 | max_idx =  0
**pseudo_label ->  [0.2157, 0.2308, 0.2069, 0.1823, 0.1643] **
max =  0.2308 | max_idx =  1
**pseudo_label ->  [0.2216, 0.1929, 0.2286, 0.1949, 0.162] **
max =  0.2286 | max_idx =  2
**pseudo_label ->  [0.2586, 0.2021, 0.1789, 0.2014, 0.159] **
max =  0.2586 | max_idx =  0
Epoch 32/37, Train Loss: 1.5984, Valid Loss: 1.6156, Train Acc: 0.2000, Val Acc: 0.1020, Test Acc: 0.1263, Test F1(macro): 0.0449, Total Pseudo-Labels: 0, Correct Pseudo-Labels: 0, Train Data Number: 50



line 303 => train data수 50
line 258 => 인스턴스 수 10
Step 320  Tim 0:18:10
acc_train_cw(현재 train의 class별 acc) [0.0, 1.0, 0.0, 0.0, 0.0]
cw_psl_total_eval(pseudo label 클래스별 총 샘플 수):  [0, 0, 0, 0, 0]
cw_psl_correct_eval(pseudo label 클래스별 맞은 샘플 수):  [0, 0, 0, 0, 0]
psl_acc(PSL 평가에서의 정확도): None 
cw_psl_acc(클래스별 PSL 평가에서의 정확도):  [nan, nan, nan, nan, nan]
**pseudo_label ->  [0.2003, 0.2005, 0.2024, 0.1876, 0.2091] **
max =  0.2091 | max_idx =  4
**pseudo_label ->  [0.1952, 0.1883, 0.1974, 0.213, 0.206] **
max =  0.213 | max_idx =  3
**pseudo_label ->  [0.1827, 0.2083, 0.193, 0.2045, 0.2116] **
max =  0.2116 | max_idx =  4
**pseudo_label ->  [0.1994, 0.1974, 0.1973, 0.204, 0.2019] **
max =  0.204 | max_idx =  3
**pseudo_label ->  [0.1983, 0.1902, 0.218, 0.2227, 0.1707] **
max =  0.2227 | max_idx =  3
Epoch 33/37, Train Loss: 1.6248, Valid Loss: 1.5523, Train Acc: 0.2000, Val Acc: 0.0612, Test Acc: 0.0526, Test F1(macro): 0.0200, Total Pseudo-Labels: 0, Correct Pseudo-Labels: 0, Train Data Number: 50



line 303 => train data수 50
line 258 => 인스턴스 수 10
Step 330  Tim 0:18:45
acc_train_cw(현재 train의 class별 acc) [0.0, 0.0, 1.0, 0.0, 0.0]
cw_psl_total_eval(pseudo label 클래스별 총 샘플 수):  [0, 0, 0, 0, 0]
cw_psl_correct_eval(pseudo label 클래스별 맞은 샘플 수):  [0, 0, 0, 0, 0]
psl_acc(PSL 평가에서의 정확도): None 
cw_psl_acc(클래스별 PSL 평가에서의 정확도):  [nan, nan, nan, nan, nan]
**pseudo_label ->  [0.1679, 0.1822, 0.2184, 0.2029, 0.2286] **
max =  0.2286 | max_idx =  4
**pseudo_label ->  [0.1684, 0.1758, 0.2303, 0.1851, 0.2404] **
max =  0.2404 | max_idx =  4
**pseudo_label ->  [0.1651, 0.1846, 0.2332, 0.1905, 0.2266] **
max =  0.2332 | max_idx =  2
**pseudo_label ->  [0.2057, 0.1722, 0.2125, 0.2027, 0.2069] **
max =  0.2125 | max_idx =  2
**pseudo_label ->  [0.1766, 0.1848, 0.2247, 0.193, 0.2209] **
max =  0.2247 | max_idx =  2
Epoch 34/37, Train Loss: 1.6503, Valid Loss: 1.6389, Train Acc: 0.2000, Val Acc: 0.4490, Test Acc: 0.3579, Test F1(macro): 0.1054, Total Pseudo-Labels: 0, Correct Pseudo-Labels: 0, Train Data Number: 50



line 303 => train data수 50
line 258 => 인스턴스 수 10
Step 340  Tim 0:19:19
acc_train_cw(현재 train의 class별 acc) [1.0, 0.0, 0.0, 0.0, 0.0]
cw_psl_total_eval(pseudo label 클래스별 총 샘플 수):  [0, 0, 0, 0, 0]
cw_psl_correct_eval(pseudo label 클래스별 맞은 샘플 수):  [0, 0, 0, 0, 0]
psl_acc(PSL 평가에서의 정확도): None 
cw_psl_acc(클래스별 PSL 평가에서의 정확도):  [nan, nan, nan, nan, nan]
**pseudo_label ->  [0.226, 0.1916, 0.1832, 0.2198, 0.1794] **
max =  0.226 | max_idx =  0
**pseudo_label ->  [0.244, 0.1801, 0.1779, 0.1972, 0.2008] **
max =  0.244 | max_idx =  0
**pseudo_label ->  [0.2563, 0.1889, 0.1628, 0.1958, 0.1962] **
max =  0.2563 | max_idx =  0
**pseudo_label ->  [0.2632, 0.2265, 0.1481, 0.1952, 0.167] **
max =  0.2632 | max_idx =  0
**pseudo_label ->  [0.2407, 0.1746, 0.1894, 0.194, 0.2013] **
max =  0.2407 | max_idx =  0
Epoch 35/37, Train Loss: 1.6411, Valid Loss: 1.5698, Train Acc: 0.2000, Val Acc: 0.1020, Test Acc: 0.1263, Test F1(macro): 0.0449, Total Pseudo-Labels: 0, Correct Pseudo-Labels: 0, Train Data Number: 50



line 303 => train data수 50
line 258 => 인스턴스 수 10
Step 350  Tim 0:19:54
acc_train_cw(현재 train의 class별 acc) [0.0, 0.0, 1.0, 0.0, 0.0]
cw_psl_total_eval(pseudo label 클래스별 총 샘플 수):  [0, 0, 0, 0, 0]
cw_psl_correct_eval(pseudo label 클래스별 맞은 샘플 수):  [0, 0, 0, 0, 0]
psl_acc(PSL 평가에서의 정확도): None 
cw_psl_acc(클래스별 PSL 평가에서의 정확도):  [nan, nan, nan, nan, nan]
**pseudo_label ->  [0.168, 0.197, 0.2313, 0.2102, 0.1935] **
max =  0.2313 | max_idx =  2
**pseudo_label ->  [0.1644, 0.2199, 0.2346, 0.1855, 0.1956] **
max =  0.2346 | max_idx =  2
**pseudo_label ->  [0.1618, 0.2035, 0.2272, 0.1917, 0.2157] **
max =  0.2272 | max_idx =  2
**pseudo_label ->  [0.1957, 0.1865, 0.219, 0.1949, 0.2039] **
max =  0.219 | max_idx =  2
**pseudo_label ->  [0.1652, 0.2344, 0.2385, 0.195, 0.1669] **
max =  0.2385 | max_idx =  2
Epoch 36/37, Train Loss: 1.6613, Valid Loss: 1.5948, Train Acc: 0.2000, Val Acc: 0.4490, Test Acc: 0.3579, Test F1(macro): 0.1054, Total Pseudo-Labels: 0, Correct Pseudo-Labels: 0, Train Data Number: 50



line 303 => train data수 50
line 258 => 인스턴스 수 10
Step 360  Tim 0:20:22
acc_train_cw(현재 train의 class별 acc) [1.0, 0.0, 0.0, 0.0, 0.0]
cw_psl_total_eval(pseudo label 클래스별 총 샘플 수):  [0, 0, 0, 0, 0]
cw_psl_correct_eval(pseudo label 클래스별 맞은 샘플 수):  [0, 0, 0, 0, 0]
psl_acc(PSL 평가에서의 정확도): None 
cw_psl_acc(클래스별 PSL 평가에서의 정확도):  [nan, nan, nan, nan, nan]
**pseudo_label ->  [0.2162, 0.1618, 0.2077, 0.2184, 0.1959] **
max =  0.2184 | max_idx =  3
**pseudo_label ->  [0.2152, 0.1548, 0.1952, 0.244, 0.1908] **
max =  0.244 | max_idx =  3
**pseudo_label ->  [0.209, 0.165, 0.2005, 0.2409, 0.1845] **
max =  0.2409 | max_idx =  3
**pseudo_label ->  [0.2072, 0.1597, 0.2081, 0.2193, 0.2057] **
max =  0.2193 | max_idx =  3
**pseudo_label ->  [0.2086, 0.1426, 0.2087, 0.2494, 0.1908] **
max =  0.2494 | max_idx =  3
Epoch 37/37, Train Loss: 1.6850, Valid Loss: 1.6318, Train Acc: 0.2000, Val Acc: 0.1020, Test Acc: 0.1263, Test F1(macro): 0.0449, Total Pseudo-Labels: 0, Correct Pseudo-Labels: 0, Train Data Number: 50

Training complete!
Total training took 0:20:44 (h:mm:ss)
Load model from ./experiment/corcod_extended_data/output/10_unixcoder-base_0.0002_0.7_corcod_extended_data_37_[45]_net0.pth
Save training statistics in:  ./experiment/corcod_extended_data/log/unixcoder/class5//10_unixcoder-base_0.0002_0.7_corcod_extended_data_37_[45]/training_statistics.csv

best_trian_loss, epoch => 1.5984250068664552 32
Epoch-1_train_loss => 1.9573283314704895
max_epoch_train_loss => 1.6849908232688904 


best_val_loss, epoch =>  1.4720975768809417 6
Epoch-1_val_loss => 1.9758492367608207
max_epoch_val_loss => 1.6317834951439683 

pse_epoch =>  [2, 12, 13]
추가되는 pse_epoch =>  [] 

total_data:  50 

Best_step:  20 
Best_val_epoch:  3 
best_val_acc:  0.4489795918367347 
best_val_test_acc:  0.35789473684210527 
best_val_test_f1:  0.1054263565891473
Save best record in:  ./experiment/corcod_extended_data/log/unixcoder/class5/summary.csv
Save best record in:  ./experiment/corcod_extended_data/log/summary_avgrun.csv
